[2026-02-19 13:49:38,741][INFO] Running VQE for linear potential and cutoff 16
[2026-02-19 13:49:38,746][INFO] Truncation: {'m': 283, 'n': 3276, 'keep_frac_terms': 0.08638583638583638, 'keep_ratio': 0.999, 'truncated': 2.163271863607406, 'total_weight': 2171.2812500000505}
[2026-02-19 13:49:38,750][INFO] min_eigenvalue: 1.0025589899691666e-14
[2026-02-19 13:49:39,651][INFO] []
[2026-02-19 13:49:42,624][INFO] [Run 3] Running for Krylov dimension 1
[2026-02-19 13:51:48,494][INFO] [Run 3]
{
    "raw_unique_basis_states": 431,
    "fermion_basis_rejected": 0,
    "kept_unique_basis_states": 431,
    "fermion_shots_rejected": 0,
    "kept_shots": 10000
}
[2026-02-19 13:51:48,768][INFO] [Run 3]
{
    "D": 1,
    "t": 1.0,
    "num_trotter_steps": 1,
    "step_time": "0:02:06.143951",
    "H_reduce_time": "0:00:00.144194",
    "circuit_time": "0:02:05.867884",
    "shot_processing": {
        "raw_unique_basis_states": 431,
        "fermion_basis_rejected": 0,
        "kept_unique_basis_states": 431,
        "fermion_shots_rejected": 0,
        "kept_shots": 10000
    },
    "new_basis_count": 431,
    "total_basis_count": 431,
    "H_reduced_size": [
        431,
        431
    ],
    "reduction": 99.99871551990509,
    "H_reduced_e": 0.0009227348265317203,
    "used_dense": true,
    "eigenvalue_time": "0:00:00.130609",
    "diff": 0.0009227348265216947,
    "change_from_prev": null
}
[2026-02-19 13:51:48,768][INFO] [Run 3] Running for Krylov dimension 2
[2026-02-19 13:53:57,424][INFO] [Run 3]
{
    "raw_unique_basis_states": 7228,
    "fermion_basis_rejected": 0,
    "kept_unique_basis_states": 7228,
    "fermion_shots_rejected": 0,
    "kept_shots": 10000
}
[2026-02-19 13:54:00,210][INFO] [Run 3]
{
    "D": 2,
    "t": 2.0,
    "num_trotter_steps": 1,
    "step_time": "0:02:11.442033",
    "H_reduce_time": "0:00:02.742514",
    "circuit_time": "0:02:08.639925",
    "shot_processing": {
        "raw_unique_basis_states": 7228,
        "fermion_basis_rejected": 0,
        "kept_unique_basis_states": 7228,
        "fermion_shots_rejected": 0,
        "kept_shots": 10000
    },
    "new_basis_count": 7137,
    "total_basis_count": 7568,
    "H_reduced_size": [
        7568,
        7568
    ],
    "reduction": 99.97744560241699,
    "H_reduced_e": 0.0007422177253102382,
    "used_dense": false,
    "eigenvalue_time": "0:00:00.057111",
    "diff": 0.0007422177253002126,
    "change_from_prev": 0.0001805171012214821
}
[2026-02-19 13:54:00,210][INFO] [Run 3] Running for Krylov dimension 3
[2026-02-19 13:56:08,573][INFO] [Run 3]
{
    "raw_unique_basis_states": 9232,
    "fermion_basis_rejected": 0,
    "kept_unique_basis_states": 9232,
    "fermion_shots_rejected": 0,
    "kept_shots": 10000
}
[2026-02-19 13:56:14,893][INFO] [Run 3]
{
    "D": 3,
    "t": 3.0,
    "num_trotter_steps": 1,
    "step_time": "0:02:14.682411",
    "H_reduce_time": "0:00:06.206795",
    "circuit_time": "0:02:08.339977",
    "shot_processing": {
        "raw_unique_basis_states": 9232,
        "fermion_basis_rejected": 0,
        "kept_unique_basis_states": 9232,
        "fermion_shots_rejected": 0,
        "kept_shots": 10000
    },
    "new_basis_count": 8925,
    "total_basis_count": 16493,
    "H_reduced_size": [
        16493,
        16493
    ],
    "reduction": 99.95084702968597,
    "H_reduced_e": 0.0004676120312802517,
    "used_dense": false,
    "eigenvalue_time": "0:00:00.133395",
    "diff": 0.00046761203127022616,
    "change_from_prev": 0.00027460569402998645
}
[2026-02-19 13:56:14,893][INFO] [Run 3] Running for Krylov dimension 4
[2026-02-19 13:58:22,647][INFO] [Run 3]
{
    "raw_unique_basis_states": 9081,
    "fermion_basis_rejected": 0,
    "kept_unique_basis_states": 9081,
    "fermion_shots_rejected": 0,
    "kept_shots": 10000
}
[2026-02-19 13:58:32,103][INFO] [Run 3]
{
    "D": 4,
    "t": 4.0,
    "num_trotter_steps": 1,
    "step_time": "0:02:17.209566",
    "H_reduce_time": "0:00:09.243545",
    "circuit_time": "0:02:07.733672",
    "shot_processing": {
        "raw_unique_basis_states": 9081,
        "fermion_basis_rejected": 0,
        "kept_unique_basis_states": 9081,
        "fermion_shots_rejected": 0,
        "kept_shots": 10000
    },
    "new_basis_count": 8840,
    "total_basis_count": 25333,
    "H_reduced_size": [
        25333,
        25333
    ],
    "reduction": 99.92450177669525,
    "H_reduced_e": 0.0004471053080136973,
    "used_dense": false,
    "eigenvalue_time": "0:00:00.229778",
    "diff": 0.0004471053080036717,
    "change_from_prev": 2.0506723266554446e-05
}
[2026-02-19 13:58:32,103][INFO] [Run 3] Running for Krylov dimension 5
[2026-02-19 14:00:42,358][INFO] [Run 3]
{
    "raw_unique_basis_states": 8115,
    "fermion_basis_rejected": 0,
    "kept_unique_basis_states": 8115,
    "fermion_shots_rejected": 0,
    "kept_shots": 10000
}
[2026-02-19 14:00:55,533][INFO] [Run 3]
{
    "D": 5,
    "t": 5.0,
    "num_trotter_steps": 1,
    "step_time": "0:02:23.430239",
    "H_reduce_time": "0:00:12.894014",
    "circuit_time": "0:02:10.234690",
    "shot_processing": {
        "raw_unique_basis_states": 8115,
        "fermion_basis_rejected": 0,
        "kept_unique_basis_states": 8115,
        "fermion_shots_rejected": 0,
        "kept_shots": 10000
    },
    "new_basis_count": 7646,
    "total_basis_count": 32979,
    "H_reduced_size": [
        32979,
        32979
    ],
    "reduction": 99.90171492099762,
    "H_reduced_e": 0.00044403419533265104,
    "used_dense": false,
    "eigenvalue_time": "0:00:00.298742",
    "diff": 0.0004440341953226255,
    "change_from_prev": 3.071112681046241e-06
}
[2026-02-19 14:00:55,534][INFO] [Run 3] Running for Krylov dimension 6
[2026-02-19 14:03:03,244][INFO] [Run 3]
{
    "raw_unique_basis_states": 6238,
    "fermion_basis_rejected": 0,
    "kept_unique_basis_states": 6238,
    "fermion_shots_rejected": 0,
    "kept_shots": 10000
}
[2026-02-19 14:03:20,547][INFO] [Run 3]
{
    "D": 6,
    "t": 6.0,
    "num_trotter_steps": 1,
    "step_time": "0:02:25.013253",
    "H_reduce_time": "0:00:16.986285",
    "circuit_time": "0:02:07.694331",
    "shot_processing": {
        "raw_unique_basis_states": 6238,
        "fermion_basis_rejected": 0,
        "kept_unique_basis_states": 6238,
        "fermion_shots_rejected": 0,
        "kept_shots": 10000
    },
    "new_basis_count": 5384,
    "total_basis_count": 38363,
    "H_reduced_size": [
        38363,
        38363
    ],
    "reduction": 99.88566935062408,
    "H_reduced_e": 0.0004176460311328179,
    "used_dense": false,
    "eigenvalue_time": "0:00:00.329959",
    "diff": 0.0004176460311227923,
    "change_from_prev": 2.6388164199833166e-05
}
[2026-02-19 14:03:20,547][INFO] [Run 3] Running for Krylov dimension 7
[2026-02-19 14:05:28,760][INFO] [Run 3]
{
    "raw_unique_basis_states": 6592,
    "fermion_basis_rejected": 0,
    "kept_unique_basis_states": 6592,
    "fermion_shots_rejected": 0,
    "kept_shots": 10000
}
[2026-02-19 14:05:49,208][INFO] [Run 3]
{
    "D": 7,
    "t": 7.0,
    "num_trotter_steps": 1,
    "step_time": "0:02:28.660355",
    "H_reduce_time": "0:00:20.015362",
    "circuit_time": "0:02:08.196140",
    "shot_processing": {
        "raw_unique_basis_states": 6592,
        "fermion_basis_rejected": 0,
        "kept_unique_basis_states": 6592,
        "fermion_shots_rejected": 0,
        "kept_shots": 10000
    },
    "new_basis_count": 5095,
    "total_basis_count": 43458,
    "H_reduced_size": [
        43458,
        43458
    ],
    "reduction": 99.87048506736755,
    "H_reduced_e": 0.00038913330574698237,
    "used_dense": false,
    "eigenvalue_time": "0:00:00.446178",
    "diff": 0.0003891333057369568,
    "change_from_prev": 2.8512725385835506e-05
}
[2026-02-19 14:05:49,208][INFO] [Run 3] Running for Krylov dimension 8
[2026-02-19 14:07:56,251][INFO] [Run 3]
{
    "raw_unique_basis_states": 9358,
    "fermion_basis_rejected": 0,
    "kept_unique_basis_states": 9358,
    "fermion_shots_rejected": 0,
    "kept_shots": 10000
}
[2026-02-19 14:08:20,643][INFO] [Run 3]
{
    "D": 8,
    "t": 8.0,
    "num_trotter_steps": 1,
    "step_time": "0:02:31.434645",
    "H_reduce_time": "0:00:23.878011",
    "circuit_time": "0:02:07.021804",
    "shot_processing": {
        "raw_unique_basis_states": 9358,
        "fermion_basis_rejected": 0,
        "kept_unique_basis_states": 9358,
        "fermion_shots_rejected": 0,
        "kept_shots": 10000
    },
    "new_basis_count": 8356,
    "total_basis_count": 51814,
    "H_reduced_size": [
        51814,
        51814
    ],
    "reduction": 99.8455822467804,
    "H_reduced_e": 0.00037726814506304035,
    "used_dense": false,
    "eigenvalue_time": "0:00:00.531932",
    "diff": 0.0003772681450530148,
    "change_from_prev": 1.1865160683942019e-05
}
[2026-02-19 14:08:20,643][INFO] [Run 3] Running for Krylov dimension 9
[2026-02-19 14:10:25,965][INFO] [Run 3]
{
    "raw_unique_basis_states": 9819,
    "fermion_basis_rejected": 0,
    "kept_unique_basis_states": 9819,
    "fermion_shots_rejected": 0,
    "kept_shots": 10000
}
[2026-02-19 14:10:53,869][INFO] [Run 3]
{
    "D": 9,
    "t": 9.0,
    "num_trotter_steps": 1,
    "step_time": "0:02:33.226290",
    "H_reduce_time": "0:00:27.239306",
    "circuit_time": "0:02:05.299704",
    "shot_processing": {
        "raw_unique_basis_states": 9819,
        "fermion_basis_rejected": 0,
        "kept_unique_basis_states": 9819,
        "fermion_shots_rejected": 0,
        "kept_shots": 10000
    },
    "new_basis_count": 9501,
    "total_basis_count": 61315,
    "H_reduced_size": [
        61315,
        61315
    ],
    "reduction": 99.81726706027985,
    "H_reduced_e": 0.0003762413557220904,
    "used_dense": false,
    "eigenvalue_time": "0:00:00.684540",
    "diff": 0.0003762413557120648,
    "change_from_prev": 1.0267893409499703e-06
}
[2026-02-19 14:10:53,869][INFO] [Run 3] Running for Krylov dimension 10
[2026-02-19 14:12:57,970][INFO] [Run 3]
{
    "raw_unique_basis_states": 9517,
    "fermion_basis_rejected": 0,
    "kept_unique_basis_states": 9517,
    "fermion_shots_rejected": 0,
    "kept_shots": 10000
}
[2026-02-19 14:13:30,187][INFO] [Run 3]
{
    "D": 10,
    "t": 10.0,
    "num_trotter_steps": 1,
    "step_time": "0:02:36.317787",
    "H_reduce_time": "0:00:31.382176",
    "circuit_time": "0:02:04.077204",
    "shot_processing": {
        "raw_unique_basis_states": 9517,
        "fermion_basis_rejected": 0,
        "kept_unique_basis_states": 9517,
        "fermion_shots_rejected": 0,
        "kept_shots": 10000
    },
    "new_basis_count": 9159,
    "total_basis_count": 70474,
    "H_reduced_size": [
        70474,
        70474
    ],
    "reduction": 99.78997111320496,
    "H_reduced_e": 0.00034318496485944675,
    "used_dense": false,
    "eigenvalue_time": "0:00:00.855630",
    "diff": 0.0003431849648494212,
    "change_from_prev": 3.305639086264363e-05
}
[2026-02-19 14:13:30,188][INFO] [Run 3] Running for Krylov dimension 11
[2026-02-19 14:15:35,305][INFO] [Run 3]
{
    "raw_unique_basis_states": 9353,
    "fermion_basis_rejected": 0,
    "kept_unique_basis_states": 9353,
    "fermion_shots_rejected": 0,
    "kept_shots": 10000
}
[2026-02-19 14:16:11,397][INFO] [Run 3]
{
    "D": 11,
    "t": 11.0,
    "num_trotter_steps": 1,
    "step_time": "0:02:41.209080",
    "H_reduce_time": "0:00:35.118489",
    "circuit_time": "0:02:05.095431",
    "shot_processing": {
        "raw_unique_basis_states": 9353,
        "fermion_basis_rejected": 0,
        "kept_unique_basis_states": 9353,
        "fermion_shots_rejected": 0,
        "kept_shots": 10000
    },
    "new_basis_count": 8796,
    "total_basis_count": 79270,
    "H_reduced_size": [
        79270,
        79270
    ],
    "reduction": 99.76375699043274,
    "H_reduced_e": 0.0003265360962762954,
    "used_dense": false,
    "eigenvalue_time": "0:00:00.992751",
    "diff": 0.00032653609626626985,
    "change_from_prev": 1.6648868583151333e-05
}
[2026-02-19 14:16:11,397][INFO] [Run 3] Running for Krylov dimension 12
[2026-02-19 14:18:16,608][INFO] [Run 3]
{
    "raw_unique_basis_states": 6182,
    "fermion_basis_rejected": 0,
    "kept_unique_basis_states": 6182,
    "fermion_shots_rejected": 0,
    "kept_shots": 10000
}
[2026-02-19 14:18:56,750][INFO] [Run 3]
{
    "D": 12,
    "t": 12.0,
    "num_trotter_steps": 1,
    "step_time": "0:02:45.352556",
    "H_reduce_time": "0:00:39.031692",
    "circuit_time": "0:02:05.195222",
    "shot_processing": {
        "raw_unique_basis_states": 6182,
        "fermion_basis_rejected": 0,
        "kept_unique_basis_states": 6182,
        "fermion_shots_rejected": 0,
        "kept_shots": 10000
    },
    "new_basis_count": 4648,
    "total_basis_count": 83918,
    "H_reduced_size": [
        83918,
        83918
    ],
    "reduction": 99.74990487098694,
    "H_reduced_e": 0.0003256783388712646,
    "used_dense": false,
    "eigenvalue_time": "0:00:01.123249",
    "diff": 0.000325678338861239,
    "change_from_prev": 8.577574050308329e-07
}
[2026-02-19 14:18:56,750][INFO] [Run 3] Running for Krylov dimension 13
[2026-02-19 14:21:03,388][INFO] [Run 3]
{
    "raw_unique_basis_states": 2389,
    "fermion_basis_rejected": 0,
    "kept_unique_basis_states": 2389,
    "fermion_shots_rejected": 0,
    "kept_shots": 10000
}
[2026-02-19 14:21:45,141][INFO] [Run 3]
{
    "D": 13,
    "t": 13.0,
    "num_trotter_steps": 1,
    "step_time": "0:02:48.391444",
    "H_reduce_time": "0:00:40.617899",
    "circuit_time": "0:02:06.630533",
    "shot_processing": {
        "raw_unique_basis_states": 2389,
        "fermion_basis_rejected": 0,
        "kept_unique_basis_states": 2389,
        "fermion_shots_rejected": 0,
        "kept_shots": 10000
    },
    "new_basis_count": 1129,
    "total_basis_count": 85047,
    "H_reduced_size": [
        85047,
        85047
    ],
    "reduction": 99.74654018878937,
    "H_reduced_e": 0.00030579174051620014,
    "used_dense": false,
    "eigenvalue_time": "0:00:01.140364",
    "diff": 0.0003057917405061746,
    "change_from_prev": 1.9886598355064436e-05
}
[2026-02-19 14:21:45,142][INFO] [Run 3] Running for Krylov dimension 14
[2026-02-19 14:23:50,448][INFO] [Run 3]
{
    "raw_unique_basis_states": 5613,
    "fermion_basis_rejected": 0,
    "kept_unique_basis_states": 5613,
    "fermion_shots_rejected": 0,
    "kept_shots": 10000
}
[2026-02-19 14:24:34,075][INFO] [Run 3]
{
    "D": 14,
    "t": 14.0,
    "num_trotter_steps": 1,
    "step_time": "0:02:48.933110",
    "H_reduce_time": "0:00:42.409022",
    "circuit_time": "0:02:05.292744",
    "shot_processing": {
        "raw_unique_basis_states": 5613,
        "fermion_basis_rejected": 0,
        "kept_unique_basis_states": 5613,
        "fermion_shots_rejected": 0,
        "kept_shots": 10000
    },
    "new_basis_count": 4230,
    "total_basis_count": 89277,
    "H_reduced_size": [
        89277,
        89277
    ],
    "reduction": 99.73393380641937,
    "H_reduced_e": 0.00029729597655487125,
    "used_dense": false,
    "eigenvalue_time": "0:00:01.228640",
    "diff": 0.0002972959765448457,
    "change_from_prev": 8.495763961328896e-06
}
[2026-02-19 14:24:34,075][INFO] [Run 3] Running for Krylov dimension 15
[2026-02-19 14:26:39,184][INFO] [Run 3]
{
    "raw_unique_basis_states": 9414,
    "fermion_basis_rejected": 0,
    "kept_unique_basis_states": 9414,
    "fermion_shots_rejected": 0,
    "kept_shots": 10000
}
[2026-02-19 14:27:26,979][INFO] [Run 3]
{
    "D": 15,
    "t": 15.0,
    "num_trotter_steps": 1,
    "step_time": "0:02:52.903423",
    "H_reduce_time": "0:00:46.359582",
    "circuit_time": "0:02:05.088180",
    "shot_processing": {
        "raw_unique_basis_states": 9414,
        "fermion_basis_rejected": 0,
        "kept_unique_basis_states": 9414,
        "fermion_shots_rejected": 0,
        "kept_shots": 10000
    },
    "new_basis_count": 8611,
    "total_basis_count": 97888,
    "H_reduced_size": [
        97888,
        97888
    ],
    "reduction": 99.70827102661133,
    "H_reduced_e": 0.00029726480134154964,
    "used_dense": false,
    "eigenvalue_time": "0:00:01.453012",
    "diff": 0.0002972648013315241,
    "change_from_prev": 3.1175213321607814e-08
}
[2026-02-19 14:27:26,979][INFO] [Run 3] Running for Krylov dimension 16
[2026-02-19 14:29:33,587][INFO] [Run 3]
{
    "raw_unique_basis_states": 9833,
    "fermion_basis_rejected": 0,
    "kept_unique_basis_states": 9833,
    "fermion_shots_rejected": 0,
    "kept_shots": 10000
}
[2026-02-19 14:30:28,223][INFO] [Run 3]
{
    "D": 16,
    "t": 16.0,
    "num_trotter_steps": 1,
    "step_time": "0:03:01.244043",
    "H_reduce_time": "0:00:53.030154",
    "circuit_time": "0:02:06.585527",
    "shot_processing": {
        "raw_unique_basis_states": 9833,
        "fermion_basis_rejected": 0,
        "kept_unique_basis_states": 9833,
        "fermion_shots_rejected": 0,
        "kept_shots": 10000
    },
    "new_basis_count": 9332,
    "total_basis_count": 107220,
    "H_reduced_size": [
        107220,
        107220
    ],
    "reduction": 99.68045949935913,
    "H_reduced_e": 0.0002972644763533903,
    "used_dense": false,
    "eigenvalue_time": "0:00:01.625767",
    "diff": 0.00029726447634336476,
    "change_from_prev": 3.2498815932206077e-10
}
[2026-02-19 14:30:28,223][INFO] [Run 3] Running for Krylov dimension 17
[2026-02-19 14:32:34,670][INFO] [Run 3]
{
    "raw_unique_basis_states": 9758,
    "fermion_basis_rejected": 0,
    "kept_unique_basis_states": 9758,
    "fermion_shots_rejected": 0,
    "kept_shots": 10000
}
[2026-02-19 14:33:32,147][INFO] [Run 3]
{
    "D": 17,
    "t": 17.0,
    "num_trotter_steps": 1,
    "step_time": "0:03:03.923696",
    "H_reduce_time": "0:00:55.686403",
    "circuit_time": "0:02:06.424415",
    "shot_processing": {
        "raw_unique_basis_states": 9758,
        "fermion_basis_rejected": 0,
        "kept_unique_basis_states": 9758,
        "fermion_shots_rejected": 0,
        "kept_shots": 10000
    },
    "new_basis_count": 8870,
    "total_basis_count": 116090,
    "H_reduced_size": [
        116090,
        116090
    ],
    "reduction": 99.65402483940125,
    "H_reduced_e": 0.00029665614896291764,
    "used_dense": false,
    "eigenvalue_time": "0:00:01.810077",
    "diff": 0.0002966561489528921,
    "change_from_prev": 6.083273904726742e-07
}
[2026-02-19 14:33:32,147][INFO] [Run 3] Running for Krylov dimension 18
[2026-02-19 14:35:38,556][INFO] [Run 3]
{
    "raw_unique_basis_states": 7769,
    "fermion_basis_rejected": 0,
    "kept_unique_basis_states": 7769,
    "fermion_shots_rejected": 0,
    "kept_shots": 10000
}
[2026-02-19 14:36:41,807][INFO] [Run 3]
{
    "D": 18,
    "t": 18.0,
    "num_trotter_steps": 1,
    "step_time": "0:03:09.659785",
    "H_reduce_time": "0:01:01.447578",
    "circuit_time": "0:02:06.391331",
    "shot_processing": {
        "raw_unique_basis_states": 7769,
        "fermion_basis_rejected": 0,
        "kept_unique_basis_states": 7769,
        "fermion_shots_rejected": 0,
        "kept_shots": 10000
    },
    "new_basis_count": 5834,
    "total_basis_count": 121924,
    "H_reduced_size": [
        121924,
        121924
    ],
    "reduction": 99.63663816452026,
    "H_reduced_e": 0.00028716411722813553,
    "used_dense": false,
    "eigenvalue_time": "0:00:01.817857",
    "diff": 0.00028716411721810996,
    "change_from_prev": 9.492031734782116e-06
}
[2026-02-19 14:36:41,807][INFO] [Run 3] Running for Krylov dimension 19
[2026-02-19 14:38:47,601][INFO] [Run 3]
{
    "raw_unique_basis_states": 6773,
    "fermion_basis_rejected": 0,
    "kept_unique_basis_states": 6773,
    "fermion_shots_rejected": 0,
    "kept_shots": 10000
}
[2026-02-19 14:39:54,083][INFO] [Run 3]
{
    "D": 19,
    "t": 19.0,
    "num_trotter_steps": 1,
    "step_time": "0:03:12.275763",
    "H_reduce_time": "0:01:04.502101",
    "circuit_time": "0:02:05.777870",
    "shot_processing": {
        "raw_unique_basis_states": 6773,
        "fermion_basis_rejected": 0,
        "kept_unique_basis_states": 6773,
        "fermion_shots_rejected": 0,
        "kept_shots": 10000
    },
    "new_basis_count": 4572,
    "total_basis_count": 126496,
    "H_reduced_size": [
        126496,
        126496
    ],
    "reduction": 99.62301254272461,
    "H_reduced_e": 0.0002827513850681891,
    "used_dense": false,
    "eigenvalue_time": "0:00:01.993009",
    "diff": 0.00028275138505816355,
    "change_from_prev": 4.412732159946411e-06
}
[2026-02-19 14:39:54,083][INFO] [Run 3] Running for Krylov dimension 20
[2026-02-19 14:42:00,482][INFO] [Run 3]
{
    "raw_unique_basis_states": 7102,
    "fermion_basis_rejected": 0,
    "kept_unique_basis_states": 7102,
    "fermion_shots_rejected": 0,
    "kept_shots": 10000
}
[2026-02-19 14:43:10,977][INFO] [Run 3]
{
    "D": 20,
    "t": 20.0,
    "num_trotter_steps": 1,
    "step_time": "0:03:16.892932",
    "H_reduce_time": "0:01:08.283320",
    "circuit_time": "0:02:06.381146",
    "shot_processing": {
        "raw_unique_basis_states": 7102,
        "fermion_basis_rejected": 0,
        "kept_unique_basis_states": 7102,
        "fermion_shots_rejected": 0,
        "kept_shots": 10000
    },
    "new_basis_count": 4049,
    "total_basis_count": 130545,
    "H_reduced_size": [
        130545,
        130545
    ],
    "reduction": 99.61094558238983,
    "H_reduced_e": 0.0002816696093649305,
    "used_dense": false,
    "eigenvalue_time": "0:00:02.225359",
    "diff": 0.00028166960935490493,
    "change_from_prev": 1.0817757032586237e-06
}
[2026-02-19 14:43:10,981][INFO] [Run 3] Done
