[2026-02-19 14:39:27,722][INFO] Running VQE for linear potential and cutoff 16
[2026-02-19 14:39:27,725][INFO] Truncation: {'m': 283, 'n': 3276, 'keep_frac_terms': 0.08638583638583638, 'keep_ratio': 0.999, 'truncated': 2.163271863607406, 'total_weight': 2171.2812500000505}
[2026-02-19 14:39:27,729][INFO] min_eigenvalue: 1.0025589899691666e-14
[2026-02-19 14:39:28,449][INFO] []
[2026-02-19 14:39:31,176][INFO] [Run 17] Running for Krylov dimension 1
[2026-02-19 14:41:31,802][INFO] [Run 17]
{
    "raw_unique_basis_states": 416,
    "fermion_basis_rejected": 0,
    "kept_unique_basis_states": 416,
    "fermion_shots_rejected": 0,
    "kept_shots": 10000
}
[2026-02-19 14:41:32,025][INFO] [Run 17]
{
    "D": 1,
    "t": 1.0,
    "num_trotter_steps": 1,
    "step_time": "0:02:00.849055",
    "H_reduce_time": "0:00:00.126458",
    "circuit_time": "0:02:00.624453",
    "shot_processing": {
        "raw_unique_basis_states": 416,
        "fermion_basis_rejected": 0,
        "kept_unique_basis_states": 416,
        "fermion_shots_rejected": 0,
        "kept_shots": 10000
    },
    "new_basis_count": 416,
    "total_basis_count": 416,
    "H_reduced_size": [
        416,
        416
    ],
    "reduction": 99.99876022338867,
    "H_reduced_e": 0.0012597715661930291,
    "used_dense": true,
    "eigenvalue_time": "0:00:00.096745",
    "diff": 0.0012597715661830035,
    "change_from_prev": null
}
[2026-02-19 14:41:32,025][INFO] [Run 17] Running for Krylov dimension 2
[2026-02-19 14:43:33,086][INFO] [Run 17]
{
    "raw_unique_basis_states": 7222,
    "fermion_basis_rejected": 0,
    "kept_unique_basis_states": 7222,
    "fermion_shots_rejected": 0,
    "kept_shots": 10000
}
[2026-02-19 14:43:35,716][INFO] [Run 17]
{
    "D": 2,
    "t": 2.0,
    "num_trotter_steps": 1,
    "step_time": "0:02:03.690515",
    "H_reduce_time": "0:00:02.590571",
    "circuit_time": "0:02:01.044929",
    "shot_processing": {
        "raw_unique_basis_states": 7222,
        "fermion_basis_rejected": 0,
        "kept_unique_basis_states": 7222,
        "fermion_shots_rejected": 0,
        "kept_shots": 10000
    },
    "new_basis_count": 7128,
    "total_basis_count": 7544,
    "H_reduced_size": [
        7544,
        7544
    ],
    "reduction": 99.97751712799072,
    "H_reduced_e": 0.0010574866458111893,
    "used_dense": false,
    "eigenvalue_time": "0:00:00.052665",
    "diff": 0.0010574866458011637,
    "change_from_prev": 0.0002022849203818398
}
[2026-02-19 14:43:35,716][INFO] [Run 17] Running for Krylov dimension 3
[2026-02-19 14:45:36,968][INFO] [Run 17]
{
    "raw_unique_basis_states": 9154,
    "fermion_basis_rejected": 0,
    "kept_unique_basis_states": 9154,
    "fermion_shots_rejected": 0,
    "kept_shots": 10000
}
[2026-02-19 14:45:42,641][INFO] [Run 17]
{
    "D": 3,
    "t": 3.0,
    "num_trotter_steps": 1,
    "step_time": "0:02:06.924940",
    "H_reduce_time": "0:00:05.563253",
    "circuit_time": "0:02:01.231784",
    "shot_processing": {
        "raw_unique_basis_states": 9154,
        "fermion_basis_rejected": 0,
        "kept_unique_basis_states": 9154,
        "fermion_shots_rejected": 0,
        "kept_shots": 10000
    },
    "new_basis_count": 8806,
    "total_basis_count": 16350,
    "H_reduced_size": [
        16350,
        16350
    ],
    "reduction": 99.95127320289612,
    "H_reduced_e": 0.0008128779394669217,
    "used_dense": false,
    "eigenvalue_time": "0:00:00.127689",
    "diff": 0.0008128779394568961,
    "change_from_prev": 0.0002446087063442676
}
[2026-02-19 14:45:42,641][INFO] [Run 17] Running for Krylov dimension 4
[2026-02-19 14:47:43,824][INFO] [Run 17]
{
    "raw_unique_basis_states": 8999,
    "fermion_basis_rejected": 0,
    "kept_unique_basis_states": 8999,
    "fermion_shots_rejected": 0,
    "kept_shots": 10000
}
[2026-02-19 14:47:52,634][INFO] [Run 17]
{
    "D": 4,
    "t": 4.0,
    "num_trotter_steps": 1,
    "step_time": "0:02:09.992541",
    "H_reduce_time": "0:00:08.634952",
    "circuit_time": "0:02:01.163513",
    "shot_processing": {
        "raw_unique_basis_states": 8999,
        "fermion_basis_rejected": 0,
        "kept_unique_basis_states": 8999,
        "fermion_shots_rejected": 0,
        "kept_shots": 10000
    },
    "new_basis_count": 8776,
    "total_basis_count": 25126,
    "H_reduced_size": [
        25126,
        25126
    ],
    "reduction": 99.92511868476868,
    "H_reduced_e": 0.0007247637846036309,
    "used_dense": false,
    "eigenvalue_time": "0:00:00.191868",
    "diff": 0.0007247637845936053,
    "change_from_prev": 8.811415486329084e-05
}
[2026-02-19 14:47:52,634][INFO] [Run 17] Running for Krylov dimension 5
[2026-02-19 14:49:53,851][INFO] [Run 17]
{
    "raw_unique_basis_states": 8214,
    "fermion_basis_rejected": 0,
    "kept_unique_basis_states": 8214,
    "fermion_shots_rejected": 0,
    "kept_shots": 10000
}
[2026-02-19 14:50:06,459][INFO] [Run 17]
{
    "D": 5,
    "t": 5.0,
    "num_trotter_steps": 1,
    "step_time": "0:02:13.824452",
    "H_reduce_time": "0:00:12.363623",
    "circuit_time": "0:02:01.198457",
    "shot_processing": {
        "raw_unique_basis_states": 8214,
        "fermion_basis_rejected": 0,
        "kept_unique_basis_states": 8214,
        "fermion_shots_rejected": 0,
        "kept_shots": 10000
    },
    "new_basis_count": 7662,
    "total_basis_count": 32788,
    "H_reduced_size": [
        32788,
        32788
    ],
    "reduction": 99.90228414535522,
    "H_reduced_e": 0.0007177375865640531,
    "used_dense": false,
    "eigenvalue_time": "0:00:00.260007",
    "diff": 0.0007177375865540274,
    "change_from_prev": 7.02619803957783e-06
}
[2026-02-19 14:50:06,459][INFO] [Run 17] Running for Krylov dimension 6
[2026-02-19 14:52:07,743][INFO] [Run 17]
{
    "raw_unique_basis_states": 6281,
    "fermion_basis_rejected": 0,
    "kept_unique_basis_states": 6281,
    "fermion_shots_rejected": 0,
    "kept_shots": 10000
}
[2026-02-19 14:52:23,548][INFO] [Run 17]
{
    "D": 6,
    "t": 6.0,
    "num_trotter_steps": 1,
    "step_time": "0:02:17.088699",
    "H_reduce_time": "0:00:15.498269",
    "circuit_time": "0:02:01.269328",
    "shot_processing": {
        "raw_unique_basis_states": 6281,
        "fermion_basis_rejected": 0,
        "kept_unique_basis_states": 6281,
        "fermion_shots_rejected": 0,
        "kept_shots": 10000
    },
    "new_basis_count": 5395,
    "total_basis_count": 38183,
    "H_reduced_size": [
        38183,
        38183
    ],
    "reduction": 99.88620579242706,
    "H_reduced_e": 0.0006777387567782745,
    "used_dense": false,
    "eigenvalue_time": "0:00:00.318586",
    "diff": 0.0006777387567682489,
    "change_from_prev": 3.9998829785778574e-05
}
[2026-02-19 14:52:23,548][INFO] [Run 17] Running for Krylov dimension 7
[2026-02-19 14:54:25,164][INFO] [Run 17]
{
    "raw_unique_basis_states": 6550,
    "fermion_basis_rejected": 0,
    "kept_unique_basis_states": 6550,
    "fermion_shots_rejected": 0,
    "kept_shots": 10000
}
[2026-02-19 14:54:44,313][INFO] [Run 17]
{
    "D": 7,
    "t": 7.0,
    "num_trotter_steps": 1,
    "step_time": "0:02:20.765436",
    "H_reduce_time": "0:00:18.759597",
    "circuit_time": "0:02:01.602012",
    "shot_processing": {
        "raw_unique_basis_states": 6550,
        "fermion_basis_rejected": 0,
        "kept_unique_basis_states": 6550,
        "fermion_shots_rejected": 0,
        "kept_shots": 10000
    },
    "new_basis_count": 5028,
    "total_basis_count": 43211,
    "H_reduced_size": [
        43211,
        43211
    ],
    "reduction": 99.87122118473053,
    "H_reduced_e": 0.0006463106019645266,
    "used_dense": false,
    "eigenvalue_time": "0:00:00.401649",
    "diff": 0.000646310601954501,
    "change_from_prev": 3.142815481374788e-05
}
[2026-02-19 14:54:44,314][INFO] [Run 17] Running for Krylov dimension 8
[2026-02-19 14:56:42,872][INFO] [Run 17]
{
    "raw_unique_basis_states": 9308,
    "fermion_basis_rejected": 0,
    "kept_unique_basis_states": 9308,
    "fermion_shots_rejected": 0,
    "kept_shots": 10000
}
[2026-02-19 14:57:06,015][INFO] [Run 17]
{
    "D": 8,
    "t": 8.0,
    "num_trotter_steps": 1,
    "step_time": "0:02:21.700923",
    "H_reduce_time": "0:00:22.681852",
    "circuit_time": "0:01:58.538199",
    "shot_processing": {
        "raw_unique_basis_states": 9308,
        "fermion_basis_rejected": 0,
        "kept_unique_basis_states": 9308,
        "fermion_shots_rejected": 0,
        "kept_shots": 10000
    },
    "new_basis_count": 8306,
    "total_basis_count": 51517,
    "H_reduced_size": [
        51517,
        51517
    ],
    "reduction": 99.84646737575531,
    "H_reduced_e": 0.0006125884672649241,
    "used_dense": false,
    "eigenvalue_time": "0:00:00.479039",
    "diff": 0.0006125884672548985,
    "change_from_prev": 3.372213469960252e-05
}
[2026-02-19 14:57:06,015][INFO] [Run 17] Running for Krylov dimension 9
[2026-02-19 14:59:05,064][INFO] [Run 17]
{
    "raw_unique_basis_states": 9822,
    "fermion_basis_rejected": 0,
    "kept_unique_basis_states": 9822,
    "fermion_shots_rejected": 0,
    "kept_shots": 10000
}
[2026-02-19 14:59:32,228][INFO] [Run 17]
{
    "D": 9,
    "t": 9.0,
    "num_trotter_steps": 1,
    "step_time": "0:02:26.213081",
    "H_reduce_time": "0:00:26.537453",
    "circuit_time": "0:01:59.026847",
    "shot_processing": {
        "raw_unique_basis_states": 9822,
        "fermion_basis_rejected": 0,
        "kept_unique_basis_states": 9822,
        "fermion_shots_rejected": 0,
        "kept_shots": 10000
    },
    "new_basis_count": 9486,
    "total_basis_count": 61003,
    "H_reduced_size": [
        61003,
        61003
    ],
    "reduction": 99.81819689273834,
    "H_reduced_e": 0.0006125546568762101,
    "used_dense": false,
    "eigenvalue_time": "0:00:00.646063",
    "diff": 0.0006125546568661845,
    "change_from_prev": 3.381038871401107e-08
}
[2026-02-19 14:59:32,229][INFO] [Run 17] Running for Krylov dimension 10
[2026-02-19 15:01:30,959][INFO] [Run 17]
{
    "raw_unique_basis_states": 9479,
    "fermion_basis_rejected": 0,
    "kept_unique_basis_states": 9479,
    "fermion_shots_rejected": 0,
    "kept_shots": 10000
}
[2026-02-19 15:02:01,744][INFO] [Run 17]
{
    "D": 10,
    "t": 10.0,
    "num_trotter_steps": 1,
    "step_time": "0:02:29.515381",
    "H_reduce_time": "0:00:30.067247",
    "circuit_time": "0:01:58.710211",
    "shot_processing": {
        "raw_unique_basis_states": 9479,
        "fermion_basis_rejected": 0,
        "kept_unique_basis_states": 9479,
        "fermion_shots_rejected": 0,
        "kept_shots": 10000
    },
    "new_basis_count": 9129,
    "total_basis_count": 70132,
    "H_reduced_size": [
        70132,
        70132
    ],
    "reduction": 99.79099035263062,
    "H_reduced_e": 0.0005702105199089189,
    "used_dense": false,
    "eigenvalue_time": "0:00:00.735884",
    "diff": 0.0005702105198988933,
    "change_from_prev": 4.2344136967291173e-05
}
[2026-02-19 15:02:01,744][INFO] [Run 17] Running for Krylov dimension 11
[2026-02-19 15:04:02,870][INFO] [Run 17]
{
    "raw_unique_basis_states": 9314,
    "fermion_basis_rejected": 0,
    "kept_unique_basis_states": 9314,
    "fermion_shots_rejected": 0,
    "kept_shots": 10000
}
[2026-02-19 15:04:37,873][INFO] [Run 17]
{
    "D": 11,
    "t": 11.0,
    "num_trotter_steps": 1,
    "step_time": "0:02:36.128488",
    "H_reduce_time": "0:00:34.115555",
    "circuit_time": "0:02:01.104525",
    "shot_processing": {
        "raw_unique_basis_states": 9314,
        "fermion_basis_rejected": 0,
        "kept_unique_basis_states": 9314,
        "fermion_shots_rejected": 0,
        "kept_shots": 10000
    },
    "new_basis_count": 8782,
    "total_basis_count": 78914,
    "H_reduced_size": [
        78914,
        78914
    ],
    "reduction": 99.76481795310974,
    "H_reduced_e": 0.000545792088316567,
    "used_dense": false,
    "eigenvalue_time": "0:00:00.905796",
    "diff": 0.0005457920883065414,
    "change_from_prev": 2.4418431592351927e-05
}
[2026-02-19 15:04:37,873][INFO] [Run 17] Running for Krylov dimension 12
[2026-02-19 15:06:39,380][INFO] [Run 17]
{
    "raw_unique_basis_states": 6123,
    "fermion_basis_rejected": 0,
    "kept_unique_basis_states": 6123,
    "fermion_shots_rejected": 0,
    "kept_shots": 10000
}
[2026-02-19 15:07:16,491][INFO] [Run 17]
{
    "D": 12,
    "t": 12.0,
    "num_trotter_steps": 1,
    "step_time": "0:02:38.618058",
    "H_reduce_time": "0:00:36.120100",
    "circuit_time": "0:02:01.492789",
    "shot_processing": {
        "raw_unique_basis_states": 6123,
        "fermion_basis_rejected": 0,
        "kept_unique_basis_states": 6123,
        "fermion_shots_rejected": 0,
        "kept_shots": 10000
    },
    "new_basis_count": 4620,
    "total_basis_count": 83534,
    "H_reduced_size": [
        83534,
        83534
    ],
    "reduction": 99.75104928016663,
    "H_reduced_e": 0.0005410478875100895,
    "used_dense": false,
    "eigenvalue_time": "0:00:01.003190",
    "diff": 0.0005410478875000639,
    "change_from_prev": 4.744200806477451e-06
}
[2026-02-19 15:07:16,492][INFO] [Run 17] Running for Krylov dimension 13
[2026-02-19 15:09:17,824][INFO] [Run 17]
{
    "raw_unique_basis_states": 2468,
    "fermion_basis_rejected": 0,
    "kept_unique_basis_states": 2468,
    "fermion_shots_rejected": 0,
    "kept_shots": 10000
}
[2026-02-19 15:09:56,212][INFO] [Run 17]
{
    "D": 13,
    "t": 13.0,
    "num_trotter_steps": 1,
    "step_time": "0:02:39.720142",
    "H_reduce_time": "0:00:37.312838",
    "circuit_time": "0:02:01.324367",
    "shot_processing": {
        "raw_unique_basis_states": 2468,
        "fermion_basis_rejected": 0,
        "kept_unique_basis_states": 2468,
        "fermion_shots_rejected": 0,
        "kept_shots": 10000
    },
    "new_basis_count": 1223,
    "total_basis_count": 84757,
    "H_reduced_size": [
        84757,
        84757
    ],
    "reduction": 99.74740445613861,
    "H_reduced_e": 0.0004226995806313027,
    "used_dense": false,
    "eigenvalue_time": "0:00:01.080077",
    "diff": 0.00042269958062127714,
    "change_from_prev": 0.00011834830687878681
}
[2026-02-19 15:09:56,212][INFO] [Run 17] Running for Krylov dimension 14
[2026-02-19 15:11:57,206][INFO] [Run 17]
{
    "raw_unique_basis_states": 5648,
    "fermion_basis_rejected": 0,
    "kept_unique_basis_states": 5648,
    "fermion_shots_rejected": 0,
    "kept_shots": 10000
}
[2026-02-19 15:12:38,890][INFO] [Run 17]
{
    "D": 14,
    "t": 14.0,
    "num_trotter_steps": 1,
    "step_time": "0:02:42.677297",
    "H_reduce_time": "0:00:40.638578",
    "circuit_time": "0:02:00.980430",
    "shot_processing": {
        "raw_unique_basis_states": 5648,
        "fermion_basis_rejected": 0,
        "kept_unique_basis_states": 5648,
        "fermion_shots_rejected": 0,
        "kept_shots": 10000
    },
    "new_basis_count": 4329,
    "total_basis_count": 89086,
    "H_reduced_size": [
        89086,
        89086
    ],
    "reduction": 99.73450303077698,
    "H_reduced_e": 0.0003605103894265398,
    "used_dense": false,
    "eigenvalue_time": "0:00:01.055848",
    "diff": 0.00036051038941651426,
    "change_from_prev": 6.218919120476289e-05
}
[2026-02-19 15:12:38,890][INFO] [Run 17] Running for Krylov dimension 15
[2026-02-19 15:14:37,490][INFO] [Run 17]
{
    "raw_unique_basis_states": 9356,
    "fermion_basis_rejected": 0,
    "kept_unique_basis_states": 9356,
    "fermion_shots_rejected": 0,
    "kept_shots": 10000
}
[2026-02-19 15:15:23,230][INFO] [Run 17]
{
    "D": 15,
    "t": 15.0,
    "num_trotter_steps": 1,
    "step_time": "0:02:44.339704",
    "H_reduce_time": "0:00:44.415767",
    "circuit_time": "0:01:58.579913",
    "shot_processing": {
        "raw_unique_basis_states": 9356,
        "fermion_basis_rejected": 0,
        "kept_unique_basis_states": 9356,
        "fermion_shots_rejected": 0,
        "kept_shots": 10000
    },
    "new_basis_count": 8547,
    "total_basis_count": 97633,
    "H_reduced_size": [
        97633,
        97633
    ],
    "reduction": 99.70903098583221,
    "H_reduced_e": 0.00036047767155161667,
    "used_dense": false,
    "eigenvalue_time": "0:00:01.341929",
    "diff": 0.0003604776715415911,
    "change_from_prev": 3.271787492315067e-08
}
[2026-02-19 15:15:23,230][INFO] [Run 17] Running for Krylov dimension 16
[2026-02-19 15:17:22,093][INFO] [Run 17]
{
    "raw_unique_basis_states": 9818,
    "fermion_basis_rejected": 0,
    "kept_unique_basis_states": 9818,
    "fermion_shots_rejected": 0,
    "kept_shots": 10000
}
[2026-02-19 15:18:12,175][INFO] [Run 17]
{
    "D": 16,
    "t": 16.0,
    "num_trotter_steps": 1,
    "step_time": "0:02:48.944468",
    "H_reduce_time": "0:00:48.761993",
    "circuit_time": "0:01:58.840648",
    "shot_processing": {
        "raw_unique_basis_states": 9818,
        "fermion_basis_rejected": 0,
        "kept_unique_basis_states": 9818,
        "fermion_shots_rejected": 0,
        "kept_shots": 10000
    },
    "new_basis_count": 9290,
    "total_basis_count": 106923,
    "H_reduced_size": [
        106923,
        106923
    ],
    "reduction": 99.68134462833405,
    "H_reduced_e": 0.00036042852124189783,
    "used_dense": false,
    "eigenvalue_time": "0:00:01.339018",
    "diff": 0.00036042852123187226,
    "change_from_prev": 4.915030971883996e-08
}
[2026-02-19 15:18:12,175][INFO] [Run 17] Running for Krylov dimension 17
[2026-02-19 15:20:11,351][INFO] [Run 17]
{
    "raw_unique_basis_states": 9679,
    "fermion_basis_rejected": 0,
    "kept_unique_basis_states": 9679,
    "fermion_shots_rejected": 0,
    "kept_shots": 10000
}
[2026-02-19 15:21:05,583][INFO] [Run 17]
{
    "D": 17,
    "t": 17.0,
    "num_trotter_steps": 1,
    "step_time": "0:02:53.408421",
    "H_reduce_time": "0:00:52.648731",
    "circuit_time": "0:01:59.154376",
    "shot_processing": {
        "raw_unique_basis_states": 9679,
        "fermion_basis_rejected": 0,
        "kept_unique_basis_states": 9679,
        "fermion_shots_rejected": 0,
        "kept_shots": 10000
    },
    "new_basis_count": 8824,
    "total_basis_count": 115747,
    "H_reduced_size": [
        115747,
        115747
    ],
    "reduction": 99.65504705905914,
    "H_reduced_e": 0.0003598118680298691,
    "used_dense": false,
    "eigenvalue_time": "0:00:01.602542",
    "diff": 0.00035981186801984353,
    "change_from_prev": 6.166532120287335e-07
}
[2026-02-19 15:21:05,584][INFO] [Run 17] Running for Krylov dimension 18
[2026-02-19 15:23:04,389][INFO] [Run 17]
{
    "raw_unique_basis_states": 7754,
    "fermion_basis_rejected": 0,
    "kept_unique_basis_states": 7754,
    "fermion_shots_rejected": 0,
    "kept_shots": 10000
}
[2026-02-19 15:24:03,749][INFO] [Run 17]
{
    "D": 18,
    "t": 18.0,
    "num_trotter_steps": 1,
    "step_time": "0:02:58.165645",
    "H_reduce_time": "0:00:57.550854",
    "circuit_time": "0:01:58.788045",
    "shot_processing": {
        "raw_unique_basis_states": 7754,
        "fermion_basis_rejected": 0,
        "kept_unique_basis_states": 7754,
        "fermion_shots_rejected": 0,
        "kept_shots": 10000
    },
    "new_basis_count": 5721,
    "total_basis_count": 121468,
    "H_reduced_size": [
        121468,
        121468
    ],
    "reduction": 99.63799715042114,
    "H_reduced_e": 0.0003514887630147054,
    "used_dense": false,
    "eigenvalue_time": "0:00:01.824726",
    "diff": 0.00035148876300467984,
    "change_from_prev": 8.323105015163687e-06
}
[2026-02-19 15:24:03,750][INFO] [Run 17] Running for Krylov dimension 19
[2026-02-19 15:26:02,432][INFO] [Run 17]
{
    "raw_unique_basis_states": 6770,
    "fermion_basis_rejected": 0,
    "kept_unique_basis_states": 6770,
    "fermion_shots_rejected": 0,
    "kept_shots": 10000
}
[2026-02-19 15:27:06,269][INFO] [Run 17]
{
    "D": 19,
    "t": 19.0,
    "num_trotter_steps": 1,
    "step_time": "0:03:02.519396",
    "H_reduce_time": "0:01:02.084551",
    "circuit_time": "0:01:58.666165",
    "shot_processing": {
        "raw_unique_basis_states": 6770,
        "fermion_basis_rejected": 0,
        "kept_unique_basis_states": 6770,
        "fermion_shots_rejected": 0,
        "kept_shots": 10000
    },
    "new_basis_count": 4540,
    "total_basis_count": 126008,
    "H_reduced_size": [
        126008,
        126008
    ],
    "reduction": 99.62446689605713,
    "H_reduced_e": 0.0003425358174605859,
    "used_dense": false,
    "eigenvalue_time": "0:00:01.765931",
    "diff": 0.00034253581745056035,
    "change_from_prev": 8.952945554119491e-06
}
[2026-02-19 15:27:06,270][INFO] [Run 17] Running for Krylov dimension 20
[2026-02-19 15:29:05,113][INFO] [Run 17]
{
    "raw_unique_basis_states": 6987,
    "fermion_basis_rejected": 0,
    "kept_unique_basis_states": 6987,
    "fermion_shots_rejected": 0,
    "kept_shots": 10000
}
[2026-02-19 15:30:12,586][INFO] [Run 17]
{
    "D": 20,
    "t": 20.0,
    "num_trotter_steps": 1,
    "step_time": "0:03:06.316587",
    "H_reduce_time": "0:01:05.384941",
    "circuit_time": "0:01:58.826778",
    "shot_processing": {
        "raw_unique_basis_states": 6987,
        "fermion_basis_rejected": 0,
        "kept_unique_basis_states": 6987,
        "fermion_shots_rejected": 0,
        "kept_shots": 10000
    },
    "new_basis_count": 3973,
    "total_basis_count": 129981,
    "H_reduced_size": [
        129981,
        129981
    ],
    "reduction": 99.6126264333725,
    "H_reduced_e": 0.00034243722015446,
    "used_dense": false,
    "eigenvalue_time": "0:00:02.102070",
    "diff": 0.00034243722014443443,
    "change_from_prev": 9.859730612591776e-08
}
[2026-02-19 15:30:12,591][INFO] [Run 17] Done
