[2026-02-19 14:37:58,952][INFO] Running VQE for linear potential and cutoff 16
[2026-02-19 14:37:58,955][INFO] Truncation: {'m': 283, 'n': 3276, 'keep_frac_terms': 0.08638583638583638, 'keep_ratio': 0.999, 'truncated': 2.163271863607406, 'total_weight': 2171.2812500000505}
[2026-02-19 14:37:58,958][INFO] min_eigenvalue: 1.0025589899691666e-14
[2026-02-19 14:37:59,945][INFO] []
[2026-02-19 14:38:02,758][INFO] [Run 16] Running for Krylov dimension 1
[2026-02-19 14:40:00,748][INFO] [Run 16]
{
    "raw_unique_basis_states": 456,
    "fermion_basis_rejected": 0,
    "kept_unique_basis_states": 456,
    "fermion_shots_rejected": 0,
    "kept_shots": 10000
}
[2026-02-19 14:40:01,005][INFO] [Run 16]
{
    "D": 1,
    "t": 1.0,
    "num_trotter_steps": 1,
    "step_time": "0:01:58.246798",
    "H_reduce_time": "0:00:00.146878",
    "circuit_time": "0:01:57.987979",
    "shot_processing": {
        "raw_unique_basis_states": 456,
        "fermion_basis_rejected": 0,
        "kept_unique_basis_states": 456,
        "fermion_shots_rejected": 0,
        "kept_shots": 10000
    },
    "new_basis_count": 456,
    "total_basis_count": 456,
    "H_reduced_size": [
        456,
        456
    ],
    "reduction": 99.99864101409912,
    "H_reduced_e": 0.0010082377593060338,
    "used_dense": true,
    "eigenvalue_time": "0:00:00.110516",
    "diff": 0.0010082377592960082,
    "change_from_prev": null
}
[2026-02-19 14:40:01,005][INFO] [Run 16] Running for Krylov dimension 2
[2026-02-19 14:41:59,521][INFO] [Run 16]
{
    "raw_unique_basis_states": 7230,
    "fermion_basis_rejected": 0,
    "kept_unique_basis_states": 7230,
    "fermion_shots_rejected": 0,
    "kept_shots": 10000
}
[2026-02-19 14:42:02,166][INFO] [Run 16]
{
    "D": 2,
    "t": 2.0,
    "num_trotter_steps": 1,
    "step_time": "0:02:01.161566",
    "H_reduce_time": "0:00:02.605659",
    "circuit_time": "0:01:58.500263",
    "shot_processing": {
        "raw_unique_basis_states": 7230,
        "fermion_basis_rejected": 0,
        "kept_unique_basis_states": 7230,
        "fermion_shots_rejected": 0,
        "kept_shots": 10000
    },
    "new_basis_count": 7120,
    "total_basis_count": 7576,
    "H_reduced_size": [
        7576,
        7576
    ],
    "reduction": 99.97742176055908,
    "H_reduced_e": 0.0008307793839667732,
    "used_dense": false,
    "eigenvalue_time": "0:00:00.053195",
    "diff": 0.0008307793839567476,
    "change_from_prev": 0.00017745837533926056
}
[2026-02-19 14:42:02,167][INFO] [Run 16] Running for Krylov dimension 3
[2026-02-19 14:44:00,731][INFO] [Run 16]
{
    "raw_unique_basis_states": 9283,
    "fermion_basis_rejected": 0,
    "kept_unique_basis_states": 9283,
    "fermion_shots_rejected": 0,
    "kept_shots": 10000
}
[2026-02-19 14:44:06,467][INFO] [Run 16]
{
    "D": 3,
    "t": 3.0,
    "num_trotter_steps": 1,
    "step_time": "0:02:04.299948",
    "H_reduce_time": "0:00:05.637886",
    "circuit_time": "0:01:58.543798",
    "shot_processing": {
        "raw_unique_basis_states": 9283,
        "fermion_basis_rejected": 0,
        "kept_unique_basis_states": 9283,
        "fermion_shots_rejected": 0,
        "kept_shots": 10000
    },
    "new_basis_count": 8967,
    "total_basis_count": 16543,
    "H_reduced_size": [
        16543,
        16543
    ],
    "reduction": 99.95069801807404,
    "H_reduced_e": 0.0008245276228294683,
    "used_dense": false,
    "eigenvalue_time": "0:00:00.115956",
    "diff": 0.0008245276228194426,
    "change_from_prev": 6.251761137304962e-06
}
[2026-02-19 14:44:06,467][INFO] [Run 16] Running for Krylov dimension 4
[2026-02-19 14:46:05,103][INFO] [Run 16]
{
    "raw_unique_basis_states": 9077,
    "fermion_basis_rejected": 0,
    "kept_unique_basis_states": 9077,
    "fermion_shots_rejected": 0,
    "kept_shots": 10000
}
[2026-02-19 14:46:13,775][INFO] [Run 16]
{
    "D": 4,
    "t": 4.0,
    "num_trotter_steps": 1,
    "step_time": "0:02:07.308362",
    "H_reduce_time": "0:00:08.491413",
    "circuit_time": "0:01:58.615482",
    "shot_processing": {
        "raw_unique_basis_states": 9077,
        "fermion_basis_rejected": 0,
        "kept_unique_basis_states": 9077,
        "fermion_shots_rejected": 0,
        "kept_shots": 10000
    },
    "new_basis_count": 8852,
    "total_basis_count": 25395,
    "H_reduced_size": [
        25395,
        25395
    ],
    "reduction": 99.92431700229645,
    "H_reduced_e": 0.0007651939630184091,
    "used_dense": false,
    "eigenvalue_time": "0:00:00.198821",
    "diff": 0.0007651939630083835,
    "change_from_prev": 5.933365981105915e-05
}
[2026-02-19 14:46:13,775][INFO] [Run 16] Running for Krylov dimension 5
[2026-02-19 14:48:12,546][INFO] [Run 16]
{
    "raw_unique_basis_states": 8164,
    "fermion_basis_rejected": 0,
    "kept_unique_basis_states": 8164,
    "fermion_shots_rejected": 0,
    "kept_shots": 10000
}
[2026-02-19 14:48:25,842][INFO] [Run 16]
{
    "D": 5,
    "t": 5.0,
    "num_trotter_steps": 1,
    "step_time": "0:02:12.065914",
    "H_reduce_time": "0:00:13.043636",
    "circuit_time": "0:01:58.752563",
    "shot_processing": {
        "raw_unique_basis_states": 8164,
        "fermion_basis_rejected": 0,
        "kept_unique_basis_states": 8164,
        "fermion_shots_rejected": 0,
        "kept_shots": 10000
    },
    "new_basis_count": 7685,
    "total_basis_count": 33080,
    "H_reduced_size": [
        33080,
        33080
    ],
    "reduction": 99.9014139175415,
    "H_reduced_e": 0.0007616024758914802,
    "used_dense": false,
    "eigenvalue_time": "0:00:00.267004",
    "diff": 0.0007616024758814546,
    "change_from_prev": 3.591487126928909e-06
}
[2026-02-19 14:48:25,842][INFO] [Run 16] Running for Krylov dimension 6
[2026-02-19 14:50:24,452][INFO] [Run 16]
{
    "raw_unique_basis_states": 6204,
    "fermion_basis_rejected": 0,
    "kept_unique_basis_states": 6204,
    "fermion_shots_rejected": 0,
    "kept_shots": 10000
}
[2026-02-19 14:50:40,465][INFO] [Run 16]
{
    "D": 6,
    "t": 6.0,
    "num_trotter_steps": 1,
    "step_time": "0:02:14.623011",
    "H_reduce_time": "0:00:15.714602",
    "circuit_time": "0:01:58.594665",
    "shot_processing": {
        "raw_unique_basis_states": 6204,
        "fermion_basis_rejected": 0,
        "kept_unique_basis_states": 6204,
        "fermion_shots_rejected": 0,
        "kept_shots": 10000
    },
    "new_basis_count": 5306,
    "total_basis_count": 38386,
    "H_reduced_size": [
        38386,
        38386
    ],
    "reduction": 99.88560080528259,
    "H_reduced_e": 0.0007586652551287575,
    "used_dense": false,
    "eigenvalue_time": "0:00:00.310690",
    "diff": 0.0007586652551187319,
    "change_from_prev": 2.937220762722721e-06
}
[2026-02-19 14:50:40,465][INFO] [Run 16] Running for Krylov dimension 7
[2026-02-19 14:52:39,181][INFO] [Run 16]
{
    "raw_unique_basis_states": 6568,
    "fermion_basis_rejected": 0,
    "kept_unique_basis_states": 6568,
    "fermion_shots_rejected": 0,
    "kept_shots": 10000
}
[2026-02-19 14:52:58,369][INFO] [Run 16]
{
    "D": 7,
    "t": 7.0,
    "num_trotter_steps": 1,
    "step_time": "0:02:17.903924",
    "H_reduce_time": "0:00:18.835206",
    "circuit_time": "0:01:58.700667",
    "shot_processing": {
        "raw_unique_basis_states": 6568,
        "fermion_basis_rejected": 0,
        "kept_unique_basis_states": 6568,
        "fermion_shots_rejected": 0,
        "kept_shots": 10000
    },
    "new_basis_count": 4981,
    "total_basis_count": 43367,
    "H_reduced_size": [
        43367,
        43367
    ],
    "reduction": 99.87075626850128,
    "H_reduced_e": 0.0007002698671942674,
    "used_dense": false,
    "eigenvalue_time": "0:00:00.365492",
    "diff": 0.0007002698671842417,
    "change_from_prev": 5.839538793449013e-05
}
[2026-02-19 14:52:58,370][INFO] [Run 16] Running for Krylov dimension 8
[2026-02-19 14:54:57,037][INFO] [Run 16]
{
    "raw_unique_basis_states": 9350,
    "fermion_basis_rejected": 0,
    "kept_unique_basis_states": 9350,
    "fermion_shots_rejected": 0,
    "kept_shots": 10000
}
[2026-02-19 14:55:20,336][INFO] [Run 16]
{
    "D": 8,
    "t": 8.0,
    "num_trotter_steps": 1,
    "step_time": "0:02:21.966163",
    "H_reduce_time": "0:00:22.577476",
    "circuit_time": "0:01:58.646324",
    "shot_processing": {
        "raw_unique_basis_states": 9350,
        "fermion_basis_rejected": 0,
        "kept_unique_basis_states": 9350,
        "fermion_shots_rejected": 0,
        "kept_shots": 10000
    },
    "new_basis_count": 8347,
    "total_basis_count": 51714,
    "H_reduced_size": [
        51714,
        51714
    ],
    "reduction": 99.84588027000427,
    "H_reduced_e": 0.0006598600423681618,
    "used_dense": false,
    "eigenvalue_time": "0:00:00.739476",
    "diff": 0.0006598600423581362,
    "change_from_prev": 4.040982482610557e-05
}
[2026-02-19 14:55:20,336][INFO] [Run 16] Running for Krylov dimension 9
[2026-02-19 14:57:18,972][INFO] [Run 16]
{
    "raw_unique_basis_states": 9828,
    "fermion_basis_rejected": 0,
    "kept_unique_basis_states": 9828,
    "fermion_shots_rejected": 0,
    "kept_shots": 10000
}
[2026-02-19 14:57:45,797][INFO] [Run 16]
{
    "D": 9,
    "t": 9.0,
    "num_trotter_steps": 1,
    "step_time": "0:02:25.461314",
    "H_reduce_time": "0:00:26.269690",
    "circuit_time": "0:01:58.613790",
    "shot_processing": {
        "raw_unique_basis_states": 9828,
        "fermion_basis_rejected": 0,
        "kept_unique_basis_states": 9828,
        "fermion_shots_rejected": 0,
        "kept_shots": 10000
    },
    "new_basis_count": 9485,
    "total_basis_count": 61199,
    "H_reduced_size": [
        61199,
        61199
    ],
    "reduction": 99.81761276721954,
    "H_reduced_e": 0.0006595387113650127,
    "used_dense": false,
    "eigenvalue_time": "0:00:00.575230",
    "diff": 0.0006595387113549871,
    "change_from_prev": 3.2133100314911053e-07
}
[2026-02-19 14:57:45,798][INFO] [Run 16] Running for Krylov dimension 10
[2026-02-19 14:59:44,932][INFO] [Run 16]
{
    "raw_unique_basis_states": 9509,
    "fermion_basis_rejected": 0,
    "kept_unique_basis_states": 9509,
    "fermion_shots_rejected": 0,
    "kept_shots": 10000
}
[2026-02-19 15:00:14,895][INFO] [Run 16]
{
    "D": 10,
    "t": 10.0,
    "num_trotter_steps": 1,
    "step_time": "0:02:29.097573",
    "H_reduce_time": "0:00:29.293588",
    "circuit_time": "0:01:59.112159",
    "shot_processing": {
        "raw_unique_basis_states": 9509,
        "fermion_basis_rejected": 0,
        "kept_unique_basis_states": 9509,
        "fermion_shots_rejected": 0,
        "kept_shots": 10000
    },
    "new_basis_count": 9161,
    "total_basis_count": 70360,
    "H_reduced_size": [
        70360,
        70360
    ],
    "reduction": 99.79031085968018,
    "H_reduced_e": 0.0006584768302078355,
    "used_dense": false,
    "eigenvalue_time": "0:00:00.688999",
    "diff": 0.0006584768301978099,
    "change_from_prev": 1.0618811571771808e-06
}
[2026-02-19 15:00:14,896][INFO] [Run 16] Running for Krylov dimension 11
[2026-02-19 15:02:13,541][INFO] [Run 16]
{
    "raw_unique_basis_states": 9360,
    "fermion_basis_rejected": 0,
    "kept_unique_basis_states": 9360,
    "fermion_shots_rejected": 0,
    "kept_shots": 10000
}
[2026-02-19 15:02:47,465][INFO] [Run 16]
{
    "D": 11,
    "t": 11.0,
    "num_trotter_steps": 1,
    "step_time": "0:02:32.569041",
    "H_reduce_time": "0:00:33.114707",
    "circuit_time": "0:01:58.625911",
    "shot_processing": {
        "raw_unique_basis_states": 9360,
        "fermion_basis_rejected": 0,
        "kept_unique_basis_states": 9360,
        "fermion_shots_rejected": 0,
        "kept_shots": 10000
    },
    "new_basis_count": 8826,
    "total_basis_count": 79186,
    "H_reduced_size": [
        79186,
        79186
    ],
    "reduction": 99.7640073299408,
    "H_reduced_e": 0.0005867690734037888,
    "used_dense": false,
    "eigenvalue_time": "0:00:00.826484",
    "diff": 0.0005867690733937632,
    "change_from_prev": 7.170775680404669e-05
}
[2026-02-19 15:02:47,465][INFO] [Run 16] Running for Krylov dimension 12
[2026-02-19 15:04:46,111][INFO] [Run 16]
{
    "raw_unique_basis_states": 6138,
    "fermion_basis_rejected": 0,
    "kept_unique_basis_states": 6138,
    "fermion_shots_rejected": 0,
    "kept_shots": 10000
}
[2026-02-19 15:05:23,880][INFO] [Run 16]
{
    "D": 12,
    "t": 12.0,
    "num_trotter_steps": 1,
    "step_time": "0:02:36.414918",
    "H_reduce_time": "0:00:36.874156",
    "circuit_time": "0:01:58.631948",
    "shot_processing": {
        "raw_unique_basis_states": 6138,
        "fermion_basis_rejected": 0,
        "kept_unique_basis_states": 6138,
        "fermion_shots_rejected": 0,
        "kept_shots": 10000
    },
    "new_basis_count": 4596,
    "total_basis_count": 83782,
    "H_reduced_size": [
        83782,
        83782
    ],
    "reduction": 99.75031018257141,
    "H_reduced_e": 0.0005866947929757733,
    "used_dense": false,
    "eigenvalue_time": "0:00:00.906301",
    "diff": 0.0005866947929657477,
    "change_from_prev": 7.428042801552528e-08
}
[2026-02-19 15:05:23,880][INFO] [Run 16] Running for Krylov dimension 13
[2026-02-19 15:07:21,989][INFO] [Run 16]
{
    "raw_unique_basis_states": 2357,
    "fermion_basis_rejected": 0,
    "kept_unique_basis_states": 2357,
    "fermion_shots_rejected": 0,
    "kept_shots": 10000
}
[2026-02-19 15:08:01,056][INFO] [Run 16]
{
    "D": 13,
    "t": 13.0,
    "num_trotter_steps": 1,
    "step_time": "0:02:37.175402",
    "H_reduce_time": "0:00:38.054115",
    "circuit_time": "0:01:58.102065",
    "shot_processing": {
        "raw_unique_basis_states": 2357,
        "fermion_basis_rejected": 0,
        "kept_unique_basis_states": 2357,
        "fermion_shots_rejected": 0,
        "kept_shots": 10000
    },
    "new_basis_count": 1097,
    "total_basis_count": 84879,
    "H_reduced_size": [
        84879,
        84879
    ],
    "reduction": 99.74704086780548,
    "H_reduced_e": 0.000563496073148563,
    "used_dense": false,
    "eigenvalue_time": "0:00:01.016712",
    "diff": 0.0005634960731385374,
    "change_from_prev": 2.3198719827210307e-05
}
[2026-02-19 15:08:01,056][INFO] [Run 16] Running for Krylov dimension 14
[2026-02-19 15:09:59,245][INFO] [Run 16]
{
    "raw_unique_basis_states": 5700,
    "fermion_basis_rejected": 0,
    "kept_unique_basis_states": 5700,
    "fermion_shots_rejected": 0,
    "kept_shots": 10000
}
[2026-02-19 15:10:40,062][INFO] [Run 16]
{
    "D": 14,
    "t": 14.0,
    "num_trotter_steps": 1,
    "step_time": "0:02:39.006549",
    "H_reduce_time": "0:00:39.762264",
    "circuit_time": "0:01:58.175524",
    "shot_processing": {
        "raw_unique_basis_states": 5700,
        "fermion_basis_rejected": 0,
        "kept_unique_basis_states": 5700,
        "fermion_shots_rejected": 0,
        "kept_shots": 10000
    },
    "new_basis_count": 4342,
    "total_basis_count": 89221,
    "H_reduced_size": [
        89221,
        89221
    ],
    "reduction": 99.73410069942474,
    "H_reduced_e": 0.0005174806199216008,
    "used_dense": false,
    "eigenvalue_time": "0:00:01.066077",
    "diff": 0.0005174806199115752,
    "change_from_prev": 4.60154532269622e-05
}
[2026-02-19 15:10:40,063][INFO] [Run 16] Running for Krylov dimension 15
[2026-02-19 15:12:38,421][INFO] [Run 16]
{
    "raw_unique_basis_states": 9385,
    "fermion_basis_rejected": 0,
    "kept_unique_basis_states": 9385,
    "fermion_shots_rejected": 0,
    "kept_shots": 10000
}
[2026-02-19 15:13:22,629][INFO] [Run 16]
{
    "D": 15,
    "t": 15.0,
    "num_trotter_steps": 1,
    "step_time": "0:02:42.566199",
    "H_reduce_time": "0:00:43.000599",
    "circuit_time": "0:01:58.337670",
    "shot_processing": {
        "raw_unique_basis_states": 9385,
        "fermion_basis_rejected": 0,
        "kept_unique_basis_states": 9385,
        "fermion_shots_rejected": 0,
        "kept_shots": 10000
    },
    "new_basis_count": 8533,
    "total_basis_count": 97754,
    "H_reduced_size": [
        97754,
        97754
    ],
    "reduction": 99.70867037773132,
    "H_reduced_e": 0.0003095878786342102,
    "used_dense": false,
    "eigenvalue_time": "0:00:01.225274",
    "diff": 0.00030958787862418464,
    "change_from_prev": 0.00020789274128739057
}
[2026-02-19 15:13:22,629][INFO] [Run 16] Running for Krylov dimension 16
[2026-02-19 15:15:21,377][INFO] [Run 16]
{
    "raw_unique_basis_states": 9862,
    "fermion_basis_rejected": 0,
    "kept_unique_basis_states": 9862,
    "fermion_shots_rejected": 0,
    "kept_shots": 10000
}
[2026-02-19 15:16:11,138][INFO] [Run 16]
{
    "D": 16,
    "t": 16.0,
    "num_trotter_steps": 1,
    "step_time": "0:02:48.508727",
    "H_reduce_time": "0:00:48.381822",
    "circuit_time": "0:01:58.725995",
    "shot_processing": {
        "raw_unique_basis_states": 9862,
        "fermion_basis_rejected": 0,
        "kept_unique_basis_states": 9862,
        "fermion_shots_rejected": 0,
        "kept_shots": 10000
    },
    "new_basis_count": 9300,
    "total_basis_count": 107054,
    "H_reduced_size": [
        107054,
        107054
    ],
    "reduction": 99.68095421791077,
    "H_reduced_e": 0.00030958761867083104,
    "used_dense": false,
    "eigenvalue_time": "0:00:01.398144",
    "diff": 0.0003095876186608055,
    "change_from_prev": 2.5996337916535384e-10
}
[2026-02-19 15:16:11,138][INFO] [Run 16] Running for Krylov dimension 17
[2026-02-19 15:18:09,981][INFO] [Run 16]
{
    "raw_unique_basis_states": 9730,
    "fermion_basis_rejected": 0,
    "kept_unique_basis_states": 9730,
    "fermion_shots_rejected": 0,
    "kept_shots": 10000
}
[2026-02-19 15:19:03,055][INFO] [Run 16]
{
    "D": 17,
    "t": 17.0,
    "num_trotter_steps": 1,
    "step_time": "0:02:51.916662",
    "H_reduce_time": "0:00:51.427066",
    "circuit_time": "0:01:58.821028",
    "shot_processing": {
        "raw_unique_basis_states": 9730,
        "fermion_basis_rejected": 0,
        "kept_unique_basis_states": 9730,
        "fermion_shots_rejected": 0,
        "kept_shots": 10000
    },
    "new_basis_count": 8880,
    "total_basis_count": 115934,
    "H_reduced_size": [
        115934,
        115934
    ],
    "reduction": 99.6544897556305,
    "H_reduced_e": 0.0003072312266708859,
    "used_dense": false,
    "eigenvalue_time": "0:00:01.665855",
    "diff": 0.0003072312266608603,
    "change_from_prev": 2.356391999945161e-06
}
[2026-02-19 15:19:03,055][INFO] [Run 16] Running for Krylov dimension 18
[2026-02-19 15:21:03,139][INFO] [Run 16]
{
    "raw_unique_basis_states": 7755,
    "fermion_basis_rejected": 0,
    "kept_unique_basis_states": 7755,
    "fermion_shots_rejected": 0,
    "kept_shots": 10000
}
[2026-02-19 15:22:01,178][INFO] [Run 16]
{
    "D": 18,
    "t": 18.0,
    "num_trotter_steps": 1,
    "step_time": "0:02:58.122289",
    "H_reduce_time": "0:00:56.328812",
    "circuit_time": "0:02:00.065755",
    "shot_processing": {
        "raw_unique_basis_states": 7755,
        "fermion_basis_rejected": 0,
        "kept_unique_basis_states": 7755,
        "fermion_shots_rejected": 0,
        "kept_shots": 10000
    },
    "new_basis_count": 5771,
    "total_basis_count": 121705,
    "H_reduced_size": [
        121705,
        121705
    ],
    "reduction": 99.63729083538055,
    "H_reduced_e": 0.0003065943337334567,
    "used_dense": false,
    "eigenvalue_time": "0:00:01.724863",
    "diff": 0.00030659433372343114,
    "change_from_prev": 6.368929374291695e-07
}
[2026-02-19 15:22:01,178][INFO] [Run 16] Running for Krylov dimension 19
[2026-02-19 15:23:59,680][INFO] [Run 16]
{
    "raw_unique_basis_states": 6774,
    "fermion_basis_rejected": 0,
    "kept_unique_basis_states": 6774,
    "fermion_shots_rejected": 0,
    "kept_shots": 10000
}
[2026-02-19 15:25:01,693][INFO] [Run 16]
{
    "D": 19,
    "t": 19.0,
    "num_trotter_steps": 1,
    "step_time": "0:03:00.515251",
    "H_reduce_time": "0:01:00.183155",
    "circuit_time": "0:01:58.486277",
    "shot_processing": {
        "raw_unique_basis_states": 6774,
        "fermion_basis_rejected": 0,
        "kept_unique_basis_states": 6774,
        "fermion_shots_rejected": 0,
        "kept_shots": 10000
    },
    "new_basis_count": 4574,
    "total_basis_count": 126279,
    "H_reduced_size": [
        126279,
        126279
    ],
    "reduction": 99.62365925312042,
    "H_reduced_e": 0.0002922048269213914,
    "used_dense": false,
    "eigenvalue_time": "0:00:01.843174",
    "diff": 0.00029220482691136583,
    "change_from_prev": 1.4389506812065311e-05
}
[2026-02-19 15:25:01,693][INFO] [Run 16] Running for Krylov dimension 20
[2026-02-19 15:27:00,499][INFO] [Run 16]
{
    "raw_unique_basis_states": 7061,
    "fermion_basis_rejected": 0,
    "kept_unique_basis_states": 7061,
    "fermion_shots_rejected": 0,
    "kept_shots": 10000
}
[2026-02-19 15:28:07,632][INFO] [Run 16]
{
    "D": 20,
    "t": 20.0,
    "num_trotter_steps": 1,
    "step_time": "0:03:05.938377",
    "H_reduce_time": "0:01:05.236633",
    "circuit_time": "0:01:58.789559",
    "shot_processing": {
        "raw_unique_basis_states": 7061,
        "fermion_basis_rejected": 0,
        "kept_unique_basis_states": 7061,
        "fermion_shots_rejected": 0,
        "kept_shots": 10000
    },
    "new_basis_count": 3989,
    "total_basis_count": 130268,
    "H_reduced_size": [
        130268,
        130268
    ],
    "reduction": 99.61177110671997,
    "H_reduced_e": 0.0002855508026244381,
    "used_dense": false,
    "eigenvalue_time": "0:00:01.909410",
    "diff": 0.0002855508026144125,
    "change_from_prev": 6.654024296953319e-06
}
[2026-02-19 15:28:07,636][INFO] [Run 16] Done
