[2026-02-19 13:47:38,551][INFO] Running VQE for linear potential and cutoff 16
[2026-02-19 13:47:38,556][INFO] Truncation: {'m': 283, 'n': 3276, 'keep_frac_terms': 0.08638583638583638, 'keep_ratio': 0.999, 'truncated': 2.163271863607406, 'total_weight': 2171.2812500000505}
[2026-02-19 13:47:38,559][INFO] min_eigenvalue: 1.0025589899691666e-14
[2026-02-19 13:47:39,374][INFO] []
[2026-02-19 13:48:36,315][INFO] Running VQE for linear potential and cutoff 16
[2026-02-19 13:48:36,318][INFO] Truncation: {'m': 283, 'n': 3276, 'keep_frac_terms': 0.08638583638583638, 'keep_ratio': 0.999, 'truncated': 2.163271863607406, 'total_weight': 2171.2812500000505}
[2026-02-19 13:48:36,321][INFO] min_eigenvalue: 1.0025589899691666e-14
[2026-02-19 13:48:37,325][INFO] []
[2026-02-19 13:48:40,124][INFO] [Run 0] Running for Krylov dimension 1
[2026-02-19 13:50:38,536][INFO] [Run 0]
{
    "raw_unique_basis_states": 446,
    "fermion_basis_rejected": 0,
    "kept_unique_basis_states": 446,
    "fermion_shots_rejected": 0,
    "kept_shots": 10000
}
[2026-02-19 13:50:38,809][INFO] [Run 0]
{
    "D": 1,
    "t": 1.0,
    "num_trotter_steps": 1,
    "step_time": "0:01:58.684778",
    "H_reduce_time": "0:00:00.141888",
    "circuit_time": "0:01:58.410199",
    "shot_processing": {
        "raw_unique_basis_states": 446,
        "fermion_basis_rejected": 0,
        "kept_unique_basis_states": 446,
        "fermion_shots_rejected": 0,
        "kept_shots": 10000
    },
    "new_basis_count": 446,
    "total_basis_count": 446,
    "H_reduced_size": [
        446,
        446
    ],
    "reduction": 99.99867081642151,
    "H_reduced_e": 0.0010289016067995599,
    "used_dense": true,
    "eigenvalue_time": "0:00:00.131291",
    "diff": 0.0010289016067895342,
    "change_from_prev": null
}
[2026-02-19 13:50:38,809][INFO] [Run 0] Running for Krylov dimension 2
[2026-02-19 13:52:37,413][INFO] [Run 0]
{
    "raw_unique_basis_states": 7227,
    "fermion_basis_rejected": 0,
    "kept_unique_basis_states": 7227,
    "fermion_shots_rejected": 0,
    "kept_shots": 10000
}
[2026-02-19 13:52:40,046][INFO] [Run 0]
{
    "D": 2,
    "t": 2.0,
    "num_trotter_steps": 1,
    "step_time": "0:02:01.237416",
    "H_reduce_time": "0:00:02.590105",
    "circuit_time": "0:01:58.588470",
    "shot_processing": {
        "raw_unique_basis_states": 7227,
        "fermion_basis_rejected": 0,
        "kept_unique_basis_states": 7227,
        "fermion_shots_rejected": 0,
        "kept_shots": 10000
    },
    "new_basis_count": 7126,
    "total_basis_count": 7572,
    "H_reduced_size": [
        7572,
        7572
    ],
    "reduction": 99.97743368148804,
    "H_reduced_e": 0.0008356843382681548,
    "used_dense": false,
    "eigenvalue_time": "0:00:00.056229",
    "diff": 0.0008356843382581291,
    "change_from_prev": 0.0001932172685314051
}
[2026-02-19 13:52:40,047][INFO] [Run 0] Running for Krylov dimension 3
[2026-02-19 13:54:38,808][INFO] [Run 0]
{
    "raw_unique_basis_states": 9214,
    "fermion_basis_rejected": 0,
    "kept_unique_basis_states": 9214,
    "fermion_shots_rejected": 0,
    "kept_shots": 10000
}
[2026-02-19 13:54:44,503][INFO] [Run 0]
{
    "D": 3,
    "t": 3.0,
    "num_trotter_steps": 1,
    "step_time": "0:02:04.456186",
    "H_reduce_time": "0:00:05.593822",
    "circuit_time": "0:01:58.741325",
    "shot_processing": {
        "raw_unique_basis_states": 9214,
        "fermion_basis_rejected": 0,
        "kept_unique_basis_states": 9214,
        "fermion_shots_rejected": 0,
        "kept_shots": 10000
    },
    "new_basis_count": 8907,
    "total_basis_count": 16479,
    "H_reduced_size": [
        16479,
        16479
    ],
    "reduction": 99.95088875293732,
    "H_reduced_e": 0.0008026924352323377,
    "used_dense": false,
    "eigenvalue_time": "0:00:00.118629",
    "diff": 0.0008026924352223121,
    "change_from_prev": 3.299190303581703e-05
}
[2026-02-19 13:54:44,503][INFO] [Run 0] Running for Krylov dimension 4
[2026-02-19 13:56:44,585][INFO] [Run 0]
{
    "raw_unique_basis_states": 9101,
    "fermion_basis_rejected": 0,
    "kept_unique_basis_states": 9101,
    "fermion_shots_rejected": 0,
    "kept_shots": 10000
}
[2026-02-19 13:56:53,550][INFO] [Run 0]
{
    "D": 4,
    "t": 4.0,
    "num_trotter_steps": 1,
    "step_time": "0:02:09.047196",
    "H_reduce_time": "0:00:08.775634",
    "circuit_time": "0:02:00.061974",
    "shot_processing": {
        "raw_unique_basis_states": 9101,
        "fermion_basis_rejected": 0,
        "kept_unique_basis_states": 9101,
        "fermion_shots_rejected": 0,
        "kept_shots": 10000
    },
    "new_basis_count": 8865,
    "total_basis_count": 25344,
    "H_reduced_size": [
        25344,
        25344
    ],
    "reduction": 99.92446899414062,
    "H_reduced_e": 0.0007481651519633477,
    "used_dense": false,
    "eigenvalue_time": "0:00:00.207017",
    "diff": 0.0007481651519533221,
    "change_from_prev": 5.452728326899004e-05
}
[2026-02-19 13:56:53,551][INFO] [Run 0] Running for Krylov dimension 5
[2026-02-19 13:58:52,916][INFO] [Run 0]
{
    "raw_unique_basis_states": 8126,
    "fermion_basis_rejected": 0,
    "kept_unique_basis_states": 8126,
    "fermion_shots_rejected": 0,
    "kept_shots": 10000
}
[2026-02-19 13:59:05,659][INFO] [Run 0]
{
    "D": 5,
    "t": 5.0,
    "num_trotter_steps": 1,
    "step_time": "0:02:12.108625",
    "H_reduce_time": "0:00:12.464215",
    "circuit_time": "0:01:59.347289",
    "shot_processing": {
        "raw_unique_basis_states": 8126,
        "fermion_basis_rejected": 0,
        "kept_unique_basis_states": 8126,
        "fermion_shots_rejected": 0,
        "kept_shots": 10000
    },
    "new_basis_count": 7631,
    "total_basis_count": 32975,
    "H_reduced_size": [
        32975,
        32975
    ],
    "reduction": 99.90172684192657,
    "H_reduced_e": 0.0007190487135396896,
    "used_dense": false,
    "eigenvalue_time": "0:00:00.294314",
    "diff": 0.000719048713529664,
    "change_from_prev": 2.9116438423658093e-05
}
[2026-02-19 13:59:05,660][INFO] [Run 0] Running for Krylov dimension 6
[2026-02-19 14:01:05,752][INFO] [Run 0]
{
    "raw_unique_basis_states": 6250,
    "fermion_basis_rejected": 0,
    "kept_unique_basis_states": 6250,
    "fermion_shots_rejected": 0,
    "kept_shots": 10000
}
[2026-02-19 14:01:21,860][INFO] [Run 0]
{
    "D": 6,
    "t": 6.0,
    "num_trotter_steps": 1,
    "step_time": "0:02:16.200699",
    "H_reduce_time": "0:00:15.796760",
    "circuit_time": "0:02:00.077090",
    "shot_processing": {
        "raw_unique_basis_states": 6250,
        "fermion_basis_rejected": 0,
        "kept_unique_basis_states": 6250,
        "fermion_shots_rejected": 0,
        "kept_shots": 10000
    },
    "new_basis_count": 5423,
    "total_basis_count": 38398,
    "H_reduced_size": [
        38398,
        38398
    ],
    "reduction": 99.88556504249573,
    "H_reduced_e": 0.0007087859259610153,
    "used_dense": false,
    "eigenvalue_time": "0:00:00.323995",
    "diff": 0.0007087859259509897,
    "change_from_prev": 1.0262787578674292e-05
}
[2026-02-19 14:01:21,861][INFO] [Run 0] Running for Krylov dimension 7
[2026-02-19 14:03:20,924][INFO] [Run 0]
{
    "raw_unique_basis_states": 6639,
    "fermion_basis_rejected": 0,
    "kept_unique_basis_states": 6639,
    "fermion_shots_rejected": 0,
    "kept_shots": 10000
}
[2026-02-19 14:03:40,154][INFO] [Run 0]
{
    "D": 7,
    "t": 7.0,
    "num_trotter_steps": 1,
    "step_time": "0:02:18.292927",
    "H_reduce_time": "0:00:18.795662",
    "circuit_time": "0:01:59.048058",
    "shot_processing": {
        "raw_unique_basis_states": 6639,
        "fermion_basis_rejected": 0,
        "kept_unique_basis_states": 6639,
        "fermion_shots_rejected": 0,
        "kept_shots": 10000
    },
    "new_basis_count": 5037,
    "total_basis_count": 43435,
    "H_reduced_size": [
        43435,
        43435
    ],
    "reduction": 99.87055361270905,
    "H_reduced_e": 0.0006130223504337499,
    "used_dense": false,
    "eigenvalue_time": "0:00:00.446583",
    "diff": 0.0006130223504237243,
    "change_from_prev": 9.57635755272654e-05
}
[2026-02-19 14:03:40,154][INFO] [Run 0] Running for Krylov dimension 8
[2026-02-19 14:05:38,985][INFO] [Run 0]
{
    "raw_unique_basis_states": 9372,
    "fermion_basis_rejected": 0,
    "kept_unique_basis_states": 9372,
    "fermion_shots_rejected": 0,
    "kept_shots": 10000
}
[2026-02-19 14:06:02,081][INFO] [Run 0]
{
    "D": 8,
    "t": 8.0,
    "num_trotter_steps": 1,
    "step_time": "0:02:21.926897",
    "H_reduce_time": "0:00:22.585091",
    "circuit_time": "0:01:58.810647",
    "shot_processing": {
        "raw_unique_basis_states": 9372,
        "fermion_basis_rejected": 0,
        "kept_unique_basis_states": 9372,
        "fermion_shots_rejected": 0,
        "kept_shots": 10000
    },
    "new_basis_count": 8347,
    "total_basis_count": 51782,
    "H_reduced_size": [
        51782,
        51782
    ],
    "reduction": 99.84567761421204,
    "H_reduced_e": 0.0005945136896492922,
    "used_dense": false,
    "eigenvalue_time": "0:00:00.528894",
    "diff": 0.0005945136896392666,
    "change_from_prev": 1.850866078445773e-05
}
[2026-02-19 14:06:02,082][INFO] [Run 0] Running for Krylov dimension 9
[2026-02-19 14:08:00,888][INFO] [Run 0]
{
    "raw_unique_basis_states": 9824,
    "fermion_basis_rejected": 0,
    "kept_unique_basis_states": 9824,
    "fermion_shots_rejected": 0,
    "kept_shots": 10000
}
[2026-02-19 14:08:27,450][INFO] [Run 0]
{
    "D": 9,
    "t": 9.0,
    "num_trotter_steps": 1,
    "step_time": "0:02:25.367359",
    "H_reduce_time": "0:00:25.940045",
    "circuit_time": "0:01:58.783207",
    "shot_processing": {
        "raw_unique_basis_states": 9824,
        "fermion_basis_rejected": 0,
        "kept_unique_basis_states": 9824,
        "fermion_shots_rejected": 0,
        "kept_shots": 10000
    },
    "new_basis_count": 9499,
    "total_basis_count": 61281,
    "H_reduced_size": [
        61281,
        61281
    ],
    "reduction": 99.81736838817596,
    "H_reduced_e": 0.0005931151553547963,
    "used_dense": false,
    "eigenvalue_time": "0:00:00.641091",
    "diff": 0.0005931151553447706,
    "change_from_prev": 1.3985342944959102e-06
}
[2026-02-19 14:08:27,450][INFO] [Run 0] Running for Krylov dimension 10
[2026-02-19 14:10:26,197][INFO] [Run 0]
{
    "raw_unique_basis_states": 9513,
    "fermion_basis_rejected": 0,
    "kept_unique_basis_states": 9513,
    "fermion_shots_rejected": 0,
    "kept_shots": 10000
}
[2026-02-19 14:10:57,652][INFO] [Run 0]
{
    "D": 10,
    "t": 10.0,
    "num_trotter_steps": 1,
    "step_time": "0:02:30.201947",
    "H_reduce_time": "0:00:30.720377",
    "circuit_time": "0:01:58.726209",
    "shot_processing": {
        "raw_unique_basis_states": 9513,
        "fermion_basis_rejected": 0,
        "kept_unique_basis_states": 9513,
        "fermion_shots_rejected": 0,
        "kept_shots": 10000
    },
    "new_basis_count": 9173,
    "total_basis_count": 70454,
    "H_reduced_size": [
        70454,
        70454
    ],
    "reduction": 99.79003071784973,
    "H_reduced_e": 0.0005832728829551322,
    "used_dense": false,
    "eigenvalue_time": "0:00:00.752548",
    "diff": 0.0005832728829451066,
    "change_from_prev": 9.842272399664055e-06
}
[2026-02-19 14:10:57,652][INFO] [Run 0] Running for Krylov dimension 11
[2026-02-19 14:12:56,287][INFO] [Run 0]
{
    "raw_unique_basis_states": 9363,
    "fermion_basis_rejected": 0,
    "kept_unique_basis_states": 9363,
    "fermion_shots_rejected": 0,
    "kept_shots": 10000
}
[2026-02-19 14:13:32,072][INFO] [Run 0]
{
    "D": 11,
    "t": 11.0,
    "num_trotter_steps": 1,
    "step_time": "0:02:34.419316",
    "H_reduce_time": "0:00:34.929218",
    "circuit_time": "0:01:58.613917",
    "shot_processing": {
        "raw_unique_basis_states": 9363,
        "fermion_basis_rejected": 0,
        "kept_unique_basis_states": 9363,
        "fermion_shots_rejected": 0,
        "kept_shots": 10000
    },
    "new_basis_count": 8821,
    "total_basis_count": 79275,
    "H_reduced_size": [
        79275,
        79275
    ],
    "reduction": 99.76374208927155,
    "H_reduced_e": 0.0005715595066419054,
    "used_dense": false,
    "eigenvalue_time": "0:00:00.873605",
    "diff": 0.0005715595066318798,
    "change_from_prev": 1.1713376313226783e-05
}
[2026-02-19 14:13:32,072][INFO] [Run 0] Running for Krylov dimension 12
[2026-02-19 14:15:30,813][INFO] [Run 0]
{
    "raw_unique_basis_states": 6190,
    "fermion_basis_rejected": 0,
    "kept_unique_basis_states": 6190,
    "fermion_shots_rejected": 0,
    "kept_shots": 10000
}
[2026-02-19 14:16:10,119][INFO] [Run 0]
{
    "D": 12,
    "t": 12.0,
    "num_trotter_steps": 1,
    "step_time": "0:02:38.047281",
    "H_reduce_time": "0:00:38.340936",
    "circuit_time": "0:01:58.726606",
    "shot_processing": {
        "raw_unique_basis_states": 6190,
        "fermion_basis_rejected": 0,
        "kept_unique_basis_states": 6190,
        "fermion_shots_rejected": 0,
        "kept_shots": 10000
    },
    "new_basis_count": 4697,
    "total_basis_count": 83972,
    "H_reduced_size": [
        83972,
        83972
    ],
    "reduction": 99.74974393844604,
    "H_reduced_e": 0.0005659663468752835,
    "used_dense": false,
    "eigenvalue_time": "0:00:00.977181",
    "diff": 0.0005659663468652579,
    "change_from_prev": 5.593159766621942e-06
}
[2026-02-19 14:16:10,119][INFO] [Run 0] Running for Krylov dimension 13
[2026-02-19 14:18:08,652][INFO] [Run 0]
{
    "raw_unique_basis_states": 2370,
    "fermion_basis_rejected": 0,
    "kept_unique_basis_states": 2370,
    "fermion_shots_rejected": 0,
    "kept_shots": 10000
}
[2026-02-19 14:18:47,907][INFO] [Run 0]
{
    "D": 13,
    "t": 13.0,
    "num_trotter_steps": 1,
    "step_time": "0:02:37.787674",
    "H_reduce_time": "0:00:38.297198",
    "circuit_time": "0:01:58.524783",
    "shot_processing": {
        "raw_unique_basis_states": 2370,
        "fermion_basis_rejected": 0,
        "kept_unique_basis_states": 2370,
        "fermion_shots_rejected": 0,
        "kept_shots": 10000
    },
    "new_basis_count": 1163,
    "total_basis_count": 85135,
    "H_reduced_size": [
        85135,
        85135
    ],
    "reduction": 99.74627792835236,
    "H_reduced_e": 0.0005558109767520133,
    "used_dense": false,
    "eigenvalue_time": "0:00:00.962977",
    "diff": 0.0005558109767419876,
    "change_from_prev": 1.0155370123270222e-05
}
[2026-02-19 14:18:47,907][INFO] [Run 0] Running for Krylov dimension 14
[2026-02-19 14:20:46,078][INFO] [Run 0]
{
    "raw_unique_basis_states": 5671,
    "fermion_basis_rejected": 0,
    "kept_unique_basis_states": 5671,
    "fermion_shots_rejected": 0,
    "kept_shots": 10000
}
[2026-02-19 14:21:27,643][INFO] [Run 0]
{
    "D": 14,
    "t": 14.0,
    "num_trotter_steps": 1,
    "step_time": "0:02:39.734997",
    "H_reduce_time": "0:00:40.527140",
    "circuit_time": "0:01:58.156470",
    "shot_processing": {
        "raw_unique_basis_states": 5671,
        "fermion_basis_rejected": 0,
        "kept_unique_basis_states": 5671,
        "fermion_shots_rejected": 0,
        "kept_shots": 10000
    },
    "new_basis_count": 4312,
    "total_basis_count": 89447,
    "H_reduced_size": [
        89447,
        89447
    ],
    "reduction": 99.73342716693878,
    "H_reduced_e": 0.0002812562408313395,
    "used_dense": false,
    "eigenvalue_time": "0:00:01.048342",
    "diff": 0.0002812562408213139,
    "change_from_prev": 0.0002745547359206738
}
[2026-02-19 14:21:27,643][INFO] [Run 0] Running for Krylov dimension 15
[2026-02-19 14:23:26,161][INFO] [Run 0]
{
    "raw_unique_basis_states": 9417,
    "fermion_basis_rejected": 0,
    "kept_unique_basis_states": 9417,
    "fermion_shots_rejected": 0,
    "kept_shots": 10000
}
[2026-02-19 14:24:14,618][INFO] [Run 0]
{
    "D": 15,
    "t": 15.0,
    "num_trotter_steps": 1,
    "step_time": "0:02:46.975542",
    "H_reduce_time": "0:00:47.148237",
    "circuit_time": "0:01:58.497249",
    "shot_processing": {
        "raw_unique_basis_states": 9417,
        "fermion_basis_rejected": 0,
        "kept_unique_basis_states": 9417,
        "fermion_shots_rejected": 0,
        "kept_shots": 10000
    },
    "new_basis_count": 8628,
    "total_basis_count": 98075,
    "H_reduced_size": [
        98075,
        98075
    ],
    "reduction": 99.70771372318268,
    "H_reduced_e": 0.00028024493530592464,
    "used_dense": false,
    "eigenvalue_time": "0:00:01.327258",
    "diff": 0.0002802449352958991,
    "change_from_prev": 1.0113055254148441e-06
}
[2026-02-19 14:24:14,619][INFO] [Run 0] Running for Krylov dimension 16
[2026-02-19 14:26:13,399][INFO] [Run 0]
{
    "raw_unique_basis_states": 9829,
    "fermion_basis_rejected": 0,
    "kept_unique_basis_states": 9829,
    "fermion_shots_rejected": 0,
    "kept_shots": 10000
}
[2026-02-19 14:27:03,964][INFO] [Run 0]
{
    "D": 16,
    "t": 16.0,
    "num_trotter_steps": 1,
    "step_time": "0:02:49.345675",
    "H_reduce_time": "0:00:48.944816",
    "circuit_time": "0:01:58.758152",
    "shot_processing": {
        "raw_unique_basis_states": 9829,
        "fermion_basis_rejected": 0,
        "kept_unique_basis_states": 9829,
        "fermion_shots_rejected": 0,
        "kept_shots": 10000
    },
    "new_basis_count": 9242,
    "total_basis_count": 107317,
    "H_reduced_size": [
        107317,
        107317
    ],
    "reduction": 99.68017041683197,
    "H_reduced_e": 0.00028023628206956373,
    "used_dense": false,
    "eigenvalue_time": "0:00:01.639669",
    "diff": 0.00028023628205953817,
    "change_from_prev": 8.65323636090867e-09
}
[2026-02-19 14:27:03,964][INFO] [Run 0] Running for Krylov dimension 17
[2026-02-19 14:29:02,779][INFO] [Run 0]
{
    "raw_unique_basis_states": 9736,
    "fermion_basis_rejected": 0,
    "kept_unique_basis_states": 9736,
    "fermion_shots_rejected": 0,
    "kept_shots": 10000
}
[2026-02-19 14:29:58,289][INFO] [Run 0]
{
    "D": 17,
    "t": 17.0,
    "num_trotter_steps": 1,
    "step_time": "0:02:54.324218",
    "H_reduce_time": "0:00:53.851769",
    "circuit_time": "0:01:58.792959",
    "shot_processing": {
        "raw_unique_basis_states": 9736,
        "fermion_basis_rejected": 0,
        "kept_unique_basis_states": 9736,
        "fermion_shots_rejected": 0,
        "kept_shots": 10000
    },
    "new_basis_count": 8919,
    "total_basis_count": 116236,
    "H_reduced_size": [
        116236,
        116236
    ],
    "reduction": 99.65358972549438,
    "H_reduced_e": 0.00027689795270049734,
    "used_dense": false,
    "eigenvalue_time": "0:00:01.676743",
    "diff": 0.0002768979526904718,
    "change_from_prev": 3.3383293690663913e-06
}
[2026-02-19 14:29:58,289][INFO] [Run 0] Running for Krylov dimension 18
[2026-02-19 14:31:57,002][INFO] [Run 0]
{
    "raw_unique_basis_states": 7728,
    "fermion_basis_rejected": 0,
    "kept_unique_basis_states": 7728,
    "fermion_shots_rejected": 0,
    "kept_shots": 10000
}
[2026-02-19 14:32:57,370][INFO] [Run 0]
{
    "D": 18,
    "t": 18.0,
    "num_trotter_steps": 1,
    "step_time": "0:02:59.081250",
    "H_reduce_time": "0:00:58.621147",
    "circuit_time": "0:01:58.696051",
    "shot_processing": {
        "raw_unique_basis_states": 7728,
        "fermion_basis_rejected": 0,
        "kept_unique_basis_states": 7728,
        "fermion_shots_rejected": 0,
        "kept_shots": 10000
    },
    "new_basis_count": 5850,
    "total_basis_count": 122086,
    "H_reduced_size": [
        122086,
        122086
    ],
    "reduction": 99.63615536689758,
    "H_reduced_e": 0.0002742395805498476,
    "used_dense": false,
    "eigenvalue_time": "0:00:01.761885",
    "diff": 0.000274239580539822,
    "change_from_prev": 2.6583721506497613e-06
}
[2026-02-19 14:32:57,371][INFO] [Run 0] Running for Krylov dimension 19
[2026-02-19 14:34:55,927][INFO] [Run 0]
{
    "raw_unique_basis_states": 6772,
    "fermion_basis_rejected": 0,
    "kept_unique_basis_states": 6772,
    "fermion_shots_rejected": 0,
    "kept_shots": 10000
}
[2026-02-19 14:36:00,172][INFO] [Run 0]
{
    "D": 19,
    "t": 19.0,
    "num_trotter_steps": 1,
    "step_time": "0:03:02.801618",
    "H_reduce_time": "0:01:02.362059",
    "circuit_time": "0:01:58.539906",
    "shot_processing": {
        "raw_unique_basis_states": 6772,
        "fermion_basis_rejected": 0,
        "kept_unique_basis_states": 6772,
        "fermion_shots_rejected": 0,
        "kept_shots": 10000
    },
    "new_basis_count": 4525,
    "total_basis_count": 126611,
    "H_reduced_size": [
        126611,
        126611
    ],
    "reduction": 99.62266981601715,
    "H_reduced_e": 0.00027379825513305033,
    "used_dense": false,
    "eigenvalue_time": "0:00:01.896708",
    "diff": 0.00027379825512302477,
    "change_from_prev": 4.4132541679724625e-07
}
[2026-02-19 14:36:00,172][INFO] [Run 0] Running for Krylov dimension 20
[2026-02-19 14:37:58,890][INFO] [Run 0]
{
    "raw_unique_basis_states": 7078,
    "fermion_basis_rejected": 0,
    "kept_unique_basis_states": 7078,
    "fermion_shots_rejected": 0,
    "kept_shots": 10000
}
[2026-02-19 14:39:07,630][INFO] [Run 0]
{
    "D": 20,
    "t": 20.0,
    "num_trotter_steps": 1,
    "step_time": "0:03:07.457179",
    "H_reduce_time": "0:01:06.899411",
    "circuit_time": "0:01:58.701786",
    "shot_processing": {
        "raw_unique_basis_states": 7078,
        "fermion_basis_rejected": 0,
        "kept_unique_basis_states": 7078,
        "fermion_shots_rejected": 0,
        "kept_shots": 10000
    },
    "new_basis_count": 4013,
    "total_basis_count": 130624,
    "H_reduced_size": [
        130624,
        130624
    ],
    "reduction": 99.61071014404297,
    "H_reduced_e": 0.00027255274590350163,
    "used_dense": false,
    "eigenvalue_time": "0:00:01.853198",
    "diff": 0.00027255274589347607,
    "change_from_prev": 1.2455092295486983e-06
}
[2026-02-19 14:39:07,633][INFO] [Run 0] Done
