[2026-02-19 13:50:06,301][INFO] Running VQE for linear potential and cutoff 16
[2026-02-19 13:50:06,304][INFO] Truncation: {'m': 283, 'n': 3276, 'keep_frac_terms': 0.08638583638583638, 'keep_ratio': 0.999, 'truncated': 2.163271863607406, 'total_weight': 2171.2812500000505}
[2026-02-19 13:50:06,307][INFO] min_eigenvalue: 1.0025589899691666e-14
[2026-02-19 13:50:07,159][INFO] []
[2026-02-19 13:50:10,001][INFO] [Run 5] Running for Krylov dimension 1
[2026-02-19 13:52:08,304][INFO] [Run 5]
{
    "raw_unique_basis_states": 421,
    "fermion_basis_rejected": 0,
    "kept_unique_basis_states": 421,
    "fermion_shots_rejected": 0,
    "kept_shots": 10000
}
[2026-02-19 13:52:08,559][INFO] [Run 5]
{
    "D": 1,
    "t": 1.0,
    "num_trotter_steps": 1,
    "step_time": "0:01:58.557896",
    "H_reduce_time": "0:00:00.139043",
    "circuit_time": "0:01:58.301106",
    "shot_processing": {
        "raw_unique_basis_states": 421,
        "fermion_basis_rejected": 0,
        "kept_unique_basis_states": 421,
        "fermion_shots_rejected": 0,
        "kept_shots": 10000
    },
    "new_basis_count": 421,
    "total_basis_count": 421,
    "H_reduced_size": [
        421,
        421
    ],
    "reduction": 99.99874532222748,
    "H_reduced_e": 0.0012557053752594958,
    "used_dense": true,
    "eigenvalue_time": "0:00:00.116181",
    "diff": 0.0012557053752494701,
    "change_from_prev": null
}
[2026-02-19 13:52:08,559][INFO] [Run 5] Running for Krylov dimension 2
[2026-02-19 13:54:07,118][INFO] [Run 5]
{
    "raw_unique_basis_states": 7236,
    "fermion_basis_rejected": 0,
    "kept_unique_basis_states": 7236,
    "fermion_shots_rejected": 0,
    "kept_shots": 10000
}
[2026-02-19 13:54:09,740][INFO] [Run 5]
{
    "D": 2,
    "t": 2.0,
    "num_trotter_steps": 1,
    "step_time": "0:02:01.181324",
    "H_reduce_time": "0:00:02.580598",
    "circuit_time": "0:01:58.543280",
    "shot_processing": {
        "raw_unique_basis_states": 7236,
        "fermion_basis_rejected": 0,
        "kept_unique_basis_states": 7236,
        "fermion_shots_rejected": 0,
        "kept_shots": 10000
    },
    "new_basis_count": 7136,
    "total_basis_count": 7557,
    "H_reduced_size": [
        7557,
        7557
    ],
    "reduction": 99.97747838497162,
    "H_reduced_e": 0.0010693393696227535,
    "used_dense": false,
    "eigenvalue_time": "0:00:00.054920",
    "diff": 0.0010693393696127279,
    "change_from_prev": 0.00018636600563674225
}
[2026-02-19 13:54:09,740][INFO] [Run 5] Running for Krylov dimension 3
[2026-02-19 13:56:08,608][INFO] [Run 5]
{
    "raw_unique_basis_states": 9152,
    "fermion_basis_rejected": 0,
    "kept_unique_basis_states": 9152,
    "fermion_shots_rejected": 0,
    "kept_shots": 10000
}
[2026-02-19 13:56:14,266][INFO] [Run 5]
{
    "D": 3,
    "t": 3.0,
    "num_trotter_steps": 1,
    "step_time": "0:02:04.525840",
    "H_reduce_time": "0:00:05.561619",
    "circuit_time": "0:01:58.847713",
    "shot_processing": {
        "raw_unique_basis_states": 9152,
        "fermion_basis_rejected": 0,
        "kept_unique_basis_states": 9152,
        "fermion_shots_rejected": 0,
        "kept_shots": 10000
    },
    "new_basis_count": 8854,
    "total_basis_count": 16411,
    "H_reduced_size": [
        16411,
        16411
    ],
    "reduction": 99.95109140872955,
    "H_reduced_e": 0.0010569934811231296,
    "used_dense": false,
    "eigenvalue_time": "0:00:00.114269",
    "diff": 0.001056993481113104,
    "change_from_prev": 1.2345888499623895e-05
}
[2026-02-19 13:56:14,267][INFO] [Run 5] Running for Krylov dimension 4
[2026-02-19 13:58:12,793][INFO] [Run 5]
{
    "raw_unique_basis_states": 9082,
    "fermion_basis_rejected": 0,
    "kept_unique_basis_states": 9082,
    "fermion_shots_rejected": 0,
    "kept_shots": 10000
}
[2026-02-19 13:58:21,635][INFO] [Run 5]
{
    "D": 4,
    "t": 4.0,
    "num_trotter_steps": 1,
    "step_time": "0:02:07.367731",
    "H_reduce_time": "0:00:08.669645",
    "circuit_time": "0:01:58.505472",
    "shot_processing": {
        "raw_unique_basis_states": 9082,
        "fermion_basis_rejected": 0,
        "kept_unique_basis_states": 9082,
        "fermion_shots_rejected": 0,
        "kept_shots": 10000
    },
    "new_basis_count": 8845,
    "total_basis_count": 25256,
    "H_reduced_size": [
        25256,
        25256
    ],
    "reduction": 99.92473125457764,
    "H_reduced_e": 0.0008039470690993376,
    "used_dense": false,
    "eigenvalue_time": "0:00:00.190010",
    "diff": 0.000803947069089312,
    "change_from_prev": 0.00025304641202379197
}
[2026-02-19 13:58:21,635][INFO] [Run 5] Running for Krylov dimension 5
[2026-02-19 14:00:20,293][INFO] [Run 5]
{
    "raw_unique_basis_states": 8086,
    "fermion_basis_rejected": 0,
    "kept_unique_basis_states": 8086,
    "fermion_shots_rejected": 0,
    "kept_shots": 10000
}
[2026-02-19 14:00:32,926][INFO] [Run 5]
{
    "D": 5,
    "t": 5.0,
    "num_trotter_steps": 1,
    "step_time": "0:02:11.291231",
    "H_reduce_time": "0:00:12.389945",
    "circuit_time": "0:01:58.639007",
    "shot_processing": {
        "raw_unique_basis_states": 8086,
        "fermion_basis_rejected": 0,
        "kept_unique_basis_states": 8086,
        "fermion_shots_rejected": 0,
        "kept_shots": 10000
    },
    "new_basis_count": 7597,
    "total_basis_count": 32853,
    "H_reduced_size": [
        32853,
        32853
    ],
    "reduction": 99.9020904302597,
    "H_reduced_e": 0.0008032395163001025,
    "used_dense": false,
    "eigenvalue_time": "0:00:00.259789",
    "diff": 0.0008032395162900769,
    "change_from_prev": 7.075527992351713e-07
}
[2026-02-19 14:00:32,926][INFO] [Run 5] Running for Krylov dimension 6
[2026-02-19 14:02:31,345][INFO] [Run 5]
{
    "raw_unique_basis_states": 6232,
    "fermion_basis_rejected": 0,
    "kept_unique_basis_states": 6232,
    "fermion_shots_rejected": 0,
    "kept_shots": 10000
}
[2026-02-19 14:02:47,304][INFO] [Run 5]
{
    "D": 6,
    "t": 6.0,
    "num_trotter_steps": 1,
    "step_time": "0:02:14.377598",
    "H_reduce_time": "0:00:15.613631",
    "circuit_time": "0:01:58.403866",
    "shot_processing": {
        "raw_unique_basis_states": 6232,
        "fermion_basis_rejected": 0,
        "kept_unique_basis_states": 6232,
        "fermion_shots_rejected": 0,
        "kept_shots": 10000
    },
    "new_basis_count": 5371,
    "total_basis_count": 38224,
    "H_reduced_size": [
        38224,
        38224
    ],
    "reduction": 99.88608360290527,
    "H_reduced_e": 0.000776864317636579,
    "used_dense": false,
    "eigenvalue_time": "0:00:00.357384",
    "diff": 0.0007768643176265534,
    "change_from_prev": 2.637519866352349e-05
}
[2026-02-19 14:02:47,304][INFO] [Run 5] Running for Krylov dimension 7
[2026-02-19 14:04:46,213][INFO] [Run 5]
{
    "raw_unique_basis_states": 6638,
    "fermion_basis_rejected": 0,
    "kept_unique_basis_states": 6638,
    "fermion_shots_rejected": 0,
    "kept_shots": 10000
}
[2026-02-19 14:05:05,557][INFO] [Run 5]
{
    "D": 7,
    "t": 7.0,
    "num_trotter_steps": 1,
    "step_time": "0:02:18.252678",
    "H_reduce_time": "0:00:18.972998",
    "circuit_time": "0:01:58.892957",
    "shot_processing": {
        "raw_unique_basis_states": 6638,
        "fermion_basis_rejected": 0,
        "kept_unique_basis_states": 6638,
        "fermion_shots_rejected": 0,
        "kept_shots": 10000
    },
    "new_basis_count": 5101,
    "total_basis_count": 43325,
    "H_reduced_size": [
        43325,
        43325
    ],
    "reduction": 99.87088143825531,
    "H_reduced_e": 0.0007285351425738853,
    "used_dense": false,
    "eigenvalue_time": "0:00:00.383824",
    "diff": 0.0007285351425638597,
    "change_from_prev": 4.8329175062693675e-05
}
[2026-02-19 14:05:05,558][INFO] [Run 5] Running for Krylov dimension 8
[2026-02-19 14:07:04,108][INFO] [Run 5]
{
    "raw_unique_basis_states": 9320,
    "fermion_basis_rejected": 0,
    "kept_unique_basis_states": 9320,
    "fermion_shots_rejected": 0,
    "kept_shots": 10000
}
[2026-02-19 14:07:27,280][INFO] [Run 5]
{
    "D": 8,
    "t": 8.0,
    "num_trotter_steps": 1,
    "step_time": "0:02:21.722228",
    "H_reduce_time": "0:00:22.669527",
    "circuit_time": "0:01:58.529082",
    "shot_processing": {
        "raw_unique_basis_states": 9320,
        "fermion_basis_rejected": 0,
        "kept_unique_basis_states": 9320,
        "fermion_shots_rejected": 0,
        "kept_shots": 10000
    },
    "new_basis_count": 8297,
    "total_basis_count": 51622,
    "H_reduced_size": [
        51622,
        51622
    ],
    "reduction": 99.84615445137024,
    "H_reduced_e": 0.0007255225634095599,
    "used_dense": false,
    "eigenvalue_time": "0:00:00.520972",
    "diff": 0.0007255225633995343,
    "change_from_prev": 3.012579164325376e-06
}
[2026-02-19 14:07:27,280][INFO] [Run 5] Running for Krylov dimension 9
[2026-02-19 14:09:25,766][INFO] [Run 5]
{
    "raw_unique_basis_states": 9791,
    "fermion_basis_rejected": 0,
    "kept_unique_basis_states": 9791,
    "fermion_shots_rejected": 0,
    "kept_shots": 10000
}
[2026-02-19 14:09:52,700][INFO] [Run 5]
{
    "D": 9,
    "t": 9.0,
    "num_trotter_steps": 1,
    "step_time": "0:02:25.419920",
    "H_reduce_time": "0:00:26.262611",
    "circuit_time": "0:01:58.464520",
    "shot_processing": {
        "raw_unique_basis_states": 9791,
        "fermion_basis_rejected": 0,
        "kept_unique_basis_states": 9791,
        "fermion_shots_rejected": 0,
        "kept_shots": 10000
    },
    "new_basis_count": 9465,
    "total_basis_count": 61087,
    "H_reduced_size": [
        61087,
        61087
    ],
    "reduction": 99.81794655323029,
    "H_reduced_e": 0.0007248136174959179,
    "used_dense": false,
    "eigenvalue_time": "0:00:00.690822",
    "diff": 0.0007248136174858923,
    "change_from_prev": 7.089459136419909e-07
}
[2026-02-19 14:09:52,700][INFO] [Run 5] Running for Krylov dimension 10
[2026-02-19 14:11:51,544][INFO] [Run 5]
{
    "raw_unique_basis_states": 9491,
    "fermion_basis_rejected": 0,
    "kept_unique_basis_states": 9491,
    "fermion_shots_rejected": 0,
    "kept_shots": 10000
}
[2026-02-19 14:12:21,600][INFO] [Run 5]
{
    "D": 10,
    "t": 10.0,
    "num_trotter_steps": 1,
    "step_time": "0:02:28.899777",
    "H_reduce_time": "0:00:29.315347",
    "circuit_time": "0:01:58.821761",
    "shot_processing": {
        "raw_unique_basis_states": 9491,
        "fermion_basis_rejected": 0,
        "kept_unique_basis_states": 9491,
        "fermion_shots_rejected": 0,
        "kept_shots": 10000
    },
    "new_basis_count": 9153,
    "total_basis_count": 70240,
    "H_reduced_size": [
        70240,
        70240
    ],
    "reduction": 99.79066848754883,
    "H_reduced_e": 0.0007211161952070852,
    "used_dense": false,
    "eigenvalue_time": "0:00:00.759511",
    "diff": 0.0007211161951970596,
    "change_from_prev": 3.6974222888326884e-06
}
[2026-02-19 14:12:21,601][INFO] [Run 5] Running for Krylov dimension 11
[2026-02-19 14:14:20,000][INFO] [Run 5]
{
    "raw_unique_basis_states": 9351,
    "fermion_basis_rejected": 0,
    "kept_unique_basis_states": 9351,
    "fermion_shots_rejected": 0,
    "kept_shots": 10000
}
[2026-02-19 14:14:54,346][INFO] [Run 5]
{
    "D": 11,
    "t": 11.0,
    "num_trotter_steps": 1,
    "step_time": "0:02:32.744739",
    "H_reduce_time": "0:00:33.386259",
    "circuit_time": "0:01:58.378567",
    "shot_processing": {
        "raw_unique_basis_states": 9351,
        "fermion_basis_rejected": 0,
        "kept_unique_basis_states": 9351,
        "fermion_shots_rejected": 0,
        "kept_shots": 10000
    },
    "new_basis_count": 8831,
    "total_basis_count": 79071,
    "H_reduced_size": [
        79071,
        79071
    ],
    "reduction": 99.76435005664825,
    "H_reduced_e": 0.0007117114091331569,
    "used_dense": false,
    "eigenvalue_time": "0:00:00.977003",
    "diff": 0.0007117114091231313,
    "change_from_prev": 9.404786073928355e-06
}
[2026-02-19 14:14:54,346][INFO] [Run 5] Running for Krylov dimension 12
[2026-02-19 14:16:52,736][INFO] [Run 5]
{
    "raw_unique_basis_states": 6140,
    "fermion_basis_rejected": 0,
    "kept_unique_basis_states": 6140,
    "fermion_shots_rejected": 0,
    "kept_shots": 10000
}
[2026-02-19 14:17:30,411][INFO] [Run 5]
{
    "D": 12,
    "t": 12.0,
    "num_trotter_steps": 1,
    "step_time": "0:02:36.065157",
    "H_reduce_time": "0:00:36.664551",
    "circuit_time": "0:01:58.375629",
    "shot_processing": {
        "raw_unique_basis_states": 6140,
        "fermion_basis_rejected": 0,
        "kept_unique_basis_states": 6140,
        "fermion_shots_rejected": 0,
        "kept_shots": 10000
    },
    "new_basis_count": 4688,
    "total_basis_count": 83759,
    "H_reduced_size": [
        83759,
        83759
    ],
    "reduction": 99.7503787279129,
    "H_reduced_e": 0.0007092841313397872,
    "used_dense": false,
    "eigenvalue_time": "0:00:01.022427",
    "diff": 0.0007092841313297615,
    "change_from_prev": 2.4272777933697373e-06
}
[2026-02-19 14:17:30,411][INFO] [Run 5] Running for Krylov dimension 13
[2026-02-19 14:19:28,515][INFO] [Run 5]
{
    "raw_unique_basis_states": 2373,
    "fermion_basis_rejected": 0,
    "kept_unique_basis_states": 2373,
    "fermion_shots_rejected": 0,
    "kept_shots": 10000
}
[2026-02-19 14:20:07,621][INFO] [Run 5]
{
    "D": 13,
    "t": 13.0,
    "num_trotter_steps": 1,
    "step_time": "0:02:37.209697",
    "H_reduce_time": "0:00:37.993089",
    "circuit_time": "0:01:58.096421",
    "shot_processing": {
        "raw_unique_basis_states": 2373,
        "fermion_basis_rejected": 0,
        "kept_unique_basis_states": 2373,
        "fermion_shots_rejected": 0,
        "kept_shots": 10000
    },
    "new_basis_count": 1168,
    "total_basis_count": 84927,
    "H_reduced_size": [
        84927,
        84927
    ],
    "reduction": 99.74689781665802,
    "H_reduced_e": 0.0006893399415641,
    "used_dense": false,
    "eigenvalue_time": "0:00:01.117109",
    "diff": 0.0006893399415540744,
    "change_from_prev": 1.9944189775687174e-05
}
[2026-02-19 14:20:07,621][INFO] [Run 5] Running for Krylov dimension 14
[2026-02-19 14:22:05,530][INFO] [Run 5]
{
    "raw_unique_basis_states": 5692,
    "fermion_basis_rejected": 0,
    "kept_unique_basis_states": 5692,
    "fermion_shots_rejected": 0,
    "kept_shots": 10000
}
[2026-02-19 14:22:47,276][INFO] [Run 5]
{
    "D": 14,
    "t": 14.0,
    "num_trotter_steps": 1,
    "step_time": "0:02:39.654855",
    "H_reduce_time": "0:00:40.514267",
    "circuit_time": "0:01:57.895725",
    "shot_processing": {
        "raw_unique_basis_states": 5692,
        "fermion_basis_rejected": 0,
        "kept_unique_basis_states": 5692,
        "fermion_shots_rejected": 0,
        "kept_shots": 10000
    },
    "new_basis_count": 4322,
    "total_basis_count": 89249,
    "H_reduced_size": [
        89249,
        89249
    ],
    "reduction": 99.73401725292206,
    "H_reduced_e": 0.000659818920753316,
    "used_dense": false,
    "eigenvalue_time": "0:00:01.242701",
    "diff": 0.0006598189207432904,
    "change_from_prev": 2.9521020810783995e-05
}
[2026-02-19 14:22:47,276][INFO] [Run 5] Running for Krylov dimension 15
[2026-02-19 14:24:45,364][INFO] [Run 5]
{
    "raw_unique_basis_states": 9382,
    "fermion_basis_rejected": 0,
    "kept_unique_basis_states": 9382,
    "fermion_shots_rejected": 0,
    "kept_shots": 10000
}
[2026-02-19 14:25:30,915][INFO] [Run 5]
{
    "D": 15,
    "t": 15.0,
    "num_trotter_steps": 1,
    "step_time": "0:02:43.638503",
    "H_reduce_time": "0:00:44.125197",
    "circuit_time": "0:01:58.065898",
    "shot_processing": {
        "raw_unique_basis_states": 9382,
        "fermion_basis_rejected": 0,
        "kept_unique_basis_states": 9382,
        "fermion_shots_rejected": 0,
        "kept_shots": 10000
    },
    "new_basis_count": 8533,
    "total_basis_count": 97782,
    "H_reduced_size": [
        97782,
        97782
    ],
    "reduction": 99.70858693122864,
    "H_reduced_e": 0.0006598127150646896,
    "used_dense": false,
    "eigenvalue_time": "0:00:01.444183",
    "diff": 0.000659812715054664,
    "change_from_prev": 6.205688626382058e-09
}
[2026-02-19 14:25:30,915][INFO] [Run 5] Running for Krylov dimension 16
[2026-02-19 14:27:29,073][INFO] [Run 5]
{
    "raw_unique_basis_states": 9797,
    "fermion_basis_rejected": 0,
    "kept_unique_basis_states": 9797,
    "fermion_shots_rejected": 0,
    "kept_shots": 10000
}
[2026-02-19 14:28:18,091][INFO] [Run 5]
{
    "D": 16,
    "t": 16.0,
    "num_trotter_steps": 1,
    "step_time": "0:02:47.175158",
    "H_reduce_time": "0:00:47.598050",
    "circuit_time": "0:01:58.135962",
    "shot_processing": {
        "raw_unique_basis_states": 9797,
        "fermion_basis_rejected": 0,
        "kept_unique_basis_states": 9797,
        "fermion_shots_rejected": 0,
        "kept_shots": 10000
    },
    "new_basis_count": 9256,
    "total_basis_count": 107038,
    "H_reduced_size": [
        107038,
        107038
    ],
    "reduction": 99.68100190162659,
    "H_reduced_e": 0.0006598117507682984,
    "used_dense": false,
    "eigenvalue_time": "0:00:01.438862",
    "diff": 0.0006598117507582728,
    "change_from_prev": 9.64296391217992e-10
}
[2026-02-19 14:28:22,768][INFO] [Run 5]
{
    "num_trotters": 2,
    "transpile_time": "0:00:04.676955",
    "circuit_cist": {
        "depth": 8316,
        "size": 23409,
        "num_2q_ops": 5323,
        "depth_2q": 2538,
        "count_ops": {
            "sx": 9150,
            "rz": 8228,
            "cz": 5323,
            "x": 683,
            "measure": 25,
            "barrier": 1
        }
    }
}
[2026-02-19 14:28:22,768][INFO] [Run 5] Running for Krylov dimension 17
[2026-02-19 15:10:16,663][INFO] [Run 5]
{
    "raw_unique_basis_states": 9859,
    "fermion_basis_rejected": 0,
    "kept_unique_basis_states": 9859,
    "fermion_shots_rejected": 0,
    "kept_shots": 10000
}
[2026-02-19 15:11:11,997][INFO] [Run 5]
{
    "D": 17,
    "t": 17.0,
    "num_trotter_steps": 2,
    "step_time": "0:42:49.228322",
    "H_reduce_time": "0:00:53.755767",
    "circuit_time": "0:41:53.873660",
    "shot_processing": {
        "raw_unique_basis_states": 9859,
        "fermion_basis_rejected": 0,
        "kept_unique_basis_states": 9859,
        "fermion_shots_rejected": 0,
        "kept_shots": 10000
    },
    "new_basis_count": 9096,
    "total_basis_count": 116134,
    "H_reduced_size": [
        116134,
        116134
    ],
    "reduction": 99.65389370918274,
    "H_reduced_e": 0.0006597883392701836,
    "used_dense": false,
    "eigenvalue_time": "0:00:01.596681",
    "diff": 0.000659788339260158,
    "change_from_prev": 2.3411498114808173e-08
}
[2026-02-19 15:11:11,997][INFO] [Run 5] Running for Krylov dimension 18
[2026-02-19 15:51:53,391][INFO] [Run 5]
{
    "raw_unique_basis_states": 9820,
    "fermion_basis_rejected": 0,
    "kept_unique_basis_states": 9820,
    "fermion_shots_rejected": 0,
    "kept_shots": 10000
}
[2026-02-19 15:52:53,054][INFO] [Run 5]
{
    "D": 18,
    "t": 18.0,
    "num_trotter_steps": 2,
    "step_time": "0:41:41.056451",
    "H_reduce_time": "0:00:57.874257",
    "circuit_time": "0:40:41.369920",
    "shot_processing": {
        "raw_unique_basis_states": 9820,
        "fermion_basis_rejected": 0,
        "kept_unique_basis_states": 9820,
        "fermion_shots_rejected": 0,
        "kept_shots": 10000
    },
    "new_basis_count": 9228,
    "total_basis_count": 125362,
    "H_reduced_size": [
        125362,
        125362
    ],
    "reduction": 99.62639212608337,
    "H_reduced_e": 0.0006417837033592394,
    "used_dense": false,
    "eigenvalue_time": "0:00:01.806795",
    "diff": 0.0006417837033492138,
    "change_from_prev": 1.8004635910944195e-05
}
[2026-02-19 15:52:53,054][INFO] [Run 5] Running for Krylov dimension 19
[2026-02-19 16:33:31,748][INFO] [Run 5]
{
    "raw_unique_basis_states": 9841,
    "fermion_basis_rejected": 0,
    "kept_unique_basis_states": 9841,
    "fermion_shots_rejected": 0,
    "kept_shots": 10000
}
[2026-02-19 16:34:34,942][INFO] [Run 5]
{
    "D": 19,
    "t": 19.0,
    "num_trotter_steps": 2,
    "step_time": "0:41:41.887184",
    "H_reduce_time": "0:01:01.166908",
    "circuit_time": "0:40:38.669468",
    "shot_processing": {
        "raw_unique_basis_states": 9841,
        "fermion_basis_rejected": 0,
        "kept_unique_basis_states": 9841,
        "fermion_shots_rejected": 0,
        "kept_shots": 10000
    },
    "new_basis_count": 9115,
    "total_basis_count": 134477,
    "H_reduced_size": [
        134477,
        134477
    ],
    "reduction": 99.59922730922699,
    "H_reduced_e": 0.0006316654176367183,
    "used_dense": false,
    "eigenvalue_time": "0:00:02.045045",
    "diff": 0.0006316654176266927,
    "change_from_prev": 1.0118285722521096e-05
}
[2026-02-19 16:34:34,942][INFO] [Run 5] Running for Krylov dimension 20
[2026-02-19 17:15:16,036][INFO] [Run 5]
{
    "raw_unique_basis_states": 9577,
    "fermion_basis_rejected": 0,
    "kept_unique_basis_states": 9577,
    "fermion_shots_rejected": 0,
    "kept_shots": 10000
}
[2026-02-19 17:16:25,783][INFO] [Run 5]
{
    "D": 20,
    "t": 20.0,
    "num_trotter_steps": 2,
    "step_time": "0:41:50.840783",
    "H_reduce_time": "0:01:07.425127",
    "circuit_time": "0:40:41.070380",
    "shot_processing": {
        "raw_unique_basis_states": 9577,
        "fermion_basis_rejected": 0,
        "kept_unique_basis_states": 9577,
        "fermion_shots_rejected": 0,
        "kept_shots": 10000
    },
    "new_basis_count": 8517,
    "total_basis_count": 142994,
    "H_reduced_size": [
        142994,
        142994
    ],
    "reduction": 99.57384467124939,
    "H_reduced_e": 0.0006316596621824981,
    "used_dense": false,
    "eigenvalue_time": "0:00:02.338992",
    "diff": 0.0006316596621724725,
    "change_from_prev": 5.755454220201031e-09
}
[2026-02-19 17:16:25,789][INFO] [Run 5] Done
