[2026-02-19 13:47:39,680][INFO] Running VQE for linear potential and cutoff 16
[2026-02-19 13:47:39,685][INFO] Truncation: {'m': 283, 'n': 3276, 'keep_frac_terms': 0.08638583638583638, 'keep_ratio': 0.999, 'truncated': 2.163271863607406, 'total_weight': 2171.2812500000505}
[2026-02-19 13:47:39,689][INFO] min_eigenvalue: 1.0025589899691666e-14
[2026-02-19 13:47:40,535][INFO] []
[2026-02-19 13:48:36,519][INFO] Running VQE for linear potential and cutoff 16
[2026-02-19 13:48:36,522][INFO] Truncation: {'m': 283, 'n': 3276, 'keep_frac_terms': 0.08638583638583638, 'keep_ratio': 0.999, 'truncated': 2.163271863607406, 'total_weight': 2171.2812500000505}
[2026-02-19 13:48:36,525][INFO] min_eigenvalue: 1.0025589899691666e-14
[2026-02-19 13:48:37,369][INFO] []
[2026-02-19 13:48:40,124][INFO] [Run 1] Running for Krylov dimension 1
[2026-02-19 13:50:38,864][INFO] [Run 1]
{
    "raw_unique_basis_states": 436,
    "fermion_basis_rejected": 0,
    "kept_unique_basis_states": 436,
    "fermion_shots_rejected": 0,
    "kept_shots": 10000
}
[2026-02-19 13:50:39,133][INFO] [Run 1]
{
    "D": 1,
    "t": 1.0,
    "num_trotter_steps": 1,
    "step_time": "0:01:59.008885",
    "H_reduce_time": "0:00:00.147656",
    "circuit_time": "0:01:58.736658",
    "shot_processing": {
        "raw_unique_basis_states": 436,
        "fermion_basis_rejected": 0,
        "kept_unique_basis_states": 436,
        "fermion_shots_rejected": 0,
        "kept_shots": 10000
    },
    "new_basis_count": 436,
    "total_basis_count": 436,
    "H_reduced_size": [
        436,
        436
    ],
    "reduction": 99.9987006187439,
    "H_reduced_e": 0.0009787576920645396,
    "used_dense": true,
    "eigenvalue_time": "0:00:00.123062",
    "diff": 0.000978757692054514,
    "change_from_prev": null
}
[2026-02-19 13:50:39,134][INFO] [Run 1] Running for Krylov dimension 2
[2026-02-19 13:52:38,451][INFO] [Run 1]
{
    "raw_unique_basis_states": 7209,
    "fermion_basis_rejected": 0,
    "kept_unique_basis_states": 7209,
    "fermion_shots_rejected": 0,
    "kept_shots": 10000
}
[2026-02-19 13:52:41,078][INFO] [Run 1]
{
    "D": 2,
    "t": 2.0,
    "num_trotter_steps": 1,
    "step_time": "0:02:01.944493",
    "H_reduce_time": "0:00:02.577949",
    "circuit_time": "0:01:59.301102",
    "shot_processing": {
        "raw_unique_basis_states": 7209,
        "fermion_basis_rejected": 0,
        "kept_unique_basis_states": 7209,
        "fermion_shots_rejected": 0,
        "kept_shots": 10000
    },
    "new_basis_count": 7110,
    "total_basis_count": 7546,
    "H_reduced_size": [
        7546,
        7546
    ],
    "reduction": 99.97751116752625,
    "H_reduced_e": 0.0008043794352114086,
    "used_dense": false,
    "eigenvalue_time": "0:00:00.062801",
    "diff": 0.000804379435201383,
    "change_from_prev": 0.00017437825685313098
}
[2026-02-19 13:52:41,078][INFO] [Run 1] Running for Krylov dimension 3
[2026-02-19 13:54:40,625][INFO] [Run 1]
{
    "raw_unique_basis_states": 9209,
    "fermion_basis_rejected": 0,
    "kept_unique_basis_states": 9209,
    "fermion_shots_rejected": 0,
    "kept_shots": 10000
}
[2026-02-19 13:54:46,302][INFO] [Run 1]
{
    "D": 3,
    "t": 3.0,
    "num_trotter_steps": 1,
    "step_time": "0:02:05.223702",
    "H_reduce_time": "0:00:05.560311",
    "circuit_time": "0:01:59.526658",
    "shot_processing": {
        "raw_unique_basis_states": 9209,
        "fermion_basis_rejected": 0,
        "kept_unique_basis_states": 9209,
        "fermion_shots_rejected": 0,
        "kept_shots": 10000
    },
    "new_basis_count": 8905,
    "total_basis_count": 16451,
    "H_reduced_size": [
        16451,
        16451
    ],
    "reduction": 99.95097219944,
    "H_reduced_e": 0.0007262506424351934,
    "used_dense": false,
    "eigenvalue_time": "0:00:00.134164",
    "diff": 0.0007262506424251678,
    "change_from_prev": 7.812879277621523e-05
}
[2026-02-19 13:54:46,302][INFO] [Run 1] Running for Krylov dimension 4
[2026-02-19 13:56:45,760][INFO] [Run 1]
{
    "raw_unique_basis_states": 9050,
    "fermion_basis_rejected": 0,
    "kept_unique_basis_states": 9050,
    "fermion_shots_rejected": 0,
    "kept_shots": 10000
}
[2026-02-19 13:56:54,626][INFO] [Run 1]
{
    "D": 4,
    "t": 4.0,
    "num_trotter_steps": 1,
    "step_time": "0:02:08.323220",
    "H_reduce_time": "0:00:08.669630",
    "circuit_time": "0:01:59.437086",
    "shot_processing": {
        "raw_unique_basis_states": 9050,
        "fermion_basis_rejected": 0,
        "kept_unique_basis_states": 9050,
        "fermion_shots_rejected": 0,
        "kept_shots": 10000
    },
    "new_basis_count": 8811,
    "total_basis_count": 25262,
    "H_reduced_size": [
        25262,
        25262
    ],
    "reduction": 99.9247133731842,
    "H_reduced_e": 0.0006953055339032966,
    "used_dense": false,
    "eigenvalue_time": "0:00:00.213709",
    "diff": 0.000695305533893271,
    "change_from_prev": 3.094510853189679e-05
}
[2026-02-19 13:56:54,626][INFO] [Run 1] Running for Krylov dimension 5
[2026-02-19 13:58:54,286][INFO] [Run 1]
{
    "raw_unique_basis_states": 8073,
    "fermion_basis_rejected": 0,
    "kept_unique_basis_states": 8073,
    "fermion_shots_rejected": 0,
    "kept_shots": 10000
}
[2026-02-19 13:59:06,880][INFO] [Run 1]
{
    "D": 5,
    "t": 5.0,
    "num_trotter_steps": 1,
    "step_time": "0:02:12.253891",
    "H_reduce_time": "0:00:12.319319",
    "circuit_time": "0:01:59.641711",
    "shot_processing": {
        "raw_unique_basis_states": 8073,
        "fermion_basis_rejected": 0,
        "kept_unique_basis_states": 8073,
        "fermion_shots_rejected": 0,
        "kept_shots": 10000
    },
    "new_basis_count": 7571,
    "total_basis_count": 32833,
    "H_reduced_size": [
        32833,
        32833
    ],
    "reduction": 99.90215003490448,
    "H_reduced_e": 0.0006428592292969406,
    "used_dense": false,
    "eigenvalue_time": "0:00:00.290090",
    "diff": 0.0006428592292869149,
    "change_from_prev": 5.244630460635603e-05
}
[2026-02-19 13:59:06,880][INFO] [Run 1] Running for Krylov dimension 6
[2026-02-19 14:01:09,028][INFO] [Run 1]
{
    "raw_unique_basis_states": 6260,
    "fermion_basis_rejected": 0,
    "kept_unique_basis_states": 6260,
    "fermion_shots_rejected": 0,
    "kept_shots": 10000
}
[2026-02-19 14:01:24,949][INFO] [Run 1]
{
    "D": 6,
    "t": 6.0,
    "num_trotter_steps": 1,
    "step_time": "0:02:18.068637",
    "H_reduce_time": "0:00:15.579682",
    "circuit_time": "0:02:02.133346",
    "shot_processing": {
        "raw_unique_basis_states": 6260,
        "fermion_basis_rejected": 0,
        "kept_unique_basis_states": 6260,
        "fermion_shots_rejected": 0,
        "kept_shots": 10000
    },
    "new_basis_count": 5404,
    "total_basis_count": 38237,
    "H_reduced_size": [
        38237,
        38237
    ],
    "reduction": 99.88604485988617,
    "H_reduced_e": 0.0006385712491333925,
    "used_dense": false,
    "eigenvalue_time": "0:00:00.352755",
    "diff": 0.0006385712491233669,
    "change_from_prev": 4.287980163548044e-06
}
[2026-02-19 14:01:24,949][INFO] [Run 1] Running for Krylov dimension 7
[2026-02-19 14:03:24,300][INFO] [Run 1]
{
    "raw_unique_basis_states": 6519,
    "fermion_basis_rejected": 0,
    "kept_unique_basis_states": 6519,
    "fermion_shots_rejected": 0,
    "kept_shots": 10000
}
[2026-02-19 14:03:43,614][INFO] [Run 1]
{
    "D": 7,
    "t": 7.0,
    "num_trotter_steps": 1,
    "step_time": "0:02:18.664756",
    "H_reduce_time": "0:00:18.927222",
    "circuit_time": "0:01:59.335182",
    "shot_processing": {
        "raw_unique_basis_states": 6519,
        "fermion_basis_rejected": 0,
        "kept_unique_basis_states": 6519,
        "fermion_shots_rejected": 0,
        "kept_shots": 10000
    },
    "new_basis_count": 5007,
    "total_basis_count": 43244,
    "H_reduced_size": [
        43244,
        43244
    ],
    "reduction": 99.87112283706665,
    "H_reduced_e": 0.0006069877295530972,
    "used_dense": false,
    "eigenvalue_time": "0:00:00.399482",
    "diff": 0.0006069877295430716,
    "change_from_prev": 3.1583519580295305e-05
}
[2026-02-19 14:03:43,615][INFO] [Run 1] Running for Krylov dimension 8
[2026-02-19 14:05:43,084][INFO] [Run 1]
{
    "raw_unique_basis_states": 9355,
    "fermion_basis_rejected": 0,
    "kept_unique_basis_states": 9355,
    "fermion_shots_rejected": 0,
    "kept_shots": 10000
}
[2026-02-19 14:06:06,173][INFO] [Run 1]
{
    "D": 8,
    "t": 8.0,
    "num_trotter_steps": 1,
    "step_time": "0:02:22.557862",
    "H_reduce_time": "0:00:22.589600",
    "circuit_time": "0:01:59.448303",
    "shot_processing": {
        "raw_unique_basis_states": 9355,
        "fermion_basis_rejected": 0,
        "kept_unique_basis_states": 9355,
        "fermion_shots_rejected": 0,
        "kept_shots": 10000
    },
    "new_basis_count": 8332,
    "total_basis_count": 51576,
    "H_reduced_size": [
        51576,
        51576
    ],
    "reduction": 99.84629154205322,
    "H_reduced_e": 0.0004991458654653174,
    "used_dense": false,
    "eigenvalue_time": "0:00:00.517057",
    "diff": 0.0004991458654552917,
    "change_from_prev": 0.00010784186408777986
}
[2026-02-19 14:06:06,173][INFO] [Run 1] Running for Krylov dimension 9
[2026-02-19 14:08:05,733][INFO] [Run 1]
{
    "raw_unique_basis_states": 9828,
    "fermion_basis_rejected": 0,
    "kept_unique_basis_states": 9828,
    "fermion_shots_rejected": 0,
    "kept_shots": 10000
}
[2026-02-19 14:08:32,410][INFO] [Run 1]
{
    "D": 9,
    "t": 9.0,
    "num_trotter_steps": 1,
    "step_time": "0:02:26.236929",
    "H_reduce_time": "0:00:26.111242",
    "circuit_time": "0:01:59.537603",
    "shot_processing": {
        "raw_unique_basis_states": 9828,
        "fermion_basis_rejected": 0,
        "kept_unique_basis_states": 9828,
        "fermion_shots_rejected": 0,
        "kept_shots": 10000
    },
    "new_basis_count": 9498,
    "total_basis_count": 61074,
    "H_reduced_size": [
        61074,
        61074
    ],
    "reduction": 99.81798529624939,
    "H_reduced_e": 0.0004985957694838025,
    "used_dense": false,
    "eigenvalue_time": "0:00:00.585202",
    "diff": 0.0004985957694737769,
    "change_from_prev": 5.50095981514823e-07
}
[2026-02-19 14:08:32,411][INFO] [Run 1] Running for Krylov dimension 10
[2026-02-19 14:10:31,899][INFO] [Run 1]
{
    "raw_unique_basis_states": 9508,
    "fermion_basis_rejected": 0,
    "kept_unique_basis_states": 9508,
    "fermion_shots_rejected": 0,
    "kept_shots": 10000
}
[2026-02-19 14:11:02,483][INFO] [Run 1]
{
    "D": 10,
    "t": 10.0,
    "num_trotter_steps": 1,
    "step_time": "0:02:30.072407",
    "H_reduce_time": "0:00:29.881906",
    "circuit_time": "0:01:59.466680",
    "shot_processing": {
        "raw_unique_basis_states": 9508,
        "fermion_basis_rejected": 0,
        "kept_unique_basis_states": 9508,
        "fermion_shots_rejected": 0,
        "kept_shots": 10000
    },
    "new_basis_count": 9150,
    "total_basis_count": 70224,
    "H_reduced_size": [
        70224,
        70224
    ],
    "reduction": 99.79071617126465,
    "H_reduced_e": 0.0004856174883701231,
    "used_dense": false,
    "eigenvalue_time": "0:00:00.721049",
    "diff": 0.0004856174883600975,
    "change_from_prev": 1.297828111367945e-05
}
[2026-02-19 14:11:02,483][INFO] [Run 1] Running for Krylov dimension 11
[2026-02-19 14:13:02,173][INFO] [Run 1]
{
    "raw_unique_basis_states": 9336,
    "fermion_basis_rejected": 0,
    "kept_unique_basis_states": 9336,
    "fermion_shots_rejected": 0,
    "kept_shots": 10000
}
[2026-02-19 14:13:36,841][INFO] [Run 1]
{
    "D": 11,
    "t": 11.0,
    "num_trotter_steps": 1,
    "step_time": "0:02:34.357474",
    "H_reduce_time": "0:00:33.767944",
    "circuit_time": "0:01:59.669602",
    "shot_processing": {
        "raw_unique_basis_states": 9336,
        "fermion_basis_rejected": 0,
        "kept_unique_basis_states": 9336,
        "fermion_shots_rejected": 0,
        "kept_shots": 10000
    },
    "new_basis_count": 8751,
    "total_basis_count": 78975,
    "H_reduced_size": [
        78975,
        78975
    ],
    "reduction": 99.76463615894318,
    "H_reduced_e": 0.00027083013612980595,
    "used_dense": false,
    "eigenvalue_time": "0:00:00.917495",
    "diff": 0.0002708301361197804,
    "change_from_prev": 0.00021478735224031713
}
[2026-02-19 14:13:36,841][INFO] [Run 1] Running for Krylov dimension 12
[2026-02-19 14:15:36,121][INFO] [Run 1]
{
    "raw_unique_basis_states": 6138,
    "fermion_basis_rejected": 0,
    "kept_unique_basis_states": 6138,
    "fermion_shots_rejected": 0,
    "kept_shots": 10000
}
[2026-02-19 14:16:13,522][INFO] [Run 1]
{
    "D": 12,
    "t": 12.0,
    "num_trotter_steps": 1,
    "step_time": "0:02:36.680286",
    "H_reduce_time": "0:00:36.370780",
    "circuit_time": "0:01:59.264376",
    "shot_processing": {
        "raw_unique_basis_states": 6138,
        "fermion_basis_rejected": 0,
        "kept_unique_basis_states": 6138,
        "fermion_shots_rejected": 0,
        "kept_shots": 10000
    },
    "new_basis_count": 4640,
    "total_basis_count": 83615,
    "H_reduced_size": [
        83615,
        83615
    ],
    "reduction": 99.75080788135529,
    "H_reduced_e": 0.0002700094218531121,
    "used_dense": false,
    "eigenvalue_time": "0:00:01.042272",
    "diff": 0.00027000942184308654,
    "change_from_prev": 8.207142766938447e-07
}
[2026-02-19 14:16:13,522][INFO] [Run 1] Running for Krylov dimension 13
[2026-02-19 14:18:12,977][INFO] [Run 1]
{
    "raw_unique_basis_states": 2330,
    "fermion_basis_rejected": 0,
    "kept_unique_basis_states": 2330,
    "fermion_shots_rejected": 0,
    "kept_shots": 10000
}
[2026-02-19 14:18:52,233][INFO] [Run 1]
{
    "D": 13,
    "t": 13.0,
    "num_trotter_steps": 1,
    "step_time": "0:02:38.710282",
    "H_reduce_time": "0:00:38.235342",
    "circuit_time": "0:01:59.447414",
    "shot_processing": {
        "raw_unique_basis_states": 2330,
        "fermion_basis_rejected": 0,
        "kept_unique_basis_states": 2330,
        "fermion_shots_rejected": 0,
        "kept_shots": 10000
    },
    "new_basis_count": 1092,
    "total_basis_count": 84707,
    "H_reduced_size": [
        84707,
        84707
    ],
    "reduction": 99.74755346775055,
    "H_reduced_e": 0.00025979776061758387,
    "used_dense": false,
    "eigenvalue_time": "0:00:01.024774",
    "diff": 0.0002597977606075583,
    "change_from_prev": 1.0211661235528234e-05
}
[2026-02-19 14:18:52,233][INFO] [Run 1] Running for Krylov dimension 14
[2026-02-19 14:20:51,079][INFO] [Run 1]
{
    "raw_unique_basis_states": 5713,
    "fermion_basis_rejected": 0,
    "kept_unique_basis_states": 5713,
    "fermion_shots_rejected": 0,
    "kept_shots": 10000
}
[2026-02-19 14:21:32,011][INFO] [Run 1]
{
    "D": 14,
    "t": 14.0,
    "num_trotter_steps": 1,
    "step_time": "0:02:39.777880",
    "H_reduce_time": "0:00:39.770481",
    "circuit_time": "0:01:58.832248",
    "shot_processing": {
        "raw_unique_basis_states": 5713,
        "fermion_basis_rejected": 0,
        "kept_unique_basis_states": 5713,
        "fermion_shots_rejected": 0,
        "kept_shots": 10000
    },
    "new_basis_count": 4375,
    "total_basis_count": 89082,
    "H_reduced_size": [
        89082,
        89082
    ],
    "reduction": 99.73451495170593,
    "H_reduced_e": 0.00015309837307666616,
    "used_dense": false,
    "eigenvalue_time": "0:00:01.172534",
    "diff": 0.00015309837306664057,
    "change_from_prev": 0.00010669938754091771
}
[2026-02-19 14:21:32,011][INFO] [Run 1] Running for Krylov dimension 15
[2026-02-19 14:23:31,374][INFO] [Run 1]
{
    "raw_unique_basis_states": 9390,
    "fermion_basis_rejected": 0,
    "kept_unique_basis_states": 9390,
    "fermion_shots_rejected": 0,
    "kept_shots": 10000
}
[2026-02-19 14:24:17,032][INFO] [Run 1]
{
    "D": 15,
    "t": 15.0,
    "num_trotter_steps": 1,
    "step_time": "0:02:45.021093",
    "H_reduce_time": "0:00:44.350370",
    "circuit_time": "0:01:59.342547",
    "shot_processing": {
        "raw_unique_basis_states": 9390,
        "fermion_basis_rejected": 0,
        "kept_unique_basis_states": 9390,
        "fermion_shots_rejected": 0,
        "kept_shots": 10000
    },
    "new_basis_count": 8537,
    "total_basis_count": 97619,
    "H_reduced_size": [
        97619,
        97619
    ],
    "reduction": 99.70907270908356,
    "H_reduced_e": 0.00015301191632199632,
    "used_dense": false,
    "eigenvalue_time": "0:00:01.325895",
    "diff": 0.00015301191631197073,
    "change_from_prev": 8.645675466983829e-08
}
[2026-02-19 14:24:17,032][INFO] [Run 1] Running for Krylov dimension 16
[2026-02-19 14:26:16,447][INFO] [Run 1]
{
    "raw_unique_basis_states": 9818,
    "fermion_basis_rejected": 0,
    "kept_unique_basis_states": 9818,
    "fermion_shots_rejected": 0,
    "kept_shots": 10000
}
[2026-02-19 14:27:05,213][INFO] [Run 1]
{
    "D": 16,
    "t": 16.0,
    "num_trotter_steps": 1,
    "step_time": "0:02:48.180388",
    "H_reduce_time": "0:00:47.343268",
    "circuit_time": "0:01:59.392940",
    "shot_processing": {
        "raw_unique_basis_states": 9818,
        "fermion_basis_rejected": 0,
        "kept_unique_basis_states": 9818,
        "fermion_shots_rejected": 0,
        "kept_shots": 10000
    },
    "new_basis_count": 9251,
    "total_basis_count": 106870,
    "H_reduced_size": [
        106870,
        106870
    ],
    "reduction": 99.6815025806427,
    "H_reduced_e": 0.00014578228118268522,
    "used_dense": false,
    "eigenvalue_time": "0:00:01.441979",
    "diff": 0.00014578228117265963,
    "change_from_prev": 7.2296351393111075e-06
}
[2026-02-19 14:27:05,213][INFO] [Run 1] Running for Krylov dimension 17
[2026-02-19 14:29:04,755][INFO] [Run 1]
{
    "raw_unique_basis_states": 9727,
    "fermion_basis_rejected": 0,
    "kept_unique_basis_states": 9727,
    "fermion_shots_rejected": 0,
    "kept_shots": 10000
}
[2026-02-19 14:29:57,746][INFO] [Run 1]
{
    "D": 17,
    "t": 17.0,
    "num_trotter_steps": 1,
    "step_time": "0:02:52.532423",
    "H_reduce_time": "0:00:51.389865",
    "circuit_time": "0:01:59.519232",
    "shot_processing": {
        "raw_unique_basis_states": 9727,
        "fermion_basis_rejected": 0,
        "kept_unique_basis_states": 9727,
        "fermion_shots_rejected": 0,
        "kept_shots": 10000
    },
    "new_basis_count": 8891,
    "total_basis_count": 115761,
    "H_reduced_size": [
        115761,
        115761
    ],
    "reduction": 99.6550053358078,
    "H_reduced_e": 0.00014450934784741815,
    "used_dense": false,
    "eigenvalue_time": "0:00:01.620328",
    "diff": 0.00014450934783739256,
    "change_from_prev": 1.2729333352670615e-06
}
[2026-02-19 14:29:57,746][INFO] [Run 1] Running for Krylov dimension 18
[2026-02-19 14:31:57,065][INFO] [Run 1]
{
    "raw_unique_basis_states": 7777,
    "fermion_basis_rejected": 0,
    "kept_unique_basis_states": 7777,
    "fermion_shots_rejected": 0,
    "kept_shots": 10000
}
[2026-02-19 14:32:57,145][INFO] [Run 1]
{
    "D": 18,
    "t": 18.0,
    "num_trotter_steps": 1,
    "step_time": "0:02:59.398801",
    "H_reduce_time": "0:00:58.344871",
    "circuit_time": "0:01:59.300625",
    "shot_processing": {
        "raw_unique_basis_states": 7777,
        "fermion_basis_rejected": 0,
        "kept_unique_basis_states": 7777,
        "fermion_shots_rejected": 0,
        "kept_shots": 10000
    },
    "new_basis_count": 5772,
    "total_basis_count": 121533,
    "H_reduced_size": [
        121533,
        121533
    ],
    "reduction": 99.63780343532562,
    "H_reduced_e": 0.00013635597343644026,
    "used_dense": false,
    "eigenvalue_time": "0:00:01.750680",
    "diff": 0.00013635597342641467,
    "change_from_prev": 8.15337441097789e-06
}
[2026-02-19 14:32:57,145][INFO] [Run 1] Running for Krylov dimension 19
[2026-02-19 14:34:56,545][INFO] [Run 1]
{
    "raw_unique_basis_states": 6842,
    "fermion_basis_rejected": 0,
    "kept_unique_basis_states": 6842,
    "fermion_shots_rejected": 0,
    "kept_shots": 10000
}
[2026-02-19 14:35:58,242][INFO] [Run 1]
{
    "D": 19,
    "t": 19.0,
    "num_trotter_steps": 1,
    "step_time": "0:03:01.096001",
    "H_reduce_time": "0:00:59.831444",
    "circuit_time": "0:01:59.384480",
    "shot_processing": {
        "raw_unique_basis_states": 6842,
        "fermion_basis_rejected": 0,
        "kept_unique_basis_states": 6842,
        "fermion_shots_rejected": 0,
        "kept_shots": 10000
    },
    "new_basis_count": 4607,
    "total_basis_count": 126140,
    "H_reduced_size": [
        126140,
        126140
    ],
    "reduction": 99.62407350540161,
    "H_reduced_e": 0.00013516663736838177,
    "used_dense": false,
    "eigenvalue_time": "0:00:01.877893",
    "diff": 0.00013516663735835618,
    "change_from_prev": 1.1893360680584916e-06
}
[2026-02-19 14:35:58,242][INFO] [Run 1] Running for Krylov dimension 20
[2026-02-19 14:37:59,236][INFO] [Run 1]
{
    "raw_unique_basis_states": 7027,
    "fermion_basis_rejected": 0,
    "kept_unique_basis_states": 7027,
    "fermion_shots_rejected": 0,
    "kept_shots": 10000
}
[2026-02-19 14:39:04,665][INFO] [Run 1]
{
    "D": 20,
    "t": 20.0,
    "num_trotter_steps": 1,
    "step_time": "0:03:06.423348",
    "H_reduce_time": "0:01:03.437797",
    "circuit_time": "0:02:00.977100",
    "shot_processing": {
        "raw_unique_basis_states": 7027,
        "fermion_basis_rejected": 0,
        "kept_unique_basis_states": 7027,
        "fermion_shots_rejected": 0,
        "kept_shots": 10000
    },
    "new_basis_count": 4019,
    "total_basis_count": 130159,
    "H_reduced_size": [
        130159,
        130159
    ],
    "reduction": 99.612095952034,
    "H_reduced_e": 0.00013453670708268146,
    "used_dense": false,
    "eigenvalue_time": "0:00:02.005330",
    "diff": 0.00013453670707265587,
    "change_from_prev": 6.299302857003177e-07
}
[2026-02-19 14:39:04,671][INFO] [Run 1] Done
