[2026-02-19 13:51:37,834][INFO] Running VQE for linear potential and cutoff 16
[2026-02-19 13:51:37,837][INFO] Truncation: {'m': 283, 'n': 3276, 'keep_frac_terms': 0.08638583638583638, 'keep_ratio': 0.999, 'truncated': 2.163271863607406, 'total_weight': 2171.2812500000505}
[2026-02-19 13:51:37,841][INFO] min_eigenvalue: 1.0025589899691666e-14
[2026-02-19 13:51:39,021][INFO] []
[2026-02-19 13:51:41,839][INFO] [Run 8] Running for Krylov dimension 1
[2026-02-19 13:53:39,788][INFO] [Run 8]
{
    "raw_unique_basis_states": 439,
    "fermion_basis_rejected": 0,
    "kept_unique_basis_states": 439,
    "fermion_shots_rejected": 0,
    "kept_shots": 10000
}
[2026-02-19 13:53:40,031][INFO] [Run 8]
{
    "D": 1,
    "t": 1.0,
    "num_trotter_steps": 1,
    "step_time": "0:01:58.191321",
    "H_reduce_time": "0:00:00.136176",
    "circuit_time": "0:01:57.946546",
    "shot_processing": {
        "raw_unique_basis_states": 439,
        "fermion_basis_rejected": 0,
        "kept_unique_basis_states": 439,
        "fermion_shots_rejected": 0,
        "kept_shots": 10000
    },
    "new_basis_count": 439,
    "total_basis_count": 439,
    "H_reduced_size": [
        439,
        439
    ],
    "reduction": 99.99869167804718,
    "H_reduced_e": 0.0009976283597488526,
    "used_dense": true,
    "eigenvalue_time": "0:00:00.107194",
    "diff": 0.000997628359738827,
    "change_from_prev": null
}
[2026-02-19 13:53:40,031][INFO] [Run 8] Running for Krylov dimension 2
[2026-02-19 13:55:38,582][INFO] [Run 8]
{
    "raw_unique_basis_states": 7265,
    "fermion_basis_rejected": 0,
    "kept_unique_basis_states": 7265,
    "fermion_shots_rejected": 0,
    "kept_shots": 10000
}
[2026-02-19 13:55:41,194][INFO] [Run 8]
{
    "D": 2,
    "t": 2.0,
    "num_trotter_steps": 1,
    "step_time": "0:02:01.163610",
    "H_reduce_time": "0:00:02.579269",
    "circuit_time": "0:01:58.535032",
    "shot_processing": {
        "raw_unique_basis_states": 7265,
        "fermion_basis_rejected": 0,
        "kept_unique_basis_states": 7265,
        "fermion_shots_rejected": 0,
        "kept_shots": 10000
    },
    "new_basis_count": 7164,
    "total_basis_count": 7603,
    "H_reduced_size": [
        7603,
        7603
    ],
    "reduction": 99.97734129428864,
    "H_reduced_e": 0.0008351743241164241,
    "used_dense": false,
    "eigenvalue_time": "0:00:00.046870",
    "diff": 0.0008351743241063985,
    "change_from_prev": 0.00016245403563242857
}
[2026-02-19 13:55:41,195][INFO] [Run 8] Running for Krylov dimension 3
[2026-02-19 13:57:39,965][INFO] [Run 8]
{
    "raw_unique_basis_states": 9185,
    "fermion_basis_rejected": 0,
    "kept_unique_basis_states": 9185,
    "fermion_shots_rejected": 0,
    "kept_shots": 10000
}
[2026-02-19 13:57:45,632][INFO] [Run 8]
{
    "D": 3,
    "t": 3.0,
    "num_trotter_steps": 1,
    "step_time": "0:02:04.436814",
    "H_reduce_time": "0:00:05.553552",
    "circuit_time": "0:01:58.750767",
    "shot_processing": {
        "raw_unique_basis_states": 9185,
        "fermion_basis_rejected": 0,
        "kept_unique_basis_states": 9185,
        "fermion_shots_rejected": 0,
        "kept_shots": 10000
    },
    "new_basis_count": 8878,
    "total_basis_count": 16481,
    "H_reduced_size": [
        16481,
        16481
    ],
    "reduction": 99.95088279247284,
    "H_reduced_e": 0.0005541619613903072,
    "used_dense": false,
    "eigenvalue_time": "0:00:00.130148",
    "diff": 0.0005541619613802815,
    "change_from_prev": 0.0002810123627261169
}
[2026-02-19 13:57:45,632][INFO] [Run 8] Running for Krylov dimension 4
[2026-02-19 13:59:44,205][INFO] [Run 8]
{
    "raw_unique_basis_states": 9055,
    "fermion_basis_rejected": 0,
    "kept_unique_basis_states": 9055,
    "fermion_shots_rejected": 0,
    "kept_shots": 10000
}
[2026-02-19 13:59:53,105][INFO] [Run 8]
{
    "D": 4,
    "t": 4.0,
    "num_trotter_steps": 1,
    "step_time": "0:02:07.473176",
    "H_reduce_time": "0:00:08.728200",
    "circuit_time": "0:01:58.553288",
    "shot_processing": {
        "raw_unique_basis_states": 9055,
        "fermion_basis_rejected": 0,
        "kept_unique_basis_states": 9055,
        "fermion_shots_rejected": 0,
        "kept_shots": 10000
    },
    "new_basis_count": 8811,
    "total_basis_count": 25292,
    "H_reduced_size": [
        25292,
        25292
    ],
    "reduction": 99.92462396621704,
    "H_reduced_e": 0.0004905371072967794,
    "used_dense": false,
    "eigenvalue_time": "0:00:00.189313",
    "diff": 0.0004905371072867538,
    "change_from_prev": 6.362485409352775e-05
}
[2026-02-19 13:59:53,105][INFO] [Run 8] Running for Krylov dimension 5
[2026-02-19 14:01:51,846][INFO] [Run 8]
{
    "raw_unique_basis_states": 8133,
    "fermion_basis_rejected": 0,
    "kept_unique_basis_states": 8133,
    "fermion_shots_rejected": 0,
    "kept_shots": 10000
}
[2026-02-19 14:02:04,418][INFO] [Run 8]
{
    "D": 5,
    "t": 5.0,
    "num_trotter_steps": 1,
    "step_time": "0:02:11.312858",
    "H_reduce_time": "0:00:12.313709",
    "circuit_time": "0:01:58.723179",
    "shot_processing": {
        "raw_unique_basis_states": 8133,
        "fermion_basis_rejected": 0,
        "kept_unique_basis_states": 8133,
        "fermion_shots_rejected": 0,
        "kept_shots": 10000
    },
    "new_basis_count": 7641,
    "total_basis_count": 32933,
    "H_reduced_size": [
        32933,
        32933
    ],
    "reduction": 99.9018520116806,
    "H_reduced_e": 0.0004891572991436752,
    "used_dense": false,
    "eigenvalue_time": "0:00:00.273374",
    "diff": 0.0004891572991336495,
    "change_from_prev": 1.379808153104253e-06
}
[2026-02-19 14:02:04,419][INFO] [Run 8] Running for Krylov dimension 6
[2026-02-19 14:04:03,005][INFO] [Run 8]
{
    "raw_unique_basis_states": 6226,
    "fermion_basis_rejected": 0,
    "kept_unique_basis_states": 6226,
    "fermion_shots_rejected": 0,
    "kept_shots": 10000
}
[2026-02-19 14:04:18,889][INFO] [Run 8]
{
    "D": 6,
    "t": 6.0,
    "num_trotter_steps": 1,
    "step_time": "0:02:14.469867",
    "H_reduce_time": "0:00:15.554173",
    "circuit_time": "0:01:58.571488",
    "shot_processing": {
        "raw_unique_basis_states": 6226,
        "fermion_basis_rejected": 0,
        "kept_unique_basis_states": 6226,
        "fermion_shots_rejected": 0,
        "kept_shots": 10000
    },
    "new_basis_count": 5410,
    "total_basis_count": 38343,
    "H_reduced_size": [
        38343,
        38343
    ],
    "reduction": 99.88572895526886,
    "H_reduced_e": 0.00046179036182816287,
    "used_dense": false,
    "eigenvalue_time": "0:00:00.341650",
    "diff": 0.0004617903618181373,
    "change_from_prev": 2.7366937315512283e-05
}
[2026-02-19 14:04:18,889][INFO] [Run 8] Running for Krylov dimension 7
[2026-02-19 14:06:17,499][INFO] [Run 8]
{
    "raw_unique_basis_states": 6557,
    "fermion_basis_rejected": 0,
    "kept_unique_basis_states": 6557,
    "fermion_shots_rejected": 0,
    "kept_shots": 10000
}
[2026-02-19 14:06:36,790][INFO] [Run 8]
{
    "D": 7,
    "t": 7.0,
    "num_trotter_steps": 1,
    "step_time": "0:02:17.900701",
    "H_reduce_time": "0:00:18.907071",
    "circuit_time": "0:01:58.594647",
    "shot_processing": {
        "raw_unique_basis_states": 6557,
        "fermion_basis_rejected": 0,
        "kept_unique_basis_states": 6557,
        "fermion_shots_rejected": 0,
        "kept_shots": 10000
    },
    "new_basis_count": 5072,
    "total_basis_count": 43415,
    "H_reduced_size": [
        43415,
        43415
    ],
    "reduction": 99.87061321735382,
    "H_reduced_e": 0.0004188829438948106,
    "used_dense": false,
    "eigenvalue_time": "0:00:00.396291",
    "diff": 0.00041888294388478503,
    "change_from_prev": 4.2907417933352274e-05
}
[2026-02-19 14:06:36,790][INFO] [Run 8] Running for Krylov dimension 8
[2026-02-19 14:08:35,317][INFO] [Run 8]
{
    "raw_unique_basis_states": 9338,
    "fermion_basis_rejected": 0,
    "kept_unique_basis_states": 9338,
    "fermion_shots_rejected": 0,
    "kept_shots": 10000
}
[2026-02-19 14:08:58,833][INFO] [Run 8]
{
    "D": 8,
    "t": 8.0,
    "num_trotter_steps": 1,
    "step_time": "0:02:22.042424",
    "H_reduce_time": "0:00:23.016559",
    "circuit_time": "0:01:58.506439",
    "shot_processing": {
        "raw_unique_basis_states": 9338,
        "fermion_basis_rejected": 0,
        "kept_unique_basis_states": 9338,
        "fermion_shots_rejected": 0,
        "kept_shots": 10000
    },
    "new_basis_count": 8353,
    "total_basis_count": 51768,
    "H_reduced_size": [
        51768,
        51768
    ],
    "reduction": 99.84571933746338,
    "H_reduced_e": 0.00040700646732391254,
    "used_dense": false,
    "eigenvalue_time": "0:00:00.516914",
    "diff": 0.000407006467313887,
    "change_from_prev": 1.1876476570898053e-05
}
[2026-02-19 14:08:58,833][INFO] [Run 8] Running for Krylov dimension 9
[2026-02-19 14:10:57,281][INFO] [Run 8]
{
    "raw_unique_basis_states": 9779,
    "fermion_basis_rejected": 0,
    "kept_unique_basis_states": 9779,
    "fermion_shots_rejected": 0,
    "kept_shots": 10000
}
[2026-02-19 14:11:24,550][INFO] [Run 8]
{
    "D": 9,
    "t": 9.0,
    "num_trotter_steps": 1,
    "step_time": "0:02:25.717377",
    "H_reduce_time": "0:00:26.660831",
    "circuit_time": "0:01:58.426769",
    "shot_processing": {
        "raw_unique_basis_states": 9779,
        "fermion_basis_rejected": 0,
        "kept_unique_basis_states": 9779,
        "fermion_shots_rejected": 0,
        "kept_shots": 10000
    },
    "new_basis_count": 9487,
    "total_basis_count": 61255,
    "H_reduced_size": [
        61255,
        61255
    ],
    "reduction": 99.81744587421417,
    "H_reduced_e": 0.0004069098571350502,
    "used_dense": false,
    "eigenvalue_time": "0:00:00.627139",
    "diff": 0.00040690985712502466,
    "change_from_prev": 9.661018886232206e-08
}
[2026-02-19 14:11:24,550][INFO] [Run 8] Running for Krylov dimension 10
[2026-02-19 14:13:24,614][INFO] [Run 8]
{
    "raw_unique_basis_states": 9472,
    "fermion_basis_rejected": 0,
    "kept_unique_basis_states": 9472,
    "fermion_shots_rejected": 0,
    "kept_shots": 10000
}
[2026-02-19 14:13:54,820][INFO] [Run 8]
{
    "D": 10,
    "t": 10.0,
    "num_trotter_steps": 1,
    "step_time": "0:02:30.269833",
    "H_reduce_time": "0:00:29.412050",
    "circuit_time": "0:02:00.043154",
    "shot_processing": {
        "raw_unique_basis_states": 9472,
        "fermion_basis_rejected": 0,
        "kept_unique_basis_states": 9472,
        "fermion_shots_rejected": 0,
        "kept_shots": 10000
    },
    "new_basis_count": 9142,
    "total_basis_count": 70397,
    "H_reduced_size": [
        70397,
        70397
    ],
    "reduction": 99.79020059108734,
    "H_reduced_e": 0.0003953974235113858,
    "used_dense": false,
    "eigenvalue_time": "0:00:00.811951",
    "diff": 0.00039539742350136025,
    "change_from_prev": 1.1512433623664408e-05
}
[2026-02-19 14:13:54,821][INFO] [Run 8] Running for Krylov dimension 11
[2026-02-19 14:15:53,298][INFO] [Run 8]
{
    "raw_unique_basis_states": 9372,
    "fermion_basis_rejected": 0,
    "kept_unique_basis_states": 9372,
    "fermion_shots_rejected": 0,
    "kept_shots": 10000
}
[2026-02-19 14:16:27,336][INFO] [Run 8]
{
    "D": 11,
    "t": 11.0,
    "num_trotter_steps": 1,
    "step_time": "0:02:32.515222",
    "H_reduce_time": "0:00:33.124593",
    "circuit_time": "0:01:58.456990",
    "shot_processing": {
        "raw_unique_basis_states": 9372,
        "fermion_basis_rejected": 0,
        "kept_unique_basis_states": 9372,
        "fermion_shots_rejected": 0,
        "kept_shots": 10000
    },
    "new_basis_count": 8854,
    "total_basis_count": 79251,
    "H_reduced_size": [
        79251,
        79251
    ],
    "reduction": 99.76381361484528,
    "H_reduced_e": 0.0003860773577229373,
    "used_dense": false,
    "eigenvalue_time": "0:00:00.930664",
    "diff": 0.0003860773577129117,
    "change_from_prev": 9.320065788448527e-06
}
[2026-02-19 14:16:27,336][INFO] [Run 8] Running for Krylov dimension 12
[2026-02-19 14:18:25,851][INFO] [Run 8]
{
    "raw_unique_basis_states": 6126,
    "fermion_basis_rejected": 0,
    "kept_unique_basis_states": 6126,
    "fermion_shots_rejected": 0,
    "kept_shots": 10000
}
[2026-02-19 14:19:03,165][INFO] [Run 8]
{
    "D": 12,
    "t": 12.0,
    "num_trotter_steps": 1,
    "step_time": "0:02:35.828296",
    "H_reduce_time": "0:00:36.256337",
    "circuit_time": "0:01:58.500035",
    "shot_processing": {
        "raw_unique_basis_states": 6126,
        "fermion_basis_rejected": 0,
        "kept_unique_basis_states": 6126,
        "fermion_shots_rejected": 0,
        "kept_shots": 10000
    },
    "new_basis_count": 4682,
    "total_basis_count": 83933,
    "H_reduced_size": [
        83933,
        83933
    ],
    "reduction": 99.74986016750336,
    "H_reduced_e": 0.00038275009227355794,
    "used_dense": false,
    "eigenvalue_time": "0:00:01.068951",
    "diff": 0.0003827500922635324,
    "change_from_prev": 3.327265449379346e-06
}
[2026-02-19 14:19:03,165][INFO] [Run 8] Running for Krylov dimension 13
[2026-02-19 14:21:01,694][INFO] [Run 8]
{
    "raw_unique_basis_states": 2489,
    "fermion_basis_rejected": 0,
    "kept_unique_basis_states": 2489,
    "fermion_shots_rejected": 0,
    "kept_shots": 10000
}
[2026-02-19 14:21:41,311][INFO] [Run 8]
{
    "D": 13,
    "t": 13.0,
    "num_trotter_steps": 1,
    "step_time": "0:02:38.145525",
    "H_reduce_time": "0:00:38.474803",
    "circuit_time": "0:01:58.521331",
    "shot_processing": {
        "raw_unique_basis_states": 2489,
        "fermion_basis_rejected": 0,
        "kept_unique_basis_states": 2489,
        "fermion_shots_rejected": 0,
        "kept_shots": 10000
    },
    "new_basis_count": 1205,
    "total_basis_count": 85138,
    "H_reduced_size": [
        85138,
        85138
    ],
    "reduction": 99.74626898765564,
    "H_reduced_e": 0.0003676041902157367,
    "used_dense": false,
    "eigenvalue_time": "0:00:01.146823",
    "diff": 0.00036760419020571115,
    "change_from_prev": 1.5145902057821226e-05
}
[2026-02-19 14:21:41,311][INFO] [Run 8] Running for Krylov dimension 14
[2026-02-19 14:23:39,221][INFO] [Run 8]
{
    "raw_unique_basis_states": 5605,
    "fermion_basis_rejected": 0,
    "kept_unique_basis_states": 5605,
    "fermion_shots_rejected": 0,
    "kept_shots": 10000
}
[2026-02-19 14:24:21,292][INFO] [Run 8]
{
    "D": 14,
    "t": 14.0,
    "num_trotter_steps": 1,
    "step_time": "0:02:39.980930",
    "H_reduce_time": "0:00:40.848934",
    "circuit_time": "0:01:57.896765",
    "shot_processing": {
        "raw_unique_basis_states": 5605,
        "fermion_basis_rejected": 0,
        "kept_unique_basis_states": 5605,
        "fermion_shots_rejected": 0,
        "kept_shots": 10000
    },
    "new_basis_count": 4248,
    "total_basis_count": 89386,
    "H_reduced_size": [
        89386,
        89386
    ],
    "reduction": 99.73360896110535,
    "H_reduced_e": 0.00034064901520048627,
    "used_dense": false,
    "eigenvalue_time": "0:00:01.232418",
    "diff": 0.0003406490151904607,
    "change_from_prev": 2.695517501525045e-05
}
[2026-02-19 14:24:21,292][INFO] [Run 8] Running for Krylov dimension 15
[2026-02-19 14:26:19,530][INFO] [Run 8]
{
    "raw_unique_basis_states": 9430,
    "fermion_basis_rejected": 0,
    "kept_unique_basis_states": 9430,
    "fermion_shots_rejected": 0,
    "kept_shots": 10000
}
[2026-02-19 14:27:04,366][INFO] [Run 8]
{
    "D": 15,
    "t": 15.0,
    "num_trotter_steps": 1,
    "step_time": "0:02:43.073213",
    "H_reduce_time": "0:00:43.545478",
    "circuit_time": "0:01:58.217075",
    "shot_processing": {
        "raw_unique_basis_states": 9430,
        "fermion_basis_rejected": 0,
        "kept_unique_basis_states": 9430,
        "fermion_shots_rejected": 0,
        "kept_shots": 10000
    },
    "new_basis_count": 8616,
    "total_basis_count": 98002,
    "H_reduced_size": [
        98002,
        98002
    ],
    "reduction": 99.70793128013611,
    "H_reduced_e": 0.0003404926255337781,
    "used_dense": false,
    "eigenvalue_time": "0:00:01.307665",
    "diff": 0.00034049262552375255,
    "change_from_prev": 1.563896667081512e-07
}
[2026-02-19 14:27:04,366][INFO] [Run 8] Running for Krylov dimension 16
[2026-02-19 14:29:02,882][INFO] [Run 8]
{
    "raw_unique_basis_states": 9824,
    "fermion_basis_rejected": 0,
    "kept_unique_basis_states": 9824,
    "fermion_shots_rejected": 0,
    "kept_shots": 10000
}
[2026-02-19 14:29:52,468][INFO] [Run 8]
{
    "D": 16,
    "t": 16.0,
    "num_trotter_steps": 1,
    "step_time": "0:02:48.101493",
    "H_reduce_time": "0:00:48.085311",
    "circuit_time": "0:01:58.493599",
    "shot_processing": {
        "raw_unique_basis_states": 9824,
        "fermion_basis_rejected": 0,
        "kept_unique_basis_states": 9824,
        "fermion_shots_rejected": 0,
        "kept_shots": 10000
    },
    "new_basis_count": 9267,
    "total_basis_count": 107269,
    "H_reduced_size": [
        107269,
        107269
    ],
    "reduction": 99.68031346797943,
    "H_reduced_e": 0.00034042573234660463,
    "used_dense": false,
    "eigenvalue_time": "0:00:01.519647",
    "diff": 0.00034042573233657907,
    "change_from_prev": 6.689318717348347e-08
}
[2026-02-19 14:29:52,468][INFO] [Run 8] Running for Krylov dimension 17
[2026-02-19 14:31:51,081][INFO] [Run 8]
{
    "raw_unique_basis_states": 9724,
    "fermion_basis_rejected": 0,
    "kept_unique_basis_states": 9724,
    "fermion_shots_rejected": 0,
    "kept_shots": 10000
}
[2026-02-19 14:32:45,599][INFO] [Run 8]
{
    "D": 17,
    "t": 17.0,
    "num_trotter_steps": 1,
    "step_time": "0:02:53.130645",
    "H_reduce_time": "0:00:52.930050",
    "circuit_time": "0:01:58.591181",
    "shot_processing": {
        "raw_unique_basis_states": 9724,
        "fermion_basis_rejected": 0,
        "kept_unique_basis_states": 9724,
        "fermion_shots_rejected": 0,
        "kept_shots": 10000
    },
    "new_basis_count": 8848,
    "total_basis_count": 116117,
    "H_reduced_size": [
        116117,
        116117
    ],
    "reduction": 99.6539443731308,
    "H_reduced_e": 0.0003186272806598683,
    "used_dense": false,
    "eigenvalue_time": "0:00:01.606345",
    "diff": 0.00031862728064984276,
    "change_from_prev": 2.179845168673631e-05
}
[2026-02-19 14:32:45,600][INFO] [Run 8] Running for Krylov dimension 18
[2026-02-19 14:34:44,025][INFO] [Run 8]
{
    "raw_unique_basis_states": 7671,
    "fermion_basis_rejected": 0,
    "kept_unique_basis_states": 7671,
    "fermion_shots_rejected": 0,
    "kept_shots": 10000
}
[2026-02-19 14:35:44,260][INFO] [Run 8]
{
    "D": 18,
    "t": 18.0,
    "num_trotter_steps": 1,
    "step_time": "0:02:58.659132",
    "H_reduce_time": "0:00:58.299716",
    "circuit_time": "0:01:58.406817",
    "shot_processing": {
        "raw_unique_basis_states": 7671,
        "fermion_basis_rejected": 0,
        "kept_unique_basis_states": 7671,
        "fermion_shots_rejected": 0,
        "kept_shots": 10000
    },
    "new_basis_count": 5738,
    "total_basis_count": 121855,
    "H_reduced_size": [
        121855,
        121855
    ],
    "reduction": 99.63684380054474,
    "H_reduced_e": 0.00031781743770767747,
    "used_dense": false,
    "eigenvalue_time": "0:00:01.949621",
    "diff": 0.0003178174376976519,
    "change_from_prev": 8.098429521908495e-07
}
[2026-02-19 14:35:44,260][INFO] [Run 8] Running for Krylov dimension 19
[2026-02-19 14:37:42,676][INFO] [Run 8]
{
    "raw_unique_basis_states": 6823,
    "fermion_basis_rejected": 0,
    "kept_unique_basis_states": 6823,
    "fermion_shots_rejected": 0,
    "kept_shots": 10000
}
[2026-02-19 14:38:45,983][INFO] [Run 8]
{
    "D": 19,
    "t": 19.0,
    "num_trotter_steps": 1,
    "step_time": "0:03:01.722580",
    "H_reduce_time": "0:01:01.563969",
    "circuit_time": "0:01:58.400274",
    "shot_processing": {
        "raw_unique_basis_states": 6823,
        "fermion_basis_rejected": 0,
        "kept_unique_basis_states": 6823,
        "fermion_shots_rejected": 0,
        "kept_shots": 10000
    },
    "new_basis_count": 4549,
    "total_basis_count": 126404,
    "H_reduced_size": [
        126404,
        126404
    ],
    "reduction": 99.62328672409058,
    "H_reduced_e": 0.00031371078210994395,
    "used_dense": false,
    "eigenvalue_time": "0:00:01.755431",
    "diff": 0.0003137107820999184,
    "change_from_prev": 4.106655597733522e-06
}
[2026-02-19 14:38:45,983][INFO] [Run 8] Running for Krylov dimension 20
[2026-02-19 14:40:44,630][INFO] [Run 8]
{
    "raw_unique_basis_states": 7051,
    "fermion_basis_rejected": 0,
    "kept_unique_basis_states": 7051,
    "fermion_shots_rejected": 0,
    "kept_shots": 10000
}
[2026-02-19 14:41:52,365][INFO] [Run 8]
{
    "D": 20,
    "t": 20.0,
    "num_trotter_steps": 1,
    "step_time": "0:03:06.382103",
    "H_reduce_time": "0:01:05.839246",
    "circuit_time": "0:01:58.630951",
    "shot_processing": {
        "raw_unique_basis_states": 7051,
        "fermion_basis_rejected": 0,
        "kept_unique_basis_states": 7051,
        "fermion_shots_rejected": 0,
        "kept_shots": 10000
    },
    "new_basis_count": 4022,
    "total_basis_count": 130426,
    "H_reduced_size": [
        130426,
        130426
    ],
    "reduction": 99.61130023002625,
    "H_reduced_e": 0.0003124163312711805,
    "used_dense": false,
    "eigenvalue_time": "0:00:01.908970",
    "diff": 0.00031241633126115494,
    "change_from_prev": 1.2944508387634484e-06
}
[2026-02-19 14:41:52,368][INFO] [Run 8] Done
