[2025-08-21 15:58:08,789][INFO] Starting VQE run 33 (seed=96176891)
[2025-08-21 15:58:08,790][INFO] EstimatorOptions(_VERSION=2, max_execution_time=Unset, environment=EnvironmentOptions(log_level='WARNING', callback=None, job_tags=None, private=False), simulator=SimulatorOptions(noise_model=Unset, seed_simulator=Unset, coupling_map=Unset, basis_gates=Unset), default_precision=Unset, default_shots=None, resilience_level=Unset, seed_estimator=Unset, dynamical_decoupling=DynamicalDecouplingOptions(enable=Unset, sequence_type=Unset, extra_slack_distribution=Unset, scheduling_method=Unset, skip_reset_qubits=Unset), resilience=ResilienceOptionsV2(measure_mitigation=Unset, measure_noise_learning=MeasureNoiseLearningOptions(num_randomizations=Unset, shots_per_randomization=Unset), zne_mitigation=Unset, zne=ZneOptions(amplifier=Unset, noise_factors=Unset, extrapolator=Unset, extrapolated_noise_factors=Unset), pec_mitigation=Unset, pec=PecOptions(max_overhead=Unset, noise_gain=Unset), layer_noise_learning=LayerNoiseLearningOptions(max_layers_to_learn=Unset, shots_per_randomization=Unset, num_randomizations=Unset, layer_pair_depths=Unset), layer_noise_model=Unset), execution=ExecutionOptionsV2(init_qubits=Unset, rep_delay=Unset), twirling=TwirlingOptions(enable_gates=Unset, enable_measure=Unset, num_randomizations=Unset, shots_per_randomization=Unset, strategy=Unset), experimental=Unset)
[2025-08-21 15:58:08,827][INFO] Iteration 1: Energy = 0.86059570
[2025-08-21 15:58:08,851][INFO] Iteration 2: Energy = 0.86157227
[2025-08-21 15:58:08,886][INFO] Iteration 3: Energy = 0.43115234
[2025-08-21 15:58:08,934][INFO] Iteration 4: Energy = 0.05981445
[2025-08-21 15:58:08,964][INFO] Iteration 5: Energy = 0.00000000
[2025-08-21 15:58:08,994][INFO] Iteration 6: Energy = 0.00000000
[2025-08-21 15:58:09,036][INFO] Iteration 7: Energy = 0.00000000
[2025-08-21 15:58:09,083][INFO] Iteration 8: Energy = 0.00000000
[2025-08-21 15:58:09,118][INFO] Iteration 9: Energy = 0.00000000
[2025-08-21 15:58:09,162][INFO] Iteration 10: Energy = 0.00000000
[2025-08-21 15:58:09,207][INFO] Iteration 11: Energy = 0.00000000
[2025-08-21 15:58:09,240][INFO] Iteration 12: Energy = 0.00000000
[2025-08-21 15:58:09,269][INFO] Iteration 13: Energy = 0.00000000
[2025-08-21 15:58:09,300][INFO] Iteration 14: Energy = 0.00000000
[2025-08-21 15:58:09,339][INFO] Iteration 15: Energy = 0.00000000
[2025-08-21 15:58:09,375][INFO] Iteration 16: Energy = 0.00000000
[2025-08-21 15:58:09,405][INFO] Iteration 17: Energy = 0.00000000
[2025-08-21 15:58:09,437][INFO] Iteration 18: Energy = 0.00000000
[2025-08-21 15:58:09,479][INFO] Iteration 19: Energy = 0.00000000
[2025-08-21 15:58:09,517][INFO] Iteration 20: Energy = 0.00000000
[2025-08-21 15:58:09,552][INFO] Iteration 21: Energy = 0.00000000
[2025-08-21 15:58:09,588][INFO] Iteration 22: Energy = 0.00000000
[2025-08-21 15:58:09,619][INFO] Iteration 23: Energy = 0.00000000
[2025-08-21 15:58:09,655][INFO] Iteration 24: Energy = 0.00000000
[2025-08-21 15:58:09,679][INFO] Iteration 25: Energy = 0.00000000
[2025-08-21 15:58:09,708][INFO] Iteration 26: Energy = 0.00000000
[2025-08-21 15:58:09,740][INFO] Iteration 27: Energy = 0.00000000
[2025-08-21 15:58:09,741][INFO] Completed VQE run 33: Energy = 0.000000
[2025-08-21 15:58:59,563][INFO] Starting VQE run 33 (seed=99367201)
[2025-08-21 16:07:11,102][INFO] Starting VQE run 33 (seed=83428987)
[2025-08-21 16:07:11,102][INFO] EstimatorOptions(_VERSION=2, max_execution_time=Unset, environment=EnvironmentOptions(log_level='WARNING', callback=None, job_tags=None, private=False), simulator=SimulatorOptions(noise_model=Unset, seed_simulator=Unset, coupling_map=Unset, basis_gates=Unset), default_precision=Unset, default_shots=None, resilience_level=2, seed_estimator=Unset, dynamical_decoupling=DynamicalDecouplingOptions(enable=Unset, sequence_type=Unset, extra_slack_distribution=Unset, scheduling_method=Unset, skip_reset_qubits=Unset), resilience=ResilienceOptionsV2(measure_mitigation=Unset, measure_noise_learning=MeasureNoiseLearningOptions(num_randomizations=Unset, shots_per_randomization=Unset), zne_mitigation=Unset, zne=ZneOptions(amplifier=Unset, noise_factors=Unset, extrapolator=Unset, extrapolated_noise_factors=Unset), pec_mitigation=Unset, pec=PecOptions(max_overhead=Unset, noise_gain=Unset), layer_noise_learning=LayerNoiseLearningOptions(max_layers_to_learn=Unset, shots_per_randomization=Unset, num_randomizations=Unset, layer_pair_depths=Unset), layer_noise_model=Unset), execution=ExecutionOptionsV2(init_qubits=Unset, rep_delay=Unset), twirling=TwirlingOptions(enable_gates=Unset, enable_measure=Unset, num_randomizations=Unset, shots_per_randomization=Unset, strategy=Unset), experimental=Unset)
[2025-08-21 16:07:15,435][INFO] Iteration 1: Energy = 0.96850586
[2025-08-21 16:07:19,766][INFO] Iteration 2: Energy = 0.65917969
[2025-08-21 16:07:24,097][INFO] Iteration 3: Energy = 0.65917969
[2025-08-21 16:07:28,325][INFO] Iteration 4: Energy = 0.20190430
[2025-08-21 16:07:32,931][INFO] Iteration 5: Energy = 0.00830078
[2025-08-21 16:07:37,553][INFO] Iteration 6: Energy = 0.00634766
[2025-08-21 16:07:42,045][INFO] Iteration 7: Energy = 0.00903320
[2025-08-21 16:07:46,459][INFO] Iteration 8: Energy = 0.00756836
[2025-08-21 16:07:50,797][INFO] Iteration 9: Energy = 0.00732422
[2025-08-21 16:07:55,251][INFO] Iteration 10: Energy = 0.00634766
[2025-08-21 16:07:59,408][INFO] Iteration 11: Energy = 0.00805664
[2025-08-21 16:08:03,829][INFO] Iteration 12: Energy = 0.00708008
[2025-08-21 16:08:08,338][INFO] Iteration 13: Energy = 0.00830078
[2025-08-21 16:08:12,681][INFO] Iteration 14: Energy = 0.00854492
[2025-08-21 16:08:17,025][INFO] Iteration 15: Energy = 0.00952148
[2025-08-21 16:08:21,313][INFO] Iteration 16: Energy = 0.00488281
[2025-08-21 16:08:25,713][INFO] Iteration 17: Energy = 0.00805664
[2025-08-21 16:08:30,031][INFO] Iteration 18: Energy = 0.00903320
[2025-08-21 16:08:34,298][INFO] Iteration 19: Energy = 0.01000977
[2025-08-21 16:08:38,852][INFO] Iteration 20: Energy = 0.01025391
[2025-08-21 16:08:43,189][INFO] Iteration 21: Energy = 0.01074219
[2025-08-21 16:08:47,587][INFO] Iteration 22: Energy = 0.00683594
[2025-08-21 16:08:51,851][INFO] Iteration 23: Energy = 0.00805664
[2025-08-21 16:08:56,279][INFO] Iteration 24: Energy = 0.00976562
[2025-08-21 16:09:00,678][INFO] Iteration 25: Energy = 0.01049805
[2025-08-21 16:09:04,912][INFO] Iteration 26: Energy = 0.01074219
[2025-08-21 16:09:09,240][INFO] Iteration 27: Energy = 0.00781250
[2025-08-21 16:09:13,700][INFO] Iteration 28: Energy = 0.00927734
[2025-08-21 16:09:18,133][INFO] Iteration 29: Energy = 0.01000977
[2025-08-21 16:09:22,549][INFO] Iteration 30: Energy = 0.00756836
[2025-08-21 16:09:26,780][INFO] Iteration 31: Energy = 0.00781250
[2025-08-21 16:09:31,057][INFO] Iteration 32: Energy = 0.00830078
[2025-08-21 16:09:35,341][INFO] Iteration 33: Energy = 0.00805664
[2025-08-21 16:09:39,516][INFO] Iteration 34: Energy = 0.01049805
[2025-08-21 16:09:44,012][INFO] Iteration 35: Energy = 0.00976562
[2025-08-21 16:09:48,278][INFO] Iteration 36: Energy = 0.00805664
[2025-08-21 16:09:48,279][INFO] Completed VQE run 33: Energy = 0.005859
