[2025-08-21 15:58:05,012][INFO] Starting VQE run 9 (seed=91600024)
[2025-08-21 15:58:05,013][INFO] EstimatorOptions(_VERSION=2, max_execution_time=Unset, environment=EnvironmentOptions(log_level='WARNING', callback=None, job_tags=None, private=False), simulator=SimulatorOptions(noise_model=Unset, seed_simulator=Unset, coupling_map=Unset, basis_gates=Unset), default_precision=Unset, default_shots=None, resilience_level=Unset, seed_estimator=Unset, dynamical_decoupling=DynamicalDecouplingOptions(enable=Unset, sequence_type=Unset, extra_slack_distribution=Unset, scheduling_method=Unset, skip_reset_qubits=Unset), resilience=ResilienceOptionsV2(measure_mitigation=Unset, measure_noise_learning=MeasureNoiseLearningOptions(num_randomizations=Unset, shots_per_randomization=Unset), zne_mitigation=Unset, zne=ZneOptions(amplifier=Unset, noise_factors=Unset, extrapolator=Unset, extrapolated_noise_factors=Unset), pec_mitigation=Unset, pec=PecOptions(max_overhead=Unset, noise_gain=Unset), layer_noise_learning=LayerNoiseLearningOptions(max_layers_to_learn=Unset, shots_per_randomization=Unset, num_randomizations=Unset, layer_pair_depths=Unset), layer_noise_model=Unset), execution=ExecutionOptionsV2(init_qubits=Unset, rep_delay=Unset), twirling=TwirlingOptions(enable_gates=Unset, enable_measure=Unset, num_randomizations=Unset, shots_per_randomization=Unset, strategy=Unset), experimental=Unset)
[2025-08-21 15:58:05,140][INFO] Iteration 1: Energy = 0.00000000
[2025-08-21 15:58:05,286][INFO] Iteration 2: Energy = 0.00000000
[2025-08-21 15:58:05,406][INFO] Iteration 3: Energy = 0.00000000
[2025-08-21 15:58:05,497][INFO] Iteration 4: Energy = 0.00000000
[2025-08-21 15:58:05,582][INFO] Iteration 5: Energy = 0.00000000
[2025-08-21 15:58:05,740][INFO] Iteration 6: Energy = 0.00000000
[2025-08-21 15:58:05,885][INFO] Iteration 7: Energy = 0.00000000
[2025-08-21 15:58:05,963][INFO] Iteration 8: Energy = 0.00000000
[2025-08-21 15:58:06,050][INFO] Iteration 9: Energy = 0.00000000
[2025-08-21 15:58:06,175][INFO] Iteration 10: Energy = 0.00000000
[2025-08-21 15:58:06,318][INFO] Iteration 11: Energy = 0.00000000
[2025-08-21 15:58:06,414][INFO] Iteration 12: Energy = 0.00000000
[2025-08-21 15:58:06,494][INFO] Iteration 13: Energy = 0.00000000
[2025-08-21 15:58:06,611][INFO] Iteration 14: Energy = 0.00000000
[2025-08-21 15:58:06,735][INFO] Iteration 15: Energy = 0.00000000
[2025-08-21 15:58:06,802][INFO] Iteration 16: Energy = 0.00000000
[2025-08-21 15:58:06,929][INFO] Iteration 17: Energy = 0.00000000
[2025-08-21 15:58:07,051][INFO] Iteration 18: Energy = 0.00000000
[2025-08-21 15:58:07,159][INFO] Iteration 19: Energy = 0.00000000
[2025-08-21 15:58:07,252][INFO] Iteration 20: Energy = 0.00000000
[2025-08-21 15:58:07,336][INFO] Iteration 21: Energy = 0.00000000
[2025-08-21 15:58:07,458][INFO] Iteration 22: Energy = 0.00000000
[2025-08-21 15:58:07,564][INFO] Iteration 23: Energy = 0.00000000
[2025-08-21 15:58:07,617][INFO] Iteration 24: Energy = 0.00000000
[2025-08-21 15:58:07,691][INFO] Iteration 25: Energy = 0.00000000
[2025-08-21 15:58:07,692][INFO] Completed VQE run 9: Energy = 0.000000
[2025-08-21 15:58:59,490][INFO] Starting VQE run 9 (seed=99367201)
[2025-08-21 15:59:51,899][INFO] Starting VQE run 9 (seed=21514635)
[2025-08-21 15:59:51,899][INFO] EstimatorOptions(_VERSION=2, max_execution_time=Unset, environment=EnvironmentOptions(log_level='WARNING', callback=None, job_tags=None, private=False), simulator=SimulatorOptions(noise_model=Unset, seed_simulator=Unset, coupling_map=Unset, basis_gates=Unset), default_precision=Unset, default_shots=None, resilience_level=2, seed_estimator=Unset, dynamical_decoupling=DynamicalDecouplingOptions(enable=Unset, sequence_type=Unset, extra_slack_distribution=Unset, scheduling_method=Unset, skip_reset_qubits=Unset), resilience=ResilienceOptionsV2(measure_mitigation=Unset, measure_noise_learning=MeasureNoiseLearningOptions(num_randomizations=Unset, shots_per_randomization=Unset), zne_mitigation=Unset, zne=ZneOptions(amplifier=Unset, noise_factors=Unset, extrapolator=Unset, extrapolated_noise_factors=Unset), pec_mitigation=Unset, pec=PecOptions(max_overhead=Unset, noise_gain=Unset), layer_noise_learning=LayerNoiseLearningOptions(max_layers_to_learn=Unset, shots_per_randomization=Unset, num_randomizations=Unset, layer_pair_depths=Unset), layer_noise_model=Unset), execution=ExecutionOptionsV2(init_qubits=Unset, rep_delay=Unset), twirling=TwirlingOptions(enable_gates=Unset, enable_measure=Unset, num_randomizations=Unset, shots_per_randomization=Unset, strategy=Unset), experimental=Unset)
[2025-08-21 15:59:56,109][INFO] Iteration 1: Energy = 0.97583008
[2025-08-21 16:00:00,132][INFO] Iteration 2: Energy = 0.87255859
[2025-08-21 16:00:04,250][INFO] Iteration 3: Energy = 0.67724609
[2025-08-21 16:00:09,175][INFO] Iteration 4: Energy = 0.24121094
[2025-08-21 16:00:13,512][INFO] Iteration 5: Energy = 0.00927734
[2025-08-21 16:00:18,074][INFO] Iteration 6: Energy = 0.00903320
[2025-08-21 16:00:22,276][INFO] Iteration 7: Energy = 0.00878906
[2025-08-21 16:00:26,534][INFO] Iteration 8: Energy = 0.00683594
[2025-08-21 16:00:30,501][INFO] Iteration 9: Energy = 0.00854492
[2025-08-21 16:00:34,667][INFO] Iteration 10: Energy = 0.00732422
[2025-08-21 16:00:39,015][INFO] Iteration 11: Energy = 0.00878906
[2025-08-21 16:00:43,170][INFO] Iteration 12: Energy = 0.00781250
[2025-08-21 16:00:47,473][INFO] Iteration 13: Energy = 0.00781250
[2025-08-21 16:00:51,722][INFO] Iteration 14: Energy = 0.00878906
[2025-08-21 16:00:56,126][INFO] Iteration 15: Energy = 0.00903320
[2025-08-21 16:01:00,600][INFO] Iteration 16: Energy = 0.00830078
[2025-08-21 16:01:04,995][INFO] Iteration 17: Energy = 0.00805664
[2025-08-21 16:01:09,549][INFO] Iteration 18: Energy = 0.00903320
[2025-08-21 16:01:13,545][INFO] Iteration 19: Energy = 0.00610352
[2025-08-21 16:01:17,504][INFO] Iteration 20: Energy = 0.00683594
[2025-08-21 16:01:21,683][INFO] Iteration 21: Energy = 0.00878906
[2025-08-21 16:01:25,596][INFO] Iteration 22: Energy = 0.00708008
[2025-08-21 16:01:29,899][INFO] Iteration 23: Energy = 0.00781250
[2025-08-21 16:01:34,188][INFO] Iteration 24: Energy = 0.00781250
[2025-08-21 16:01:38,321][INFO] Iteration 25: Energy = 0.00781250
[2025-08-21 16:01:42,337][INFO] Iteration 26: Energy = 0.00854492
[2025-08-21 16:01:46,394][INFO] Iteration 27: Energy = 0.00659180
[2025-08-21 16:01:50,462][INFO] Iteration 28: Energy = 0.00756836
[2025-08-21 16:01:54,515][INFO] Iteration 29: Energy = 0.00903320
[2025-08-21 16:01:58,809][INFO] Iteration 30: Energy = 0.01049805
[2025-08-21 16:02:02,999][INFO] Iteration 31: Energy = 0.00903320
[2025-08-21 16:02:07,202][INFO] Iteration 32: Energy = 0.00952148
[2025-08-21 16:02:11,441][INFO] Iteration 33: Energy = 0.00683594
[2025-08-21 16:02:15,611][INFO] Iteration 34: Energy = 0.00781250
[2025-08-21 16:02:19,838][INFO] Iteration 35: Energy = 0.00830078
[2025-08-21 16:02:23,954][INFO] Iteration 36: Energy = 0.00878906
[2025-08-21 16:02:28,339][INFO] Iteration 37: Energy = 0.00708008
[2025-08-21 16:02:32,187][INFO] Iteration 38: Energy = 0.01049805
[2025-08-21 16:02:36,266][INFO] Iteration 39: Energy = 0.00708008
[2025-08-21 16:02:36,268][INFO] Completed VQE run 9: Energy = 0.005127
