[2025-08-21 15:58:08,051][INFO] Starting VQE run 8 (seed=46640599)
[2025-08-21 15:58:08,052][INFO] EstimatorOptions(_VERSION=2, max_execution_time=Unset, environment=EnvironmentOptions(log_level='WARNING', callback=None, job_tags=None, private=False), simulator=SimulatorOptions(noise_model=Unset, seed_simulator=Unset, coupling_map=Unset, basis_gates=Unset), default_precision=Unset, default_shots=None, resilience_level=Unset, seed_estimator=Unset, dynamical_decoupling=DynamicalDecouplingOptions(enable=Unset, sequence_type=Unset, extra_slack_distribution=Unset, scheduling_method=Unset, skip_reset_qubits=Unset), resilience=ResilienceOptionsV2(measure_mitigation=Unset, measure_noise_learning=MeasureNoiseLearningOptions(num_randomizations=Unset, shots_per_randomization=Unset), zne_mitigation=Unset, zne=ZneOptions(amplifier=Unset, noise_factors=Unset, extrapolator=Unset, extrapolated_noise_factors=Unset), pec_mitigation=Unset, pec=PecOptions(max_overhead=Unset, noise_gain=Unset), layer_noise_learning=LayerNoiseLearningOptions(max_layers_to_learn=Unset, shots_per_randomization=Unset, num_randomizations=Unset, layer_pair_depths=Unset), layer_noise_model=Unset), execution=ExecutionOptionsV2(init_qubits=Unset, rep_delay=Unset), twirling=TwirlingOptions(enable_gates=Unset, enable_measure=Unset, num_randomizations=Unset, shots_per_randomization=Unset, strategy=Unset), experimental=Unset)
[2025-08-21 15:58:08,096][INFO] Iteration 1: Energy = 0.00000000
[2025-08-21 15:58:08,124][INFO] Iteration 2: Energy = 0.00000000
[2025-08-21 15:58:08,145][INFO] Iteration 3: Energy = 0.00000000
[2025-08-21 15:58:08,180][INFO] Iteration 4: Energy = 0.00000000
[2025-08-21 15:58:08,219][INFO] Iteration 5: Energy = 0.00000000
[2025-08-21 15:58:08,250][INFO] Iteration 6: Energy = 0.00000000
[2025-08-21 15:58:08,280][INFO] Iteration 7: Energy = 0.00000000
[2025-08-21 15:58:08,325][INFO] Iteration 8: Energy = 0.00000000
[2025-08-21 15:58:08,369][INFO] Iteration 9: Energy = 0.00000000
[2025-08-21 15:58:08,400][INFO] Iteration 10: Energy = 0.00000000
[2025-08-21 15:58:08,434][INFO] Iteration 11: Energy = 0.00000000
[2025-08-21 15:58:08,472][INFO] Iteration 12: Energy = 0.00000000
[2025-08-21 15:58:08,506][INFO] Iteration 13: Energy = 0.00000000
[2025-08-21 15:58:08,541][INFO] Iteration 14: Energy = 0.00000000
[2025-08-21 15:58:08,576][INFO] Iteration 15: Energy = 0.00000000
[2025-08-21 15:58:08,610][INFO] Iteration 16: Energy = 0.00000000
[2025-08-21 15:58:08,646][INFO] Iteration 17: Energy = 0.00000000
[2025-08-21 15:58:08,676][INFO] Iteration 18: Energy = 0.00000000
[2025-08-21 15:58:08,707][INFO] Iteration 19: Energy = 0.00000000
[2025-08-21 15:58:08,742][INFO] Iteration 20: Energy = 0.00000000
[2025-08-21 15:58:08,769][INFO] Iteration 21: Energy = 0.00000000
[2025-08-21 15:58:08,799][INFO] Iteration 22: Energy = 0.00000000
[2025-08-21 15:58:08,827][INFO] Iteration 23: Energy = 0.00000000
[2025-08-21 15:58:08,859][INFO] Iteration 24: Energy = 0.00000000
[2025-08-21 15:58:08,900][INFO] Iteration 25: Energy = 0.00000000
[2025-08-21 15:58:08,901][INFO] Completed VQE run 8: Energy = 0.000000
[2025-08-21 16:05:16,133][INFO] Starting VQE run 8 (seed=109074463)
[2025-08-21 16:05:16,134][INFO] EstimatorOptions(_VERSION=2, max_execution_time=Unset, environment=EnvironmentOptions(log_level='WARNING', callback=None, job_tags=None, private=False), simulator=SimulatorOptions(noise_model=Unset, seed_simulator=Unset, coupling_map=Unset, basis_gates=Unset), default_precision=Unset, default_shots=None, resilience_level=2, seed_estimator=Unset, dynamical_decoupling=DynamicalDecouplingOptions(enable=Unset, sequence_type=Unset, extra_slack_distribution=Unset, scheduling_method=Unset, skip_reset_qubits=Unset), resilience=ResilienceOptionsV2(measure_mitigation=Unset, measure_noise_learning=MeasureNoiseLearningOptions(num_randomizations=Unset, shots_per_randomization=Unset), zne_mitigation=Unset, zne=ZneOptions(amplifier=Unset, noise_factors=Unset, extrapolator=Unset, extrapolated_noise_factors=Unset), pec_mitigation=Unset, pec=PecOptions(max_overhead=Unset, noise_gain=Unset), layer_noise_learning=LayerNoiseLearningOptions(max_layers_to_learn=Unset, shots_per_randomization=Unset, num_randomizations=Unset, layer_pair_depths=Unset), layer_noise_model=Unset), execution=ExecutionOptionsV2(init_qubits=Unset, rep_delay=Unset), twirling=TwirlingOptions(enable_gates=Unset, enable_measure=Unset, num_randomizations=Unset, shots_per_randomization=Unset, strategy=Unset), experimental=Unset)
[2025-08-21 16:05:20,666][INFO] Iteration 1: Energy = 0.93823242
[2025-08-21 16:05:24,991][INFO] Iteration 2: Energy = 0.92724609
[2025-08-21 16:05:29,312][INFO] Iteration 3: Energy = 0.55517578
[2025-08-21 16:05:33,612][INFO] Iteration 4: Energy = 0.15087891
[2025-08-21 16:05:38,136][INFO] Iteration 5: Energy = 0.00952148
[2025-08-21 16:05:42,835][INFO] Iteration 6: Energy = 0.01098633
[2025-08-21 16:05:47,373][INFO] Iteration 7: Energy = 0.01293945
[2025-08-21 16:05:51,792][INFO] Iteration 8: Energy = 0.01049805
[2025-08-21 16:05:56,038][INFO] Iteration 9: Energy = 0.01196289
[2025-08-21 16:06:00,349][INFO] Iteration 10: Energy = 0.01049805
[2025-08-21 16:06:04,657][INFO] Iteration 11: Energy = 0.00830078
[2025-08-21 16:06:09,171][INFO] Iteration 12: Energy = 0.01098633
[2025-08-21 16:06:13,302][INFO] Iteration 13: Energy = 0.01049805
[2025-08-21 16:06:17,669][INFO] Iteration 14: Energy = 0.01171875
[2025-08-21 16:06:21,965][INFO] Iteration 15: Energy = 0.00805664
[2025-08-21 16:06:26,068][INFO] Iteration 16: Energy = 0.00781250
[2025-08-21 16:06:30,693][INFO] Iteration 17: Energy = 0.01464844
[2025-08-21 16:06:35,155][INFO] Iteration 18: Energy = 0.01074219
[2025-08-21 16:06:39,548][INFO] Iteration 19: Energy = 0.00903320
[2025-08-21 16:06:43,954][INFO] Iteration 20: Energy = 0.01025391
[2025-08-21 16:06:48,131][INFO] Iteration 21: Energy = 0.01293945
[2025-08-21 16:06:52,408][INFO] Iteration 22: Energy = 0.00903320
[2025-08-21 16:06:56,730][INFO] Iteration 23: Energy = 0.01245117
[2025-08-21 16:07:01,231][INFO] Iteration 24: Energy = 0.01318359
[2025-08-21 16:07:05,780][INFO] Iteration 25: Energy = 0.01318359
[2025-08-21 16:07:10,267][INFO] Iteration 26: Energy = 0.01196289
[2025-08-21 16:07:14,589][INFO] Iteration 27: Energy = 0.00854492
[2025-08-21 16:07:19,236][INFO] Iteration 28: Energy = 0.01367188
[2025-08-21 16:07:23,369][INFO] Iteration 29: Energy = 0.01171875
[2025-08-21 16:07:27,661][INFO] Iteration 30: Energy = 0.01000977
[2025-08-21 16:07:31,749][INFO] Iteration 31: Energy = 0.01147461
[2025-08-21 16:07:36,243][INFO] Iteration 32: Energy = 0.00805664
[2025-08-21 16:07:40,669][INFO] Iteration 33: Energy = 0.01025391
[2025-08-21 16:07:44,884][INFO] Iteration 34: Energy = 0.01220703
[2025-08-21 16:07:49,108][INFO] Iteration 35: Energy = 0.01123047
[2025-08-21 16:07:53,550][INFO] Iteration 36: Energy = 0.01025391
[2025-08-21 16:07:57,789][INFO] Iteration 37: Energy = 0.00805664
[2025-08-21 16:08:01,962][INFO] Iteration 38: Energy = 0.00903320
[2025-08-21 16:08:06,260][INFO] Iteration 39: Energy = 0.00830078
[2025-08-21 16:08:10,441][INFO] Iteration 40: Energy = 0.01049805
[2025-08-21 16:08:14,784][INFO] Iteration 41: Energy = 0.01074219
[2025-08-21 16:08:14,786][INFO] Completed VQE run 8: Energy = 0.007812
