[2025-08-21 15:58:14,991][INFO] Starting VQE run 88 (seed=76883103)
[2025-08-21 15:58:14,991][INFO] EstimatorOptions(_VERSION=2, max_execution_time=Unset, environment=EnvironmentOptions(log_level='WARNING', callback=None, job_tags=None, private=False), simulator=SimulatorOptions(noise_model=Unset, seed_simulator=Unset, coupling_map=Unset, basis_gates=Unset), default_precision=Unset, default_shots=None, resilience_level=Unset, seed_estimator=Unset, dynamical_decoupling=DynamicalDecouplingOptions(enable=Unset, sequence_type=Unset, extra_slack_distribution=Unset, scheduling_method=Unset, skip_reset_qubits=Unset), resilience=ResilienceOptionsV2(measure_mitigation=Unset, measure_noise_learning=MeasureNoiseLearningOptions(num_randomizations=Unset, shots_per_randomization=Unset), zne_mitigation=Unset, zne=ZneOptions(amplifier=Unset, noise_factors=Unset, extrapolator=Unset, extrapolated_noise_factors=Unset), pec_mitigation=Unset, pec=PecOptions(max_overhead=Unset, noise_gain=Unset), layer_noise_learning=LayerNoiseLearningOptions(max_layers_to_learn=Unset, shots_per_randomization=Unset, num_randomizations=Unset, layer_pair_depths=Unset), layer_noise_model=Unset), execution=ExecutionOptionsV2(init_qubits=Unset, rep_delay=Unset), twirling=TwirlingOptions(enable_gates=Unset, enable_measure=Unset, num_randomizations=Unset, shots_per_randomization=Unset, strategy=Unset), experimental=Unset)
[2025-08-21 15:58:15,018][INFO] Iteration 1: Energy = 0.48657227
[2025-08-21 15:58:15,055][INFO] Iteration 2: Energy = 0.48876953
[2025-08-21 15:58:15,091][INFO] Iteration 3: Energy = 0.08398438
[2025-08-21 15:58:15,122][INFO] Iteration 4: Energy = 0.00000000
[2025-08-21 15:58:15,157][INFO] Iteration 5: Energy = 0.00000000
[2025-08-21 15:58:15,202][INFO] Iteration 6: Energy = 0.00000000
[2025-08-21 15:58:15,238][INFO] Iteration 7: Energy = 0.00000000
[2025-08-21 15:58:15,273][INFO] Iteration 8: Energy = 0.00000000
[2025-08-21 15:58:15,301][INFO] Iteration 9: Energy = 0.00000000
[2025-08-21 15:58:15,336][INFO] Iteration 10: Energy = 0.00000000
[2025-08-21 15:58:15,373][INFO] Iteration 11: Energy = 0.00000000
[2025-08-21 15:58:15,401][INFO] Iteration 12: Energy = 0.00000000
[2025-08-21 15:58:15,429][INFO] Iteration 13: Energy = 0.00000000
[2025-08-21 15:58:15,465][INFO] Iteration 14: Energy = 0.00000000
[2025-08-21 15:58:15,497][INFO] Iteration 15: Energy = 0.00000000
[2025-08-21 15:58:15,528][INFO] Iteration 16: Energy = 0.00000000
[2025-08-21 15:58:15,561][INFO] Iteration 17: Energy = 0.00000000
[2025-08-21 15:58:15,599][INFO] Iteration 18: Energy = 0.00000000
[2025-08-21 15:58:15,634][INFO] Iteration 19: Energy = 0.00000000
[2025-08-21 15:58:15,664][INFO] Iteration 20: Energy = 0.00000000
[2025-08-21 15:58:15,701][INFO] Iteration 21: Energy = 0.00000000
[2025-08-21 15:58:15,734][INFO] Iteration 22: Energy = 0.00000000
[2025-08-21 15:58:15,771][INFO] Iteration 23: Energy = 0.00000000
[2025-08-21 15:58:15,805][INFO] Iteration 24: Energy = 0.00000000
[2025-08-21 15:58:15,834][INFO] Iteration 25: Energy = 0.00000000
[2025-08-21 15:58:15,871][INFO] Iteration 26: Energy = 0.00000000
[2025-08-21 15:58:15,872][INFO] Completed VQE run 88: Energy = 0.000000
[2025-08-21 16:20:13,830][INFO] Starting VQE run 88 (seed=78383458)
[2025-08-21 16:20:13,831][INFO] EstimatorOptions(_VERSION=2, max_execution_time=Unset, environment=EnvironmentOptions(log_level='WARNING', callback=None, job_tags=None, private=False), simulator=SimulatorOptions(noise_model=Unset, seed_simulator=Unset, coupling_map=Unset, basis_gates=Unset), default_precision=Unset, default_shots=None, resilience_level=2, seed_estimator=Unset, dynamical_decoupling=DynamicalDecouplingOptions(enable=Unset, sequence_type=Unset, extra_slack_distribution=Unset, scheduling_method=Unset, skip_reset_qubits=Unset), resilience=ResilienceOptionsV2(measure_mitigation=Unset, measure_noise_learning=MeasureNoiseLearningOptions(num_randomizations=Unset, shots_per_randomization=Unset), zne_mitigation=Unset, zne=ZneOptions(amplifier=Unset, noise_factors=Unset, extrapolator=Unset, extrapolated_noise_factors=Unset), pec_mitigation=Unset, pec=PecOptions(max_overhead=Unset, noise_gain=Unset), layer_noise_learning=LayerNoiseLearningOptions(max_layers_to_learn=Unset, shots_per_randomization=Unset, num_randomizations=Unset, layer_pair_depths=Unset), layer_noise_model=Unset), execution=ExecutionOptionsV2(init_qubits=Unset, rep_delay=Unset), twirling=TwirlingOptions(enable_gates=Unset, enable_measure=Unset, num_randomizations=Unset, shots_per_randomization=Unset, strategy=Unset), experimental=Unset)
[2025-08-21 16:20:18,113][INFO] Iteration 1: Energy = 0.31616211
[2025-08-21 16:20:22,490][INFO] Iteration 2: Energy = 0.32495117
[2025-08-21 16:20:27,040][INFO] Iteration 3: Energy = 0.01953125
[2025-08-21 16:20:31,903][INFO] Iteration 4: Energy = 0.00756836
[2025-08-21 16:20:36,535][INFO] Iteration 5: Energy = 0.00659180
[2025-08-21 16:20:41,012][INFO] Iteration 6: Energy = 0.01000977
[2025-08-21 16:20:45,492][INFO] Iteration 7: Energy = 0.00683594
[2025-08-21 16:20:50,062][INFO] Iteration 8: Energy = 0.00903320
[2025-08-21 16:20:54,390][INFO] Iteration 9: Energy = 0.00732422
[2025-08-21 16:20:58,811][INFO] Iteration 10: Energy = 0.00854492
[2025-08-21 16:21:03,436][INFO] Iteration 11: Energy = 0.00976562
[2025-08-21 16:21:08,145][INFO] Iteration 12: Energy = 0.00683594
[2025-08-21 16:21:12,769][INFO] Iteration 13: Energy = 0.00854492
[2025-08-21 16:21:17,327][INFO] Iteration 14: Energy = 0.00830078
[2025-08-21 16:21:21,854][INFO] Iteration 15: Energy = 0.00854492
[2025-08-21 16:21:26,304][INFO] Iteration 16: Energy = 0.00781250
[2025-08-21 16:21:30,665][INFO] Iteration 17: Energy = 0.00756836
[2025-08-21 16:21:35,066][INFO] Iteration 18: Energy = 0.00756836
[2025-08-21 16:21:39,653][INFO] Iteration 19: Energy = 0.00732422
[2025-08-21 16:21:44,331][INFO] Iteration 20: Energy = 0.00708008
[2025-08-21 16:21:48,850][INFO] Iteration 21: Energy = 0.00756836
[2025-08-21 16:21:53,280][INFO] Iteration 22: Energy = 0.00634766
[2025-08-21 16:21:57,821][INFO] Iteration 23: Energy = 0.00805664
[2025-08-21 16:22:02,210][INFO] Iteration 24: Energy = 0.00659180
[2025-08-21 16:22:06,714][INFO] Iteration 25: Energy = 0.01025391
[2025-08-21 16:22:11,184][INFO] Iteration 26: Energy = 0.00927734
[2025-08-21 16:22:15,889][INFO] Iteration 27: Energy = 0.00854492
[2025-08-21 16:22:20,480][INFO] Iteration 28: Energy = 0.00952148
[2025-08-21 16:22:25,049][INFO] Iteration 29: Energy = 0.00854492
[2025-08-21 16:22:29,595][INFO] Iteration 30: Energy = 0.00805664
[2025-08-21 16:22:33,903][INFO] Iteration 31: Energy = 0.00927734
[2025-08-21 16:22:38,305][INFO] Iteration 32: Energy = 0.00952148
[2025-08-21 16:22:42,809][INFO] Iteration 33: Energy = 0.00854492
[2025-08-21 16:22:47,184][INFO] Iteration 34: Energy = 0.00756836
[2025-08-21 16:22:51,753][INFO] Iteration 35: Energy = 0.00708008
[2025-08-21 16:22:56,561][INFO] Iteration 36: Energy = 0.00708008
[2025-08-21 16:22:56,562][INFO] Completed VQE run 88: Energy = 0.003662
