[2025-08-21 15:58:12,521][INFO] Starting VQE run 69 (seed=91603512)
[2025-08-21 15:58:12,521][INFO] EstimatorOptions(_VERSION=2, max_execution_time=Unset, environment=EnvironmentOptions(log_level='WARNING', callback=None, job_tags=None, private=False), simulator=SimulatorOptions(noise_model=Unset, seed_simulator=Unset, coupling_map=Unset, basis_gates=Unset), default_precision=Unset, default_shots=None, resilience_level=Unset, seed_estimator=Unset, dynamical_decoupling=DynamicalDecouplingOptions(enable=Unset, sequence_type=Unset, extra_slack_distribution=Unset, scheduling_method=Unset, skip_reset_qubits=Unset), resilience=ResilienceOptionsV2(measure_mitigation=Unset, measure_noise_learning=MeasureNoiseLearningOptions(num_randomizations=Unset, shots_per_randomization=Unset), zne_mitigation=Unset, zne=ZneOptions(amplifier=Unset, noise_factors=Unset, extrapolator=Unset, extrapolated_noise_factors=Unset), pec_mitigation=Unset, pec=PecOptions(max_overhead=Unset, noise_gain=Unset), layer_noise_learning=LayerNoiseLearningOptions(max_layers_to_learn=Unset, shots_per_randomization=Unset, num_randomizations=Unset, layer_pair_depths=Unset), layer_noise_model=Unset), execution=ExecutionOptionsV2(init_qubits=Unset, rep_delay=Unset), twirling=TwirlingOptions(enable_gates=Unset, enable_measure=Unset, num_randomizations=Unset, shots_per_randomization=Unset, strategy=Unset), experimental=Unset)
[2025-08-21 15:58:12,550][INFO] Iteration 1: Energy = 0.96875000
[2025-08-21 15:58:12,577][INFO] Iteration 2: Energy = 0.64013672
[2025-08-21 15:58:12,618][INFO] Iteration 3: Energy = 0.63208008
[2025-08-21 15:58:12,649][INFO] Iteration 4: Energy = 0.20800781
[2025-08-21 15:58:12,685][INFO] Iteration 5: Energy = 0.00000000
[2025-08-21 15:58:12,715][INFO] Iteration 6: Energy = 0.00000000
[2025-08-21 15:58:12,756][INFO] Iteration 7: Energy = 0.00000000
[2025-08-21 15:58:12,797][INFO] Iteration 8: Energy = 0.00000000
[2025-08-21 15:58:12,838][INFO] Iteration 9: Energy = 0.00000000
[2025-08-21 15:58:12,880][INFO] Iteration 10: Energy = 0.00000000
[2025-08-21 15:58:12,915][INFO] Iteration 11: Energy = 0.00000000
[2025-08-21 15:58:12,958][INFO] Iteration 12: Energy = 0.00000000
[2025-08-21 15:58:12,988][INFO] Iteration 13: Energy = 0.00000000
[2025-08-21 15:58:13,018][INFO] Iteration 14: Energy = 0.00000000
[2025-08-21 15:58:13,056][INFO] Iteration 15: Energy = 0.00000000
[2025-08-21 15:58:13,101][INFO] Iteration 16: Energy = 0.00000000
[2025-08-21 15:58:13,127][INFO] Iteration 17: Energy = 0.00000000
[2025-08-21 15:58:13,157][INFO] Iteration 18: Energy = 0.00000000
[2025-08-21 15:58:13,186][INFO] Iteration 19: Energy = 0.00000000
[2025-08-21 15:58:13,219][INFO] Iteration 20: Energy = 0.00000000
[2025-08-21 15:58:13,247][INFO] Iteration 21: Energy = 0.00000000
[2025-08-21 15:58:13,269][INFO] Iteration 22: Energy = 0.00000000
[2025-08-21 15:58:13,302][INFO] Iteration 23: Energy = 0.00000000
[2025-08-21 15:58:13,339][INFO] Iteration 24: Energy = 0.00000000
[2025-08-21 15:58:13,370][INFO] Iteration 25: Energy = 0.00000000
[2025-08-21 15:58:13,401][INFO] Iteration 26: Energy = 0.00000000
[2025-08-21 15:58:13,457][INFO] Iteration 27: Energy = 0.00000000
[2025-08-21 15:58:13,495][INFO] Iteration 28: Energy = 0.00000000
[2025-08-21 15:58:13,496][INFO] Completed VQE run 69: Energy = 0.000000
[2025-08-21 15:58:59,668][INFO] Starting VQE run 69 (seed=99367201)
[2025-08-21 16:15:01,987][INFO] Starting VQE run 69 (seed=34988368)
[2025-08-21 16:15:01,987][INFO] EstimatorOptions(_VERSION=2, max_execution_time=Unset, environment=EnvironmentOptions(log_level='WARNING', callback=None, job_tags=None, private=False), simulator=SimulatorOptions(noise_model=Unset, seed_simulator=Unset, coupling_map=Unset, basis_gates=Unset), default_precision=Unset, default_shots=None, resilience_level=2, seed_estimator=Unset, dynamical_decoupling=DynamicalDecouplingOptions(enable=Unset, sequence_type=Unset, extra_slack_distribution=Unset, scheduling_method=Unset, skip_reset_qubits=Unset), resilience=ResilienceOptionsV2(measure_mitigation=Unset, measure_noise_learning=MeasureNoiseLearningOptions(num_randomizations=Unset, shots_per_randomization=Unset), zne_mitigation=Unset, zne=ZneOptions(amplifier=Unset, noise_factors=Unset, extrapolator=Unset, extrapolated_noise_factors=Unset), pec_mitigation=Unset, pec=PecOptions(max_overhead=Unset, noise_gain=Unset), layer_noise_learning=LayerNoiseLearningOptions(max_layers_to_learn=Unset, shots_per_randomization=Unset, num_randomizations=Unset, layer_pair_depths=Unset), layer_noise_model=Unset), execution=ExecutionOptionsV2(init_qubits=Unset, rep_delay=Unset), twirling=TwirlingOptions(enable_gates=Unset, enable_measure=Unset, num_randomizations=Unset, shots_per_randomization=Unset, strategy=Unset), experimental=Unset)
[2025-08-21 16:15:06,254][INFO] Iteration 1: Energy = 0.40966797
[2025-08-21 16:15:10,596][INFO] Iteration 2: Energy = 0.05175781
[2025-08-21 16:15:14,778][INFO] Iteration 3: Energy = 0.04833984
[2025-08-21 16:15:19,491][INFO] Iteration 4: Energy = 0.00927734
[2025-08-21 16:15:23,938][INFO] Iteration 5: Energy = 0.01025391
[2025-08-21 16:15:28,596][INFO] Iteration 6: Energy = 0.00683594
[2025-08-21 16:15:32,914][INFO] Iteration 7: Energy = 0.00463867
[2025-08-21 16:15:37,204][INFO] Iteration 8: Energy = 0.00683594
[2025-08-21 16:15:41,528][INFO] Iteration 9: Energy = 0.01000977
[2025-08-21 16:15:45,769][INFO] Iteration 10: Energy = 0.00537109
[2025-08-21 16:15:50,264][INFO] Iteration 11: Energy = 0.00659180
[2025-08-21 16:15:54,464][INFO] Iteration 12: Energy = 0.00634766
[2025-08-21 16:15:58,753][INFO] Iteration 13: Energy = 0.00781250
[2025-08-21 16:16:02,929][INFO] Iteration 14: Energy = 0.00610352
[2025-08-21 16:16:07,048][INFO] Iteration 15: Energy = 0.00781250
[2025-08-21 16:16:11,440][INFO] Iteration 16: Energy = 0.00976562
[2025-08-21 16:16:15,763][INFO] Iteration 17: Energy = 0.00708008
[2025-08-21 16:16:20,185][INFO] Iteration 18: Energy = 0.00659180
[2025-08-21 16:16:24,536][INFO] Iteration 19: Energy = 0.00805664
[2025-08-21 16:16:28,847][INFO] Iteration 20: Energy = 0.00878906
[2025-08-21 16:16:32,974][INFO] Iteration 21: Energy = 0.00732422
[2025-08-21 16:16:37,280][INFO] Iteration 22: Energy = 0.00781250
[2025-08-21 16:16:41,774][INFO] Iteration 23: Energy = 0.00659180
[2025-08-21 16:16:46,211][INFO] Iteration 24: Energy = 0.00952148
[2025-08-21 16:16:50,599][INFO] Iteration 25: Energy = 0.01025391
[2025-08-21 16:16:54,927][INFO] Iteration 26: Energy = 0.00976562
[2025-08-21 16:16:59,281][INFO] Iteration 27: Energy = 0.00830078
[2025-08-21 16:17:03,560][INFO] Iteration 28: Energy = 0.00708008
[2025-08-21 16:17:07,934][INFO] Iteration 29: Energy = 0.00659180
[2025-08-21 16:17:12,297][INFO] Iteration 30: Energy = 0.00903320
[2025-08-21 16:17:16,495][INFO] Iteration 31: Energy = 0.00952148
[2025-08-21 16:17:20,814][INFO] Iteration 32: Energy = 0.00512695
[2025-08-21 16:17:25,151][INFO] Iteration 33: Energy = 0.00903320
[2025-08-21 16:17:29,245][INFO] Iteration 34: Energy = 0.00878906
[2025-08-21 16:17:33,796][INFO] Iteration 35: Energy = 0.00903320
[2025-08-21 16:17:33,797][INFO] Completed VQE run 69: Energy = 0.005127
