[2025-08-21 15:58:15,755][INFO] Starting VQE run 94 (seed=46676607)
[2025-08-21 15:58:15,755][INFO] EstimatorOptions(_VERSION=2, max_execution_time=Unset, environment=EnvironmentOptions(log_level='WARNING', callback=None, job_tags=None, private=False), simulator=SimulatorOptions(noise_model=Unset, seed_simulator=Unset, coupling_map=Unset, basis_gates=Unset), default_precision=Unset, default_shots=None, resilience_level=Unset, seed_estimator=Unset, dynamical_decoupling=DynamicalDecouplingOptions(enable=Unset, sequence_type=Unset, extra_slack_distribution=Unset, scheduling_method=Unset, skip_reset_qubits=Unset), resilience=ResilienceOptionsV2(measure_mitigation=Unset, measure_noise_learning=MeasureNoiseLearningOptions(num_randomizations=Unset, shots_per_randomization=Unset), zne_mitigation=Unset, zne=ZneOptions(amplifier=Unset, noise_factors=Unset, extrapolator=Unset, extrapolated_noise_factors=Unset), pec_mitigation=Unset, pec=PecOptions(max_overhead=Unset, noise_gain=Unset), layer_noise_learning=LayerNoiseLearningOptions(max_layers_to_learn=Unset, shots_per_randomization=Unset, num_randomizations=Unset, layer_pair_depths=Unset), layer_noise_model=Unset), execution=ExecutionOptionsV2(init_qubits=Unset, rep_delay=Unset), twirling=TwirlingOptions(enable_gates=Unset, enable_measure=Unset, num_randomizations=Unset, shots_per_randomization=Unset, strategy=Unset), experimental=Unset)
[2025-08-21 15:58:15,792][INFO] Iteration 1: Energy = 0.00000000
[2025-08-21 15:58:15,817][INFO] Iteration 2: Energy = 0.00000000
[2025-08-21 15:58:15,851][INFO] Iteration 3: Energy = 0.00000000
[2025-08-21 15:58:15,886][INFO] Iteration 4: Energy = 0.00000000
[2025-08-21 15:58:15,918][INFO] Iteration 5: Energy = 0.00000000
[2025-08-21 15:58:15,946][INFO] Iteration 6: Energy = 0.00000000
[2025-08-21 15:58:15,981][INFO] Iteration 7: Energy = 0.00000000
[2025-08-21 15:58:16,013][INFO] Iteration 8: Energy = 0.00000000
[2025-08-21 15:58:16,046][INFO] Iteration 9: Energy = 0.00000000
[2025-08-21 15:58:16,078][INFO] Iteration 10: Energy = 0.00000000
[2025-08-21 15:58:16,120][INFO] Iteration 11: Energy = 0.00000000
[2025-08-21 15:58:16,152][INFO] Iteration 12: Energy = 0.00000000
[2025-08-21 15:58:16,186][INFO] Iteration 13: Energy = 0.00000000
[2025-08-21 15:58:16,227][INFO] Iteration 14: Energy = 0.00000000
[2025-08-21 15:58:16,266][INFO] Iteration 15: Energy = 0.00000000
[2025-08-21 15:58:16,296][INFO] Iteration 16: Energy = 0.00000000
[2025-08-21 15:58:16,331][INFO] Iteration 17: Energy = 0.00000000
[2025-08-21 15:58:16,369][INFO] Iteration 18: Energy = 0.00000000
[2025-08-21 15:58:16,400][INFO] Iteration 19: Energy = 0.00000000
[2025-08-21 15:58:16,439][INFO] Iteration 20: Energy = 0.00000000
[2025-08-21 15:58:16,465][INFO] Iteration 21: Energy = 0.00000000
[2025-08-21 15:58:16,501][INFO] Iteration 22: Energy = 0.00000000
[2025-08-21 15:58:16,529][INFO] Iteration 23: Energy = 0.00000000
[2025-08-21 15:58:16,552][INFO] Iteration 24: Energy = 0.00000000
[2025-08-21 15:58:16,580][INFO] Iteration 25: Energy = 0.00000000
[2025-08-21 15:58:16,605][INFO] Iteration 26: Energy = 0.00000000
[2025-08-21 15:58:16,606][INFO] Completed VQE run 94: Energy = 0.000000
[2025-08-21 16:24:55,288][INFO] Starting VQE run 94 (seed=50536912)
[2025-08-21 16:24:55,288][INFO] EstimatorOptions(_VERSION=2, max_execution_time=Unset, environment=EnvironmentOptions(log_level='WARNING', callback=None, job_tags=None, private=False), simulator=SimulatorOptions(noise_model=Unset, seed_simulator=Unset, coupling_map=Unset, basis_gates=Unset), default_precision=Unset, default_shots=None, resilience_level=2, seed_estimator=Unset, dynamical_decoupling=DynamicalDecouplingOptions(enable=Unset, sequence_type=Unset, extra_slack_distribution=Unset, scheduling_method=Unset, skip_reset_qubits=Unset), resilience=ResilienceOptionsV2(measure_mitigation=Unset, measure_noise_learning=MeasureNoiseLearningOptions(num_randomizations=Unset, shots_per_randomization=Unset), zne_mitigation=Unset, zne=ZneOptions(amplifier=Unset, noise_factors=Unset, extrapolator=Unset, extrapolated_noise_factors=Unset), pec_mitigation=Unset, pec=PecOptions(max_overhead=Unset, noise_gain=Unset), layer_noise_learning=LayerNoiseLearningOptions(max_layers_to_learn=Unset, shots_per_randomization=Unset, num_randomizations=Unset, layer_pair_depths=Unset), layer_noise_model=Unset), execution=ExecutionOptionsV2(init_qubits=Unset, rep_delay=Unset), twirling=TwirlingOptions(enable_gates=Unset, enable_measure=Unset, num_randomizations=Unset, shots_per_randomization=Unset, strategy=Unset), experimental=Unset)
[2025-08-21 16:24:59,200][INFO] Iteration 1: Energy = 0.96191406
[2025-08-21 16:25:02,880][INFO] Iteration 2: Energy = 0.90161133
[2025-08-21 16:25:06,872][INFO] Iteration 3: Energy = 0.63232422
[2025-08-21 16:25:10,902][INFO] Iteration 4: Energy = 0.19506836
[2025-08-21 16:25:14,586][INFO] Iteration 5: Energy = 0.00488281
[2025-08-21 16:25:18,341][INFO] Iteration 6: Energy = 0.00927734
[2025-08-21 16:25:22,126][INFO] Iteration 7: Energy = 0.00781250
[2025-08-21 16:25:25,711][INFO] Iteration 8: Energy = 0.00830078
[2025-08-21 16:25:29,475][INFO] Iteration 9: Energy = 0.00659180
[2025-08-21 16:25:33,057][INFO] Iteration 10: Energy = 0.00952148
[2025-08-21 16:25:36,947][INFO] Iteration 11: Energy = 0.00878906
[2025-08-21 16:25:40,683][INFO] Iteration 12: Energy = 0.00659180
[2025-08-21 16:25:44,169][INFO] Iteration 13: Energy = 0.00732422
[2025-08-21 16:25:47,559][INFO] Iteration 14: Energy = 0.00854492
[2025-08-21 16:25:50,417][INFO] Iteration 15: Energy = 0.00903320
[2025-08-21 16:25:53,579][INFO] Iteration 16: Energy = 0.00878906
[2025-08-21 16:25:56,739][INFO] Iteration 17: Energy = 0.00756836
[2025-08-21 16:26:00,084][INFO] Iteration 18: Energy = 0.00708008
[2025-08-21 16:26:03,189][INFO] Iteration 19: Energy = 0.00830078
[2025-08-21 16:26:06,156][INFO] Iteration 20: Energy = 0.00781250
[2025-08-21 16:26:09,769][INFO] Iteration 21: Energy = 0.00634766
[2025-08-21 16:26:13,383][INFO] Iteration 22: Energy = 0.00708008
[2025-08-21 16:26:16,266][INFO] Iteration 23: Energy = 0.00854492
[2025-08-21 16:26:19,283][INFO] Iteration 24: Energy = 0.00512695
[2025-08-21 16:26:22,246][INFO] Iteration 25: Energy = 0.00708008
[2025-08-21 16:26:25,364][INFO] Iteration 26: Energy = 0.00756836
[2025-08-21 16:26:28,719][INFO] Iteration 27: Energy = 0.00878906
[2025-08-21 16:26:32,333][INFO] Iteration 28: Energy = 0.00732422
[2025-08-21 16:26:35,465][INFO] Iteration 29: Energy = 0.01000977
[2025-08-21 16:26:38,609][INFO] Iteration 30: Energy = 0.00683594
[2025-08-21 16:26:41,693][INFO] Iteration 31: Energy = 0.00683594
[2025-08-21 16:26:44,697][INFO] Iteration 32: Energy = 0.01000977
[2025-08-21 16:26:48,114][INFO] Iteration 33: Energy = 0.00878906
[2025-08-21 16:26:51,223][INFO] Iteration 34: Energy = 0.00927734
[2025-08-21 16:26:54,365][INFO] Iteration 35: Energy = 0.00708008
[2025-08-21 16:26:57,972][INFO] Iteration 36: Energy = 0.00878906
[2025-08-21 16:27:01,510][INFO] Iteration 37: Energy = 0.00732422
[2025-08-21 16:27:04,548][INFO] Iteration 38: Energy = 0.00903320
[2025-08-21 16:27:07,549][INFO] Iteration 39: Energy = 0.01000977
[2025-08-21 16:27:07,551][INFO] Completed VQE run 94: Energy = 0.005371
