[2025-08-21 15:58:12,162][INFO] Starting VQE run 58 (seed=18172197)
[2025-08-21 15:58:12,162][INFO] EstimatorOptions(_VERSION=2, max_execution_time=Unset, environment=EnvironmentOptions(log_level='WARNING', callback=None, job_tags=None, private=False), simulator=SimulatorOptions(noise_model=Unset, seed_simulator=Unset, coupling_map=Unset, basis_gates=Unset), default_precision=Unset, default_shots=None, resilience_level=Unset, seed_estimator=Unset, dynamical_decoupling=DynamicalDecouplingOptions(enable=Unset, sequence_type=Unset, extra_slack_distribution=Unset, scheduling_method=Unset, skip_reset_qubits=Unset), resilience=ResilienceOptionsV2(measure_mitigation=Unset, measure_noise_learning=MeasureNoiseLearningOptions(num_randomizations=Unset, shots_per_randomization=Unset), zne_mitigation=Unset, zne=ZneOptions(amplifier=Unset, noise_factors=Unset, extrapolator=Unset, extrapolated_noise_factors=Unset), pec_mitigation=Unset, pec=PecOptions(max_overhead=Unset, noise_gain=Unset), layer_noise_learning=LayerNoiseLearningOptions(max_layers_to_learn=Unset, shots_per_randomization=Unset, num_randomizations=Unset, layer_pair_depths=Unset), layer_noise_model=Unset), execution=ExecutionOptionsV2(init_qubits=Unset, rep_delay=Unset), twirling=TwirlingOptions(enable_gates=Unset, enable_measure=Unset, num_randomizations=Unset, shots_per_randomization=Unset, strategy=Unset), experimental=Unset)
[2025-08-21 15:58:12,192][INFO] Iteration 1: Energy = 0.00000000
[2025-08-21 15:58:12,215][INFO] Iteration 2: Energy = 0.00000000
[2025-08-21 15:58:12,265][INFO] Iteration 3: Energy = 0.00000000
[2025-08-21 15:58:12,313][INFO] Iteration 4: Energy = 0.00000000
[2025-08-21 15:58:12,346][INFO] Iteration 5: Energy = 0.00000000
[2025-08-21 15:58:12,382][INFO] Iteration 6: Energy = 0.00000000
[2025-08-21 15:58:12,421][INFO] Iteration 7: Energy = 0.00000000
[2025-08-21 15:58:12,466][INFO] Iteration 8: Energy = 0.00000000
[2025-08-21 15:58:12,495][INFO] Iteration 9: Energy = 0.00000000
[2025-08-21 15:58:12,531][INFO] Iteration 10: Energy = 0.00000000
[2025-08-21 15:58:12,569][INFO] Iteration 11: Energy = 0.00000000
[2025-08-21 15:58:12,604][INFO] Iteration 12: Energy = 0.00000000
[2025-08-21 15:58:12,639][INFO] Iteration 13: Energy = 0.00000000
[2025-08-21 15:58:12,671][INFO] Iteration 14: Energy = 0.00000000
[2025-08-21 15:58:12,704][INFO] Iteration 15: Energy = 0.00000000
[2025-08-21 15:58:12,738][INFO] Iteration 16: Energy = 0.00000000
[2025-08-21 15:58:12,763][INFO] Iteration 17: Energy = 0.00000000
[2025-08-21 15:58:12,790][INFO] Iteration 18: Energy = 0.00000000
[2025-08-21 15:58:12,839][INFO] Iteration 19: Energy = 0.00000000
[2025-08-21 15:58:12,884][INFO] Iteration 20: Energy = 0.00000000
[2025-08-21 15:58:12,914][INFO] Iteration 21: Energy = 0.00000000
[2025-08-21 15:58:12,941][INFO] Iteration 22: Energy = 0.00000000
[2025-08-21 15:58:12,978][INFO] Iteration 23: Energy = 0.00000000
[2025-08-21 15:58:13,020][INFO] Iteration 24: Energy = 0.00000000
[2025-08-21 15:58:13,048][INFO] Iteration 25: Energy = 0.00000000
[2025-08-21 15:58:13,077][INFO] Iteration 26: Energy = 0.00000000
[2025-08-21 15:58:13,078][INFO] Completed VQE run 58: Energy = 0.000000
[2025-08-21 16:11:32,570][INFO] Starting VQE run 58 (seed=62007386)
[2025-08-21 16:11:32,570][INFO] EstimatorOptions(_VERSION=2, max_execution_time=Unset, environment=EnvironmentOptions(log_level='WARNING', callback=None, job_tags=None, private=False), simulator=SimulatorOptions(noise_model=Unset, seed_simulator=Unset, coupling_map=Unset, basis_gates=Unset), default_precision=Unset, default_shots=None, resilience_level=2, seed_estimator=Unset, dynamical_decoupling=DynamicalDecouplingOptions(enable=Unset, sequence_type=Unset, extra_slack_distribution=Unset, scheduling_method=Unset, skip_reset_qubits=Unset), resilience=ResilienceOptionsV2(measure_mitigation=Unset, measure_noise_learning=MeasureNoiseLearningOptions(num_randomizations=Unset, shots_per_randomization=Unset), zne_mitigation=Unset, zne=ZneOptions(amplifier=Unset, noise_factors=Unset, extrapolator=Unset, extrapolated_noise_factors=Unset), pec_mitigation=Unset, pec=PecOptions(max_overhead=Unset, noise_gain=Unset), layer_noise_learning=LayerNoiseLearningOptions(max_layers_to_learn=Unset, shots_per_randomization=Unset, num_randomizations=Unset, layer_pair_depths=Unset), layer_noise_model=Unset), execution=ExecutionOptionsV2(init_qubits=Unset, rep_delay=Unset), twirling=TwirlingOptions(enable_gates=Unset, enable_measure=Unset, num_randomizations=Unset, shots_per_randomization=Unset, strategy=Unset), experimental=Unset)
[2025-08-21 16:11:36,894][INFO] Iteration 1: Energy = 0.34741211
[2025-08-21 16:11:41,552][INFO] Iteration 2: Energy = 0.03002930
[2025-08-21 16:11:46,027][INFO] Iteration 3: Energy = 0.03491211
[2025-08-21 16:11:50,321][INFO] Iteration 4: Energy = 0.00952148
[2025-08-21 16:11:54,653][INFO] Iteration 5: Energy = 0.00561523
[2025-08-21 16:11:59,160][INFO] Iteration 6: Energy = 0.00830078
[2025-08-21 16:12:03,752][INFO] Iteration 7: Energy = 0.00488281
[2025-08-21 16:12:08,469][INFO] Iteration 8: Energy = 0.00708008
[2025-08-21 16:12:13,184][INFO] Iteration 9: Energy = 0.01098633
[2025-08-21 16:12:17,627][INFO] Iteration 10: Energy = 0.00976562
[2025-08-21 16:12:22,175][INFO] Iteration 11: Energy = 0.00756836
[2025-08-21 16:12:26,486][INFO] Iteration 12: Energy = 0.00976562
[2025-08-21 16:12:30,957][INFO] Iteration 13: Energy = 0.01000977
[2025-08-21 16:12:35,618][INFO] Iteration 14: Energy = 0.00903320
[2025-08-21 16:12:40,137][INFO] Iteration 15: Energy = 0.01025391
[2025-08-21 16:12:44,756][INFO] Iteration 16: Energy = 0.00903320
[2025-08-21 16:12:49,439][INFO] Iteration 17: Energy = 0.00683594
[2025-08-21 16:12:54,012][INFO] Iteration 18: Energy = 0.01025391
[2025-08-21 16:12:58,454][INFO] Iteration 19: Energy = 0.00927734
[2025-08-21 16:13:02,776][INFO] Iteration 20: Energy = 0.00976562
[2025-08-21 16:13:07,109][INFO] Iteration 21: Energy = 0.00659180
[2025-08-21 16:13:11,785][INFO] Iteration 22: Energy = 0.00708008
[2025-08-21 16:13:16,585][INFO] Iteration 23: Energy = 0.00732422
[2025-08-21 16:13:21,008][INFO] Iteration 24: Energy = 0.00732422
[2025-08-21 16:13:25,633][INFO] Iteration 25: Energy = 0.01098633
[2025-08-21 16:13:30,127][INFO] Iteration 26: Energy = 0.00878906
[2025-08-21 16:13:34,531][INFO] Iteration 27: Energy = 0.00952148
[2025-08-21 16:13:38,951][INFO] Iteration 28: Energy = 0.01025391
[2025-08-21 16:13:43,378][INFO] Iteration 29: Energy = 0.01098633
[2025-08-21 16:13:47,936][INFO] Iteration 30: Energy = 0.00854492
[2025-08-21 16:13:52,658][INFO] Iteration 31: Energy = 0.00878906
[2025-08-21 16:13:57,379][INFO] Iteration 32: Energy = 0.00683594
[2025-08-21 16:14:01,944][INFO] Iteration 33: Energy = 0.00830078
[2025-08-21 16:14:06,375][INFO] Iteration 34: Energy = 0.01147461
[2025-08-21 16:14:10,916][INFO] Iteration 35: Energy = 0.00708008
[2025-08-21 16:14:15,343][INFO] Iteration 36: Energy = 0.01123047
[2025-08-21 16:14:19,596][INFO] Iteration 37: Energy = 0.00537109
[2025-08-21 16:14:24,175][INFO] Iteration 38: Energy = 0.01098633
[2025-08-21 16:14:28,773][INFO] Iteration 39: Energy = 0.00756836
[2025-08-21 16:14:33,341][INFO] Iteration 40: Energy = 0.01000977
[2025-08-21 16:14:33,343][INFO] Completed VQE run 58: Energy = 0.006104
