[2025-08-21 15:58:10,388][INFO] Starting VQE run 32 (seed=76854879)
[2025-08-21 15:58:10,388][INFO] EstimatorOptions(_VERSION=2, max_execution_time=Unset, environment=EnvironmentOptions(log_level='WARNING', callback=None, job_tags=None, private=False), simulator=SimulatorOptions(noise_model=Unset, seed_simulator=Unset, coupling_map=Unset, basis_gates=Unset), default_precision=Unset, default_shots=None, resilience_level=Unset, seed_estimator=Unset, dynamical_decoupling=DynamicalDecouplingOptions(enable=Unset, sequence_type=Unset, extra_slack_distribution=Unset, scheduling_method=Unset, skip_reset_qubits=Unset), resilience=ResilienceOptionsV2(measure_mitigation=Unset, measure_noise_learning=MeasureNoiseLearningOptions(num_randomizations=Unset, shots_per_randomization=Unset), zne_mitigation=Unset, zne=ZneOptions(amplifier=Unset, noise_factors=Unset, extrapolator=Unset, extrapolated_noise_factors=Unset), pec_mitigation=Unset, pec=PecOptions(max_overhead=Unset, noise_gain=Unset), layer_noise_learning=LayerNoiseLearningOptions(max_layers_to_learn=Unset, shots_per_randomization=Unset, num_randomizations=Unset, layer_pair_depths=Unset), layer_noise_model=Unset), execution=ExecutionOptionsV2(init_qubits=Unset, rep_delay=Unset), twirling=TwirlingOptions(enable_gates=Unset, enable_measure=Unset, num_randomizations=Unset, shots_per_randomization=Unset, strategy=Unset), experimental=Unset)
[2025-08-21 15:58:10,434][INFO] Iteration 1: Energy = 0.20434570
[2025-08-21 15:58:10,479][INFO] Iteration 2: Energy = 0.00000000
[2025-08-21 15:58:10,508][INFO] Iteration 3: Energy = 0.00000000
[2025-08-21 15:58:10,541][INFO] Iteration 4: Energy = 0.00000000
[2025-08-21 15:58:10,576][INFO] Iteration 5: Energy = 0.00000000
[2025-08-21 15:58:10,612][INFO] Iteration 6: Energy = 0.00000000
[2025-08-21 15:58:10,641][INFO] Iteration 7: Energy = 0.00000000
[2025-08-21 15:58:10,673][INFO] Iteration 8: Energy = 0.00000000
[2025-08-21 15:58:10,707][INFO] Iteration 9: Energy = 0.00000000
[2025-08-21 15:58:10,745][INFO] Iteration 10: Energy = 0.00000000
[2025-08-21 15:58:10,783][INFO] Iteration 11: Energy = 0.00000000
[2025-08-21 15:58:10,817][INFO] Iteration 12: Energy = 0.00000000
[2025-08-21 15:58:10,853][INFO] Iteration 13: Energy = 0.00000000
[2025-08-21 15:58:10,890][INFO] Iteration 14: Energy = 0.00000000
[2025-08-21 15:58:10,917][INFO] Iteration 15: Energy = 0.00000000
[2025-08-21 15:58:10,952][INFO] Iteration 16: Energy = 0.00000000
[2025-08-21 15:58:10,985][INFO] Iteration 17: Energy = 0.00000000
[2025-08-21 15:58:11,028][INFO] Iteration 18: Energy = 0.00000000
[2025-08-21 15:58:11,059][INFO] Iteration 19: Energy = 0.00000000
[2025-08-21 15:58:11,096][INFO] Iteration 20: Energy = 0.00000000
[2025-08-21 15:58:11,132][INFO] Iteration 21: Energy = 0.00000000
[2025-08-21 15:58:11,168][INFO] Iteration 22: Energy = 0.00000000
[2025-08-21 15:58:11,193][INFO] Iteration 23: Energy = 0.00000000
[2025-08-21 15:58:11,219][INFO] Iteration 24: Energy = 0.00000000
[2025-08-21 15:58:11,249][INFO] Iteration 25: Energy = 0.00000000
[2025-08-21 15:58:11,286][INFO] Iteration 26: Energy = 0.00000000
[2025-08-21 15:58:11,287][INFO] Completed VQE run 32: Energy = 0.000000
[2025-08-21 16:12:04,182][INFO] Starting VQE run 32 (seed=80128730)
[2025-08-21 16:12:04,183][INFO] EstimatorOptions(_VERSION=2, max_execution_time=Unset, environment=EnvironmentOptions(log_level='WARNING', callback=None, job_tags=None, private=False), simulator=SimulatorOptions(noise_model=Unset, seed_simulator=Unset, coupling_map=Unset, basis_gates=Unset), default_precision=Unset, default_shots=None, resilience_level=2, seed_estimator=Unset, dynamical_decoupling=DynamicalDecouplingOptions(enable=Unset, sequence_type=Unset, extra_slack_distribution=Unset, scheduling_method=Unset, skip_reset_qubits=Unset), resilience=ResilienceOptionsV2(measure_mitigation=Unset, measure_noise_learning=MeasureNoiseLearningOptions(num_randomizations=Unset, shots_per_randomization=Unset), zne_mitigation=Unset, zne=ZneOptions(amplifier=Unset, noise_factors=Unset, extrapolator=Unset, extrapolated_noise_factors=Unset), pec_mitigation=Unset, pec=PecOptions(max_overhead=Unset, noise_gain=Unset), layer_noise_learning=LayerNoiseLearningOptions(max_layers_to_learn=Unset, shots_per_randomization=Unset, num_randomizations=Unset, layer_pair_depths=Unset), layer_noise_model=Unset), execution=ExecutionOptionsV2(init_qubits=Unset, rep_delay=Unset), twirling=TwirlingOptions(enable_gates=Unset, enable_measure=Unset, num_randomizations=Unset, shots_per_randomization=Unset, strategy=Unset), experimental=Unset)
[2025-08-21 16:12:08,616][INFO] Iteration 1: Energy = 0.38378906
[2025-08-21 16:12:13,158][INFO] Iteration 2: Energy = 0.39135742
[2025-08-21 16:12:17,272][INFO] Iteration 3: Energy = 0.04809570
[2025-08-21 16:12:21,685][INFO] Iteration 4: Energy = 0.00805664
[2025-08-21 16:12:25,973][INFO] Iteration 5: Energy = 0.00683594
[2025-08-21 16:12:30,164][INFO] Iteration 6: Energy = 0.00659180
[2025-08-21 16:12:34,692][INFO] Iteration 7: Energy = 0.00781250
[2025-08-21 16:12:39,225][INFO] Iteration 8: Energy = 0.00659180
[2025-08-21 16:12:43,857][INFO] Iteration 9: Energy = 0.00683594
[2025-08-21 16:12:48,327][INFO] Iteration 10: Energy = 0.00732422
[2025-08-21 16:12:52,750][INFO] Iteration 11: Energy = 0.00732422
[2025-08-21 16:12:57,202][INFO] Iteration 12: Energy = 0.00537109
[2025-08-21 16:13:01,406][INFO] Iteration 13: Energy = 0.00756836
[2025-08-21 16:13:06,152][INFO] Iteration 14: Energy = 0.00927734
[2025-08-21 16:13:10,518][INFO] Iteration 15: Energy = 0.00830078
[2025-08-21 16:13:14,776][INFO] Iteration 16: Energy = 0.00683594
[2025-08-21 16:13:19,172][INFO] Iteration 17: Energy = 0.00756836
[2025-08-21 16:13:23,503][INFO] Iteration 18: Energy = 0.00683594
[2025-08-21 16:13:28,141][INFO] Iteration 19: Energy = 0.00659180
[2025-08-21 16:13:32,761][INFO] Iteration 20: Energy = 0.00634766
[2025-08-21 16:13:37,190][INFO] Iteration 21: Energy = 0.01000977
[2025-08-21 16:13:41,750][INFO] Iteration 22: Energy = 0.00830078
[2025-08-21 16:13:46,149][INFO] Iteration 23: Energy = 0.00854492
[2025-08-21 16:13:50,464][INFO] Iteration 24: Energy = 0.00561523
[2025-08-21 16:13:55,068][INFO] Iteration 25: Energy = 0.00854492
[2025-08-21 16:13:59,685][INFO] Iteration 26: Energy = 0.00561523
[2025-08-21 16:14:03,789][INFO] Iteration 27: Energy = 0.00756836
[2025-08-21 16:14:08,099][INFO] Iteration 28: Energy = 0.00708008
[2025-08-21 16:14:12,409][INFO] Iteration 29: Energy = 0.00805664
[2025-08-21 16:14:16,811][INFO] Iteration 30: Energy = 0.00732422
[2025-08-21 16:14:21,431][INFO] Iteration 31: Energy = 0.00756836
[2025-08-21 16:14:25,853][INFO] Iteration 32: Energy = 0.00659180
[2025-08-21 16:14:30,244][INFO] Iteration 33: Energy = 0.00708008
[2025-08-21 16:14:34,558][INFO] Iteration 34: Energy = 0.01123047
[2025-08-21 16:14:38,891][INFO] Iteration 35: Energy = 0.00708008
[2025-08-21 16:14:43,253][INFO] Iteration 36: Energy = 0.00878906
[2025-08-21 16:14:47,568][INFO] Iteration 37: Energy = 0.00927734
[2025-08-21 16:14:52,249][INFO] Iteration 38: Energy = 0.00659180
[2025-08-21 16:14:52,250][INFO] Completed VQE run 32: Energy = 0.006104
