[2025-08-21 15:58:09,108][INFO] Starting VQE run 16 (seed=75984495)
[2025-08-21 15:58:09,109][INFO] EstimatorOptions(_VERSION=2, max_execution_time=Unset, environment=EnvironmentOptions(log_level='WARNING', callback=None, job_tags=None, private=False), simulator=SimulatorOptions(noise_model=Unset, seed_simulator=Unset, coupling_map=Unset, basis_gates=Unset), default_precision=Unset, default_shots=None, resilience_level=Unset, seed_estimator=Unset, dynamical_decoupling=DynamicalDecouplingOptions(enable=Unset, sequence_type=Unset, extra_slack_distribution=Unset, scheduling_method=Unset, skip_reset_qubits=Unset), resilience=ResilienceOptionsV2(measure_mitigation=Unset, measure_noise_learning=MeasureNoiseLearningOptions(num_randomizations=Unset, shots_per_randomization=Unset), zne_mitigation=Unset, zne=ZneOptions(amplifier=Unset, noise_factors=Unset, extrapolator=Unset, extrapolated_noise_factors=Unset), pec_mitigation=Unset, pec=PecOptions(max_overhead=Unset, noise_gain=Unset), layer_noise_learning=LayerNoiseLearningOptions(max_layers_to_learn=Unset, shots_per_randomization=Unset, num_randomizations=Unset, layer_pair_depths=Unset), layer_noise_model=Unset), execution=ExecutionOptionsV2(init_qubits=Unset, rep_delay=Unset), twirling=TwirlingOptions(enable_gates=Unset, enable_measure=Unset, num_randomizations=Unset, shots_per_randomization=Unset, strategy=Unset), experimental=Unset)
[2025-08-21 15:58:09,147][INFO] Iteration 1: Energy = 0.26464844
[2025-08-21 15:58:09,178][INFO] Iteration 2: Energy = 0.00317383
[2025-08-21 15:58:09,209][INFO] Iteration 3: Energy = 0.00268555
[2025-08-21 15:58:09,248][INFO] Iteration 4: Energy = 0.00000000
[2025-08-21 15:58:09,286][INFO] Iteration 5: Energy = 0.00000000
[2025-08-21 15:58:09,322][INFO] Iteration 6: Energy = 0.00000000
[2025-08-21 15:58:09,349][INFO] Iteration 7: Energy = 0.00000000
[2025-08-21 15:58:09,379][INFO] Iteration 8: Energy = 0.00000000
[2025-08-21 15:58:09,414][INFO] Iteration 9: Energy = 0.00000000
[2025-08-21 15:58:09,446][INFO] Iteration 10: Energy = 0.00000000
[2025-08-21 15:58:09,477][INFO] Iteration 11: Energy = 0.00000000
[2025-08-21 15:58:09,512][INFO] Iteration 12: Energy = 0.00000000
[2025-08-21 15:58:09,543][INFO] Iteration 13: Energy = 0.00000000
[2025-08-21 15:58:09,578][INFO] Iteration 14: Energy = 0.00000000
[2025-08-21 15:58:09,618][INFO] Iteration 15: Energy = 0.00000000
[2025-08-21 15:58:09,649][INFO] Iteration 16: Energy = 0.00000000
[2025-08-21 15:58:09,681][INFO] Iteration 17: Energy = 0.00000000
[2025-08-21 15:58:09,729][INFO] Iteration 18: Energy = 0.00000000
[2025-08-21 15:58:09,755][INFO] Iteration 19: Energy = 0.00000000
[2025-08-21 15:58:09,785][INFO] Iteration 20: Energy = 0.00000000
[2025-08-21 15:58:09,836][INFO] Iteration 21: Energy = 0.00000000
[2025-08-21 15:58:09,886][INFO] Iteration 22: Energy = 0.00000000
[2025-08-21 15:58:09,920][INFO] Iteration 23: Energy = 0.00000000
[2025-08-21 15:58:09,946][INFO] Iteration 24: Energy = 0.00000000
[2025-08-21 15:58:09,987][INFO] Iteration 25: Energy = 0.00000000
[2025-08-21 15:58:10,023][INFO] Iteration 26: Energy = 0.00000000
[2025-08-21 15:58:10,024][INFO] Completed VQE run 16: Energy = 0.000000
[2025-08-21 16:02:24,753][INFO] Starting VQE run 16 (seed=65264490)
[2025-08-21 16:02:24,754][INFO] EstimatorOptions(_VERSION=2, max_execution_time=Unset, environment=EnvironmentOptions(log_level='WARNING', callback=None, job_tags=None, private=False), simulator=SimulatorOptions(noise_model=Unset, seed_simulator=Unset, coupling_map=Unset, basis_gates=Unset), default_precision=Unset, default_shots=None, resilience_level=2, seed_estimator=Unset, dynamical_decoupling=DynamicalDecouplingOptions(enable=Unset, sequence_type=Unset, extra_slack_distribution=Unset, scheduling_method=Unset, skip_reset_qubits=Unset), resilience=ResilienceOptionsV2(measure_mitigation=Unset, measure_noise_learning=MeasureNoiseLearningOptions(num_randomizations=Unset, shots_per_randomization=Unset), zne_mitigation=Unset, zne=ZneOptions(amplifier=Unset, noise_factors=Unset, extrapolator=Unset, extrapolated_noise_factors=Unset), pec_mitigation=Unset, pec=PecOptions(max_overhead=Unset, noise_gain=Unset), layer_noise_learning=LayerNoiseLearningOptions(max_layers_to_learn=Unset, shots_per_randomization=Unset, num_randomizations=Unset, layer_pair_depths=Unset), layer_noise_model=Unset), execution=ExecutionOptionsV2(init_qubits=Unset, rep_delay=Unset), twirling=TwirlingOptions(enable_gates=Unset, enable_measure=Unset, num_randomizations=Unset, shots_per_randomization=Unset, strategy=Unset), experimental=Unset)
[2025-08-21 16:02:28,945][INFO] Iteration 1: Energy = 0.39062500
[2025-08-21 16:02:33,097][INFO] Iteration 2: Energy = 0.38208008
[2025-08-21 16:02:37,397][INFO] Iteration 3: Energy = 0.04858398
[2025-08-21 16:02:41,353][INFO] Iteration 4: Energy = 0.00683594
[2025-08-21 16:02:45,484][INFO] Iteration 5: Energy = 0.00634766
[2025-08-21 16:02:49,550][INFO] Iteration 6: Energy = 0.00708008
[2025-08-21 16:02:53,551][INFO] Iteration 7: Energy = 0.00683594
[2025-08-21 16:02:58,064][INFO] Iteration 8: Energy = 0.01171875
[2025-08-21 16:03:02,363][INFO] Iteration 9: Energy = 0.00708008
[2025-08-21 16:03:06,347][INFO] Iteration 10: Energy = 0.00903320
[2025-08-21 16:03:10,309][INFO] Iteration 11: Energy = 0.00610352
[2025-08-21 16:03:14,380][INFO] Iteration 12: Energy = 0.00659180
[2025-08-21 16:03:18,360][INFO] Iteration 13: Energy = 0.00952148
[2025-08-21 16:03:22,581][INFO] Iteration 14: Energy = 0.00732422
[2025-08-21 16:03:26,996][INFO] Iteration 15: Energy = 0.00756836
[2025-08-21 16:03:30,927][INFO] Iteration 16: Energy = 0.00903320
[2025-08-21 16:03:34,857][INFO] Iteration 17: Energy = 0.00854492
[2025-08-21 16:03:39,021][INFO] Iteration 18: Energy = 0.00683594
[2025-08-21 16:03:42,983][INFO] Iteration 19: Energy = 0.00585938
[2025-08-21 16:03:47,245][INFO] Iteration 20: Energy = 0.00756836
[2025-08-21 16:03:51,402][INFO] Iteration 21: Energy = 0.00927734
[2025-08-21 16:03:55,477][INFO] Iteration 22: Energy = 0.00659180
[2025-08-21 16:03:59,556][INFO] Iteration 23: Energy = 0.00732422
[2025-08-21 16:04:03,769][INFO] Iteration 24: Energy = 0.00927734
[2025-08-21 16:04:07,856][INFO] Iteration 25: Energy = 0.00830078
[2025-08-21 16:04:12,059][INFO] Iteration 26: Energy = 0.00708008
[2025-08-21 16:04:16,373][INFO] Iteration 27: Energy = 0.00830078
[2025-08-21 16:04:20,434][INFO] Iteration 28: Energy = 0.00585938
[2025-08-21 16:04:24,510][INFO] Iteration 29: Energy = 0.00610352
[2025-08-21 16:04:28,774][INFO] Iteration 30: Energy = 0.00878906
[2025-08-21 16:04:32,682][INFO] Iteration 31: Energy = 0.00585938
[2025-08-21 16:04:32,683][INFO] Completed VQE run 16: Energy = 0.003906
