[2025-08-21 15:58:16,797][INFO] Starting VQE run 98 (seed=96345691)
[2025-08-21 15:58:16,798][INFO] EstimatorOptions(_VERSION=2, max_execution_time=Unset, environment=EnvironmentOptions(log_level='WARNING', callback=None, job_tags=None, private=False), simulator=SimulatorOptions(noise_model=Unset, seed_simulator=Unset, coupling_map=Unset, basis_gates=Unset), default_precision=Unset, default_shots=None, resilience_level=Unset, seed_estimator=Unset, dynamical_decoupling=DynamicalDecouplingOptions(enable=Unset, sequence_type=Unset, extra_slack_distribution=Unset, scheduling_method=Unset, skip_reset_qubits=Unset), resilience=ResilienceOptionsV2(measure_mitigation=Unset, measure_noise_learning=MeasureNoiseLearningOptions(num_randomizations=Unset, shots_per_randomization=Unset), zne_mitigation=Unset, zne=ZneOptions(amplifier=Unset, noise_factors=Unset, extrapolator=Unset, extrapolated_noise_factors=Unset), pec_mitigation=Unset, pec=PecOptions(max_overhead=Unset, noise_gain=Unset), layer_noise_learning=LayerNoiseLearningOptions(max_layers_to_learn=Unset, shots_per_randomization=Unset, num_randomizations=Unset, layer_pair_depths=Unset), layer_noise_model=Unset), execution=ExecutionOptionsV2(init_qubits=Unset, rep_delay=Unset), twirling=TwirlingOptions(enable_gates=Unset, enable_measure=Unset, num_randomizations=Unset, shots_per_randomization=Unset, strategy=Unset), experimental=Unset)
[2025-08-21 15:58:16,819][INFO] Iteration 1: Energy = 0.00000000
[2025-08-21 15:58:16,839][INFO] Iteration 2: Energy = 0.00000000
[2025-08-21 15:58:16,858][INFO] Iteration 3: Energy = 0.00000000
[2025-08-21 15:58:16,878][INFO] Iteration 4: Energy = 0.00000000
[2025-08-21 15:58:16,896][INFO] Iteration 5: Energy = 0.00000000
[2025-08-21 15:58:16,918][INFO] Iteration 6: Energy = 0.00000000
[2025-08-21 15:58:16,936][INFO] Iteration 7: Energy = 0.00000000
[2025-08-21 15:58:16,962][INFO] Iteration 8: Energy = 0.00000000
[2025-08-21 15:58:16,984][INFO] Iteration 9: Energy = 0.00000000
[2025-08-21 15:58:17,003][INFO] Iteration 10: Energy = 0.00000000
[2025-08-21 15:58:17,026][INFO] Iteration 11: Energy = 0.00000000
[2025-08-21 15:58:17,046][INFO] Iteration 12: Energy = 0.00000000
[2025-08-21 15:58:17,068][INFO] Iteration 13: Energy = 0.00000000
[2025-08-21 15:58:17,090][INFO] Iteration 14: Energy = 0.00000000
[2025-08-21 15:58:17,113][INFO] Iteration 15: Energy = 0.00000000
[2025-08-21 15:58:17,135][INFO] Iteration 16: Energy = 0.00000000
[2025-08-21 15:58:17,153][INFO] Iteration 17: Energy = 0.00000000
[2025-08-21 15:58:17,170][INFO] Iteration 18: Energy = 0.00000000
[2025-08-21 15:58:17,188][INFO] Iteration 19: Energy = 0.00000000
[2025-08-21 15:58:17,208][INFO] Iteration 20: Energy = 0.00000000
[2025-08-21 15:58:17,225][INFO] Iteration 21: Energy = 0.00000000
[2025-08-21 15:58:17,242][INFO] Iteration 22: Energy = 0.00000000
[2025-08-21 15:58:17,259][INFO] Iteration 23: Energy = 0.00000000
[2025-08-21 15:58:17,276][INFO] Iteration 24: Energy = 0.00000000
[2025-08-21 15:58:17,295][INFO] Iteration 25: Energy = 0.00000000
[2025-08-21 15:58:17,313][INFO] Iteration 26: Energy = 0.00000000
[2025-08-21 15:58:17,314][INFO] Completed VQE run 98: Energy = 0.000000
[2025-08-21 16:27:34,274][INFO] Starting VQE run 98 (seed=8374378)
[2025-08-21 16:27:34,274][INFO] EstimatorOptions(_VERSION=2, max_execution_time=Unset, environment=EnvironmentOptions(log_level='WARNING', callback=None, job_tags=None, private=False), simulator=SimulatorOptions(noise_model=Unset, seed_simulator=Unset, coupling_map=Unset, basis_gates=Unset), default_precision=Unset, default_shots=None, resilience_level=2, seed_estimator=Unset, dynamical_decoupling=DynamicalDecouplingOptions(enable=Unset, sequence_type=Unset, extra_slack_distribution=Unset, scheduling_method=Unset, skip_reset_qubits=Unset), resilience=ResilienceOptionsV2(measure_mitigation=Unset, measure_noise_learning=MeasureNoiseLearningOptions(num_randomizations=Unset, shots_per_randomization=Unset), zne_mitigation=Unset, zne=ZneOptions(amplifier=Unset, noise_factors=Unset, extrapolator=Unset, extrapolated_noise_factors=Unset), pec_mitigation=Unset, pec=PecOptions(max_overhead=Unset, noise_gain=Unset), layer_noise_learning=LayerNoiseLearningOptions(max_layers_to_learn=Unset, shots_per_randomization=Unset, num_randomizations=Unset, layer_pair_depths=Unset), layer_noise_model=Unset), execution=ExecutionOptionsV2(init_qubits=Unset, rep_delay=Unset), twirling=TwirlingOptions(enable_gates=Unset, enable_measure=Unset, num_randomizations=Unset, shots_per_randomization=Unset, strategy=Unset), experimental=Unset)
[2025-08-21 16:27:37,718][INFO] Iteration 1: Energy = 0.66162109
[2025-08-21 16:27:40,725][INFO] Iteration 2: Energy = 0.66723633
[2025-08-21 16:27:43,902][INFO] Iteration 3: Energy = 0.21997070
[2025-08-21 16:27:47,081][INFO] Iteration 4: Energy = 0.01000977
[2025-08-21 16:27:50,935][INFO] Iteration 5: Energy = 0.00830078
[2025-08-21 16:27:54,450][INFO] Iteration 6: Energy = 0.00781250
[2025-08-21 16:27:57,534][INFO] Iteration 7: Energy = 0.00976562
[2025-08-21 16:28:00,603][INFO] Iteration 8: Energy = 0.00610352
[2025-08-21 16:28:03,888][INFO] Iteration 9: Energy = 0.00854492
[2025-08-21 16:28:07,206][INFO] Iteration 10: Energy = 0.00903320
[2025-08-21 16:28:10,400][INFO] Iteration 11: Energy = 0.01049805
[2025-08-21 16:28:13,468][INFO] Iteration 12: Energy = 0.00781250
[2025-08-21 16:28:16,735][INFO] Iteration 13: Energy = 0.00732422
[2025-08-21 16:28:20,027][INFO] Iteration 14: Energy = 0.00903320
[2025-08-21 16:28:23,419][INFO] Iteration 15: Energy = 0.00781250
[2025-08-21 16:28:26,752][INFO] Iteration 16: Energy = 0.00830078
[2025-08-21 16:28:30,015][INFO] Iteration 17: Energy = 0.01220703
[2025-08-21 16:28:33,469][INFO] Iteration 18: Energy = 0.00781250
[2025-08-21 16:28:36,383][INFO] Iteration 19: Energy = 0.00683594
[2025-08-21 16:28:39,609][INFO] Iteration 20: Energy = 0.00756836
[2025-08-21 16:28:42,517][INFO] Iteration 21: Energy = 0.00708008
[2025-08-21 16:28:45,589][INFO] Iteration 22: Energy = 0.00878906
[2025-08-21 16:28:48,765][INFO] Iteration 23: Energy = 0.00659180
[2025-08-21 16:28:51,946][INFO] Iteration 24: Energy = 0.00756836
[2025-08-21 16:28:55,035][INFO] Iteration 25: Energy = 0.00805664
[2025-08-21 16:28:57,962][INFO] Iteration 26: Energy = 0.00927734
[2025-08-21 16:29:00,758][INFO] Iteration 27: Energy = 0.00659180
[2025-08-21 16:29:03,719][INFO] Iteration 28: Energy = 0.00756836
[2025-08-21 16:29:06,831][INFO] Iteration 29: Energy = 0.00756836
[2025-08-21 16:29:10,160][INFO] Iteration 30: Energy = 0.00903320
[2025-08-21 16:29:13,715][INFO] Iteration 31: Energy = 0.00854492
[2025-08-21 16:29:17,181][INFO] Iteration 32: Energy = 0.00756836
[2025-08-21 16:29:20,516][INFO] Iteration 33: Energy = 0.00732422
[2025-08-21 16:29:23,959][INFO] Iteration 34: Energy = 0.01025391
[2025-08-21 16:29:26,915][INFO] Iteration 35: Energy = 0.00854492
[2025-08-21 16:29:30,222][INFO] Iteration 36: Energy = 0.00610352
[2025-08-21 16:29:33,327][INFO] Iteration 37: Energy = 0.00952148
[2025-08-21 16:29:36,976][INFO] Iteration 38: Energy = 0.00561523
[2025-08-21 16:29:40,177][INFO] Iteration 39: Energy = 0.00854492
[2025-08-21 16:29:42,406][INFO] Iteration 40: Energy = 0.00903320
[2025-08-21 16:29:44,627][INFO] Iteration 41: Energy = 0.00878906
[2025-08-21 16:29:46,865][INFO] Iteration 42: Energy = 0.00976562
[2025-08-21 16:29:46,867][INFO] Completed VQE run 98: Energy = 0.005371
