[2025-08-21 15:58:16,432][INFO] Starting VQE run 92 (seed=18224533)
[2025-08-21 15:58:16,432][INFO] EstimatorOptions(_VERSION=2, max_execution_time=Unset, environment=EnvironmentOptions(log_level='WARNING', callback=None, job_tags=None, private=False), simulator=SimulatorOptions(noise_model=Unset, seed_simulator=Unset, coupling_map=Unset, basis_gates=Unset), default_precision=Unset, default_shots=None, resilience_level=Unset, seed_estimator=Unset, dynamical_decoupling=DynamicalDecouplingOptions(enable=Unset, sequence_type=Unset, extra_slack_distribution=Unset, scheduling_method=Unset, skip_reset_qubits=Unset), resilience=ResilienceOptionsV2(measure_mitigation=Unset, measure_noise_learning=MeasureNoiseLearningOptions(num_randomizations=Unset, shots_per_randomization=Unset), zne_mitigation=Unset, zne=ZneOptions(amplifier=Unset, noise_factors=Unset, extrapolator=Unset, extrapolated_noise_factors=Unset), pec_mitigation=Unset, pec=PecOptions(max_overhead=Unset, noise_gain=Unset), layer_noise_learning=LayerNoiseLearningOptions(max_layers_to_learn=Unset, shots_per_randomization=Unset, num_randomizations=Unset, layer_pair_depths=Unset), layer_noise_model=Unset), execution=ExecutionOptionsV2(init_qubits=Unset, rep_delay=Unset), twirling=TwirlingOptions(enable_gates=Unset, enable_measure=Unset, num_randomizations=Unset, shots_per_randomization=Unset, strategy=Unset), experimental=Unset)
[2025-08-21 15:58:16,460][INFO] Iteration 1: Energy = 0.71533203
[2025-08-21 15:58:16,494][INFO] Iteration 2: Energy = 0.26806641
[2025-08-21 15:58:16,523][INFO] Iteration 3: Energy = 0.26635742
[2025-08-21 15:58:16,549][INFO] Iteration 4: Energy = 0.00659180
[2025-08-21 15:58:16,573][INFO] Iteration 5: Energy = 0.00000000
[2025-08-21 15:58:16,597][INFO] Iteration 6: Energy = 0.00000000
[2025-08-21 15:58:16,628][INFO] Iteration 7: Energy = 0.00000000
[2025-08-21 15:58:16,658][INFO] Iteration 8: Energy = 0.00000000
[2025-08-21 15:58:16,687][INFO] Iteration 9: Energy = 0.00000000
[2025-08-21 15:58:16,712][INFO] Iteration 10: Energy = 0.00000000
[2025-08-21 15:58:16,736][INFO] Iteration 11: Energy = 0.00000000
[2025-08-21 15:58:16,765][INFO] Iteration 12: Energy = 0.00000000
[2025-08-21 15:58:16,783][INFO] Iteration 13: Energy = 0.00000000
[2025-08-21 15:58:16,805][INFO] Iteration 14: Energy = 0.00000000
[2025-08-21 15:58:16,823][INFO] Iteration 15: Energy = 0.00000000
[2025-08-21 15:58:16,850][INFO] Iteration 16: Energy = 0.00000000
[2025-08-21 15:58:16,869][INFO] Iteration 17: Energy = 0.00000000
[2025-08-21 15:58:16,888][INFO] Iteration 18: Energy = 0.00000000
[2025-08-21 15:58:16,912][INFO] Iteration 19: Energy = 0.00000000
[2025-08-21 15:58:16,932][INFO] Iteration 20: Energy = 0.00000000
[2025-08-21 15:58:16,955][INFO] Iteration 21: Energy = 0.00000000
[2025-08-21 15:58:16,977][INFO] Iteration 22: Energy = 0.00000000
[2025-08-21 15:58:17,000][INFO] Iteration 23: Energy = 0.00000000
[2025-08-21 15:58:17,023][INFO] Iteration 24: Energy = 0.00000000
[2025-08-21 15:58:17,042][INFO] Iteration 25: Energy = 0.00000000
[2025-08-21 15:58:17,065][INFO] Iteration 26: Energy = 0.00000000
[2025-08-21 15:58:17,086][INFO] Iteration 27: Energy = 0.00000000
[2025-08-21 15:58:17,111][INFO] Iteration 28: Energy = 0.00000000
[2025-08-21 15:58:17,131][INFO] Iteration 29: Energy = 0.00000000
[2025-08-21 15:58:17,132][INFO] Completed VQE run 92: Energy = 0.000000
[2025-08-21 16:27:31,807][INFO] Starting VQE run 92 (seed=28885035)
[2025-08-21 16:27:31,807][INFO] EstimatorOptions(_VERSION=2, max_execution_time=Unset, environment=EnvironmentOptions(log_level='WARNING', callback=None, job_tags=None, private=False), simulator=SimulatorOptions(noise_model=Unset, seed_simulator=Unset, coupling_map=Unset, basis_gates=Unset), default_precision=Unset, default_shots=None, resilience_level=2, seed_estimator=Unset, dynamical_decoupling=DynamicalDecouplingOptions(enable=Unset, sequence_type=Unset, extra_slack_distribution=Unset, scheduling_method=Unset, skip_reset_qubits=Unset), resilience=ResilienceOptionsV2(measure_mitigation=Unset, measure_noise_learning=MeasureNoiseLearningOptions(num_randomizations=Unset, shots_per_randomization=Unset), zne_mitigation=Unset, zne=ZneOptions(amplifier=Unset, noise_factors=Unset, extrapolator=Unset, extrapolated_noise_factors=Unset), pec_mitigation=Unset, pec=PecOptions(max_overhead=Unset, noise_gain=Unset), layer_noise_learning=LayerNoiseLearningOptions(max_layers_to_learn=Unset, shots_per_randomization=Unset, num_randomizations=Unset, layer_pair_depths=Unset), layer_noise_model=Unset), execution=ExecutionOptionsV2(init_qubits=Unset, rep_delay=Unset), twirling=TwirlingOptions(enable_gates=Unset, enable_measure=Unset, num_randomizations=Unset, shots_per_randomization=Unset, strategy=Unset), experimental=Unset)
[2025-08-21 16:27:34,766][INFO] Iteration 1: Energy = 0.21508789
[2025-08-21 16:27:38,139][INFO] Iteration 2: Energy = 0.00585938
[2025-08-21 16:27:41,786][INFO] Iteration 3: Energy = 0.00830078
[2025-08-21 16:27:45,050][INFO] Iteration 4: Energy = 0.00927734
[2025-08-21 16:27:48,272][INFO] Iteration 5: Energy = 0.00854492
[2025-08-21 16:27:51,414][INFO] Iteration 6: Energy = 0.00805664
[2025-08-21 16:27:54,537][INFO] Iteration 7: Energy = 0.00805664
[2025-08-21 16:27:58,111][INFO] Iteration 8: Energy = 0.01000977
[2025-08-21 16:28:01,172][INFO] Iteration 9: Energy = 0.00952148
[2025-08-21 16:28:04,414][INFO] Iteration 10: Energy = 0.01025391
[2025-08-21 16:28:07,667][INFO] Iteration 11: Energy = 0.00805664
[2025-08-21 16:28:11,228][INFO] Iteration 12: Energy = 0.00805664
[2025-08-21 16:28:14,584][INFO] Iteration 13: Energy = 0.00952148
[2025-08-21 16:28:17,808][INFO] Iteration 14: Energy = 0.00854492
[2025-08-21 16:28:20,777][INFO] Iteration 15: Energy = 0.01049805
[2025-08-21 16:28:24,002][INFO] Iteration 16: Energy = 0.00976562
[2025-08-21 16:28:27,524][INFO] Iteration 17: Energy = 0.00659180
[2025-08-21 16:28:30,672][INFO] Iteration 18: Energy = 0.00952148
[2025-08-21 16:28:33,496][INFO] Iteration 19: Energy = 0.00756836
[2025-08-21 16:28:36,477][INFO] Iteration 20: Energy = 0.00683594
[2025-08-21 16:28:39,816][INFO] Iteration 21: Energy = 0.00683594
[2025-08-21 16:28:42,877][INFO] Iteration 22: Energy = 0.01245117
[2025-08-21 16:28:46,014][INFO] Iteration 23: Energy = 0.00854492
[2025-08-21 16:28:49,004][INFO] Iteration 24: Energy = 0.00732422
[2025-08-21 16:28:52,086][INFO] Iteration 25: Energy = 0.00830078
[2025-08-21 16:28:55,115][INFO] Iteration 26: Energy = 0.00732422
[2025-08-21 16:28:58,160][INFO] Iteration 27: Energy = 0.00952148
[2025-08-21 16:29:01,072][INFO] Iteration 28: Energy = 0.00756836
[2025-08-21 16:29:03,987][INFO] Iteration 29: Energy = 0.00878906
[2025-08-21 16:29:07,202][INFO] Iteration 30: Energy = 0.00903320
[2025-08-21 16:29:10,588][INFO] Iteration 31: Energy = 0.00952148
[2025-08-21 16:29:14,079][INFO] Iteration 32: Energy = 0.00976562
[2025-08-21 16:29:17,464][INFO] Iteration 33: Energy = 0.00610352
[2025-08-21 16:29:20,807][INFO] Iteration 34: Energy = 0.00830078
[2025-08-21 16:29:24,141][INFO] Iteration 35: Energy = 0.01049805
[2025-08-21 16:29:27,094][INFO] Iteration 36: Energy = 0.00805664
[2025-08-21 16:29:30,371][INFO] Iteration 37: Energy = 0.00708008
[2025-08-21 16:29:33,454][INFO] Iteration 38: Energy = 0.00854492
[2025-08-21 16:29:36,990][INFO] Iteration 39: Energy = 0.00878906
[2025-08-21 16:29:40,291][INFO] Iteration 40: Energy = 0.00732422
[2025-08-21 16:29:40,292][INFO] Completed VQE run 92: Energy = 0.005615
