[2025-08-21 15:58:09,183][INFO] Starting VQE run 28 (seed=18132945)
[2025-08-21 15:58:09,183][INFO] EstimatorOptions(_VERSION=2, max_execution_time=Unset, environment=EnvironmentOptions(log_level='WARNING', callback=None, job_tags=None, private=False), simulator=SimulatorOptions(noise_model=Unset, seed_simulator=Unset, coupling_map=Unset, basis_gates=Unset), default_precision=Unset, default_shots=None, resilience_level=Unset, seed_estimator=Unset, dynamical_decoupling=DynamicalDecouplingOptions(enable=Unset, sequence_type=Unset, extra_slack_distribution=Unset, scheduling_method=Unset, skip_reset_qubits=Unset), resilience=ResilienceOptionsV2(measure_mitigation=Unset, measure_noise_learning=MeasureNoiseLearningOptions(num_randomizations=Unset, shots_per_randomization=Unset), zne_mitigation=Unset, zne=ZneOptions(amplifier=Unset, noise_factors=Unset, extrapolator=Unset, extrapolated_noise_factors=Unset), pec_mitigation=Unset, pec=PecOptions(max_overhead=Unset, noise_gain=Unset), layer_noise_learning=LayerNoiseLearningOptions(max_layers_to_learn=Unset, shots_per_randomization=Unset, num_randomizations=Unset, layer_pair_depths=Unset), layer_noise_model=Unset), execution=ExecutionOptionsV2(init_qubits=Unset, rep_delay=Unset), twirling=TwirlingOptions(enable_gates=Unset, enable_measure=Unset, num_randomizations=Unset, shots_per_randomization=Unset, strategy=Unset), experimental=Unset)
[2025-08-21 15:58:09,221][INFO] Iteration 1: Energy = 0.23632812
[2025-08-21 15:58:09,267][INFO] Iteration 2: Energy = 0.00122070
[2025-08-21 15:58:09,292][INFO] Iteration 3: Energy = 0.00170898
[2025-08-21 15:58:09,324][INFO] Iteration 4: Energy = 0.00000000
[2025-08-21 15:58:09,366][INFO] Iteration 5: Energy = 0.00000000
[2025-08-21 15:58:09,406][INFO] Iteration 6: Energy = 0.00000000
[2025-08-21 15:58:09,435][INFO] Iteration 7: Energy = 0.00000000
[2025-08-21 15:58:09,464][INFO] Iteration 8: Energy = 0.00000000
[2025-08-21 15:58:09,497][INFO] Iteration 9: Energy = 0.00000000
[2025-08-21 15:58:09,531][INFO] Iteration 10: Energy = 0.00000000
[2025-08-21 15:58:09,554][INFO] Iteration 11: Energy = 0.00000000
[2025-08-21 15:58:09,585][INFO] Iteration 12: Energy = 0.00000000
[2025-08-21 15:58:09,622][INFO] Iteration 13: Energy = 0.00000000
[2025-08-21 15:58:09,658][INFO] Iteration 14: Energy = 0.00000000
[2025-08-21 15:58:09,689][INFO] Iteration 15: Energy = 0.00000000
[2025-08-21 15:58:09,716][INFO] Iteration 16: Energy = 0.00000000
[2025-08-21 15:58:09,761][INFO] Iteration 17: Energy = 0.00000000
[2025-08-21 15:58:09,798][INFO] Iteration 18: Energy = 0.00000000
[2025-08-21 15:58:09,841][INFO] Iteration 19: Energy = 0.00000000
[2025-08-21 15:58:09,890][INFO] Iteration 20: Energy = 0.00000000
[2025-08-21 15:58:09,940][INFO] Iteration 21: Energy = 0.00000000
[2025-08-21 15:58:09,980][INFO] Iteration 22: Energy = 0.00000000
[2025-08-21 15:58:10,010][INFO] Iteration 23: Energy = 0.00000000
[2025-08-21 15:58:10,056][INFO] Iteration 24: Energy = 0.00000000
[2025-08-21 15:58:10,091][INFO] Iteration 25: Energy = 0.00000000
[2025-08-21 15:58:10,125][INFO] Iteration 26: Energy = 0.00000000
[2025-08-21 15:58:10,159][INFO] Iteration 27: Energy = 0.00000000
[2025-08-21 15:58:10,160][INFO] Completed VQE run 28: Energy = 0.000000
[2025-08-21 16:02:02,171][INFO] Starting VQE run 28 (seed=100006441)
[2025-08-21 16:02:02,172][INFO] EstimatorOptions(_VERSION=2, max_execution_time=Unset, environment=EnvironmentOptions(log_level='WARNING', callback=None, job_tags=None, private=False), simulator=SimulatorOptions(noise_model=Unset, seed_simulator=Unset, coupling_map=Unset, basis_gates=Unset), default_precision=Unset, default_shots=None, resilience_level=2, seed_estimator=Unset, dynamical_decoupling=DynamicalDecouplingOptions(enable=Unset, sequence_type=Unset, extra_slack_distribution=Unset, scheduling_method=Unset, skip_reset_qubits=Unset), resilience=ResilienceOptionsV2(measure_mitigation=Unset, measure_noise_learning=MeasureNoiseLearningOptions(num_randomizations=Unset, shots_per_randomization=Unset), zne_mitigation=Unset, zne=ZneOptions(amplifier=Unset, noise_factors=Unset, extrapolator=Unset, extrapolated_noise_factors=Unset), pec_mitigation=Unset, pec=PecOptions(max_overhead=Unset, noise_gain=Unset), layer_noise_learning=LayerNoiseLearningOptions(max_layers_to_learn=Unset, shots_per_randomization=Unset, num_randomizations=Unset, layer_pair_depths=Unset), layer_noise_model=Unset), execution=ExecutionOptionsV2(init_qubits=Unset, rep_delay=Unset), twirling=TwirlingOptions(enable_gates=Unset, enable_measure=Unset, num_randomizations=Unset, shots_per_randomization=Unset, strategy=Unset), experimental=Unset)
[2025-08-21 16:02:06,100][INFO] Iteration 1: Energy = 0.21215820
[2025-08-21 16:02:10,051][INFO] Iteration 2: Energy = 0.00830078
[2025-08-21 16:02:14,164][INFO] Iteration 3: Energy = 0.00805664
[2025-08-21 16:02:18,263][INFO] Iteration 4: Energy = 0.00781250
[2025-08-21 16:02:22,514][INFO] Iteration 5: Energy = 0.00976562
[2025-08-21 16:02:26,529][INFO] Iteration 6: Energy = 0.00756836
[2025-08-21 16:02:30,573][INFO] Iteration 7: Energy = 0.00854492
[2025-08-21 16:02:34,729][INFO] Iteration 8: Energy = 0.00830078
[2025-08-21 16:02:38,806][INFO] Iteration 9: Energy = 0.01000977
[2025-08-21 16:02:43,107][INFO] Iteration 10: Energy = 0.01025391
[2025-08-21 16:02:47,117][INFO] Iteration 11: Energy = 0.00756836
[2025-08-21 16:02:51,208][INFO] Iteration 12: Energy = 0.00805664
[2025-08-21 16:02:55,159][INFO] Iteration 13: Energy = 0.00903320
[2025-08-21 16:02:59,113][INFO] Iteration 14: Energy = 0.00927734
[2025-08-21 16:03:03,418][INFO] Iteration 15: Energy = 0.00878906
[2025-08-21 16:03:07,554][INFO] Iteration 16: Energy = 0.00830078
[2025-08-21 16:03:11,561][INFO] Iteration 17: Energy = 0.00659180
[2025-08-21 16:03:15,567][INFO] Iteration 18: Energy = 0.00683594
[2025-08-21 16:03:19,673][INFO] Iteration 19: Energy = 0.00976562
[2025-08-21 16:03:23,753][INFO] Iteration 20: Energy = 0.01000977
[2025-08-21 16:03:27,810][INFO] Iteration 21: Energy = 0.00854492
[2025-08-21 16:03:32,003][INFO] Iteration 22: Energy = 0.00732422
[2025-08-21 16:03:36,169][INFO] Iteration 23: Energy = 0.00683594
[2025-08-21 16:03:40,424][INFO] Iteration 24: Energy = 0.01025391
[2025-08-21 16:03:44,574][INFO] Iteration 25: Energy = 0.00878906
[2025-08-21 16:03:48,557][INFO] Iteration 26: Energy = 0.01025391
[2025-08-21 16:03:52,552][INFO] Iteration 27: Energy = 0.01147461
[2025-08-21 16:03:56,554][INFO] Iteration 28: Energy = 0.00878906
[2025-08-21 16:04:00,260][INFO] Iteration 29: Energy = 0.01293945
[2025-08-21 16:04:04,542][INFO] Iteration 30: Energy = 0.00854492
[2025-08-21 16:04:08,518][INFO] Iteration 31: Energy = 0.00732422
[2025-08-21 16:04:12,737][INFO] Iteration 32: Energy = 0.00952148
[2025-08-21 16:04:17,026][INFO] Iteration 33: Energy = 0.00805664
[2025-08-21 16:04:21,133][INFO] Iteration 34: Energy = 0.00659180
[2025-08-21 16:04:25,222][INFO] Iteration 35: Energy = 0.00927734
[2025-08-21 16:04:29,326][INFO] Iteration 36: Energy = 0.00952148
[2025-08-21 16:04:33,493][INFO] Iteration 37: Energy = 0.00756836
[2025-08-21 16:04:37,634][INFO] Iteration 38: Energy = 0.00952148
[2025-08-21 16:04:41,755][INFO] Iteration 39: Energy = 0.00903320
[2025-08-21 16:04:41,756][INFO] Completed VQE run 28: Energy = 0.005615
