[2025-08-21 15:58:09,438][INFO] Starting VQE run 31 (seed=76847823)
[2025-08-21 15:58:09,439][INFO] EstimatorOptions(_VERSION=2, max_execution_time=Unset, environment=EnvironmentOptions(log_level='WARNING', callback=None, job_tags=None, private=False), simulator=SimulatorOptions(noise_model=Unset, seed_simulator=Unset, coupling_map=Unset, basis_gates=Unset), default_precision=Unset, default_shots=None, resilience_level=Unset, seed_estimator=Unset, dynamical_decoupling=DynamicalDecouplingOptions(enable=Unset, sequence_type=Unset, extra_slack_distribution=Unset, scheduling_method=Unset, skip_reset_qubits=Unset), resilience=ResilienceOptionsV2(measure_mitigation=Unset, measure_noise_learning=MeasureNoiseLearningOptions(num_randomizations=Unset, shots_per_randomization=Unset), zne_mitigation=Unset, zne=ZneOptions(amplifier=Unset, noise_factors=Unset, extrapolator=Unset, extrapolated_noise_factors=Unset), pec_mitigation=Unset, pec=PecOptions(max_overhead=Unset, noise_gain=Unset), layer_noise_learning=LayerNoiseLearningOptions(max_layers_to_learn=Unset, shots_per_randomization=Unset, num_randomizations=Unset, layer_pair_depths=Unset), layer_noise_model=Unset), execution=ExecutionOptionsV2(init_qubits=Unset, rep_delay=Unset), twirling=TwirlingOptions(enable_gates=Unset, enable_measure=Unset, num_randomizations=Unset, shots_per_randomization=Unset, strategy=Unset), experimental=Unset)
[2025-08-21 15:58:09,479][INFO] Iteration 1: Energy = 0.27124023
[2025-08-21 15:58:09,516][INFO] Iteration 2: Energy = 0.00244141
[2025-08-21 15:58:09,548][INFO] Iteration 3: Energy = 0.00146484
[2025-08-21 15:58:09,585][INFO] Iteration 4: Energy = 0.00000000
[2025-08-21 15:58:09,613][INFO] Iteration 5: Energy = 0.00000000
[2025-08-21 15:58:09,644][INFO] Iteration 6: Energy = 0.00000000
[2025-08-21 15:58:09,686][INFO] Iteration 7: Energy = 0.00000000
[2025-08-21 15:58:09,722][INFO] Iteration 8: Energy = 0.00000000
[2025-08-21 15:58:09,756][INFO] Iteration 9: Energy = 0.00000000
[2025-08-21 15:58:09,780][INFO] Iteration 10: Energy = 0.00000000
[2025-08-21 15:58:09,822][INFO] Iteration 11: Energy = 0.00000000
[2025-08-21 15:58:09,883][INFO] Iteration 12: Energy = 0.00000000
[2025-08-21 15:58:09,923][INFO] Iteration 13: Energy = 0.00000000
[2025-08-21 15:58:09,956][INFO] Iteration 14: Energy = 0.00000000
[2025-08-21 15:58:09,996][INFO] Iteration 15: Energy = 0.00000000
[2025-08-21 15:58:10,027][INFO] Iteration 16: Energy = 0.00000000
[2025-08-21 15:58:10,067][INFO] Iteration 17: Energy = 0.00000000
[2025-08-21 15:58:10,098][INFO] Iteration 18: Energy = 0.00000000
[2025-08-21 15:58:10,132][INFO] Iteration 19: Energy = 0.00000000
[2025-08-21 15:58:10,167][INFO] Iteration 20: Energy = 0.00000000
[2025-08-21 15:58:10,199][INFO] Iteration 21: Energy = 0.00000000
[2025-08-21 15:58:10,230][INFO] Iteration 22: Energy = 0.00000000
[2025-08-21 15:58:10,263][INFO] Iteration 23: Energy = 0.00000000
[2025-08-21 15:58:10,305][INFO] Iteration 24: Energy = 0.00000000
[2025-08-21 15:58:10,331][INFO] Iteration 25: Energy = 0.00000000
[2025-08-21 15:58:10,362][INFO] Iteration 26: Energy = 0.00000000
[2025-08-21 15:58:10,363][INFO] Completed VQE run 31: Energy = 0.000000
[2025-08-21 16:09:24,688][INFO] Starting VQE run 31 (seed=76028250)
[2025-08-21 16:09:24,688][INFO] EstimatorOptions(_VERSION=2, max_execution_time=Unset, environment=EnvironmentOptions(log_level='WARNING', callback=None, job_tags=None, private=False), simulator=SimulatorOptions(noise_model=Unset, seed_simulator=Unset, coupling_map=Unset, basis_gates=Unset), default_precision=Unset, default_shots=None, resilience_level=2, seed_estimator=Unset, dynamical_decoupling=DynamicalDecouplingOptions(enable=Unset, sequence_type=Unset, extra_slack_distribution=Unset, scheduling_method=Unset, skip_reset_qubits=Unset), resilience=ResilienceOptionsV2(measure_mitigation=Unset, measure_noise_learning=MeasureNoiseLearningOptions(num_randomizations=Unset, shots_per_randomization=Unset), zne_mitigation=Unset, zne=ZneOptions(amplifier=Unset, noise_factors=Unset, extrapolator=Unset, extrapolated_noise_factors=Unset), pec_mitigation=Unset, pec=PecOptions(max_overhead=Unset, noise_gain=Unset), layer_noise_learning=LayerNoiseLearningOptions(max_layers_to_learn=Unset, shots_per_randomization=Unset, num_randomizations=Unset, layer_pair_depths=Unset), layer_noise_model=Unset), execution=ExecutionOptionsV2(init_qubits=Unset, rep_delay=Unset), twirling=TwirlingOptions(enable_gates=Unset, enable_measure=Unset, num_randomizations=Unset, shots_per_randomization=Unset, strategy=Unset), experimental=Unset)
[2025-08-21 16:09:29,214][INFO] Iteration 1: Energy = 0.69555664
[2025-08-21 16:09:33,651][INFO] Iteration 2: Energy = 0.25122070
[2025-08-21 16:09:37,627][INFO] Iteration 3: Energy = 0.24633789
[2025-08-21 16:09:41,924][INFO] Iteration 4: Energy = 0.01220703
[2025-08-21 16:09:46,408][INFO] Iteration 5: Energy = 0.00903320
[2025-08-21 16:09:50,738][INFO] Iteration 6: Energy = 0.00903320
[2025-08-21 16:09:55,313][INFO] Iteration 7: Energy = 0.00610352
[2025-08-21 16:09:59,708][INFO] Iteration 8: Energy = 0.00683594
[2025-08-21 16:10:04,177][INFO] Iteration 9: Energy = 0.00756836
[2025-08-21 16:10:08,552][INFO] Iteration 10: Energy = 0.00952148
[2025-08-21 16:10:13,106][INFO] Iteration 11: Energy = 0.00781250
[2025-08-21 16:10:17,428][INFO] Iteration 12: Energy = 0.00830078
[2025-08-21 16:10:21,851][INFO] Iteration 13: Energy = 0.00732422
[2025-08-21 16:10:26,502][INFO] Iteration 14: Energy = 0.00634766
[2025-08-21 16:10:30,801][INFO] Iteration 15: Energy = 0.00561523
[2025-08-21 16:10:35,314][INFO] Iteration 16: Energy = 0.00756836
[2025-08-21 16:10:39,658][INFO] Iteration 17: Energy = 0.00659180
[2025-08-21 16:10:44,085][INFO] Iteration 18: Energy = 0.00781250
[2025-08-21 16:10:48,732][INFO] Iteration 19: Energy = 0.00683594
[2025-08-21 16:10:53,265][INFO] Iteration 20: Energy = 0.00781250
[2025-08-21 16:10:57,730][INFO] Iteration 21: Energy = 0.00659180
[2025-08-21 16:11:02,219][INFO] Iteration 22: Energy = 0.00634766
[2025-08-21 16:11:06,714][INFO] Iteration 23: Energy = 0.00952148
[2025-08-21 16:11:11,069][INFO] Iteration 24: Energy = 0.00854492
[2025-08-21 16:11:15,431][INFO] Iteration 25: Energy = 0.00927734
[2025-08-21 16:11:20,034][INFO] Iteration 26: Energy = 0.00830078
[2025-08-21 16:11:24,355][INFO] Iteration 27: Energy = 0.01074219
[2025-08-21 16:11:28,726][INFO] Iteration 28: Energy = 0.01147461
[2025-08-21 16:11:33,016][INFO] Iteration 29: Energy = 0.00781250
[2025-08-21 16:11:37,403][INFO] Iteration 30: Energy = 0.01000977
[2025-08-21 16:11:42,089][INFO] Iteration 31: Energy = 0.00976562
[2025-08-21 16:11:46,773][INFO] Iteration 32: Energy = 0.00756836
[2025-08-21 16:11:51,257][INFO] Iteration 33: Energy = 0.00659180
[2025-08-21 16:11:55,678][INFO] Iteration 34: Energy = 0.00756836
[2025-08-21 16:11:59,949][INFO] Iteration 35: Energy = 0.00732422
[2025-08-21 16:12:04,169][INFO] Iteration 36: Energy = 0.00732422
[2025-08-21 16:12:04,171][INFO] Completed VQE run 31: Energy = 0.005371
