[2025-08-21 15:58:09,708][INFO] Starting VQE run 39 (seed=91602204)
[2025-08-21 15:58:09,708][INFO] EstimatorOptions(_VERSION=2, max_execution_time=Unset, environment=EnvironmentOptions(log_level='WARNING', callback=None, job_tags=None, private=False), simulator=SimulatorOptions(noise_model=Unset, seed_simulator=Unset, coupling_map=Unset, basis_gates=Unset), default_precision=Unset, default_shots=None, resilience_level=Unset, seed_estimator=Unset, dynamical_decoupling=DynamicalDecouplingOptions(enable=Unset, sequence_type=Unset, extra_slack_distribution=Unset, scheduling_method=Unset, skip_reset_qubits=Unset), resilience=ResilienceOptionsV2(measure_mitigation=Unset, measure_noise_learning=MeasureNoiseLearningOptions(num_randomizations=Unset, shots_per_randomization=Unset), zne_mitigation=Unset, zne=ZneOptions(amplifier=Unset, noise_factors=Unset, extrapolator=Unset, extrapolated_noise_factors=Unset), pec_mitigation=Unset, pec=PecOptions(max_overhead=Unset, noise_gain=Unset), layer_noise_learning=LayerNoiseLearningOptions(max_layers_to_learn=Unset, shots_per_randomization=Unset, num_randomizations=Unset, layer_pair_depths=Unset), layer_noise_model=Unset), execution=ExecutionOptionsV2(init_qubits=Unset, rep_delay=Unset), twirling=TwirlingOptions(enable_gates=Unset, enable_measure=Unset, num_randomizations=Unset, shots_per_randomization=Unset, strategy=Unset), experimental=Unset)
[2025-08-21 15:58:09,749][INFO] Iteration 1: Energy = 0.21240234
[2025-08-21 15:58:09,778][INFO] Iteration 2: Energy = 0.00000000
[2025-08-21 15:58:09,805][INFO] Iteration 3: Energy = 0.00000000
[2025-08-21 15:58:09,869][INFO] Iteration 4: Energy = 0.00000000
[2025-08-21 15:58:09,919][INFO] Iteration 5: Energy = 0.00000000
[2025-08-21 15:58:09,951][INFO] Iteration 6: Energy = 0.00000000
[2025-08-21 15:58:09,981][INFO] Iteration 7: Energy = 0.00000000
[2025-08-21 15:58:10,010][INFO] Iteration 8: Energy = 0.00000000
[2025-08-21 15:58:10,049][INFO] Iteration 9: Energy = 0.00000000
[2025-08-21 15:58:10,081][INFO] Iteration 10: Energy = 0.00000000
[2025-08-21 15:58:10,118][INFO] Iteration 11: Energy = 0.00000000
[2025-08-21 15:58:10,159][INFO] Iteration 12: Energy = 0.00000000
[2025-08-21 15:58:10,193][INFO] Iteration 13: Energy = 0.00000000
[2025-08-21 15:58:10,223][INFO] Iteration 14: Energy = 0.00000000
[2025-08-21 15:58:10,254][INFO] Iteration 15: Energy = 0.00000000
[2025-08-21 15:58:10,285][INFO] Iteration 16: Energy = 0.00000000
[2025-08-21 15:58:10,314][INFO] Iteration 17: Energy = 0.00000000
[2025-08-21 15:58:10,341][INFO] Iteration 18: Energy = 0.00000000
[2025-08-21 15:58:10,372][INFO] Iteration 19: Energy = 0.00000000
[2025-08-21 15:58:10,422][INFO] Iteration 20: Energy = 0.00000000
[2025-08-21 15:58:10,458][INFO] Iteration 21: Energy = 0.00000000
[2025-08-21 15:58:10,490][INFO] Iteration 22: Energy = 0.00000000
[2025-08-21 15:58:10,529][INFO] Iteration 23: Energy = 0.00000000
[2025-08-21 15:58:10,565][INFO] Iteration 24: Energy = 0.00000000
[2025-08-21 15:58:10,607][INFO] Iteration 25: Energy = 0.00000000
[2025-08-21 15:58:10,641][INFO] Iteration 26: Energy = 0.00000000
[2025-08-21 15:58:10,642][INFO] Completed VQE run 39: Energy = 0.000000
[2025-08-21 15:58:59,582][INFO] Starting VQE run 39 (seed=99367201)
[2025-08-21 16:07:34,889][INFO] Starting VQE run 39 (seed=23287696)
[2025-08-21 16:07:34,890][INFO] EstimatorOptions(_VERSION=2, max_execution_time=Unset, environment=EnvironmentOptions(log_level='WARNING', callback=None, job_tags=None, private=False), simulator=SimulatorOptions(noise_model=Unset, seed_simulator=Unset, coupling_map=Unset, basis_gates=Unset), default_precision=Unset, default_shots=None, resilience_level=2, seed_estimator=Unset, dynamical_decoupling=DynamicalDecouplingOptions(enable=Unset, sequence_type=Unset, extra_slack_distribution=Unset, scheduling_method=Unset, skip_reset_qubits=Unset), resilience=ResilienceOptionsV2(measure_mitigation=Unset, measure_noise_learning=MeasureNoiseLearningOptions(num_randomizations=Unset, shots_per_randomization=Unset), zne_mitigation=Unset, zne=ZneOptions(amplifier=Unset, noise_factors=Unset, extrapolator=Unset, extrapolated_noise_factors=Unset), pec_mitigation=Unset, pec=PecOptions(max_overhead=Unset, noise_gain=Unset), layer_noise_learning=LayerNoiseLearningOptions(max_layers_to_learn=Unset, shots_per_randomization=Unset, num_randomizations=Unset, layer_pair_depths=Unset), layer_noise_model=Unset), execution=ExecutionOptionsV2(init_qubits=Unset, rep_delay=Unset), twirling=TwirlingOptions(enable_gates=Unset, enable_measure=Unset, num_randomizations=Unset, shots_per_randomization=Unset, strategy=Unset), experimental=Unset)
[2025-08-21 16:07:39,282][INFO] Iteration 1: Energy = 0.97583008
[2025-08-21 16:07:43,901][INFO] Iteration 2: Energy = 0.66625977
[2025-08-21 16:07:48,498][INFO] Iteration 3: Energy = 0.67431641
[2025-08-21 16:07:52,901][INFO] Iteration 4: Energy = 0.21948242
[2025-08-21 16:07:57,288][INFO] Iteration 5: Energy = 0.00659180
[2025-08-21 16:08:01,528][INFO] Iteration 6: Energy = 0.00927734
[2025-08-21 16:08:05,787][INFO] Iteration 7: Energy = 0.00878906
[2025-08-21 16:08:09,987][INFO] Iteration 8: Energy = 0.00805664
[2025-08-21 16:08:14,433][INFO] Iteration 9: Energy = 0.00830078
[2025-08-21 16:08:18,739][INFO] Iteration 10: Energy = 0.00659180
[2025-08-21 16:08:23,298][INFO] Iteration 11: Energy = 0.00756836
[2025-08-21 16:08:27,642][INFO] Iteration 12: Energy = 0.00732422
[2025-08-21 16:08:31,922][INFO] Iteration 13: Energy = 0.00683594
[2025-08-21 16:08:36,092][INFO] Iteration 14: Energy = 0.00659180
[2025-08-21 16:08:40,434][INFO] Iteration 15: Energy = 0.00927734
[2025-08-21 16:08:44,756][INFO] Iteration 16: Energy = 0.00903320
[2025-08-21 16:08:49,055][INFO] Iteration 17: Energy = 0.00683594
[2025-08-21 16:08:53,333][INFO] Iteration 18: Energy = 0.00854492
[2025-08-21 16:08:57,698][INFO] Iteration 19: Energy = 0.00952148
[2025-08-21 16:09:02,114][INFO] Iteration 20: Energy = 0.00708008
[2025-08-21 16:09:06,613][INFO] Iteration 21: Energy = 0.00756836
[2025-08-21 16:09:11,152][INFO] Iteration 22: Energy = 0.00781250
[2025-08-21 16:09:15,525][INFO] Iteration 23: Energy = 0.00585938
[2025-08-21 16:09:19,991][INFO] Iteration 24: Energy = 0.00903320
[2025-08-21 16:09:24,272][INFO] Iteration 25: Energy = 0.00708008
[2025-08-21 16:09:28,487][INFO] Iteration 26: Energy = 0.00976562
[2025-08-21 16:09:32,592][INFO] Iteration 27: Energy = 0.00683594
[2025-08-21 16:09:36,690][INFO] Iteration 28: Energy = 0.01025391
[2025-08-21 16:09:36,691][INFO] Completed VQE run 39: Energy = 0.005615
