[2025-08-21 15:58:06,201][INFO] Starting VQE run 2 (seed=76826655)
[2025-08-21 15:58:06,201][INFO] EstimatorOptions(_VERSION=2, max_execution_time=Unset, environment=EnvironmentOptions(log_level='WARNING', callback=None, job_tags=None, private=False), simulator=SimulatorOptions(noise_model=Unset, seed_simulator=Unset, coupling_map=Unset, basis_gates=Unset), default_precision=Unset, default_shots=None, resilience_level=Unset, seed_estimator=Unset, dynamical_decoupling=DynamicalDecouplingOptions(enable=Unset, sequence_type=Unset, extra_slack_distribution=Unset, scheduling_method=Unset, skip_reset_qubits=Unset), resilience=ResilienceOptionsV2(measure_mitigation=Unset, measure_noise_learning=MeasureNoiseLearningOptions(num_randomizations=Unset, shots_per_randomization=Unset), zne_mitigation=Unset, zne=ZneOptions(amplifier=Unset, noise_factors=Unset, extrapolator=Unset, extrapolated_noise_factors=Unset), pec_mitigation=Unset, pec=PecOptions(max_overhead=Unset, noise_gain=Unset), layer_noise_learning=LayerNoiseLearningOptions(max_layers_to_learn=Unset, shots_per_randomization=Unset, num_randomizations=Unset, layer_pair_depths=Unset), layer_noise_model=Unset), execution=ExecutionOptionsV2(init_qubits=Unset, rep_delay=Unset), twirling=TwirlingOptions(enable_gates=Unset, enable_measure=Unset, num_randomizations=Unset, shots_per_randomization=Unset, strategy=Unset), experimental=Unset)
[2025-08-21 15:58:06,351][INFO] Iteration 1: Energy = 0.93945312
[2025-08-21 15:58:06,426][INFO] Iteration 2: Energy = 0.54345703
[2025-08-21 15:58:06,511][INFO] Iteration 3: Energy = 0.53344727
[2025-08-21 15:58:06,631][INFO] Iteration 4: Energy = 0.12890625
[2025-08-21 15:58:06,753][INFO] Iteration 5: Energy = 0.00000000
[2025-08-21 15:58:06,879][INFO] Iteration 6: Energy = 0.00000000
[2025-08-21 15:58:06,972][INFO] Iteration 7: Energy = 0.00000000
[2025-08-21 15:58:07,100][INFO] Iteration 8: Energy = 0.00000000
[2025-08-21 15:58:07,222][INFO] Iteration 9: Energy = 0.00000000
[2025-08-21 15:58:07,296][INFO] Iteration 10: Energy = 0.00000000
[2025-08-21 15:58:07,379][INFO] Iteration 11: Energy = 0.00000000
[2025-08-21 15:58:07,502][INFO] Iteration 12: Energy = 0.00000000
[2025-08-21 15:58:07,605][INFO] Iteration 13: Energy = 0.00000000
[2025-08-21 15:58:07,681][INFO] Iteration 14: Energy = 0.00000000
[2025-08-21 15:58:07,783][INFO] Iteration 15: Energy = 0.00000000
[2025-08-21 15:58:07,838][INFO] Iteration 16: Energy = 0.00000000
[2025-08-21 15:58:07,890][INFO] Iteration 17: Energy = 0.00000000
[2025-08-21 15:58:07,921][INFO] Iteration 18: Energy = 0.00000000
[2025-08-21 15:58:07,951][INFO] Iteration 19: Energy = 0.00000000
[2025-08-21 15:58:07,997][INFO] Iteration 20: Energy = 0.00000000
[2025-08-21 15:58:08,028][INFO] Iteration 21: Energy = 0.00000000
[2025-08-21 15:58:08,053][INFO] Iteration 22: Energy = 0.00000000
[2025-08-21 15:58:08,090][INFO] Iteration 23: Energy = 0.00000000
[2025-08-21 15:58:08,122][INFO] Iteration 24: Energy = 0.00000000
[2025-08-21 15:58:08,161][INFO] Iteration 25: Energy = 0.00000000
[2025-08-21 15:58:08,188][INFO] Iteration 26: Energy = 0.00000000
[2025-08-21 15:58:08,223][INFO] Iteration 27: Energy = 0.00000000
[2025-08-21 15:58:08,259][INFO] Iteration 28: Energy = 0.00000000
[2025-08-21 15:58:08,299][INFO] Iteration 29: Energy = 0.00000000
[2025-08-21 15:58:08,336][INFO] Iteration 30: Energy = 0.00000000
[2025-08-21 15:58:08,374][INFO] Iteration 31: Energy = 0.00000000
[2025-08-21 15:58:08,423][INFO] Iteration 32: Energy = 0.00000000
[2025-08-21 15:58:08,424][INFO] Completed VQE run 2: Energy = 0.000000
[2025-08-21 16:04:59,726][INFO] Starting VQE run 2 (seed=82859275)
[2025-08-21 16:04:59,727][INFO] EstimatorOptions(_VERSION=2, max_execution_time=Unset, environment=EnvironmentOptions(log_level='WARNING', callback=None, job_tags=None, private=False), simulator=SimulatorOptions(noise_model=Unset, seed_simulator=Unset, coupling_map=Unset, basis_gates=Unset), default_precision=Unset, default_shots=None, resilience_level=2, seed_estimator=Unset, dynamical_decoupling=DynamicalDecouplingOptions(enable=Unset, sequence_type=Unset, extra_slack_distribution=Unset, scheduling_method=Unset, skip_reset_qubits=Unset), resilience=ResilienceOptionsV2(measure_mitigation=Unset, measure_noise_learning=MeasureNoiseLearningOptions(num_randomizations=Unset, shots_per_randomization=Unset), zne_mitigation=Unset, zne=ZneOptions(amplifier=Unset, noise_factors=Unset, extrapolator=Unset, extrapolated_noise_factors=Unset), pec_mitigation=Unset, pec=PecOptions(max_overhead=Unset, noise_gain=Unset), layer_noise_learning=LayerNoiseLearningOptions(max_layers_to_learn=Unset, shots_per_randomization=Unset, num_randomizations=Unset, layer_pair_depths=Unset), layer_noise_model=Unset), execution=ExecutionOptionsV2(init_qubits=Unset, rep_delay=Unset), twirling=TwirlingOptions(enable_gates=Unset, enable_measure=Unset, num_randomizations=Unset, shots_per_randomization=Unset, strategy=Unset), experimental=Unset)
[2025-08-21 16:05:03,862][INFO] Iteration 1: Energy = 0.24389648
[2025-08-21 16:05:08,126][INFO] Iteration 2: Energy = 0.24023438
[2025-08-21 16:05:12,359][INFO] Iteration 3: Energy = 0.00878906
[2025-08-21 16:05:16,739][INFO] Iteration 4: Energy = 0.00683594
[2025-08-21 16:05:21,386][INFO] Iteration 5: Energy = 0.00854492
[2025-08-21 16:05:25,765][INFO] Iteration 6: Energy = 0.01025391
[2025-08-21 16:05:30,248][INFO] Iteration 7: Energy = 0.00903320
[2025-08-21 16:05:34,479][INFO] Iteration 8: Energy = 0.00830078
[2025-08-21 16:05:38,707][INFO] Iteration 9: Energy = 0.00585938
[2025-08-21 16:05:42,830][INFO] Iteration 10: Energy = 0.00585938
[2025-08-21 16:05:47,231][INFO] Iteration 11: Energy = 0.00830078
[2025-08-21 16:05:51,654][INFO] Iteration 12: Energy = 0.00854492
[2025-08-21 16:05:56,127][INFO] Iteration 13: Energy = 0.00952148
[2025-08-21 16:06:00,607][INFO] Iteration 14: Energy = 0.00854492
[2025-08-21 16:06:05,011][INFO] Iteration 15: Energy = 0.00830078
[2025-08-21 16:06:09,231][INFO] Iteration 16: Energy = 0.00756836
[2025-08-21 16:06:13,387][INFO] Iteration 17: Energy = 0.00854492
[2025-08-21 16:06:17,707][INFO] Iteration 18: Energy = 0.00610352
[2025-08-21 16:06:21,860][INFO] Iteration 19: Energy = 0.00732422
[2025-08-21 16:06:26,406][INFO] Iteration 20: Energy = 0.00805664
[2025-08-21 16:06:30,834][INFO] Iteration 21: Energy = 0.00683594
[2025-08-21 16:06:35,328][INFO] Iteration 22: Energy = 0.00634766
[2025-08-21 16:06:39,841][INFO] Iteration 23: Energy = 0.00708008
[2025-08-21 16:06:44,250][INFO] Iteration 24: Energy = 0.00805664
[2025-08-21 16:06:48,649][INFO] Iteration 25: Energy = 0.00878906
[2025-08-21 16:06:52,922][INFO] Iteration 26: Energy = 0.00537109
[2025-08-21 16:06:57,465][INFO] Iteration 27: Energy = 0.00708008
[2025-08-21 16:07:01,881][INFO] Iteration 28: Energy = 0.01000977
[2025-08-21 16:07:06,575][INFO] Iteration 29: Energy = 0.00585938
[2025-08-21 16:07:11,090][INFO] Iteration 30: Energy = 0.01000977
[2025-08-21 16:07:11,091][INFO] Completed VQE run 2: Energy = 0.005859
