[2025-08-20 15:56:47,664][INFO] Starting VQE run 0 (seed=38032)
[2025-08-20 15:56:47,664][INFO] EstimatorOptions(_VERSION=2, max_execution_time=Unset, environment=EnvironmentOptions(log_level='WARNING', callback=None, job_tags=None, private=False), simulator=SimulatorOptions(noise_model=Unset, seed_simulator=Unset, coupling_map=Unset, basis_gates=Unset), default_precision=Unset, default_shots=None, resilience_level=2, seed_estimator=Unset, dynamical_decoupling=DynamicalDecouplingOptions(enable=Unset, sequence_type=Unset, extra_slack_distribution=Unset, scheduling_method=Unset, skip_reset_qubits=Unset), resilience=ResilienceOptionsV2(measure_mitigation=Unset, measure_noise_learning=MeasureNoiseLearningOptions(num_randomizations=Unset, shots_per_randomization=Unset), zne_mitigation=Unset, zne=ZneOptions(amplifier=Unset, noise_factors=Unset, extrapolator=Unset, extrapolated_noise_factors=Unset), pec_mitigation=Unset, pec=PecOptions(max_overhead=Unset, noise_gain=Unset), layer_noise_learning=LayerNoiseLearningOptions(max_layers_to_learn=Unset, shots_per_randomization=Unset, num_randomizations=Unset, layer_pair_depths=Unset), layer_noise_model=Unset), execution=ExecutionOptionsV2(init_qubits=Unset, rep_delay=Unset), twirling=TwirlingOptions(enable_gates=Unset, enable_measure=Unset, num_randomizations=Unset, shots_per_randomization=Unset, strategy=Unset), experimental=Unset)
[2025-08-20 15:56:49,802][INFO] Iteration 1: Energy = 0.01196289
[2025-08-20 15:56:52,077][INFO] Iteration 2: Energy = 0.00708008
[2025-08-20 15:56:54,299][INFO] Iteration 3: Energy = 0.00952148
[2025-08-20 15:56:56,682][INFO] Iteration 4: Energy = 0.00708008
[2025-08-20 15:56:58,999][INFO] Iteration 5: Energy = 0.00756836
[2025-08-20 15:57:01,337][INFO] Iteration 6: Energy = 0.00781250
[2025-08-20 15:57:03,748][INFO] Iteration 7: Energy = 0.00708008
[2025-08-20 15:57:06,089][INFO] Iteration 8: Energy = 0.00732422
[2025-08-20 15:57:08,304][INFO] Iteration 9: Energy = 0.00830078
[2025-08-20 15:57:08,305][INFO] Completed VQE run 0: Energy = 0.004883
[2025-08-20 15:57:58,220][INFO] Starting VQE run 0 (seed=64708877)
[2025-08-20 15:57:58,221][INFO] EstimatorOptions(_VERSION=2, max_execution_time=Unset, environment=EnvironmentOptions(log_level='WARNING', callback=None, job_tags=None, private=False), simulator=SimulatorOptions(noise_model=Unset, seed_simulator=Unset, coupling_map=Unset, basis_gates=Unset), default_precision=Unset, default_shots=None, resilience_level=Unset, seed_estimator=Unset, dynamical_decoupling=DynamicalDecouplingOptions(enable=Unset, sequence_type=Unset, extra_slack_distribution=Unset, scheduling_method=Unset, skip_reset_qubits=Unset), resilience=ResilienceOptionsV2(measure_mitigation=Unset, measure_noise_learning=MeasureNoiseLearningOptions(num_randomizations=Unset, shots_per_randomization=Unset), zne_mitigation=Unset, zne=ZneOptions(amplifier=Unset, noise_factors=Unset, extrapolator=Unset, extrapolated_noise_factors=Unset), pec_mitigation=Unset, pec=PecOptions(max_overhead=Unset, noise_gain=Unset), layer_noise_learning=LayerNoiseLearningOptions(max_layers_to_learn=Unset, shots_per_randomization=Unset, num_randomizations=Unset, layer_pair_depths=Unset), layer_noise_model=Unset), execution=ExecutionOptionsV2(init_qubits=Unset, rep_delay=Unset), twirling=TwirlingOptions(enable_gates=Unset, enable_measure=Unset, num_randomizations=Unset, shots_per_randomization=Unset, strategy=Unset), experimental=Unset)
[2025-08-20 15:57:58,248][INFO] Iteration 1: Energy = 0.00000000
[2025-08-20 15:57:58,266][INFO] Iteration 2: Energy = 0.00000000
[2025-08-20 15:57:58,284][INFO] Iteration 3: Energy = 0.00000000
[2025-08-20 15:57:58,304][INFO] Iteration 4: Energy = 0.00000000
[2025-08-20 15:57:58,323][INFO] Iteration 5: Energy = 0.00000000
[2025-08-20 15:57:58,343][INFO] Iteration 6: Energy = 0.00000000
[2025-08-20 15:57:58,361][INFO] Iteration 7: Energy = 0.00000000
[2025-08-20 15:57:58,379][INFO] Iteration 8: Energy = 0.00000000
[2025-08-20 15:57:58,398][INFO] Iteration 9: Energy = 0.00000000
[2025-08-20 15:57:58,399][INFO] Completed VQE run 0: Energy = 0.000000
