[2025-08-21 15:58:16,616][INFO] Starting VQE run 95 (seed=46681751)
[2025-08-21 15:58:16,616][INFO] EstimatorOptions(_VERSION=2, max_execution_time=Unset, environment=EnvironmentOptions(log_level='WARNING', callback=None, job_tags=None, private=False), simulator=SimulatorOptions(noise_model=Unset, seed_simulator=Unset, coupling_map=Unset, basis_gates=Unset), default_precision=Unset, default_shots=None, resilience_level=Unset, seed_estimator=Unset, dynamical_decoupling=DynamicalDecouplingOptions(enable=Unset, sequence_type=Unset, extra_slack_distribution=Unset, scheduling_method=Unset, skip_reset_qubits=Unset), resilience=ResilienceOptionsV2(measure_mitigation=Unset, measure_noise_learning=MeasureNoiseLearningOptions(num_randomizations=Unset, shots_per_randomization=Unset), zne_mitigation=Unset, zne=ZneOptions(amplifier=Unset, noise_factors=Unset, extrapolator=Unset, extrapolated_noise_factors=Unset), pec_mitigation=Unset, pec=PecOptions(max_overhead=Unset, noise_gain=Unset), layer_noise_learning=LayerNoiseLearningOptions(max_layers_to_learn=Unset, shots_per_randomization=Unset, num_randomizations=Unset, layer_pair_depths=Unset), layer_noise_model=Unset), execution=ExecutionOptionsV2(init_qubits=Unset, rep_delay=Unset), twirling=TwirlingOptions(enable_gates=Unset, enable_measure=Unset, num_randomizations=Unset, shots_per_randomization=Unset, strategy=Unset), experimental=Unset)
[2025-08-21 15:58:16,642][INFO] Iteration 1: Energy = 0.92309570
[2025-08-21 15:58:16,672][INFO] Iteration 2: Energy = 0.91674805
[2025-08-21 15:58:16,696][INFO] Iteration 3: Energy = 0.54492188
[2025-08-21 15:58:16,716][INFO] Iteration 4: Energy = 0.12280273
[2025-08-21 15:58:16,743][INFO] Iteration 5: Energy = 0.00000000
[2025-08-21 15:58:16,771][INFO] Iteration 6: Energy = 0.00000000
[2025-08-21 15:58:16,791][INFO] Iteration 7: Energy = 0.00000000
[2025-08-21 15:58:16,810][INFO] Iteration 8: Energy = 0.00000000
[2025-08-21 15:58:16,832][INFO] Iteration 9: Energy = 0.00000000
[2025-08-21 15:58:16,854][INFO] Iteration 10: Energy = 0.00000000
[2025-08-21 15:58:16,874][INFO] Iteration 11: Energy = 0.00000000
[2025-08-21 15:58:16,892][INFO] Iteration 12: Energy = 0.00000000
[2025-08-21 15:58:16,919][INFO] Iteration 13: Energy = 0.00000000
[2025-08-21 15:58:16,939][INFO] Iteration 14: Energy = 0.00000000
[2025-08-21 15:58:16,959][INFO] Iteration 15: Energy = 0.00000000
[2025-08-21 15:58:16,980][INFO] Iteration 16: Energy = 0.00000000
[2025-08-21 15:58:17,008][INFO] Iteration 17: Energy = 0.00000000
[2025-08-21 15:58:17,030][INFO] Iteration 18: Energy = 0.00000000
[2025-08-21 15:58:17,051][INFO] Iteration 19: Energy = 0.00000000
[2025-08-21 15:58:17,075][INFO] Iteration 20: Energy = 0.00000000
[2025-08-21 15:58:17,095][INFO] Iteration 21: Energy = 0.00000000
[2025-08-21 15:58:17,116][INFO] Iteration 22: Energy = 0.00000000
[2025-08-21 15:58:17,139][INFO] Iteration 23: Energy = 0.00000000
[2025-08-21 15:58:17,157][INFO] Iteration 24: Energy = 0.00000000
[2025-08-21 15:58:17,175][INFO] Iteration 25: Energy = 0.00000000
[2025-08-21 15:58:17,193][INFO] Iteration 26: Energy = 0.00000000
[2025-08-21 15:58:17,212][INFO] Iteration 27: Energy = 0.00000000
[2025-08-21 15:58:17,229][INFO] Iteration 28: Energy = 0.00000000
[2025-08-21 15:58:17,230][INFO] Completed VQE run 95: Energy = 0.000000
[2025-08-21 16:27:07,562][INFO] Starting VQE run 95 (seed=53992144)
[2025-08-21 16:27:07,562][INFO] EstimatorOptions(_VERSION=2, max_execution_time=Unset, environment=EnvironmentOptions(log_level='WARNING', callback=None, job_tags=None, private=False), simulator=SimulatorOptions(noise_model=Unset, seed_simulator=Unset, coupling_map=Unset, basis_gates=Unset), default_precision=Unset, default_shots=None, resilience_level=2, seed_estimator=Unset, dynamical_decoupling=DynamicalDecouplingOptions(enable=Unset, sequence_type=Unset, extra_slack_distribution=Unset, scheduling_method=Unset, skip_reset_qubits=Unset), resilience=ResilienceOptionsV2(measure_mitigation=Unset, measure_noise_learning=MeasureNoiseLearningOptions(num_randomizations=Unset, shots_per_randomization=Unset), zne_mitigation=Unset, zne=ZneOptions(amplifier=Unset, noise_factors=Unset, extrapolator=Unset, extrapolated_noise_factors=Unset), pec_mitigation=Unset, pec=PecOptions(max_overhead=Unset, noise_gain=Unset), layer_noise_learning=LayerNoiseLearningOptions(max_layers_to_learn=Unset, shots_per_randomization=Unset, num_randomizations=Unset, layer_pair_depths=Unset), layer_noise_model=Unset), execution=ExecutionOptionsV2(init_qubits=Unset, rep_delay=Unset), twirling=TwirlingOptions(enable_gates=Unset, enable_measure=Unset, num_randomizations=Unset, shots_per_randomization=Unset, strategy=Unset), experimental=Unset)
[2025-08-21 16:27:10,752][INFO] Iteration 1: Energy = 0.43847656
[2025-08-21 16:27:14,324][INFO] Iteration 2: Energy = 0.42407227
[2025-08-21 16:27:17,653][INFO] Iteration 3: Energy = 0.06518555
[2025-08-21 16:27:20,781][INFO] Iteration 4: Energy = 0.00976562
[2025-08-21 16:27:23,917][INFO] Iteration 5: Energy = 0.00732422
[2025-08-21 16:27:27,234][INFO] Iteration 6: Energy = 0.00732422
[2025-08-21 16:27:30,282][INFO] Iteration 7: Energy = 0.00781250
[2025-08-21 16:27:33,914][INFO] Iteration 8: Energy = 0.00830078
[2025-08-21 16:27:37,170][INFO] Iteration 9: Energy = 0.00708008
[2025-08-21 16:27:40,276][INFO] Iteration 10: Energy = 0.00732422
[2025-08-21 16:27:43,221][INFO] Iteration 11: Energy = 0.00976562
[2025-08-21 16:27:46,666][INFO] Iteration 12: Energy = 0.00708008
[2025-08-21 16:27:50,137][INFO] Iteration 13: Energy = 0.00634766
[2025-08-21 16:27:53,238][INFO] Iteration 14: Energy = 0.00537109
[2025-08-21 16:27:56,370][INFO] Iteration 15: Energy = 0.00659180
[2025-08-21 16:27:59,797][INFO] Iteration 16: Energy = 0.00488281
[2025-08-21 16:28:03,429][INFO] Iteration 17: Energy = 0.00830078
[2025-08-21 16:28:06,740][INFO] Iteration 18: Energy = 0.00854492
[2025-08-21 16:28:09,850][INFO] Iteration 19: Energy = 0.00781250
[2025-08-21 16:28:13,000][INFO] Iteration 20: Energy = 0.00781250
[2025-08-21 16:28:16,394][INFO] Iteration 21: Energy = 0.00830078
[2025-08-21 16:28:19,818][INFO] Iteration 22: Energy = 0.00732422
[2025-08-21 16:28:23,103][INFO] Iteration 23: Energy = 0.00781250
[2025-08-21 16:28:26,242][INFO] Iteration 24: Energy = 0.01000977
[2025-08-21 16:28:29,546][INFO] Iteration 25: Energy = 0.00708008
[2025-08-21 16:28:33,218][INFO] Iteration 26: Energy = 0.00903320
[2025-08-21 16:28:35,982][INFO] Iteration 27: Energy = 0.00781250
[2025-08-21 16:28:39,263][INFO] Iteration 28: Energy = 0.00756836
[2025-08-21 16:28:42,342][INFO] Iteration 29: Energy = 0.00781250
[2025-08-21 16:28:45,431][INFO] Iteration 30: Energy = 0.00585938
[2025-08-21 16:28:48,431][INFO] Iteration 31: Energy = 0.00659180
[2025-08-21 16:28:51,451][INFO] Iteration 32: Energy = 0.00854492
[2025-08-21 16:28:54,493][INFO] Iteration 33: Energy = 0.00805664
[2025-08-21 16:28:57,401][INFO] Iteration 34: Energy = 0.00756836
[2025-08-21 16:29:00,133][INFO] Iteration 35: Energy = 0.00781250
[2025-08-21 16:29:03,365][INFO] Iteration 36: Energy = 0.00878906
[2025-08-21 16:29:03,368][INFO] Completed VQE run 95: Energy = 0.005615
