[2025-08-21 15:58:07,759][INFO] Starting VQE run 15 (seed=75925495)
[2025-08-21 15:58:07,759][INFO] EstimatorOptions(_VERSION=2, max_execution_time=Unset, environment=EnvironmentOptions(log_level='WARNING', callback=None, job_tags=None, private=False), simulator=SimulatorOptions(noise_model=Unset, seed_simulator=Unset, coupling_map=Unset, basis_gates=Unset), default_precision=Unset, default_shots=None, resilience_level=Unset, seed_estimator=Unset, dynamical_decoupling=DynamicalDecouplingOptions(enable=Unset, sequence_type=Unset, extra_slack_distribution=Unset, scheduling_method=Unset, skip_reset_qubits=Unset), resilience=ResilienceOptionsV2(measure_mitigation=Unset, measure_noise_learning=MeasureNoiseLearningOptions(num_randomizations=Unset, shots_per_randomization=Unset), zne_mitigation=Unset, zne=ZneOptions(amplifier=Unset, noise_factors=Unset, extrapolator=Unset, extrapolated_noise_factors=Unset), pec_mitigation=Unset, pec=PecOptions(max_overhead=Unset, noise_gain=Unset), layer_noise_learning=LayerNoiseLearningOptions(max_layers_to_learn=Unset, shots_per_randomization=Unset, num_randomizations=Unset, layer_pair_depths=Unset), layer_noise_model=Unset), execution=ExecutionOptionsV2(init_qubits=Unset, rep_delay=Unset), twirling=TwirlingOptions(enable_gates=Unset, enable_measure=Unset, num_randomizations=Unset, shots_per_randomization=Unset, strategy=Unset), experimental=Unset)
[2025-08-21 15:58:07,837][INFO] Iteration 1: Energy = 0.66625977
[2025-08-21 15:58:07,876][INFO] Iteration 2: Energy = 0.20434570
[2025-08-21 15:58:07,921][INFO] Iteration 3: Energy = 0.20410156
[2025-08-21 15:58:07,954][INFO] Iteration 4: Energy = 0.00000000
[2025-08-21 15:58:07,984][INFO] Iteration 5: Energy = 0.00000000
[2025-08-21 15:58:08,016][INFO] Iteration 6: Energy = 0.00024414
[2025-08-21 15:58:08,039][INFO] Iteration 7: Energy = 0.00000000
[2025-08-21 15:58:08,083][INFO] Iteration 8: Energy = 0.00000000
[2025-08-21 15:58:08,114][INFO] Iteration 9: Energy = 0.00000000
[2025-08-21 15:58:08,151][INFO] Iteration 10: Energy = 0.00000000
[2025-08-21 15:58:08,187][INFO] Iteration 11: Energy = 0.00000000
[2025-08-21 15:58:08,224][INFO] Iteration 12: Energy = 0.00000000
[2025-08-21 15:58:08,256][INFO] Iteration 13: Energy = 0.00000000
[2025-08-21 15:58:08,291][INFO] Iteration 14: Energy = 0.00000000
[2025-08-21 15:58:08,326][INFO] Iteration 15: Energy = 0.00000000
[2025-08-21 15:58:08,368][INFO] Iteration 16: Energy = 0.00000000
[2025-08-21 15:58:08,393][INFO] Iteration 17: Energy = 0.00000000
[2025-08-21 15:58:08,431][INFO] Iteration 18: Energy = 0.00000000
[2025-08-21 15:58:08,471][INFO] Iteration 19: Energy = 0.00000000
[2025-08-21 15:58:08,507][INFO] Iteration 20: Energy = 0.00024414
[2025-08-21 15:58:08,539][INFO] Iteration 21: Energy = 0.00000000
[2025-08-21 15:58:08,574][INFO] Iteration 22: Energy = 0.00000000
[2025-08-21 15:58:08,614][INFO] Iteration 23: Energy = 0.00024414
[2025-08-21 15:58:08,640][INFO] Iteration 24: Energy = 0.00000000
[2025-08-21 15:58:08,672][INFO] Iteration 25: Energy = 0.00000000
[2025-08-21 15:58:08,706][INFO] Iteration 26: Energy = 0.00000000
[2025-08-21 15:58:08,741][INFO] Iteration 27: Energy = 0.00024414
[2025-08-21 15:58:08,774][INFO] Iteration 28: Energy = 0.00000000
[2025-08-21 15:58:08,805][INFO] Iteration 29: Energy = 0.00000000
[2025-08-21 15:58:08,842][INFO] Iteration 30: Energy = 0.00000000
[2025-08-21 15:58:08,879][INFO] Iteration 31: Energy = 0.00000000
[2025-08-21 15:58:08,908][INFO] Iteration 32: Energy = 0.00000000
[2025-08-21 15:58:08,937][INFO] Iteration 33: Energy = 0.00000000
[2025-08-21 15:58:08,977][INFO] Iteration 34: Energy = 0.00000000
[2025-08-21 15:58:09,013][INFO] Iteration 35: Energy = 0.00000000
[2025-08-21 15:58:09,046][INFO] Iteration 36: Energy = 0.00000000
[2025-08-21 15:58:09,079][INFO] Iteration 37: Energy = 0.00000000
[2025-08-21 15:58:09,080][INFO] Completed VQE run 15: Energy = 0.000000
[2025-08-21 15:58:59,510][INFO] Starting VQE run 15 (seed=99367201)
[2025-08-21 15:59:51,988][INFO] Starting VQE run 15 (seed=61343406)
[2025-08-21 15:59:51,988][INFO] EstimatorOptions(_VERSION=2, max_execution_time=Unset, environment=EnvironmentOptions(log_level='WARNING', callback=None, job_tags=None, private=False), simulator=SimulatorOptions(noise_model=Unset, seed_simulator=Unset, coupling_map=Unset, basis_gates=Unset), default_precision=Unset, default_shots=None, resilience_level=2, seed_estimator=Unset, dynamical_decoupling=DynamicalDecouplingOptions(enable=Unset, sequence_type=Unset, extra_slack_distribution=Unset, scheduling_method=Unset, skip_reset_qubits=Unset), resilience=ResilienceOptionsV2(measure_mitigation=Unset, measure_noise_learning=MeasureNoiseLearningOptions(num_randomizations=Unset, shots_per_randomization=Unset), zne_mitigation=Unset, zne=ZneOptions(amplifier=Unset, noise_factors=Unset, extrapolator=Unset, extrapolated_noise_factors=Unset), pec_mitigation=Unset, pec=PecOptions(max_overhead=Unset, noise_gain=Unset), layer_noise_learning=LayerNoiseLearningOptions(max_layers_to_learn=Unset, shots_per_randomization=Unset, num_randomizations=Unset, layer_pair_depths=Unset), layer_noise_model=Unset), execution=ExecutionOptionsV2(init_qubits=Unset, rep_delay=Unset), twirling=TwirlingOptions(enable_gates=Unset, enable_measure=Unset, num_randomizations=Unset, shots_per_randomization=Unset, strategy=Unset), experimental=Unset)
[2025-08-21 15:59:55,958][INFO] Iteration 1: Energy = 0.99194336
[2025-08-21 16:00:00,135][INFO] Iteration 2: Energy = 0.76513672
[2025-08-21 16:00:04,705][INFO] Iteration 3: Energy = 0.77807617
[2025-08-21 16:00:08,772][INFO] Iteration 4: Energy = 0.32006836
[2025-08-21 16:00:12,974][INFO] Iteration 5: Energy = 0.00732422
[2025-08-21 16:00:17,269][INFO] Iteration 6: Energy = 0.00805664
[2025-08-21 16:00:21,659][INFO] Iteration 7: Energy = 0.00732422
[2025-08-21 16:00:26,154][INFO] Iteration 8: Energy = 0.00903320
[2025-08-21 16:00:30,637][INFO] Iteration 9: Energy = 0.00976562
[2025-08-21 16:00:35,076][INFO] Iteration 10: Energy = 0.00756836
[2025-08-21 16:00:39,562][INFO] Iteration 11: Energy = 0.00927734
[2025-08-21 16:00:43,837][INFO] Iteration 12: Energy = 0.00903320
[2025-08-21 16:00:48,203][INFO] Iteration 13: Energy = 0.00781250
[2025-08-21 16:00:52,574][INFO] Iteration 14: Energy = 0.00952148
[2025-08-21 16:00:57,325][INFO] Iteration 15: Energy = 0.00610352
[2025-08-21 16:01:01,418][INFO] Iteration 16: Energy = 0.00927734
[2025-08-21 16:01:05,752][INFO] Iteration 17: Energy = 0.00585938
[2025-08-21 16:01:10,113][INFO] Iteration 18: Energy = 0.00927734
[2025-08-21 16:01:14,054][INFO] Iteration 19: Energy = 0.00805664
[2025-08-21 16:01:18,336][INFO] Iteration 20: Energy = 0.01049805
[2025-08-21 16:01:22,657][INFO] Iteration 21: Energy = 0.00708008
[2025-08-21 16:01:26,801][INFO] Iteration 22: Energy = 0.00732422
[2025-08-21 16:01:30,859][INFO] Iteration 23: Energy = 0.00732422
[2025-08-21 16:01:35,063][INFO] Iteration 24: Energy = 0.00781250
[2025-08-21 16:01:39,292][INFO] Iteration 25: Energy = 0.01074219
[2025-08-21 16:01:43,206][INFO] Iteration 26: Energy = 0.00756836
[2025-08-21 16:01:47,603][INFO] Iteration 27: Energy = 0.00634766
[2025-08-21 16:01:51,560][INFO] Iteration 28: Energy = 0.00854492
[2025-08-21 16:01:55,680][INFO] Iteration 29: Energy = 0.00805664
[2025-08-21 16:01:59,804][INFO] Iteration 30: Energy = 0.00585938
[2025-08-21 16:02:03,876][INFO] Iteration 31: Energy = 0.00854492
[2025-08-21 16:02:08,176][INFO] Iteration 32: Energy = 0.00903320
[2025-08-21 16:02:12,494][INFO] Iteration 33: Energy = 0.00659180
[2025-08-21 16:02:16,538][INFO] Iteration 34: Energy = 0.00830078
[2025-08-21 16:02:20,688][INFO] Iteration 35: Energy = 0.00854492
[2025-08-21 16:02:24,740][INFO] Iteration 36: Energy = 0.00708008
[2025-08-21 16:02:24,741][INFO] Completed VQE run 15: Energy = 0.004883
