[2025-08-21 15:58:14,636][INFO] Starting VQE run 90 (seed=18198365)
[2025-08-21 15:58:14,636][INFO] EstimatorOptions(_VERSION=2, max_execution_time=Unset, environment=EnvironmentOptions(log_level='WARNING', callback=None, job_tags=None, private=False), simulator=SimulatorOptions(noise_model=Unset, seed_simulator=Unset, coupling_map=Unset, basis_gates=Unset), default_precision=Unset, default_shots=None, resilience_level=Unset, seed_estimator=Unset, dynamical_decoupling=DynamicalDecouplingOptions(enable=Unset, sequence_type=Unset, extra_slack_distribution=Unset, scheduling_method=Unset, skip_reset_qubits=Unset), resilience=ResilienceOptionsV2(measure_mitigation=Unset, measure_noise_learning=MeasureNoiseLearningOptions(num_randomizations=Unset, shots_per_randomization=Unset), zne_mitigation=Unset, zne=ZneOptions(amplifier=Unset, noise_factors=Unset, extrapolator=Unset, extrapolated_noise_factors=Unset), pec_mitigation=Unset, pec=PecOptions(max_overhead=Unset, noise_gain=Unset), layer_noise_learning=LayerNoiseLearningOptions(max_layers_to_learn=Unset, shots_per_randomization=Unset, num_randomizations=Unset, layer_pair_depths=Unset), layer_noise_model=Unset), execution=ExecutionOptionsV2(init_qubits=Unset, rep_delay=Unset), twirling=TwirlingOptions(enable_gates=Unset, enable_measure=Unset, num_randomizations=Unset, shots_per_randomization=Unset, strategy=Unset), experimental=Unset)
[2025-08-21 15:58:14,666][INFO] Iteration 1: Energy = 0.33056641
[2025-08-21 15:58:14,701][INFO] Iteration 2: Energy = 0.01367188
[2025-08-21 15:58:14,741][INFO] Iteration 3: Energy = 0.01538086
[2025-08-21 15:58:14,776][INFO] Iteration 4: Energy = 0.00000000
[2025-08-21 15:58:14,802][INFO] Iteration 5: Energy = 0.00000000
[2025-08-21 15:58:14,839][INFO] Iteration 6: Energy = 0.00000000
[2025-08-21 15:58:14,882][INFO] Iteration 7: Energy = 0.00000000
[2025-08-21 15:58:14,914][INFO] Iteration 8: Energy = 0.00000000
[2025-08-21 15:58:14,946][INFO] Iteration 9: Energy = 0.00000000
[2025-08-21 15:58:14,993][INFO] Iteration 10: Energy = 0.00000000
[2025-08-21 15:58:15,030][INFO] Iteration 11: Energy = 0.00000000
[2025-08-21 15:58:15,058][INFO] Iteration 12: Energy = 0.00000000
[2025-08-21 15:58:15,086][INFO] Iteration 13: Energy = 0.00000000
[2025-08-21 15:58:15,120][INFO] Iteration 14: Energy = 0.00000000
[2025-08-21 15:58:15,163][INFO] Iteration 15: Energy = 0.00000000
[2025-08-21 15:58:15,196][INFO] Iteration 16: Energy = 0.00000000
[2025-08-21 15:58:15,230][INFO] Iteration 17: Energy = 0.00000000
[2025-08-21 15:58:15,272][INFO] Iteration 18: Energy = 0.00000000
[2025-08-21 15:58:15,310][INFO] Iteration 19: Energy = 0.00000000
[2025-08-21 15:58:15,335][INFO] Iteration 20: Energy = 0.00000000
[2025-08-21 15:58:15,366][INFO] Iteration 21: Energy = 0.00000000
[2025-08-21 15:58:15,401][INFO] Iteration 22: Energy = 0.00000000
[2025-08-21 15:58:15,431][INFO] Iteration 23: Energy = 0.00000000
[2025-08-21 15:58:15,464][INFO] Iteration 24: Energy = 0.00000000
[2025-08-21 15:58:15,497][INFO] Iteration 25: Energy = 0.00000000
[2025-08-21 15:58:15,528][INFO] Iteration 26: Energy = 0.00000000
[2025-08-21 15:58:15,529][INFO] Completed VQE run 90: Energy = 0.000000
[2025-08-21 15:58:59,707][INFO] Starting VQE run 90 (seed=39834854)
[2025-08-21 16:22:33,034][INFO] Starting VQE run 90 (seed=27561915)
[2025-08-21 16:22:33,034][INFO] EstimatorOptions(_VERSION=2, max_execution_time=Unset, environment=EnvironmentOptions(log_level='WARNING', callback=None, job_tags=None, private=False), simulator=SimulatorOptions(noise_model=Unset, seed_simulator=Unset, coupling_map=Unset, basis_gates=Unset), default_precision=Unset, default_shots=None, resilience_level=2, seed_estimator=Unset, dynamical_decoupling=DynamicalDecouplingOptions(enable=Unset, sequence_type=Unset, extra_slack_distribution=Unset, scheduling_method=Unset, skip_reset_qubits=Unset), resilience=ResilienceOptionsV2(measure_mitigation=Unset, measure_noise_learning=MeasureNoiseLearningOptions(num_randomizations=Unset, shots_per_randomization=Unset), zne_mitigation=Unset, zne=ZneOptions(amplifier=Unset, noise_factors=Unset, extrapolator=Unset, extrapolated_noise_factors=Unset), pec_mitigation=Unset, pec=PecOptions(max_overhead=Unset, noise_gain=Unset), layer_noise_learning=LayerNoiseLearningOptions(max_layers_to_learn=Unset, shots_per_randomization=Unset, num_randomizations=Unset, layer_pair_depths=Unset), layer_noise_model=Unset), execution=ExecutionOptionsV2(init_qubits=Unset, rep_delay=Unset), twirling=TwirlingOptions(enable_gates=Unset, enable_measure=Unset, num_randomizations=Unset, shots_per_randomization=Unset, strategy=Unset), experimental=Unset)
[2025-08-21 16:22:37,507][INFO] Iteration 1: Energy = 0.76196289
[2025-08-21 16:22:42,209][INFO] Iteration 2: Energy = 0.33569336
[2025-08-21 16:22:46,640][INFO] Iteration 3: Energy = 0.32958984
[2025-08-21 16:22:51,143][INFO] Iteration 4: Energy = 0.02685547
[2025-08-21 16:22:55,683][INFO] Iteration 5: Energy = 0.01000977
[2025-08-21 16:23:00,063][INFO] Iteration 6: Energy = 0.00805664
[2025-08-21 16:23:04,389][INFO] Iteration 7: Energy = 0.00952148
[2025-08-21 16:23:08,868][INFO] Iteration 8: Energy = 0.01000977
[2025-08-21 16:23:13,051][INFO] Iteration 9: Energy = 0.00878906
[2025-08-21 16:23:17,095][INFO] Iteration 10: Energy = 0.00732422
[2025-08-21 16:23:21,310][INFO] Iteration 11: Energy = 0.00830078
[2025-08-21 16:23:25,394][INFO] Iteration 12: Energy = 0.00659180
[2025-08-21 16:23:29,826][INFO] Iteration 13: Energy = 0.00878906
[2025-08-21 16:23:34,144][INFO] Iteration 14: Energy = 0.00634766
[2025-08-21 16:23:38,628][INFO] Iteration 15: Energy = 0.00805664
[2025-08-21 16:23:42,683][INFO] Iteration 16: Energy = 0.00683594
[2025-08-21 16:23:46,671][INFO] Iteration 17: Energy = 0.00805664
[2025-08-21 16:23:50,578][INFO] Iteration 18: Energy = 0.00927734
[2025-08-21 16:23:54,225][INFO] Iteration 19: Energy = 0.00756836
[2025-08-21 16:23:58,597][INFO] Iteration 20: Energy = 0.00756836
[2025-08-21 16:24:02,481][INFO] Iteration 21: Energy = 0.00805664
[2025-08-21 16:24:06,568][INFO] Iteration 22: Energy = 0.00659180
[2025-08-21 16:24:10,494][INFO] Iteration 23: Energy = 0.00854492
[2025-08-21 16:24:14,544][INFO] Iteration 24: Energy = 0.00952148
[2025-08-21 16:24:18,756][INFO] Iteration 25: Energy = 0.00756836
[2025-08-21 16:24:22,675][INFO] Iteration 26: Energy = 0.00854492
[2025-08-21 16:24:26,667][INFO] Iteration 27: Energy = 0.00927734
[2025-08-21 16:24:30,938][INFO] Iteration 28: Energy = 0.00708008
[2025-08-21 16:24:35,087][INFO] Iteration 29: Energy = 0.00610352
[2025-08-21 16:24:39,186][INFO] Iteration 30: Energy = 0.00830078
[2025-08-21 16:24:43,164][INFO] Iteration 31: Energy = 0.00610352
[2025-08-21 16:24:47,096][INFO] Iteration 32: Energy = 0.00976562
[2025-08-21 16:24:50,986][INFO] Iteration 33: Energy = 0.00732422
[2025-08-21 16:24:54,532][INFO] Iteration 34: Energy = 0.00634766
[2025-08-21 16:24:58,294][INFO] Iteration 35: Energy = 0.00634766
[2025-08-21 16:25:01,851][INFO] Iteration 36: Energy = 0.00537109
[2025-08-21 16:25:05,349][INFO] Iteration 37: Energy = 0.01000977
[2025-08-21 16:25:09,009][INFO] Iteration 38: Energy = 0.00805664
[2025-08-21 16:25:09,010][INFO] Completed VQE run 90: Energy = 0.005615
