[2025-08-21 15:58:15,561][INFO] Starting VQE run 77 (seed=76161495)
[2025-08-21 15:58:15,561][INFO] EstimatorOptions(_VERSION=2, max_execution_time=Unset, environment=EnvironmentOptions(log_level='WARNING', callback=None, job_tags=None, private=False), simulator=SimulatorOptions(noise_model=Unset, seed_simulator=Unset, coupling_map=Unset, basis_gates=Unset), default_precision=Unset, default_shots=None, resilience_level=Unset, seed_estimator=Unset, dynamical_decoupling=DynamicalDecouplingOptions(enable=Unset, sequence_type=Unset, extra_slack_distribution=Unset, scheduling_method=Unset, skip_reset_qubits=Unset), resilience=ResilienceOptionsV2(measure_mitigation=Unset, measure_noise_learning=MeasureNoiseLearningOptions(num_randomizations=Unset, shots_per_randomization=Unset), zne_mitigation=Unset, zne=ZneOptions(amplifier=Unset, noise_factors=Unset, extrapolator=Unset, extrapolated_noise_factors=Unset), pec_mitigation=Unset, pec=PecOptions(max_overhead=Unset, noise_gain=Unset), layer_noise_learning=LayerNoiseLearningOptions(max_layers_to_learn=Unset, shots_per_randomization=Unset, num_randomizations=Unset, layer_pair_depths=Unset), layer_noise_model=Unset), execution=ExecutionOptionsV2(init_qubits=Unset, rep_delay=Unset), twirling=TwirlingOptions(enable_gates=Unset, enable_measure=Unset, num_randomizations=Unset, shots_per_randomization=Unset, strategy=Unset), experimental=Unset)
[2025-08-21 15:58:15,594][INFO] Iteration 1: Energy = 0.87622070
[2025-08-21 15:58:15,631][INFO] Iteration 2: Energy = 0.46704102
[2025-08-21 15:58:15,675][INFO] Iteration 3: Energy = 0.45556641
[2025-08-21 15:58:15,712][INFO] Iteration 4: Energy = 0.06420898
[2025-08-21 15:58:15,749][INFO] Iteration 5: Energy = 0.00000000
[2025-08-21 15:58:15,783][INFO] Iteration 6: Energy = 0.00000000
[2025-08-21 15:58:15,817][INFO] Iteration 7: Energy = 0.00000000
[2025-08-21 15:58:15,849][INFO] Iteration 8: Energy = 0.00000000
[2025-08-21 15:58:15,879][INFO] Iteration 9: Energy = 0.00000000
[2025-08-21 15:58:15,913][INFO] Iteration 10: Energy = 0.00000000
[2025-08-21 15:58:15,947][INFO] Iteration 11: Energy = 0.00000000
[2025-08-21 15:58:15,979][INFO] Iteration 12: Energy = 0.00000000
[2025-08-21 15:58:16,009][INFO] Iteration 13: Energy = 0.00000000
[2025-08-21 15:58:16,036][INFO] Iteration 14: Energy = 0.00000000
[2025-08-21 15:58:16,069][INFO] Iteration 15: Energy = 0.00000000
[2025-08-21 15:58:16,098][INFO] Iteration 16: Energy = 0.00000000
[2025-08-21 15:58:16,128][INFO] Iteration 17: Energy = 0.00000000
[2025-08-21 15:58:16,161][INFO] Iteration 18: Energy = 0.00000000
[2025-08-21 15:58:16,195][INFO] Iteration 19: Energy = 0.00000000
[2025-08-21 15:58:16,236][INFO] Iteration 20: Energy = 0.00000000
[2025-08-21 15:58:16,273][INFO] Iteration 21: Energy = 0.00000000
[2025-08-21 15:58:16,309][INFO] Iteration 22: Energy = 0.00000000
[2025-08-21 15:58:16,342][INFO] Iteration 23: Energy = 0.00000000
[2025-08-21 15:58:16,380][INFO] Iteration 24: Energy = 0.00000000
[2025-08-21 15:58:16,409][INFO] Iteration 25: Energy = 0.00000000
[2025-08-21 15:58:16,440][INFO] Iteration 26: Energy = 0.00000000
[2025-08-21 15:58:16,476][INFO] Iteration 27: Energy = 0.00000000
[2025-08-21 15:58:16,501][INFO] Iteration 28: Energy = 0.00000000
[2025-08-21 15:58:16,528][INFO] Iteration 29: Energy = 0.00000000
[2025-08-21 15:58:16,528][INFO] Completed VQE run 77: Energy = 0.000000
[2025-08-21 16:21:13,615][INFO] Starting VQE run 77 (seed=114315904)
[2025-08-21 16:21:13,616][INFO] EstimatorOptions(_VERSION=2, max_execution_time=Unset, environment=EnvironmentOptions(log_level='WARNING', callback=None, job_tags=None, private=False), simulator=SimulatorOptions(noise_model=Unset, seed_simulator=Unset, coupling_map=Unset, basis_gates=Unset), default_precision=Unset, default_shots=None, resilience_level=2, seed_estimator=Unset, dynamical_decoupling=DynamicalDecouplingOptions(enable=Unset, sequence_type=Unset, extra_slack_distribution=Unset, scheduling_method=Unset, skip_reset_qubits=Unset), resilience=ResilienceOptionsV2(measure_mitigation=Unset, measure_noise_learning=MeasureNoiseLearningOptions(num_randomizations=Unset, shots_per_randomization=Unset), zne_mitigation=Unset, zne=ZneOptions(amplifier=Unset, noise_factors=Unset, extrapolator=Unset, extrapolated_noise_factors=Unset), pec_mitigation=Unset, pec=PecOptions(max_overhead=Unset, noise_gain=Unset), layer_noise_learning=LayerNoiseLearningOptions(max_layers_to_learn=Unset, shots_per_randomization=Unset, num_randomizations=Unset, layer_pair_depths=Unset), layer_noise_model=Unset), execution=ExecutionOptionsV2(init_qubits=Unset, rep_delay=Unset), twirling=TwirlingOptions(enable_gates=Unset, enable_measure=Unset, num_randomizations=Unset, shots_per_randomization=Unset, strategy=Unset), experimental=Unset)
[2025-08-21 16:21:18,121][INFO] Iteration 1: Energy = 0.21240234
[2025-08-21 16:21:22,564][INFO] Iteration 2: Energy = 0.20971680
[2025-08-21 16:21:26,970][INFO] Iteration 3: Energy = 0.00805664
[2025-08-21 16:21:31,068][INFO] Iteration 4: Energy = 0.00878906
[2025-08-21 16:21:35,259][INFO] Iteration 5: Energy = 0.00756836
[2025-08-21 16:21:39,588][INFO] Iteration 6: Energy = 0.00659180
[2025-08-21 16:21:43,900][INFO] Iteration 7: Energy = 0.00952148
[2025-08-21 16:21:48,617][INFO] Iteration 8: Energy = 0.00927734
[2025-08-21 16:21:53,308][INFO] Iteration 9: Energy = 0.00732422
[2025-08-21 16:21:57,799][INFO] Iteration 10: Energy = 0.00976562
[2025-08-21 16:22:02,335][INFO] Iteration 11: Energy = 0.00781250
[2025-08-21 16:22:06,727][INFO] Iteration 12: Energy = 0.00878906
[2025-08-21 16:22:11,230][INFO] Iteration 13: Energy = 0.00732422
[2025-08-21 16:22:15,701][INFO] Iteration 14: Energy = 0.00781250
[2025-08-21 16:22:20,324][INFO] Iteration 15: Energy = 0.00805664
[2025-08-21 16:22:24,357][INFO] Iteration 16: Energy = 0.00488281
[2025-08-21 16:22:28,653][INFO] Iteration 17: Energy = 0.00781250
[2025-08-21 16:22:32,952][INFO] Iteration 18: Energy = 0.00756836
[2025-08-21 16:22:37,086][INFO] Iteration 19: Energy = 0.00659180
[2025-08-21 16:22:41,648][INFO] Iteration 20: Energy = 0.00683594
[2025-08-21 16:22:46,079][INFO] Iteration 21: Energy = 0.00659180
[2025-08-21 16:22:50,511][INFO] Iteration 22: Energy = 0.00708008
[2025-08-21 16:22:54,844][INFO] Iteration 23: Energy = 0.01000977
[2025-08-21 16:22:59,180][INFO] Iteration 24: Energy = 0.00634766
[2025-08-21 16:23:03,606][INFO] Iteration 25: Energy = 0.00903320
[2025-08-21 16:23:07,822][INFO] Iteration 26: Energy = 0.00537109
[2025-08-21 16:23:12,244][INFO] Iteration 27: Energy = 0.00805664
[2025-08-21 16:23:16,736][INFO] Iteration 28: Energy = 0.00830078
[2025-08-21 16:23:20,960][INFO] Iteration 29: Energy = 0.00976562
[2025-08-21 16:23:25,376][INFO] Iteration 30: Energy = 0.00561523
[2025-08-21 16:23:29,621][INFO] Iteration 31: Energy = 0.01049805
[2025-08-21 16:23:33,685][INFO] Iteration 32: Energy = 0.00781250
[2025-08-21 16:23:33,687][INFO] Completed VQE run 77: Energy = 0.005127
