[2025-08-21 15:58:10,740][INFO] Starting VQE run 35 (seed=96219091)
[2025-08-21 15:58:10,741][INFO] EstimatorOptions(_VERSION=2, max_execution_time=Unset, environment=EnvironmentOptions(log_level='WARNING', callback=None, job_tags=None, private=False), simulator=SimulatorOptions(noise_model=Unset, seed_simulator=Unset, coupling_map=Unset, basis_gates=Unset), default_precision=Unset, default_shots=None, resilience_level=Unset, seed_estimator=Unset, dynamical_decoupling=DynamicalDecouplingOptions(enable=Unset, sequence_type=Unset, extra_slack_distribution=Unset, scheduling_method=Unset, skip_reset_qubits=Unset), resilience=ResilienceOptionsV2(measure_mitigation=Unset, measure_noise_learning=MeasureNoiseLearningOptions(num_randomizations=Unset, shots_per_randomization=Unset), zne_mitigation=Unset, zne=ZneOptions(amplifier=Unset, noise_factors=Unset, extrapolator=Unset, extrapolated_noise_factors=Unset), pec_mitigation=Unset, pec=PecOptions(max_overhead=Unset, noise_gain=Unset), layer_noise_learning=LayerNoiseLearningOptions(max_layers_to_learn=Unset, shots_per_randomization=Unset, num_randomizations=Unset, layer_pair_depths=Unset), layer_noise_model=Unset), execution=ExecutionOptionsV2(init_qubits=Unset, rep_delay=Unset), twirling=TwirlingOptions(enable_gates=Unset, enable_measure=Unset, num_randomizations=Unset, shots_per_randomization=Unset, strategy=Unset), experimental=Unset)
[2025-08-21 15:58:10,775][INFO] Iteration 1: Energy = 0.35083008
[2025-08-21 15:58:10,815][INFO] Iteration 2: Energy = 0.02832031
[2025-08-21 15:58:10,857][INFO] Iteration 3: Energy = 0.02929688
[2025-08-21 15:58:10,888][INFO] Iteration 4: Energy = 0.00000000
[2025-08-21 15:58:10,925][INFO] Iteration 5: Energy = 0.00000000
[2025-08-21 15:58:10,961][INFO] Iteration 6: Energy = 0.00000000
[2025-08-21 15:58:10,993][INFO] Iteration 7: Energy = 0.00000000
[2025-08-21 15:58:11,023][INFO] Iteration 8: Energy = 0.00000000
[2025-08-21 15:58:11,055][INFO] Iteration 9: Energy = 0.00000000
[2025-08-21 15:58:11,098][INFO] Iteration 10: Energy = 0.00000000
[2025-08-21 15:58:11,128][INFO] Iteration 11: Energy = 0.00000000
[2025-08-21 15:58:11,158][INFO] Iteration 12: Energy = 0.00000000
[2025-08-21 15:58:11,198][INFO] Iteration 13: Energy = 0.00000000
[2025-08-21 15:58:11,234][INFO] Iteration 14: Energy = 0.00000000
[2025-08-21 15:58:11,264][INFO] Iteration 15: Energy = 0.00000000
[2025-08-21 15:58:11,297][INFO] Iteration 16: Energy = 0.00000000
[2025-08-21 15:58:11,328][INFO] Iteration 17: Energy = 0.00000000
[2025-08-21 15:58:11,373][INFO] Iteration 18: Energy = 0.00000000
[2025-08-21 15:58:11,406][INFO] Iteration 19: Energy = 0.00000000
[2025-08-21 15:58:11,433][INFO] Iteration 20: Energy = 0.00000000
[2025-08-21 15:58:11,471][INFO] Iteration 21: Energy = 0.00000000
[2025-08-21 15:58:11,511][INFO] Iteration 22: Energy = 0.00000000
[2025-08-21 15:58:11,534][INFO] Iteration 23: Energy = 0.00000000
[2025-08-21 15:58:11,571][INFO] Iteration 24: Energy = 0.00000000
[2025-08-21 15:58:11,615][INFO] Iteration 25: Energy = 0.00000000
[2025-08-21 15:58:11,650][INFO] Iteration 26: Energy = 0.00000000
[2025-08-21 15:58:11,683][INFO] Iteration 27: Energy = 0.00000000
[2025-08-21 15:58:11,716][INFO] Iteration 28: Energy = 0.00000000
[2025-08-21 15:58:11,758][INFO] Iteration 29: Energy = 0.00000000
[2025-08-21 15:58:11,759][INFO] Completed VQE run 35: Energy = 0.000000
[2025-08-21 16:12:26,474][INFO] Starting VQE run 35 (seed=84788527)
[2025-08-21 16:12:26,474][INFO] EstimatorOptions(_VERSION=2, max_execution_time=Unset, environment=EnvironmentOptions(log_level='WARNING', callback=None, job_tags=None, private=False), simulator=SimulatorOptions(noise_model=Unset, seed_simulator=Unset, coupling_map=Unset, basis_gates=Unset), default_precision=Unset, default_shots=None, resilience_level=2, seed_estimator=Unset, dynamical_decoupling=DynamicalDecouplingOptions(enable=Unset, sequence_type=Unset, extra_slack_distribution=Unset, scheduling_method=Unset, skip_reset_qubits=Unset), resilience=ResilienceOptionsV2(measure_mitigation=Unset, measure_noise_learning=MeasureNoiseLearningOptions(num_randomizations=Unset, shots_per_randomization=Unset), zne_mitigation=Unset, zne=ZneOptions(amplifier=Unset, noise_factors=Unset, extrapolator=Unset, extrapolated_noise_factors=Unset), pec_mitigation=Unset, pec=PecOptions(max_overhead=Unset, noise_gain=Unset), layer_noise_learning=LayerNoiseLearningOptions(max_layers_to_learn=Unset, shots_per_randomization=Unset, num_randomizations=Unset, layer_pair_depths=Unset), layer_noise_model=Unset), execution=ExecutionOptionsV2(init_qubits=Unset, rep_delay=Unset), twirling=TwirlingOptions(enable_gates=Unset, enable_measure=Unset, num_randomizations=Unset, shots_per_randomization=Unset, strategy=Unset), experimental=Unset)
[2025-08-21 16:12:31,047][INFO] Iteration 1: Energy = 0.76220703
[2025-08-21 16:12:35,471][INFO] Iteration 2: Energy = 0.73901367
[2025-08-21 16:12:39,997][INFO] Iteration 3: Energy = 0.30908203
[2025-08-21 16:12:44,240][INFO] Iteration 4: Energy = 0.02246094
[2025-08-21 16:12:48,727][INFO] Iteration 5: Energy = 0.00585938
[2025-08-21 16:12:52,992][INFO] Iteration 6: Energy = 0.00512695
[2025-08-21 16:12:57,312][INFO] Iteration 7: Energy = 0.00830078
[2025-08-21 16:13:01,892][INFO] Iteration 8: Energy = 0.00927734
[2025-08-21 16:13:06,514][INFO] Iteration 9: Energy = 0.00512695
[2025-08-21 16:13:11,008][INFO] Iteration 10: Energy = 0.00854492
[2025-08-21 16:13:15,614][INFO] Iteration 11: Energy = 0.00805664
[2025-08-21 16:13:20,010][INFO] Iteration 12: Energy = 0.00537109
[2025-08-21 16:13:24,436][INFO] Iteration 13: Energy = 0.00927734
[2025-08-21 16:13:28,611][INFO] Iteration 14: Energy = 0.00708008
[2025-08-21 16:13:33,076][INFO] Iteration 15: Energy = 0.01000977
[2025-08-21 16:13:37,587][INFO] Iteration 16: Energy = 0.00781250
[2025-08-21 16:13:41,979][INFO] Iteration 17: Energy = 0.00903320
[2025-08-21 16:13:46,386][INFO] Iteration 18: Energy = 0.00781250
[2025-08-21 16:13:50,679][INFO] Iteration 19: Energy = 0.00561523
[2025-08-21 16:13:54,980][INFO] Iteration 20: Energy = 0.00488281
[2025-08-21 16:13:59,259][INFO] Iteration 21: Energy = 0.00732422
[2025-08-21 16:14:03,379][INFO] Iteration 22: Energy = 0.01171875
[2025-08-21 16:14:07,821][INFO] Iteration 23: Energy = 0.00659180
[2025-08-21 16:14:12,304][INFO] Iteration 24: Energy = 0.00781250
[2025-08-21 16:14:16,853][INFO] Iteration 25: Energy = 0.00708008
[2025-08-21 16:14:21,191][INFO] Iteration 26: Energy = 0.00659180
[2025-08-21 16:14:25,404][INFO] Iteration 27: Energy = 0.00732422
[2025-08-21 16:14:29,706][INFO] Iteration 28: Energy = 0.01025391
[2025-08-21 16:14:33,998][INFO] Iteration 29: Energy = 0.00756836
[2025-08-21 16:14:38,477][INFO] Iteration 30: Energy = 0.00634766
[2025-08-21 16:14:43,147][INFO] Iteration 31: Energy = 0.00854492
[2025-08-21 16:14:47,401][INFO] Iteration 32: Energy = 0.00732422
[2025-08-21 16:14:51,710][INFO] Iteration 33: Energy = 0.00683594
[2025-08-21 16:14:55,894][INFO] Iteration 34: Energy = 0.01049805
[2025-08-21 16:15:00,363][INFO] Iteration 35: Energy = 0.00805664
[2025-08-21 16:15:04,814][INFO] Iteration 36: Energy = 0.00952148
[2025-08-21 16:15:04,815][INFO] Completed VQE run 35: Energy = 0.005127
