[2025-08-21 15:58:14,059][INFO] Starting VQE run 87 (seed=76883103)
[2025-08-21 15:58:14,060][INFO] EstimatorOptions(_VERSION=2, max_execution_time=Unset, environment=EnvironmentOptions(log_level='WARNING', callback=None, job_tags=None, private=False), simulator=SimulatorOptions(noise_model=Unset, seed_simulator=Unset, coupling_map=Unset, basis_gates=Unset), default_precision=Unset, default_shots=None, resilience_level=Unset, seed_estimator=Unset, dynamical_decoupling=DynamicalDecouplingOptions(enable=Unset, sequence_type=Unset, extra_slack_distribution=Unset, scheduling_method=Unset, skip_reset_qubits=Unset), resilience=ResilienceOptionsV2(measure_mitigation=Unset, measure_noise_learning=MeasureNoiseLearningOptions(num_randomizations=Unset, shots_per_randomization=Unset), zne_mitigation=Unset, zne=ZneOptions(amplifier=Unset, noise_factors=Unset, extrapolator=Unset, extrapolated_noise_factors=Unset), pec_mitigation=Unset, pec=PecOptions(max_overhead=Unset, noise_gain=Unset), layer_noise_learning=LayerNoiseLearningOptions(max_layers_to_learn=Unset, shots_per_randomization=Unset, num_randomizations=Unset, layer_pair_depths=Unset), layer_noise_model=Unset), execution=ExecutionOptionsV2(init_qubits=Unset, rep_delay=Unset), twirling=TwirlingOptions(enable_gates=Unset, enable_measure=Unset, num_randomizations=Unset, shots_per_randomization=Unset, strategy=Unset), experimental=Unset)
[2025-08-21 15:58:14,097][INFO] Iteration 1: Energy = 0.47753906
[2025-08-21 15:58:14,129][INFO] Iteration 2: Energy = 0.48217773
[2025-08-21 15:58:14,158][INFO] Iteration 3: Energy = 0.09326172
[2025-08-21 15:58:14,187][INFO] Iteration 4: Energy = 0.00000000
[2025-08-21 15:58:14,229][INFO] Iteration 5: Energy = 0.00000000
[2025-08-21 15:58:14,267][INFO] Iteration 6: Energy = 0.00000000
[2025-08-21 15:58:14,300][INFO] Iteration 7: Energy = 0.00000000
[2025-08-21 15:58:14,329][INFO] Iteration 8: Energy = 0.00000000
[2025-08-21 15:58:14,362][INFO] Iteration 9: Energy = 0.00000000
[2025-08-21 15:58:14,401][INFO] Iteration 10: Energy = 0.00000000
[2025-08-21 15:58:14,429][INFO] Iteration 11: Energy = 0.00000000
[2025-08-21 15:58:14,455][INFO] Iteration 12: Energy = 0.00000000
[2025-08-21 15:58:14,487][INFO] Iteration 13: Energy = 0.00000000
[2025-08-21 15:58:14,535][INFO] Iteration 14: Energy = 0.00000000
[2025-08-21 15:58:14,562][INFO] Iteration 15: Energy = 0.00000000
[2025-08-21 15:58:14,596][INFO] Iteration 16: Energy = 0.00000000
[2025-08-21 15:58:14,641][INFO] Iteration 17: Energy = 0.00000000
[2025-08-21 15:58:14,675][INFO] Iteration 18: Energy = 0.00000000
[2025-08-21 15:58:14,703][INFO] Iteration 19: Energy = 0.00000000
[2025-08-21 15:58:14,731][INFO] Iteration 20: Energy = 0.00000000
[2025-08-21 15:58:14,771][INFO] Iteration 21: Energy = 0.00000000
[2025-08-21 15:58:14,811][INFO] Iteration 22: Energy = 0.00000000
[2025-08-21 15:58:14,838][INFO] Iteration 23: Energy = 0.00000000
[2025-08-21 15:58:14,865][INFO] Iteration 24: Energy = 0.00000000
[2025-08-21 15:58:14,907][INFO] Iteration 25: Energy = 0.00000000
[2025-08-21 15:58:14,944][INFO] Iteration 26: Energy = 0.00000000
[2025-08-21 15:58:14,977][INFO] Iteration 27: Energy = 0.00000000
[2025-08-21 15:58:14,978][INFO] Completed VQE run 87: Energy = 0.000000
[2025-08-21 15:58:59,700][INFO] Starting VQE run 87 (seed=99367201)
[2025-08-21 16:17:35,272][INFO] Starting VQE run 87 (seed=73417202)
[2025-08-21 16:17:35,272][INFO] EstimatorOptions(_VERSION=2, max_execution_time=Unset, environment=EnvironmentOptions(log_level='WARNING', callback=None, job_tags=None, private=False), simulator=SimulatorOptions(noise_model=Unset, seed_simulator=Unset, coupling_map=Unset, basis_gates=Unset), default_precision=Unset, default_shots=None, resilience_level=2, seed_estimator=Unset, dynamical_decoupling=DynamicalDecouplingOptions(enable=Unset, sequence_type=Unset, extra_slack_distribution=Unset, scheduling_method=Unset, skip_reset_qubits=Unset), resilience=ResilienceOptionsV2(measure_mitigation=Unset, measure_noise_learning=MeasureNoiseLearningOptions(num_randomizations=Unset, shots_per_randomization=Unset), zne_mitigation=Unset, zne=ZneOptions(amplifier=Unset, noise_factors=Unset, extrapolator=Unset, extrapolated_noise_factors=Unset), pec_mitigation=Unset, pec=PecOptions(max_overhead=Unset, noise_gain=Unset), layer_noise_learning=LayerNoiseLearningOptions(max_layers_to_learn=Unset, shots_per_randomization=Unset, num_randomizations=Unset, layer_pair_depths=Unset), layer_noise_model=Unset), execution=ExecutionOptionsV2(init_qubits=Unset, rep_delay=Unset), twirling=TwirlingOptions(enable_gates=Unset, enable_measure=Unset, num_randomizations=Unset, shots_per_randomization=Unset, strategy=Unset), experimental=Unset)
[2025-08-21 16:17:39,916][INFO] Iteration 1: Energy = 0.96972656
[2025-08-21 16:17:44,622][INFO] Iteration 2: Energy = 0.89599609
[2025-08-21 16:17:49,060][INFO] Iteration 3: Energy = 0.67968750
[2025-08-21 16:17:53,350][INFO] Iteration 4: Energy = 0.21655273
[2025-08-21 16:17:57,878][INFO] Iteration 5: Energy = 0.00659180
[2025-08-21 16:18:02,435][INFO] Iteration 6: Energy = 0.00561523
[2025-08-21 16:18:07,081][INFO] Iteration 7: Energy = 0.00781250
[2025-08-21 16:18:11,623][INFO] Iteration 8: Energy = 0.00781250
[2025-08-21 16:18:16,064][INFO] Iteration 9: Energy = 0.00756836
[2025-08-21 16:18:20,426][INFO] Iteration 10: Energy = 0.00634766
[2025-08-21 16:18:24,914][INFO] Iteration 11: Energy = 0.00952148
[2025-08-21 16:18:29,429][INFO] Iteration 12: Energy = 0.00976562
[2025-08-21 16:18:33,793][INFO] Iteration 13: Energy = 0.00830078
[2025-08-21 16:18:38,392][INFO] Iteration 14: Energy = 0.00830078
[2025-08-21 16:18:42,984][INFO] Iteration 15: Energy = 0.00537109
[2025-08-21 16:18:47,573][INFO] Iteration 16: Energy = 0.00830078
[2025-08-21 16:18:51,997][INFO] Iteration 17: Energy = 0.00854492
[2025-08-21 16:18:56,516][INFO] Iteration 18: Energy = 0.00805664
[2025-08-21 16:19:01,114][INFO] Iteration 19: Energy = 0.00708008
[2025-08-21 16:19:05,784][INFO] Iteration 20: Energy = 0.00781250
[2025-08-21 16:19:10,334][INFO] Iteration 21: Energy = 0.00683594
[2025-08-21 16:19:14,950][INFO] Iteration 22: Energy = 0.01025391
[2025-08-21 16:19:19,572][INFO] Iteration 23: Energy = 0.00512695
[2025-08-21 16:19:24,294][INFO] Iteration 24: Energy = 0.00805664
[2025-08-21 16:19:28,866][INFO] Iteration 25: Energy = 0.00903320
[2025-08-21 16:19:33,322][INFO] Iteration 26: Energy = 0.00830078
[2025-08-21 16:19:37,692][INFO] Iteration 27: Energy = 0.00805664
[2025-08-21 16:19:42,224][INFO] Iteration 28: Energy = 0.00683594
[2025-08-21 16:19:46,767][INFO] Iteration 29: Energy = 0.00927734
[2025-08-21 16:19:51,283][INFO] Iteration 30: Energy = 0.00585938
[2025-08-21 16:19:55,949][INFO] Iteration 31: Energy = 0.00878906
[2025-08-21 16:20:00,602][INFO] Iteration 32: Energy = 0.00903320
[2025-08-21 16:20:05,031][INFO] Iteration 33: Energy = 0.00976562
[2025-08-21 16:20:09,435][INFO] Iteration 34: Energy = 0.00927734
[2025-08-21 16:20:13,818][INFO] Iteration 35: Energy = 0.00610352
[2025-08-21 16:20:13,819][INFO] Completed VQE run 87: Energy = 0.005615
