[2025-08-21 15:58:10,036][INFO] Starting VQE run 17 (seed=76013995)
[2025-08-21 15:58:10,036][INFO] EstimatorOptions(_VERSION=2, max_execution_time=Unset, environment=EnvironmentOptions(log_level='WARNING', callback=None, job_tags=None, private=False), simulator=SimulatorOptions(noise_model=Unset, seed_simulator=Unset, coupling_map=Unset, basis_gates=Unset), default_precision=Unset, default_shots=None, resilience_level=Unset, seed_estimator=Unset, dynamical_decoupling=DynamicalDecouplingOptions(enable=Unset, sequence_type=Unset, extra_slack_distribution=Unset, scheduling_method=Unset, skip_reset_qubits=Unset), resilience=ResilienceOptionsV2(measure_mitigation=Unset, measure_noise_learning=MeasureNoiseLearningOptions(num_randomizations=Unset, shots_per_randomization=Unset), zne_mitigation=Unset, zne=ZneOptions(amplifier=Unset, noise_factors=Unset, extrapolator=Unset, extrapolated_noise_factors=Unset), pec_mitigation=Unset, pec=PecOptions(max_overhead=Unset, noise_gain=Unset), layer_noise_learning=LayerNoiseLearningOptions(max_layers_to_learn=Unset, shots_per_randomization=Unset, num_randomizations=Unset, layer_pair_depths=Unset), layer_noise_model=Unset), execution=ExecutionOptionsV2(init_qubits=Unset, rep_delay=Unset), twirling=TwirlingOptions(enable_gates=Unset, enable_measure=Unset, num_randomizations=Unset, shots_per_randomization=Unset, strategy=Unset), experimental=Unset)
[2025-08-21 15:58:10,072][INFO] Iteration 1: Energy = 0.85351562
[2025-08-21 15:58:10,106][INFO] Iteration 2: Energy = 0.42822266
[2025-08-21 15:58:10,132][INFO] Iteration 3: Energy = 0.41943359
[2025-08-21 15:58:10,172][INFO] Iteration 4: Energy = 0.05688477
[2025-08-21 15:58:10,200][INFO] Iteration 5: Energy = 0.00000000
[2025-08-21 15:58:10,237][INFO] Iteration 6: Energy = 0.00000000
[2025-08-21 15:58:10,271][INFO] Iteration 7: Energy = 0.00000000
[2025-08-21 15:58:10,304][INFO] Iteration 8: Energy = 0.00000000
[2025-08-21 15:58:10,332][INFO] Iteration 9: Energy = 0.00000000
[2025-08-21 15:58:10,364][INFO] Iteration 10: Energy = 0.00000000
[2025-08-21 15:58:10,401][INFO] Iteration 11: Energy = 0.00000000
[2025-08-21 15:58:10,441][INFO] Iteration 12: Energy = 0.00000000
[2025-08-21 15:58:10,480][INFO] Iteration 13: Energy = 0.00000000
[2025-08-21 15:58:10,511][INFO] Iteration 14: Energy = 0.00000000
[2025-08-21 15:58:10,545][INFO] Iteration 15: Energy = 0.00000000
[2025-08-21 15:58:10,581][INFO] Iteration 16: Energy = 0.00000000
[2025-08-21 15:58:10,617][INFO] Iteration 17: Energy = 0.00000000
[2025-08-21 15:58:10,648][INFO] Iteration 18: Energy = 0.00000000
[2025-08-21 15:58:10,688][INFO] Iteration 19: Energy = 0.00000000
[2025-08-21 15:58:10,724][INFO] Iteration 20: Energy = 0.00000000
[2025-08-21 15:58:10,754][INFO] Iteration 21: Energy = 0.00000000
[2025-08-21 15:58:10,788][INFO] Iteration 22: Energy = 0.00000000
[2025-08-21 15:58:10,832][INFO] Iteration 23: Energy = 0.00000000
[2025-08-21 15:58:10,872][INFO] Iteration 24: Energy = 0.00000000
[2025-08-21 15:58:10,898][INFO] Iteration 25: Energy = 0.00000000
[2025-08-21 15:58:10,932][INFO] Iteration 26: Energy = 0.00000000
[2025-08-21 15:58:10,971][INFO] Iteration 27: Energy = 0.00000000
[2025-08-21 15:58:10,972][INFO] Completed VQE run 17: Energy = 0.000000
[2025-08-21 16:04:32,695][INFO] Starting VQE run 17 (seed=68544874)
[2025-08-21 16:04:32,695][INFO] EstimatorOptions(_VERSION=2, max_execution_time=Unset, environment=EnvironmentOptions(log_level='WARNING', callback=None, job_tags=None, private=False), simulator=SimulatorOptions(noise_model=Unset, seed_simulator=Unset, coupling_map=Unset, basis_gates=Unset), default_precision=Unset, default_shots=None, resilience_level=2, seed_estimator=Unset, dynamical_decoupling=DynamicalDecouplingOptions(enable=Unset, sequence_type=Unset, extra_slack_distribution=Unset, scheduling_method=Unset, skip_reset_qubits=Unset), resilience=ResilienceOptionsV2(measure_mitigation=Unset, measure_noise_learning=MeasureNoiseLearningOptions(num_randomizations=Unset, shots_per_randomization=Unset), zne_mitigation=Unset, zne=ZneOptions(amplifier=Unset, noise_factors=Unset, extrapolator=Unset, extrapolated_noise_factors=Unset), pec_mitigation=Unset, pec=PecOptions(max_overhead=Unset, noise_gain=Unset), layer_noise_learning=LayerNoiseLearningOptions(max_layers_to_learn=Unset, shots_per_randomization=Unset, num_randomizations=Unset, layer_pair_depths=Unset), layer_noise_model=Unset), execution=ExecutionOptionsV2(init_qubits=Unset, rep_delay=Unset), twirling=TwirlingOptions(enable_gates=Unset, enable_measure=Unset, num_randomizations=Unset, shots_per_randomization=Unset, strategy=Unset), experimental=Unset)
[2025-08-21 16:04:37,024][INFO] Iteration 1: Energy = 0.00708008
[2025-08-21 16:04:41,311][INFO] Iteration 2: Energy = 0.00561523
[2025-08-21 16:04:45,482][INFO] Iteration 3: Energy = 0.00732422
[2025-08-21 16:04:49,599][INFO] Iteration 4: Energy = 0.00537109
[2025-08-21 16:04:53,701][INFO] Iteration 5: Energy = 0.00927734
[2025-08-21 16:04:57,780][INFO] Iteration 6: Energy = 0.00781250
[2025-08-21 16:05:02,028][INFO] Iteration 7: Energy = 0.00537109
[2025-08-21 16:05:06,508][INFO] Iteration 8: Energy = 0.00683594
[2025-08-21 16:05:10,531][INFO] Iteration 9: Energy = 0.00732422
[2025-08-21 16:05:14,935][INFO] Iteration 10: Energy = 0.00878906
[2025-08-21 16:05:19,256][INFO] Iteration 11: Energy = 0.00756836
[2025-08-21 16:05:23,619][INFO] Iteration 12: Energy = 0.00878906
[2025-08-21 16:05:28,343][INFO] Iteration 13: Energy = 0.00732422
[2025-08-21 16:05:32,988][INFO] Iteration 14: Energy = 0.00903320
[2025-08-21 16:05:37,527][INFO] Iteration 15: Energy = 0.00732422
[2025-08-21 16:05:41,848][INFO] Iteration 16: Energy = 0.00830078
[2025-08-21 16:05:46,136][INFO] Iteration 17: Energy = 0.00683594
[2025-08-21 16:05:50,458][INFO] Iteration 18: Energy = 0.00805664
[2025-08-21 16:05:54,900][INFO] Iteration 19: Energy = 0.00805664
[2025-08-21 16:05:59,597][INFO] Iteration 20: Energy = 0.00634766
[2025-08-21 16:06:03,587][INFO] Iteration 21: Energy = 0.00732422
[2025-08-21 16:06:07,997][INFO] Iteration 22: Energy = 0.00585938
[2025-08-21 16:06:12,470][INFO] Iteration 23: Energy = 0.00634766
[2025-08-21 16:06:16,858][INFO] Iteration 24: Energy = 0.00976562
[2025-08-21 16:06:21,646][INFO] Iteration 25: Energy = 0.00830078
[2025-08-21 16:06:26,355][INFO] Iteration 26: Energy = 0.00659180
[2025-08-21 16:06:30,929][INFO] Iteration 27: Energy = 0.00756836
[2025-08-21 16:06:35,544][INFO] Iteration 28: Energy = 0.00927734
[2025-08-21 16:06:35,546][INFO] Completed VQE run 17: Energy = 0.006104
