[2025-08-21 15:58:05,449][INFO] Starting VQE run 12 (seed=73495805)
[2025-08-21 15:58:05,449][INFO] EstimatorOptions(_VERSION=2, max_execution_time=Unset, environment=EnvironmentOptions(log_level='WARNING', callback=None, job_tags=None, private=False), simulator=SimulatorOptions(noise_model=Unset, seed_simulator=Unset, coupling_map=Unset, basis_gates=Unset), default_precision=Unset, default_shots=None, resilience_level=Unset, seed_estimator=Unset, dynamical_decoupling=DynamicalDecouplingOptions(enable=Unset, sequence_type=Unset, extra_slack_distribution=Unset, scheduling_method=Unset, skip_reset_qubits=Unset), resilience=ResilienceOptionsV2(measure_mitigation=Unset, measure_noise_learning=MeasureNoiseLearningOptions(num_randomizations=Unset, shots_per_randomization=Unset), zne_mitigation=Unset, zne=ZneOptions(amplifier=Unset, noise_factors=Unset, extrapolator=Unset, extrapolated_noise_factors=Unset), pec_mitigation=Unset, pec=PecOptions(max_overhead=Unset, noise_gain=Unset), layer_noise_learning=LayerNoiseLearningOptions(max_layers_to_learn=Unset, shots_per_randomization=Unset, num_randomizations=Unset, layer_pair_depths=Unset), layer_noise_model=Unset), execution=ExecutionOptionsV2(init_qubits=Unset, rep_delay=Unset), twirling=TwirlingOptions(enable_gates=Unset, enable_measure=Unset, num_randomizations=Unset, shots_per_randomization=Unset, strategy=Unset), experimental=Unset)
[2025-08-21 15:58:05,577][INFO] Iteration 1: Energy = 1.00000000
[2025-08-21 15:58:05,733][INFO] Iteration 2: Energy = 0.81176758
[2025-08-21 15:58:05,878][INFO] Iteration 3: Energy = 0.77026367
[2025-08-21 15:58:05,956][INFO] Iteration 4: Energy = 0.34008789
[2025-08-21 15:58:06,061][INFO] Iteration 5: Energy = 0.00000000
[2025-08-21 15:58:06,207][INFO] Iteration 6: Energy = 0.00000000
[2025-08-21 15:58:06,350][INFO] Iteration 7: Energy = 0.00000000
[2025-08-21 15:58:06,432][INFO] Iteration 8: Energy = 0.00000000
[2025-08-21 15:58:06,530][INFO] Iteration 9: Energy = 0.00000000
[2025-08-21 15:58:06,666][INFO] Iteration 10: Energy = 0.00000000
[2025-08-21 15:58:06,795][INFO] Iteration 11: Energy = 0.00000000
[2025-08-21 15:58:06,934][INFO] Iteration 12: Energy = 0.00000000
[2025-08-21 15:58:07,028][INFO] Iteration 13: Energy = 0.00000000
[2025-08-21 15:58:07,159][INFO] Iteration 14: Energy = 0.00000000
[2025-08-21 15:58:07,296][INFO] Iteration 15: Energy = 0.00000000
[2025-08-21 15:58:07,378][INFO] Iteration 16: Energy = 0.00000000
[2025-08-21 15:58:07,458][INFO] Iteration 17: Energy = 0.00000000
[2025-08-21 15:58:07,539][INFO] Iteration 18: Energy = 0.00000000
[2025-08-21 15:58:07,652][INFO] Iteration 19: Energy = 0.00000000
[2025-08-21 15:58:07,735][INFO] Iteration 20: Energy = 0.00000000
[2025-08-21 15:58:07,795][INFO] Iteration 21: Energy = 0.00000000
[2025-08-21 15:58:07,856][INFO] Iteration 22: Energy = 0.00000000
[2025-08-21 15:58:07,900][INFO] Iteration 23: Energy = 0.00000000
[2025-08-21 15:58:07,935][INFO] Iteration 24: Energy = 0.00000000
[2025-08-21 15:58:07,963][INFO] Iteration 25: Energy = 0.00000000
[2025-08-21 15:58:07,994][INFO] Iteration 26: Energy = 0.00000000
[2025-08-21 15:58:08,027][INFO] Iteration 27: Energy = 0.00000000
[2025-08-21 15:58:08,058][INFO] Iteration 28: Energy = 0.00000000
[2025-08-21 15:58:08,059][INFO] Completed VQE run 12: Energy = 0.000000
[2025-08-21 15:58:59,500][INFO] Starting VQE run 12 (seed=99367201)
[2025-08-21 15:59:51,903][INFO] Starting VQE run 12 (seed=76851)
[2025-08-21 15:59:51,903][INFO] EstimatorOptions(_VERSION=2, max_execution_time=Unset, environment=EnvironmentOptions(log_level='WARNING', callback=None, job_tags=None, private=False), simulator=SimulatorOptions(noise_model=Unset, seed_simulator=Unset, coupling_map=Unset, basis_gates=Unset), default_precision=Unset, default_shots=None, resilience_level=2, seed_estimator=Unset, dynamical_decoupling=DynamicalDecouplingOptions(enable=Unset, sequence_type=Unset, extra_slack_distribution=Unset, scheduling_method=Unset, skip_reset_qubits=Unset), resilience=ResilienceOptionsV2(measure_mitigation=Unset, measure_noise_learning=MeasureNoiseLearningOptions(num_randomizations=Unset, shots_per_randomization=Unset), zne_mitigation=Unset, zne=ZneOptions(amplifier=Unset, noise_factors=Unset, extrapolator=Unset, extrapolated_noise_factors=Unset), pec_mitigation=Unset, pec=PecOptions(max_overhead=Unset, noise_gain=Unset), layer_noise_learning=LayerNoiseLearningOptions(max_layers_to_learn=Unset, shots_per_randomization=Unset, num_randomizations=Unset, layer_pair_depths=Unset), layer_noise_model=Unset), execution=ExecutionOptionsV2(init_qubits=Unset, rep_delay=Unset), twirling=TwirlingOptions(enable_gates=Unset, enable_measure=Unset, num_randomizations=Unset, shots_per_randomization=Unset, strategy=Unset), experimental=Unset)
[2025-08-21 15:59:55,838][INFO] Iteration 1: Energy = 0.22412109
[2025-08-21 15:59:59,878][INFO] Iteration 2: Energy = 0.23828125
[2025-08-21 16:00:04,216][INFO] Iteration 3: Energy = 0.00805664
[2025-08-21 16:00:08,432][INFO] Iteration 4: Energy = 0.00708008
[2025-08-21 16:00:12,865][INFO] Iteration 5: Energy = 0.00805664
[2025-08-21 16:00:17,301][INFO] Iteration 6: Energy = 0.00805664
[2025-08-21 16:00:21,596][INFO] Iteration 7: Energy = 0.00732422
[2025-08-21 16:00:26,167][INFO] Iteration 8: Energy = 0.00634766
[2025-08-21 16:00:30,527][INFO] Iteration 9: Energy = 0.00976562
[2025-08-21 16:00:34,974][INFO] Iteration 10: Energy = 0.00585938
[2025-08-21 16:00:39,187][INFO] Iteration 11: Energy = 0.00756836
[2025-08-21 16:00:43,523][INFO] Iteration 12: Energy = 0.00732422
[2025-08-21 16:00:47,806][INFO] Iteration 13: Energy = 0.00927734
[2025-08-21 16:00:52,045][INFO] Iteration 14: Energy = 0.01123047
[2025-08-21 16:00:56,699][INFO] Iteration 15: Energy = 0.00708008
[2025-08-21 16:01:00,700][INFO] Iteration 16: Energy = 0.00830078
[2025-08-21 16:01:05,104][INFO] Iteration 17: Energy = 0.00756836
[2025-08-21 16:01:09,501][INFO] Iteration 18: Energy = 0.01147461
[2025-08-21 16:01:13,619][INFO] Iteration 19: Energy = 0.00585938
[2025-08-21 16:01:18,058][INFO] Iteration 20: Energy = 0.00781250
[2025-08-21 16:01:22,269][INFO] Iteration 21: Energy = 0.00976562
[2025-08-21 16:01:26,516][INFO] Iteration 22: Energy = 0.00610352
[2025-08-21 16:01:30,638][INFO] Iteration 23: Energy = 0.00878906
[2025-08-21 16:01:34,861][INFO] Iteration 24: Energy = 0.00830078
[2025-08-21 16:01:39,069][INFO] Iteration 25: Energy = 0.00952148
[2025-08-21 16:01:43,106][INFO] Iteration 26: Energy = 0.00756836
[2025-08-21 16:01:47,541][INFO] Iteration 27: Energy = 0.00585938
[2025-08-21 16:01:51,304][INFO] Iteration 28: Energy = 0.00537109
[2025-08-21 16:01:55,376][INFO] Iteration 29: Energy = 0.00659180
[2025-08-21 16:01:59,479][INFO] Iteration 30: Energy = 0.00781250
[2025-08-21 16:02:03,583][INFO] Iteration 31: Energy = 0.00732422
[2025-08-21 16:02:07,852][INFO] Iteration 32: Energy = 0.00805664
[2025-08-21 16:02:12,058][INFO] Iteration 33: Energy = 0.00561523
[2025-08-21 16:02:16,361][INFO] Iteration 34: Energy = 0.00976562
[2025-08-21 16:02:20,434][INFO] Iteration 35: Energy = 0.00683594
[2025-08-21 16:02:20,436][INFO] Completed VQE run 12: Energy = 0.006104
