[2025-08-21 15:58:13,824][INFO] Starting VQE run 73 (seed=73589821)
[2025-08-21 15:58:13,824][INFO] EstimatorOptions(_VERSION=2, max_execution_time=Unset, environment=EnvironmentOptions(log_level='WARNING', callback=None, job_tags=None, private=False), simulator=SimulatorOptions(noise_model=Unset, seed_simulator=Unset, coupling_map=Unset, basis_gates=Unset), default_precision=Unset, default_shots=None, resilience_level=Unset, seed_estimator=Unset, dynamical_decoupling=DynamicalDecouplingOptions(enable=Unset, sequence_type=Unset, extra_slack_distribution=Unset, scheduling_method=Unset, skip_reset_qubits=Unset), resilience=ResilienceOptionsV2(measure_mitigation=Unset, measure_noise_learning=MeasureNoiseLearningOptions(num_randomizations=Unset, shots_per_randomization=Unset), zne_mitigation=Unset, zne=ZneOptions(amplifier=Unset, noise_factors=Unset, extrapolator=Unset, extrapolated_noise_factors=Unset), pec_mitigation=Unset, pec=PecOptions(max_overhead=Unset, noise_gain=Unset), layer_noise_learning=LayerNoiseLearningOptions(max_layers_to_learn=Unset, shots_per_randomization=Unset, num_randomizations=Unset, layer_pair_depths=Unset), layer_noise_model=Unset), execution=ExecutionOptionsV2(init_qubits=Unset, rep_delay=Unset), twirling=TwirlingOptions(enable_gates=Unset, enable_measure=Unset, num_randomizations=Unset, shots_per_randomization=Unset, strategy=Unset), experimental=Unset)
[2025-08-21 15:58:13,862][INFO] Iteration 1: Energy = 0.92993164
[2025-08-21 15:58:13,895][INFO] Iteration 2: Energy = 0.92333984
[2025-08-21 15:58:13,918][INFO] Iteration 3: Energy = 0.53515625
[2025-08-21 15:58:13,949][INFO] Iteration 4: Energy = 0.11669922
[2025-08-21 15:58:13,991][INFO] Iteration 5: Energy = 0.00000000
[2025-08-21 15:58:14,024][INFO] Iteration 6: Energy = 0.00000000
[2025-08-21 15:58:14,058][INFO] Iteration 7: Energy = 0.00000000
[2025-08-21 15:58:14,086][INFO] Iteration 8: Energy = 0.00000000
[2025-08-21 15:58:14,120][INFO] Iteration 9: Energy = 0.00000000
[2025-08-21 15:58:14,158][INFO] Iteration 10: Energy = 0.00000000
[2025-08-21 15:58:14,186][INFO] Iteration 11: Energy = 0.00000000
[2025-08-21 15:58:14,226][INFO] Iteration 12: Energy = 0.00000000
[2025-08-21 15:58:14,267][INFO] Iteration 13: Energy = 0.00000000
[2025-08-21 15:58:14,306][INFO] Iteration 14: Energy = 0.00000000
[2025-08-21 15:58:14,333][INFO] Iteration 15: Energy = 0.00000000
[2025-08-21 15:58:14,362][INFO] Iteration 16: Energy = 0.00000000
[2025-08-21 15:58:14,412][INFO] Iteration 17: Energy = 0.00000000
[2025-08-21 15:58:14,441][INFO] Iteration 18: Energy = 0.00000000
[2025-08-21 15:58:14,469][INFO] Iteration 19: Energy = 0.00000000
[2025-08-21 15:58:14,497][INFO] Iteration 20: Energy = 0.00000000
[2025-08-21 15:58:14,528][INFO] Iteration 21: Energy = 0.00000000
[2025-08-21 15:58:14,567][INFO] Iteration 22: Energy = 0.00000000
[2025-08-21 15:58:14,598][INFO] Iteration 23: Energy = 0.00000000
[2025-08-21 15:58:14,634][INFO] Iteration 24: Energy = 0.00000000
[2025-08-21 15:58:14,673][INFO] Iteration 25: Energy = 0.00000000
[2025-08-21 15:58:14,709][INFO] Iteration 26: Energy = 0.00000000
[2025-08-21 15:58:14,742][INFO] Iteration 27: Energy = 0.00000000
[2025-08-21 15:58:14,779][INFO] Iteration 28: Energy = 0.00000000
[2025-08-21 15:58:14,779][INFO] Completed VQE run 73: Energy = 0.000000
[2025-08-21 16:17:46,443][INFO] Starting VQE run 73 (seed=86169647)
[2025-08-21 16:17:46,443][INFO] EstimatorOptions(_VERSION=2, max_execution_time=Unset, environment=EnvironmentOptions(log_level='WARNING', callback=None, job_tags=None, private=False), simulator=SimulatorOptions(noise_model=Unset, seed_simulator=Unset, coupling_map=Unset, basis_gates=Unset), default_precision=Unset, default_shots=None, resilience_level=2, seed_estimator=Unset, dynamical_decoupling=DynamicalDecouplingOptions(enable=Unset, sequence_type=Unset, extra_slack_distribution=Unset, scheduling_method=Unset, skip_reset_qubits=Unset), resilience=ResilienceOptionsV2(measure_mitigation=Unset, measure_noise_learning=MeasureNoiseLearningOptions(num_randomizations=Unset, shots_per_randomization=Unset), zne_mitigation=Unset, zne=ZneOptions(amplifier=Unset, noise_factors=Unset, extrapolator=Unset, extrapolated_noise_factors=Unset), pec_mitigation=Unset, pec=PecOptions(max_overhead=Unset, noise_gain=Unset), layer_noise_learning=LayerNoiseLearningOptions(max_layers_to_learn=Unset, shots_per_randomization=Unset, num_randomizations=Unset, layer_pair_depths=Unset), layer_noise_model=Unset), execution=ExecutionOptionsV2(init_qubits=Unset, rep_delay=Unset), twirling=TwirlingOptions(enable_gates=Unset, enable_measure=Unset, num_randomizations=Unset, shots_per_randomization=Unset, strategy=Unset), experimental=Unset)
[2025-08-21 16:17:50,765][INFO] Iteration 1: Energy = 0.97851562
[2025-08-21 16:17:55,235][INFO] Iteration 2: Energy = 0.69873047
[2025-08-21 16:17:59,551][INFO] Iteration 3: Energy = 0.70581055
[2025-08-21 16:18:03,794][INFO] Iteration 4: Energy = 0.25610352
[2025-08-21 16:18:08,034][INFO] Iteration 5: Energy = 0.01220703
[2025-08-21 16:18:12,396][INFO] Iteration 6: Energy = 0.00854492
[2025-08-21 16:18:16,688][INFO] Iteration 7: Energy = 0.00952148
[2025-08-21 16:18:21,024][INFO] Iteration 8: Energy = 0.00756836
[2025-08-21 16:18:25,619][INFO] Iteration 9: Energy = 0.00927734
[2025-08-21 16:18:29,922][INFO] Iteration 10: Energy = 0.00805664
[2025-08-21 16:18:34,358][INFO] Iteration 11: Energy = 0.00805664
[2025-08-21 16:18:38,867][INFO] Iteration 12: Energy = 0.00683594
[2025-08-21 16:18:43,155][INFO] Iteration 13: Energy = 0.01025391
[2025-08-21 16:18:47,657][INFO] Iteration 14: Energy = 0.00561523
[2025-08-21 16:18:52,148][INFO] Iteration 15: Energy = 0.00805664
[2025-08-21 16:18:56,593][INFO] Iteration 16: Energy = 0.00659180
[2025-08-21 16:19:01,014][INFO] Iteration 17: Energy = 0.00683594
[2025-08-21 16:19:05,418][INFO] Iteration 18: Energy = 0.00854492
[2025-08-21 16:19:09,610][INFO] Iteration 19: Energy = 0.00830078
[2025-08-21 16:19:14,037][INFO] Iteration 20: Energy = 0.00805664
[2025-08-21 16:19:18,504][INFO] Iteration 21: Energy = 0.00683594
[2025-08-21 16:19:22,748][INFO] Iteration 22: Energy = 0.00634766
[2025-08-21 16:19:27,126][INFO] Iteration 23: Energy = 0.00927734
[2025-08-21 16:19:31,455][INFO] Iteration 24: Energy = 0.00610352
[2025-08-21 16:19:35,676][INFO] Iteration 25: Energy = 0.00683594
[2025-08-21 16:19:40,006][INFO] Iteration 26: Energy = 0.01049805
[2025-08-21 16:19:44,309][INFO] Iteration 27: Energy = 0.00830078
[2025-08-21 16:19:48,588][INFO] Iteration 28: Energy = 0.00781250
[2025-08-21 16:19:53,123][INFO] Iteration 29: Energy = 0.00585938
[2025-08-21 16:19:57,565][INFO] Iteration 30: Energy = 0.00878906
[2025-08-21 16:20:01,950][INFO] Iteration 31: Energy = 0.00830078
[2025-08-21 16:20:06,271][INFO] Iteration 32: Energy = 0.00805664
[2025-08-21 16:20:10,749][INFO] Iteration 33: Energy = 0.00732422
[2025-08-21 16:20:15,200][INFO] Iteration 34: Energy = 0.01098633
[2025-08-21 16:20:19,383][INFO] Iteration 35: Energy = 0.00610352
[2025-08-21 16:20:23,844][INFO] Iteration 36: Energy = 0.01025391
[2025-08-21 16:20:23,845][INFO] Completed VQE run 73: Energy = 0.004150
