[2025-08-21 15:58:15,370][INFO] Starting VQE run 99 (seed=91604820)
[2025-08-21 15:58:15,371][INFO] EstimatorOptions(_VERSION=2, max_execution_time=Unset, environment=EnvironmentOptions(log_level='WARNING', callback=None, job_tags=None, private=False), simulator=SimulatorOptions(noise_model=Unset, seed_simulator=Unset, coupling_map=Unset, basis_gates=Unset), default_precision=Unset, default_shots=None, resilience_level=Unset, seed_estimator=Unset, dynamical_decoupling=DynamicalDecouplingOptions(enable=Unset, sequence_type=Unset, extra_slack_distribution=Unset, scheduling_method=Unset, skip_reset_qubits=Unset), resilience=ResilienceOptionsV2(measure_mitigation=Unset, measure_noise_learning=MeasureNoiseLearningOptions(num_randomizations=Unset, shots_per_randomization=Unset), zne_mitigation=Unset, zne=ZneOptions(amplifier=Unset, noise_factors=Unset, extrapolator=Unset, extrapolated_noise_factors=Unset), pec_mitigation=Unset, pec=PecOptions(max_overhead=Unset, noise_gain=Unset), layer_noise_learning=LayerNoiseLearningOptions(max_layers_to_learn=Unset, shots_per_randomization=Unset, num_randomizations=Unset, layer_pair_depths=Unset), layer_noise_model=Unset), execution=ExecutionOptionsV2(init_qubits=Unset, rep_delay=Unset), twirling=TwirlingOptions(enable_gates=Unset, enable_measure=Unset, num_randomizations=Unset, shots_per_randomization=Unset, strategy=Unset), experimental=Unset)
[2025-08-21 15:58:15,412][INFO] Iteration 1: Energy = 0.52343750
[2025-08-21 15:58:15,444][INFO] Iteration 2: Energy = 0.51440430
[2025-08-21 15:58:15,477][INFO] Iteration 3: Energy = 0.09716797
[2025-08-21 15:58:15,507][INFO] Iteration 4: Energy = 0.00000000
[2025-08-21 15:58:15,542][INFO] Iteration 5: Energy = 0.00000000
[2025-08-21 15:58:15,578][INFO] Iteration 6: Energy = 0.00000000
[2025-08-21 15:58:15,619][INFO] Iteration 7: Energy = 0.00000000
[2025-08-21 15:58:15,652][INFO] Iteration 8: Energy = 0.00000000
[2025-08-21 15:58:15,693][INFO] Iteration 9: Energy = 0.00000000
[2025-08-21 15:58:15,728][INFO] Iteration 10: Energy = 0.00000000
[2025-08-21 15:58:15,760][INFO] Iteration 11: Energy = 0.00000000
[2025-08-21 15:58:15,798][INFO] Iteration 12: Energy = 0.00000000
[2025-08-21 15:58:15,825][INFO] Iteration 13: Energy = 0.00000000
[2025-08-21 15:58:15,861][INFO] Iteration 14: Energy = 0.00000000
[2025-08-21 15:58:15,901][INFO] Iteration 15: Energy = 0.00000000
[2025-08-21 15:58:15,927][INFO] Iteration 16: Energy = 0.00000000
[2025-08-21 15:58:15,955][INFO] Iteration 17: Energy = 0.00000000
[2025-08-21 15:58:15,989][INFO] Iteration 18: Energy = 0.00000000
[2025-08-21 15:58:16,016][INFO] Iteration 19: Energy = 0.00000000
[2025-08-21 15:58:16,052][INFO] Iteration 20: Energy = 0.00000000
[2025-08-21 15:58:16,077][INFO] Iteration 21: Energy = 0.00000000
[2025-08-21 15:58:16,116][INFO] Iteration 22: Energy = 0.00000000
[2025-08-21 15:58:16,144][INFO] Iteration 23: Energy = 0.00000000
[2025-08-21 15:58:16,173][INFO] Iteration 24: Energy = 0.00000000
[2025-08-21 15:58:16,213][INFO] Iteration 25: Energy = 0.00000000
[2025-08-21 15:58:16,246][INFO] Iteration 26: Energy = 0.00000000
[2025-08-21 15:58:16,270][INFO] Iteration 27: Energy = 0.00000000
[2025-08-21 15:58:16,302][INFO] Iteration 28: Energy = 0.00000000
[2025-08-21 15:58:16,330][INFO] Iteration 29: Energy = 0.00000000
[2025-08-21 15:58:16,370][INFO] Iteration 30: Energy = 0.00000000
[2025-08-21 15:58:16,403][INFO] Iteration 31: Energy = 0.00000000
[2025-08-21 15:58:16,404][INFO] Completed VQE run 99: Energy = 0.000000
[2025-08-21 15:58:59,715][INFO] Starting VQE run 99 (seed=39834854)
[2025-08-21 16:22:58,352][INFO] Starting VQE run 99 (seed=96889442)
[2025-08-21 16:22:58,352][INFO] EstimatorOptions(_VERSION=2, max_execution_time=Unset, environment=EnvironmentOptions(log_level='WARNING', callback=None, job_tags=None, private=False), simulator=SimulatorOptions(noise_model=Unset, seed_simulator=Unset, coupling_map=Unset, basis_gates=Unset), default_precision=Unset, default_shots=None, resilience_level=2, seed_estimator=Unset, dynamical_decoupling=DynamicalDecouplingOptions(enable=Unset, sequence_type=Unset, extra_slack_distribution=Unset, scheduling_method=Unset, skip_reset_qubits=Unset), resilience=ResilienceOptionsV2(measure_mitigation=Unset, measure_noise_learning=MeasureNoiseLearningOptions(num_randomizations=Unset, shots_per_randomization=Unset), zne_mitigation=Unset, zne=ZneOptions(amplifier=Unset, noise_factors=Unset, extrapolator=Unset, extrapolated_noise_factors=Unset), pec_mitigation=Unset, pec=PecOptions(max_overhead=Unset, noise_gain=Unset), layer_noise_learning=LayerNoiseLearningOptions(max_layers_to_learn=Unset, shots_per_randomization=Unset, num_randomizations=Unset, layer_pair_depths=Unset), layer_noise_model=Unset), execution=ExecutionOptionsV2(init_qubits=Unset, rep_delay=Unset), twirling=TwirlingOptions(enable_gates=Unset, enable_measure=Unset, num_randomizations=Unset, shots_per_randomization=Unset, strategy=Unset), experimental=Unset)
[2025-08-21 16:23:02,757][INFO] Iteration 1: Energy = 0.00683594
[2025-08-21 16:23:06,975][INFO] Iteration 2: Energy = 0.00585938
[2025-08-21 16:23:11,537][INFO] Iteration 3: Energy = 0.01098633
[2025-08-21 16:23:16,109][INFO] Iteration 4: Energy = 0.00830078
[2025-08-21 16:23:20,348][INFO] Iteration 5: Energy = 0.00927734
[2025-08-21 16:23:24,753][INFO] Iteration 6: Energy = 0.00830078
[2025-08-21 16:23:29,137][INFO] Iteration 7: Energy = 0.00830078
[2025-08-21 16:23:33,598][INFO] Iteration 8: Energy = 0.00439453
[2025-08-21 16:23:37,830][INFO] Iteration 9: Energy = 0.00952148
[2025-08-21 16:23:42,022][INFO] Iteration 10: Energy = 0.00708008
[2025-08-21 16:23:46,221][INFO] Iteration 11: Energy = 0.00708008
[2025-08-21 16:23:50,169][INFO] Iteration 12: Energy = 0.00634766
[2025-08-21 16:23:54,299][INFO] Iteration 13: Energy = 0.00878906
[2025-08-21 16:23:58,184][INFO] Iteration 14: Energy = 0.00708008
[2025-08-21 16:24:02,304][INFO] Iteration 15: Energy = 0.00805664
[2025-08-21 16:24:06,603][INFO] Iteration 16: Energy = 0.00683594
[2025-08-21 16:24:10,805][INFO] Iteration 17: Energy = 0.00781250
[2025-08-21 16:24:14,748][INFO] Iteration 18: Energy = 0.00390625
[2025-08-21 16:24:18,642][INFO] Iteration 19: Energy = 0.00732422
[2025-08-21 16:24:22,777][INFO] Iteration 20: Energy = 0.00805664
[2025-08-21 16:24:26,646][INFO] Iteration 21: Energy = 0.00952148
[2025-08-21 16:24:30,692][INFO] Iteration 22: Energy = 0.00683594
[2025-08-21 16:24:34,577][INFO] Iteration 23: Energy = 0.00927734
[2025-08-21 16:24:38,587][INFO] Iteration 24: Energy = 0.00805664
[2025-08-21 16:24:42,670][INFO] Iteration 25: Energy = 0.00805664
[2025-08-21 16:24:46,615][INFO] Iteration 26: Energy = 0.00854492
[2025-08-21 16:24:50,751][INFO] Iteration 27: Energy = 0.00976562
[2025-08-21 16:24:54,446][INFO] Iteration 28: Energy = 0.00756836
[2025-08-21 16:24:58,327][INFO] Iteration 29: Energy = 0.00610352
[2025-08-21 16:25:01,938][INFO] Iteration 30: Energy = 0.00439453
[2025-08-21 16:25:05,622][INFO] Iteration 31: Energy = 0.00683594
[2025-08-21 16:25:09,307][INFO] Iteration 32: Energy = 0.00659180
[2025-08-21 16:25:13,130][INFO] Iteration 33: Energy = 0.00927734
[2025-08-21 16:25:17,082][INFO] Iteration 34: Energy = 0.01025391
[2025-08-21 16:25:20,789][INFO] Iteration 35: Energy = 0.00830078
[2025-08-21 16:25:24,582][INFO] Iteration 36: Energy = 0.00903320
[2025-08-21 16:25:28,427][INFO] Iteration 37: Energy = 0.00708008
[2025-08-21 16:25:32,065][INFO] Iteration 38: Energy = 0.00830078
[2025-08-21 16:25:36,272][INFO] Iteration 39: Energy = 0.00854492
[2025-08-21 16:25:40,191][INFO] Iteration 40: Energy = 0.00878906
[2025-08-21 16:25:40,193][INFO] Completed VQE run 99: Energy = 0.005615
