[2025-08-21 15:58:11,588][INFO] Starting VQE run 41 (seed=91603076)
[2025-08-21 15:58:11,589][INFO] EstimatorOptions(_VERSION=2, max_execution_time=Unset, environment=EnvironmentOptions(log_level='WARNING', callback=None, job_tags=None, private=False), simulator=SimulatorOptions(noise_model=Unset, seed_simulator=Unset, coupling_map=Unset, basis_gates=Unset), default_precision=Unset, default_shots=None, resilience_level=Unset, seed_estimator=Unset, dynamical_decoupling=DynamicalDecouplingOptions(enable=Unset, sequence_type=Unset, extra_slack_distribution=Unset, scheduling_method=Unset, skip_reset_qubits=Unset), resilience=ResilienceOptionsV2(measure_mitigation=Unset, measure_noise_learning=MeasureNoiseLearningOptions(num_randomizations=Unset, shots_per_randomization=Unset), zne_mitigation=Unset, zne=ZneOptions(amplifier=Unset, noise_factors=Unset, extrapolator=Unset, extrapolated_noise_factors=Unset), pec_mitigation=Unset, pec=PecOptions(max_overhead=Unset, noise_gain=Unset), layer_noise_learning=LayerNoiseLearningOptions(max_layers_to_learn=Unset, shots_per_randomization=Unset, num_randomizations=Unset, layer_pair_depths=Unset), layer_noise_model=Unset), execution=ExecutionOptionsV2(init_qubits=Unset, rep_delay=Unset), twirling=TwirlingOptions(enable_gates=Unset, enable_measure=Unset, num_randomizations=Unset, shots_per_randomization=Unset, strategy=Unset), experimental=Unset)
[2025-08-21 15:58:11,628][INFO] Iteration 1: Energy = 0.32153320
[2025-08-21 15:58:11,665][INFO] Iteration 2: Energy = 0.02050781
[2025-08-21 15:58:11,698][INFO] Iteration 3: Energy = 0.01855469
[2025-08-21 15:58:11,732][INFO] Iteration 4: Energy = 0.00000000
[2025-08-21 15:58:11,776][INFO] Iteration 5: Energy = 0.00000000
[2025-08-21 15:58:11,815][INFO] Iteration 6: Energy = 0.00000000
[2025-08-21 15:58:11,844][INFO] Iteration 7: Energy = 0.00000000
[2025-08-21 15:58:11,873][INFO] Iteration 8: Energy = 0.00000000
[2025-08-21 15:58:11,914][INFO] Iteration 9: Energy = 0.00000000
[2025-08-21 15:58:11,960][INFO] Iteration 10: Energy = 0.00000000
[2025-08-21 15:58:11,991][INFO] Iteration 11: Energy = 0.00000000
[2025-08-21 15:58:12,019][INFO] Iteration 12: Energy = 0.00000000
[2025-08-21 15:58:12,060][INFO] Iteration 13: Energy = 0.00000000
[2025-08-21 15:58:12,092][INFO] Iteration 14: Energy = 0.00000000
[2025-08-21 15:58:12,126][INFO] Iteration 15: Energy = 0.00000000
[2025-08-21 15:58:12,158][INFO] Iteration 16: Energy = 0.00000000
[2025-08-21 15:58:12,199][INFO] Iteration 17: Energy = 0.00000000
[2025-08-21 15:58:12,239][INFO] Iteration 18: Energy = 0.00000000
[2025-08-21 15:58:12,270][INFO] Iteration 19: Energy = 0.00000000
[2025-08-21 15:58:12,298][INFO] Iteration 20: Energy = 0.00000000
[2025-08-21 15:58:12,339][INFO] Iteration 21: Energy = 0.00000000
[2025-08-21 15:58:12,373][INFO] Iteration 22: Energy = 0.00000000
[2025-08-21 15:58:12,405][INFO] Iteration 23: Energy = 0.00000000
[2025-08-21 15:58:12,437][INFO] Iteration 24: Energy = 0.00000000
[2025-08-21 15:58:12,472][INFO] Iteration 25: Energy = 0.00000000
[2025-08-21 15:58:12,508][INFO] Iteration 26: Energy = 0.00000000
[2025-08-21 15:58:12,509][INFO] Completed VQE run 41: Energy = 0.000000
[2025-08-21 16:12:34,198][INFO] Starting VQE run 41 (seed=31140496)
[2025-08-21 16:12:34,199][INFO] EstimatorOptions(_VERSION=2, max_execution_time=Unset, environment=EnvironmentOptions(log_level='WARNING', callback=None, job_tags=None, private=False), simulator=SimulatorOptions(noise_model=Unset, seed_simulator=Unset, coupling_map=Unset, basis_gates=Unset), default_precision=Unset, default_shots=None, resilience_level=2, seed_estimator=Unset, dynamical_decoupling=DynamicalDecouplingOptions(enable=Unset, sequence_type=Unset, extra_slack_distribution=Unset, scheduling_method=Unset, skip_reset_qubits=Unset), resilience=ResilienceOptionsV2(measure_mitigation=Unset, measure_noise_learning=MeasureNoiseLearningOptions(num_randomizations=Unset, shots_per_randomization=Unset), zne_mitigation=Unset, zne=ZneOptions(amplifier=Unset, noise_factors=Unset, extrapolator=Unset, extrapolated_noise_factors=Unset), pec_mitigation=Unset, pec=PecOptions(max_overhead=Unset, noise_gain=Unset), layer_noise_learning=LayerNoiseLearningOptions(max_layers_to_learn=Unset, shots_per_randomization=Unset, num_randomizations=Unset, layer_pair_depths=Unset), layer_noise_model=Unset), execution=ExecutionOptionsV2(init_qubits=Unset, rep_delay=Unset), twirling=TwirlingOptions(enable_gates=Unset, enable_measure=Unset, num_randomizations=Unset, shots_per_randomization=Unset, strategy=Unset), experimental=Unset)
[2025-08-21 16:12:38,541][INFO] Iteration 1: Energy = 0.25537109
[2025-08-21 16:12:42,787][INFO] Iteration 2: Energy = 0.24121094
[2025-08-21 16:12:47,126][INFO] Iteration 3: Energy = 0.01293945
[2025-08-21 16:12:51,292][INFO] Iteration 4: Energy = 0.00659180
[2025-08-21 16:12:55,677][INFO] Iteration 5: Energy = 0.00708008
[2025-08-21 16:13:00,208][INFO] Iteration 6: Energy = 0.01000977
[2025-08-21 16:13:04,321][INFO] Iteration 7: Energy = 0.00634766
[2025-08-21 16:13:08,516][INFO] Iteration 8: Energy = 0.01098633
[2025-08-21 16:13:12,789][INFO] Iteration 9: Energy = 0.00805664
[2025-08-21 16:13:17,005][INFO] Iteration 10: Energy = 0.00732422
[2025-08-21 16:13:21,473][INFO] Iteration 11: Energy = 0.00805664
[2025-08-21 16:13:25,900][INFO] Iteration 12: Energy = 0.00878906
[2025-08-21 16:13:30,333][INFO] Iteration 13: Energy = 0.00756836
[2025-08-21 16:13:34,722][INFO] Iteration 14: Energy = 0.00854492
[2025-08-21 16:13:38,953][INFO] Iteration 15: Energy = 0.00854492
[2025-08-21 16:13:43,257][INFO] Iteration 16: Energy = 0.01025391
[2025-08-21 16:13:47,589][INFO] Iteration 17: Energy = 0.00830078
[2025-08-21 16:13:52,057][INFO] Iteration 18: Energy = 0.00903320
[2025-08-21 16:13:56,674][INFO] Iteration 19: Energy = 0.00561523
[2025-08-21 16:14:01,142][INFO] Iteration 20: Energy = 0.00756836
[2025-08-21 16:14:05,393][INFO] Iteration 21: Energy = 0.00659180
[2025-08-21 16:14:09,615][INFO] Iteration 22: Energy = 0.00854492
[2025-08-21 16:14:13,929][INFO] Iteration 23: Energy = 0.00903320
[2025-08-21 16:14:18,345][INFO] Iteration 24: Energy = 0.00903320
[2025-08-21 16:14:22,528][INFO] Iteration 25: Energy = 0.00732422
[2025-08-21 16:14:26,922][INFO] Iteration 26: Energy = 0.00561523
[2025-08-21 16:14:31,101][INFO] Iteration 27: Energy = 0.00903320
[2025-08-21 16:14:35,452][INFO] Iteration 28: Energy = 0.01098633
[2025-08-21 16:14:39,709][INFO] Iteration 29: Energy = 0.00659180
[2025-08-21 16:14:44,400][INFO] Iteration 30: Energy = 0.00732422
[2025-08-21 16:14:48,850][INFO] Iteration 31: Energy = 0.00561523
[2025-08-21 16:14:53,284][INFO] Iteration 32: Energy = 0.00756836
[2025-08-21 16:14:57,644][INFO] Iteration 33: Energy = 0.00683594
[2025-08-21 16:15:01,972][INFO] Iteration 34: Energy = 0.00781250
[2025-08-21 16:15:01,974][INFO] Completed VQE run 41: Energy = 0.004639
