[2025-08-21 15:58:11,953][INFO] Starting VQE run 44 (seed=73566317)
[2025-08-21 15:58:11,953][INFO] EstimatorOptions(_VERSION=2, max_execution_time=Unset, environment=EnvironmentOptions(log_level='WARNING', callback=None, job_tags=None, private=False), simulator=SimulatorOptions(noise_model=Unset, seed_simulator=Unset, coupling_map=Unset, basis_gates=Unset), default_precision=Unset, default_shots=None, resilience_level=Unset, seed_estimator=Unset, dynamical_decoupling=DynamicalDecouplingOptions(enable=Unset, sequence_type=Unset, extra_slack_distribution=Unset, scheduling_method=Unset, skip_reset_qubits=Unset), resilience=ResilienceOptionsV2(measure_mitigation=Unset, measure_noise_learning=MeasureNoiseLearningOptions(num_randomizations=Unset, shots_per_randomization=Unset), zne_mitigation=Unset, zne=ZneOptions(amplifier=Unset, noise_factors=Unset, extrapolator=Unset, extrapolated_noise_factors=Unset), pec_mitigation=Unset, pec=PecOptions(max_overhead=Unset, noise_gain=Unset), layer_noise_learning=LayerNoiseLearningOptions(max_layers_to_learn=Unset, shots_per_randomization=Unset, num_randomizations=Unset, layer_pair_depths=Unset), layer_noise_model=Unset), execution=ExecutionOptionsV2(init_qubits=Unset, rep_delay=Unset), twirling=TwirlingOptions(enable_gates=Unset, enable_measure=Unset, num_randomizations=Unset, shots_per_randomization=Unset, strategy=Unset), experimental=Unset)
[2025-08-21 15:58:11,996][INFO] Iteration 1: Energy = 0.54296875
[2025-08-21 15:58:12,027][INFO] Iteration 2: Energy = 0.11718750
[2025-08-21 15:58:12,059][INFO] Iteration 3: Energy = 0.11914062
[2025-08-21 15:58:12,088][INFO] Iteration 4: Energy = 0.00000000
[2025-08-21 15:58:12,135][INFO] Iteration 5: Energy = 0.00000000
[2025-08-21 15:58:12,168][INFO] Iteration 6: Energy = 0.00000000
[2025-08-21 15:58:12,196][INFO] Iteration 7: Energy = 0.00000000
[2025-08-21 15:58:12,233][INFO] Iteration 8: Energy = 0.00000000
[2025-08-21 15:58:12,281][INFO] Iteration 9: Energy = 0.00000000
[2025-08-21 15:58:12,320][INFO] Iteration 10: Energy = 0.00000000
[2025-08-21 15:58:12,348][INFO] Iteration 11: Energy = 0.00000000
[2025-08-21 15:58:12,384][INFO] Iteration 12: Energy = 0.00000000
[2025-08-21 15:58:12,418][INFO] Iteration 13: Energy = 0.00000000
[2025-08-21 15:58:12,454][INFO] Iteration 14: Energy = 0.00000000
[2025-08-21 15:58:12,482][INFO] Iteration 15: Energy = 0.00000000
[2025-08-21 15:58:12,523][INFO] Iteration 16: Energy = 0.00000000
[2025-08-21 15:58:12,556][INFO] Iteration 17: Energy = 0.00000000
[2025-08-21 15:58:12,590][INFO] Iteration 18: Energy = 0.00000000
[2025-08-21 15:58:12,627][INFO] Iteration 19: Energy = 0.00000000
[2025-08-21 15:58:12,657][INFO] Iteration 20: Energy = 0.00000000
[2025-08-21 15:58:12,697][INFO] Iteration 21: Energy = 0.00000000
[2025-08-21 15:58:12,739][INFO] Iteration 22: Energy = 0.00000000
[2025-08-21 15:58:12,767][INFO] Iteration 23: Energy = 0.00000000
[2025-08-21 15:58:12,796][INFO] Iteration 24: Energy = 0.00000000
[2025-08-21 15:58:12,848][INFO] Iteration 25: Energy = 0.00000000
[2025-08-21 15:58:12,892][INFO] Iteration 26: Energy = 0.00000000
[2025-08-21 15:58:12,893][INFO] Completed VQE run 44: Energy = 0.000000
[2025-08-21 16:12:34,586][INFO] Starting VQE run 44 (seed=24902355)
[2025-08-21 16:12:34,587][INFO] EstimatorOptions(_VERSION=2, max_execution_time=Unset, environment=EnvironmentOptions(log_level='WARNING', callback=None, job_tags=None, private=False), simulator=SimulatorOptions(noise_model=Unset, seed_simulator=Unset, coupling_map=Unset, basis_gates=Unset), default_precision=Unset, default_shots=None, resilience_level=2, seed_estimator=Unset, dynamical_decoupling=DynamicalDecouplingOptions(enable=Unset, sequence_type=Unset, extra_slack_distribution=Unset, scheduling_method=Unset, skip_reset_qubits=Unset), resilience=ResilienceOptionsV2(measure_mitigation=Unset, measure_noise_learning=MeasureNoiseLearningOptions(num_randomizations=Unset, shots_per_randomization=Unset), zne_mitigation=Unset, zne=ZneOptions(amplifier=Unset, noise_factors=Unset, extrapolator=Unset, extrapolated_noise_factors=Unset), pec_mitigation=Unset, pec=PecOptions(max_overhead=Unset, noise_gain=Unset), layer_noise_learning=LayerNoiseLearningOptions(max_layers_to_learn=Unset, shots_per_randomization=Unset, num_randomizations=Unset, layer_pair_depths=Unset), layer_noise_model=Unset), execution=ExecutionOptionsV2(init_qubits=Unset, rep_delay=Unset), twirling=TwirlingOptions(enable_gates=Unset, enable_measure=Unset, num_randomizations=Unset, shots_per_randomization=Unset, strategy=Unset), experimental=Unset)
[2025-08-21 16:12:38,980][INFO] Iteration 1: Energy = 0.84277344
[2025-08-21 16:12:43,433][INFO] Iteration 2: Energy = 0.43188477
[2025-08-21 16:12:47,901][INFO] Iteration 3: Energy = 0.41552734
[2025-08-21 16:12:52,146][INFO] Iteration 4: Energy = 0.06127930
[2025-08-21 16:12:56,685][INFO] Iteration 5: Energy = 0.00878906
[2025-08-21 16:13:01,226][INFO] Iteration 6: Energy = 0.00952148
[2025-08-21 16:13:05,645][INFO] Iteration 7: Energy = 0.01123047
[2025-08-21 16:13:10,019][INFO] Iteration 8: Energy = 0.00683594
[2025-08-21 16:13:14,340][INFO] Iteration 9: Energy = 0.00805664
[2025-08-21 16:13:18,676][INFO] Iteration 10: Energy = 0.00903320
[2025-08-21 16:13:23,018][INFO] Iteration 11: Energy = 0.00756836
[2025-08-21 16:13:27,449][INFO] Iteration 12: Energy = 0.00634766
[2025-08-21 16:13:31,918][INFO] Iteration 13: Energy = 0.00756836
[2025-08-21 16:13:36,232][INFO] Iteration 14: Energy = 0.00781250
[2025-08-21 16:13:40,611][INFO] Iteration 15: Energy = 0.00561523
[2025-08-21 16:13:44,984][INFO] Iteration 16: Energy = 0.00854492
[2025-08-21 16:13:49,275][INFO] Iteration 17: Energy = 0.00830078
[2025-08-21 16:13:53,587][INFO] Iteration 18: Energy = 0.00732422
[2025-08-21 16:13:58,096][INFO] Iteration 19: Energy = 0.00976562
[2025-08-21 16:14:02,253][INFO] Iteration 20: Energy = 0.00927734
[2025-08-21 16:14:06,558][INFO] Iteration 21: Energy = 0.00537109
[2025-08-21 16:14:10,874][INFO] Iteration 22: Energy = 0.00927734
[2025-08-21 16:14:14,987][INFO] Iteration 23: Energy = 0.00976562
[2025-08-21 16:14:19,683][INFO] Iteration 24: Energy = 0.00830078
[2025-08-21 16:14:24,315][INFO] Iteration 25: Energy = 0.00830078
[2025-08-21 16:14:28,683][INFO] Iteration 26: Energy = 0.00927734
[2025-08-21 16:14:33,036][INFO] Iteration 27: Energy = 0.00390625
[2025-08-21 16:14:37,314][INFO] Iteration 28: Energy = 0.00952148
[2025-08-21 16:14:37,315][INFO] Completed VQE run 44: Energy = 0.005371
