[2025-08-21 15:58:11,797][INFO] Starting VQE run 66 (seed=46656031)
[2025-08-21 15:58:11,797][INFO] EstimatorOptions(_VERSION=2, max_execution_time=Unset, environment=EnvironmentOptions(log_level='WARNING', callback=None, job_tags=None, private=False), simulator=SimulatorOptions(noise_model=Unset, seed_simulator=Unset, coupling_map=Unset, basis_gates=Unset), default_precision=Unset, default_shots=None, resilience_level=Unset, seed_estimator=Unset, dynamical_decoupling=DynamicalDecouplingOptions(enable=Unset, sequence_type=Unset, extra_slack_distribution=Unset, scheduling_method=Unset, skip_reset_qubits=Unset), resilience=ResilienceOptionsV2(measure_mitigation=Unset, measure_noise_learning=MeasureNoiseLearningOptions(num_randomizations=Unset, shots_per_randomization=Unset), zne_mitigation=Unset, zne=ZneOptions(amplifier=Unset, noise_factors=Unset, extrapolator=Unset, extrapolated_noise_factors=Unset), pec_mitigation=Unset, pec=PecOptions(max_overhead=Unset, noise_gain=Unset), layer_noise_learning=LayerNoiseLearningOptions(max_layers_to_learn=Unset, shots_per_randomization=Unset, num_randomizations=Unset, layer_pair_depths=Unset), layer_noise_model=Unset), execution=ExecutionOptionsV2(init_qubits=Unset, rep_delay=Unset), twirling=TwirlingOptions(enable_gates=Unset, enable_measure=Unset, num_randomizations=Unset, shots_per_randomization=Unset, strategy=Unset), experimental=Unset)
[2025-08-21 15:58:11,831][INFO] Iteration 1: Energy = 0.45410156
[2025-08-21 15:58:11,868][INFO] Iteration 2: Energy = 0.44116211
[2025-08-21 15:58:11,904][INFO] Iteration 3: Energy = 0.07519531
[2025-08-21 15:58:11,940][INFO] Iteration 4: Energy = 0.00000000
[2025-08-21 15:58:11,981][INFO] Iteration 5: Energy = 0.00000000
[2025-08-21 15:58:12,017][INFO] Iteration 6: Energy = 0.00000000
[2025-08-21 15:58:12,052][INFO] Iteration 7: Energy = 0.00000000
[2025-08-21 15:58:12,081][INFO] Iteration 8: Energy = 0.00000000
[2025-08-21 15:58:12,109][INFO] Iteration 9: Energy = 0.00000000
[2025-08-21 15:58:12,153][INFO] Iteration 10: Energy = 0.00000000
[2025-08-21 15:58:12,197][INFO] Iteration 11: Energy = 0.00000000
[2025-08-21 15:58:12,238][INFO] Iteration 12: Energy = 0.00000000
[2025-08-21 15:58:12,266][INFO] Iteration 13: Energy = 0.00000000
[2025-08-21 15:58:12,303][INFO] Iteration 14: Energy = 0.00000000
[2025-08-21 15:58:12,342][INFO] Iteration 15: Energy = 0.00000000
[2025-08-21 15:58:12,372][INFO] Iteration 16: Energy = 0.00000000
[2025-08-21 15:58:12,403][INFO] Iteration 17: Energy = 0.00000000
[2025-08-21 15:58:12,433][INFO] Iteration 18: Energy = 0.00000000
[2025-08-21 15:58:12,475][INFO] Iteration 19: Energy = 0.00000000
[2025-08-21 15:58:12,506][INFO] Iteration 20: Energy = 0.00000000
[2025-08-21 15:58:12,537][INFO] Iteration 21: Energy = 0.00000000
[2025-08-21 15:58:12,580][INFO] Iteration 22: Energy = 0.00000000
[2025-08-21 15:58:12,629][INFO] Iteration 23: Energy = 0.00000000
[2025-08-21 15:58:12,662][INFO] Iteration 24: Energy = 0.00000000
[2025-08-21 15:58:12,692][INFO] Iteration 25: Energy = 0.00000000
[2025-08-21 15:58:12,728][INFO] Iteration 26: Energy = 0.00000000
[2025-08-21 15:58:12,729][INFO] Completed VQE run 66: Energy = 0.000000
[2025-08-21 15:58:59,661][INFO] Starting VQE run 66 (seed=99367201)
[2025-08-21 16:14:52,262][INFO] Starting VQE run 66 (seed=84434234)
[2025-08-21 16:14:52,262][INFO] EstimatorOptions(_VERSION=2, max_execution_time=Unset, environment=EnvironmentOptions(log_level='WARNING', callback=None, job_tags=None, private=False), simulator=SimulatorOptions(noise_model=Unset, seed_simulator=Unset, coupling_map=Unset, basis_gates=Unset), default_precision=Unset, default_shots=None, resilience_level=2, seed_estimator=Unset, dynamical_decoupling=DynamicalDecouplingOptions(enable=Unset, sequence_type=Unset, extra_slack_distribution=Unset, scheduling_method=Unset, skip_reset_qubits=Unset), resilience=ResilienceOptionsV2(measure_mitigation=Unset, measure_noise_learning=MeasureNoiseLearningOptions(num_randomizations=Unset, shots_per_randomization=Unset), zne_mitigation=Unset, zne=ZneOptions(amplifier=Unset, noise_factors=Unset, extrapolator=Unset, extrapolated_noise_factors=Unset), pec_mitigation=Unset, pec=PecOptions(max_overhead=Unset, noise_gain=Unset), layer_noise_learning=LayerNoiseLearningOptions(max_layers_to_learn=Unset, shots_per_randomization=Unset, num_randomizations=Unset, layer_pair_depths=Unset), layer_noise_model=Unset), execution=ExecutionOptionsV2(init_qubits=Unset, rep_delay=Unset), twirling=TwirlingOptions(enable_gates=Unset, enable_measure=Unset, num_randomizations=Unset, shots_per_randomization=Unset, strategy=Unset), experimental=Unset)
[2025-08-21 16:14:56,506][INFO] Iteration 1: Energy = 0.45629883
[2025-08-21 16:15:00,956][INFO] Iteration 2: Energy = 0.07177734
[2025-08-21 16:15:05,246][INFO] Iteration 3: Energy = 0.08032227
[2025-08-21 16:15:09,692][INFO] Iteration 4: Energy = 0.00756836
[2025-08-21 16:15:14,316][INFO] Iteration 5: Energy = 0.00659180
[2025-08-21 16:15:19,172][INFO] Iteration 6: Energy = 0.00708008
[2025-08-21 16:15:23,621][INFO] Iteration 7: Energy = 0.00927734
[2025-08-21 16:15:28,029][INFO] Iteration 8: Energy = 0.00683594
[2025-08-21 16:15:32,282][INFO] Iteration 9: Energy = 0.00854492
[2025-08-21 16:15:36,624][INFO] Iteration 10: Energy = 0.00805664
[2025-08-21 16:15:40,976][INFO] Iteration 11: Energy = 0.00683594
[2025-08-21 16:15:45,581][INFO] Iteration 12: Energy = 0.00708008
[2025-08-21 16:15:49,835][INFO] Iteration 13: Energy = 0.00878906
[2025-08-21 16:15:54,183][INFO] Iteration 14: Energy = 0.00854492
[2025-08-21 16:15:58,505][INFO] Iteration 15: Energy = 0.00756836
[2025-08-21 16:16:02,783][INFO] Iteration 16: Energy = 0.00634766
[2025-08-21 16:16:07,405][INFO] Iteration 17: Energy = 0.00976562
[2025-08-21 16:16:11,912][INFO] Iteration 18: Energy = 0.00732422
[2025-08-21 16:16:16,338][INFO] Iteration 19: Energy = 0.00903320
[2025-08-21 16:16:20,533][INFO] Iteration 20: Energy = 0.00805664
[2025-08-21 16:16:24,788][INFO] Iteration 21: Energy = 0.01049805
[2025-08-21 16:16:29,067][INFO] Iteration 22: Energy = 0.01025391
[2025-08-21 16:16:33,532][INFO] Iteration 23: Energy = 0.00488281
[2025-08-21 16:16:38,238][INFO] Iteration 24: Energy = 0.00732422
[2025-08-21 16:16:42,379][INFO] Iteration 25: Energy = 0.00683594
[2025-08-21 16:16:46,770][INFO] Iteration 26: Energy = 0.00830078
[2025-08-21 16:16:51,166][INFO] Iteration 27: Energy = 0.00732422
[2025-08-21 16:16:55,523][INFO] Iteration 28: Energy = 0.00756836
[2025-08-21 16:17:00,278][INFO] Iteration 29: Energy = 0.01147461
[2025-08-21 16:17:04,722][INFO] Iteration 30: Energy = 0.00781250
[2025-08-21 16:17:09,084][INFO] Iteration 31: Energy = 0.00634766
[2025-08-21 16:17:13,393][INFO] Iteration 32: Energy = 0.00610352
[2025-08-21 16:17:17,684][INFO] Iteration 33: Energy = 0.00683594
[2025-08-21 16:17:21,848][INFO] Iteration 34: Energy = 0.00708008
[2025-08-21 16:17:26,151][INFO] Iteration 35: Energy = 0.00952148
[2025-08-21 16:17:30,841][INFO] Iteration 36: Energy = 0.00756836
[2025-08-21 16:17:30,843][INFO] Completed VQE run 66: Energy = 0.004883
