[2025-08-21 15:58:11,929][INFO] Starting VQE run 52 (seed=76043495)
[2025-08-21 15:58:11,929][INFO] EstimatorOptions(_VERSION=2, max_execution_time=Unset, environment=EnvironmentOptions(log_level='WARNING', callback=None, job_tags=None, private=False), simulator=SimulatorOptions(noise_model=Unset, seed_simulator=Unset, coupling_map=Unset, basis_gates=Unset), default_precision=Unset, default_shots=None, resilience_level=Unset, seed_estimator=Unset, dynamical_decoupling=DynamicalDecouplingOptions(enable=Unset, sequence_type=Unset, extra_slack_distribution=Unset, scheduling_method=Unset, skip_reset_qubits=Unset), resilience=ResilienceOptionsV2(measure_mitigation=Unset, measure_noise_learning=MeasureNoiseLearningOptions(num_randomizations=Unset, shots_per_randomization=Unset), zne_mitigation=Unset, zne=ZneOptions(amplifier=Unset, noise_factors=Unset, extrapolator=Unset, extrapolated_noise_factors=Unset), pec_mitigation=Unset, pec=PecOptions(max_overhead=Unset, noise_gain=Unset), layer_noise_learning=LayerNoiseLearningOptions(max_layers_to_learn=Unset, shots_per_randomization=Unset, num_randomizations=Unset, layer_pair_depths=Unset), layer_noise_model=Unset), execution=ExecutionOptionsV2(init_qubits=Unset, rep_delay=Unset), twirling=TwirlingOptions(enable_gates=Unset, enable_measure=Unset, num_randomizations=Unset, shots_per_randomization=Unset, strategy=Unset), experimental=Unset)
[2025-08-21 15:58:11,973][INFO] Iteration 1: Energy = 0.00000000
[2025-08-21 15:58:12,009][INFO] Iteration 2: Energy = 0.00000000
[2025-08-21 15:58:12,039][INFO] Iteration 3: Energy = 0.00000000
[2025-08-21 15:58:12,064][INFO] Iteration 4: Energy = 0.00000000
[2025-08-21 15:58:12,094][INFO] Iteration 5: Energy = 0.00000000
[2025-08-21 15:58:12,126][INFO] Iteration 6: Energy = 0.00000000
[2025-08-21 15:58:12,151][INFO] Iteration 7: Energy = 0.00000000
[2025-08-21 15:58:12,188][INFO] Iteration 8: Energy = 0.00000000
[2025-08-21 15:58:12,221][INFO] Iteration 9: Energy = 0.00000000
[2025-08-21 15:58:12,261][INFO] Iteration 10: Energy = 0.00000000
[2025-08-21 15:58:12,291][INFO] Iteration 11: Energy = 0.00000000
[2025-08-21 15:58:12,324][INFO] Iteration 12: Energy = 0.00000000
[2025-08-21 15:58:12,359][INFO] Iteration 13: Energy = 0.00000000
[2025-08-21 15:58:12,392][INFO] Iteration 14: Energy = 0.00000000
[2025-08-21 15:58:12,428][INFO] Iteration 15: Energy = 0.00000000
[2025-08-21 15:58:12,456][INFO] Iteration 16: Energy = 0.00000000
[2025-08-21 15:58:12,495][INFO] Iteration 17: Energy = 0.00000000
[2025-08-21 15:58:12,542][INFO] Iteration 18: Energy = 0.00000000
[2025-08-21 15:58:12,572][INFO] Iteration 19: Energy = 0.00000000
[2025-08-21 15:58:12,602][INFO] Iteration 20: Energy = 0.00000000
[2025-08-21 15:58:12,632][INFO] Iteration 21: Energy = 0.00000000
[2025-08-21 15:58:12,670][INFO] Iteration 22: Energy = 0.00000000
[2025-08-21 15:58:12,701][INFO] Iteration 23: Energy = 0.00000000
[2025-08-21 15:58:12,730][INFO] Iteration 24: Energy = 0.00000000
[2025-08-21 15:58:12,769][INFO] Iteration 25: Energy = 0.00000000
[2025-08-21 15:58:12,770][INFO] Completed VQE run 52: Energy = 0.000000
[2025-08-21 16:10:21,339][INFO] Starting VQE run 52 (seed=37575072)
[2025-08-21 16:10:21,339][INFO] EstimatorOptions(_VERSION=2, max_execution_time=Unset, environment=EnvironmentOptions(log_level='WARNING', callback=None, job_tags=None, private=False), simulator=SimulatorOptions(noise_model=Unset, seed_simulator=Unset, coupling_map=Unset, basis_gates=Unset), default_precision=Unset, default_shots=None, resilience_level=2, seed_estimator=Unset, dynamical_decoupling=DynamicalDecouplingOptions(enable=Unset, sequence_type=Unset, extra_slack_distribution=Unset, scheduling_method=Unset, skip_reset_qubits=Unset), resilience=ResilienceOptionsV2(measure_mitigation=Unset, measure_noise_learning=MeasureNoiseLearningOptions(num_randomizations=Unset, shots_per_randomization=Unset), zne_mitigation=Unset, zne=ZneOptions(amplifier=Unset, noise_factors=Unset, extrapolator=Unset, extrapolated_noise_factors=Unset), pec_mitigation=Unset, pec=PecOptions(max_overhead=Unset, noise_gain=Unset), layer_noise_learning=LayerNoiseLearningOptions(max_layers_to_learn=Unset, shots_per_randomization=Unset, num_randomizations=Unset, layer_pair_depths=Unset), layer_noise_model=Unset), execution=ExecutionOptionsV2(init_qubits=Unset, rep_delay=Unset), twirling=TwirlingOptions(enable_gates=Unset, enable_measure=Unset, num_randomizations=Unset, shots_per_randomization=Unset, strategy=Unset), experimental=Unset)
[2025-08-21 16:10:25,567][INFO] Iteration 1: Energy = 0.33618164
[2025-08-21 16:10:30,026][INFO] Iteration 2: Energy = 0.02856445
[2025-08-21 16:10:34,423][INFO] Iteration 3: Energy = 0.03051758
[2025-08-21 16:10:38,768][INFO] Iteration 4: Energy = 0.00830078
[2025-08-21 16:10:43,042][INFO] Iteration 5: Energy = 0.00756836
[2025-08-21 16:10:47,359][INFO] Iteration 6: Energy = 0.00952148
[2025-08-21 16:10:51,811][INFO] Iteration 7: Energy = 0.00903320
[2025-08-21 16:10:56,218][INFO] Iteration 8: Energy = 0.00878906
[2025-08-21 16:11:00,672][INFO] Iteration 9: Energy = 0.00683594
[2025-08-21 16:11:05,232][INFO] Iteration 10: Energy = 0.00854492
[2025-08-21 16:11:09,718][INFO] Iteration 11: Energy = 0.00439453
[2025-08-21 16:11:14,129][INFO] Iteration 12: Energy = 0.00854492
[2025-08-21 16:11:18,409][INFO] Iteration 13: Energy = 0.00976562
[2025-08-21 16:11:22,758][INFO] Iteration 14: Energy = 0.00659180
[2025-08-21 16:11:27,076][INFO] Iteration 15: Energy = 0.00854492
[2025-08-21 16:11:31,712][INFO] Iteration 16: Energy = 0.00781250
[2025-08-21 16:11:36,071][INFO] Iteration 17: Energy = 0.01000977
[2025-08-21 16:11:40,467][INFO] Iteration 18: Energy = 0.00732422
[2025-08-21 16:11:45,140][INFO] Iteration 19: Energy = 0.00781250
[2025-08-21 16:11:49,560][INFO] Iteration 20: Energy = 0.00732422
[2025-08-21 16:11:54,009][INFO] Iteration 21: Energy = 0.00708008
[2025-08-21 16:11:58,267][INFO] Iteration 22: Energy = 0.00756836
[2025-08-21 16:12:02,602][INFO] Iteration 23: Energy = 0.00976562
[2025-08-21 16:12:06,946][INFO] Iteration 24: Energy = 0.00830078
[2025-08-21 16:12:11,547][INFO] Iteration 25: Energy = 0.00781250
[2025-08-21 16:12:15,971][INFO] Iteration 26: Energy = 0.00878906
[2025-08-21 16:12:20,387][INFO] Iteration 27: Energy = 0.00976562
[2025-08-21 16:12:24,854][INFO] Iteration 28: Energy = 0.01000977
[2025-08-21 16:12:29,079][INFO] Iteration 29: Energy = 0.00805664
[2025-08-21 16:12:33,566][INFO] Iteration 30: Energy = 0.00756836
[2025-08-21 16:12:37,728][INFO] Iteration 31: Energy = 0.00683594
[2025-08-21 16:12:42,062][INFO] Iteration 32: Energy = 0.01000977
[2025-08-21 16:12:46,440][INFO] Iteration 33: Energy = 0.00756836
[2025-08-21 16:12:50,821][INFO] Iteration 34: Energy = 0.00903320
[2025-08-21 16:12:55,381][INFO] Iteration 35: Energy = 0.00756836
[2025-08-21 16:12:59,834][INFO] Iteration 36: Energy = 0.01025391
[2025-08-21 16:12:59,836][INFO] Completed VQE run 52: Energy = 0.006104
