[2025-08-21 15:58:09,050][INFO] Starting VQE run 19 (seed=34355349)
[2025-08-21 15:58:09,051][INFO] EstimatorOptions(_VERSION=2, max_execution_time=Unset, environment=EnvironmentOptions(log_level='WARNING', callback=None, job_tags=None, private=False), simulator=SimulatorOptions(noise_model=Unset, seed_simulator=Unset, coupling_map=Unset, basis_gates=Unset), default_precision=Unset, default_shots=None, resilience_level=Unset, seed_estimator=Unset, dynamical_decoupling=DynamicalDecouplingOptions(enable=Unset, sequence_type=Unset, extra_slack_distribution=Unset, scheduling_method=Unset, skip_reset_qubits=Unset), resilience=ResilienceOptionsV2(measure_mitigation=Unset, measure_noise_learning=MeasureNoiseLearningOptions(num_randomizations=Unset, shots_per_randomization=Unset), zne_mitigation=Unset, zne=ZneOptions(amplifier=Unset, noise_factors=Unset, extrapolator=Unset, extrapolated_noise_factors=Unset), pec_mitigation=Unset, pec=PecOptions(max_overhead=Unset, noise_gain=Unset), layer_noise_learning=LayerNoiseLearningOptions(max_layers_to_learn=Unset, shots_per_randomization=Unset, num_randomizations=Unset, layer_pair_depths=Unset), layer_noise_model=Unset), execution=ExecutionOptionsV2(init_qubits=Unset, rep_delay=Unset), twirling=TwirlingOptions(enable_gates=Unset, enable_measure=Unset, num_randomizations=Unset, shots_per_randomization=Unset, strategy=Unset), experimental=Unset)
[2025-08-21 15:58:09,090][INFO] Iteration 1: Energy = 0.38305664
[2025-08-21 15:58:09,127][INFO] Iteration 2: Energy = 0.38793945
[2025-08-21 15:58:09,156][INFO] Iteration 3: Energy = 0.03442383
[2025-08-21 15:58:09,192][INFO] Iteration 4: Energy = 0.00000000
[2025-08-21 15:58:09,229][INFO] Iteration 5: Energy = 0.00000000
[2025-08-21 15:58:09,271][INFO] Iteration 6: Energy = 0.00000000
[2025-08-21 15:58:09,305][INFO] Iteration 7: Energy = 0.00000000
[2025-08-21 15:58:09,343][INFO] Iteration 8: Energy = 0.00000000
[2025-08-21 15:58:09,377][INFO] Iteration 9: Energy = 0.00000000
[2025-08-21 15:58:09,414][INFO] Iteration 10: Energy = 0.00000000
[2025-08-21 15:58:09,439][INFO] Iteration 11: Energy = 0.00000000
[2025-08-21 15:58:09,475][INFO] Iteration 12: Energy = 0.00000000
[2025-08-21 15:58:09,508][INFO] Iteration 13: Energy = 0.00000000
[2025-08-21 15:58:09,543][INFO] Iteration 14: Energy = 0.00000000
[2025-08-21 15:58:09,573][INFO] Iteration 15: Energy = 0.00000000
[2025-08-21 15:58:09,613][INFO] Iteration 16: Energy = 0.00000000
[2025-08-21 15:58:09,646][INFO] Iteration 17: Energy = 0.00000000
[2025-08-21 15:58:09,679][INFO] Iteration 18: Energy = 0.00000000
[2025-08-21 15:58:09,713][INFO] Iteration 19: Energy = 0.00000000
[2025-08-21 15:58:09,744][INFO] Iteration 20: Energy = 0.00000000
[2025-08-21 15:58:09,779][INFO] Iteration 21: Energy = 0.00000000
[2025-08-21 15:58:09,814][INFO] Iteration 22: Energy = 0.00000000
[2025-08-21 15:58:09,874][INFO] Iteration 23: Energy = 0.00000000
[2025-08-21 15:58:09,910][INFO] Iteration 24: Energy = 0.00000000
[2025-08-21 15:58:09,949][INFO] Iteration 25: Energy = 0.00000000
[2025-08-21 15:58:09,991][INFO] Iteration 26: Energy = 0.00000000
[2025-08-21 15:58:10,026][INFO] Iteration 27: Energy = 0.00000000
[2025-08-21 15:58:10,027][INFO] Completed VQE run 19: Energy = 0.000000
[2025-08-21 16:02:28,169][INFO] Starting VQE run 19 (seed=44908378)
[2025-08-21 16:02:28,169][INFO] EstimatorOptions(_VERSION=2, max_execution_time=Unset, environment=EnvironmentOptions(log_level='WARNING', callback=None, job_tags=None, private=False), simulator=SimulatorOptions(noise_model=Unset, seed_simulator=Unset, coupling_map=Unset, basis_gates=Unset), default_precision=Unset, default_shots=None, resilience_level=2, seed_estimator=Unset, dynamical_decoupling=DynamicalDecouplingOptions(enable=Unset, sequence_type=Unset, extra_slack_distribution=Unset, scheduling_method=Unset, skip_reset_qubits=Unset), resilience=ResilienceOptionsV2(measure_mitigation=Unset, measure_noise_learning=MeasureNoiseLearningOptions(num_randomizations=Unset, shots_per_randomization=Unset), zne_mitigation=Unset, zne=ZneOptions(amplifier=Unset, noise_factors=Unset, extrapolator=Unset, extrapolated_noise_factors=Unset), pec_mitigation=Unset, pec=PecOptions(max_overhead=Unset, noise_gain=Unset), layer_noise_learning=LayerNoiseLearningOptions(max_layers_to_learn=Unset, shots_per_randomization=Unset, num_randomizations=Unset, layer_pair_depths=Unset), layer_noise_model=Unset), execution=ExecutionOptionsV2(init_qubits=Unset, rep_delay=Unset), twirling=TwirlingOptions(enable_gates=Unset, enable_measure=Unset, num_randomizations=Unset, shots_per_randomization=Unset, strategy=Unset), experimental=Unset)
[2025-08-21 16:02:32,316][INFO] Iteration 1: Energy = 0.88159180
[2025-08-21 16:02:36,389][INFO] Iteration 2: Energy = 0.89306641
[2025-08-21 16:02:40,466][INFO] Iteration 3: Energy = 0.46191406
[2025-08-21 16:02:44,854][INFO] Iteration 4: Energy = 0.08837891
[2025-08-21 16:02:49,238][INFO] Iteration 5: Energy = 0.00634766
[2025-08-21 16:02:53,656][INFO] Iteration 6: Energy = 0.00781250
[2025-08-21 16:02:57,756][INFO] Iteration 7: Energy = 0.01049805
[2025-08-21 16:03:01,950][INFO] Iteration 8: Energy = 0.01025391
[2025-08-21 16:03:06,202][INFO] Iteration 9: Energy = 0.01098633
[2025-08-21 16:03:10,558][INFO] Iteration 10: Energy = 0.00805664
[2025-08-21 16:03:14,627][INFO] Iteration 11: Energy = 0.00927734
[2025-08-21 16:03:18,951][INFO] Iteration 12: Energy = 0.00976562
[2025-08-21 16:03:23,610][INFO] Iteration 13: Energy = 0.00830078
[2025-08-21 16:03:28,172][INFO] Iteration 14: Energy = 0.01123047
[2025-08-21 16:03:32,465][INFO] Iteration 15: Energy = 0.00976562
[2025-08-21 16:03:36,514][INFO] Iteration 16: Energy = 0.01245117
[2025-08-21 16:03:40,741][INFO] Iteration 17: Energy = 0.00854492
[2025-08-21 16:03:44,923][INFO] Iteration 18: Energy = 0.00927734
[2025-08-21 16:03:49,084][INFO] Iteration 19: Energy = 0.01025391
[2025-08-21 16:03:53,763][INFO] Iteration 20: Energy = 0.01074219
[2025-08-21 16:03:58,117][INFO] Iteration 21: Energy = 0.01196289
[2025-08-21 16:04:02,462][INFO] Iteration 22: Energy = 0.01196289
[2025-08-21 16:04:06,787][INFO] Iteration 23: Energy = 0.01293945
[2025-08-21 16:04:10,794][INFO] Iteration 24: Energy = 0.01245117
[2025-08-21 16:04:14,935][INFO] Iteration 25: Energy = 0.01074219
[2025-08-21 16:04:19,166][INFO] Iteration 26: Energy = 0.01049805
[2025-08-21 16:04:23,235][INFO] Iteration 27: Energy = 0.00781250
[2025-08-21 16:04:27,695][INFO] Iteration 28: Energy = 0.00952148
[2025-08-21 16:04:32,032][INFO] Iteration 29: Energy = 0.00976562
[2025-08-21 16:04:36,396][INFO] Iteration 30: Energy = 0.00830078
[2025-08-21 16:04:40,700][INFO] Iteration 31: Energy = 0.00781250
[2025-08-21 16:04:44,947][INFO] Iteration 32: Energy = 0.00976562
[2025-08-21 16:04:49,048][INFO] Iteration 33: Energy = 0.00805664
[2025-08-21 16:04:53,195][INFO] Iteration 34: Energy = 0.01074219
[2025-08-21 16:04:57,446][INFO] Iteration 35: Energy = 0.01123047
[2025-08-21 16:05:01,924][INFO] Iteration 36: Energy = 0.00756836
[2025-08-21 16:05:06,177][INFO] Iteration 37: Energy = 0.00659180
[2025-08-21 16:05:10,415][INFO] Iteration 38: Energy = 0.01123047
[2025-08-21 16:05:15,003][INFO] Iteration 39: Energy = 0.01074219
[2025-08-21 16:05:19,579][INFO] Iteration 40: Energy = 0.01000977
[2025-08-21 16:05:23,913][INFO] Iteration 41: Energy = 0.00854492
[2025-08-21 16:05:23,915][INFO] Completed VQE run 19: Energy = 0.006592
