[2025-08-21 15:58:14,826][INFO] Starting VQE run 82 (seed=22490131)
[2025-08-21 15:58:14,826][INFO] EstimatorOptions(_VERSION=2, max_execution_time=Unset, environment=EnvironmentOptions(log_level='WARNING', callback=None, job_tags=None, private=False), simulator=SimulatorOptions(noise_model=Unset, seed_simulator=Unset, coupling_map=Unset, basis_gates=Unset), default_precision=Unset, default_shots=None, resilience_level=Unset, seed_estimator=Unset, dynamical_decoupling=DynamicalDecouplingOptions(enable=Unset, sequence_type=Unset, extra_slack_distribution=Unset, scheduling_method=Unset, skip_reset_qubits=Unset), resilience=ResilienceOptionsV2(measure_mitigation=Unset, measure_noise_learning=MeasureNoiseLearningOptions(num_randomizations=Unset, shots_per_randomization=Unset), zne_mitigation=Unset, zne=ZneOptions(amplifier=Unset, noise_factors=Unset, extrapolator=Unset, extrapolated_noise_factors=Unset), pec_mitigation=Unset, pec=PecOptions(max_overhead=Unset, noise_gain=Unset), layer_noise_learning=LayerNoiseLearningOptions(max_layers_to_learn=Unset, shots_per_randomization=Unset, num_randomizations=Unset, layer_pair_depths=Unset), layer_noise_model=Unset), execution=ExecutionOptionsV2(init_qubits=Unset, rep_delay=Unset), twirling=TwirlingOptions(enable_gates=Unset, enable_measure=Unset, num_randomizations=Unset, shots_per_randomization=Unset, strategy=Unset), experimental=Unset)
[2025-08-21 15:58:14,855][INFO] Iteration 1: Energy = 0.20654297
[2025-08-21 15:58:14,886][INFO] Iteration 2: Energy = 0.19433594
[2025-08-21 15:58:14,923][INFO] Iteration 3: Energy = 0.00000000
[2025-08-21 15:58:14,957][INFO] Iteration 4: Energy = 0.00000000
[2025-08-21 15:58:14,999][INFO] Iteration 5: Energy = 0.00000000
[2025-08-21 15:58:15,035][INFO] Iteration 6: Energy = 0.00000000
[2025-08-21 15:58:15,071][INFO] Iteration 7: Energy = 0.00000000
[2025-08-21 15:58:15,111][INFO] Iteration 8: Energy = 0.00000000
[2025-08-21 15:58:15,157][INFO] Iteration 9: Energy = 0.00000000
[2025-08-21 15:58:15,192][INFO] Iteration 10: Energy = 0.00000000
[2025-08-21 15:58:15,218][INFO] Iteration 11: Energy = 0.00000000
[2025-08-21 15:58:15,255][INFO] Iteration 12: Energy = 0.00000000
[2025-08-21 15:58:15,290][INFO] Iteration 13: Energy = 0.00000000
[2025-08-21 15:58:15,321][INFO] Iteration 14: Energy = 0.00000000
[2025-08-21 15:58:15,346][INFO] Iteration 15: Energy = 0.00000000
[2025-08-21 15:58:15,389][INFO] Iteration 16: Energy = 0.00000000
[2025-08-21 15:58:15,436][INFO] Iteration 17: Energy = 0.00000000
[2025-08-21 15:58:15,469][INFO] Iteration 18: Energy = 0.00000000
[2025-08-21 15:58:15,496][INFO] Iteration 19: Energy = 0.00000000
[2025-08-21 15:58:15,529][INFO] Iteration 20: Energy = 0.00000000
[2025-08-21 15:58:15,569][INFO] Iteration 21: Energy = 0.00000000
[2025-08-21 15:58:15,603][INFO] Iteration 22: Energy = 0.00000000
[2025-08-21 15:58:15,638][INFO] Iteration 23: Energy = 0.00000000
[2025-08-21 15:58:15,676][INFO] Iteration 24: Energy = 0.00000000
[2025-08-21 15:58:15,721][INFO] Iteration 25: Energy = 0.00000000
[2025-08-21 15:58:15,722][INFO] Completed VQE run 82: Energy = 0.000000
[2025-08-21 16:18:37,467][INFO] Starting VQE run 82 (seed=51103968)
[2025-08-21 16:18:37,468][INFO] EstimatorOptions(_VERSION=2, max_execution_time=Unset, environment=EnvironmentOptions(log_level='WARNING', callback=None, job_tags=None, private=False), simulator=SimulatorOptions(noise_model=Unset, seed_simulator=Unset, coupling_map=Unset, basis_gates=Unset), default_precision=Unset, default_shots=None, resilience_level=2, seed_estimator=Unset, dynamical_decoupling=DynamicalDecouplingOptions(enable=Unset, sequence_type=Unset, extra_slack_distribution=Unset, scheduling_method=Unset, skip_reset_qubits=Unset), resilience=ResilienceOptionsV2(measure_mitigation=Unset, measure_noise_learning=MeasureNoiseLearningOptions(num_randomizations=Unset, shots_per_randomization=Unset), zne_mitigation=Unset, zne=ZneOptions(amplifier=Unset, noise_factors=Unset, extrapolator=Unset, extrapolated_noise_factors=Unset), pec_mitigation=Unset, pec=PecOptions(max_overhead=Unset, noise_gain=Unset), layer_noise_learning=LayerNoiseLearningOptions(max_layers_to_learn=Unset, shots_per_randomization=Unset, num_randomizations=Unset, layer_pair_depths=Unset), layer_noise_model=Unset), execution=ExecutionOptionsV2(init_qubits=Unset, rep_delay=Unset), twirling=TwirlingOptions(enable_gates=Unset, enable_measure=Unset, num_randomizations=Unset, shots_per_randomization=Unset, strategy=Unset), experimental=Unset)
[2025-08-21 16:18:41,929][INFO] Iteration 1: Energy = 0.97460938
[2025-08-21 16:18:46,235][INFO] Iteration 2: Energy = 0.66650391
[2025-08-21 16:18:50,730][INFO] Iteration 3: Energy = 0.67773438
[2025-08-21 16:18:55,257][INFO] Iteration 4: Energy = 0.21875000
[2025-08-21 16:18:59,686][INFO] Iteration 5: Energy = 0.00952148
[2025-08-21 16:19:03,812][INFO] Iteration 6: Energy = 0.00732422
[2025-08-21 16:19:08,155][INFO] Iteration 7: Energy = 0.00708008
[2025-08-21 16:19:12,763][INFO] Iteration 8: Energy = 0.00659180
[2025-08-21 16:19:16,832][INFO] Iteration 9: Energy = 0.00830078
[2025-08-21 16:19:21,059][INFO] Iteration 10: Energy = 0.00927734
[2025-08-21 16:19:25,491][INFO] Iteration 11: Energy = 0.00854492
[2025-08-21 16:19:29,942][INFO] Iteration 12: Energy = 0.00683594
[2025-08-21 16:19:34,594][INFO] Iteration 13: Energy = 0.00976562
[2025-08-21 16:19:39,114][INFO] Iteration 14: Energy = 0.00878906
[2025-08-21 16:19:43,679][INFO] Iteration 15: Energy = 0.00854492
[2025-08-21 16:19:48,145][INFO] Iteration 16: Energy = 0.00952148
[2025-08-21 16:19:52,423][INFO] Iteration 17: Energy = 0.01000977
[2025-08-21 16:19:56,793][INFO] Iteration 18: Energy = 0.00952148
[2025-08-21 16:20:01,011][INFO] Iteration 19: Energy = 0.01025391
[2025-08-21 16:20:05,456][INFO] Iteration 20: Energy = 0.00708008
[2025-08-21 16:20:09,972][INFO] Iteration 21: Energy = 0.00805664
[2025-08-21 16:20:14,412][INFO] Iteration 22: Energy = 0.00805664
[2025-08-21 16:20:18,887][INFO] Iteration 23: Energy = 0.00878906
[2025-08-21 16:20:23,204][INFO] Iteration 24: Energy = 0.00781250
[2025-08-21 16:20:27,458][INFO] Iteration 25: Energy = 0.00488281
[2025-08-21 16:20:31,837][INFO] Iteration 26: Energy = 0.00878906
[2025-08-21 16:20:36,125][INFO] Iteration 27: Energy = 0.00512695
[2025-08-21 16:20:40,690][INFO] Iteration 28: Energy = 0.00805664
[2025-08-21 16:20:45,086][INFO] Iteration 29: Energy = 0.00854492
[2025-08-21 16:20:49,424][INFO] Iteration 30: Energy = 0.00952148
[2025-08-21 16:20:53,777][INFO] Iteration 31: Energy = 0.00952148
[2025-08-21 16:20:57,980][INFO] Iteration 32: Energy = 0.00830078
[2025-08-21 16:21:02,231][INFO] Iteration 33: Energy = 0.00927734
[2025-08-21 16:21:06,628][INFO] Iteration 34: Energy = 0.00708008
[2025-08-21 16:21:10,988][INFO] Iteration 35: Energy = 0.00512695
[2025-08-21 16:21:15,221][INFO] Iteration 36: Energy = 0.00634766
[2025-08-21 16:21:19,559][INFO] Iteration 37: Energy = 0.00927734
[2025-08-21 16:21:23,690][INFO] Iteration 38: Energy = 0.00952148
[2025-08-21 16:21:28,095][INFO] Iteration 39: Energy = 0.00756836
[2025-08-21 16:21:32,573][INFO] Iteration 40: Energy = 0.00830078
[2025-08-21 16:21:37,043][INFO] Iteration 41: Energy = 0.00781250
[2025-08-21 16:21:41,391][INFO] Iteration 42: Energy = 0.00952148
[2025-08-21 16:21:41,391][INFO] Completed VQE run 82: Energy = 0.006348
