[2025-08-21 15:58:13,996][INFO] Starting VQE run 84 (seed=34395573)
[2025-08-21 15:58:13,997][INFO] EstimatorOptions(_VERSION=2, max_execution_time=Unset, environment=EnvironmentOptions(log_level='WARNING', callback=None, job_tags=None, private=False), simulator=SimulatorOptions(noise_model=Unset, seed_simulator=Unset, coupling_map=Unset, basis_gates=Unset), default_precision=Unset, default_shots=None, resilience_level=Unset, seed_estimator=Unset, dynamical_decoupling=DynamicalDecouplingOptions(enable=Unset, sequence_type=Unset, extra_slack_distribution=Unset, scheduling_method=Unset, skip_reset_qubits=Unset), resilience=ResilienceOptionsV2(measure_mitigation=Unset, measure_noise_learning=MeasureNoiseLearningOptions(num_randomizations=Unset, shots_per_randomization=Unset), zne_mitigation=Unset, zne=ZneOptions(amplifier=Unset, noise_factors=Unset, extrapolator=Unset, extrapolated_noise_factors=Unset), pec_mitigation=Unset, pec=PecOptions(max_overhead=Unset, noise_gain=Unset), layer_noise_learning=LayerNoiseLearningOptions(max_layers_to_learn=Unset, shots_per_randomization=Unset, num_randomizations=Unset, layer_pair_depths=Unset), layer_noise_model=Unset), execution=ExecutionOptionsV2(init_qubits=Unset, rep_delay=Unset), twirling=TwirlingOptions(enable_gates=Unset, enable_measure=Unset, num_randomizations=Unset, shots_per_randomization=Unset, strategy=Unset), experimental=Unset)
[2025-08-21 15:58:14,033][INFO] Iteration 1: Energy = 0.93823242
[2025-08-21 15:58:14,075][INFO] Iteration 2: Energy = 0.54028320
[2025-08-21 15:58:14,103][INFO] Iteration 3: Energy = 0.54223633
[2025-08-21 15:58:14,133][INFO] Iteration 4: Energy = 0.11865234
[2025-08-21 15:58:14,171][INFO] Iteration 5: Energy = 0.00000000
[2025-08-21 15:58:14,219][INFO] Iteration 6: Energy = 0.00000000
[2025-08-21 15:58:14,248][INFO] Iteration 7: Energy = 0.00000000
[2025-08-21 15:58:14,278][INFO] Iteration 8: Energy = 0.00000000
[2025-08-21 15:58:14,311][INFO] Iteration 9: Energy = 0.00000000
[2025-08-21 15:58:14,352][INFO] Iteration 10: Energy = 0.00000000
[2025-08-21 15:58:14,380][INFO] Iteration 11: Energy = 0.00000000
[2025-08-21 15:58:14,411][INFO] Iteration 12: Energy = 0.00000000
[2025-08-21 15:58:14,457][INFO] Iteration 13: Energy = 0.00000000
[2025-08-21 15:58:14,497][INFO] Iteration 14: Energy = 0.00000000
[2025-08-21 15:58:14,524][INFO] Iteration 15: Energy = 0.00000000
[2025-08-21 15:58:14,557][INFO] Iteration 16: Energy = 0.00000000
[2025-08-21 15:58:14,592][INFO] Iteration 17: Energy = 0.00000000
[2025-08-21 15:58:14,628][INFO] Iteration 18: Energy = 0.00000000
[2025-08-21 15:58:14,665][INFO] Iteration 19: Energy = 0.00000000
[2025-08-21 15:58:14,693][INFO] Iteration 20: Energy = 0.00000000
[2025-08-21 15:58:14,724][INFO] Iteration 21: Energy = 0.00000000
[2025-08-21 15:58:14,757][INFO] Iteration 22: Energy = 0.00000000
[2025-08-21 15:58:14,782][INFO] Iteration 23: Energy = 0.00000000
[2025-08-21 15:58:14,819][INFO] Iteration 24: Energy = 0.00000000
[2025-08-21 15:58:14,855][INFO] Iteration 25: Energy = 0.00000000
[2025-08-21 15:58:14,895][INFO] Iteration 26: Energy = 0.00000000
[2025-08-21 15:58:14,924][INFO] Iteration 27: Energy = 0.00000000
[2025-08-21 15:58:14,950][INFO] Iteration 28: Energy = 0.00000000
[2025-08-21 15:58:14,951][INFO] Completed VQE run 84: Energy = 0.000000
[2025-08-21 15:58:59,698][INFO] Starting VQE run 84 (seed=39834854)
[2025-08-21 16:16:04,623][INFO] Starting VQE run 84 (seed=31917303)
[2025-08-21 16:16:04,624][INFO] EstimatorOptions(_VERSION=2, max_execution_time=Unset, environment=EnvironmentOptions(log_level='WARNING', callback=None, job_tags=None, private=False), simulator=SimulatorOptions(noise_model=Unset, seed_simulator=Unset, coupling_map=Unset, basis_gates=Unset), default_precision=Unset, default_shots=None, resilience_level=2, seed_estimator=Unset, dynamical_decoupling=DynamicalDecouplingOptions(enable=Unset, sequence_type=Unset, extra_slack_distribution=Unset, scheduling_method=Unset, skip_reset_qubits=Unset), resilience=ResilienceOptionsV2(measure_mitigation=Unset, measure_noise_learning=MeasureNoiseLearningOptions(num_randomizations=Unset, shots_per_randomization=Unset), zne_mitigation=Unset, zne=ZneOptions(amplifier=Unset, noise_factors=Unset, extrapolator=Unset, extrapolated_noise_factors=Unset), pec_mitigation=Unset, pec=PecOptions(max_overhead=Unset, noise_gain=Unset), layer_noise_learning=LayerNoiseLearningOptions(max_layers_to_learn=Unset, shots_per_randomization=Unset, num_randomizations=Unset, layer_pair_depths=Unset), layer_noise_model=Unset), execution=ExecutionOptionsV2(init_qubits=Unset, rep_delay=Unset), twirling=TwirlingOptions(enable_gates=Unset, enable_measure=Unset, num_randomizations=Unset, shots_per_randomization=Unset, strategy=Unset), experimental=Unset)
[2025-08-21 16:16:09,291][INFO] Iteration 1: Energy = 0.31054688
[2025-08-21 16:16:13,691][INFO] Iteration 2: Energy = 0.30834961
[2025-08-21 16:16:18,000][INFO] Iteration 3: Energy = 0.02343750
[2025-08-21 16:16:22,434][INFO] Iteration 4: Energy = 0.00903320
[2025-08-21 16:16:26,955][INFO] Iteration 5: Energy = 0.01293945
[2025-08-21 16:16:31,467][INFO] Iteration 6: Energy = 0.00927734
[2025-08-21 16:16:35,842][INFO] Iteration 7: Energy = 0.01318359
[2025-08-21 16:16:40,523][INFO] Iteration 8: Energy = 0.01000977
[2025-08-21 16:16:44,748][INFO] Iteration 9: Energy = 0.00903320
[2025-08-21 16:16:49,140][INFO] Iteration 10: Energy = 0.01000977
[2025-08-21 16:16:53,537][INFO] Iteration 11: Energy = 0.00854492
[2025-08-21 16:16:58,020][INFO] Iteration 12: Energy = 0.01025391
[2025-08-21 16:17:02,756][INFO] Iteration 13: Energy = 0.01025391
[2025-08-21 16:17:07,241][INFO] Iteration 14: Energy = 0.00854492
[2025-08-21 16:17:11,857][INFO] Iteration 15: Energy = 0.00683594
[2025-08-21 16:17:16,345][INFO] Iteration 16: Energy = 0.00732422
[2025-08-21 16:17:20,854][INFO] Iteration 17: Energy = 0.01171875
[2025-08-21 16:17:25,326][INFO] Iteration 18: Energy = 0.00781250
[2025-08-21 16:17:29,770][INFO] Iteration 19: Energy = 0.01049805
[2025-08-21 16:17:34,429][INFO] Iteration 20: Energy = 0.01000977
[2025-08-21 16:17:38,510][INFO] Iteration 21: Energy = 0.00805664
[2025-08-21 16:17:43,078][INFO] Iteration 22: Energy = 0.00878906
[2025-08-21 16:17:47,326][INFO] Iteration 23: Energy = 0.00805664
[2025-08-21 16:17:51,663][INFO] Iteration 24: Energy = 0.00830078
[2025-08-21 16:17:56,252][INFO] Iteration 25: Energy = 0.01196289
[2025-08-21 16:18:00,831][INFO] Iteration 26: Energy = 0.01171875
[2025-08-21 16:18:05,337][INFO] Iteration 27: Energy = 0.01318359
[2025-08-21 16:18:09,836][INFO] Iteration 28: Energy = 0.01293945
[2025-08-21 16:18:14,136][INFO] Iteration 29: Energy = 0.01416016
[2025-08-21 16:18:18,368][INFO] Iteration 30: Energy = 0.00927734
[2025-08-21 16:18:22,821][INFO] Iteration 31: Energy = 0.01098633
[2025-08-21 16:18:27,483][INFO] Iteration 32: Energy = 0.00952148
[2025-08-21 16:18:31,911][INFO] Iteration 33: Energy = 0.00854492
[2025-08-21 16:18:36,320][INFO] Iteration 34: Energy = 0.00927734
[2025-08-21 16:18:40,668][INFO] Iteration 35: Energy = 0.01098633
[2025-08-21 16:18:45,067][INFO] Iteration 36: Energy = 0.01074219
[2025-08-21 16:18:49,664][INFO] Iteration 37: Energy = 0.01220703
[2025-08-21 16:18:49,665][INFO] Completed VQE run 84: Energy = 0.006592
