[2025-08-21 15:58:10,091][INFO] Starting VQE run 26 (seed=22356419)
[2025-08-21 15:58:10,091][INFO] EstimatorOptions(_VERSION=2, max_execution_time=Unset, environment=EnvironmentOptions(log_level='WARNING', callback=None, job_tags=None, private=False), simulator=SimulatorOptions(noise_model=Unset, seed_simulator=Unset, coupling_map=Unset, basis_gates=Unset), default_precision=Unset, default_shots=None, resilience_level=Unset, seed_estimator=Unset, dynamical_decoupling=DynamicalDecouplingOptions(enable=Unset, sequence_type=Unset, extra_slack_distribution=Unset, scheduling_method=Unset, skip_reset_qubits=Unset), resilience=ResilienceOptionsV2(measure_mitigation=Unset, measure_noise_learning=MeasureNoiseLearningOptions(num_randomizations=Unset, shots_per_randomization=Unset), zne_mitigation=Unset, zne=ZneOptions(amplifier=Unset, noise_factors=Unset, extrapolator=Unset, extrapolated_noise_factors=Unset), pec_mitigation=Unset, pec=PecOptions(max_overhead=Unset, noise_gain=Unset), layer_noise_learning=LayerNoiseLearningOptions(max_layers_to_learn=Unset, shots_per_randomization=Unset, num_randomizations=Unset, layer_pair_depths=Unset), layer_noise_model=Unset), execution=ExecutionOptionsV2(init_qubits=Unset, rep_delay=Unset), twirling=TwirlingOptions(enable_gates=Unset, enable_measure=Unset, num_randomizations=Unset, shots_per_randomization=Unset, strategy=Unset), experimental=Unset)
[2025-08-21 15:58:10,125][INFO] Iteration 1: Energy = 0.00000000
[2025-08-21 15:58:10,161][INFO] Iteration 2: Energy = 0.00000000
[2025-08-21 15:58:10,201][INFO] Iteration 3: Energy = 0.00000000
[2025-08-21 15:58:10,235][INFO] Iteration 4: Energy = 0.00000000
[2025-08-21 15:58:10,273][INFO] Iteration 5: Energy = 0.00000000
[2025-08-21 15:58:10,310][INFO] Iteration 6: Energy = 0.00000000
[2025-08-21 15:58:10,348][INFO] Iteration 7: Energy = 0.00000000
[2025-08-21 15:58:10,389][INFO] Iteration 8: Energy = 0.00000000
[2025-08-21 15:58:10,414][INFO] Iteration 9: Energy = 0.00000000
[2025-08-21 15:58:10,458][INFO] Iteration 10: Energy = 0.00000000
[2025-08-21 15:58:10,499][INFO] Iteration 11: Energy = 0.00000000
[2025-08-21 15:58:10,539][INFO] Iteration 12: Energy = 0.00000000
[2025-08-21 15:58:10,566][INFO] Iteration 13: Energy = 0.00000000
[2025-08-21 15:58:10,610][INFO] Iteration 14: Energy = 0.00000000
[2025-08-21 15:58:10,647][INFO] Iteration 15: Energy = 0.00000000
[2025-08-21 15:58:10,682][INFO] Iteration 16: Energy = 0.00000000
[2025-08-21 15:58:10,707][INFO] Iteration 17: Energy = 0.00000000
[2025-08-21 15:58:10,742][INFO] Iteration 18: Energy = 0.00000000
[2025-08-21 15:58:10,775][INFO] Iteration 19: Energy = 0.00000000
[2025-08-21 15:58:10,815][INFO] Iteration 20: Energy = 0.00000000
[2025-08-21 15:58:10,841][INFO] Iteration 21: Energy = 0.00000000
[2025-08-21 15:58:10,878][INFO] Iteration 22: Energy = 0.00000000
[2025-08-21 15:58:10,922][INFO] Iteration 23: Energy = 0.00000000
[2025-08-21 15:58:10,957][INFO] Iteration 24: Energy = 0.00000000
[2025-08-21 15:58:10,982][INFO] Iteration 25: Energy = 0.00000000
[2025-08-21 15:58:10,983][INFO] Completed VQE run 26: Energy = 0.000000
[2025-08-21 16:04:59,081][INFO] Starting VQE run 26 (seed=19230416)
[2025-08-21 16:04:59,081][INFO] EstimatorOptions(_VERSION=2, max_execution_time=Unset, environment=EnvironmentOptions(log_level='WARNING', callback=None, job_tags=None, private=False), simulator=SimulatorOptions(noise_model=Unset, seed_simulator=Unset, coupling_map=Unset, basis_gates=Unset), default_precision=Unset, default_shots=None, resilience_level=2, seed_estimator=Unset, dynamical_decoupling=DynamicalDecouplingOptions(enable=Unset, sequence_type=Unset, extra_slack_distribution=Unset, scheduling_method=Unset, skip_reset_qubits=Unset), resilience=ResilienceOptionsV2(measure_mitigation=Unset, measure_noise_learning=MeasureNoiseLearningOptions(num_randomizations=Unset, shots_per_randomization=Unset), zne_mitigation=Unset, zne=ZneOptions(amplifier=Unset, noise_factors=Unset, extrapolator=Unset, extrapolated_noise_factors=Unset), pec_mitigation=Unset, pec=PecOptions(max_overhead=Unset, noise_gain=Unset), layer_noise_learning=LayerNoiseLearningOptions(max_layers_to_learn=Unset, shots_per_randomization=Unset, num_randomizations=Unset, layer_pair_depths=Unset), layer_noise_model=Unset), execution=ExecutionOptionsV2(init_qubits=Unset, rep_delay=Unset), twirling=TwirlingOptions(enable_gates=Unset, enable_measure=Unset, num_randomizations=Unset, shots_per_randomization=Unset, strategy=Unset), experimental=Unset)
[2025-08-21 16:05:03,219][INFO] Iteration 1: Energy = 0.00756836
[2025-08-21 16:05:07,434][INFO] Iteration 2: Energy = 0.00756836
[2025-08-21 16:05:11,730][INFO] Iteration 3: Energy = 0.00683594
[2025-08-21 16:05:16,011][INFO] Iteration 4: Energy = 0.00805664
[2025-08-21 16:05:20,345][INFO] Iteration 5: Energy = 0.01147461
[2025-08-21 16:05:24,869][INFO] Iteration 6: Energy = 0.00927734
[2025-08-21 16:05:29,143][INFO] Iteration 7: Energy = 0.01171875
[2025-08-21 16:05:33,426][INFO] Iteration 8: Energy = 0.01147461
[2025-08-21 16:05:37,687][INFO] Iteration 9: Energy = 0.00976562
[2025-08-21 16:05:41,945][INFO] Iteration 10: Energy = 0.01025391
[2025-08-21 16:05:46,505][INFO] Iteration 11: Energy = 0.01000977
[2025-08-21 16:05:50,907][INFO] Iteration 12: Energy = 0.00732422
[2025-08-21 16:05:55,411][INFO] Iteration 13: Energy = 0.00976562
[2025-08-21 16:05:59,598][INFO] Iteration 14: Energy = 0.00830078
[2025-08-21 16:06:03,902][INFO] Iteration 15: Energy = 0.00927734
[2025-08-21 16:06:08,132][INFO] Iteration 16: Energy = 0.01098633
[2025-08-21 16:06:12,516][INFO] Iteration 17: Energy = 0.01025391
[2025-08-21 16:06:16,920][INFO] Iteration 18: Energy = 0.00976562
[2025-08-21 16:06:21,311][INFO] Iteration 19: Energy = 0.00952148
[2025-08-21 16:06:25,699][INFO] Iteration 20: Energy = 0.00903320
[2025-08-21 16:06:29,957][INFO] Iteration 21: Energy = 0.01000977
[2025-08-21 16:06:34,295][INFO] Iteration 22: Energy = 0.00952148
[2025-08-21 16:06:38,629][INFO] Iteration 23: Energy = 0.01098633
[2025-08-21 16:06:42,913][INFO] Iteration 24: Energy = 0.01074219
[2025-08-21 16:06:47,072][INFO] Iteration 25: Energy = 0.00952148
[2025-08-21 16:06:51,351][INFO] Iteration 26: Energy = 0.00952148
[2025-08-21 16:06:55,479][INFO] Iteration 27: Energy = 0.01196289
[2025-08-21 16:06:59,812][INFO] Iteration 28: Energy = 0.01123047
[2025-08-21 16:07:03,969][INFO] Iteration 29: Energy = 0.00854492
[2025-08-21 16:07:08,497][INFO] Iteration 30: Energy = 0.01025391
[2025-08-21 16:07:12,938][INFO] Iteration 31: Energy = 0.00952148
[2025-08-21 16:07:17,586][INFO] Iteration 32: Energy = 0.01098633
[2025-08-21 16:07:22,040][INFO] Iteration 33: Energy = 0.00854492
[2025-08-21 16:07:26,196][INFO] Iteration 34: Energy = 0.01147461
[2025-08-21 16:07:30,626][INFO] Iteration 35: Energy = 0.00976562
[2025-08-21 16:07:34,876][INFO] Iteration 36: Energy = 0.00927734
[2025-08-21 16:07:34,878][INFO] Completed VQE run 26: Energy = 0.006348
