[2025-08-21 15:58:11,770][INFO] Starting VQE run 63 (seed=96240191)
[2025-08-21 15:58:11,771][INFO] EstimatorOptions(_VERSION=2, max_execution_time=Unset, environment=EnvironmentOptions(log_level='WARNING', callback=None, job_tags=None, private=False), simulator=SimulatorOptions(noise_model=Unset, seed_simulator=Unset, coupling_map=Unset, basis_gates=Unset), default_precision=Unset, default_shots=None, resilience_level=Unset, seed_estimator=Unset, dynamical_decoupling=DynamicalDecouplingOptions(enable=Unset, sequence_type=Unset, extra_slack_distribution=Unset, scheduling_method=Unset, skip_reset_qubits=Unset), resilience=ResilienceOptionsV2(measure_mitigation=Unset, measure_noise_learning=MeasureNoiseLearningOptions(num_randomizations=Unset, shots_per_randomization=Unset), zne_mitigation=Unset, zne=ZneOptions(amplifier=Unset, noise_factors=Unset, extrapolator=Unset, extrapolated_noise_factors=Unset), pec_mitigation=Unset, pec=PecOptions(max_overhead=Unset, noise_gain=Unset), layer_noise_learning=LayerNoiseLearningOptions(max_layers_to_learn=Unset, shots_per_randomization=Unset, num_randomizations=Unset, layer_pair_depths=Unset), layer_noise_model=Unset), execution=ExecutionOptionsV2(init_qubits=Unset, rep_delay=Unset), twirling=TwirlingOptions(enable_gates=Unset, enable_measure=Unset, num_randomizations=Unset, shots_per_randomization=Unset, strategy=Unset), experimental=Unset)
[2025-08-21 15:58:11,815][INFO] Iteration 1: Energy = 0.21679688
[2025-08-21 15:58:11,847][INFO] Iteration 2: Energy = 0.00000000
[2025-08-21 15:58:11,877][INFO] Iteration 3: Energy = 0.00000000
[2025-08-21 15:58:11,914][INFO] Iteration 4: Energy = 0.00000000
[2025-08-21 15:58:11,958][INFO] Iteration 5: Energy = 0.00000000
[2025-08-21 15:58:11,999][INFO] Iteration 6: Energy = 0.00000000
[2025-08-21 15:58:12,027][INFO] Iteration 7: Energy = 0.00000000
[2025-08-21 15:58:12,065][INFO] Iteration 8: Energy = 0.00000000
[2025-08-21 15:58:12,100][INFO] Iteration 9: Energy = 0.00000000
[2025-08-21 15:58:12,133][INFO] Iteration 10: Energy = 0.00000000
[2025-08-21 15:58:12,167][INFO] Iteration 11: Energy = 0.00000000
[2025-08-21 15:58:12,207][INFO] Iteration 12: Energy = 0.00000000
[2025-08-21 15:58:12,255][INFO] Iteration 13: Energy = 0.00000000
[2025-08-21 15:58:12,289][INFO] Iteration 14: Energy = 0.00000000
[2025-08-21 15:58:12,312][INFO] Iteration 15: Energy = 0.00000000
[2025-08-21 15:58:12,352][INFO] Iteration 16: Energy = 0.00000000
[2025-08-21 15:58:12,391][INFO] Iteration 17: Energy = 0.00000000
[2025-08-21 15:58:12,425][INFO] Iteration 18: Energy = 0.00000000
[2025-08-21 15:58:12,454][INFO] Iteration 19: Energy = 0.00000000
[2025-08-21 15:58:12,488][INFO] Iteration 20: Energy = 0.00000000
[2025-08-21 15:58:12,530][INFO] Iteration 21: Energy = 0.00000000
[2025-08-21 15:58:12,562][INFO] Iteration 22: Energy = 0.00000000
[2025-08-21 15:58:12,592][INFO] Iteration 23: Energy = 0.00000000
[2025-08-21 15:58:12,632][INFO] Iteration 24: Energy = 0.00000000
[2025-08-21 15:58:12,664][INFO] Iteration 25: Energy = 0.00000000
[2025-08-21 15:58:12,665][INFO] Completed VQE run 63: Energy = 0.000000
[2025-08-21 15:58:59,654][INFO] Starting VQE run 63 (seed=99367201)
[2025-08-21 16:14:43,397][INFO] Starting VQE run 63 (seed=118717999)
[2025-08-21 16:14:43,397][INFO] EstimatorOptions(_VERSION=2, max_execution_time=Unset, environment=EnvironmentOptions(log_level='WARNING', callback=None, job_tags=None, private=False), simulator=SimulatorOptions(noise_model=Unset, seed_simulator=Unset, coupling_map=Unset, basis_gates=Unset), default_precision=Unset, default_shots=None, resilience_level=2, seed_estimator=Unset, dynamical_decoupling=DynamicalDecouplingOptions(enable=Unset, sequence_type=Unset, extra_slack_distribution=Unset, scheduling_method=Unset, skip_reset_qubits=Unset), resilience=ResilienceOptionsV2(measure_mitigation=Unset, measure_noise_learning=MeasureNoiseLearningOptions(num_randomizations=Unset, shots_per_randomization=Unset), zne_mitigation=Unset, zne=ZneOptions(amplifier=Unset, noise_factors=Unset, extrapolator=Unset, extrapolated_noise_factors=Unset), pec_mitigation=Unset, pec=PecOptions(max_overhead=Unset, noise_gain=Unset), layer_noise_learning=LayerNoiseLearningOptions(max_layers_to_learn=Unset, shots_per_randomization=Unset, num_randomizations=Unset, layer_pair_depths=Unset), layer_noise_model=Unset), execution=ExecutionOptionsV2(init_qubits=Unset, rep_delay=Unset), twirling=TwirlingOptions(enable_gates=Unset, enable_measure=Unset, num_randomizations=Unset, shots_per_randomization=Unset, strategy=Unset), experimental=Unset)
[2025-08-21 16:14:47,868][INFO] Iteration 1: Energy = 0.41650391
[2025-08-21 16:14:52,263][INFO] Iteration 2: Energy = 0.06347656
[2025-08-21 16:14:56,577][INFO] Iteration 3: Energy = 0.05639648
[2025-08-21 16:15:00,940][INFO] Iteration 4: Energy = 0.00610352
[2025-08-21 16:15:05,263][INFO] Iteration 5: Energy = 0.00732422
[2025-08-21 16:15:09,528][INFO] Iteration 6: Energy = 0.00952148
[2025-08-21 16:15:13,642][INFO] Iteration 7: Energy = 0.00805664
[2025-08-21 16:15:18,198][INFO] Iteration 8: Energy = 0.00561523
[2025-08-21 16:15:22,662][INFO] Iteration 9: Energy = 0.00927734
[2025-08-21 16:15:27,094][INFO] Iteration 10: Energy = 0.01074219
[2025-08-21 16:15:31,442][INFO] Iteration 11: Energy = 0.00805664
[2025-08-21 16:15:35,649][INFO] Iteration 12: Energy = 0.00781250
[2025-08-21 16:15:39,893][INFO] Iteration 13: Energy = 0.00781250
[2025-08-21 16:15:44,067][INFO] Iteration 14: Energy = 0.00708008
[2025-08-21 16:15:48,458][INFO] Iteration 15: Energy = 0.00927734
[2025-08-21 16:15:52,723][INFO] Iteration 16: Energy = 0.00903320
[2025-08-21 16:15:57,184][INFO] Iteration 17: Energy = 0.00708008
[2025-08-21 16:16:01,657][INFO] Iteration 18: Energy = 0.00805664
[2025-08-21 16:16:06,100][INFO] Iteration 19: Energy = 0.00708008
[2025-08-21 16:16:10,557][INFO] Iteration 20: Energy = 0.00976562
[2025-08-21 16:16:14,962][INFO] Iteration 21: Energy = 0.00683594
[2025-08-21 16:16:19,286][INFO] Iteration 22: Energy = 0.00732422
[2025-08-21 16:16:23,537][INFO] Iteration 23: Energy = 0.00683594
[2025-08-21 16:16:27,831][INFO] Iteration 24: Energy = 0.00732422
[2025-08-21 16:16:32,130][INFO] Iteration 25: Energy = 0.00830078
[2025-08-21 16:16:36,264][INFO] Iteration 26: Energy = 0.00878906
[2025-08-21 16:16:40,826][INFO] Iteration 27: Energy = 0.01000977
[2025-08-21 16:16:45,268][INFO] Iteration 28: Energy = 0.00732422
[2025-08-21 16:16:49,611][INFO] Iteration 29: Energy = 0.00708008
[2025-08-21 16:16:53,919][INFO] Iteration 30: Energy = 0.00659180
[2025-08-21 16:16:53,921][INFO] Completed VQE run 63: Energy = 0.005371
