[2025-08-21 15:58:11,297][INFO] Starting VQE run 60 (seed=76861935)
[2025-08-21 15:58:11,298][INFO] EstimatorOptions(_VERSION=2, max_execution_time=Unset, environment=EnvironmentOptions(log_level='WARNING', callback=None, job_tags=None, private=False), simulator=SimulatorOptions(noise_model=Unset, seed_simulator=Unset, coupling_map=Unset, basis_gates=Unset), default_precision=Unset, default_shots=None, resilience_level=Unset, seed_estimator=Unset, dynamical_decoupling=DynamicalDecouplingOptions(enable=Unset, sequence_type=Unset, extra_slack_distribution=Unset, scheduling_method=Unset, skip_reset_qubits=Unset), resilience=ResilienceOptionsV2(measure_mitigation=Unset, measure_noise_learning=MeasureNoiseLearningOptions(num_randomizations=Unset, shots_per_randomization=Unset), zne_mitigation=Unset, zne=ZneOptions(amplifier=Unset, noise_factors=Unset, extrapolator=Unset, extrapolated_noise_factors=Unset), pec_mitigation=Unset, pec=PecOptions(max_overhead=Unset, noise_gain=Unset), layer_noise_learning=LayerNoiseLearningOptions(max_layers_to_learn=Unset, shots_per_randomization=Unset, num_randomizations=Unset, layer_pair_depths=Unset), layer_noise_model=Unset), execution=ExecutionOptionsV2(init_qubits=Unset, rep_delay=Unset), twirling=TwirlingOptions(enable_gates=Unset, enable_measure=Unset, num_randomizations=Unset, shots_per_randomization=Unset, strategy=Unset), experimental=Unset)
[2025-08-21 15:58:11,325][INFO] Iteration 1: Energy = 0.20727539
[2025-08-21 15:58:11,354][INFO] Iteration 2: Energy = 0.20190430
[2025-08-21 15:58:11,389][INFO] Iteration 3: Energy = 0.00000000
[2025-08-21 15:58:11,428][INFO] Iteration 4: Energy = 0.00000000
[2025-08-21 15:58:11,455][INFO] Iteration 5: Energy = 0.00000000
[2025-08-21 15:58:11,485][INFO] Iteration 6: Energy = 0.00000000
[2025-08-21 15:58:11,528][INFO] Iteration 7: Energy = 0.00000000
[2025-08-21 15:58:11,567][INFO] Iteration 8: Energy = 0.00000000
[2025-08-21 15:58:11,592][INFO] Iteration 9: Energy = 0.00000000
[2025-08-21 15:58:11,627][INFO] Iteration 10: Energy = 0.00000000
[2025-08-21 15:58:11,677][INFO] Iteration 11: Energy = 0.00000000
[2025-08-21 15:58:11,712][INFO] Iteration 12: Energy = 0.00000000
[2025-08-21 15:58:11,739][INFO] Iteration 13: Energy = 0.00000000
[2025-08-21 15:58:11,770][INFO] Iteration 14: Energy = 0.00000000
[2025-08-21 15:58:11,816][INFO] Iteration 15: Energy = 0.00000000
[2025-08-21 15:58:11,858][INFO] Iteration 16: Energy = 0.00000000
[2025-08-21 15:58:11,897][INFO] Iteration 17: Energy = 0.00000000
[2025-08-21 15:58:11,924][INFO] Iteration 18: Energy = 0.00000000
[2025-08-21 15:58:11,962][INFO] Iteration 19: Energy = 0.00000000
[2025-08-21 15:58:11,993][INFO] Iteration 20: Energy = 0.00000000
[2025-08-21 15:58:12,023][INFO] Iteration 21: Energy = 0.00000000
[2025-08-21 15:58:12,048][INFO] Iteration 22: Energy = 0.00000000
[2025-08-21 15:58:12,081][INFO] Iteration 23: Energy = 0.00000000
[2025-08-21 15:58:12,114][INFO] Iteration 24: Energy = 0.00000000
[2025-08-21 15:58:12,148][INFO] Iteration 25: Energy = 0.00000000
[2025-08-21 15:58:12,181][INFO] Iteration 26: Energy = 0.00000000
[2025-08-21 15:58:12,182][INFO] Completed VQE run 60: Energy = 0.000000
[2025-08-21 15:58:59,644][INFO] Starting VQE run 60 (seed=99367201)
[2025-08-21 16:14:37,327][INFO] Starting VQE run 60 (seed=25448475)
[2025-08-21 16:14:37,327][INFO] EstimatorOptions(_VERSION=2, max_execution_time=Unset, environment=EnvironmentOptions(log_level='WARNING', callback=None, job_tags=None, private=False), simulator=SimulatorOptions(noise_model=Unset, seed_simulator=Unset, coupling_map=Unset, basis_gates=Unset), default_precision=Unset, default_shots=None, resilience_level=2, seed_estimator=Unset, dynamical_decoupling=DynamicalDecouplingOptions(enable=Unset, sequence_type=Unset, extra_slack_distribution=Unset, scheduling_method=Unset, skip_reset_qubits=Unset), resilience=ResilienceOptionsV2(measure_mitigation=Unset, measure_noise_learning=MeasureNoiseLearningOptions(num_randomizations=Unset, shots_per_randomization=Unset), zne_mitigation=Unset, zne=ZneOptions(amplifier=Unset, noise_factors=Unset, extrapolator=Unset, extrapolated_noise_factors=Unset), pec_mitigation=Unset, pec=PecOptions(max_overhead=Unset, noise_gain=Unset), layer_noise_learning=LayerNoiseLearningOptions(max_layers_to_learn=Unset, shots_per_randomization=Unset, num_randomizations=Unset, layer_pair_depths=Unset), layer_noise_model=Unset), execution=ExecutionOptionsV2(init_qubits=Unset, rep_delay=Unset), twirling=TwirlingOptions(enable_gates=Unset, enable_measure=Unset, num_randomizations=Unset, shots_per_randomization=Unset, strategy=Unset), experimental=Unset)
[2025-08-21 16:14:41,672][INFO] Iteration 1: Energy = 0.48046875
[2025-08-21 16:14:45,922][INFO] Iteration 2: Energy = 0.09179688
[2025-08-21 16:14:50,518][INFO] Iteration 3: Energy = 0.08618164
[2025-08-21 16:14:54,870][INFO] Iteration 4: Energy = 0.00756836
[2025-08-21 16:14:59,123][INFO] Iteration 5: Energy = 0.00708008
[2025-08-21 16:15:03,444][INFO] Iteration 6: Energy = 0.00659180
[2025-08-21 16:15:07,790][INFO] Iteration 7: Energy = 0.00805664
[2025-08-21 16:15:12,180][INFO] Iteration 8: Energy = 0.00683594
[2025-08-21 16:15:16,482][INFO] Iteration 9: Energy = 0.00854492
[2025-08-21 16:15:20,677][INFO] Iteration 10: Energy = 0.00756836
[2025-08-21 16:15:25,313][INFO] Iteration 11: Energy = 0.00756836
[2025-08-21 16:15:29,611][INFO] Iteration 12: Energy = 0.00781250
[2025-08-21 16:15:33,989][INFO] Iteration 13: Energy = 0.00732422
[2025-08-21 16:15:38,289][INFO] Iteration 14: Energy = 0.00585938
[2025-08-21 16:15:42,567][INFO] Iteration 15: Energy = 0.00903320
[2025-08-21 16:15:46,963][INFO] Iteration 16: Energy = 0.00854492
[2025-08-21 16:15:51,261][INFO] Iteration 17: Energy = 0.00634766
[2025-08-21 16:15:55,680][INFO] Iteration 18: Energy = 0.00756836
[2025-08-21 16:16:00,011][INFO] Iteration 19: Energy = 0.00878906
[2025-08-21 16:16:04,376][INFO] Iteration 20: Energy = 0.01049805
[2025-08-21 16:16:08,850][INFO] Iteration 21: Energy = 0.00830078
[2025-08-21 16:16:13,116][INFO] Iteration 22: Energy = 0.00708008
[2025-08-21 16:16:17,703][INFO] Iteration 23: Energy = 0.00878906
[2025-08-21 16:16:22,409][INFO] Iteration 24: Energy = 0.01025391
[2025-08-21 16:16:26,849][INFO] Iteration 25: Energy = 0.00683594
[2025-08-21 16:16:31,257][INFO] Iteration 26: Energy = 0.00854492
[2025-08-21 16:16:35,638][INFO] Iteration 27: Energy = 0.00708008
[2025-08-21 16:16:39,991][INFO] Iteration 28: Energy = 0.00805664
[2025-08-21 16:16:44,296][INFO] Iteration 29: Energy = 0.00927734
[2025-08-21 16:16:48,933][INFO] Iteration 30: Energy = 0.00927734
[2025-08-21 16:16:53,444][INFO] Iteration 31: Energy = 0.00781250
[2025-08-21 16:16:57,766][INFO] Iteration 32: Energy = 0.00610352
[2025-08-21 16:17:02,331][INFO] Iteration 33: Energy = 0.01000977
[2025-08-21 16:17:06,839][INFO] Iteration 34: Energy = 0.00878906
[2025-08-21 16:17:11,159][INFO] Iteration 35: Energy = 0.00927734
[2025-08-21 16:17:15,613][INFO] Iteration 36: Energy = 0.00659180
[2025-08-21 16:17:20,029][INFO] Iteration 37: Energy = 0.00683594
[2025-08-21 16:17:20,030][INFO] Completed VQE run 60: Energy = 0.005859
