[2025-08-21 15:58:14,883][INFO] Starting VQE run 96 (seed=96303491)
[2025-08-21 15:58:14,883][INFO] EstimatorOptions(_VERSION=2, max_execution_time=Unset, environment=EnvironmentOptions(log_level='WARNING', callback=None, job_tags=None, private=False), simulator=SimulatorOptions(noise_model=Unset, seed_simulator=Unset, coupling_map=Unset, basis_gates=Unset), default_precision=Unset, default_shots=None, resilience_level=Unset, seed_estimator=Unset, dynamical_decoupling=DynamicalDecouplingOptions(enable=Unset, sequence_type=Unset, extra_slack_distribution=Unset, scheduling_method=Unset, skip_reset_qubits=Unset), resilience=ResilienceOptionsV2(measure_mitigation=Unset, measure_noise_learning=MeasureNoiseLearningOptions(num_randomizations=Unset, shots_per_randomization=Unset), zne_mitigation=Unset, zne=ZneOptions(amplifier=Unset, noise_factors=Unset, extrapolator=Unset, extrapolated_noise_factors=Unset), pec_mitigation=Unset, pec=PecOptions(max_overhead=Unset, noise_gain=Unset), layer_noise_learning=LayerNoiseLearningOptions(max_layers_to_learn=Unset, shots_per_randomization=Unset, num_randomizations=Unset, layer_pair_depths=Unset), layer_noise_model=Unset), execution=ExecutionOptionsV2(init_qubits=Unset, rep_delay=Unset), twirling=TwirlingOptions(enable_gates=Unset, enable_measure=Unset, num_randomizations=Unset, shots_per_randomization=Unset, strategy=Unset), experimental=Unset)
[2025-08-21 15:58:14,919][INFO] Iteration 1: Energy = 0.33813477
[2025-08-21 15:58:14,955][INFO] Iteration 2: Energy = 0.34033203
[2025-08-21 15:58:14,983][INFO] Iteration 3: Energy = 0.02124023
[2025-08-21 15:58:15,014][INFO] Iteration 4: Energy = 0.00000000
[2025-08-21 15:58:15,049][INFO] Iteration 5: Energy = 0.00000000
[2025-08-21 15:58:15,084][INFO] Iteration 6: Energy = 0.00000000
[2025-08-21 15:58:15,115][INFO] Iteration 7: Energy = 0.00000000
[2025-08-21 15:58:15,158][INFO] Iteration 8: Energy = 0.00000000
[2025-08-21 15:58:15,198][INFO] Iteration 9: Energy = 0.00000000
[2025-08-21 15:58:15,233][INFO] Iteration 10: Energy = 0.00000000
[2025-08-21 15:58:15,264][INFO] Iteration 11: Energy = 0.00000000
[2025-08-21 15:58:15,293][INFO] Iteration 12: Energy = 0.00000000
[2025-08-21 15:58:15,326][INFO] Iteration 13: Energy = 0.00000000
[2025-08-21 15:58:15,371][INFO] Iteration 14: Energy = 0.00000000
[2025-08-21 15:58:15,408][INFO] Iteration 15: Energy = 0.00000000
[2025-08-21 15:58:15,436][INFO] Iteration 16: Energy = 0.00000000
[2025-08-21 15:58:15,471][INFO] Iteration 17: Energy = 0.00000000
[2025-08-21 15:58:15,503][INFO] Iteration 18: Energy = 0.00000000
[2025-08-21 15:58:15,536][INFO] Iteration 19: Energy = 0.00000000
[2025-08-21 15:58:15,567][INFO] Iteration 20: Energy = 0.00000000
[2025-08-21 15:58:15,600][INFO] Iteration 21: Energy = 0.00000000
[2025-08-21 15:58:15,637][INFO] Iteration 22: Energy = 0.00000000
[2025-08-21 15:58:15,671][INFO] Iteration 23: Energy = 0.00000000
[2025-08-21 15:58:15,701][INFO] Iteration 24: Energy = 0.00000000
[2025-08-21 15:58:15,743][INFO] Iteration 25: Energy = 0.00000000
[2025-08-21 15:58:15,780][INFO] Iteration 26: Energy = 0.00000000
[2025-08-21 15:58:15,813][INFO] Iteration 27: Energy = 0.00000000
[2025-08-21 15:58:15,841][INFO] Iteration 28: Energy = 0.00000000
[2025-08-21 15:58:15,878][INFO] Iteration 29: Energy = 0.00000000
[2025-08-21 15:58:15,912][INFO] Iteration 30: Energy = 0.00000000
[2025-08-21 15:58:15,945][INFO] Iteration 31: Energy = 0.00000000
[2025-08-21 15:58:15,973][INFO] Iteration 32: Energy = 0.00000000
[2025-08-21 15:58:15,974][INFO] Completed VQE run 96: Energy = 0.000000
[2025-08-21 15:58:59,721][INFO] Starting VQE run 96 (seed=93963250)
[2025-08-21 16:22:39,184][INFO] Starting VQE run 96 (seed=3357018)
[2025-08-21 16:22:39,184][INFO] EstimatorOptions(_VERSION=2, max_execution_time=Unset, environment=EnvironmentOptions(log_level='WARNING', callback=None, job_tags=None, private=False), simulator=SimulatorOptions(noise_model=Unset, seed_simulator=Unset, coupling_map=Unset, basis_gates=Unset), default_precision=Unset, default_shots=None, resilience_level=2, seed_estimator=Unset, dynamical_decoupling=DynamicalDecouplingOptions(enable=Unset, sequence_type=Unset, extra_slack_distribution=Unset, scheduling_method=Unset, skip_reset_qubits=Unset), resilience=ResilienceOptionsV2(measure_mitigation=Unset, measure_noise_learning=MeasureNoiseLearningOptions(num_randomizations=Unset, shots_per_randomization=Unset), zne_mitigation=Unset, zne=ZneOptions(amplifier=Unset, noise_factors=Unset, extrapolator=Unset, extrapolated_noise_factors=Unset), pec_mitigation=Unset, pec=PecOptions(max_overhead=Unset, noise_gain=Unset), layer_noise_learning=LayerNoiseLearningOptions(max_layers_to_learn=Unset, shots_per_randomization=Unset, num_randomizations=Unset, layer_pair_depths=Unset), layer_noise_model=Unset), execution=ExecutionOptionsV2(init_qubits=Unset, rep_delay=Unset), twirling=TwirlingOptions(enable_gates=Unset, enable_measure=Unset, num_randomizations=Unset, shots_per_randomization=Unset, strategy=Unset), experimental=Unset)
[2025-08-21 16:22:43,582][INFO] Iteration 1: Energy = 0.80273438
[2025-08-21 16:22:47,847][INFO] Iteration 2: Energy = 0.35791016
[2025-08-21 16:22:52,127][INFO] Iteration 3: Energy = 0.38305664
[2025-08-21 16:22:56,428][INFO] Iteration 4: Energy = 0.04150391
[2025-08-21 16:23:00,982][INFO] Iteration 5: Energy = 0.00561523
[2025-08-21 16:23:05,409][INFO] Iteration 6: Energy = 0.00805664
[2025-08-21 16:23:09,692][INFO] Iteration 7: Energy = 0.00805664
[2025-08-21 16:23:13,772][INFO] Iteration 8: Energy = 0.00830078
[2025-08-21 16:23:17,950][INFO] Iteration 9: Energy = 0.01074219
[2025-08-21 16:23:21,941][INFO] Iteration 10: Energy = 0.00683594
[2025-08-21 16:23:25,980][INFO] Iteration 11: Energy = 0.00830078
[2025-08-21 16:23:30,002][INFO] Iteration 12: Energy = 0.00952148
[2025-08-21 16:23:34,293][INFO] Iteration 13: Energy = 0.00756836
[2025-08-21 16:23:38,447][INFO] Iteration 14: Energy = 0.00976562
[2025-08-21 16:23:42,381][INFO] Iteration 15: Energy = 0.00830078
[2025-08-21 16:23:46,481][INFO] Iteration 16: Energy = 0.00830078
[2025-08-21 16:23:50,565][INFO] Iteration 17: Energy = 0.00878906
[2025-08-21 16:23:54,591][INFO] Iteration 18: Energy = 0.00805664
[2025-08-21 16:23:58,414][INFO] Iteration 19: Energy = 0.00756836
[2025-08-21 16:24:02,394][INFO] Iteration 20: Energy = 0.00756836
[2025-08-21 16:24:06,031][INFO] Iteration 21: Energy = 0.00805664
[2025-08-21 16:24:09,774][INFO] Iteration 22: Energy = 0.00756836
[2025-08-21 16:24:13,444][INFO] Iteration 23: Energy = 0.00830078
[2025-08-21 16:24:17,476][INFO] Iteration 24: Energy = 0.00634766
[2025-08-21 16:24:21,550][INFO] Iteration 25: Energy = 0.00878906
[2025-08-21 16:24:25,522][INFO] Iteration 26: Energy = 0.00585938
[2025-08-21 16:24:29,537][INFO] Iteration 27: Energy = 0.01025391
[2025-08-21 16:24:33,595][INFO] Iteration 28: Energy = 0.00805664
[2025-08-21 16:24:37,393][INFO] Iteration 29: Energy = 0.00854492
[2025-08-21 16:24:41,311][INFO] Iteration 30: Energy = 0.01074219
[2025-08-21 16:24:45,378][INFO] Iteration 31: Energy = 0.00854492
[2025-08-21 16:24:49,384][INFO] Iteration 32: Energy = 0.00854492
[2025-08-21 16:24:53,161][INFO] Iteration 33: Energy = 0.00952148
[2025-08-21 16:24:57,029][INFO] Iteration 34: Energy = 0.00659180
[2025-08-21 16:25:00,952][INFO] Iteration 35: Energy = 0.00683594
[2025-08-21 16:25:04,688][INFO] Iteration 36: Energy = 0.00610352
[2025-08-21 16:25:08,383][INFO] Iteration 37: Energy = 0.00781250
[2025-08-21 16:25:12,139][INFO] Iteration 38: Energy = 0.00610352
[2025-08-21 16:25:15,742][INFO] Iteration 39: Energy = 0.00708008
[2025-08-21 16:25:19,515][INFO] Iteration 40: Energy = 0.00708008
[2025-08-21 16:25:23,140][INFO] Iteration 41: Energy = 0.00732422
[2025-08-21 16:25:26,665][INFO] Iteration 42: Energy = 0.00732422
[2025-08-21 16:25:26,667][INFO] Completed VQE run 96: Energy = 0.004395
