[2025-08-21 15:58:13,717][INFO] Starting VQE run 75 (seed=76102495)
[2025-08-21 15:58:13,717][INFO] EstimatorOptions(_VERSION=2, max_execution_time=Unset, environment=EnvironmentOptions(log_level='WARNING', callback=None, job_tags=None, private=False), simulator=SimulatorOptions(noise_model=Unset, seed_simulator=Unset, coupling_map=Unset, basis_gates=Unset), default_precision=Unset, default_shots=None, resilience_level=Unset, seed_estimator=Unset, dynamical_decoupling=DynamicalDecouplingOptions(enable=Unset, sequence_type=Unset, extra_slack_distribution=Unset, scheduling_method=Unset, skip_reset_qubits=Unset), resilience=ResilienceOptionsV2(measure_mitigation=Unset, measure_noise_learning=MeasureNoiseLearningOptions(num_randomizations=Unset, shots_per_randomization=Unset), zne_mitigation=Unset, zne=ZneOptions(amplifier=Unset, noise_factors=Unset, extrapolator=Unset, extrapolated_noise_factors=Unset), pec_mitigation=Unset, pec=PecOptions(max_overhead=Unset, noise_gain=Unset), layer_noise_learning=LayerNoiseLearningOptions(max_layers_to_learn=Unset, shots_per_randomization=Unset, num_randomizations=Unset, layer_pair_depths=Unset), layer_noise_model=Unset), execution=ExecutionOptionsV2(init_qubits=Unset, rep_delay=Unset), twirling=TwirlingOptions(enable_gates=Unset, enable_measure=Unset, num_randomizations=Unset, shots_per_randomization=Unset, strategy=Unset), experimental=Unset)
[2025-08-21 15:58:13,753][INFO] Iteration 1: Energy = 0.60888672
[2025-08-21 15:58:13,789][INFO] Iteration 2: Energy = 0.16235352
[2025-08-21 15:58:13,823][INFO] Iteration 3: Energy = 0.17456055
[2025-08-21 15:58:13,857][INFO] Iteration 4: Energy = 0.00000000
[2025-08-21 15:58:13,885][INFO] Iteration 5: Energy = 0.00000000
[2025-08-21 15:58:13,923][INFO] Iteration 6: Energy = 0.00000000
[2025-08-21 15:58:13,958][INFO] Iteration 7: Energy = 0.00000000
[2025-08-21 15:58:13,984][INFO] Iteration 8: Energy = 0.00000000
[2025-08-21 15:58:14,021][INFO] Iteration 9: Energy = 0.00000000
[2025-08-21 15:58:14,056][INFO] Iteration 10: Energy = 0.00000000
[2025-08-21 15:58:14,092][INFO] Iteration 11: Energy = 0.00000000
[2025-08-21 15:58:14,122][INFO] Iteration 12: Energy = 0.00000000
[2025-08-21 15:58:14,154][INFO] Iteration 13: Energy = 0.00000000
[2025-08-21 15:58:14,196][INFO] Iteration 14: Energy = 0.00000000
[2025-08-21 15:58:14,244][INFO] Iteration 15: Energy = 0.00000000
[2025-08-21 15:58:14,280][INFO] Iteration 16: Energy = 0.00000000
[2025-08-21 15:58:14,315][INFO] Iteration 17: Energy = 0.00000000
[2025-08-21 15:58:14,352][INFO] Iteration 18: Energy = 0.00000000
[2025-08-21 15:58:14,393][INFO] Iteration 19: Energy = 0.00000000
[2025-08-21 15:58:14,422][INFO] Iteration 20: Energy = 0.00000000
[2025-08-21 15:58:14,452][INFO] Iteration 21: Energy = 0.00000000
[2025-08-21 15:58:14,488][INFO] Iteration 22: Energy = 0.00000000
[2025-08-21 15:58:14,534][INFO] Iteration 23: Energy = 0.00000000
[2025-08-21 15:58:14,559][INFO] Iteration 24: Energy = 0.00000000
[2025-08-21 15:58:14,586][INFO] Iteration 25: Energy = 0.00000000
[2025-08-21 15:58:14,622][INFO] Iteration 26: Energy = 0.00000000
[2025-08-21 15:58:14,623][INFO] Completed VQE run 75: Energy = 0.000000
[2025-08-21 15:58:59,677][INFO] Starting VQE run 75 (seed=99367201)
[2025-08-21 16:15:36,523][INFO] Starting VQE run 75 (seed=103318920)
[2025-08-21 16:15:36,523][INFO] EstimatorOptions(_VERSION=2, max_execution_time=Unset, environment=EnvironmentOptions(log_level='WARNING', callback=None, job_tags=None, private=False), simulator=SimulatorOptions(noise_model=Unset, seed_simulator=Unset, coupling_map=Unset, basis_gates=Unset), default_precision=Unset, default_shots=None, resilience_level=2, seed_estimator=Unset, dynamical_decoupling=DynamicalDecouplingOptions(enable=Unset, sequence_type=Unset, extra_slack_distribution=Unset, scheduling_method=Unset, skip_reset_qubits=Unset), resilience=ResilienceOptionsV2(measure_mitigation=Unset, measure_noise_learning=MeasureNoiseLearningOptions(num_randomizations=Unset, shots_per_randomization=Unset), zne_mitigation=Unset, zne=ZneOptions(amplifier=Unset, noise_factors=Unset, extrapolator=Unset, extrapolated_noise_factors=Unset), pec_mitigation=Unset, pec=PecOptions(max_overhead=Unset, noise_gain=Unset), layer_noise_learning=LayerNoiseLearningOptions(max_layers_to_learn=Unset, shots_per_randomization=Unset, num_randomizations=Unset, layer_pair_depths=Unset), layer_noise_model=Unset), execution=ExecutionOptionsV2(init_qubits=Unset, rep_delay=Unset), twirling=TwirlingOptions(enable_gates=Unset, enable_measure=Unset, num_randomizations=Unset, shots_per_randomization=Unset, strategy=Unset), experimental=Unset)
[2025-08-21 16:15:40,963][INFO] Iteration 1: Energy = 0.27124023
[2025-08-21 16:15:45,276][INFO] Iteration 2: Energy = 0.27343750
[2025-08-21 16:15:49,678][INFO] Iteration 3: Energy = 0.01196289
[2025-08-21 16:15:54,016][INFO] Iteration 4: Energy = 0.00659180
[2025-08-21 16:15:58,111][INFO] Iteration 5: Energy = 0.00732422
[2025-08-21 16:16:02,268][INFO] Iteration 6: Energy = 0.01049805
[2025-08-21 16:16:06,485][INFO] Iteration 7: Energy = 0.00952148
[2025-08-21 16:16:11,084][INFO] Iteration 8: Energy = 0.00659180
[2025-08-21 16:16:15,457][INFO] Iteration 9: Energy = 0.01049805
[2025-08-21 16:16:19,732][INFO] Iteration 10: Energy = 0.01000977
[2025-08-21 16:16:24,055][INFO] Iteration 11: Energy = 0.00903320
[2025-08-21 16:16:28,465][INFO] Iteration 12: Energy = 0.01220703
[2025-08-21 16:16:32,927][INFO] Iteration 13: Energy = 0.00781250
[2025-08-21 16:16:37,218][INFO] Iteration 14: Energy = 0.00610352
[2025-08-21 16:16:41,945][INFO] Iteration 15: Energy = 0.00756836
[2025-08-21 16:16:46,071][INFO] Iteration 16: Energy = 0.00878906
[2025-08-21 16:16:50,286][INFO] Iteration 17: Energy = 0.00781250
[2025-08-21 16:16:54,463][INFO] Iteration 18: Energy = 0.01025391
[2025-08-21 16:16:58,716][INFO] Iteration 19: Energy = 0.00854492
[2025-08-21 16:17:03,289][INFO] Iteration 20: Energy = 0.00854492
[2025-08-21 16:17:07,853][INFO] Iteration 21: Energy = 0.00659180
[2025-08-21 16:17:12,226][INFO] Iteration 22: Energy = 0.00927734
[2025-08-21 16:17:16,612][INFO] Iteration 23: Energy = 0.01123047
[2025-08-21 16:17:20,703][INFO] Iteration 24: Energy = 0.00585938
[2025-08-21 16:17:25,007][INFO] Iteration 25: Energy = 0.01025391
[2025-08-21 16:17:28,970][INFO] Iteration 26: Energy = 0.00634766
[2025-08-21 16:17:33,392][INFO] Iteration 27: Energy = 0.00903320
[2025-08-21 16:17:37,845][INFO] Iteration 28: Energy = 0.00634766
[2025-08-21 16:17:42,242][INFO] Iteration 29: Energy = 0.00854492
[2025-08-21 16:17:46,698][INFO] Iteration 30: Energy = 0.01025391
[2025-08-21 16:17:50,934][INFO] Iteration 31: Energy = 0.00830078
[2025-08-21 16:17:55,339][INFO] Iteration 32: Energy = 0.01049805
[2025-08-21 16:17:59,677][INFO] Iteration 33: Energy = 0.00976562
[2025-08-21 16:18:03,902][INFO] Iteration 34: Energy = 0.00805664
[2025-08-21 16:18:08,273][INFO] Iteration 35: Energy = 0.01098633
[2025-08-21 16:18:12,256][INFO] Iteration 36: Energy = 0.01074219
[2025-08-21 16:18:16,545][INFO] Iteration 37: Energy = 0.00878906
[2025-08-21 16:18:20,540][INFO] Iteration 38: Energy = 0.00732422
[2025-08-21 16:18:25,109][INFO] Iteration 39: Energy = 0.00561523
[2025-08-21 16:18:29,435][INFO] Iteration 40: Energy = 0.00903320
[2025-08-21 16:18:29,436][INFO] Completed VQE run 75: Energy = 0.006348
