[2025-08-21 15:58:13,834][INFO] Starting VQE run 65 (seed=96282391)
[2025-08-21 15:58:13,834][INFO] EstimatorOptions(_VERSION=2, max_execution_time=Unset, environment=EnvironmentOptions(log_level='WARNING', callback=None, job_tags=None, private=False), simulator=SimulatorOptions(noise_model=Unset, seed_simulator=Unset, coupling_map=Unset, basis_gates=Unset), default_precision=Unset, default_shots=None, resilience_level=Unset, seed_estimator=Unset, dynamical_decoupling=DynamicalDecouplingOptions(enable=Unset, sequence_type=Unset, extra_slack_distribution=Unset, scheduling_method=Unset, skip_reset_qubits=Unset), resilience=ResilienceOptionsV2(measure_mitigation=Unset, measure_noise_learning=MeasureNoiseLearningOptions(num_randomizations=Unset, shots_per_randomization=Unset), zne_mitigation=Unset, zne=ZneOptions(amplifier=Unset, noise_factors=Unset, extrapolator=Unset, extrapolated_noise_factors=Unset), pec_mitigation=Unset, pec=PecOptions(max_overhead=Unset, noise_gain=Unset), layer_noise_learning=LayerNoiseLearningOptions(max_layers_to_learn=Unset, shots_per_randomization=Unset, num_randomizations=Unset, layer_pair_depths=Unset), layer_noise_model=Unset), execution=ExecutionOptionsV2(init_qubits=Unset, rep_delay=Unset), twirling=TwirlingOptions(enable_gates=Unset, enable_measure=Unset, num_randomizations=Unset, shots_per_randomization=Unset, strategy=Unset), experimental=Unset)
[2025-08-21 15:58:13,875][INFO] Iteration 1: Energy = 0.27026367
[2025-08-21 15:58:13,910][INFO] Iteration 2: Energy = 0.00366211
[2025-08-21 15:58:13,946][INFO] Iteration 3: Energy = 0.00341797
[2025-08-21 15:58:13,980][INFO] Iteration 4: Energy = 0.00000000
[2025-08-21 15:58:14,016][INFO] Iteration 5: Energy = 0.00000000
[2025-08-21 15:58:14,056][INFO] Iteration 6: Energy = 0.00000000
[2025-08-21 15:58:14,095][INFO] Iteration 7: Energy = 0.00000000
[2025-08-21 15:58:14,127][INFO] Iteration 8: Energy = 0.00000000
[2025-08-21 15:58:14,163][INFO] Iteration 9: Energy = 0.00000000
[2025-08-21 15:58:14,212][INFO] Iteration 10: Energy = 0.00000000
[2025-08-21 15:58:14,253][INFO] Iteration 11: Energy = 0.00000000
[2025-08-21 15:58:14,293][INFO] Iteration 12: Energy = 0.00000000
[2025-08-21 15:58:14,324][INFO] Iteration 13: Energy = 0.00000000
[2025-08-21 15:58:14,365][INFO] Iteration 14: Energy = 0.00000000
[2025-08-21 15:58:14,401][INFO] Iteration 15: Energy = 0.00000000
[2025-08-21 15:58:14,431][INFO] Iteration 16: Energy = 0.00000000
[2025-08-21 15:58:14,462][INFO] Iteration 17: Energy = 0.00000000
[2025-08-21 15:58:14,497][INFO] Iteration 18: Energy = 0.00000000
[2025-08-21 15:58:14,532][INFO] Iteration 19: Energy = 0.00000000
[2025-08-21 15:58:14,562][INFO] Iteration 20: Energy = 0.00000000
[2025-08-21 15:58:14,597][INFO] Iteration 21: Energy = 0.00000000
[2025-08-21 15:58:14,637][INFO] Iteration 22: Energy = 0.00000000
[2025-08-21 15:58:14,678][INFO] Iteration 23: Energy = 0.00000000
[2025-08-21 15:58:14,700][INFO] Iteration 24: Energy = 0.00000000
[2025-08-21 15:58:14,733][INFO] Iteration 25: Energy = 0.00000000
[2025-08-21 15:58:14,769][INFO] Iteration 26: Energy = 0.00000000
[2025-08-21 15:58:14,807][INFO] Iteration 27: Energy = 0.00000000
[2025-08-21 15:58:14,836][INFO] Iteration 28: Energy = 0.00000000
[2025-08-21 15:58:14,865][INFO] Iteration 29: Energy = 0.00000000
[2025-08-21 15:58:14,866][INFO] Completed VQE run 65: Energy = 0.000000
[2025-08-21 16:19:39,284][INFO] Starting VQE run 65 (seed=295578)
[2025-08-21 16:19:39,284][INFO] EstimatorOptions(_VERSION=2, max_execution_time=Unset, environment=EnvironmentOptions(log_level='WARNING', callback=None, job_tags=None, private=False), simulator=SimulatorOptions(noise_model=Unset, seed_simulator=Unset, coupling_map=Unset, basis_gates=Unset), default_precision=Unset, default_shots=None, resilience_level=2, seed_estimator=Unset, dynamical_decoupling=DynamicalDecouplingOptions(enable=Unset, sequence_type=Unset, extra_slack_distribution=Unset, scheduling_method=Unset, skip_reset_qubits=Unset), resilience=ResilienceOptionsV2(measure_mitigation=Unset, measure_noise_learning=MeasureNoiseLearningOptions(num_randomizations=Unset, shots_per_randomization=Unset), zne_mitigation=Unset, zne=ZneOptions(amplifier=Unset, noise_factors=Unset, extrapolator=Unset, extrapolated_noise_factors=Unset), pec_mitigation=Unset, pec=PecOptions(max_overhead=Unset, noise_gain=Unset), layer_noise_learning=LayerNoiseLearningOptions(max_layers_to_learn=Unset, shots_per_randomization=Unset, num_randomizations=Unset, layer_pair_depths=Unset), layer_noise_model=Unset), execution=ExecutionOptionsV2(init_qubits=Unset, rep_delay=Unset), twirling=TwirlingOptions(enable_gates=Unset, enable_measure=Unset, num_randomizations=Unset, shots_per_randomization=Unset, strategy=Unset), experimental=Unset)
[2025-08-21 16:19:43,647][INFO] Iteration 1: Energy = 0.00805664
[2025-08-21 16:19:47,995][INFO] Iteration 2: Energy = 0.00756836
[2025-08-21 16:19:52,139][INFO] Iteration 3: Energy = 0.00708008
[2025-08-21 16:19:56,505][INFO] Iteration 4: Energy = 0.00976562
[2025-08-21 16:20:00,976][INFO] Iteration 5: Energy = 0.00732422
[2025-08-21 16:20:05,400][INFO] Iteration 6: Energy = 0.00732422
[2025-08-21 16:20:09,802][INFO] Iteration 7: Energy = 0.00610352
[2025-08-21 16:20:14,204][INFO] Iteration 8: Energy = 0.00708008
[2025-08-21 16:20:18,587][INFO] Iteration 9: Energy = 0.00903320
[2025-08-21 16:20:22,948][INFO] Iteration 10: Energy = 0.00683594
[2025-08-21 16:20:27,207][INFO] Iteration 11: Energy = 0.00585938
[2025-08-21 16:20:31,795][INFO] Iteration 12: Energy = 0.00854492
[2025-08-21 16:20:36,503][INFO] Iteration 13: Energy = 0.00756836
[2025-08-21 16:20:40,950][INFO] Iteration 14: Energy = 0.00683594
[2025-08-21 16:20:45,554][INFO] Iteration 15: Energy = 0.00756836
[2025-08-21 16:20:49,816][INFO] Iteration 16: Energy = 0.00585938
[2025-08-21 16:20:54,081][INFO] Iteration 17: Energy = 0.00659180
[2025-08-21 16:20:58,384][INFO] Iteration 18: Energy = 0.00878906
[2025-08-21 16:21:02,768][INFO] Iteration 19: Energy = 0.00634766
[2025-08-21 16:21:07,297][INFO] Iteration 20: Energy = 0.00585938
[2025-08-21 16:21:11,813][INFO] Iteration 21: Energy = 0.01147461
[2025-08-21 16:21:16,092][INFO] Iteration 22: Energy = 0.00830078
[2025-08-21 16:21:20,251][INFO] Iteration 23: Energy = 0.00708008
[2025-08-21 16:21:24,485][INFO] Iteration 24: Energy = 0.00781250
[2025-08-21 16:21:28,784][INFO] Iteration 25: Energy = 0.00805664
[2025-08-21 16:21:33,281][INFO] Iteration 26: Energy = 0.00976562
[2025-08-21 16:21:37,254][INFO] Iteration 27: Energy = 0.00585938
[2025-08-21 16:21:41,717][INFO] Iteration 28: Energy = 0.00732422
[2025-08-21 16:21:45,971][INFO] Iteration 29: Energy = 0.00683594
[2025-08-21 16:21:50,257][INFO] Iteration 30: Energy = 0.00683594
[2025-08-21 16:21:54,971][INFO] Iteration 31: Energy = 0.00976562
[2025-08-21 16:21:59,352][INFO] Iteration 32: Energy = 0.00952148
[2025-08-21 16:22:03,686][INFO] Iteration 33: Energy = 0.00952148
[2025-08-21 16:22:08,235][INFO] Iteration 34: Energy = 0.00830078
[2025-08-21 16:22:12,581][INFO] Iteration 35: Energy = 0.00878906
[2025-08-21 16:22:17,043][INFO] Iteration 36: Energy = 0.00927734
[2025-08-21 16:22:21,187][INFO] Iteration 37: Energy = 0.00732422
[2025-08-21 16:22:25,710][INFO] Iteration 38: Energy = 0.00952148
[2025-08-21 16:22:30,243][INFO] Iteration 39: Energy = 0.00830078
[2025-08-21 16:22:34,671][INFO] Iteration 40: Energy = 0.00854492
[2025-08-21 16:22:39,171][INFO] Iteration 41: Energy = 0.00561523
[2025-08-21 16:22:39,172][INFO] Completed VQE run 65: Energy = 0.004639
