[2025-08-21 15:58:14,789][INFO] Starting VQE run 74 (seed=73601573)
[2025-08-21 15:58:14,790][INFO] EstimatorOptions(_VERSION=2, max_execution_time=Unset, environment=EnvironmentOptions(log_level='WARNING', callback=None, job_tags=None, private=False), simulator=SimulatorOptions(noise_model=Unset, seed_simulator=Unset, coupling_map=Unset, basis_gates=Unset), default_precision=Unset, default_shots=None, resilience_level=Unset, seed_estimator=Unset, dynamical_decoupling=DynamicalDecouplingOptions(enable=Unset, sequence_type=Unset, extra_slack_distribution=Unset, scheduling_method=Unset, skip_reset_qubits=Unset), resilience=ResilienceOptionsV2(measure_mitigation=Unset, measure_noise_learning=MeasureNoiseLearningOptions(num_randomizations=Unset, shots_per_randomization=Unset), zne_mitigation=Unset, zne=ZneOptions(amplifier=Unset, noise_factors=Unset, extrapolator=Unset, extrapolated_noise_factors=Unset), pec_mitigation=Unset, pec=PecOptions(max_overhead=Unset, noise_gain=Unset), layer_noise_learning=LayerNoiseLearningOptions(max_layers_to_learn=Unset, shots_per_randomization=Unset, num_randomizations=Unset, layer_pair_depths=Unset), layer_noise_model=Unset), execution=ExecutionOptionsV2(init_qubits=Unset, rep_delay=Unset), twirling=TwirlingOptions(enable_gates=Unset, enable_measure=Unset, num_randomizations=Unset, shots_per_randomization=Unset, strategy=Unset), experimental=Unset)
[2025-08-21 15:58:14,825][INFO] Iteration 1: Energy = 0.79125977
[2025-08-21 15:58:14,858][INFO] Iteration 2: Energy = 0.79345703
[2025-08-21 15:58:14,887][INFO] Iteration 3: Energy = 0.33764648
[2025-08-21 15:58:14,916][INFO] Iteration 4: Energy = 0.02294922
[2025-08-21 15:58:14,952][INFO] Iteration 5: Energy = 0.00000000
[2025-08-21 15:58:14,989][INFO] Iteration 6: Energy = 0.00000000
[2025-08-21 15:58:15,022][INFO] Iteration 7: Energy = 0.00000000
[2025-08-21 15:58:15,051][INFO] Iteration 8: Energy = 0.00000000
[2025-08-21 15:58:15,086][INFO] Iteration 9: Energy = 0.00000000
[2025-08-21 15:58:15,117][INFO] Iteration 10: Energy = 0.00000000
[2025-08-21 15:58:15,153][INFO] Iteration 11: Energy = 0.00000000
[2025-08-21 15:58:15,186][INFO] Iteration 12: Energy = 0.00000000
[2025-08-21 15:58:15,227][INFO] Iteration 13: Energy = 0.00000000
[2025-08-21 15:58:15,267][INFO] Iteration 14: Energy = 0.00000000
[2025-08-21 15:58:15,297][INFO] Iteration 15: Energy = 0.00000000
[2025-08-21 15:58:15,322][INFO] Iteration 16: Energy = 0.00000000
[2025-08-21 15:58:15,363][INFO] Iteration 17: Energy = 0.00000000
[2025-08-21 15:58:15,400][INFO] Iteration 18: Energy = 0.00000000
[2025-08-21 15:58:15,428][INFO] Iteration 19: Energy = 0.00000000
[2025-08-21 15:58:15,458][INFO] Iteration 20: Energy = 0.00000000
[2025-08-21 15:58:15,503][INFO] Iteration 21: Energy = 0.00000000
[2025-08-21 15:58:15,538][INFO] Iteration 22: Energy = 0.00000000
[2025-08-21 15:58:15,566][INFO] Iteration 23: Energy = 0.00000000
[2025-08-21 15:58:15,593][INFO] Iteration 24: Energy = 0.00000000
[2025-08-21 15:58:15,631][INFO] Iteration 25: Energy = 0.00000000
[2025-08-21 15:58:15,672][INFO] Iteration 26: Energy = 0.00000000
[2025-08-21 15:58:15,700][INFO] Iteration 27: Energy = 0.00000000
[2025-08-21 15:58:15,739][INFO] Iteration 28: Energy = 0.00000000
[2025-08-21 15:58:15,740][INFO] Completed VQE run 74: Energy = 0.000000
[2025-08-21 16:20:23,856][INFO] Starting VQE run 74 (seed=86847259)
[2025-08-21 16:20:23,856][INFO] EstimatorOptions(_VERSION=2, max_execution_time=Unset, environment=EnvironmentOptions(log_level='WARNING', callback=None, job_tags=None, private=False), simulator=SimulatorOptions(noise_model=Unset, seed_simulator=Unset, coupling_map=Unset, basis_gates=Unset), default_precision=Unset, default_shots=None, resilience_level=2, seed_estimator=Unset, dynamical_decoupling=DynamicalDecouplingOptions(enable=Unset, sequence_type=Unset, extra_slack_distribution=Unset, scheduling_method=Unset, skip_reset_qubits=Unset), resilience=ResilienceOptionsV2(measure_mitigation=Unset, measure_noise_learning=MeasureNoiseLearningOptions(num_randomizations=Unset, shots_per_randomization=Unset), zne_mitigation=Unset, zne=ZneOptions(amplifier=Unset, noise_factors=Unset, extrapolator=Unset, extrapolated_noise_factors=Unset), pec_mitigation=Unset, pec=PecOptions(max_overhead=Unset, noise_gain=Unset), layer_noise_learning=LayerNoiseLearningOptions(max_layers_to_learn=Unset, shots_per_randomization=Unset, num_randomizations=Unset, layer_pair_depths=Unset), layer_noise_model=Unset), execution=ExecutionOptionsV2(init_qubits=Unset, rep_delay=Unset), twirling=TwirlingOptions(enable_gates=Unset, enable_measure=Unset, num_randomizations=Unset, shots_per_randomization=Unset, strategy=Unset), experimental=Unset)
[2025-08-21 16:20:28,296][INFO] Iteration 1: Energy = 0.93408203
[2025-08-21 16:20:32,667][INFO] Iteration 2: Energy = 0.57934570
[2025-08-21 16:20:36,850][INFO] Iteration 3: Energy = 0.57421875
[2025-08-21 16:20:41,148][INFO] Iteration 4: Energy = 0.14160156
[2025-08-21 16:20:45,393][INFO] Iteration 5: Energy = 0.00805664
[2025-08-21 16:20:49,823][INFO] Iteration 6: Energy = 0.00537109
[2025-08-21 16:20:54,085][INFO] Iteration 7: Energy = 0.00756836
[2025-08-21 16:20:58,902][INFO] Iteration 8: Energy = 0.00756836
[2025-08-21 16:21:03,347][INFO] Iteration 9: Energy = 0.00878906
[2025-08-21 16:21:07,687][INFO] Iteration 10: Energy = 0.00781250
[2025-08-21 16:21:12,120][INFO] Iteration 11: Energy = 0.00708008
[2025-08-21 16:21:16,451][INFO] Iteration 12: Energy = 0.00683594
[2025-08-21 16:21:20,656][INFO] Iteration 13: Energy = 0.00683594
[2025-08-21 16:21:24,737][INFO] Iteration 14: Energy = 0.00537109
[2025-08-21 16:21:29,229][INFO] Iteration 15: Energy = 0.00659180
[2025-08-21 16:21:33,698][INFO] Iteration 16: Energy = 0.00683594
[2025-08-21 16:21:38,131][INFO] Iteration 17: Energy = 0.00708008
[2025-08-21 16:21:42,522][INFO] Iteration 18: Energy = 0.00708008
[2025-08-21 16:21:46,813][INFO] Iteration 19: Energy = 0.00903320
[2025-08-21 16:21:51,220][INFO] Iteration 20: Energy = 0.00878906
[2025-08-21 16:21:55,471][INFO] Iteration 21: Energy = 0.00952148
[2025-08-21 16:22:00,047][INFO] Iteration 22: Energy = 0.01000977
[2025-08-21 16:22:04,500][INFO] Iteration 23: Energy = 0.00610352
[2025-08-21 16:22:09,055][INFO] Iteration 24: Energy = 0.00878906
[2025-08-21 16:22:13,474][INFO] Iteration 25: Energy = 0.00805664
[2025-08-21 16:22:17,875][INFO] Iteration 26: Energy = 0.00732422
[2025-08-21 16:22:22,137][INFO] Iteration 27: Energy = 0.00659180
[2025-08-21 16:22:26,582][INFO] Iteration 28: Energy = 0.00830078
[2025-08-21 16:22:30,899][INFO] Iteration 29: Energy = 0.00756836
[2025-08-21 16:22:35,349][INFO] Iteration 30: Energy = 0.00878906
[2025-08-21 16:22:39,852][INFO] Iteration 31: Energy = 0.01025391
[2025-08-21 16:22:44,357][INFO] Iteration 32: Energy = 0.00854492
[2025-08-21 16:22:48,787][INFO] Iteration 33: Energy = 0.00830078
[2025-08-21 16:22:53,240][INFO] Iteration 34: Energy = 0.00756836
[2025-08-21 16:22:57,384][INFO] Iteration 35: Energy = 0.00659180
[2025-08-21 16:23:01,703][INFO] Iteration 36: Energy = 0.00659180
[2025-08-21 16:23:05,956][INFO] Iteration 37: Energy = 0.00756836
[2025-08-21 16:23:10,566][INFO] Iteration 38: Energy = 0.00903320
[2025-08-21 16:23:14,952][INFO] Iteration 39: Energy = 0.00756836
[2025-08-21 16:23:14,954][INFO] Completed VQE run 74: Energy = 0.005127
