[2025-08-21 15:58:10,863][INFO] Starting VQE run 43 (seed=73554565)
[2025-08-21 15:58:10,863][INFO] EstimatorOptions(_VERSION=2, max_execution_time=Unset, environment=EnvironmentOptions(log_level='WARNING', callback=None, job_tags=None, private=False), simulator=SimulatorOptions(noise_model=Unset, seed_simulator=Unset, coupling_map=Unset, basis_gates=Unset), default_precision=Unset, default_shots=None, resilience_level=Unset, seed_estimator=Unset, dynamical_decoupling=DynamicalDecouplingOptions(enable=Unset, sequence_type=Unset, extra_slack_distribution=Unset, scheduling_method=Unset, skip_reset_qubits=Unset), resilience=ResilienceOptionsV2(measure_mitigation=Unset, measure_noise_learning=MeasureNoiseLearningOptions(num_randomizations=Unset, shots_per_randomization=Unset), zne_mitigation=Unset, zne=ZneOptions(amplifier=Unset, noise_factors=Unset, extrapolator=Unset, extrapolated_noise_factors=Unset), pec_mitigation=Unset, pec=PecOptions(max_overhead=Unset, noise_gain=Unset), layer_noise_learning=LayerNoiseLearningOptions(max_layers_to_learn=Unset, shots_per_randomization=Unset, num_randomizations=Unset, layer_pair_depths=Unset), layer_noise_model=Unset), execution=ExecutionOptionsV2(init_qubits=Unset, rep_delay=Unset), twirling=TwirlingOptions(enable_gates=Unset, enable_measure=Unset, num_randomizations=Unset, shots_per_randomization=Unset, strategy=Unset), experimental=Unset)
[2025-08-21 15:58:10,898][INFO] Iteration 1: Energy = 0.77539062
[2025-08-21 15:58:10,930][INFO] Iteration 2: Energy = 0.77197266
[2025-08-21 15:58:10,960][INFO] Iteration 3: Energy = 0.31811523
[2025-08-21 15:58:11,002][INFO] Iteration 4: Energy = 0.01977539
[2025-08-21 15:58:11,044][INFO] Iteration 5: Energy = 0.00000000
[2025-08-21 15:58:11,080][INFO] Iteration 6: Energy = 0.00000000
[2025-08-21 15:58:11,109][INFO] Iteration 7: Energy = 0.00000000
[2025-08-21 15:58:11,152][INFO] Iteration 8: Energy = 0.00000000
[2025-08-21 15:58:11,188][INFO] Iteration 9: Energy = 0.00000000
[2025-08-21 15:58:11,214][INFO] Iteration 10: Energy = 0.00000000
[2025-08-21 15:58:11,247][INFO] Iteration 11: Energy = 0.00000000
[2025-08-21 15:58:11,277][INFO] Iteration 12: Energy = 0.00000000
[2025-08-21 15:58:11,316][INFO] Iteration 13: Energy = 0.00000000
[2025-08-21 15:58:11,347][INFO] Iteration 14: Energy = 0.00000000
[2025-08-21 15:58:11,383][INFO] Iteration 15: Energy = 0.00000000
[2025-08-21 15:58:11,419][INFO] Iteration 16: Energy = 0.00000000
[2025-08-21 15:58:11,459][INFO] Iteration 17: Energy = 0.00000000
[2025-08-21 15:58:11,486][INFO] Iteration 18: Energy = 0.00000000
[2025-08-21 15:58:11,514][INFO] Iteration 19: Energy = 0.00000000
[2025-08-21 15:58:11,542][INFO] Iteration 20: Energy = 0.00000000
[2025-08-21 15:58:11,586][INFO] Iteration 21: Energy = 0.00000000
[2025-08-21 15:58:11,616][INFO] Iteration 22: Energy = 0.00000000
[2025-08-21 15:58:11,655][INFO] Iteration 23: Energy = 0.00000000
[2025-08-21 15:58:11,697][INFO] Iteration 24: Energy = 0.00000000
[2025-08-21 15:58:11,727][INFO] Iteration 25: Energy = 0.00000000
[2025-08-21 15:58:11,762][INFO] Iteration 26: Energy = 0.00000000
[2025-08-21 15:58:11,797][INFO] Iteration 27: Energy = 0.00000000
[2025-08-21 15:58:11,837][INFO] Iteration 28: Energy = 0.00000000
[2025-08-21 15:58:11,875][INFO] Iteration 29: Energy = 0.00000000
[2025-08-21 15:58:11,910][INFO] Iteration 30: Energy = 0.00000000
[2025-08-21 15:58:11,942][INFO] Iteration 31: Energy = 0.00000000
[2025-08-21 15:58:11,943][INFO] Completed VQE run 43: Energy = 0.000000
[2025-08-21 16:09:56,211][INFO] Starting VQE run 43 (seed=24200835)
[2025-08-21 16:09:56,212][INFO] EstimatorOptions(_VERSION=2, max_execution_time=Unset, environment=EnvironmentOptions(log_level='WARNING', callback=None, job_tags=None, private=False), simulator=SimulatorOptions(noise_model=Unset, seed_simulator=Unset, coupling_map=Unset, basis_gates=Unset), default_precision=Unset, default_shots=None, resilience_level=2, seed_estimator=Unset, dynamical_decoupling=DynamicalDecouplingOptions(enable=Unset, sequence_type=Unset, extra_slack_distribution=Unset, scheduling_method=Unset, skip_reset_qubits=Unset), resilience=ResilienceOptionsV2(measure_mitigation=Unset, measure_noise_learning=MeasureNoiseLearningOptions(num_randomizations=Unset, shots_per_randomization=Unset), zne_mitigation=Unset, zne=ZneOptions(amplifier=Unset, noise_factors=Unset, extrapolator=Unset, extrapolated_noise_factors=Unset), pec_mitigation=Unset, pec=PecOptions(max_overhead=Unset, noise_gain=Unset), layer_noise_learning=LayerNoiseLearningOptions(max_layers_to_learn=Unset, shots_per_randomization=Unset, num_randomizations=Unset, layer_pair_depths=Unset), layer_noise_model=Unset), execution=ExecutionOptionsV2(init_qubits=Unset, rep_delay=Unset), twirling=TwirlingOptions(enable_gates=Unset, enable_measure=Unset, num_randomizations=Unset, shots_per_randomization=Unset, strategy=Unset), experimental=Unset)
[2025-08-21 16:10:00,536][INFO] Iteration 1: Energy = 0.23022461
[2025-08-21 16:10:05,082][INFO] Iteration 2: Energy = 0.21606445
[2025-08-21 16:10:09,364][INFO] Iteration 3: Energy = 0.00756836
[2025-08-21 16:10:13,714][INFO] Iteration 4: Energy = 0.00927734
[2025-08-21 16:10:18,063][INFO] Iteration 5: Energy = 0.00830078
[2025-08-21 16:10:22,388][INFO] Iteration 6: Energy = 0.00854492
[2025-08-21 16:10:27,135][INFO] Iteration 7: Energy = 0.00878906
[2025-08-21 16:10:31,531][INFO] Iteration 8: Energy = 0.00659180
[2025-08-21 16:10:35,887][INFO] Iteration 9: Energy = 0.00830078
[2025-08-21 16:10:40,231][INFO] Iteration 10: Energy = 0.01025391
[2025-08-21 16:10:44,621][INFO] Iteration 11: Energy = 0.00952148
[2025-08-21 16:10:49,038][INFO] Iteration 12: Energy = 0.00976562
[2025-08-21 16:10:53,292][INFO] Iteration 13: Energy = 0.01025391
[2025-08-21 16:10:57,772][INFO] Iteration 14: Energy = 0.00610352
[2025-08-21 16:11:02,174][INFO] Iteration 15: Energy = 0.00708008
[2025-08-21 16:11:06,697][INFO] Iteration 16: Energy = 0.00952148
[2025-08-21 16:11:11,161][INFO] Iteration 17: Energy = 0.00732422
[2025-08-21 16:11:15,428][INFO] Iteration 18: Energy = 0.00708008
[2025-08-21 16:11:19,699][INFO] Iteration 19: Energy = 0.00952148
[2025-08-21 16:11:24,151][INFO] Iteration 20: Energy = 0.00854492
[2025-08-21 16:11:28,396][INFO] Iteration 21: Energy = 0.00683594
[2025-08-21 16:11:32,980][INFO] Iteration 22: Energy = 0.00927734
[2025-08-21 16:11:37,535][INFO] Iteration 23: Energy = 0.00952148
[2025-08-21 16:11:41,961][INFO] Iteration 24: Energy = 0.01123047
[2025-08-21 16:11:46,366][INFO] Iteration 25: Energy = 0.00683594
[2025-08-21 16:11:50,714][INFO] Iteration 26: Energy = 0.01220703
[2025-08-21 16:11:55,042][INFO] Iteration 27: Energy = 0.01098633
[2025-08-21 16:11:59,413][INFO] Iteration 28: Energy = 0.00683594
[2025-08-21 16:12:03,820][INFO] Iteration 29: Energy = 0.01123047
[2025-08-21 16:12:08,126][INFO] Iteration 30: Energy = 0.00830078
[2025-08-21 16:12:12,596][INFO] Iteration 31: Energy = 0.01098633
[2025-08-21 16:12:16,637][INFO] Iteration 32: Energy = 0.00854492
[2025-08-21 16:12:21,176][INFO] Iteration 33: Energy = 0.00732422
[2025-08-21 16:12:25,778][INFO] Iteration 34: Energy = 0.00634766
[2025-08-21 16:12:30,203][INFO] Iteration 35: Energy = 0.00952148
[2025-08-21 16:12:34,572][INFO] Iteration 36: Energy = 0.00732422
[2025-08-21 16:12:34,575][INFO] Completed VQE run 43: Energy = 0.005615
