[2025-08-21 15:58:08,902][INFO] Starting VQE run 22 (seed=35677048)
[2025-08-21 15:58:08,903][INFO] EstimatorOptions(_VERSION=2, max_execution_time=Unset, environment=EnvironmentOptions(log_level='WARNING', callback=None, job_tags=None, private=False), simulator=SimulatorOptions(noise_model=Unset, seed_simulator=Unset, coupling_map=Unset, basis_gates=Unset), default_precision=Unset, default_shots=None, resilience_level=Unset, seed_estimator=Unset, dynamical_decoupling=DynamicalDecouplingOptions(enable=Unset, sequence_type=Unset, extra_slack_distribution=Unset, scheduling_method=Unset, skip_reset_qubits=Unset), resilience=ResilienceOptionsV2(measure_mitigation=Unset, measure_noise_learning=MeasureNoiseLearningOptions(num_randomizations=Unset, shots_per_randomization=Unset), zne_mitigation=Unset, zne=ZneOptions(amplifier=Unset, noise_factors=Unset, extrapolator=Unset, extrapolated_noise_factors=Unset), pec_mitigation=Unset, pec=PecOptions(max_overhead=Unset, noise_gain=Unset), layer_noise_learning=LayerNoiseLearningOptions(max_layers_to_learn=Unset, shots_per_randomization=Unset, num_randomizations=Unset, layer_pair_depths=Unset), layer_noise_model=Unset), execution=ExecutionOptionsV2(init_qubits=Unset, rep_delay=Unset), twirling=TwirlingOptions(enable_gates=Unset, enable_measure=Unset, num_randomizations=Unset, shots_per_randomization=Unset, strategy=Unset), experimental=Unset)
[2025-08-21 15:58:08,932][INFO] Iteration 1: Energy = 0.20556641
[2025-08-21 15:58:08,958][INFO] Iteration 2: Energy = 0.20996094
[2025-08-21 15:58:08,995][INFO] Iteration 3: Energy = 0.00000000
[2025-08-21 15:58:09,025][INFO] Iteration 4: Energy = 0.00000000
[2025-08-21 15:58:09,052][INFO] Iteration 5: Energy = 0.00000000
[2025-08-21 15:58:09,097][INFO] Iteration 6: Energy = 0.00000000
[2025-08-21 15:58:09,147][INFO] Iteration 7: Energy = 0.00000000
[2025-08-21 15:58:09,188][INFO] Iteration 8: Energy = 0.00000000
[2025-08-21 15:58:09,217][INFO] Iteration 9: Energy = 0.00000000
[2025-08-21 15:58:09,253][INFO] Iteration 10: Energy = 0.00000000
[2025-08-21 15:58:09,291][INFO] Iteration 11: Energy = 0.00000000
[2025-08-21 15:58:09,327][INFO] Iteration 12: Energy = 0.00000000
[2025-08-21 15:58:09,354][INFO] Iteration 13: Energy = 0.00000000
[2025-08-21 15:58:09,388][INFO] Iteration 14: Energy = 0.00000000
[2025-08-21 15:58:09,426][INFO] Iteration 15: Energy = 0.00000000
[2025-08-21 15:58:09,469][INFO] Iteration 16: Energy = 0.00000000
[2025-08-21 15:58:09,507][INFO] Iteration 17: Energy = 0.00000000
[2025-08-21 15:58:09,535][INFO] Iteration 18: Energy = 0.00000000
[2025-08-21 15:58:09,579][INFO] Iteration 19: Energy = 0.00000000
[2025-08-21 15:58:09,622][INFO] Iteration 20: Energy = 0.00000000
[2025-08-21 15:58:09,657][INFO] Iteration 21: Energy = 0.00000000
[2025-08-21 15:58:09,681][INFO] Iteration 22: Energy = 0.00000000
[2025-08-21 15:58:09,722][INFO] Iteration 23: Energy = 0.00000000
[2025-08-21 15:58:09,754][INFO] Iteration 24: Energy = 0.00000000
[2025-08-21 15:58:09,788][INFO] Iteration 25: Energy = 0.00000000
[2025-08-21 15:58:09,812][INFO] Iteration 26: Energy = 0.00000000
[2025-08-21 15:58:09,812][INFO] Completed VQE run 22: Energy = 0.000000
[2025-08-21 16:02:32,167][INFO] Starting VQE run 22 (seed=24782628)
[2025-08-21 16:02:32,167][INFO] EstimatorOptions(_VERSION=2, max_execution_time=Unset, environment=EnvironmentOptions(log_level='WARNING', callback=None, job_tags=None, private=False), simulator=SimulatorOptions(noise_model=Unset, seed_simulator=Unset, coupling_map=Unset, basis_gates=Unset), default_precision=Unset, default_shots=None, resilience_level=2, seed_estimator=Unset, dynamical_decoupling=DynamicalDecouplingOptions(enable=Unset, sequence_type=Unset, extra_slack_distribution=Unset, scheduling_method=Unset, skip_reset_qubits=Unset), resilience=ResilienceOptionsV2(measure_mitigation=Unset, measure_noise_learning=MeasureNoiseLearningOptions(num_randomizations=Unset, shots_per_randomization=Unset), zne_mitigation=Unset, zne=ZneOptions(amplifier=Unset, noise_factors=Unset, extrapolator=Unset, extrapolated_noise_factors=Unset), pec_mitigation=Unset, pec=PecOptions(max_overhead=Unset, noise_gain=Unset), layer_noise_learning=LayerNoiseLearningOptions(max_layers_to_learn=Unset, shots_per_randomization=Unset, num_randomizations=Unset, layer_pair_depths=Unset), layer_noise_model=Unset), execution=ExecutionOptionsV2(init_qubits=Unset, rep_delay=Unset), twirling=TwirlingOptions(enable_gates=Unset, enable_measure=Unset, num_randomizations=Unset, shots_per_randomization=Unset, strategy=Unset), experimental=Unset)
[2025-08-21 16:02:36,263][INFO] Iteration 1: Energy = 0.37695312
[2025-08-21 16:02:40,318][INFO] Iteration 2: Energy = 0.04345703
[2025-08-21 16:02:44,339][INFO] Iteration 3: Energy = 0.03613281
[2025-08-21 16:02:48,447][INFO] Iteration 4: Energy = 0.00781250
[2025-08-21 16:02:52,497][INFO] Iteration 5: Energy = 0.00708008
[2025-08-21 16:02:56,542][INFO] Iteration 6: Energy = 0.01098633
[2025-08-21 16:03:00,697][INFO] Iteration 7: Energy = 0.00927734
[2025-08-21 16:03:04,624][INFO] Iteration 8: Energy = 0.01025391
[2025-08-21 16:03:08,693][INFO] Iteration 9: Energy = 0.00854492
[2025-08-21 16:03:12,839][INFO] Iteration 10: Energy = 0.00610352
[2025-08-21 16:03:17,098][INFO] Iteration 11: Energy = 0.00561523
[2025-08-21 16:03:21,269][INFO] Iteration 12: Energy = 0.00732422
[2025-08-21 16:03:25,683][INFO] Iteration 13: Energy = 0.00952148
[2025-08-21 16:03:30,000][INFO] Iteration 14: Energy = 0.00927734
[2025-08-21 16:03:34,075][INFO] Iteration 15: Energy = 0.00805664
[2025-08-21 16:03:37,986][INFO] Iteration 16: Energy = 0.00927734
[2025-08-21 16:03:42,033][INFO] Iteration 17: Energy = 0.00537109
[2025-08-21 16:03:46,019][INFO] Iteration 18: Energy = 0.00927734
[2025-08-21 16:03:50,335][INFO] Iteration 19: Energy = 0.00732422
[2025-08-21 16:03:54,552][INFO] Iteration 20: Energy = 0.00903320
[2025-08-21 16:03:58,650][INFO] Iteration 21: Energy = 0.00756836
[2025-08-21 16:04:02,938][INFO] Iteration 22: Energy = 0.01147461
[2025-08-21 16:04:06,941][INFO] Iteration 23: Energy = 0.00756836
[2025-08-21 16:04:10,910][INFO] Iteration 24: Energy = 0.00952148
[2025-08-21 16:04:14,876][INFO] Iteration 25: Energy = 0.00732422
[2025-08-21 16:04:19,189][INFO] Iteration 26: Energy = 0.01123047
[2025-08-21 16:04:23,408][INFO] Iteration 27: Energy = 0.00805664
[2025-08-21 16:04:27,486][INFO] Iteration 28: Energy = 0.00927734
[2025-08-21 16:04:31,764][INFO] Iteration 29: Energy = 0.00830078
[2025-08-21 16:04:35,837][INFO] Iteration 30: Energy = 0.00683594
[2025-08-21 16:04:39,980][INFO] Iteration 31: Energy = 0.01049805
[2025-08-21 16:04:43,976][INFO] Iteration 32: Energy = 0.00854492
[2025-08-21 16:04:48,242][INFO] Iteration 33: Energy = 0.00805664
[2025-08-21 16:04:52,147][INFO] Iteration 34: Energy = 0.00708008
[2025-08-21 16:04:56,356][INFO] Iteration 35: Energy = 0.00732422
[2025-08-21 16:05:00,358][INFO] Iteration 36: Energy = 0.00903320
[2025-08-21 16:05:04,371][INFO] Iteration 37: Energy = 0.00683594
[2025-08-21 16:05:08,871][INFO] Iteration 38: Energy = 0.00976562
[2025-08-21 16:05:08,872][INFO] Completed VQE run 22: Energy = 0.005859
