[2025-08-21 15:58:13,089][INFO] Starting VQE run 59 (seed=18185281)
[2025-08-21 15:58:13,089][INFO] EstimatorOptions(_VERSION=2, max_execution_time=Unset, environment=EnvironmentOptions(log_level='WARNING', callback=None, job_tags=None, private=False), simulator=SimulatorOptions(noise_model=Unset, seed_simulator=Unset, coupling_map=Unset, basis_gates=Unset), default_precision=Unset, default_shots=None, resilience_level=Unset, seed_estimator=Unset, dynamical_decoupling=DynamicalDecouplingOptions(enable=Unset, sequence_type=Unset, extra_slack_distribution=Unset, scheduling_method=Unset, skip_reset_qubits=Unset), resilience=ResilienceOptionsV2(measure_mitigation=Unset, measure_noise_learning=MeasureNoiseLearningOptions(num_randomizations=Unset, shots_per_randomization=Unset), zne_mitigation=Unset, zne=ZneOptions(amplifier=Unset, noise_factors=Unset, extrapolator=Unset, extrapolated_noise_factors=Unset), pec_mitigation=Unset, pec=PecOptions(max_overhead=Unset, noise_gain=Unset), layer_noise_learning=LayerNoiseLearningOptions(max_layers_to_learn=Unset, shots_per_randomization=Unset, num_randomizations=Unset, layer_pair_depths=Unset), layer_noise_model=Unset), execution=ExecutionOptionsV2(init_qubits=Unset, rep_delay=Unset), twirling=TwirlingOptions(enable_gates=Unset, enable_measure=Unset, num_randomizations=Unset, shots_per_randomization=Unset, strategy=Unset), experimental=Unset)
[2025-08-21 15:58:13,128][INFO] Iteration 1: Energy = 0.66943359
[2025-08-21 15:58:13,161][INFO] Iteration 2: Energy = 0.66113281
[2025-08-21 15:58:13,194][INFO] Iteration 3: Energy = 0.22680664
[2025-08-21 15:58:13,225][INFO] Iteration 4: Energy = 0.00024414
[2025-08-21 15:58:13,262][INFO] Iteration 5: Energy = 0.00024414
[2025-08-21 15:58:13,297][INFO] Iteration 6: Energy = 0.00048828
[2025-08-21 15:58:13,331][INFO] Iteration 7: Energy = 0.00000000
[2025-08-21 15:58:13,365][INFO] Iteration 8: Energy = 0.00097656
[2025-08-21 15:58:13,395][INFO] Iteration 9: Energy = 0.00000000
[2025-08-21 15:58:13,441][INFO] Iteration 10: Energy = 0.00024414
[2025-08-21 15:58:13,480][INFO] Iteration 11: Energy = 0.00097656
[2025-08-21 15:58:13,509][INFO] Iteration 12: Energy = 0.00000000
[2025-08-21 15:58:13,551][INFO] Iteration 13: Energy = 0.00000000
[2025-08-21 15:58:13,586][INFO] Iteration 14: Energy = 0.00024414
[2025-08-21 15:58:13,615][INFO] Iteration 15: Energy = 0.00000000
[2025-08-21 15:58:13,645][INFO] Iteration 16: Energy = 0.00024414
[2025-08-21 15:58:13,682][INFO] Iteration 17: Energy = 0.00000000
[2025-08-21 15:58:13,727][INFO] Iteration 18: Energy = 0.00000000
[2025-08-21 15:58:13,754][INFO] Iteration 19: Energy = 0.00024414
[2025-08-21 15:58:13,790][INFO] Iteration 20: Energy = 0.00048828
[2025-08-21 15:58:13,832][INFO] Iteration 21: Energy = 0.00024414
[2025-08-21 15:58:13,864][INFO] Iteration 22: Energy = 0.00048828
[2025-08-21 15:58:13,896][INFO] Iteration 23: Energy = 0.00024414
[2025-08-21 15:58:13,921][INFO] Iteration 24: Energy = 0.00024414
[2025-08-21 15:58:13,957][INFO] Iteration 25: Energy = 0.00000000
[2025-08-21 15:58:13,998][INFO] Iteration 26: Energy = 0.00024414
[2025-08-21 15:58:14,023][INFO] Iteration 27: Energy = 0.00024414
[2025-08-21 15:58:14,064][INFO] Iteration 28: Energy = 0.00097656
[2025-08-21 15:58:14,108][INFO] Iteration 29: Energy = 0.00024414
[2025-08-21 15:58:14,137][INFO] Iteration 30: Energy = 0.00073242
[2025-08-21 15:58:14,165][INFO] Iteration 31: Energy = 0.00048828
[2025-08-21 15:58:14,199][INFO] Iteration 32: Energy = 0.00048828
[2025-08-21 15:58:14,249][INFO] Iteration 33: Energy = 0.00000000
[2025-08-21 15:58:14,278][INFO] Iteration 34: Energy = 0.00048828
[2025-08-21 15:58:14,306][INFO] Iteration 35: Energy = 0.00048828
[2025-08-21 15:58:14,336][INFO] Iteration 36: Energy = 0.00024414
[2025-08-21 15:58:14,378][INFO] Iteration 37: Energy = 0.00097656
[2025-08-21 15:58:14,413][INFO] Iteration 38: Energy = 0.00073242
[2025-08-21 15:58:14,444][INFO] Iteration 39: Energy = 0.00024414
[2025-08-21 15:58:14,473][INFO] Iteration 40: Energy = 0.00048828
[2025-08-21 15:58:14,517][INFO] Iteration 41: Energy = 0.00024414
[2025-08-21 15:58:14,551][INFO] Iteration 42: Energy = 0.00048828
[2025-08-21 15:58:14,583][INFO] Iteration 43: Energy = 0.00024414
[2025-08-21 15:58:14,583][INFO] Completed VQE run 59: Energy = 0.000000
[2025-08-21 16:14:33,355][INFO] Starting VQE run 59 (seed=67696578)
[2025-08-21 16:14:33,355][INFO] EstimatorOptions(_VERSION=2, max_execution_time=Unset, environment=EnvironmentOptions(log_level='WARNING', callback=None, job_tags=None, private=False), simulator=SimulatorOptions(noise_model=Unset, seed_simulator=Unset, coupling_map=Unset, basis_gates=Unset), default_precision=Unset, default_shots=None, resilience_level=2, seed_estimator=Unset, dynamical_decoupling=DynamicalDecouplingOptions(enable=Unset, sequence_type=Unset, extra_slack_distribution=Unset, scheduling_method=Unset, skip_reset_qubits=Unset), resilience=ResilienceOptionsV2(measure_mitigation=Unset, measure_noise_learning=MeasureNoiseLearningOptions(num_randomizations=Unset, shots_per_randomization=Unset), zne_mitigation=Unset, zne=ZneOptions(amplifier=Unset, noise_factors=Unset, extrapolator=Unset, extrapolated_noise_factors=Unset), pec_mitigation=Unset, pec=PecOptions(max_overhead=Unset, noise_gain=Unset), layer_noise_learning=LayerNoiseLearningOptions(max_layers_to_learn=Unset, shots_per_randomization=Unset, num_randomizations=Unset, layer_pair_depths=Unset), layer_noise_model=Unset), execution=ExecutionOptionsV2(init_qubits=Unset, rep_delay=Unset), twirling=TwirlingOptions(enable_gates=Unset, enable_measure=Unset, num_randomizations=Unset, shots_per_randomization=Unset, strategy=Unset), experimental=Unset)
[2025-08-21 16:14:37,831][INFO] Iteration 1: Energy = 0.92016602
[2025-08-21 16:14:42,681][INFO] Iteration 2: Energy = 0.53125000
[2025-08-21 16:14:47,067][INFO] Iteration 3: Energy = 0.53125000
[2025-08-21 16:14:51,467][INFO] Iteration 4: Energy = 0.11938477
[2025-08-21 16:14:55,943][INFO] Iteration 5: Energy = 0.00463867
[2025-08-21 16:15:00,696][INFO] Iteration 6: Energy = 0.01269531
[2025-08-21 16:15:05,360][INFO] Iteration 7: Energy = 0.01171875
[2025-08-21 16:15:10,058][INFO] Iteration 8: Energy = 0.00976562
[2025-08-21 16:15:14,519][INFO] Iteration 9: Energy = 0.01049805
[2025-08-21 16:15:18,961][INFO] Iteration 10: Energy = 0.01196289
[2025-08-21 16:15:23,442][INFO] Iteration 11: Energy = 0.00756836
[2025-08-21 16:15:27,860][INFO] Iteration 12: Energy = 0.01147461
[2025-08-21 16:15:32,377][INFO] Iteration 13: Energy = 0.01074219
[2025-08-21 16:15:36,797][INFO] Iteration 14: Energy = 0.00756836
[2025-08-21 16:15:41,365][INFO] Iteration 15: Energy = 0.00927734
[2025-08-21 16:15:45,918][INFO] Iteration 16: Energy = 0.00976562
[2025-08-21 16:15:50,437][INFO] Iteration 17: Energy = 0.01000977
[2025-08-21 16:15:54,998][INFO] Iteration 18: Energy = 0.00952148
[2025-08-21 16:15:59,385][INFO] Iteration 19: Energy = 0.01220703
[2025-08-21 16:16:03,921][INFO] Iteration 20: Energy = 0.01000977
[2025-08-21 16:16:08,465][INFO] Iteration 21: Energy = 0.01000977
[2025-08-21 16:16:13,108][INFO] Iteration 22: Energy = 0.01049805
[2025-08-21 16:16:17,704][INFO] Iteration 23: Energy = 0.00781250
[2025-08-21 16:16:22,369][INFO] Iteration 24: Energy = 0.00927734
[2025-08-21 16:16:27,045][INFO] Iteration 25: Energy = 0.00927734
[2025-08-21 16:16:31,575][INFO] Iteration 26: Energy = 0.01000977
[2025-08-21 16:16:35,921][INFO] Iteration 27: Energy = 0.00976562
[2025-08-21 16:16:40,367][INFO] Iteration 28: Energy = 0.01000977
[2025-08-21 16:16:44,733][INFO] Iteration 29: Energy = 0.00976562
[2025-08-21 16:16:49,396][INFO] Iteration 30: Energy = 0.01049805
[2025-08-21 16:16:53,927][INFO] Iteration 31: Energy = 0.01098633
[2025-08-21 16:16:58,753][INFO] Iteration 32: Energy = 0.00854492
[2025-08-21 16:17:03,205][INFO] Iteration 33: Energy = 0.01269531
[2025-08-21 16:17:07,816][INFO] Iteration 34: Energy = 0.01074219
[2025-08-21 16:17:12,317][INFO] Iteration 35: Energy = 0.01098633
[2025-08-21 16:17:16,820][INFO] Iteration 36: Energy = 0.00903320
[2025-08-21 16:17:21,236][INFO] Iteration 37: Energy = 0.00927734
[2025-08-21 16:17:26,020][INFO] Iteration 38: Energy = 0.01074219
[2025-08-21 16:17:30,672][INFO] Iteration 39: Energy = 0.00903320
[2025-08-21 16:17:35,260][INFO] Iteration 40: Energy = 0.01171875
[2025-08-21 16:17:35,261][INFO] Completed VQE run 59: Energy = 0.007080
