[2025-08-21 15:58:08,435][INFO] Starting VQE run 30 (seed=76840767)
[2025-08-21 15:58:08,435][INFO] EstimatorOptions(_VERSION=2, max_execution_time=Unset, environment=EnvironmentOptions(log_level='WARNING', callback=None, job_tags=None, private=False), simulator=SimulatorOptions(noise_model=Unset, seed_simulator=Unset, coupling_map=Unset, basis_gates=Unset), default_precision=Unset, default_shots=None, resilience_level=Unset, seed_estimator=Unset, dynamical_decoupling=DynamicalDecouplingOptions(enable=Unset, sequence_type=Unset, extra_slack_distribution=Unset, scheduling_method=Unset, skip_reset_qubits=Unset), resilience=ResilienceOptionsV2(measure_mitigation=Unset, measure_noise_learning=MeasureNoiseLearningOptions(num_randomizations=Unset, shots_per_randomization=Unset), zne_mitigation=Unset, zne=ZneOptions(amplifier=Unset, noise_factors=Unset, extrapolator=Unset, extrapolated_noise_factors=Unset), pec_mitigation=Unset, pec=PecOptions(max_overhead=Unset, noise_gain=Unset), layer_noise_learning=LayerNoiseLearningOptions(max_layers_to_learn=Unset, shots_per_randomization=Unset, num_randomizations=Unset, layer_pair_depths=Unset), layer_noise_model=Unset), execution=ExecutionOptionsV2(init_qubits=Unset, rep_delay=Unset), twirling=TwirlingOptions(enable_gates=Unset, enable_measure=Unset, num_randomizations=Unset, shots_per_randomization=Unset, strategy=Unset), experimental=Unset)
[2025-08-21 15:58:08,480][INFO] Iteration 1: Energy = 0.76367188
[2025-08-21 15:58:08,511][INFO] Iteration 2: Energy = 0.75976562
[2025-08-21 15:58:08,544][INFO] Iteration 3: Energy = 0.31372070
[2025-08-21 15:58:08,581][INFO] Iteration 4: Energy = 0.01855469
[2025-08-21 15:58:08,624][INFO] Iteration 5: Energy = 0.00000000
[2025-08-21 15:58:08,651][INFO] Iteration 6: Energy = 0.00000000
[2025-08-21 15:58:08,679][INFO] Iteration 7: Energy = 0.00000000
[2025-08-21 15:58:08,711][INFO] Iteration 8: Energy = 0.00000000
[2025-08-21 15:58:08,751][INFO] Iteration 9: Energy = 0.00000000
[2025-08-21 15:58:08,778][INFO] Iteration 10: Energy = 0.00000000
[2025-08-21 15:58:08,808][INFO] Iteration 11: Energy = 0.00000000
[2025-08-21 15:58:08,845][INFO] Iteration 12: Energy = 0.00000000
[2025-08-21 15:58:08,882][INFO] Iteration 13: Energy = 0.00000000
[2025-08-21 15:58:08,918][INFO] Iteration 14: Energy = 0.00000000
[2025-08-21 15:58:08,946][INFO] Iteration 15: Energy = 0.00000000
[2025-08-21 15:58:08,981][INFO] Iteration 16: Energy = 0.00000000
[2025-08-21 15:58:09,019][INFO] Iteration 17: Energy = 0.00000000
[2025-08-21 15:58:09,049][INFO] Iteration 18: Energy = 0.00000000
[2025-08-21 15:58:09,075][INFO] Iteration 19: Energy = 0.00000000
[2025-08-21 15:58:09,118][INFO] Iteration 20: Energy = 0.00000000
[2025-08-21 15:58:09,153][INFO] Iteration 21: Energy = 0.00000000
[2025-08-21 15:58:09,188][INFO] Iteration 22: Energy = 0.00000000
[2025-08-21 15:58:09,219][INFO] Iteration 23: Energy = 0.00000000
[2025-08-21 15:58:09,261][INFO] Iteration 24: Energy = 0.00000000
[2025-08-21 15:58:09,294][INFO] Iteration 25: Energy = 0.00000000
[2025-08-21 15:58:09,323][INFO] Iteration 26: Energy = 0.00000000
[2025-08-21 15:58:09,347][INFO] Iteration 27: Energy = 0.00000000
[2025-08-21 15:58:09,391][INFO] Iteration 28: Energy = 0.00000000
[2025-08-21 15:58:09,427][INFO] Iteration 29: Energy = 0.00000000
[2025-08-21 15:58:09,428][INFO] Completed VQE run 30: Energy = 0.000000
[2025-08-21 15:58:59,555][INFO] Starting VQE run 30 (seed=99367201)
[2025-08-21 16:06:35,558][INFO] Starting VQE run 30 (seed=71697118)
[2025-08-21 16:06:35,558][INFO] EstimatorOptions(_VERSION=2, max_execution_time=Unset, environment=EnvironmentOptions(log_level='WARNING', callback=None, job_tags=None, private=False), simulator=SimulatorOptions(noise_model=Unset, seed_simulator=Unset, coupling_map=Unset, basis_gates=Unset), default_precision=Unset, default_shots=None, resilience_level=2, seed_estimator=Unset, dynamical_decoupling=DynamicalDecouplingOptions(enable=Unset, sequence_type=Unset, extra_slack_distribution=Unset, scheduling_method=Unset, skip_reset_qubits=Unset), resilience=ResilienceOptionsV2(measure_mitigation=Unset, measure_noise_learning=MeasureNoiseLearningOptions(num_randomizations=Unset, shots_per_randomization=Unset), zne_mitigation=Unset, zne=ZneOptions(amplifier=Unset, noise_factors=Unset, extrapolator=Unset, extrapolated_noise_factors=Unset), pec_mitigation=Unset, pec=PecOptions(max_overhead=Unset, noise_gain=Unset), layer_noise_learning=LayerNoiseLearningOptions(max_layers_to_learn=Unset, shots_per_randomization=Unset, num_randomizations=Unset, layer_pair_depths=Unset), layer_noise_model=Unset), execution=ExecutionOptionsV2(init_qubits=Unset, rep_delay=Unset), twirling=TwirlingOptions(enable_gates=Unset, enable_measure=Unset, num_randomizations=Unset, shots_per_randomization=Unset, strategy=Unset), experimental=Unset)
[2025-08-21 16:06:39,854][INFO] Iteration 1: Energy = 0.98657227
[2025-08-21 16:06:44,229][INFO] Iteration 2: Energy = 0.84765625
[2025-08-21 16:06:48,649][INFO] Iteration 3: Energy = 0.71435547
[2025-08-21 16:06:53,352][INFO] Iteration 4: Energy = 0.26293945
[2025-08-21 16:06:57,453][INFO] Iteration 5: Energy = 0.01049805
[2025-08-21 16:07:01,850][INFO] Iteration 6: Energy = 0.00756836
[2025-08-21 16:07:06,501][INFO] Iteration 7: Energy = 0.00634766
[2025-08-21 16:07:10,926][INFO] Iteration 8: Energy = 0.00903320
[2025-08-21 16:07:15,560][INFO] Iteration 9: Energy = 0.00659180
[2025-08-21 16:07:20,090][INFO] Iteration 10: Energy = 0.00805664
[2025-08-21 16:07:24,755][INFO] Iteration 11: Energy = 0.00732422
[2025-08-21 16:07:29,280][INFO] Iteration 12: Energy = 0.01074219
[2025-08-21 16:07:33,690][INFO] Iteration 13: Energy = 0.01123047
[2025-08-21 16:07:38,007][INFO] Iteration 14: Energy = 0.00854492
[2025-08-21 16:07:42,532][INFO] Iteration 15: Energy = 0.00708008
[2025-08-21 16:07:47,239][INFO] Iteration 16: Energy = 0.00537109
[2025-08-21 16:07:51,553][INFO] Iteration 17: Energy = 0.01074219
[2025-08-21 16:07:56,035][INFO] Iteration 18: Energy = 0.00756836
[2025-08-21 16:08:00,438][INFO] Iteration 19: Energy = 0.00854492
[2025-08-21 16:08:04,740][INFO] Iteration 20: Energy = 0.00830078
[2025-08-21 16:08:09,304][INFO] Iteration 21: Energy = 0.00732422
[2025-08-21 16:08:13,877][INFO] Iteration 22: Energy = 0.00976562
[2025-08-21 16:08:18,304][INFO] Iteration 23: Energy = 0.00732422
[2025-08-21 16:08:22,757][INFO] Iteration 24: Energy = 0.01147461
[2025-08-21 16:08:27,110][INFO] Iteration 25: Energy = 0.00683594
[2025-08-21 16:08:31,497][INFO] Iteration 26: Energy = 0.00976562
[2025-08-21 16:08:35,950][INFO] Iteration 27: Energy = 0.00878906
[2025-08-21 16:08:40,518][INFO] Iteration 28: Energy = 0.00781250
[2025-08-21 16:08:44,764][INFO] Iteration 29: Energy = 0.00952148
[2025-08-21 16:08:49,141][INFO] Iteration 30: Energy = 0.00683594
[2025-08-21 16:08:53,507][INFO] Iteration 31: Energy = 0.00708008
[2025-08-21 16:08:57,872][INFO] Iteration 32: Energy = 0.00610352
[2025-08-21 16:09:02,530][INFO] Iteration 33: Energy = 0.00634766
[2025-08-21 16:09:07,053][INFO] Iteration 34: Energy = 0.00927734
[2025-08-21 16:09:11,527][INFO] Iteration 35: Energy = 0.00756836
[2025-08-21 16:09:15,925][INFO] Iteration 36: Energy = 0.00878906
[2025-08-21 16:09:20,303][INFO] Iteration 37: Energy = 0.00781250
[2025-08-21 16:09:24,676][INFO] Iteration 38: Energy = 0.00903320
[2025-08-21 16:09:24,677][INFO] Completed VQE run 30: Energy = 0.005859
