[2025-08-21 15:58:08,063][INFO] Starting VQE run 24 (seed=22256135)
[2025-08-21 15:58:08,064][INFO] EstimatorOptions(_VERSION=2, max_execution_time=Unset, environment=EnvironmentOptions(log_level='WARNING', callback=None, job_tags=None, private=False), simulator=SimulatorOptions(noise_model=Unset, seed_simulator=Unset, coupling_map=Unset, basis_gates=Unset), default_precision=Unset, default_shots=None, resilience_level=Unset, seed_estimator=Unset, dynamical_decoupling=DynamicalDecouplingOptions(enable=Unset, sequence_type=Unset, extra_slack_distribution=Unset, scheduling_method=Unset, skip_reset_qubits=Unset), resilience=ResilienceOptionsV2(measure_mitigation=Unset, measure_noise_learning=MeasureNoiseLearningOptions(num_randomizations=Unset, shots_per_randomization=Unset), zne_mitigation=Unset, zne=ZneOptions(amplifier=Unset, noise_factors=Unset, extrapolator=Unset, extrapolated_noise_factors=Unset), pec_mitigation=Unset, pec=PecOptions(max_overhead=Unset, noise_gain=Unset), layer_noise_learning=LayerNoiseLearningOptions(max_layers_to_learn=Unset, shots_per_randomization=Unset, num_randomizations=Unset, layer_pair_depths=Unset), layer_noise_model=Unset), execution=ExecutionOptionsV2(init_qubits=Unset, rep_delay=Unset), twirling=TwirlingOptions(enable_gates=Unset, enable_measure=Unset, num_randomizations=Unset, shots_per_randomization=Unset, strategy=Unset), experimental=Unset)
[2025-08-21 15:58:08,113][INFO] Iteration 1: Energy = 0.20947266
[2025-08-21 15:58:08,149][INFO] Iteration 2: Energy = 0.20532227
[2025-08-21 15:58:08,178][INFO] Iteration 3: Energy = 0.00000000
[2025-08-21 15:58:08,214][INFO] Iteration 4: Energy = 0.00000000
[2025-08-21 15:58:08,243][INFO] Iteration 5: Energy = 0.00000000
[2025-08-21 15:58:08,290][INFO] Iteration 6: Energy = 0.00000000
[2025-08-21 15:58:08,318][INFO] Iteration 7: Energy = 0.00000000
[2025-08-21 15:58:08,357][INFO] Iteration 8: Energy = 0.00000000
[2025-08-21 15:58:08,392][INFO] Iteration 9: Energy = 0.00000000
[2025-08-21 15:58:08,435][INFO] Iteration 10: Energy = 0.00000000
[2025-08-21 15:58:08,474][INFO] Iteration 11: Energy = 0.00000000
[2025-08-21 15:58:08,502][INFO] Iteration 12: Energy = 0.00000000
[2025-08-21 15:58:08,545][INFO] Iteration 13: Energy = 0.00000000
[2025-08-21 15:58:08,581][INFO] Iteration 14: Energy = 0.00000000
[2025-08-21 15:58:08,617][INFO] Iteration 15: Energy = 0.00000000
[2025-08-21 15:58:08,642][INFO] Iteration 16: Energy = 0.00000000
[2025-08-21 15:58:08,674][INFO] Iteration 17: Energy = 0.00000000
[2025-08-21 15:58:08,712][INFO] Iteration 18: Energy = 0.00000000
[2025-08-21 15:58:08,751][INFO] Iteration 19: Energy = 0.00000000
[2025-08-21 15:58:08,785][INFO] Iteration 20: Energy = 0.00000000
[2025-08-21 15:58:08,818][INFO] Iteration 21: Energy = 0.00000000
[2025-08-21 15:58:08,856][INFO] Iteration 22: Energy = 0.00000000
[2025-08-21 15:58:08,891][INFO] Iteration 23: Energy = 0.00000000
[2025-08-21 15:58:08,926][INFO] Iteration 24: Energy = 0.00000000
[2025-08-21 15:58:08,958][INFO] Iteration 25: Energy = 0.00000000
[2025-08-21 15:58:08,995][INFO] Iteration 26: Energy = 0.00000000
[2025-08-21 15:58:09,023][INFO] Iteration 27: Energy = 0.00000000
[2025-08-21 15:58:09,052][INFO] Iteration 28: Energy = 0.00000000
[2025-08-21 15:58:09,081][INFO] Iteration 29: Energy = 0.00000000
[2025-08-21 15:58:09,082][INFO] Completed VQE run 24: Energy = 0.000000
[2025-08-21 15:58:59,539][INFO] Starting VQE run 24 (seed=99367201)
[2025-08-21 15:59:52,163][INFO] Starting VQE run 24 (seed=11194384)
[2025-08-21 15:59:52,163][INFO] EstimatorOptions(_VERSION=2, max_execution_time=Unset, environment=EnvironmentOptions(log_level='WARNING', callback=None, job_tags=None, private=False), simulator=SimulatorOptions(noise_model=Unset, seed_simulator=Unset, coupling_map=Unset, basis_gates=Unset), default_precision=Unset, default_shots=None, resilience_level=2, seed_estimator=Unset, dynamical_decoupling=DynamicalDecouplingOptions(enable=Unset, sequence_type=Unset, extra_slack_distribution=Unset, scheduling_method=Unset, skip_reset_qubits=Unset), resilience=ResilienceOptionsV2(measure_mitigation=Unset, measure_noise_learning=MeasureNoiseLearningOptions(num_randomizations=Unset, shots_per_randomization=Unset), zne_mitigation=Unset, zne=ZneOptions(amplifier=Unset, noise_factors=Unset, extrapolator=Unset, extrapolated_noise_factors=Unset), pec_mitigation=Unset, pec=PecOptions(max_overhead=Unset, noise_gain=Unset), layer_noise_learning=LayerNoiseLearningOptions(max_layers_to_learn=Unset, shots_per_randomization=Unset, num_randomizations=Unset, layer_pair_depths=Unset), layer_noise_model=Unset), execution=ExecutionOptionsV2(init_qubits=Unset, rep_delay=Unset), twirling=TwirlingOptions(enable_gates=Unset, enable_measure=Unset, num_randomizations=Unset, shots_per_randomization=Unset, strategy=Unset), experimental=Unset)
[2025-08-21 15:59:56,126][INFO] Iteration 1: Energy = 0.90332031
[2025-08-21 16:00:00,257][INFO] Iteration 2: Energy = 0.52368164
[2025-08-21 16:00:04,264][INFO] Iteration 3: Energy = 0.52148438
[2025-08-21 16:00:08,992][INFO] Iteration 4: Energy = 0.11376953
[2025-08-21 16:00:13,359][INFO] Iteration 5: Energy = 0.00903320
[2025-08-21 16:00:17,801][INFO] Iteration 6: Energy = 0.00537109
[2025-08-21 16:00:22,058][INFO] Iteration 7: Energy = 0.00805664
[2025-08-21 16:00:26,290][INFO] Iteration 8: Energy = 0.01074219
[2025-08-21 16:00:30,497][INFO] Iteration 9: Energy = 0.00683594
[2025-08-21 16:00:34,676][INFO] Iteration 10: Energy = 0.00854492
[2025-08-21 16:00:38,942][INFO] Iteration 11: Energy = 0.00732422
[2025-08-21 16:00:43,283][INFO] Iteration 12: Energy = 0.00952148
[2025-08-21 16:00:47,518][INFO] Iteration 13: Energy = 0.00610352
[2025-08-21 16:00:51,731][INFO] Iteration 14: Energy = 0.01074219
[2025-08-21 16:00:55,913][INFO] Iteration 15: Energy = 0.00781250
[2025-08-21 16:01:00,034][INFO] Iteration 16: Energy = 0.01025391
[2025-08-21 16:01:04,314][INFO] Iteration 17: Energy = 0.00683594
[2025-08-21 16:01:08,634][INFO] Iteration 18: Energy = 0.00732422
[2025-08-21 16:01:13,081][INFO] Iteration 19: Energy = 0.00927734
[2025-08-21 16:01:17,312][INFO] Iteration 20: Energy = 0.01123047
[2025-08-21 16:01:21,529][INFO] Iteration 21: Energy = 0.00683594
[2025-08-21 16:01:25,620][INFO] Iteration 22: Energy = 0.00952148
[2025-08-21 16:01:29,583][INFO] Iteration 23: Energy = 0.00976562
[2025-08-21 16:01:33,607][INFO] Iteration 24: Energy = 0.00659180
[2025-08-21 16:01:37,569][INFO] Iteration 25: Energy = 0.00708008
[2025-08-21 16:01:41,788][INFO] Iteration 26: Energy = 0.00854492
[2025-08-21 16:01:45,969][INFO] Iteration 27: Energy = 0.00781250
[2025-08-21 16:01:50,075][INFO] Iteration 28: Energy = 0.01098633
[2025-08-21 16:01:54,358][INFO] Iteration 29: Energy = 0.00805664
[2025-08-21 16:01:58,510][INFO] Iteration 30: Energy = 0.00927734
[2025-08-21 16:02:02,644][INFO] Iteration 31: Energy = 0.00878906
[2025-08-21 16:02:06,805][INFO] Iteration 32: Energy = 0.00634766
[2025-08-21 16:02:10,771][INFO] Iteration 33: Energy = 0.00903320
[2025-08-21 16:02:14,857][INFO] Iteration 34: Energy = 0.01049805
[2025-08-21 16:02:18,900][INFO] Iteration 35: Energy = 0.00781250
[2025-08-21 16:02:22,782][INFO] Iteration 36: Energy = 0.00854492
[2025-08-21 16:02:22,784][INFO] Completed VQE run 24: Energy = 0.004883
