[2025-08-21 15:58:09,752][INFO] Starting VQE run 34 (seed=96197991)
[2025-08-21 15:58:09,752][INFO] EstimatorOptions(_VERSION=2, max_execution_time=Unset, environment=EnvironmentOptions(log_level='WARNING', callback=None, job_tags=None, private=False), simulator=SimulatorOptions(noise_model=Unset, seed_simulator=Unset, coupling_map=Unset, basis_gates=Unset), default_precision=Unset, default_shots=None, resilience_level=Unset, seed_estimator=Unset, dynamical_decoupling=DynamicalDecouplingOptions(enable=Unset, sequence_type=Unset, extra_slack_distribution=Unset, scheduling_method=Unset, skip_reset_qubits=Unset), resilience=ResilienceOptionsV2(measure_mitigation=Unset, measure_noise_learning=MeasureNoiseLearningOptions(num_randomizations=Unset, shots_per_randomization=Unset), zne_mitigation=Unset, zne=ZneOptions(amplifier=Unset, noise_factors=Unset, extrapolator=Unset, extrapolated_noise_factors=Unset), pec_mitigation=Unset, pec=PecOptions(max_overhead=Unset, noise_gain=Unset), layer_noise_learning=LayerNoiseLearningOptions(max_layers_to_learn=Unset, shots_per_randomization=Unset, num_randomizations=Unset, layer_pair_depths=Unset), layer_noise_model=Unset), execution=ExecutionOptionsV2(init_qubits=Unset, rep_delay=Unset), twirling=TwirlingOptions(enable_gates=Unset, enable_measure=Unset, num_randomizations=Unset, shots_per_randomization=Unset, strategy=Unset), experimental=Unset)
[2025-08-21 15:58:09,786][INFO] Iteration 1: Energy = 0.51708984
[2025-08-21 15:58:09,820][INFO] Iteration 2: Energy = 0.53540039
[2025-08-21 15:58:09,866][INFO] Iteration 3: Energy = 0.10424805
[2025-08-21 15:58:09,909][INFO] Iteration 4: Energy = 0.00000000
[2025-08-21 15:58:09,955][INFO] Iteration 5: Energy = 0.00000000
[2025-08-21 15:58:09,984][INFO] Iteration 6: Energy = 0.00000000
[2025-08-21 15:58:10,023][INFO] Iteration 7: Energy = 0.00000000
[2025-08-21 15:58:10,070][INFO] Iteration 8: Energy = 0.00000000
[2025-08-21 15:58:10,115][INFO] Iteration 9: Energy = 0.00000000
[2025-08-21 15:58:10,146][INFO] Iteration 10: Energy = 0.00000000
[2025-08-21 15:58:10,179][INFO] Iteration 11: Energy = 0.00000000
[2025-08-21 15:58:10,223][INFO] Iteration 12: Energy = 0.00000000
[2025-08-21 15:58:10,262][INFO] Iteration 13: Energy = 0.00000000
[2025-08-21 15:58:10,297][INFO] Iteration 14: Energy = 0.00000000
[2025-08-21 15:58:10,325][INFO] Iteration 15: Energy = 0.00000000
[2025-08-21 15:58:10,363][INFO] Iteration 16: Energy = 0.00000000
[2025-08-21 15:58:10,396][INFO] Iteration 17: Energy = 0.00000000
[2025-08-21 15:58:10,435][INFO] Iteration 18: Energy = 0.00000000
[2025-08-21 15:58:10,468][INFO] Iteration 19: Energy = 0.00000000
[2025-08-21 15:58:10,514][INFO] Iteration 20: Energy = 0.00000000
[2025-08-21 15:58:10,546][INFO] Iteration 21: Energy = 0.00000000
[2025-08-21 15:58:10,575][INFO] Iteration 22: Energy = 0.00000000
[2025-08-21 15:58:10,605][INFO] Iteration 23: Energy = 0.00000000
[2025-08-21 15:58:10,638][INFO] Iteration 24: Energy = 0.00000000
[2025-08-21 15:58:10,676][INFO] Iteration 25: Energy = 0.00000000
[2025-08-21 15:58:10,701][INFO] Iteration 26: Energy = 0.00000000
[2025-08-21 15:58:10,729][INFO] Iteration 27: Energy = 0.00000000
[2025-08-21 15:58:10,730][INFO] Completed VQE run 34: Energy = 0.000000
[2025-08-21 16:09:48,291][INFO] Starting VQE run 34 (seed=84106599)
[2025-08-21 16:09:48,292][INFO] EstimatorOptions(_VERSION=2, max_execution_time=Unset, environment=EnvironmentOptions(log_level='WARNING', callback=None, job_tags=None, private=False), simulator=SimulatorOptions(noise_model=Unset, seed_simulator=Unset, coupling_map=Unset, basis_gates=Unset), default_precision=Unset, default_shots=None, resilience_level=2, seed_estimator=Unset, dynamical_decoupling=DynamicalDecouplingOptions(enable=Unset, sequence_type=Unset, extra_slack_distribution=Unset, scheduling_method=Unset, skip_reset_qubits=Unset), resilience=ResilienceOptionsV2(measure_mitigation=Unset, measure_noise_learning=MeasureNoiseLearningOptions(num_randomizations=Unset, shots_per_randomization=Unset), zne_mitigation=Unset, zne=ZneOptions(amplifier=Unset, noise_factors=Unset, extrapolator=Unset, extrapolated_noise_factors=Unset), pec_mitigation=Unset, pec=PecOptions(max_overhead=Unset, noise_gain=Unset), layer_noise_learning=LayerNoiseLearningOptions(max_layers_to_learn=Unset, shots_per_randomization=Unset, num_randomizations=Unset, layer_pair_depths=Unset), layer_noise_model=Unset), execution=ExecutionOptionsV2(init_qubits=Unset, rep_delay=Unset), twirling=TwirlingOptions(enable_gates=Unset, enable_measure=Unset, num_randomizations=Unset, shots_per_randomization=Unset, strategy=Unset), experimental=Unset)
[2025-08-21 16:09:52,469][INFO] Iteration 1: Energy = 0.00732422
[2025-08-21 16:09:56,879][INFO] Iteration 2: Energy = 0.00903320
[2025-08-21 16:10:01,139][INFO] Iteration 3: Energy = 0.00732422
[2025-08-21 16:10:05,314][INFO] Iteration 4: Energy = 0.00805664
[2025-08-21 16:10:09,736][INFO] Iteration 5: Energy = 0.00732422
[2025-08-21 16:10:14,481][INFO] Iteration 6: Energy = 0.00903320
[2025-08-21 16:10:18,954][INFO] Iteration 7: Energy = 0.01171875
[2025-08-21 16:10:23,337][INFO] Iteration 8: Energy = 0.00903320
[2025-08-21 16:10:27,896][INFO] Iteration 9: Energy = 0.00903320
[2025-08-21 16:10:32,218][INFO] Iteration 10: Energy = 0.00659180
[2025-08-21 16:10:36,656][INFO] Iteration 11: Energy = 0.01074219
[2025-08-21 16:10:41,104][INFO] Iteration 12: Energy = 0.00878906
[2025-08-21 16:10:45,372][INFO] Iteration 13: Energy = 0.00903320
[2025-08-21 16:10:49,939][INFO] Iteration 14: Energy = 0.01220703
[2025-08-21 16:10:54,444][INFO] Iteration 15: Energy = 0.00830078
[2025-08-21 16:10:58,782][INFO] Iteration 16: Energy = 0.00830078
[2025-08-21 16:11:03,071][INFO] Iteration 17: Energy = 0.01196289
[2025-08-21 16:11:07,533][INFO] Iteration 18: Energy = 0.01171875
[2025-08-21 16:11:11,791][INFO] Iteration 19: Energy = 0.01049805
[2025-08-21 16:11:16,091][INFO] Iteration 20: Energy = 0.01074219
[2025-08-21 16:11:20,420][INFO] Iteration 21: Energy = 0.01098633
[2025-08-21 16:11:24,867][INFO] Iteration 22: Energy = 0.00903320
[2025-08-21 16:11:29,292][INFO] Iteration 23: Energy = 0.01123047
[2025-08-21 16:11:33,642][INFO] Iteration 24: Energy = 0.01025391
[2025-08-21 16:11:37,837][INFO] Iteration 25: Energy = 0.00927734
[2025-08-21 16:11:42,246][INFO] Iteration 26: Energy = 0.00878906
[2025-08-21 16:11:46,627][INFO] Iteration 27: Energy = 0.01000977
[2025-08-21 16:11:50,773][INFO] Iteration 28: Energy = 0.01025391
[2025-08-21 16:11:55,523][INFO] Iteration 29: Energy = 0.00854492
[2025-08-21 16:11:59,971][INFO] Iteration 30: Energy = 0.00805664
[2025-08-21 16:12:04,434][INFO] Iteration 31: Energy = 0.01049805
[2025-08-21 16:12:08,749][INFO] Iteration 32: Energy = 0.01000977
[2025-08-21 16:12:13,101][INFO] Iteration 33: Energy = 0.01269531
[2025-08-21 16:12:17,629][INFO] Iteration 34: Energy = 0.00854492
[2025-08-21 16:12:21,887][INFO] Iteration 35: Energy = 0.00927734
[2025-08-21 16:12:26,462][INFO] Iteration 36: Energy = 0.00878906
[2025-08-21 16:12:26,463][INFO] Completed VQE run 34: Energy = 0.008057
