[2025-08-21 15:58:04,074][INFO] Starting VQE run 6 (seed=46620023)
[2025-08-21 15:58:04,074][INFO] EstimatorOptions(_VERSION=2, max_execution_time=Unset, environment=EnvironmentOptions(log_level='WARNING', callback=None, job_tags=None, private=False), simulator=SimulatorOptions(noise_model=Unset, seed_simulator=Unset, coupling_map=Unset, basis_gates=Unset), default_precision=Unset, default_shots=None, resilience_level=Unset, seed_estimator=Unset, dynamical_decoupling=DynamicalDecouplingOptions(enable=Unset, sequence_type=Unset, extra_slack_distribution=Unset, scheduling_method=Unset, skip_reset_qubits=Unset), resilience=ResilienceOptionsV2(measure_mitigation=Unset, measure_noise_learning=MeasureNoiseLearningOptions(num_randomizations=Unset, shots_per_randomization=Unset), zne_mitigation=Unset, zne=ZneOptions(amplifier=Unset, noise_factors=Unset, extrapolator=Unset, extrapolated_noise_factors=Unset), pec_mitigation=Unset, pec=PecOptions(max_overhead=Unset, noise_gain=Unset), layer_noise_learning=LayerNoiseLearningOptions(max_layers_to_learn=Unset, shots_per_randomization=Unset, num_randomizations=Unset, layer_pair_depths=Unset), layer_noise_model=Unset), execution=ExecutionOptionsV2(init_qubits=Unset, rep_delay=Unset), twirling=TwirlingOptions(enable_gates=Unset, enable_measure=Unset, num_randomizations=Unset, shots_per_randomization=Unset, strategy=Unset), experimental=Unset)
[2025-08-21 15:58:04,122][INFO] Iteration 1: Energy = 0.31835938
[2025-08-21 15:58:04,143][INFO] Iteration 2: Energy = 0.01318359
[2025-08-21 15:58:04,162][INFO] Iteration 3: Energy = 0.01220703
[2025-08-21 15:58:04,184][INFO] Iteration 4: Energy = 0.00000000
[2025-08-21 15:58:04,205][INFO] Iteration 5: Energy = 0.00000000
[2025-08-21 15:58:04,230][INFO] Iteration 6: Energy = 0.00000000
[2025-08-21 15:58:04,251][INFO] Iteration 7: Energy = 0.00000000
[2025-08-21 15:58:04,272][INFO] Iteration 8: Energy = 0.00000000
[2025-08-21 15:58:04,294][INFO] Iteration 9: Energy = 0.00000000
[2025-08-21 15:58:04,315][INFO] Iteration 10: Energy = 0.00000000
[2025-08-21 15:58:04,339][INFO] Iteration 11: Energy = 0.00000000
[2025-08-21 15:58:04,362][INFO] Iteration 12: Energy = 0.00000000
[2025-08-21 15:58:04,383][INFO] Iteration 13: Energy = 0.00000000
[2025-08-21 15:58:04,411][INFO] Iteration 14: Energy = 0.00000000
[2025-08-21 15:58:04,431][INFO] Iteration 15: Energy = 0.00000000
[2025-08-21 15:58:04,456][INFO] Iteration 16: Energy = 0.00000000
[2025-08-21 15:58:04,476][INFO] Iteration 17: Energy = 0.00000000
[2025-08-21 15:58:04,500][INFO] Iteration 18: Energy = 0.00000000
[2025-08-21 15:58:04,618][INFO] Iteration 19: Energy = 0.00000000
[2025-08-21 15:58:04,699][INFO] Iteration 20: Energy = 0.00000000
[2025-08-21 15:58:04,810][INFO] Iteration 21: Energy = 0.00000000
[2025-08-21 15:58:04,965][INFO] Iteration 22: Energy = 0.00000000
[2025-08-21 15:58:05,118][INFO] Iteration 23: Energy = 0.00000000
[2025-08-21 15:58:05,214][INFO] Iteration 24: Energy = 0.00000000
[2025-08-21 15:58:05,309][INFO] Iteration 25: Energy = 0.00000000
[2025-08-21 15:58:05,428][INFO] Iteration 26: Energy = 0.00000000
[2025-08-21 15:58:05,548][INFO] Iteration 27: Energy = 0.00000000
[2025-08-21 15:58:05,649][INFO] Iteration 28: Energy = 0.00000000
[2025-08-21 15:58:05,650][INFO] Completed VQE run 6: Energy = 0.000000
[2025-08-21 15:58:59,484][INFO] Starting VQE run 6 (seed=99367201)
[2025-08-21 15:59:51,866][INFO] Starting VQE run 6 (seed=103546863)
[2025-08-21 15:59:51,866][INFO] EstimatorOptions(_VERSION=2, max_execution_time=Unset, environment=EnvironmentOptions(log_level='WARNING', callback=None, job_tags=None, private=False), simulator=SimulatorOptions(noise_model=Unset, seed_simulator=Unset, coupling_map=Unset, basis_gates=Unset), default_precision=Unset, default_shots=None, resilience_level=2, seed_estimator=Unset, dynamical_decoupling=DynamicalDecouplingOptions(enable=Unset, sequence_type=Unset, extra_slack_distribution=Unset, scheduling_method=Unset, skip_reset_qubits=Unset), resilience=ResilienceOptionsV2(measure_mitigation=Unset, measure_noise_learning=MeasureNoiseLearningOptions(num_randomizations=Unset, shots_per_randomization=Unset), zne_mitigation=Unset, zne=ZneOptions(amplifier=Unset, noise_factors=Unset, extrapolator=Unset, extrapolated_noise_factors=Unset), pec_mitigation=Unset, pec=PecOptions(max_overhead=Unset, noise_gain=Unset), layer_noise_learning=LayerNoiseLearningOptions(max_layers_to_learn=Unset, shots_per_randomization=Unset, num_randomizations=Unset, layer_pair_depths=Unset), layer_noise_model=Unset), execution=ExecutionOptionsV2(init_qubits=Unset, rep_delay=Unset), twirling=TwirlingOptions(enable_gates=Unset, enable_measure=Unset, num_randomizations=Unset, shots_per_randomization=Unset, strategy=Unset), experimental=Unset)
[2025-08-21 15:59:55,838][INFO] Iteration 1: Energy = 0.54711914
[2025-08-21 15:59:59,623][INFO] Iteration 2: Energy = 0.56201172
[2025-08-21 16:00:03,798][INFO] Iteration 3: Energy = 0.13647461
[2025-08-21 16:00:08,458][INFO] Iteration 4: Energy = 0.00732422
[2025-08-21 16:00:12,871][INFO] Iteration 5: Energy = 0.00805664
[2025-08-21 16:00:17,151][INFO] Iteration 6: Energy = 0.00732422
[2025-08-21 16:00:21,602][INFO] Iteration 7: Energy = 0.00659180
[2025-08-21 16:00:25,557][INFO] Iteration 8: Energy = 0.00561523
[2025-08-21 16:00:29,783][INFO] Iteration 9: Energy = 0.00634766
[2025-08-21 16:00:33,844][INFO] Iteration 10: Energy = 0.00610352
[2025-08-21 16:00:38,089][INFO] Iteration 11: Energy = 0.00732422
[2025-08-21 16:00:42,210][INFO] Iteration 12: Energy = 0.00927734
[2025-08-21 16:00:46,578][INFO] Iteration 13: Energy = 0.00708008
[2025-08-21 16:00:50,779][INFO] Iteration 14: Energy = 0.00830078
[2025-08-21 16:00:55,249][INFO] Iteration 15: Energy = 0.00756836
[2025-08-21 16:00:59,704][INFO] Iteration 16: Energy = 0.00854492
[2025-08-21 16:01:04,094][INFO] Iteration 17: Energy = 0.00781250
[2025-08-21 16:01:08,483][INFO] Iteration 18: Energy = 0.00756836
[2025-08-21 16:01:12,609][INFO] Iteration 19: Energy = 0.00732422
[2025-08-21 16:01:16,679][INFO] Iteration 20: Energy = 0.00927734
[2025-08-21 16:01:20,908][INFO] Iteration 21: Energy = 0.00708008
[2025-08-21 16:01:24,935][INFO] Iteration 22: Energy = 0.00708008
[2025-08-21 16:01:29,134][INFO] Iteration 23: Energy = 0.00830078
[2025-08-21 16:01:33,214][INFO] Iteration 24: Energy = 0.01025391
[2025-08-21 16:01:37,361][INFO] Iteration 25: Energy = 0.00634766
[2025-08-21 16:01:41,493][INFO] Iteration 26: Energy = 0.00708008
[2025-08-21 16:01:45,750][INFO] Iteration 27: Energy = 0.00756836
[2025-08-21 16:01:49,707][INFO] Iteration 28: Energy = 0.00512695
[2025-08-21 16:01:53,797][INFO] Iteration 29: Energy = 0.00878906
[2025-08-21 16:01:58,189][INFO] Iteration 30: Energy = 0.00830078
[2025-08-21 16:02:02,401][INFO] Iteration 31: Energy = 0.00610352
[2025-08-21 16:02:06,622][INFO] Iteration 32: Energy = 0.00976562
[2025-08-21 16:02:10,724][INFO] Iteration 33: Energy = 0.00781250
[2025-08-21 16:02:14,868][INFO] Iteration 34: Energy = 0.00781250
[2025-08-21 16:02:18,993][INFO] Iteration 35: Energy = 0.00830078
[2025-08-21 16:02:23,162][INFO] Iteration 36: Energy = 0.00781250
[2025-08-21 16:02:27,450][INFO] Iteration 37: Energy = 0.00878906
[2025-08-21 16:02:31,486][INFO] Iteration 38: Energy = 0.00854492
[2025-08-21 16:02:35,569][INFO] Iteration 39: Energy = 0.01098633
[2025-08-21 16:02:39,709][INFO] Iteration 40: Energy = 0.00732422
[2025-08-21 16:02:43,720][INFO] Iteration 41: Energy = 0.00830078
[2025-08-21 16:02:43,722][INFO] Completed VQE run 6: Energy = 0.004639
