[2025-08-21 15:58:03,975][INFO] Starting VQE run 3 (seed=96071391)
[2025-08-21 15:58:03,975][INFO] EstimatorOptions(_VERSION=2, max_execution_time=Unset, environment=EnvironmentOptions(log_level='WARNING', callback=None, job_tags=None, private=False), simulator=SimulatorOptions(noise_model=Unset, seed_simulator=Unset, coupling_map=Unset, basis_gates=Unset), default_precision=Unset, default_shots=None, resilience_level=Unset, seed_estimator=Unset, dynamical_decoupling=DynamicalDecouplingOptions(enable=Unset, sequence_type=Unset, extra_slack_distribution=Unset, scheduling_method=Unset, skip_reset_qubits=Unset), resilience=ResilienceOptionsV2(measure_mitigation=Unset, measure_noise_learning=MeasureNoiseLearningOptions(num_randomizations=Unset, shots_per_randomization=Unset), zne_mitigation=Unset, zne=ZneOptions(amplifier=Unset, noise_factors=Unset, extrapolator=Unset, extrapolated_noise_factors=Unset), pec_mitigation=Unset, pec=PecOptions(max_overhead=Unset, noise_gain=Unset), layer_noise_learning=LayerNoiseLearningOptions(max_layers_to_learn=Unset, shots_per_randomization=Unset, num_randomizations=Unset, layer_pair_depths=Unset), layer_noise_model=Unset), execution=ExecutionOptionsV2(init_qubits=Unset, rep_delay=Unset), twirling=TwirlingOptions(enable_gates=Unset, enable_measure=Unset, num_randomizations=Unset, shots_per_randomization=Unset, strategy=Unset), experimental=Unset)
[2025-08-21 15:58:04,009][INFO] Iteration 1: Energy = 0.20898438
[2025-08-21 15:58:04,027][INFO] Iteration 2: Energy = 0.20654297
[2025-08-21 15:58:04,045][INFO] Iteration 3: Energy = 0.00000000
[2025-08-21 15:58:04,064][INFO] Iteration 4: Energy = 0.00000000
[2025-08-21 15:58:04,082][INFO] Iteration 5: Energy = 0.00000000
[2025-08-21 15:58:04,101][INFO] Iteration 6: Energy = 0.00000000
[2025-08-21 15:58:04,119][INFO] Iteration 7: Energy = 0.00000000
[2025-08-21 15:58:04,142][INFO] Iteration 8: Energy = 0.00000000
[2025-08-21 15:58:04,166][INFO] Iteration 9: Energy = 0.00000000
[2025-08-21 15:58:04,185][INFO] Iteration 10: Energy = 0.00000000
[2025-08-21 15:58:04,209][INFO] Iteration 11: Energy = 0.00000000
[2025-08-21 15:58:04,233][INFO] Iteration 12: Energy = 0.00000000
[2025-08-21 15:58:04,256][INFO] Iteration 13: Energy = 0.00000000
[2025-08-21 15:58:04,285][INFO] Iteration 14: Energy = 0.00000000
[2025-08-21 15:58:04,306][INFO] Iteration 15: Energy = 0.00000000
[2025-08-21 15:58:04,329][INFO] Iteration 16: Energy = 0.00000000
[2025-08-21 15:58:04,357][INFO] Iteration 17: Energy = 0.00000000
[2025-08-21 15:58:04,380][INFO] Iteration 18: Energy = 0.00000000
[2025-08-21 15:58:04,401][INFO] Iteration 19: Energy = 0.00000000
[2025-08-21 15:58:04,429][INFO] Iteration 20: Energy = 0.00000000
[2025-08-21 15:58:04,449][INFO] Iteration 21: Energy = 0.00000000
[2025-08-21 15:58:04,477][INFO] Iteration 22: Energy = 0.00000000
[2025-08-21 15:58:04,511][INFO] Iteration 23: Energy = 0.00000000
[2025-08-21 15:58:04,624][INFO] Iteration 24: Energy = 0.00000000
[2025-08-21 15:58:04,708][INFO] Iteration 25: Energy = 0.00000000
[2025-08-21 15:58:04,867][INFO] Iteration 26: Energy = 0.00000000
[2025-08-21 15:58:04,868][INFO] Completed VQE run 3: Energy = 0.000000
[2025-08-21 15:58:59,474][INFO] Starting VQE run 3 (seed=99367201)
[2025-08-21 15:59:51,792][INFO] Starting VQE run 3 (seed=72481680)
[2025-08-21 15:59:51,793][INFO] EstimatorOptions(_VERSION=2, max_execution_time=Unset, environment=EnvironmentOptions(log_level='WARNING', callback=None, job_tags=None, private=False), simulator=SimulatorOptions(noise_model=Unset, seed_simulator=Unset, coupling_map=Unset, basis_gates=Unset), default_precision=Unset, default_shots=None, resilience_level=2, seed_estimator=Unset, dynamical_decoupling=DynamicalDecouplingOptions(enable=Unset, sequence_type=Unset, extra_slack_distribution=Unset, scheduling_method=Unset, skip_reset_qubits=Unset), resilience=ResilienceOptionsV2(measure_mitigation=Unset, measure_noise_learning=MeasureNoiseLearningOptions(num_randomizations=Unset, shots_per_randomization=Unset), zne_mitigation=Unset, zne=ZneOptions(amplifier=Unset, noise_factors=Unset, extrapolator=Unset, extrapolated_noise_factors=Unset), pec_mitigation=Unset, pec=PecOptions(max_overhead=Unset, noise_gain=Unset), layer_noise_learning=LayerNoiseLearningOptions(max_layers_to_learn=Unset, shots_per_randomization=Unset, num_randomizations=Unset, layer_pair_depths=Unset), layer_noise_model=Unset), execution=ExecutionOptionsV2(init_qubits=Unset, rep_delay=Unset), twirling=TwirlingOptions(enable_gates=Unset, enable_measure=Unset, num_randomizations=Unset, shots_per_randomization=Unset, strategy=Unset), experimental=Unset)
[2025-08-21 15:59:55,407][INFO] Iteration 1: Energy = 0.57031250
[2025-08-21 15:59:59,339][INFO] Iteration 2: Energy = 0.57836914
[2025-08-21 16:00:03,193][INFO] Iteration 3: Energy = 0.15063477
[2025-08-21 16:00:07,667][INFO] Iteration 4: Energy = 0.01049805
[2025-08-21 16:00:12,025][INFO] Iteration 5: Energy = 0.00854492
[2025-08-21 16:00:16,309][INFO] Iteration 6: Energy = 0.00830078
[2025-08-21 16:00:20,631][INFO] Iteration 7: Energy = 0.01098633
[2025-08-21 16:00:24,659][INFO] Iteration 8: Energy = 0.00976562
[2025-08-21 16:00:28,957][INFO] Iteration 9: Energy = 0.00927734
[2025-08-21 16:00:32,903][INFO] Iteration 10: Energy = 0.00781250
[2025-08-21 16:00:37,040][INFO] Iteration 11: Energy = 0.00952148
[2025-08-21 16:00:41,417][INFO] Iteration 12: Energy = 0.01000977
[2025-08-21 16:00:45,815][INFO] Iteration 13: Energy = 0.00610352
[2025-08-21 16:00:50,106][INFO] Iteration 14: Energy = 0.00927734
[2025-08-21 16:00:54,336][INFO] Iteration 15: Energy = 0.00756836
[2025-08-21 16:00:58,635][INFO] Iteration 16: Energy = 0.00927734
[2025-08-21 16:01:02,698][INFO] Iteration 17: Energy = 0.00805664
[2025-08-21 16:01:06,919][INFO] Iteration 18: Energy = 0.00830078
[2025-08-21 16:01:11,350][INFO] Iteration 19: Energy = 0.00683594
[2025-08-21 16:01:15,551][INFO] Iteration 20: Energy = 0.00830078
[2025-08-21 16:01:19,783][INFO] Iteration 21: Energy = 0.00854492
[2025-08-21 16:01:23,937][INFO] Iteration 22: Energy = 0.00927734
[2025-08-21 16:01:27,997][INFO] Iteration 23: Energy = 0.00781250
[2025-08-21 16:01:32,169][INFO] Iteration 24: Energy = 0.00805664
[2025-08-21 16:01:36,233][INFO] Iteration 25: Energy = 0.00830078
[2025-08-21 16:01:40,573][INFO] Iteration 26: Energy = 0.00878906
[2025-08-21 16:01:44,704][INFO] Iteration 27: Energy = 0.00927734
[2025-08-21 16:01:48,685][INFO] Iteration 28: Energy = 0.00561523
[2025-08-21 16:01:52,790][INFO] Iteration 29: Energy = 0.00683594
[2025-08-21 16:01:56,753][INFO] Iteration 30: Energy = 0.00952148
[2025-08-21 16:02:00,820][INFO] Iteration 31: Energy = 0.00854492
[2025-08-21 16:02:04,881][INFO] Iteration 32: Energy = 0.01049805
[2025-08-21 16:02:08,647][INFO] Iteration 33: Energy = 0.00927734
[2025-08-21 16:02:12,996][INFO] Iteration 34: Energy = 0.00854492
[2025-08-21 16:02:12,997][INFO] Completed VQE run 3: Energy = 0.005859
