[2025-08-21 15:58:07,886][INFO] Starting VQE run 18 (seed=34335237)
[2025-08-21 15:58:07,886][INFO] EstimatorOptions(_VERSION=2, max_execution_time=Unset, environment=EnvironmentOptions(log_level='WARNING', callback=None, job_tags=None, private=False), simulator=SimulatorOptions(noise_model=Unset, seed_simulator=Unset, coupling_map=Unset, basis_gates=Unset), default_precision=Unset, default_shots=None, resilience_level=Unset, seed_estimator=Unset, dynamical_decoupling=DynamicalDecouplingOptions(enable=Unset, sequence_type=Unset, extra_slack_distribution=Unset, scheduling_method=Unset, skip_reset_qubits=Unset), resilience=ResilienceOptionsV2(measure_mitigation=Unset, measure_noise_learning=MeasureNoiseLearningOptions(num_randomizations=Unset, shots_per_randomization=Unset), zne_mitigation=Unset, zne=ZneOptions(amplifier=Unset, noise_factors=Unset, extrapolator=Unset, extrapolated_noise_factors=Unset), pec_mitigation=Unset, pec=PecOptions(max_overhead=Unset, noise_gain=Unset), layer_noise_learning=LayerNoiseLearningOptions(max_layers_to_learn=Unset, shots_per_randomization=Unset, num_randomizations=Unset, layer_pair_depths=Unset), layer_noise_model=Unset), execution=ExecutionOptionsV2(init_qubits=Unset, rep_delay=Unset), twirling=TwirlingOptions(enable_gates=Unset, enable_measure=Unset, num_randomizations=Unset, shots_per_randomization=Unset, strategy=Unset), experimental=Unset)
[2025-08-21 15:58:07,942][INFO] Iteration 1: Energy = 0.73950195
[2025-08-21 15:58:07,985][INFO] Iteration 2: Energy = 0.29394531
[2025-08-21 15:58:08,016][INFO] Iteration 3: Energy = 0.29394531
[2025-08-21 15:58:08,049][INFO] Iteration 4: Energy = 0.01049805
[2025-08-21 15:58:08,085][INFO] Iteration 5: Energy = 0.00000000
[2025-08-21 15:58:08,128][INFO] Iteration 6: Energy = 0.00000000
[2025-08-21 15:58:08,163][INFO] Iteration 7: Energy = 0.00000000
[2025-08-21 15:58:08,195][INFO] Iteration 8: Energy = 0.00000000
[2025-08-21 15:58:08,227][INFO] Iteration 9: Energy = 0.00000000
[2025-08-21 15:58:08,260][INFO] Iteration 10: Energy = 0.00000000
[2025-08-21 15:58:08,292][INFO] Iteration 11: Energy = 0.00000000
[2025-08-21 15:58:08,316][INFO] Iteration 12: Energy = 0.00000000
[2025-08-21 15:58:08,363][INFO] Iteration 13: Energy = 0.00000000
[2025-08-21 15:58:08,402][INFO] Iteration 14: Energy = 0.00000000
[2025-08-21 15:58:08,446][INFO] Iteration 15: Energy = 0.00000000
[2025-08-21 15:58:08,485][INFO] Iteration 16: Energy = 0.00000000
[2025-08-21 15:58:08,517][INFO] Iteration 17: Energy = 0.00000000
[2025-08-21 15:58:08,550][INFO] Iteration 18: Energy = 0.00000000
[2025-08-21 15:58:08,584][INFO] Iteration 19: Energy = 0.00000000
[2025-08-21 15:58:08,619][INFO] Iteration 20: Energy = 0.00000000
[2025-08-21 15:58:08,643][INFO] Iteration 21: Energy = 0.00000000
[2025-08-21 15:58:08,676][INFO] Iteration 22: Energy = 0.00000000
[2025-08-21 15:58:08,705][INFO] Iteration 23: Energy = 0.00000000
[2025-08-21 15:58:08,731][INFO] Iteration 24: Energy = 0.00000000
[2025-08-21 15:58:08,763][INFO] Iteration 25: Energy = 0.00000000
[2025-08-21 15:58:08,799][INFO] Iteration 26: Energy = 0.00000000
[2025-08-21 15:58:08,834][INFO] Iteration 27: Energy = 0.00000000
[2025-08-21 15:58:08,872][INFO] Iteration 28: Energy = 0.00000000
[2025-08-21 15:58:08,907][INFO] Iteration 29: Energy = 0.00000000
[2025-08-21 15:58:08,937][INFO] Iteration 30: Energy = 0.00000000
[2025-08-21 15:58:08,974][INFO] Iteration 31: Energy = 0.00000000
[2025-08-21 15:58:09,007][INFO] Iteration 32: Energy = 0.00000000
[2025-08-21 15:58:09,039][INFO] Iteration 33: Energy = 0.00000000
[2025-08-21 15:58:09,039][INFO] Completed VQE run 18: Energy = 0.000000
[2025-08-21 15:58:59,520][INFO] Starting VQE run 18 (seed=99367201)
[2025-08-21 15:59:52,077][INFO] Starting VQE run 18 (seed=40004986)
[2025-08-21 15:59:52,077][INFO] EstimatorOptions(_VERSION=2, max_execution_time=Unset, environment=EnvironmentOptions(log_level='WARNING', callback=None, job_tags=None, private=False), simulator=SimulatorOptions(noise_model=Unset, seed_simulator=Unset, coupling_map=Unset, basis_gates=Unset), default_precision=Unset, default_shots=None, resilience_level=2, seed_estimator=Unset, dynamical_decoupling=DynamicalDecouplingOptions(enable=Unset, sequence_type=Unset, extra_slack_distribution=Unset, scheduling_method=Unset, skip_reset_qubits=Unset), resilience=ResilienceOptionsV2(measure_mitigation=Unset, measure_noise_learning=MeasureNoiseLearningOptions(num_randomizations=Unset, shots_per_randomization=Unset), zne_mitigation=Unset, zne=ZneOptions(amplifier=Unset, noise_factors=Unset, extrapolator=Unset, extrapolated_noise_factors=Unset), pec_mitigation=Unset, pec=PecOptions(max_overhead=Unset, noise_gain=Unset), layer_noise_learning=LayerNoiseLearningOptions(max_layers_to_learn=Unset, shots_per_randomization=Unset, num_randomizations=Unset, layer_pair_depths=Unset), layer_noise_model=Unset), execution=ExecutionOptionsV2(init_qubits=Unset, rep_delay=Unset), twirling=TwirlingOptions(enable_gates=Unset, enable_measure=Unset, num_randomizations=Unset, shots_per_randomization=Unset, strategy=Unset), experimental=Unset)
[2025-08-21 15:59:56,391][INFO] Iteration 1: Energy = 0.43505859
[2025-08-21 16:00:00,629][INFO] Iteration 2: Energy = 0.06835938
[2025-08-21 16:00:05,062][INFO] Iteration 3: Energy = 0.06567383
[2025-08-21 16:00:09,313][INFO] Iteration 4: Energy = 0.00756836
[2025-08-21 16:00:13,682][INFO] Iteration 5: Energy = 0.00903320
[2025-08-21 16:00:18,064][INFO] Iteration 6: Energy = 0.00854492
[2025-08-21 16:00:22,428][INFO] Iteration 7: Energy = 0.00976562
[2025-08-21 16:00:26,971][INFO] Iteration 8: Energy = 0.00781250
[2025-08-21 16:00:31,233][INFO] Iteration 9: Energy = 0.00878906
[2025-08-21 16:00:35,592][INFO] Iteration 10: Energy = 0.00927734
[2025-08-21 16:00:39,976][INFO] Iteration 11: Energy = 0.00903320
[2025-08-21 16:00:44,411][INFO] Iteration 12: Energy = 0.00805664
[2025-08-21 16:00:48,742][INFO] Iteration 13: Energy = 0.00854492
[2025-08-21 16:00:53,185][INFO] Iteration 14: Energy = 0.00903320
[2025-08-21 16:00:57,574][INFO] Iteration 15: Energy = 0.00878906
[2025-08-21 16:01:02,179][INFO] Iteration 16: Energy = 0.00708008
[2025-08-21 16:01:06,664][INFO] Iteration 17: Energy = 0.00854492
[2025-08-21 16:01:11,084][INFO] Iteration 18: Energy = 0.00903320
[2025-08-21 16:01:15,233][INFO] Iteration 19: Energy = 0.00634766
[2025-08-21 16:01:19,660][INFO] Iteration 20: Energy = 0.01000977
[2025-08-21 16:01:23,758][INFO] Iteration 21: Energy = 0.00976562
[2025-08-21 16:01:28,023][INFO] Iteration 22: Energy = 0.00610352
[2025-08-21 16:01:32,342][INFO] Iteration 23: Energy = 0.00854492
[2025-08-21 16:01:36,655][INFO] Iteration 24: Energy = 0.00781250
[2025-08-21 16:01:41,186][INFO] Iteration 25: Energy = 0.00830078
[2025-08-21 16:01:45,613][INFO] Iteration 26: Energy = 0.01123047
[2025-08-21 16:01:49,843][INFO] Iteration 27: Energy = 0.00854492
[2025-08-21 16:01:54,196][INFO] Iteration 28: Energy = 0.00659180
[2025-08-21 16:01:58,246][INFO] Iteration 29: Energy = 0.00488281
[2025-08-21 16:02:02,552][INFO] Iteration 30: Energy = 0.00732422
[2025-08-21 16:02:06,753][INFO] Iteration 31: Energy = 0.00512695
[2025-08-21 16:02:11,314][INFO] Iteration 32: Energy = 0.00903320
[2025-08-21 16:02:15,747][INFO] Iteration 33: Energy = 0.00756836
[2025-08-21 16:02:19,978][INFO] Iteration 34: Energy = 0.00830078
[2025-08-21 16:02:24,033][INFO] Iteration 35: Energy = 0.00708008
[2025-08-21 16:02:28,157][INFO] Iteration 36: Energy = 0.01025391
[2025-08-21 16:02:28,158][INFO] Completed VQE run 18: Energy = 0.006348
