[2025-08-21 15:58:10,824][INFO] Starting VQE run 38 (seed=46650887)
[2025-08-21 15:58:10,824][INFO] EstimatorOptions(_VERSION=2, max_execution_time=Unset, environment=EnvironmentOptions(log_level='WARNING', callback=None, job_tags=None, private=False), simulator=SimulatorOptions(noise_model=Unset, seed_simulator=Unset, coupling_map=Unset, basis_gates=Unset), default_precision=Unset, default_shots=None, resilience_level=Unset, seed_estimator=Unset, dynamical_decoupling=DynamicalDecouplingOptions(enable=Unset, sequence_type=Unset, extra_slack_distribution=Unset, scheduling_method=Unset, skip_reset_qubits=Unset), resilience=ResilienceOptionsV2(measure_mitigation=Unset, measure_noise_learning=MeasureNoiseLearningOptions(num_randomizations=Unset, shots_per_randomization=Unset), zne_mitigation=Unset, zne=ZneOptions(amplifier=Unset, noise_factors=Unset, extrapolator=Unset, extrapolated_noise_factors=Unset), pec_mitigation=Unset, pec=PecOptions(max_overhead=Unset, noise_gain=Unset), layer_noise_learning=LayerNoiseLearningOptions(max_layers_to_learn=Unset, shots_per_randomization=Unset, num_randomizations=Unset, layer_pair_depths=Unset), layer_noise_model=Unset), execution=ExecutionOptionsV2(init_qubits=Unset, rep_delay=Unset), twirling=TwirlingOptions(enable_gates=Unset, enable_measure=Unset, num_randomizations=Unset, shots_per_randomization=Unset, strategy=Unset), experimental=Unset)
[2025-08-21 15:58:10,857][INFO] Iteration 1: Energy = 0.76538086
[2025-08-21 15:58:10,890][INFO] Iteration 2: Energy = 0.31909180
[2025-08-21 15:58:10,929][INFO] Iteration 3: Energy = 0.32104492
[2025-08-21 15:58:10,963][INFO] Iteration 4: Energy = 0.01757812
[2025-08-21 15:58:10,991][INFO] Iteration 5: Energy = 0.00000000
[2025-08-21 15:58:11,024][INFO] Iteration 6: Energy = 0.00000000
[2025-08-21 15:58:11,060][INFO] Iteration 7: Energy = 0.00000000
[2025-08-21 15:58:11,104][INFO] Iteration 8: Energy = 0.00000000
[2025-08-21 15:58:11,129][INFO] Iteration 9: Energy = 0.00000000
[2025-08-21 15:58:11,158][INFO] Iteration 10: Energy = 0.00000000
[2025-08-21 15:58:11,199][INFO] Iteration 11: Energy = 0.00000000
[2025-08-21 15:58:11,224][INFO] Iteration 12: Energy = 0.00000000
[2025-08-21 15:58:11,255][INFO] Iteration 13: Energy = 0.00000000
[2025-08-21 15:58:11,287][INFO] Iteration 14: Energy = 0.00000000
[2025-08-21 15:58:11,336][INFO] Iteration 15: Energy = 0.00000000
[2025-08-21 15:58:11,362][INFO] Iteration 16: Energy = 0.00000000
[2025-08-21 15:58:11,394][INFO] Iteration 17: Energy = 0.00000000
[2025-08-21 15:58:11,425][INFO] Iteration 18: Energy = 0.00000000
[2025-08-21 15:58:11,461][INFO] Iteration 19: Energy = 0.00000000
[2025-08-21 15:58:11,493][INFO] Iteration 20: Energy = 0.00000000
[2025-08-21 15:58:11,522][INFO] Iteration 21: Energy = 0.00000000
[2025-08-21 15:58:11,555][INFO] Iteration 22: Energy = 0.00000000
[2025-08-21 15:58:11,600][INFO] Iteration 23: Energy = 0.00000000
[2025-08-21 15:58:11,632][INFO] Iteration 24: Energy = 0.00000000
[2025-08-21 15:58:11,670][INFO] Iteration 25: Energy = 0.00000000
[2025-08-21 15:58:11,719][INFO] Iteration 26: Energy = 0.00000000
[2025-08-21 15:58:11,756][INFO] Iteration 27: Energy = 0.00000000
[2025-08-21 15:58:11,786][INFO] Iteration 28: Energy = 0.00000000
[2025-08-21 15:58:11,786][INFO] Completed VQE run 38: Energy = 0.000000
[2025-08-21 16:12:46,470][INFO] Starting VQE run 38 (seed=97771480)
[2025-08-21 16:12:46,470][INFO] EstimatorOptions(_VERSION=2, max_execution_time=Unset, environment=EnvironmentOptions(log_level='WARNING', callback=None, job_tags=None, private=False), simulator=SimulatorOptions(noise_model=Unset, seed_simulator=Unset, coupling_map=Unset, basis_gates=Unset), default_precision=Unset, default_shots=None, resilience_level=2, seed_estimator=Unset, dynamical_decoupling=DynamicalDecouplingOptions(enable=Unset, sequence_type=Unset, extra_slack_distribution=Unset, scheduling_method=Unset, skip_reset_qubits=Unset), resilience=ResilienceOptionsV2(measure_mitigation=Unset, measure_noise_learning=MeasureNoiseLearningOptions(num_randomizations=Unset, shots_per_randomization=Unset), zne_mitigation=Unset, zne=ZneOptions(amplifier=Unset, noise_factors=Unset, extrapolator=Unset, extrapolated_noise_factors=Unset), pec_mitigation=Unset, pec=PecOptions(max_overhead=Unset, noise_gain=Unset), layer_noise_learning=LayerNoiseLearningOptions(max_layers_to_learn=Unset, shots_per_randomization=Unset, num_randomizations=Unset, layer_pair_depths=Unset), layer_noise_model=Unset), execution=ExecutionOptionsV2(init_qubits=Unset, rep_delay=Unset), twirling=TwirlingOptions(enable_gates=Unset, enable_measure=Unset, num_randomizations=Unset, shots_per_randomization=Unset, strategy=Unset), experimental=Unset)
[2025-08-21 16:12:50,933][INFO] Iteration 1: Energy = 0.62695312
[2025-08-21 16:12:55,478][INFO] Iteration 2: Energy = 0.18603516
[2025-08-21 16:12:59,983][INFO] Iteration 3: Energy = 0.18261719
[2025-08-21 16:13:04,280][INFO] Iteration 4: Energy = 0.00830078
[2025-08-21 16:13:08,584][INFO] Iteration 5: Energy = 0.00952148
[2025-08-21 16:13:13,025][INFO] Iteration 6: Energy = 0.00854492
[2025-08-21 16:13:17,167][INFO] Iteration 7: Energy = 0.00781250
[2025-08-21 16:13:21,751][INFO] Iteration 8: Energy = 0.00878906
[2025-08-21 16:13:26,095][INFO] Iteration 9: Energy = 0.00756836
[2025-08-21 16:13:30,474][INFO] Iteration 10: Energy = 0.00830078
[2025-08-21 16:13:34,770][INFO] Iteration 11: Energy = 0.00585938
[2025-08-21 16:13:39,110][INFO] Iteration 12: Energy = 0.00610352
[2025-08-21 16:13:43,457][INFO] Iteration 13: Energy = 0.00634766
[2025-08-21 16:13:47,611][INFO] Iteration 14: Energy = 0.00708008
[2025-08-21 16:13:52,211][INFO] Iteration 15: Energy = 0.00708008
[2025-08-21 16:13:56,394][INFO] Iteration 16: Energy = 0.00830078
[2025-08-21 16:14:00,792][INFO] Iteration 17: Energy = 0.00781250
[2025-08-21 16:14:05,054][INFO] Iteration 18: Energy = 0.00854492
[2025-08-21 16:14:09,152][INFO] Iteration 19: Energy = 0.01000977
[2025-08-21 16:14:13,807][INFO] Iteration 20: Energy = 0.00805664
[2025-08-21 16:14:18,443][INFO] Iteration 21: Energy = 0.00903320
[2025-08-21 16:14:22,773][INFO] Iteration 22: Energy = 0.00708008
[2025-08-21 16:14:27,113][INFO] Iteration 23: Energy = 0.00634766
[2025-08-21 16:14:31,339][INFO] Iteration 24: Energy = 0.01049805
[2025-08-21 16:14:35,692][INFO] Iteration 25: Energy = 0.00683594
[2025-08-21 16:14:39,834][INFO] Iteration 26: Energy = 0.00854492
[2025-08-21 16:14:44,403][INFO] Iteration 27: Energy = 0.00805664
[2025-08-21 16:14:48,808][INFO] Iteration 28: Energy = 0.00805664
[2025-08-21 16:14:53,158][INFO] Iteration 29: Energy = 0.00976562
[2025-08-21 16:14:57,421][INFO] Iteration 30: Energy = 0.00732422
[2025-08-21 16:15:01,822][INFO] Iteration 31: Energy = 0.00659180
[2025-08-21 16:15:06,034][INFO] Iteration 32: Energy = 0.01000977
[2025-08-21 16:15:10,324][INFO] Iteration 33: Energy = 0.00756836
[2025-08-21 16:15:14,597][INFO] Iteration 34: Energy = 0.00732422
[2025-08-21 16:15:19,053][INFO] Iteration 35: Energy = 0.00976562
[2025-08-21 16:15:23,359][INFO] Iteration 36: Energy = 0.00854492
[2025-08-21 16:15:27,789][INFO] Iteration 37: Energy = 0.00952148
[2025-08-21 16:15:32,049][INFO] Iteration 38: Energy = 0.00708008
[2025-08-21 16:15:36,512][INFO] Iteration 39: Energy = 0.00634766
[2025-08-21 16:15:36,512][INFO] Completed VQE run 38: Energy = 0.005859
