[2025-08-21 15:58:11,006][INFO] Starting VQE run 51 (seed=76013995)
[2025-08-21 15:58:11,006][INFO] EstimatorOptions(_VERSION=2, max_execution_time=Unset, environment=EnvironmentOptions(log_level='WARNING', callback=None, job_tags=None, private=False), simulator=SimulatorOptions(noise_model=Unset, seed_simulator=Unset, coupling_map=Unset, basis_gates=Unset), default_precision=Unset, default_shots=None, resilience_level=Unset, seed_estimator=Unset, dynamical_decoupling=DynamicalDecouplingOptions(enable=Unset, sequence_type=Unset, extra_slack_distribution=Unset, scheduling_method=Unset, skip_reset_qubits=Unset), resilience=ResilienceOptionsV2(measure_mitigation=Unset, measure_noise_learning=MeasureNoiseLearningOptions(num_randomizations=Unset, shots_per_randomization=Unset), zne_mitigation=Unset, zne=ZneOptions(amplifier=Unset, noise_factors=Unset, extrapolator=Unset, extrapolated_noise_factors=Unset), pec_mitigation=Unset, pec=PecOptions(max_overhead=Unset, noise_gain=Unset), layer_noise_learning=LayerNoiseLearningOptions(max_layers_to_learn=Unset, shots_per_randomization=Unset, num_randomizations=Unset, layer_pair_depths=Unset), layer_noise_model=Unset), execution=ExecutionOptionsV2(init_qubits=Unset, rep_delay=Unset), twirling=TwirlingOptions(enable_gates=Unset, enable_measure=Unset, num_randomizations=Unset, shots_per_randomization=Unset, strategy=Unset), experimental=Unset)
[2025-08-21 15:58:11,042][INFO] Iteration 1: Energy = 0.85791016
[2025-08-21 15:58:11,068][INFO] Iteration 2: Energy = 0.43261719
[2025-08-21 15:58:11,107][INFO] Iteration 3: Energy = 0.41723633
[2025-08-21 15:58:11,144][INFO] Iteration 4: Energy = 0.05639648
[2025-08-21 15:58:11,177][INFO] Iteration 5: Energy = 0.00000000
[2025-08-21 15:58:11,205][INFO] Iteration 6: Energy = 0.00000000
[2025-08-21 15:58:11,233][INFO] Iteration 7: Energy = 0.00000000
[2025-08-21 15:58:11,269][INFO] Iteration 8: Energy = 0.00000000
[2025-08-21 15:58:11,310][INFO] Iteration 9: Energy = 0.00000000
[2025-08-21 15:58:11,341][INFO] Iteration 10: Energy = 0.00000000
[2025-08-21 15:58:11,371][INFO] Iteration 11: Energy = 0.00000000
[2025-08-21 15:58:11,411][INFO] Iteration 12: Energy = 0.00000000
[2025-08-21 15:58:11,449][INFO] Iteration 13: Energy = 0.00000000
[2025-08-21 15:58:11,482][INFO] Iteration 14: Energy = 0.00000000
[2025-08-21 15:58:11,505][INFO] Iteration 15: Energy = 0.00000000
[2025-08-21 15:58:11,539][INFO] Iteration 16: Energy = 0.00000000
[2025-08-21 15:58:11,571][INFO] Iteration 17: Energy = 0.00000000
[2025-08-21 15:58:11,611][INFO] Iteration 18: Energy = 0.00000000
[2025-08-21 15:58:11,638][INFO] Iteration 19: Energy = 0.00000000
[2025-08-21 15:58:11,678][INFO] Iteration 20: Energy = 0.00000000
[2025-08-21 15:58:11,722][INFO] Iteration 21: Energy = 0.00000000
[2025-08-21 15:58:11,752][INFO] Iteration 22: Energy = 0.00000000
[2025-08-21 15:58:11,786][INFO] Iteration 23: Energy = 0.00000000
[2025-08-21 15:58:11,820][INFO] Iteration 24: Energy = 0.00000000
[2025-08-21 15:58:11,858][INFO] Iteration 25: Energy = 0.00000000
[2025-08-21 15:58:11,890][INFO] Iteration 26: Energy = 0.00000000
[2025-08-21 15:58:11,918][INFO] Iteration 27: Energy = 0.00000000
[2025-08-21 15:58:11,918][INFO] Completed VQE run 51: Energy = 0.000000
[2025-08-21 15:58:59,615][INFO] Starting VQE run 51 (seed=99367201)
[2025-08-21 16:07:56,614][INFO] Starting VQE run 51 (seed=33620052)
[2025-08-21 16:07:56,614][INFO] EstimatorOptions(_VERSION=2, max_execution_time=Unset, environment=EnvironmentOptions(log_level='WARNING', callback=None, job_tags=None, private=False), simulator=SimulatorOptions(noise_model=Unset, seed_simulator=Unset, coupling_map=Unset, basis_gates=Unset), default_precision=Unset, default_shots=None, resilience_level=2, seed_estimator=Unset, dynamical_decoupling=DynamicalDecouplingOptions(enable=Unset, sequence_type=Unset, extra_slack_distribution=Unset, scheduling_method=Unset, skip_reset_qubits=Unset), resilience=ResilienceOptionsV2(measure_mitigation=Unset, measure_noise_learning=MeasureNoiseLearningOptions(num_randomizations=Unset, shots_per_randomization=Unset), zne_mitigation=Unset, zne=ZneOptions(amplifier=Unset, noise_factors=Unset, extrapolator=Unset, extrapolated_noise_factors=Unset), pec_mitigation=Unset, pec=PecOptions(max_overhead=Unset, noise_gain=Unset), layer_noise_learning=LayerNoiseLearningOptions(max_layers_to_learn=Unset, shots_per_randomization=Unset, num_randomizations=Unset, layer_pair_depths=Unset), layer_noise_model=Unset), execution=ExecutionOptionsV2(init_qubits=Unset, rep_delay=Unset), twirling=TwirlingOptions(enable_gates=Unset, enable_measure=Unset, num_randomizations=Unset, shots_per_randomization=Unset, strategy=Unset), experimental=Unset)
[2025-08-21 16:08:01,015][INFO] Iteration 1: Energy = 0.44848633
[2025-08-21 16:08:05,221][INFO] Iteration 2: Energy = 0.07080078
[2025-08-21 16:08:09,626][INFO] Iteration 3: Energy = 0.06884766
[2025-08-21 16:08:14,026][INFO] Iteration 4: Energy = 0.00439453
[2025-08-21 16:08:18,357][INFO] Iteration 5: Energy = 0.00634766
[2025-08-21 16:08:22,650][INFO] Iteration 6: Energy = 0.01074219
[2025-08-21 16:08:27,028][INFO] Iteration 7: Energy = 0.01000977
[2025-08-21 16:08:31,421][INFO] Iteration 8: Energy = 0.00756836
[2025-08-21 16:08:35,785][INFO] Iteration 9: Energy = 0.00781250
[2025-08-21 16:08:40,275][INFO] Iteration 10: Energy = 0.00537109
[2025-08-21 16:08:44,179][INFO] Iteration 11: Energy = 0.00903320
[2025-08-21 16:08:48,553][INFO] Iteration 12: Energy = 0.01025391
[2025-08-21 16:08:52,856][INFO] Iteration 13: Energy = 0.00659180
[2025-08-21 16:08:57,016][INFO] Iteration 14: Energy = 0.00805664
[2025-08-21 16:09:01,558][INFO] Iteration 15: Energy = 0.00927734
[2025-08-21 16:09:06,180][INFO] Iteration 16: Energy = 0.00805664
[2025-08-21 16:09:10,626][INFO] Iteration 17: Energy = 0.00781250
[2025-08-21 16:09:14,925][INFO] Iteration 18: Energy = 0.00878906
[2025-08-21 16:09:19,351][INFO] Iteration 19: Energy = 0.00781250
[2025-08-21 16:09:23,735][INFO] Iteration 20: Energy = 0.00927734
[2025-08-21 16:09:28,041][INFO] Iteration 21: Energy = 0.00781250
[2025-08-21 16:09:32,623][INFO] Iteration 22: Energy = 0.00878906
[2025-08-21 16:09:37,010][INFO] Iteration 23: Energy = 0.00756836
[2025-08-21 16:09:41,418][INFO] Iteration 24: Energy = 0.00634766
[2025-08-21 16:09:45,654][INFO] Iteration 25: Energy = 0.00683594
[2025-08-21 16:09:49,983][INFO] Iteration 26: Energy = 0.00830078
[2025-08-21 16:09:54,373][INFO] Iteration 27: Energy = 0.00903320
[2025-08-21 16:09:58,550][INFO] Iteration 28: Energy = 0.00830078
[2025-08-21 16:10:02,811][INFO] Iteration 29: Energy = 0.01025391
[2025-08-21 16:10:07,573][INFO] Iteration 30: Energy = 0.01220703
[2025-08-21 16:10:12,184][INFO] Iteration 31: Energy = 0.01000977
[2025-08-21 16:10:16,772][INFO] Iteration 32: Energy = 0.00537109
[2025-08-21 16:10:21,325][INFO] Iteration 33: Energy = 0.00415039
[2025-08-21 16:10:21,327][INFO] Completed VQE run 51: Energy = 0.003662
