[2025-08-21 15:58:08,914][INFO] Starting VQE run 14 (seed=73531061)
[2025-08-21 15:58:08,914][INFO] EstimatorOptions(_VERSION=2, max_execution_time=Unset, environment=EnvironmentOptions(log_level='WARNING', callback=None, job_tags=None, private=False), simulator=SimulatorOptions(noise_model=Unset, seed_simulator=Unset, coupling_map=Unset, basis_gates=Unset), default_precision=Unset, default_shots=None, resilience_level=Unset, seed_estimator=Unset, dynamical_decoupling=DynamicalDecouplingOptions(enable=Unset, sequence_type=Unset, extra_slack_distribution=Unset, scheduling_method=Unset, skip_reset_qubits=Unset), resilience=ResilienceOptionsV2(measure_mitigation=Unset, measure_noise_learning=MeasureNoiseLearningOptions(num_randomizations=Unset, shots_per_randomization=Unset), zne_mitigation=Unset, zne=ZneOptions(amplifier=Unset, noise_factors=Unset, extrapolator=Unset, extrapolated_noise_factors=Unset), pec_mitigation=Unset, pec=PecOptions(max_overhead=Unset, noise_gain=Unset), layer_noise_learning=LayerNoiseLearningOptions(max_layers_to_learn=Unset, shots_per_randomization=Unset, num_randomizations=Unset, layer_pair_depths=Unset), layer_noise_model=Unset), execution=ExecutionOptionsV2(init_qubits=Unset, rep_delay=Unset), twirling=TwirlingOptions(enable_gates=Unset, enable_measure=Unset, num_randomizations=Unset, shots_per_randomization=Unset, strategy=Unset), experimental=Unset)
[2025-08-21 15:58:08,947][INFO] Iteration 1: Energy = 0.00000000
[2025-08-21 15:58:08,983][INFO] Iteration 2: Energy = 0.00000000
[2025-08-21 15:58:09,015][INFO] Iteration 3: Energy = 0.00000000
[2025-08-21 15:58:09,053][INFO] Iteration 4: Energy = 0.00000000
[2025-08-21 15:58:09,093][INFO] Iteration 5: Energy = 0.00000000
[2025-08-21 15:58:09,131][INFO] Iteration 6: Energy = 0.00000000
[2025-08-21 15:58:09,170][INFO] Iteration 7: Energy = 0.00000000
[2025-08-21 15:58:09,201][INFO] Iteration 8: Energy = 0.00000000
[2025-08-21 15:58:09,244][INFO] Iteration 9: Energy = 0.00000000
[2025-08-21 15:58:09,279][INFO] Iteration 10: Energy = 0.00000000
[2025-08-21 15:58:09,312][INFO] Iteration 11: Energy = 0.00000000
[2025-08-21 15:58:09,347][INFO] Iteration 12: Energy = 0.00000000
[2025-08-21 15:58:09,387][INFO] Iteration 13: Energy = 0.00000000
[2025-08-21 15:58:09,422][INFO] Iteration 14: Energy = 0.00000000
[2025-08-21 15:58:09,463][INFO] Iteration 15: Energy = 0.00000000
[2025-08-21 15:58:09,489][INFO] Iteration 16: Energy = 0.00000000
[2025-08-21 15:58:09,525][INFO] Iteration 17: Energy = 0.00000000
[2025-08-21 15:58:09,571][INFO] Iteration 18: Energy = 0.00000000
[2025-08-21 15:58:09,608][INFO] Iteration 19: Energy = 0.00000000
[2025-08-21 15:58:09,636][INFO] Iteration 20: Energy = 0.00000000
[2025-08-21 15:58:09,670][INFO] Iteration 21: Energy = 0.00000000
[2025-08-21 15:58:09,707][INFO] Iteration 22: Energy = 0.00000000
[2025-08-21 15:58:09,736][INFO] Iteration 23: Energy = 0.00000000
[2025-08-21 15:58:09,769][INFO] Iteration 24: Energy = 0.00000000
[2025-08-21 15:58:09,814][INFO] Iteration 25: Energy = 0.00000000
[2025-08-21 15:58:09,890][INFO] Iteration 26: Energy = 0.00000000
[2025-08-21 15:58:09,891][INFO] Completed VQE run 14: Energy = 0.000000
[2025-08-21 16:04:49,949][INFO] Starting VQE run 14 (seed=9828603)
[2025-08-21 16:04:49,950][INFO] EstimatorOptions(_VERSION=2, max_execution_time=Unset, environment=EnvironmentOptions(log_level='WARNING', callback=None, job_tags=None, private=False), simulator=SimulatorOptions(noise_model=Unset, seed_simulator=Unset, coupling_map=Unset, basis_gates=Unset), default_precision=Unset, default_shots=None, resilience_level=2, seed_estimator=Unset, dynamical_decoupling=DynamicalDecouplingOptions(enable=Unset, sequence_type=Unset, extra_slack_distribution=Unset, scheduling_method=Unset, skip_reset_qubits=Unset), resilience=ResilienceOptionsV2(measure_mitigation=Unset, measure_noise_learning=MeasureNoiseLearningOptions(num_randomizations=Unset, shots_per_randomization=Unset), zne_mitigation=Unset, zne=ZneOptions(amplifier=Unset, noise_factors=Unset, extrapolator=Unset, extrapolated_noise_factors=Unset), pec_mitigation=Unset, pec=PecOptions(max_overhead=Unset, noise_gain=Unset), layer_noise_learning=LayerNoiseLearningOptions(max_layers_to_learn=Unset, shots_per_randomization=Unset, num_randomizations=Unset, layer_pair_depths=Unset), layer_noise_model=Unset), execution=ExecutionOptionsV2(init_qubits=Unset, rep_delay=Unset), twirling=TwirlingOptions(enable_gates=Unset, enable_measure=Unset, num_randomizations=Unset, shots_per_randomization=Unset, strategy=Unset), experimental=Unset)
[2025-08-21 16:04:54,052][INFO] Iteration 1: Energy = 0.00878906
[2025-08-21 16:04:58,206][INFO] Iteration 2: Energy = 0.00903320
[2025-08-21 16:05:02,428][INFO] Iteration 3: Energy = 0.00952148
[2025-08-21 16:05:06,773][INFO] Iteration 4: Energy = 0.00854492
[2025-08-21 16:05:10,850][INFO] Iteration 5: Energy = 0.00781250
[2025-08-21 16:05:15,252][INFO] Iteration 6: Energy = 0.00634766
[2025-08-21 16:05:19,871][INFO] Iteration 7: Energy = 0.00781250
[2025-08-21 16:05:24,103][INFO] Iteration 8: Energy = 0.00756836
[2025-08-21 16:05:28,744][INFO] Iteration 9: Energy = 0.00805664
[2025-08-21 16:05:33,547][INFO] Iteration 10: Energy = 0.00952148
[2025-08-21 16:05:38,120][INFO] Iteration 11: Energy = 0.00634766
[2025-08-21 16:05:42,518][INFO] Iteration 12: Energy = 0.01098633
[2025-08-21 16:05:46,997][INFO] Iteration 13: Energy = 0.00878906
[2025-08-21 16:05:51,586][INFO] Iteration 14: Energy = 0.00903320
[2025-08-21 16:05:56,017][INFO] Iteration 15: Energy = 0.00683594
[2025-08-21 16:06:00,553][INFO] Iteration 16: Energy = 0.00683594
[2025-08-21 16:06:04,619][INFO] Iteration 17: Energy = 0.00854492
[2025-08-21 16:06:08,859][INFO] Iteration 18: Energy = 0.00561523
[2025-08-21 16:06:13,365][INFO] Iteration 19: Energy = 0.00878906
[2025-08-21 16:06:17,810][INFO] Iteration 20: Energy = 0.00781250
[2025-08-21 16:06:22,488][INFO] Iteration 21: Energy = 0.00830078
[2025-08-21 16:06:27,031][INFO] Iteration 22: Energy = 0.00976562
[2025-08-21 16:06:31,458][INFO] Iteration 23: Energy = 0.00805664
[2025-08-21 16:06:35,806][INFO] Iteration 24: Energy = 0.00952148
[2025-08-21 16:06:40,003][INFO] Iteration 25: Energy = 0.00878906
[2025-08-21 16:06:44,252][INFO] Iteration 26: Energy = 0.00585938
[2025-08-21 16:06:48,552][INFO] Iteration 27: Energy = 0.01000977
[2025-08-21 16:06:53,174][INFO] Iteration 28: Energy = 0.00854492
[2025-08-21 16:06:57,487][INFO] Iteration 29: Energy = 0.00854492
[2025-08-21 16:07:02,163][INFO] Iteration 30: Energy = 0.00659180
[2025-08-21 16:07:06,685][INFO] Iteration 31: Energy = 0.00732422
[2025-08-21 16:07:10,890][INFO] Iteration 32: Energy = 0.00903320
[2025-08-21 16:07:15,571][INFO] Iteration 33: Energy = 0.00537109
[2025-08-21 16:07:20,111][INFO] Iteration 34: Energy = 0.00854492
[2025-08-21 16:07:24,629][INFO] Iteration 35: Energy = 0.00610352
[2025-08-21 16:07:29,120][INFO] Iteration 36: Energy = 0.00976562
[2025-08-21 16:07:33,545][INFO] Iteration 37: Energy = 0.00463867
[2025-08-21 16:07:38,029][INFO] Iteration 38: Energy = 0.00927734
[2025-08-21 16:07:42,528][INFO] Iteration 39: Energy = 0.00683594
[2025-08-21 16:07:47,293][INFO] Iteration 40: Energy = 0.00708008
[2025-08-21 16:07:51,641][INFO] Iteration 41: Energy = 0.00781250
[2025-08-21 16:07:56,174][INFO] Iteration 42: Energy = 0.00781250
[2025-08-21 16:07:56,175][INFO] Completed VQE run 14: Energy = 0.006348
