[2025-08-21 15:58:12,194][INFO] Starting VQE run 61 (seed=76868991)
[2025-08-21 15:58:12,194][INFO] EstimatorOptions(_VERSION=2, max_execution_time=Unset, environment=EnvironmentOptions(log_level='WARNING', callback=None, job_tags=None, private=False), simulator=SimulatorOptions(noise_model=Unset, seed_simulator=Unset, coupling_map=Unset, basis_gates=Unset), default_precision=Unset, default_shots=None, resilience_level=Unset, seed_estimator=Unset, dynamical_decoupling=DynamicalDecouplingOptions(enable=Unset, sequence_type=Unset, extra_slack_distribution=Unset, scheduling_method=Unset, skip_reset_qubits=Unset), resilience=ResilienceOptionsV2(measure_mitigation=Unset, measure_noise_learning=MeasureNoiseLearningOptions(num_randomizations=Unset, shots_per_randomization=Unset), zne_mitigation=Unset, zne=ZneOptions(amplifier=Unset, noise_factors=Unset, extrapolator=Unset, extrapolated_noise_factors=Unset), pec_mitigation=Unset, pec=PecOptions(max_overhead=Unset, noise_gain=Unset), layer_noise_learning=LayerNoiseLearningOptions(max_layers_to_learn=Unset, shots_per_randomization=Unset, num_randomizations=Unset, layer_pair_depths=Unset), layer_noise_model=Unset), execution=ExecutionOptionsV2(init_qubits=Unset, rep_delay=Unset), twirling=TwirlingOptions(enable_gates=Unset, enable_measure=Unset, num_randomizations=Unset, shots_per_randomization=Unset, strategy=Unset), experimental=Unset)
[2025-08-21 15:58:12,225][INFO] Iteration 1: Energy = 0.20605469
[2025-08-21 15:58:12,265][INFO] Iteration 2: Energy = 0.20434570
[2025-08-21 15:58:12,294][INFO] Iteration 3: Energy = 0.00000000
[2025-08-21 15:58:12,327][INFO] Iteration 4: Energy = 0.00000000
[2025-08-21 15:58:12,365][INFO] Iteration 5: Energy = 0.00000000
[2025-08-21 15:58:12,400][INFO] Iteration 6: Energy = 0.00000000
[2025-08-21 15:58:12,433][INFO] Iteration 7: Energy = 0.00000000
[2025-08-21 15:58:12,465][INFO] Iteration 8: Energy = 0.00000000
[2025-08-21 15:58:12,511][INFO] Iteration 9: Energy = 0.00000000
[2025-08-21 15:58:12,550][INFO] Iteration 10: Energy = 0.00000000
[2025-08-21 15:58:12,583][INFO] Iteration 11: Energy = 0.00000000
[2025-08-21 15:58:12,619][INFO] Iteration 12: Energy = 0.00000000
[2025-08-21 15:58:12,655][INFO] Iteration 13: Energy = 0.00000000
[2025-08-21 15:58:12,696][INFO] Iteration 14: Energy = 0.00000000
[2025-08-21 15:58:12,729][INFO] Iteration 15: Energy = 0.00000000
[2025-08-21 15:58:12,764][INFO] Iteration 16: Energy = 0.00000000
[2025-08-21 15:58:12,805][INFO] Iteration 17: Energy = 0.00000000
[2025-08-21 15:58:12,831][INFO] Iteration 18: Energy = 0.00000000
[2025-08-21 15:58:12,866][INFO] Iteration 19: Energy = 0.00000000
[2025-08-21 15:58:12,903][INFO] Iteration 20: Energy = 0.00000000
[2025-08-21 15:58:12,948][INFO] Iteration 21: Energy = 0.00000000
[2025-08-21 15:58:12,985][INFO] Iteration 22: Energy = 0.00000000
[2025-08-21 15:58:13,022][INFO] Iteration 23: Energy = 0.00000000
[2025-08-21 15:58:13,049][INFO] Iteration 24: Energy = 0.00000000
[2025-08-21 15:58:13,081][INFO] Iteration 25: Energy = 0.00000000
[2025-08-21 15:58:13,115][INFO] Iteration 26: Energy = 0.00000000
[2025-08-21 15:58:13,116][INFO] Completed VQE run 61: Energy = 0.000000
[2025-08-21 16:17:20,042][INFO] Starting VQE run 61 (seed=26172195)
[2025-08-21 16:17:20,042][INFO] EstimatorOptions(_VERSION=2, max_execution_time=Unset, environment=EnvironmentOptions(log_level='WARNING', callback=None, job_tags=None, private=False), simulator=SimulatorOptions(noise_model=Unset, seed_simulator=Unset, coupling_map=Unset, basis_gates=Unset), default_precision=Unset, default_shots=None, resilience_level=2, seed_estimator=Unset, dynamical_decoupling=DynamicalDecouplingOptions(enable=Unset, sequence_type=Unset, extra_slack_distribution=Unset, scheduling_method=Unset, skip_reset_qubits=Unset), resilience=ResilienceOptionsV2(measure_mitigation=Unset, measure_noise_learning=MeasureNoiseLearningOptions(num_randomizations=Unset, shots_per_randomization=Unset), zne_mitigation=Unset, zne=ZneOptions(amplifier=Unset, noise_factors=Unset, extrapolator=Unset, extrapolated_noise_factors=Unset), pec_mitigation=Unset, pec=PecOptions(max_overhead=Unset, noise_gain=Unset), layer_noise_learning=LayerNoiseLearningOptions(max_layers_to_learn=Unset, shots_per_randomization=Unset, num_randomizations=Unset, layer_pair_depths=Unset), layer_noise_model=Unset), execution=ExecutionOptionsV2(init_qubits=Unset, rep_delay=Unset), twirling=TwirlingOptions(enable_gates=Unset, enable_measure=Unset, num_randomizations=Unset, shots_per_randomization=Unset, strategy=Unset), experimental=Unset)
[2025-08-21 16:17:24,452][INFO] Iteration 1: Energy = 0.21777344
[2025-08-21 16:17:28,942][INFO] Iteration 2: Energy = 0.00878906
[2025-08-21 16:17:33,342][INFO] Iteration 3: Energy = 0.00561523
[2025-08-21 16:17:37,607][INFO] Iteration 4: Energy = 0.00976562
[2025-08-21 16:17:41,933][INFO] Iteration 5: Energy = 0.00805664
[2025-08-21 16:17:46,291][INFO] Iteration 6: Energy = 0.01049805
[2025-08-21 16:17:50,779][INFO] Iteration 7: Energy = 0.00756836
[2025-08-21 16:17:54,851][INFO] Iteration 8: Energy = 0.00708008
[2025-08-21 16:17:59,215][INFO] Iteration 9: Energy = 0.01074219
[2025-08-21 16:18:03,585][INFO] Iteration 10: Energy = 0.00585938
[2025-08-21 16:18:07,997][INFO] Iteration 11: Energy = 0.00610352
[2025-08-21 16:18:12,747][INFO] Iteration 12: Energy = 0.00976562
[2025-08-21 16:18:17,280][INFO] Iteration 13: Energy = 0.00830078
[2025-08-21 16:18:21,649][INFO] Iteration 14: Energy = 0.00854492
[2025-08-21 16:18:26,085][INFO] Iteration 15: Energy = 0.00805664
[2025-08-21 16:18:30,254][INFO] Iteration 16: Energy = 0.00561523
[2025-08-21 16:18:34,543][INFO] Iteration 17: Energy = 0.00854492
[2025-08-21 16:18:38,878][INFO] Iteration 18: Energy = 0.00463867
[2025-08-21 16:18:43,422][INFO] Iteration 19: Energy = 0.00659180
[2025-08-21 16:18:47,881][INFO] Iteration 20: Energy = 0.00854492
[2025-08-21 16:18:52,440][INFO] Iteration 21: Energy = 0.00781250
[2025-08-21 16:18:56,790][INFO] Iteration 22: Energy = 0.00732422
[2025-08-21 16:19:01,190][INFO] Iteration 23: Energy = 0.00854492
[2025-08-21 16:19:05,756][INFO] Iteration 24: Energy = 0.00756836
[2025-08-21 16:19:10,149][INFO] Iteration 25: Energy = 0.00708008
[2025-08-21 16:19:14,637][INFO] Iteration 26: Energy = 0.00659180
[2025-08-21 16:19:19,538][INFO] Iteration 27: Energy = 0.00854492
[2025-08-21 16:19:23,931][INFO] Iteration 28: Energy = 0.00781250
[2025-08-21 16:19:28,457][INFO] Iteration 29: Energy = 0.00708008
[2025-08-21 16:19:32,789][INFO] Iteration 30: Energy = 0.00854492
[2025-08-21 16:19:37,071][INFO] Iteration 31: Energy = 0.00708008
[2025-08-21 16:19:37,073][INFO] Completed VQE run 61: Energy = 0.005615
