[2025-08-21 15:58:09,823][INFO] Starting VQE run 23 (seed=35705208)
[2025-08-21 15:58:09,824][INFO] EstimatorOptions(_VERSION=2, max_execution_time=Unset, environment=EnvironmentOptions(log_level='WARNING', callback=None, job_tags=None, private=False), simulator=SimulatorOptions(noise_model=Unset, seed_simulator=Unset, coupling_map=Unset, basis_gates=Unset), default_precision=Unset, default_shots=None, resilience_level=Unset, seed_estimator=Unset, dynamical_decoupling=DynamicalDecouplingOptions(enable=Unset, sequence_type=Unset, extra_slack_distribution=Unset, scheduling_method=Unset, skip_reset_qubits=Unset), resilience=ResilienceOptionsV2(measure_mitigation=Unset, measure_noise_learning=MeasureNoiseLearningOptions(num_randomizations=Unset, shots_per_randomization=Unset), zne_mitigation=Unset, zne=ZneOptions(amplifier=Unset, noise_factors=Unset, extrapolator=Unset, extrapolated_noise_factors=Unset), pec_mitigation=Unset, pec=PecOptions(max_overhead=Unset, noise_gain=Unset), layer_noise_learning=LayerNoiseLearningOptions(max_layers_to_learn=Unset, shots_per_randomization=Unset, num_randomizations=Unset, layer_pair_depths=Unset), layer_noise_model=Unset), execution=ExecutionOptionsV2(init_qubits=Unset, rep_delay=Unset), twirling=TwirlingOptions(enable_gates=Unset, enable_measure=Unset, num_randomizations=Unset, shots_per_randomization=Unset, strategy=Unset), experimental=Unset)
[2025-08-21 15:58:09,885][INFO] Iteration 1: Energy = 0.94238281
[2025-08-21 15:58:09,920][INFO] Iteration 2: Energy = 0.94482422
[2025-08-21 15:58:09,948][INFO] Iteration 3: Energy = 0.58422852
[2025-08-21 15:58:09,979][INFO] Iteration 4: Energy = 0.14843750
[2025-08-21 15:58:10,013][INFO] Iteration 5: Energy = 0.00000000
[2025-08-21 15:58:10,047][INFO] Iteration 6: Energy = 0.00000000
[2025-08-21 15:58:10,080][INFO] Iteration 7: Energy = 0.00000000
[2025-08-21 15:58:10,109][INFO] Iteration 8: Energy = 0.00000000
[2025-08-21 15:58:10,143][INFO] Iteration 9: Energy = 0.00000000
[2025-08-21 15:58:10,187][INFO] Iteration 10: Energy = 0.00000000
[2025-08-21 15:58:10,215][INFO] Iteration 11: Energy = 0.00000000
[2025-08-21 15:58:10,243][INFO] Iteration 12: Energy = 0.00000000
[2025-08-21 15:58:10,274][INFO] Iteration 13: Energy = 0.00000000
[2025-08-21 15:58:10,305][INFO] Iteration 14: Energy = 0.00000000
[2025-08-21 15:58:10,341][INFO] Iteration 15: Energy = 0.00000000
[2025-08-21 15:58:10,374][INFO] Iteration 16: Energy = 0.00000000
[2025-08-21 15:58:10,420][INFO] Iteration 17: Energy = 0.00000000
[2025-08-21 15:58:10,458][INFO] Iteration 18: Energy = 0.00000000
[2025-08-21 15:58:10,493][INFO] Iteration 19: Energy = 0.00000000
[2025-08-21 15:58:10,520][INFO] Iteration 20: Energy = 0.00000000
[2025-08-21 15:58:10,559][INFO] Iteration 21: Energy = 0.00000000
[2025-08-21 15:58:10,597][INFO] Iteration 22: Energy = 0.00000000
[2025-08-21 15:58:10,631][INFO] Iteration 23: Energy = 0.00000000
[2025-08-21 15:58:10,664][INFO] Iteration 24: Energy = 0.00000000
[2025-08-21 15:58:10,700][INFO] Iteration 25: Energy = 0.00000000
[2025-08-21 15:58:10,738][INFO] Iteration 26: Energy = 0.00000000
[2025-08-21 15:58:10,767][INFO] Iteration 27: Energy = 0.00000000
[2025-08-21 15:58:10,801][INFO] Iteration 28: Energy = 0.00000000
[2025-08-21 15:58:10,802][INFO] Completed VQE run 23: Energy = 0.000000
[2025-08-21 16:05:08,884][INFO] Starting VQE run 23 (seed=29037684)
[2025-08-21 16:05:08,884][INFO] EstimatorOptions(_VERSION=2, max_execution_time=Unset, environment=EnvironmentOptions(log_level='WARNING', callback=None, job_tags=None, private=False), simulator=SimulatorOptions(noise_model=Unset, seed_simulator=Unset, coupling_map=Unset, basis_gates=Unset), default_precision=Unset, default_shots=None, resilience_level=2, seed_estimator=Unset, dynamical_decoupling=DynamicalDecouplingOptions(enable=Unset, sequence_type=Unset, extra_slack_distribution=Unset, scheduling_method=Unset, skip_reset_qubits=Unset), resilience=ResilienceOptionsV2(measure_mitigation=Unset, measure_noise_learning=MeasureNoiseLearningOptions(num_randomizations=Unset, shots_per_randomization=Unset), zne_mitigation=Unset, zne=ZneOptions(amplifier=Unset, noise_factors=Unset, extrapolator=Unset, extrapolated_noise_factors=Unset), pec_mitigation=Unset, pec=PecOptions(max_overhead=Unset, noise_gain=Unset), layer_noise_learning=LayerNoiseLearningOptions(max_layers_to_learn=Unset, shots_per_randomization=Unset, num_randomizations=Unset, layer_pair_depths=Unset), layer_noise_model=Unset), execution=ExecutionOptionsV2(init_qubits=Unset, rep_delay=Unset), twirling=TwirlingOptions(enable_gates=Unset, enable_measure=Unset, num_randomizations=Unset, shots_per_randomization=Unset, strategy=Unset), experimental=Unset)
[2025-08-21 16:05:13,340][INFO] Iteration 1: Energy = 0.00561523
[2025-08-21 16:05:17,785][INFO] Iteration 2: Energy = 0.00903320
[2025-08-21 16:05:22,171][INFO] Iteration 3: Energy = 0.01000977
[2025-08-21 16:05:26,435][INFO] Iteration 4: Energy = 0.00952148
[2025-08-21 16:05:30,936][INFO] Iteration 5: Energy = 0.00830078
[2025-08-21 16:05:35,233][INFO] Iteration 6: Energy = 0.00878906
[2025-08-21 16:05:39,811][INFO] Iteration 7: Energy = 0.00781250
[2025-08-21 16:05:44,410][INFO] Iteration 8: Energy = 0.00830078
[2025-08-21 16:05:49,120][INFO] Iteration 9: Energy = 0.00585938
[2025-08-21 16:05:53,761][INFO] Iteration 10: Energy = 0.01074219
[2025-08-21 16:05:58,233][INFO] Iteration 11: Energy = 0.00903320
[2025-08-21 16:06:02,641][INFO] Iteration 12: Energy = 0.00708008
[2025-08-21 16:06:06,906][INFO] Iteration 13: Energy = 0.00756836
[2025-08-21 16:06:11,264][INFO] Iteration 14: Energy = 0.00708008
[2025-08-21 16:06:15,847][INFO] Iteration 15: Energy = 0.00732422
[2025-08-21 16:06:20,264][INFO] Iteration 16: Energy = 0.00805664
[2025-08-21 16:06:24,633][INFO] Iteration 17: Energy = 0.00830078
[2025-08-21 16:06:29,098][INFO] Iteration 18: Energy = 0.01000977
[2025-08-21 16:06:33,651][INFO] Iteration 19: Energy = 0.00781250
[2025-08-21 16:06:37,963][INFO] Iteration 20: Energy = 0.00830078
[2025-08-21 16:06:42,319][INFO] Iteration 21: Energy = 0.00878906
[2025-08-21 16:06:46,821][INFO] Iteration 22: Energy = 0.00537109
[2025-08-21 16:06:50,985][INFO] Iteration 23: Energy = 0.00952148
[2025-08-21 16:06:55,349][INFO] Iteration 24: Energy = 0.00830078
[2025-08-21 16:06:59,592][INFO] Iteration 25: Energy = 0.00830078
[2025-08-21 16:07:04,055][INFO] Iteration 26: Energy = 0.00830078
[2025-08-21 16:07:08,566][INFO] Iteration 27: Energy = 0.01000977
[2025-08-21 16:07:12,986][INFO] Iteration 28: Energy = 0.00903320
[2025-08-21 16:07:17,680][INFO] Iteration 29: Energy = 0.00756836
[2025-08-21 16:07:22,045][INFO] Iteration 30: Energy = 0.00708008
[2025-08-21 16:07:26,179][INFO] Iteration 31: Energy = 0.00756836
[2025-08-21 16:07:30,373][INFO] Iteration 32: Energy = 0.00732422
[2025-08-21 16:07:34,573][INFO] Iteration 33: Energy = 0.00756836
[2025-08-21 16:07:39,234][INFO] Iteration 34: Energy = 0.00708008
[2025-08-21 16:07:43,747][INFO] Iteration 35: Energy = 0.00708008
[2025-08-21 16:07:48,158][INFO] Iteration 36: Energy = 0.01025391
[2025-08-21 16:07:52,377][INFO] Iteration 37: Energy = 0.00683594
[2025-08-21 16:07:56,601][INFO] Iteration 38: Energy = 0.00585938
[2025-08-21 16:07:56,602][INFO] Completed VQE run 23: Energy = 0.004639
