[2025-08-21 15:58:13,012][INFO] Starting VQE run 50 (seed=34395573)
[2025-08-21 15:58:13,012][INFO] EstimatorOptions(_VERSION=2, max_execution_time=Unset, environment=EnvironmentOptions(log_level='WARNING', callback=None, job_tags=None, private=False), simulator=SimulatorOptions(noise_model=Unset, seed_simulator=Unset, coupling_map=Unset, basis_gates=Unset), default_precision=Unset, default_shots=None, resilience_level=Unset, seed_estimator=Unset, dynamical_decoupling=DynamicalDecouplingOptions(enable=Unset, sequence_type=Unset, extra_slack_distribution=Unset, scheduling_method=Unset, skip_reset_qubits=Unset), resilience=ResilienceOptionsV2(measure_mitigation=Unset, measure_noise_learning=MeasureNoiseLearningOptions(num_randomizations=Unset, shots_per_randomization=Unset), zne_mitigation=Unset, zne=ZneOptions(amplifier=Unset, noise_factors=Unset, extrapolator=Unset, extrapolated_noise_factors=Unset), pec_mitigation=Unset, pec=PecOptions(max_overhead=Unset, noise_gain=Unset), layer_noise_learning=LayerNoiseLearningOptions(max_layers_to_learn=Unset, shots_per_randomization=Unset, num_randomizations=Unset, layer_pair_depths=Unset), layer_noise_model=Unset), execution=ExecutionOptionsV2(init_qubits=Unset, rep_delay=Unset), twirling=TwirlingOptions(enable_gates=Unset, enable_measure=Unset, num_randomizations=Unset, shots_per_randomization=Unset, strategy=Unset), experimental=Unset)
[2025-08-21 15:58:13,045][INFO] Iteration 1: Energy = 0.92358398
[2025-08-21 15:58:13,080][INFO] Iteration 2: Energy = 0.54052734
[2025-08-21 15:58:13,114][INFO] Iteration 3: Energy = 0.53369141
[2025-08-21 15:58:13,139][INFO] Iteration 4: Energy = 0.12182617
[2025-08-21 15:58:13,172][INFO] Iteration 5: Energy = 0.00000000
[2025-08-21 15:58:13,211][INFO] Iteration 6: Energy = 0.00000000
[2025-08-21 15:58:13,245][INFO] Iteration 7: Energy = 0.00000000
[2025-08-21 15:58:13,276][INFO] Iteration 8: Energy = 0.00000000
[2025-08-21 15:58:13,309][INFO] Iteration 9: Energy = 0.00000000
[2025-08-21 15:58:13,345][INFO] Iteration 10: Energy = 0.00000000
[2025-08-21 15:58:13,375][INFO] Iteration 11: Energy = 0.00000000
[2025-08-21 15:58:13,401][INFO] Iteration 12: Energy = 0.00000000
[2025-08-21 15:58:13,462][INFO] Iteration 13: Energy = 0.00000000
[2025-08-21 15:58:13,504][INFO] Iteration 14: Energy = 0.00000000
[2025-08-21 15:58:13,544][INFO] Iteration 15: Energy = 0.00000000
[2025-08-21 15:58:13,575][INFO] Iteration 16: Energy = 0.00000000
[2025-08-21 15:58:13,610][INFO] Iteration 17: Energy = 0.00000000
[2025-08-21 15:58:13,643][INFO] Iteration 18: Energy = 0.00000000
[2025-08-21 15:58:13,669][INFO] Iteration 19: Energy = 0.00000000
[2025-08-21 15:58:13,701][INFO] Iteration 20: Energy = 0.00000000
[2025-08-21 15:58:13,736][INFO] Iteration 21: Energy = 0.00000000
[2025-08-21 15:58:13,774][INFO] Iteration 22: Energy = 0.00000000
[2025-08-21 15:58:13,809][INFO] Iteration 23: Energy = 0.00000000
[2025-08-21 15:58:13,851][INFO] Iteration 24: Energy = 0.00000000
[2025-08-21 15:58:13,890][INFO] Iteration 25: Energy = 0.00000000
[2025-08-21 15:58:13,926][INFO] Iteration 26: Energy = 0.00000000
[2025-08-21 15:58:13,960][INFO] Iteration 27: Energy = 0.00000000
[2025-08-21 15:58:13,985][INFO] Iteration 28: Energy = 0.00000000
[2025-08-21 15:58:13,986][INFO] Completed VQE run 50: Energy = 0.000000
[2025-08-21 16:13:25,004][INFO] Starting VQE run 50 (seed=26681463)
[2025-08-21 16:13:25,004][INFO] EstimatorOptions(_VERSION=2, max_execution_time=Unset, environment=EnvironmentOptions(log_level='WARNING', callback=None, job_tags=None, private=False), simulator=SimulatorOptions(noise_model=Unset, seed_simulator=Unset, coupling_map=Unset, basis_gates=Unset), default_precision=Unset, default_shots=None, resilience_level=2, seed_estimator=Unset, dynamical_decoupling=DynamicalDecouplingOptions(enable=Unset, sequence_type=Unset, extra_slack_distribution=Unset, scheduling_method=Unset, skip_reset_qubits=Unset), resilience=ResilienceOptionsV2(measure_mitigation=Unset, measure_noise_learning=MeasureNoiseLearningOptions(num_randomizations=Unset, shots_per_randomization=Unset), zne_mitigation=Unset, zne=ZneOptions(amplifier=Unset, noise_factors=Unset, extrapolator=Unset, extrapolated_noise_factors=Unset), pec_mitigation=Unset, pec=PecOptions(max_overhead=Unset, noise_gain=Unset), layer_noise_learning=LayerNoiseLearningOptions(max_layers_to_learn=Unset, shots_per_randomization=Unset, num_randomizations=Unset, layer_pair_depths=Unset), layer_noise_model=Unset), execution=ExecutionOptionsV2(init_qubits=Unset, rep_delay=Unset), twirling=TwirlingOptions(enable_gates=Unset, enable_measure=Unset, num_randomizations=Unset, shots_per_randomization=Unset, strategy=Unset), experimental=Unset)
[2025-08-21 16:13:29,753][INFO] Iteration 1: Energy = 0.60180664
[2025-08-21 16:13:34,153][INFO] Iteration 2: Energy = 0.16699219
[2025-08-21 16:13:38,525][INFO] Iteration 3: Energy = 0.16015625
[2025-08-21 16:13:42,864][INFO] Iteration 4: Energy = 0.00561523
[2025-08-21 16:13:47,392][INFO] Iteration 5: Energy = 0.00854492
[2025-08-21 16:13:51,876][INFO] Iteration 6: Energy = 0.00781250
[2025-08-21 16:13:56,232][INFO] Iteration 7: Energy = 0.00756836
[2025-08-21 16:14:01,057][INFO] Iteration 8: Energy = 0.00952148
[2025-08-21 16:14:05,259][INFO] Iteration 9: Energy = 0.00878906
[2025-08-21 16:14:09,508][INFO] Iteration 10: Energy = 0.01196289
[2025-08-21 16:14:14,010][INFO] Iteration 11: Energy = 0.00708008
[2025-08-21 16:14:18,149][INFO] Iteration 12: Energy = 0.00659180
[2025-08-21 16:14:22,735][INFO] Iteration 13: Energy = 0.00732422
[2025-08-21 16:14:27,248][INFO] Iteration 14: Energy = 0.00952148
[2025-08-21 16:14:31,834][INFO] Iteration 15: Energy = 0.00952148
[2025-08-21 16:14:36,267][INFO] Iteration 16: Energy = 0.00610352
[2025-08-21 16:14:40,475][INFO] Iteration 17: Energy = 0.00878906
[2025-08-21 16:14:45,058][INFO] Iteration 18: Energy = 0.00927734
[2025-08-21 16:14:49,422][INFO] Iteration 19: Energy = 0.00878906
[2025-08-21 16:14:53,932][INFO] Iteration 20: Energy = 0.00659180
[2025-08-21 16:14:58,086][INFO] Iteration 21: Energy = 0.00878906
[2025-08-21 16:15:02,463][INFO] Iteration 22: Energy = 0.00927734
[2025-08-21 16:15:06,942][INFO] Iteration 23: Energy = 0.00781250
[2025-08-21 16:15:11,275][INFO] Iteration 24: Energy = 0.00878906
[2025-08-21 16:15:15,875][INFO] Iteration 25: Energy = 0.00805664
[2025-08-21 16:15:20,368][INFO] Iteration 26: Energy = 0.00561523
[2025-08-21 16:15:24,987][INFO] Iteration 27: Energy = 0.00878906
[2025-08-21 16:15:29,445][INFO] Iteration 28: Energy = 0.01196289
[2025-08-21 16:15:33,856][INFO] Iteration 29: Energy = 0.00952148
[2025-08-21 16:15:38,303][INFO] Iteration 30: Energy = 0.00781250
[2025-08-21 16:15:42,610][INFO] Iteration 31: Energy = 0.01000977
[2025-08-21 16:15:47,235][INFO] Iteration 32: Energy = 0.01147461
[2025-08-21 16:15:51,469][INFO] Iteration 33: Energy = 0.00903320
[2025-08-21 16:15:55,800][INFO] Iteration 34: Energy = 0.00830078
[2025-08-21 16:16:00,360][INFO] Iteration 35: Energy = 0.00659180
[2025-08-21 16:16:04,610][INFO] Iteration 36: Energy = 0.00683594
[2025-08-21 16:16:04,612][INFO] Completed VQE run 50: Energy = 0.006104
