[2025-08-21 15:58:15,540][INFO] Starting VQE run 91 (seed=18211449)
[2025-08-21 15:58:15,540][INFO] EstimatorOptions(_VERSION=2, max_execution_time=Unset, environment=EnvironmentOptions(log_level='WARNING', callback=None, job_tags=None, private=False), simulator=SimulatorOptions(noise_model=Unset, seed_simulator=Unset, coupling_map=Unset, basis_gates=Unset), default_precision=Unset, default_shots=None, resilience_level=Unset, seed_estimator=Unset, dynamical_decoupling=DynamicalDecouplingOptions(enable=Unset, sequence_type=Unset, extra_slack_distribution=Unset, scheduling_method=Unset, skip_reset_qubits=Unset), resilience=ResilienceOptionsV2(measure_mitigation=Unset, measure_noise_learning=MeasureNoiseLearningOptions(num_randomizations=Unset, shots_per_randomization=Unset), zne_mitigation=Unset, zne=ZneOptions(amplifier=Unset, noise_factors=Unset, extrapolator=Unset, extrapolated_noise_factors=Unset), pec_mitigation=Unset, pec=PecOptions(max_overhead=Unset, noise_gain=Unset), layer_noise_learning=LayerNoiseLearningOptions(max_layers_to_learn=Unset, shots_per_randomization=Unset, num_randomizations=Unset, layer_pair_depths=Unset), layer_noise_model=Unset), execution=ExecutionOptionsV2(init_qubits=Unset, rep_delay=Unset), twirling=TwirlingOptions(enable_gates=Unset, enable_measure=Unset, num_randomizations=Unset, shots_per_randomization=Unset, strategy=Unset), experimental=Unset)
[2025-08-21 15:58:15,584][INFO] Iteration 1: Energy = 0.00000000
[2025-08-21 15:58:15,611][INFO] Iteration 2: Energy = 0.00000000
[2025-08-21 15:58:15,648][INFO] Iteration 3: Energy = 0.00000000
[2025-08-21 15:58:15,686][INFO] Iteration 4: Energy = 0.00000000
[2025-08-21 15:58:15,724][INFO] Iteration 5: Energy = 0.00000000
[2025-08-21 15:58:15,755][INFO] Iteration 6: Energy = 0.00000000
[2025-08-21 15:58:15,784][INFO] Iteration 7: Energy = 0.00000000
[2025-08-21 15:58:15,818][INFO] Iteration 8: Energy = 0.00000000
[2025-08-21 15:58:15,856][INFO] Iteration 9: Energy = 0.00000000
[2025-08-21 15:58:15,884][INFO] Iteration 10: Energy = 0.00000000
[2025-08-21 15:58:15,912][INFO] Iteration 11: Energy = 0.00000000
[2025-08-21 15:58:15,938][INFO] Iteration 12: Energy = 0.00000000
[2025-08-21 15:58:15,984][INFO] Iteration 13: Energy = 0.00000000
[2025-08-21 15:58:16,013][INFO] Iteration 14: Energy = 0.00000000
[2025-08-21 15:58:16,042][INFO] Iteration 15: Energy = 0.00000000
[2025-08-21 15:58:16,083][INFO] Iteration 16: Energy = 0.00000000
[2025-08-21 15:58:16,122][INFO] Iteration 17: Energy = 0.00000000
[2025-08-21 15:58:16,151][INFO] Iteration 18: Energy = 0.00000000
[2025-08-21 15:58:16,183][INFO] Iteration 19: Energy = 0.00000000
[2025-08-21 15:58:16,230][INFO] Iteration 20: Energy = 0.00000000
[2025-08-21 15:58:16,261][INFO] Iteration 21: Energy = 0.00000000
[2025-08-21 15:58:16,292][INFO] Iteration 22: Energy = 0.00000000
[2025-08-21 15:58:16,320][INFO] Iteration 23: Energy = 0.00000000
[2025-08-21 15:58:16,359][INFO] Iteration 24: Energy = 0.00000000
[2025-08-21 15:58:16,391][INFO] Iteration 25: Energy = 0.00000000
[2025-08-21 15:58:16,420][INFO] Iteration 26: Energy = 0.00000000
[2025-08-21 15:58:16,421][INFO] Completed VQE run 91: Energy = 0.000000
[2025-08-21 16:25:09,022][INFO] Starting VQE run 91 (seed=28254555)
[2025-08-21 16:25:09,022][INFO] EstimatorOptions(_VERSION=2, max_execution_time=Unset, environment=EnvironmentOptions(log_level='WARNING', callback=None, job_tags=None, private=False), simulator=SimulatorOptions(noise_model=Unset, seed_simulator=Unset, coupling_map=Unset, basis_gates=Unset), default_precision=Unset, default_shots=None, resilience_level=2, seed_estimator=Unset, dynamical_decoupling=DynamicalDecouplingOptions(enable=Unset, sequence_type=Unset, extra_slack_distribution=Unset, scheduling_method=Unset, skip_reset_qubits=Unset), resilience=ResilienceOptionsV2(measure_mitigation=Unset, measure_noise_learning=MeasureNoiseLearningOptions(num_randomizations=Unset, shots_per_randomization=Unset), zne_mitigation=Unset, zne=ZneOptions(amplifier=Unset, noise_factors=Unset, extrapolator=Unset, extrapolated_noise_factors=Unset), pec_mitigation=Unset, pec=PecOptions(max_overhead=Unset, noise_gain=Unset), layer_noise_learning=LayerNoiseLearningOptions(max_layers_to_learn=Unset, shots_per_randomization=Unset, num_randomizations=Unset, layer_pair_depths=Unset), layer_noise_model=Unset), execution=ExecutionOptionsV2(init_qubits=Unset, rep_delay=Unset), twirling=TwirlingOptions(enable_gates=Unset, enable_measure=Unset, num_randomizations=Unset, shots_per_randomization=Unset, strategy=Unset), experimental=Unset)
[2025-08-21 16:25:12,977][INFO] Iteration 1: Energy = 0.70996094
[2025-08-21 16:25:16,974][INFO] Iteration 2: Energy = 0.26025391
[2025-08-21 16:25:20,763][INFO] Iteration 3: Energy = 0.27026367
[2025-08-21 16:25:24,497][INFO] Iteration 4: Energy = 0.01171875
[2025-08-21 16:25:28,214][INFO] Iteration 5: Energy = 0.00927734
[2025-08-21 16:25:32,016][INFO] Iteration 6: Energy = 0.01123047
[2025-08-21 16:25:35,748][INFO] Iteration 7: Energy = 0.00781250
[2025-08-21 16:25:39,525][INFO] Iteration 8: Energy = 0.01025391
[2025-08-21 16:25:42,761][INFO] Iteration 9: Energy = 0.00805664
[2025-08-21 16:25:45,849][INFO] Iteration 10: Energy = 0.00756836
[2025-08-21 16:25:49,239][INFO] Iteration 11: Energy = 0.00903320
[2025-08-21 16:25:52,802][INFO] Iteration 12: Energy = 0.00732422
[2025-08-21 16:25:56,343][INFO] Iteration 13: Energy = 0.00927734
[2025-08-21 16:25:59,581][INFO] Iteration 14: Energy = 0.00805664
[2025-08-21 16:26:02,641][INFO] Iteration 15: Energy = 0.00854492
[2025-08-21 16:26:06,025][INFO] Iteration 16: Energy = 0.00952148
[2025-08-21 16:26:09,170][INFO] Iteration 17: Energy = 0.00976562
[2025-08-21 16:26:12,185][INFO] Iteration 18: Energy = 0.00781250
[2025-08-21 16:26:15,368][INFO] Iteration 19: Energy = 0.00561523
[2025-08-21 16:26:18,578][INFO] Iteration 20: Energy = 0.00781250
[2025-08-21 16:26:22,105][INFO] Iteration 21: Energy = 0.00976562
[2025-08-21 16:26:25,773][INFO] Iteration 22: Energy = 0.01000977
[2025-08-21 16:26:29,033][INFO] Iteration 23: Energy = 0.01049805
[2025-08-21 16:26:32,115][INFO] Iteration 24: Energy = 0.00659180
[2025-08-21 16:26:35,414][INFO] Iteration 25: Energy = 0.00854492
[2025-08-21 16:26:39,081][INFO] Iteration 26: Energy = 0.00878906
[2025-08-21 16:26:42,545][INFO] Iteration 27: Energy = 0.01196289
[2025-08-21 16:26:45,806][INFO] Iteration 28: Energy = 0.00976562
[2025-08-21 16:26:49,002][INFO] Iteration 29: Energy = 0.01220703
[2025-08-21 16:26:52,322][INFO] Iteration 30: Energy = 0.00781250
[2025-08-21 16:26:55,979][INFO] Iteration 31: Energy = 0.01147461
[2025-08-21 16:26:59,010][INFO] Iteration 32: Energy = 0.00878906
[2025-08-21 16:27:02,062][INFO] Iteration 33: Energy = 0.00903320
[2025-08-21 16:27:05,076][INFO] Iteration 34: Energy = 0.00878906
[2025-08-21 16:27:08,888][INFO] Iteration 35: Energy = 0.00781250
[2025-08-21 16:27:12,664][INFO] Iteration 36: Energy = 0.00610352
[2025-08-21 16:27:16,169][INFO] Iteration 37: Energy = 0.00927734
[2025-08-21 16:27:19,107][INFO] Iteration 38: Energy = 0.00854492
[2025-08-21 16:27:22,613][INFO] Iteration 39: Energy = 0.00634766
[2025-08-21 16:27:25,500][INFO] Iteration 40: Energy = 0.01000977
[2025-08-21 16:27:28,605][INFO] Iteration 41: Energy = 0.00683594
[2025-08-21 16:27:31,794][INFO] Iteration 42: Energy = 0.00805664
[2025-08-21 16:27:31,796][INFO] Completed VQE run 91: Energy = 0.004883
