[2025-08-21 15:58:05,662][INFO] Starting VQE run 7 (seed=46625167)
[2025-08-21 15:58:05,662][INFO] EstimatorOptions(_VERSION=2, max_execution_time=Unset, environment=EnvironmentOptions(log_level='WARNING', callback=None, job_tags=None, private=False), simulator=SimulatorOptions(noise_model=Unset, seed_simulator=Unset, coupling_map=Unset, basis_gates=Unset), default_precision=Unset, default_shots=None, resilience_level=Unset, seed_estimator=Unset, dynamical_decoupling=DynamicalDecouplingOptions(enable=Unset, sequence_type=Unset, extra_slack_distribution=Unset, scheduling_method=Unset, skip_reset_qubits=Unset), resilience=ResilienceOptionsV2(measure_mitigation=Unset, measure_noise_learning=MeasureNoiseLearningOptions(num_randomizations=Unset, shots_per_randomization=Unset), zne_mitigation=Unset, zne=ZneOptions(amplifier=Unset, noise_factors=Unset, extrapolator=Unset, extrapolated_noise_factors=Unset), pec_mitigation=Unset, pec=PecOptions(max_overhead=Unset, noise_gain=Unset), layer_noise_learning=LayerNoiseLearningOptions(max_layers_to_learn=Unset, shots_per_randomization=Unset, num_randomizations=Unset, layer_pair_depths=Unset), layer_noise_model=Unset), execution=ExecutionOptionsV2(init_qubits=Unset, rep_delay=Unset), twirling=TwirlingOptions(enable_gates=Unset, enable_measure=Unset, num_randomizations=Unset, shots_per_randomization=Unset, strategy=Unset), experimental=Unset)
[2025-08-21 15:58:05,773][INFO] Iteration 1: Energy = 0.00000000
[2025-08-21 15:58:05,903][INFO] Iteration 2: Energy = 0.00000000
[2025-08-21 15:58:06,040][INFO] Iteration 3: Energy = 0.00000000
[2025-08-21 15:58:06,137][INFO] Iteration 4: Energy = 0.00000000
[2025-08-21 15:58:06,225][INFO] Iteration 5: Energy = 0.00000000
[2025-08-21 15:58:06,359][INFO] Iteration 6: Energy = 0.00000000
[2025-08-21 15:58:06,505][INFO] Iteration 7: Energy = 0.00000000
[2025-08-21 15:58:06,604][INFO] Iteration 8: Energy = 0.00000000
[2025-08-21 15:58:06,703][INFO] Iteration 9: Energy = 0.00000000
[2025-08-21 15:58:06,824][INFO] Iteration 10: Energy = 0.00000000
[2025-08-21 15:58:06,981][INFO] Iteration 11: Energy = 0.00000000
[2025-08-21 15:58:07,065][INFO] Iteration 12: Energy = 0.00000000
[2025-08-21 15:58:07,159][INFO] Iteration 13: Energy = 0.00000000
[2025-08-21 15:58:07,281][INFO] Iteration 14: Energy = 0.00000000
[2025-08-21 15:58:07,410][INFO] Iteration 15: Energy = 0.00000000
[2025-08-21 15:58:07,487][INFO] Iteration 16: Energy = 0.00000000
[2025-08-21 15:58:07,565][INFO] Iteration 17: Energy = 0.00000000
[2025-08-21 15:58:07,659][INFO] Iteration 18: Energy = 0.00000000
[2025-08-21 15:58:07,779][INFO] Iteration 19: Energy = 0.00000000
[2025-08-21 15:58:07,823][INFO] Iteration 20: Energy = 0.00000000
[2025-08-21 15:58:07,865][INFO] Iteration 21: Energy = 0.00000000
[2025-08-21 15:58:07,911][INFO] Iteration 22: Energy = 0.00000000
[2025-08-21 15:58:07,947][INFO] Iteration 23: Energy = 0.00000000
[2025-08-21 15:58:07,975][INFO] Iteration 24: Energy = 0.00000000
[2025-08-21 15:58:08,003][INFO] Iteration 25: Energy = 0.00000000
[2025-08-21 15:58:08,040][INFO] Iteration 26: Energy = 0.00000000
[2025-08-21 15:58:08,041][INFO] Completed VQE run 7: Energy = 0.000000
[2025-08-21 16:02:43,734][INFO] Starting VQE run 7 (seed=106472239)
[2025-08-21 16:02:43,734][INFO] EstimatorOptions(_VERSION=2, max_execution_time=Unset, environment=EnvironmentOptions(log_level='WARNING', callback=None, job_tags=None, private=False), simulator=SimulatorOptions(noise_model=Unset, seed_simulator=Unset, coupling_map=Unset, basis_gates=Unset), default_precision=Unset, default_shots=None, resilience_level=2, seed_estimator=Unset, dynamical_decoupling=DynamicalDecouplingOptions(enable=Unset, sequence_type=Unset, extra_slack_distribution=Unset, scheduling_method=Unset, skip_reset_qubits=Unset), resilience=ResilienceOptionsV2(measure_mitigation=Unset, measure_noise_learning=MeasureNoiseLearningOptions(num_randomizations=Unset, shots_per_randomization=Unset), zne_mitigation=Unset, zne=ZneOptions(amplifier=Unset, noise_factors=Unset, extrapolator=Unset, extrapolated_noise_factors=Unset), pec_mitigation=Unset, pec=PecOptions(max_overhead=Unset, noise_gain=Unset), layer_noise_learning=LayerNoiseLearningOptions(max_layers_to_learn=Unset, shots_per_randomization=Unset, num_randomizations=Unset, layer_pair_depths=Unset), layer_noise_model=Unset), execution=ExecutionOptionsV2(init_qubits=Unset, rep_delay=Unset), twirling=TwirlingOptions(enable_gates=Unset, enable_measure=Unset, num_randomizations=Unset, shots_per_randomization=Unset, strategy=Unset), experimental=Unset)
[2025-08-21 16:02:48,167][INFO] Iteration 1: Energy = 0.29541016
[2025-08-21 16:02:52,300][INFO] Iteration 2: Energy = 0.01611328
[2025-08-21 16:02:56,391][INFO] Iteration 3: Energy = 0.01879883
[2025-08-21 16:03:00,381][INFO] Iteration 4: Energy = 0.00830078
[2025-08-21 16:03:04,262][INFO] Iteration 5: Energy = 0.01025391
[2025-08-21 16:03:08,303][INFO] Iteration 6: Energy = 0.00732422
[2025-08-21 16:03:12,172][INFO] Iteration 7: Energy = 0.00903320
[2025-08-21 16:03:16,511][INFO] Iteration 8: Energy = 0.01000977
[2025-08-21 16:03:20,657][INFO] Iteration 9: Energy = 0.01171875
[2025-08-21 16:03:25,012][INFO] Iteration 10: Energy = 0.00805664
[2025-08-21 16:03:29,105][INFO] Iteration 11: Energy = 0.00756836
[2025-08-21 16:03:33,172][INFO] Iteration 12: Energy = 0.01171875
[2025-08-21 16:03:37,040][INFO] Iteration 13: Energy = 0.01000977
[2025-08-21 16:03:41,315][INFO] Iteration 14: Energy = 0.01074219
[2025-08-21 16:03:45,182][INFO] Iteration 15: Energy = 0.00952148
[2025-08-21 16:03:49,603][INFO] Iteration 16: Energy = 0.01000977
[2025-08-21 16:03:53,762][INFO] Iteration 17: Energy = 0.01123047
[2025-08-21 16:03:57,866][INFO] Iteration 18: Energy = 0.01196289
[2025-08-21 16:04:01,801][INFO] Iteration 19: Energy = 0.00830078
[2025-08-21 16:04:05,813][INFO] Iteration 20: Energy = 0.01245117
[2025-08-21 16:04:10,025][INFO] Iteration 21: Energy = 0.00976562
[2025-08-21 16:04:14,217][INFO] Iteration 22: Energy = 0.01293945
[2025-08-21 16:04:18,607][INFO] Iteration 23: Energy = 0.01147461
[2025-08-21 16:04:22,764][INFO] Iteration 24: Energy = 0.00878906
[2025-08-21 16:04:26,711][INFO] Iteration 25: Energy = 0.01171875
[2025-08-21 16:04:30,775][INFO] Iteration 26: Energy = 0.00830078
[2025-08-21 16:04:34,939][INFO] Iteration 27: Energy = 0.00830078
[2025-08-21 16:04:39,019][INFO] Iteration 28: Energy = 0.00805664
[2025-08-21 16:04:43,168][INFO] Iteration 29: Energy = 0.01074219
[2025-08-21 16:04:47,206][INFO] Iteration 30: Energy = 0.00976562
[2025-08-21 16:04:51,317][INFO] Iteration 31: Energy = 0.01049805
[2025-08-21 16:04:55,369][INFO] Iteration 32: Energy = 0.01220703
[2025-08-21 16:04:59,321][INFO] Iteration 33: Energy = 0.00903320
[2025-08-21 16:05:03,331][INFO] Iteration 34: Energy = 0.00927734
[2025-08-21 16:05:07,509][INFO] Iteration 35: Energy = 0.01293945
[2025-08-21 16:05:11,677][INFO] Iteration 36: Energy = 0.00878906
[2025-08-21 16:05:16,122][INFO] Iteration 37: Energy = 0.01098633
[2025-08-21 16:05:16,122][INFO] Completed VQE run 7: Energy = 0.007568
