[2025-08-21 15:58:12,676][INFO] Starting VQE run 64 (seed=96261291)
[2025-08-21 15:58:12,676][INFO] EstimatorOptions(_VERSION=2, max_execution_time=Unset, environment=EnvironmentOptions(log_level='WARNING', callback=None, job_tags=None, private=False), simulator=SimulatorOptions(noise_model=Unset, seed_simulator=Unset, coupling_map=Unset, basis_gates=Unset), default_precision=Unset, default_shots=None, resilience_level=Unset, seed_estimator=Unset, dynamical_decoupling=DynamicalDecouplingOptions(enable=Unset, sequence_type=Unset, extra_slack_distribution=Unset, scheduling_method=Unset, skip_reset_qubits=Unset), resilience=ResilienceOptionsV2(measure_mitigation=Unset, measure_noise_learning=MeasureNoiseLearningOptions(num_randomizations=Unset, shots_per_randomization=Unset), zne_mitigation=Unset, zne=ZneOptions(amplifier=Unset, noise_factors=Unset, extrapolator=Unset, extrapolated_noise_factors=Unset), pec_mitigation=Unset, pec=PecOptions(max_overhead=Unset, noise_gain=Unset), layer_noise_learning=LayerNoiseLearningOptions(max_layers_to_learn=Unset, shots_per_randomization=Unset, num_randomizations=Unset, layer_pair_depths=Unset), layer_noise_model=Unset), execution=ExecutionOptionsV2(init_qubits=Unset, rep_delay=Unset), twirling=TwirlingOptions(enable_gates=Unset, enable_measure=Unset, num_randomizations=Unset, shots_per_randomization=Unset, strategy=Unset), experimental=Unset)
[2025-08-21 15:58:12,707][INFO] Iteration 1: Energy = 0.91845703
[2025-08-21 15:58:12,740][INFO] Iteration 2: Energy = 0.52294922
[2025-08-21 15:58:12,776][INFO] Iteration 3: Energy = 0.51440430
[2025-08-21 15:58:12,805][INFO] Iteration 4: Energy = 0.10595703
[2025-08-21 15:58:12,838][INFO] Iteration 5: Energy = 0.00000000
[2025-08-21 15:58:12,871][INFO] Iteration 6: Energy = 0.00000000
[2025-08-21 15:58:12,915][INFO] Iteration 7: Energy = 0.00000000
[2025-08-21 15:58:12,953][INFO] Iteration 8: Energy = 0.00000000
[2025-08-21 15:58:12,991][INFO] Iteration 9: Energy = 0.00000000
[2025-08-21 15:58:13,022][INFO] Iteration 10: Energy = 0.00000000
[2025-08-21 15:58:13,054][INFO] Iteration 11: Energy = 0.00000000
[2025-08-21 15:58:13,093][INFO] Iteration 12: Energy = 0.00000000
[2025-08-21 15:58:13,127][INFO] Iteration 13: Energy = 0.00000000
[2025-08-21 15:58:13,155][INFO] Iteration 14: Energy = 0.00000000
[2025-08-21 15:58:13,192][INFO] Iteration 15: Energy = 0.00000000
[2025-08-21 15:58:13,231][INFO] Iteration 16: Energy = 0.00000000
[2025-08-21 15:58:13,259][INFO] Iteration 17: Energy = 0.00000000
[2025-08-21 15:58:13,280][INFO] Iteration 18: Energy = 0.00000000
[2025-08-21 15:58:13,310][INFO] Iteration 19: Energy = 0.00000000
[2025-08-21 15:58:13,348][INFO] Iteration 20: Energy = 0.00000000
[2025-08-21 15:58:13,379][INFO] Iteration 21: Energy = 0.00000000
[2025-08-21 15:58:13,413][INFO] Iteration 22: Energy = 0.00000000
[2025-08-21 15:58:13,472][INFO] Iteration 23: Energy = 0.00000000
[2025-08-21 15:58:13,522][INFO] Iteration 24: Energy = 0.00000000
[2025-08-21 15:58:13,554][INFO] Iteration 25: Energy = 0.00000000
[2025-08-21 15:58:13,583][INFO] Iteration 26: Energy = 0.00000000
[2025-08-21 15:58:13,620][INFO] Iteration 27: Energy = 0.00000000
[2025-08-21 15:58:13,652][INFO] Iteration 28: Energy = 0.00000000
[2025-08-21 15:58:13,680][INFO] Iteration 29: Energy = 0.00000000
[2025-08-21 15:58:13,718][INFO] Iteration 30: Energy = 0.00000000
[2025-08-21 15:58:13,758][INFO] Iteration 31: Energy = 0.00000000
[2025-08-21 15:58:13,797][INFO] Iteration 32: Energy = 0.00000000
[2025-08-21 15:58:13,823][INFO] Iteration 33: Energy = 0.00000000
[2025-08-21 15:58:13,824][INFO] Completed VQE run 64: Energy = 0.000000
[2025-08-21 16:16:53,933][INFO] Starting VQE run 64 (seed=120929039)
[2025-08-21 16:16:53,933][INFO] EstimatorOptions(_VERSION=2, max_execution_time=Unset, environment=EnvironmentOptions(log_level='WARNING', callback=None, job_tags=None, private=False), simulator=SimulatorOptions(noise_model=Unset, seed_simulator=Unset, coupling_map=Unset, basis_gates=Unset), default_precision=Unset, default_shots=None, resilience_level=2, seed_estimator=Unset, dynamical_decoupling=DynamicalDecouplingOptions(enable=Unset, sequence_type=Unset, extra_slack_distribution=Unset, scheduling_method=Unset, skip_reset_qubits=Unset), resilience=ResilienceOptionsV2(measure_mitigation=Unset, measure_noise_learning=MeasureNoiseLearningOptions(num_randomizations=Unset, shots_per_randomization=Unset), zne_mitigation=Unset, zne=ZneOptions(amplifier=Unset, noise_factors=Unset, extrapolator=Unset, extrapolated_noise_factors=Unset), pec_mitigation=Unset, pec=PecOptions(max_overhead=Unset, noise_gain=Unset), layer_noise_learning=LayerNoiseLearningOptions(max_layers_to_learn=Unset, shots_per_randomization=Unset, num_randomizations=Unset, layer_pair_depths=Unset), layer_noise_model=Unset), execution=ExecutionOptionsV2(init_qubits=Unset, rep_delay=Unset), twirling=TwirlingOptions(enable_gates=Unset, enable_measure=Unset, num_randomizations=Unset, shots_per_randomization=Unset, strategy=Unset), experimental=Unset)
[2025-08-21 16:16:58,142][INFO] Iteration 1: Energy = 0.46118164
[2025-08-21 16:17:02,356][INFO] Iteration 2: Energy = 0.08325195
[2025-08-21 16:17:06,723][INFO] Iteration 3: Energy = 0.07641602
[2025-08-21 16:17:11,120][INFO] Iteration 4: Energy = 0.00439453
[2025-08-21 16:17:15,442][INFO] Iteration 5: Energy = 0.01171875
[2025-08-21 16:17:19,814][INFO] Iteration 6: Energy = 0.01025391
[2025-08-21 16:17:24,099][INFO] Iteration 7: Energy = 0.01220703
[2025-08-21 16:17:28,348][INFO] Iteration 8: Energy = 0.01074219
[2025-08-21 16:17:32,583][INFO] Iteration 9: Energy = 0.00903320
[2025-08-21 16:17:36,909][INFO] Iteration 10: Energy = 0.01000977
[2025-08-21 16:17:41,397][INFO] Iteration 11: Energy = 0.00830078
[2025-08-21 16:17:45,446][INFO] Iteration 12: Energy = 0.00976562
[2025-08-21 16:17:49,713][INFO] Iteration 13: Energy = 0.01123047
[2025-08-21 16:17:53,977][INFO] Iteration 14: Energy = 0.00610352
[2025-08-21 16:17:58,209][INFO] Iteration 15: Energy = 0.00903320
[2025-08-21 16:18:02,727][INFO] Iteration 16: Energy = 0.00830078
[2025-08-21 16:18:07,166][INFO] Iteration 17: Energy = 0.01025391
[2025-08-21 16:18:11,570][INFO] Iteration 18: Energy = 0.01147461
[2025-08-21 16:18:16,019][INFO] Iteration 19: Energy = 0.01196289
[2025-08-21 16:18:20,184][INFO] Iteration 20: Energy = 0.01000977
[2025-08-21 16:18:24,386][INFO] Iteration 21: Energy = 0.01000977
[2025-08-21 16:18:28,649][INFO] Iteration 22: Energy = 0.01269531
[2025-08-21 16:18:33,073][INFO] Iteration 23: Energy = 0.01049805
[2025-08-21 16:18:37,524][INFO] Iteration 24: Energy = 0.00927734
[2025-08-21 16:18:41,989][INFO] Iteration 25: Energy = 0.01123047
[2025-08-21 16:18:46,350][INFO] Iteration 26: Energy = 0.01049805
[2025-08-21 16:18:50,593][INFO] Iteration 27: Energy = 0.00976562
[2025-08-21 16:18:54,842][INFO] Iteration 28: Energy = 0.01049805
[2025-08-21 16:18:59,424][INFO] Iteration 29: Energy = 0.01318359
[2025-08-21 16:19:03,461][INFO] Iteration 30: Energy = 0.00903320
[2025-08-21 16:19:08,323][INFO] Iteration 31: Energy = 0.01049805
[2025-08-21 16:19:12,827][INFO] Iteration 32: Energy = 0.01123047
[2025-08-21 16:19:17,583][INFO] Iteration 33: Energy = 0.00878906
[2025-08-21 16:19:21,793][INFO] Iteration 34: Energy = 0.01513672
[2025-08-21 16:19:26,254][INFO] Iteration 35: Energy = 0.01269531
[2025-08-21 16:19:30,600][INFO] Iteration 36: Energy = 0.00854492
[2025-08-21 16:19:34,855][INFO] Iteration 37: Energy = 0.01147461
[2025-08-21 16:19:39,269][INFO] Iteration 38: Energy = 0.01074219
[2025-08-21 16:19:39,270][INFO] Completed VQE run 64: Energy = 0.007080
