[2025-08-21 15:58:15,884][INFO] Starting VQE run 89 (seed=76890159)
[2025-08-21 15:58:15,884][INFO] EstimatorOptions(_VERSION=2, max_execution_time=Unset, environment=EnvironmentOptions(log_level='WARNING', callback=None, job_tags=None, private=False), simulator=SimulatorOptions(noise_model=Unset, seed_simulator=Unset, coupling_map=Unset, basis_gates=Unset), default_precision=Unset, default_shots=None, resilience_level=Unset, seed_estimator=Unset, dynamical_decoupling=DynamicalDecouplingOptions(enable=Unset, sequence_type=Unset, extra_slack_distribution=Unset, scheduling_method=Unset, skip_reset_qubits=Unset), resilience=ResilienceOptionsV2(measure_mitigation=Unset, measure_noise_learning=MeasureNoiseLearningOptions(num_randomizations=Unset, shots_per_randomization=Unset), zne_mitigation=Unset, zne=ZneOptions(amplifier=Unset, noise_factors=Unset, extrapolator=Unset, extrapolated_noise_factors=Unset), pec_mitigation=Unset, pec=PecOptions(max_overhead=Unset, noise_gain=Unset), layer_noise_learning=LayerNoiseLearningOptions(max_layers_to_learn=Unset, shots_per_randomization=Unset, num_randomizations=Unset, layer_pair_depths=Unset), layer_noise_model=Unset), execution=ExecutionOptionsV2(init_qubits=Unset, rep_delay=Unset), twirling=TwirlingOptions(enable_gates=Unset, enable_measure=Unset, num_randomizations=Unset, shots_per_randomization=Unset, strategy=Unset), experimental=Unset)
[2025-08-21 15:58:15,919][INFO] Iteration 1: Energy = 0.44628906
[2025-08-21 15:58:15,947][INFO] Iteration 2: Energy = 0.06225586
[2025-08-21 15:58:15,979][INFO] Iteration 3: Energy = 0.06567383
[2025-08-21 15:58:16,007][INFO] Iteration 4: Energy = 0.00000000
[2025-08-21 15:58:16,038][INFO] Iteration 5: Energy = 0.00000000
[2025-08-21 15:58:16,071][INFO] Iteration 6: Energy = 0.00000000
[2025-08-21 15:58:16,106][INFO] Iteration 7: Energy = 0.00000000
[2025-08-21 15:58:16,141][INFO] Iteration 8: Energy = 0.00000000
[2025-08-21 15:58:16,171][INFO] Iteration 9: Energy = 0.00000000
[2025-08-21 15:58:16,210][INFO] Iteration 10: Energy = 0.00000000
[2025-08-21 15:58:16,246][INFO] Iteration 11: Energy = 0.00000000
[2025-08-21 15:58:16,285][INFO] Iteration 12: Energy = 0.00000000
[2025-08-21 15:58:16,318][INFO] Iteration 13: Energy = 0.00000000
[2025-08-21 15:58:16,360][INFO] Iteration 14: Energy = 0.00000000
[2025-08-21 15:58:16,389][INFO] Iteration 15: Energy = 0.00000000
[2025-08-21 15:58:16,421][INFO] Iteration 16: Energy = 0.00000000
[2025-08-21 15:58:16,450][INFO] Iteration 17: Energy = 0.00000000
[2025-08-21 15:58:16,477][INFO] Iteration 18: Energy = 0.00000000
[2025-08-21 15:58:16,504][INFO] Iteration 19: Energy = 0.00000000
[2025-08-21 15:58:16,529][INFO] Iteration 20: Energy = 0.00000000
[2025-08-21 15:58:16,560][INFO] Iteration 21: Energy = 0.00000000
[2025-08-21 15:58:16,585][INFO] Iteration 22: Energy = 0.00000000
[2025-08-21 15:58:16,609][INFO] Iteration 23: Energy = 0.00000000
[2025-08-21 15:58:16,635][INFO] Iteration 24: Energy = 0.00000000
[2025-08-21 15:58:16,666][INFO] Iteration 25: Energy = 0.00000000
[2025-08-21 15:58:16,692][INFO] Iteration 26: Energy = 0.00000000
[2025-08-21 15:58:16,693][INFO] Completed VQE run 89: Energy = 0.000000
[2025-08-21 16:22:56,574][INFO] Starting VQE run 89 (seed=83506874)
[2025-08-21 16:22:56,574][INFO] EstimatorOptions(_VERSION=2, max_execution_time=Unset, environment=EnvironmentOptions(log_level='WARNING', callback=None, job_tags=None, private=False), simulator=SimulatorOptions(noise_model=Unset, seed_simulator=Unset, coupling_map=Unset, basis_gates=Unset), default_precision=Unset, default_shots=None, resilience_level=2, seed_estimator=Unset, dynamical_decoupling=DynamicalDecouplingOptions(enable=Unset, sequence_type=Unset, extra_slack_distribution=Unset, scheduling_method=Unset, skip_reset_qubits=Unset), resilience=ResilienceOptionsV2(measure_mitigation=Unset, measure_noise_learning=MeasureNoiseLearningOptions(num_randomizations=Unset, shots_per_randomization=Unset), zne_mitigation=Unset, zne=ZneOptions(amplifier=Unset, noise_factors=Unset, extrapolator=Unset, extrapolated_noise_factors=Unset), pec_mitigation=Unset, pec=PecOptions(max_overhead=Unset, noise_gain=Unset), layer_noise_learning=LayerNoiseLearningOptions(max_layers_to_learn=Unset, shots_per_randomization=Unset, num_randomizations=Unset, layer_pair_depths=Unset), layer_noise_model=Unset), execution=ExecutionOptionsV2(init_qubits=Unset, rep_delay=Unset), twirling=TwirlingOptions(enable_gates=Unset, enable_measure=Unset, num_randomizations=Unset, shots_per_randomization=Unset, strategy=Unset), experimental=Unset)
[2025-08-21 16:23:01,246][INFO] Iteration 1: Energy = 0.27026367
[2025-08-21 16:23:05,750][INFO] Iteration 2: Energy = 0.27880859
[2025-08-21 16:23:10,177][INFO] Iteration 3: Energy = 0.01611328
[2025-08-21 16:23:14,584][INFO] Iteration 4: Energy = 0.00756836
[2025-08-21 16:23:18,861][INFO] Iteration 5: Energy = 0.00732422
[2025-08-21 16:23:23,077][INFO] Iteration 6: Energy = 0.00756836
[2025-08-21 16:23:27,745][INFO] Iteration 7: Energy = 0.00708008
[2025-08-21 16:23:32,141][INFO] Iteration 8: Energy = 0.00927734
[2025-08-21 16:23:36,519][INFO] Iteration 9: Energy = 0.00781250
[2025-08-21 16:23:40,789][INFO] Iteration 10: Energy = 0.00830078
[2025-08-21 16:23:44,921][INFO] Iteration 11: Energy = 0.00976562
[2025-08-21 16:23:49,121][INFO] Iteration 12: Energy = 0.00610352
[2025-08-21 16:23:53,339][INFO] Iteration 13: Energy = 0.00952148
[2025-08-21 16:23:57,245][INFO] Iteration 14: Energy = 0.00903320
[2025-08-21 16:24:01,576][INFO] Iteration 15: Energy = 0.00952148
[2025-08-21 16:24:05,802][INFO] Iteration 16: Energy = 0.00756836
[2025-08-21 16:24:10,220][INFO] Iteration 17: Energy = 0.00708008
[2025-08-21 16:24:14,627][INFO] Iteration 18: Energy = 0.00708008
[2025-08-21 16:24:18,628][INFO] Iteration 19: Energy = 0.00805664
[2025-08-21 16:24:22,855][INFO] Iteration 20: Energy = 0.00781250
[2025-08-21 16:24:26,998][INFO] Iteration 21: Energy = 0.00830078
[2025-08-21 16:24:30,950][INFO] Iteration 22: Energy = 0.00683594
[2025-08-21 16:24:35,064][INFO] Iteration 23: Energy = 0.00854492
[2025-08-21 16:24:39,339][INFO] Iteration 24: Energy = 0.00756836
[2025-08-21 16:24:43,438][INFO] Iteration 25: Energy = 0.01000977
[2025-08-21 16:24:47,634][INFO] Iteration 26: Energy = 0.00927734
[2025-08-21 16:24:51,405][INFO] Iteration 27: Energy = 0.00805664
[2025-08-21 16:24:55,369][INFO] Iteration 28: Energy = 0.00878906
[2025-08-21 16:24:58,922][INFO] Iteration 29: Energy = 0.01049805
[2025-08-21 16:25:02,960][INFO] Iteration 30: Energy = 0.00537109
[2025-08-21 16:25:07,057][INFO] Iteration 31: Energy = 0.00830078
[2025-08-21 16:25:10,651][INFO] Iteration 32: Energy = 0.00830078
[2025-08-21 16:25:14,328][INFO] Iteration 33: Energy = 0.00683594
[2025-08-21 16:25:14,330][INFO] Completed VQE run 89: Energy = 0.005371
