[2025-08-21 15:58:12,785][INFO] Starting VQE run 53 (seed=76072995)
[2025-08-21 15:58:12,785][INFO] EstimatorOptions(_VERSION=2, max_execution_time=Unset, environment=EnvironmentOptions(log_level='WARNING', callback=None, job_tags=None, private=False), simulator=SimulatorOptions(noise_model=Unset, seed_simulator=Unset, coupling_map=Unset, basis_gates=Unset), default_precision=Unset, default_shots=None, resilience_level=Unset, seed_estimator=Unset, dynamical_decoupling=DynamicalDecouplingOptions(enable=Unset, sequence_type=Unset, extra_slack_distribution=Unset, scheduling_method=Unset, skip_reset_qubits=Unset), resilience=ResilienceOptionsV2(measure_mitigation=Unset, measure_noise_learning=MeasureNoiseLearningOptions(num_randomizations=Unset, shots_per_randomization=Unset), zne_mitigation=Unset, zne=ZneOptions(amplifier=Unset, noise_factors=Unset, extrapolator=Unset, extrapolated_noise_factors=Unset), pec_mitigation=Unset, pec=PecOptions(max_overhead=Unset, noise_gain=Unset), layer_noise_learning=LayerNoiseLearningOptions(max_layers_to_learn=Unset, shots_per_randomization=Unset, num_randomizations=Unset, layer_pair_depths=Unset), layer_noise_model=Unset), execution=ExecutionOptionsV2(init_qubits=Unset, rep_delay=Unset), twirling=TwirlingOptions(enable_gates=Unset, enable_measure=Unset, num_randomizations=Unset, shots_per_randomization=Unset, strategy=Unset), experimental=Unset)
[2025-08-21 15:58:12,826][INFO] Iteration 1: Energy = 0.42944336
[2025-08-21 15:58:12,869][INFO] Iteration 2: Energy = 0.43066406
[2025-08-21 15:58:12,897][INFO] Iteration 3: Energy = 0.05200195
[2025-08-21 15:58:12,937][INFO] Iteration 4: Energy = 0.00000000
[2025-08-21 15:58:12,978][INFO] Iteration 5: Energy = 0.00000000
[2025-08-21 15:58:13,004][INFO] Iteration 6: Energy = 0.00000000
[2025-08-21 15:58:13,029][INFO] Iteration 7: Energy = 0.00000000
[2025-08-21 15:58:13,064][INFO] Iteration 8: Energy = 0.00000000
[2025-08-21 15:58:13,106][INFO] Iteration 9: Energy = 0.00000000
[2025-08-21 15:58:13,136][INFO] Iteration 10: Energy = 0.00000000
[2025-08-21 15:58:13,164][INFO] Iteration 11: Energy = 0.00000000
[2025-08-21 15:58:13,190][INFO] Iteration 12: Energy = 0.00000000
[2025-08-21 15:58:13,220][INFO] Iteration 13: Energy = 0.00000000
[2025-08-21 15:58:13,250][INFO] Iteration 14: Energy = 0.00000000
[2025-08-21 15:58:13,285][INFO] Iteration 15: Energy = 0.00000000
[2025-08-21 15:58:13,317][INFO] Iteration 16: Energy = 0.00000000
[2025-08-21 15:58:13,349][INFO] Iteration 17: Energy = 0.00000000
[2025-08-21 15:58:13,391][INFO] Iteration 18: Energy = 0.00000000
[2025-08-21 15:58:13,427][INFO] Iteration 19: Energy = 0.00000000
[2025-08-21 15:58:13,486][INFO] Iteration 20: Energy = 0.00000000
[2025-08-21 15:58:13,531][INFO] Iteration 21: Energy = 0.00000000
[2025-08-21 15:58:13,570][INFO] Iteration 22: Energy = 0.00000000
[2025-08-21 15:58:13,602][INFO] Iteration 23: Energy = 0.00000000
[2025-08-21 15:58:13,635][INFO] Iteration 24: Energy = 0.00000000
[2025-08-21 15:58:13,675][INFO] Iteration 25: Energy = 0.00000000
[2025-08-21 15:58:13,704][INFO] Iteration 26: Energy = 0.00000000
[2025-08-21 15:58:13,705][INFO] Completed VQE run 53: Energy = 0.000000
[2025-08-21 16:12:59,847][INFO] Starting VQE run 53 (seed=41884680)
[2025-08-21 16:12:59,847][INFO] EstimatorOptions(_VERSION=2, max_execution_time=Unset, environment=EnvironmentOptions(log_level='WARNING', callback=None, job_tags=None, private=False), simulator=SimulatorOptions(noise_model=Unset, seed_simulator=Unset, coupling_map=Unset, basis_gates=Unset), default_precision=Unset, default_shots=None, resilience_level=2, seed_estimator=Unset, dynamical_decoupling=DynamicalDecouplingOptions(enable=Unset, sequence_type=Unset, extra_slack_distribution=Unset, scheduling_method=Unset, skip_reset_qubits=Unset), resilience=ResilienceOptionsV2(measure_mitigation=Unset, measure_noise_learning=MeasureNoiseLearningOptions(num_randomizations=Unset, shots_per_randomization=Unset), zne_mitigation=Unset, zne=ZneOptions(amplifier=Unset, noise_factors=Unset, extrapolator=Unset, extrapolated_noise_factors=Unset), pec_mitigation=Unset, pec=PecOptions(max_overhead=Unset, noise_gain=Unset), layer_noise_learning=LayerNoiseLearningOptions(max_layers_to_learn=Unset, shots_per_randomization=Unset, num_randomizations=Unset, layer_pair_depths=Unset), layer_noise_model=Unset), execution=ExecutionOptionsV2(init_qubits=Unset, rep_delay=Unset), twirling=TwirlingOptions(enable_gates=Unset, enable_measure=Unset, num_randomizations=Unset, shots_per_randomization=Unset, strategy=Unset), experimental=Unset)
[2025-08-21 16:13:04,325][INFO] Iteration 1: Energy = 0.98437500
[2025-08-21 16:13:08,690][INFO] Iteration 2: Energy = 0.73706055
[2025-08-21 16:13:12,876][INFO] Iteration 3: Energy = 0.74291992
[2025-08-21 16:13:17,254][INFO] Iteration 4: Energy = 0.28686523
[2025-08-21 16:13:21,584][INFO] Iteration 5: Energy = 0.01293945
[2025-08-21 16:13:26,335][INFO] Iteration 6: Energy = 0.00634766
[2025-08-21 16:13:30,751][INFO] Iteration 7: Energy = 0.00830078
[2025-08-21 16:13:35,096][INFO] Iteration 8: Energy = 0.01000977
[2025-08-21 16:13:39,498][INFO] Iteration 9: Energy = 0.01147461
[2025-08-21 16:13:43,717][INFO] Iteration 10: Energy = 0.00634766
[2025-08-21 16:13:48,076][INFO] Iteration 11: Energy = 0.01000977
[2025-08-21 16:13:52,203][INFO] Iteration 12: Energy = 0.00732422
[2025-08-21 16:13:56,510][INFO] Iteration 13: Energy = 0.00634766
[2025-08-21 16:14:01,017][INFO] Iteration 14: Energy = 0.00805664
[2025-08-21 16:14:05,442][INFO] Iteration 15: Energy = 0.00610352
[2025-08-21 16:14:09,871][INFO] Iteration 16: Energy = 0.00805664
[2025-08-21 16:14:14,115][INFO] Iteration 17: Energy = 0.00512695
[2025-08-21 16:14:18,577][INFO] Iteration 18: Energy = 0.00805664
[2025-08-21 16:14:22,996][INFO] Iteration 19: Energy = 0.00781250
[2025-08-21 16:14:27,223][INFO] Iteration 20: Energy = 0.00781250
[2025-08-21 16:14:31,622][INFO] Iteration 21: Energy = 0.00878906
[2025-08-21 16:14:35,856][INFO] Iteration 22: Energy = 0.01000977
[2025-08-21 16:14:40,226][INFO] Iteration 23: Energy = 0.00805664
[2025-08-21 16:14:44,583][INFO] Iteration 24: Energy = 0.00561523
[2025-08-21 16:14:49,014][INFO] Iteration 25: Energy = 0.00854492
[2025-08-21 16:14:53,366][INFO] Iteration 26: Energy = 0.00659180
[2025-08-21 16:14:57,699][INFO] Iteration 27: Energy = 0.00732422
[2025-08-21 16:15:02,000][INFO] Iteration 28: Energy = 0.00732422
[2025-08-21 16:15:06,339][INFO] Iteration 29: Energy = 0.00976562
[2025-08-21 16:15:10,720][INFO] Iteration 30: Energy = 0.00830078
[2025-08-21 16:15:14,943][INFO] Iteration 31: Energy = 0.00903320
[2025-08-21 16:15:19,298][INFO] Iteration 32: Energy = 0.00805664
[2025-08-21 16:15:24,008][INFO] Iteration 33: Energy = 0.01025391
[2025-08-21 16:15:28,644][INFO] Iteration 34: Energy = 0.00781250
[2025-08-21 16:15:33,083][INFO] Iteration 35: Energy = 0.00854492
[2025-08-21 16:15:37,350][INFO] Iteration 36: Energy = 0.00781250
[2025-08-21 16:15:41,782][INFO] Iteration 37: Energy = 0.00903320
[2025-08-21 16:15:46,115][INFO] Iteration 38: Energy = 0.00585938
[2025-08-21 16:15:50,492][INFO] Iteration 39: Energy = 0.00903320
[2025-08-21 16:15:50,494][INFO] Completed VQE run 53: Energy = 0.005127
