[2025-08-21 15:58:12,948][INFO] Starting VQE run 56 (seed=22423275)
[2025-08-21 15:58:12,951][INFO] EstimatorOptions(_VERSION=2, max_execution_time=Unset, environment=EnvironmentOptions(log_level='WARNING', callback=None, job_tags=None, private=False), simulator=SimulatorOptions(noise_model=Unset, seed_simulator=Unset, coupling_map=Unset, basis_gates=Unset), default_precision=Unset, default_shots=None, resilience_level=Unset, seed_estimator=Unset, dynamical_decoupling=DynamicalDecouplingOptions(enable=Unset, sequence_type=Unset, extra_slack_distribution=Unset, scheduling_method=Unset, skip_reset_qubits=Unset), resilience=ResilienceOptionsV2(measure_mitigation=Unset, measure_noise_learning=MeasureNoiseLearningOptions(num_randomizations=Unset, shots_per_randomization=Unset), zne_mitigation=Unset, zne=ZneOptions(amplifier=Unset, noise_factors=Unset, extrapolator=Unset, extrapolated_noise_factors=Unset), pec_mitigation=Unset, pec=PecOptions(max_overhead=Unset, noise_gain=Unset), layer_noise_learning=LayerNoiseLearningOptions(max_layers_to_learn=Unset, shots_per_randomization=Unset, num_randomizations=Unset, layer_pair_depths=Unset), layer_noise_model=Unset), execution=ExecutionOptionsV2(init_qubits=Unset, rep_delay=Unset), twirling=TwirlingOptions(enable_gates=Unset, enable_measure=Unset, num_randomizations=Unset, shots_per_randomization=Unset, strategy=Unset), experimental=Unset)
[2025-08-21 15:58:12,978][INFO] Iteration 1: Energy = 0.39599609
[2025-08-21 15:58:13,015][INFO] Iteration 2: Energy = 0.04394531
[2025-08-21 15:58:13,048][INFO] Iteration 3: Energy = 0.05126953
[2025-08-21 15:58:13,077][INFO] Iteration 4: Energy = 0.00000000
[2025-08-21 15:58:13,102][INFO] Iteration 5: Energy = 0.00000000
[2025-08-21 15:58:13,138][INFO] Iteration 6: Energy = 0.00000000
[2025-08-21 15:58:13,177][INFO] Iteration 7: Energy = 0.00000000
[2025-08-21 15:58:13,210][INFO] Iteration 8: Energy = 0.00000000
[2025-08-21 15:58:13,237][INFO] Iteration 9: Energy = 0.00000000
[2025-08-21 15:58:13,276][INFO] Iteration 10: Energy = 0.00000000
[2025-08-21 15:58:13,314][INFO] Iteration 11: Energy = 0.00000000
[2025-08-21 15:58:13,339][INFO] Iteration 12: Energy = 0.00000000
[2025-08-21 15:58:13,377][INFO] Iteration 13: Energy = 0.00000000
[2025-08-21 15:58:13,408][INFO] Iteration 14: Energy = 0.00000000
[2025-08-21 15:58:13,468][INFO] Iteration 15: Energy = 0.00000000
[2025-08-21 15:58:13,500][INFO] Iteration 16: Energy = 0.00000000
[2025-08-21 15:58:13,535][INFO] Iteration 17: Energy = 0.00000000
[2025-08-21 15:58:13,580][INFO] Iteration 18: Energy = 0.00000000
[2025-08-21 15:58:13,611][INFO] Iteration 19: Energy = 0.00000000
[2025-08-21 15:58:13,641][INFO] Iteration 20: Energy = 0.00000000
[2025-08-21 15:58:13,669][INFO] Iteration 21: Energy = 0.00000000
[2025-08-21 15:58:13,706][INFO] Iteration 22: Energy = 0.00000000
[2025-08-21 15:58:13,745][INFO] Iteration 23: Energy = 0.00000000
[2025-08-21 15:58:13,779][INFO] Iteration 24: Energy = 0.00000000
[2025-08-21 15:58:13,807][INFO] Iteration 25: Energy = 0.00000000
[2025-08-21 15:58:13,850][INFO] Iteration 26: Energy = 0.00000000
[2025-08-21 15:58:13,882][INFO] Iteration 27: Energy = 0.00000000
[2025-08-21 15:58:13,883][INFO] Completed VQE run 56: Energy = 0.000000
[2025-08-21 16:12:37,122][INFO] Starting VQE run 56 (seed=116574991)
[2025-08-21 16:12:37,123][INFO] EstimatorOptions(_VERSION=2, max_execution_time=Unset, environment=EnvironmentOptions(log_level='WARNING', callback=None, job_tags=None, private=False), simulator=SimulatorOptions(noise_model=Unset, seed_simulator=Unset, coupling_map=Unset, basis_gates=Unset), default_precision=Unset, default_shots=None, resilience_level=2, seed_estimator=Unset, dynamical_decoupling=DynamicalDecouplingOptions(enable=Unset, sequence_type=Unset, extra_slack_distribution=Unset, scheduling_method=Unset, skip_reset_qubits=Unset), resilience=ResilienceOptionsV2(measure_mitigation=Unset, measure_noise_learning=MeasureNoiseLearningOptions(num_randomizations=Unset, shots_per_randomization=Unset), zne_mitigation=Unset, zne=ZneOptions(amplifier=Unset, noise_factors=Unset, extrapolator=Unset, extrapolated_noise_factors=Unset), pec_mitigation=Unset, pec=PecOptions(max_overhead=Unset, noise_gain=Unset), layer_noise_learning=LayerNoiseLearningOptions(max_layers_to_learn=Unset, shots_per_randomization=Unset, num_randomizations=Unset, layer_pair_depths=Unset), layer_noise_model=Unset), execution=ExecutionOptionsV2(init_qubits=Unset, rep_delay=Unset), twirling=TwirlingOptions(enable_gates=Unset, enable_measure=Unset, num_randomizations=Unset, shots_per_randomization=Unset, strategy=Unset), experimental=Unset)
[2025-08-21 16:12:41,456][INFO] Iteration 1: Energy = 0.80639648
[2025-08-21 16:12:45,642][INFO] Iteration 2: Energy = 0.82226562
[2025-08-21 16:12:50,141][INFO] Iteration 3: Energy = 0.36547852
[2025-08-21 16:12:54,580][INFO] Iteration 4: Energy = 0.04272461
[2025-08-21 16:12:58,949][INFO] Iteration 5: Energy = 0.00610352
[2025-08-21 16:13:03,374][INFO] Iteration 6: Energy = 0.00756836
[2025-08-21 16:13:07,641][INFO] Iteration 7: Energy = 0.00878906
[2025-08-21 16:13:11,971][INFO] Iteration 8: Energy = 0.00878906
[2025-08-21 16:13:16,179][INFO] Iteration 9: Energy = 0.00781250
[2025-08-21 16:13:20,569][INFO] Iteration 10: Energy = 0.00878906
[2025-08-21 16:13:24,994][INFO] Iteration 11: Energy = 0.00830078
[2025-08-21 16:13:29,339][INFO] Iteration 12: Energy = 0.00659180
[2025-08-21 16:13:33,596][INFO] Iteration 13: Energy = 0.00854492
[2025-08-21 16:13:37,869][INFO] Iteration 14: Energy = 0.01000977
[2025-08-21 16:13:42,174][INFO] Iteration 15: Energy = 0.00952148
[2025-08-21 16:13:46,429][INFO] Iteration 16: Energy = 0.00683594
[2025-08-21 16:13:51,039][INFO] Iteration 17: Energy = 0.00903320
[2025-08-21 16:13:55,156][INFO] Iteration 18: Energy = 0.00878906
[2025-08-21 16:13:59,304][INFO] Iteration 19: Energy = 0.00927734
[2025-08-21 16:14:03,559][INFO] Iteration 20: Energy = 0.00634766
[2025-08-21 16:14:07,859][INFO] Iteration 21: Energy = 0.00610352
[2025-08-21 16:14:12,363][INFO] Iteration 22: Energy = 0.00756836
[2025-08-21 16:14:16,998][INFO] Iteration 23: Energy = 0.00756836
[2025-08-21 16:14:21,412][INFO] Iteration 24: Energy = 0.00683594
[2025-08-21 16:14:25,847][INFO] Iteration 25: Energy = 0.00732422
[2025-08-21 16:14:30,087][INFO] Iteration 26: Energy = 0.00805664
[2025-08-21 16:14:34,385][INFO] Iteration 27: Energy = 0.00683594
[2025-08-21 16:14:38,726][INFO] Iteration 28: Energy = 0.00634766
[2025-08-21 16:14:43,383][INFO] Iteration 29: Energy = 0.00830078
[2025-08-21 16:14:43,384][INFO] Completed VQE run 56: Energy = 0.006348
