[2025-08-21 15:58:12,874][INFO] Starting VQE run 47 (seed=35789688)
[2025-08-21 15:58:12,874][INFO] EstimatorOptions(_VERSION=2, max_execution_time=Unset, environment=EnvironmentOptions(log_level='WARNING', callback=None, job_tags=None, private=False), simulator=SimulatorOptions(noise_model=Unset, seed_simulator=Unset, coupling_map=Unset, basis_gates=Unset), default_precision=Unset, default_shots=None, resilience_level=Unset, seed_estimator=Unset, dynamical_decoupling=DynamicalDecouplingOptions(enable=Unset, sequence_type=Unset, extra_slack_distribution=Unset, scheduling_method=Unset, skip_reset_qubits=Unset), resilience=ResilienceOptionsV2(measure_mitigation=Unset, measure_noise_learning=MeasureNoiseLearningOptions(num_randomizations=Unset, shots_per_randomization=Unset), zne_mitigation=Unset, zne=ZneOptions(amplifier=Unset, noise_factors=Unset, extrapolator=Unset, extrapolated_noise_factors=Unset), pec_mitigation=Unset, pec=PecOptions(max_overhead=Unset, noise_gain=Unset), layer_noise_learning=LayerNoiseLearningOptions(max_layers_to_learn=Unset, shots_per_randomization=Unset, num_randomizations=Unset, layer_pair_depths=Unset), layer_noise_model=Unset), execution=ExecutionOptionsV2(init_qubits=Unset, rep_delay=Unset), twirling=TwirlingOptions(enable_gates=Unset, enable_measure=Unset, num_randomizations=Unset, shots_per_randomization=Unset, strategy=Unset), experimental=Unset)
[2025-08-21 15:58:12,903][INFO] Iteration 1: Energy = 0.00000000
[2025-08-21 15:58:12,929][INFO] Iteration 2: Energy = 0.00000000
[2025-08-21 15:58:12,970][INFO] Iteration 3: Energy = 0.00000000
[2025-08-21 15:58:13,008][INFO] Iteration 4: Energy = 0.00000000
[2025-08-21 15:58:13,040][INFO] Iteration 5: Energy = 0.00000000
[2025-08-21 15:58:13,070][INFO] Iteration 6: Energy = 0.00000000
[2025-08-21 15:58:13,118][INFO] Iteration 7: Energy = 0.00000000
[2025-08-21 15:58:13,159][INFO] Iteration 8: Energy = 0.00000000
[2025-08-21 15:58:13,186][INFO] Iteration 9: Energy = 0.00000000
[2025-08-21 15:58:13,217][INFO] Iteration 10: Energy = 0.00000000
[2025-08-21 15:58:13,267][INFO] Iteration 11: Energy = 0.00000000
[2025-08-21 15:58:13,297][INFO] Iteration 12: Energy = 0.00000000
[2025-08-21 15:58:13,324][INFO] Iteration 13: Energy = 0.00000000
[2025-08-21 15:58:13,355][INFO] Iteration 14: Energy = 0.00000000
[2025-08-21 15:58:13,394][INFO] Iteration 15: Energy = 0.00000000
[2025-08-21 15:58:13,433][INFO] Iteration 16: Energy = 0.00000000
[2025-08-21 15:58:13,478][INFO] Iteration 17: Energy = 0.00000000
[2025-08-21 15:58:13,513][INFO] Iteration 18: Energy = 0.00000000
[2025-08-21 15:58:13,551][INFO] Iteration 19: Energy = 0.00000000
[2025-08-21 15:58:13,586][INFO] Iteration 20: Energy = 0.00000000
[2025-08-21 15:58:13,617][INFO] Iteration 21: Energy = 0.00000000
[2025-08-21 15:58:13,655][INFO] Iteration 22: Energy = 0.00000000
[2025-08-21 15:58:13,694][INFO] Iteration 23: Energy = 0.00000000
[2025-08-21 15:58:13,741][INFO] Iteration 24: Energy = 0.00000000
[2025-08-21 15:58:13,772][INFO] Iteration 25: Energy = 0.00000000
[2025-08-21 15:58:13,773][INFO] Completed VQE run 47: Energy = 0.000000
[2025-08-21 16:13:22,694][INFO] Starting VQE run 47 (seed=122941481)
[2025-08-21 16:13:22,695][INFO] EstimatorOptions(_VERSION=2, max_execution_time=Unset, environment=EnvironmentOptions(log_level='WARNING', callback=None, job_tags=None, private=False), simulator=SimulatorOptions(noise_model=Unset, seed_simulator=Unset, coupling_map=Unset, basis_gates=Unset), default_precision=Unset, default_shots=None, resilience_level=2, seed_estimator=Unset, dynamical_decoupling=DynamicalDecouplingOptions(enable=Unset, sequence_type=Unset, extra_slack_distribution=Unset, scheduling_method=Unset, skip_reset_qubits=Unset), resilience=ResilienceOptionsV2(measure_mitigation=Unset, measure_noise_learning=MeasureNoiseLearningOptions(num_randomizations=Unset, shots_per_randomization=Unset), zne_mitigation=Unset, zne=ZneOptions(amplifier=Unset, noise_factors=Unset, extrapolator=Unset, extrapolated_noise_factors=Unset), pec_mitigation=Unset, pec=PecOptions(max_overhead=Unset, noise_gain=Unset), layer_noise_learning=LayerNoiseLearningOptions(max_layers_to_learn=Unset, shots_per_randomization=Unset, num_randomizations=Unset, layer_pair_depths=Unset), layer_noise_model=Unset), execution=ExecutionOptionsV2(init_qubits=Unset, rep_delay=Unset), twirling=TwirlingOptions(enable_gates=Unset, enable_measure=Unset, num_randomizations=Unset, shots_per_randomization=Unset, strategy=Unset), experimental=Unset)
[2025-08-21 16:13:27,275][INFO] Iteration 1: Energy = 0.51440430
[2025-08-21 16:13:31,691][INFO] Iteration 2: Energy = 0.10937500
[2025-08-21 16:13:36,061][INFO] Iteration 3: Energy = 0.10620117
[2025-08-21 16:13:40,399][INFO] Iteration 4: Energy = 0.00805664
[2025-08-21 16:13:44,663][INFO] Iteration 5: Energy = 0.00830078
[2025-08-21 16:13:48,959][INFO] Iteration 6: Energy = 0.00610352
[2025-08-21 16:13:53,377][INFO] Iteration 7: Energy = 0.00952148
[2025-08-21 16:13:57,883][INFO] Iteration 8: Energy = 0.00878906
[2025-08-21 16:14:02,207][INFO] Iteration 9: Energy = 0.00610352
[2025-08-21 16:14:06,554][INFO] Iteration 10: Energy = 0.00610352
[2025-08-21 16:14:10,858][INFO] Iteration 11: Energy = 0.01025391
[2025-08-21 16:14:15,101][INFO] Iteration 12: Energy = 0.00830078
[2025-08-21 16:14:19,302][INFO] Iteration 13: Energy = 0.00878906
[2025-08-21 16:14:23,614][INFO] Iteration 14: Energy = 0.00927734
[2025-08-21 16:14:28,027][INFO] Iteration 15: Energy = 0.00952148
[2025-08-21 16:14:32,191][INFO] Iteration 16: Energy = 0.00756836
[2025-08-21 16:14:36,562][INFO] Iteration 17: Energy = 0.00683594
[2025-08-21 16:14:40,985][INFO] Iteration 18: Energy = 0.00683594
[2025-08-21 16:14:45,498][INFO] Iteration 19: Energy = 0.00830078
[2025-08-21 16:14:49,849][INFO] Iteration 20: Energy = 0.01025391
[2025-08-21 16:14:54,253][INFO] Iteration 21: Energy = 0.00708008
[2025-08-21 16:14:58,505][INFO] Iteration 22: Energy = 0.00805664
[2025-08-21 16:15:02,857][INFO] Iteration 23: Energy = 0.00683594
[2025-08-21 16:15:07,128][INFO] Iteration 24: Energy = 0.00634766
[2025-08-21 16:15:11,350][INFO] Iteration 25: Energy = 0.00781250
[2025-08-21 16:15:15,702][INFO] Iteration 26: Energy = 0.00659180
[2025-08-21 16:15:20,187][INFO] Iteration 27: Energy = 0.00805664
[2025-08-21 16:15:24,761][INFO] Iteration 28: Energy = 0.00585938
[2025-08-21 16:15:29,242][INFO] Iteration 29: Energy = 0.01049805
[2025-08-21 16:15:33,734][INFO] Iteration 30: Energy = 0.00805664
[2025-08-21 16:15:37,979][INFO] Iteration 31: Energy = 0.00634766
[2025-08-21 16:15:42,283][INFO] Iteration 32: Energy = 0.00659180
[2025-08-21 16:15:42,285][INFO] Completed VQE run 47: Energy = 0.006104
