[2025-08-21 15:58:14,772][INFO] Starting VQE run 93 (seed=46671463)
[2025-08-21 15:58:14,772][INFO] EstimatorOptions(_VERSION=2, max_execution_time=Unset, environment=EnvironmentOptions(log_level='WARNING', callback=None, job_tags=None, private=False), simulator=SimulatorOptions(noise_model=Unset, seed_simulator=Unset, coupling_map=Unset, basis_gates=Unset), default_precision=Unset, default_shots=None, resilience_level=Unset, seed_estimator=Unset, dynamical_decoupling=DynamicalDecouplingOptions(enable=Unset, sequence_type=Unset, extra_slack_distribution=Unset, scheduling_method=Unset, skip_reset_qubits=Unset), resilience=ResilienceOptionsV2(measure_mitigation=Unset, measure_noise_learning=MeasureNoiseLearningOptions(num_randomizations=Unset, shots_per_randomization=Unset), zne_mitigation=Unset, zne=ZneOptions(amplifier=Unset, noise_factors=Unset, extrapolator=Unset, extrapolated_noise_factors=Unset), pec_mitigation=Unset, pec=PecOptions(max_overhead=Unset, noise_gain=Unset), layer_noise_learning=LayerNoiseLearningOptions(max_layers_to_learn=Unset, shots_per_randomization=Unset, num_randomizations=Unset, layer_pair_depths=Unset), layer_noise_model=Unset), execution=ExecutionOptionsV2(init_qubits=Unset, rep_delay=Unset), twirling=TwirlingOptions(enable_gates=Unset, enable_measure=Unset, num_randomizations=Unset, shots_per_randomization=Unset, strategy=Unset), experimental=Unset)
[2025-08-21 15:58:14,805][INFO] Iteration 1: Energy = 0.99877930
[2025-08-21 15:58:14,830][INFO] Iteration 2: Energy = 0.82177734
[2025-08-21 15:58:14,875][INFO] Iteration 3: Energy = 0.77294922
[2025-08-21 15:58:14,913][INFO] Iteration 4: Energy = 0.30883789
[2025-08-21 15:58:14,942][INFO] Iteration 5: Energy = 0.00000000
[2025-08-21 15:58:14,975][INFO] Iteration 6: Energy = 0.00000000
[2025-08-21 15:58:15,008][INFO] Iteration 7: Energy = 0.00000000
[2025-08-21 15:58:15,042][INFO] Iteration 8: Energy = 0.00000000
[2025-08-21 15:58:15,077][INFO] Iteration 9: Energy = 0.00000000
[2025-08-21 15:58:15,105][INFO] Iteration 10: Energy = 0.00000000
[2025-08-21 15:58:15,148][INFO] Iteration 11: Energy = 0.00000000
[2025-08-21 15:58:15,190][INFO] Iteration 12: Energy = 0.00000000
[2025-08-21 15:58:15,223][INFO] Iteration 13: Energy = 0.00000000
[2025-08-21 15:58:15,256][INFO] Iteration 14: Energy = 0.00000000
[2025-08-21 15:58:15,287][INFO] Iteration 15: Energy = 0.00000000
[2025-08-21 15:58:15,323][INFO] Iteration 16: Energy = 0.00000000
[2025-08-21 15:58:15,353][INFO] Iteration 17: Energy = 0.00000000
[2025-08-21 15:58:15,381][INFO] Iteration 18: Energy = 0.00000000
[2025-08-21 15:58:15,420][INFO] Iteration 19: Energy = 0.00000000
[2025-08-21 15:58:15,453][INFO] Iteration 20: Energy = 0.00000000
[2025-08-21 15:58:15,484][INFO] Iteration 21: Energy = 0.00000000
[2025-08-21 15:58:15,508][INFO] Iteration 22: Energy = 0.00000000
[2025-08-21 15:58:15,549][INFO] Iteration 23: Energy = 0.00000000
[2025-08-21 15:58:15,591][INFO] Iteration 24: Energy = 0.00000000
[2025-08-21 15:58:15,624][INFO] Iteration 25: Energy = 0.00000000
[2025-08-21 15:58:15,661][INFO] Iteration 26: Energy = 0.00000000
[2025-08-21 15:58:15,707][INFO] Iteration 27: Energy = 0.00000000
[2025-08-21 15:58:15,744][INFO] Iteration 28: Energy = 0.00000000
[2025-08-21 15:58:15,745][INFO] Completed VQE run 93: Energy = 0.000000
[2025-08-21 15:58:59,709][INFO] Starting VQE run 93 (seed=99367201)
[2025-08-21 16:22:37,920][INFO] Starting VQE run 93 (seed=46924624)
[2025-08-21 16:22:37,921][INFO] EstimatorOptions(_VERSION=2, max_execution_time=Unset, environment=EnvironmentOptions(log_level='WARNING', callback=None, job_tags=None, private=False), simulator=SimulatorOptions(noise_model=Unset, seed_simulator=Unset, coupling_map=Unset, basis_gates=Unset), default_precision=Unset, default_shots=None, resilience_level=2, seed_estimator=Unset, dynamical_decoupling=DynamicalDecouplingOptions(enable=Unset, sequence_type=Unset, extra_slack_distribution=Unset, scheduling_method=Unset, skip_reset_qubits=Unset), resilience=ResilienceOptionsV2(measure_mitigation=Unset, measure_noise_learning=MeasureNoiseLearningOptions(num_randomizations=Unset, shots_per_randomization=Unset), zne_mitigation=Unset, zne=ZneOptions(amplifier=Unset, noise_factors=Unset, extrapolator=Unset, extrapolated_noise_factors=Unset), pec_mitigation=Unset, pec=PecOptions(max_overhead=Unset, noise_gain=Unset), layer_noise_learning=LayerNoiseLearningOptions(max_layers_to_learn=Unset, shots_per_randomization=Unset, num_randomizations=Unset, layer_pair_depths=Unset), layer_noise_model=Unset), execution=ExecutionOptionsV2(init_qubits=Unset, rep_delay=Unset), twirling=TwirlingOptions(enable_gates=Unset, enable_measure=Unset, num_randomizations=Unset, shots_per_randomization=Unset, strategy=Unset), experimental=Unset)
[2025-08-21 16:22:42,206][INFO] Iteration 1: Energy = 0.00683594
[2025-08-21 16:22:46,365][INFO] Iteration 2: Energy = 0.00952148
[2025-08-21 16:22:50,651][INFO] Iteration 3: Energy = 0.00683594
[2025-08-21 16:22:54,913][INFO] Iteration 4: Energy = 0.00561523
[2025-08-21 16:22:59,048][INFO] Iteration 5: Energy = 0.00854492
[2025-08-21 16:23:03,331][INFO] Iteration 6: Energy = 0.00781250
[2025-08-21 16:23:07,630][INFO] Iteration 7: Energy = 0.00781250
[2025-08-21 16:23:12,024][INFO] Iteration 8: Energy = 0.00634766
[2025-08-21 16:23:16,402][INFO] Iteration 9: Energy = 0.00927734
[2025-08-21 16:23:20,668][INFO] Iteration 10: Energy = 0.00610352
[2025-08-21 16:23:24,727][INFO] Iteration 11: Energy = 0.00781250
[2025-08-21 16:23:28,871][INFO] Iteration 12: Energy = 0.01098633
[2025-08-21 16:23:32,813][INFO] Iteration 13: Energy = 0.01074219
[2025-08-21 16:23:37,008][INFO] Iteration 14: Energy = 0.00732422
[2025-08-21 16:23:40,948][INFO] Iteration 15: Energy = 0.00805664
[2025-08-21 16:23:45,077][INFO] Iteration 16: Energy = 0.00561523
[2025-08-21 16:23:49,071][INFO] Iteration 17: Energy = 0.01025391
[2025-08-21 16:23:53,046][INFO] Iteration 18: Energy = 0.00805664
[2025-08-21 16:23:56,796][INFO] Iteration 19: Energy = 0.00610352
[2025-08-21 16:24:00,653][INFO] Iteration 20: Energy = 0.00805664
[2025-08-21 16:24:04,603][INFO] Iteration 21: Energy = 0.00878906
[2025-08-21 16:24:08,544][INFO] Iteration 22: Energy = 0.00830078
[2025-08-21 16:24:12,602][INFO] Iteration 23: Energy = 0.00781250
[2025-08-21 16:24:16,372][INFO] Iteration 24: Energy = 0.00634766
[2025-08-21 16:24:20,270][INFO] Iteration 25: Energy = 0.00781250
[2025-08-21 16:24:24,374][INFO] Iteration 26: Energy = 0.00781250
[2025-08-21 16:24:28,203][INFO] Iteration 27: Energy = 0.01049805
[2025-08-21 16:24:32,267][INFO] Iteration 28: Energy = 0.00927734
[2025-08-21 16:24:36,379][INFO] Iteration 29: Energy = 0.00805664
[2025-08-21 16:24:40,363][INFO] Iteration 30: Energy = 0.00732422
[2025-08-21 16:24:44,355][INFO] Iteration 31: Energy = 0.01025391
[2025-08-21 16:24:48,247][INFO] Iteration 32: Energy = 0.00732422
[2025-08-21 16:24:51,798][INFO] Iteration 33: Energy = 0.01074219
[2025-08-21 16:24:55,275][INFO] Iteration 34: Energy = 0.00781250
[2025-08-21 16:24:55,277][INFO] Completed VQE run 93: Energy = 0.004395
