[2025-08-21 15:58:10,993][INFO] Starting VQE run 54 (seed=22356419)
[2025-08-21 15:58:10,993][INFO] EstimatorOptions(_VERSION=2, max_execution_time=Unset, environment=EnvironmentOptions(log_level='WARNING', callback=None, job_tags=None, private=False), simulator=SimulatorOptions(noise_model=Unset, seed_simulator=Unset, coupling_map=Unset, basis_gates=Unset), default_precision=Unset, default_shots=None, resilience_level=Unset, seed_estimator=Unset, dynamical_decoupling=DynamicalDecouplingOptions(enable=Unset, sequence_type=Unset, extra_slack_distribution=Unset, scheduling_method=Unset, skip_reset_qubits=Unset), resilience=ResilienceOptionsV2(measure_mitigation=Unset, measure_noise_learning=MeasureNoiseLearningOptions(num_randomizations=Unset, shots_per_randomization=Unset), zne_mitigation=Unset, zne=ZneOptions(amplifier=Unset, noise_factors=Unset, extrapolator=Unset, extrapolated_noise_factors=Unset), pec_mitigation=Unset, pec=PecOptions(max_overhead=Unset, noise_gain=Unset), layer_noise_learning=LayerNoiseLearningOptions(max_layers_to_learn=Unset, shots_per_randomization=Unset, num_randomizations=Unset, layer_pair_depths=Unset), layer_noise_model=Unset), execution=ExecutionOptionsV2(init_qubits=Unset, rep_delay=Unset), twirling=TwirlingOptions(enable_gates=Unset, enable_measure=Unset, num_randomizations=Unset, shots_per_randomization=Unset, strategy=Unset), experimental=Unset)
[2025-08-21 15:58:11,034][INFO] Iteration 1: Energy = 0.00000000
[2025-08-21 15:58:11,070][INFO] Iteration 2: Energy = 0.00000000
[2025-08-21 15:58:11,097][INFO] Iteration 3: Energy = 0.00000000
[2025-08-21 15:58:11,131][INFO] Iteration 4: Energy = 0.00000000
[2025-08-21 15:58:11,167][INFO] Iteration 5: Energy = 0.00000000
[2025-08-21 15:58:11,202][INFO] Iteration 6: Energy = 0.00000000
[2025-08-21 15:58:11,232][INFO] Iteration 7: Energy = 0.00000000
[2025-08-21 15:58:11,261][INFO] Iteration 8: Energy = 0.00000000
[2025-08-21 15:58:11,300][INFO] Iteration 9: Energy = 0.00000000
[2025-08-21 15:58:11,334][INFO] Iteration 10: Energy = 0.00000000
[2025-08-21 15:58:11,361][INFO] Iteration 11: Energy = 0.00000000
[2025-08-21 15:58:11,398][INFO] Iteration 12: Energy = 0.00000000
[2025-08-21 15:58:11,431][INFO] Iteration 13: Energy = 0.00000000
[2025-08-21 15:58:11,465][INFO] Iteration 14: Energy = 0.00000000
[2025-08-21 15:58:11,497][INFO] Iteration 15: Energy = 0.00000000
[2025-08-21 15:58:11,532][INFO] Iteration 16: Energy = 0.00000000
[2025-08-21 15:58:11,560][INFO] Iteration 17: Energy = 0.00000000
[2025-08-21 15:58:11,601][INFO] Iteration 18: Energy = 0.00000000
[2025-08-21 15:58:11,630][INFO] Iteration 19: Energy = 0.00000000
[2025-08-21 15:58:11,659][INFO] Iteration 20: Energy = 0.00000000
[2025-08-21 15:58:11,707][INFO] Iteration 21: Energy = 0.00000000
[2025-08-21 15:58:11,748][INFO] Iteration 22: Energy = 0.00000000
[2025-08-21 15:58:11,782][INFO] Iteration 23: Energy = 0.00000000
[2025-08-21 15:58:11,808][INFO] Iteration 24: Energy = 0.00000000
[2025-08-21 15:58:11,847][INFO] Iteration 25: Energy = 0.00000000
[2025-08-21 15:58:11,881][INFO] Iteration 26: Energy = 0.00000000
[2025-08-21 15:58:11,881][INFO] Completed VQE run 54: Energy = 0.000000
[2025-08-21 15:58:59,625][INFO] Starting VQE run 54 (seed=99367201)
[2025-08-21 16:08:14,798][INFO] Starting VQE run 54 (seed=112101887)
[2025-08-21 16:08:14,798][INFO] EstimatorOptions(_VERSION=2, max_execution_time=Unset, environment=EnvironmentOptions(log_level='WARNING', callback=None, job_tags=None, private=False), simulator=SimulatorOptions(noise_model=Unset, seed_simulator=Unset, coupling_map=Unset, basis_gates=Unset), default_precision=Unset, default_shots=None, resilience_level=2, seed_estimator=Unset, dynamical_decoupling=DynamicalDecouplingOptions(enable=Unset, sequence_type=Unset, extra_slack_distribution=Unset, scheduling_method=Unset, skip_reset_qubits=Unset), resilience=ResilienceOptionsV2(measure_mitigation=Unset, measure_noise_learning=MeasureNoiseLearningOptions(num_randomizations=Unset, shots_per_randomization=Unset), zne_mitigation=Unset, zne=ZneOptions(amplifier=Unset, noise_factors=Unset, extrapolator=Unset, extrapolated_noise_factors=Unset), pec_mitigation=Unset, pec=PecOptions(max_overhead=Unset, noise_gain=Unset), layer_noise_learning=LayerNoiseLearningOptions(max_layers_to_learn=Unset, shots_per_randomization=Unset, num_randomizations=Unset, layer_pair_depths=Unset), layer_noise_model=Unset), execution=ExecutionOptionsV2(init_qubits=Unset, rep_delay=Unset), twirling=TwirlingOptions(enable_gates=Unset, enable_measure=Unset, num_randomizations=Unset, shots_per_randomization=Unset, strategy=Unset), experimental=Unset)
[2025-08-21 16:08:18,996][INFO] Iteration 1: Energy = 0.22216797
[2025-08-21 16:08:23,338][INFO] Iteration 2: Energy = 0.21142578
[2025-08-21 16:08:27,904][INFO] Iteration 3: Energy = 0.00756836
[2025-08-21 16:08:32,329][INFO] Iteration 4: Energy = 0.00830078
[2025-08-21 16:08:36,656][INFO] Iteration 5: Energy = 0.00805664
[2025-08-21 16:08:40,950][INFO] Iteration 6: Energy = 0.00878906
[2025-08-21 16:08:45,267][INFO] Iteration 7: Energy = 0.00781250
[2025-08-21 16:08:49,479][INFO] Iteration 8: Energy = 0.00732422
[2025-08-21 16:08:53,674][INFO] Iteration 9: Energy = 0.00561523
[2025-08-21 16:08:58,269][INFO] Iteration 10: Energy = 0.00610352
[2025-08-21 16:09:02,705][INFO] Iteration 11: Energy = 0.00781250
[2025-08-21 16:09:07,183][INFO] Iteration 12: Energy = 0.00512695
[2025-08-21 16:09:11,613][INFO] Iteration 13: Energy = 0.00439453
[2025-08-21 16:09:16,037][INFO] Iteration 14: Energy = 0.00830078
[2025-08-21 16:09:20,353][INFO] Iteration 15: Energy = 0.00952148
[2025-08-21 16:09:24,604][INFO] Iteration 16: Energy = 0.00976562
[2025-08-21 16:09:29,085][INFO] Iteration 17: Energy = 0.00878906
[2025-08-21 16:09:33,484][INFO] Iteration 18: Energy = 0.00610352
[2025-08-21 16:09:38,026][INFO] Iteration 19: Energy = 0.00781250
[2025-08-21 16:09:42,313][INFO] Iteration 20: Energy = 0.01025391
[2025-08-21 16:09:46,533][INFO] Iteration 21: Energy = 0.00561523
[2025-08-21 16:09:50,749][INFO] Iteration 22: Energy = 0.00854492
[2025-08-21 16:09:55,135][INFO] Iteration 23: Energy = 0.00659180
[2025-08-21 16:09:59,470][INFO] Iteration 24: Energy = 0.00805664
[2025-08-21 16:10:03,690][INFO] Iteration 25: Energy = 0.01098633
[2025-08-21 16:10:08,002][INFO] Iteration 26: Energy = 0.00927734
[2025-08-21 16:10:12,241][INFO] Iteration 27: Energy = 0.00561523
[2025-08-21 16:10:16,618][INFO] Iteration 28: Energy = 0.00830078
[2025-08-21 16:10:21,218][INFO] Iteration 29: Energy = 0.00732422
[2025-08-21 16:10:25,670][INFO] Iteration 30: Energy = 0.00756836
[2025-08-21 16:10:30,098][INFO] Iteration 31: Energy = 0.00781250
[2025-08-21 16:10:34,517][INFO] Iteration 32: Energy = 0.00634766
[2025-08-21 16:10:38,883][INFO] Iteration 33: Energy = 0.00830078
[2025-08-21 16:10:38,885][INFO] Completed VQE run 54: Energy = 0.005371
