[2025-08-21 15:58:08,760][INFO] Starting VQE run 11 (seed=91601768)
[2025-08-21 15:58:08,761][INFO] EstimatorOptions(_VERSION=2, max_execution_time=Unset, environment=EnvironmentOptions(log_level='WARNING', callback=None, job_tags=None, private=False), simulator=SimulatorOptions(noise_model=Unset, seed_simulator=Unset, coupling_map=Unset, basis_gates=Unset), default_precision=Unset, default_shots=None, resilience_level=Unset, seed_estimator=Unset, dynamical_decoupling=DynamicalDecouplingOptions(enable=Unset, sequence_type=Unset, extra_slack_distribution=Unset, scheduling_method=Unset, skip_reset_qubits=Unset), resilience=ResilienceOptionsV2(measure_mitigation=Unset, measure_noise_learning=MeasureNoiseLearningOptions(num_randomizations=Unset, shots_per_randomization=Unset), zne_mitigation=Unset, zne=ZneOptions(amplifier=Unset, noise_factors=Unset, extrapolator=Unset, extrapolated_noise_factors=Unset), pec_mitigation=Unset, pec=PecOptions(max_overhead=Unset, noise_gain=Unset), layer_noise_learning=LayerNoiseLearningOptions(max_layers_to_learn=Unset, shots_per_randomization=Unset, num_randomizations=Unset, layer_pair_depths=Unset), layer_noise_model=Unset), execution=ExecutionOptionsV2(init_qubits=Unset, rep_delay=Unset), twirling=TwirlingOptions(enable_gates=Unset, enable_measure=Unset, num_randomizations=Unset, shots_per_randomization=Unset, strategy=Unset), experimental=Unset)
[2025-08-21 15:58:08,794][INFO] Iteration 1: Energy = 0.84741211
[2025-08-21 15:58:08,818][INFO] Iteration 2: Energy = 0.83789062
[2025-08-21 15:58:08,861][INFO] Iteration 3: Energy = 0.39575195
[2025-08-21 15:58:08,900][INFO] Iteration 4: Energy = 0.04296875
[2025-08-21 15:58:08,925][INFO] Iteration 5: Energy = 0.00000000
[2025-08-21 15:58:08,957][INFO] Iteration 6: Energy = 0.00000000
[2025-08-21 15:58:08,999][INFO] Iteration 7: Energy = 0.00000000
[2025-08-21 15:58:09,030][INFO] Iteration 8: Energy = 0.00000000
[2025-08-21 15:58:09,058][INFO] Iteration 9: Energy = 0.00000000
[2025-08-21 15:58:09,090][INFO] Iteration 10: Energy = 0.00000000
[2025-08-21 15:58:09,140][INFO] Iteration 11: Energy = 0.00000000
[2025-08-21 15:58:09,181][INFO] Iteration 12: Energy = 0.00000000
[2025-08-21 15:58:09,212][INFO] Iteration 13: Energy = 0.00000000
[2025-08-21 15:58:09,247][INFO] Iteration 14: Energy = 0.00000000
[2025-08-21 15:58:09,281][INFO] Iteration 15: Energy = 0.00000000
[2025-08-21 15:58:09,318][INFO] Iteration 16: Energy = 0.00000000
[2025-08-21 15:58:09,347][INFO] Iteration 17: Energy = 0.00000000
[2025-08-21 15:58:09,387][INFO] Iteration 18: Energy = 0.00000000
[2025-08-21 15:58:09,420][INFO] Iteration 19: Energy = 0.00000000
[2025-08-21 15:58:09,458][INFO] Iteration 20: Energy = 0.00000000
[2025-08-21 15:58:09,486][INFO] Iteration 21: Energy = 0.00000000
[2025-08-21 15:58:09,523][INFO] Iteration 22: Energy = 0.00000000
[2025-08-21 15:58:09,562][INFO] Iteration 23: Energy = 0.00000000
[2025-08-21 15:58:09,595][INFO] Iteration 24: Energy = 0.00000000
[2025-08-21 15:58:09,626][INFO] Iteration 25: Energy = 0.00000000
[2025-08-21 15:58:09,656][INFO] Iteration 26: Energy = 0.00000000
[2025-08-21 15:58:09,696][INFO] Iteration 27: Energy = 0.00000000
[2025-08-21 15:58:09,697][INFO] Completed VQE run 11: Energy = 0.000000
[2025-08-21 16:04:52,647][INFO] Starting VQE run 11 (seed=22851075)
[2025-08-21 16:04:52,647][INFO] EstimatorOptions(_VERSION=2, max_execution_time=Unset, environment=EnvironmentOptions(log_level='WARNING', callback=None, job_tags=None, private=False), simulator=SimulatorOptions(noise_model=Unset, seed_simulator=Unset, coupling_map=Unset, basis_gates=Unset), default_precision=Unset, default_shots=None, resilience_level=2, seed_estimator=Unset, dynamical_decoupling=DynamicalDecouplingOptions(enable=Unset, sequence_type=Unset, extra_slack_distribution=Unset, scheduling_method=Unset, skip_reset_qubits=Unset), resilience=ResilienceOptionsV2(measure_mitigation=Unset, measure_noise_learning=MeasureNoiseLearningOptions(num_randomizations=Unset, shots_per_randomization=Unset), zne_mitigation=Unset, zne=ZneOptions(amplifier=Unset, noise_factors=Unset, extrapolator=Unset, extrapolated_noise_factors=Unset), pec_mitigation=Unset, pec=PecOptions(max_overhead=Unset, noise_gain=Unset), layer_noise_learning=LayerNoiseLearningOptions(max_layers_to_learn=Unset, shots_per_randomization=Unset, num_randomizations=Unset, layer_pair_depths=Unset), layer_noise_model=Unset), execution=ExecutionOptionsV2(init_qubits=Unset, rep_delay=Unset), twirling=TwirlingOptions(enable_gates=Unset, enable_measure=Unset, num_randomizations=Unset, shots_per_randomization=Unset, strategy=Unset), experimental=Unset)
[2025-08-21 16:04:56,747][INFO] Iteration 1: Energy = 0.83911133
[2025-08-21 16:05:00,691][INFO] Iteration 2: Energy = 0.39160156
[2025-08-21 16:05:04,870][INFO] Iteration 3: Energy = 0.38720703
[2025-08-21 16:05:09,187][INFO] Iteration 4: Energy = 0.04394531
[2025-08-21 16:05:13,556][INFO] Iteration 5: Energy = 0.00830078
[2025-08-21 16:05:18,034][INFO] Iteration 6: Energy = 0.00708008
[2025-08-21 16:05:22,361][INFO] Iteration 7: Energy = 0.00683594
[2025-08-21 16:05:26,759][INFO] Iteration 8: Energy = 0.00683594
[2025-08-21 16:05:31,216][INFO] Iteration 9: Energy = 0.00927734
[2025-08-21 16:05:35,679][INFO] Iteration 10: Energy = 0.01025391
[2025-08-21 16:05:40,172][INFO] Iteration 11: Energy = 0.00805664
[2025-08-21 16:05:44,849][INFO] Iteration 12: Energy = 0.00781250
[2025-08-21 16:05:49,353][INFO] Iteration 13: Energy = 0.00903320
[2025-08-21 16:05:53,852][INFO] Iteration 14: Energy = 0.00830078
[2025-08-21 16:05:58,112][INFO] Iteration 15: Energy = 0.00683594
[2025-08-21 16:06:02,354][INFO] Iteration 16: Energy = 0.00952148
[2025-08-21 16:06:06,473][INFO] Iteration 17: Energy = 0.00805664
[2025-08-21 16:06:11,119][INFO] Iteration 18: Energy = 0.00927734
[2025-08-21 16:06:15,454][INFO] Iteration 19: Energy = 0.00952148
[2025-08-21 16:06:19,979][INFO] Iteration 20: Energy = 0.00805664
[2025-08-21 16:06:24,194][INFO] Iteration 21: Energy = 0.00659180
[2025-08-21 16:06:28,529][INFO] Iteration 22: Energy = 0.00878906
[2025-08-21 16:06:33,022][INFO] Iteration 23: Energy = 0.00708008
[2025-08-21 16:06:37,482][INFO] Iteration 24: Energy = 0.00976562
[2025-08-21 16:06:42,062][INFO] Iteration 25: Energy = 0.00805664
[2025-08-21 16:06:46,483][INFO] Iteration 26: Energy = 0.00976562
[2025-08-21 16:06:50,766][INFO] Iteration 27: Energy = 0.00585938
[2025-08-21 16:06:55,177][INFO] Iteration 28: Energy = 0.00708008
[2025-08-21 16:06:59,440][INFO] Iteration 29: Energy = 0.00781250
[2025-08-21 16:07:04,036][INFO] Iteration 30: Energy = 0.00610352
[2025-08-21 16:07:08,758][INFO] Iteration 31: Energy = 0.00781250
[2025-08-21 16:07:13,077][INFO] Iteration 32: Energy = 0.00512695
[2025-08-21 16:07:17,680][INFO] Iteration 33: Energy = 0.00708008
[2025-08-21 16:07:22,055][INFO] Iteration 34: Energy = 0.00952148
[2025-08-21 16:07:26,485][INFO] Iteration 35: Energy = 0.00708008
[2025-08-21 16:07:30,790][INFO] Iteration 36: Energy = 0.00634766
[2025-08-21 16:07:35,138][INFO] Iteration 37: Energy = 0.01074219
[2025-08-21 16:07:40,002][INFO] Iteration 38: Energy = 0.00878906
[2025-08-21 16:07:44,833][INFO] Iteration 39: Energy = 0.00781250
[2025-08-21 16:07:44,834][INFO] Completed VQE run 11: Energy = 0.005615
