[2025-08-21 15:58:08,070][INFO] Starting VQE run 13 (seed=73531061)
[2025-08-21 15:58:08,073][INFO] EstimatorOptions(_VERSION=2, max_execution_time=Unset, environment=EnvironmentOptions(log_level='WARNING', callback=None, job_tags=None, private=False), simulator=SimulatorOptions(noise_model=Unset, seed_simulator=Unset, coupling_map=Unset, basis_gates=Unset), default_precision=Unset, default_shots=None, resilience_level=Unset, seed_estimator=Unset, dynamical_decoupling=DynamicalDecouplingOptions(enable=Unset, sequence_type=Unset, extra_slack_distribution=Unset, scheduling_method=Unset, skip_reset_qubits=Unset), resilience=ResilienceOptionsV2(measure_mitigation=Unset, measure_noise_learning=MeasureNoiseLearningOptions(num_randomizations=Unset, shots_per_randomization=Unset), zne_mitigation=Unset, zne=ZneOptions(amplifier=Unset, noise_factors=Unset, extrapolator=Unset, extrapolated_noise_factors=Unset), pec_mitigation=Unset, pec=PecOptions(max_overhead=Unset, noise_gain=Unset), layer_noise_learning=LayerNoiseLearningOptions(max_layers_to_learn=Unset, shots_per_randomization=Unset, num_randomizations=Unset, layer_pair_depths=Unset), layer_noise_model=Unset), execution=ExecutionOptionsV2(init_qubits=Unset, rep_delay=Unset), twirling=TwirlingOptions(enable_gates=Unset, enable_measure=Unset, num_randomizations=Unset, shots_per_randomization=Unset, strategy=Unset), experimental=Unset)
[2025-08-21 15:58:08,099][INFO] Iteration 1: Energy = 0.00000000
[2025-08-21 15:58:08,138][INFO] Iteration 2: Energy = 0.00000000
[2025-08-21 15:58:08,169][INFO] Iteration 3: Energy = 0.00000000
[2025-08-21 15:58:08,205][INFO] Iteration 4: Energy = 0.00000000
[2025-08-21 15:58:08,231][INFO] Iteration 5: Energy = 0.00000000
[2025-08-21 15:58:08,270][INFO] Iteration 6: Energy = 0.00000000
[2025-08-21 15:58:08,308][INFO] Iteration 7: Energy = 0.00000000
[2025-08-21 15:58:08,343][INFO] Iteration 8: Energy = 0.00000000
[2025-08-21 15:58:08,370][INFO] Iteration 9: Energy = 0.00000000
[2025-08-21 15:58:08,407][INFO] Iteration 10: Energy = 0.00000000
[2025-08-21 15:58:08,449][INFO] Iteration 11: Energy = 0.00000000
[2025-08-21 15:58:08,482][INFO] Iteration 12: Energy = 0.00000000
[2025-08-21 15:58:08,506][INFO] Iteration 13: Energy = 0.00000000
[2025-08-21 15:58:08,535][INFO] Iteration 14: Energy = 0.00000000
[2025-08-21 15:58:08,572][INFO] Iteration 15: Energy = 0.00000000
[2025-08-21 15:58:08,602][INFO] Iteration 16: Energy = 0.00000000
[2025-08-21 15:58:08,629][INFO] Iteration 17: Energy = 0.00000000
[2025-08-21 15:58:08,666][INFO] Iteration 18: Energy = 0.00000000
[2025-08-21 15:58:08,705][INFO] Iteration 19: Energy = 0.00000000
[2025-08-21 15:58:08,730][INFO] Iteration 20: Energy = 0.00000000
[2025-08-21 15:58:08,760][INFO] Iteration 21: Energy = 0.00000000
[2025-08-21 15:58:08,799][INFO] Iteration 22: Energy = 0.00000000
[2025-08-21 15:58:08,836][INFO] Iteration 23: Energy = 0.00000000
[2025-08-21 15:58:08,862][INFO] Iteration 24: Energy = 0.00000000
[2025-08-21 15:58:08,891][INFO] Iteration 25: Energy = 0.00000000
[2025-08-21 15:58:08,892][INFO] Completed VQE run 13: Energy = 0.000000
[2025-08-21 16:02:20,448][INFO] Starting VQE run 13 (seed=4952727)
[2025-08-21 16:02:20,448][INFO] EstimatorOptions(_VERSION=2, max_execution_time=Unset, environment=EnvironmentOptions(log_level='WARNING', callback=None, job_tags=None, private=False), simulator=SimulatorOptions(noise_model=Unset, seed_simulator=Unset, coupling_map=Unset, basis_gates=Unset), default_precision=Unset, default_shots=None, resilience_level=2, seed_estimator=Unset, dynamical_decoupling=DynamicalDecouplingOptions(enable=Unset, sequence_type=Unset, extra_slack_distribution=Unset, scheduling_method=Unset, skip_reset_qubits=Unset), resilience=ResilienceOptionsV2(measure_mitigation=Unset, measure_noise_learning=MeasureNoiseLearningOptions(num_randomizations=Unset, shots_per_randomization=Unset), zne_mitigation=Unset, zne=ZneOptions(amplifier=Unset, noise_factors=Unset, extrapolator=Unset, extrapolated_noise_factors=Unset), pec_mitigation=Unset, pec=PecOptions(max_overhead=Unset, noise_gain=Unset), layer_noise_learning=LayerNoiseLearningOptions(max_layers_to_learn=Unset, shots_per_randomization=Unset, num_randomizations=Unset, layer_pair_depths=Unset), layer_noise_model=Unset), execution=ExecutionOptionsV2(init_qubits=Unset, rep_delay=Unset), twirling=TwirlingOptions(enable_gates=Unset, enable_measure=Unset, num_randomizations=Unset, shots_per_randomization=Unset, strategy=Unset), experimental=Unset)
[2025-08-21 16:02:24,503][INFO] Iteration 1: Energy = 0.75488281
[2025-08-21 16:02:28,688][INFO] Iteration 2: Energy = 0.31787109
[2025-08-21 16:02:32,788][INFO] Iteration 3: Energy = 0.31469727
[2025-08-21 16:02:37,166][INFO] Iteration 4: Energy = 0.01928711
[2025-08-21 16:02:41,338][INFO] Iteration 5: Energy = 0.00878906
[2025-08-21 16:02:45,362][INFO] Iteration 6: Energy = 0.00878906
[2025-08-21 16:02:49,544][INFO] Iteration 7: Energy = 0.00805664
[2025-08-21 16:02:53,539][INFO] Iteration 8: Energy = 0.00708008
[2025-08-21 16:02:57,996][INFO] Iteration 9: Energy = 0.00781250
[2025-08-21 16:03:02,089][INFO] Iteration 10: Energy = 0.00927734
[2025-08-21 16:03:06,178][INFO] Iteration 11: Energy = 0.00830078
[2025-08-21 16:03:10,165][INFO] Iteration 12: Energy = 0.00756836
[2025-08-21 16:03:14,259][INFO] Iteration 13: Energy = 0.00927734
[2025-08-21 16:03:18,447][INFO] Iteration 14: Energy = 0.00708008
[2025-08-21 16:03:22,410][INFO] Iteration 15: Energy = 0.01025391
[2025-08-21 16:03:26,596][INFO] Iteration 16: Energy = 0.00781250
[2025-08-21 16:03:30,673][INFO] Iteration 17: Energy = 0.00732422
[2025-08-21 16:03:35,007][INFO] Iteration 18: Energy = 0.00805664
[2025-08-21 16:03:39,188][INFO] Iteration 19: Energy = 0.00781250
[2025-08-21 16:03:43,188][INFO] Iteration 20: Energy = 0.00854492
[2025-08-21 16:03:47,600][INFO] Iteration 21: Energy = 0.00634766
[2025-08-21 16:03:51,868][INFO] Iteration 22: Energy = 0.01098633
[2025-08-21 16:03:55,945][INFO] Iteration 23: Energy = 0.00854492
[2025-08-21 16:04:00,226][INFO] Iteration 24: Energy = 0.01123047
[2025-08-21 16:04:04,431][INFO] Iteration 25: Energy = 0.00805664
[2025-08-21 16:04:08,514][INFO] Iteration 26: Energy = 0.00537109
[2025-08-21 16:04:12,538][INFO] Iteration 27: Energy = 0.00683594
[2025-08-21 16:04:16,814][INFO] Iteration 28: Energy = 0.00585938
[2025-08-21 16:04:20,831][INFO] Iteration 29: Energy = 0.00732422
[2025-08-21 16:04:24,744][INFO] Iteration 30: Energy = 0.00756836
[2025-08-21 16:04:28,837][INFO] Iteration 31: Energy = 0.00976562
[2025-08-21 16:04:33,019][INFO] Iteration 32: Energy = 0.00708008
[2025-08-21 16:04:37,352][INFO] Iteration 33: Energy = 0.00561523
[2025-08-21 16:04:41,593][INFO] Iteration 34: Energy = 0.00854492
[2025-08-21 16:04:45,872][INFO] Iteration 35: Energy = 0.00781250
[2025-08-21 16:04:49,937][INFO] Iteration 36: Energy = 0.00756836
[2025-08-21 16:04:49,938][INFO] Completed VQE run 13: Energy = 0.005859
