[2025-08-21 15:58:14,729][INFO] Starting VQE run 79 (seed=35846008)
[2025-08-21 15:58:14,729][INFO] EstimatorOptions(_VERSION=2, max_execution_time=Unset, environment=EnvironmentOptions(log_level='WARNING', callback=None, job_tags=None, private=False), simulator=SimulatorOptions(noise_model=Unset, seed_simulator=Unset, coupling_map=Unset, basis_gates=Unset), default_precision=Unset, default_shots=None, resilience_level=Unset, seed_estimator=Unset, dynamical_decoupling=DynamicalDecouplingOptions(enable=Unset, sequence_type=Unset, extra_slack_distribution=Unset, scheduling_method=Unset, skip_reset_qubits=Unset), resilience=ResilienceOptionsV2(measure_mitigation=Unset, measure_noise_learning=MeasureNoiseLearningOptions(num_randomizations=Unset, shots_per_randomization=Unset), zne_mitigation=Unset, zne=ZneOptions(amplifier=Unset, noise_factors=Unset, extrapolator=Unset, extrapolated_noise_factors=Unset), pec_mitigation=Unset, pec=PecOptions(max_overhead=Unset, noise_gain=Unset), layer_noise_learning=LayerNoiseLearningOptions(max_layers_to_learn=Unset, shots_per_randomization=Unset, num_randomizations=Unset, layer_pair_depths=Unset), layer_noise_model=Unset), execution=ExecutionOptionsV2(init_qubits=Unset, rep_delay=Unset), twirling=TwirlingOptions(enable_gates=Unset, enable_measure=Unset, num_randomizations=Unset, shots_per_randomization=Unset, strategy=Unset), experimental=Unset)
[2025-08-21 15:58:14,758][INFO] Iteration 1: Energy = 0.85595703
[2025-08-21 15:58:14,784][INFO] Iteration 2: Energy = 0.85913086
[2025-08-21 15:58:14,819][INFO] Iteration 3: Energy = 0.43115234
[2025-08-21 15:58:14,856][INFO] Iteration 4: Energy = 0.05859375
[2025-08-21 15:58:14,889][INFO] Iteration 5: Energy = 0.00000000
[2025-08-21 15:58:14,923][INFO] Iteration 6: Energy = 0.00000000
[2025-08-21 15:58:14,964][INFO] Iteration 7: Energy = 0.00000000
[2025-08-21 15:58:15,011][INFO] Iteration 8: Energy = 0.00000000
[2025-08-21 15:58:15,039][INFO] Iteration 9: Energy = 0.00000000
[2025-08-21 15:58:15,071][INFO] Iteration 10: Energy = 0.00000000
[2025-08-21 15:58:15,105][INFO] Iteration 11: Energy = 0.00000000
[2025-08-21 15:58:15,150][INFO] Iteration 12: Energy = 0.00000000
[2025-08-21 15:58:15,183][INFO] Iteration 13: Energy = 0.00000000
[2025-08-21 15:58:15,217][INFO] Iteration 14: Energy = 0.00000000
[2025-08-21 15:58:15,258][INFO] Iteration 15: Energy = 0.00000000
[2025-08-21 15:58:15,289][INFO] Iteration 16: Energy = 0.00000000
[2025-08-21 15:58:15,317][INFO] Iteration 17: Energy = 0.00000000
[2025-08-21 15:58:15,343][INFO] Iteration 18: Energy = 0.00000000
[2025-08-21 15:58:15,382][INFO] Iteration 19: Energy = 0.00000000
[2025-08-21 15:58:15,419][INFO] Iteration 20: Energy = 0.00000000
[2025-08-21 15:58:15,447][INFO] Iteration 21: Energy = 0.00000000
[2025-08-21 15:58:15,475][INFO] Iteration 22: Energy = 0.00000000
[2025-08-21 15:58:15,513][INFO] Iteration 23: Energy = 0.00000000
[2025-08-21 15:58:15,548][INFO] Iteration 24: Energy = 0.00000000
[2025-08-21 15:58:15,573][INFO] Iteration 25: Energy = 0.00000000
[2025-08-21 15:58:15,608][INFO] Iteration 26: Energy = 0.00000000
[2025-08-21 15:58:15,656][INFO] Iteration 27: Energy = 0.00000000
[2025-08-21 15:58:15,657][INFO] Completed VQE run 79: Energy = 0.000000
[2025-08-21 16:18:46,389][INFO] Starting VQE run 79 (seed=10412564)
[2025-08-21 16:18:46,389][INFO] EstimatorOptions(_VERSION=2, max_execution_time=Unset, environment=EnvironmentOptions(log_level='WARNING', callback=None, job_tags=None, private=False), simulator=SimulatorOptions(noise_model=Unset, seed_simulator=Unset, coupling_map=Unset, basis_gates=Unset), default_precision=Unset, default_shots=None, resilience_level=2, seed_estimator=Unset, dynamical_decoupling=DynamicalDecouplingOptions(enable=Unset, sequence_type=Unset, extra_slack_distribution=Unset, scheduling_method=Unset, skip_reset_qubits=Unset), resilience=ResilienceOptionsV2(measure_mitigation=Unset, measure_noise_learning=MeasureNoiseLearningOptions(num_randomizations=Unset, shots_per_randomization=Unset), zne_mitigation=Unset, zne=ZneOptions(amplifier=Unset, noise_factors=Unset, extrapolator=Unset, extrapolated_noise_factors=Unset), pec_mitigation=Unset, pec=PecOptions(max_overhead=Unset, noise_gain=Unset), layer_noise_learning=LayerNoiseLearningOptions(max_layers_to_learn=Unset, shots_per_randomization=Unset, num_randomizations=Unset, layer_pair_depths=Unset), layer_noise_model=Unset), execution=ExecutionOptionsV2(init_qubits=Unset, rep_delay=Unset), twirling=TwirlingOptions(enable_gates=Unset, enable_measure=Unset, num_randomizations=Unset, shots_per_randomization=Unset, strategy=Unset), experimental=Unset)
[2025-08-21 16:18:50,801][INFO] Iteration 1: Energy = 0.20727539
[2025-08-21 16:18:55,151][INFO] Iteration 2: Energy = 0.21630859
[2025-08-21 16:18:59,311][INFO] Iteration 3: Energy = 0.00781250
[2025-08-21 16:19:03,374][INFO] Iteration 4: Energy = 0.00756836
[2025-08-21 16:19:08,006][INFO] Iteration 5: Energy = 0.00585938
[2025-08-21 16:19:12,304][INFO] Iteration 6: Energy = 0.00878906
[2025-08-21 16:19:16,818][INFO] Iteration 7: Energy = 0.00488281
[2025-08-21 16:19:20,992][INFO] Iteration 8: Energy = 0.00708008
[2025-08-21 16:19:25,183][INFO] Iteration 9: Energy = 0.00683594
[2025-08-21 16:19:29,328][INFO] Iteration 10: Energy = 0.00878906
[2025-08-21 16:19:33,820][INFO] Iteration 11: Energy = 0.00610352
[2025-08-21 16:19:38,194][INFO] Iteration 12: Energy = 0.00878906
[2025-08-21 16:19:42,570][INFO] Iteration 13: Energy = 0.00683594
[2025-08-21 16:19:46,820][INFO] Iteration 14: Energy = 0.00756836
[2025-08-21 16:19:50,949][INFO] Iteration 15: Energy = 0.00781250
[2025-08-21 16:19:55,222][INFO] Iteration 16: Energy = 0.00708008
[2025-08-21 16:19:59,621][INFO] Iteration 17: Energy = 0.00585938
[2025-08-21 16:20:03,759][INFO] Iteration 18: Energy = 0.00976562
[2025-08-21 16:20:08,235][INFO] Iteration 19: Energy = 0.00708008
[2025-08-21 16:20:12,725][INFO] Iteration 20: Energy = 0.00830078
[2025-08-21 16:20:17,085][INFO] Iteration 21: Energy = 0.00585938
[2025-08-21 16:20:21,313][INFO] Iteration 22: Energy = 0.00830078
[2025-08-21 16:20:25,491][INFO] Iteration 23: Energy = 0.00952148
[2025-08-21 16:20:29,739][INFO] Iteration 24: Energy = 0.00756836
[2025-08-21 16:20:33,944][INFO] Iteration 25: Energy = 0.00585938
[2025-08-21 16:20:38,346][INFO] Iteration 26: Energy = 0.00732422
[2025-08-21 16:20:42,325][INFO] Iteration 27: Energy = 0.00903320
[2025-08-21 16:20:46,571][INFO] Iteration 28: Energy = 0.00805664
[2025-08-21 16:20:50,653][INFO] Iteration 29: Energy = 0.00781250
[2025-08-21 16:20:54,772][INFO] Iteration 30: Energy = 0.00561523
[2025-08-21 16:20:59,392][INFO] Iteration 31: Energy = 0.00708008
[2025-08-21 16:21:03,847][INFO] Iteration 32: Energy = 0.00732422
[2025-08-21 16:21:08,282][INFO] Iteration 33: Energy = 0.00903320
[2025-08-21 16:21:12,661][INFO] Iteration 34: Energy = 0.00781250
[2025-08-21 16:21:16,809][INFO] Iteration 35: Energy = 0.00854492
[2025-08-21 16:21:21,130][INFO] Iteration 36: Energy = 0.00683594
[2025-08-21 16:21:25,370][INFO] Iteration 37: Energy = 0.00732422
[2025-08-21 16:21:25,372][INFO] Completed VQE run 79: Energy = 0.005859
