[2025-08-21 15:58:13,784][INFO] Starting VQE run 78 (seed=35817848)
[2025-08-21 15:58:13,784][INFO] EstimatorOptions(_VERSION=2, max_execution_time=Unset, environment=EnvironmentOptions(log_level='WARNING', callback=None, job_tags=None, private=False), simulator=SimulatorOptions(noise_model=Unset, seed_simulator=Unset, coupling_map=Unset, basis_gates=Unset), default_precision=Unset, default_shots=None, resilience_level=Unset, seed_estimator=Unset, dynamical_decoupling=DynamicalDecouplingOptions(enable=Unset, sequence_type=Unset, extra_slack_distribution=Unset, scheduling_method=Unset, skip_reset_qubits=Unset), resilience=ResilienceOptionsV2(measure_mitigation=Unset, measure_noise_learning=MeasureNoiseLearningOptions(num_randomizations=Unset, shots_per_randomization=Unset), zne_mitigation=Unset, zne=ZneOptions(amplifier=Unset, noise_factors=Unset, extrapolator=Unset, extrapolated_noise_factors=Unset), pec_mitigation=Unset, pec=PecOptions(max_overhead=Unset, noise_gain=Unset), layer_noise_learning=LayerNoiseLearningOptions(max_layers_to_learn=Unset, shots_per_randomization=Unset, num_randomizations=Unset, layer_pair_depths=Unset), layer_noise_model=Unset), execution=ExecutionOptionsV2(init_qubits=Unset, rep_delay=Unset), twirling=TwirlingOptions(enable_gates=Unset, enable_measure=Unset, num_randomizations=Unset, shots_per_randomization=Unset, strategy=Unset), experimental=Unset)
[2025-08-21 15:58:13,813][INFO] Iteration 1: Energy = 0.82177734
[2025-08-21 15:58:13,845][INFO] Iteration 2: Energy = 0.81811523
[2025-08-21 15:58:13,876][INFO] Iteration 3: Energy = 0.37377930
[2025-08-21 15:58:13,910][INFO] Iteration 4: Energy = 0.02880859
[2025-08-21 15:58:13,947][INFO] Iteration 5: Energy = 0.00000000
[2025-08-21 15:58:13,978][INFO] Iteration 6: Energy = 0.00000000
[2025-08-21 15:58:14,018][INFO] Iteration 7: Energy = 0.00000000
[2025-08-21 15:58:14,049][INFO] Iteration 8: Energy = 0.00000000
[2025-08-21 15:58:14,085][INFO] Iteration 9: Energy = 0.00000000
[2025-08-21 15:58:14,126][INFO] Iteration 10: Energy = 0.00000000
[2025-08-21 15:58:14,159][INFO] Iteration 11: Energy = 0.00000000
[2025-08-21 15:58:14,192][INFO] Iteration 12: Energy = 0.00000000
[2025-08-21 15:58:14,226][INFO] Iteration 13: Energy = 0.00000000
[2025-08-21 15:58:14,263][INFO] Iteration 14: Energy = 0.00000000
[2025-08-21 15:58:14,300][INFO] Iteration 15: Energy = 0.00000000
[2025-08-21 15:58:14,331][INFO] Iteration 16: Energy = 0.00000000
[2025-08-21 15:58:14,359][INFO] Iteration 17: Energy = 0.00000000
[2025-08-21 15:58:14,397][INFO] Iteration 18: Energy = 0.00000000
[2025-08-21 15:58:14,441][INFO] Iteration 19: Energy = 0.00000000
[2025-08-21 15:58:14,470][INFO] Iteration 20: Energy = 0.00000000
[2025-08-21 15:58:14,498][INFO] Iteration 21: Energy = 0.00000000
[2025-08-21 15:58:14,538][INFO] Iteration 22: Energy = 0.00000000
[2025-08-21 15:58:14,575][INFO] Iteration 23: Energy = 0.00000000
[2025-08-21 15:58:14,605][INFO] Iteration 24: Energy = 0.00000000
[2025-08-21 15:58:14,643][INFO] Iteration 25: Energy = 0.00000000
[2025-08-21 15:58:14,683][INFO] Iteration 26: Energy = 0.00000000
[2025-08-21 15:58:14,717][INFO] Iteration 27: Energy = 0.00000000
[2025-08-21 15:58:14,718][INFO] Completed VQE run 78: Energy = 0.000000
[2025-08-21 15:58:59,686][INFO] Starting VQE run 78 (seed=99367201)
[2025-08-21 16:15:42,297][INFO] Starting VQE run 78 (seed=4206612)
[2025-08-21 16:15:42,297][INFO] EstimatorOptions(_VERSION=2, max_execution_time=Unset, environment=EnvironmentOptions(log_level='WARNING', callback=None, job_tags=None, private=False), simulator=SimulatorOptions(noise_model=Unset, seed_simulator=Unset, coupling_map=Unset, basis_gates=Unset), default_precision=Unset, default_shots=None, resilience_level=2, seed_estimator=Unset, dynamical_decoupling=DynamicalDecouplingOptions(enable=Unset, sequence_type=Unset, extra_slack_distribution=Unset, scheduling_method=Unset, skip_reset_qubits=Unset), resilience=ResilienceOptionsV2(measure_mitigation=Unset, measure_noise_learning=MeasureNoiseLearningOptions(num_randomizations=Unset, shots_per_randomization=Unset), zne_mitigation=Unset, zne=ZneOptions(amplifier=Unset, noise_factors=Unset, extrapolator=Unset, extrapolated_noise_factors=Unset), pec_mitigation=Unset, pec=PecOptions(max_overhead=Unset, noise_gain=Unset), layer_noise_learning=LayerNoiseLearningOptions(max_layers_to_learn=Unset, shots_per_randomization=Unset, num_randomizations=Unset, layer_pair_depths=Unset), layer_noise_model=Unset), execution=ExecutionOptionsV2(init_qubits=Unset, rep_delay=Unset), twirling=TwirlingOptions(enable_gates=Unset, enable_measure=Unset, num_randomizations=Unset, shots_per_randomization=Unset, strategy=Unset), experimental=Unset)
[2025-08-21 16:15:46,426][INFO] Iteration 1: Energy = 0.45092773
[2025-08-21 16:15:50,948][INFO] Iteration 2: Energy = 0.44433594
[2025-08-21 16:15:55,497][INFO] Iteration 3: Energy = 0.07299805
[2025-08-21 16:15:59,898][INFO] Iteration 4: Energy = 0.00976562
[2025-08-21 16:16:04,367][INFO] Iteration 5: Energy = 0.00732422
[2025-08-21 16:16:08,906][INFO] Iteration 6: Energy = 0.00732422
[2025-08-21 16:16:13,320][INFO] Iteration 7: Energy = 0.00659180
[2025-08-21 16:16:17,527][INFO] Iteration 8: Energy = 0.00878906
[2025-08-21 16:16:21,790][INFO] Iteration 9: Energy = 0.00927734
[2025-08-21 16:16:26,380][INFO] Iteration 10: Energy = 0.00732422
[2025-08-21 16:16:30,642][INFO] Iteration 11: Energy = 0.00805664
[2025-08-21 16:16:35,023][INFO] Iteration 12: Energy = 0.00878906
[2025-08-21 16:16:39,465][INFO] Iteration 13: Energy = 0.01147461
[2025-08-21 16:16:43,867][INFO] Iteration 14: Energy = 0.00805664
[2025-08-21 16:16:48,273][INFO] Iteration 15: Energy = 0.00683594
[2025-08-21 16:16:52,670][INFO] Iteration 16: Energy = 0.00732422
[2025-08-21 16:16:57,086][INFO] Iteration 17: Energy = 0.00683594
[2025-08-21 16:17:01,531][INFO] Iteration 18: Energy = 0.00756836
[2025-08-21 16:17:05,766][INFO] Iteration 19: Energy = 0.00708008
[2025-08-21 16:17:09,957][INFO] Iteration 20: Energy = 0.00927734
[2025-08-21 16:17:14,388][INFO] Iteration 21: Energy = 0.00756836
[2025-08-21 16:17:19,108][INFO] Iteration 22: Energy = 0.00708008
[2025-08-21 16:17:23,629][INFO] Iteration 23: Energy = 0.00952148
[2025-08-21 16:17:27,918][INFO] Iteration 24: Energy = 0.00634766
[2025-08-21 16:17:32,280][INFO] Iteration 25: Energy = 0.00805664
[2025-08-21 16:17:36,501][INFO] Iteration 26: Energy = 0.00659180
[2025-08-21 16:17:40,790][INFO] Iteration 27: Energy = 0.00708008
[2025-08-21 16:17:45,073][INFO] Iteration 28: Energy = 0.00952148
[2025-08-21 16:17:49,639][INFO] Iteration 29: Energy = 0.00708008
[2025-08-21 16:17:53,570][INFO] Iteration 30: Energy = 0.00805664
[2025-08-21 16:17:57,765][INFO] Iteration 31: Energy = 0.00878906
[2025-08-21 16:18:02,187][INFO] Iteration 32: Energy = 0.00878906
[2025-08-21 16:18:06,428][INFO] Iteration 33: Energy = 0.00854492
[2025-08-21 16:18:11,152][INFO] Iteration 34: Energy = 0.00634766
[2025-08-21 16:18:15,679][INFO] Iteration 35: Energy = 0.01025391
[2025-08-21 16:18:20,000][INFO] Iteration 36: Energy = 0.00610352
[2025-08-21 16:18:24,362][INFO] Iteration 37: Energy = 0.00732422
[2025-08-21 16:18:28,632][INFO] Iteration 38: Energy = 0.00878906
[2025-08-21 16:18:33,100][INFO] Iteration 39: Energy = 0.00805664
[2025-08-21 16:18:37,266][INFO] Iteration 40: Energy = 0.01098633
[2025-08-21 16:18:41,929][INFO] Iteration 41: Energy = 0.00781250
[2025-08-21 16:18:46,377][INFO] Iteration 42: Energy = 0.00903320
[2025-08-21 16:18:46,378][INFO] Completed VQE run 78: Energy = 0.006104
