[2025-08-21 15:58:14,961][INFO] Starting VQE run 85 (seed=34405629)
[2025-08-21 15:58:14,961][INFO] EstimatorOptions(_VERSION=2, max_execution_time=Unset, environment=EnvironmentOptions(log_level='WARNING', callback=None, job_tags=None, private=False), simulator=SimulatorOptions(noise_model=Unset, seed_simulator=Unset, coupling_map=Unset, basis_gates=Unset), default_precision=Unset, default_shots=None, resilience_level=Unset, seed_estimator=Unset, dynamical_decoupling=DynamicalDecouplingOptions(enable=Unset, sequence_type=Unset, extra_slack_distribution=Unset, scheduling_method=Unset, skip_reset_qubits=Unset), resilience=ResilienceOptionsV2(measure_mitigation=Unset, measure_noise_learning=MeasureNoiseLearningOptions(num_randomizations=Unset, shots_per_randomization=Unset), zne_mitigation=Unset, zne=ZneOptions(amplifier=Unset, noise_factors=Unset, extrapolator=Unset, extrapolated_noise_factors=Unset), pec_mitigation=Unset, pec=PecOptions(max_overhead=Unset, noise_gain=Unset), layer_noise_learning=LayerNoiseLearningOptions(max_layers_to_learn=Unset, shots_per_randomization=Unset, num_randomizations=Unset, layer_pair_depths=Unset), layer_noise_model=Unset), execution=ExecutionOptionsV2(init_qubits=Unset, rep_delay=Unset), twirling=TwirlingOptions(enable_gates=Unset, enable_measure=Unset, num_randomizations=Unset, shots_per_randomization=Unset, strategy=Unset), experimental=Unset)
[2025-08-21 15:58:14,995][INFO] Iteration 1: Energy = 0.30297852
[2025-08-21 15:58:15,025][INFO] Iteration 2: Energy = 0.01293945
[2025-08-21 15:58:15,060][INFO] Iteration 3: Energy = 0.01147461
[2025-08-21 15:58:15,097][INFO] Iteration 4: Energy = 0.00000000
[2025-08-21 15:58:15,140][INFO] Iteration 5: Energy = 0.00000000
[2025-08-21 15:58:15,185][INFO] Iteration 6: Energy = 0.00000000
[2025-08-21 15:58:15,213][INFO] Iteration 7: Energy = 0.00000000
[2025-08-21 15:58:15,244][INFO] Iteration 8: Energy = 0.00000000
[2025-08-21 15:58:15,286][INFO] Iteration 9: Energy = 0.00000000
[2025-08-21 15:58:15,330][INFO] Iteration 10: Energy = 0.00000000
[2025-08-21 15:58:15,362][INFO] Iteration 11: Energy = 0.00000000
[2025-08-21 15:58:15,396][INFO] Iteration 12: Energy = 0.00000000
[2025-08-21 15:58:15,436][INFO] Iteration 13: Energy = 0.00000000
[2025-08-21 15:58:15,475][INFO] Iteration 14: Energy = 0.00000000
[2025-08-21 15:58:15,507][INFO] Iteration 15: Energy = 0.00000000
[2025-08-21 15:58:15,539][INFO] Iteration 16: Energy = 0.00000000
[2025-08-21 15:58:15,584][INFO] Iteration 17: Energy = 0.00000000
[2025-08-21 15:58:15,621][INFO] Iteration 18: Energy = 0.00000000
[2025-08-21 15:58:15,656][INFO] Iteration 19: Energy = 0.00000000
[2025-08-21 15:58:15,681][INFO] Iteration 20: Energy = 0.00000000
[2025-08-21 15:58:15,721][INFO] Iteration 21: Energy = 0.00000000
[2025-08-21 15:58:15,752][INFO] Iteration 22: Energy = 0.00000000
[2025-08-21 15:58:15,783][INFO] Iteration 23: Energy = 0.00000000
[2025-08-21 15:58:15,808][INFO] Iteration 24: Energy = 0.00000000
[2025-08-21 15:58:15,837][INFO] Iteration 25: Energy = 0.00000000
[2025-08-21 15:58:15,874][INFO] Iteration 26: Energy = 0.00000000
[2025-08-21 15:58:15,903][INFO] Iteration 27: Energy = 0.00000000
[2025-08-21 15:58:15,938][INFO] Iteration 28: Energy = 0.00000000
[2025-08-21 15:58:15,972][INFO] Iteration 29: Energy = 0.00000000
[2025-08-21 15:58:16,008][INFO] Iteration 30: Energy = 0.00000000
[2025-08-21 15:58:16,031][INFO] Iteration 31: Energy = 0.00000000
[2025-08-21 15:58:16,032][INFO] Completed VQE run 85: Energy = 0.000000
[2025-08-21 16:18:49,678][INFO] Starting VQE run 85 (seed=37316763)
[2025-08-21 16:18:49,678][INFO] EstimatorOptions(_VERSION=2, max_execution_time=Unset, environment=EnvironmentOptions(log_level='WARNING', callback=None, job_tags=None, private=False), simulator=SimulatorOptions(noise_model=Unset, seed_simulator=Unset, coupling_map=Unset, basis_gates=Unset), default_precision=Unset, default_shots=None, resilience_level=2, seed_estimator=Unset, dynamical_decoupling=DynamicalDecouplingOptions(enable=Unset, sequence_type=Unset, extra_slack_distribution=Unset, scheduling_method=Unset, skip_reset_qubits=Unset), resilience=ResilienceOptionsV2(measure_mitigation=Unset, measure_noise_learning=MeasureNoiseLearningOptions(num_randomizations=Unset, shots_per_randomization=Unset), zne_mitigation=Unset, zne=ZneOptions(amplifier=Unset, noise_factors=Unset, extrapolator=Unset, extrapolated_noise_factors=Unset), pec_mitigation=Unset, pec=PecOptions(max_overhead=Unset, noise_gain=Unset), layer_noise_learning=LayerNoiseLearningOptions(max_layers_to_learn=Unset, shots_per_randomization=Unset, num_randomizations=Unset, layer_pair_depths=Unset), layer_noise_model=Unset), execution=ExecutionOptionsV2(init_qubits=Unset, rep_delay=Unset), twirling=TwirlingOptions(enable_gates=Unset, enable_measure=Unset, num_randomizations=Unset, shots_per_randomization=Unset, strategy=Unset), experimental=Unset)
[2025-08-21 16:18:54,191][INFO] Iteration 1: Energy = 0.75732422
[2025-08-21 16:18:58,922][INFO] Iteration 2: Energy = 0.33081055
[2025-08-21 16:19:03,602][INFO] Iteration 3: Energy = 0.33374023
[2025-08-21 16:19:08,032][INFO] Iteration 4: Energy = 0.02416992
[2025-08-21 16:19:12,551][INFO] Iteration 5: Energy = 0.00708008
[2025-08-21 16:19:17,050][INFO] Iteration 6: Energy = 0.01269531
[2025-08-21 16:19:21,649][INFO] Iteration 7: Energy = 0.00781250
[2025-08-21 16:19:26,072][INFO] Iteration 8: Energy = 0.00659180
[2025-08-21 16:19:30,464][INFO] Iteration 9: Energy = 0.00659180
[2025-08-21 16:19:34,828][INFO] Iteration 10: Energy = 0.00805664
[2025-08-21 16:19:39,269][INFO] Iteration 11: Energy = 0.00903320
[2025-08-21 16:19:43,859][INFO] Iteration 12: Energy = 0.00683594
[2025-08-21 16:19:48,446][INFO] Iteration 13: Energy = 0.00854492
[2025-08-21 16:19:52,977][INFO] Iteration 14: Energy = 0.00805664
[2025-08-21 16:19:57,314][INFO] Iteration 15: Energy = 0.00756836
[2025-08-21 16:20:01,677][INFO] Iteration 16: Energy = 0.00585938
[2025-08-21 16:20:06,083][INFO] Iteration 17: Energy = 0.00878906
[2025-08-21 16:20:10,389][INFO] Iteration 18: Energy = 0.00683594
[2025-08-21 16:20:15,187][INFO] Iteration 19: Energy = 0.00805664
[2025-08-21 16:20:19,429][INFO] Iteration 20: Energy = 0.00463867
[2025-08-21 16:20:23,949][INFO] Iteration 21: Energy = 0.00488281
[2025-08-21 16:20:28,252][INFO] Iteration 22: Energy = 0.00854492
[2025-08-21 16:20:32,533][INFO] Iteration 23: Energy = 0.00781250
[2025-08-21 16:20:37,198][INFO] Iteration 24: Energy = 0.00805664
[2025-08-21 16:20:41,653][INFO] Iteration 25: Energy = 0.00805664
[2025-08-21 16:20:46,156][INFO] Iteration 26: Energy = 0.00854492
[2025-08-21 16:20:50,474][INFO] Iteration 27: Energy = 0.00708008
[2025-08-21 16:20:54,835][INFO] Iteration 28: Energy = 0.00927734
[2025-08-21 16:20:59,199][INFO] Iteration 29: Energy = 0.00683594
[2025-08-21 16:21:03,473][INFO] Iteration 30: Energy = 0.00903320
[2025-08-21 16:21:08,034][INFO] Iteration 31: Energy = 0.00585938
[2025-08-21 16:21:12,285][INFO] Iteration 32: Energy = 0.00683594
[2025-08-21 16:21:16,690][INFO] Iteration 33: Energy = 0.00878906
[2025-08-21 16:21:21,261][INFO] Iteration 34: Energy = 0.00805664
[2025-08-21 16:21:25,712][INFO] Iteration 35: Energy = 0.00659180
[2025-08-21 16:21:30,305][INFO] Iteration 36: Energy = 0.00488281
[2025-08-21 16:21:34,891][INFO] Iteration 37: Energy = 0.01049805
[2025-08-21 16:21:39,609][INFO] Iteration 38: Energy = 0.00854492
[2025-08-21 16:21:44,167][INFO] Iteration 39: Energy = 0.00878906
[2025-08-21 16:21:48,673][INFO] Iteration 40: Energy = 0.00732422
[2025-08-21 16:21:53,225][INFO] Iteration 41: Energy = 0.00878906
[2025-08-21 16:21:57,704][INFO] Iteration 42: Energy = 0.01098633
[2025-08-21 16:22:02,661][INFO] Iteration 43: Energy = 0.00830078
[2025-08-21 16:22:02,662][INFO] Completed VQE run 85: Energy = 0.005127
