[2025-08-21 15:58:10,038][INFO] Starting VQE run 20 (seed=34365405)
[2025-08-21 15:58:10,038][INFO] EstimatorOptions(_VERSION=2, max_execution_time=Unset, environment=EnvironmentOptions(log_level='WARNING', callback=None, job_tags=None, private=False), simulator=SimulatorOptions(noise_model=Unset, seed_simulator=Unset, coupling_map=Unset, basis_gates=Unset), default_precision=Unset, default_shots=None, resilience_level=Unset, seed_estimator=Unset, dynamical_decoupling=DynamicalDecouplingOptions(enable=Unset, sequence_type=Unset, extra_slack_distribution=Unset, scheduling_method=Unset, skip_reset_qubits=Unset), resilience=ResilienceOptionsV2(measure_mitigation=Unset, measure_noise_learning=MeasureNoiseLearningOptions(num_randomizations=Unset, shots_per_randomization=Unset), zne_mitigation=Unset, zne=ZneOptions(amplifier=Unset, noise_factors=Unset, extrapolator=Unset, extrapolated_noise_factors=Unset), pec_mitigation=Unset, pec=PecOptions(max_overhead=Unset, noise_gain=Unset), layer_noise_learning=LayerNoiseLearningOptions(max_layers_to_learn=Unset, shots_per_randomization=Unset, num_randomizations=Unset, layer_pair_depths=Unset), layer_noise_model=Unset), execution=ExecutionOptionsV2(init_qubits=Unset, rep_delay=Unset), twirling=TwirlingOptions(enable_gates=Unset, enable_measure=Unset, num_randomizations=Unset, shots_per_randomization=Unset, strategy=Unset), experimental=Unset)
[2025-08-21 15:58:10,074][INFO] Iteration 1: Energy = 0.00000000
[2025-08-21 15:58:10,114][INFO] Iteration 2: Energy = 0.00000000
[2025-08-21 15:58:10,142][INFO] Iteration 3: Energy = 0.00000000
[2025-08-21 15:58:10,177][INFO] Iteration 4: Energy = 0.00000000
[2025-08-21 15:58:10,206][INFO] Iteration 5: Energy = 0.00000000
[2025-08-21 15:58:10,249][INFO] Iteration 6: Energy = 0.00000000
[2025-08-21 15:58:10,284][INFO] Iteration 7: Energy = 0.00000000
[2025-08-21 15:58:10,312][INFO] Iteration 8: Energy = 0.00000000
[2025-08-21 15:58:10,343][INFO] Iteration 9: Energy = 0.00000000
[2025-08-21 15:58:10,382][INFO] Iteration 10: Energy = 0.00000000
[2025-08-21 15:58:10,424][INFO] Iteration 11: Energy = 0.00000000
[2025-08-21 15:58:10,451][INFO] Iteration 12: Energy = 0.00000000
[2025-08-21 15:58:10,496][INFO] Iteration 13: Energy = 0.00000000
[2025-08-21 15:58:10,535][INFO] Iteration 14: Energy = 0.00000000
[2025-08-21 15:58:10,573][INFO] Iteration 15: Energy = 0.00000000
[2025-08-21 15:58:10,604][INFO] Iteration 16: Energy = 0.00000000
[2025-08-21 15:58:10,633][INFO] Iteration 17: Energy = 0.00000000
[2025-08-21 15:58:10,675][INFO] Iteration 18: Energy = 0.00000000
[2025-08-21 15:58:10,711][INFO] Iteration 19: Energy = 0.00000000
[2025-08-21 15:58:10,735][INFO] Iteration 20: Energy = 0.00000000
[2025-08-21 15:58:10,772][INFO] Iteration 21: Energy = 0.00000000
[2025-08-21 15:58:10,817][INFO] Iteration 22: Energy = 0.00000000
[2025-08-21 15:58:10,851][INFO] Iteration 23: Energy = 0.00000000
[2025-08-21 15:58:10,885][INFO] Iteration 24: Energy = 0.00000000
[2025-08-21 15:58:10,909][INFO] Iteration 25: Energy = 0.00000000
[2025-08-21 15:58:10,939][INFO] Iteration 26: Energy = 0.00000000
[2025-08-21 15:58:10,940][INFO] Completed VQE run 20: Energy = 0.000000
[2025-08-21 16:05:23,927][INFO] Starting VQE run 20 (seed=50408978)
[2025-08-21 16:05:23,927][INFO] EstimatorOptions(_VERSION=2, max_execution_time=Unset, environment=EnvironmentOptions(log_level='WARNING', callback=None, job_tags=None, private=False), simulator=SimulatorOptions(noise_model=Unset, seed_simulator=Unset, coupling_map=Unset, basis_gates=Unset), default_precision=Unset, default_shots=None, resilience_level=2, seed_estimator=Unset, dynamical_decoupling=DynamicalDecouplingOptions(enable=Unset, sequence_type=Unset, extra_slack_distribution=Unset, scheduling_method=Unset, skip_reset_qubits=Unset), resilience=ResilienceOptionsV2(measure_mitigation=Unset, measure_noise_learning=MeasureNoiseLearningOptions(num_randomizations=Unset, shots_per_randomization=Unset), zne_mitigation=Unset, zne=ZneOptions(amplifier=Unset, noise_factors=Unset, extrapolator=Unset, extrapolated_noise_factors=Unset), pec_mitigation=Unset, pec=PecOptions(max_overhead=Unset, noise_gain=Unset), layer_noise_learning=LayerNoiseLearningOptions(max_layers_to_learn=Unset, shots_per_randomization=Unset, num_randomizations=Unset, layer_pair_depths=Unset), layer_noise_model=Unset), execution=ExecutionOptionsV2(init_qubits=Unset, rep_delay=Unset), twirling=TwirlingOptions(enable_gates=Unset, enable_measure=Unset, num_randomizations=Unset, shots_per_randomization=Unset, strategy=Unset), experimental=Unset)
[2025-08-21 16:05:28,501][INFO] Iteration 1: Energy = 0.32812500
[2025-08-21 16:05:32,886][INFO] Iteration 2: Energy = 0.02856445
[2025-08-21 16:05:37,975][INFO] Iteration 3: Energy = 0.02612305
[2025-08-21 16:05:42,681][INFO] Iteration 4: Energy = 0.00830078
[2025-08-21 16:05:47,452][INFO] Iteration 5: Energy = 0.00683594
[2025-08-21 16:05:52,073][INFO] Iteration 6: Energy = 0.00830078
[2025-08-21 16:05:56,308][INFO] Iteration 7: Energy = 0.00805664
[2025-08-21 16:06:00,739][INFO] Iteration 8: Energy = 0.00732422
[2025-08-21 16:06:05,231][INFO] Iteration 9: Energy = 0.00610352
[2025-08-21 16:06:09,656][INFO] Iteration 10: Energy = 0.00756836
[2025-08-21 16:06:14,326][INFO] Iteration 11: Energy = 0.00830078
[2025-08-21 16:06:18,740][INFO] Iteration 12: Energy = 0.00830078
[2025-08-21 16:06:23,234][INFO] Iteration 13: Energy = 0.00756836
[2025-08-21 16:06:27,712][INFO] Iteration 14: Energy = 0.00756836
[2025-08-21 16:06:32,282][INFO] Iteration 15: Energy = 0.00683594
[2025-08-21 16:06:36,600][INFO] Iteration 16: Energy = 0.00756836
[2025-08-21 16:06:40,881][INFO] Iteration 17: Energy = 0.00805664
[2025-08-21 16:06:45,109][INFO] Iteration 18: Energy = 0.00708008
[2025-08-21 16:06:49,753][INFO] Iteration 19: Energy = 0.00781250
[2025-08-21 16:06:54,417][INFO] Iteration 20: Energy = 0.00952148
[2025-08-21 16:06:58,911][INFO] Iteration 21: Energy = 0.00781250
[2025-08-21 16:07:03,581][INFO] Iteration 22: Energy = 0.00854492
[2025-08-21 16:07:07,880][INFO] Iteration 23: Energy = 0.00830078
[2025-08-21 16:07:12,240][INFO] Iteration 24: Energy = 0.00610352
[2025-08-21 16:07:16,867][INFO] Iteration 25: Energy = 0.00610352
[2025-08-21 16:07:21,144][INFO] Iteration 26: Energy = 0.00585938
[2025-08-21 16:07:25,826][INFO] Iteration 27: Energy = 0.00830078
[2025-08-21 16:07:30,585][INFO] Iteration 28: Energy = 0.00708008
[2025-08-21 16:07:35,315][INFO] Iteration 29: Energy = 0.00659180
[2025-08-21 16:07:40,082][INFO] Iteration 30: Energy = 0.00805664
[2025-08-21 16:07:44,865][INFO] Iteration 31: Energy = 0.00708008
[2025-08-21 16:07:49,237][INFO] Iteration 32: Energy = 0.00659180
[2025-08-21 16:07:53,753][INFO] Iteration 33: Energy = 0.00878906
[2025-08-21 16:07:58,228][INFO] Iteration 34: Energy = 0.00659180
[2025-08-21 16:08:03,005][INFO] Iteration 35: Energy = 0.00878906
[2025-08-21 16:08:07,596][INFO] Iteration 36: Energy = 0.00805664
[2025-08-21 16:08:12,370][INFO] Iteration 37: Energy = 0.00634766
[2025-08-21 16:08:17,051][INFO] Iteration 38: Energy = 0.00610352
[2025-08-21 16:08:21,595][INFO] Iteration 39: Energy = 0.00805664
[2025-08-21 16:08:26,137][INFO] Iteration 40: Energy = 0.00561523
[2025-08-21 16:08:26,139][INFO] Completed VQE run 20: Energy = 0.005371
