[2025-08-21 15:58:09,092][INFO] Starting VQE run 25 (seed=22322991)
[2025-08-21 15:58:09,093][INFO] EstimatorOptions(_VERSION=2, max_execution_time=Unset, environment=EnvironmentOptions(log_level='WARNING', callback=None, job_tags=None, private=False), simulator=SimulatorOptions(noise_model=Unset, seed_simulator=Unset, coupling_map=Unset, basis_gates=Unset), default_precision=Unset, default_shots=None, resilience_level=Unset, seed_estimator=Unset, dynamical_decoupling=DynamicalDecouplingOptions(enable=Unset, sequence_type=Unset, extra_slack_distribution=Unset, scheduling_method=Unset, skip_reset_qubits=Unset), resilience=ResilienceOptionsV2(measure_mitigation=Unset, measure_noise_learning=MeasureNoiseLearningOptions(num_randomizations=Unset, shots_per_randomization=Unset), zne_mitigation=Unset, zne=ZneOptions(amplifier=Unset, noise_factors=Unset, extrapolator=Unset, extrapolated_noise_factors=Unset), pec_mitigation=Unset, pec=PecOptions(max_overhead=Unset, noise_gain=Unset), layer_noise_learning=LayerNoiseLearningOptions(max_layers_to_learn=Unset, shots_per_randomization=Unset, num_randomizations=Unset, layer_pair_depths=Unset), layer_noise_model=Unset), execution=ExecutionOptionsV2(init_qubits=Unset, rep_delay=Unset), twirling=TwirlingOptions(enable_gates=Unset, enable_measure=Unset, num_randomizations=Unset, shots_per_randomization=Unset, strategy=Unset), experimental=Unset)
[2025-08-21 15:58:09,132][INFO] Iteration 1: Energy = 0.91259766
[2025-08-21 15:58:09,177][INFO] Iteration 2: Energy = 0.91113281
[2025-08-21 15:58:09,209][INFO] Iteration 3: Energy = 0.52124023
[2025-08-21 15:58:09,240][INFO] Iteration 4: Energy = 0.10058594
[2025-08-21 15:58:09,275][INFO] Iteration 5: Energy = 0.00000000
[2025-08-21 15:58:09,312][INFO] Iteration 6: Energy = 0.00000000
[2025-08-21 15:58:09,344][INFO] Iteration 7: Energy = 0.00000000
[2025-08-21 15:58:09,377][INFO] Iteration 8: Energy = 0.00000000
[2025-08-21 15:58:09,415][INFO] Iteration 9: Energy = 0.00000000
[2025-08-21 15:58:09,454][INFO] Iteration 10: Energy = 0.00000000
[2025-08-21 15:58:09,483][INFO] Iteration 11: Energy = 0.00000000
[2025-08-21 15:58:09,508][INFO] Iteration 12: Energy = 0.00000000
[2025-08-21 15:58:09,544][INFO] Iteration 13: Energy = 0.00000000
[2025-08-21 15:58:09,582][INFO] Iteration 14: Energy = 0.00000000
[2025-08-21 15:58:09,612][INFO] Iteration 15: Energy = 0.00000000
[2025-08-21 15:58:09,647][INFO] Iteration 16: Energy = 0.00000000
[2025-08-21 15:58:09,684][INFO] Iteration 17: Energy = 0.00000000
[2025-08-21 15:58:09,717][INFO] Iteration 18: Energy = 0.00000000
[2025-08-21 15:58:09,749][INFO] Iteration 19: Energy = 0.00000000
[2025-08-21 15:58:09,790][INFO] Iteration 20: Energy = 0.00000000
[2025-08-21 15:58:09,841][INFO] Iteration 21: Energy = 0.00000000
[2025-08-21 15:58:09,894][INFO] Iteration 22: Energy = 0.00000000
[2025-08-21 15:58:09,927][INFO] Iteration 23: Energy = 0.00000000
[2025-08-21 15:58:09,956][INFO] Iteration 24: Energy = 0.00000000
[2025-08-21 15:58:09,993][INFO] Iteration 25: Energy = 0.00000000
[2025-08-21 15:58:10,046][INFO] Iteration 26: Energy = 0.00000000
[2025-08-21 15:58:10,079][INFO] Iteration 27: Energy = 0.00000000
[2025-08-21 15:58:10,080][INFO] Completed VQE run 25: Energy = 0.000000
[2025-08-21 16:02:22,796][INFO] Starting VQE run 25 (seed=15120784)
[2025-08-21 16:02:22,796][INFO] EstimatorOptions(_VERSION=2, max_execution_time=Unset, environment=EnvironmentOptions(log_level='WARNING', callback=None, job_tags=None, private=False), simulator=SimulatorOptions(noise_model=Unset, seed_simulator=Unset, coupling_map=Unset, basis_gates=Unset), default_precision=Unset, default_shots=None, resilience_level=2, seed_estimator=Unset, dynamical_decoupling=DynamicalDecouplingOptions(enable=Unset, sequence_type=Unset, extra_slack_distribution=Unset, scheduling_method=Unset, skip_reset_qubits=Unset), resilience=ResilienceOptionsV2(measure_mitigation=Unset, measure_noise_learning=MeasureNoiseLearningOptions(num_randomizations=Unset, shots_per_randomization=Unset), zne_mitigation=Unset, zne=ZneOptions(amplifier=Unset, noise_factors=Unset, extrapolator=Unset, extrapolated_noise_factors=Unset), pec_mitigation=Unset, pec=PecOptions(max_overhead=Unset, noise_gain=Unset), layer_noise_learning=LayerNoiseLearningOptions(max_layers_to_learn=Unset, shots_per_randomization=Unset, num_randomizations=Unset, layer_pair_depths=Unset), layer_noise_model=Unset), execution=ExecutionOptionsV2(init_qubits=Unset, rep_delay=Unset), twirling=TwirlingOptions(enable_gates=Unset, enable_measure=Unset, num_randomizations=Unset, shots_per_randomization=Unset, strategy=Unset), experimental=Unset)
[2025-08-21 16:02:26,720][INFO] Iteration 1: Energy = 0.77685547
[2025-08-21 16:02:31,038][INFO] Iteration 2: Energy = 0.78393555
[2025-08-21 16:02:35,331][INFO] Iteration 3: Energy = 0.33691406
[2025-08-21 16:02:39,546][INFO] Iteration 4: Energy = 0.02246094
[2025-08-21 16:02:43,717][INFO] Iteration 5: Energy = 0.00708008
[2025-08-21 16:02:47,828][INFO] Iteration 6: Energy = 0.01342773
[2025-08-21 16:02:51,872][INFO] Iteration 7: Energy = 0.01342773
[2025-08-21 16:02:55,817][INFO] Iteration 8: Energy = 0.00732422
[2025-08-21 16:02:59,885][INFO] Iteration 9: Energy = 0.01049805
[2025-08-21 16:03:04,234][INFO] Iteration 10: Energy = 0.00537109
[2025-08-21 16:03:08,464][INFO] Iteration 11: Energy = 0.00805664
[2025-08-21 16:03:12,512][INFO] Iteration 12: Energy = 0.00952148
[2025-08-21 16:03:16,618][INFO] Iteration 13: Energy = 0.00537109
[2025-08-21 16:03:20,579][INFO] Iteration 14: Energy = 0.00585938
[2025-08-21 16:03:24,831][INFO] Iteration 15: Energy = 0.00903320
[2025-08-21 16:03:28,771][INFO] Iteration 16: Energy = 0.00708008
[2025-08-21 16:03:32,837][INFO] Iteration 17: Energy = 0.01049805
[2025-08-21 16:03:37,152][INFO] Iteration 18: Energy = 0.00976562
[2025-08-21 16:03:41,414][INFO] Iteration 19: Energy = 0.00732422
[2025-08-21 16:03:45,628][INFO] Iteration 20: Energy = 0.00683594
[2025-08-21 16:03:49,602][INFO] Iteration 21: Energy = 0.01269531
[2025-08-21 16:03:53,694][INFO] Iteration 22: Energy = 0.00781250
[2025-08-21 16:03:57,825][INFO] Iteration 23: Energy = 0.00756836
[2025-08-21 16:04:01,797][INFO] Iteration 24: Energy = 0.00610352
[2025-08-21 16:04:06,006][INFO] Iteration 25: Energy = 0.00878906
[2025-08-21 16:04:10,051][INFO] Iteration 26: Energy = 0.00732422
[2025-08-21 16:04:14,037][INFO] Iteration 27: Energy = 0.00756836
[2025-08-21 16:04:17,992][INFO] Iteration 28: Energy = 0.01025391
[2025-08-21 16:04:22,001][INFO] Iteration 29: Energy = 0.00781250
[2025-08-21 16:04:26,173][INFO] Iteration 30: Energy = 0.00732422
[2025-08-21 16:04:30,193][INFO] Iteration 31: Energy = 0.00952148
[2025-08-21 16:04:34,320][INFO] Iteration 32: Energy = 0.00732422
[2025-08-21 16:04:38,520][INFO] Iteration 33: Energy = 0.00781250
[2025-08-21 16:04:42,573][INFO] Iteration 34: Energy = 0.00561523
[2025-08-21 16:04:46,629][INFO] Iteration 35: Energy = 0.00903320
[2025-08-21 16:04:50,639][INFO] Iteration 36: Energy = 0.01074219
[2025-08-21 16:04:54,992][INFO] Iteration 37: Energy = 0.00854492
[2025-08-21 16:04:59,068][INFO] Iteration 38: Energy = 0.01074219
[2025-08-21 16:04:59,070][INFO] Completed VQE run 25: Energy = 0.006348
