[2025-08-21 15:58:13,151][INFO] Starting VQE run 62 (seed=76876047)
[2025-08-21 15:58:13,151][INFO] EstimatorOptions(_VERSION=2, max_execution_time=Unset, environment=EnvironmentOptions(log_level='WARNING', callback=None, job_tags=None, private=False), simulator=SimulatorOptions(noise_model=Unset, seed_simulator=Unset, coupling_map=Unset, basis_gates=Unset), default_precision=Unset, default_shots=None, resilience_level=Unset, seed_estimator=Unset, dynamical_decoupling=DynamicalDecouplingOptions(enable=Unset, sequence_type=Unset, extra_slack_distribution=Unset, scheduling_method=Unset, skip_reset_qubits=Unset), resilience=ResilienceOptionsV2(measure_mitigation=Unset, measure_noise_learning=MeasureNoiseLearningOptions(num_randomizations=Unset, shots_per_randomization=Unset), zne_mitigation=Unset, zne=ZneOptions(amplifier=Unset, noise_factors=Unset, extrapolator=Unset, extrapolated_noise_factors=Unset), pec_mitigation=Unset, pec=PecOptions(max_overhead=Unset, noise_gain=Unset), layer_noise_learning=LayerNoiseLearningOptions(max_layers_to_learn=Unset, shots_per_randomization=Unset, num_randomizations=Unset, layer_pair_depths=Unset), layer_noise_model=Unset), execution=ExecutionOptionsV2(init_qubits=Unset, rep_delay=Unset), twirling=TwirlingOptions(enable_gates=Unset, enable_measure=Unset, num_randomizations=Unset, shots_per_randomization=Unset, strategy=Unset), experimental=Unset)
[2025-08-21 15:58:13,175][INFO] Iteration 1: Energy = 0.19409180
[2025-08-21 15:58:13,205][INFO] Iteration 2: Energy = 0.00000000
[2025-08-21 15:58:13,239][INFO] Iteration 3: Energy = 0.00000000
[2025-08-21 15:58:13,278][INFO] Iteration 4: Energy = 0.00000000
[2025-08-21 15:58:13,303][INFO] Iteration 5: Energy = 0.00000000
[2025-08-21 15:58:13,328][INFO] Iteration 6: Energy = 0.00000000
[2025-08-21 15:58:13,368][INFO] Iteration 7: Energy = 0.00000000
[2025-08-21 15:58:13,408][INFO] Iteration 8: Energy = 0.00000000
[2025-08-21 15:58:13,457][INFO] Iteration 9: Energy = 0.00000000
[2025-08-21 15:58:13,490][INFO] Iteration 10: Energy = 0.00000000
[2025-08-21 15:58:13,544][INFO] Iteration 11: Energy = 0.00000000
[2025-08-21 15:58:13,576][INFO] Iteration 12: Energy = 0.00000000
[2025-08-21 15:58:13,606][INFO] Iteration 13: Energy = 0.00000000
[2025-08-21 15:58:13,640][INFO] Iteration 14: Energy = 0.00000000
[2025-08-21 15:58:13,684][INFO] Iteration 15: Energy = 0.00000000
[2025-08-21 15:58:13,723][INFO] Iteration 16: Energy = 0.00000000
[2025-08-21 15:58:13,753][INFO] Iteration 17: Energy = 0.00000000
[2025-08-21 15:58:13,779][INFO] Iteration 18: Energy = 0.00000000
[2025-08-21 15:58:13,811][INFO] Iteration 19: Energy = 0.00000000
[2025-08-21 15:58:13,858][INFO] Iteration 20: Energy = 0.00000000
[2025-08-21 15:58:13,889][INFO] Iteration 21: Energy = 0.00000000
[2025-08-21 15:58:13,920][INFO] Iteration 22: Energy = 0.00000000
[2025-08-21 15:58:13,954][INFO] Iteration 23: Energy = 0.00000000
[2025-08-21 15:58:13,987][INFO] Iteration 24: Energy = 0.00000000
[2025-08-21 15:58:14,011][INFO] Iteration 25: Energy = 0.00000000
[2025-08-21 15:58:14,048][INFO] Iteration 26: Energy = 0.00000000
[2025-08-21 15:58:14,049][INFO] Completed VQE run 62: Energy = 0.000000
[2025-08-21 16:19:37,084][INFO] Starting VQE run 62 (seed=26780475)
[2025-08-21 16:19:37,084][INFO] EstimatorOptions(_VERSION=2, max_execution_time=Unset, environment=EnvironmentOptions(log_level='WARNING', callback=None, job_tags=None, private=False), simulator=SimulatorOptions(noise_model=Unset, seed_simulator=Unset, coupling_map=Unset, basis_gates=Unset), default_precision=Unset, default_shots=None, resilience_level=2, seed_estimator=Unset, dynamical_decoupling=DynamicalDecouplingOptions(enable=Unset, sequence_type=Unset, extra_slack_distribution=Unset, scheduling_method=Unset, skip_reset_qubits=Unset), resilience=ResilienceOptionsV2(measure_mitigation=Unset, measure_noise_learning=MeasureNoiseLearningOptions(num_randomizations=Unset, shots_per_randomization=Unset), zne_mitigation=Unset, zne=ZneOptions(amplifier=Unset, noise_factors=Unset, extrapolator=Unset, extrapolated_noise_factors=Unset), pec_mitigation=Unset, pec=PecOptions(max_overhead=Unset, noise_gain=Unset), layer_noise_learning=LayerNoiseLearningOptions(max_layers_to_learn=Unset, shots_per_randomization=Unset, num_randomizations=Unset, layer_pair_depths=Unset), layer_noise_model=Unset), execution=ExecutionOptionsV2(init_qubits=Unset, rep_delay=Unset), twirling=TwirlingOptions(enable_gates=Unset, enable_measure=Unset, num_randomizations=Unset, shots_per_randomization=Unset, strategy=Unset), experimental=Unset)
[2025-08-21 16:19:41,493][INFO] Iteration 1: Energy = 0.82055664
[2025-08-21 16:19:45,703][INFO] Iteration 2: Energy = 0.81567383
[2025-08-21 16:19:50,175][INFO] Iteration 3: Energy = 0.40307617
[2025-08-21 16:19:54,397][INFO] Iteration 4: Energy = 0.05664062
[2025-08-21 16:19:58,677][INFO] Iteration 5: Energy = 0.00805664
[2025-08-21 16:20:02,941][INFO] Iteration 6: Energy = 0.00830078
[2025-08-21 16:20:07,370][INFO] Iteration 7: Energy = 0.00756836
[2025-08-21 16:20:11,992][INFO] Iteration 8: Energy = 0.00952148
[2025-08-21 16:20:16,390][INFO] Iteration 9: Energy = 0.00952148
[2025-08-21 16:20:20,754][INFO] Iteration 10: Energy = 0.00634766
[2025-08-21 16:20:25,074][INFO] Iteration 11: Energy = 0.00732422
[2025-08-21 16:20:29,371][INFO] Iteration 12: Energy = 0.00732422
[2025-08-21 16:20:33,714][INFO] Iteration 13: Energy = 0.00830078
[2025-08-21 16:20:37,989][INFO] Iteration 14: Energy = 0.00830078
[2025-08-21 16:20:42,657][INFO] Iteration 15: Energy = 0.01025391
[2025-08-21 16:20:47,309][INFO] Iteration 16: Energy = 0.01000977
[2025-08-21 16:20:51,610][INFO] Iteration 17: Energy = 0.00903320
[2025-08-21 16:20:55,941][INFO] Iteration 18: Energy = 0.00830078
[2025-08-21 16:21:00,281][INFO] Iteration 19: Energy = 0.01098633
[2025-08-21 16:21:04,528][INFO] Iteration 20: Energy = 0.00878906
[2025-08-21 16:21:08,866][INFO] Iteration 21: Energy = 0.00732422
[2025-08-21 16:21:13,379][INFO] Iteration 22: Energy = 0.00976562
[2025-08-21 16:21:17,938][INFO] Iteration 23: Energy = 0.00927734
[2025-08-21 16:21:22,318][INFO] Iteration 24: Energy = 0.01074219
[2025-08-21 16:21:26,659][INFO] Iteration 25: Energy = 0.00756836
[2025-08-21 16:21:30,909][INFO] Iteration 26: Energy = 0.00830078
[2025-08-21 16:21:35,422][INFO] Iteration 27: Energy = 0.00805664
[2025-08-21 16:21:39,890][INFO] Iteration 28: Energy = 0.00683594
[2025-08-21 16:21:44,511][INFO] Iteration 29: Energy = 0.00830078
[2025-08-21 16:21:48,692][INFO] Iteration 30: Energy = 0.00683594
[2025-08-21 16:21:53,028][INFO] Iteration 31: Energy = 0.00830078
[2025-08-21 16:21:57,344][INFO] Iteration 32: Energy = 0.00781250
[2025-08-21 16:22:01,661][INFO] Iteration 33: Energy = 0.01000977
[2025-08-21 16:22:06,308][INFO] Iteration 34: Energy = 0.00634766
[2025-08-21 16:22:10,934][INFO] Iteration 35: Energy = 0.00463867
[2025-08-21 16:22:15,389][INFO] Iteration 36: Energy = 0.00830078
[2025-08-21 16:22:19,840][INFO] Iteration 37: Energy = 0.00781250
[2025-08-21 16:22:24,229][INFO] Iteration 38: Energy = 0.00903320
[2025-08-21 16:22:28,650][INFO] Iteration 39: Energy = 0.01123047
[2025-08-21 16:22:33,021][INFO] Iteration 40: Energy = 0.00683594
[2025-08-21 16:22:33,023][INFO] Completed VQE run 62: Energy = 0.005615
