[2025-08-21 15:58:11,895][INFO] Starting VQE run 49 (seed=34375461)
[2025-08-21 15:58:11,895][INFO] EstimatorOptions(_VERSION=2, max_execution_time=Unset, environment=EnvironmentOptions(log_level='WARNING', callback=None, job_tags=None, private=False), simulator=SimulatorOptions(noise_model=Unset, seed_simulator=Unset, coupling_map=Unset, basis_gates=Unset), default_precision=Unset, default_shots=None, resilience_level=Unset, seed_estimator=Unset, dynamical_decoupling=DynamicalDecouplingOptions(enable=Unset, sequence_type=Unset, extra_slack_distribution=Unset, scheduling_method=Unset, skip_reset_qubits=Unset), resilience=ResilienceOptionsV2(measure_mitigation=Unset, measure_noise_learning=MeasureNoiseLearningOptions(num_randomizations=Unset, shots_per_randomization=Unset), zne_mitigation=Unset, zne=ZneOptions(amplifier=Unset, noise_factors=Unset, extrapolator=Unset, extrapolated_noise_factors=Unset), pec_mitigation=Unset, pec=PecOptions(max_overhead=Unset, noise_gain=Unset), layer_noise_learning=LayerNoiseLearningOptions(max_layers_to_learn=Unset, shots_per_randomization=Unset, num_randomizations=Unset, layer_pair_depths=Unset), layer_noise_model=Unset), execution=ExecutionOptionsV2(init_qubits=Unset, rep_delay=Unset), twirling=TwirlingOptions(enable_gates=Unset, enable_measure=Unset, num_randomizations=Unset, shots_per_randomization=Unset, strategy=Unset), experimental=Unset)
[2025-08-21 15:58:11,935][INFO] Iteration 1: Energy = 0.86279297
[2025-08-21 15:58:11,972][INFO] Iteration 2: Energy = 0.86499023
[2025-08-21 15:58:12,003][INFO] Iteration 3: Energy = 0.42358398
[2025-08-21 15:58:12,039][INFO] Iteration 4: Energy = 0.06176758
[2025-08-21 15:58:12,073][INFO] Iteration 5: Energy = 0.00000000
[2025-08-21 15:58:12,114][INFO] Iteration 6: Energy = 0.00000000
[2025-08-21 15:58:12,142][INFO] Iteration 7: Energy = 0.00000000
[2025-08-21 15:58:12,171][INFO] Iteration 8: Energy = 0.00000000
[2025-08-21 15:58:12,209][INFO] Iteration 9: Energy = 0.00000000
[2025-08-21 15:58:12,256][INFO] Iteration 10: Energy = 0.00000000
[2025-08-21 15:58:12,290][INFO] Iteration 11: Energy = 0.00000000
[2025-08-21 15:58:12,321][INFO] Iteration 12: Energy = 0.00000000
[2025-08-21 15:58:12,354][INFO] Iteration 13: Energy = 0.00000000
[2025-08-21 15:58:12,383][INFO] Iteration 14: Energy = 0.00000000
[2025-08-21 15:58:12,415][INFO] Iteration 15: Energy = 0.00000000
[2025-08-21 15:58:12,442][INFO] Iteration 16: Energy = 0.00000000
[2025-08-21 15:58:12,486][INFO] Iteration 17: Energy = 0.00000000
[2025-08-21 15:58:12,528][INFO] Iteration 18: Energy = 0.00000000
[2025-08-21 15:58:12,554][INFO] Iteration 19: Energy = 0.00000000
[2025-08-21 15:58:12,584][INFO] Iteration 20: Energy = 0.00000000
[2025-08-21 15:58:12,622][INFO] Iteration 21: Energy = 0.00000000
[2025-08-21 15:58:12,656][INFO] Iteration 22: Energy = 0.00000000
[2025-08-21 15:58:12,685][INFO] Iteration 23: Energy = 0.00000000
[2025-08-21 15:58:12,719][INFO] Iteration 24: Energy = 0.00000000
[2025-08-21 15:58:12,757][INFO] Iteration 25: Energy = 0.00000000
[2025-08-21 15:58:12,793][INFO] Iteration 26: Energy = 0.00000000
[2025-08-21 15:58:12,818][INFO] Iteration 27: Energy = 0.00000000
[2025-08-21 15:58:12,851][INFO] Iteration 28: Energy = 0.00000000
[2025-08-21 15:58:12,895][INFO] Iteration 29: Energy = 0.00000000
[2025-08-21 15:58:12,934][INFO] Iteration 30: Energy = 0.00000000
[2025-08-21 15:58:12,969][INFO] Iteration 31: Energy = 0.00000000
[2025-08-21 15:58:13,000][INFO] Iteration 32: Energy = 0.00000000
[2025-08-21 15:58:13,001][INFO] Completed VQE run 49: Energy = 0.000000
[2025-08-21 16:10:36,793][INFO] Starting VQE run 49 (seed=21183831)
[2025-08-21 16:10:36,794][INFO] EstimatorOptions(_VERSION=2, max_execution_time=Unset, environment=EnvironmentOptions(log_level='WARNING', callback=None, job_tags=None, private=False), simulator=SimulatorOptions(noise_model=Unset, seed_simulator=Unset, coupling_map=Unset, basis_gates=Unset), default_precision=Unset, default_shots=None, resilience_level=2, seed_estimator=Unset, dynamical_decoupling=DynamicalDecouplingOptions(enable=Unset, sequence_type=Unset, extra_slack_distribution=Unset, scheduling_method=Unset, skip_reset_qubits=Unset), resilience=ResilienceOptionsV2(measure_mitigation=Unset, measure_noise_learning=MeasureNoiseLearningOptions(num_randomizations=Unset, shots_per_randomization=Unset), zne_mitigation=Unset, zne=ZneOptions(amplifier=Unset, noise_factors=Unset, extrapolator=Unset, extrapolated_noise_factors=Unset), pec_mitigation=Unset, pec=PecOptions(max_overhead=Unset, noise_gain=Unset), layer_noise_learning=LayerNoiseLearningOptions(max_layers_to_learn=Unset, shots_per_randomization=Unset, num_randomizations=Unset, layer_pair_depths=Unset), layer_noise_model=Unset), execution=ExecutionOptionsV2(init_qubits=Unset, rep_delay=Unset), twirling=TwirlingOptions(enable_gates=Unset, enable_measure=Unset, num_randomizations=Unset, shots_per_randomization=Unset, strategy=Unset), experimental=Unset)
[2025-08-21 16:10:41,286][INFO] Iteration 1: Energy = 0.65380859
[2025-08-21 16:10:45,568][INFO] Iteration 2: Energy = 0.21826172
[2025-08-21 16:10:50,213][INFO] Iteration 3: Energy = 0.22143555
[2025-08-21 16:10:54,751][INFO] Iteration 4: Energy = 0.00976562
[2025-08-21 16:10:59,371][INFO] Iteration 5: Energy = 0.00903320
[2025-08-21 16:11:03,725][INFO] Iteration 6: Energy = 0.01123047
[2025-08-21 16:11:08,285][INFO] Iteration 7: Energy = 0.01171875
[2025-08-21 16:11:12,626][INFO] Iteration 8: Energy = 0.00805664
[2025-08-21 16:11:16,907][INFO] Iteration 9: Energy = 0.00878906
[2025-08-21 16:11:21,453][INFO] Iteration 10: Energy = 0.00659180
[2025-08-21 16:11:25,699][INFO] Iteration 11: Energy = 0.01220703
[2025-08-21 16:11:30,171][INFO] Iteration 12: Energy = 0.00634766
[2025-08-21 16:11:34,693][INFO] Iteration 13: Energy = 0.00854492
[2025-08-21 16:11:39,024][INFO] Iteration 14: Energy = 0.00903320
[2025-08-21 16:11:43,735][INFO] Iteration 15: Energy = 0.00927734
[2025-08-21 16:11:48,187][INFO] Iteration 16: Energy = 0.00683594
[2025-08-21 16:11:52,592][INFO] Iteration 17: Energy = 0.00805664
[2025-08-21 16:11:56,896][INFO] Iteration 18: Energy = 0.00927734
[2025-08-21 16:12:01,242][INFO] Iteration 19: Energy = 0.00561523
[2025-08-21 16:12:05,632][INFO] Iteration 20: Energy = 0.01074219
[2025-08-21 16:12:09,989][INFO] Iteration 21: Energy = 0.00903320
[2025-08-21 16:12:14,645][INFO] Iteration 22: Energy = 0.00781250
[2025-08-21 16:12:18,884][INFO] Iteration 23: Energy = 0.00708008
[2025-08-21 16:12:23,349][INFO] Iteration 24: Energy = 0.01049805
[2025-08-21 16:12:27,713][INFO] Iteration 25: Energy = 0.00854492
[2025-08-21 16:12:31,949][INFO] Iteration 26: Energy = 0.00756836
[2025-08-21 16:12:36,560][INFO] Iteration 27: Energy = 0.00927734
[2025-08-21 16:12:41,063][INFO] Iteration 28: Energy = 0.00830078
[2025-08-21 16:12:45,557][INFO] Iteration 29: Energy = 0.00854492
[2025-08-21 16:12:50,142][INFO] Iteration 30: Energy = 0.01025391
[2025-08-21 16:12:54,421][INFO] Iteration 31: Energy = 0.00683594
[2025-08-21 16:12:58,728][INFO] Iteration 32: Energy = 0.00854492
[2025-08-21 16:13:03,138][INFO] Iteration 33: Energy = 0.00708008
[2025-08-21 16:13:07,741][INFO] Iteration 34: Energy = 0.01000977
[2025-08-21 16:13:11,877][INFO] Iteration 35: Energy = 0.00805664
[2025-08-21 16:13:16,293][INFO] Iteration 36: Energy = 0.00976562
[2025-08-21 16:13:20,725][INFO] Iteration 37: Energy = 0.00708008
[2025-08-21 16:13:24,991][INFO] Iteration 38: Energy = 0.00659180
[2025-08-21 16:13:24,992][INFO] Completed VQE run 49: Energy = 0.006104
