[2025-08-21 15:58:12,740][INFO] Starting VQE run 67 (seed=46661175)
[2025-08-21 15:58:12,740][INFO] EstimatorOptions(_VERSION=2, max_execution_time=Unset, environment=EnvironmentOptions(log_level='WARNING', callback=None, job_tags=None, private=False), simulator=SimulatorOptions(noise_model=Unset, seed_simulator=Unset, coupling_map=Unset, basis_gates=Unset), default_precision=Unset, default_shots=None, resilience_level=Unset, seed_estimator=Unset, dynamical_decoupling=DynamicalDecouplingOptions(enable=Unset, sequence_type=Unset, extra_slack_distribution=Unset, scheduling_method=Unset, skip_reset_qubits=Unset), resilience=ResilienceOptionsV2(measure_mitigation=Unset, measure_noise_learning=MeasureNoiseLearningOptions(num_randomizations=Unset, shots_per_randomization=Unset), zne_mitigation=Unset, zne=ZneOptions(amplifier=Unset, noise_factors=Unset, extrapolator=Unset, extrapolated_noise_factors=Unset), pec_mitigation=Unset, pec=PecOptions(max_overhead=Unset, noise_gain=Unset), layer_noise_learning=LayerNoiseLearningOptions(max_layers_to_learn=Unset, shots_per_randomization=Unset, num_randomizations=Unset, layer_pair_depths=Unset), layer_noise_model=Unset), execution=ExecutionOptionsV2(init_qubits=Unset, rep_delay=Unset), twirling=TwirlingOptions(enable_gates=Unset, enable_measure=Unset, num_randomizations=Unset, shots_per_randomization=Unset, strategy=Unset), experimental=Unset)
[2025-08-21 15:58:12,782][INFO] Iteration 1: Energy = 0.34179688
[2025-08-21 15:58:12,810][INFO] Iteration 2: Energy = 0.34960938
[2025-08-21 15:58:12,860][INFO] Iteration 3: Energy = 0.03173828
[2025-08-21 15:58:12,903][INFO] Iteration 4: Energy = 0.00000000
[2025-08-21 15:58:12,946][INFO] Iteration 5: Energy = 0.00000000
[2025-08-21 15:58:12,975][INFO] Iteration 6: Energy = 0.00000000
[2025-08-21 15:58:13,016][INFO] Iteration 7: Energy = 0.00000000
[2025-08-21 15:58:13,049][INFO] Iteration 8: Energy = 0.00000000
[2025-08-21 15:58:13,091][INFO] Iteration 9: Energy = 0.00000000
[2025-08-21 15:58:13,139][INFO] Iteration 10: Energy = 0.00000000
[2025-08-21 15:58:13,166][INFO] Iteration 11: Energy = 0.00000000
[2025-08-21 15:58:13,200][INFO] Iteration 12: Energy = 0.00000000
[2025-08-21 15:58:13,238][INFO] Iteration 13: Energy = 0.00000000
[2025-08-21 15:58:13,269][INFO] Iteration 14: Energy = 0.00000000
[2025-08-21 15:58:13,293][INFO] Iteration 15: Energy = 0.00000000
[2025-08-21 15:58:13,328][INFO] Iteration 16: Energy = 0.00000000
[2025-08-21 15:58:13,358][INFO] Iteration 17: Energy = 0.00000000
[2025-08-21 15:58:13,388][INFO] Iteration 18: Energy = 0.00000000
[2025-08-21 15:58:13,420][INFO] Iteration 19: Energy = 0.00000000
[2025-08-21 15:58:13,477][INFO] Iteration 20: Energy = 0.00000000
[2025-08-21 15:58:13,517][INFO] Iteration 21: Energy = 0.00000000
[2025-08-21 15:58:13,552][INFO] Iteration 22: Energy = 0.00000000
[2025-08-21 15:58:13,575][INFO] Iteration 23: Energy = 0.00000000
[2025-08-21 15:58:13,612][INFO] Iteration 24: Energy = 0.00000000
[2025-08-21 15:58:13,643][INFO] Iteration 25: Energy = 0.00000000
[2025-08-21 15:58:13,669][INFO] Iteration 26: Energy = 0.00000000
[2025-08-21 15:58:13,694][INFO] Iteration 27: Energy = 0.00000000
[2025-08-21 15:58:13,732][INFO] Iteration 28: Energy = 0.00000000
[2025-08-21 15:58:13,771][INFO] Iteration 29: Energy = 0.00000000
[2025-08-21 15:58:13,772][INFO] Completed VQE run 67: Energy = 0.000000
[2025-08-21 16:17:30,856][INFO] Starting VQE run 67 (seed=88483458)
[2025-08-21 16:17:30,856][INFO] EstimatorOptions(_VERSION=2, max_execution_time=Unset, environment=EnvironmentOptions(log_level='WARNING', callback=None, job_tags=None, private=False), simulator=SimulatorOptions(noise_model=Unset, seed_simulator=Unset, coupling_map=Unset, basis_gates=Unset), default_precision=Unset, default_shots=None, resilience_level=2, seed_estimator=Unset, dynamical_decoupling=DynamicalDecouplingOptions(enable=Unset, sequence_type=Unset, extra_slack_distribution=Unset, scheduling_method=Unset, skip_reset_qubits=Unset), resilience=ResilienceOptionsV2(measure_mitigation=Unset, measure_noise_learning=MeasureNoiseLearningOptions(num_randomizations=Unset, shots_per_randomization=Unset), zne_mitigation=Unset, zne=ZneOptions(amplifier=Unset, noise_factors=Unset, extrapolator=Unset, extrapolated_noise_factors=Unset), pec_mitigation=Unset, pec=PecOptions(max_overhead=Unset, noise_gain=Unset), layer_noise_learning=LayerNoiseLearningOptions(max_layers_to_learn=Unset, shots_per_randomization=Unset, num_randomizations=Unset, layer_pair_depths=Unset), layer_noise_model=Unset), execution=ExecutionOptionsV2(init_qubits=Unset, rep_delay=Unset), twirling=TwirlingOptions(enable_gates=Unset, enable_measure=Unset, num_randomizations=Unset, shots_per_randomization=Unset, strategy=Unset), experimental=Unset)
[2025-08-21 16:17:35,026][INFO] Iteration 1: Energy = 0.00830078
[2025-08-21 16:17:39,345][INFO] Iteration 2: Energy = 0.00805664
[2025-08-21 16:17:43,670][INFO] Iteration 3: Energy = 0.00610352
[2025-08-21 16:17:47,973][INFO] Iteration 4: Energy = 0.01098633
[2025-08-21 16:17:52,611][INFO] Iteration 5: Energy = 0.00756836
[2025-08-21 16:17:57,142][INFO] Iteration 6: Energy = 0.01000977
[2025-08-21 16:18:01,639][INFO] Iteration 7: Energy = 0.00903320
[2025-08-21 16:18:06,210][INFO] Iteration 8: Energy = 0.00927734
[2025-08-21 16:18:10,598][INFO] Iteration 9: Energy = 0.00756836
[2025-08-21 16:18:14,948][INFO] Iteration 10: Energy = 0.00683594
[2025-08-21 16:18:19,157][INFO] Iteration 11: Energy = 0.00952148
[2025-08-21 16:18:23,661][INFO] Iteration 12: Energy = 0.00854492
[2025-08-21 16:18:27,786][INFO] Iteration 13: Energy = 0.00708008
[2025-08-21 16:18:32,209][INFO] Iteration 14: Energy = 0.00708008
[2025-08-21 16:18:36,472][INFO] Iteration 15: Energy = 0.00878906
[2025-08-21 16:18:40,817][INFO] Iteration 16: Energy = 0.00463867
[2025-08-21 16:18:45,465][INFO] Iteration 17: Energy = 0.00952148
[2025-08-21 16:18:50,126][INFO] Iteration 18: Energy = 0.00732422
[2025-08-21 16:18:54,728][INFO] Iteration 19: Energy = 0.01025391
[2025-08-21 16:18:59,122][INFO] Iteration 20: Energy = 0.00952148
[2025-08-21 16:19:03,686][INFO] Iteration 21: Energy = 0.00805664
[2025-08-21 16:19:08,158][INFO] Iteration 22: Energy = 0.00683594
[2025-08-21 16:19:12,682][INFO] Iteration 23: Energy = 0.01025391
[2025-08-21 16:19:17,316][INFO] Iteration 24: Energy = 0.00903320
[2025-08-21 16:19:21,490][INFO] Iteration 25: Energy = 0.00927734
[2025-08-21 16:19:25,928][INFO] Iteration 26: Energy = 0.00634766
[2025-08-21 16:19:30,281][INFO] Iteration 27: Energy = 0.01074219
[2025-08-21 16:19:34,594][INFO] Iteration 28: Energy = 0.00927734
[2025-08-21 16:19:39,298][INFO] Iteration 29: Energy = 0.00878906
[2025-08-21 16:19:43,843][INFO] Iteration 30: Energy = 0.00805664
[2025-08-21 16:19:48,194][INFO] Iteration 31: Energy = 0.00878906
[2025-08-21 16:19:52,543][INFO] Iteration 32: Energy = 0.00805664
[2025-08-21 16:19:57,011][INFO] Iteration 33: Energy = 0.00878906
[2025-08-21 16:20:01,448][INFO] Iteration 34: Energy = 0.00976562
[2025-08-21 16:20:05,765][INFO] Iteration 35: Energy = 0.00683594
[2025-08-21 16:20:10,499][INFO] Iteration 36: Energy = 0.00830078
[2025-08-21 16:20:10,500][INFO] Completed VQE run 67: Energy = 0.005371
