[2025-08-21 15:58:14,462][INFO] Starting VQE run 71 (seed=91604384)
[2025-08-21 15:58:14,462][INFO] EstimatorOptions(_VERSION=2, max_execution_time=Unset, environment=EnvironmentOptions(log_level='WARNING', callback=None, job_tags=None, private=False), simulator=SimulatorOptions(noise_model=Unset, seed_simulator=Unset, coupling_map=Unset, basis_gates=Unset), default_precision=Unset, default_shots=None, resilience_level=Unset, seed_estimator=Unset, dynamical_decoupling=DynamicalDecouplingOptions(enable=Unset, sequence_type=Unset, extra_slack_distribution=Unset, scheduling_method=Unset, skip_reset_qubits=Unset), resilience=ResilienceOptionsV2(measure_mitigation=Unset, measure_noise_learning=MeasureNoiseLearningOptions(num_randomizations=Unset, shots_per_randomization=Unset), zne_mitigation=Unset, zne=ZneOptions(amplifier=Unset, noise_factors=Unset, extrapolator=Unset, extrapolated_noise_factors=Unset), pec_mitigation=Unset, pec=PecOptions(max_overhead=Unset, noise_gain=Unset), layer_noise_learning=LayerNoiseLearningOptions(max_layers_to_learn=Unset, shots_per_randomization=Unset, num_randomizations=Unset, layer_pair_depths=Unset), layer_noise_model=Unset), execution=ExecutionOptionsV2(init_qubits=Unset, rep_delay=Unset), twirling=TwirlingOptions(enable_gates=Unset, enable_measure=Unset, num_randomizations=Unset, shots_per_randomization=Unset, strategy=Unset), experimental=Unset)
[2025-08-21 15:58:14,493][INFO] Iteration 1: Energy = 0.62646484
[2025-08-21 15:58:14,524][INFO] Iteration 2: Energy = 0.17529297
[2025-08-21 15:58:14,555][INFO] Iteration 3: Energy = 0.18774414
[2025-08-21 15:58:14,586][INFO] Iteration 4: Energy = 0.00000000
[2025-08-21 15:58:14,618][INFO] Iteration 5: Energy = 0.00000000
[2025-08-21 15:58:14,660][INFO] Iteration 6: Energy = 0.00000000
[2025-08-21 15:58:14,698][INFO] Iteration 7: Energy = 0.00000000
[2025-08-21 15:58:14,725][INFO] Iteration 8: Energy = 0.00000000
[2025-08-21 15:58:14,765][INFO] Iteration 9: Energy = 0.00000000
[2025-08-21 15:58:14,805][INFO] Iteration 10: Energy = 0.00000000
[2025-08-21 15:58:14,830][INFO] Iteration 11: Energy = 0.00000000
[2025-08-21 15:58:14,865][INFO] Iteration 12: Energy = 0.00000000
[2025-08-21 15:58:14,905][INFO] Iteration 13: Energy = 0.00000000
[2025-08-21 15:58:14,933][INFO] Iteration 14: Energy = 0.00000000
[2025-08-21 15:58:14,966][INFO] Iteration 15: Energy = 0.00000000
[2025-08-21 15:58:15,006][INFO] Iteration 16: Energy = 0.00000000
[2025-08-21 15:58:15,044][INFO] Iteration 17: Energy = 0.00000000
[2025-08-21 15:58:15,077][INFO] Iteration 18: Energy = 0.00000000
[2025-08-21 15:58:15,108][INFO] Iteration 19: Energy = 0.00000000
[2025-08-21 15:58:15,157][INFO] Iteration 20: Energy = 0.00000000
[2025-08-21 15:58:15,195][INFO] Iteration 21: Energy = 0.00000000
[2025-08-21 15:58:15,223][INFO] Iteration 22: Energy = 0.00000000
[2025-08-21 15:58:15,256][INFO] Iteration 23: Energy = 0.00000000
[2025-08-21 15:58:15,292][INFO] Iteration 24: Energy = 0.00000000
[2025-08-21 15:58:15,329][INFO] Iteration 25: Energy = 0.00000000
[2025-08-21 15:58:15,358][INFO] Iteration 26: Energy = 0.00000000
[2025-08-21 15:58:15,359][INFO] Completed VQE run 71: Energy = 0.000000
[2025-08-21 16:20:10,552][INFO] Starting VQE run 71 (seed=43076752)
[2025-08-21 16:20:10,552][INFO] EstimatorOptions(_VERSION=2, max_execution_time=Unset, environment=EnvironmentOptions(log_level='WARNING', callback=None, job_tags=None, private=False), simulator=SimulatorOptions(noise_model=Unset, seed_simulator=Unset, coupling_map=Unset, basis_gates=Unset), default_precision=Unset, default_shots=None, resilience_level=2, seed_estimator=Unset, dynamical_decoupling=DynamicalDecouplingOptions(enable=Unset, sequence_type=Unset, extra_slack_distribution=Unset, scheduling_method=Unset, skip_reset_qubits=Unset), resilience=ResilienceOptionsV2(measure_mitigation=Unset, measure_noise_learning=MeasureNoiseLearningOptions(num_randomizations=Unset, shots_per_randomization=Unset), zne_mitigation=Unset, zne=ZneOptions(amplifier=Unset, noise_factors=Unset, extrapolator=Unset, extrapolated_noise_factors=Unset), pec_mitigation=Unset, pec=PecOptions(max_overhead=Unset, noise_gain=Unset), layer_noise_learning=LayerNoiseLearningOptions(max_layers_to_learn=Unset, shots_per_randomization=Unset, num_randomizations=Unset, layer_pair_depths=Unset), layer_noise_model=Unset), execution=ExecutionOptionsV2(init_qubits=Unset, rep_delay=Unset), twirling=TwirlingOptions(enable_gates=Unset, enable_measure=Unset, num_randomizations=Unset, shots_per_randomization=Unset, strategy=Unset), experimental=Unset)
[2025-08-21 16:20:14,726][INFO] Iteration 1: Energy = 0.00512695
[2025-08-21 16:20:18,998][INFO] Iteration 2: Energy = 0.00756836
[2025-08-21 16:20:23,512][INFO] Iteration 3: Energy = 0.00830078
[2025-08-21 16:20:27,920][INFO] Iteration 4: Energy = 0.00756836
[2025-08-21 16:20:32,183][INFO] Iteration 5: Energy = 0.00805664
[2025-08-21 16:20:36,668][INFO] Iteration 6: Energy = 0.00805664
[2025-08-21 16:20:40,998][INFO] Iteration 7: Energy = 0.00732422
[2025-08-21 16:20:45,347][INFO] Iteration 8: Energy = 0.00903320
[2025-08-21 16:20:49,627][INFO] Iteration 9: Energy = 0.00854492
[2025-08-21 16:20:53,768][INFO] Iteration 10: Energy = 0.00708008
[2025-08-21 16:20:58,290][INFO] Iteration 11: Energy = 0.00854492
[2025-08-21 16:21:02,754][INFO] Iteration 12: Energy = 0.01000977
[2025-08-21 16:21:07,218][INFO] Iteration 13: Energy = 0.00805664
[2025-08-21 16:21:11,487][INFO] Iteration 14: Energy = 0.00952148
[2025-08-21 16:21:15,662][INFO] Iteration 15: Energy = 0.00683594
[2025-08-21 16:21:19,868][INFO] Iteration 16: Energy = 0.00708008
[2025-08-21 16:21:24,221][INFO] Iteration 17: Energy = 0.00781250
[2025-08-21 16:21:28,617][INFO] Iteration 18: Energy = 0.00805664
[2025-08-21 16:21:32,723][INFO] Iteration 19: Energy = 0.00878906
[2025-08-21 16:21:37,054][INFO] Iteration 20: Energy = 0.00878906
[2025-08-21 16:21:41,391][INFO] Iteration 21: Energy = 0.01123047
[2025-08-21 16:21:45,436][INFO] Iteration 22: Energy = 0.01049805
[2025-08-21 16:21:50,232][INFO] Iteration 23: Energy = 0.00903320
[2025-08-21 16:21:54,761][INFO] Iteration 24: Energy = 0.00805664
[2025-08-21 16:21:59,219][INFO] Iteration 25: Energy = 0.00805664
[2025-08-21 16:22:03,685][INFO] Iteration 26: Energy = 0.00537109
[2025-08-21 16:22:07,979][INFO] Iteration 27: Energy = 0.01049805
[2025-08-21 16:22:12,289][INFO] Iteration 28: Energy = 0.00781250
[2025-08-21 16:22:16,582][INFO] Iteration 29: Energy = 0.00854492
[2025-08-21 16:22:20,919][INFO] Iteration 30: Energy = 0.00634766
[2025-08-21 16:22:25,187][INFO] Iteration 31: Energy = 0.00415039
[2025-08-21 16:22:29,546][INFO] Iteration 32: Energy = 0.00878906
[2025-08-21 16:22:33,727][INFO] Iteration 33: Energy = 0.00903320
[2025-08-21 16:22:37,907][INFO] Iteration 34: Energy = 0.01000977
[2025-08-21 16:22:37,909][INFO] Completed VQE run 71: Energy = 0.005127
