[2025-08-21 15:58:10,172][INFO] Starting VQE run 29 (seed=18146029)
[2025-08-21 15:58:10,173][INFO] EstimatorOptions(_VERSION=2, max_execution_time=Unset, environment=EnvironmentOptions(log_level='WARNING', callback=None, job_tags=None, private=False), simulator=SimulatorOptions(noise_model=Unset, seed_simulator=Unset, coupling_map=Unset, basis_gates=Unset), default_precision=Unset, default_shots=None, resilience_level=Unset, seed_estimator=Unset, dynamical_decoupling=DynamicalDecouplingOptions(enable=Unset, sequence_type=Unset, extra_slack_distribution=Unset, scheduling_method=Unset, skip_reset_qubits=Unset), resilience=ResilienceOptionsV2(measure_mitigation=Unset, measure_noise_learning=MeasureNoiseLearningOptions(num_randomizations=Unset, shots_per_randomization=Unset), zne_mitigation=Unset, zne=ZneOptions(amplifier=Unset, noise_factors=Unset, extrapolator=Unset, extrapolated_noise_factors=Unset), pec_mitigation=Unset, pec=PecOptions(max_overhead=Unset, noise_gain=Unset), layer_noise_learning=LayerNoiseLearningOptions(max_layers_to_learn=Unset, shots_per_randomization=Unset, num_randomizations=Unset, layer_pair_depths=Unset), layer_noise_model=Unset), execution=ExecutionOptionsV2(init_qubits=Unset, rep_delay=Unset), twirling=TwirlingOptions(enable_gates=Unset, enable_measure=Unset, num_randomizations=Unset, shots_per_randomization=Unset, strategy=Unset), experimental=Unset)
[2025-08-21 15:58:10,207][INFO] Iteration 1: Energy = 0.31982422
[2025-08-21 15:58:10,242][INFO] Iteration 2: Energy = 0.33642578
[2025-08-21 15:58:10,279][INFO] Iteration 3: Energy = 0.01806641
[2025-08-21 15:58:10,320][INFO] Iteration 4: Energy = 0.00000000
[2025-08-21 15:58:10,345][INFO] Iteration 5: Energy = 0.00000000
[2025-08-21 15:58:10,376][INFO] Iteration 6: Energy = 0.00000000
[2025-08-21 15:58:10,425][INFO] Iteration 7: Energy = 0.00000000
[2025-08-21 15:58:10,452][INFO] Iteration 8: Energy = 0.00000000
[2025-08-21 15:58:10,489][INFO] Iteration 9: Energy = 0.00000000
[2025-08-21 15:58:10,528][INFO] Iteration 10: Energy = 0.00000000
[2025-08-21 15:58:10,565][INFO] Iteration 11: Energy = 0.00000000
[2025-08-21 15:58:10,595][INFO] Iteration 12: Energy = 0.00000000
[2025-08-21 15:58:10,627][INFO] Iteration 13: Energy = 0.00000000
[2025-08-21 15:58:10,673][INFO] Iteration 14: Energy = 0.00000000
[2025-08-21 15:58:10,708][INFO] Iteration 15: Energy = 0.00000000
[2025-08-21 15:58:10,733][INFO] Iteration 16: Energy = 0.00000000
[2025-08-21 15:58:10,767][INFO] Iteration 17: Energy = 0.00000000
[2025-08-21 15:58:10,808][INFO] Iteration 18: Energy = 0.00000000
[2025-08-21 15:58:10,847][INFO] Iteration 19: Energy = 0.00000000
[2025-08-21 15:58:10,881][INFO] Iteration 20: Energy = 0.00000000
[2025-08-21 15:58:10,921][INFO] Iteration 21: Energy = 0.00000000
[2025-08-21 15:58:10,960][INFO] Iteration 22: Energy = 0.00000000
[2025-08-21 15:58:11,000][INFO] Iteration 23: Energy = 0.00000000
[2025-08-21 15:58:11,033][INFO] Iteration 24: Energy = 0.00000000
[2025-08-21 15:58:11,076][INFO] Iteration 25: Energy = 0.00000000
[2025-08-21 15:58:11,117][INFO] Iteration 26: Energy = 0.00000000
[2025-08-21 15:58:11,149][INFO] Iteration 27: Energy = 0.00000000
[2025-08-21 15:58:11,182][INFO] Iteration 28: Energy = 0.00000000
[2025-08-21 15:58:11,183][INFO] Completed VQE run 29: Energy = 0.000000
[2025-08-21 16:04:41,767][INFO] Starting VQE run 29 (seed=105369193)
[2025-08-21 16:04:41,768][INFO] EstimatorOptions(_VERSION=2, max_execution_time=Unset, environment=EnvironmentOptions(log_level='WARNING', callback=None, job_tags=None, private=False), simulator=SimulatorOptions(noise_model=Unset, seed_simulator=Unset, coupling_map=Unset, basis_gates=Unset), default_precision=Unset, default_shots=None, resilience_level=2, seed_estimator=Unset, dynamical_decoupling=DynamicalDecouplingOptions(enable=Unset, sequence_type=Unset, extra_slack_distribution=Unset, scheduling_method=Unset, skip_reset_qubits=Unset), resilience=ResilienceOptionsV2(measure_mitigation=Unset, measure_noise_learning=MeasureNoiseLearningOptions(num_randomizations=Unset, shots_per_randomization=Unset), zne_mitigation=Unset, zne=ZneOptions(amplifier=Unset, noise_factors=Unset, extrapolator=Unset, extrapolated_noise_factors=Unset), pec_mitigation=Unset, pec=PecOptions(max_overhead=Unset, noise_gain=Unset), layer_noise_learning=LayerNoiseLearningOptions(max_layers_to_learn=Unset, shots_per_randomization=Unset, num_randomizations=Unset, layer_pair_depths=Unset), layer_noise_model=Unset), execution=ExecutionOptionsV2(init_qubits=Unset, rep_delay=Unset), twirling=TwirlingOptions(enable_gates=Unset, enable_measure=Unset, num_randomizations=Unset, shots_per_randomization=Unset, strategy=Unset), experimental=Unset)
[2025-08-21 16:04:45,826][INFO] Iteration 1: Energy = 0.30078125
[2025-08-21 16:04:49,894][INFO] Iteration 2: Energy = 0.01953125
[2025-08-21 16:04:54,214][INFO] Iteration 3: Energy = 0.01757812
[2025-08-21 16:04:58,334][INFO] Iteration 4: Energy = 0.00830078
[2025-08-21 16:05:02,569][INFO] Iteration 5: Energy = 0.00805664
[2025-08-21 16:05:06,589][INFO] Iteration 6: Energy = 0.01098633
[2025-08-21 16:05:10,669][INFO] Iteration 7: Energy = 0.00927734
[2025-08-21 16:05:14,853][INFO] Iteration 8: Energy = 0.00878906
[2025-08-21 16:05:19,369][INFO] Iteration 9: Energy = 0.00756836
[2025-08-21 16:05:23,696][INFO] Iteration 10: Energy = 0.00756836
[2025-08-21 16:05:28,111][INFO] Iteration 11: Energy = 0.01025391
[2025-08-21 16:05:32,708][INFO] Iteration 12: Energy = 0.00830078
[2025-08-21 16:05:36,950][INFO] Iteration 13: Energy = 0.00854492
[2025-08-21 16:05:41,127][INFO] Iteration 14: Energy = 0.00903320
[2025-08-21 16:05:45,323][INFO] Iteration 15: Energy = 0.00903320
[2025-08-21 16:05:49,507][INFO] Iteration 16: Energy = 0.01147461
[2025-08-21 16:05:53,917][INFO] Iteration 17: Energy = 0.00854492
[2025-08-21 16:05:58,405][INFO] Iteration 18: Energy = 0.00952148
[2025-08-21 16:06:02,640][INFO] Iteration 19: Energy = 0.00781250
[2025-08-21 16:06:07,026][INFO] Iteration 20: Energy = 0.00805664
[2025-08-21 16:06:11,307][INFO] Iteration 21: Energy = 0.00976562
[2025-08-21 16:06:15,694][INFO] Iteration 22: Energy = 0.00732422
[2025-08-21 16:06:20,025][INFO] Iteration 23: Energy = 0.00708008
[2025-08-21 16:06:24,619][INFO] Iteration 24: Energy = 0.00683594
[2025-08-21 16:06:29,016][INFO] Iteration 25: Energy = 0.01000977
[2025-08-21 16:06:33,362][INFO] Iteration 26: Energy = 0.00805664
[2025-08-21 16:06:37,559][INFO] Iteration 27: Energy = 0.00781250
[2025-08-21 16:06:41,773][INFO] Iteration 28: Energy = 0.00781250
[2025-08-21 16:06:45,869][INFO] Iteration 29: Energy = 0.01123047
[2025-08-21 16:06:50,546][INFO] Iteration 30: Energy = 0.01074219
[2025-08-21 16:06:55,099][INFO] Iteration 31: Energy = 0.00952148
[2025-08-21 16:06:59,850][INFO] Iteration 32: Energy = 0.00854492
[2025-08-21 16:07:04,162][INFO] Iteration 33: Energy = 0.00854492
[2025-08-21 16:07:08,384][INFO] Iteration 34: Energy = 0.00830078
[2025-08-21 16:07:12,926][INFO] Iteration 35: Energy = 0.00756836
[2025-08-21 16:07:17,149][INFO] Iteration 36: Energy = 0.01098633
[2025-08-21 16:07:21,657][INFO] Iteration 37: Energy = 0.00805664
[2025-08-21 16:07:25,667][INFO] Iteration 38: Energy = 0.00903320
[2025-08-21 16:07:29,798][INFO] Iteration 39: Energy = 0.00878906
[2025-08-21 16:07:34,226][INFO] Iteration 40: Energy = 0.00854492
[2025-08-21 16:07:38,360][INFO] Iteration 41: Energy = 0.00634766
[2025-08-21 16:07:43,027][INFO] Iteration 42: Energy = 0.00903320
[2025-08-21 16:07:47,591][INFO] Iteration 43: Energy = 0.00756836
[2025-08-21 16:07:47,592][INFO] Completed VQE run 29: Energy = 0.006836
