[2025-08-21 15:58:11,932][INFO] Starting VQE run 46 (seed=35761528)
[2025-08-21 15:58:11,932][INFO] EstimatorOptions(_VERSION=2, max_execution_time=Unset, environment=EnvironmentOptions(log_level='WARNING', callback=None, job_tags=None, private=False), simulator=SimulatorOptions(noise_model=Unset, seed_simulator=Unset, coupling_map=Unset, basis_gates=Unset), default_precision=Unset, default_shots=None, resilience_level=Unset, seed_estimator=Unset, dynamical_decoupling=DynamicalDecouplingOptions(enable=Unset, sequence_type=Unset, extra_slack_distribution=Unset, scheduling_method=Unset, skip_reset_qubits=Unset), resilience=ResilienceOptionsV2(measure_mitigation=Unset, measure_noise_learning=MeasureNoiseLearningOptions(num_randomizations=Unset, shots_per_randomization=Unset), zne_mitigation=Unset, zne=ZneOptions(amplifier=Unset, noise_factors=Unset, extrapolator=Unset, extrapolated_noise_factors=Unset), pec_mitigation=Unset, pec=PecOptions(max_overhead=Unset, noise_gain=Unset), layer_noise_learning=LayerNoiseLearningOptions(max_layers_to_learn=Unset, shots_per_randomization=Unset, num_randomizations=Unset, layer_pair_depths=Unset), layer_noise_model=Unset), execution=ExecutionOptionsV2(init_qubits=Unset, rep_delay=Unset), twirling=TwirlingOptions(enable_gates=Unset, enable_measure=Unset, num_randomizations=Unset, shots_per_randomization=Unset, strategy=Unset), experimental=Unset)
[2025-08-21 15:58:11,966][INFO] Iteration 1: Energy = 0.21533203
[2025-08-21 15:58:12,003][INFO] Iteration 2: Energy = 0.00000000
[2025-08-21 15:58:12,028][INFO] Iteration 3: Energy = 0.00000000
[2025-08-21 15:58:12,059][INFO] Iteration 4: Energy = 0.00000000
[2025-08-21 15:58:12,098][INFO] Iteration 5: Energy = 0.00000000
[2025-08-21 15:58:12,133][INFO] Iteration 6: Energy = 0.00000000
[2025-08-21 15:58:12,159][INFO] Iteration 7: Energy = 0.00000000
[2025-08-21 15:58:12,191][INFO] Iteration 8: Energy = 0.00000000
[2025-08-21 15:58:12,244][INFO] Iteration 9: Energy = 0.00000000
[2025-08-21 15:58:12,276][INFO] Iteration 10: Energy = 0.00000000
[2025-08-21 15:58:12,303][INFO] Iteration 11: Energy = 0.00000000
[2025-08-21 15:58:12,339][INFO] Iteration 12: Energy = 0.00000000
[2025-08-21 15:58:12,372][INFO] Iteration 13: Energy = 0.00000000
[2025-08-21 15:58:12,413][INFO] Iteration 14: Energy = 0.00000000
[2025-08-21 15:58:12,444][INFO] Iteration 15: Energy = 0.00000000
[2025-08-21 15:58:12,479][INFO] Iteration 16: Energy = 0.00000000
[2025-08-21 15:58:12,513][INFO] Iteration 17: Energy = 0.00000000
[2025-08-21 15:58:12,554][INFO] Iteration 18: Energy = 0.00000000
[2025-08-21 15:58:12,580][INFO] Iteration 19: Energy = 0.00000000
[2025-08-21 15:58:12,622][INFO] Iteration 20: Energy = 0.00000000
[2025-08-21 15:58:12,662][INFO] Iteration 21: Energy = 0.00000000
[2025-08-21 15:58:12,692][INFO] Iteration 22: Energy = 0.00000000
[2025-08-21 15:58:12,720][INFO] Iteration 23: Energy = 0.00000000
[2025-08-21 15:58:12,755][INFO] Iteration 24: Energy = 0.00000000
[2025-08-21 15:58:12,798][INFO] Iteration 25: Energy = 0.00000000
[2025-08-21 15:58:12,834][INFO] Iteration 26: Energy = 0.00000000
[2025-08-21 15:58:12,835][INFO] Completed VQE run 46: Energy = 0.000000
[2025-08-21 16:10:45,758][INFO] Starting VQE run 46 (seed=117646185)
[2025-08-21 16:10:45,759][INFO] EstimatorOptions(_VERSION=2, max_execution_time=Unset, environment=EnvironmentOptions(log_level='WARNING', callback=None, job_tags=None, private=False), simulator=SimulatorOptions(noise_model=Unset, seed_simulator=Unset, coupling_map=Unset, basis_gates=Unset), default_precision=Unset, default_shots=None, resilience_level=2, seed_estimator=Unset, dynamical_decoupling=DynamicalDecouplingOptions(enable=Unset, sequence_type=Unset, extra_slack_distribution=Unset, scheduling_method=Unset, skip_reset_qubits=Unset), resilience=ResilienceOptionsV2(measure_mitigation=Unset, measure_noise_learning=MeasureNoiseLearningOptions(num_randomizations=Unset, shots_per_randomization=Unset), zne_mitigation=Unset, zne=ZneOptions(amplifier=Unset, noise_factors=Unset, extrapolator=Unset, extrapolated_noise_factors=Unset), pec_mitigation=Unset, pec=PecOptions(max_overhead=Unset, noise_gain=Unset), layer_noise_learning=LayerNoiseLearningOptions(max_layers_to_learn=Unset, shots_per_randomization=Unset, num_randomizations=Unset, layer_pair_depths=Unset), layer_noise_model=Unset), execution=ExecutionOptionsV2(init_qubits=Unset, rep_delay=Unset), twirling=TwirlingOptions(enable_gates=Unset, enable_measure=Unset, num_randomizations=Unset, shots_per_randomization=Unset, strategy=Unset), experimental=Unset)
[2025-08-21 16:10:49,973][INFO] Iteration 1: Energy = 0.00903320
[2025-08-21 16:10:54,198][INFO] Iteration 2: Energy = 0.00634766
[2025-08-21 16:10:58,435][INFO] Iteration 3: Energy = 0.00756836
[2025-08-21 16:11:02,819][INFO] Iteration 4: Energy = 0.00659180
[2025-08-21 16:11:07,446][INFO] Iteration 5: Energy = 0.00708008
[2025-08-21 16:11:11,969][INFO] Iteration 6: Energy = 0.00756836
[2025-08-21 16:11:16,309][INFO] Iteration 7: Energy = 0.00952148
[2025-08-21 16:11:20,525][INFO] Iteration 8: Energy = 0.00732422
[2025-08-21 16:11:25,047][INFO] Iteration 9: Energy = 0.00854492
[2025-08-21 16:11:29,276][INFO] Iteration 10: Energy = 0.00708008
[2025-08-21 16:11:33,916][INFO] Iteration 11: Energy = 0.00903320
[2025-08-21 16:11:38,374][INFO] Iteration 12: Energy = 0.01123047
[2025-08-21 16:11:42,861][INFO] Iteration 13: Energy = 0.00683594
[2025-08-21 16:11:47,190][INFO] Iteration 14: Energy = 0.00927734
[2025-08-21 16:11:51,480][INFO] Iteration 15: Energy = 0.00732422
[2025-08-21 16:11:56,048][INFO] Iteration 16: Energy = 0.01074219
[2025-08-21 16:12:00,493][INFO] Iteration 17: Energy = 0.00756836
[2025-08-21 16:12:04,922][INFO] Iteration 18: Energy = 0.00732422
[2025-08-21 16:12:09,357][INFO] Iteration 19: Energy = 0.00708008
[2025-08-21 16:12:13,670][INFO] Iteration 20: Energy = 0.00634766
[2025-08-21 16:12:17,908][INFO] Iteration 21: Energy = 0.00927734
[2025-08-21 16:12:22,022][INFO] Iteration 22: Energy = 0.00952148
[2025-08-21 16:12:26,207][INFO] Iteration 23: Energy = 0.00805664
[2025-08-21 16:12:30,758][INFO] Iteration 24: Energy = 0.00805664
[2025-08-21 16:12:35,110][INFO] Iteration 25: Energy = 0.00708008
[2025-08-21 16:12:39,627][INFO] Iteration 26: Energy = 0.00854492
[2025-08-21 16:12:44,086][INFO] Iteration 27: Energy = 0.00805664
[2025-08-21 16:12:48,225][INFO] Iteration 28: Energy = 0.00683594
[2025-08-21 16:12:52,596][INFO] Iteration 29: Energy = 0.00976562
[2025-08-21 16:12:56,935][INFO] Iteration 30: Energy = 0.01049805
[2025-08-21 16:13:01,280][INFO] Iteration 31: Energy = 0.00878906
[2025-08-21 16:13:05,309][INFO] Iteration 32: Energy = 0.00903320
[2025-08-21 16:13:09,522][INFO] Iteration 33: Energy = 0.01000977
[2025-08-21 16:13:13,823][INFO] Iteration 34: Energy = 0.00854492
[2025-08-21 16:13:18,147][INFO] Iteration 35: Energy = 0.00756836
[2025-08-21 16:13:22,681][INFO] Iteration 36: Energy = 0.00830078
[2025-08-21 16:13:22,683][INFO] Completed VQE run 46: Energy = 0.005127
