[2025-08-21 15:58:07,932][INFO] Starting VQE run 21 (seed=35648888)
[2025-08-21 15:58:07,932][INFO] EstimatorOptions(_VERSION=2, max_execution_time=Unset, environment=EnvironmentOptions(log_level='WARNING', callback=None, job_tags=None, private=False), simulator=SimulatorOptions(noise_model=Unset, seed_simulator=Unset, coupling_map=Unset, basis_gates=Unset), default_precision=Unset, default_shots=None, resilience_level=Unset, seed_estimator=Unset, dynamical_decoupling=DynamicalDecouplingOptions(enable=Unset, sequence_type=Unset, extra_slack_distribution=Unset, scheduling_method=Unset, skip_reset_qubits=Unset), resilience=ResilienceOptionsV2(measure_mitigation=Unset, measure_noise_learning=MeasureNoiseLearningOptions(num_randomizations=Unset, shots_per_randomization=Unset), zne_mitigation=Unset, zne=ZneOptions(amplifier=Unset, noise_factors=Unset, extrapolator=Unset, extrapolated_noise_factors=Unset), pec_mitigation=Unset, pec=PecOptions(max_overhead=Unset, noise_gain=Unset), layer_noise_learning=LayerNoiseLearningOptions(max_layers_to_learn=Unset, shots_per_randomization=Unset, num_randomizations=Unset, layer_pair_depths=Unset), layer_noise_model=Unset), execution=ExecutionOptionsV2(init_qubits=Unset, rep_delay=Unset), twirling=TwirlingOptions(enable_gates=Unset, enable_measure=Unset, num_randomizations=Unset, shots_per_randomization=Unset, strategy=Unset), experimental=Unset)
[2025-08-21 15:58:07,986][INFO] Iteration 1: Energy = 0.28979492
[2025-08-21 15:58:08,022][INFO] Iteration 2: Energy = 0.00903320
[2025-08-21 15:58:08,062][INFO] Iteration 3: Energy = 0.00659180
[2025-08-21 15:58:08,091][INFO] Iteration 4: Energy = 0.00000000
[2025-08-21 15:58:08,125][INFO] Iteration 5: Energy = 0.00000000
[2025-08-21 15:58:08,161][INFO] Iteration 6: Energy = 0.00000000
[2025-08-21 15:58:08,194][INFO] Iteration 7: Energy = 0.00000000
[2025-08-21 15:58:08,229][INFO] Iteration 8: Energy = 0.00000000
[2025-08-21 15:58:08,258][INFO] Iteration 9: Energy = 0.00000000
[2025-08-21 15:58:08,296][INFO] Iteration 10: Energy = 0.00000000
[2025-08-21 15:58:08,330][INFO] Iteration 11: Energy = 0.00000000
[2025-08-21 15:58:08,374][INFO] Iteration 12: Energy = 0.00000000
[2025-08-21 15:58:08,407][INFO] Iteration 13: Energy = 0.00000000
[2025-08-21 15:58:08,451][INFO] Iteration 14: Energy = 0.00000000
[2025-08-21 15:58:08,489][INFO] Iteration 15: Energy = 0.00000000
[2025-08-21 15:58:08,522][INFO] Iteration 16: Energy = 0.00000000
[2025-08-21 15:58:08,547][INFO] Iteration 17: Energy = 0.00000000
[2025-08-21 15:58:08,581][INFO] Iteration 18: Energy = 0.00000000
[2025-08-21 15:58:08,616][INFO] Iteration 19: Energy = 0.00000000
[2025-08-21 15:58:08,653][INFO] Iteration 20: Energy = 0.00000000
[2025-08-21 15:58:08,680][INFO] Iteration 21: Energy = 0.00000000
[2025-08-21 15:58:08,720][INFO] Iteration 22: Energy = 0.00000000
[2025-08-21 15:58:08,755][INFO] Iteration 23: Energy = 0.00000000
[2025-08-21 15:58:08,785][INFO] Iteration 24: Energy = 0.00000000
[2025-08-21 15:58:08,811][INFO] Iteration 25: Energy = 0.00000000
[2025-08-21 15:58:08,850][INFO] Iteration 26: Energy = 0.00000000
[2025-08-21 15:58:08,888][INFO] Iteration 27: Energy = 0.00000000
[2025-08-21 15:58:08,889][INFO] Completed VQE run 21: Energy = 0.000000
[2025-08-21 15:58:59,529][INFO] Starting VQE run 21 (seed=99367201)
[2025-08-21 15:59:52,105][INFO] Starting VQE run 21 (seed=20418468)
[2025-08-21 15:59:52,106][INFO] EstimatorOptions(_VERSION=2, max_execution_time=Unset, environment=EnvironmentOptions(log_level='WARNING', callback=None, job_tags=None, private=False), simulator=SimulatorOptions(noise_model=Unset, seed_simulator=Unset, coupling_map=Unset, basis_gates=Unset), default_precision=Unset, default_shots=None, resilience_level=2, seed_estimator=Unset, dynamical_decoupling=DynamicalDecouplingOptions(enable=Unset, sequence_type=Unset, extra_slack_distribution=Unset, scheduling_method=Unset, skip_reset_qubits=Unset), resilience=ResilienceOptionsV2(measure_mitigation=Unset, measure_noise_learning=MeasureNoiseLearningOptions(num_randomizations=Unset, shots_per_randomization=Unset), zne_mitigation=Unset, zne=ZneOptions(amplifier=Unset, noise_factors=Unset, extrapolator=Unset, extrapolated_noise_factors=Unset), pec_mitigation=Unset, pec=PecOptions(max_overhead=Unset, noise_gain=Unset), layer_noise_learning=LayerNoiseLearningOptions(max_layers_to_learn=Unset, shots_per_randomization=Unset, num_randomizations=Unset, layer_pair_depths=Unset), layer_noise_model=Unset), execution=ExecutionOptionsV2(init_qubits=Unset, rep_delay=Unset), twirling=TwirlingOptions(enable_gates=Unset, enable_measure=Unset, num_randomizations=Unset, shots_per_randomization=Unset, strategy=Unset), experimental=Unset)
[2025-08-21 15:59:56,191][INFO] Iteration 1: Energy = 0.48779297
[2025-08-21 16:00:00,407][INFO] Iteration 2: Energy = 0.47460938
[2025-08-21 16:00:04,461][INFO] Iteration 3: Energy = 0.09277344
[2025-08-21 16:00:09,083][INFO] Iteration 4: Energy = 0.00952148
[2025-08-21 16:00:13,549][INFO] Iteration 5: Energy = 0.00781250
[2025-08-21 16:00:17,993][INFO] Iteration 6: Energy = 0.00830078
[2025-08-21 16:00:22,418][INFO] Iteration 7: Energy = 0.00805664
[2025-08-21 16:00:26,768][INFO] Iteration 8: Energy = 0.00952148
[2025-08-21 16:00:30,981][INFO] Iteration 9: Energy = 0.00585938
[2025-08-21 16:00:35,047][INFO] Iteration 10: Energy = 0.00756836
[2025-08-21 16:00:39,617][INFO] Iteration 11: Energy = 0.00488281
[2025-08-21 16:00:43,925][INFO] Iteration 12: Energy = 0.00952148
[2025-08-21 16:00:48,424][INFO] Iteration 13: Energy = 0.00781250
[2025-08-21 16:00:52,695][INFO] Iteration 14: Energy = 0.00976562
[2025-08-21 16:00:57,016][INFO] Iteration 15: Energy = 0.01025391
[2025-08-21 16:01:01,101][INFO] Iteration 16: Energy = 0.00976562
[2025-08-21 16:01:05,316][INFO] Iteration 17: Energy = 0.00927734
[2025-08-21 16:01:09,822][INFO] Iteration 18: Energy = 0.00854492
[2025-08-21 16:01:13,768][INFO] Iteration 19: Energy = 0.00854492
[2025-08-21 16:01:17,681][INFO] Iteration 20: Energy = 0.00878906
[2025-08-21 16:01:21,602][INFO] Iteration 21: Energy = 0.01025391
[2025-08-21 16:01:25,654][INFO] Iteration 22: Energy = 0.00854492
[2025-08-21 16:01:30,061][INFO] Iteration 23: Energy = 0.00781250
[2025-08-21 16:01:34,238][INFO] Iteration 24: Energy = 0.00756836
[2025-08-21 16:01:38,435][INFO] Iteration 25: Energy = 0.00976562
[2025-08-21 16:01:42,347][INFO] Iteration 26: Energy = 0.00683594
[2025-08-21 16:01:46,430][INFO] Iteration 27: Energy = 0.00683594
[2025-08-21 16:01:50,589][INFO] Iteration 28: Energy = 0.00952148
[2025-08-21 16:01:54,577][INFO] Iteration 29: Energy = 0.00805664
[2025-08-21 16:01:58,781][INFO] Iteration 30: Energy = 0.00878906
[2025-08-21 16:02:03,033][INFO] Iteration 31: Energy = 0.00805664
[2025-08-21 16:02:07,352][INFO] Iteration 32: Energy = 0.00659180
[2025-08-21 16:02:11,451][INFO] Iteration 33: Energy = 0.00927734
[2025-08-21 16:02:15,594][INFO] Iteration 34: Energy = 0.00805664
[2025-08-21 16:02:19,772][INFO] Iteration 35: Energy = 0.00708008
[2025-08-21 16:02:23,828][INFO] Iteration 36: Energy = 0.00610352
[2025-08-21 16:02:27,826][INFO] Iteration 37: Energy = 0.00830078
[2025-08-21 16:02:32,154][INFO] Iteration 38: Energy = 0.00854492
[2025-08-21 16:02:32,155][INFO] Completed VQE run 21: Energy = 0.005615
