[2025-08-21 15:58:15,669][INFO] Starting VQE run 80 (seed=35874168)
[2025-08-21 15:58:15,669][INFO] EstimatorOptions(_VERSION=2, max_execution_time=Unset, environment=EnvironmentOptions(log_level='WARNING', callback=None, job_tags=None, private=False), simulator=SimulatorOptions(noise_model=Unset, seed_simulator=Unset, coupling_map=Unset, basis_gates=Unset), default_precision=Unset, default_shots=None, resilience_level=Unset, seed_estimator=Unset, dynamical_decoupling=DynamicalDecouplingOptions(enable=Unset, sequence_type=Unset, extra_slack_distribution=Unset, scheduling_method=Unset, skip_reset_qubits=Unset), resilience=ResilienceOptionsV2(measure_mitigation=Unset, measure_noise_learning=MeasureNoiseLearningOptions(num_randomizations=Unset, shots_per_randomization=Unset), zne_mitigation=Unset, zne=ZneOptions(amplifier=Unset, noise_factors=Unset, extrapolator=Unset, extrapolated_noise_factors=Unset), pec_mitigation=Unset, pec=PecOptions(max_overhead=Unset, noise_gain=Unset), layer_noise_learning=LayerNoiseLearningOptions(max_layers_to_learn=Unset, shots_per_randomization=Unset, num_randomizations=Unset, layer_pair_depths=Unset), layer_noise_model=Unset), execution=ExecutionOptionsV2(init_qubits=Unset, rep_delay=Unset), twirling=TwirlingOptions(enable_gates=Unset, enable_measure=Unset, num_randomizations=Unset, shots_per_randomization=Unset, strategy=Unset), experimental=Unset)
[2025-08-21 15:58:15,712][INFO] Iteration 1: Energy = 0.20971680
[2025-08-21 15:58:15,742][INFO] Iteration 2: Energy = 0.00000000
[2025-08-21 15:58:15,769][INFO] Iteration 3: Energy = 0.00000000
[2025-08-21 15:58:15,808][INFO] Iteration 4: Energy = 0.00000000
[2025-08-21 15:58:15,841][INFO] Iteration 5: Energy = 0.00000000
[2025-08-21 15:58:15,875][INFO] Iteration 6: Energy = 0.00000000
[2025-08-21 15:58:15,903][INFO] Iteration 7: Energy = 0.00000000
[2025-08-21 15:58:15,940][INFO] Iteration 8: Energy = 0.00000000
[2025-08-21 15:58:15,970][INFO] Iteration 9: Energy = 0.00000000
[2025-08-21 15:58:16,000][INFO] Iteration 10: Energy = 0.00000000
[2025-08-21 15:58:16,023][INFO] Iteration 11: Energy = 0.00000000
[2025-08-21 15:58:16,053][INFO] Iteration 12: Energy = 0.00000000
[2025-08-21 15:58:16,088][INFO] Iteration 13: Energy = 0.00000000
[2025-08-21 15:58:16,115][INFO] Iteration 14: Energy = 0.00000000
[2025-08-21 15:58:16,146][INFO] Iteration 15: Energy = 0.00000000
[2025-08-21 15:58:16,184][INFO] Iteration 16: Energy = 0.00000000
[2025-08-21 15:58:16,223][INFO] Iteration 17: Energy = 0.00000000
[2025-08-21 15:58:16,248][INFO] Iteration 18: Energy = 0.00000000
[2025-08-21 15:58:16,271][INFO] Iteration 19: Energy = 0.00000000
[2025-08-21 15:58:16,309][INFO] Iteration 20: Energy = 0.00000000
[2025-08-21 15:58:16,350][INFO] Iteration 21: Energy = 0.00000000
[2025-08-21 15:58:16,383][INFO] Iteration 22: Energy = 0.00000000
[2025-08-21 15:58:16,409][INFO] Iteration 23: Energy = 0.00000000
[2025-08-21 15:58:16,444][INFO] Iteration 24: Energy = 0.00000000
[2025-08-21 15:58:16,480][INFO] Iteration 25: Energy = 0.00000000
[2025-08-21 15:58:16,502][INFO] Iteration 26: Energy = 0.00000000
[2025-08-21 15:58:16,503][INFO] Completed VQE run 80: Energy = 0.000000
[2025-08-21 16:21:25,383][INFO] Starting VQE run 80 (seed=15775316)
[2025-08-21 16:21:25,383][INFO] EstimatorOptions(_VERSION=2, max_execution_time=Unset, environment=EnvironmentOptions(log_level='WARNING', callback=None, job_tags=None, private=False), simulator=SimulatorOptions(noise_model=Unset, seed_simulator=Unset, coupling_map=Unset, basis_gates=Unset), default_precision=Unset, default_shots=None, resilience_level=2, seed_estimator=Unset, dynamical_decoupling=DynamicalDecouplingOptions(enable=Unset, sequence_type=Unset, extra_slack_distribution=Unset, scheduling_method=Unset, skip_reset_qubits=Unset), resilience=ResilienceOptionsV2(measure_mitigation=Unset, measure_noise_learning=MeasureNoiseLearningOptions(num_randomizations=Unset, shots_per_randomization=Unset), zne_mitigation=Unset, zne=ZneOptions(amplifier=Unset, noise_factors=Unset, extrapolator=Unset, extrapolated_noise_factors=Unset), pec_mitigation=Unset, pec=PecOptions(max_overhead=Unset, noise_gain=Unset), layer_noise_learning=LayerNoiseLearningOptions(max_layers_to_learn=Unset, shots_per_randomization=Unset, num_randomizations=Unset, layer_pair_depths=Unset), layer_noise_model=Unset), execution=ExecutionOptionsV2(init_qubits=Unset, rep_delay=Unset), twirling=TwirlingOptions(enable_gates=Unset, enable_measure=Unset, num_randomizations=Unset, shots_per_randomization=Unset, strategy=Unset), experimental=Unset)
[2025-08-21 16:21:29,922][INFO] Iteration 1: Energy = 0.32348633
[2025-08-21 16:21:34,168][INFO] Iteration 2: Energy = 0.30053711
[2025-08-21 16:21:38,633][INFO] Iteration 3: Energy = 0.02099609
[2025-08-21 16:21:42,799][INFO] Iteration 4: Energy = 0.00781250
[2025-08-21 16:21:47,086][INFO] Iteration 5: Energy = 0.00634766
[2025-08-21 16:21:51,368][INFO] Iteration 6: Energy = 0.00854492
[2025-08-21 16:21:55,586][INFO] Iteration 7: Energy = 0.00903320
[2025-08-21 16:21:59,742][INFO] Iteration 8: Energy = 0.00683594
[2025-08-21 16:22:04,444][INFO] Iteration 9: Energy = 0.00659180
[2025-08-21 16:22:09,052][INFO] Iteration 10: Energy = 0.00659180
[2025-08-21 16:22:13,470][INFO] Iteration 11: Energy = 0.00610352
[2025-08-21 16:22:17,875][INFO] Iteration 12: Energy = 0.00927734
[2025-08-21 16:22:22,125][INFO] Iteration 13: Energy = 0.00805664
[2025-08-21 16:22:26,429][INFO] Iteration 14: Energy = 0.00732422
[2025-08-21 16:22:30,791][INFO] Iteration 15: Energy = 0.00976562
[2025-08-21 16:22:35,249][INFO] Iteration 16: Energy = 0.00756836
[2025-08-21 16:22:39,299][INFO] Iteration 17: Energy = 0.00830078
[2025-08-21 16:22:43,474][INFO] Iteration 18: Energy = 0.01049805
[2025-08-21 16:22:47,659][INFO] Iteration 19: Energy = 0.00659180
[2025-08-21 16:22:51,829][INFO] Iteration 20: Energy = 0.00903320
[2025-08-21 16:22:56,292][INFO] Iteration 21: Energy = 0.00512695
[2025-08-21 16:23:00,718][INFO] Iteration 22: Energy = 0.00927734
[2025-08-21 16:23:05,119][INFO] Iteration 23: Energy = 0.00756836
[2025-08-21 16:23:09,396][INFO] Iteration 24: Energy = 0.01074219
[2025-08-21 16:23:13,822][INFO] Iteration 25: Energy = 0.00585938
[2025-08-21 16:23:18,197][INFO] Iteration 26: Energy = 0.00610352
[2025-08-21 16:23:22,363][INFO] Iteration 27: Energy = 0.00976562
[2025-08-21 16:23:26,649][INFO] Iteration 28: Energy = 0.00634766
[2025-08-21 16:23:30,899][INFO] Iteration 29: Energy = 0.00976562
[2025-08-21 16:23:35,055][INFO] Iteration 30: Energy = 0.00854492
[2025-08-21 16:23:39,276][INFO] Iteration 31: Energy = 0.00952148
[2025-08-21 16:23:39,277][INFO] Completed VQE run 80: Energy = 0.006104
