[2025-08-21 15:58:13,508][INFO] Starting VQE run 70 (seed=91603948)
[2025-08-21 15:58:13,508][INFO] EstimatorOptions(_VERSION=2, max_execution_time=Unset, environment=EnvironmentOptions(log_level='WARNING', callback=None, job_tags=None, private=False), simulator=SimulatorOptions(noise_model=Unset, seed_simulator=Unset, coupling_map=Unset, basis_gates=Unset), default_precision=Unset, default_shots=None, resilience_level=Unset, seed_estimator=Unset, dynamical_decoupling=DynamicalDecouplingOptions(enable=Unset, sequence_type=Unset, extra_slack_distribution=Unset, scheduling_method=Unset, skip_reset_qubits=Unset), resilience=ResilienceOptionsV2(measure_mitigation=Unset, measure_noise_learning=MeasureNoiseLearningOptions(num_randomizations=Unset, shots_per_randomization=Unset), zne_mitigation=Unset, zne=ZneOptions(amplifier=Unset, noise_factors=Unset, extrapolator=Unset, extrapolated_noise_factors=Unset), pec_mitigation=Unset, pec=PecOptions(max_overhead=Unset, noise_gain=Unset), layer_noise_learning=LayerNoiseLearningOptions(max_layers_to_learn=Unset, shots_per_randomization=Unset, num_randomizations=Unset, layer_pair_depths=Unset), layer_noise_model=Unset), execution=ExecutionOptionsV2(init_qubits=Unset, rep_delay=Unset), twirling=TwirlingOptions(enable_gates=Unset, enable_measure=Unset, num_randomizations=Unset, shots_per_randomization=Unset, strategy=Unset), experimental=Unset)
[2025-08-21 15:58:13,547][INFO] Iteration 1: Energy = 0.89282227
[2025-08-21 15:58:13,582][INFO] Iteration 2: Energy = 0.48999023
[2025-08-21 15:58:13,617][INFO] Iteration 3: Energy = 0.47436523
[2025-08-21 15:58:13,651][INFO] Iteration 4: Energy = 0.08520508
[2025-08-21 15:58:13,692][INFO] Iteration 5: Energy = 0.00000000
[2025-08-21 15:58:13,718][INFO] Iteration 6: Energy = 0.00000000
[2025-08-21 15:58:13,746][INFO] Iteration 7: Energy = 0.00000000
[2025-08-21 15:58:13,785][INFO] Iteration 8: Energy = 0.00000000
[2025-08-21 15:58:13,816][INFO] Iteration 9: Energy = 0.00000000
[2025-08-21 15:58:13,851][INFO] Iteration 10: Energy = 0.00000000
[2025-08-21 15:58:13,884][INFO] Iteration 11: Energy = 0.00000000
[2025-08-21 15:58:13,922][INFO] Iteration 12: Energy = 0.00000000
[2025-08-21 15:58:13,950][INFO] Iteration 13: Energy = 0.00000000
[2025-08-21 15:58:13,980][INFO] Iteration 14: Energy = 0.00000000
[2025-08-21 15:58:14,027][INFO] Iteration 15: Energy = 0.00000000
[2025-08-21 15:58:14,075][INFO] Iteration 16: Energy = 0.00000000
[2025-08-21 15:58:14,104][INFO] Iteration 17: Energy = 0.00000000
[2025-08-21 15:58:14,136][INFO] Iteration 18: Energy = 0.00000000
[2025-08-21 15:58:14,171][INFO] Iteration 19: Energy = 0.00000000
[2025-08-21 15:58:14,217][INFO] Iteration 20: Energy = 0.00000000
[2025-08-21 15:58:14,241][INFO] Iteration 21: Energy = 0.00000000
[2025-08-21 15:58:14,274][INFO] Iteration 22: Energy = 0.00000000
[2025-08-21 15:58:14,311][INFO] Iteration 23: Energy = 0.00000000
[2025-08-21 15:58:14,343][INFO] Iteration 24: Energy = 0.00000000
[2025-08-21 15:58:14,367][INFO] Iteration 25: Energy = 0.00000000
[2025-08-21 15:58:14,404][INFO] Iteration 26: Energy = 0.00000000
[2025-08-21 15:58:14,448][INFO] Iteration 27: Energy = 0.00000000
[2025-08-21 15:58:14,449][INFO] Completed VQE run 70: Energy = 0.000000
[2025-08-21 16:17:33,808][INFO] Starting VQE run 70 (seed=38967120)
[2025-08-21 16:17:33,809][INFO] EstimatorOptions(_VERSION=2, max_execution_time=Unset, environment=EnvironmentOptions(log_level='WARNING', callback=None, job_tags=None, private=False), simulator=SimulatorOptions(noise_model=Unset, seed_simulator=Unset, coupling_map=Unset, basis_gates=Unset), default_precision=Unset, default_shots=None, resilience_level=2, seed_estimator=Unset, dynamical_decoupling=DynamicalDecouplingOptions(enable=Unset, sequence_type=Unset, extra_slack_distribution=Unset, scheduling_method=Unset, skip_reset_qubits=Unset), resilience=ResilienceOptionsV2(measure_mitigation=Unset, measure_noise_learning=MeasureNoiseLearningOptions(num_randomizations=Unset, shots_per_randomization=Unset), zne_mitigation=Unset, zne=ZneOptions(amplifier=Unset, noise_factors=Unset, extrapolator=Unset, extrapolated_noise_factors=Unset), pec_mitigation=Unset, pec=PecOptions(max_overhead=Unset, noise_gain=Unset), layer_noise_learning=LayerNoiseLearningOptions(max_layers_to_learn=Unset, shots_per_randomization=Unset, num_randomizations=Unset, layer_pair_depths=Unset), layer_noise_model=Unset), execution=ExecutionOptionsV2(init_qubits=Unset, rep_delay=Unset), twirling=TwirlingOptions(enable_gates=Unset, enable_measure=Unset, num_randomizations=Unset, shots_per_randomization=Unset, strategy=Unset), experimental=Unset)
[2025-08-21 16:17:38,217][INFO] Iteration 1: Energy = 0.29077148
[2025-08-21 16:17:42,760][INFO] Iteration 2: Energy = 0.29711914
[2025-08-21 16:17:47,306][INFO] Iteration 3: Energy = 0.01757812
[2025-08-21 16:17:51,546][INFO] Iteration 4: Energy = 0.00781250
[2025-08-21 16:17:55,925][INFO] Iteration 5: Energy = 0.00976562
[2025-08-21 16:18:00,288][INFO] Iteration 6: Energy = 0.00708008
[2025-08-21 16:18:04,389][INFO] Iteration 7: Energy = 0.00732422
[2025-08-21 16:18:09,006][INFO] Iteration 8: Energy = 0.00903320
[2025-08-21 16:18:13,415][INFO] Iteration 9: Energy = 0.00756836
[2025-08-21 16:18:17,916][INFO] Iteration 10: Energy = 0.00756836
[2025-08-21 16:18:22,401][INFO] Iteration 11: Energy = 0.00732422
[2025-08-21 16:18:26,694][INFO] Iteration 12: Energy = 0.00903320
[2025-08-21 16:18:30,920][INFO] Iteration 13: Energy = 0.00781250
[2025-08-21 16:18:35,244][INFO] Iteration 14: Energy = 0.00781250
[2025-08-21 16:18:39,881][INFO] Iteration 15: Energy = 0.00781250
[2025-08-21 16:18:43,996][INFO] Iteration 16: Energy = 0.00781250
[2025-08-21 16:18:48,211][INFO] Iteration 17: Energy = 0.00805664
[2025-08-21 16:18:52,449][INFO] Iteration 18: Energy = 0.00952148
[2025-08-21 16:18:56,940][INFO] Iteration 19: Energy = 0.00805664
[2025-08-21 16:19:01,688][INFO] Iteration 20: Energy = 0.00708008
[2025-08-21 16:19:06,310][INFO] Iteration 21: Energy = 0.00927734
[2025-08-21 16:19:10,506][INFO] Iteration 22: Energy = 0.00903320
[2025-08-21 16:19:14,742][INFO] Iteration 23: Energy = 0.01123047
[2025-08-21 16:19:19,135][INFO] Iteration 24: Energy = 0.00659180
[2025-08-21 16:19:23,262][INFO] Iteration 25: Energy = 0.00854492
[2025-08-21 16:19:27,583][INFO] Iteration 26: Energy = 0.00781250
[2025-08-21 16:19:32,101][INFO] Iteration 27: Energy = 0.01074219
[2025-08-21 16:19:36,440][INFO] Iteration 28: Energy = 0.00781250
[2025-08-21 16:19:40,822][INFO] Iteration 29: Energy = 0.00634766
[2025-08-21 16:19:45,230][INFO] Iteration 30: Energy = 0.00927734
[2025-08-21 16:19:49,423][INFO] Iteration 31: Energy = 0.00805664
[2025-08-21 16:19:53,775][INFO] Iteration 32: Energy = 0.00683594
[2025-08-21 16:19:57,902][INFO] Iteration 33: Energy = 0.00537109
[2025-08-21 16:20:02,057][INFO] Iteration 34: Energy = 0.00683594
[2025-08-21 16:20:06,370][INFO] Iteration 35: Energy = 0.00903320
[2025-08-21 16:20:10,540][INFO] Iteration 36: Energy = 0.00854492
[2025-08-21 16:20:10,541][INFO] Completed VQE run 70: Energy = 0.004883
