[2025-08-21 15:58:11,892][INFO] Starting VQE run 55 (seed=22389847)
[2025-08-21 15:58:11,892][INFO] EstimatorOptions(_VERSION=2, max_execution_time=Unset, environment=EnvironmentOptions(log_level='WARNING', callback=None, job_tags=None, private=False), simulator=SimulatorOptions(noise_model=Unset, seed_simulator=Unset, coupling_map=Unset, basis_gates=Unset), default_precision=Unset, default_shots=None, resilience_level=Unset, seed_estimator=Unset, dynamical_decoupling=DynamicalDecouplingOptions(enable=Unset, sequence_type=Unset, extra_slack_distribution=Unset, scheduling_method=Unset, skip_reset_qubits=Unset), resilience=ResilienceOptionsV2(measure_mitigation=Unset, measure_noise_learning=MeasureNoiseLearningOptions(num_randomizations=Unset, shots_per_randomization=Unset), zne_mitigation=Unset, zne=ZneOptions(amplifier=Unset, noise_factors=Unset, extrapolator=Unset, extrapolated_noise_factors=Unset), pec_mitigation=Unset, pec=PecOptions(max_overhead=Unset, noise_gain=Unset), layer_noise_learning=LayerNoiseLearningOptions(max_layers_to_learn=Unset, shots_per_randomization=Unset, num_randomizations=Unset, layer_pair_depths=Unset), layer_noise_model=Unset), execution=ExecutionOptionsV2(init_qubits=Unset, rep_delay=Unset), twirling=TwirlingOptions(enable_gates=Unset, enable_measure=Unset, num_randomizations=Unset, shots_per_randomization=Unset, strategy=Unset), experimental=Unset)
[2025-08-21 15:58:11,920][INFO] Iteration 1: Energy = 0.93603516
[2025-08-21 15:58:11,953][INFO] Iteration 2: Energy = 0.94897461
[2025-08-21 15:58:11,980][INFO] Iteration 3: Energy = 0.57934570
[2025-08-21 15:58:12,016][INFO] Iteration 4: Energy = 0.15185547
[2025-08-21 15:58:12,052][INFO] Iteration 5: Energy = 0.00000000
[2025-08-21 15:58:12,082][INFO] Iteration 6: Energy = 0.00000000
[2025-08-21 15:58:12,118][INFO] Iteration 7: Energy = 0.00000000
[2025-08-21 15:58:12,153][INFO] Iteration 8: Energy = 0.00000000
[2025-08-21 15:58:12,193][INFO] Iteration 9: Energy = 0.00000000
[2025-08-21 15:58:12,223][INFO] Iteration 10: Energy = 0.00000000
[2025-08-21 15:58:12,273][INFO] Iteration 11: Energy = 0.00000000
[2025-08-21 15:58:12,316][INFO] Iteration 12: Energy = 0.00000000
[2025-08-21 15:58:12,343][INFO] Iteration 13: Energy = 0.00000000
[2025-08-21 15:58:12,369][INFO] Iteration 14: Energy = 0.00000000
[2025-08-21 15:58:12,404][INFO] Iteration 15: Energy = 0.00000000
[2025-08-21 15:58:12,442][INFO] Iteration 16: Energy = 0.00000000
[2025-08-21 15:58:12,472][INFO] Iteration 17: Energy = 0.00000000
[2025-08-21 15:58:12,504][INFO] Iteration 18: Energy = 0.00000000
[2025-08-21 15:58:12,544][INFO] Iteration 19: Energy = 0.00000000
[2025-08-21 15:58:12,584][INFO] Iteration 20: Energy = 0.00000000
[2025-08-21 15:58:12,616][INFO] Iteration 21: Energy = 0.00000000
[2025-08-21 15:58:12,646][INFO] Iteration 22: Energy = 0.00000000
[2025-08-21 15:58:12,683][INFO] Iteration 23: Energy = 0.00000000
[2025-08-21 15:58:12,713][INFO] Iteration 24: Energy = 0.00000000
[2025-08-21 15:58:12,745][INFO] Iteration 25: Energy = 0.00000000
[2025-08-21 15:58:12,780][INFO] Iteration 26: Energy = 0.00000000
[2025-08-21 15:58:12,823][INFO] Iteration 27: Energy = 0.00000000
[2025-08-21 15:58:12,879][INFO] Iteration 28: Energy = 0.00000000
[2025-08-21 15:58:12,911][INFO] Iteration 29: Energy = 0.00000000
[2025-08-21 15:58:12,912][INFO] Completed VQE run 55: Energy = 0.000000
[2025-08-21 16:10:38,897][INFO] Starting VQE run 55 (seed=114551039)
[2025-08-21 16:10:38,898][INFO] EstimatorOptions(_VERSION=2, max_execution_time=Unset, environment=EnvironmentOptions(log_level='WARNING', callback=None, job_tags=None, private=False), simulator=SimulatorOptions(noise_model=Unset, seed_simulator=Unset, coupling_map=Unset, basis_gates=Unset), default_precision=Unset, default_shots=None, resilience_level=2, seed_estimator=Unset, dynamical_decoupling=DynamicalDecouplingOptions(enable=Unset, sequence_type=Unset, extra_slack_distribution=Unset, scheduling_method=Unset, skip_reset_qubits=Unset), resilience=ResilienceOptionsV2(measure_mitigation=Unset, measure_noise_learning=MeasureNoiseLearningOptions(num_randomizations=Unset, shots_per_randomization=Unset), zne_mitigation=Unset, zne=ZneOptions(amplifier=Unset, noise_factors=Unset, extrapolator=Unset, extrapolated_noise_factors=Unset), pec_mitigation=Unset, pec=PecOptions(max_overhead=Unset, noise_gain=Unset), layer_noise_learning=LayerNoiseLearningOptions(max_layers_to_learn=Unset, shots_per_randomization=Unset, num_randomizations=Unset, layer_pair_depths=Unset), layer_noise_model=Unset), execution=ExecutionOptionsV2(init_qubits=Unset, rep_delay=Unset), twirling=TwirlingOptions(enable_gates=Unset, enable_measure=Unset, num_randomizations=Unset, shots_per_randomization=Unset, strategy=Unset), experimental=Unset)
[2025-08-21 16:10:43,233][INFO] Iteration 1: Energy = 0.95922852
[2025-08-21 16:10:47,430][INFO] Iteration 2: Energy = 0.64013672
[2025-08-21 16:10:51,824][INFO] Iteration 3: Energy = 0.65185547
[2025-08-21 16:10:56,260][INFO] Iteration 4: Energy = 0.21264648
[2025-08-21 16:11:00,694][INFO] Iteration 5: Energy = 0.00634766
[2025-08-21 16:11:05,093][INFO] Iteration 6: Energy = 0.01123047
[2025-08-21 16:11:09,312][INFO] Iteration 7: Energy = 0.00854492
[2025-08-21 16:11:13,493][INFO] Iteration 8: Energy = 0.00903320
[2025-08-21 16:11:17,758][INFO] Iteration 9: Energy = 0.00903320
[2025-08-21 16:11:21,989][INFO] Iteration 10: Energy = 0.00952148
[2025-08-21 16:11:26,544][INFO] Iteration 11: Energy = 0.00610352
[2025-08-21 16:11:30,943][INFO] Iteration 12: Energy = 0.00830078
[2025-08-21 16:11:35,322][INFO] Iteration 13: Energy = 0.00878906
[2025-08-21 16:11:39,621][INFO] Iteration 14: Energy = 0.00683594
[2025-08-21 16:11:43,976][INFO] Iteration 15: Energy = 0.00830078
[2025-08-21 16:11:48,312][INFO] Iteration 16: Energy = 0.00976562
[2025-08-21 16:11:52,836][INFO] Iteration 17: Energy = 0.00781250
[2025-08-21 16:11:57,187][INFO] Iteration 18: Energy = 0.00683594
[2025-08-21 16:12:01,517][INFO] Iteration 19: Energy = 0.00634766
[2025-08-21 16:12:05,940][INFO] Iteration 20: Energy = 0.00878906
[2025-08-21 16:12:10,333][INFO] Iteration 21: Energy = 0.00732422
[2025-08-21 16:12:14,940][INFO] Iteration 22: Energy = 0.00976562
[2025-08-21 16:12:19,488][INFO] Iteration 23: Energy = 0.00659180
[2025-08-21 16:12:23,986][INFO] Iteration 24: Energy = 0.00878906
[2025-08-21 16:12:28,398][INFO] Iteration 25: Energy = 0.00878906
[2025-08-21 16:12:32,815][INFO] Iteration 26: Energy = 0.01074219
[2025-08-21 16:12:37,111][INFO] Iteration 27: Energy = 0.00683594
[2025-08-21 16:12:37,111][INFO] Completed VQE run 55: Energy = 0.004639
