[2026-02-13 14:04:49,664][INFO] Running VQE for linear potential and cutoff 16
[2026-02-13 14:04:49,666][INFO] Truncation: {'m': 212, 'n': 2211, 'keep_frac_terms': 0.09588421528720036, 'keep_ratio': 0.999, 'truncated': 1.377312853455578, 'total_weight': 1381.999999999984}
[2026-02-13 14:04:49,693][INFO] min_eigenvalue: 3.9321294598410086e-15
[2026-02-13 14:04:51,625][INFO] []
[2026-02-13 14:04:51,626][INFO] [Run 8] Running for Krylov dimension 1
[2026-02-13 14:04:52,590][INFO] [Run 8]
{
    "raw_unique_basis_states": 3111,
    "fermion_basis_rejected": 0,
    "kept_unique_basis_states": 3111,
    "fermion_shots_rejected": 0,
    "kept_shots": 40000
}
[2026-02-13 14:05:05,617][INFO] [Run 8]
{
    "D": 1,
    "t": 1.0,
    "num_trotter_steps": 1,
    "circuit_time": "0:00:00.874879",
    "shot_processing": {
        "raw_unique_basis_states": 3111,
        "fermion_basis_rejected": 0,
        "kept_unique_basis_states": 3111,
        "fermion_shots_rejected": 0,
        "kept_shots": 40000
    },
    "new_basis_count": 3111,
    "total_basis_count": 3111,
    "H_reduced_size": [
        3111,
        3111
    ],
    "reduction": 99.70331192016602,
    "H_reduced_e": 0.0006720972252105042,
    "used_dense": false,
    "eigenvalue_time": "0:00:00.020152",
    "diff": 0.0006720972252065721,
    "change_from_prev": null,
    "circuit_cost": {
        "depth": 826,
        "size": 2758,
        "num_2q_ops": 647,
        "depth_2q": 273,
        "count_ops": {
            "rz": 960,
            "sx": 912,
            "cz": 647,
            "x": 219,
            "measure": 20,
            "barrier": 1
        }
    }
}
[2026-02-13 14:05:05,617][INFO] [Run 8] Running for Krylov dimension 2
[2026-02-13 14:05:06,542][INFO] [Run 8]
{
    "raw_unique_basis_states": 11403,
    "fermion_basis_rejected": 0,
    "kept_unique_basis_states": 11403,
    "fermion_shots_rejected": 0,
    "kept_shots": 40000
}
[2026-02-13 14:06:05,015][INFO] [Run 8]
{
    "D": 2,
    "t": 2.0,
    "num_trotter_steps": 1,
    "circuit_time": "0:00:00.841775",
    "shot_processing": {
        "raw_unique_basis_states": 11403,
        "fermion_basis_rejected": 0,
        "kept_unique_basis_states": 11403,
        "fermion_shots_rejected": 0,
        "kept_shots": 40000
    },
    "new_basis_count": 9942,
    "total_basis_count": 13053,
    "H_reduced_size": [
        13053,
        13053
    ],
    "reduction": 98.75516891479492,
    "H_reduced_e": 0.0002600550127320807,
    "used_dense": false,
    "eigenvalue_time": "0:00:00.107692",
    "diff": 0.0002600550127281486,
    "change_from_prev": 0.00041204221247842347,
    "circuit_cost": {
        "depth": 819,
        "size": 2742,
        "num_2q_ops": 647,
        "depth_2q": 273,
        "count_ops": {
            "rz": 952,
            "sx": 912,
            "cz": 647,
            "x": 211,
            "measure": 20,
            "barrier": 1
        }
    }
}
[2026-02-13 14:06:05,016][INFO] [Run 8] Running for Krylov dimension 3
[2026-02-13 14:06:05,898][INFO] [Run 8]
{
    "raw_unique_basis_states": 3009,
    "fermion_basis_rejected": 0,
    "kept_unique_basis_states": 3009,
    "fermion_shots_rejected": 0,
    "kept_shots": 40000
}
[2026-02-13 14:07:13,789][INFO] [Run 8]
{
    "D": 3,
    "t": 3.0,
    "num_trotter_steps": 1,
    "circuit_time": "0:00:00.811102",
    "shot_processing": {
        "raw_unique_basis_states": 3009,
        "fermion_basis_rejected": 0,
        "kept_unique_basis_states": 3009,
        "fermion_shots_rejected": 0,
        "kept_shots": 40000
    },
    "new_basis_count": 1685,
    "total_basis_count": 14738,
    "H_reduced_size": [
        14738,
        14738
    ],
    "reduction": 98.59447479248047,
    "H_reduced_e": 0.0002600539796687252,
    "used_dense": false,
    "eigenvalue_time": "0:00:00.126879",
    "diff": 0.0002600539796647931,
    "change_from_prev": 1.0330633555088835e-09,
    "circuit_cost": {
        "depth": 819,
        "size": 2744,
        "num_2q_ops": 647,
        "depth_2q": 273,
        "count_ops": {
            "rz": 956,
            "sx": 912,
            "cz": 647,
            "x": 209,
            "measure": 20,
            "barrier": 1
        }
    }
}
[2026-02-13 14:07:13,789][INFO] [Run 8] Running for Krylov dimension 4
[2026-02-13 14:07:14,696][INFO] [Run 8]
{
    "raw_unique_basis_states": 9829,
    "fermion_basis_rejected": 0,
    "kept_unique_basis_states": 9829,
    "fermion_shots_rejected": 0,
    "kept_shots": 40000
}
[2026-02-13 14:08:45,931][INFO] [Run 8]
{
    "D": 4,
    "t": 4.0,
    "num_trotter_steps": 1,
    "circuit_time": "0:00:00.825884",
    "shot_processing": {
        "raw_unique_basis_states": 9829,
        "fermion_basis_rejected": 0,
        "kept_unique_basis_states": 9829,
        "fermion_shots_rejected": 0,
        "kept_shots": 40000
    },
    "new_basis_count": 4994,
    "total_basis_count": 19732,
    "H_reduced_size": [
        19732,
        19732
    ],
    "reduction": 98.11820983886719,
    "H_reduced_e": 0.00025999262266376735,
    "used_dense": false,
    "eigenvalue_time": "0:00:00.187012",
    "diff": 0.0002599926226598352,
    "change_from_prev": 6.135700495786154e-08,
    "circuit_cost": {
        "depth": 826,
        "size": 2756,
        "num_2q_ops": 647,
        "depth_2q": 273,
        "count_ops": {
            "rz": 961,
            "sx": 912,
            "cz": 647,
            "x": 216,
            "measure": 20,
            "barrier": 1
        }
    }
}
[2026-02-13 14:08:45,931][INFO] [Run 8] Running for Krylov dimension 5
[2026-02-13 14:08:46,883][INFO] [Run 8]
{
    "raw_unique_basis_states": 13428,
    "fermion_basis_rejected": 0,
    "kept_unique_basis_states": 13428,
    "fermion_shots_rejected": 0,
    "kept_shots": 40000
}
[2026-02-13 14:11:04,352][INFO] [Run 8]
{
    "D": 5,
    "t": 5.0,
    "num_trotter_steps": 1,
    "circuit_time": "0:00:00.864816",
    "shot_processing": {
        "raw_unique_basis_states": 13428,
        "fermion_basis_rejected": 0,
        "kept_unique_basis_states": 13428,
        "fermion_shots_rejected": 0,
        "kept_shots": 40000
    },
    "new_basis_count": 9043,
    "total_basis_count": 28775,
    "H_reduced_size": [
        28775,
        28775
    ],
    "reduction": 97.25580215454102,
    "H_reduced_e": 0.0002599912706647404,
    "used_dense": false,
    "eigenvalue_time": "0:00:00.303413",
    "diff": 0.00025999127066080827,
    "change_from_prev": 1.3519990269472357e-09,
    "circuit_cost": {
        "depth": 822,
        "size": 2739,
        "num_2q_ops": 647,
        "depth_2q": 273,
        "count_ops": {
            "rz": 947,
            "sx": 912,
            "cz": 647,
            "x": 213,
            "measure": 20,
            "barrier": 1
        }
    }
}
[2026-02-13 14:11:04,353][INFO] [Run 8] Running for Krylov dimension 6
[2026-02-13 14:11:06,006][INFO] [Run 8]
{
    "raw_unique_basis_states": 5864,
    "fermion_basis_rejected": 0,
    "kept_unique_basis_states": 5864,
    "fermion_shots_rejected": 0,
    "kept_shots": 40000
}
[2026-02-13 14:13:36,572][INFO] [Run 8]
{
    "D": 6,
    "t": 3.0,
    "num_trotter_steps": 2,
    "circuit_time": "0:00:01.526688",
    "shot_processing": {
        "raw_unique_basis_states": 5864,
        "fermion_basis_rejected": 0,
        "kept_unique_basis_states": 5864,
        "fermion_shots_rejected": 0,
        "kept_shots": 40000
    },
    "new_basis_count": 2865,
    "total_basis_count": 31640,
    "H_reduced_size": [
        31640,
        31640
    ],
    "reduction": 96.98257446289062,
    "H_reduced_e": 0.0002598407080961101,
    "used_dense": false,
    "eigenvalue_time": "0:00:00.344872",
    "diff": 0.00025984070809217794,
    "change_from_prev": 1.505625686303285e-07,
    "circuit_cost": {
        "depth": 1651,
        "size": 5476,
        "num_2q_ops": 1294,
        "depth_2q": 544,
        "count_ops": {
            "rz": 1913,
            "sx": 1823,
            "cz": 1294,
            "x": 426,
            "measure": 20,
            "barrier": 1
        }
    }
}
[2026-02-13 14:13:36,572][INFO] [Run 8] Running for Krylov dimension 7
[2026-02-13 14:13:38,228][INFO] [Run 8]
{
    "raw_unique_basis_states": 9220,
    "fermion_basis_rejected": 0,
    "kept_unique_basis_states": 9220,
    "fermion_shots_rejected": 0,
    "kept_shots": 40000
}
[2026-02-13 14:16:28,630][INFO] [Run 8]
{
    "D": 7,
    "t": 3.5,
    "num_trotter_steps": 2,
    "circuit_time": "0:00:01.525014",
    "shot_processing": {
        "raw_unique_basis_states": 9220,
        "fermion_basis_rejected": 0,
        "kept_unique_basis_states": 9220,
        "fermion_shots_rejected": 0,
        "kept_shots": 40000
    },
    "new_basis_count": 3646,
    "total_basis_count": 35286,
    "H_reduced_size": [
        35286,
        35286
    ],
    "reduction": 96.6348648071289,
    "H_reduced_e": 0.0002588457458371864,
    "used_dense": false,
    "eigenvalue_time": "0:00:00.446836",
    "diff": 0.00025884574583325427,
    "change_from_prev": 9.949622589236766e-07,
    "circuit_cost": {
        "depth": 1626,
        "size": 5445,
        "num_2q_ops": 1294,
        "depth_2q": 544,
        "count_ops": {
            "rz": 1883,
            "sx": 1823,
            "cz": 1294,
            "x": 425,
            "measure": 20,
            "barrier": 1
        }
    }
}
[2026-02-13 14:16:28,630][INFO] [Run 8] Running for Krylov dimension 8
[2026-02-13 14:16:30,297][INFO] [Run 8]
{
    "raw_unique_basis_states": 13763,
    "fermion_basis_rejected": 0,
    "kept_unique_basis_states": 13763,
    "fermion_shots_rejected": 0,
    "kept_shots": 40000
}
[2026-02-13 14:19:52,315][INFO] [Run 8]
{
    "D": 8,
    "t": 4.0,
    "num_trotter_steps": 2,
    "circuit_time": "0:00:01.529716",
    "shot_processing": {
        "raw_unique_basis_states": 13763,
        "fermion_basis_rejected": 0,
        "kept_unique_basis_states": 13763,
        "fermion_shots_rejected": 0,
        "kept_shots": 40000
    },
    "new_basis_count": 5941,
    "total_basis_count": 41227,
    "H_reduced_size": [
        41227,
        41227
    ],
    "reduction": 96.06828689575195,
    "H_reduced_e": 2.3092017054822137e-06,
    "used_dense": false,
    "eigenvalue_time": "0:00:00.579785",
    "diff": 2.3092017015500844e-06,
    "change_from_prev": 0.0002565365441317042,
    "circuit_cost": {
        "depth": 1625,
        "size": 5434,
        "num_2q_ops": 1294,
        "depth_2q": 544,
        "count_ops": {
            "rz": 1883,
            "sx": 1823,
            "cz": 1294,
            "x": 414,
            "measure": 20,
            "barrier": 1
        }
    }
}
[2026-02-13 14:19:52,315][INFO] [Run 8] Running for Krylov dimension 9
[2026-02-13 14:19:53,966][INFO] [Run 8]
{
    "raw_unique_basis_states": 16408,
    "fermion_basis_rejected": 0,
    "kept_unique_basis_states": 16408,
    "fermion_shots_rejected": 0,
    "kept_shots": 40000
}
[2026-02-13 14:23:52,752][INFO] [Run 8]
{
    "D": 9,
    "t": 4.5,
    "num_trotter_steps": 2,
    "circuit_time": "0:00:01.509343",
    "shot_processing": {
        "raw_unique_basis_states": 16408,
        "fermion_basis_rejected": 0,
        "kept_unique_basis_states": 16408,
        "fermion_shots_rejected": 0,
        "kept_shots": 40000
    },
    "new_basis_count": 7316,
    "total_basis_count": 48543,
    "H_reduced_size": [
        48543,
        48543
    ],
    "reduction": 95.37057876586914,
    "H_reduced_e": 2.2928699405044474e-06,
    "used_dense": false,
    "eigenvalue_time": "0:00:00.700438",
    "diff": 2.292869936572318e-06,
    "change_from_prev": 1.6331764977766323e-08,
    "circuit_cost": {
        "depth": 1650,
        "size": 5440,
        "num_2q_ops": 1294,
        "depth_2q": 544,
        "count_ops": {
            "rz": 1885,
            "sx": 1823,
            "cz": 1294,
            "x": 418,
            "measure": 20,
            "barrier": 1
        }
    }
}
[2026-02-13 14:23:52,753][INFO] [Run 8] Running for Krylov dimension 10
[2026-02-13 14:23:54,406][INFO] [Run 8]
{
    "raw_unique_basis_states": 15101,
    "fermion_basis_rejected": 0,
    "kept_unique_basis_states": 15101,
    "fermion_shots_rejected": 0,
    "kept_shots": 40000
}
[2026-02-13 14:28:21,526][INFO] [Run 8]
{
    "D": 10,
    "t": 5.0,
    "num_trotter_steps": 2,
    "circuit_time": "0:00:01.511812",
    "shot_processing": {
        "raw_unique_basis_states": 15101,
        "fermion_basis_rejected": 0,
        "kept_unique_basis_states": 15101,
        "fermion_shots_rejected": 0,
        "kept_shots": 40000
    },
    "new_basis_count": 4994,
    "total_basis_count": 53537,
    "H_reduced_size": [
        53537,
        53537
    ],
    "reduction": 94.89431381225586,
    "H_reduced_e": 2.2828400892698355e-06,
    "used_dense": false,
    "eigenvalue_time": "0:00:00.831118",
    "diff": 2.282840085337706e-06,
    "change_from_prev": 1.0029851234611907e-08,
    "circuit_cost": {
        "depth": 1639,
        "size": 5466,
        "num_2q_ops": 1294,
        "depth_2q": 544,
        "count_ops": {
            "rz": 1901,
            "sx": 1823,
            "cz": 1294,
            "x": 428,
            "measure": 20,
            "barrier": 1
        }
    }
}
[2026-02-13 14:28:21,526][INFO] [Run 8] Running for Krylov dimension 11
[2026-02-13 14:28:23,176][INFO] [Run 8]
{
    "raw_unique_basis_states": 10741,
    "fermion_basis_rejected": 0,
    "kept_unique_basis_states": 10741,
    "fermion_shots_rejected": 0,
    "kept_shots": 40000
}
[2026-02-13 14:32:59,147][INFO] [Run 8]
{
    "D": 11,
    "t": 5.5,
    "num_trotter_steps": 2,
    "circuit_time": "0:00:01.517088",
    "shot_processing": {
        "raw_unique_basis_states": 10741,
        "fermion_basis_rejected": 0,
        "kept_unique_basis_states": 10741,
        "fermion_shots_rejected": 0,
        "kept_shots": 40000
    },
    "new_basis_count": 2186,
    "total_basis_count": 55723,
    "H_reduced_size": [
        55723,
        55723
    ],
    "reduction": 94.68584060668945,
    "H_reduced_e": 1.1433585114581888e-06,
    "used_dense": false,
    "eigenvalue_time": "0:00:00.930483",
    "diff": 1.1433585075260594e-06,
    "change_from_prev": 1.1394815778116467e-06,
    "circuit_cost": {
        "depth": 1653,
        "size": 5532,
        "num_2q_ops": 1294,
        "depth_2q": 544,
        "count_ops": {
            "rz": 1941,
            "sx": 1823,
            "cz": 1294,
            "x": 454,
            "measure": 20,
            "barrier": 1
        }
    }
}
[2026-02-13 14:32:59,147][INFO] [Run 8] Running for Krylov dimension 12
[2026-02-13 14:33:00,782][INFO] [Run 8]
{
    "raw_unique_basis_states": 5379,
    "fermion_basis_rejected": 0,
    "kept_unique_basis_states": 5379,
    "fermion_shots_rejected": 0,
    "kept_shots": 40000
}
[2026-02-13 14:37:39,375][INFO] [Run 8]
{
    "D": 12,
    "t": 6.0,
    "num_trotter_steps": 2,
    "circuit_time": "0:00:01.507662",
    "shot_processing": {
        "raw_unique_basis_states": 5379,
        "fermion_basis_rejected": 0,
        "kept_unique_basis_states": 5379,
        "fermion_shots_rejected": 0,
        "kept_shots": 40000
    },
    "new_basis_count": 302,
    "total_basis_count": 56025,
    "H_reduced_size": [
        56025,
        56025
    ],
    "reduction": 94.65703964233398,
    "H_reduced_e": 1.143358507257937e-06,
    "used_dense": false,
    "eigenvalue_time": "0:00:00.926041",
    "diff": 1.1433585033258077e-06,
    "change_from_prev": 4.200251732251574e-15,
    "circuit_cost": {
        "depth": 1623,
        "size": 5432,
        "num_2q_ops": 1294,
        "depth_2q": 544,
        "count_ops": {
            "rz": 1885,
            "sx": 1823,
            "cz": 1294,
            "x": 410,
            "measure": 20,
            "barrier": 1
        }
    }
}
[2026-02-13 14:37:39,375][INFO] [Run 8] Running for Krylov dimension 13
[2026-02-13 14:37:41,017][INFO] [Run 8]
{
    "raw_unique_basis_states": 3812,
    "fermion_basis_rejected": 0,
    "kept_unique_basis_states": 3812,
    "fermion_shots_rejected": 0,
    "kept_shots": 40000
}
[2026-02-13 14:42:21,514][INFO] [Run 8]
{
    "D": 13,
    "t": 6.5,
    "num_trotter_steps": 2,
    "circuit_time": "0:00:01.502410",
    "shot_processing": {
        "raw_unique_basis_states": 3812,
        "fermion_basis_rejected": 0,
        "kept_unique_basis_states": 3812,
        "fermion_shots_rejected": 0,
        "kept_shots": 40000
    },
    "new_basis_count": 139,
    "total_basis_count": 56164,
    "H_reduced_size": [
        56164,
        56164
    ],
    "reduction": 94.64378356933594,
    "H_reduced_e": 1.1433584713377118e-06,
    "used_dense": false,
    "eigenvalue_time": "0:00:00.919196",
    "diff": 1.1433584674055824e-06,
    "change_from_prev": 3.5920225297067943e-14,
    "circuit_cost": {
        "depth": 1641,
        "size": 5518,
        "num_2q_ops": 1294,
        "depth_2q": 544,
        "count_ops": {
            "rz": 1911,
            "sx": 1823,
            "cz": 1294,
            "x": 470,
            "measure": 20,
            "barrier": 1
        }
    }
}
[2026-02-13 14:42:21,514][INFO] [Run 8] Running for Krylov dimension 14
[2026-02-13 14:42:23,801][INFO] [Run 8]
{
    "raw_unique_basis_states": 14686,
    "fermion_basis_rejected": 0,
    "kept_unique_basis_states": 14686,
    "fermion_shots_rejected": 0,
    "kept_shots": 40000
}
[2026-02-13 14:47:26,355][INFO] [Run 8]
{
    "D": 14,
    "t": 4.666666666666667,
    "num_trotter_steps": 3,
    "circuit_time": "0:00:02.098239",
    "shot_processing": {
        "raw_unique_basis_states": 14686,
        "fermion_basis_rejected": 0,
        "kept_unique_basis_states": 14686,
        "fermion_shots_rejected": 0,
        "kept_shots": 40000
    },
    "new_basis_count": 3246,
    "total_basis_count": 59410,
    "H_reduced_size": [
        59410,
        59410
    ],
    "reduction": 94.33422088623047,
    "H_reduced_e": 1.143352962386473e-06,
    "used_dense": false,
    "eigenvalue_time": "0:00:00.987892",
    "diff": 1.1433529584543436e-06,
    "change_from_prev": 5.508951238827035e-12,
    "circuit_cost": {
        "depth": 2440,
        "size": 8165,
        "num_2q_ops": 1941,
        "depth_2q": 815,
        "count_ops": {
            "rz": 2827,
            "sx": 2735,
            "cz": 1941,
            "x": 642,
            "measure": 20,
            "barrier": 1
        }
    }
}
[2026-02-13 14:47:26,358][INFO] [Run 8] Done
