[2026-02-13 13:59:48,430][INFO] Running VQE for linear potential and cutoff 16
[2026-02-13 13:59:48,433][INFO] Truncation: {'m': 212, 'n': 2211, 'keep_frac_terms': 0.09588421528720036, 'keep_ratio': 0.999, 'truncated': 1.377312853455578, 'total_weight': 1381.999999999984}
[2026-02-13 13:59:48,459][INFO] min_eigenvalue: 3.9321294598410086e-15
[2026-02-13 13:59:50,431][INFO] []
[2026-02-13 13:59:50,433][INFO] [Run 4] Running for Krylov dimension 1
[2026-02-13 13:59:51,390][INFO] [Run 4]
{
    "raw_unique_basis_states": 3180,
    "fermion_basis_rejected": 0,
    "kept_unique_basis_states": 3180,
    "fermion_shots_rejected": 0,
    "kept_shots": 40000
}
[2026-02-13 14:00:05,062][INFO] [Run 4]
{
    "D": 1,
    "t": 1.0,
    "num_trotter_steps": 1,
    "circuit_time": "0:00:00.861718",
    "shot_processing": {
        "raw_unique_basis_states": 3180,
        "fermion_basis_rejected": 0,
        "kept_unique_basis_states": 3180,
        "fermion_shots_rejected": 0,
        "kept_shots": 40000
    },
    "new_basis_count": 3180,
    "total_basis_count": 3180,
    "H_reduced_size": [
        3180,
        3180
    ],
    "reduction": 99.69673156738281,
    "H_reduced_e": 0.0010674608182944223,
    "used_dense": false,
    "eigenvalue_time": "0:00:00.021145",
    "diff": 0.0010674608182904902,
    "change_from_prev": null,
    "circuit_cost": {
        "depth": 826,
        "size": 2758,
        "num_2q_ops": 647,
        "depth_2q": 273,
        "count_ops": {
            "rz": 960,
            "sx": 912,
            "cz": 647,
            "x": 219,
            "measure": 20,
            "barrier": 1
        }
    }
}
[2026-02-13 14:00:05,063][INFO] [Run 4] Running for Krylov dimension 2
[2026-02-13 14:00:06,038][INFO] [Run 4]
{
    "raw_unique_basis_states": 11455,
    "fermion_basis_rejected": 0,
    "kept_unique_basis_states": 11455,
    "fermion_shots_rejected": 0,
    "kept_shots": 40000
}
[2026-02-13 14:01:07,414][INFO] [Run 4]
{
    "D": 2,
    "t": 2.0,
    "num_trotter_steps": 1,
    "circuit_time": "0:00:00.874187",
    "shot_processing": {
        "raw_unique_basis_states": 11455,
        "fermion_basis_rejected": 0,
        "kept_unique_basis_states": 11455,
        "fermion_shots_rejected": 0,
        "kept_shots": 40000
    },
    "new_basis_count": 9915,
    "total_basis_count": 13095,
    "H_reduced_size": [
        13095,
        13095
    ],
    "reduction": 98.75116348266602,
    "H_reduced_e": 0.0007057839062030679,
    "used_dense": false,
    "eigenvalue_time": "0:00:00.114864",
    "diff": 0.0007057839061991358,
    "change_from_prev": 0.0003616769120913545,
    "circuit_cost": {
        "depth": 819,
        "size": 2742,
        "num_2q_ops": 647,
        "depth_2q": 273,
        "count_ops": {
            "rz": 952,
            "sx": 912,
            "cz": 647,
            "x": 211,
            "measure": 20,
            "barrier": 1
        }
    }
}
[2026-02-13 14:01:07,414][INFO] [Run 4] Running for Krylov dimension 3
[2026-02-13 14:01:08,333][INFO] [Run 4]
{
    "raw_unique_basis_states": 3031,
    "fermion_basis_rejected": 0,
    "kept_unique_basis_states": 3031,
    "fermion_shots_rejected": 0,
    "kept_shots": 40000
}
[2026-02-13 14:02:17,638][INFO] [Run 4]
{
    "D": 3,
    "t": 3.0,
    "num_trotter_steps": 1,
    "circuit_time": "0:00:00.841741",
    "shot_processing": {
        "raw_unique_basis_states": 3031,
        "fermion_basis_rejected": 0,
        "kept_unique_basis_states": 3031,
        "fermion_shots_rejected": 0,
        "kept_shots": 40000
    },
    "new_basis_count": 1655,
    "total_basis_count": 14750,
    "H_reduced_size": [
        14750,
        14750
    ],
    "reduction": 98.59333038330078,
    "H_reduced_e": 0.0007057838896047886,
    "used_dense": false,
    "eigenvalue_time": "0:00:00.131752",
    "diff": 0.0007057838896008565,
    "change_from_prev": 1.6598279283137896e-11,
    "circuit_cost": {
        "depth": 819,
        "size": 2744,
        "num_2q_ops": 647,
        "depth_2q": 273,
        "count_ops": {
            "rz": 956,
            "sx": 912,
            "cz": 647,
            "x": 209,
            "measure": 20,
            "barrier": 1
        }
    }
}
[2026-02-13 14:02:17,638][INFO] [Run 4] Running for Krylov dimension 4
[2026-02-13 14:02:18,574][INFO] [Run 4]
{
    "raw_unique_basis_states": 9747,
    "fermion_basis_rejected": 0,
    "kept_unique_basis_states": 9747,
    "fermion_shots_rejected": 0,
    "kept_shots": 40000
}
[2026-02-13 14:03:52,636][INFO] [Run 4]
{
    "D": 4,
    "t": 4.0,
    "num_trotter_steps": 1,
    "circuit_time": "0:00:00.849252",
    "shot_processing": {
        "raw_unique_basis_states": 9747,
        "fermion_basis_rejected": 0,
        "kept_unique_basis_states": 9747,
        "fermion_shots_rejected": 0,
        "kept_shots": 40000
    },
    "new_basis_count": 4943,
    "total_basis_count": 19693,
    "H_reduced_size": [
        19693,
        19693
    ],
    "reduction": 98.12192916870117,
    "H_reduced_e": 0.0007053360227514449,
    "used_dense": false,
    "eigenvalue_time": "0:00:00.176718",
    "diff": 0.0007053360227475128,
    "change_from_prev": 4.478668533436543e-07,
    "circuit_cost": {
        "depth": 826,
        "size": 2756,
        "num_2q_ops": 647,
        "depth_2q": 273,
        "count_ops": {
            "rz": 961,
            "sx": 912,
            "cz": 647,
            "x": 216,
            "measure": 20,
            "barrier": 1
        }
    }
}
[2026-02-13 14:03:52,636][INFO] [Run 4] Running for Krylov dimension 5
[2026-02-13 14:03:53,614][INFO] [Run 4]
{
    "raw_unique_basis_states": 13574,
    "fermion_basis_rejected": 0,
    "kept_unique_basis_states": 13574,
    "fermion_shots_rejected": 0,
    "kept_shots": 40000
}
[2026-02-13 14:06:12,112][INFO] [Run 4]
{
    "D": 5,
    "t": 5.0,
    "num_trotter_steps": 1,
    "circuit_time": "0:00:00.886994",
    "shot_processing": {
        "raw_unique_basis_states": 13574,
        "fermion_basis_rejected": 0,
        "kept_unique_basis_states": 13574,
        "fermion_shots_rejected": 0,
        "kept_shots": 40000
    },
    "new_basis_count": 9140,
    "total_basis_count": 28833,
    "H_reduced_size": [
        28833,
        28833
    ],
    "reduction": 97.25027084350586,
    "H_reduced_e": 0.00027235235073694807,
    "used_dense": false,
    "eigenvalue_time": "0:00:00.305715",
    "diff": 0.00027235235073301594,
    "change_from_prev": 0.00043298367201449685,
    "circuit_cost": {
        "depth": 822,
        "size": 2739,
        "num_2q_ops": 647,
        "depth_2q": 273,
        "count_ops": {
            "rz": 947,
            "sx": 912,
            "cz": 647,
            "x": 213,
            "measure": 20,
            "barrier": 1
        }
    }
}
[2026-02-13 14:06:12,112][INFO] [Run 4] Running for Krylov dimension 6
[2026-02-13 14:06:13,073][INFO] [Run 4]
{
    "raw_unique_basis_states": 2214,
    "fermion_basis_rejected": 0,
    "kept_unique_basis_states": 2214,
    "fermion_shots_rejected": 0,
    "kept_shots": 40000
}
[2026-02-13 14:08:35,547][INFO] [Run 4]
{
    "D": 6,
    "t": 6.0,
    "num_trotter_steps": 1,
    "circuit_time": "0:00:00.887244",
    "shot_processing": {
        "raw_unique_basis_states": 2214,
        "fermion_basis_rejected": 0,
        "kept_unique_basis_states": 2214,
        "fermion_shots_rejected": 0,
        "kept_shots": 40000
    },
    "new_basis_count": 759,
    "total_basis_count": 29592,
    "H_reduced_size": [
        29592,
        29592
    ],
    "reduction": 97.17788696289062,
    "H_reduced_e": 0.00027235228907517196,
    "used_dense": false,
    "eigenvalue_time": "0:00:00.318950",
    "diff": 0.00027235228907123983,
    "change_from_prev": 6.16617761082898e-11,
    "circuit_cost": {
        "depth": 830,
        "size": 2771,
        "num_2q_ops": 647,
        "depth_2q": 273,
        "count_ops": {
            "rz": 970,
            "sx": 908,
            "cz": 647,
            "x": 226,
            "measure": 20,
            "barrier": 1
        }
    }
}
[2026-02-13 14:08:35,548][INFO] [Run 4] Running for Krylov dimension 7
[2026-02-13 14:08:37,258][INFO] [Run 4]
{
    "raw_unique_basis_states": 9167,
    "fermion_basis_rejected": 0,
    "kept_unique_basis_states": 9167,
    "fermion_shots_rejected": 0,
    "kept_shots": 40000
}
[2026-02-13 14:11:26,661][INFO] [Run 4]
{
    "D": 7,
    "t": 3.5,
    "num_trotter_steps": 2,
    "circuit_time": "0:00:01.573566",
    "shot_processing": {
        "raw_unique_basis_states": 9167,
        "fermion_basis_rejected": 0,
        "kept_unique_basis_states": 9167,
        "fermion_shots_rejected": 0,
        "kept_shots": 40000
    },
    "new_basis_count": 4818,
    "total_basis_count": 34410,
    "H_reduced_size": [
        34410,
        34410
    ],
    "reduction": 96.7184066772461,
    "H_reduced_e": 0.00026102615837479633,
    "used_dense": false,
    "eigenvalue_time": "0:00:00.383462",
    "diff": 0.0002610261583708642,
    "change_from_prev": 1.1326130700375632e-05,
    "circuit_cost": {
        "depth": 1626,
        "size": 5445,
        "num_2q_ops": 1294,
        "depth_2q": 544,
        "count_ops": {
            "rz": 1883,
            "sx": 1823,
            "cz": 1294,
            "x": 425,
            "measure": 20,
            "barrier": 1
        }
    }
}
[2026-02-13 14:11:26,662][INFO] [Run 4] Running for Krylov dimension 8
[2026-02-13 14:11:28,374][INFO] [Run 4]
{
    "raw_unique_basis_states": 13880,
    "fermion_basis_rejected": 0,
    "kept_unique_basis_states": 13880,
    "fermion_shots_rejected": 0,
    "kept_shots": 40000
}
[2026-02-13 14:14:49,866][INFO] [Run 4]
{
    "D": 8,
    "t": 4.0,
    "num_trotter_steps": 2,
    "circuit_time": "0:00:01.570236",
    "shot_processing": {
        "raw_unique_basis_states": 13880,
        "fermion_basis_rejected": 0,
        "kept_unique_basis_states": 13880,
        "fermion_shots_rejected": 0,
        "kept_shots": 40000
    },
    "new_basis_count": 6404,
    "total_basis_count": 40814,
    "H_reduced_size": [
        40814,
        40814
    ],
    "reduction": 96.10767364501953,
    "H_reduced_e": 9.631942006162326e-06,
    "used_dense": false,
    "eigenvalue_time": "0:00:00.562363",
    "diff": 9.631942002230195e-06,
    "change_from_prev": 0.000251394216368634,
    "circuit_cost": {
        "depth": 1625,
        "size": 5434,
        "num_2q_ops": 1294,
        "depth_2q": 544,
        "count_ops": {
            "rz": 1883,
            "sx": 1823,
            "cz": 1294,
            "x": 414,
            "measure": 20,
            "barrier": 1
        }
    }
}
[2026-02-13 14:14:49,867][INFO] [Run 4] Running for Krylov dimension 9
[2026-02-13 14:14:51,569][INFO] [Run 4]
{
    "raw_unique_basis_states": 16374,
    "fermion_basis_rejected": 0,
    "kept_unique_basis_states": 16374,
    "fermion_shots_rejected": 0,
    "kept_shots": 40000
}
[2026-02-13 14:18:49,347][INFO] [Run 4]
{
    "D": 9,
    "t": 4.5,
    "num_trotter_steps": 2,
    "circuit_time": "0:00:01.558021",
    "shot_processing": {
        "raw_unique_basis_states": 16374,
        "fermion_basis_rejected": 0,
        "kept_unique_basis_states": 16374,
        "fermion_shots_rejected": 0,
        "kept_shots": 40000
    },
    "new_basis_count": 7430,
    "total_basis_count": 48244,
    "H_reduced_size": [
        48244,
        48244
    ],
    "reduction": 95.39909362792969,
    "H_reduced_e": 7.055423222529318e-06,
    "used_dense": false,
    "eigenvalue_time": "0:00:00.696575",
    "diff": 7.055423218597188e-06,
    "change_from_prev": 2.576518783633008e-06,
    "circuit_cost": {
        "depth": 1650,
        "size": 5440,
        "num_2q_ops": 1294,
        "depth_2q": 544,
        "count_ops": {
            "rz": 1885,
            "sx": 1823,
            "cz": 1294,
            "x": 418,
            "measure": 20,
            "barrier": 1
        }
    }
}
[2026-02-13 14:18:49,348][INFO] [Run 4] Running for Krylov dimension 10
[2026-02-13 14:18:50,999][INFO] [Run 4]
{
    "raw_unique_basis_states": 15262,
    "fermion_basis_rejected": 0,
    "kept_unique_basis_states": 15262,
    "fermion_shots_rejected": 0,
    "kept_shots": 40000
}
[2026-02-13 14:23:15,431][INFO] [Run 4]
{
    "D": 10,
    "t": 5.0,
    "num_trotter_steps": 2,
    "circuit_time": "0:00:01.512454",
    "shot_processing": {
        "raw_unique_basis_states": 15262,
        "fermion_basis_rejected": 0,
        "kept_unique_basis_states": 15262,
        "fermion_shots_rejected": 0,
        "kept_shots": 40000
    },
    "new_basis_count": 5161,
    "total_basis_count": 53405,
    "H_reduced_size": [
        53405,
        53405
    ],
    "reduction": 94.90690231323242,
    "H_reduced_e": 3.885808301381529e-06,
    "used_dense": false,
    "eigenvalue_time": "0:00:00.797942",
    "diff": 3.885808297449399e-06,
    "change_from_prev": 3.169614921147789e-06,
    "circuit_cost": {
        "depth": 1639,
        "size": 5466,
        "num_2q_ops": 1294,
        "depth_2q": 544,
        "count_ops": {
            "rz": 1901,
            "sx": 1823,
            "cz": 1294,
            "x": 428,
            "measure": 20,
            "barrier": 1
        }
    }
}
[2026-02-13 14:23:15,431][INFO] [Run 4] Running for Krylov dimension 11
[2026-02-13 14:23:17,078][INFO] [Run 4]
{
    "raw_unique_basis_states": 10774,
    "fermion_basis_rejected": 0,
    "kept_unique_basis_states": 10774,
    "fermion_shots_rejected": 0,
    "kept_shots": 40000
}
[2026-02-13 14:28:02,102][INFO] [Run 4]
{
    "D": 11,
    "t": 5.5,
    "num_trotter_steps": 2,
    "circuit_time": "0:00:01.511747",
    "shot_processing": {
        "raw_unique_basis_states": 10774,
        "fermion_basis_rejected": 0,
        "kept_unique_basis_states": 10774,
        "fermion_shots_rejected": 0,
        "kept_shots": 40000
    },
    "new_basis_count": 2201,
    "total_basis_count": 55606,
    "H_reduced_size": [
        55606,
        55606
    ],
    "reduction": 94.6969985961914,
    "H_reduced_e": 1.3547329839398845e-06,
    "used_dense": false,
    "eigenvalue_time": "0:00:00.927115",
    "diff": 1.3547329800077551e-06,
    "change_from_prev": 2.531075317441644e-06,
    "circuit_cost": {
        "depth": 1653,
        "size": 5532,
        "num_2q_ops": 1294,
        "depth_2q": 544,
        "count_ops": {
            "rz": 1941,
            "sx": 1823,
            "cz": 1294,
            "x": 454,
            "measure": 20,
            "barrier": 1
        }
    }
}
[2026-02-13 14:28:02,102][INFO] [Run 4] Running for Krylov dimension 12
[2026-02-13 14:28:03,759][INFO] [Run 4]
{
    "raw_unique_basis_states": 5448,
    "fermion_basis_rejected": 0,
    "kept_unique_basis_states": 5448,
    "fermion_shots_rejected": 0,
    "kept_shots": 40000
}
[2026-02-13 14:32:49,940][INFO] [Run 4]
{
    "D": 12,
    "t": 6.0,
    "num_trotter_steps": 2,
    "circuit_time": "0:00:01.526661",
    "shot_processing": {
        "raw_unique_basis_states": 5448,
        "fermion_basis_rejected": 0,
        "kept_unique_basis_states": 5448,
        "fermion_shots_rejected": 0,
        "kept_shots": 40000
    },
    "new_basis_count": 306,
    "total_basis_count": 55912,
    "H_reduced_size": [
        55912,
        55912
    ],
    "reduction": 94.66781616210938,
    "H_reduced_e": 1.3547329834137348e-06,
    "used_dense": false,
    "eigenvalue_time": "0:00:00.921969",
    "diff": 1.3547329794816054e-06,
    "change_from_prev": 5.261497617800592e-16,
    "circuit_cost": {
        "depth": 1623,
        "size": 5432,
        "num_2q_ops": 1294,
        "depth_2q": 544,
        "count_ops": {
            "rz": 1885,
            "sx": 1823,
            "cz": 1294,
            "x": 410,
            "measure": 20,
            "barrier": 1
        }
    }
}
[2026-02-13 14:32:49,940][INFO] [Run 4] Running for Krylov dimension 13
[2026-02-13 14:32:51,723][INFO] [Run 4]
{
    "raw_unique_basis_states": 3837,
    "fermion_basis_rejected": 0,
    "kept_unique_basis_states": 3837,
    "fermion_shots_rejected": 0,
    "kept_shots": 40000
}
[2026-02-13 14:37:46,793][INFO] [Run 4]
{
    "D": 13,
    "t": 6.5,
    "num_trotter_steps": 2,
    "circuit_time": "0:00:01.636247",
    "shot_processing": {
        "raw_unique_basis_states": 3837,
        "fermion_basis_rejected": 0,
        "kept_unique_basis_states": 3837,
        "fermion_shots_rejected": 0,
        "kept_shots": 40000
    },
    "new_basis_count": 156,
    "total_basis_count": 56068,
    "H_reduced_size": [
        56068,
        56068
    ],
    "reduction": 94.65293884277344,
    "H_reduced_e": 1.3547329459529196e-06,
    "used_dense": false,
    "eigenvalue_time": "0:00:00.988911",
    "diff": 1.3547329420207902e-06,
    "change_from_prev": 3.746081517428117e-14,
    "circuit_cost": {
        "depth": 1641,
        "size": 5518,
        "num_2q_ops": 1294,
        "depth_2q": 544,
        "count_ops": {
            "rz": 1911,
            "sx": 1823,
            "cz": 1294,
            "x": 470,
            "measure": 20,
            "barrier": 1
        }
    }
}
[2026-02-13 14:37:46,793][INFO] [Run 4] Running for Krylov dimension 14
[2026-02-13 14:37:49,165][INFO] [Run 4]
{
    "raw_unique_basis_states": 14587,
    "fermion_basis_rejected": 0,
    "kept_unique_basis_states": 14587,
    "fermion_shots_rejected": 0,
    "kept_shots": 40000
}
[2026-02-13 14:42:51,985][INFO] [Run 4]
{
    "D": 14,
    "t": 4.666666666666667,
    "num_trotter_steps": 3,
    "circuit_time": "0:00:02.174530",
    "shot_processing": {
        "raw_unique_basis_states": 14587,
        "fermion_basis_rejected": 0,
        "kept_unique_basis_states": 14587,
        "fermion_shots_rejected": 0,
        "kept_shots": 40000
    },
    "new_basis_count": 3138,
    "total_basis_count": 59206,
    "H_reduced_size": [
        59206,
        59206
    ],
    "reduction": 94.35367584228516,
    "H_reduced_e": 1.3547293531943458e-06,
    "used_dense": false,
    "eigenvalue_time": "0:00:01.158938",
    "diff": 1.3547293492622164e-06,
    "change_from_prev": 3.5927585738093875e-12,
    "circuit_cost": {
        "depth": 2440,
        "size": 8165,
        "num_2q_ops": 1941,
        "depth_2q": 815,
        "count_ops": {
            "rz": 2827,
            "sx": 2735,
            "cz": 1941,
            "x": 642,
            "measure": 20,
            "barrier": 1
        }
    }
}
[2026-02-13 14:42:51,988][INFO] [Run 4] Done
