[2026-02-13 14:02:49,504][INFO] Running VQE for linear potential and cutoff 16
[2026-02-13 14:02:49,506][INFO] Truncation: {'m': 212, 'n': 2211, 'keep_frac_terms': 0.09588421528720036, 'keep_ratio': 0.999, 'truncated': 1.377312853455578, 'total_weight': 1381.999999999984}
[2026-02-13 14:02:49,533][INFO] min_eigenvalue: 3.9321294598410086e-15
[2026-02-13 14:02:51,812][INFO] []
[2026-02-13 14:02:51,813][INFO] [Run 7] Running for Krylov dimension 1
[2026-02-13 14:02:52,774][INFO] [Run 7]
{
    "raw_unique_basis_states": 3129,
    "fermion_basis_rejected": 0,
    "kept_unique_basis_states": 3129,
    "fermion_shots_rejected": 0,
    "kept_shots": 40000
}
[2026-02-13 14:03:05,799][INFO] [Run 7]
{
    "D": 1,
    "t": 1.0,
    "num_trotter_steps": 1,
    "circuit_time": "0:00:00.870733",
    "shot_processing": {
        "raw_unique_basis_states": 3129,
        "fermion_basis_rejected": 0,
        "kept_unique_basis_states": 3129,
        "fermion_shots_rejected": 0,
        "kept_shots": 40000
    },
    "new_basis_count": 3129,
    "total_basis_count": 3129,
    "H_reduced_size": [
        3129,
        3129
    ],
    "reduction": 99.70159530639648,
    "H_reduced_e": 0.0003256175613933474,
    "used_dense": false,
    "eigenvalue_time": "0:00:00.020639",
    "diff": 0.00032561756138941526,
    "change_from_prev": null,
    "circuit_cost": {
        "depth": 826,
        "size": 2758,
        "num_2q_ops": 647,
        "depth_2q": 273,
        "count_ops": {
            "rz": 960,
            "sx": 912,
            "cz": 647,
            "x": 219,
            "measure": 20,
            "barrier": 1
        }
    }
}
[2026-02-13 14:03:05,799][INFO] [Run 7] Running for Krylov dimension 2
[2026-02-13 14:03:06,712][INFO] [Run 7]
{
    "raw_unique_basis_states": 11394,
    "fermion_basis_rejected": 0,
    "kept_unique_basis_states": 11394,
    "fermion_shots_rejected": 0,
    "kept_shots": 40000
}
[2026-02-13 14:04:07,192][INFO] [Run 7]
{
    "D": 2,
    "t": 2.0,
    "num_trotter_steps": 1,
    "circuit_time": "0:00:00.828532",
    "shot_processing": {
        "raw_unique_basis_states": 11394,
        "fermion_basis_rejected": 0,
        "kept_unique_basis_states": 11394,
        "fermion_shots_rejected": 0,
        "kept_shots": 40000
    },
    "new_basis_count": 9904,
    "total_basis_count": 13033,
    "H_reduced_size": [
        13033,
        13033
    ],
    "reduction": 98.75707626342773,
    "H_reduced_e": 0.0002910414385771267,
    "used_dense": false,
    "eigenvalue_time": "0:00:00.120361",
    "diff": 0.00029104143857319455,
    "change_from_prev": 3.457612281622071e-05,
    "circuit_cost": {
        "depth": 819,
        "size": 2742,
        "num_2q_ops": 647,
        "depth_2q": 273,
        "count_ops": {
            "rz": 952,
            "sx": 912,
            "cz": 647,
            "x": 211,
            "measure": 20,
            "barrier": 1
        }
    }
}
[2026-02-13 14:04:07,192][INFO] [Run 7] Running for Krylov dimension 3
[2026-02-13 14:04:08,074][INFO] [Run 7]
{
    "raw_unique_basis_states": 3035,
    "fermion_basis_rejected": 0,
    "kept_unique_basis_states": 3035,
    "fermion_shots_rejected": 0,
    "kept_shots": 40000
}
[2026-02-13 14:05:18,158][INFO] [Run 7]
{
    "D": 3,
    "t": 3.0,
    "num_trotter_steps": 1,
    "circuit_time": "0:00:00.804000",
    "shot_processing": {
        "raw_unique_basis_states": 3035,
        "fermion_basis_rejected": 0,
        "kept_unique_basis_states": 3035,
        "fermion_shots_rejected": 0,
        "kept_shots": 40000
    },
    "new_basis_count": 1700,
    "total_basis_count": 14733,
    "H_reduced_size": [
        14733,
        14733
    ],
    "reduction": 98.59495162963867,
    "H_reduced_e": 0.0002910411175689761,
    "used_dense": false,
    "eigenvalue_time": "0:00:00.132974",
    "diff": 0.000291041117565044,
    "change_from_prev": 3.210081505624317e-10,
    "circuit_cost": {
        "depth": 819,
        "size": 2744,
        "num_2q_ops": 647,
        "depth_2q": 273,
        "count_ops": {
            "rz": 956,
            "sx": 912,
            "cz": 647,
            "x": 209,
            "measure": 20,
            "barrier": 1
        }
    }
}
[2026-02-13 14:05:18,159][INFO] [Run 7] Running for Krylov dimension 4
[2026-02-13 14:05:19,057][INFO] [Run 7]
{
    "raw_unique_basis_states": 9802,
    "fermion_basis_rejected": 0,
    "kept_unique_basis_states": 9802,
    "fermion_shots_rejected": 0,
    "kept_shots": 40000
}
[2026-02-13 14:06:49,334][INFO] [Run 7]
{
    "D": 4,
    "t": 4.0,
    "num_trotter_steps": 1,
    "circuit_time": "0:00:00.814861",
    "shot_processing": {
        "raw_unique_basis_states": 9802,
        "fermion_basis_rejected": 0,
        "kept_unique_basis_states": 9802,
        "fermion_shots_rejected": 0,
        "kept_shots": 40000
    },
    "new_basis_count": 4972,
    "total_basis_count": 19705,
    "H_reduced_size": [
        19705,
        19705
    ],
    "reduction": 98.12078475952148,
    "H_reduced_e": 0.0002903811745601115,
    "used_dense": false,
    "eigenvalue_time": "0:00:00.196747",
    "diff": 0.0002903811745561794,
    "change_from_prev": 6.59943008864594e-07,
    "circuit_cost": {
        "depth": 826,
        "size": 2756,
        "num_2q_ops": 647,
        "depth_2q": 273,
        "count_ops": {
            "rz": 961,
            "sx": 912,
            "cz": 647,
            "x": 216,
            "measure": 20,
            "barrier": 1
        }
    }
}
[2026-02-13 14:06:49,334][INFO] [Run 7] Running for Krylov dimension 5
[2026-02-13 14:06:50,288][INFO] [Run 7]
{
    "raw_unique_basis_states": 13482,
    "fermion_basis_rejected": 0,
    "kept_unique_basis_states": 13482,
    "fermion_shots_rejected": 0,
    "kept_shots": 40000
}
[2026-02-13 14:09:09,820][INFO] [Run 7]
{
    "D": 5,
    "t": 5.0,
    "num_trotter_steps": 1,
    "circuit_time": "0:00:00.867248",
    "shot_processing": {
        "raw_unique_basis_states": 13482,
        "fermion_basis_rejected": 0,
        "kept_unique_basis_states": 13482,
        "fermion_shots_rejected": 0,
        "kept_shots": 40000
    },
    "new_basis_count": 9101,
    "total_basis_count": 28806,
    "H_reduced_size": [
        28806,
        28806
    ],
    "reduction": 97.25284576416016,
    "H_reduced_e": 0.00027083205474137505,
    "used_dense": false,
    "eigenvalue_time": "0:00:00.326485",
    "diff": 0.0002708320547374429,
    "change_from_prev": 1.9549119818736474e-05,
    "circuit_cost": {
        "depth": 822,
        "size": 2739,
        "num_2q_ops": 647,
        "depth_2q": 273,
        "count_ops": {
            "rz": 947,
            "sx": 912,
            "cz": 647,
            "x": 213,
            "measure": 20,
            "barrier": 1
        }
    }
}
[2026-02-13 14:09:09,820][INFO] [Run 7] Running for Krylov dimension 6
[2026-02-13 14:09:10,779][INFO] [Run 7]
{
    "raw_unique_basis_states": 2197,
    "fermion_basis_rejected": 0,
    "kept_unique_basis_states": 2197,
    "fermion_shots_rejected": 0,
    "kept_shots": 40000
}
[2026-02-13 14:11:43,008][INFO] [Run 7]
{
    "D": 6,
    "t": 6.0,
    "num_trotter_steps": 1,
    "circuit_time": "0:00:00.883461",
    "shot_processing": {
        "raw_unique_basis_states": 2197,
        "fermion_basis_rejected": 0,
        "kept_unique_basis_states": 2197,
        "fermion_shots_rejected": 0,
        "kept_shots": 40000
    },
    "new_basis_count": 748,
    "total_basis_count": 29554,
    "H_reduced_size": [
        29554,
        29554
    ],
    "reduction": 97.18151092529297,
    "H_reduced_e": 0.0002708299094483394,
    "used_dense": false,
    "eigenvalue_time": "0:00:00.371383",
    "diff": 0.00027082990944440725,
    "change_from_prev": 2.1452930356637145e-09,
    "circuit_cost": {
        "depth": 830,
        "size": 2771,
        "num_2q_ops": 647,
        "depth_2q": 273,
        "count_ops": {
            "rz": 970,
            "sx": 908,
            "cz": 647,
            "x": 226,
            "measure": 20,
            "barrier": 1
        }
    }
}
[2026-02-13 14:11:43,009][INFO] [Run 7] Running for Krylov dimension 7
[2026-02-13 14:11:44,693][INFO] [Run 7]
{
    "raw_unique_basis_states": 9044,
    "fermion_basis_rejected": 0,
    "kept_unique_basis_states": 9044,
    "fermion_shots_rejected": 0,
    "kept_shots": 40000
}
[2026-02-13 14:14:40,824][INFO] [Run 7]
{
    "D": 7,
    "t": 3.5,
    "num_trotter_steps": 2,
    "circuit_time": "0:00:01.546802",
    "shot_processing": {
        "raw_unique_basis_states": 9044,
        "fermion_basis_rejected": 0,
        "kept_unique_basis_states": 9044,
        "fermion_shots_rejected": 0,
        "kept_shots": 40000
    },
    "new_basis_count": 4683,
    "total_basis_count": 34237,
    "H_reduced_size": [
        34237,
        34237
    ],
    "reduction": 96.73490524291992,
    "H_reduced_e": 0.0002596345493363613,
    "used_dense": false,
    "eigenvalue_time": "0:00:00.471646",
    "diff": 0.00025963454933242917,
    "change_from_prev": 1.1195360111978083e-05,
    "circuit_cost": {
        "depth": 1626,
        "size": 5445,
        "num_2q_ops": 1294,
        "depth_2q": 544,
        "count_ops": {
            "rz": 1883,
            "sx": 1823,
            "cz": 1294,
            "x": 425,
            "measure": 20,
            "barrier": 1
        }
    }
}
[2026-02-13 14:14:40,824][INFO] [Run 7] Running for Krylov dimension 8
[2026-02-13 14:14:42,515][INFO] [Run 7]
{
    "raw_unique_basis_states": 13847,
    "fermion_basis_rejected": 0,
    "kept_unique_basis_states": 13847,
    "fermion_shots_rejected": 0,
    "kept_shots": 40000
}
[2026-02-13 14:18:14,632][INFO] [Run 7]
{
    "D": 8,
    "t": 4.0,
    "num_trotter_steps": 2,
    "circuit_time": "0:00:01.547727",
    "shot_processing": {
        "raw_unique_basis_states": 13847,
        "fermion_basis_rejected": 0,
        "kept_unique_basis_states": 13847,
        "fermion_shots_rejected": 0,
        "kept_shots": 40000
    },
    "new_basis_count": 6375,
    "total_basis_count": 40612,
    "H_reduced_size": [
        40612,
        40612
    ],
    "reduction": 96.12693786621094,
    "H_reduced_e": 6.587808822835806e-06,
    "used_dense": false,
    "eigenvalue_time": "0:00:00.548593",
    "diff": 6.587808818903677e-06,
    "change_from_prev": 0.0002530467405135255,
    "circuit_cost": {
        "depth": 1625,
        "size": 5434,
        "num_2q_ops": 1294,
        "depth_2q": 544,
        "count_ops": {
            "rz": 1883,
            "sx": 1823,
            "cz": 1294,
            "x": 414,
            "measure": 20,
            "barrier": 1
        }
    }
}
[2026-02-13 14:18:14,632][INFO] [Run 7] Running for Krylov dimension 9
[2026-02-13 14:18:16,313][INFO] [Run 7]
{
    "raw_unique_basis_states": 16340,
    "fermion_basis_rejected": 0,
    "kept_unique_basis_states": 16340,
    "fermion_shots_rejected": 0,
    "kept_shots": 40000
}
[2026-02-13 14:22:32,694][INFO] [Run 7]
{
    "D": 9,
    "t": 4.5,
    "num_trotter_steps": 2,
    "circuit_time": "0:00:01.535516",
    "shot_processing": {
        "raw_unique_basis_states": 16340,
        "fermion_basis_rejected": 0,
        "kept_unique_basis_states": 16340,
        "fermion_shots_rejected": 0,
        "kept_shots": 40000
    },
    "new_basis_count": 7495,
    "total_basis_count": 48107,
    "H_reduced_size": [
        48107,
        48107
    ],
    "reduction": 95.41215896606445,
    "H_reduced_e": 6.560687270460994e-06,
    "used_dense": false,
    "eigenvalue_time": "0:00:00.816504",
    "diff": 6.560687266528864e-06,
    "change_from_prev": 2.7121552374812462e-08,
    "circuit_cost": {
        "depth": 1650,
        "size": 5440,
        "num_2q_ops": 1294,
        "depth_2q": 544,
        "count_ops": {
            "rz": 1885,
            "sx": 1823,
            "cz": 1294,
            "x": 418,
            "measure": 20,
            "barrier": 1
        }
    }
}
[2026-02-13 14:22:32,694][INFO] [Run 7] Running for Krylov dimension 10
[2026-02-13 14:22:34,368][INFO] [Run 7]
{
    "raw_unique_basis_states": 15320,
    "fermion_basis_rejected": 0,
    "kept_unique_basis_states": 15320,
    "fermion_shots_rejected": 0,
    "kept_shots": 40000
}
[2026-02-13 14:27:29,599][INFO] [Run 7]
{
    "D": 10,
    "t": 5.0,
    "num_trotter_steps": 2,
    "circuit_time": "0:00:01.527616",
    "shot_processing": {
        "raw_unique_basis_states": 15320,
        "fermion_basis_rejected": 0,
        "kept_unique_basis_states": 15320,
        "fermion_shots_rejected": 0,
        "kept_shots": 40000
    },
    "new_basis_count": 5215,
    "total_basis_count": 53322,
    "H_reduced_size": [
        53322,
        53322
    ],
    "reduction": 94.9148178100586,
    "H_reduced_e": 6.495498288310622e-06,
    "used_dense": false,
    "eigenvalue_time": "0:00:00.873801",
    "diff": 6.4954982843784925e-06,
    "change_from_prev": 6.518898215037194e-08,
    "circuit_cost": {
        "depth": 1639,
        "size": 5466,
        "num_2q_ops": 1294,
        "depth_2q": 544,
        "count_ops": {
            "rz": 1901,
            "sx": 1823,
            "cz": 1294,
            "x": 428,
            "measure": 20,
            "barrier": 1
        }
    }
}
[2026-02-13 14:27:29,599][INFO] [Run 7] Running for Krylov dimension 11
[2026-02-13 14:27:31,255][INFO] [Run 7]
{
    "raw_unique_basis_states": 10824,
    "fermion_basis_rejected": 0,
    "kept_unique_basis_states": 10824,
    "fermion_shots_rejected": 0,
    "kept_shots": 40000
}
[2026-02-13 14:32:30,337][INFO] [Run 7]
{
    "D": 11,
    "t": 5.5,
    "num_trotter_steps": 2,
    "circuit_time": "0:00:01.518432",
    "shot_processing": {
        "raw_unique_basis_states": 10824,
        "fermion_basis_rejected": 0,
        "kept_unique_basis_states": 10824,
        "fermion_shots_rejected": 0,
        "kept_shots": 40000
    },
    "new_basis_count": 2277,
    "total_basis_count": 55599,
    "H_reduced_size": [
        55599,
        55599
    ],
    "reduction": 94.69766616821289,
    "H_reduced_e": 3.17797159554762e-06,
    "used_dense": false,
    "eigenvalue_time": "0:00:00.894509",
    "diff": 3.1779715916154904e-06,
    "change_from_prev": 3.317526692763002e-06,
    "circuit_cost": {
        "depth": 1653,
        "size": 5532,
        "num_2q_ops": 1294,
        "depth_2q": 544,
        "count_ops": {
            "rz": 1941,
            "sx": 1823,
            "cz": 1294,
            "x": 454,
            "measure": 20,
            "barrier": 1
        }
    }
}
[2026-02-13 14:32:30,337][INFO] [Run 7] Running for Krylov dimension 12
[2026-02-13 14:32:31,986][INFO] [Run 7]
{
    "raw_unique_basis_states": 5365,
    "fermion_basis_rejected": 0,
    "kept_unique_basis_states": 5365,
    "fermion_shots_rejected": 0,
    "kept_shots": 40000
}
[2026-02-13 14:37:11,588][INFO] [Run 7]
{
    "D": 12,
    "t": 6.0,
    "num_trotter_steps": 2,
    "circuit_time": "0:00:01.520996",
    "shot_processing": {
        "raw_unique_basis_states": 5365,
        "fermion_basis_rejected": 0,
        "kept_unique_basis_states": 5365,
        "fermion_shots_rejected": 0,
        "kept_shots": 40000
    },
    "new_basis_count": 301,
    "total_basis_count": 55900,
    "H_reduced_size": [
        55900,
        55900
    ],
    "reduction": 94.66896057128906,
    "H_reduced_e": 6.678580513567218e-07,
    "used_dense": false,
    "eigenvalue_time": "0:00:00.894622",
    "diff": 6.678580474245923e-07,
    "change_from_prev": 2.5101135441908983e-06,
    "circuit_cost": {
        "depth": 1623,
        "size": 5432,
        "num_2q_ops": 1294,
        "depth_2q": 544,
        "count_ops": {
            "rz": 1885,
            "sx": 1823,
            "cz": 1294,
            "x": 410,
            "measure": 20,
            "barrier": 1
        }
    }
}
[2026-02-13 14:37:11,588][INFO] [Run 7] Running for Krylov dimension 13
[2026-02-13 14:37:13,234][INFO] [Run 7]
{
    "raw_unique_basis_states": 3828,
    "fermion_basis_rejected": 0,
    "kept_unique_basis_states": 3828,
    "fermion_shots_rejected": 0,
    "kept_shots": 40000
}
[2026-02-13 14:42:05,769][INFO] [Run 7]
{
    "D": 13,
    "t": 6.5,
    "num_trotter_steps": 2,
    "circuit_time": "0:00:01.505596",
    "shot_processing": {
        "raw_unique_basis_states": 3828,
        "fermion_basis_rejected": 0,
        "kept_unique_basis_states": 3828,
        "fermion_shots_rejected": 0,
        "kept_shots": 40000
    },
    "new_basis_count": 150,
    "total_basis_count": 56050,
    "H_reduced_size": [
        56050,
        56050
    ],
    "reduction": 94.65465545654297,
    "H_reduced_e": 6.67487766128135e-07,
    "used_dense": false,
    "eigenvalue_time": "0:00:00.899043",
    "diff": 6.674877621960055e-07,
    "change_from_prev": 3.702852285867938e-10,
    "circuit_cost": {
        "depth": 1641,
        "size": 5518,
        "num_2q_ops": 1294,
        "depth_2q": 544,
        "count_ops": {
            "rz": 1911,
            "sx": 1823,
            "cz": 1294,
            "x": 470,
            "measure": 20,
            "barrier": 1
        }
    }
}
[2026-02-13 14:42:05,770][INFO] [Run 7] Running for Krylov dimension 14
[2026-02-13 14:42:07,417][INFO] [Run 7]
{
    "raw_unique_basis_states": 7436,
    "fermion_basis_rejected": 0,
    "kept_unique_basis_states": 7436,
    "fermion_shots_rejected": 0,
    "kept_shots": 40000
}
[2026-02-13 14:46:52,955][INFO] [Run 7]
{
    "D": 14,
    "t": 7.0,
    "num_trotter_steps": 2,
    "circuit_time": "0:00:01.518299",
    "shot_processing": {
        "raw_unique_basis_states": 7436,
        "fermion_basis_rejected": 0,
        "kept_unique_basis_states": 7436,
        "fermion_shots_rejected": 0,
        "kept_shots": 40000
    },
    "new_basis_count": 854,
    "total_basis_count": 56904,
    "H_reduced_size": [
        56904,
        56904
    ],
    "reduction": 94.57321166992188,
    "H_reduced_e": 5.807586926354718e-10,
    "used_dense": false,
    "eigenvalue_time": "0:00:01.123722",
    "diff": 5.807547605060119e-10,
    "change_from_prev": 6.669070074354995e-07,
    "circuit_cost": {
        "depth": 1624,
        "size": 5410,
        "num_2q_ops": 1294,
        "depth_2q": 544,
        "count_ops": {
            "rz": 1865,
            "sx": 1823,
            "cz": 1294,
            "x": 408,
            "measure": 20,
            "barrier": 1
        }
    }
}
[2026-02-13 14:46:52,955][INFO] [Run 7] Running for Krylov dimension 15
[2026-02-13 14:46:54,592][INFO] [Run 7]
{
    "raw_unique_basis_states": 10335,
    "fermion_basis_rejected": 0,
    "kept_unique_basis_states": 10335,
    "fermion_shots_rejected": 0,
    "kept_shots": 40000
}
[2026-02-13 14:51:47,952][INFO] [Run 7]
{
    "D": 15,
    "t": 7.5,
    "num_trotter_steps": 2,
    "circuit_time": "0:00:01.513429",
    "shot_processing": {
        "raw_unique_basis_states": 10335,
        "fermion_basis_rejected": 0,
        "kept_unique_basis_states": 10335,
        "fermion_shots_rejected": 0,
        "kept_shots": 40000
    },
    "new_basis_count": 1394,
    "total_basis_count": 58298,
    "H_reduced_size": [
        58298,
        58298
    ],
    "reduction": 94.44026947021484,
    "H_reduced_e": 2.353211467750722e-10,
    "used_dense": false,
    "eigenvalue_time": "0:00:01.289526",
    "diff": 2.353172146456124e-10,
    "change_from_prev": 3.454375458603996e-10,
    "circuit_cost": {
        "depth": 1636,
        "size": 5466,
        "num_2q_ops": 1294,
        "depth_2q": 544,
        "count_ops": {
            "rz": 1893,
            "sx": 1823,
            "cz": 1294,
            "x": 436,
            "measure": 20,
            "barrier": 1
        }
    }
}
[2026-02-13 14:51:47,952][INFO] [Run 7] Running for Krylov dimension 16
[2026-02-13 14:51:50,263][INFO] [Run 7]
{
    "raw_unique_basis_states": 17480,
    "fermion_basis_rejected": 0,
    "kept_unique_basis_states": 17480,
    "fermion_shots_rejected": 0,
    "kept_shots": 40000
}
[2026-02-13 14:57:11,660][INFO] [Run 7]
{
    "D": 16,
    "t": 5.333333333333333,
    "num_trotter_steps": 3,
    "circuit_time": "0:00:02.116698",
    "shot_processing": {
        "raw_unique_basis_states": 17480,
        "fermion_basis_rejected": 0,
        "kept_unique_basis_states": 17480,
        "fermion_shots_rejected": 0,
        "kept_shots": 40000
    },
    "new_basis_count": 5126,
    "total_basis_count": 63424,
    "H_reduced_size": [
        63424,
        63424
    ],
    "reduction": 93.951416015625,
    "H_reduced_e": 2.2100330359137852e-10,
    "used_dense": false,
    "eigenvalue_time": "0:00:01.432834",
    "diff": 2.209993714619187e-10,
    "change_from_prev": 1.431784318369369e-11,
    "circuit_cost": {
        "depth": 2437,
        "size": 8105,
        "num_2q_ops": 1941,
        "depth_2q": 815,
        "count_ops": {
            "rz": 2796,
            "sx": 2735,
            "cz": 1941,
            "x": 613,
            "measure": 20,
            "barrier": 1
        }
    }
}
[2026-02-13 14:57:11,660][INFO] [Run 7] Running for Krylov dimension 17
[2026-02-13 14:57:13,974][INFO] [Run 7]
{
    "raw_unique_basis_states": 19563,
    "fermion_basis_rejected": 0,
    "kept_unique_basis_states": 19563,
    "fermion_shots_rejected": 0,
    "kept_shots": 40000
}
[2026-02-13 15:03:00,014][INFO] [Run 7]
{
    "D": 17,
    "t": 5.666666666666667,
    "num_trotter_steps": 3,
    "circuit_time": "0:00:02.115993",
    "shot_processing": {
        "raw_unique_basis_states": 19563,
        "fermion_basis_rejected": 0,
        "kept_unique_basis_states": 19563,
        "fermion_shots_rejected": 0,
        "kept_shots": 40000
    },
    "new_basis_count": 4727,
    "total_basis_count": 68151,
    "H_reduced_size": [
        68151,
        68151
    ],
    "reduction": 93.50061416625977,
    "H_reduced_e": 2.2089885490274863e-10,
    "used_dense": false,
    "eigenvalue_time": "0:00:01.584655",
    "diff": 2.208949227732888e-10,
    "change_from_prev": 1.0444868862988961e-13,
    "circuit_cost": {
        "depth": 2453,
        "size": 8150,
        "num_2q_ops": 1941,
        "depth_2q": 815,
        "count_ops": {
            "rz": 2816,
            "sx": 2735,
            "cz": 1941,
            "x": 638,
            "measure": 20,
            "barrier": 1
        }
    }
}
[2026-02-13 15:03:00,018][INFO] [Run 7] Done
