[2025-08-04 17:51:42,849][INFO] Starting VQE run 50 (seed=101792862)
[2025-08-04 17:51:42,956][INFO] Adding RY(0.0, wires=[5]) increased overlap from 0.0 to 0.9409393754375545
[2025-08-04 17:51:43,303][INFO] Adding CRY(0.0, wires=[5, 4])) increased overlap from 0.9409393754375545 to 0.9627652096670354
[2025-08-04 17:51:43,496][INFO] Adding RY(0.0, wires=[3]) increased overlap from 0.9627652096670354 to 0.966482443566633
[2025-08-04 17:51:43,852][INFO] Adding RY(0.0, wires=[4]) increased overlap from 0.966482443566633 to 0.9959489634781087
[2025-08-04 17:51:44,925][INFO] Adding RY(0.0, wires=[2]) increased overlap from 0.9959489634781087 to 0.99617667444152
[2025-08-04 17:51:46,453][INFO] Adding CRY(0.0, wires=[5, 3])) increased overlap from 0.99617667444152 to 0.9976741618503967
[2025-08-04 17:51:50,636][INFO] Adding CRY(0.0, wires=[5, 2])) increased overlap from 0.9976741618503967 to 0.997769541549378
[2025-08-04 17:51:56,699][INFO] Adding CRY(0.0, wires=[4, 3])) increased overlap from 0.997769541549378 to 0.9983765674758158
[2025-08-04 17:52:13,753][INFO] Adding RY(0.0, wires=[4]) increased overlap from 0.9983765674758158 to 0.9997353599013618
[2025-08-04 17:52:32,204][INFO] Adding CRY(0.0, wires=[4, 2])) increased overlap from 0.9997353599013618 to 0.9998150080644692
[2025-08-04 17:52:51,731][INFO] Adding CRY(0.0, wires=[5, 1])) increased overlap from 0.9998150080644692 to 0.9998655213389146
[2025-08-04 17:53:11,710][INFO] Adding RY(0.0, wires=[1]) increased overlap from 0.9998655213389146 to 0.9998845533396474
[2025-08-04 17:53:33,016][INFO] Adding CRY(0.0, wires=[3, 2])) decreased overlap from 0.9998845533396474 to 0.9895924368928073.. skipping this gate
[2025-08-04 17:53:33,016][INFO] gradient converged
[2025-08-04 17:53:33,016][INFO] Completed VQE run 12
[2025-08-04 17:53:33,016][INFO] Final ops list: [{'name': 'RY', 'param': 5.028099536716546, 'wires': [5]}, {'name': 'CRY', 'param': -0.6175710064709625, 'wires': [5, 4]}, {'name': 'RY', 'param': -0.1380578561752144, 'wires': [3]}, {'name': 'RY', 'param': -1.3312441047271077, 'wires': [4]}, {'name': 'RY', 'param': 0.009609384233075063, 'wires': [2]}, {'name': 'CRY', 'param': 0.1408317725565557, 'wires': [5, 3]}, {'name': 'CRY', 'param': -0.03726116048718152, 'wires': [5, 2]}, {'name': 'CRY', 'param': -0.13622654922439437, 'wires': [4, 3]}, {'name': 'RY', 'param': 1.6679695489722708, 'wires': [4]}, {'name': 'CRY', 'param': -0.033865913112166725, 'wires': [4, 2]}, {'name': 'CRY', 'param': 0.0011981718713363616, 'wires': [5, 1]}, {'name': 'RY', 'param': 0.00015433449895123656, 'wires': [1]}]
[2025-08-04 17:53:33,016][INFO] Energy: 0.8932982703790192
[2025-08-05 09:53:37,948][INFO] Starting VQE run 50 (seed=93265473)
[2025-08-05 09:53:38,062][INFO] Adding RY(0.0, wires=[5]) increased overlap from 0.0 to 0.9409393789987814
[2025-08-05 09:53:38,502][INFO] Adding CRY(0.0, wires=[5, 4])) increased overlap from 0.9409393789987814 to 0.9627652096003216
[2025-08-05 09:53:38,716][INFO] Adding RY(0.0, wires=[3]) increased overlap from 0.9627652096003216 to 0.9664824416413795
[2025-08-05 09:53:39,139][INFO] Adding RY(0.0, wires=[4]) increased overlap from 0.9664824416413795 to 0.9959489621088566
[2025-08-05 09:53:40,378][INFO] Adding RY(0.0, wires=[2]) increased overlap from 0.9959489621088566 to 0.9961766737886919
[2025-08-05 09:53:43,262][INFO] Adding CRY(0.0, wires=[5, 3])) increased overlap from 0.9961766737886919 to 0.9976741618424729
[2025-08-05 09:53:58,712][INFO] Adding CRY(0.0, wires=[5, 2])) increased overlap from 0.9976741618424729 to 0.9977695424484923
[2025-08-05 09:54:16,638][INFO] Adding CRY(0.0, wires=[4, 3])) increased overlap from 0.9977695424484923 to 0.9981851791109358
[2025-08-05 09:54:35,947][INFO] Adding CRY(0.0, wires=[3, 4])) had small change in overlap from 0.9981851791109358 to 0.9945769543054085
[2025-08-05 09:54:40,142][INFO] Adding RY(0.0, wires=[3]) increased overlap from 0.9945769543054085 to 0.9998999464127243
[2025-08-05 09:55:01,096][INFO] Adding CRY(0.0, wires=[4, 2])) decreased overlap from 0.9998999464127243 to 0.9438927122073044.. skipping this gate
[2025-08-05 09:55:01,096][INFO] gradient converged
[2025-08-05 09:55:01,096][INFO] Completed VQE run 10
[2025-08-05 09:55:01,096][INFO] Final ops list: [{'name': 'RY', 'param': 5.0226587372734866, 'wires': [5]}, {'name': 'CRY', 'param': 6.758765666327299, 'wires': [5, 4]}, {'name': 'RY', 'param': 7.7013749676511845, 'wires': [3]}, {'name': 'RY', 'param': 7.681906694065792, 'wires': [4]}, {'name': 'RY', 'param': 6.283699144251103, 'wires': [2]}, {'name': 'CRY', 'param': 5.830748975076463, 'wires': [5, 3]}, {'name': 'CRY', 'param': -0.018676876890505043, 'wires': [5, 2]}, {'name': 'CRY', 'param': 8.216479767239552, 'wires': [4, 3]}, {'name': 'CRY', 'param': 2.2185434198179346, 'wires': [3, 4]}, {'name': 'RY', 'param': 4.191728809393637, 'wires': [3]}]
[2025-08-05 09:55:01,096][INFO] Energy: 0.8928076911534307
