[2025-08-04 17:51:42,853][INFO] Starting VQE run 58 (seed=62329332)
[2025-08-04 17:51:42,952][INFO] Adding RY(0.0, wires=[5]) increased overlap from 0.0 to 0.940939374919773
[2025-08-04 17:51:43,555][INFO] Adding CRY(0.0, wires=[5, 4])) increased overlap from 0.940939374919773 to 0.9627652093829158
[2025-08-04 17:51:43,765][INFO] Adding RY(0.0, wires=[3]) increased overlap from 0.9627652093829158 to 0.9664824399092102
[2025-08-04 17:51:44,103][INFO] Adding RY(0.0, wires=[4]) increased overlap from 0.9664824399092102 to 0.9959489680352187
[2025-08-04 17:51:45,103][INFO] Adding RY(0.0, wires=[2]) increased overlap from 0.9959489680352187 to 0.9961766753410388
[2025-08-04 17:51:47,534][INFO] Adding CRY(0.0, wires=[5, 3])) increased overlap from 0.9961766753410388 to 0.9976741623043432
[2025-08-04 17:52:00,375][INFO] Adding CRY(0.0, wires=[5, 2])) increased overlap from 0.9976741623043432 to 0.9977695434883761
[2025-08-04 17:52:08,853][INFO] Adding CRY(0.0, wires=[4, 3])) increased overlap from 0.9977695434883761 to 0.9983765671459953
[2025-08-04 17:52:25,883][INFO] Adding RY(0.0, wires=[4]) increased overlap from 0.9983765671459953 to 0.9997231236506667
[2025-08-04 17:52:44,109][INFO] Adding CRY(0.0, wires=[4, 2])) decreased overlap from 0.9997231236506667 to 0.981977057742821.. skipping this gate
[2025-08-04 17:52:44,110][INFO] gradient converged
[2025-08-04 17:52:44,110][INFO] Completed VQE run 9
[2025-08-04 17:52:44,110][INFO] Final ops list: [{'name': 'RY', 'param': 5.033826658120174, 'wires': [5]}, {'name': 'CRY', 'param': -0.605812392081048, 'wires': [5, 4]}, {'name': 'RY', 'param': -0.14683505939302208, 'wires': [3]}, {'name': 'RY', 'param': -1.1137227198668134, 'wires': [4]}, {'name': 'RY', 'param': 0.008096472478169714, 'wires': [2]}, {'name': 'CRY', 'param': 0.12770685369963214, 'wires': [5, 3]}, {'name': 'CRY', 'param': -0.03167774340823554, 'wires': [5, 2]}, {'name': 'CRY', 'param': -0.12989528713640092, 'wires': [4, 3]}, {'name': 'RY', 'param': 1.4407235596928922, 'wires': [4]}]
[2025-08-04 17:52:44,110][INFO] Energy: 0.8948680763595995
[2025-08-05 09:53:37,953][INFO] Starting VQE run 58 (seed=54263663)
[2025-08-05 09:53:38,067][INFO] Adding RY(0.0, wires=[5]) increased overlap from 0.0 to 0.9409393799128153
[2025-08-05 09:53:38,212][INFO] Adding CRY(0.0, wires=[5, 4])) increased overlap from 0.9409393799128153 to 0.9627652102171814
[2025-08-05 09:53:38,421][INFO] Adding RY(0.0, wires=[3]) increased overlap from 0.9627652102171814 to 0.9664824413995008
[2025-08-05 09:53:38,807][INFO] Adding RY(0.0, wires=[4]) increased overlap from 0.9664824413995008 to 0.9959489631028218
[2025-08-05 09:53:39,746][INFO] Adding RY(0.0, wires=[2]) increased overlap from 0.9959489631028218 to 0.9961766705772089
[2025-08-05 09:53:41,580][INFO] Adding CRY(0.0, wires=[5, 3])) increased overlap from 0.9961766705772089 to 0.9976741632943515
[2025-08-05 09:53:43,527][INFO] Adding CRY(0.0, wires=[5, 2])) increased overlap from 0.9976741632943515 to 0.9977695417582916
[2025-08-05 09:53:49,656][INFO] Adding CRY(0.0, wires=[4, 3])) increased overlap from 0.9977695417582916 to 0.9983765597744392
[2025-08-05 09:54:08,947][INFO] Adding RY(0.0, wires=[4]) increased overlap from 0.9983765597744392 to 0.9998730746305476
[2025-08-05 09:54:29,162][INFO] Adding CRY(0.0, wires=[4, 2])) had small change in overlap from 0.9998730746305476 to 0.9998195180048145
[2025-08-05 09:54:50,469][INFO] Adding CRY(0.0, wires=[5, 1])) had small change in overlap from 0.9998195180048145 to 0.9996480953680013
[2025-08-05 09:55:12,037][INFO] Adding RY(0.0, wires=[1]) had small change in overlap from 0.9996480953680013 to 0.9991386745946539
[2025-08-05 09:55:34,999][INFO] Adding CRY(0.0, wires=[3, 4])) increased overlap from 0.9991386745946539 to 0.9997639908212809
[2025-08-05 09:55:58,668][INFO] Adding RY(0.0, wires=[3]) increased overlap from 0.9997639908212809 to 0.9999323831581853
[2025-08-05 09:56:23,650][INFO] Adding CRY(0.0, wires=[3, 2])) increased overlap from 0.9999323831581853 to 0.9999519493394114
[2025-08-05 09:56:49,759][INFO] Adding CRY(0.0, wires=[4, 1])) had small change in overlap from 0.9999519493394114 to 0.9998385458800455
[2025-08-05 09:57:16,742][INFO] Adding CRY(0.0, wires=[3, 5])) increased overlap from 0.9998385458800455 to 0.9999604787109773
[2025-08-05 09:57:43,225][INFO] Adding RY(0.0, wires=[3]) had small change in overlap from 0.9999604787109773 to 0.9999193072432685
[2025-08-05 09:58:10,229][INFO] Adding RY(0.0, wires=[4]) increased overlap from 0.9999193072432685 to 0.9999813156973687
[2025-08-05 09:58:37,345][INFO] Adding RY(0.0, wires=[5]) had small change in overlap from 0.9999813156973687 to 0.9998755072472499
[2025-08-05 09:59:05,649][INFO] Adding CRY(0.0, wires=[2, 4])) had small change in overlap from 0.9998755072472499 to 0.9998361314723666
[2025-08-05 09:59:34,002][INFO] Adding RY(0.0, wires=[2]) increased overlap from 0.9998361314723666 to 0.9999857531490693
[2025-08-05 10:00:03,124][INFO] Adding RY(0.0, wires=[1]) had small change in overlap from 0.9999857531490693 to 0.9983573412900072
[2025-08-05 10:00:33,180][INFO] Adding CRY(0.0, wires=[4, 5])) decreased overlap from 0.9983573412900072 to 0.9869014411133267.. skipping this gate
[2025-08-05 10:00:33,181][INFO] gradient converged
[2025-08-05 10:00:33,181][INFO] Completed VQE run 23
[2025-08-05 10:00:33,181][INFO] Final ops list: [{'name': 'RY', 'param': 5.7365497673896, 'wires': [5]}, {'name': 'CRY', 'param': 7.3878514329281515, 'wires': [5, 4]}, {'name': 'RY', 'param': 6.130954957125192, 'wires': [3]}, {'name': 'RY', 'param': 7.25628525521143, 'wires': [4]}, {'name': 'RY', 'param': 6.230007687033056, 'wires': [2]}, {'name': 'CRY', 'param': 6.256733083768451, 'wires': [5, 3]}, {'name': 'CRY', 'param': 6.4255568493051545, 'wires': [5, 2]}, {'name': 'CRY', 'param': 5.664078335670838, 'wires': [4, 3]}, {'name': 'RY', 'param': 7.248815337886689, 'wires': [4]}, {'name': 'CRY', 'param': 6.203722559949221, 'wires': [4, 2]}, {'name': 'CRY', 'param': 6.299863462063568, 'wires': [5, 1]}, {'name': 'RY', 'param': 7.1462527989768185, 'wires': [1]}, {'name': 'CRY', 'param': 4.508069598075071, 'wires': [3, 4]}, {'name': 'RY', 'param': 7.6005937314937295, 'wires': [3]}, {'name': 'CRY', 'param': 6.266343648720956, 'wires': [3, 2]}, {'name': 'CRY', 'param': 6.282892142143039, 'wires': [4, 1]}, {'name': 'CRY', 'param': 6.429904588400108, 'wires': [3, 5]}, {'name': 'RY', 'param': 4.418551789530704, 'wires': [3]}, {'name': 'RY', 'param': 6.423384575515887, 'wires': [4]}, {'name': 'RY', 'param': 5.456109706861198, 'wires': [5]}, {'name': 'CRY', 'param': 5.59584993978276, 'wires': [2, 4]}, {'name': 'RY', 'param': 6.240468786060026, 'wires': [2]}, {'name': 'RY', 'param': 5.42247458260285, 'wires': [1]}]
[2025-08-05 10:00:33,181][INFO] Energy: 0.9006292174410776
