[2025-08-04 17:51:42,943][INFO] Starting VQE run 88 (seed=99526278)
[2025-08-04 17:51:43,081][INFO] Adding RY(0.0, wires=[5]) increased overlap from 0.0 to 0.9409393759089123
[2025-08-04 17:51:43,222][INFO] Adding CRY(0.0, wires=[5, 4])) increased overlap from 0.9409393759089123 to 0.962765210495699
[2025-08-04 17:51:43,400][INFO] Adding RY(0.0, wires=[3]) increased overlap from 0.962765210495699 to 0.9664824431597477
[2025-08-04 17:51:43,722][INFO] Adding RY(0.0, wires=[4]) increased overlap from 0.9664824431597477 to 0.9959489643732614
[2025-08-04 17:51:44,689][INFO] Adding RY(0.0, wires=[2]) increased overlap from 0.9959489643732614 to 0.996176681957814
[2025-08-04 17:51:46,155][INFO] Adding CRY(0.0, wires=[5, 3])) increased overlap from 0.996176681957814 to 0.9976741626059739
[2025-08-04 17:51:47,937][INFO] Adding CRY(0.0, wires=[5, 2])) increased overlap from 0.9976741626059739 to 0.9977695421739592
[2025-08-04 17:51:53,036][INFO] Adding CRY(0.0, wires=[4, 3])) increased overlap from 0.9977695421739592 to 0.9983765599607421
[2025-08-04 17:52:10,435][INFO] Adding RY(0.0, wires=[4]) increased overlap from 0.9983765599607421 to 0.9998715064121093
[2025-08-04 17:52:28,998][INFO] Adding CRY(0.0, wires=[4, 2])) had small change in overlap from 0.9998715064121093 to 0.9997889798346287
[2025-08-04 17:52:48,644][INFO] Adding CRY(0.0, wires=[5, 1])) increased overlap from 0.9997889798346287 to 0.999814638465332
[2025-08-04 17:53:08,714][INFO] Adding RY(0.0, wires=[1]) had small change in overlap from 0.999814638465332 to 0.999523136253419
[2025-08-04 17:53:30,056][INFO] Adding CRY(0.0, wires=[3, 2])) increased overlap from 0.999523136253419 to 0.9996726179047273
[2025-08-04 17:53:52,762][INFO] Adding CRY(0.0, wires=[4, 1])) increased overlap from 0.9996726179047273 to 0.9998569252502393
[2025-08-04 17:54:16,077][INFO] Adding RY(0.0, wires=[1]) had small change in overlap from 0.9998569252502393 to 0.9982406882636703
[2025-08-04 17:54:40,473][INFO] Adding CRY(0.0, wires=[3, 4])) increased overlap from 0.9982406882636703 to 0.9999284910107624
[2025-08-04 17:55:05,423][INFO] Adding RY(0.0, wires=[3]) increased overlap from 0.9999284910107624 to 0.9999597189652685
[2025-08-04 17:55:30,998][INFO] Adding RY(0.0, wires=[4]) increased overlap from 0.9999597189652685 to 0.9999918529809985
[2025-08-04 17:55:57,895][INFO] Adding CRY(0.0, wires=[3, 1])) had small change in overlap from 0.9999918529809985 to 0.9999846399223575
[2025-08-04 17:56:25,414][INFO] Adding RY(0.0, wires=[1]) had small change in overlap from 0.9999846399223575 to 0.9985604994549971
[2025-08-04 17:56:54,330][INFO] Adding CRY(0.0, wires=[3, 5])) increased overlap from 0.9985604994549971 to 0.9992302267504007
[2025-08-04 17:57:23,862][INFO] Adding RY(0.0, wires=[3]) increased overlap from 0.9992302267504007 to 0.9997879511174932
[2025-08-04 17:57:54,768][INFO] Adding CRY(0.0, wires=[2, 3])) increased overlap from 0.9997879511174932 to 0.9999150538656842
[2025-08-04 17:58:26,137][INFO] Adding RY(0.0, wires=[2]) had small change in overlap from 0.9999150538656842 to 0.999905770779762
[2025-08-04 17:58:58,121][INFO] Adding RY(0.0, wires=[3]) had small change in overlap from 0.999905770779762 to 0.9998605562873307
[2025-08-04 17:59:30,661][INFO] Adding RY(0.0, wires=[5]) increased overlap from 0.9998605562873307 to 0.9999415287881461
[2025-08-04 18:00:04,504][INFO] Adding CRY(0.0, wires=[2, 4])) had small change in overlap from 0.9999415287881461 to 0.999562271411966
[2025-08-04 18:00:38,907][INFO] Adding RY(0.0, wires=[2]) increased overlap from 0.999562271411966 to 0.9996413883964229
[2025-08-04 18:01:14,617][INFO] Adding CRY(0.0, wires=[4, 5])) decreased overlap from 0.9996413883964229 to 0.9574453962382223.. skipping this gate
[2025-08-04 18:01:14,617][INFO] gradient converged
[2025-08-04 18:01:14,617][INFO] Completed VQE run 28
[2025-08-04 18:01:14,618][INFO] Final ops list: [{'name': 'RY', 'param': 5.152868569956501, 'wires': [5]}, {'name': 'CRY', 'param': 6.962653330849125, 'wires': [5, 4]}, {'name': 'RY', 'param': 6.398079311579036, 'wires': [3]}, {'name': 'RY', 'param': 6.941410989141058, 'wires': [4]}, {'name': 'RY', 'param': 6.3977962356932965, 'wires': [2]}, {'name': 'CRY', 'param': 6.1440760681132565, 'wires': [5, 3]}, {'name': 'CRY', 'param': 6.265995690253253, 'wires': [5, 2]}, {'name': 'CRY', 'param': 6.252115445181936, 'wires': [4, 3]}, {'name': 'RY', 'param': 7.378403272130208, 'wires': [4]}, {'name': 'CRY', 'param': 6.229685769638136, 'wires': [4, 2]}, {'name': 'CRY', 'param': 6.288818654106153, 'wires': [5, 1]}, {'name': 'RY', 'param': 6.872726353587931, 'wires': [1]}, {'name': 'CRY', 'param': 6.352199231911733, 'wires': [3, 2]}, {'name': 'CRY', 'param': 6.298672152217045, 'wires': [4, 1]}, {'name': 'RY', 'param': 5.906816978076318, 'wires': [1]}, {'name': 'CRY', 'param': 6.131906773109659, 'wires': [3, 4]}, {'name': 'RY', 'param': 6.132307254562087, 'wires': [3]}, {'name': 'RY', 'param': 6.154645797710944, 'wires': [4]}, {'name': 'CRY', 'param': 6.3290322245690795, 'wires': [3, 1]}, {'name': 'RY', 'param': 6.06703989072558, 'wires': [1]}, {'name': 'CRY', 'param': 9.172774703633289, 'wires': [3, 5]}, {'name': 'RY', 'param': 6.294230124883155, 'wires': [3]}, {'name': 'CRY', 'param': 6.340283212314125, 'wires': [2, 3]}, {'name': 'RY', 'param': 6.398865019610991, 'wires': [2]}, {'name': 'RY', 'param': 6.202468228516369, 'wires': [3]}, {'name': 'RY', 'param': 6.137209856342913, 'wires': [5]}, {'name': 'CRY', 'param': 6.754903572724798, 'wires': [2, 4]}, {'name': 'RY', 'param': 6.295273964826626, 'wires': [2]}]
[2025-08-04 18:01:14,618][INFO] Energy: 0.8949896770032434
[2025-08-05 09:53:37,980][INFO] Starting VQE run 88 (seed=93192059)
[2025-08-05 09:53:38,077][INFO] Adding RY(0.0, wires=[5]) increased overlap from 0.0 to 0.9409393753363081
[2025-08-05 09:53:38,192][INFO] Adding CRY(0.0, wires=[5, 4])) increased overlap from 0.9409393753363081 to 0.962765210736355
[2025-08-05 09:53:38,356][INFO] Adding RY(0.0, wires=[3]) increased overlap from 0.962765210736355 to 0.9664824418385786
[2025-08-05 09:53:38,669][INFO] Adding RY(0.0, wires=[4]) increased overlap from 0.9664824418385786 to 0.9959489642983156
[2025-08-05 09:53:39,557][INFO] Adding RY(0.0, wires=[2]) increased overlap from 0.9959489642983156 to 0.9961766824840393
[2025-08-05 09:53:40,710][INFO] Adding CRY(0.0, wires=[5, 3])) increased overlap from 0.9961766824840393 to 0.9976741612969615
[2025-08-05 09:53:42,366][INFO] Adding CRY(0.0, wires=[5, 2])) increased overlap from 0.9976741612969615 to 0.9977695438685235
[2025-08-05 09:53:47,062][INFO] Adding CRY(0.0, wires=[4, 3])) increased overlap from 0.9977695438685235 to 0.9983765596520335
[2025-08-05 09:54:02,544][INFO] Adding RY(0.0, wires=[4]) increased overlap from 0.9983765596520335 to 0.9998759077668122
[2025-08-05 09:54:19,403][INFO] Adding CRY(0.0, wires=[4, 2])) had small change in overlap from 0.9998759077668122 to 0.9997484349240484
[2025-08-05 09:54:37,591][INFO] Adding CRY(0.0, wires=[5, 1])) had small change in overlap from 0.9997484349240484 to 0.9994322632832963
[2025-08-05 09:54:57,138][INFO] Adding CRY(0.0, wires=[3, 2])) increased overlap from 0.9994322632832963 to 0.9996877126963004
[2025-08-05 09:55:17,288][INFO] Adding RY(0.0, wires=[1]) had small change in overlap from 0.9996877126963004 to 0.9992916815228637
[2025-08-05 09:55:38,799][INFO] Adding CRY(0.0, wires=[3, 4])) increased overlap from 0.9992916815228637 to 0.9999532177259434
[2025-08-05 09:56:01,618][INFO] Adding CRY(0.0, wires=[4, 1])) had small change in overlap from 0.9999532177259434 to 0.9999140524571274
[2025-08-05 09:56:25,745][INFO] Adding RY(0.0, wires=[3]) increased overlap from 0.9999140524571274 to 0.9999504148320142
[2025-08-05 09:56:52,058][INFO] Adding RY(0.0, wires=[4]) increased overlap from 0.9999504148320142 to 0.9999954214211654
[2025-08-05 09:57:17,280][INFO] Adding CRY(0.0, wires=[3, 1])) had small change in overlap from 0.9999954214211654 to 0.9997893828822818
[2025-08-05 09:57:43,788][INFO] Adding CRY(0.0, wires=[3, 5])) increased overlap from 0.9997893828822818 to 0.9999439443878723
[2025-08-05 09:58:10,818][INFO] Adding RY(0.0, wires=[1]) had small change in overlap from 0.9999439443878723 to 0.9946253782881219
[2025-08-05 09:58:38,446][INFO] Adding RY(0.0, wires=[3]) increased overlap from 0.9946253782881219 to 0.9996280478299162
[2025-08-05 09:59:07,320][INFO] Adding CRY(0.0, wires=[1, 4])) increased overlap from 0.9996280478299162 to 0.9999559620468214
[2025-08-05 09:59:37,172][INFO] Adding RY(0.0, wires=[1]) had small change in overlap from 0.9999559620468214 to 0.9981156977320147
[2025-08-05 10:00:07,164][INFO] Adding RY(0.0, wires=[4]) increased overlap from 0.9981156977320147 to 0.9989737074019258
[2025-08-05 10:00:37,759][INFO] Adding RY(0.0, wires=[5]) increased overlap from 0.9989737074019258 to 0.9998243025412057
[2025-08-05 10:01:09,674][INFO] Adding CRY(0.0, wires=[4, 5])) decreased overlap from 0.9998243025412057 to 0.9663937995032341.. skipping this gate
[2025-08-05 10:01:09,674][INFO] gradient converged
[2025-08-05 10:01:09,674][INFO] Completed VQE run 25
[2025-08-05 10:01:09,674][INFO] Final ops list: [{'name': 'RY', 'param': 5.289003375092241, 'wires': [5]}, {'name': 'CRY', 'param': 6.983744311648384, 'wires': [5, 4]}, {'name': 'RY', 'param': 6.105448637192525, 'wires': [3]}, {'name': 'RY', 'param': 6.830371040551065, 'wires': [4]}, {'name': 'RY', 'param': 6.288653753245275, 'wires': [2]}, {'name': 'CRY', 'param': 6.198463224866173, 'wires': [5, 3]}, {'name': 'CRY', 'param': 6.248475550382952, 'wires': [5, 2]}, {'name': 'CRY', 'param': 6.299477889423255, 'wires': [4, 3]}, {'name': 'RY', 'param': 6.364812326761687, 'wires': [4]}, {'name': 'CRY', 'param': 6.298974006105507, 'wires': [4, 2]}, {'name': 'CRY', 'param': 6.280328410602755, 'wires': [5, 1]}, {'name': 'CRY', 'param': 6.286789075056045, 'wires': [3, 2]}, {'name': 'RY', 'param': 5.571546496222366, 'wires': [1]}, {'name': 'CRY', 'param': 12.008275703897787, 'wires': [3, 4]}, {'name': 'CRY', 'param': 6.303795077991124, 'wires': [4, 1]}, {'name': 'RY', 'param': 6.044682870463182, 'wires': [3]}, {'name': 'RY', 'param': 7.466975819263065, 'wires': [4]}, {'name': 'CRY', 'param': 6.365837040930591, 'wires': [3, 1]}, {'name': 'CRY', 'param': 6.751768054615049, 'wires': [3, 5]}, {'name': 'RY', 'param': 6.317719182007583, 'wires': [1]}, {'name': 'RY', 'param': 6.168656510394052, 'wires': [3]}, {'name': 'CRY', 'param': 6.261924064124735, 'wires': [1, 4]}, {'name': 'RY', 'param': 5.607282563343836, 'wires': [1]}, {'name': 'RY', 'param': 5.843228933220503, 'wires': [4]}, {'name': 'RY', 'param': 6.010706275496128, 'wires': [5]}]
[2025-08-05 10:01:09,674][INFO] Energy: 0.893895958419324
