[2025-08-04 17:51:42,854][INFO] Starting VQE run 61 (seed=16666311)
[2025-08-04 17:51:42,952][INFO] Adding RY(0.0, wires=[5]) increased overlap from 0.0 to 0.9409393787491664
[2025-08-04 17:51:43,083][INFO] Adding CRY(0.0, wires=[5, 4])) increased overlap from 0.9409393787491664 to 0.9627652101809111
[2025-08-04 17:51:43,268][INFO] Adding RY(0.0, wires=[3]) increased overlap from 0.9627652101809111 to 0.9664824420393382
[2025-08-04 17:51:43,614][INFO] Adding RY(0.0, wires=[4]) increased overlap from 0.9664824420393382 to 0.995948962860035
[2025-08-04 17:51:44,715][INFO] Adding RY(0.0, wires=[2]) increased overlap from 0.995948962860035 to 0.9961766713139343
[2025-08-04 17:51:46,530][INFO] Adding CRY(0.0, wires=[5, 3])) increased overlap from 0.9961766713139343 to 0.9976741630798844
[2025-08-04 17:52:01,931][INFO] Adding CRY(0.0, wires=[5, 2])) decreased overlap from 0.9976741630798844 to 0.5294027831801106.. skipping this gate
[2025-08-04 17:52:01,932][INFO] gradient converged
[2025-08-04 17:52:01,932][INFO] Completed VQE run 6
[2025-08-04 17:52:01,932][INFO] Final ops list: [{'name': 'RY', 'param': 5.043195665885568, 'wires': [5]}, {'name': 'CRY', 'param': 5.709859761634414, 'wires': [5, 4]}, {'name': 'RY', 'param': 6.140069030495641, 'wires': [3]}, {'name': 'RY', 'param': 6.592271882953972, 'wires': [4]}, {'name': 'RY', 'param': 6.300959535821054, 'wires': [2]}, {'name': 'CRY', 'param': 6.365421035479361, 'wires': [5, 3]}]
[2025-08-04 17:52:01,932][INFO] Energy: 0.906359401726305
[2025-08-05 09:53:37,954][INFO] Starting VQE run 61 (seed=8773787)
[2025-08-05 09:53:38,067][INFO] Adding RY(0.0, wires=[5]) increased overlap from 0.0 to 0.9409393764374355
[2025-08-05 09:53:38,214][INFO] Adding CRY(0.0, wires=[5, 4])) increased overlap from 0.9409393764374355 to 0.9627652112641425
[2025-08-05 09:53:38,423][INFO] Adding RY(0.0, wires=[3]) increased overlap from 0.9627652112641425 to 0.9664824426714925
[2025-08-05 09:53:38,793][INFO] Adding RY(0.0, wires=[4]) increased overlap from 0.9664824426714925 to 0.9959489646406476
[2025-08-05 09:53:39,702][INFO] Adding RY(0.0, wires=[2]) increased overlap from 0.9959489646406476 to 0.9961766808942432
[2025-08-05 09:53:41,195][INFO] Adding CRY(0.0, wires=[5, 3])) increased overlap from 0.9961766808942432 to 0.9976741617844739
[2025-08-05 09:53:43,326][INFO] Adding CRY(0.0, wires=[5, 2])) increased overlap from 0.9976741617844739 to 0.9977695417583601
[2025-08-05 09:53:47,892][INFO] Adding CRY(0.0, wires=[4, 3])) increased overlap from 0.9977695417583601 to 0.998376566988005
[2025-08-05 09:54:07,139][INFO] Adding RY(0.0, wires=[4]) increased overlap from 0.998376566988005 to 0.9998608651436784
[2025-08-05 09:54:27,260][INFO] Adding CRY(0.0, wires=[4, 2])) had small change in overlap from 0.9998608651436784 to 0.9996716458688476
[2025-08-05 09:54:48,487][INFO] Adding CRY(0.0, wires=[5, 1])) had small change in overlap from 0.9996716458688476 to 0.9994486207658058
[2025-08-05 09:55:08,359][INFO] Adding CRY(0.0, wires=[3, 2])) increased overlap from 0.9994486207658058 to 0.9996746760518309
[2025-08-05 09:55:30,156][INFO] Adding RY(0.0, wires=[1]) had small change in overlap from 0.9996746760518309 to 0.9992105763284332
[2025-08-05 09:55:54,540][INFO] Adding CRY(0.0, wires=[3, 4])) increased overlap from 0.9992105763284332 to 0.9999376781226403
[2025-08-05 09:56:18,712][INFO] Adding CRY(0.0, wires=[4, 1])) had small change in overlap from 0.9999376781226403 to 0.9998793854824701
[2025-08-05 09:56:42,126][INFO] Adding RY(0.0, wires=[3]) increased overlap from 0.9998793854824701 to 0.9999344334799216
[2025-08-05 09:57:06,189][INFO] Adding RY(0.0, wires=[4]) increased overlap from 0.9999344334799216 to 0.9999851583246018
[2025-08-05 09:57:31,528][INFO] Adding CRY(0.0, wires=[3, 1])) increased overlap from 0.9999851583246018 to 0.99998891585024
[2025-08-05 09:57:58,054][INFO] Adding CRY(0.0, wires=[2, 4])) had small change in overlap from 0.99998891585024 to 0.9999869417546947
[2025-08-05 09:58:25,203][INFO] Adding RY(0.0, wires=[2]) had small change in overlap from 0.9999869417546947 to 0.9999799648811257
[2025-08-05 09:58:52,853][INFO] Adding RY(0.0, wires=[1]) had small change in overlap from 0.9999799648811257 to 0.9999735018748197
[2025-08-05 09:59:21,759][INFO] Adding CRY(0.0, wires=[4, 5])) increased overlap from 0.9999735018748197 to 0.9999793670283738
[2025-08-05 09:59:51,541][INFO] Adding RY(0.0, wires=[5]) had small change in overlap from 0.9999793670283738 to 0.9992364171121716
[2025-08-05 10:00:22,369][INFO] Adding CRY(0.0, wires=[3, 5])) had small change in overlap from 0.9992364171121716 to 0.997862747279245
[2025-08-05 10:00:53,735][INFO] Adding RY(0.0, wires=[3]) increased overlap from 0.997862747279245 to 0.9997427119749819
[2025-08-05 10:01:25,622][INFO] Adding RY(0.0, wires=[4]) had small change in overlap from 0.9997427119749819 to 0.9995238576805598
[2025-08-05 10:01:57,990][INFO] Adding RY(0.0, wires=[5]) had small change in overlap from 0.9995238576805598 to 0.9992236870879277
[2025-08-05 10:02:31,676][INFO] Adding CRY(0.0, wires=[2, 5])) increased overlap from 0.9992236870879277 to 0.9997843991693819
[2025-08-05 10:03:05,898][INFO] Adding RY(0.0, wires=[2]) increased overlap from 0.9997843991693819 to 0.9999723288000839
[2025-08-05 10:03:41,530][INFO] Adding CRY(0.0, wires=[2, 3])) had small change in overlap from 0.9999723288000839 to 0.9998950329334955
[2025-08-05 10:03:41,530][INFO] Completed VQE run 29
[2025-08-05 10:03:41,530][INFO] Final ops list: [{'name': 'RY', 'param': 6.154743403332669, 'wires': [5]}, {'name': 'CRY', 'param': 8.257235717614146, 'wires': [5, 4]}, {'name': 'RY', 'param': 7.544097870098007, 'wires': [3]}, {'name': 'RY', 'param': 6.7618420741684435, 'wires': [4]}, {'name': 'RY', 'param': 6.288089572013086, 'wires': [2]}, {'name': 'CRY', 'param': 11.427178855644444, 'wires': [5, 3]}, {'name': 'CRY', 'param': 6.192559385864831, 'wires': [5, 2]}, {'name': 'CRY', 'param': 6.679124322976673, 'wires': [4, 3]}, {'name': 'RY', 'param': 6.958951250224993, 'wires': [4]}, {'name': 'CRY', 'param': 6.246503757613641, 'wires': [4, 2]}, {'name': 'CRY', 'param': 6.2762955887089165, 'wires': [5, 1]}, {'name': 'CRY', 'param': 6.281551382098236, 'wires': [3, 2]}, {'name': 'RY', 'param': 7.571198111573789, 'wires': [1]}, {'name': 'CRY', 'param': 6.16370534279839, 'wires': [3, 4]}, {'name': 'CRY', 'param': 6.282149041452384, 'wires': [4, 1]}, {'name': 'RY', 'param': 5.638098617297786, 'wires': [3]}, {'name': 'RY', 'param': 5.742635558882783, 'wires': [4]}, {'name': 'CRY', 'param': 6.283366414518787, 'wires': [3, 1]}, {'name': 'CRY', 'param': 7.369788365338813, 'wires': [2, 4]}, {'name': 'RY', 'param': 6.317586351805821, 'wires': [2]}, {'name': 'RY', 'param': 4.99396569135688, 'wires': [1]}, {'name': 'CRY', 'param': 9.181453098297851, 'wires': [4, 5]}, {'name': 'RY', 'param': 5.782361381935684, 'wires': [5]}, {'name': 'CRY', 'param': 6.137622333693956, 'wires': [3, 5]}, {'name': 'RY', 'param': 5.497486292158982, 'wires': [3]}, {'name': 'RY', 'param': 6.476404680435857, 'wires': [4]}, {'name': 'RY', 'param': 5.517760223968087, 'wires': [5]}, {'name': 'CRY', 'param': 6.307584144454815, 'wires': [2, 5]}, {'name': 'RY', 'param': 6.312711389747194, 'wires': [2]}, {'name': 'CRY', 'param': 6.527110643789907, 'wires': [2, 3]}]
[2025-08-05 10:03:41,530][INFO] Energy: 0.8926879490661337
