[2025-08-04 17:51:42,857][INFO] Starting VQE run 92 (seed=79794513)
[2025-08-04 17:51:43,090][INFO] Adding RY(0.0, wires=[5]) increased overlap from 0.0 to 0.9409393759240211
[2025-08-04 17:51:43,227][INFO] Adding CRY(0.0, wires=[5, 4])) increased overlap from 0.9409393759240211 to 0.9627652108971865
[2025-08-04 17:51:43,418][INFO] Adding RY(0.0, wires=[3]) increased overlap from 0.9627652108971865 to 0.9664824398811855
[2025-08-04 17:51:43,762][INFO] Adding RY(0.0, wires=[4]) increased overlap from 0.9664824398811855 to 0.9959489645031127
[2025-08-04 17:51:44,789][INFO] Adding RY(0.0, wires=[2]) increased overlap from 0.9959489645031127 to 0.9961766809035272
[2025-08-04 17:51:48,502][INFO] Adding CRY(0.0, wires=[5, 3])) increased overlap from 0.9961766809035272 to 0.9976741618635653
[2025-08-04 17:51:50,323][INFO] Adding CRY(0.0, wires=[5, 2])) increased overlap from 0.9976741618635653 to 0.9977695425924162
[2025-08-04 17:51:56,317][INFO] Adding CRY(0.0, wires=[4, 3])) increased overlap from 0.9977695425924162 to 0.9983765580134923
[2025-08-04 17:52:13,809][INFO] Adding RY(0.0, wires=[4]) increased overlap from 0.9983765580134923 to 0.9998885831934822
[2025-08-04 17:52:32,297][INFO] Adding CRY(0.0, wires=[4, 2])) increased overlap from 0.9998885831934822 to 0.9999293365910118
[2025-08-04 17:52:51,886][INFO] Adding CRY(0.0, wires=[5, 1])) had small change in overlap from 0.9999293365910118 to 0.9997061877994377
[2025-08-04 17:53:11,934][INFO] Adding RY(0.0, wires=[1]) had small change in overlap from 0.9997061877994377 to 0.9990346609926221
[2025-08-04 17:53:33,350][INFO] Adding CRY(0.0, wires=[3, 4])) had small change in overlap from 0.9990346609926221 to 0.9967057146957361
[2025-08-04 17:53:55,414][INFO] Adding RY(0.0, wires=[3]) increased overlap from 0.9967057146957361 to 0.9998916436868504
[2025-08-04 17:54:18,880][INFO] Adding CRY(0.0, wires=[4, 1])) increased overlap from 0.9998916436868504 to 0.9999057015119416
[2025-08-04 17:54:42,679][INFO] Adding RY(0.0, wires=[1]) had small change in overlap from 0.9999057015119416 to 0.9999001350399945
[2025-08-04 17:55:06,899][INFO] Adding RY(0.0, wires=[5]) had small change in overlap from 0.9999001350399945 to 0.9998870887222034
[2025-08-04 17:55:32,568][INFO] Adding CRY(0.0, wires=[3, 2])) had small change in overlap from 0.9998870887222034 to 0.9993735479796173
[2025-08-04 17:55:58,953][INFO] Adding RY(0.0, wires=[3]) increased overlap from 0.9993735479796173 to 0.9998948774514164
[2025-08-04 17:56:26,477][INFO] Adding CRY(0.0, wires=[2, 4])) had small change in overlap from 0.9998948774514164 to 0.9998263432973947
[2025-08-04 17:56:54,679][INFO] Adding RY(0.0, wires=[2]) increased overlap from 0.9998263432973947 to 0.999830126828687
[2025-08-04 17:57:24,225][INFO] Adding CRY(0.0, wires=[3, 1])) decreased overlap from 0.999830126828687 to 0.9883308598647669.. skipping this gate
[2025-08-04 17:57:24,225][INFO] gradient converged
[2025-08-04 17:57:24,225][INFO] Completed VQE run 21
[2025-08-04 17:57:24,225][INFO] Final ops list: [{'name': 'RY', 'param': 5.841396294189238, 'wires': [5]}, {'name': 'CRY', 'param': 6.668884383486241, 'wires': [5, 4]}, {'name': 'RY', 'param': 6.552238077864932, 'wires': [3]}, {'name': 'RY', 'param': 4.377530855243164, 'wires': [4]}, {'name': 'RY', 'param': 6.279362260999194, 'wires': [2]}, {'name': 'CRY', 'param': 7.82813119771235, 'wires': [5, 3]}, {'name': 'CRY', 'param': 6.3129893604930745, 'wires': [5, 2]}, {'name': 'CRY', 'param': 9.356538422540922, 'wires': [4, 3]}, {'name': 'RY', 'param': 6.817255759176582, 'wires': [4]}, {'name': 'CRY', 'param': 6.268165164185016, 'wires': [4, 2]}, {'name': 'CRY', 'param': 6.27779734544346, 'wires': [5, 1]}, {'name': 'RY', 'param': 7.421079663817971, 'wires': [1]}, {'name': 'CRY', 'param': 3.346692954549951, 'wires': [3, 4]}, {'name': 'RY', 'param': 4.515790440722621, 'wires': [3]}, {'name': 'CRY', 'param': 6.283216140968144, 'wires': [4, 1]}, {'name': 'RY', 'param': 5.148795231821813, 'wires': [1]}, {'name': 'RY', 'param': 5.361063040219685, 'wires': [5]}, {'name': 'CRY', 'param': 6.531040046365219, 'wires': [3, 2]}, {'name': 'RY', 'param': 6.258900286142241, 'wires': [3]}, {'name': 'CRY', 'param': 5.093608774299579, 'wires': [2, 4]}, {'name': 'RY', 'param': 6.275580874163095, 'wires': [2]}]
[2025-08-04 17:57:24,225][INFO] Energy: 0.8949123047618457
[2025-08-05 09:53:37,982][INFO] Starting VQE run 92 (seed=73691154)
[2025-08-05 09:53:38,080][INFO] Adding RY(0.0, wires=[5]) increased overlap from 0.0 to 0.9409393781965318
[2025-08-05 09:53:38,259][INFO] Adding CRY(0.0, wires=[5, 4])) increased overlap from 0.9409393781965318 to 0.962765208190241
[2025-08-05 09:53:38,431][INFO] Adding RY(0.0, wires=[3]) increased overlap from 0.962765208190241 to 0.9664824417956668
[2025-08-05 09:53:38,745][INFO] Adding RY(0.0, wires=[4]) increased overlap from 0.9664824417956668 to 0.9959489647509541
[2025-08-05 09:53:39,583][INFO] Adding RY(0.0, wires=[2]) increased overlap from 0.9959489647509541 to 0.9961766754107528
[2025-08-05 09:53:41,923][INFO] Adding CRY(0.0, wires=[5, 3])) increased overlap from 0.9961766754107528 to 0.9976741608839557
[2025-08-05 09:53:55,556][INFO] Adding CRY(0.0, wires=[5, 2])) decreased overlap from 0.9976741608839557 to 0.6811026335248399.. skipping this gate
[2025-08-05 09:53:55,557][INFO] gradient converged
[2025-08-05 09:53:55,557][INFO] Completed VQE run 6
[2025-08-05 09:53:55,557][INFO] Final ops list: [{'name': 'RY', 'param': 5.043195734560265, 'wires': [5]}, {'name': 'CRY', 'param': 5.709859844055241, 'wires': [5, 4]}, {'name': 'RY', 'param': 6.140069057115864, 'wires': [3]}, {'name': 'RY', 'param': 6.592271826943422, 'wires': [4]}, {'name': 'RY', 'param': 6.300959548306111, 'wires': [2]}, {'name': 'CRY', 'param': 6.365421011932268, 'wires': [5, 3]}]
[2025-08-05 09:53:55,557][INFO] Energy: 0.9063594017263283
