[2025-08-04 17:51:42,834][INFO] Starting VQE run 29 (seed=51063642)
[2025-08-04 17:51:42,936][INFO] Adding RY(0.0, wires=[5]) increased overlap from 0.0 to 0.9409393776586021
[2025-08-04 17:51:43,066][INFO] Adding CRY(0.0, wires=[5, 4])) increased overlap from 0.9409393776586021 to 0.9627652097653706
[2025-08-04 17:51:43,252][INFO] Adding RY(0.0, wires=[3]) increased overlap from 0.9627652097653706 to 0.9664824424273704
[2025-08-04 17:51:43,593][INFO] Adding RY(0.0, wires=[4]) increased overlap from 0.9664824424273704 to 0.9959489631675699
[2025-08-04 17:51:44,431][INFO] Adding RY(0.0, wires=[2]) increased overlap from 0.9959489631675699 to 0.9961766741402559
[2025-08-04 17:51:45,671][INFO] Adding CRY(0.0, wires=[5, 3])) increased overlap from 0.9961766741402559 to 0.9976741628464499
[2025-08-04 17:51:47,566][INFO] Adding CRY(0.0, wires=[5, 2])) increased overlap from 0.9976741628464499 to 0.9977695413924481
[2025-08-04 17:51:52,058][INFO] Adding CRY(0.0, wires=[4, 3])) increased overlap from 0.9977695413924481 to 0.9983765600532378
[2025-08-04 17:52:09,198][INFO] Adding RY(0.0, wires=[4]) increased overlap from 0.9983765600532378 to 0.9998687704475026
[2025-08-04 17:52:27,857][INFO] Adding CRY(0.0, wires=[4, 2])) had small change in overlap from 0.9998687704475026 to 0.9998523649523217
[2025-08-04 17:52:47,738][INFO] Adding CRY(0.0, wires=[5, 1])) had small change in overlap from 0.9998523649523217 to 0.9997007357572955
[2025-08-04 17:53:08,117][INFO] Adding RY(0.0, wires=[1]) had small change in overlap from 0.9997007357572955 to 0.9993015458981906
[2025-08-04 17:53:29,658][INFO] Adding CRY(0.0, wires=[3, 4])) increased overlap from 0.9993015458981906 to 0.999907917481248
[2025-08-04 17:53:52,580][INFO] Adding CRY(0.0, wires=[3, 2])) increased overlap from 0.999907917481248 to 0.9999302191522008
[2025-08-04 17:54:16,974][INFO] Adding CRY(0.0, wires=[4, 1])) had small change in overlap from 0.9999302191522008 to 0.9998454598702419
[2025-08-04 17:54:41,486][INFO] Adding RY(0.0, wires=[3]) increased overlap from 0.9998454598702419 to 0.9999330191707485
[2025-08-04 17:55:06,516][INFO] Adding RY(0.0, wires=[4]) increased overlap from 0.9999330191707485 to 0.999981866119683
[2025-08-04 17:55:32,944][INFO] Adding CRY(0.0, wires=[3, 1])) had small change in overlap from 0.999981866119683 to 0.9999048772944547
[2025-08-04 17:56:00,743][INFO] Adding CRY(0.0, wires=[4, 5])) had small change in overlap from 0.9999048772944547 to 0.9991159459276096
[2025-08-04 17:56:29,159][INFO] Adding RY(0.0, wires=[5]) increased overlap from 0.9991159459276096 to 0.9999741591811497
[2025-08-04 17:56:58,942][INFO] Adding CRY(0.0, wires=[3, 5])) had small change in overlap from 0.9999741591811497 to 0.9996179113222892
[2025-08-04 17:57:29,249][INFO] Adding RY(0.0, wires=[1]) increased overlap from 0.9996179113222892 to 0.999953227771448
[2025-08-04 17:58:00,075][INFO] Adding RY(0.0, wires=[4]) had small change in overlap from 0.999953227771448 to 0.9999501898167215
[2025-08-04 17:58:31,478][INFO] Adding RY(0.0, wires=[5]) had small change in overlap from 0.9999501898167215 to 0.9999015285971491
[2025-08-04 17:59:03,437][INFO] Adding RY(0.0, wires=[3]) had small change in overlap from 0.9999015285971491 to 0.999862273442478
[2025-08-04 17:59:36,789][INFO] Adding CRY(0.0, wires=[2, 3])) had small change in overlap from 0.999862273442478 to 0.9998424761762583
[2025-08-04 18:00:10,588][INFO] Adding RY(0.0, wires=[2]) increased overlap from 0.9998424761762583 to 0.9998671912732477
[2025-08-04 18:00:45,110][INFO] Adding RY(0.0, wires=[3]) had small change in overlap from 0.9998671912732477 to 0.9998148028170616
[2025-08-04 18:01:20,969][INFO] Adding CRY(0.0, wires=[2, 5])) had small change in overlap from 0.9998148028170616 to 0.9998070495368349
[2025-08-04 18:01:57,432][INFO] Adding RY(0.0, wires=[2]) increased overlap from 0.9998070495368349 to 0.9999360614592043
[2025-08-04 18:01:57,432][INFO] Completed VQE run 29
[2025-08-04 18:01:57,432][INFO] Final ops list: [{'name': 'RY', 'param': 6.283283877971464, 'wires': [5]}, {'name': 'CRY', 'param': 11.152432374445995, 'wires': [5, 4]}, {'name': 'RY', 'param': 9.235959251701363, 'wires': [3]}, {'name': 'RY', 'param': 6.481177774273646, 'wires': [4]}, {'name': 'RY', 'param': 7.300128268264613, 'wires': [2]}, {'name': 'CRY', 'param': 6.746494308819762, 'wires': [5, 3]}, {'name': 'CRY', 'param': 5.673514229719109, 'wires': [5, 2]}, {'name': 'CRY', 'param': 6.8304865380721305, 'wires': [4, 3]}, {'name': 'RY', 'param': 7.4292138006359325, 'wires': [4]}, {'name': 'CRY', 'param': 6.30475815260847, 'wires': [4, 2]}, {'name': 'CRY', 'param': 7.609572627667974, 'wires': [5, 1]}, {'name': 'RY', 'param': 7.388114141484098, 'wires': [1]}, {'name': 'CRY', 'param': 6.221031845587366, 'wires': [3, 4]}, {'name': 'CRY', 'param': 6.33505786168281, 'wires': [3, 2]}, {'name': 'CRY', 'param': 6.282933411801891, 'wires': [4, 1]}, {'name': 'RY', 'param': 5.507641076826518, 'wires': [3]}, {'name': 'RY', 'param': 4.644521329564793, 'wires': [4]}, {'name': 'CRY', 'param': 6.2832452954589355, 'wires': [3, 1]}, {'name': 'CRY', 'param': 7.379801457824733, 'wires': [4, 5]}, {'name': 'RY', 'param': 5.838685436178388, 'wires': [5]}, {'name': 'CRY', 'param': 6.095343490973788, 'wires': [3, 5]}, {'name': 'RY', 'param': 5.1776363324009145, 'wires': [1]}, {'name': 'RY', 'param': 5.8598166866880534, 'wires': [4]}, {'name': 'RY', 'param': 5.533327320273427, 'wires': [5]}, {'name': 'RY', 'param': 4.976032181329823, 'wires': [3]}, {'name': 'CRY', 'param': 6.282180457227471, 'wires': [2, 3]}, {'name': 'RY', 'param': 6.438435254917989, 'wires': [2]}, {'name': 'RY', 'param': 5.2544175862855855, 'wires': [3]}, {'name': 'CRY', 'param': 6.311908425119525, 'wires': [2, 5]}, {'name': 'RY', 'param': 5.366823239417552, 'wires': [2]}]
[2025-08-04 18:01:57,432][INFO] Energy: 0.8922001388148566
[2025-08-05 09:53:37,934][INFO] Starting VQE run 29 (seed=41324238)
[2025-08-05 09:53:38,042][INFO] Adding RY(0.0, wires=[5]) increased overlap from 0.0 to 0.9409393773930949
[2025-08-05 09:53:38,191][INFO] Adding CRY(0.0, wires=[5, 4])) increased overlap from 0.9409393773930949 to 0.9627652119217606
[2025-08-05 09:53:38,397][INFO] Adding RY(0.0, wires=[3]) increased overlap from 0.9627652119217606 to 0.9664824401279188
[2025-08-05 09:53:38,718][INFO] Adding RY(0.0, wires=[4]) increased overlap from 0.9664824401279188 to 0.9959489636511801
[2025-08-05 09:53:39,685][INFO] Adding RY(0.0, wires=[2]) increased overlap from 0.9959489636511801 to 0.9961766729228047
[2025-08-05 09:53:40,726][INFO] Adding CRY(0.0, wires=[5, 3])) increased overlap from 0.9961766729228047 to 0.9976741725868089
[2025-08-05 09:53:42,335][INFO] Adding CRY(0.0, wires=[5, 2])) increased overlap from 0.9976741725868089 to 0.9977695520274519
[2025-08-05 09:53:47,174][INFO] Adding CRY(0.0, wires=[4, 3])) increased overlap from 0.9977695520274519 to 0.9983765675478747
[2025-08-05 09:54:06,423][INFO] Adding RY(0.0, wires=[4]) increased overlap from 0.9983765675478747 to 0.9998484696186637
[2025-08-05 09:54:26,483][INFO] Adding CRY(0.0, wires=[4, 2])) increased overlap from 0.9998484696186637 to 0.9999158986545256
[2025-08-05 09:54:46,824][INFO] Adding RY(0.0, wires=[1]) increased overlap from 0.9999158986545256 to 0.9999362037881956
[2025-08-05 09:55:08,272][INFO] Adding CRY(0.0, wires=[5, 1])) increased overlap from 0.9999362037881956 to 0.999939060085134
[2025-08-05 09:55:31,109][INFO] Adding CRY(0.0, wires=[3, 2])) increased overlap from 0.999939060085134 to 0.9999565207880058
[2025-08-05 09:55:55,420][INFO] Adding CRY(0.0, wires=[4, 1])) increased overlap from 0.9999565207880058 to 0.9999567908510758
[2025-08-05 09:56:20,270][INFO] Adding RY(0.0, wires=[4]) had small change in overlap from 0.9999567908510758 to 0.9999209977249629
[2025-08-05 09:56:45,468][INFO] Adding RY(0.0, wires=[5]) had small change in overlap from 0.9999209977249629 to 0.9999156635176807
[2025-08-05 09:57:10,820][INFO] Adding RY(0.0, wires=[1]) increased overlap from 0.9999156635176807 to 0.9999539372791629
[2025-08-05 09:57:36,551][INFO] Adding CRY(0.0, wires=[3, 1])) increased overlap from 0.9999539372791629 to 0.9999657527436212
[2025-08-05 09:58:02,742][INFO] Adding RY(0.0, wires=[1]) had small change in overlap from 0.9999657527436212 to 0.9995290904633193
[2025-08-05 09:58:29,129][INFO] Adding RY(0.0, wires=[3]) increased overlap from 0.9995290904633193 to 0.9999544689261064
[2025-08-05 09:58:56,582][INFO] Adding CRY(0.0, wires=[4, 5])) increased overlap from 0.9999544689261064 to 0.9999869619054058
[2025-08-05 09:59:24,150][INFO] Adding RY(0.0, wires=[4]) had small change in overlap from 0.9999869619054058 to 0.9997390879051462
[2025-08-05 09:59:52,796][INFO] Adding CRY(0.0, wires=[3, 4])) had small change in overlap from 0.9997390879051462 to 0.9996998101210225
[2025-08-05 10:00:22,089][INFO] Adding RY(0.0, wires=[3]) increased overlap from 0.9996998101210225 to 0.9999337152656982
[2025-08-05 10:00:52,715][INFO] Adding CRY(0.0, wires=[3, 5])) increased overlap from 0.9999337152656982 to 0.9999667867876202
[2025-08-05 10:01:23,849][INFO] Adding RY(0.0, wires=[3]) had small change in overlap from 0.9999667867876202 to 0.9999386963094414
[2025-08-05 10:01:55,560][INFO] Adding RY(0.0, wires=[4]) had small change in overlap from 0.9999386963094414 to 0.9999200298076195
[2025-08-05 10:02:28,485][INFO] Adding CRY(0.0, wires=[2, 5])) had small change in overlap from 0.9999200298076195 to 0.9999145421419352
[2025-08-05 10:03:01,857][INFO] Adding RY(0.0, wires=[2]) increased overlap from 0.9999145421419352 to 0.9999478923705423
[2025-08-05 10:03:36,698][INFO] Adding CRY(0.0, wires=[2, 4])) increased overlap from 0.9999478923705423 to 0.9999645835808055
[2025-08-05 10:03:36,698][INFO] Completed VQE run 29
[2025-08-05 10:03:36,698][INFO] Final ops list: [{'name': 'RY', 'param': -1.5387080715358041, 'wires': [5]}, {'name': 'CRY', 'param': -0.7702211218951515, 'wires': [5, 4]}, {'name': 'RY', 'param': -0.28136391355232615, 'wires': [3]}, {'name': 'RY', 'param': 2.1202578333539845, 'wires': [4]}, {'name': 'RY', 'param': 0.02050076693120271, 'wires': [2]}, {'name': 'CRY', 'param': -0.03335787663954965, 'wires': [5, 3]}, {'name': 'CRY', 'param': 0.057054267002712086, 'wires': [5, 2]}, {'name': 'CRY', 'param': 0.06670323972702237, 'wires': [4, 3]}, {'name': 'RY', 'param': -1.117730968471817, 'wires': [4]}, {'name': 'CRY', 'param': 0.033231643658301446, 'wires': [4, 2]}, {'name': 'RY', 'param': -0.10293076933705247, 'wires': [1]}, {'name': 'CRY', 'param': 0.0001699960993120258, 'wires': [5, 1]}, {'name': 'CRY', 'param': -0.006567813197261769, 'wires': [3, 2]}, {'name': 'CRY', 'param': -2.909471138910817e-05, 'wires': [4, 1]}, {'name': 'RY', 'param': -0.32362286578525973, 'wires': [4]}, {'name': 'RY', 'param': 0.40731235434055296, 'wires': [5]}, {'name': 'RY', 'param': -0.061951293500518596, 'wires': [1]}, {'name': 'CRY', 'param': -6.400496722575085e-05, 'wires': [3, 1]}, {'name': 'RY', 'param': 0.16431838163941528, 'wires': [1]}, {'name': 'RY', 'param': 0.32199989548514935, 'wires': [3]}, {'name': 'CRY', 'param': 3.033143500279658, 'wires': [4, 5]}, {'name': 'RY', 'param': 0.0644771368806986, 'wires': [4]}, {'name': 'CRY', 'param': 3.0813754070471955, 'wires': [3, 4]}, {'name': 'RY', 'param': -0.37368983375470033, 'wires': [3]}, {'name': 'CRY', 'param': 0.09799388232794361, 'wires': [3, 5]}, {'name': 'RY', 'param': 0.20763548000556775, 'wires': [3]}, {'name': 'RY', 'param': 0.44831558579402414, 'wires': [4]}, {'name': 'CRY', 'param': 1.3525308917437853, 'wires': [2, 5]}, {'name': 'RY', 'param': -0.05971591580390821, 'wires': [2]}, {'name': 'CRY', 'param': 0.2160941936789906, 'wires': [2, 4]}]
[2025-08-05 10:03:36,698][INFO] Energy: 0.8920525142505417
