[2025-08-04 17:51:42,839][INFO] Starting VQE run 37 (seed=11600112)
[2025-08-04 17:51:42,937][INFO] Adding RY(0.0, wires=[5]) increased overlap from 0.0 to 0.9409393748045991
[2025-08-04 17:51:43,067][INFO] Adding CRY(0.0, wires=[5, 4])) increased overlap from 0.9409393748045991 to 0.9627652101812242
[2025-08-04 17:51:43,251][INFO] Adding RY(0.0, wires=[3]) increased overlap from 0.9627652101812242 to 0.9664824419362844
[2025-08-04 17:51:43,564][INFO] Adding RY(0.0, wires=[4]) increased overlap from 0.9664824419362844 to 0.9959489650006311
[2025-08-04 17:51:44,466][INFO] Adding RY(0.0, wires=[2]) increased overlap from 0.9959489650006311 to 0.9961766836576964
[2025-08-04 17:51:45,707][INFO] Adding CRY(0.0, wires=[5, 3])) increased overlap from 0.9961766836576964 to 0.997674170472774
[2025-08-04 17:51:47,470][INFO] Adding CRY(0.0, wires=[5, 2])) increased overlap from 0.997674170472774 to 0.9977695441406859
[2025-08-04 17:51:52,330][INFO] Adding CRY(0.0, wires=[4, 3])) increased overlap from 0.9977695441406859 to 0.9983765670726604
[2025-08-04 17:52:09,809][INFO] Adding RY(0.0, wires=[4]) increased overlap from 0.9983765670726604 to 0.9994663595532788
[2025-08-04 17:52:28,407][INFO] Adding CRY(0.0, wires=[4, 2])) increased overlap from 0.9994663595532788 to 0.9998312716244024
[2025-08-04 17:52:48,057][INFO] Adding CRY(0.0, wires=[5, 1])) increased overlap from 0.9998312716244024 to 0.9998697308512406
[2025-08-04 17:53:08,174][INFO] Adding RY(0.0, wires=[1]) had small change in overlap from 0.9998697308512406 to 0.9998607223113157
[2025-08-04 17:53:29,642][INFO] Adding CRY(0.0, wires=[3, 2])) increased overlap from 0.9998607223113157 to 0.9998960664821783
[2025-08-04 17:53:52,698][INFO] Adding CRY(0.0, wires=[4, 1])) had small change in overlap from 0.9998960664821783 to 0.9998799690307937
[2025-08-04 17:54:17,206][INFO] Adding CRY(0.0, wires=[4, 5])) increased overlap from 0.9998799690307937 to 0.99995772426878
[2025-08-04 17:54:41,934][INFO] Adding RY(0.0, wires=[4]) had small change in overlap from 0.99995772426878 to 0.9995573057253418
[2025-08-04 17:55:07,185][INFO] Adding RY(0.0, wires=[1]) had small change in overlap from 0.9995573057253418 to 0.999222235140931
[2025-08-04 17:55:33,898][INFO] Adding CRY(0.0, wires=[3, 4])) had small change in overlap from 0.999222235140931 to 0.9986551074328253
[2025-08-04 17:56:00,968][INFO] Adding RY(0.0, wires=[3]) increased overlap from 0.9986551074328253 to 0.9999634860227721
[2025-08-04 17:56:29,371][INFO] Adding CRY(0.0, wires=[2, 3])) increased overlap from 0.9999634860227721 to 0.9999718724725064
[2025-08-04 17:56:58,257][INFO] Adding RY(0.0, wires=[2]) had small change in overlap from 0.9999718724725064 to 0.9992437064743344
[2025-08-04 17:57:28,534][INFO] Adding CRY(0.0, wires=[3, 5])) increased overlap from 0.9992437064743344 to 0.9995587787307592
[2025-08-04 17:57:59,469][INFO] Adding RY(0.0, wires=[3]) had small change in overlap from 0.9995587787307592 to 0.9988792102793201
[2025-08-04 17:58:31,651][INFO] Adding CRY(0.0, wires=[3, 1])) increased overlap from 0.9988792102793201 to 0.9989357747104469
[2025-08-04 17:59:04,376][INFO] Adding RY(0.0, wires=[1]) had small change in overlap from 0.9989357747104469 to 0.9976725141686247
[2025-08-04 17:59:37,688][INFO] Adding RY(0.0, wires=[3]) increased overlap from 0.9976725141686247 to 0.9986226530924505
[2025-08-04 18:00:12,556][INFO] Adding CRY(0.0, wires=[2, 5])) increased overlap from 0.9986226530924505 to 0.9989343413016074
[2025-08-04 18:00:48,238][INFO] Adding RY(0.0, wires=[2]) had small change in overlap from 0.9989343413016074 to 0.9984694777094533
[2025-08-04 18:01:24,399][INFO] Adding RY(0.0, wires=[5]) had small change in overlap from 0.9984694777094533 to 0.9982662896100294
[2025-08-04 18:02:01,009][INFO] Adding RY(0.0, wires=[4]) increased overlap from 0.9982662896100294 to 0.9989070571698874
[2025-08-04 18:02:01,009][INFO] Completed VQE run 29
[2025-08-04 18:02:01,009][INFO] Final ops list: [{'name': 'RY', 'param': -1.6270923961708874, 'wires': [5]}, {'name': 'CRY', 'param': 0.5964268841091256, 'wires': [5, 4]}, {'name': 'RY', 'param': 0.15872942488837324, 'wires': [3]}, {'name': 'RY', 'param': 1.5478426872584532, 'wires': [4]}, {'name': 'RY', 'param': -0.05581126767770012, 'wires': [2]}, {'name': 'CRY', 'param': 0.16894289150040442, 'wires': [5, 3]}, {'name': 'CRY', 'param': -0.07056955653804906, 'wires': [5, 2]}, {'name': 'CRY', 'param': -0.12108492522943841, 'wires': [4, 3]}, {'name': 'RY', 'param': -0.19811452654799158, 'wires': [4]}, {'name': 'CRY', 'param': 0.050621790136052, 'wires': [4, 2]}, {'name': 'CRY', 'param': 0.0060901653716945595, 'wires': [5, 1]}, {'name': 'RY', 'param': -0.651103750582087, 'wires': [1]}, {'name': 'CRY', 'param': 2.9829035526940544, 'wires': [3, 2]}, {'name': 'CRY', 'param': -0.0010099460322117355, 'wires': [4, 1]}, {'name': 'CRY', 'param': 6.307663195409994, 'wires': [4, 5]}, {'name': 'RY', 'param': 0.9785937675773297, 'wires': [4]}, {'name': 'RY', 'param': 0.7835063818234461, 'wires': [1]}, {'name': 'CRY', 'param': -0.2307608762793796, 'wires': [3, 4]}, {'name': 'RY', 'param': -0.34585936462296524, 'wires': [3]}, {'name': 'CRY', 'param': 2.306745920499158, 'wires': [2, 3]}, {'name': 'RY', 'param': -0.3102318981745884, 'wires': [2]}, {'name': 'CRY', 'param': 0.24633317325105486, 'wires': [3, 5]}, {'name': 'RY', 'param': -0.14115947798310252, 'wires': [3]}, {'name': 'CRY', 'param': -0.0007050696227308489, 'wires': [3, 1]}, {'name': 'RY', 'param': -0.13352345770884463, 'wires': [1]}, {'name': 'RY', 'param': 0.33147864261328847, 'wires': [3]}, {'name': 'CRY', 'param': 0.24938388229335315, 'wires': [2, 5]}, {'name': 'RY', 'param': 0.5222173084900504, 'wires': [2]}, {'name': 'RY', 'param': 0.3535458083925162, 'wires': [5]}, {'name': 'RY', 'param': 0.8086583823056138, 'wires': [4]}]
[2025-08-04 18:02:01,009][INFO] Energy: 0.8997159844029653
[2025-08-05 09:53:37,944][INFO] Starting VQE run 37 (seed=2322428)
[2025-08-05 09:53:38,053][INFO] Adding RY(0.0, wires=[5]) increased overlap from 0.0 to 0.9409393787348092
[2025-08-05 09:53:38,207][INFO] Adding CRY(0.0, wires=[5, 4])) increased overlap from 0.9409393787348092 to 0.9627652092477124
[2025-08-05 09:53:38,418][INFO] Adding RY(0.0, wires=[3]) increased overlap from 0.9627652092477124 to 0.9664824409329307
[2025-08-05 09:53:38,754][INFO] Adding RY(0.0, wires=[4]) increased overlap from 0.9664824409329307 to 0.9959489683229145
[2025-08-05 09:53:39,850][INFO] Adding RY(0.0, wires=[2]) increased overlap from 0.9959489683229145 to 0.9961766839270714
[2025-08-05 09:53:41,257][INFO] Adding CRY(0.0, wires=[5, 3])) increased overlap from 0.9961766839270714 to 0.9976741620055284
[2025-08-05 09:53:43,270][INFO] Adding CRY(0.0, wires=[5, 2])) increased overlap from 0.9976741620055284 to 0.9977695420994901
[2025-08-05 09:53:49,590][INFO] Adding CRY(0.0, wires=[4, 3])) increased overlap from 0.9977695420994901 to 0.9983765601572443
[2025-08-05 09:54:08,733][INFO] Adding RY(0.0, wires=[4]) increased overlap from 0.9983765601572443 to 0.9998761186402438
[2025-08-05 09:54:28,896][INFO] Adding CRY(0.0, wires=[4, 2])) had small change in overlap from 0.9998761186402438 to 0.9997644845332001
[2025-08-05 09:54:50,083][INFO] Adding CRY(0.0, wires=[5, 1])) had small change in overlap from 0.9997644845332001 to 0.9994877304949129
[2025-08-05 09:55:12,407][INFO] Adding CRY(0.0, wires=[3, 2])) increased overlap from 0.9994877304949129 to 0.9997064744409939
[2025-08-05 09:55:36,125][INFO] Adding CRY(0.0, wires=[4, 1])) increased overlap from 0.9997064744409939 to 0.9999441346472312
[2025-08-05 09:56:00,425][INFO] Adding RY(0.0, wires=[1]) had small change in overlap from 0.9999441346472312 to 0.9984045536898256
[2025-08-05 09:56:26,199][INFO] Adding CRY(0.0, wires=[3, 4])) increased overlap from 0.9984045536898256 to 0.9999562835755941
[2025-08-05 09:56:52,202][INFO] Adding RY(0.0, wires=[3]) had small change in overlap from 0.9999562835755941 to 0.9992906136459948
[2025-08-05 09:57:18,974][INFO] Adding CRY(0.0, wires=[4, 5])) increased overlap from 0.9992906136459948 to 0.9999161712651049
[2025-08-05 09:57:45,393][INFO] Adding RY(0.0, wires=[5]) increased overlap from 0.9999161712651049 to 0.9999537047903246
[2025-08-05 09:58:12,366][INFO] Adding RY(0.0, wires=[4]) had small change in overlap from 0.9999537047903246 to 0.9999277889759103
[2025-08-05 09:58:40,383][INFO] Adding CRY(0.0, wires=[3, 1])) had small change in overlap from 0.9999277889759103 to 0.9998943417771462
[2025-08-05 09:59:08,518][INFO] Adding RY(0.0, wires=[1]) had small change in overlap from 0.9998943417771462 to 0.99818751381593
[2025-08-05 09:59:37,568][INFO] Adding CRY(0.0, wires=[3, 5])) increased overlap from 0.99818751381593 to 0.9998182180017514
[2025-08-05 10:00:07,148][INFO] Adding RY(0.0, wires=[3]) increased overlap from 0.9998182180017514 to 0.9999078722034779
[2025-08-05 10:00:37,849][INFO] Adding CRY(0.0, wires=[2, 5])) had small change in overlap from 0.9999078722034779 to 0.9998931556988332
[2025-08-05 10:01:09,156][INFO] Adding RY(0.0, wires=[2]) increased overlap from 0.9998931556988332 to 0.9999768830633097
[2025-08-05 10:01:41,846][INFO] Adding CRY(0.0, wires=[2, 3])) had small change in overlap from 0.9999768830633097 to 0.9998458707921719
[2025-08-05 10:02:15,083][INFO] Adding RY(0.0, wires=[2]) had small change in overlap from 0.9998458707921719 to 0.9991517923694958
[2025-08-05 10:02:48,817][INFO] Adding RY(0.0, wires=[3]) increased overlap from 0.9991517923694958 to 0.9992099644315761
[2025-08-05 10:03:23,105][INFO] Adding RY(0.0, wires=[5]) increased overlap from 0.9992099644315761 to 0.9993209291155061
[2025-08-05 10:03:59,123][INFO] Adding CRY(0.0, wires=[2, 4])) increased overlap from 0.9993209291155061 to 0.9998156290462995
[2025-08-05 10:03:59,124][INFO] Completed VQE run 29
[2025-08-05 10:03:59,124][INFO] Final ops list: [{'name': 'RY', 'param': 4.522916628831108, 'wires': [5]}, {'name': 'CRY', 'param': 5.514621530847231, 'wires': [5, 4]}, {'name': 'RY', 'param': 6.112607301153881, 'wires': [3]}, {'name': 'RY', 'param': 7.6746874510249, 'wires': [4]}, {'name': 'RY', 'param': 6.215201762058691, 'wires': [2]}, {'name': 'CRY', 'param': 6.344799770689821, 'wires': [5, 3]}, {'name': 'CRY', 'param': 6.2463932809155125, 'wires': [5, 2]}, {'name': 'CRY', 'param': 6.656002523365198, 'wires': [4, 3]}, {'name': 'RY', 'param': 6.808342326052173, 'wires': [4]}, {'name': 'CRY', 'param': 6.257258934912932, 'wires': [4, 2]}, {'name': 'CRY', 'param': 6.279901183474988, 'wires': [5, 1]}, {'name': 'CRY', 'param': 7.216057939557296, 'wires': [3, 2]}, {'name': 'CRY', 'param': 6.281200136712912, 'wires': [4, 1]}, {'name': 'RY', 'param': 7.709362513898855, 'wires': [1]}, {'name': 'CRY', 'param': 9.95298470415646, 'wires': [3, 4]}, {'name': 'RY', 'param': 6.323602316318023, 'wires': [3]}, {'name': 'CRY', 'param': 9.784368679255575, 'wires': [4, 5]}, {'name': 'RY', 'param': 7.5990022042174035, 'wires': [5]}, {'name': 'RY', 'param': 6.86676806306535, 'wires': [4]}, {'name': 'CRY', 'param': 6.281252909633013, 'wires': [3, 1]}, {'name': 'RY', 'param': 4.863608904033285, 'wires': [1]}, {'name': 'CRY', 'param': 5.2527759137321555, 'wires': [3, 5]}, {'name': 'RY', 'param': 6.762229460104529, 'wires': [3]}, {'name': 'CRY', 'param': 6.704500213258128, 'wires': [2, 5]}, {'name': 'RY', 'param': 5.9865480436831735, 'wires': [2]}, {'name': 'CRY', 'param': 5.610518920407746, 'wires': [2, 3]}, {'name': 'RY', 'param': 6.065779341562582, 'wires': [2]}, {'name': 'RY', 'param': 5.5043772464571, 'wires': [3]}, {'name': 'RY', 'param': 5.65546531389435, 'wires': [5]}, {'name': 'CRY', 'param': 6.775245328367616, 'wires': [2, 4]}]
[2025-08-05 10:03:59,124][INFO] Energy: 0.8945641736856629
