[2025-08-04 17:51:42,819][INFO] Starting VQE run 9 (seed=26265678)
[2025-08-04 17:51:42,925][INFO] Adding RY(0.0, wires=[5]) increased overlap from 0.0 to 0.940939374301116
[2025-08-04 17:51:43,056][INFO] Adding CRY(0.0, wires=[5, 4])) increased overlap from 0.940939374301116 to 0.9627652103834535
[2025-08-04 17:51:43,235][INFO] Adding RY(0.0, wires=[3]) increased overlap from 0.9627652103834535 to 0.9664824420059209
[2025-08-04 17:51:43,534][INFO] Adding RY(0.0, wires=[4]) increased overlap from 0.9664824420059209 to 0.9959489674471271
[2025-08-04 17:51:44,287][INFO] Adding RY(0.0, wires=[2]) increased overlap from 0.9959489674471271 to 0.9961766740531778
[2025-08-04 17:51:44,840][INFO] Adding CRY(0.0, wires=[5, 3])) increased overlap from 0.9961766740531778 to 0.9976741592400943
[2025-08-04 17:51:46,657][INFO] Adding CRY(0.0, wires=[5, 2])) increased overlap from 0.9976741592400943 to 0.9977695420126245
[2025-08-04 17:51:51,661][INFO] Adding CRY(0.0, wires=[4, 3])) increased overlap from 0.9977695420126245 to 0.9983765673670147
[2025-08-04 17:52:09,124][INFO] Adding RY(0.0, wires=[4]) increased overlap from 0.9983765673670147 to 0.999471814540417
[2025-08-04 17:52:27,741][INFO] Adding CRY(0.0, wires=[4, 2])) increased overlap from 0.999471814540417 to 0.999793002217341
[2025-08-04 17:52:47,439][INFO] Adding CRY(0.0, wires=[5, 1])) increased overlap from 0.999793002217341 to 0.9998721657292446
[2025-08-04 17:53:07,579][INFO] Adding RY(0.0, wires=[1]) had small change in overlap from 0.9998721657292446 to 0.9997756661498076
[2025-08-04 17:53:29,089][INFO] Adding CRY(0.0, wires=[3, 2])) increased overlap from 0.9997756661498076 to 0.9998325114899174
[2025-08-04 17:53:51,874][INFO] Adding CRY(0.0, wires=[4, 1])) had small change in overlap from 0.9998325114899174 to 0.9998289508359625
[2025-08-04 17:54:16,045][INFO] Adding CRY(0.0, wires=[3, 4])) had small change in overlap from 0.9998289508359625 to 0.9995696398426932
[2025-08-04 17:54:41,311][INFO] Adding CRY(0.0, wires=[3, 5])) increased overlap from 0.9995696398426932 to 0.9999489903981009
[2025-08-04 17:55:07,075][INFO] Adding RY(0.0, wires=[4]) had small change in overlap from 0.9999489903981009 to 0.9999079197970004
[2025-08-04 17:55:34,194][INFO] Adding CRY(0.0, wires=[2, 4])) had small change in overlap from 0.9999079197970004 to 0.9998832393624855
[2025-08-04 17:56:01,892][INFO] Adding RY(0.0, wires=[2]) increased overlap from 0.9998832393624855 to 0.9999838335806239
[2025-08-04 17:56:30,201][INFO] Adding RY(0.0, wires=[3]) had small change in overlap from 0.9999838335806239 to 0.9999560778329093
[2025-08-04 17:56:59,043][INFO] Adding RY(0.0, wires=[4]) had small change in overlap from 0.9999560778329093 to 0.9999114933655848
[2025-08-04 17:57:28,462][INFO] Adding RY(0.0, wires=[1]) had small change in overlap from 0.9999114933655848 to 0.9998633479338159
[2025-08-04 17:57:58,441][INFO] Adding RY(0.0, wires=[5]) increased overlap from 0.9998633479338159 to 0.9998980702131471
[2025-08-04 17:58:29,748][INFO] Adding CRY(0.0, wires=[3, 1])) had small change in overlap from 0.9998980702131471 to 0.9996394099093917
[2025-08-04 17:59:01,796][INFO] Adding RY(0.0, wires=[1]) had small change in overlap from 0.9996394099093917 to 0.99868241122127
[2025-08-04 17:59:34,460][INFO] Adding RY(0.0, wires=[3]) increased overlap from 0.99868241122127 to 0.9999168380620047
[2025-08-04 18:00:08,432][INFO] Adding CRY(0.0, wires=[4, 5])) had small change in overlap from 0.9999168380620047 to 0.9998138124069198
[2025-08-04 18:00:42,965][INFO] Adding RY(0.0, wires=[5]) had small change in overlap from 0.9998138124069198 to 0.9995832977862955
[2025-08-04 18:01:18,044][INFO] Adding RY(0.0, wires=[4]) had small change in overlap from 0.9995832977862955 to 0.999484855925473
[2025-08-04 18:01:54,440][INFO] Adding CRY(0.0, wires=[2, 3])) increased overlap from 0.999484855925473 to 0.9996820393239028
[2025-08-04 18:01:54,440][INFO] Completed VQE run 29
[2025-08-04 18:01:54,440][INFO] Final ops list: [{'name': 'RY', 'param': -2.012919990569199, 'wires': [5]}, {'name': 'CRY', 'param': -0.45868927285510375, 'wires': [5, 4]}, {'name': 'RY', 'param': 0.3340589461154968, 'wires': [3]}, {'name': 'RY', 'param': -2.014726955098175, 'wires': [4]}, {'name': 'RY', 'param': 0.053997144281971124, 'wires': [2]}, {'name': 'CRY', 'param': 0.32978307234475623, 'wires': [5, 3]}, {'name': 'CRY', 'param': 0.034675695103656014, 'wires': [5, 2]}, {'name': 'CRY', 'param': -0.2704137927832395, 'wires': [4, 3]}, {'name': 'RY', 'param': 1.0598615660366244, 'wires': [4]}, {'name': 'CRY', 'param': -0.15917948017372635, 'wires': [4, 2]}, {'name': 'CRY', 'param': -0.0007604810355873487, 'wires': [5, 1]}, {'name': 'RY', 'param': -0.3156233176405407, 'wires': [1]}, {'name': 'CRY', 'param': -0.04128537769594557, 'wires': [3, 2]}, {'name': 'CRY', 'param': 0.0002480083299137299, 'wires': [4, 1]}, {'name': 'CRY', 'param': 5.849767498820769, 'wires': [3, 4]}, {'name': 'CRY', 'param': 1.0535143240928617, 'wires': [3, 5]}, {'name': 'RY', 'param': 0.6510086908077799, 'wires': [4]}, {'name': 'CRY', 'param': 3.768522331182327, 'wires': [2, 4]}, {'name': 'RY', 'param': 0.08347357079527573, 'wires': [2]}, {'name': 'RY', 'param': -0.35980090543192855, 'wires': [3]}, {'name': 'RY', 'param': 0.9136257828435087, 'wires': [4]}, {'name': 'RY', 'param': 0.19789658279141886, 'wires': [1]}, {'name': 'RY', 'param': 0.3707732933386617, 'wires': [5]}, {'name': 'CRY', 'param': -0.00025649872647036154, 'wires': [3, 1]}, {'name': 'RY', 'param': 0.11689376222078494, 'wires': [1]}, {'name': 'RY', 'param': 0.5877153584144071, 'wires': [3]}, {'name': 'CRY', 'param': 2.728579499223817, 'wires': [4, 5]}, {'name': 'RY', 'param': 0.4366423847492212, 'wires': [5]}, {'name': 'RY', 'param': 0.2897784447737032, 'wires': [4]}, {'name': 'CRY', 'param': 0.6964668808915278, 'wires': [2, 3]}]
[2025-08-04 18:01:54,440][INFO] Energy: 0.8938578567405056
[2025-08-05 09:53:37,922][INFO] Starting VQE run 9 (seed=15371974)
[2025-08-05 09:53:38,031][INFO] Adding RY(0.0, wires=[5]) increased overlap from 0.0 to 0.9409393779260896
[2025-08-05 09:53:38,179][INFO] Adding CRY(0.0, wires=[5, 4])) increased overlap from 0.9409393779260896 to 0.9627652102870117
[2025-08-05 09:53:38,381][INFO] Adding RY(0.0, wires=[3]) increased overlap from 0.9627652102870117 to 0.9664824443720691
[2025-08-05 09:53:38,785][INFO] Adding RY(0.0, wires=[4]) increased overlap from 0.9664824443720691 to 0.9959489648860617
[2025-08-05 09:53:39,933][INFO] Adding RY(0.0, wires=[2]) increased overlap from 0.9959489648860617 to 0.9961766741131124
[2025-08-05 09:53:41,496][INFO] Adding CRY(0.0, wires=[5, 3])) increased overlap from 0.9961766741131124 to 0.9976741621529441
[2025-08-05 09:53:43,644][INFO] Adding CRY(0.0, wires=[5, 2])) increased overlap from 0.9976741621529441 to 0.9977695441655884
[2025-08-05 09:53:49,756][INFO] Adding CRY(0.0, wires=[4, 3])) increased overlap from 0.9977695441655884 to 0.9983765599173202
[2025-08-05 09:54:08,820][INFO] Adding RY(0.0, wires=[4]) increased overlap from 0.9983765599173202 to 0.9998710231730689
[2025-08-05 09:54:28,881][INFO] Adding CRY(0.0, wires=[4, 2])) had small change in overlap from 0.9998710231730689 to 0.9997909082531363
[2025-08-05 09:54:49,969][INFO] Adding CRY(0.0, wires=[5, 1])) had small change in overlap from 0.9997909082531363 to 0.9994972855630117
[2025-08-05 09:55:12,167][INFO] Adding CRY(0.0, wires=[3, 2])) increased overlap from 0.9994972855630117 to 0.9998245783350991
[2025-08-05 09:55:35,860][INFO] Adding CRY(0.0, wires=[4, 1])) increased overlap from 0.9998245783350991 to 0.9999356016516472
[2025-08-05 09:56:00,170][INFO] Adding RY(0.0, wires=[1]) had small change in overlap from 0.9999356016516472 to 0.9998269383658929
[2025-08-05 09:56:24,962][INFO] Adding RY(0.0, wires=[4]) increased overlap from 0.9998269383658929 to 0.9999039472480133
[2025-08-05 09:56:50,067][INFO] Adding RY(0.0, wires=[5]) had small change in overlap from 0.9999039472480133 to 0.9969348946961655
[2025-08-05 09:57:15,980][INFO] Adding CRY(0.0, wires=[3, 5])) had small change in overlap from 0.9969348946961655 to 0.9897158389586228
[2025-08-05 09:57:41,606][INFO] Adding RY(0.0, wires=[3]) increased overlap from 0.9897158389586228 to 0.9997947299869804
[2025-08-05 09:58:08,572][INFO] Adding CRY(0.0, wires=[2, 5])) increased overlap from 0.9997947299869804 to 0.9997984915996478
[2025-08-05 09:58:35,616][INFO] Adding RY(0.0, wires=[2]) increased overlap from 0.9997984915996478 to 0.9999847803378213
[2025-08-05 09:59:03,854][INFO] Adding CRY(0.0, wires=[2, 3])) had small change in overlap from 0.9999847803378213 to 0.9998535799012773
[2025-08-05 09:59:32,078][INFO] Adding RY(0.0, wires=[2]) increased overlap from 0.9998535799012773 to 0.9999137551319257
[2025-08-05 10:00:01,547][INFO] Adding CRY(0.0, wires=[3, 4])) increased overlap from 0.9999137551319257 to 0.9999409346839956
[2025-08-05 10:00:31,614][INFO] Adding RY(0.0, wires=[3]) increased overlap from 0.9999409346839956 to 0.999970569114822
[2025-08-05 10:01:02,935][INFO] Adding CRY(0.0, wires=[4, 5])) increased overlap from 0.999970569114822 to 0.9999919766888673
[2025-08-05 10:01:35,610][INFO] Adding CRY(0.0, wires=[3, 1])) increased overlap from 0.9999919766888673 to 0.9999983273595192
[2025-08-05 10:02:08,836][INFO] Adding RY(0.0, wires=[3]) had small change in overlap from 0.9999983273595192 to 0.9997575345840138
[2025-08-05 10:02:42,585][INFO] Adding RY(0.0, wires=[1]) increased overlap from 0.9997575345840138 to 0.9998871886609406
[2025-08-05 10:03:17,637][INFO] Adding CRY(0.0, wires=[2, 4])) increased overlap from 0.9998871886609406 to 0.9999401043428379
[2025-08-05 10:03:53,232][INFO] Adding RY(0.0, wires=[2]) had small change in overlap from 0.9999401043428379 to 0.999624747706911
[2025-08-05 10:03:53,232][INFO] Completed VQE run 29
[2025-08-05 10:03:53,232][INFO] Final ops list: [{'name': 'RY', 'param': 7.588730230705651, 'wires': [5]}, {'name': 'CRY', 'param': 12.211735349635982, 'wires': [5, 4]}, {'name': 'RY', 'param': 7.789785013051526, 'wires': [3]}, {'name': 'RY', 'param': 10.370122972161493, 'wires': [4]}, {'name': 'RY', 'param': 8.67799223180958, 'wires': [2]}, {'name': 'CRY', 'param': 6.256797088656404, 'wires': [5, 3]}, {'name': 'CRY', 'param': 6.240825625977269, 'wires': [5, 2]}, {'name': 'CRY', 'param': 6.502821519217728, 'wires': [4, 3]}, {'name': 'RY', 'param': 9.788702809533126, 'wires': [4]}, {'name': 'CRY', 'param': 6.512075966239517, 'wires': [4, 2]}, {'name': 'CRY', 'param': 6.28621590968702, 'wires': [5, 1]}, {'name': 'CRY', 'param': 7.487453625985811, 'wires': [3, 2]}, {'name': 'CRY', 'param': 6.2878631441743895, 'wires': [4, 1]}, {'name': 'RY', 'param': 7.863167313336551, 'wires': [1]}, {'name': 'RY', 'param': 6.433182977791555, 'wires': [4]}, {'name': 'RY', 'param': 6.391875230493589, 'wires': [5]}, {'name': 'CRY', 'param': 6.182398192937426, 'wires': [3, 5]}, {'name': 'RY', 'param': 5.1588558881876025, 'wires': [3]}, {'name': 'CRY', 'param': 6.291136471601927, 'wires': [2, 5]}, {'name': 'RY', 'param': 7.429475557081349, 'wires': [2]}, {'name': 'CRY', 'param': 5.022137809787786, 'wires': [2, 3]}, {'name': 'RY', 'param': 4.26961974578504, 'wires': [2]}, {'name': 'CRY', 'param': 7.257336885395604, 'wires': [3, 4]}, {'name': 'RY', 'param': 7.082160855804568, 'wires': [3]}, {'name': 'CRY', 'param': 7.588663143718779, 'wires': [4, 5]}, {'name': 'CRY', 'param': 6.283346147105004, 'wires': [3, 1]}, {'name': 'RY', 'param': 7.207356180851605, 'wires': [3]}, {'name': 'RY', 'param': 4.700921032605869, 'wires': [1]}, {'name': 'CRY', 'param': 6.149912443335415, 'wires': [2, 4]}, {'name': 'RY', 'param': 6.136555698579015, 'wires': [2]}]
[2025-08-05 10:03:53,233][INFO] Energy: 0.8954051603060083
