[2025-08-04 17:51:42,848][INFO] Starting VQE run 48 (seed=49930350)
[2025-08-04 17:51:42,952][INFO] Adding RY(0.0, wires=[5]) increased overlap from 0.0 to 0.9409393751589957
[2025-08-04 17:51:43,214][INFO] Adding CRY(0.0, wires=[5, 4])) increased overlap from 0.9409393751589957 to 0.9627652102838902
[2025-08-04 17:51:43,408][INFO] Adding RY(0.0, wires=[3]) increased overlap from 0.9627652102838902 to 0.9664824409066037
[2025-08-04 17:51:43,759][INFO] Adding RY(0.0, wires=[4]) increased overlap from 0.9664824409066037 to 0.9959489639853963
[2025-08-04 17:51:44,830][INFO] Adding RY(0.0, wires=[2]) increased overlap from 0.9959489639853963 to 0.996176674502795
[2025-08-04 17:51:48,816][INFO] Adding CRY(0.0, wires=[5, 3])) increased overlap from 0.996176674502795 to 0.9976741637540403
[2025-08-04 17:52:03,794][INFO] Adding CRY(0.0, wires=[5, 2])) decreased overlap from 0.9976741637540403 to 0.6361600846483639.. skipping this gate
[2025-08-04 17:52:03,794][INFO] gradient converged
[2025-08-04 17:52:03,794][INFO] Completed VQE run 6
[2025-08-04 17:52:03,794][INFO] Final ops list: [{'name': 'RY', 'param': 5.043195636919113, 'wires': [5]}, {'name': 'CRY', 'param': 5.709859717959827, 'wires': [5, 4]}, {'name': 'RY', 'param': 6.140069024405118, 'wires': [3]}, {'name': 'RY', 'param': 6.592271893023168, 'wires': [4]}, {'name': 'RY', 'param': 6.300959544675764, 'wires': [2]}, {'name': 'CRY', 'param': 6.365421027593261, 'wires': [5, 3]}]
[2025-08-04 17:52:03,794][INFO] Energy: 0.9063594017262993
[2025-08-05 09:53:37,948][INFO] Starting VQE run 48 (seed=41287531)
[2025-08-05 09:53:38,057][INFO] Adding RY(0.0, wires=[5]) increased overlap from 0.0 to 0.9409393800521448
[2025-08-05 09:53:38,198][INFO] Adding CRY(0.0, wires=[5, 4])) increased overlap from 0.9409393800521448 to 0.9627652105155244
[2025-08-05 09:53:38,408][INFO] Adding RY(0.0, wires=[3]) increased overlap from 0.9627652105155244 to 0.9664824410936003
[2025-08-05 09:53:38,789][INFO] Adding RY(0.0, wires=[4]) increased overlap from 0.9664824410936003 to 0.9959489647088199
[2025-08-05 09:53:39,916][INFO] Adding RY(0.0, wires=[2]) increased overlap from 0.9959489647088199 to 0.9961766731711468
[2025-08-05 09:53:41,400][INFO] Adding CRY(0.0, wires=[5, 3])) increased overlap from 0.9961766731711468 to 0.99767416232611
[2025-08-05 09:53:43,488][INFO] Adding CRY(0.0, wires=[5, 2])) increased overlap from 0.99767416232611 to 0.9977695415641368
[2025-08-05 09:53:49,196][INFO] Adding CRY(0.0, wires=[4, 3])) increased overlap from 0.9977695415641368 to 0.9983765593582613
[2025-08-05 09:54:08,396][INFO] Adding RY(0.0, wires=[4]) increased overlap from 0.9983765593582613 to 0.9998717793934673
[2025-08-05 09:54:28,629][INFO] Adding CRY(0.0, wires=[4, 2])) had small change in overlap from 0.9998717793934673 to 0.99979019889436
[2025-08-05 09:54:49,936][INFO] Adding CRY(0.0, wires=[5, 1])) had small change in overlap from 0.99979019889436 to 0.9995794276992976
[2025-08-05 09:55:11,433][INFO] Adding RY(0.0, wires=[1]) had small change in overlap from 0.9995794276992976 to 0.9987789993801086
[2025-08-05 09:55:34,360][INFO] Adding CRY(0.0, wires=[3, 4])) increased overlap from 0.9987789993801086 to 0.9999331262973649
[2025-08-05 09:55:57,871][INFO] Adding RY(0.0, wires=[3]) increased overlap from 0.9999331262973649 to 0.9999423295726089
[2025-08-05 09:56:22,931][INFO] Adding CRY(0.0, wires=[4, 1])) had small change in overlap from 0.9999423295726089 to 0.9999355698549611
[2025-08-05 09:56:48,994][INFO] Adding CRY(0.0, wires=[3, 2])) had small change in overlap from 0.9999355698549611 to 0.9999259927119405
[2025-08-05 09:57:15,173][INFO] Adding RY(0.0, wires=[4]) increased overlap from 0.9999259927119405 to 0.9999574500264757
[2025-08-05 09:57:41,658][INFO] Adding CRY(0.0, wires=[2, 4])) increased overlap from 0.9999574500264757 to 0.999958926913001
[2025-08-05 09:58:08,572][INFO] Adding RY(0.0, wires=[2]) had small change in overlap from 0.999958926913001 to 0.9999067117210986
[2025-08-05 09:58:35,567][INFO] Adding RY(0.0, wires=[5]) had small change in overlap from 0.9999067117210986 to 0.9968467836681558
[2025-08-05 09:59:03,757][INFO] Adding CRY(0.0, wires=[3, 5])) increased overlap from 0.9968467836681558 to 0.9977123102052123
[2025-08-05 09:59:32,058][INFO] Adding RY(0.0, wires=[3]) increased overlap from 0.9977123102052123 to 0.9999877247622512
[2025-08-05 10:00:01,593][INFO] Adding CRY(0.0, wires=[3, 1])) increased overlap from 0.9999877247622512 to 0.9999924658658237
[2025-08-05 10:00:32,258][INFO] Adding CRY(0.0, wires=[2, 3])) had small change in overlap from 0.9999924658658237 to 0.9999715600338633
[2025-08-05 10:01:03,547][INFO] Adding RY(0.0, wires=[3]) increased overlap from 0.9999715600338633 to 0.999976576510789
[2025-08-05 10:01:35,437][INFO] Adding RY(0.0, wires=[2]) had small change in overlap from 0.999976576510789 to 0.9997624382826877
[2025-08-05 10:02:07,875][INFO] Adding RY(0.0, wires=[1]) had small change in overlap from 0.9997624382826877 to 0.9997108272548028
[2025-08-05 10:02:40,731][INFO] Adding RY(0.0, wires=[4]) increased overlap from 0.9997108272548028 to 0.9998730122072804
[2025-08-05 10:03:14,993][INFO] Adding CRY(0.0, wires=[2, 5])) increased overlap from 0.9998730122072804 to 0.9999925755626912
[2025-08-05 10:03:49,797][INFO] Adding RY(0.0, wires=[2]) had small change in overlap from 0.9999925755626912 to 0.999930621856914
[2025-08-05 10:03:49,797][INFO] Completed VQE run 29
[2025-08-05 10:03:49,797][INFO] Final ops list: [{'name': 'RY', 'param': 5.340675884621203, 'wires': [5]}, {'name': 'CRY', 'param': 6.998128667369021, 'wires': [5, 4]}, {'name': 'RY', 'param': 6.4025031328025515, 'wires': [3]}, {'name': 'RY', 'param': 11.510975560914828, 'wires': [4]}, {'name': 'RY', 'param': 7.3157931217608665, 'wires': [2]}, {'name': 'CRY', 'param': 6.272313303370307, 'wires': [5, 3]}, {'name': 'CRY', 'param': 6.851905733509887, 'wires': [5, 2]}, {'name': 'CRY', 'param': 6.260516262818339, 'wires': [4, 3]}, {'name': 'RY', 'param': 11.030969270439744, 'wires': [4]}, {'name': 'CRY', 'param': 5.949092080589862, 'wires': [4, 2]}, {'name': 'CRY', 'param': 6.286180387011764, 'wires': [5, 1]}, {'name': 'RY', 'param': 7.505790767942449, 'wires': [1]}, {'name': 'CRY', 'param': 13.325497261620523, 'wires': [3, 4]}, {'name': 'RY', 'param': 7.153248717345491, 'wires': [3]}, {'name': 'CRY', 'param': 6.2809621411316785, 'wires': [4, 1]}, {'name': 'CRY', 'param': 6.312610457161946, 'wires': [3, 2]}, {'name': 'RY', 'param': 7.697369917277674, 'wires': [4]}, {'name': 'CRY', 'param': 6.225624894949921, 'wires': [2, 4]}, {'name': 'RY', 'param': 7.016285346879542, 'wires': [2]}, {'name': 'RY', 'param': 6.018180175561324, 'wires': [5]}, {'name': 'CRY', 'param': 6.397962319877842, 'wires': [3, 5]}, {'name': 'RY', 'param': 5.9181098017044445, 'wires': [3]}, {'name': 'CRY', 'param': 6.282634950945966, 'wires': [3, 1]}, {'name': 'CRY', 'param': 6.323938929061698, 'wires': [2, 3]}, {'name': 'RY', 'param': 6.727376543153301, 'wires': [3]}, {'name': 'RY', 'param': 4.7919982895565285, 'wires': [2]}, {'name': 'RY', 'param': 5.058286474470847, 'wires': [1]}, {'name': 'RY', 'param': 5.630962535690306, 'wires': [4]}, {'name': 'CRY', 'param': 5.877263141377209, 'wires': [2, 5]}, {'name': 'RY', 'param': 5.1684883154718335, 'wires': [2]}]
[2025-08-05 10:03:49,797][INFO] Energy: 0.8926382694939629
