[2025-08-04 17:51:42,849][INFO] Starting VQE run 51 (seed=4267329)
[2025-08-04 17:51:42,956][INFO] Adding RY(0.0, wires=[5]) increased overlap from 0.0 to 0.9409393731086311
[2025-08-04 17:51:43,190][INFO] Adding CRY(0.0, wires=[5, 4])) increased overlap from 0.9409393731086311 to 0.9627652081853499
[2025-08-04 17:51:43,374][INFO] Adding RY(0.0, wires=[3]) increased overlap from 0.9627652081853499 to 0.9664824435358988
[2025-08-04 17:51:43,752][INFO] Adding RY(0.0, wires=[4]) increased overlap from 0.9664824435358988 to 0.9959489677484406
[2025-08-04 17:51:44,654][INFO] Adding RY(0.0, wires=[2]) increased overlap from 0.9959489677484406 to 0.9961766721361816
[2025-08-04 17:51:46,096][INFO] Adding CRY(0.0, wires=[5, 3])) increased overlap from 0.9961766721361816 to 0.9976741623573122
[2025-08-04 17:51:50,718][INFO] Adding CRY(0.0, wires=[5, 2])) increased overlap from 0.9976741623573122 to 0.9977695424653892
[2025-08-04 17:51:56,753][INFO] Adding CRY(0.0, wires=[4, 3])) increased overlap from 0.9977695424653892 to 0.9983765671681165
[2025-08-04 17:52:14,110][INFO] Adding RY(0.0, wires=[4]) increased overlap from 0.9983765671681165 to 0.9997005643080198
[2025-08-04 17:52:32,585][INFO] Adding CRY(0.0, wires=[4, 2])) increased overlap from 0.9997005643080198 to 0.9998619902818916
[2025-08-04 17:52:52,174][INFO] Adding CRY(0.0, wires=[5, 1])) increased overlap from 0.9998619902818916 to 0.9998918649181359
[2025-08-04 17:53:12,250][INFO] Adding RY(0.0, wires=[1]) had small change in overlap from 0.9998918649181359 to 0.9998667069168405
[2025-08-04 17:53:33,705][INFO] Adding CRY(0.0, wires=[3, 2])) had small change in overlap from 0.9998667069168405 to 0.9900581601329534
[2025-08-04 17:53:55,709][INFO] Adding RY(0.0, wires=[3]) increased overlap from 0.9900581601329534 to 0.9979313149735156
[2025-08-04 17:54:19,063][INFO] Adding CRY(0.0, wires=[3, 5])) increased overlap from 0.9979313149735156 to 0.9996517562719058
[2025-08-04 17:54:42,698][INFO] Adding RY(0.0, wires=[3]) increased overlap from 0.9996517562719058 to 0.9999277656589263
[2025-08-04 17:55:06,905][INFO] Adding RY(0.0, wires=[5]) had small change in overlap from 0.9999277656589263 to 0.9998665861120469
[2025-08-04 17:55:31,729][INFO] Adding RY(0.0, wires=[4]) had small change in overlap from 0.9998665861120469 to 0.9998139538423388
[2025-08-04 17:55:57,896][INFO] Adding CRY(0.0, wires=[4, 5])) had small change in overlap from 0.9998139538423388 to 0.9995714563988336
[2025-08-04 17:56:25,493][INFO] Adding CRY(0.0, wires=[3, 4])) had small change in overlap from 0.9995714563988336 to 0.9987416270956652
[2025-08-04 17:56:53,625][INFO] Adding RY(0.0, wires=[3]) increased overlap from 0.9987416270956652 to 0.9996965110037717
[2025-08-04 17:57:22,287][INFO] Adding RY(0.0, wires=[4]) increased overlap from 0.9996965110037717 to 0.999987246793273
[2025-08-04 17:57:52,340][INFO] Adding CRY(0.0, wires=[4, 1])) decreased overlap from 0.999987246793273 to 0.9433603562410179.. skipping this gate
[2025-08-04 17:57:52,340][INFO] gradient converged
[2025-08-04 17:57:52,340][INFO] Completed VQE run 22
[2025-08-04 17:57:52,340][INFO] Final ops list: [{'name': 'RY', 'param': 4.109180371019336, 'wires': [5]}, {'name': 'CRY', 'param': -1.214565373651388, 'wires': [5, 4]}, {'name': 'RY', 'param': -0.4168135459424978, 'wires': [3]}, {'name': 'RY', 'param': -0.856436299090321, 'wires': [4]}, {'name': 'RY', 'param': 0.03476485028679774, 'wires': [2]}, {'name': 'CRY', 'param': 0.21030521379042139, 'wires': [5, 3]}, {'name': 'CRY', 'param': -0.04456322921594287, 'wires': [5, 2]}, {'name': 'CRY', 'param': -0.0782437638850344, 'wires': [4, 3]}, {'name': 'RY', 'param': 1.2911266650259725, 'wires': [4]}, {'name': 'CRY', 'param': 0.024658766311721238, 'wires': [4, 2]}, {'name': 'CRY', 'param': 0.0008500066906783813, 'wires': [5, 1]}, {'name': 'RY', 'param': -0.0019393402663249442, 'wires': [1]}, {'name': 'CRY', 'param': -0.04019086663370747, 'wires': [3, 2]}, {'name': 'RY', 'param': -1.2315219513082363, 'wires': [3]}, {'name': 'CRY', 'param': -0.012189264352668042, 'wires': [3, 5]}, {'name': 'RY', 'param': 0.4001845995816388, 'wires': [3]}, {'name': 'RY', 'param': 1.3046936464841061, 'wires': [5]}, {'name': 'RY', 'param': 1.1666150585196036, 'wires': [4]}, {'name': 'CRY', 'param': 3.9029052666107775, 'wires': [4, 5]}, {'name': 'CRY', 'param': -0.05743932801690894, 'wires': [3, 4]}, {'name': 'RY', 'param': 0.973908393497306, 'wires': [3]}, {'name': 'RY', 'param': 0.8610876737300485, 'wires': [4]}]
[2025-08-04 17:57:52,340][INFO] Energy: 0.891878220134367
[2025-08-05 09:53:37,948][INFO] Starting VQE run 51 (seed=119254444)
[2025-08-05 09:53:38,060][INFO] Adding RY(0.0, wires=[5]) increased overlap from 0.0 to 0.9409393772039267
[2025-08-05 09:53:38,204][INFO] Adding CRY(0.0, wires=[5, 4])) increased overlap from 0.9409393772039267 to 0.9627652093208268
[2025-08-05 09:53:38,408][INFO] Adding RY(0.0, wires=[3]) increased overlap from 0.9627652093208268 to 0.966482442418179
[2025-08-05 09:53:38,785][INFO] Adding RY(0.0, wires=[4]) increased overlap from 0.966482442418179 to 0.9959489639002215
[2025-08-05 09:53:39,538][INFO] Adding RY(0.0, wires=[2]) increased overlap from 0.9959489639002215 to 0.9961766708796121
[2025-08-05 09:53:41,009][INFO] Adding CRY(0.0, wires=[5, 3])) increased overlap from 0.9961766708796121 to 0.9976741616581368
[2025-08-05 09:53:43,168][INFO] Adding CRY(0.0, wires=[5, 2])) increased overlap from 0.9976741616581368 to 0.9977695444022744
[2025-08-05 09:53:47,579][INFO] Adding CRY(0.0, wires=[4, 3])) increased overlap from 0.9977695444022744 to 0.9983765681684655
[2025-08-05 09:54:06,891][INFO] Adding RY(0.0, wires=[4]) increased overlap from 0.9983765681684655 to 0.9998537305706648
[2025-08-05 09:54:27,111][INFO] Adding CRY(0.0, wires=[4, 2])) had small change in overlap from 0.9998537305706648 to 0.9996584546911842
[2025-08-05 09:54:48,451][INFO] Adding CRY(0.0, wires=[5, 1])) had small change in overlap from 0.9996584546911842 to 0.9994641371053736
[2025-08-05 09:55:10,819][INFO] Adding CRY(0.0, wires=[3, 2])) increased overlap from 0.9994641371053736 to 0.9997000850530994
[2025-08-05 09:55:34,559][INFO] Adding CRY(0.0, wires=[4, 1])) increased overlap from 0.9997000850530994 to 0.9999518612174071
[2025-08-05 09:55:59,002][INFO] Adding RY(0.0, wires=[1]) had small change in overlap from 0.9999518612174071 to 0.9998278705947905
[2025-08-05 09:56:23,922][INFO] Adding RY(0.0, wires=[4]) increased overlap from 0.9998278705947905 to 0.9999004543174775
[2025-08-05 09:56:49,111][INFO] Adding RY(0.0, wires=[5]) had small change in overlap from 0.9999004543174775 to 0.9986629384739134
[2025-08-05 09:57:15,127][INFO] Adding CRY(0.0, wires=[3, 5])) increased overlap from 0.9986629384739134 to 0.9996769614032638
[2025-08-05 09:57:40,812][INFO] Adding RY(0.0, wires=[3]) had small change in overlap from 0.9996769614032638 to 0.9986479165281723
[2025-08-05 09:58:07,738][INFO] Adding CRY(0.0, wires=[3, 4])) increased overlap from 0.9986479165281723 to 0.999990309208492
[2025-08-05 09:58:34,787][INFO] Adding RY(0.0, wires=[3]) increased overlap from 0.999990309208492 to 0.999995419336964
[2025-08-05 09:59:03,025][INFO] Adding CRY(0.0, wires=[3, 1])) had small change in overlap from 0.999995419336964 to 0.9999944719211562
[2025-08-05 09:59:31,362][INFO] Adding RY(0.0, wires=[3]) had small change in overlap from 0.9999944719211562 to 0.9998903215857493
[2025-08-05 10:00:00,143][INFO] Adding RY(0.0, wires=[1]) decreased overlap from 0.9998903215857493 to 0.9582318514914853.. skipping this gate
[2025-08-05 10:00:00,143][INFO] gradient converged
[2025-08-05 10:00:00,143][INFO] Completed VQE run 22
[2025-08-05 10:00:00,143][INFO] Final ops list: [{'name': 'RY', 'param': 5.366156078496745, 'wires': [5]}, {'name': 'CRY', 'param': 7.0358962002515195, 'wires': [5, 4]}, {'name': 'RY', 'param': 7.733815969030778, 'wires': [3]}, {'name': 'RY', 'param': 6.608316606166476, 'wires': [4]}, {'name': 'RY', 'param': 6.303724384473076, 'wires': [2]}, {'name': 'CRY', 'param': 6.394717709688736, 'wires': [5, 3]}, {'name': 'CRY', 'param': 6.227215284434122, 'wires': [5, 2]}, {'name': 'CRY', 'param': 6.264310739547022, 'wires': [4, 3]}, {'name': 'RY', 'param': 7.79765041204545, 'wires': [4]}, {'name': 'CRY', 'param': 6.2471556107091555, 'wires': [4, 2]}, {'name': 'CRY', 'param': 6.286094286994011, 'wires': [5, 1]}, {'name': 'CRY', 'param': 6.29279261548302, 'wires': [3, 2]}, {'name': 'CRY', 'param': 6.286588094710497, 'wires': [4, 1]}, {'name': 'RY', 'param': 6.279691576313225, 'wires': [1]}, {'name': 'RY', 'param': 5.344316800872107, 'wires': [4]}, {'name': 'RY', 'param': 5.927370273680497, 'wires': [5]}, {'name': 'CRY', 'param': 6.274374248663556, 'wires': [3, 5]}, {'name': 'RY', 'param': 5.444230133999891, 'wires': [3]}, {'name': 'CRY', 'param': 6.463089900855495, 'wires': [3, 4]}, {'name': 'RY', 'param': 6.268240056768894, 'wires': [3]}, {'name': 'CRY', 'param': 6.282106115060037, 'wires': [3, 1]}, {'name': 'RY', 'param': 5.483796501174379, 'wires': [3]}]
[2025-08-05 10:00:00,143][INFO] Energy: 0.892397824252994
