[2025-08-04 17:51:42,854][INFO] Starting VQE run 64 (seed=94460079)
[2025-08-04 17:51:42,952][INFO] Adding RY(0.0, wires=[5]) increased overlap from 0.0 to 0.9409393764041648
[2025-08-04 17:51:43,081][INFO] Adding CRY(0.0, wires=[5, 4])) increased overlap from 0.9409393764041648 to 0.9627652111354836
[2025-08-04 17:51:43,270][INFO] Adding RY(0.0, wires=[3]) increased overlap from 0.9627652111354836 to 0.9664824405863419
[2025-08-04 17:51:43,597][INFO] Adding RY(0.0, wires=[4]) increased overlap from 0.9664824405863419 to 0.9959489630523466
[2025-08-04 17:51:44,523][INFO] Adding RY(0.0, wires=[2]) increased overlap from 0.9959489630523466 to 0.9961766813253584
[2025-08-04 17:51:45,799][INFO] Adding CRY(0.0, wires=[5, 3])) increased overlap from 0.9961766813253584 to 0.9976741615463997
[2025-08-04 17:51:47,719][INFO] Adding CRY(0.0, wires=[5, 2])) increased overlap from 0.9976741615463997 to 0.9977695434152818
[2025-08-04 17:51:53,290][INFO] Adding CRY(0.0, wires=[4, 3])) increased overlap from 0.9977695434152818 to 0.9983765591846919
[2025-08-04 17:52:10,714][INFO] Adding RY(0.0, wires=[4]) had small change in overlap from 0.9983765591846919 to 0.9979555842494523
[2025-08-04 17:52:29,223][INFO] Adding CRY(0.0, wires=[4, 2])) increased overlap from 0.9979555842494523 to 0.9998930624044562
[2025-08-04 17:52:48,014][INFO] Adding RY(0.0, wires=[1]) increased overlap from 0.9998930624044562 to 0.9999399240274413
[2025-08-04 17:53:08,163][INFO] Adding CRY(0.0, wires=[5, 1])) had small change in overlap from 0.9999399240274413 to 0.9998658215635207
[2025-08-04 17:53:29,576][INFO] Adding CRY(0.0, wires=[3, 2])) increased overlap from 0.9998658215635207 to 0.9999066285021732
[2025-08-04 17:53:52,298][INFO] Adding CRY(0.0, wires=[4, 1])) increased overlap from 0.9999066285021732 to 0.9999420968441723
[2025-08-04 17:54:15,695][INFO] Adding RY(0.0, wires=[4]) increased overlap from 0.9999420968441723 to 0.9999919620400156
[2025-08-04 17:54:39,418][INFO] Adding RY(0.0, wires=[3]) had small change in overlap from 0.9999919620400156 to 0.9999908789023411
[2025-08-04 17:55:04,468][INFO] Adding CRY(0.0, wires=[3, 1])) had small change in overlap from 0.9999908789023411 to 0.9999871299494554
[2025-08-04 17:55:30,744][INFO] Adding CRY(0.0, wires=[2, 3])) increased overlap from 0.9999871299494554 to 0.9999952215306297
[2025-08-04 17:55:57,554][INFO] Adding RY(0.0, wires=[2]) had small change in overlap from 0.9999952215306297 to 0.9997658496677309
[2025-08-04 17:56:25,008][INFO] Adding RY(0.0, wires=[5]) had small change in overlap from 0.9997658496677309 to 0.9993786143533592
[2025-08-04 17:56:53,057][INFO] Adding RY(0.0, wires=[1]) had small change in overlap from 0.9993786143533592 to 0.9991019456639931
[2025-08-04 17:57:22,477][INFO] Adding CRY(0.0, wires=[3, 4])) increased overlap from 0.9991019456639931 to 0.999815079526704
[2025-08-04 17:57:52,456][INFO] Adding RY(0.0, wires=[3]) had small change in overlap from 0.999815079526704 to 0.9997682164736895
[2025-08-04 17:58:22,920][INFO] Adding RY(0.0, wires=[4]) increased overlap from 0.9997682164736895 to 0.9999503966542972
[2025-08-04 17:58:54,782][INFO] Adding CRY(0.0, wires=[4, 5])) decreased overlap from 0.9999503966542972 to 0.9803848152332507.. skipping this gate
[2025-08-04 17:58:54,782][INFO] gradient converged
[2025-08-04 17:58:54,782][INFO] Completed VQE run 24
[2025-08-04 17:58:54,782][INFO] Final ops list: [{'name': 'RY', 'param': 5.279545102088716, 'wires': [5]}, {'name': 'CRY', 'param': 6.983479303320044, 'wires': [5, 4]}, {'name': 'RY', 'param': 7.390058340280109, 'wires': [3]}, {'name': 'RY', 'param': 10.620844316819836, 'wires': [4]}, {'name': 'RY', 'param': 6.2969749244841, 'wires': [2]}, {'name': 'CRY', 'param': 6.016669616167767, 'wires': [5, 3]}, {'name': 'CRY', 'param': 6.313528952266996, 'wires': [5, 2]}, {'name': 'CRY', 'param': 5.944952997327629, 'wires': [4, 3]}, {'name': 'RY', 'param': 11.33394317475279, 'wires': [4]}, {'name': 'CRY', 'param': 6.311618104178511, 'wires': [4, 2]}, {'name': 'RY', 'param': 7.4966690481284255, 'wires': [1]}, {'name': 'CRY', 'param': 6.286790760611311, 'wires': [5, 1]}, {'name': 'CRY', 'param': 6.3020463474529995, 'wires': [3, 2]}, {'name': 'CRY', 'param': 6.284683842277486, 'wires': [4, 1]}, {'name': 'RY', 'param': 6.643267264831865, 'wires': [4]}, {'name': 'RY', 'param': 7.494433982051016, 'wires': [3]}, {'name': 'CRY', 'param': 6.281889199173502, 'wires': [3, 1]}, {'name': 'CRY', 'param': 6.260314402293716, 'wires': [2, 3]}, {'name': 'RY', 'param': 6.305378457826663, 'wires': [2]}, {'name': 'RY', 'param': 6.0073306973676965, 'wires': [5]}, {'name': 'RY', 'param': 5.069627381915959, 'wires': [1]}, {'name': 'CRY', 'param': 5.816685581278992, 'wires': [3, 4]}, {'name': 'RY', 'param': 5.729975265682578, 'wires': [3]}, {'name': 'RY', 'param': 5.509799415218067, 'wires': [4]}]
[2025-08-04 17:58:54,782][INFO] Energy: 0.892237035867378
[2025-08-05 09:53:37,956][INFO] Starting VQE run 64 (seed=86740700)
[2025-08-05 09:53:38,068][INFO] Adding RY(0.0, wires=[5]) increased overlap from 0.0 to 0.9409393760906063
[2025-08-05 09:53:38,211][INFO] Adding CRY(0.0, wires=[5, 4])) increased overlap from 0.9409393760906063 to 0.9627652104703621
[2025-08-05 09:53:38,418][INFO] Adding RY(0.0, wires=[3]) increased overlap from 0.9627652104703621 to 0.9664824425475513
[2025-08-05 09:53:38,789][INFO] Adding RY(0.0, wires=[4]) increased overlap from 0.9664824425475513 to 0.9959489677274822
[2025-08-05 09:53:39,689][INFO] Adding RY(0.0, wires=[2]) increased overlap from 0.9959489677274822 to 0.9961766722832092
[2025-08-05 09:53:41,133][INFO] Adding CRY(0.0, wires=[5, 3])) increased overlap from 0.9961766722832092 to 0.9976741616658621
[2025-08-05 09:53:43,025][INFO] Adding CRY(0.0, wires=[5, 2])) increased overlap from 0.9976741616658621 to 0.9977695425029204
[2025-08-05 09:53:48,684][INFO] Adding CRY(0.0, wires=[4, 3])) increased overlap from 0.9977695425029204 to 0.9983765679224844
[2025-08-05 09:54:07,925][INFO] Adding RY(0.0, wires=[4]) increased overlap from 0.9983765679224844 to 0.9995395010226009
[2025-08-05 09:54:28,107][INFO] Adding CRY(0.0, wires=[4, 2])) increased overlap from 0.9995395010226009 to 0.9997954152766345
[2025-08-05 09:54:49,387][INFO] Adding CRY(0.0, wires=[5, 1])) increased overlap from 0.9997954152766345 to 0.9998346679394777
[2025-08-05 09:55:10,878][INFO] Adding RY(0.0, wires=[1]) increased overlap from 0.9998346679394777 to 0.9998392066031015
[2025-08-05 09:55:33,785][INFO] Adding CRY(0.0, wires=[3, 2])) increased overlap from 0.9998392066031015 to 0.9998869434951929
[2025-08-05 09:55:58,162][INFO] Adding CRY(0.0, wires=[4, 1])) had small change in overlap from 0.9998869434951929 to 0.9998577079390134
[2025-08-05 09:56:23,853][INFO] Adding CRY(0.0, wires=[3, 4])) had small change in overlap from 0.9998577079390134 to 0.9994983977345414
[2025-08-05 09:56:50,681][INFO] Adding CRY(0.0, wires=[3, 5])) increased overlap from 0.9994983977345414 to 0.9999055339785909
[2025-08-05 09:57:17,475][INFO] Adding RY(0.0, wires=[3]) increased overlap from 0.9999055339785909 to 0.9999123227693403
[2025-08-05 09:57:43,837][INFO] Adding RY(0.0, wires=[4]) increased overlap from 0.9999123227693403 to 0.9999131184531967
[2025-08-05 09:58:11,436][INFO] Adding CRY(0.0, wires=[2, 4])) had small change in overlap from 0.9999131184531967 to 0.9998683278058853
[2025-08-05 09:58:39,195][INFO] Adding RY(0.0, wires=[2]) had small change in overlap from 0.9998683278058853 to 0.9984789790466874
[2025-08-05 09:59:07,187][INFO] Adding RY(0.0, wires=[1]) increased overlap from 0.9984789790466874 to 0.9996811944813888
[2025-08-05 09:59:35,360][INFO] Adding RY(0.0, wires=[4]) increased overlap from 0.9996811944813888 to 0.9998453622020365
[2025-08-05 10:00:05,186][INFO] Adding CRY(0.0, wires=[3, 1])) had small change in overlap from 0.9998453622020365 to 0.9992527405914939
[2025-08-05 10:00:35,154][INFO] Adding RY(0.0, wires=[1]) had small change in overlap from 0.9992527405914939 to 0.9893200600917353
[2025-08-05 10:01:05,674][INFO] Adding RY(0.0, wires=[3]) increased overlap from 0.9893200600917353 to 0.9994189435207793
[2025-08-05 10:01:36,823][INFO] Adding RY(0.0, wires=[5]) increased overlap from 0.9994189435207793 to 0.9999006589301793
[2025-08-05 10:02:09,282][INFO] Adding CRY(0.0, wires=[4, 5])) had small change in overlap from 0.9999006589301793 to 0.9998711081282096
[2025-08-05 10:02:42,247][INFO] Adding RY(0.0, wires=[5]) increased overlap from 0.9998711081282096 to 0.9999614223325172
[2025-08-05 10:03:15,730][INFO] Adding RY(0.0, wires=[4]) had small change in overlap from 0.9999614223325172 to 0.9995069695548969
[2025-08-05 10:03:50,698][INFO] Adding CRY(0.0, wires=[2, 3])) increased overlap from 0.9995069695548969 to 0.9998485859886102
[2025-08-05 10:03:50,698][INFO] Completed VQE run 29
[2025-08-05 10:03:50,698][INFO] Final ops list: [{'name': 'RY', 'param': -1.7970774936317395, 'wires': [5]}, {'name': 'CRY', 'param': -0.7817446205160186, 'wires': [5, 4]}, {'name': 'RY', 'param': 0.17743688348857975, 'wires': [3]}, {'name': 'RY', 'param': -1.9712544252510824, 'wires': [4]}, {'name': 'RY', 'param': -0.17725228256247583, 'wires': [2]}, {'name': 'CRY', 'param': 0.08351882115009869, 'wires': [5, 3]}, {'name': 'CRY', 'param': -0.023936887741087796, 'wires': [5, 2]}, {'name': 'CRY', 'param': -0.15314653612823606, 'wires': [4, 3]}, {'name': 'RY', 'param': 0.4250159330044062, 'wires': [4]}, {'name': 'CRY', 'param': -0.03512569908505964, 'wires': [4, 2]}, {'name': 'CRY', 'param': -0.0022641135437560136, 'wires': [5, 1]}, {'name': 'RY', 'param': -0.8813282962741295, 'wires': [1]}, {'name': 'CRY', 'param': -0.04538389084184478, 'wires': [3, 2]}, {'name': 'CRY', 'param': 0.0016000663204777132, 'wires': [4, 1]}, {'name': 'CRY', 'param': 6.66938511284121, 'wires': [3, 4]}, {'name': 'CRY', 'param': 2.3259752575214527, 'wires': [3, 5]}, {'name': 'RY', 'param': 0.1776358080317701, 'wires': [3]}, {'name': 'RY', 'param': 1.4399210286907245, 'wires': [4]}, {'name': 'CRY', 'param': 0.33926168800282497, 'wires': [2, 4]}, {'name': 'RY', 'param': 0.21673148721083882, 'wires': [2]}, {'name': 'RY', 'param': 0.05262402072624911, 'wires': [1]}, {'name': 'RY', 'param': 0.9336231577308112, 'wires': [4]}, {'name': 'CRY', 'param': -0.0002277585368910771, 'wires': [3, 1]}, {'name': 'RY', 'param': 0.8305225017336609, 'wires': [1]}, {'name': 'RY', 'param': -0.2592616993312565, 'wires': [3]}, {'name': 'RY', 'param': 0.049132633515355184, 'wires': [5]}, {'name': 'CRY', 'param': 3.273022687638991, 'wires': [4, 5]}, {'name': 'RY', 'param': 0.6540804378081515, 'wires': [5]}, {'name': 'RY', 'param': 0.5507881192992464, 'wires': [4]}, {'name': 'CRY', 'param': 0.897649949656728, 'wires': [2, 3]}]
[2025-08-05 10:03:50,698][INFO] Energy: 0.8932550252506356
