[2025-08-04 17:51:42,891][INFO] Starting VQE run 77 (seed=61196040)
[2025-08-04 17:51:43,054][INFO] Adding RY(0.0, wires=[5]) increased overlap from 0.0 to 0.940939375294969
[2025-08-04 17:51:43,178][INFO] Adding CRY(0.0, wires=[5, 4])) increased overlap from 0.940939375294969 to 0.9627652096188543
[2025-08-04 17:51:43,367][INFO] Adding RY(0.0, wires=[3]) increased overlap from 0.9627652096188543 to 0.9664824446567684
[2025-08-04 17:51:43,669][INFO] Adding RY(0.0, wires=[4]) increased overlap from 0.9664824446567684 to 0.9959489636621314
[2025-08-04 17:51:44,580][INFO] Adding RY(0.0, wires=[2]) increased overlap from 0.9959489636621314 to 0.9961766752957468
[2025-08-04 17:51:46,523][INFO] Adding CRY(0.0, wires=[5, 3])) increased overlap from 0.9961766752957468 to 0.9976741634514427
[2025-08-04 17:51:48,412][INFO] Adding CRY(0.0, wires=[5, 2])) increased overlap from 0.9976741634514427 to 0.9977695449310605
[2025-08-04 17:51:54,092][INFO] Adding CRY(0.0, wires=[4, 3])) increased overlap from 0.9977695449310605 to 0.9983765590427147
[2025-08-04 17:52:11,506][INFO] Adding RY(0.0, wires=[4]) increased overlap from 0.9983765590427147 to 0.9998755926882107
[2025-08-04 17:52:30,089][INFO] Adding CRY(0.0, wires=[4, 2])) increased overlap from 0.9998755926882107 to 0.999922947223955
[2025-08-04 17:52:49,715][INFO] Adding CRY(0.0, wires=[5, 1])) had small change in overlap from 0.999922947223955 to 0.9998445287795906
[2025-08-04 17:53:09,789][INFO] Adding RY(0.0, wires=[1]) had small change in overlap from 0.9998445287795906 to 0.9993362426597177
[2025-08-04 17:53:31,231][INFO] Adding CRY(0.0, wires=[3, 4])) had small change in overlap from 0.9993362426597177 to 0.9977585019644969
[2025-08-04 17:53:53,970][INFO] Adding CRY(0.0, wires=[3, 5])) increased overlap from 0.9977585019644969 to 0.9990326757879339
[2025-08-04 17:54:17,276][INFO] Adding RY(0.0, wires=[3]) increased overlap from 0.9990326757879339 to 0.999915372699805
[2025-08-04 17:54:41,645][INFO] Adding CRY(0.0, wires=[4, 1])) had small change in overlap from 0.999915372699805 to 0.9999152021411849
[2025-08-04 17:55:07,400][INFO] Adding CRY(0.0, wires=[3, 2])) increased overlap from 0.9999152021411849 to 0.9999539182156439
[2025-08-04 17:55:33,766][INFO] Adding RY(0.0, wires=[4]) increased overlap from 0.9999539182156439 to 0.9999651058364748
[2025-08-04 17:56:01,515][INFO] Adding CRY(0.0, wires=[3, 1])) increased overlap from 0.9999651058364748 to 0.9999912650158992
[2025-08-04 17:56:29,907][INFO] Adding RY(0.0, wires=[1]) decreased overlap from 0.9999912650158992 to 0.5619744625306743.. skipping this gate
[2025-08-04 17:56:29,907][INFO] gradient converged
[2025-08-04 17:56:29,907][INFO] Completed VQE run 19
[2025-08-04 17:56:29,907][INFO] Final ops list: [{'name': 'RY', 'param': 5.059982635932148, 'wires': [5]}, {'name': 'CRY', 'param': 6.94467796076008, 'wires': [5, 4]}, {'name': 'RY', 'param': 6.8774719623305405, 'wires': [3]}, {'name': 'RY', 'param': 5.768298332303478, 'wires': [4]}, {'name': 'RY', 'param': 6.301177428118798, 'wires': [2]}, {'name': 'CRY', 'param': 6.129978653079721, 'wires': [5, 3]}, {'name': 'CRY', 'param': 6.249144646134337, 'wires': [5, 2]}, {'name': 'CRY', 'param': 6.546191179962417, 'wires': [4, 3]}, {'name': 'RY', 'param': 6.87970948655207, 'wires': [4]}, {'name': 'CRY', 'param': 6.251669361180042, 'wires': [4, 2]}, {'name': 'CRY', 'param': 6.28382127654372, 'wires': [5, 1]}, {'name': 'RY', 'param': 6.282613901318909, 'wires': [1]}, {'name': 'CRY', 'param': 6.355801902941081, 'wires': [3, 4]}, {'name': 'CRY', 'param': 5.726545007729, 'wires': [3, 5]}, {'name': 'RY', 'param': 5.568833879566172, 'wires': [3]}, {'name': 'CRY', 'param': 6.283795351203889, 'wires': [4, 1]}, {'name': 'CRY', 'param': 6.241114810603381, 'wires': [3, 2]}, {'name': 'RY', 'param': 5.520778520775886, 'wires': [4]}, {'name': 'CRY', 'param': 6.28293802412269, 'wires': [3, 1]}]
[2025-08-04 17:56:29,907][INFO] Energy: 0.8917739383933265
[2025-08-05 09:53:37,967][INFO] Starting VQE run 77 (seed=54226956)
[2025-08-05 09:53:38,078][INFO] Adding RY(0.0, wires=[5]) increased overlap from 0.0 to 0.9409393791398057
[2025-08-05 09:53:38,499][INFO] Adding CRY(0.0, wires=[5, 4])) increased overlap from 0.9409393791398057 to 0.9627652109239413
[2025-08-05 09:53:38,712][INFO] Adding RY(0.0, wires=[3]) increased overlap from 0.9627652109239413 to 0.9664824450919348
[2025-08-05 09:53:39,130][INFO] Adding RY(0.0, wires=[4]) increased overlap from 0.9664824450919348 to 0.995948968539334
[2025-08-05 09:53:40,339][INFO] Adding RY(0.0, wires=[2]) increased overlap from 0.995948968539334 to 0.9961766754470365
[2025-08-05 09:53:42,418][INFO] Adding CRY(0.0, wires=[5, 3])) increased overlap from 0.9961766754470365 to 0.9976741615976604
[2025-08-05 09:53:51,019][INFO] Adding CRY(0.0, wires=[5, 2])) increased overlap from 0.9976741615976604 to 0.9977695450776285
[2025-08-05 09:53:58,696][INFO] Adding CRY(0.0, wires=[4, 3])) increased overlap from 0.9977695450776285 to 0.998376568486143
[2025-08-05 09:54:17,368][INFO] Adding RY(0.0, wires=[4]) increased overlap from 0.998376568486143 to 0.9997630373141632
[2025-08-05 09:54:37,356][INFO] Adding CRY(0.0, wires=[4, 2])) had small change in overlap from 0.9997630373141632 to 0.9956603858668427
[2025-08-05 09:54:58,272][INFO] Adding CRY(0.0, wires=[5, 1])) decreased overlap from 0.9956603858668427 to 0.5846062265068274.. skipping this gate
[2025-08-05 09:54:58,272][INFO] gradient converged
[2025-08-05 09:54:58,272][INFO] Completed VQE run 10
[2025-08-05 09:54:58,272][INFO] Final ops list: [{'name': 'RY', 'param': 5.096080356084437, 'wires': [5]}, {'name': 'CRY', 'param': -0.4939338825938859, 'wires': [5, 4]}, {'name': 'RY', 'param': -0.11568344762540131, 'wires': [3]}, {'name': 'RY', 'param': -1.222243728764089, 'wires': [4]}, {'name': 'RY', 'param': -0.0016645181766538856, 'wires': [2]}, {'name': 'CRY', 'param': 0.07031324345703495, 'wires': [5, 3]}, {'name': 'CRY', 'param': 0.004130051115055417, 'wires': [5, 2]}, {'name': 'CRY', 'param': -0.07060007978834974, 'wires': [4, 3]}, {'name': 'RY', 'param': 1.472703299157965, 'wires': [4]}, {'name': 'CRY', 'param': 0.1011995650645188, 'wires': [4, 2]}]
[2025-08-05 09:54:58,272][INFO] Energy: 0.9100464445384322
