[2025-08-04 17:51:42,826][INFO] Starting VQE run 20 (seed=64595916)
[2025-08-04 17:51:42,931][INFO] Adding RY(0.0, wires=[5]) increased overlap from 0.0 to 0.9409393758611043
[2025-08-04 17:51:43,071][INFO] Adding CRY(0.0, wires=[5, 4])) increased overlap from 0.9409393758611043 to 0.96276520913825
[2025-08-04 17:51:43,251][INFO] Adding RY(0.0, wires=[3]) increased overlap from 0.96276520913825 to 0.9664824408095574
[2025-08-04 17:51:43,579][INFO] Adding RY(0.0, wires=[4]) increased overlap from 0.9664824408095574 to 0.9959489637836306
[2025-08-04 17:51:44,407][INFO] Adding RY(0.0, wires=[2]) increased overlap from 0.9959489637836306 to 0.9961766812617973
[2025-08-04 17:51:45,818][INFO] Adding CRY(0.0, wires=[5, 3])) increased overlap from 0.9961766812617973 to 0.9976741631733707
[2025-08-04 17:51:47,468][INFO] Adding CRY(0.0, wires=[5, 2])) increased overlap from 0.9976741631733707 to 0.997769542969808
[2025-08-04 17:51:52,597][INFO] Adding CRY(0.0, wires=[4, 3])) increased overlap from 0.997769542969808 to 0.9983765596290541
[2025-08-04 17:52:09,717][INFO] Adding RY(0.0, wires=[4]) increased overlap from 0.9983765596290541 to 0.9998694200407275
[2025-08-04 17:52:28,296][INFO] Adding CRY(0.0, wires=[4, 2])) had small change in overlap from 0.9998694200407275 to 0.9997309045898397
[2025-08-04 17:52:47,968][INFO] Adding CRY(0.0, wires=[5, 1])) had small change in overlap from 0.9997309045898397 to 0.9996418845733647
[2025-08-04 17:53:08,053][INFO] Adding RY(0.0, wires=[1]) had small change in overlap from 0.9996418845733647 to 0.9992615211367639
[2025-08-04 17:53:29,499][INFO] Adding CRY(0.0, wires=[3, 4])) increased overlap from 0.9992615211367639 to 0.9999235889576771
[2025-08-04 17:53:52,303][INFO] Adding CRY(0.0, wires=[3, 2])) increased overlap from 0.9999235889576771 to 0.9999505559888873
[2025-08-04 17:54:16,515][INFO] Adding CRY(0.0, wires=[4, 1])) had small change in overlap from 0.9999505559888873 to 0.9998645467328534
[2025-08-04 17:54:40,971][INFO] Adding RY(0.0, wires=[3]) increased overlap from 0.9998645467328534 to 0.9999446670282416
[2025-08-04 17:55:05,966][INFO] Adding RY(0.0, wires=[4]) increased overlap from 0.9999446670282416 to 0.9999797848114609
[2025-08-04 17:55:32,316][INFO] Adding CRY(0.0, wires=[3, 1])) increased overlap from 0.9999797848114609 to 0.9999867301402088
[2025-08-04 17:55:59,908][INFO] Adding CRY(0.0, wires=[3, 5])) increased overlap from 0.9999867301402088 to 0.9999885655288858
[2025-08-04 17:56:28,165][INFO] Adding RY(0.0, wires=[3]) increased overlap from 0.9999885655288858 to 0.9999920142578523
[2025-08-04 17:56:57,029][INFO] Adding RY(0.0, wires=[2]) had small change in overlap from 0.9999920142578523 to 0.9999895882595651
[2025-08-04 17:57:26,429][INFO] Adding RY(0.0, wires=[1]) increased overlap from 0.9999895882595651 to 0.9999962715594343
[2025-08-04 17:57:57,213][INFO] Adding CRY(0.0, wires=[2, 3])) had small change in overlap from 0.9999962715594343 to 0.9999624242836066
[2025-08-04 17:58:28,680][INFO] Adding RY(0.0, wires=[2]) increased overlap from 0.9999624242836066 to 0.9999715859295473
[2025-08-04 17:59:00,723][INFO] Adding RY(0.0, wires=[5]) had small change in overlap from 0.9999715859295473 to 0.9999683663474767
[2025-08-04 17:59:34,179][INFO] Adding CRY(0.0, wires=[4, 5])) had small change in overlap from 0.9999683663474767 to 0.9998235736231208
[2025-08-04 18:00:08,061][INFO] Adding RY(0.0, wires=[3]) increased overlap from 0.9998235736231208 to 0.9998609855442794
[2025-08-04 18:00:43,448][INFO] Adding CRY(0.0, wires=[2, 5])) had small change in overlap from 0.9998609855442794 to 0.9998465166139862
[2025-08-04 18:01:19,307][INFO] Adding RY(0.0, wires=[2]) increased overlap from 0.9998465166139862 to 0.9999199448043805
[2025-08-04 18:01:56,601][INFO] Adding CRY(0.0, wires=[2, 4])) had small change in overlap from 0.9999199448043805 to 0.9994882251961601
[2025-08-04 18:01:56,601][INFO] Completed VQE run 29
[2025-08-04 18:01:56,601][INFO] Final ops list: [{'name': 'RY', 'param': 5.552916246461182, 'wires': [5]}, {'name': 'CRY', 'param': 5.404131019150432, 'wires': [5, 4]}, {'name': 'RY', 'param': 6.65253936708243, 'wires': [3]}, {'name': 'RY', 'param': 5.151018055520087, 'wires': [4]}, {'name': 'RY', 'param': 6.439878454801893, 'wires': [2]}, {'name': 'CRY', 'param': 6.296164552783381, 'wires': [5, 3]}, {'name': 'CRY', 'param': 6.293449601189582, 'wires': [5, 2]}, {'name': 'CRY', 'param': 6.064998270940598, 'wires': [4, 3]}, {'name': 'RY', 'param': 5.581759875024555, 'wires': [4]}, {'name': 'CRY', 'param': 6.2842923731856075, 'wires': [4, 2]}, {'name': 'CRY', 'param': 6.28221466769324, 'wires': [5, 1]}, {'name': 'RY', 'param': 6.52585766954973, 'wires': [1]}, {'name': 'CRY', 'param': 11.691992468527006, 'wires': [3, 4]}, {'name': 'CRY', 'param': 6.992729303588661, 'wires': [3, 2]}, {'name': 'CRY', 'param': 6.281860208514144, 'wires': [4, 1]}, {'name': 'RY', 'param': 6.7508335198217235, 'wires': [3]}, {'name': 'RY', 'param': 5.593512421496561, 'wires': [4]}, {'name': 'CRY', 'param': 6.282464308000052, 'wires': [3, 1]}, {'name': 'CRY', 'param': 5.872277608179593, 'wires': [3, 5]}, {'name': 'RY', 'param': 6.215894682224038, 'wires': [3]}, {'name': 'RY', 'param': 6.114105457674469, 'wires': [2]}, {'name': 'RY', 'param': 6.038692674878621, 'wires': [1]}, {'name': 'CRY', 'param': 9.494129258782007, 'wires': [2, 3]}, {'name': 'RY', 'param': 6.364149775891841, 'wires': [2]}, {'name': 'RY', 'param': 5.729485255006782, 'wires': [5]}, {'name': 'CRY', 'param': 6.39341623882086, 'wires': [4, 5]}, {'name': 'RY', 'param': 6.04210318161659, 'wires': [3]}, {'name': 'CRY', 'param': 6.976147080616559, 'wires': [2, 5]}, {'name': 'RY', 'param': 6.253377221386611, 'wires': [2]}, {'name': 'CRY', 'param': 5.897392067693449, 'wires': [2, 4]}]
[2025-08-04 18:01:56,601][INFO] Energy: 0.8971835497484306
[2025-08-05 09:53:37,929][INFO] Starting VQE run 20 (seed=54337077)
[2025-08-05 09:53:38,039][INFO] Adding RY(0.0, wires=[5]) increased overlap from 0.0 to 0.9409393729330582
[2025-08-05 09:53:38,724][INFO] Adding CRY(0.0, wires=[5, 4])) increased overlap from 0.9409393729330582 to 0.9627652099864523
[2025-08-05 09:53:38,953][INFO] Adding RY(0.0, wires=[3]) increased overlap from 0.9627652099864523 to 0.9664824401362054
[2025-08-05 09:53:39,315][INFO] Adding RY(0.0, wires=[4]) increased overlap from 0.9664824401362054 to 0.9959489651240893
[2025-08-05 09:53:40,423][INFO] Adding RY(0.0, wires=[2]) increased overlap from 0.9959489651240893 to 0.9961766741809163
[2025-08-05 09:53:42,919][INFO] Adding CRY(0.0, wires=[5, 3])) increased overlap from 0.9961766741809163 to 0.9976741609799163
[2025-08-05 09:53:50,861][INFO] Adding CRY(0.0, wires=[5, 2])) increased overlap from 0.9976741609799163 to 0.9977695429435302
[2025-08-05 09:54:00,576][INFO] Adding CRY(0.0, wires=[4, 3])) increased overlap from 0.9977695429435302 to 0.998376567056296
[2025-08-05 09:54:19,113][INFO] Adding RY(0.0, wires=[4]) increased overlap from 0.998376567056296 to 0.9997802154774459
[2025-08-05 09:54:39,068][INFO] Adding CRY(0.0, wires=[4, 2])) decreased overlap from 0.9997802154774459 to 0.9509061968080821.. skipping this gate
[2025-08-05 09:54:39,068][INFO] gradient converged
[2025-08-05 09:54:39,068][INFO] Completed VQE run 9
[2025-08-05 09:54:39,068][INFO] Final ops list: [{'name': 'RY', 'param': 5.032250016918894, 'wires': [5]}, {'name': 'CRY', 'param': -0.6099483994216329, 'wires': [5, 4]}, {'name': 'RY', 'param': -0.14234765521461715, 'wires': [3]}, {'name': 'RY', 'param': -1.2220019082096887, 'wires': [4]}, {'name': 'RY', 'param': 0.00702753824695551, 'wires': [2]}, {'name': 'CRY', 'param': 0.13306390927353126, 'wires': [5, 3]}, {'name': 'CRY', 'param': -0.030747392084944262, 'wires': [5, 2]}, {'name': 'CRY', 'param': -0.13152149907436173, 'wires': [4, 3]}, {'name': 'RY', 'param': 1.551156022299967, 'wires': [4]}]
[2025-08-05 09:54:39,068][INFO] Energy: 0.8944277656644137
