[2025-08-04 17:51:42,852][INFO] Starting VQE run 57 (seed=36398076)
[2025-08-04 17:51:42,955][INFO] Adding RY(0.0, wires=[5]) increased overlap from 0.0 to 0.940939376343431
[2025-08-04 17:51:43,084][INFO] Adding CRY(0.0, wires=[5, 4])) increased overlap from 0.940939376343431 to 0.9627652108213236
[2025-08-04 17:51:43,276][INFO] Adding RY(0.0, wires=[3]) increased overlap from 0.9627652108213236 to 0.9664824405953727
[2025-08-04 17:51:43,555][INFO] Adding RY(0.0, wires=[4]) increased overlap from 0.9664824405953727 to 0.9959489674601772
[2025-08-04 17:51:44,427][INFO] Adding RY(0.0, wires=[2]) increased overlap from 0.9959489674601772 to 0.9961766737322884
[2025-08-04 17:51:45,767][INFO] Adding CRY(0.0, wires=[5, 3])) increased overlap from 0.9961766737322884 to 0.9976741632643457
[2025-08-04 17:51:47,649][INFO] Adding CRY(0.0, wires=[5, 2])) increased overlap from 0.9976741632643457 to 0.997769542760471
[2025-08-04 17:51:52,013][INFO] Adding CRY(0.0, wires=[4, 3])) increased overlap from 0.997769542760471 to 0.9983765602824536
[2025-08-04 17:52:09,141][INFO] Adding RY(0.0, wires=[4]) increased overlap from 0.9983765602824536 to 0.9998650094443553
[2025-08-04 17:52:27,794][INFO] Adding CRY(0.0, wires=[4, 2])) had small change in overlap from 0.9998650094443553 to 0.999834896087547
[2025-08-04 17:52:47,573][INFO] Adding CRY(0.0, wires=[5, 1])) had small change in overlap from 0.999834896087547 to 0.999527198453031
[2025-08-04 17:53:07,750][INFO] Adding RY(0.0, wires=[1]) had small change in overlap from 0.999527198453031 to 0.9991349896365506
[2025-08-04 17:53:29,274][INFO] Adding CRY(0.0, wires=[3, 4])) increased overlap from 0.9991349896365506 to 0.999923269111573
[2025-08-04 17:53:52,190][INFO] Adding CRY(0.0, wires=[3, 2])) increased overlap from 0.999923269111573 to 0.9999429838347821
[2025-08-04 17:54:16,479][INFO] Adding CRY(0.0, wires=[4, 1])) had small change in overlap from 0.9999429838347821 to 0.9997557671985567
[2025-08-04 17:54:40,930][INFO] Adding RY(0.0, wires=[3]) increased overlap from 0.9997557671985567 to 0.9999332357506163
[2025-08-04 17:55:05,906][INFO] Adding RY(0.0, wires=[4]) increased overlap from 0.9999332357506163 to 0.9999816874950606
[2025-08-04 17:55:32,292][INFO] Adding CRY(0.0, wires=[3, 1])) had small change in overlap from 0.9999816874950606 to 0.9999783234693488
[2025-08-04 17:55:59,219][INFO] Adding RY(0.0, wires=[1]) had small change in overlap from 0.9999783234693488 to 0.9999363033039147
[2025-08-04 17:56:27,536][INFO] Adding CRY(0.0, wires=[4, 5])) had small change in overlap from 0.9999363033039147 to 0.9998285560323915
[2025-08-04 17:56:56,440][INFO] Adding RY(0.0, wires=[4]) increased overlap from 0.9998285560323915 to 0.9998969875031545
[2025-08-04 17:57:25,973][INFO] Adding RY(0.0, wires=[5]) had small change in overlap from 0.9998969875031545 to 0.9997382426976975
[2025-08-04 17:57:56,940][INFO] Adding CRY(0.0, wires=[3, 5])) increased overlap from 0.9997382426976975 to 0.999891421755441
[2025-08-04 17:58:28,441][INFO] Adding RY(0.0, wires=[3]) increased overlap from 0.999891421755441 to 0.9999602395394076
[2025-08-04 17:59:00,630][INFO] Adding RY(0.0, wires=[5]) had small change in overlap from 0.9999602395394076 to 0.9992524575169973
[2025-08-04 17:59:34,049][INFO] Adding CRY(0.0, wires=[2, 4])) increased overlap from 0.9992524575169973 to 0.9993474772888201
[2025-08-04 18:00:07,980][INFO] Adding RY(0.0, wires=[2]) had small change in overlap from 0.9993474772888201 to 0.9992508076398946
[2025-08-04 18:00:42,551][INFO] Adding RY(0.0, wires=[4]) increased overlap from 0.9992508076398946 to 0.9994293258912296
[2025-08-04 18:01:18,508][INFO] Adding CRY(0.0, wires=[2, 5])) increased overlap from 0.9994293258912296 to 0.9994626487837979
[2025-08-04 18:01:55,177][INFO] Adding RY(0.0, wires=[2]) had small change in overlap from 0.9994626487837979 to 0.9988638113075977
[2025-08-04 18:01:55,178][INFO] Completed VQE run 29
[2025-08-04 18:01:55,178][INFO] Final ops list: [{'name': 'RY', 'param': 6.082661993811751, 'wires': [5]}, {'name': 'CRY', 'param': 10.164940680599218, 'wires': [5, 4]}, {'name': 'RY', 'param': 8.161227542026348, 'wires': [3]}, {'name': 'RY', 'param': 7.384507150611294, 'wires': [4]}, {'name': 'RY', 'param': 7.1932755311836525, 'wires': [2]}, {'name': 'CRY', 'param': 6.31175676275741, 'wires': [5, 3]}, {'name': 'CRY', 'param': 7.513282170935874, 'wires': [5, 2]}, {'name': 'CRY', 'param': 6.2813805074129565, 'wires': [4, 3]}, {'name': 'RY', 'param': 7.415474848287135, 'wires': [4]}, {'name': 'CRY', 'param': 7.73854567754556, 'wires': [4, 2]}, {'name': 'CRY', 'param': 6.283367183683645, 'wires': [5, 1]}, {'name': 'RY', 'param': 7.636170089291709, 'wires': [1]}, {'name': 'CRY', 'param': 6.300461247840554, 'wires': [3, 4]}, {'name': 'CRY', 'param': 6.284651171953635, 'wires': [3, 2]}, {'name': 'CRY', 'param': 6.283626560847795, 'wires': [4, 1]}, {'name': 'RY', 'param': 5.138602749328327, 'wires': [3]}, {'name': 'RY', 'param': 5.971825082595908, 'wires': [4]}, {'name': 'CRY', 'param': 6.2836070807817865, 'wires': [3, 1]}, {'name': 'RY', 'param': 4.9285125572051385, 'wires': [1]}, {'name': 'CRY', 'param': 9.796272075545597, 'wires': [4, 5]}, {'name': 'RY', 'param': 7.615438600892833, 'wires': [4]}, {'name': 'RY', 'param': 5.946789906404998, 'wires': [5]}, {'name': 'CRY', 'param': 6.11556476479534, 'wires': [3, 5]}, {'name': 'RY', 'param': 5.424591745486263, 'wires': [3]}, {'name': 'RY', 'param': 5.3752576393543405, 'wires': [5]}, {'name': 'CRY', 'param': 5.776716834119522, 'wires': [2, 4]}, {'name': 'RY', 'param': 6.376322231630022, 'wires': [2]}, {'name': 'RY', 'param': 5.180582338358349, 'wires': [4]}, {'name': 'CRY', 'param': 6.0456157026745965, 'wires': [2, 5]}, {'name': 'RY', 'param': 5.464725028667654, 'wires': [2]}]
[2025-08-04 18:01:55,178][INFO] Energy: 0.8997138455480181
[2025-08-05 09:53:37,952][INFO] Starting VQE run 57 (seed=28274692)
[2025-08-05 09:53:38,064][INFO] Adding RY(0.0, wires=[5]) increased overlap from 0.0 to 0.9409393794272386
[2025-08-05 09:53:38,218][INFO] Adding CRY(0.0, wires=[5, 4])) increased overlap from 0.9409393794272386 to 0.9627652102524631
[2025-08-05 09:53:38,439][INFO] Adding RY(0.0, wires=[3]) increased overlap from 0.9627652102524631 to 0.966482438704656
[2025-08-05 09:53:38,853][INFO] Adding RY(0.0, wires=[4]) increased overlap from 0.966482438704656 to 0.9959489621837593
[2025-08-05 09:53:40,005][INFO] Adding RY(0.0, wires=[2]) increased overlap from 0.9959489621837593 to 0.996176674357571
[2025-08-05 09:53:42,718][INFO] Adding CRY(0.0, wires=[5, 3])) increased overlap from 0.996176674357571 to 0.9976741612736758
[2025-08-05 09:53:44,938][INFO] Adding CRY(0.0, wires=[5, 2])) increased overlap from 0.9976741612736758 to 0.9977695439260795
[2025-08-05 09:53:52,827][INFO] Adding CRY(0.0, wires=[4, 3])) increased overlap from 0.9977695439260795 to 0.9983765591848932
[2025-08-05 09:54:11,783][INFO] Adding RY(0.0, wires=[4]) increased overlap from 0.9983765591848932 to 0.9998922708947038
[2025-08-05 09:54:31,885][INFO] Adding CRY(0.0, wires=[4, 2])) increased overlap from 0.9998922708947038 to 0.9999398015021174
[2025-08-05 09:54:52,972][INFO] Adding CRY(0.0, wires=[5, 1])) had small change in overlap from 0.9999398015021174 to 0.9998408272023113
[2025-08-05 09:55:14,299][INFO] Adding RY(0.0, wires=[1]) had small change in overlap from 0.9998408272023113 to 0.9994662365955393
[2025-08-05 09:55:37,203][INFO] Adding CRY(0.0, wires=[3, 2])) had small change in overlap from 0.9994662365955393 to 0.9970892389324647
[2025-08-05 09:56:00,653][INFO] Adding RY(0.0, wires=[3]) increased overlap from 0.9970892389324647 to 0.99927636854117
[2025-08-05 09:56:24,771][INFO] Adding RY(0.0, wires=[4]) increased overlap from 0.99927636854117 to 0.9999148929252522
[2025-08-05 09:56:50,080][INFO] Adding CRY(0.0, wires=[4, 1])) decreased overlap from 0.9999148929252522 to 0.954269197131362.. skipping this gate
[2025-08-05 09:56:50,080][INFO] gradient converged
[2025-08-05 09:56:50,080][INFO] Completed VQE run 15
[2025-08-05 09:56:50,080][INFO] Final ops list: [{'name': 'RY', 'param': 5.028148897121923, 'wires': [5]}, {'name': 'CRY', 'param': 5.663777216647871, 'wires': [5, 4]}, {'name': 'RY', 'param': 8.783749859029486, 'wires': [3]}, {'name': 'RY', 'param': 11.217964338861723, 'wires': [4]}, {'name': 'RY', 'param': 6.321856405577274, 'wires': [2]}, {'name': 'CRY', 'param': 6.142386885620785, 'wires': [5, 3]}, {'name': 'CRY', 'param': 6.2462743952784185, 'wires': [5, 2]}, {'name': 'CRY', 'param': 6.415224598819046, 'wires': [4, 3]}, {'name': 'RY', 'param': 3.196754151764205, 'wires': [4]}, {'name': 'CRY', 'param': 6.258564974041527, 'wires': [4, 2]}, {'name': 'CRY', 'param': 6.283901659652472, 'wires': [5, 1]}, {'name': 'RY', 'param': 6.281919536770823, 'wires': [1]}, {'name': 'CRY', 'param': 6.270442146341597, 'wires': [3, 2]}, {'name': 'RY', 'param': 2.3605212413578878, 'wires': [3]}, {'name': 'RY', 'param': 4.881328516402229, 'wires': [4]}]
[2025-08-05 09:56:50,080][INFO] Energy: 0.89291260866212
