[2025-08-04 17:51:42,858][INFO] Starting VQE run 68 (seed=74728314)
[2025-08-04 17:51:42,965][INFO] Adding RY(0.0, wires=[5]) increased overlap from 0.0 to 0.940939376356658
[2025-08-04 17:51:43,190][INFO] Adding CRY(0.0, wires=[5, 4])) increased overlap from 0.940939376356658 to 0.962765209273571
[2025-08-04 17:51:43,385][INFO] Adding RY(0.0, wires=[3]) increased overlap from 0.962765209273571 to 0.9664824429889647
[2025-08-04 17:51:43,743][INFO] Adding RY(0.0, wires=[4]) increased overlap from 0.9664824429889647 to 0.9959489667386382
[2025-08-04 17:51:45,409][INFO] Adding RY(0.0, wires=[2]) increased overlap from 0.9959489667386382 to 0.9961766740753655
[2025-08-04 17:51:47,110][INFO] Adding CRY(0.0, wires=[5, 3])) increased overlap from 0.9961766740753655 to 0.9976741621246842
[2025-08-04 17:51:49,958][INFO] Adding CRY(0.0, wires=[5, 2])) increased overlap from 0.9976741621246842 to 0.9977695437585652
[2025-08-04 17:51:55,780][INFO] Adding CRY(0.0, wires=[4, 3])) increased overlap from 0.9977695437585652 to 0.9983765667157118
[2025-08-04 17:52:12,967][INFO] Adding RY(0.0, wires=[4]) increased overlap from 0.9983765667157118 to 0.9996324601040854
[2025-08-04 17:52:31,549][INFO] Adding CRY(0.0, wires=[4, 2])) increased overlap from 0.9996324601040854 to 0.99985067235068
[2025-08-04 17:52:51,347][INFO] Adding CRY(0.0, wires=[5, 1])) had small change in overlap from 0.99985067235068 to 0.9998211472312856
[2025-08-04 17:53:11,460][INFO] Adding RY(0.0, wires=[1]) increased overlap from 0.9998211472312856 to 0.9998642155935107
[2025-08-04 17:53:33,016][INFO] Adding CRY(0.0, wires=[3, 2])) had small change in overlap from 0.9998642155935107 to 0.9913809301280995
[2025-08-04 17:53:55,123][INFO] Adding RY(0.0, wires=[3]) increased overlap from 0.9913809301280995 to 0.9996316535423574
[2025-08-04 17:54:18,644][INFO] Adding CRY(0.0, wires=[4, 1])) decreased overlap from 0.9996316535423574 to 0.9456110934141432.. skipping this gate
[2025-08-04 17:54:18,644][INFO] gradient converged
[2025-08-04 17:54:18,644][INFO] Completed VQE run 14
[2025-08-04 17:54:18,644][INFO] Final ops list: [{'name': 'RY', 'param': 5.034919487472912, 'wires': [5]}, {'name': 'CRY', 'param': -0.6006706056254866, 'wires': [5, 4]}, {'name': 'RY', 'param': -0.010497779512751881, 'wires': [3]}, {'name': 'RY', 'param': -1.3407570464639802, 'wires': [4]}, {'name': 'RY', 'param': 0.00778083252279968, 'wires': [2]}, {'name': 'CRY', 'param': 0.12138173258836403, 'wires': [5, 3]}, {'name': 'CRY', 'param': -0.027271963179471892, 'wires': [5, 2]}, {'name': 'CRY', 'param': -0.1212506727307187, 'wires': [4, 3]}, {'name': 'RY', 'param': 1.6718628016125674, 'wires': [4]}, {'name': 'CRY', 'param': 0.006739145182292127, 'wires': [4, 2]}, {'name': 'CRY', 'param': -0.003220650087393673, 'wires': [5, 1]}, {'name': 'RY', 'param': -0.0017515504327808603, 'wires': [1]}, {'name': 'CRY', 'param': 0.2806674193279367, 'wires': [3, 2]}, {'name': 'RY', 'param': -0.12421962196829932, 'wires': [3]}]
[2025-08-04 17:54:18,644][INFO] Energy: 0.8964132296583788
[2025-08-05 09:53:37,957][INFO] Starting VQE run 68 (seed=67239795)
[2025-08-05 09:53:38,077][INFO] Adding RY(0.0, wires=[5]) increased overlap from 0.0 to 0.9409393748619164
[2025-08-05 09:53:38,228][INFO] Adding CRY(0.0, wires=[5, 4])) increased overlap from 0.9409393748619164 to 0.9627652112718148
[2025-08-05 09:53:38,433][INFO] Adding RY(0.0, wires=[3]) increased overlap from 0.9627652112718148 to 0.96648243915166
[2025-08-05 09:53:38,790][INFO] Adding RY(0.0, wires=[4]) increased overlap from 0.96648243915166 to 0.9959489688057622
[2025-08-05 09:53:39,904][INFO] Adding RY(0.0, wires=[2]) increased overlap from 0.9959489688057622 to 0.9961766753550487
[2025-08-05 09:53:41,203][INFO] Adding CRY(0.0, wires=[5, 3])) increased overlap from 0.9961766753550487 to 0.997674162118923
[2025-08-05 09:53:43,179][INFO] Adding CRY(0.0, wires=[5, 2])) increased overlap from 0.997674162118923 to 0.9977695428807244
[2025-08-05 09:53:48,841][INFO] Adding CRY(0.0, wires=[4, 3])) increased overlap from 0.9977695428807244 to 0.9983765666740039
[2025-08-05 09:54:08,090][INFO] Adding RY(0.0, wires=[4]) increased overlap from 0.9983765666740039 to 0.9994430478488218
[2025-08-05 09:54:28,326][INFO] Adding CRY(0.0, wires=[4, 2])) increased overlap from 0.9994430478488218 to 0.9998150123419112
[2025-08-05 09:54:49,638][INFO] Adding CRY(0.0, wires=[5, 1])) increased overlap from 0.9998150123419112 to 0.9998634812748313
[2025-08-05 09:55:11,191][INFO] Adding RY(0.0, wires=[1]) had small change in overlap from 0.9998634812748313 to 0.9997573823487459
[2025-08-05 09:55:34,192][INFO] Adding CRY(0.0, wires=[3, 2])) increased overlap from 0.9997573823487459 to 0.9998199549521682
[2025-08-05 09:55:58,602][INFO] Adding CRY(0.0, wires=[4, 1])) had small change in overlap from 0.9998199549521682 to 0.9997705764471401
[2025-08-05 09:56:24,419][INFO] Adding CRY(0.0, wires=[3, 4])) had small change in overlap from 0.9997705764471401 to 0.9996144368490396
[2025-08-05 09:56:51,322][INFO] Adding CRY(0.0, wires=[3, 5])) increased overlap from 0.9996144368490396 to 0.9999445678072376
[2025-08-05 09:57:18,207][INFO] Adding RY(0.0, wires=[4]) had small change in overlap from 0.9999445678072376 to 0.9999110509963867
[2025-08-05 09:57:44,647][INFO] Adding RY(0.0, wires=[5]) had small change in overlap from 0.9999110509963867 to 0.9999028863233859
[2025-08-05 09:58:11,592][INFO] Adding RY(0.0, wires=[1]) had small change in overlap from 0.9999028863233859 to 0.9998422020798478
[2025-08-05 09:58:38,589][INFO] Adding RY(0.0, wires=[3]) had small change in overlap from 0.9998422020798478 to 0.9998282289358711
[2025-08-05 09:59:06,822][INFO] Adding CRY(0.0, wires=[4, 5])) increased overlap from 0.9998282289358711 to 0.9998909403964001
[2025-08-05 09:59:35,775][INFO] Adding CRY(0.0, wires=[2, 4])) had small change in overlap from 0.9998909403964001 to 0.999880800211886
[2025-08-05 10:00:05,709][INFO] Adding RY(0.0, wires=[2]) had small change in overlap from 0.999880800211886 to 0.9984970352630704
[2025-08-05 10:00:36,592][INFO] Adding CRY(0.0, wires=[2, 3])) increased overlap from 0.9984970352630704 to 0.9994688304036597
[2025-08-05 10:01:07,967][INFO] Adding RY(0.0, wires=[2]) had small change in overlap from 0.9994688304036597 to 0.9963860029583332
[2025-08-05 10:01:40,842][INFO] Adding CRY(0.0, wires=[3, 1])) had small change in overlap from 0.9963860029583332 to 0.9958181856621798
[2025-08-05 10:02:14,106][INFO] Adding RY(0.0, wires=[4]) increased overlap from 0.9958181856621798 to 0.9964042784108149
[2025-08-05 10:02:47,979][INFO] Adding RY(0.0, wires=[1]) had small change in overlap from 0.9964042784108149 to 0.9925248577126077
[2025-08-05 10:03:22,454][INFO] Adding RY(0.0, wires=[3]) increased overlap from 0.9925248577126077 to 0.998398308326821
[2025-08-05 10:03:57,328][INFO] Adding RY(0.0, wires=[5]) had small change in overlap from 0.998398308326821 to 0.9977422574273319
[2025-08-05 10:03:57,329][INFO] Completed VQE run 29
[2025-08-05 10:03:57,329][INFO] Final ops list: [{'name': 'RY', 'param': -0.9017617593931667, 'wires': [5]}, {'name': 'CRY', 'param': -0.004109692421347068, 'wires': [5, 4]}, {'name': 'RY', 'param': -0.04552400111785062, 'wires': [3]}, {'name': 'RY', 'param': -1.5833396610564998, 'wires': [4]}, {'name': 'RY', 'param': -0.6002755858307279, 'wires': [2]}, {'name': 'CRY', 'param': 0.0011283896178957314, 'wires': [5, 3]}, {'name': 'CRY', 'param': -0.01628293349588655, 'wires': [5, 2]}, {'name': 'CRY', 'param': 0.09420688846676174, 'wires': [4, 3]}, {'name': 'RY', 'param': 1.5828814779946039, 'wires': [4]}, {'name': 'CRY', 'param': 2.897043853587044, 'wires': [4, 2]}, {'name': 'CRY', 'param': 0.00045686266276175335, 'wires': [5, 1]}, {'name': 'RY', 'param': -0.31269132674544886, 'wires': [1]}, {'name': 'CRY', 'param': 3.2998997865144397, 'wires': [3, 2]}, {'name': 'CRY', 'param': 0.2799496212296911, 'wires': [4, 1]}, {'name': 'CRY', 'param': 4.977074626536534, 'wires': [3, 4]}, {'name': 'CRY', 'param': 0.7351069817090112, 'wires': [3, 5]}, {'name': 'RY', 'param': 0.6757535863665886, 'wires': [4]}, {'name': 'RY', 'param': -0.5113222411394197, 'wires': [5]}, {'name': 'RY', 'param': -0.42192736359001953, 'wires': [1]}, {'name': 'RY', 'param': -0.44191358465534747, 'wires': [3]}, {'name': 'CRY', 'param': 5.471377498057051, 'wires': [4, 5]}, {'name': 'CRY', 'param': 0.03216196545837629, 'wires': [2, 4]}, {'name': 'RY', 'param': 0.022792908190781357, 'wires': [2]}, {'name': 'CRY', 'param': -0.018457575700803395, 'wires': [2, 3]}, {'name': 'RY', 'param': 0.5875091476364066, 'wires': [2]}, {'name': 'CRY', 'param': -0.002700350712504232, 'wires': [3, 1]}, {'name': 'RY', 'param': 0.7960021324387476, 'wires': [4]}, {'name': 'RY', 'param': 0.7357564883338142, 'wires': [1]}, {'name': 'RY', 'param': 0.3167461581354247, 'wires': [3]}, {'name': 'RY', 'param': 0.2846913729911157, 'wires': [5]}]
[2025-08-05 10:03:57,329][INFO] Energy: 0.9094720636408301
