[2025-08-04 17:51:42,918][INFO] Starting VQE run 82 (seed=67395531)
[2025-08-04 17:51:43,130][INFO] Adding RY(0.0, wires=[5]) increased overlap from 0.0 to 0.9409393756585858
[2025-08-04 17:51:43,297][INFO] Adding CRY(0.0, wires=[5, 4])) increased overlap from 0.9409393756585858 to 0.9627652085868723
[2025-08-04 17:51:43,482][INFO] Adding RY(0.0, wires=[3]) increased overlap from 0.9627652085868723 to 0.9664824405598197
[2025-08-04 17:51:43,764][INFO] Adding RY(0.0, wires=[4]) increased overlap from 0.9664824405598197 to 0.9959489654044466
[2025-08-04 17:51:44,728][INFO] Adding RY(0.0, wires=[2]) increased overlap from 0.9959489654044466 to 0.9961766726778484
[2025-08-04 17:51:46,064][INFO] Adding CRY(0.0, wires=[5, 3])) increased overlap from 0.9961766726778484 to 0.9976741628975868
[2025-08-04 17:51:48,019][INFO] Adding CRY(0.0, wires=[5, 2])) increased overlap from 0.9976741628975868 to 0.997769544513311
[2025-08-04 17:51:53,202][INFO] Adding CRY(0.0, wires=[4, 3])) increased overlap from 0.997769544513311 to 0.9983765678210591
[2025-08-04 17:52:10,479][INFO] Adding RY(0.0, wires=[4]) increased overlap from 0.9983765678210591 to 0.9995921391185606
[2025-08-04 17:52:29,197][INFO] Adding CRY(0.0, wires=[4, 2])) increased overlap from 0.9995921391185606 to 0.999836872715535
[2025-08-04 17:52:48,998][INFO] Adding CRY(0.0, wires=[5, 1])) increased overlap from 0.999836872715535 to 0.999920440432406
[2025-08-04 17:53:09,199][INFO] Adding RY(0.0, wires=[1]) had small change in overlap from 0.999920440432406 to 0.9997767917706872
[2025-08-04 17:53:30,735][INFO] Adding CRY(0.0, wires=[3, 2])) had small change in overlap from 0.9997767917706872 to 0.9997238047227731
[2025-08-04 17:53:53,718][INFO] Adding CRY(0.0, wires=[3, 4])) had small change in overlap from 0.9997238047227731 to 0.9992694790777524
[2025-08-04 17:54:18,071][INFO] Adding CRY(0.0, wires=[3, 5])) increased overlap from 0.9992694790777524 to 0.9998510113271056
[2025-08-04 17:54:42,659][INFO] Adding RY(0.0, wires=[3]) increased overlap from 0.9998510113271056 to 0.9999225092208539
[2025-08-04 17:55:08,572][INFO] Adding CRY(0.0, wires=[4, 1])) had small change in overlap from 0.9999225092208539 to 0.9999102186948069
[2025-08-04 17:55:35,037][INFO] Adding RY(0.0, wires=[1]) had small change in overlap from 0.9999102186948069 to 0.999858775893721
[2025-08-04 17:56:02,114][INFO] Adding RY(0.0, wires=[4]) increased overlap from 0.999858775893721 to 0.9999162718717324
[2025-08-04 17:56:30,461][INFO] Adding CRY(0.0, wires=[2, 4])) had small change in overlap from 0.9999162718717324 to 0.9998637590328646
[2025-08-04 17:56:59,373][INFO] Adding RY(0.0, wires=[2]) had small change in overlap from 0.9998637590328646 to 0.9997387541776444
[2025-08-04 17:57:28,957][INFO] Adding RY(0.0, wires=[4]) increased overlap from 0.9997387541776444 to 0.9999214265261763
[2025-08-04 17:57:59,812][INFO] Adding CRY(0.0, wires=[3, 1])) had small change in overlap from 0.9999214265261763 to 0.9923428731008903
[2025-08-04 17:58:31,354][INFO] Adding RY(0.0, wires=[3]) increased overlap from 0.9923428731008903 to 0.9999675733206594
[2025-08-04 17:59:03,531][INFO] Adding RY(0.0, wires=[1]) had small change in overlap from 0.9999675733206594 to 0.9999563980121732
[2025-08-04 17:59:36,107][INFO] Adding RY(0.0, wires=[5]) had small change in overlap from 0.9999563980121732 to 0.9999225631137694
[2025-08-04 18:00:10,078][INFO] Adding CRY(0.0, wires=[4, 5])) increased overlap from 0.9999225631137694 to 0.999966443216877
[2025-08-04 18:00:44,617][INFO] Adding RY(0.0, wires=[4]) increased overlap from 0.999966443216877 to 0.999972189189735
[2025-08-04 18:01:19,659][INFO] Adding RY(0.0, wires=[5]) had small change in overlap from 0.999972189189735 to 0.9998710742667836
[2025-08-04 18:01:56,004][INFO] Adding CRY(0.0, wires=[2, 3])) increased overlap from 0.9998710742667836 to 0.9999291576796849
[2025-08-04 18:01:56,004][INFO] Completed VQE run 29
[2025-08-04 18:01:56,004][INFO] Final ops list: [{'name': 'RY', 'param': -2.1920454274196532, 'wires': [5]}, {'name': 'CRY', 'param': -0.9620834233963138, 'wires': [5, 4]}, {'name': 'RY', 'param': 0.6826261923927053, 'wires': [3]}, {'name': 'RY', 'param': -1.3763277925503927, 'wires': [4]}, {'name': 'RY', 'param': -0.4088020937002578, 'wires': [2]}, {'name': 'CRY', 'param': 0.42667787207565855, 'wires': [5, 3]}, {'name': 'CRY', 'param': -0.02150715880409341, 'wires': [5, 2]}, {'name': 'CRY', 'param': -0.9005410872605484, 'wires': [4, 3]}, {'name': 'RY', 'param': 0.4766132357759423, 'wires': [4]}, {'name': 'CRY', 'param': -0.005722308179173754, 'wires': [4, 2]}, {'name': 'CRY', 'param': -0.005263267765005896, 'wires': [5, 1]}, {'name': 'RY', 'param': -1.682259405402375, 'wires': [1]}, {'name': 'CRY', 'param': -0.010751525657949615, 'wires': [3, 2]}, {'name': 'CRY', 'param': 4.561437384053604, 'wires': [3, 4]}, {'name': 'CRY', 'param': 0.20785654007683238, 'wires': [3, 5]}, {'name': 'RY', 'param': -0.16178784134325455, 'wires': [3]}, {'name': 'CRY', 'param': 0.002916171141993044, 'wires': [4, 1]}, {'name': 'RY', 'param': 0.8807393308121306, 'wires': [1]}, {'name': 'RY', 'param': 1.1920358188873594, 'wires': [4]}, {'name': 'CRY', 'param': 0.08157127061938788, 'wires': [2, 4]}, {'name': 'RY', 'param': 0.4282220832542699, 'wires': [2]}, {'name': 'RY', 'param': 0.9353468730504787, 'wires': [4]}, {'name': 'CRY', 'param': -0.0006415341320547127, 'wires': [3, 1]}, {'name': 'RY', 'param': 0.47935212843123476, 'wires': [3]}, {'name': 'RY', 'param': 0.8053566184488203, 'wires': [1]}, {'name': 'RY', 'param': 0.23071478168353177, 'wires': [5]}, {'name': 'CRY', 'param': 3.2339715459787453, 'wires': [4, 5]}, {'name': 'RY', 'param': 0.576952100846837, 'wires': [4]}, {'name': 'RY', 'param': 0.9195952044770884, 'wires': [5]}, {'name': 'CRY', 'param': 1.2117536129232316, 'wires': [2, 3]}]
[2025-08-04 18:01:56,004][INFO] Energy: 0.8926008612896114
[2025-08-05 09:53:37,971][INFO] Starting VQE run 82 (seed=60715022)
[2025-08-05 09:53:38,071][INFO] Adding RY(0.0, wires=[5]) increased overlap from 0.0 to 0.9409393803442466
[2025-08-05 09:53:38,236][INFO] Adding CRY(0.0, wires=[5, 4])) increased overlap from 0.9409393803442466 to 0.962765211595745
[2025-08-05 09:53:38,413][INFO] Adding RY(0.0, wires=[3]) increased overlap from 0.962765211595745 to 0.9664824422080475
[2025-08-05 09:53:38,741][INFO] Adding RY(0.0, wires=[4]) increased overlap from 0.9664824422080475 to 0.9959489656260343
[2025-08-05 09:53:39,654][INFO] Adding RY(0.0, wires=[2]) increased overlap from 0.9959489656260343 to 0.9961766718896591
[2025-08-05 09:53:41,290][INFO] Adding CRY(0.0, wires=[5, 3])) increased overlap from 0.9961766718896591 to 0.9976741622391339
[2025-08-05 09:53:54,806][INFO] Adding CRY(0.0, wires=[5, 2])) decreased overlap from 0.9976741622391339 to 0.5400401228060931.. skipping this gate
[2025-08-05 09:53:54,807][INFO] gradient converged
[2025-08-05 09:53:54,807][INFO] Completed VQE run 6
[2025-08-05 09:53:54,807][INFO] Final ops list: [{'name': 'RY', 'param': 5.043195680363854, 'wires': [5]}, {'name': 'CRY', 'param': 5.709859784842827, 'wires': [5, 4]}, {'name': 'RY', 'param': 6.1400690386253824, 'wires': [3]}, {'name': 'RY', 'param': 6.5922718304814705, 'wires': [4]}, {'name': 'RY', 'param': 6.30095953327052, 'wires': [2]}, {'name': 'CRY', 'param': 6.365421032788036, 'wires': [5, 3]}]
[2025-08-05 09:53:54,807][INFO] Energy: 0.9063594017263141
