[2025-08-04 17:51:42,927][INFO] Starting VQE run 85 (seed=21732510)
[2025-08-04 17:51:43,072][INFO] Adding RY(0.0, wires=[5]) increased overlap from 0.0 to 0.9409393750341637
[2025-08-04 17:51:43,199][INFO] Adding CRY(0.0, wires=[5, 4])) increased overlap from 0.9409393750341637 to 0.9627652091613899
[2025-08-04 17:51:43,376][INFO] Adding RY(0.0, wires=[3]) increased overlap from 0.9627652091613899 to 0.9664824435652202
[2025-08-04 17:51:43,651][INFO] Adding RY(0.0, wires=[4]) increased overlap from 0.9664824435652202 to 0.9959489677335155
[2025-08-04 17:51:44,557][INFO] Adding RY(0.0, wires=[2]) increased overlap from 0.9959489677335155 to 0.9961766824093934
[2025-08-04 17:51:45,939][INFO] Adding CRY(0.0, wires=[5, 3])) increased overlap from 0.9961766824093934 to 0.9976741623543496
[2025-08-04 17:51:47,890][INFO] Adding CRY(0.0, wires=[5, 2])) increased overlap from 0.9976741623543496 to 0.9977695425428051
[2025-08-04 17:51:53,141][INFO] Adding CRY(0.0, wires=[4, 3])) increased overlap from 0.9977695425428051 to 0.9983765595802955
[2025-08-04 17:52:10,574][INFO] Adding RY(0.0, wires=[4]) increased overlap from 0.9983765595802955 to 0.9998750998782253
[2025-08-04 17:52:29,205][INFO] Adding CRY(0.0, wires=[4, 2])) had small change in overlap from 0.9998750998782253 to 0.9997392274218464
[2025-08-04 17:52:48,882][INFO] Adding CRY(0.0, wires=[5, 1])) had small change in overlap from 0.9997392274218464 to 0.9995530873925724
[2025-08-04 17:53:08,995][INFO] Adding RY(0.0, wires=[1]) had small change in overlap from 0.9995530873925724 to 0.9991158875472489
[2025-08-04 17:53:30,405][INFO] Adding CRY(0.0, wires=[3, 4])) increased overlap from 0.9991158875472489 to 0.9999366684819386
[2025-08-04 17:53:53,226][INFO] Adding CRY(0.0, wires=[3, 2])) increased overlap from 0.9999366684819386 to 0.9999524906273672
[2025-08-04 17:54:17,370][INFO] Adding CRY(0.0, wires=[4, 1])) had small change in overlap from 0.9999524906273672 to 0.9998042081207902
[2025-08-04 17:54:41,884][INFO] Adding RY(0.0, wires=[3]) increased overlap from 0.9998042081207902 to 0.9998805826835494
[2025-08-04 17:55:06,954][INFO] Adding RY(0.0, wires=[4]) increased overlap from 0.9998805826835494 to 0.9999732688757463
[2025-08-04 17:55:33,423][INFO] Adding CRY(0.0, wires=[3, 1])) increased overlap from 0.9999732688757463 to 0.9999777272041928
[2025-08-04 17:56:01,189][INFO] Adding CRY(0.0, wires=[2, 3])) increased overlap from 0.9999777272041928 to 0.9999818831267285
[2025-08-04 17:56:29,560][INFO] Adding RY(0.0, wires=[2]) had small change in overlap from 0.9999818831267285 to 0.9999774954082601
[2025-08-04 17:56:58,527][INFO] Adding RY(0.0, wires=[1]) had small change in overlap from 0.9999774954082601 to 0.9999215736766172
[2025-08-04 17:57:28,903][INFO] Adding CRY(0.0, wires=[3, 5])) had small change in overlap from 0.9999215736766172 to 0.9998650359411182
[2025-08-04 17:57:59,819][INFO] Adding RY(0.0, wires=[3]) had small change in overlap from 0.9998650359411182 to 0.9997244336792297
[2025-08-04 17:58:31,310][INFO] Adding RY(0.0, wires=[5]) increased overlap from 0.9997244336792297 to 0.9999451553027778
[2025-08-04 17:59:04,212][INFO] Adding CRY(0.0, wires=[4, 5])) had small change in overlap from 0.9999451553027778 to 0.9954204611683785
[2025-08-04 17:59:37,700][INFO] Adding RY(0.0, wires=[5]) increased overlap from 0.9954204611683785 to 0.9999622809901146
[2025-08-04 18:00:11,608][INFO] Adding RY(0.0, wires=[4]) increased overlap from 0.9999622809901146 to 0.9999891034033538
[2025-08-04 18:00:47,022][INFO] Adding CRY(0.0, wires=[2, 4])) had small change in overlap from 0.9999891034033538 to 0.9997322816932102
[2025-08-04 18:01:22,946][INFO] Adding RY(0.0, wires=[2]) increased overlap from 0.9997322816932102 to 0.9999827860115056
[2025-08-04 18:02:00,334][INFO] Adding CRY(0.0, wires=[2, 1])) had small change in overlap from 0.9999827860115056 to 0.9999056142203409
[2025-08-04 18:02:00,334][INFO] Completed VQE run 29
[2025-08-04 18:02:00,334][INFO] Final ops list: [{'name': 'RY', 'param': 6.991684778521967, 'wires': [5]}, {'name': 'CRY', 'param': 7.513980598806351, 'wires': [5, 4]}, {'name': 'RY', 'param': 6.323496066273821, 'wires': [3]}, {'name': 'RY', 'param': 5.6448600875585715, 'wires': [4]}, {'name': 'RY', 'param': 6.289565466492021, 'wires': [2]}, {'name': 'CRY', 'param': 6.214891195309345, 'wires': [5, 3]}, {'name': 'CRY', 'param': 6.259678074031729, 'wires': [5, 2]}, {'name': 'CRY', 'param': 6.892386511113164, 'wires': [4, 3]}, {'name': 'RY', 'param': 5.790864485244196, 'wires': [4]}, {'name': 'CRY', 'param': 6.302940111862015, 'wires': [4, 2]}, {'name': 'CRY', 'param': 6.28269105385506, 'wires': [5, 1]}, {'name': 'RY', 'param': 6.798146728722699, 'wires': [1]}, {'name': 'CRY', 'param': 14.485030100641431, 'wires': [3, 4]}, {'name': 'CRY', 'param': 6.271512159328422, 'wires': [3, 2]}, {'name': 'CRY', 'param': 6.282037309801802, 'wires': [4, 1]}, {'name': 'RY', 'param': 6.174824192738613, 'wires': [3]}, {'name': 'RY', 'param': 6.099473442365473, 'wires': [4]}, {'name': 'CRY', 'param': 6.281116615970036, 'wires': [3, 1]}, {'name': 'CRY', 'param': 8.453140775810605, 'wires': [2, 3]}, {'name': 'RY', 'param': 6.329179803701978, 'wires': [2]}, {'name': 'RY', 'param': 5.768852397126588, 'wires': [1]}, {'name': 'CRY', 'param': 7.561120052312359, 'wires': [3, 5]}, {'name': 'RY', 'param': 6.412010202462492, 'wires': [3]}, {'name': 'RY', 'param': 4.7357083008807415, 'wires': [5]}, {'name': 'CRY', 'param': 5.751197289028277, 'wires': [4, 5]}, {'name': 'RY', 'param': 5.940422021616971, 'wires': [5]}, {'name': 'RY', 'param': 6.133241884195664, 'wires': [4]}, {'name': 'CRY', 'param': 5.834180227502776, 'wires': [2, 4]}, {'name': 'RY', 'param': 6.324159535087562, 'wires': [2]}, {'name': 'CRY', 'param': 6.037782122590916, 'wires': [2, 1]}]
[2025-08-04 18:02:00,334][INFO] Energy: 0.8928171701122266
[2025-08-05 09:53:37,975][INFO] Starting VQE run 85 (seed=15225146)
[2025-08-05 09:53:38,086][INFO] Adding RY(0.0, wires=[5]) increased overlap from 0.0 to 0.9409393757466957
[2025-08-05 09:53:38,240][INFO] Adding CRY(0.0, wires=[5, 4])) increased overlap from 0.9409393757466957 to 0.9627652115385623
[2025-08-05 09:53:38,448][INFO] Adding RY(0.0, wires=[3]) increased overlap from 0.9627652115385623 to 0.9664824412184693
[2025-08-05 09:53:38,811][INFO] Adding RY(0.0, wires=[4]) increased overlap from 0.9664824412184693 to 0.9959489638293864
[2025-08-05 09:53:39,481][INFO] Adding RY(0.0, wires=[2]) increased overlap from 0.9959489638293864 to 0.996176675156376
[2025-08-05 09:53:40,969][INFO] Adding CRY(0.0, wires=[5, 3])) increased overlap from 0.996176675156376 to 0.9976741612441742
[2025-08-05 09:53:43,006][INFO] Adding CRY(0.0, wires=[5, 2])) increased overlap from 0.9976741612441742 to 0.9977695431794901
[2025-08-05 09:53:48,394][INFO] Adding CRY(0.0, wires=[4, 3])) increased overlap from 0.9977695431794901 to 0.9983765594860091
[2025-08-05 09:54:07,620][INFO] Adding RY(0.0, wires=[4]) increased overlap from 0.9983765594860091 to 0.9998656784535264
[2025-08-05 09:54:27,776][INFO] Adding CRY(0.0, wires=[4, 2])) had small change in overlap from 0.9998656784535264 to 0.9998339821458497
[2025-08-05 09:54:49,026][INFO] Adding CRY(0.0, wires=[5, 1])) had small change in overlap from 0.9998339821458497 to 0.9996959454095329
[2025-08-05 09:55:10,491][INFO] Adding RY(0.0, wires=[1]) had small change in overlap from 0.9996959454095329 to 0.9994232820389615
[2025-08-05 09:55:33,430][INFO] Adding CRY(0.0, wires=[3, 4])) increased overlap from 0.9994232820389615 to 0.999902892766307
[2025-08-05 09:55:57,770][INFO] Adding CRY(0.0, wires=[3, 2])) increased overlap from 0.999902892766307 to 0.9999292934821526
[2025-08-05 09:56:23,498][INFO] Adding CRY(0.0, wires=[4, 1])) had small change in overlap from 0.9999292934821526 to 0.999860738422193
[2025-08-05 09:56:49,621][INFO] Adding RY(0.0, wires=[3]) increased overlap from 0.999860738422193 to 0.9999061216666869
[2025-08-05 09:57:15,707][INFO] Adding RY(0.0, wires=[1]) had small change in overlap from 0.9999061216666869 to 0.997882136966469
[2025-08-05 09:57:41,338][INFO] Adding RY(0.0, wires=[4]) increased overlap from 0.997882136966469 to 0.9997886011987442
[2025-08-05 09:58:07,443][INFO] Adding RY(0.0, wires=[5]) had small change in overlap from 0.9997886011987442 to 0.9987723331522573
[2025-08-05 09:58:34,532][INFO] Adding CRY(0.0, wires=[3, 5])) increased overlap from 0.9987723331522573 to 0.9998694415968785
[2025-08-05 09:59:01,943][INFO] Adding RY(0.0, wires=[3]) increased overlap from 0.9998694415968785 to 0.9999844272920997
[2025-08-05 09:59:30,241][INFO] Adding CRY(0.0, wires=[3, 1])) had small change in overlap from 0.9999844272920997 to 0.9999718795721314
[2025-08-05 09:59:59,447][INFO] Adding RY(0.0, wires=[1]) had small change in overlap from 0.9999718795721314 to 0.9999129313052235
[2025-08-05 10:00:29,429][INFO] Adding CRY(0.0, wires=[2, 4])) had small change in overlap from 0.9999129313052235 to 0.9998526935617273
[2025-08-05 10:01:00,011][INFO] Adding RY(0.0, wires=[2]) increased overlap from 0.9998526935617273 to 0.999883253780989
[2025-08-05 10:01:31,821][INFO] Adding CRY(0.0, wires=[4, 5])) had small change in overlap from 0.999883253780989 to 0.997407997649131
[2025-08-05 10:02:04,268][INFO] Adding RY(0.0, wires=[4]) increased overlap from 0.997407997649131 to 0.9998317164150444
[2025-08-05 10:02:37,902][INFO] Adding CRY(0.0, wires=[2, 3])) had small change in overlap from 0.9998317164150444 to 0.9992183878101984
[2025-08-05 10:03:12,072][INFO] Adding RY(0.0, wires=[3]) increased overlap from 0.9992183878101984 to 0.999890909158129
[2025-08-05 10:03:46,680][INFO] Adding RY(0.0, wires=[2]) had small change in overlap from 0.999890909158129 to 0.9998330209386448
[2025-08-05 10:03:46,680][INFO] Completed VQE run 29
[2025-08-05 10:03:46,680][INFO] Final ops list: [{'name': 'RY', 'param': 6.297711033948289, 'wires': [5]}, {'name': 'CRY', 'param': 8.289139105820274, 'wires': [5, 4]}, {'name': 'RY', 'param': 8.97046108065638, 'wires': [3]}, {'name': 'RY', 'param': 7.490914637188295, 'wires': [4]}, {'name': 'RY', 'param': 6.283464334939203, 'wires': [2]}, {'name': 'CRY', 'param': 8.864466555329974, 'wires': [5, 3]}, {'name': 'CRY', 'param': 6.780917277982059, 'wires': [5, 2]}, {'name': 'CRY', 'param': 5.363591520937403, 'wires': [4, 3]}, {'name': 'RY', 'param': 7.718279126526506, 'wires': [4]}, {'name': 'CRY', 'param': 6.277284386172744, 'wires': [4, 2]}, {'name': 'CRY', 'param': 6.0314728541135745, 'wires': [5, 1]}, {'name': 'RY', 'param': 8.467363060585948, 'wires': [1]}, {'name': 'CRY', 'param': 7.600011282546406, 'wires': [3, 4]}, {'name': 'CRY', 'param': 6.284986945483064, 'wires': [3, 2]}, {'name': 'CRY', 'param': 6.287001595203073, 'wires': [4, 1]}, {'name': 'RY', 'param': 5.2471434237013295, 'wires': [3]}, {'name': 'RY', 'param': 5.15517192784317, 'wires': [1]}, {'name': 'RY', 'param': 6.247272128805504, 'wires': [4]}, {'name': 'RY', 'param': 4.964799189484669, 'wires': [5]}, {'name': 'CRY', 'param': 6.125893194267513, 'wires': [3, 5]}, {'name': 'RY', 'param': 7.092994007120097, 'wires': [3]}, {'name': 'CRY', 'param': 6.279750985942023, 'wires': [3, 1]}, {'name': 'RY', 'param': 5.226167684983221, 'wires': [1]}, {'name': 'CRY', 'param': 9.032909744665824, 'wires': [2, 4]}, {'name': 'RY', 'param': 6.252735219616951, 'wires': [2]}, {'name': 'CRY', 'param': 7.026691117069793, 'wires': [4, 5]}, {'name': 'RY', 'param': 5.546228500009722, 'wires': [4]}, {'name': 'CRY', 'param': 6.208428584345432, 'wires': [2, 3]}, {'name': 'RY', 'param': 5.670329834966873, 'wires': [3]}, {'name': 'RY', 'param': 6.2508716031824045, 'wires': [2]}]
[2025-08-05 10:03:46,680][INFO] Energy: 0.8949962916680281
