[2025-08-04 17:51:42,926][INFO] Starting VQE run 83 (seed=93326787)
[2025-08-04 17:51:43,077][INFO] Adding RY(0.0, wires=[5]) increased overlap from 0.0 to 0.9409393760194861
[2025-08-04 17:51:43,217][INFO] Adding CRY(0.0, wires=[5, 4])) increased overlap from 0.9409393760194861 to 0.962765210030332
[2025-08-04 17:51:43,387][INFO] Adding RY(0.0, wires=[3]) increased overlap from 0.962765210030332 to 0.9664824420852361
[2025-08-04 17:51:43,765][INFO] Adding RY(0.0, wires=[4]) increased overlap from 0.9664824420852361 to 0.9959489628753476
[2025-08-04 17:51:44,668][INFO] Adding RY(0.0, wires=[2]) increased overlap from 0.9959489628753476 to 0.9961766812598736
[2025-08-04 17:51:45,982][INFO] Adding CRY(0.0, wires=[5, 3])) increased overlap from 0.9961766812598736 to 0.9976741624885729
[2025-08-04 17:51:47,950][INFO] Adding CRY(0.0, wires=[5, 2])) increased overlap from 0.9976741624885729 to 0.9977695434498447
[2025-08-04 17:51:52,934][INFO] Adding CRY(0.0, wires=[4, 3])) increased overlap from 0.9977695434498447 to 0.9983765590934933
[2025-08-04 17:52:10,213][INFO] Adding RY(0.0, wires=[4]) increased overlap from 0.9983765590934933 to 0.9998669733181723
[2025-08-04 17:52:28,950][INFO] Adding CRY(0.0, wires=[4, 2])) had small change in overlap from 0.9998669733181723 to 0.9996924858697847
[2025-08-04 17:52:48,795][INFO] Adding CRY(0.0, wires=[5, 1])) had small change in overlap from 0.9996924858697847 to 0.9995470355602625
[2025-08-04 17:53:09,054][INFO] Adding RY(0.0, wires=[1]) had small change in overlap from 0.9995470355602625 to 0.9991252852006565
[2025-08-04 17:53:30,644][INFO] Adding CRY(0.0, wires=[3, 4])) increased overlap from 0.9991252852006565 to 0.9999114659292959
[2025-08-04 17:53:53,572][INFO] Adding CRY(0.0, wires=[3, 2])) increased overlap from 0.9999114659292959 to 0.999934327288794
[2025-08-04 17:54:17,862][INFO] Adding CRY(0.0, wires=[4, 1])) had small change in overlap from 0.999934327288794 to 0.9998982016378605
[2025-08-04 17:54:42,506][INFO] Adding RY(0.0, wires=[3]) had small change in overlap from 0.9998982016378605 to 0.9998160690226071
[2025-08-04 17:55:07,728][INFO] Adding RY(0.0, wires=[1]) had small change in overlap from 0.9998160690226071 to 0.9994220688598173
[2025-08-04 17:55:33,524][INFO] Adding RY(0.0, wires=[5]) had small change in overlap from 0.9994220688598173 to 0.9993590456567031
[2025-08-04 17:56:00,628][INFO] Adding CRY(0.0, wires=[3, 5])) increased overlap from 0.9993590456567031 to 0.9994875088041961
[2025-08-04 17:56:28,215][INFO] Adding RY(0.0, wires=[3]) increased overlap from 0.9994875088041961 to 0.9998807371759946
[2025-08-04 17:56:56,433][INFO] Adding RY(0.0, wires=[4]) had small change in overlap from 0.9998807371759946 to 0.999797121630302
[2025-08-04 17:57:25,937][INFO] Adding CRY(0.0, wires=[2, 5])) had small change in overlap from 0.999797121630302 to 0.9997927235645445
[2025-08-04 17:57:55,986][INFO] Adding RY(0.0, wires=[2]) increased overlap from 0.9997927235645445 to 0.9997948826539764
[2025-08-04 17:58:27,473][INFO] Adding CRY(0.0, wires=[3, 1])) increased overlap from 0.9997948826539764 to 0.9999604288758273
[2025-08-04 17:58:59,551][INFO] Adding RY(0.0, wires=[1]) had small change in overlap from 0.9999604288758273 to 0.9998115244086306
[2025-08-04 17:59:33,005][INFO] Adding CRY(0.0, wires=[4, 5])) increased overlap from 0.9998115244086306 to 0.9999415231124597
[2025-08-04 18:00:07,005][INFO] Adding RY(0.0, wires=[3]) increased overlap from 0.9999415231124597 to 0.9999610545937347
[2025-08-04 18:00:41,585][INFO] Adding RY(0.0, wires=[4]) increased overlap from 0.9999610545937347 to 0.999979989200827
[2025-08-04 18:01:17,518][INFO] Adding CRY(0.0, wires=[2, 3])) had small change in overlap from 0.999979989200827 to 0.9998803897664725
[2025-08-04 18:01:54,036][INFO] Adding RY(0.0, wires=[2]) had small change in overlap from 0.9998803897664725 to 0.9993432197690786
[2025-08-04 18:01:54,036][INFO] Completed VQE run 29
[2025-08-04 18:01:54,036][INFO] Final ops list: [{'name': 'RY', 'param': 6.6133731649071485, 'wires': [5]}, {'name': 'CRY', 'param': 11.735937311152469, 'wires': [5, 4]}, {'name': 'RY', 'param': 6.4486619205197, 'wires': [3]}, {'name': 'RY', 'param': 6.429711070433841, 'wires': [4]}, {'name': 'RY', 'param': 6.299125877752126, 'wires': [2]}, {'name': 'CRY', 'param': 5.625797831568858, 'wires': [5, 3]}, {'name': 'CRY', 'param': 6.7653300879300176, 'wires': [5, 2]}, {'name': 'CRY', 'param': 8.970455007397407, 'wires': [4, 3]}, {'name': 'RY', 'param': 8.063590073078503, 'wires': [4]}, {'name': 'CRY', 'param': 6.29441742921167, 'wires': [4, 2]}, {'name': 'CRY', 'param': 6.2865673366753985, 'wires': [5, 1]}, {'name': 'RY', 'param': 8.560113981809755, 'wires': [1]}, {'name': 'CRY', 'param': 10.801062762206355, 'wires': [3, 4]}, {'name': 'CRY', 'param': 7.265798954728815, 'wires': [3, 2]}, {'name': 'CRY', 'param': 6.280341433614672, 'wires': [4, 1]}, {'name': 'RY', 'param': 6.453744334976017, 'wires': [3]}, {'name': 'RY', 'param': 5.1294445408322575, 'wires': [1]}, {'name': 'RY', 'param': 5.384058184932183, 'wires': [5]}, {'name': 'CRY', 'param': 8.304797152111679, 'wires': [3, 5]}, {'name': 'RY', 'param': 6.0931643599182, 'wires': [3]}, {'name': 'RY', 'param': 5.05011041444354, 'wires': [4]}, {'name': 'CRY', 'param': 8.653030852465646, 'wires': [2, 5]}, {'name': 'RY', 'param': 6.227444467685551, 'wires': [2]}, {'name': 'CRY', 'param': 6.281239250065727, 'wires': [3, 1]}, {'name': 'RY', 'param': 5.1564689080313935, 'wires': [1]}, {'name': 'CRY', 'param': 5.280464833086371, 'wires': [4, 5]}, {'name': 'RY', 'param': 5.857764440790924, 'wires': [3]}, {'name': 'RY', 'param': 6.86272573993674, 'wires': [4]}, {'name': 'CRY', 'param': 4.759435456560527, 'wires': [2, 3]}, {'name': 'RY', 'param': 6.110613121890217, 'wires': [2]}]
[2025-08-04 18:01:54,036][INFO] Energy: 0.897549712403373
[2025-08-05 09:53:37,972][INFO] Starting VQE run 83 (seed=86703993)
[2025-08-05 09:53:38,084][INFO] Adding RY(0.0, wires=[5]) increased overlap from 0.0 to 0.9409393764721334
[2025-08-05 09:53:38,232][INFO] Adding CRY(0.0, wires=[5, 4])) increased overlap from 0.9409393764721334 to 0.9627652086083325
[2025-08-05 09:53:38,460][INFO] Adding RY(0.0, wires=[3]) increased overlap from 0.9627652086083325 to 0.9664824418231553
[2025-08-05 09:53:38,824][INFO] Adding RY(0.0, wires=[4]) increased overlap from 0.9664824418231553 to 0.995948967413533
[2025-08-05 09:53:39,882][INFO] Adding RY(0.0, wires=[2]) increased overlap from 0.995948967413533 to 0.9961766738574552
[2025-08-05 09:53:42,620][INFO] Adding CRY(0.0, wires=[5, 3])) increased overlap from 0.9961766738574552 to 0.9976741623158089
[2025-08-05 09:53:44,635][INFO] Adding CRY(0.0, wires=[5, 2])) increased overlap from 0.9976741623158089 to 0.9977695432354654
[2025-08-05 09:53:51,997][INFO] Adding CRY(0.0, wires=[4, 3])) increased overlap from 0.9977695432354654 to 0.9983765591936992
[2025-08-05 09:54:10,942][INFO] Adding RY(0.0, wires=[4]) increased overlap from 0.9983765591936992 to 0.9999064310919028
[2025-08-05 09:54:30,958][INFO] Adding CRY(0.0, wires=[4, 2])) increased overlap from 0.9999064310919028 to 0.9999398267687298
[2025-08-05 09:54:51,999][INFO] Adding CRY(0.0, wires=[5, 1])) had small change in overlap from 0.9999398267687298 to 0.9998409571528918
[2025-08-05 09:55:13,325][INFO] Adding RY(0.0, wires=[1]) had small change in overlap from 0.9998409571528918 to 0.9987978085761183
[2025-08-05 09:55:36,141][INFO] Adding CRY(0.0, wires=[3, 4])) had small change in overlap from 0.9987978085761183 to 0.9960427468646347
[2025-08-05 09:55:59,545][INFO] Adding RY(0.0, wires=[3]) increased overlap from 0.9960427468646347 to 0.9999576789681446
[2025-08-05 09:56:24,386][INFO] Adding CRY(0.0, wires=[4, 1])) had small change in overlap from 0.9999576789681446 to 0.9995171615863102
[2025-08-05 09:56:50,399][INFO] Adding CRY(0.0, wires=[3, 5])) had small change in overlap from 0.9995171615863102 to 0.9993423543280346
[2025-08-05 09:57:16,409][INFO] Adding RY(0.0, wires=[3]) increased overlap from 0.9993423543280346 to 0.9998854507853493
[2025-08-05 09:57:42,845][INFO] Adding CRY(0.0, wires=[3, 2])) had small change in overlap from 0.9998854507853493 to 0.998458534201517
[2025-08-05 09:58:09,775][INFO] Adding RY(0.0, wires=[3]) increased overlap from 0.998458534201517 to 0.999950208175087
[2025-08-05 09:58:37,463][INFO] Adding CRY(0.0, wires=[2, 4])) had small change in overlap from 0.999950208175087 to 0.9998360402269549
[2025-08-05 09:59:05,600][INFO] Adding RY(0.0, wires=[2]) decreased overlap from 0.9998360402269549 to 0.9852616913242347.. skipping this gate
[2025-08-05 09:59:05,600][INFO] gradient converged
[2025-08-05 09:59:05,600][INFO] Completed VQE run 20
[2025-08-05 09:59:05,600][INFO] Final ops list: [{'name': 'RY', 'param': 5.113107939146801, 'wires': [5]}, {'name': 'CRY', 'param': 6.947689087110119, 'wires': [5, 4]}, {'name': 'RY', 'param': 9.499315875494547, 'wires': [3]}, {'name': 'RY', 'param': 6.2300774146030955, 'wires': [4]}, {'name': 'RY', 'param': 6.274949595963347, 'wires': [2]}, {'name': 'CRY', 'param': 6.220083426834893, 'wires': [5, 3]}, {'name': 'CRY', 'param': 6.285482699312527, 'wires': [5, 2]}, {'name': 'CRY', 'param': 6.366279398935707, 'wires': [4, 3]}, {'name': 'RY', 'param': 8.43880164902312, 'wires': [4]}, {'name': 'CRY', 'param': 6.289756398629797, 'wires': [4, 2]}, {'name': 'CRY', 'param': 6.283533013544428, 'wires': [5, 1]}, {'name': 'RY', 'param': 6.283158983096446, 'wires': [1]}, {'name': 'CRY', 'param': 1.8869185599159777, 'wires': [3, 4]}, {'name': 'RY', 'param': 4.9413953463123255, 'wires': [3]}, {'name': 'CRY', 'param': 6.283431989890681, 'wires': [4, 1]}, {'name': 'CRY', 'param': 6.131723009521949, 'wires': [3, 5]}, {'name': 'RY', 'param': 5.879605702522413, 'wires': [3]}, {'name': 'CRY', 'param': 6.281539273496241, 'wires': [3, 2]}, {'name': 'RY', 'param': 3.8896296215311685, 'wires': [3]}, {'name': 'CRY', 'param': 3.731394212737795, 'wires': [2, 4]}]
[2025-08-05 09:59:05,600][INFO] Energy: 0.8935594384084206
