[2025-08-04 17:51:42,823][INFO] Starting VQE run 16 (seed=84327681)
[2025-08-04 17:51:42,931][INFO] Adding RY(0.0, wires=[5]) increased overlap from 0.0 to 0.9409393810957678
[2025-08-04 17:51:43,272][INFO] Adding CRY(0.0, wires=[5, 4])) increased overlap from 0.9409393810957678 to 0.9627652106898273
[2025-08-04 17:51:43,463][INFO] Adding RY(0.0, wires=[3]) increased overlap from 0.9627652106898273 to 0.9664824395463595
[2025-08-04 17:51:43,837][INFO] Adding RY(0.0, wires=[4]) increased overlap from 0.9664824395463595 to 0.9959489666380754
[2025-08-04 17:51:44,886][INFO] Adding RY(0.0, wires=[2]) increased overlap from 0.9959489666380754 to 0.9961766743607552
[2025-08-04 17:51:46,656][INFO] Adding CRY(0.0, wires=[5, 3])) increased overlap from 0.9961766743607552 to 0.9976741621958656
[2025-08-04 17:51:53,836][INFO] Adding CRY(0.0, wires=[5, 2])) increased overlap from 0.9976741621958656 to 0.9977695436000605
[2025-08-04 17:52:00,474][INFO] Adding CRY(0.0, wires=[4, 3])) increased overlap from 0.9977695436000605 to 0.9983765681454724
[2025-08-04 17:52:17,626][INFO] Adding RY(0.0, wires=[4]) increased overlap from 0.9983765681454724 to 0.9997288858471279
[2025-08-04 17:52:36,124][INFO] Adding CRY(0.0, wires=[4, 2])) had small change in overlap from 0.9997288858471279 to 0.9972973698588867
[2025-08-04 17:52:55,735][INFO] Adding CRY(0.0, wires=[5, 1])) decreased overlap from 0.9972973698588867 to 0.5669285545815186.. skipping this gate
[2025-08-04 17:52:55,735][INFO] gradient converged
[2025-08-04 17:52:55,736][INFO] Completed VQE run 10
[2025-08-04 17:52:55,736][INFO] Final ops list: [{'name': 'RY', 'param': 5.0789570125797345, 'wires': [5]}, {'name': 'CRY', 'param': -0.5258440665801087, 'wires': [5, 4]}, {'name': 'RY', 'param': -0.12957335201111816, 'wires': [3]}, {'name': 'RY', 'param': -1.018967767022017, 'wires': [4]}, {'name': 'RY', 'param': 0.003607748506561284, 'wires': [2]}, {'name': 'CRY', 'param': 0.08299390826916152, 'wires': [5, 3]}, {'name': 'CRY', 'param': -0.009666497434451481, 'wires': [5, 2]}, {'name': 'CRY', 'param': -0.08528866823654296, 'wires': [4, 3]}, {'name': 'RY', 'param': 1.2899769786243585, 'wires': [4]}, {'name': 'CRY', 'param': 0.05088586908567367, 'wires': [4, 2]}]
[2025-08-04 17:52:55,736][INFO] Energy: 0.9025326603263542
[2025-08-05 09:53:37,924][INFO] Starting VQE run 16 (seed=73837982)
[2025-08-05 09:53:38,029][INFO] Adding RY(0.0, wires=[5]) increased overlap from 0.0 to 0.9409393781971448
[2025-08-05 09:53:38,183][INFO] Adding CRY(0.0, wires=[5, 4])) increased overlap from 0.9409393781971448 to 0.9627652100241993
[2025-08-05 09:53:38,385][INFO] Adding RY(0.0, wires=[3]) increased overlap from 0.9627652100241993 to 0.9664824419258232
[2025-08-05 09:53:38,763][INFO] Adding RY(0.0, wires=[4]) increased overlap from 0.9664824419258232 to 0.9959489636816194
[2025-08-05 09:53:39,909][INFO] Adding RY(0.0, wires=[2]) increased overlap from 0.9959489636816194 to 0.9961766743435863
[2025-08-05 09:53:41,462][INFO] Adding CRY(0.0, wires=[5, 3])) increased overlap from 0.9961766743435863 to 0.9976741620199452
[2025-08-05 09:53:43,688][INFO] Adding CRY(0.0, wires=[5, 2])) increased overlap from 0.9976741620199452 to 0.9977695440998037
[2025-08-05 09:53:49,407][INFO] Adding CRY(0.0, wires=[4, 3])) increased overlap from 0.9977695440998037 to 0.9983765595529422
[2025-08-05 09:54:08,580][INFO] Adding RY(0.0, wires=[4]) increased overlap from 0.9983765595529422 to 0.9998715235803957
[2025-08-05 09:54:28,710][INFO] Adding CRY(0.0, wires=[4, 2])) had small change in overlap from 0.9998715235803957 to 0.9997798743677208
[2025-08-05 09:54:49,940][INFO] Adding CRY(0.0, wires=[5, 1])) had small change in overlap from 0.9997798743677208 to 0.9997247646858339
[2025-08-05 09:55:11,379][INFO] Adding RY(0.0, wires=[1]) had small change in overlap from 0.9997247646858339 to 0.9989135955791745
[2025-08-05 09:55:34,340][INFO] Adding CRY(0.0, wires=[3, 4])) increased overlap from 0.9989135955791745 to 0.9999107248285573
[2025-08-05 09:55:57,882][INFO] Adding RY(0.0, wires=[3]) increased overlap from 0.9999107248285573 to 0.9999396103258934
[2025-08-05 09:56:22,873][INFO] Adding CRY(0.0, wires=[3, 2])) had small change in overlap from 0.9999396103258934 to 0.9998629402397177
[2025-08-05 09:56:48,992][INFO] Adding CRY(0.0, wires=[4, 1])) increased overlap from 0.9998629402397177 to 0.9999362284969586
[2025-08-05 09:57:15,172][INFO] Adding RY(0.0, wires=[3]) had small change in overlap from 0.9999362284969586 to 0.9999267351515717
[2025-08-05 09:57:40,945][INFO] Adding RY(0.0, wires=[1]) had small change in overlap from 0.9999267351515717 to 0.9989115340705698
[2025-08-05 09:58:07,152][INFO] Adding RY(0.0, wires=[4]) increased overlap from 0.9989115340705698 to 0.9999221940033332
[2025-08-05 09:58:34,316][INFO] Adding CRY(0.0, wires=[3, 1])) increased overlap from 0.9999221940033332 to 0.9999509385831251
[2025-08-05 09:59:01,909][INFO] Adding RY(0.0, wires=[1]) had small change in overlap from 0.9999509385831251 to 0.9992974940536548
[2025-08-05 09:59:30,473][INFO] Adding CRY(0.0, wires=[4, 5])) had small change in overlap from 0.9992974940536548 to 0.9988980965447679
[2025-08-05 09:59:59,342][INFO] Adding RY(0.0, wires=[5]) decreased overlap from 0.9988980965447679 to 0.9837019062294844.. skipping this gate
[2025-08-05 09:59:59,342][INFO] gradient converged
[2025-08-05 09:59:59,342][INFO] Completed VQE run 22
[2025-08-05 09:59:59,342][INFO] Final ops list: [{'name': 'RY', 'param': 5.0055988973150045, 'wires': [5]}, {'name': 'CRY', 'param': 5.715377129475713, 'wires': [5, 4]}, {'name': 'RY', 'param': 8.225488541078128, 'wires': [3]}, {'name': 'RY', 'param': 4.990567214785577, 'wires': [4]}, {'name': 'RY', 'param': 6.302613713001615, 'wires': [2]}, {'name': 'CRY', 'param': 6.113487780734217, 'wires': [5, 3]}, {'name': 'CRY', 'param': 6.254280389102463, 'wires': [5, 2]}, {'name': 'CRY', 'param': 6.5414842681026055, 'wires': [4, 3]}, {'name': 'RY', 'param': 6.314715543339822, 'wires': [4]}, {'name': 'CRY', 'param': 6.286218640223387, 'wires': [4, 2]}, {'name': 'CRY', 'param': 6.2828939297586555, 'wires': [5, 1]}, {'name': 'RY', 'param': 9.198820236253876, 'wires': [1]}, {'name': 'CRY', 'param': 6.507175084337036, 'wires': [3, 4]}, {'name': 'RY', 'param': 7.703216220578505, 'wires': [3]}, {'name': 'CRY', 'param': 6.284857727268128, 'wires': [3, 2]}, {'name': 'CRY', 'param': 6.283182258929333, 'wires': [4, 1]}, {'name': 'RY', 'param': 5.835864745385862, 'wires': [3]}, {'name': 'RY', 'param': 5.015280837304486, 'wires': [1]}, {'name': 'RY', 'param': 5.041538055183203, 'wires': [4]}, {'name': 'CRY', 'param': 6.282803219931075, 'wires': [3, 1]}, {'name': 'RY', 'param': 4.63560892532842, 'wires': [1]}, {'name': 'CRY', 'param': 4.750664532140705, 'wires': [4, 5]}]
[2025-08-05 09:59:59,342][INFO] Energy: 0.8993029997282457
