[2025-08-04 17:51:42,856][INFO] Starting VQE run 63 (seed=68528823)
[2025-08-04 17:51:42,950][INFO] Adding RY(0.0, wires=[5]) increased overlap from 0.0 to 0.9409393735547353
[2025-08-04 17:51:43,219][INFO] Adding CRY(0.0, wires=[5, 4])) increased overlap from 0.9409393735547353 to 0.9627652111372741
[2025-08-04 17:51:43,425][INFO] Adding RY(0.0, wires=[3]) increased overlap from 0.9627652111372741 to 0.9664824428904871
[2025-08-04 17:51:43,832][INFO] Adding RY(0.0, wires=[4]) increased overlap from 0.9664824428904871 to 0.9959489635981963
[2025-08-04 17:51:44,752][INFO] Adding RY(0.0, wires=[2]) increased overlap from 0.9959489635981963 to 0.996176675591175
[2025-08-04 17:51:51,126][INFO] Adding CRY(0.0, wires=[5, 3])) increased overlap from 0.996176675591175 to 0.9976741618222813
[2025-08-04 17:52:06,320][INFO] Adding CRY(0.0, wires=[5, 2])) decreased overlap from 0.9976741618222813 to 0.682496632799437.. skipping this gate
[2025-08-04 17:52:06,321][INFO] gradient converged
[2025-08-04 17:52:06,321][INFO] Completed VQE run 6
[2025-08-04 17:52:06,321][INFO] Final ops list: [{'name': 'RY', 'param': 5.0431956947670304, 'wires': [5]}, {'name': 'CRY', 'param': 5.709859790423557, 'wires': [5, 4]}, {'name': 'RY', 'param': 6.140069039832458, 'wires': [3]}, {'name': 'RY', 'param': 6.5922718173711905, 'wires': [4]}, {'name': 'RY', 'param': 6.300959544462382, 'wires': [2]}, {'name': 'CRY', 'param': 6.3654210322333, 'wires': [5, 3]}]
[2025-08-04 17:52:06,321][INFO] Energy: 0.9063594017263166
[2025-08-05 09:53:37,955][INFO] Starting VQE run 63 (seed=60751729)
[2025-08-05 09:53:38,068][INFO] Adding RY(0.0, wires=[5]) increased overlap from 0.0 to 0.9409393755773368
[2025-08-05 09:53:38,215][INFO] Adding CRY(0.0, wires=[5, 4])) increased overlap from 0.9409393755773368 to 0.9627652089713667
[2025-08-05 09:53:38,421][INFO] Adding RY(0.0, wires=[3]) increased overlap from 0.9627652089713667 to 0.9664824424714562
[2025-08-05 09:53:38,820][INFO] Adding RY(0.0, wires=[4]) increased overlap from 0.9664824424714562 to 0.9959489657910922
[2025-08-05 09:53:39,744][INFO] Adding RY(0.0, wires=[2]) increased overlap from 0.9959489657910922 to 0.9961766743925277
[2025-08-05 09:53:40,939][INFO] Adding CRY(0.0, wires=[5, 3])) increased overlap from 0.9961766743925277 to 0.9976741634521404
[2025-08-05 09:53:42,697][INFO] Adding CRY(0.0, wires=[5, 2])) increased overlap from 0.9976741634521404 to 0.997769551568813
[2025-08-05 09:53:47,366][INFO] Adding CRY(0.0, wires=[4, 3])) increased overlap from 0.997769551568813 to 0.9983765596269629
[2025-08-05 09:54:06,686][INFO] Adding RY(0.0, wires=[4]) increased overlap from 0.9983765596269629 to 0.9998664076675317
[2025-08-05 09:54:26,856][INFO] Adding CRY(0.0, wires=[4, 2])) increased overlap from 0.9998664076675317 to 0.9999213572614722
[2025-08-05 09:54:47,285][INFO] Adding RY(0.0, wires=[1]) increased overlap from 0.9999213572614722 to 0.9999233475928221
[2025-08-05 09:55:08,831][INFO] Adding CRY(0.0, wires=[5, 1])) increased overlap from 0.9999233475928221 to 0.9999262641300674
[2025-08-05 09:55:31,741][INFO] Adding CRY(0.0, wires=[3, 2])) increased overlap from 0.9999262641300674 to 0.9999434140314531
[2025-08-05 09:55:56,127][INFO] Adding CRY(0.0, wires=[4, 1])) increased overlap from 0.9999434140314531 to 0.9999448183210226
[2025-08-05 09:56:21,107][INFO] Adding RY(0.0, wires=[4]) increased overlap from 0.9999448183210226 to 0.999955091208066
[2025-08-05 09:56:47,203][INFO] Adding CRY(0.0, wires=[3, 1])) increased overlap from 0.999955091208066 to 0.9999700381145344
[2025-08-05 09:57:14,155][INFO] Adding CRY(0.0, wires=[2, 4])) increased overlap from 0.9999700381145344 to 0.9999831957431099
[2025-08-05 09:57:40,605][INFO] Adding RY(0.0, wires=[2]) increased overlap from 0.9999831957431099 to 0.9999873097751004
[2025-08-05 09:58:07,547][INFO] Adding RY(0.0, wires=[4]) increased overlap from 0.9999873097751004 to 0.9999933815372064
[2025-08-05 09:58:34,631][INFO] Adding RY(0.0, wires=[5]) increased overlap from 0.9999933815372064 to 0.9999957585356627
[2025-08-05 09:59:02,037][INFO] Adding RY(0.0, wires=[1]) increased overlap from 0.9999957585356627 to 0.9999968942731923
[2025-08-05 09:59:29,537][INFO] Adding RY(0.0, wires=[3]) increased overlap from 0.9999968942731923 to 0.9999979949972504
[2025-08-05 09:59:58,331][INFO] Adding CRY(0.0, wires=[2, 1])) increased overlap from 0.9999979949972504 to 0.9999986617581144
[2025-08-05 10:00:27,576][INFO] Adding RY(0.0, wires=[1]) increased overlap from 0.9999986617581144 to 0.9999991527690426
[2025-08-05 10:00:58,125][INFO] Adding CRY(0.0, wires=[2, 3])) increased overlap from 0.9999991527690426 to 0.9999993282166644
[2025-08-05 10:01:29,273][INFO] Adding RY(0.0, wires=[2]) had small change in overlap from 0.9999993282166644 to 0.9999988083157423
[2025-08-05 10:02:01,798][INFO] Adding CRY(0.0, wires=[3, 4])) increased overlap from 0.9999988083157423 to 0.9999994191505728
[2025-08-05 10:02:34,822][INFO] Adding RY(0.0, wires=[3]) had small change in overlap from 0.9999994191505728 to 0.9999993744840568
[2025-08-05 10:03:09,209][INFO] Adding CRY(0.0, wires=[3, 5])) had small change in overlap from 0.9999993744840568 to 0.9999990206162175
[2025-08-05 10:03:44,872][INFO] Adding CRY(0.0, wires=[4, 5])) had small change in overlap from 0.9999990206162175 to 0.9999983655441826
[2025-08-05 10:03:44,872][INFO] Completed VQE run 29
[2025-08-05 10:03:44,872][INFO] Final ops list: [{'name': 'RY', 'param': -1.2448976690421967, 'wires': [5]}, {'name': 'CRY', 'param': -0.6344236222183934, 'wires': [5, 4]}, {'name': 'RY', 'param': -0.28360470599353943, 'wires': [3]}, {'name': 'RY', 'param': 1.439732086305772, 'wires': [4]}, {'name': 'RY', 'param': 0.048441354686977064, 'wires': [2]}, {'name': 'CRY', 'param': 0.15558815706695386, 'wires': [5, 3]}, {'name': 'CRY', 'param': -0.03414172362608842, 'wires': [5, 2]}, {'name': 'CRY', 'param': 0.15480866686062603, 'wires': [4, 3]}, {'name': 'RY', 'param': -0.7434071094711764, 'wires': [4]}, {'name': 'CRY', 'param': -0.018028322349853926, 'wires': [4, 2]}, {'name': 'RY', 'param': -0.010123322500679273, 'wires': [1]}, {'name': 'CRY', 'param': 0.0032549028608756907, 'wires': [5, 1]}, {'name': 'CRY', 'param': -0.08595971189076394, 'wires': [3, 2]}, {'name': 'CRY', 'param': 0.0040684219826549895, 'wires': [4, 1]}, {'name': 'RY', 'param': -0.2640512072774307, 'wires': [4]}, {'name': 'CRY', 'param': 0.006385131360909908, 'wires': [3, 1]}, {'name': 'CRY', 'param': -0.47737031252890993, 'wires': [2, 4]}, {'name': 'RY', 'param': -0.03309759546967733, 'wires': [2]}, {'name': 'RY', 'param': -0.08752822672417258, 'wires': [4]}, {'name': 'RY', 'param': -0.01763908077052196, 'wires': [5]}, {'name': 'RY', 'param': 0.0008774477887148695, 'wires': [1]}, {'name': 'RY', 'param': 0.004701082991604744, 'wires': [3]}, {'name': 'CRY', 'param': 0.020263526063159606, 'wires': [2, 1]}, {'name': 'RY', 'param': 0.007928708134861615, 'wires': [1]}, {'name': 'CRY', 'param': -0.1934418262736501, 'wires': [2, 3]}, {'name': 'RY', 'param': -0.001059454027952325, 'wires': [2]}, {'name': 'CRY', 'param': 0.03058734940503259, 'wires': [3, 4]}, {'name': 'RY', 'param': 0.015099767290761295, 'wires': [3]}, {'name': 'CRY', 'param': 0.045430315995518465, 'wires': [3, 5]}, {'name': 'CRY', 'param': 0.02754333035072188, 'wires': [4, 5]}]
[2025-08-05 10:03:44,872][INFO] Energy: 0.8916542059701428
