[2025-08-04 17:51:42,859][INFO] Starting VQE run 69 (seed=100659570)
[2025-08-04 17:51:42,966][INFO] Adding RY(0.0, wires=[5]) increased overlap from 0.0 to 0.9409393761548547
[2025-08-04 17:51:43,096][INFO] Adding CRY(0.0, wires=[5, 4])) increased overlap from 0.9409393761548547 to 0.9627652117487143
[2025-08-04 17:51:43,290][INFO] Adding RY(0.0, wires=[3]) increased overlap from 0.9627652117487143 to 0.9664824428271219
[2025-08-04 17:51:43,591][INFO] Adding RY(0.0, wires=[4]) increased overlap from 0.9664824428271219 to 0.9959489669133648
[2025-08-04 17:51:44,597][INFO] Adding RY(0.0, wires=[2]) increased overlap from 0.9959489669133648 to 0.9961766746365135
[2025-08-04 17:51:48,668][INFO] Adding CRY(0.0, wires=[5, 3])) increased overlap from 0.9961766746365135 to 0.9976741626282718
[2025-08-04 17:51:50,666][INFO] Adding CRY(0.0, wires=[5, 2])) increased overlap from 0.9976741626282718 to 0.997769544070943
[2025-08-04 17:51:57,318][INFO] Adding CRY(0.0, wires=[4, 3])) increased overlap from 0.997769544070943 to 0.9983765601550114
[2025-08-04 17:52:14,513][INFO] Adding RY(0.0, wires=[4]) increased overlap from 0.9983765601550114 to 0.9998880044287081
[2025-08-04 17:52:33,120][INFO] Adding CRY(0.0, wires=[4, 2])) increased overlap from 0.9998880044287081 to 0.9999285955127355
[2025-08-04 17:52:52,859][INFO] Adding CRY(0.0, wires=[5, 1])) had small change in overlap from 0.9999285955127355 to 0.9998044928558153
[2025-08-04 17:53:12,916][INFO] Adding RY(0.0, wires=[1]) had small change in overlap from 0.9998044928558153 to 0.9988436590507799
[2025-08-04 17:53:34,290][INFO] Adding CRY(0.0, wires=[3, 4])) had small change in overlap from 0.9988436590507799 to 0.9960014514608326
[2025-08-04 17:53:56,310][INFO] Adding RY(0.0, wires=[3]) increased overlap from 0.9960014514608326 to 0.9998718245570609
[2025-08-04 17:54:19,852][INFO] Adding CRY(0.0, wires=[3, 2])) had small change in overlap from 0.9998718245570609 to 0.9958417102045917
[2025-08-04 17:54:43,453][INFO] Adding RY(0.0, wires=[3]) increased overlap from 0.9958417102045917 to 0.999377819719139
[2025-08-04 17:55:08,397][INFO] Adding CRY(0.0, wires=[3, 5])) had small change in overlap from 0.999377819719139 to 0.9969458807476976
[2025-08-04 17:55:33,920][INFO] Adding RY(0.0, wires=[3]) increased overlap from 0.9969458807476976 to 0.9998430783616374
[2025-08-04 17:55:59,999][INFO] Adding RY(0.0, wires=[4]) increased overlap from 0.9998430783616374 to 0.9999025745664445
[2025-08-04 17:56:27,456][INFO] Adding CRY(0.0, wires=[4, 1])) decreased overlap from 0.9999025745664445 to 0.9435600450837263.. skipping this gate
[2025-08-04 17:56:27,457][INFO] gradient converged
[2025-08-04 17:56:27,457][INFO] Completed VQE run 19
[2025-08-04 17:56:27,457][INFO] Final ops list: [{'name': 'RY', 'param': 5.514032342169358, 'wires': [5]}, {'name': 'CRY', 'param': 5.163529124177475, 'wires': [5, 4]}, {'name': 'RY', 'param': 10.503219927979904, 'wires': [3]}, {'name': 'RY', 'param': 10.233120249611428, 'wires': [4]}, {'name': 'RY', 'param': 6.285343131599339, 'wires': [2]}, {'name': 'CRY', 'param': 6.866676528325435, 'wires': [5, 3]}, {'name': 'CRY', 'param': 6.262587203117868, 'wires': [5, 2]}, {'name': 'CRY', 'param': 7.161996169673273, 'wires': [4, 3]}, {'name': 'RY', 'param': 2.4061912572095223, 'wires': [4]}, {'name': 'CRY', 'param': 6.270313255654627, 'wires': [4, 2]}, {'name': 'CRY', 'param': 6.2826166213793, 'wires': [5, 1]}, {'name': 'RY', 'param': 6.283006979310675, 'wires': [1]}, {'name': 'CRY', 'param': 5.647576978538553, 'wires': [3, 4]}, {'name': 'RY', 'param': 0.9090238339007725, 'wires': [3]}, {'name': 'CRY', 'param': 6.289913322818396, 'wires': [3, 2]}, {'name': 'RY', 'param': 6.3556793032077525, 'wires': [3]}, {'name': 'CRY', 'param': 5.489933923793644, 'wires': [3, 5]}, {'name': 'RY', 'param': 4.087442326924892, 'wires': [3]}, {'name': 'RY', 'param': 5.2578087319680655, 'wires': [4]}]
[2025-08-04 17:56:27,457][INFO] Energy: 0.8931823762031535
[2025-08-05 09:53:37,958][INFO] Starting VQE run 69 (seed=93228766)
[2025-08-05 09:53:38,069][INFO] Adding RY(0.0, wires=[5]) increased overlap from 0.0 to 0.9409393762605223
[2025-08-05 09:53:38,512][INFO] Adding CRY(0.0, wires=[5, 4])) increased overlap from 0.9409393762605223 to 0.9627652099561448
[2025-08-05 09:53:38,733][INFO] Adding RY(0.0, wires=[3]) increased overlap from 0.9627652099561448 to 0.9664824403657174
[2025-08-05 09:53:39,161][INFO] Adding RY(0.0, wires=[4]) increased overlap from 0.9664824403657174 to 0.995948963843404
[2025-08-05 09:53:40,410][INFO] Adding RY(0.0, wires=[2]) increased overlap from 0.995948963843404 to 0.996176674338366
[2025-08-05 09:53:44,670][INFO] Adding CRY(0.0, wires=[5, 3])) increased overlap from 0.996176674338366 to 0.9976741626381486
[2025-08-05 09:54:00,728][INFO] Adding CRY(0.0, wires=[5, 2])) increased overlap from 0.9976741626381486 to 0.9977695431320147
[2025-08-05 09:54:18,602][INFO] Adding CRY(0.0, wires=[4, 3])) decreased overlap from 0.9977695431320147 to 0.9635692217561449.. skipping this gate
[2025-08-05 09:54:18,602][INFO] gradient converged
[2025-08-05 09:54:18,602][INFO] Completed VQE run 7
[2025-08-05 09:54:18,603][INFO] Final ops list: [{'name': 'RY', 'param': 5.041651262653028, 'wires': [5]}, {'name': 'CRY', 'param': 5.707274897619898, 'wires': [5, 4]}, {'name': 'RY', 'param': 6.138881326619957, 'wires': [3]}, {'name': 'RY', 'param': 6.593652670699407, 'wires': [4]}, {'name': 'RY', 'param': 6.302432377819565, 'wires': [2]}, {'name': 'CRY', 'param': 6.366926885397937, 'wires': [5, 3]}, {'name': 'CRY', 'param': -0.008012536706895786, 'wires': [5, 2]}]
[2025-08-05 09:54:18,603][INFO] Energy: 0.9059972506329443
