[2025-08-04 17:51:42,825][INFO] Starting VQE run 17 (seed=110258937)
[2025-08-04 17:51:42,920][INFO] Adding RY(0.0, wires=[5]) increased overlap from 0.0 to 0.9409393749647877
[2025-08-04 17:51:43,043][INFO] Adding CRY(0.0, wires=[5, 4])) increased overlap from 0.9409393749647877 to 0.9627652118550734
[2025-08-04 17:51:43,225][INFO] Adding RY(0.0, wires=[3]) increased overlap from 0.9627652118550734 to 0.9664824411584592
[2025-08-04 17:51:43,563][INFO] Adding RY(0.0, wires=[4]) increased overlap from 0.9664824411584592 to 0.9959489642616873
[2025-08-04 17:51:44,609][INFO] Adding RY(0.0, wires=[2]) increased overlap from 0.9959489642616873 to 0.9961766751400042
[2025-08-04 17:51:46,000][INFO] Adding CRY(0.0, wires=[5, 3])) increased overlap from 0.9961766751400042 to 0.9976741637968728
[2025-08-04 17:51:47,921][INFO] Adding CRY(0.0, wires=[5, 2])) increased overlap from 0.9976741637968728 to 0.9977695421814808
[2025-08-04 17:51:52,708][INFO] Adding CRY(0.0, wires=[4, 3])) increased overlap from 0.9977695421814808 to 0.9983765668598507
[2025-08-04 17:52:09,851][INFO] Adding RY(0.0, wires=[4]) increased overlap from 0.9983765668598507 to 0.9994390259875001
[2025-08-04 17:52:28,599][INFO] Adding CRY(0.0, wires=[4, 2])) increased overlap from 0.9994390259875001 to 0.9997635977957418
[2025-08-04 17:52:48,412][INFO] Adding CRY(0.0, wires=[5, 1])) increased overlap from 0.9997635977957418 to 0.999857883077872
[2025-08-04 17:53:08,674][INFO] Adding RY(0.0, wires=[1]) increased overlap from 0.999857883077872 to 0.9998773548594051
[2025-08-04 17:53:30,346][INFO] Adding CRY(0.0, wires=[3, 2])) increased overlap from 0.9998773548594051 to 0.9999120463764349
[2025-08-04 17:53:53,102][INFO] Adding CRY(0.0, wires=[4, 1])) had small change in overlap from 0.9999120463764349 to 0.9998907810864283
[2025-08-04 17:54:16,409][INFO] Adding RY(0.0, wires=[4]) increased overlap from 0.9998907810864283 to 0.9999167742458791
[2025-08-04 17:54:39,972][INFO] Adding RY(0.0, wires=[5]) had small change in overlap from 0.9999167742458791 to 0.999856534232095
[2025-08-04 17:55:04,902][INFO] Adding CRY(0.0, wires=[3, 5])) had small change in overlap from 0.999856534232095 to 0.999837620416829
[2025-08-04 17:55:31,255][INFO] Adding CRY(0.0, wires=[4, 5])) had small change in overlap from 0.999837620416829 to 0.9991180914542689
[2025-08-04 17:55:58,955][INFO] Adding CRY(0.0, wires=[3, 4])) had small change in overlap from 0.9991180914542689 to 0.9986273026134305
[2025-08-04 17:56:27,226][INFO] Adding RY(0.0, wires=[3]) increased overlap from 0.9986273026134305 to 0.9999620826176859
[2025-08-04 17:56:56,035][INFO] Adding RY(0.0, wires=[1]) had small change in overlap from 0.9999620826176859 to 0.9995695987272746
[2025-08-04 17:57:25,453][INFO] Adding RY(0.0, wires=[4]) increased overlap from 0.9995695987272746 to 0.9998991827269536
[2025-08-04 17:57:56,210][INFO] Adding CRY(0.0, wires=[3, 1])) had small change in overlap from 0.9998991827269536 to 0.9935111942866262
[2025-08-04 17:58:27,608][INFO] Adding RY(0.0, wires=[3]) increased overlap from 0.9935111942866262 to 0.999590399137021
[2025-08-04 17:58:59,594][INFO] Adding RY(0.0, wires=[1]) increased overlap from 0.999590399137021 to 0.9999143810368072
[2025-08-04 17:59:32,902][INFO] Adding CRY(0.0, wires=[2, 3])) increased overlap from 0.9999143810368072 to 0.9999212071312926
[2025-08-04 18:00:06,814][INFO] Adding RY(0.0, wires=[2]) had small change in overlap from 0.9999212071312926 to 0.9993772031939692
[2025-08-04 18:00:42,266][INFO] Adding CRY(0.0, wires=[2, 4])) increased overlap from 0.9993772031939692 to 0.9995002685397149
[2025-08-04 18:01:18,143][INFO] Adding RY(0.0, wires=[2]) had small change in overlap from 0.9995002685397149 to 0.9964614137943215
[2025-08-04 18:01:54,563][INFO] Adding RY(0.0, wires=[3]) increased overlap from 0.9964614137943215 to 0.9965868356703813
[2025-08-04 18:01:54,563][INFO] Completed VQE run 29
[2025-08-04 18:01:54,563][INFO] Final ops list: [{'name': 'RY', 'param': -2.2326660108357483, 'wires': [5]}, {'name': 'CRY', 'param': -0.5026949368961953, 'wires': [5, 4]}, {'name': 'RY', 'param': 0.0449337522786394, 'wires': [3]}, {'name': 'RY', 'param': 2.2002011693156422, 'wires': [4]}, {'name': 'RY', 'param': 0.006795892295612264, 'wires': [2]}, {'name': 'CRY', 'param': -0.061212598682032424, 'wires': [5, 3]}, {'name': 'CRY', 'param': 0.006782631558958181, 'wires': [5, 2]}, {'name': 'CRY', 'param': -0.00020997940916009424, 'wires': [4, 3]}, {'name': 'RY', 'param': 0.13414417214653923, 'wires': [4]}, {'name': 'CRY', 'param': -0.0038536292446789007, 'wires': [4, 2]}, {'name': 'CRY', 'param': -0.008514139577272388, 'wires': [5, 1]}, {'name': 'RY', 'param': -0.7439351480700097, 'wires': [1]}, {'name': 'CRY', 'param': 1.825815722582803, 'wires': [3, 2]}, {'name': 'CRY', 'param': 0.00044260080777384236, 'wires': [4, 1]}, {'name': 'RY', 'param': 0.05843537002826289, 'wires': [4]}, {'name': 'RY', 'param': 1.7154586960973246, 'wires': [5]}, {'name': 'CRY', 'param': 3.8590588541253017, 'wires': [3, 5]}, {'name': 'CRY', 'param': 5.314476328017406, 'wires': [4, 5]}, {'name': 'CRY', 'param': 0.8226732733759868, 'wires': [3, 4]}, {'name': 'RY', 'param': 0.03914991791834937, 'wires': [3]}, {'name': 'RY', 'param': -0.1277214291623499, 'wires': [1]}, {'name': 'RY', 'param': 2.137813186265642, 'wires': [4]}, {'name': 'CRY', 'param': 0.06028981015641728, 'wires': [3, 1]}, {'name': 'RY', 'param': -0.8595700348141901, 'wires': [3]}, {'name': 'RY', 'param': 0.8775196355556835, 'wires': [1]}, {'name': 'CRY', 'param': 2.28638086594747, 'wires': [2, 3]}, {'name': 'RY', 'param': -0.07135951286742272, 'wires': [2]}, {'name': 'CRY', 'param': 0.5973106893914253, 'wires': [2, 4]}, {'name': 'RY', 'param': 0.07337357085617263, 'wires': [2]}, {'name': 'RY', 'param': 0.7046639987399298, 'wires': [3]}]
[2025-08-04 18:01:54,563][INFO] Energy: 0.9133557645751522
[2025-08-05 09:53:37,925][INFO] Starting VQE run 17 (seed=99826953)
[2025-08-05 09:53:38,031][INFO] Adding RY(0.0, wires=[5]) increased overlap from 0.0 to 0.9409393766431302
[2025-08-05 09:53:38,216][INFO] Adding CRY(0.0, wires=[5, 4])) increased overlap from 0.9409393766431302 to 0.9627652087938139
[2025-08-05 09:53:38,413][INFO] Adding RY(0.0, wires=[3]) increased overlap from 0.9627652087938139 to 0.9664824392480921
[2025-08-05 09:53:38,824][INFO] Adding RY(0.0, wires=[4]) increased overlap from 0.9664824392480921 to 0.9959489670697929
[2025-08-05 09:53:39,901][INFO] Adding RY(0.0, wires=[2]) increased overlap from 0.9959489670697929 to 0.9961766753610114
[2025-08-05 09:53:41,331][INFO] Adding CRY(0.0, wires=[5, 3])) increased overlap from 0.9961766753610114 to 0.9976741632921368
[2025-08-05 09:53:43,344][INFO] Adding CRY(0.0, wires=[5, 2])) increased overlap from 0.9976741632921368 to 0.9977695440543406
[2025-08-05 09:53:48,977][INFO] Adding CRY(0.0, wires=[4, 3])) increased overlap from 0.9977695440543406 to 0.9983765672105755
[2025-08-05 09:54:08,176][INFO] Adding RY(0.0, wires=[4]) increased overlap from 0.9983765672105755 to 0.9994960405060397
[2025-08-05 09:54:28,313][INFO] Adding CRY(0.0, wires=[4, 2])) increased overlap from 0.9994960405060397 to 0.9997897791115318
[2025-08-05 09:54:49,629][INFO] Adding CRY(0.0, wires=[5, 1])) increased overlap from 0.9997897791115318 to 0.9998467018979065
[2025-08-05 09:55:11,162][INFO] Adding RY(0.0, wires=[1]) had small change in overlap from 0.9998467018979065 to 0.9998340776990916
[2025-08-05 09:55:34,101][INFO] Adding CRY(0.0, wires=[3, 2])) increased overlap from 0.9998340776990916 to 0.999872874345377
[2025-08-05 09:55:58,527][INFO] Adding CRY(0.0, wires=[4, 1])) increased overlap from 0.999872874345377 to 0.9998921802575311
[2025-08-05 09:56:24,307][INFO] Adding CRY(0.0, wires=[4, 5])) increased overlap from 0.9998921802575311 to 0.9999063987901838
[2025-08-05 09:56:50,382][INFO] Adding RY(0.0, wires=[4]) had small change in overlap from 0.9999063987901838 to 0.9993313055081711
[2025-08-05 09:57:17,320][INFO] Adding CRY(0.0, wires=[3, 4])) increased overlap from 0.9993313055081711 to 0.9993888093781587
[2025-08-05 09:57:43,788][INFO] Adding RY(0.0, wires=[3]) increased overlap from 0.9993888093781587 to 0.9998404743621768
[2025-08-05 09:58:11,560][INFO] Adding CRY(0.0, wires=[3, 5])) had small change in overlap from 0.9998404743621768 to 0.9998027959924698
[2025-08-05 09:58:39,458][INFO] Adding RY(0.0, wires=[3]) had small change in overlap from 0.9998027959924698 to 0.99903787233573
[2025-08-05 09:59:08,477][INFO] Adding CRY(0.0, wires=[3, 1])) had small change in overlap from 0.99903787233573 to 0.9990036199362272
[2025-08-05 09:59:37,640][INFO] Adding RY(0.0, wires=[3]) increased overlap from 0.9990036199362272 to 0.9998328469086956
[2025-08-05 10:00:07,352][INFO] Adding RY(0.0, wires=[1]) increased overlap from 0.9998328469086956 to 0.9998474416848757
[2025-08-05 10:00:37,535][INFO] Adding RY(0.0, wires=[5]) had small change in overlap from 0.9998474416848757 to 0.999779887167243
[2025-08-05 10:01:08,998][INFO] Adding CRY(0.0, wires=[2, 4])) increased overlap from 0.999779887167243 to 0.9998187589398732
[2025-08-05 10:01:41,034][INFO] Adding RY(0.0, wires=[2]) had small change in overlap from 0.9998187589398732 to 0.9993361293121533
[2025-08-05 10:02:14,304][INFO] Adding CRY(0.0, wires=[2, 3])) increased overlap from 0.9993361293121533 to 0.9998568790863315
[2025-08-05 10:02:47,956][INFO] Adding RY(0.0, wires=[2]) had small change in overlap from 0.9998568790863315 to 0.9992249779795609
[2025-08-05 10:03:22,298][INFO] Adding RY(0.0, wires=[3]) had small change in overlap from 0.9992249779795609 to 0.9991706890455544
[2025-08-05 10:03:57,185][INFO] Adding RY(0.0, wires=[4]) increased overlap from 0.9991706890455544 to 0.9995319556170065
[2025-08-05 10:03:57,185][INFO] Completed VQE run 29
[2025-08-05 10:03:57,185][INFO] Final ops list: [{'name': 'RY', 'param': 0.0668322178444162, 'wires': [5]}, {'name': 'CRY', 'param': -0.1458830142621768, 'wires': [5, 4]}, {'name': 'RY', 'param': -0.10566912238431306, 'wires': [3]}, {'name': 'RY', 'param': 3.5449037127635865, 'wires': [4]}, {'name': 'RY', 'param': -0.008122233944729773, 'wires': [2]}, {'name': 'CRY', 'param': 0.04341450738398844, 'wires': [5, 3]}, {'name': 'CRY', 'param': -0.012564442383222005, 'wires': [5, 2]}, {'name': 'CRY', 'param': 0.1429560007410788, 'wires': [4, 3]}, {'name': 'RY', 'param': -0.9410184609399969, 'wires': [4]}, {'name': 'CRY', 'param': -0.0019744419335394935, 'wires': [4, 2]}, {'name': 'CRY', 'param': 0.011569934401417462, 'wires': [5, 1]}, {'name': 'RY', 'param': -0.6131596010387286, 'wires': [1]}, {'name': 'CRY', 'param': 1.0190809114353683, 'wires': [3, 2]}, {'name': 'CRY', 'param': 0.0010317579974626382, 'wires': [4, 1]}, {'name': 'CRY', 'param': 5.148286751807263, 'wires': [4, 5]}, {'name': 'RY', 'param': 2.221915000972552, 'wires': [4]}, {'name': 'CRY', 'param': 0.9423598033221059, 'wires': [3, 4]}, {'name': 'RY', 'param': 0.21983369601403516, 'wires': [3]}, {'name': 'CRY', 'param': -0.37932179291062645, 'wires': [3, 5]}, {'name': 'RY', 'param': -1.2065935021760792, 'wires': [3]}, {'name': 'CRY', 'param': -0.0005205275430779415, 'wires': [3, 1]}, {'name': 'RY', 'param': 0.10327088562816295, 'wires': [3]}, {'name': 'RY', 'param': 0.6116375353283653, 'wires': [1]}, {'name': 'RY', 'param': -0.22583797044226656, 'wires': [5]}, {'name': 'CRY', 'param': 2.3987727539327564, 'wires': [2, 4]}, {'name': 'RY', 'param': 0.02021539035197598, 'wires': [2]}, {'name': 'CRY', 'param': 2.1238095197572906, 'wires': [2, 3]}, {'name': 'RY', 'param': -0.007884747313141233, 'wires': [2]}, {'name': 'RY', 'param': 0.7270155348609109, 'wires': [3]}, {'name': 'RY', 'param': 0.588465809787418, 'wires': [4]}]
[2025-08-05 10:03:57,185][INFO] Energy: 0.8947239780996484
