[2025-08-04 17:51:42,833][INFO] Starting VQE run 26 (seed=96726663)
[2025-08-04 17:51:42,938][INFO] Adding RY(0.0, wires=[5]) increased overlap from 0.0 to 0.9409393780793445
[2025-08-04 17:51:43,173][INFO] Adding CRY(0.0, wires=[5, 4])) increased overlap from 0.9409393780793445 to 0.9627652086810856
[2025-08-04 17:51:43,366][INFO] Adding RY(0.0, wires=[3]) increased overlap from 0.9627652086810856 to 0.9664824410909022
[2025-08-04 17:51:43,738][INFO] Adding RY(0.0, wires=[4]) increased overlap from 0.9664824410909022 to 0.9959489678089276
[2025-08-04 17:51:44,610][INFO] Adding RY(0.0, wires=[2]) increased overlap from 0.9959489678089276 to 0.9961766829255573
[2025-08-04 17:51:46,261][INFO] Adding CRY(0.0, wires=[5, 3])) increased overlap from 0.9961766829255573 to 0.9976741632170444
[2025-08-04 17:51:48,414][INFO] Adding CRY(0.0, wires=[5, 2])) increased overlap from 0.9976741632170444 to 0.9977695434822446
[2025-08-04 17:51:54,411][INFO] Adding CRY(0.0, wires=[4, 3])) increased overlap from 0.9977695434822446 to 0.9983765669700844
[2025-08-04 17:52:11,482][INFO] Adding RY(0.0, wires=[4]) increased overlap from 0.9983765669700844 to 0.9996516084171287
[2025-08-04 17:52:30,033][INFO] Adding CRY(0.0, wires=[4, 2])) increased overlap from 0.9996516084171287 to 0.999796181992536
[2025-08-04 17:52:49,651][INFO] Adding CRY(0.0, wires=[5, 1])) increased overlap from 0.999796181992536 to 0.9998344970773329
[2025-08-04 17:53:09,699][INFO] Adding RY(0.0, wires=[1]) increased overlap from 0.9998344970773329 to 0.9998413950614108
[2025-08-04 17:53:31,084][INFO] Adding CRY(0.0, wires=[3, 2])) had small change in overlap from 0.9998413950614108 to 0.9975754014623361
[2025-08-04 17:53:53,147][INFO] Adding RY(0.0, wires=[3]) increased overlap from 0.9975754014623361 to 0.9998216277718753
[2025-08-04 17:54:16,674][INFO] Adding CRY(0.0, wires=[4, 1])) decreased overlap from 0.9998216277718753 to 0.9503484610390892.. skipping this gate
[2025-08-04 17:54:16,674][INFO] gradient converged
[2025-08-04 17:54:16,674][INFO] Completed VQE run 14
[2025-08-04 17:54:16,674][INFO] Final ops list: [{'name': 'RY', 'param': 5.030479929517989, 'wires': [5]}, {'name': 'CRY', 'param': -0.611179075443679, 'wires': [5, 4]}, {'name': 'RY', 'param': -0.8860620926793283, 'wires': [3]}, {'name': 'RY', 'param': -1.128914119757502, 'wires': [4]}, {'name': 'RY', 'param': 0.01293196883791895, 'wires': [2]}, {'name': 'CRY', 'param': 0.13189958040191996, 'wires': [5, 3]}, {'name': 'CRY', 'param': -0.04185500717001065, 'wires': [5, 2]}, {'name': 'CRY', 'param': -0.13422947027394672, 'wires': [4, 3]}, {'name': 'RY', 'param': 1.4631798459296907, 'wires': [4]}, {'name': 'CRY', 'param': -0.04426907101426563, 'wires': [4, 2]}, {'name': 'CRY', 'param': 0.001722542678652165, 'wires': [5, 1]}, {'name': 'RY', 'param': -0.00012567374073815633, 'wires': [1]}, {'name': 'CRY', 'param': -0.005337420946631669, 'wires': [3, 2]}, {'name': 'RY', 'param': 0.7381425483879341, 'wires': [3]}]
[2025-08-04 17:54:16,674][INFO] Energy: 0.8938311722424939
[2025-08-05 09:53:37,929][INFO] Starting VQE run 26 (seed=86814114)
[2025-08-05 09:53:38,036][INFO] Adding RY(0.0, wires=[5]) increased overlap from 0.0 to 0.9409393762892821
[2025-08-05 09:53:38,181][INFO] Adding CRY(0.0, wires=[5, 4])) increased overlap from 0.9409393762892821 to 0.9627652111839899
[2025-08-05 09:53:38,386][INFO] Adding RY(0.0, wires=[3]) increased overlap from 0.9627652111839899 to 0.9664824429504183
[2025-08-05 09:53:38,776][INFO] Adding RY(0.0, wires=[4]) increased overlap from 0.9664824429504183 to 0.9959489642091615
[2025-08-05 09:53:39,780][INFO] Adding RY(0.0, wires=[2]) increased overlap from 0.9959489642091615 to 0.9961766738793705
[2025-08-05 09:53:40,922][INFO] Adding CRY(0.0, wires=[5, 3])) increased overlap from 0.9961766738793705 to 0.997674170467837
[2025-08-05 09:53:42,374][INFO] Adding CRY(0.0, wires=[5, 2])) increased overlap from 0.997674170467837 to 0.9977695505304217
[2025-08-05 09:53:47,139][INFO] Adding CRY(0.0, wires=[4, 3])) increased overlap from 0.9977695505304217 to 0.9983765601108014
[2025-08-05 09:54:06,478][INFO] Adding RY(0.0, wires=[4]) increased overlap from 0.9983765601108014 to 0.9998639195435342
[2025-08-05 09:54:26,685][INFO] Adding CRY(0.0, wires=[4, 2])) increased overlap from 0.9998639195435342 to 0.9999153447645206
[2025-08-05 09:54:47,158][INFO] Adding RY(0.0, wires=[1]) increased overlap from 0.9999153447645206 to 0.9999155058570324
[2025-08-05 09:55:08,717][INFO] Adding CRY(0.0, wires=[5, 1])) increased overlap from 0.9999155058570324 to 0.9999207625613148
[2025-08-05 09:55:31,646][INFO] Adding CRY(0.0, wires=[3, 2])) increased overlap from 0.9999207625613148 to 0.9999393113659191
[2025-08-05 09:55:55,971][INFO] Adding CRY(0.0, wires=[4, 1])) increased overlap from 0.9999393113659191 to 0.999943726422716
[2025-08-05 09:56:20,920][INFO] Adding RY(0.0, wires=[4]) had small change in overlap from 0.999943726422716 to 0.9999343149086146
[2025-08-05 09:56:47,062][INFO] Adding CRY(0.0, wires=[3, 1])) increased overlap from 0.9999343149086146 to 0.99993577751576
[2025-08-05 09:57:14,082][INFO] Adding CRY(0.0, wires=[2, 4])) increased overlap from 0.99993577751576 to 0.9999536907190141
[2025-08-05 09:57:40,667][INFO] Adding RY(0.0, wires=[2]) increased overlap from 0.9999536907190141 to 0.9999920913094161
[2025-08-05 09:58:07,580][INFO] Adding RY(0.0, wires=[1]) had small change in overlap from 0.9999920913094161 to 0.9999892223032296
[2025-08-05 09:58:34,601][INFO] Adding RY(0.0, wires=[5]) increased overlap from 0.9999892223032296 to 0.9999920913869895
[2025-08-05 09:59:02,837][INFO] Adding CRY(0.0, wires=[4, 5])) increased overlap from 0.9999920913869895 to 0.9999977961490077
[2025-08-05 09:59:31,090][INFO] Adding RY(0.0, wires=[3]) had small change in overlap from 0.9999977961490077 to 0.9999944068064773
[2025-08-05 10:00:00,603][INFO] Adding CRY(0.0, wires=[3, 4])) had small change in overlap from 0.9999944068064773 to 0.9999913106876736
[2025-08-05 10:00:31,417][INFO] Adding CRY(0.0, wires=[3, 5])) increased overlap from 0.9999913106876736 to 0.9999970366167662
[2025-08-05 10:01:03,499][INFO] Adding CRY(0.0, wires=[2, 3])) increased overlap from 0.9999970366167662 to 0.9999983691273552
[2025-08-05 10:01:36,098][INFO] Adding RY(0.0, wires=[2]) had small change in overlap from 0.9999983691273552 to 0.9999678875547697
[2025-08-05 10:02:09,283][INFO] Adding RY(0.0, wires=[3]) increased overlap from 0.9999678875547697 to 0.999992953725396
[2025-08-05 10:02:43,807][INFO] Adding CRY(0.0, wires=[2, 5])) increased overlap from 0.999992953725396 to 0.9999953342627297
[2025-08-05 10:03:18,986][INFO] Adding RY(0.0, wires=[2]) increased overlap from 0.9999953342627297 to 0.9999960935979364
[2025-08-05 10:03:54,566][INFO] Adding RY(0.0, wires=[4]) increased overlap from 0.9999960935979364 to 0.9999965245245707
[2025-08-05 10:03:54,566][INFO] Completed VQE run 29
[2025-08-05 10:03:54,566][INFO] Final ops list: [{'name': 'RY', 'param': -1.2078822634081752, 'wires': [5]}, {'name': 'CRY', 'param': -0.6387283313528963, 'wires': [5, 4]}, {'name': 'RY', 'param': -0.2180102242155439, 'wires': [3]}, {'name': 'RY', 'param': 1.6791562236059447, 'wires': [4]}, {'name': 'RY', 'param': -0.01712769591467516, 'wires': [2]}, {'name': 'CRY', 'param': 0.04588471026207205, 'wires': [5, 3]}, {'name': 'CRY', 'param': -0.08526975231328597, 'wires': [5, 2]}, {'name': 'CRY', 'param': 0.2970861320331373, 'wires': [4, 3]}, {'name': 'RY', 'param': -1.2427618137291203, 'wires': [4]}, {'name': 'CRY', 'param': -0.05262212798969301, 'wires': [4, 2]}, {'name': 'RY', 'param': -0.08210547159298909, 'wires': [1]}, {'name': 'CRY', 'param': 0.0001603501126264866, 'wires': [5, 1]}, {'name': 'CRY', 'param': 0.06006373660969174, 'wires': [3, 2]}, {'name': 'CRY', 'param': 0.0002975334772947096, 'wires': [4, 1]}, {'name': 'RY', 'param': -0.1432993553798436, 'wires': [4]}, {'name': 'CRY', 'param': -0.00045365744150117687, 'wires': [3, 1]}, {'name': 'CRY', 'param': 0.745769062399768, 'wires': [2, 4]}, {'name': 'RY', 'param': -0.0882150340157019, 'wires': [2]}, {'name': 'RY', 'param': 0.08166819101411489, 'wires': [1]}, {'name': 'RY', 'param': -0.03554443976904229, 'wires': [5]}, {'name': 'CRY', 'param': 0.9586325705657478, 'wires': [4, 5]}, {'name': 'RY', 'param': 0.13026804744497672, 'wires': [3]}, {'name': 'CRY', 'param': 2.9951709960577264, 'wires': [3, 4]}, {'name': 'CRY', 'param': -0.3075063126340037, 'wires': [3, 5]}, {'name': 'CRY', 'param': -0.07106906829385898, 'wires': [2, 3]}, {'name': 'RY', 'param': 0.09410991751441837, 'wires': [2]}, {'name': 'RY', 'param': -0.028191175740575555, 'wires': [3]}, {'name': 'CRY', 'param': 1.2049709471871235, 'wires': [2, 5]}, {'name': 'RY', 'param': 0.05332350081887843, 'wires': [2]}, {'name': 'RY', 'param': 0.1978786014492421, 'wires': [4]}]
[2025-08-05 10:03:54,566][INFO] Energy: 0.8916944490105887
