[2025-08-04 17:51:42,858][INFO] Starting VQE run 62 (seed=42597567)
[2025-08-04 17:51:43,059][INFO] Adding RY(0.0, wires=[5]) increased overlap from 0.0 to 0.9409393760921773
[2025-08-04 17:51:43,194][INFO] Adding CRY(0.0, wires=[5, 4])) increased overlap from 0.9409393760921773 to 0.9627652097665175
[2025-08-04 17:51:43,372][INFO] Adding RY(0.0, wires=[3]) increased overlap from 0.9627652097665175 to 0.9664824416266444
[2025-08-04 17:51:43,717][INFO] Adding RY(0.0, wires=[4]) increased overlap from 0.9664824416266444 to 0.9959489683873446
[2025-08-04 17:51:44,726][INFO] Adding RY(0.0, wires=[2]) increased overlap from 0.9959489683873446 to 0.9961766758358248
[2025-08-04 17:51:45,960][INFO] Adding CRY(0.0, wires=[5, 3])) increased overlap from 0.9961766758358248 to 0.9976741628614363
[2025-08-04 17:51:48,077][INFO] Adding CRY(0.0, wires=[5, 2])) increased overlap from 0.9976741628614363 to 0.9977695429427621
[2025-08-04 17:51:53,086][INFO] Adding CRY(0.0, wires=[4, 3])) increased overlap from 0.9977695429427621 to 0.9983765599313217
[2025-08-04 17:52:10,469][INFO] Adding RY(0.0, wires=[4]) increased overlap from 0.9983765599313217 to 0.9998700285810964
[2025-08-04 17:52:28,976][INFO] Adding CRY(0.0, wires=[4, 2])) had small change in overlap from 0.9998700285810964 to 0.9997222830670235
[2025-08-04 17:52:48,731][INFO] Adding CRY(0.0, wires=[5, 1])) had small change in overlap from 0.9997222830670235 to 0.9994125369599234
[2025-08-04 17:53:09,947][INFO] Adding CRY(0.0, wires=[3, 4])) increased overlap from 0.9994125369599234 to 0.9999364456496712
[2025-08-04 17:53:31,696][INFO] Adding RY(0.0, wires=[1]) had small change in overlap from 0.9999364456496712 to 0.9999346992292714
[2025-08-04 17:53:54,125][INFO] Adding RY(0.0, wires=[3]) increased overlap from 0.9999346992292714 to 0.999942161560355
[2025-08-04 17:54:17,901][INFO] Adding CRY(0.0, wires=[3, 2])) increased overlap from 0.999942161560355 to 0.9999488678837745
[2025-08-04 17:54:42,655][INFO] Adding CRY(0.0, wires=[4, 1])) had small change in overlap from 0.9999488678837745 to 0.999803329919201
[2025-08-04 17:55:08,755][INFO] Adding CRY(0.0, wires=[4, 5])) increased overlap from 0.999803329919201 to 0.9999641319607339
[2025-08-04 17:55:35,534][INFO] Adding RY(0.0, wires=[4]) had small change in overlap from 0.9999641319607339 to 0.9999578495816384
[2025-08-04 17:56:02,748][INFO] Adding RY(0.0, wires=[3]) had small change in overlap from 0.9999578495816384 to 0.9999413250666003
[2025-08-04 17:56:31,301][INFO] Adding CRY(0.0, wires=[2, 3])) had small change in overlap from 0.9999413250666003 to 0.9999369723028555
[2025-08-04 17:57:01,173][INFO] Adding CRY(0.0, wires=[2, 4])) had small change in overlap from 0.9999369723028555 to 0.999916454184157
[2025-08-04 17:57:31,593][INFO] Adding RY(0.0, wires=[2]) had small change in overlap from 0.999916454184157 to 0.999238830495705
[2025-08-04 17:58:02,578][INFO] Adding RY(0.0, wires=[1]) had small change in overlap from 0.999238830495705 to 0.99903991218933
[2025-08-04 17:58:34,817][INFO] Adding CRY(0.0, wires=[3, 5])) had small change in overlap from 0.99903991218933 to 0.9987821665014199
[2025-08-04 17:59:07,697][INFO] Adding RY(0.0, wires=[3]) increased overlap from 0.9987821665014199 to 0.9997268539797699
[2025-08-04 17:59:41,142][INFO] Adding RY(0.0, wires=[4]) had small change in overlap from 0.9997268539797699 to 0.9995432721636409
[2025-08-04 18:00:15,955][INFO] Adding CRY(0.0, wires=[3, 1])) increased overlap from 0.9995432721636409 to 0.9999033777646277
[2025-08-04 18:00:51,462][INFO] Adding RY(0.0, wires=[3]) increased overlap from 0.9999033777646277 to 0.9999784883030854
[2025-08-04 18:01:27,496][INFO] Adding RY(0.0, wires=[1]) had small change in overlap from 0.9999784883030854 to 0.9999643813632889
[2025-08-04 18:02:04,042][INFO] Adding RY(0.0, wires=[5]) had small change in overlap from 0.9999643813632889 to 0.999907110484755
[2025-08-04 18:02:04,042][INFO] Completed VQE run 29
[2025-08-04 18:02:04,043][INFO] Final ops list: [{'name': 'RY', 'param': 5.9360670294253435, 'wires': [5]}, {'name': 'CRY', 'param': 5.292544796011085, 'wires': [5, 4]}, {'name': 'RY', 'param': 7.898284013463829, 'wires': [3]}, {'name': 'RY', 'param': 7.689800600886671, 'wires': [4]}, {'name': 'RY', 'param': 6.999971925602531, 'wires': [2]}, {'name': 'CRY', 'param': 6.507440902847129, 'wires': [5, 3]}, {'name': 'CRY', 'param': 6.300033561073258, 'wires': [5, 2]}, {'name': 'CRY', 'param': 6.3431751203179765, 'wires': [4, 3]}, {'name': 'RY', 'param': 8.740371663496994, 'wires': [4]}, {'name': 'CRY', 'param': 6.270386634511361, 'wires': [4, 2]}, {'name': 'CRY', 'param': 6.281576431965916, 'wires': [5, 1]}, {'name': 'CRY', 'param': 6.312097190224383, 'wires': [3, 4]}, {'name': 'RY', 'param': 8.33750307094612, 'wires': [1]}, {'name': 'RY', 'param': 5.762294040741076, 'wires': [3]}, {'name': 'CRY', 'param': 5.5784583379357775, 'wires': [3, 2]}, {'name': 'CRY', 'param': 6.282739138535544, 'wires': [4, 1]}, {'name': 'CRY', 'param': 5.970985221150277, 'wires': [4, 5]}, {'name': 'RY', 'param': 8.763453974142317, 'wires': [4]}, {'name': 'RY', 'param': 5.252834066733778, 'wires': [3]}, {'name': 'CRY', 'param': 8.48040151706003, 'wires': [2, 3]}, {'name': 'CRY', 'param': 6.290653164052747, 'wires': [2, 4]}, {'name': 'RY', 'param': 5.959006918833066, 'wires': [2]}, {'name': 'RY', 'param': 5.350095907064849, 'wires': [1]}, {'name': 'CRY', 'param': 6.214914174870774, 'wires': [3, 5]}, {'name': 'RY', 'param': 6.5126553911050875, 'wires': [3]}, {'name': 'RY', 'param': 4.970862071960054, 'wires': [4]}, {'name': 'CRY', 'param': 6.283045725236185, 'wires': [3, 1]}, {'name': 'RY', 'param': 5.172769432054386, 'wires': [3]}, {'name': 'RY', 'param': 5.16213449383254, 'wires': [1]}, {'name': 'RY', 'param': 5.445062060129474, 'wires': [5]}]
[2025-08-04 18:02:04,043][INFO] Energy: 0.8926701286887283
[2025-08-05 09:53:37,955][INFO] Starting VQE run 62 (seed=34762758)
[2025-08-05 09:53:38,064][INFO] Adding RY(0.0, wires=[5]) increased overlap from 0.0 to 0.9409393777293604
[2025-08-05 09:53:38,214][INFO] Adding CRY(0.0, wires=[5, 4])) increased overlap from 0.9409393777293604 to 0.96276521290075
[2025-08-05 09:53:38,420][INFO] Adding RY(0.0, wires=[3]) increased overlap from 0.96276521290075 to 0.9664824394823972
[2025-08-05 09:53:38,839][INFO] Adding RY(0.0, wires=[4]) increased overlap from 0.9664824394823972 to 0.9959489627124068
[2025-08-05 09:53:39,934][INFO] Adding RY(0.0, wires=[2]) increased overlap from 0.9959489627124068 to 0.9961766744430219
[2025-08-05 09:53:42,131][INFO] Adding CRY(0.0, wires=[5, 3])) increased overlap from 0.9961766744430219 to 0.9976741632492779
[2025-08-05 09:53:45,367][INFO] Adding CRY(0.0, wires=[5, 2])) increased overlap from 0.9976741632492779 to 0.9977695442984751
[2025-08-05 09:53:53,501][INFO] Adding CRY(0.0, wires=[4, 3])) increased overlap from 0.9977695442984751 to 0.9983765580084452
[2025-08-05 09:54:12,504][INFO] Adding RY(0.0, wires=[4]) increased overlap from 0.9983765580084452 to 0.9998897450454881
[2025-08-05 09:54:32,636][INFO] Adding CRY(0.0, wires=[4, 2])) had small change in overlap from 0.9998897450454881 to 0.9933629970965665
[2025-08-05 09:54:53,793][INFO] Adding CRY(0.0, wires=[5, 1])) increased overlap from 0.9933629970965665 to 0.9996417785112308
[2025-08-05 09:55:15,253][INFO] Adding RY(0.0, wires=[1]) had small change in overlap from 0.9996417785112308 to 0.9984022563665044
[2025-08-05 09:55:38,233][INFO] Adding CRY(0.0, wires=[3, 4])) increased overlap from 0.9984022563665044 to 0.9998904641363237
[2025-08-05 09:56:01,795][INFO] Adding RY(0.0, wires=[3]) increased overlap from 0.9998904641363237 to 0.9999548846703238
[2025-08-05 09:56:26,791][INFO] Adding CRY(0.0, wires=[3, 2])) had small change in overlap from 0.9999548846703238 to 0.9906315159606449
[2025-08-05 09:56:52,077][INFO] Adding RY(0.0, wires=[3]) increased overlap from 0.9906315159606449 to 0.999252883670273
[2025-08-05 09:57:18,128][INFO] Adding CRY(0.0, wires=[3, 5])) increased overlap from 0.999252883670273 to 0.9999198132855774
[2025-08-05 09:57:43,801][INFO] Adding RY(0.0, wires=[3]) had small change in overlap from 0.9999198132855774 to 0.9998779470277274
[2025-08-05 09:58:10,817][INFO] Adding CRY(0.0, wires=[4, 1])) decreased overlap from 0.9998779470277274 to 0.9511350900356376.. skipping this gate
[2025-08-05 09:58:10,817][INFO] gradient converged
[2025-08-05 09:58:10,817][INFO] Completed VQE run 18
[2025-08-05 09:58:10,817][INFO] Final ops list: [{'name': 'RY', 'param': 4.464927161483789, 'wires': [5]}, {'name': 'CRY', 'param': 1.911510890976597, 'wires': [5, 4]}, {'name': 'RY', 'param': 9.76529412888946, 'wires': [3]}, {'name': 'RY', 'param': 12.527455879492202, 'wires': [4]}, {'name': 'RY', 'param': 6.250354941817276, 'wires': [2]}, {'name': 'CRY', 'param': 7.665830149764149, 'wires': [5, 3]}, {'name': 'CRY', 'param': 6.3141257864801466, 'wires': [5, 2]}, {'name': 'CRY', 'param': 7.285370453966698, 'wires': [4, 3]}, {'name': 'RY', 'param': 8.223950554017856, 'wires': [4]}, {'name': 'CRY', 'param': 6.292790184093541, 'wires': [4, 2]}, {'name': 'CRY', 'param': 6.283225894004503, 'wires': [5, 1]}, {'name': 'RY', 'param': 6.282143279825102, 'wires': [1]}, {'name': 'CRY', 'param': 1.886110301544843, 'wires': [3, 4]}, {'name': 'RY', 'param': 7.134311906308025, 'wires': [3]}, {'name': 'CRY', 'param': 6.3108941033811385, 'wires': [3, 2]}, {'name': 'RY', 'param': 2.4929115539210223, 'wires': [3]}, {'name': 'CRY', 'param': 2.943064711226689, 'wires': [3, 5]}, {'name': 'RY', 'param': 4.004182311582564, 'wires': [3]}]
[2025-08-05 09:58:10,817][INFO] Energy: 0.8930028176054984
