[2025-08-04 17:51:42,831][INFO] Starting VQE run 22 (seed=116458428)
[2025-08-04 17:51:42,927][INFO] Adding RY(0.0, wires=[5]) increased overlap from 0.0 to 0.9409393751947909
[2025-08-04 17:51:43,049][INFO] Adding CRY(0.0, wires=[5, 4])) increased overlap from 0.9409393751947909 to 0.9627652106626483
[2025-08-04 17:51:43,341][INFO] Adding RY(0.0, wires=[3]) increased overlap from 0.9627652106626483 to 0.9664824400274423
[2025-08-04 17:51:44,084][INFO] Adding RY(0.0, wires=[4]) increased overlap from 0.9664824400274423 to 0.9959489647709339
[2025-08-04 17:51:45,676][INFO] Adding RY(0.0, wires=[2]) increased overlap from 0.9959489647709339 to 0.9961766827166314
[2025-08-04 17:51:47,207][INFO] Adding CRY(0.0, wires=[5, 3])) increased overlap from 0.9961766827166314 to 0.9976741631578827
[2025-08-04 17:51:49,194][INFO] Adding CRY(0.0, wires=[5, 2])) increased overlap from 0.9976741631578827 to 0.9977695440610916
[2025-08-04 17:51:54,592][INFO] Adding CRY(0.0, wires=[4, 3])) increased overlap from 0.9977695440610916 to 0.9983765600093897
[2025-08-04 17:52:12,017][INFO] Adding RY(0.0, wires=[4]) increased overlap from 0.9983765600093897 to 0.9997283245918046
[2025-08-04 17:52:30,593][INFO] Adding CRY(0.0, wires=[4, 2])) had small change in overlap from 0.9997283245918046 to 0.9996472956035231
[2025-08-04 17:52:50,279][INFO] Adding CRY(0.0, wires=[5, 1])) had small change in overlap from 0.9996472956035231 to 0.9995509956748764
[2025-08-04 17:53:10,391][INFO] Adding RY(0.0, wires=[1]) had small change in overlap from 0.9995509956748764 to 0.9991735728251713
[2025-08-04 17:53:31,839][INFO] Adding CRY(0.0, wires=[3, 4])) increased overlap from 0.9991735728251713 to 0.9999330091914621
[2025-08-04 17:53:54,660][INFO] Adding CRY(0.0, wires=[3, 2])) increased overlap from 0.9999330091914621 to 0.9999393373902355
[2025-08-04 17:54:18,884][INFO] Adding CRY(0.0, wires=[4, 1])) had small change in overlap from 0.9999393373902355 to 0.9998268434032298
[2025-08-04 17:54:43,488][INFO] Adding RY(0.0, wires=[3]) increased overlap from 0.9998268434032298 to 0.9998979785370953
[2025-08-04 17:55:08,615][INFO] Adding RY(0.0, wires=[4]) increased overlap from 0.9998979785370953 to 0.9999364976273969
[2025-08-04 17:55:35,118][INFO] Adding CRY(0.0, wires=[3, 5])) increased overlap from 0.9999364976273969 to 0.9999875589871695
[2025-08-04 17:56:02,980][INFO] Adding CRY(0.0, wires=[3, 1])) had small change in overlap from 0.9999875589871695 to 0.9999838579916476
[2025-08-04 17:56:31,474][INFO] Adding RY(0.0, wires=[1]) increased overlap from 0.9999838579916476 to 0.9999939581057103
[2025-08-04 17:57:00,459][INFO] Adding RY(0.0, wires=[3]) had small change in overlap from 0.9999939581057103 to 0.9999817061100512
[2025-08-04 17:57:30,800][INFO] Adding CRY(0.0, wires=[2, 4])) increased overlap from 0.9999817061100512 to 0.9999902500332706
[2025-08-04 17:58:01,698][INFO] Adding RY(0.0, wires=[2]) had small change in overlap from 0.9999902500332706 to 0.9999449333961359
[2025-08-04 17:58:33,221][INFO] Adding RY(0.0, wires=[5]) increased overlap from 0.9999449333961359 to 0.9999896511053947
[2025-08-04 17:59:06,139][INFO] Adding CRY(0.0, wires=[2, 3])) increased overlap from 0.9999896511053947 to 0.99999568787375
[2025-08-04 17:59:39,608][INFO] Adding RY(0.0, wires=[2]) increased overlap from 0.99999568787375 to 0.9999986011716009
[2025-08-04 18:00:14,394][INFO] Adding CRY(0.0, wires=[2, 5])) had small change in overlap from 0.9999986011716009 to 0.9999837512955616
[2025-08-04 18:00:49,826][INFO] Adding RY(0.0, wires=[2]) increased overlap from 0.9999837512955616 to 0.9999869017985601
[2025-08-04 18:01:26,560][INFO] Adding CRY(0.0, wires=[4, 5])) had small change in overlap from 0.9999869017985601 to 0.9988145837426907
[2025-08-04 18:02:03,860][INFO] Adding RY(0.0, wires=[4]) increased overlap from 0.9988145837426907 to 0.9992687477985901
[2025-08-04 18:02:03,860][INFO] Completed VQE run 29
[2025-08-04 18:02:03,860][INFO] Final ops list: [{'name': 'RY', 'param': 6.566337066606063, 'wires': [5]}, {'name': 'CRY', 'param': 8.415280726960495, 'wires': [5, 4]}, {'name': 'RY', 'param': 6.841063688947541, 'wires': [3]}, {'name': 'RY', 'param': 8.16189526250408, 'wires': [4]}, {'name': 'RY', 'param': 8.152934990318048, 'wires': [2]}, {'name': 'CRY', 'param': 6.3133136500780145, 'wires': [5, 3]}, {'name': 'CRY', 'param': 6.233135760977811, 'wires': [5, 2]}, {'name': 'CRY', 'param': 6.075407340824197, 'wires': [4, 3]}, {'name': 'RY', 'param': 7.627260168348949, 'wires': [4]}, {'name': 'CRY', 'param': 6.3547843960472585, 'wires': [4, 2]}, {'name': 'CRY', 'param': 6.283404981295792, 'wires': [5, 1]}, {'name': 'RY', 'param': 7.336739420450974, 'wires': [1]}, {'name': 'CRY', 'param': 6.966936112601072, 'wires': [3, 4]}, {'name': 'CRY', 'param': 6.174405393890547, 'wires': [3, 2]}, {'name': 'CRY', 'param': 6.28257970340411, 'wires': [4, 1]}, {'name': 'RY', 'param': 5.821549393993871, 'wires': [3]}, {'name': 'RY', 'param': 7.023056122596497, 'wires': [4]}, {'name': 'CRY', 'param': 6.371260971338181, 'wires': [3, 5]}, {'name': 'CRY', 'param': 6.258563626746465, 'wires': [3, 1]}, {'name': 'RY', 'param': 5.230000919265079, 'wires': [1]}, {'name': 'RY', 'param': 6.15800891168861, 'wires': [3]}, {'name': 'CRY', 'param': 6.309649998278448, 'wires': [2, 4]}, {'name': 'RY', 'param': 8.144750692870163, 'wires': [2]}, {'name': 'RY', 'param': 4.905749961840163, 'wires': [5]}, {'name': 'CRY', 'param': 8.491973311958038, 'wires': [2, 3]}, {'name': 'RY', 'param': 6.036817549127147, 'wires': [2]}, {'name': 'CRY', 'param': 6.403423952874642, 'wires': [2, 5]}, {'name': 'RY', 'param': 6.069557093471668, 'wires': [2]}, {'name': 'CRY', 'param': 5.8298904503976905, 'wires': [4, 5]}, {'name': 'RY', 'param': 6.5430826738903, 'wires': [4]}]
[2025-08-04 18:02:03,860][INFO] Energy: 0.8969378448417817
[2025-08-05 09:53:37,928][INFO] Starting VQE run 22 (seed=106315019)
[2025-08-05 09:53:38,037][INFO] Adding RY(0.0, wires=[5]) increased overlap from 0.0 to 0.940939378843615
[2025-08-05 09:53:38,195][INFO] Adding CRY(0.0, wires=[5, 4])) increased overlap from 0.940939378843615 to 0.9627652099861775
[2025-08-05 09:53:38,397][INFO] Adding RY(0.0, wires=[3]) increased overlap from 0.9627652099861775 to 0.9664824404277891
[2025-08-05 09:53:38,765][INFO] Adding RY(0.0, wires=[4]) increased overlap from 0.9664824404277891 to 0.9959489652813612
[2025-08-05 09:53:39,954][INFO] Adding RY(0.0, wires=[2]) increased overlap from 0.9959489652813612 to 0.9961766731075805
[2025-08-05 09:53:41,867][INFO] Adding CRY(0.0, wires=[5, 3])) increased overlap from 0.9961766731075805 to 0.9976741625563629
[2025-08-05 09:53:59,061][INFO] Adding CRY(0.0, wires=[5, 2])) decreased overlap from 0.9976741625563629 to 0.5377214138722254.. skipping this gate
[2025-08-05 09:53:59,062][INFO] gradient converged
[2025-08-05 09:53:59,062][INFO] Completed VQE run 6
[2025-08-05 09:53:59,062][INFO] Final ops list: [{'name': 'RY', 'param': 5.043195674243839, 'wires': [5]}, {'name': 'CRY', 'param': 5.709859751828692, 'wires': [5, 4]}, {'name': 'RY', 'param': 6.140069043555464, 'wires': [3]}, {'name': 'RY', 'param': 6.5922718711308725, 'wires': [4]}, {'name': 'RY', 'param': 6.300959545003045, 'wires': [2]}, {'name': 'CRY', 'param': 6.365421036284758, 'wires': [5, 3]}]
[2025-08-05 09:53:59,062][INFO] Energy: 0.906359401726305
