[2025-08-04 17:51:42,820][INFO] Starting VQE run 12 (seed=104059446)
[2025-08-04 17:51:42,918][INFO] Adding RY(0.0, wires=[5]) increased overlap from 0.0 to 0.9409393785173122
[2025-08-04 17:51:43,076][INFO] Adding CRY(0.0, wires=[5, 4])) increased overlap from 0.9409393785173122 to 0.9627652097022446
[2025-08-04 17:51:43,266][INFO] Adding RY(0.0, wires=[3]) increased overlap from 0.9627652097022446 to 0.9664824426692996
[2025-08-04 17:51:43,586][INFO] Adding RY(0.0, wires=[4]) increased overlap from 0.9664824426692996 to 0.9959489674839105
[2025-08-04 17:51:44,641][INFO] Adding RY(0.0, wires=[2]) increased overlap from 0.9959489674839105 to 0.9961766743413991
[2025-08-04 17:51:45,910][INFO] Adding CRY(0.0, wires=[5, 3])) increased overlap from 0.9961766743413991 to 0.9976741612724712
[2025-08-04 17:51:47,834][INFO] Adding CRY(0.0, wires=[5, 2])) increased overlap from 0.9976741612724712 to 0.9977695438983654
[2025-08-04 17:51:53,072][INFO] Adding CRY(0.0, wires=[4, 3])) increased overlap from 0.9977695438983654 to 0.9983765675918014
[2025-08-04 17:52:10,468][INFO] Adding RY(0.0, wires=[4]) increased overlap from 0.9983765675918014 to 0.9995096095856374
[2025-08-04 17:52:29,323][INFO] Adding CRY(0.0, wires=[4, 2])) increased overlap from 0.9995096095856374 to 0.9998198593289191
[2025-08-04 17:52:49,250][INFO] Adding CRY(0.0, wires=[5, 1])) increased overlap from 0.9998198593289191 to 0.999918274810126
[2025-08-04 17:53:09,615][INFO] Adding RY(0.0, wires=[1]) increased overlap from 0.999918274810126 to 0.9999263267464445
[2025-08-04 17:53:31,307][INFO] Adding CRY(0.0, wires=[3, 2])) increased overlap from 0.9999263267464445 to 0.9999434406385213
[2025-08-04 17:53:54,376][INFO] Adding CRY(0.0, wires=[4, 1])) had small change in overlap from 0.9999434406385213 to 0.9999254452781207
[2025-08-04 17:54:18,108][INFO] Adding RY(0.0, wires=[4]) had small change in overlap from 0.9999254452781207 to 0.99992303873441
[2025-08-04 17:54:41,974][INFO] Adding RY(0.0, wires=[5]) had small change in overlap from 0.99992303873441 to 0.9998609468608878
[2025-08-04 17:55:06,356][INFO] Adding RY(0.0, wires=[1]) increased overlap from 0.9998609468608878 to 0.9998747881973873
[2025-08-04 17:55:32,099][INFO] Adding CRY(0.0, wires=[3, 5])) had small change in overlap from 0.9998747881973873 to 0.999736172460853
[2025-08-04 17:55:59,168][INFO] Adding CRY(0.0, wires=[3, 4])) had small change in overlap from 0.999736172460853 to 0.9995826713657567
[2025-08-04 17:56:26,873][INFO] Adding RY(0.0, wires=[3]) increased overlap from 0.9995826713657567 to 0.9998746026141636
[2025-08-04 17:56:55,159][INFO] Adding RY(0.0, wires=[2]) had small change in overlap from 0.9998746026141636 to 0.9981271709100057
[2025-08-04 17:57:24,547][INFO] Adding CRY(0.0, wires=[2, 3])) increased overlap from 0.9981271709100057 to 0.9991930403129391
[2025-08-04 17:57:54,714][INFO] Adding RY(0.0, wires=[2]) had small change in overlap from 0.9991930403129391 to 0.9915036166169953
[2025-08-04 17:58:25,998][INFO] Adding CRY(0.0, wires=[4, 5])) increased overlap from 0.9915036166169953 to 0.9965018389003274
[2025-08-04 17:58:57,956][INFO] Adding RY(0.0, wires=[4]) had small change in overlap from 0.9965018389003274 to 0.9961962372099497
[2025-08-04 17:59:31,270][INFO] Adding CRY(0.0, wires=[3, 1])) had small change in overlap from 0.9961962372099497 to 0.9899492845618543
[2025-08-04 18:00:05,165][INFO] Adding RY(0.0, wires=[3]) increased overlap from 0.9899492845618543 to 0.9975459330535501
[2025-08-04 18:00:39,673][INFO] Adding RY(0.0, wires=[1]) increased overlap from 0.9975459330535501 to 0.9975637910590708
[2025-08-04 18:01:15,546][INFO] Adding CRY(0.0, wires=[1, 4])) increased overlap from 0.9975637910590708 to 0.997713655585037
[2025-08-04 18:01:51,990][INFO] Adding RY(0.0, wires=[1]) increased overlap from 0.997713655585037 to 0.9990235994503995
[2025-08-04 18:01:51,990][INFO] Completed VQE run 29
[2025-08-04 18:01:51,990][INFO] Final ops list: [{'name': 'RY', 'param': -2.1360531266876484, 'wires': [5]}, {'name': 'CRY', 'param': -1.1181433407233095, 'wires': [5, 4]}, {'name': 'RY', 'param': -0.061480807333675586, 'wires': [3]}, {'name': 'RY', 'param': 0.27741498400151615, 'wires': [4]}, {'name': 'RY', 'param': -0.681779903355113, 'wires': [2]}, {'name': 'CRY', 'param': 0.03311635278924523, 'wires': [5, 3]}, {'name': 'CRY', 'param': 0.039789726236326754, 'wires': [5, 2]}, {'name': 'CRY', 'param': 0.1641470892830427, 'wires': [4, 3]}, {'name': 'RY', 'param': 2.572031129114655, 'wires': [4]}, {'name': 'CRY', 'param': 0.00422581205099964, 'wires': [4, 2]}, {'name': 'CRY', 'param': 0.001982932773099572, 'wires': [5, 1]}, {'name': 'RY', 'param': -1.4027230415654177, 'wires': [1]}, {'name': 'CRY', 'param': 6.877815808446178, 'wires': [3, 2]}, {'name': 'CRY', 'param': 0.003896970461963336, 'wires': [4, 1]}, {'name': 'RY', 'param': -0.5656701812363724, 'wires': [4]}, {'name': 'RY', 'param': 1.6114489662015783, 'wires': [5]}, {'name': 'RY', 'param': -0.06833841230657989, 'wires': [1]}, {'name': 'CRY', 'param': 2.3205261260229504, 'wires': [3, 5]}, {'name': 'CRY', 'param': 4.460298584544373, 'wires': [3, 4]}, {'name': 'RY', 'param': 0.3899319358310994, 'wires': [3]}, {'name': 'RY', 'param': 0.6525903500265213, 'wires': [2]}, {'name': 'CRY', 'param': 4.264561638715032, 'wires': [2, 3]}, {'name': 'RY', 'param': 0.008210313701879756, 'wires': [2]}, {'name': 'CRY', 'param': 4.796182747024733, 'wires': [4, 5]}, {'name': 'RY', 'param': 1.557659215108962, 'wires': [4]}, {'name': 'CRY', 'param': -0.0008232847376405854, 'wires': [3, 1]}, {'name': 'RY', 'param': -0.5237408689701423, 'wires': [3]}, {'name': 'RY', 'param': 1.46917075832304, 'wires': [1]}, {'name': 'CRY', 'param': 1.892848301209617, 'wires': [1, 4]}, {'name': 'RY', 'param': -0.004253175091994225, 'wires': [1]}]
[2025-08-04 18:01:51,990][INFO] Energy: 0.8978628795327641
[2025-08-05 09:53:37,922][INFO] Starting VQE run 12 (seed=93338887)
[2025-08-05 09:53:38,030][INFO] Adding RY(0.0, wires=[5]) increased overlap from 0.0 to 0.9409393752182946
[2025-08-05 09:53:38,201][INFO] Adding CRY(0.0, wires=[5, 4])) increased overlap from 0.9409393752182946 to 0.9627652087162281
[2025-08-05 09:53:38,416][INFO] Adding RY(0.0, wires=[3]) increased overlap from 0.9627652087162281 to 0.9664824432067857
[2025-08-05 09:53:38,802][INFO] Adding RY(0.0, wires=[4]) increased overlap from 0.9664824432067857 to 0.9959489636186947
[2025-08-05 09:53:39,948][INFO] Adding RY(0.0, wires=[2]) increased overlap from 0.9959489636186947 to 0.9961766741298345
[2025-08-05 09:53:42,648][INFO] Adding CRY(0.0, wires=[5, 3])) increased overlap from 0.9961766741298345 to 0.9976741617538352
[2025-08-05 09:53:58,900][INFO] Adding CRY(0.0, wires=[5, 2])) decreased overlap from 0.9976741617538352 to 0.5269630818524258.. skipping this gate
[2025-08-05 09:53:58,900][INFO] gradient converged
[2025-08-05 09:53:58,900][INFO] Completed VQE run 6
[2025-08-05 09:53:58,900][INFO] Final ops list: [{'name': 'RY', 'param': 5.043195706065577, 'wires': [5]}, {'name': 'CRY', 'param': 5.709859786920684, 'wires': [5, 4]}, {'name': 'RY', 'param': 6.1400690597930705, 'wires': [3]}, {'name': 'RY', 'param': 6.5922718737447195, 'wires': [4]}, {'name': 'RY', 'param': 6.300959545880931, 'wires': [2]}, {'name': 'CRY', 'param': 6.365421022740218, 'wires': [5, 3]}]
[2025-08-05 09:53:58,900][INFO] Energy: 0.906359401726313
