[2025-08-04 17:51:42,855][INFO] Starting VQE run 65 (seed=120391335)
[2025-08-04 17:51:43,008][INFO] Adding RY(0.0, wires=[5]) increased overlap from 0.0 to 0.9409393774166166
[2025-08-04 17:51:43,140][INFO] Adding CRY(0.0, wires=[5, 4])) increased overlap from 0.9409393774166166 to 0.9627652090854577
[2025-08-04 17:51:43,316][INFO] Adding RY(0.0, wires=[3]) increased overlap from 0.9627652090854577 to 0.9664824409522346
[2025-08-04 17:51:43,652][INFO] Adding RY(0.0, wires=[4]) increased overlap from 0.9664824409522346 to 0.99594896128819
[2025-08-04 17:51:44,598][INFO] Adding RY(0.0, wires=[2]) increased overlap from 0.99594896128819 to 0.9961766746827003
[2025-08-04 17:51:46,257][INFO] Adding CRY(0.0, wires=[5, 3])) increased overlap from 0.9961766746827003 to 0.9976741626142963
[2025-08-04 17:51:48,507][INFO] Adding CRY(0.0, wires=[5, 2])) increased overlap from 0.9976741626142963 to 0.9977695380989205
[2025-08-04 17:51:55,895][INFO] Adding CRY(0.0, wires=[4, 3])) increased overlap from 0.9977695380989205 to 0.9983765585756611
[2025-08-04 17:52:13,264][INFO] Adding RY(0.0, wires=[4]) increased overlap from 0.9983765585756611 to 0.9998888813106185
[2025-08-04 17:52:31,743][INFO] Adding CRY(0.0, wires=[4, 2])) decreased overlap from 0.9998888813106185 to 0.9630474019777641.. skipping this gate
[2025-08-04 17:52:31,744][INFO] gradient converged
[2025-08-04 17:52:31,744][INFO] Completed VQE run 9
[2025-08-04 17:52:31,744][INFO] Final ops list: [{'name': 'RY', 'param': 7.544316912065822, 'wires': [5]}, {'name': 'CRY', 'param': 6.917491184579338, 'wires': [5, 4]}, {'name': 'RY', 'param': 6.206046238071714, 'wires': [3]}, {'name': 'RY', 'param': 8.247145854211187, 'wires': [4]}, {'name': 'RY', 'param': 6.283139537738513, 'wires': [2]}, {'name': 'CRY', 'param': 6.450762630427478, 'wires': [5, 3]}, {'name': 'CRY', 'param': 6.266343305192526, 'wires': [5, 2]}, {'name': 'CRY', 'param': 6.108173333411716, 'wires': [4, 3]}, {'name': 'RY', 'param': 2.308266716344966, 'wires': [4]}]
[2025-08-04 17:52:31,744][INFO] Energy: 0.8928325179204354
[2025-08-05 09:53:37,955][INFO] Starting VQE run 65 (seed=112729671)
[2025-08-05 09:53:38,067][INFO] Adding RY(0.0, wires=[5]) increased overlap from 0.0 to 0.9409393775175957
[2025-08-05 09:53:38,212][INFO] Adding CRY(0.0, wires=[5, 4])) increased overlap from 0.9409393775175957 to 0.9627652090703037
[2025-08-05 09:53:38,423][INFO] Adding RY(0.0, wires=[3]) increased overlap from 0.9627652090703037 to 0.9664824416210769
[2025-08-05 09:53:38,814][INFO] Adding RY(0.0, wires=[4]) increased overlap from 0.9664824416210769 to 0.9959489627327516
[2025-08-05 09:53:39,744][INFO] Adding RY(0.0, wires=[2]) increased overlap from 0.9959489627327516 to 0.9961766816993047
[2025-08-05 09:53:41,388][INFO] Adding CRY(0.0, wires=[5, 3])) increased overlap from 0.9961766816993047 to 0.997674161024565
[2025-08-05 09:53:43,365][INFO] Adding CRY(0.0, wires=[5, 2])) increased overlap from 0.997674161024565 to 0.9977695415117303
[2025-08-05 09:53:49,781][INFO] Adding CRY(0.0, wires=[4, 3])) increased overlap from 0.9977695415117303 to 0.9983765585636042
[2025-08-05 09:54:08,914][INFO] Adding RY(0.0, wires=[4]) increased overlap from 0.9983765585636042 to 0.9998745235317891
[2025-08-05 09:54:29,019][INFO] Adding CRY(0.0, wires=[4, 2])) had small change in overlap from 0.9998745235317891 to 0.9996672730667929
[2025-08-05 09:54:50,387][INFO] Adding CRY(0.0, wires=[5, 1])) had small change in overlap from 0.9996672730667929 to 0.9994144553889475
[2025-08-05 09:55:12,626][INFO] Adding CRY(0.0, wires=[3, 4])) increased overlap from 0.9994144553889475 to 0.9999237395887732
[2025-08-05 09:55:35,562][INFO] Adding RY(0.0, wires=[1]) increased overlap from 0.9999237395887732 to 0.9999407826476779
[2025-08-05 09:55:59,078][INFO] Adding RY(0.0, wires=[3]) had small change in overlap from 0.9999407826476779 to 0.9999406746568005
[2025-08-05 09:56:23,967][INFO] Adding CRY(0.0, wires=[3, 2])) increased overlap from 0.9999406746568005 to 0.9999504506933931
[2025-08-05 09:56:50,044][INFO] Adding CRY(0.0, wires=[4, 1])) had small change in overlap from 0.9999504506933931 to 0.9999231840487197
[2025-08-05 09:57:16,044][INFO] Adding RY(0.0, wires=[4]) increased overlap from 0.9999231840487197 to 0.9999889820053781
[2025-08-05 09:57:42,489][INFO] Adding CRY(0.0, wires=[3, 1])) had small change in overlap from 0.9999889820053781 to 0.999983855985827
[2025-08-05 09:58:09,431][INFO] Adding RY(0.0, wires=[3]) had small change in overlap from 0.999983855985827 to 0.9984256968845159
[2025-08-05 09:58:37,222][INFO] Adding CRY(0.0, wires=[3, 5])) had small change in overlap from 0.9984256968845159 to 0.9886710595496017
[2025-08-05 09:59:05,340][INFO] Adding RY(0.0, wires=[3]) increased overlap from 0.9886710595496017 to 0.9999035564453874
[2025-08-05 09:59:33,647][INFO] Adding RY(0.0, wires=[5]) increased overlap from 0.9999035564453874 to 0.9999071217776944
[2025-08-05 10:00:03,211][INFO] Adding CRY(0.0, wires=[2, 3])) had small change in overlap from 0.9999071217776944 to 0.9998958498299927
[2025-08-05 10:00:33,267][INFO] Adding RY(0.0, wires=[2]) increased overlap from 0.9998958498299927 to 0.9999680977126862
[2025-08-05 10:01:03,883][INFO] Adding RY(0.0, wires=[1]) had small change in overlap from 0.9999680977126862 to 0.9998383045704453
[2025-08-05 10:01:35,709][INFO] Adding CRY(0.0, wires=[4, 5])) had small change in overlap from 0.9998383045704453 to 0.9910756906020455
[2025-08-05 10:02:08,161][INFO] Adding RY(0.0, wires=[4]) increased overlap from 0.9910756906020455 to 0.9992124346077649
[2025-08-05 10:02:41,127][INFO] Adding RY(0.0, wires=[3]) increased overlap from 0.9992124346077649 to 0.9996245236856206
[2025-08-05 10:03:14,689][INFO] Adding RY(0.0, wires=[5]) increased overlap from 0.9996245236856206 to 0.9999285942568015
[2025-08-05 10:03:49,580][INFO] Adding CRY(0.0, wires=[2, 5])) increased overlap from 0.9999285942568015 to 0.9999353040960144
[2025-08-05 10:03:49,580][INFO] Completed VQE run 29
[2025-08-05 10:03:49,581][INFO] Final ops list: [{'name': 'RY', 'param': 7.470134396470537, 'wires': [5]}, {'name': 'CRY', 'param': 7.0331141242492805, 'wires': [5, 4]}, {'name': 'RY', 'param': 6.238780226652852, 'wires': [3]}, {'name': 'RY', 'param': 9.755845633084506, 'wires': [4]}, {'name': 'RY', 'param': 6.267101682396019, 'wires': [2]}, {'name': 'CRY', 'param': 6.337628178671295, 'wires': [5, 3]}, {'name': 'CRY', 'param': 6.288390852707932, 'wires': [5, 2]}, {'name': 'CRY', 'param': 6.534480039208862, 'wires': [4, 3]}, {'name': 'RY', 'param': 9.594083996399883, 'wires': [4]}, {'name': 'CRY', 'param': 6.295526923777247, 'wires': [4, 2]}, {'name': 'CRY', 'param': 6.280877537872391, 'wires': [5, 1]}, {'name': 'CRY', 'param': 13.598578106560081, 'wires': [3, 4]}, {'name': 'RY', 'param': 7.571471336900542, 'wires': [1]}, {'name': 'RY', 'param': 7.134597208730757, 'wires': [3]}, {'name': 'CRY', 'param': 6.30081365805738, 'wires': [3, 2]}, {'name': 'CRY', 'param': 6.283095773007477, 'wires': [4, 1]}, {'name': 'RY', 'param': 7.131891340310954, 'wires': [4]}, {'name': 'CRY', 'param': 6.282963931191927, 'wires': [3, 1]}, {'name': 'RY', 'param': 4.909775921000417, 'wires': [3]}, {'name': 'CRY', 'param': 5.813114696499962, 'wires': [3, 5]}, {'name': 'RY', 'param': 6.479574408610047, 'wires': [3]}, {'name': 'RY', 'param': 5.195659582150767, 'wires': [5]}, {'name': 'CRY', 'param': 4.67420838665, 'wires': [2, 3]}, {'name': 'RY', 'param': 6.283333397837866, 'wires': [2]}, {'name': 'RY', 'param': 4.994384702459976, 'wires': [1]}, {'name': 'CRY', 'param': 2.5863215719513675, 'wires': [4, 5]}, {'name': 'RY', 'param': 5.930427194716962, 'wires': [4]}, {'name': 'RY', 'param': 5.620942183408479, 'wires': [3]}, {'name': 'RY', 'param': 4.8194065607471765, 'wires': [5]}, {'name': 'CRY', 'param': 4.514443747773406, 'wires': [2, 5]}]
[2025-08-05 10:03:49,581][INFO] Energy: 0.892328740928492
