[2025-08-04 17:51:42,850][INFO] Starting VQE run 54 (seed=82061097)
[2025-08-04 17:51:42,955][INFO] Adding RY(0.0, wires=[5]) increased overlap from 0.0 to 0.9409393798455212
[2025-08-04 17:51:43,099][INFO] Adding CRY(0.0, wires=[5, 4])) increased overlap from 0.9409393798455212 to 0.9627652109193532
[2025-08-04 17:51:43,288][INFO] Adding RY(0.0, wires=[3]) increased overlap from 0.9627652109193532 to 0.9664824421409123
[2025-08-04 17:51:43,655][INFO] Adding RY(0.0, wires=[4]) increased overlap from 0.9664824421409123 to 0.9959489640385915
[2025-08-04 17:51:44,428][INFO] Adding RY(0.0, wires=[2]) increased overlap from 0.9959489640385915 to 0.9961766831618597
[2025-08-04 17:51:45,697][INFO] Adding CRY(0.0, wires=[5, 3])) increased overlap from 0.9961766831618597 to 0.9976741618009197
[2025-08-04 17:51:47,365][INFO] Adding CRY(0.0, wires=[5, 2])) increased overlap from 0.9976741618009197 to 0.9977695408383348
[2025-08-04 17:51:52,411][INFO] Adding CRY(0.0, wires=[4, 3])) increased overlap from 0.9977695408383348 to 0.9983765599970148
[2025-08-04 17:52:09,563][INFO] Adding RY(0.0, wires=[4]) increased overlap from 0.9983765599970148 to 0.9998709159834555
[2025-08-04 17:52:28,241][INFO] Adding CRY(0.0, wires=[4, 2])) had small change in overlap from 0.9998709159834555 to 0.9997959380239518
[2025-08-04 17:52:47,949][INFO] Adding CRY(0.0, wires=[5, 1])) had small change in overlap from 0.9997959380239518 to 0.9997300809546655
[2025-08-04 17:53:08,065][INFO] Adding RY(0.0, wires=[1]) increased overlap from 0.9997300809546655 to 0.9997964225225149
[2025-08-04 17:53:29,542][INFO] Adding CRY(0.0, wires=[3, 2])) increased overlap from 0.9997964225225149 to 0.9998714855326813
[2025-08-04 17:53:52,376][INFO] Adding CRY(0.0, wires=[4, 1])) increased overlap from 0.9998714855326813 to 0.9999564110019269
[2025-08-04 17:54:15,863][INFO] Adding RY(0.0, wires=[4]) increased overlap from 0.9999564110019269 to 0.9999883391790843
[2025-08-04 17:54:40,267][INFO] Adding CRY(0.0, wires=[3, 1])) had small change in overlap from 0.9999883391790843 to 0.9999880331362544
[2025-08-04 17:55:05,305][INFO] Adding RY(0.0, wires=[1]) had small change in overlap from 0.9999880331362544 to 0.9999784346183385
[2025-08-04 17:55:31,601][INFO] Adding CRY(0.0, wires=[3, 4])) had small change in overlap from 0.9999784346183385 to 0.9999689370518327
[2025-08-04 17:55:58,492][INFO] Adding RY(0.0, wires=[5]) had small change in overlap from 0.9999689370518327 to 0.9999633352538198
[2025-08-04 17:56:26,765][INFO] Adding CRY(0.0, wires=[4, 5])) had small change in overlap from 0.9999633352538198 to 0.9990699132768475
[2025-08-04 17:56:55,658][INFO] Adding RY(0.0, wires=[3]) had small change in overlap from 0.9990699132768475 to 0.9989395567799972
[2025-08-04 17:57:25,888][INFO] Adding CRY(0.0, wires=[3, 5])) increased overlap from 0.9989395567799972 to 0.9993083788350177
[2025-08-04 17:57:56,707][INFO] Adding RY(0.0, wires=[3]) increased overlap from 0.9993083788350177 to 0.999936466273021
[2025-08-04 17:58:28,860][INFO] Adding CRY(0.0, wires=[2, 4])) increased overlap from 0.999936466273021 to 0.9999653258856743
[2025-08-04 17:59:01,589][INFO] Adding RY(0.0, wires=[2]) had small change in overlap from 0.9999653258856743 to 0.9999064251315284
[2025-08-04 17:59:34,935][INFO] Adding RY(0.0, wires=[4]) increased overlap from 0.9999064251315284 to 0.9999076281079965
[2025-08-04 18:00:09,576][INFO] Adding CRY(0.0, wires=[2, 3])) increased overlap from 0.9999076281079965 to 0.9999245693222677
[2025-08-04 18:00:44,903][INFO] Adding RY(0.0, wires=[2]) had small change in overlap from 0.9999245693222677 to 0.9998569780035176
[2025-08-04 18:01:20,713][INFO] Adding RY(0.0, wires=[3]) increased overlap from 0.9998569780035176 to 0.9999500079145218
[2025-08-04 18:01:57,950][INFO] Adding CRY(0.0, wires=[2, 5])) had small change in overlap from 0.9999500079145218 to 0.9998147386201094
[2025-08-04 18:01:57,950][INFO] Completed VQE run 29
[2025-08-04 18:01:57,950][INFO] Final ops list: [{'name': 'RY', 'param': 5.791142859615683, 'wires': [5]}, {'name': 'CRY', 'param': 5.179657269835809, 'wires': [5, 4]}, {'name': 'RY', 'param': 6.340324113103562, 'wires': [3]}, {'name': 'RY', 'param': 5.026795832492137, 'wires': [4]}, {'name': 'RY', 'param': 6.287734644656143, 'wires': [2]}, {'name': 'CRY', 'param': 6.093727966763598, 'wires': [5, 3]}, {'name': 'CRY', 'param': 6.279468982557853, 'wires': [5, 2]}, {'name': 'CRY', 'param': 6.087515612952949, 'wires': [4, 3]}, {'name': 'RY', 'param': 5.18509505173147, 'wires': [4]}, {'name': 'CRY', 'param': 6.292048897317955, 'wires': [4, 2]}, {'name': 'CRY', 'param': 6.284093804084216, 'wires': [5, 1]}, {'name': 'RY', 'param': 6.564680706125118, 'wires': [1]}, {'name': 'CRY', 'param': 6.247519477085775, 'wires': [3, 2]}, {'name': 'CRY', 'param': 6.277647713751713, 'wires': [4, 1]}, {'name': 'RY', 'param': 5.865542858765769, 'wires': [4]}, {'name': 'CRY', 'param': 6.286758141664642, 'wires': [3, 1]}, {'name': 'RY', 'param': 5.9997890632109785, 'wires': [1]}, {'name': 'CRY', 'param': 10.014128651377519, 'wires': [3, 4]}, {'name': 'RY', 'param': 5.506224648415172, 'wires': [5]}, {'name': 'CRY', 'param': 8.250614257529566, 'wires': [4, 5]}, {'name': 'RY', 'param': 6.448904385334359, 'wires': [3]}, {'name': 'CRY', 'param': 8.933033271528702, 'wires': [3, 5]}, {'name': 'RY', 'param': 6.232338239208755, 'wires': [3]}, {'name': 'CRY', 'param': 10.165551051580799, 'wires': [2, 4]}, {'name': 'RY', 'param': 6.277811680594168, 'wires': [2]}, {'name': 'RY', 'param': 6.500606314810091, 'wires': [4]}, {'name': 'CRY', 'param': 5.55696941850021, 'wires': [2, 3]}, {'name': 'RY', 'param': 6.2819109680625, 'wires': [2]}, {'name': 'RY', 'param': 6.158313330219578, 'wires': [3]}, {'name': 'CRY', 'param': 5.931475997075549, 'wires': [2, 5]}]
[2025-08-04 18:01:57,950][INFO] Energy: 0.8936804322316729
[2025-08-05 09:53:37,949][INFO] Starting VQE run 54 (seed=73764568)
[2025-08-05 09:53:38,059][INFO] Adding RY(0.0, wires=[5]) increased overlap from 0.0 to 0.9409393743898486
[2025-08-05 09:53:38,206][INFO] Adding CRY(0.0, wires=[5, 4])) increased overlap from 0.9409393743898486 to 0.9627652114553953
[2025-08-05 09:53:38,404][INFO] Adding RY(0.0, wires=[3]) increased overlap from 0.9627652114553953 to 0.9664824416383623
[2025-08-05 09:53:38,793][INFO] Adding RY(0.0, wires=[4]) increased overlap from 0.9664824416383623 to 0.9959489638536184
[2025-08-05 09:53:39,744][INFO] Adding RY(0.0, wires=[2]) increased overlap from 0.9959489638536184 to 0.9961766744318328
[2025-08-05 09:53:41,379][INFO] Adding CRY(0.0, wires=[5, 3])) increased overlap from 0.9961766744318328 to 0.9976741615729874
[2025-08-05 09:53:43,346][INFO] Adding CRY(0.0, wires=[5, 2])) increased overlap from 0.9976741615729874 to 0.9977695448005781
[2025-08-05 09:53:48,686][INFO] Adding CRY(0.0, wires=[4, 3])) increased overlap from 0.9977695448005781 to 0.9983765602148629
[2025-08-05 09:54:07,915][INFO] Adding RY(0.0, wires=[4]) increased overlap from 0.9983765602148629 to 0.9998620040478142
[2025-08-05 09:54:28,175][INFO] Adding CRY(0.0, wires=[4, 2])) had small change in overlap from 0.9998620040478142 to 0.9996328631028087
[2025-08-05 09:54:49,466][INFO] Adding CRY(0.0, wires=[5, 1])) had small change in overlap from 0.9996328631028087 to 0.9993510506121499
[2025-08-05 09:55:11,763][INFO] Adding CRY(0.0, wires=[3, 4])) increased overlap from 0.9993510506121499 to 0.9999371290282728
[2025-08-05 09:55:34,743][INFO] Adding RY(0.0, wires=[1]) increased overlap from 0.9999371290282728 to 0.9999405155940694
[2025-08-05 09:55:58,267][INFO] Adding RY(0.0, wires=[3]) had small change in overlap from 0.9999405155940694 to 0.9999391986792028
[2025-08-05 09:56:23,158][INFO] Adding CRY(0.0, wires=[3, 2])) increased overlap from 0.9999391986792028 to 0.9999508627739611
[2025-08-05 09:56:49,143][INFO] Adding CRY(0.0, wires=[4, 1])) increased overlap from 0.9999508627739611 to 0.9999551349866763
[2025-08-05 09:57:14,859][INFO] Adding RY(0.0, wires=[4]) increased overlap from 0.9999551349866763 to 0.9999823262254364
[2025-08-05 09:57:40,229][INFO] Adding CRY(0.0, wires=[3, 1])) had small change in overlap from 0.9999823262254364 to 0.9999758173586001
[2025-08-05 09:58:06,942][INFO] Adding CRY(0.0, wires=[2, 4])) increased overlap from 0.9999758173586001 to 0.9999897906224012
[2025-08-05 09:58:34,199][INFO] Adding RY(0.0, wires=[2]) had small change in overlap from 0.9999897906224012 to 0.9999747797446138
[2025-08-05 09:59:01,865][INFO] Adding RY(0.0, wires=[1]) had small change in overlap from 0.9999747797446138 to 0.9999578396034035
[2025-08-05 09:59:30,776][INFO] Adding CRY(0.0, wires=[4, 5])) had small change in overlap from 0.9999578396034035 to 0.9999373977615686
[2025-08-05 10:00:00,302][INFO] Adding RY(0.0, wires=[4]) increased overlap from 0.9999373977615686 to 0.9999713467235657
[2025-08-05 10:00:30,372][INFO] Adding RY(0.0, wires=[3]) had small change in overlap from 0.9999713467235657 to 0.999966348943424
[2025-08-05 10:01:00,969][INFO] Adding RY(0.0, wires=[5]) had small change in overlap from 0.999966348943424 to 0.9993650736599985
[2025-08-05 10:01:32,952][INFO] Adding CRY(0.0, wires=[3, 5])) increased overlap from 0.9993650736599985 to 0.9999550608699478
[2025-08-05 10:02:05,473][INFO] Adding RY(0.0, wires=[3]) increased overlap from 0.9999550608699478 to 0.9999629581290093
[2025-08-05 10:02:38,610][INFO] Adding RY(0.0, wires=[5]) increased overlap from 0.9999629581290093 to 0.9999837832413851
[2025-08-05 10:03:12,987][INFO] Adding CRY(0.0, wires=[2, 3])) had small change in overlap from 0.9999837832413851 to 0.9999055111814746
[2025-08-05 10:03:48,071][INFO] Adding RY(0.0, wires=[2]) had small change in overlap from 0.9999055111814746 to 0.99946193853039
[2025-08-05 10:03:48,071][INFO] Completed VQE run 29
[2025-08-05 10:03:48,071][INFO] Final ops list: [{'name': 'RY', 'param': 5.8198526866267635, 'wires': [5]}, {'name': 'CRY', 'param': 4.626468436010043, 'wires': [5, 4]}, {'name': 'RY', 'param': 8.856814655253531, 'wires': [3]}, {'name': 'RY', 'param': 8.085047206992776, 'wires': [4]}, {'name': 'RY', 'param': 7.586618079132266, 'wires': [2]}, {'name': 'CRY', 'param': 6.3012513799466525, 'wires': [5, 3]}, {'name': 'CRY', 'param': 6.271409339024524, 'wires': [5, 2]}, {'name': 'CRY', 'param': 6.0599102656994726, 'wires': [4, 3]}, {'name': 'RY', 'param': 8.827851135908194, 'wires': [4]}, {'name': 'CRY', 'param': 6.309677742901456, 'wires': [4, 2]}, {'name': 'CRY', 'param': 6.288858774259344, 'wires': [5, 1]}, {'name': 'CRY', 'param': 6.7343086820308145, 'wires': [3, 4]}, {'name': 'RY', 'param': 7.514371023530968, 'wires': [1]}, {'name': 'RY', 'param': 8.898064532848496, 'wires': [3]}, {'name': 'CRY', 'param': 6.929213119852647, 'wires': [3, 2]}, {'name': 'CRY', 'param': 6.275807866844465, 'wires': [4, 1]}, {'name': 'RY', 'param': 6.3301456214265, 'wires': [4]}, {'name': 'CRY', 'param': 6.280428654950856, 'wires': [3, 1]}, {'name': 'CRY', 'param': 6.284489494192846, 'wires': [2, 4]}, {'name': 'RY', 'param': 6.453173997330691, 'wires': [2]}, {'name': 'RY', 'param': 5.046719645110041, 'wires': [1]}, {'name': 'CRY', 'param': 6.485324807202226, 'wires': [4, 5]}, {'name': 'RY', 'param': 6.890979248413583, 'wires': [4]}, {'name': 'RY', 'param': 6.033244815301233, 'wires': [3]}, {'name': 'RY', 'param': 6.286394745015443, 'wires': [5]}, {'name': 'CRY', 'param': 6.066884009378247, 'wires': [3, 5]}, {'name': 'RY', 'param': 6.026568753173219, 'wires': [3]}, {'name': 'RY', 'param': 5.364294509626364, 'wires': [5]}, {'name': 'CRY', 'param': 6.408857710000003, 'wires': [2, 3]}, {'name': 'RY', 'param': 5.152628991660642, 'wires': [2]}]
[2025-08-05 10:03:48,071][INFO] Energy: 0.8968805635947817
