[2025-08-04 17:51:42,835][INFO] Starting VQE run 28 (seed=25132386)
[2025-08-04 17:51:42,939][INFO] Adding RY(0.0, wires=[5]) increased overlap from 0.0 to 0.9409393776828542
[2025-08-04 17:51:43,070][INFO] Adding CRY(0.0, wires=[5, 4])) increased overlap from 0.9409393776828542 to 0.9627652106578969
[2025-08-04 17:51:43,259][INFO] Adding RY(0.0, wires=[3]) increased overlap from 0.9627652106578969 to 0.9664824391553687
[2025-08-04 17:51:43,582][INFO] Adding RY(0.0, wires=[4]) increased overlap from 0.9664824391553687 to 0.995948967045911
[2025-08-04 17:51:44,482][INFO] Adding RY(0.0, wires=[2]) increased overlap from 0.995948967045911 to 0.9961766742336512
[2025-08-04 17:51:46,760][INFO] Adding CRY(0.0, wires=[5, 3])) increased overlap from 0.9961766742336512 to 0.997674162746131
[2025-08-04 17:51:48,459][INFO] Adding CRY(0.0, wires=[5, 2])) increased overlap from 0.997674162746131 to 0.9977695430939473
[2025-08-04 17:51:53,787][INFO] Adding CRY(0.0, wires=[4, 3])) increased overlap from 0.9977695430939473 to 0.9983765588629634
[2025-08-04 17:52:10,859][INFO] Adding RY(0.0, wires=[4]) increased overlap from 0.9983765588629634 to 0.9998804620962134
[2025-08-04 17:52:29,431][INFO] Adding CRY(0.0, wires=[4, 2])) increased overlap from 0.9998804620962134 to 0.9999295125601605
[2025-08-04 17:52:49,081][INFO] Adding CRY(0.0, wires=[5, 1])) had small change in overlap from 0.9999295125601605 to 0.9997698902910798
[2025-08-04 17:53:09,188][INFO] Adding RY(0.0, wires=[1]) had small change in overlap from 0.9997698902910798 to 0.999418612265462
[2025-08-04 17:53:30,648][INFO] Adding CRY(0.0, wires=[3, 2])) increased overlap from 0.999418612265462 to 0.999562362700463
[2025-08-04 17:53:53,531][INFO] Adding CRY(0.0, wires=[4, 1])) increased overlap from 0.999562362700463 to 0.999896617045712
[2025-08-04 17:54:17,004][INFO] Adding RY(0.0, wires=[4]) increased overlap from 0.999896617045712 to 0.9999334037883326
[2025-08-04 17:54:40,596][INFO] Adding RY(0.0, wires=[5]) had small change in overlap from 0.9999334037883326 to 0.9971743943119894
[2025-08-04 17:55:05,521][INFO] Adding CRY(0.0, wires=[3, 5])) had small change in overlap from 0.9971743943119894 to 0.996882399758682
[2025-08-04 17:55:31,015][INFO] Adding RY(0.0, wires=[3]) increased overlap from 0.996882399758682 to 0.9997984435602789
[2025-08-04 17:55:57,916][INFO] Adding CRY(0.0, wires=[3, 4])) increased overlap from 0.9997984435602789 to 0.9998385233172754
[2025-08-04 17:56:25,383][INFO] Adding RY(0.0, wires=[3]) had small change in overlap from 0.9998385233172754 to 0.9997931635342509
[2025-08-04 17:56:54,192][INFO] Adding CRY(0.0, wires=[2, 5])) increased overlap from 0.9997931635342509 to 0.9998379018173202
[2025-08-04 17:57:23,621][INFO] Adding RY(0.0, wires=[2]) increased overlap from 0.9998379018173202 to 0.9999696744851337
[2025-08-04 17:57:54,291][INFO] Adding CRY(0.0, wires=[2, 3])) had small change in overlap from 0.9999696744851337 to 0.9999229344173265
[2025-08-04 17:58:25,550][INFO] Adding RY(0.0, wires=[2]) had small change in overlap from 0.9999229344173265 to 0.9997917671479315
[2025-08-04 17:58:57,300][INFO] Adding RY(0.0, wires=[1]) had small change in overlap from 0.9997917671479315 to 0.9997318241872857
[2025-08-04 17:59:30,489][INFO] Adding CRY(0.0, wires=[4, 5])) had small change in overlap from 0.9997318241872857 to 0.9931526727977678
[2025-08-04 18:00:04,148][INFO] Adding RY(0.0, wires=[4]) increased overlap from 0.9931526727977678 to 0.9986748374610214
[2025-08-04 18:00:38,407][INFO] Adding RY(0.0, wires=[5]) increased overlap from 0.9986748374610214 to 0.9998187897861062
[2025-08-04 18:01:13,237][INFO] Adding RY(0.0, wires=[3]) increased overlap from 0.9998187897861062 to 0.999969459842213
[2025-08-04 18:01:49,533][INFO] Adding CRY(0.0, wires=[3, 1])) had small change in overlap from 0.999969459842213 to 0.9998489655215655
[2025-08-04 18:01:49,533][INFO] Completed VQE run 29
[2025-08-04 18:01:49,533][INFO] Final ops list: [{'name': 'RY', 'param': 6.557479998165824, 'wires': [5]}, {'name': 'CRY', 'param': 6.225706017793355, 'wires': [5, 4]}, {'name': 'RY', 'param': 6.141373175131249, 'wires': [3]}, {'name': 'RY', 'param': 8.362704599678485, 'wires': [4]}, {'name': 'RY', 'param': 6.24522048152068, 'wires': [2]}, {'name': 'CRY', 'param': 6.1964676790247655, 'wires': [5, 3]}, {'name': 'CRY', 'param': 7.676569757081275, 'wires': [5, 2]}, {'name': 'CRY', 'param': 6.4017971532207065, 'wires': [4, 3]}, {'name': 'RY', 'param': 8.55375196167801, 'wires': [4]}, {'name': 'CRY', 'param': 6.331837891705421, 'wires': [4, 2]}, {'name': 'CRY', 'param': 6.275673082014711, 'wires': [5, 1]}, {'name': 'RY', 'param': 6.875837986620816, 'wires': [1]}, {'name': 'CRY', 'param': 6.280512925857745, 'wires': [3, 2]}, {'name': 'CRY', 'param': 6.281665653821568, 'wires': [4, 1]}, {'name': 'RY', 'param': 6.399617342626715, 'wires': [4]}, {'name': 'RY', 'param': 6.319888371356126, 'wires': [5]}, {'name': 'CRY', 'param': 9.02177038296964, 'wires': [3, 5]}, {'name': 'RY', 'param': 6.289027689289515, 'wires': [3]}, {'name': 'CRY', 'param': 6.119480087322837, 'wires': [3, 4]}, {'name': 'RY', 'param': 7.424349268731163, 'wires': [3]}, {'name': 'CRY', 'param': 9.010835136179503, 'wires': [2, 5]}, {'name': 'RY', 'param': 6.102607168126295, 'wires': [2]}, {'name': 'CRY', 'param': 7.29578861498059, 'wires': [2, 3]}, {'name': 'RY', 'param': 6.277023503057296, 'wires': [2]}, {'name': 'RY', 'param': 5.688113747556256, 'wires': [1]}, {'name': 'CRY', 'param': 3.696111206416022, 'wires': [4, 5]}, {'name': 'RY', 'param': 6.502905085931598, 'wires': [4]}, {'name': 'RY', 'param': 4.809340373503573, 'wires': [5]}, {'name': 'RY', 'param': 5.30203546129155, 'wires': [3]}, {'name': 'CRY', 'param': 6.2764933639182745, 'wires': [3, 1]}]
[2025-08-04 18:01:49,533][INFO] Energy: 0.89333412060042
[2025-08-05 09:53:37,934][INFO] Starting VQE run 28 (seed=15335267)
[2025-08-05 09:53:38,050][INFO] Adding RY(0.0, wires=[5]) increased overlap from 0.0 to 0.9409393763304468
[2025-08-05 09:53:38,238][INFO] Adding CRY(0.0, wires=[5, 4])) increased overlap from 0.9409393763304468 to 0.9627652103212436
[2025-08-05 09:53:38,432][INFO] Adding RY(0.0, wires=[3]) increased overlap from 0.9627652103212436 to 0.9664824410373771
[2025-08-05 09:53:38,776][INFO] Adding RY(0.0, wires=[4]) increased overlap from 0.9664824410373771 to 0.995948968409906
[2025-08-05 09:53:39,976][INFO] Adding RY(0.0, wires=[2]) increased overlap from 0.995948968409906 to 0.9961766746096414
[2025-08-05 09:53:41,341][INFO] Adding CRY(0.0, wires=[5, 3])) increased overlap from 0.9961766746096414 to 0.9976741620378584
[2025-08-05 09:53:43,449][INFO] Adding CRY(0.0, wires=[5, 2])) increased overlap from 0.9976741620378584 to 0.997769542978313
[2025-08-05 09:53:49,340][INFO] Adding CRY(0.0, wires=[4, 3])) increased overlap from 0.997769542978313 to 0.9983765674446774
[2025-08-05 09:54:08,545][INFO] Adding RY(0.0, wires=[4]) increased overlap from 0.9983765674446774 to 0.9995217940145856
[2025-08-05 09:54:28,730][INFO] Adding CRY(0.0, wires=[4, 2])) increased overlap from 0.9995217940145856 to 0.9998151034146173
[2025-08-05 09:54:47,277][INFO] Adding CRY(0.0, wires=[5, 1])) increased overlap from 0.9998151034146173 to 0.9998614122509982
[2025-08-05 09:55:06,272][INFO] Adding RY(0.0, wires=[1]) had small change in overlap from 0.9998614122509982 to 0.9998561437313181
[2025-08-05 09:55:26,660][INFO] Adding CRY(0.0, wires=[3, 2])) increased overlap from 0.9998561437313181 to 0.9998804470806487
[2025-08-05 09:55:48,263][INFO] Adding CRY(0.0, wires=[4, 1])) had small change in overlap from 0.9998804470806487 to 0.9996421590259338
[2025-08-05 09:56:12,392][INFO] Adding RY(0.0, wires=[1]) increased overlap from 0.9996421590259338 to 0.9998911199605514
[2025-08-05 09:56:36,263][INFO] Adding RY(0.0, wires=[4]) increased overlap from 0.9998911199605514 to 0.9999204763617316
[2025-08-05 09:56:59,564][INFO] Adding RY(0.0, wires=[5]) had small change in overlap from 0.9999204763617316 to 0.999777530397611
[2025-08-05 09:57:24,130][INFO] Adding CRY(0.0, wires=[3, 5])) increased overlap from 0.999777530397611 to 0.9998351948842716
[2025-08-05 09:57:50,056][INFO] Adding CRY(0.0, wires=[4, 5])) had small change in overlap from 0.9998351948842716 to 0.9989336665333484
[2025-08-05 09:58:17,206][INFO] Adding CRY(0.0, wires=[3, 4])) had small change in overlap from 0.9989336665333484 to 0.9974142760511909
[2025-08-05 09:58:44,952][INFO] Adding RY(0.0, wires=[3]) increased overlap from 0.9974142760511909 to 0.9989287809930124
[2025-08-05 09:59:13,104][INFO] Adding RY(0.0, wires=[2]) had small change in overlap from 0.9989287809930124 to 0.9982467137386566
[2025-08-05 09:59:42,607][INFO] Adding CRY(0.0, wires=[3, 1])) had small change in overlap from 0.9982467137386566 to 0.9901339622218552
[2025-08-05 10:00:12,605][INFO] Adding RY(0.0, wires=[3]) increased overlap from 0.9901339622218552 to 0.9964074903486667
[2025-08-05 10:00:43,224][INFO] Adding RY(0.0, wires=[4]) increased overlap from 0.9964074903486667 to 0.9967009619770656
[2025-08-05 10:01:15,103][INFO] Adding CRY(0.0, wires=[2, 3])) increased overlap from 0.9967009619770656 to 0.9971947207031996
[2025-08-05 10:01:47,492][INFO] Adding RY(0.0, wires=[2]) increased overlap from 0.9971947207031996 to 0.9977230318621593
[2025-08-05 10:02:20,564][INFO] Adding RY(0.0, wires=[1]) increased overlap from 0.9977230318621593 to 0.9985187920884255
[2025-08-05 10:02:54,874][INFO] Adding CRY(0.0, wires=[2, 4])) increased overlap from 0.9985187920884255 to 0.9986930964905957
[2025-08-05 10:03:29,805][INFO] Adding RY(0.0, wires=[2]) had small change in overlap from 0.9986930964905957 to 0.9959413952715894
[2025-08-05 10:03:29,805][INFO] Completed VQE run 29
[2025-08-05 10:03:29,805][INFO] Final ops list: [{'name': 'RY', 'param': -2.316044163873667, 'wires': [5]}, {'name': 'CRY', 'param': 1.933150404465251, 'wires': [5, 4]}, {'name': 'RY', 'param': 0.039100265359679434, 'wires': [3]}, {'name': 'RY', 'param': -0.13268142645760744, 'wires': [4]}, {'name': 'RY', 'param': -0.35358348895314173, 'wires': [2]}, {'name': 'CRY', 'param': -0.037319189066354716, 'wires': [5, 3]}, {'name': 'CRY', 'param': 0.028058368645424353, 'wires': [5, 2]}, {'name': 'CRY', 'param': -0.027025793233462627, 'wires': [4, 3]}, {'name': 'RY', 'param': 0.2764193956503378, 'wires': [4]}, {'name': 'CRY', 'param': -0.05298030122352334, 'wires': [4, 2]}, {'name': 'CRY', 'param': -0.0016481673377959694, 'wires': [5, 1]}, {'name': 'RY', 'param': -0.6253294535665284, 'wires': [1]}, {'name': 'CRY', 'param': 1.3508067811312023, 'wires': [3, 2]}, {'name': 'CRY', 'param': -0.003947737981338789, 'wires': [4, 1]}, {'name': 'RY', 'param': 0.07651188654391246, 'wires': [1]}, {'name': 'RY', 'param': -0.9906678427484654, 'wires': [4]}, {'name': 'RY', 'param': 1.1986619583673292, 'wires': [5]}, {'name': 'CRY', 'param': 4.233597677430779, 'wires': [3, 5]}, {'name': 'CRY', 'param': 7.250185995808965, 'wires': [4, 5]}, {'name': 'CRY', 'param': 1.5360359488834379, 'wires': [3, 4]}, {'name': 'RY', 'param': -0.07795951737141234, 'wires': [3]}, {'name': 'RY', 'param': 0.3626801138387387, 'wires': [2]}, {'name': 'CRY', 'param': 0.016118628669661263, 'wires': [3, 1]}, {'name': 'RY', 'param': -0.05318617939043925, 'wires': [3]}, {'name': 'RY', 'param': 1.1697132216083674, 'wires': [4]}, {'name': 'CRY', 'param': 1.9192546795254657, 'wires': [2, 3]}, {'name': 'RY', 'param': -0.15969219648534982, 'wires': [2]}, {'name': 'RY', 'param': 0.5465042983246373, 'wires': [1]}, {'name': 'CRY', 'param': 0.5525168905098579, 'wires': [2, 4]}, {'name': 'RY', 'param': 0.20097952806025982, 'wires': [2]}]
[2025-08-05 10:03:29,805][INFO] Energy: 0.9179932075131261
