[2025-10-24 15:43:58,685][INFO] Hamiltonian: SparsePauliOp(['IIII', 'IIIX', 'IIXI', 'IIXX', 'IIXZ', 'IIYY', 'IIZI', 'IIZX', 'IIZZ', 'IXII', 'IXIX', 'IXIZ', 'IXXI', 'IXXX', 'IXXZ', 'IXYY', 'IXZI', 'IXZX', 'IXZZ', 'IYIY', 'IYXY', 'IYYI', 'IYYX', 'IYYZ', 'IYZY', 'IZII', 'IZIX', 'IZIZ', 'IZXI', 'IZXX', 'IZXZ', 'IZYY', 'IZZI', 'IZZX', 'IZZZ', 'ZIII', 'ZIIX', 'ZIXX', 'ZIYY', 'ZIZX', 'ZXXX', 'ZXYY', 'ZYXY', 'ZYYX', 'ZZIX', 'ZZXX', 'ZZYY', 'ZZZX'],
              coeffs=[ 18.875     +0.j,   8.99368975+0.j,  10.41934851+0.j,   6.82750222+0.j,
  -0.63497347+0.j,   3.83275182-0.j,  -2.25      +0.j,  -1.38996625+0.j,
  -3.25      +0.j,   1.99405782+0.j,   1.40125854+0.j,  -0.50201747+0.j,
   5.02315063+0.j,   3.15952693+0.j,  -1.12603631+0.j,  -1.79022054+0.j,
  -1.0032184 +0.j,  -0.53523313+0.j,   0.1235505 +0.j,   1.40125854-0.j,
   1.79022054-0.j,   5.02315063-0.j,   3.15952693-0.j,  -1.12603631+0.j,
  -0.53523313+0.j, -10.25      +0.j,  -4.74175788+0.j,  -2.5       +0.j,
  -7.39216151+0.j,  -4.39448951+0.j,  -0.62444657+0.j,  -2.26576452+0.j,
  -2.75      +0.j,  -1.09419867+0.j,   4.        +0.j,   0.5       +0.j,
   1.34595479+0.j,   0.6830127 +0.j,   0.6830127 -0.j,  -0.20183199+0.j,
   0.35355339+0.j,  -0.35355339+0.j,   0.35355339-0.j,   0.35355339-0.j,
  -0.38002897+0.j,  -0.1830127 +0.j,  -0.1830127 +0.j,  -0.05698706+0.j])
[2025-10-24 15:43:58,686][INFO] {
    "backend": "Aer",
    "use_noise_model": 1,
    "Potential": "DW",
    "cutoff": 8,
    "num_qubits": 4,
    "num_params": 7,
    "shots": 4096,
    "lam": 15,
    "p": 2,
    "eps": 0,
    "num_vqe_runs": 1,
    "max_iter": 200,
    "initial_tr_radius": 0.1,
    "final_tr_radius": 1e-08,
    "ansatz_name": "CQAVQE_DW8_exact",
    "path": "C:\\Users\\Johnk\\Documents\\PhD\\Quantum Computing Code\\Quantum-Computing\\SUSY\\SUSY QM\\Qiskit\\NQCC Access\\RealDevice\\Aer\\Files\\4096\\DW\\2025-10-24_15-43-54",
    "tags": [
        "NQCC-Q3",
        "CQAVQE_DW8_exact",
        "shots:4096"
    ],
    "seed": 47235863
}
[2025-10-24 15:43:58,686][INFO] Starting VQE run 1 (seed=47235863)
[2025-10-24 15:43:58,686][INFO] Session ID: None
[2025-10-24 15:44:00,139][INFO] {
    "default_precision": 0.0,
    "backend_options": {
        "method": "automatic",
        "noise_model": "NoiseModel:\n  Basis gates: ['cz', 'delay', 'id', 'if_else', 'measure', 'reset', 'rz', 'sx', 'x']\n  Instructions with noise: ['x', 'measure', 'cz', 'sx', 'id', 'reset']\n  Qubits with noise: [0, 1, 2, 3, 4, 5, 6, 7, 8, 9, 10, 11, 12, 13, 14, 15, 16, 17, 18, 19, 20, 21, 22, 23, 24, 25, 26, 27, 28, 29, 30, 31, 32, 33, 34, 35, 36, 37, 38, 39, 40, 41, 42, 43, 44, 45, 46, 47, 48, 49, 50, 51, 52, 53, 54, 55, 56, 57, 58, 59, 60, 61, 62, 63, 64, 65, 66, 67, 68, 69, 70, 71, 72, 73, 74, 75, 76, 77, 78, 79, 80, 81, 82, 83, 84, 85, 86, 87, 88, 89, 90, 91, 92, 93, 94, 95, 96, 97, 98, 99, 100, 101, 102, 103, 104, 105, 106, 107, 108, 109, 110, 111, 112, 113, 114, 115, 116, 117, 118, 119, 120, 121, 122, 123, 124, 125, 126, 127, 128, 129, 130, 131, 132, 133, 134, 135, 136, 137, 138, 139, 140, 141, 142, 143, 144, 145, 146, 147, 148, 149, 150, 151, 152, 153, 154, 155]\n  Specific qubit errors: [('x', (0,)), ('x', (1,)), ('x', (2,)), ('x', (3,)), ('x', (4,)), ('x', (5,)), ('x', (6,)), ('x', (7,)), ('x', (8,)), ('x', (9,)), ('x', (10,)), ('x', (11,)), ('x', (12,)), ('x', (13,)), ('x', (14,)), ('x', (15,)), ('x', (16,)), ('x', (17,)), ('x', (18,)), ('x', (19,)), ('x', (20,)), ('x', (21,)), ('x', (22,)), ('x', (23,)), ('x', (24,)), ('x', (25,)), ('x', (26,)), ('x', (27,)), ('x', (28,)), ('x', (29,)), ('x', (30,)), ('x', (31,)), ('x', (32,)), ('x', (33,)), ('x', (34,)), ('x', (35,)), ('x', (36,)), ('x', (37,)), ('x', (38,)), ('x', (39,)), ('x', (40,)), ('x', (41,)), ('x', (42,)), ('x', (43,)), ('x', (44,)), ('x', (45,)), ('x', (46,)), ('x', (47,)), ('x', (48,)), ('x', (49,)), ('x', (50,)), ('x', (51,)), ('x', (52,)), ('x', (53,)), ('x', (54,)), ('x', (55,)), ('x', (56,)), ('x', (57,)), ('x', (58,)), ('x', (59,)), ('x', (60,)), ('x', (61,)), ('x', (62,)), ('x', (63,)), ('x', (64,)), ('x', (65,)), ('x', (66,)), ('x', (67,)), ('x', (68,)), ('x', (69,)), ('x', (70,)), ('x', (71,)), ('x', (72,)), ('x', (73,)), ('x', (74,)), ('x', (75,)), ('x', (76,)), ('x', (77,)), ('x', (78,)), ('x', (79,)), ('x', (80,)), ('x', (81,)), ('x', (82,)), ('x', (83,)), ('x', (84,)), ('x', (85,)), ('x', (86,)), ('x', (87,)), ('x', (88,)), ('x', (89,)), ('x', (90,)), ('x', (91,)), ('x', (92,)), ('x', (93,)), ('x', (94,)), ('x', (95,)), ('x', (96,)), ('x', (97,)), ('x', (98,)), ('x', (99,)), ('x', (100,)), ('x', (101,)), ('x', (102,)), ('x', (103,)), ('x', (104,)), ('x', (105,)), ('x', (106,)), ('x', (107,)), ('x', (108,)), ('x', (109,)), ('x', (110,)), ('x', (111,)), ('x', (112,)), ('x', (113,)), ('x', (114,)), ('x', (115,)), ('x', (116,)), ('x', (117,)), ('x', (118,)), ('x', (119,)), ('x', (120,)), ('x', (121,)), ('x', (122,)), ('x', (123,)), ('x', (124,)), ('x', (125,)), ('x', (126,)), ('x', (127,)), ('x', (128,)), ('x', (129,)), ('x', (130,)), ('x', (131,)), ('x', (132,)), ('x', (133,)), ('x', (134,)), ('x', (135,)), ('x', (136,)), ('x', (137,)), ('x', (138,)), ('x', (139,)), ('x', (140,)), ('x', (141,)), ('x', (142,)), ('x', (143,)), ('x', (144,)), ('x', (145,)), ('x', (146,)), ('x', (147,)), ('x', (148,)), ('x', (149,)), ('x', (150,)), ('x', (151,)), ('x', (152,)), ('x', (153,)), ('x', (154,)), ('x', (155,)), ('cz', (0, 1)), ('cz', (1, 0)), ('cz', (1, 2)), ('cz', (2, 1)), ('cz', (2, 3)), ('cz', (3, 2)), ('cz', (3, 4)), ('cz', (3, 16)), ('cz', (4, 3)), ('cz', (4, 5)), ('cz', (5, 4)), ('cz', (5, 6)), ('cz', (6, 5)), ('cz', (6, 7)), ('cz', (7, 6)), ('cz', (7, 8)), ('cz', (7, 17)), ('cz', (8, 7)), ('cz', (8, 9)), ('cz', (9, 8)), ('cz', (9, 10)), ('cz', (10, 9)), ('cz', (10, 11)), ('cz', (11, 10)), ('cz', (11, 12)), ('cz', (11, 18)), ('cz', (12, 11)), ('cz', (12, 13)), ('cz', (13, 12)), ('cz', (13, 14)), ('cz', (14, 13)), ('cz', (14, 15)), ('cz', (15, 14)), ('cz', (15, 19)), ('cz', (16, 3)), ('cz', (16, 23)), ('cz', (17, 7)), ('cz', (17, 27)), ('cz', (18, 11)), ('cz', (18, 31)), ('cz', (19, 15)), ('cz', (19, 35)), ('cz', (20, 21)), ('cz', (21, 20)), ('cz', (21, 22)), ('cz', (21, 36)), ('cz', (22, 21)), ('cz', (22, 23)), ('cz', (23, 16)), ('cz', (23, 22)), ('cz', (23, 24)), ('cz', (24, 23)), ('cz', (24, 25)), ('cz', (25, 24)), ('cz', (25, 26)), ('cz', (25, 37)), ('cz', (26, 25)), ('cz', (26, 27)), ('cz', (27, 17)), ('cz', (27, 26)), ('cz', (27, 28)), ('cz', (28, 27)), ('cz', (28, 29)), ('cz', (29, 28)), ('cz', (29, 30)), ('cz', (29, 38)), ('cz', (30, 29)), ('cz', (30, 31)), ('cz', (31, 18)), ('cz', (31, 30)), ('cz', (31, 32)), ('cz', (32, 31)), ('cz', (32, 33)), ('cz', (33, 32)), ('cz', (33, 34)), ('cz', (33, 39)), ('cz', (34, 33)), ('cz', (34, 35)), ('cz', (35, 19)), ('cz', (35, 34)), ('cz', (36, 21)), ('cz', (36, 41)), ('cz', (37, 25)), ('cz', (37, 45)), ('cz', (38, 29)), ('cz', (38, 49)), ('cz', (39, 33)), ('cz', (39, 53)), ('cz', (40, 41)), ('cz', (41, 36)), ('cz', (41, 40)), ('cz', (41, 42)), ('cz', (42, 41)), ('cz', (42, 43)), ('cz', (43, 42)), ('cz', (43, 44)), ('cz', (43, 56)), ('cz', (44, 43)), ('cz', (44, 45)), ('cz', (45, 37)), ('cz', (45, 44)), ('cz', (45, 46)), ('cz', (46, 45)), ('cz', (46, 47)), ('cz', (47, 46)), ('cz', (47, 48)), ('cz', (47, 57)), ('cz', (48, 47)), ('cz', (48, 49)), ('cz', (49, 38)), ('cz', (49, 48)), ('cz', (49, 50)), ('cz', (50, 49)), ('cz', (50, 51)), ('cz', (51, 50)), ('cz', (51, 52)), ('cz', (51, 58)), ('cz', (52, 51)), ('cz', (52, 53)), ('cz', (53, 39)), ('cz', (53, 52)), ('cz', (53, 54)), ('cz', (54, 53)), ('cz', (54, 55)), ('cz', (55, 54)), ('cz', (55, 59)), ('cz', (56, 43)), ('cz', (56, 63)), ('cz', (57, 47)), ('cz', (57, 67)), ('cz', (58, 51)), ('cz', (58, 71)), ('cz', (59, 55)), ('cz', (59, 75)), ('cz', (60, 61)), ('cz', (61, 60)), ('cz', (61, 62)), ('cz', (61, 76)), ('cz', (62, 61)), ('cz', (62, 63)), ('cz', (63, 56)), ('cz', (63, 62)), ('cz', (63, 64)), ('cz', (64, 63)), ('cz', (64, 65)), ('cz', (65, 64)), ('cz', (65, 66)), ('cz', (65, 77)), ('cz', (66, 65)), ('cz', (66, 67)), ('cz', (67, 57)), ('cz', (67, 66)), ('cz', (67, 68)), ('cz', (68, 67)), ('cz', (68, 69)), ('cz', (69, 68)), ('cz', (69, 70)), ('cz', (69, 78)), ('cz', (70, 69)), ('cz', (70, 71)), ('cz', (71, 58)), ('cz', (71, 70)), ('cz', (71, 72)), ('cz', (72, 71)), ('cz', (72, 73)), ('cz', (73, 72)), ('cz', (73, 74)), ('cz', (73, 79)), ('cz', (74, 73)), ('cz', (74, 75)), ('cz', (75, 59)), ('cz', (75, 74)), ('cz', (76, 61)), ('cz', (76, 81)), ('cz', (77, 65)), ('cz', (77, 85)), ('cz', (78, 69)), ('cz', (78, 89)), ('cz', (79, 73)), ('cz', (79, 93)), ('cz', (80, 81)), ('cz', (81, 76)), ('cz', (81, 80)), ('cz', (81, 82)), ('cz', (82, 81)), ('cz', (82, 83)), ('cz', (83, 82)), ('cz', (83, 84)), ('cz', (83, 96)), ('cz', (84, 83)), ('cz', (84, 85)), ('cz', (85, 77)), ('cz', (85, 84)), ('cz', (85, 86)), ('cz', (86, 85)), ('cz', (86, 87)), ('cz', (87, 86)), ('cz', (87, 88)), ('cz', (87, 97)), ('cz', (88, 87)), ('cz', (88, 89)), ('cz', (89, 78)), ('cz', (89, 88)), ('cz', (89, 90)), ('cz', (90, 89)), ('cz', (90, 91)), ('cz', (91, 90)), ('cz', (91, 92)), ('cz', (91, 98)), ('cz', (92, 91)), ('cz', (92, 93)), ('cz', (93, 79)), ('cz', (93, 92)), ('cz', (93, 94)), ('cz', (94, 93)), ('cz', (94, 95)), ('cz', (95, 94)), ('cz', (95, 99)), ('cz', (96, 83)), ('cz', (96, 103)), ('cz', (97, 87)), ('cz', (97, 107)), ('cz', (98, 91)), ('cz', (98, 111)), ('cz', (99, 95)), ('cz', (99, 115)), ('cz', (100, 101)), ('cz', (101, 100)), ('cz', (101, 102)), ('cz', (101, 116)), ('cz', (102, 101)), ('cz', (102, 103)), ('cz', (103, 96)), ('cz', (103, 102)), ('cz', (103, 104)), ('cz', (104, 103)), ('cz', (104, 105)), ('cz', (105, 104)), ('cz', (105, 106)), ('cz', (105, 117)), ('cz', (106, 105)), ('cz', (106, 107)), ('cz', (107, 97)), ('cz', (107, 106)), ('cz', (107, 108)), ('cz', (108, 107)), ('cz', (108, 109)), ('cz', (109, 108)), ('cz', (109, 110)), ('cz', (109, 118)), ('cz', (110, 109)), ('cz', (110, 111)), ('cz', (111, 98)), ('cz', (111, 110)), ('cz', (111, 112)), ('cz', (112, 111)), ('cz', (112, 113)), ('cz', (113, 112)), ('cz', (113, 114)), ('cz', (113, 119)), ('cz', (114, 113)), ('cz', (114, 115)), ('cz', (115, 99)), ('cz', (115, 114)), ('cz', (116, 101)), ('cz', (116, 121)), ('cz', (117, 105)), ('cz', (117, 125)), ('cz', (118, 109)), ('cz', (118, 129)), ('cz', (119, 113)), ('cz', (119, 133)), ('cz', (120, 121)), ('cz', (121, 116)), ('cz', (121, 120)), ('cz', (121, 122)), ('cz', (122, 121)), ('cz', (122, 123)), ('cz', (123, 122)), ('cz', (123, 124)), ('cz', (123, 136)), ('cz', (124, 123)), ('cz', (124, 125)), ('cz', (125, 117)), ('cz', (125, 124)), ('cz', (125, 126)), ('cz', (126, 125)), ('cz', (126, 127)), ('cz', (127, 126)), ('cz', (127, 128)), ('cz', (127, 137)), ('cz', (128, 127)), ('cz', (128, 129)), ('cz', (129, 118)), ('cz', (129, 128)), ('cz', (129, 130)), ('cz', (130, 129)), ('cz', (130, 131)), ('cz', (131, 130)), ('cz', (131, 132)), ('cz', (131, 138)), ('cz', (132, 131)), ('cz', (132, 133)), ('cz', (133, 119)), ('cz', (133, 132)), ('cz', (133, 134)), ('cz', (134, 133)), ('cz', (134, 135)), ('cz', (135, 134)), ('cz', (135, 139)), ('cz', (136, 123)), ('cz', (136, 143)), ('cz', (137, 127)), ('cz', (137, 147)), ('cz', (138, 131)), ('cz', (138, 151)), ('cz', (139, 135)), ('cz', (139, 155)), ('cz', (140, 141)), ('cz', (141, 140)), ('cz', (141, 142)), ('cz', (142, 141)), ('cz', (142, 143)), ('cz', (143, 136)), ('cz', (143, 142)), ('cz', (143, 144)), ('cz', (144, 143)), ('cz', (144, 145)), ('cz', (145, 144)), ('cz', (145, 146)), ('cz', (146, 145)), ('cz', (146, 147)), ('cz', (147, 137)), ('cz', (147, 146)), ('cz', (147, 148)), ('cz', (148, 147)), ('cz', (148, 149)), ('cz', (149, 148)), ('cz', (149, 150)), ('cz', (150, 149)), ('cz', (150, 151)), ('cz', (151, 138)), ('cz', (151, 150)), ('cz', (151, 152)), ('cz', (152, 151)), ('cz', (152, 153)), ('cz', (153, 152)), ('cz', (153, 154)), ('cz', (154, 153)), ('cz', (154, 155)), ('cz', (155, 139)), ('cz', (155, 154)), ('sx', (0,)), ('sx', (1,)), ('sx', (2,)), ('sx', (3,)), ('sx', (4,)), ('sx', (5,)), ('sx', (6,)), ('sx', (7,)), ('sx', (8,)), ('sx', (9,)), ('sx', (10,)), ('sx', (11,)), ('sx', (12,)), ('sx', (13,)), ('sx', (14,)), ('sx', (15,)), ('sx', (16,)), ('sx', (17,)), ('sx', (18,)), ('sx', (19,)), ('sx', (20,)), ('sx', (21,)), ('sx', (22,)), ('sx', (23,)), ('sx', (24,)), ('sx', (25,)), ('sx', (26,)), ('sx', (27,)), ('sx', (28,)), ('sx', (29,)), ('sx', (30,)), ('sx', (31,)), ('sx', (32,)), ('sx', (33,)), ('sx', (34,)), ('sx', (35,)), ('sx', (36,)), ('sx', (37,)), ('sx', (38,)), ('sx', (39,)), ('sx', (40,)), ('sx', (41,)), ('sx', (42,)), ('sx', (43,)), ('sx', (44,)), ('sx', (45,)), ('sx', (46,)), ('sx', (47,)), ('sx', (48,)), ('sx', (49,)), ('sx', (50,)), ('sx', (51,)), ('sx', (52,)), ('sx', (53,)), ('sx', (54,)), ('sx', (55,)), ('sx', (56,)), ('sx', (57,)), ('sx', (58,)), ('sx', (59,)), ('sx', (60,)), ('sx', (61,)), ('sx', (62,)), ('sx', (63,)), ('sx', (64,)), ('sx', (65,)), ('sx', (66,)), ('sx', (67,)), ('sx', (68,)), ('sx', (69,)), ('sx', (70,)), ('sx', (71,)), ('sx', (72,)), ('sx', (73,)), ('sx', (74,)), ('sx', (75,)), ('sx', (76,)), ('sx', (77,)), ('sx', (78,)), ('sx', (79,)), ('sx', (80,)), ('sx', (81,)), ('sx', (82,)), ('sx', (83,)), ('sx', (84,)), ('sx', (85,)), ('sx', (86,)), ('sx', (87,)), ('sx', (88,)), ('sx', (89,)), ('sx', (90,)), ('sx', (91,)), ('sx', (92,)), ('sx', (93,)), ('sx', (94,)), ('sx', (95,)), ('sx', (96,)), ('sx', (97,)), ('sx', (98,)), ('sx', (99,)), ('sx', (100,)), ('sx', (101,)), ('sx', (102,)), ('sx', (103,)), ('sx', (104,)), ('sx', (105,)), ('sx', (106,)), ('sx', (107,)), ('sx', (108,)), ('sx', (109,)), ('sx', (110,)), ('sx', (111,)), ('sx', (112,)), ('sx', (113,)), ('sx', (114,)), ('sx', (115,)), ('sx', (116,)), ('sx', (117,)), ('sx', (118,)), ('sx', (119,)), ('sx', (120,)), ('sx', (121,)), ('sx', (122,)), ('sx', (123,)), ('sx', (124,)), ('sx', (125,)), ('sx', (126,)), ('sx', (127,)), ('sx', (128,)), ('sx', (129,)), ('sx', (130,)), ('sx', (131,)), ('sx', (132,)), ('sx', (133,)), ('sx', (134,)), ('sx', (135,)), ('sx', (136,)), ('sx', (137,)), ('sx', (138,)), ('sx', (139,)), ('sx', (140,)), ('sx', (141,)), ('sx', (142,)), ('sx', (143,)), ('sx', (144,)), ('sx', (145,)), ('sx', (146,)), ('sx', (147,)), ('sx', (148,)), ('sx', (149,)), ('sx', (150,)), ('sx', (151,)), ('sx', (152,)), ('sx', (153,)), ('sx', (154,)), ('sx', (155,)), ('id', (0,)), ('id', (1,)), ('id', (2,)), ('id', (3,)), ('id', (4,)), ('id', (5,)), ('id', (6,)), ('id', (7,)), ('id', (8,)), ('id', (9,)), ('id', (10,)), ('id', (11,)), ('id', (12,)), ('id', (13,)), ('id', (14,)), ('id', (15,)), ('id', (16,)), ('id', (17,)), ('id', (18,)), ('id', (19,)), ('id', (20,)), ('id', (21,)), ('id', (22,)), ('id', (23,)), ('id', (24,)), ('id', (25,)), ('id', (26,)), ('id', (27,)), ('id', (28,)), ('id', (29,)), ('id', (30,)), ('id', (31,)), ('id', (32,)), ('id', (33,)), ('id', (34,)), ('id', (35,)), ('id', (36,)), ('id', (37,)), ('id', (38,)), ('id', (39,)), ('id', (40,)), ('id', (41,)), ('id', (42,)), ('id', (43,)), ('id', (44,)), ('id', (45,)), ('id', (46,)), ('id', (47,)), ('id', (48,)), ('id', (49,)), ('id', (50,)), ('id', (51,)), ('id', (52,)), ('id', (53,)), ('id', (54,)), ('id', (55,)), ('id', (56,)), ('id', (57,)), ('id', (58,)), ('id', (59,)), ('id', (60,)), ('id', (61,)), ('id', (62,)), ('id', (63,)), ('id', (64,)), ('id', (65,)), ('id', (66,)), ('id', (67,)), ('id', (68,)), ('id', (69,)), ('id', (70,)), ('id', (71,)), ('id', (72,)), ('id', (73,)), ('id', (74,)), ('id', (75,)), ('id', (76,)), ('id', (77,)), ('id', (78,)), ('id', (79,)), ('id', (80,)), ('id', (81,)), ('id', (82,)), ('id', (83,)), ('id', (84,)), ('id', (85,)), ('id', (86,)), ('id', (87,)), ('id', (88,)), ('id', (89,)), ('id', (90,)), ('id', (91,)), ('id', (92,)), ('id', (93,)), ('id', (94,)), ('id', (95,)), ('id', (96,)), ('id', (97,)), ('id', (98,)), ('id', (99,)), ('id', (100,)), ('id', (101,)), ('id', (102,)), ('id', (103,)), ('id', (104,)), ('id', (105,)), ('id', (106,)), ('id', (107,)), ('id', (108,)), ('id', (109,)), ('id', (110,)), ('id', (111,)), ('id', (112,)), ('id', (113,)), ('id', (114,)), ('id', (115,)), ('id', (116,)), ('id', (117,)), ('id', (118,)), ('id', (119,)), ('id', (120,)), ('id', (121,)), ('id', (122,)), ('id', (123,)), ('id', (124,)), ('id', (125,)), ('id', (126,)), ('id', (127,)), ('id', (128,)), ('id', (129,)), ('id', (130,)), ('id', (131,)), ('id', (132,)), ('id', (133,)), ('id', (134,)), ('id', (135,)), ('id', (136,)), ('id', (137,)), ('id', (138,)), ('id', (139,)), ('id', (140,)), ('id', (141,)), ('id', (142,)), ('id', (143,)), ('id', (144,)), ('id', (145,)), ('id', (146,)), ('id', (147,)), ('id', (148,)), ('id', (149,)), ('id', (150,)), ('id', (151,)), ('id', (152,)), ('id', (153,)), ('id', (154,)), ('id', (155,)), ('reset', (0,)), ('reset', (1,)), ('reset', (2,)), ('reset', (3,)), ('reset', (4,)), ('reset', (5,)), ('reset', (6,)), ('reset', (7,)), ('reset', (8,)), ('reset', (9,)), ('reset', (10,)), ('reset', (11,)), ('reset', (12,)), ('reset', (13,)), ('reset', (14,)), ('reset', (15,)), ('reset', (16,)), ('reset', (17,)), ('reset', (18,)), ('reset', (19,)), ('reset', (20,)), ('reset', (21,)), ('reset', (22,)), ('reset', (23,)), ('reset', (24,)), ('reset', (25,)), ('reset', (26,)), ('reset', (27,)), ('reset', (28,)), ('reset', (29,)), ('reset', (30,)), ('reset', (31,)), ('reset', (32,)), ('reset', (33,)), ('reset', (34,)), ('reset', (35,)), ('reset', (36,)), ('reset', (37,)), ('reset', (38,)), ('reset', (39,)), ('reset', (40,)), ('reset', (41,)), ('reset', (42,)), ('reset', (43,)), ('reset', (44,)), ('reset', (45,)), ('reset', (46,)), ('reset', (47,)), ('reset', (48,)), ('reset', (49,)), ('reset', (50,)), ('reset', (51,)), ('reset', (52,)), ('reset', (53,)), ('reset', (54,)), ('reset', (55,)), ('reset', (56,)), ('reset', (57,)), ('reset', (58,)), ('reset', (59,)), ('reset', (60,)), ('reset', (61,)), ('reset', (62,)), ('reset', (63,)), ('reset', (64,)), ('reset', (65,)), ('reset', (66,)), ('reset', (67,)), ('reset', (68,)), ('reset', (69,)), ('reset', (70,)), ('reset', (71,)), ('reset', (72,)), ('reset', (73,)), ('reset', (74,)), ('reset', (75,)), ('reset', (76,)), ('reset', (77,)), ('reset', (78,)), ('reset', (79,)), ('reset', (80,)), ('reset', (81,)), ('reset', (82,)), ('reset', (83,)), ('reset', (84,)), ('reset', (85,)), ('reset', (86,)), ('reset', (87,)), ('reset', (88,)), ('reset', (89,)), ('reset', (90,)), ('reset', (91,)), ('reset', (92,)), ('reset', (93,)), ('reset', (94,)), ('reset', (95,)), ('reset', (96,)), ('reset', (97,)), ('reset', (98,)), ('reset', (99,)), ('reset', (100,)), ('reset', (101,)), ('reset', (102,)), ('reset', (103,)), ('reset', (104,)), ('reset', (105,)), ('reset', (106,)), ('reset', (107,)), ('reset', (108,)), ('reset', (109,)), ('reset', (110,)), ('reset', (111,)), ('reset', (112,)), ('reset', (113,)), ('reset', (114,)), ('reset', (115,)), ('reset', (116,)), ('reset', (117,)), ('reset', (118,)), ('reset', (119,)), ('reset', (120,)), ('reset', (121,)), ('reset', (122,)), ('reset', (123,)), ('reset', (124,)), ('reset', (125,)), ('reset', (126,)), ('reset', (127,)), ('reset', (128,)), ('reset', (129,)), ('reset', (130,)), ('reset', (131,)), ('reset', (132,)), ('reset', (133,)), ('reset', (134,)), ('reset', (135,)), ('reset', (136,)), ('reset', (137,)), ('reset', (138,)), ('reset', (139,)), ('reset', (140,)), ('reset', (141,)), ('reset', (142,)), ('reset', (143,)), ('reset', (144,)), ('reset', (145,)), ('reset', (147,)), ('reset', (148,)), ('reset', (149,)), ('reset', (150,)), ('reset', (151,)), ('reset', (152,)), ('reset', (153,)), ('reset', (154,)), ('reset', (155,)), ('measure', (0,)), ('measure', (1,)), ('measure', (2,)), ('measure', (3,)), ('measure', (4,)), ('measure', (5,)), ('measure', (6,)), ('measure', (7,)), ('measure', (8,)), ('measure', (9,)), ('measure', (10,)), ('measure', (11,)), ('measure', (12,)), ('measure', (13,)), ('measure', (14,)), ('measure', (15,)), ('measure', (16,)), ('measure', (17,)), ('measure', (18,)), ('measure', (19,)), ('measure', (20,)), ('measure', (21,)), ('measure', (22,)), ('measure', (23,)), ('measure', (24,)), ('measure', (25,)), ('measure', (26,)), ('measure', (27,)), ('measure', (28,)), ('measure', (29,)), ('measure', (30,)), ('measure', (31,)), ('measure', (32,)), ('measure', (33,)), ('measure', (34,)), ('measure', (35,)), ('measure', (36,)), ('measure', (37,)), ('measure', (38,)), ('measure', (39,)), ('measure', (40,)), ('measure', (41,)), ('measure', (42,)), ('measure', (43,)), ('measure', (44,)), ('measure', (45,)), ('measure', (46,)), ('measure', (47,)), ('measure', (48,)), ('measure', (49,)), ('measure', (50,)), ('measure', (51,)), ('measure', (52,)), ('measure', (53,)), ('measure', (54,)), ('measure', (55,)), ('measure', (56,)), ('measure', (57,)), ('measure', (58,)), ('measure', (59,)), ('measure', (60,)), ('measure', (61,)), ('measure', (62,)), ('measure', (63,)), ('measure', (64,)), ('measure', (65,)), ('measure', (66,)), ('measure', (67,)), ('measure', (68,)), ('measure', (69,)), ('measure', (70,)), ('measure', (71,)), ('measure', (72,)), ('measure', (73,)), ('measure', (74,)), ('measure', (75,)), ('measure', (76,)), ('measure', (77,)), ('measure', (78,)), ('measure', (79,)), ('measure', (80,)), ('measure', (81,)), ('measure', (82,)), ('measure', (83,)), ('measure', (84,)), ('measure', (85,)), ('measure', (86,)), ('measure', (87,)), ('measure', (88,)), ('measure', (89,)), ('measure', (90,)), ('measure', (91,)), ('measure', (92,)), ('measure', (93,)), ('measure', (94,)), ('measure', (95,)), ('measure', (96,)), ('measure', (97,)), ('measure', (98,)), ('measure', (99,)), ('measure', (100,)), ('measure', (101,)), ('measure', (102,)), ('measure', (103,)), ('measure', (104,)), ('measure', (105,)), ('measure', (106,)), ('measure', (107,)), ('measure', (108,)), ('measure', (109,)), ('measure', (110,)), ('measure', (111,)), ('measure', (112,)), ('measure', (113,)), ('measure', (114,)), ('measure', (115,)), ('measure', (116,)), ('measure', (117,)), ('measure', (118,)), ('measure', (119,)), ('measure', (120,)), ('measure', (121,)), ('measure', (122,)), ('measure', (123,)), ('measure', (124,)), ('measure', (125,)), ('measure', (126,)), ('measure', (127,)), ('measure', (128,)), ('measure', (129,)), ('measure', (130,)), ('measure', (131,)), ('measure', (132,)), ('measure', (133,)), ('measure', (134,)), ('measure', (135,)), ('measure', (136,)), ('measure', (137,)), ('measure', (138,)), ('measure', (139,)), ('measure', (140,)), ('measure', (141,)), ('measure', (142,)), ('measure', (143,)), ('measure', (144,)), ('measure', (145,)), ('measure', (146,)), ('measure', (147,)), ('measure', (148,)), ('measure', (149,)), ('measure', (150,)), ('measure', (151,)), ('measure', (152,)), ('measure', (153,)), ('measure', (154,)), ('measure', (155,))]",
        "seed_simulator": 47235863
    },
    "run_options": {
        "shots": 4096
    }
}
[2025-10-24 15:44:01,416][INFO] Iteration 1: Energy = 12.30954477
[2025-10-24 15:44:02,548][INFO] Iteration 2: Energy = 11.18331725
[2025-10-24 15:44:03,680][INFO] Iteration 3: Energy = 12.87775295
[2025-10-24 15:44:04,831][INFO] Iteration 4: Energy = 13.04749689
[2025-10-24 15:44:05,946][INFO] Iteration 5: Energy = 13.23531149
[2025-10-24 15:44:07,178][INFO] Iteration 6: Energy = 12.24427027
[2025-10-24 15:44:08,311][INFO] Iteration 7: Energy = 12.45843887
[2025-10-24 15:44:09,457][INFO] Iteration 8: Energy = 12.29632181
[2025-10-24 15:44:10,330][INFO] Iteration 9: Energy = 13.46708717
[2025-10-24 15:44:11,498][INFO] Iteration 10: Energy = 11.74330122
[2025-10-24 15:44:12,884][INFO] Iteration 11: Energy = 11.63092428
[2025-10-24 15:44:13,775][INFO] Iteration 12: Energy = 11.55094859
[2025-10-24 15:44:14,897][INFO] Iteration 13: Energy = 12.34818199
[2025-10-24 15:44:16,194][INFO] Iteration 14: Energy = 12.14723781
[2025-10-24 15:44:17,131][INFO] Iteration 15: Energy = 12.28211525
[2025-10-24 15:44:18,263][INFO] Iteration 16: Energy = 9.75224927
[2025-10-24 15:44:19,579][INFO] Iteration 17: Energy = 8.20827502
[2025-10-24 15:44:20,526][INFO] Iteration 18: Energy = 6.91969643
[2025-10-24 15:44:21,612][INFO] Iteration 19: Energy = 6.40308999
[2025-10-24 15:44:22,903][INFO] Iteration 20: Energy = 6.35274069
[2025-10-24 15:44:23,806][INFO] Iteration 21: Energy = 6.09470102
[2025-10-24 15:44:24,910][INFO] Iteration 22: Energy = 6.15009489
[2025-10-24 15:44:26,300][INFO] Iteration 23: Energy = 6.28519829
[2025-10-24 15:44:27,184][INFO] Iteration 24: Energy = 5.74356687
[2025-10-24 15:44:28,271][INFO] Iteration 25: Energy = 5.42253302
[2025-10-24 15:44:29,635][INFO] Iteration 26: Energy = 4.71114543
[2025-10-24 15:44:30,547][INFO] Iteration 27: Energy = 4.03675310
[2025-10-24 15:44:31,630][INFO] Iteration 28: Energy = 4.05421565
[2025-10-24 15:44:32,926][INFO] Iteration 29: Energy = 4.14571918
[2025-10-24 15:44:33,836][INFO] Iteration 30: Energy = 3.82120214
[2025-10-24 15:44:34,930][INFO] Iteration 31: Energy = 3.85273225
[2025-10-24 15:44:36,352][INFO] Iteration 32: Energy = 4.26731846
[2025-10-24 15:44:37,234][INFO] Iteration 33: Energy = 3.33044366
[2025-10-24 15:44:38,303][INFO] Iteration 34: Energy = 2.91048168
[2025-10-24 15:44:39,727][INFO] Iteration 35: Energy = 2.59523238
[2025-10-24 15:44:40,649][INFO] Iteration 36: Energy = 2.46621511
[2025-10-24 15:44:41,738][INFO] Iteration 37: Energy = 2.41677882
[2025-10-24 15:44:43,131][INFO] Iteration 38: Energy = 2.39876676
[2025-10-24 15:44:44,025][INFO] Iteration 39: Energy = 2.41676038
[2025-10-24 15:44:45,119][INFO] Iteration 40: Energy = 2.49343578
[2025-10-24 15:44:46,410][INFO] Iteration 41: Energy = 2.35527319
[2025-10-24 15:44:47,298][INFO] Iteration 42: Energy = 2.38900549
[2025-10-24 15:44:48,446][INFO] Iteration 43: Energy = 2.62862719
[2025-10-24 15:44:49,735][INFO] Iteration 44: Energy = 2.25180577
[2025-10-24 15:44:50,609][INFO] Iteration 45: Energy = 2.27224946
[2025-10-24 15:44:51,662][INFO] Iteration 46: Energy = 2.25844762
[2025-10-24 15:44:52,987][INFO] Iteration 47: Energy = 2.27574871
[2025-10-24 15:44:53,879][INFO] Iteration 48: Energy = 2.25922981
[2025-10-24 15:44:54,947][INFO] Iteration 49: Energy = 2.21601622
[2025-10-24 15:44:56,249][INFO] Iteration 50: Energy = 2.20084062
[2025-10-24 15:44:57,134][INFO] Iteration 51: Energy = 2.20974363
[2025-10-24 15:44:58,168][INFO] Iteration 52: Energy = 2.24604397
[2025-10-24 15:44:59,447][INFO] Iteration 53: Energy = 2.20165958
[2025-10-24 15:45:00,323][INFO] Iteration 54: Energy = 2.28908076
[2025-10-24 15:45:01,361][INFO] Iteration 55: Energy = 2.19468328
[2025-10-24 15:45:02,609][INFO] Iteration 56: Energy = 2.19365060
[2025-10-24 15:45:03,495][INFO] Iteration 57: Energy = 2.19243769
[2025-10-24 15:45:04,538][INFO] Iteration 58: Energy = 2.19108173
[2025-10-24 15:45:05,780][INFO] Iteration 59: Energy = 2.23840125
[2025-10-24 15:45:06,645][INFO] Iteration 60: Energy = 2.32128139
[2025-10-24 15:45:07,684][INFO] Iteration 61: Energy = 2.26540363
[2025-10-24 15:45:08,929][INFO] Iteration 62: Energy = 2.19144338
[2025-10-24 15:45:09,822][INFO] Iteration 63: Energy = 2.27213087
[2025-10-24 15:45:10,867][INFO] Iteration 64: Energy = 2.18965487
[2025-10-24 15:45:12,143][INFO] Iteration 65: Energy = 2.18916925
[2025-10-24 15:45:13,018][INFO] Iteration 66: Energy = 2.18911352
[2025-10-24 15:45:14,139][INFO] Iteration 67: Energy = 2.18933884
[2025-10-24 15:45:15,558][INFO] Iteration 68: Energy = 2.19063432
[2025-10-24 15:45:16,433][INFO] Iteration 69: Energy = 2.18932908
[2025-10-24 15:45:17,499][INFO] Iteration 70: Energy = 2.18946805
[2025-10-24 15:45:18,756][INFO] Iteration 71: Energy = 2.18872819
[2025-10-24 15:45:19,647][INFO] Iteration 72: Energy = 2.18849050
[2025-10-24 15:45:20,714][INFO] Iteration 73: Energy = 2.18846038
[2025-10-24 15:45:22,030][INFO] Iteration 74: Energy = 2.18991980
[2025-10-24 15:45:22,924][INFO] Iteration 75: Energy = 2.18836998
[2025-10-24 15:45:23,988][INFO] Iteration 76: Energy = 2.18827115
[2025-10-24 15:45:25,266][INFO] Iteration 77: Energy = 2.18807682
[2025-10-24 15:45:26,141][INFO] Iteration 78: Energy = 2.18782083
[2025-10-24 15:45:27,222][INFO] Iteration 79: Energy = 2.18731494
[2025-10-24 15:45:28,546][INFO] Iteration 80: Energy = 2.18701031
[2025-10-24 15:45:29,430][INFO] Iteration 81: Energy = 2.18611938
[2025-10-24 15:45:30,495][INFO] Iteration 82: Energy = 2.18575110
[2025-10-24 15:45:31,798][INFO] Iteration 83: Energy = 2.18477525
[2025-10-24 15:45:32,696][INFO] Iteration 84: Energy = 2.18381501
[2025-10-24 15:45:33,833][INFO] Iteration 85: Energy = 2.18257357
[2025-10-24 15:45:35,117][INFO] Iteration 86: Energy = 2.18071751
[2025-10-24 15:45:36,022][INFO] Iteration 87: Energy = 2.17663661
[2025-10-24 15:45:37,079][INFO] Iteration 88: Energy = 2.17787757
[2025-10-24 15:45:38,361][INFO] Iteration 89: Energy = 2.22768035
[2025-10-24 15:45:39,268][INFO] Iteration 90: Energy = 2.17795219
[2025-10-24 15:45:40,321][INFO] Iteration 91: Energy = 2.21540624
[2025-10-24 15:45:41,613][INFO] Iteration 92: Energy = 2.18159977
[2025-10-24 15:45:42,527][INFO] Iteration 93: Energy = 2.17771762
[2025-10-24 15:45:43,589][INFO] Iteration 94: Energy = 2.17353697
[2025-10-24 15:45:44,889][INFO] Iteration 95: Energy = 2.17319345
[2025-10-24 15:45:45,773][INFO] Iteration 96: Energy = 2.17206642
[2025-10-24 15:45:46,844][INFO] Iteration 97: Energy = 2.17081231
[2025-10-24 15:45:48,128][INFO] Iteration 98: Energy = 2.16886645
[2025-10-24 15:45:49,048][INFO] Iteration 99: Energy = 2.16772386
[2025-10-24 15:45:50,098][INFO] Iteration 100: Energy = 2.16631719
[2025-10-24 15:45:51,364][INFO] Iteration 101: Energy = 2.16327477
[2025-10-24 15:45:52,274][INFO] Iteration 102: Energy = 2.15900433
[2025-10-24 15:45:53,336][INFO] Iteration 103: Energy = 2.15791673
[2025-10-24 15:45:54,642][INFO] Iteration 104: Energy = 2.15337412
[2025-10-24 15:45:55,559][INFO] Iteration 105: Energy = 2.14895259
[2025-10-24 15:45:56,643][INFO] Iteration 106: Energy = 2.14400615
[2025-10-24 15:45:57,942][INFO] Iteration 107: Energy = 2.13228202
[2025-10-24 15:45:58,850][INFO] Iteration 108: Energy = 2.12160031
[2025-10-24 15:45:59,933][INFO] Iteration 109: Energy = 2.09533894
[2025-10-24 15:46:01,236][INFO] Iteration 110: Energy = 2.06978867
[2025-10-24 15:46:02,159][INFO] Iteration 111: Energy = 2.09871562
[2025-10-24 15:46:03,237][INFO] Iteration 112: Energy = 2.68429001
[2025-10-24 15:46:04,589][INFO] Iteration 113: Energy = 2.05235632
[2025-10-24 15:46:05,498][INFO] Iteration 114: Energy = 2.08784617
[2025-10-24 15:46:06,577][INFO] Iteration 115: Energy = 1.98008012
[2025-10-24 15:46:08,011][INFO] Iteration 116: Energy = 1.96708704
[2025-10-24 15:46:08,922][INFO] Iteration 117: Energy = 1.97112696
[2025-10-24 15:46:10,047][INFO] Iteration 118: Energy = 1.99054170
[2025-10-24 15:46:11,396][INFO] Iteration 119: Energy = 1.98216871
[2025-10-24 15:46:12,330][INFO] Iteration 120: Energy = 1.94281164
[2025-10-24 15:46:13,438][INFO] Iteration 121: Energy = 1.94112162
[2025-10-24 15:46:14,775][INFO] Iteration 122: Energy = 1.94412179
[2025-10-24 15:46:15,712][INFO] Iteration 123: Energy = 1.93575709
[2025-10-24 15:46:16,848][INFO] Iteration 124: Energy = 1.93123051
[2025-10-24 15:46:18,208][INFO] Iteration 125: Energy = 1.92274420
[2025-10-24 15:46:19,128][INFO] Iteration 126: Energy = 1.91434627
[2025-10-24 15:46:20,223][INFO] Iteration 127: Energy = 1.90152051
[2025-10-24 15:46:21,550][INFO] Iteration 128: Energy = 1.89336648
[2025-10-24 15:46:22,453][INFO] Iteration 129: Energy = 1.86926229
[2025-10-24 15:46:23,551][INFO] Iteration 130: Energy = 1.84451437
[2025-10-24 15:46:24,938][INFO] Iteration 131: Energy = 1.81930774
[2025-10-24 15:46:25,831][INFO] Iteration 132: Energy = 1.84101677
[2025-10-24 15:46:26,929][INFO] Iteration 133: Energy = 1.81850017
[2025-10-24 15:46:28,195][INFO] Iteration 134: Energy = 1.79343051
[2025-10-24 15:46:29,080][INFO] Iteration 135: Energy = 1.76879244
[2025-10-24 15:46:30,128][INFO] Iteration 136: Energy = 1.74002001
[2025-10-24 15:46:31,387][INFO] Iteration 137: Energy = 1.70796759
[2025-10-24 15:46:32,265][INFO] Iteration 138: Energy = 1.68077648
[2025-10-24 15:46:33,316][INFO] Iteration 139: Energy = 1.66215021
[2025-10-24 15:46:34,571][INFO] Iteration 140: Energy = 1.63814412
[2025-10-24 15:46:35,442][INFO] Iteration 141: Energy = 1.66711084
[2025-10-24 15:46:36,490][INFO] Iteration 142: Energy = 1.70484962
[2025-10-24 15:46:37,750][INFO] Iteration 143: Energy = 1.60568813
[2025-10-24 15:46:38,654][INFO] Iteration 144: Energy = 1.59279096
[2025-10-24 15:46:39,718][INFO] Iteration 145: Energy = 1.56420916
[2025-10-24 15:46:41,014][INFO] Iteration 146: Energy = 1.53948163
[2025-10-24 15:46:41,962][INFO] Iteration 147: Energy = 1.51302838
[2025-10-24 15:46:43,025][INFO] Iteration 148: Energy = 1.47893040
[2025-10-24 15:46:44,330][INFO] Iteration 149: Energy = 1.42698012
[2025-10-24 15:46:45,216][INFO] Iteration 150: Energy = 1.38229975
[2025-10-24 15:46:46,293][INFO] Iteration 151: Energy = 1.33659728
[2025-10-24 15:46:47,578][INFO] Iteration 152: Energy = 1.30841023
[2025-10-24 15:46:48,461][INFO] Iteration 153: Energy = 1.30390255
[2025-10-24 15:46:49,532][INFO] Iteration 154: Energy = 1.35483487
[2025-10-24 15:46:50,900][INFO] Iteration 155: Energy = 1.28519871
[2025-10-24 15:46:51,787][INFO] Iteration 156: Energy = 1.34007475
[2025-10-24 15:46:52,837][INFO] Iteration 157: Energy = 1.26130002
[2025-10-24 15:46:54,105][INFO] Iteration 158: Energy = 1.24606389
[2025-10-24 15:46:54,987][INFO] Iteration 159: Energy = 1.24512482
[2025-10-24 15:46:56,028][INFO] Iteration 160: Energy = 1.24417776
[2025-10-24 15:46:57,286][INFO] Iteration 161: Energy = 1.23961595
[2025-10-24 15:46:58,165][INFO] Iteration 162: Energy = 1.23717552
[2025-10-24 15:46:59,206][INFO] Iteration 163: Energy = 1.23237932
[2025-10-24 15:47:00,499][INFO] Iteration 164: Energy = 1.22651995
[2025-10-24 15:47:01,406][INFO] Iteration 165: Energy = 1.22487894
[2025-10-24 15:47:02,513][INFO] Iteration 166: Energy = 1.22390420
[2025-10-24 15:47:03,844][INFO] Iteration 167: Energy = 1.22285207
[2025-10-24 15:47:04,764][INFO] Iteration 168: Energy = 1.22274929
[2025-10-24 15:47:05,852][INFO] Iteration 169: Energy = 1.22263239
[2025-10-24 15:47:07,178][INFO] Iteration 170: Energy = 1.22221318
[2025-10-24 15:47:08,080][INFO] Iteration 171: Energy = 1.22192267
[2025-10-24 15:47:09,135][INFO] Iteration 172: Energy = 1.22265028
[2025-10-24 15:47:10,469][INFO] Iteration 173: Energy = 1.22192937
[2025-10-24 15:47:11,350][INFO] Iteration 174: Energy = 1.22344591
[2025-10-24 15:47:12,432][INFO] Iteration 175: Energy = 1.22185273
[2025-10-24 15:47:13,690][INFO] Iteration 176: Energy = 1.22175973
[2025-10-24 15:47:14,609][INFO] Iteration 177: Energy = 1.22216109
[2025-10-24 15:47:15,675][INFO] Iteration 178: Energy = 1.22136326
[2025-10-24 15:47:16,949][INFO] Iteration 179: Energy = 1.22163412
[2025-10-24 15:47:17,829][INFO] Iteration 180: Energy = 1.22154362
[2025-10-24 15:47:18,928][INFO] Iteration 181: Energy = 1.22141471
[2025-10-24 15:47:20,197][INFO] Iteration 182: Energy = 1.22111299
[2025-10-24 15:47:21,075][INFO] Iteration 183: Energy = 1.22106187
[2025-10-24 15:47:22,122][INFO] Iteration 184: Energy = 1.22113572
[2025-10-24 15:47:23,380][INFO] Iteration 185: Energy = 1.22089856
[2025-10-24 15:47:24,272][INFO] Iteration 186: Energy = 1.22079068
[2025-10-24 15:47:25,312][INFO] Iteration 187: Energy = 1.22095256
[2025-10-24 15:47:26,580][INFO] Iteration 188: Energy = 1.22052872
[2025-10-24 15:47:27,466][INFO] Iteration 189: Energy = 1.22061909
[2025-10-24 15:47:28,502][INFO] Iteration 190: Energy = 1.22093905
[2025-10-24 15:47:29,771][INFO] Iteration 191: Energy = 1.22012330
[2025-10-24 15:47:30,646][INFO] Iteration 192: Energy = 1.21966239
[2025-10-24 15:47:31,689][INFO] Iteration 193: Energy = 1.21899312
[2025-10-24 15:47:32,958][INFO] Iteration 194: Energy = 1.21819948
[2025-10-24 15:47:33,833][INFO] Iteration 195: Energy = 1.21756247
[2025-10-24 15:47:34,894][INFO] Iteration 196: Energy = 1.21655317
[2025-10-24 15:47:36,156][INFO] Iteration 197: Energy = 1.21592485
[2025-10-24 15:47:37,031][INFO] Iteration 198: Energy = 1.21547732
[2025-10-24 15:47:38,085][INFO] Iteration 199: Energy = 1.21377825
[2025-10-24 15:47:39,342][INFO] Iteration 200: Energy = 1.21248056
[2025-10-24 15:47:40,225][INFO] Iteration 201: Energy = 1.21014543
[2025-10-24 15:47:41,272][INFO] Iteration 202: Energy = 1.20069156
[2025-10-24 15:47:42,528][INFO] Iteration 203: Energy = 1.19244070
[2025-10-24 15:47:43,417][INFO] Iteration 204: Energy = 1.18616351
[2025-10-24 15:47:44,477][INFO] Iteration 205: Energy = 1.15804320
[2025-10-24 15:47:45,740][INFO] Iteration 206: Energy = 1.14271533
[2025-10-24 15:47:46,633][INFO] Iteration 207: Energy = 1.11894105
[2025-10-24 15:47:47,704][INFO] Iteration 208: Energy = 1.09183317
[2025-10-24 15:47:49,030][INFO] Iteration 209: Energy = 1.09403110
[2025-10-24 15:47:49,920][INFO] Iteration 210: Energy = 1.11977659
[2025-10-24 15:47:50,991][INFO] Iteration 211: Energy = 1.12052079
[2025-10-24 15:47:52,257][INFO] Iteration 212: Energy = 1.12212936
[2025-10-24 15:47:53,136][INFO] Iteration 213: Energy = 1.09671638
[2025-10-24 15:47:54,181][INFO] Iteration 214: Energy = 1.10250753
[2025-10-24 15:47:55,437][INFO] Iteration 215: Energy = 1.09024230
[2025-10-24 15:47:56,322][INFO] Iteration 216: Energy = 1.08670005
[2025-10-24 15:47:57,365][INFO] Iteration 217: Energy = 1.08931946
[2025-10-24 15:47:58,647][INFO] Iteration 218: Energy = 1.08868887
[2025-10-24 15:47:59,529][INFO] Iteration 219: Energy = 1.08410003
[2025-10-24 15:48:00,575][INFO] Iteration 220: Energy = 1.08173034
[2025-10-24 15:48:01,852][INFO] Iteration 221: Energy = 1.07672608
[2025-10-24 15:48:02,730][INFO] Iteration 222: Energy = 1.07061876
[2025-10-24 15:48:03,777][INFO] Iteration 223: Energy = 1.06573189
[2025-10-24 15:48:05,032][INFO] Iteration 224: Energy = 1.06885433
[2025-10-24 15:48:05,909][INFO] Iteration 225: Energy = 1.06396374
[2025-10-24 15:48:07,100][INFO] Iteration 226: Energy = 1.05904589
[2025-10-24 15:48:08,392][INFO] Iteration 227: Energy = 1.05380145
[2025-10-24 15:48:09,272][INFO] Iteration 228: Energy = 1.04784895
[2025-10-24 15:48:10,310][INFO] Iteration 229: Energy = 1.03921274
[2025-10-24 15:48:11,574][INFO] Iteration 230: Energy = 1.03833590
[2025-10-24 15:48:12,457][INFO] Iteration 231: Energy = 1.06175949
[2025-10-24 15:48:13,496][INFO] Iteration 232: Energy = 1.03547838
[2025-10-24 15:48:14,771][INFO] Iteration 233: Energy = 1.03182388
[2025-10-24 15:48:15,649][INFO] Iteration 234: Energy = 1.02363283
[2025-10-24 15:48:16,699][INFO] Iteration 235: Energy = 1.01919720
[2025-10-24 15:48:17,957][INFO] Iteration 236: Energy = 1.01645265
[2025-10-24 15:48:18,892][INFO] Iteration 237: Energy = 1.01626532
[2025-10-24 15:48:19,950][INFO] Iteration 238: Energy = 1.01726797
[2025-10-24 15:48:21,224][INFO] Iteration 239: Energy = 1.02544957
[2025-10-24 15:48:22,091][INFO] Iteration 240: Energy = 1.01973526
[2025-10-24 15:48:23,156][INFO] Iteration 241: Energy = 1.02242160
[2025-10-24 15:48:24,424][INFO] Iteration 242: Energy = 1.01768212
[2025-10-24 15:48:25,322][INFO] Iteration 243: Energy = 1.01637426
[2025-10-24 15:48:26,365][INFO] Iteration 244: Energy = 1.01648635
[2025-10-24 15:48:27,631][INFO] Iteration 245: Energy = 1.01543897
[2025-10-24 15:48:28,511][INFO] Iteration 246: Energy = 1.01448764
[2025-10-24 15:48:29,552][INFO] Iteration 247: Energy = 1.01411219
[2025-10-24 15:48:30,816][INFO] Iteration 248: Energy = 1.01381924
[2025-10-24 15:48:31,710][INFO] Iteration 249: Energy = 1.01368130
[2025-10-24 15:48:32,759][INFO] Iteration 250: Energy = 1.01383858
[2025-10-24 15:48:34,032][INFO] Iteration 251: Energy = 1.01385865
[2025-10-24 15:48:34,908][INFO] Iteration 252: Energy = 1.01377233
[2025-10-24 15:48:35,958][INFO] Iteration 253: Energy = 1.01369015
[2025-10-24 15:48:37,243][INFO] Iteration 254: Energy = 1.01335444
[2025-10-24 15:48:38,116][INFO] Iteration 255: Energy = 1.01301146
[2025-10-24 15:48:39,168][INFO] Iteration 256: Energy = 1.01308769
[2025-10-24 15:48:40,444][INFO] Iteration 257: Energy = 1.01290779
[2025-10-24 15:48:41,339][INFO] Iteration 258: Energy = 1.01286942
[2025-10-24 15:48:42,381][INFO] Iteration 259: Energy = 1.01295400
[2025-10-24 15:48:43,656][INFO] Iteration 260: Energy = 1.01280364
[2025-10-24 15:48:44,546][INFO] Iteration 261: Energy = 1.01289250
[2025-10-24 15:48:45,603][INFO] Iteration 262: Energy = 1.01324525
[2025-10-24 15:48:46,897][INFO] Iteration 263: Energy = 1.01235815
[2025-10-24 15:48:46,898][INFO] Completed VQE run 1: Energy = 1.012358
[2025-10-24 15:48:46,898][INFO] optimizer message: The maximum number of iterations has been exceeded
[2025-10-24 15:48:46,898][INFO] {
    "seed": 47235863,
    "session_id": null,
    "energy": 1.0123581482106832,
    "params": [
        5.067550026390301,
        6.814687159600533,
        6.141341407738591,
        6.458197855708547,
        6.346083259978425,
        5.995133208091705,
        0.4261561001886246
    ],
    "success": false,
    "num_iters": 263,
    "run_time": "0:04:48.237033"
}
