[2025-10-03 15:56:50,720][INFO] Running VQE using SV-Estimator backend
[2025-10-03 15:56:50,720][INFO] Running VQE using CQAVQE_QHO_exact ansatz with 1 params
[2025-10-03 15:56:50,747][INFO] Starting VQE run 1 (seed=93882403)
[2025-10-03 15:56:50,757][INFO] Iteration 1: Energy = 0.00000686
[2025-10-03 15:56:50,758][INFO] Iteration 2: Energy = 0.02156449
[2025-10-03 15:56:50,759][INFO] Iteration 3: Energy = 0.02311212
[2025-10-03 15:56:50,762][INFO] Iteration 4: Energy = 0.00015329
[2025-10-03 15:56:50,763][INFO] Iteration 5: Energy = 0.00031038
[2025-10-03 15:56:50,766][INFO] Iteration 6: Energy = 0.00000000
[2025-10-03 15:56:50,767][INFO] Iteration 7: Energy = 0.00000225
[2025-10-03 15:56:50,769][INFO] Iteration 8: Energy = 0.00000002
[2025-10-03 15:56:50,771][INFO] Iteration 9: Energy = 0.00000002
[2025-10-03 15:56:50,773][INFO] Iteration 10: Energy = 0.00000000
[2025-10-03 15:56:50,774][INFO] Iteration 11: Energy = 0.00000000
[2025-10-03 15:56:50,776][INFO] Iteration 12: Energy = 0.00000000
[2025-10-03 15:56:50,778][INFO] Iteration 13: Energy = 0.00000000
[2025-10-03 15:56:50,780][INFO] Iteration 14: Energy = -0.00000000
[2025-10-03 15:56:50,781][INFO] Iteration 15: Energy = 0.00000000
[2025-10-03 15:56:50,783][INFO] Iteration 16: Energy = 0.00000000
[2025-10-03 15:56:50,785][INFO] Iteration 17: Energy = 0.00000000
[2025-10-03 15:56:50,787][INFO] Iteration 18: Energy = -0.00000000
[2025-10-03 15:56:50,788][INFO] Iteration 19: Energy = -0.00000000
[2025-10-03 15:56:50,789][INFO] Completed VQE run 1: Energy = -0.000000
[2025-10-03 15:56:50,789][INFO] {'seed': 93882403, 'energy': np.float64(-2.2204460492503057e-16), 'params': [6.283185307184639], 'success': np.True_, 'num_iters': 19, 'run_time': datetime.timedelta(microseconds=70092), 'message': 'The lower bound for the trust-region radius has been reached'}
