[2025-10-13 10:39:39,344][INFO] {
    "backend": "Aer",
    "use_noise_model": 0,
    "Potential": "AHO",
    "cutoff": 8,
    "num_qubits": 4,
    "shots": null,
    "lam": 15,
    "p": 2,
    "eps": 0.0625,
    "num_vqe_runs": 1,
    "max_iter": 200,
    "initial_tr_radius": 1.0,
    "final_tr_radius": 1e-11,
    "ansatz_name": "CQAVQE_AHO8_exact",
    "path": "C:\\Users\\Johnk\\Documents\\PhD\\Quantum Computing Code\\Quantum-Computing\\SUSY\\SUSY QM\\Qiskit\\NQCC Access\\RealDevice\\Aer\\Files\\None\\AHO\\2025-10-13_10-39-39",
    "tags": [
        "NQCC-Q3",
        "CQAVQE_AHO8_exact",
        "shots:None"
    ],
    "seed": 94813263
}
[2025-10-13 10:39:39,344][INFO] Starting VQE run 1 (seed=94813263)
[2025-10-13 10:39:39,344][INFO] Session ID: None
[2025-10-13 10:39:39,345][INFO] {
    "default_precision": 0.0,
    "backend_options": {
        "method": "automatic",
        "noise_model": null,
        "seed_simulator": 94813263
    },
    "run_options": {
        "shots": null
    }
}
[2025-10-13 10:39:39,354][INFO] Iteration 1: Energy = 208.10192633
[2025-10-13 10:39:39,358][INFO] Iteration 2: Energy = 229.22120440
[2025-10-13 10:39:39,361][INFO] Iteration 3: Energy = 61.18699068
[2025-10-13 10:39:39,365][INFO] Iteration 4: Energy = 208.10192633
[2025-10-13 10:39:39,368][INFO] Iteration 5: Energy = 114.57523343
[2025-10-13 10:39:39,372][INFO] Iteration 6: Energy = 322.05170623
[2025-10-13 10:39:39,375][INFO] Iteration 7: Energy = 208.10192633
[2025-10-13 10:39:39,379][INFO] Iteration 8: Energy = 8.21795057
[2025-10-13 10:39:39,383][INFO] Iteration 9: Energy = 39.30984499
[2025-10-13 10:39:39,388][INFO] Iteration 10: Energy = 5.38996403
[2025-10-13 10:39:39,391][INFO] Iteration 11: Energy = 6.01079370
[2025-10-13 10:39:39,395][INFO] Iteration 12: Energy = 3.43556739
[2025-10-13 10:39:39,399][INFO] Iteration 13: Energy = 1.12192096
[2025-10-13 10:39:39,403][INFO] Iteration 14: Energy = 29.45472306
[2025-10-13 10:39:39,407][INFO] Iteration 15: Energy = 2.66409950
[2025-10-13 10:39:39,411][INFO] Iteration 16: Energy = 17.78167763
[2025-10-13 10:39:39,415][INFO] Iteration 17: Energy = 11.67744298
[2025-10-13 10:39:39,420][INFO] Iteration 18: Energy = 0.74536060
[2025-10-13 10:39:39,424][INFO] Iteration 19: Energy = 0.71398077
[2025-10-13 10:39:39,428][INFO] Iteration 20: Energy = 0.78348309
[2025-10-13 10:39:39,432][INFO] Iteration 21: Energy = 2.27136566
[2025-10-13 10:39:39,436][INFO] Iteration 22: Energy = 0.75064510
[2025-10-13 10:39:39,440][INFO] Iteration 23: Energy = 1.07224752
[2025-10-13 10:39:39,444][INFO] Iteration 24: Energy = 0.75640027
[2025-10-13 10:39:39,448][INFO] Iteration 25: Energy = 0.84579929
[2025-10-13 10:39:39,452][INFO] Iteration 26: Energy = 0.71916448
[2025-10-13 10:39:39,456][INFO] Iteration 27: Energy = 0.65926214
[2025-10-13 10:39:39,460][INFO] Iteration 28: Energy = 0.59597913
[2025-10-13 10:39:39,463][INFO] Iteration 29: Energy = 0.55928503
[2025-10-13 10:39:39,467][INFO] Iteration 30: Energy = 0.40945105
[2025-10-13 10:39:39,472][INFO] Iteration 31: Energy = 0.35583859
[2025-10-13 10:39:39,476][INFO] Iteration 32: Energy = 0.79762578
[2025-10-13 10:39:39,479][INFO] Iteration 33: Energy = 0.24655869
[2025-10-13 10:39:39,483][INFO] Iteration 34: Energy = 0.20497840
[2025-10-13 10:39:39,488][INFO] Iteration 35: Energy = 0.20189882
[2025-10-13 10:39:39,492][INFO] Iteration 36: Energy = 0.72876332
[2025-10-13 10:39:39,496][INFO] Iteration 37: Energy = 0.06141911
[2025-10-13 10:39:39,500][INFO] Iteration 38: Energy = 0.05509704
[2025-10-13 10:39:39,505][INFO] Iteration 39: Energy = 0.09594798
[2025-10-13 10:39:39,509][INFO] Iteration 40: Energy = 0.04281357
[2025-10-13 10:39:39,513][INFO] Iteration 41: Energy = 0.24188483
[2025-10-13 10:39:39,516][INFO] Iteration 42: Energy = 0.05030008
[2025-10-13 10:39:39,520][INFO] Iteration 43: Energy = 0.13790240
[2025-10-13 10:39:39,524][INFO] Iteration 44: Energy = 0.04179635
[2025-10-13 10:39:39,528][INFO] Iteration 45: Energy = 0.04923212
[2025-10-13 10:39:39,532][INFO] Iteration 46: Energy = 0.04332274
[2025-10-13 10:39:39,536][INFO] Iteration 47: Energy = 0.04443038
[2025-10-13 10:39:39,540][INFO] Iteration 48: Energy = 0.04289924
[2025-10-13 10:39:39,544][INFO] Iteration 49: Energy = 0.04165211
[2025-10-13 10:39:39,548][INFO] Iteration 50: Energy = 0.04160605
[2025-10-13 10:39:39,553][INFO] Iteration 51: Energy = 0.04271724
[2025-10-13 10:39:39,557][INFO] Iteration 52: Energy = 0.04273820
[2025-10-13 10:39:39,561][INFO] Iteration 53: Energy = 0.04304780
[2025-10-13 10:39:39,565][INFO] Iteration 54: Energy = 0.04165330
[2025-10-13 10:39:39,569][INFO] Iteration 55: Energy = 0.04163531
[2025-10-13 10:39:39,573][INFO] Iteration 56: Energy = 0.04162681
[2025-10-13 10:39:39,577][INFO] Iteration 57: Energy = 0.04160423
[2025-10-13 10:39:39,581][INFO] Iteration 58: Energy = 0.04160444
[2025-10-13 10:39:39,586][INFO] Iteration 59: Energy = 0.04160695
[2025-10-13 10:39:39,590][INFO] Iteration 60: Energy = 0.04160409
[2025-10-13 10:39:39,594][INFO] Iteration 61: Energy = 0.04160419
[2025-10-13 10:39:39,598][INFO] Iteration 62: Energy = 0.04160458
[2025-10-13 10:39:39,602][INFO] Iteration 63: Energy = 0.04160561
[2025-10-13 10:39:39,606][INFO] Iteration 64: Energy = 0.04160433
[2025-10-13 10:39:39,610][INFO] Iteration 65: Energy = 0.04160417
[2025-10-13 10:39:39,614][INFO] Iteration 66: Energy = 0.04160408
[2025-10-13 10:39:39,618][INFO] Iteration 67: Energy = 0.04160409
[2025-10-13 10:39:39,622][INFO] Iteration 68: Energy = 0.04160420
[2025-10-13 10:39:39,626][INFO] Iteration 69: Energy = 0.04160418
[2025-10-13 10:39:39,629][INFO] Iteration 70: Energy = 0.04160413
[2025-10-13 10:39:39,634][INFO] Iteration 71: Energy = 0.04160407
[2025-10-13 10:39:39,638][INFO] Iteration 72: Energy = 0.04160406
[2025-10-13 10:39:39,642][INFO] Iteration 73: Energy = 0.04160406
[2025-10-13 10:39:39,646][INFO] Iteration 74: Energy = 0.04160410
[2025-10-13 10:39:39,650][INFO] Iteration 75: Energy = 0.04160406
[2025-10-13 10:39:39,654][INFO] Iteration 76: Energy = 0.04160406
[2025-10-13 10:39:39,658][INFO] Iteration 77: Energy = 0.04160406
[2025-10-13 10:39:39,662][INFO] Iteration 78: Energy = 0.04160406
[2025-10-13 10:39:39,665][INFO] Iteration 79: Energy = 0.04160406
[2025-10-13 10:39:39,669][INFO] Iteration 80: Energy = 0.04160406
[2025-10-13 10:39:39,674][INFO] Iteration 81: Energy = 0.04160406
[2025-10-13 10:39:39,679][INFO] Iteration 82: Energy = 0.04160406
[2025-10-13 10:39:39,683][INFO] Iteration 83: Energy = 0.04160406
[2025-10-13 10:39:39,687][INFO] Iteration 84: Energy = 0.04160406
[2025-10-13 10:39:39,691][INFO] Iteration 85: Energy = 0.04160406
[2025-10-13 10:39:39,696][INFO] Iteration 86: Energy = 0.04160406
[2025-10-13 10:39:39,700][INFO] Iteration 87: Energy = 0.04160406
[2025-10-13 10:39:39,704][INFO] Iteration 88: Energy = 0.04160406
[2025-10-13 10:39:39,708][INFO] Iteration 89: Energy = 0.04160406
[2025-10-13 10:39:39,712][INFO] Iteration 90: Energy = 0.04160406
[2025-10-13 10:39:39,716][INFO] Iteration 91: Energy = 0.04160406
[2025-10-13 10:39:39,720][INFO] Iteration 92: Energy = 0.04160406
[2025-10-13 10:39:39,725][INFO] Iteration 93: Energy = 0.04160406
[2025-10-13 10:39:39,729][INFO] Iteration 94: Energy = 0.04160406
[2025-10-13 10:39:39,732][INFO] Iteration 95: Energy = 0.04160406
[2025-10-13 10:39:39,736][INFO] Iteration 96: Energy = 0.04160406
[2025-10-13 10:39:39,740][INFO] Iteration 97: Energy = 0.04160406
[2025-10-13 10:39:39,744][INFO] Iteration 98: Energy = 0.04160406
[2025-10-13 10:39:39,748][INFO] Iteration 99: Energy = 0.04160406
[2025-10-13 10:39:39,752][INFO] Iteration 100: Energy = 0.04160406
[2025-10-13 10:39:39,756][INFO] Iteration 101: Energy = 0.04160406
[2025-10-13 10:39:39,761][INFO] Iteration 102: Energy = 0.04160406
[2025-10-13 10:39:39,764][INFO] Iteration 103: Energy = 0.04160406
[2025-10-13 10:39:39,768][INFO] Iteration 104: Energy = 0.04160406
[2025-10-13 10:39:39,772][INFO] Iteration 105: Energy = 0.04160406
[2025-10-13 10:39:39,776][INFO] Iteration 106: Energy = 0.04160406
[2025-10-13 10:39:39,780][INFO] Iteration 107: Energy = 0.04160406
[2025-10-13 10:39:39,785][INFO] Iteration 108: Energy = 0.04160406
[2025-10-13 10:39:39,789][INFO] Iteration 109: Energy = 0.04160406
[2025-10-13 10:39:39,793][INFO] Iteration 110: Energy = 0.04160406
[2025-10-13 10:39:39,797][INFO] Iteration 111: Energy = 0.04160406
[2025-10-13 10:39:39,801][INFO] Iteration 112: Energy = 0.04160406
[2025-10-13 10:39:39,805][INFO] Iteration 113: Energy = 0.04160406
[2025-10-13 10:39:39,809][INFO] Iteration 114: Energy = 0.04160406
[2025-10-13 10:39:39,813][INFO] Iteration 115: Energy = 0.04160406
[2025-10-13 10:39:39,817][INFO] Iteration 116: Energy = 0.04160406
[2025-10-13 10:39:39,821][INFO] Iteration 117: Energy = 0.04160406
[2025-10-13 10:39:39,825][INFO] Iteration 118: Energy = 0.04160406
[2025-10-13 10:39:39,829][INFO] Iteration 119: Energy = 0.04160406
[2025-10-13 10:39:39,834][INFO] Iteration 120: Energy = 0.04160406
[2025-10-13 10:39:39,838][INFO] Iteration 121: Energy = 0.04160406
[2025-10-13 10:39:39,842][INFO] Iteration 122: Energy = 0.04160406
[2025-10-13 10:39:39,846][INFO] Iteration 123: Energy = 0.04160406
[2025-10-13 10:39:39,850][INFO] Iteration 124: Energy = 0.04160406
[2025-10-13 10:39:39,853][INFO] Iteration 125: Energy = 0.04160406
[2025-10-13 10:39:39,857][INFO] Iteration 126: Energy = 0.04160406
[2025-10-13 10:39:39,861][INFO] Iteration 127: Energy = 0.04160406
[2025-10-13 10:39:39,865][INFO] Iteration 128: Energy = 0.04160406
[2025-10-13 10:39:39,869][INFO] Iteration 129: Energy = 0.04160406
[2025-10-13 10:39:39,873][INFO] Iteration 130: Energy = 0.04160406
[2025-10-13 10:39:39,878][INFO] Iteration 131: Energy = 0.04160406
[2025-10-13 10:39:39,882][INFO] Iteration 132: Energy = 0.04160406
[2025-10-13 10:39:39,886][INFO] Iteration 133: Energy = 0.04160406
[2025-10-13 10:39:39,890][INFO] Iteration 134: Energy = 0.04160406
[2025-10-13 10:39:39,891][INFO] Completed VQE run 1: Energy = 0.041604
[2025-10-13 10:39:39,891][INFO] optimizer message: The lower bound for the trust-region radius has been reached
[2025-10-13 10:39:39,891][INFO] {
    "seed": 94813263,
    "session_id": null,
    "energy": 0.04160405950959056,
    "params": [
        0.11158143788339199,
        5.820823594961375,
        4.44490005959252
    ],
    "success": "True",
    "num_iters": 134,
    "run_time": "0:00:00.547805"
}
