[2025-08-04 17:02:35,343][INFO] Starting VQE run 83 (seed=72296822)
[2025-08-04 17:02:35,457][INFO] Adding RY(0.0, wires=[1]) increased overlap from 0.0 to 0.9490752423687744
[2025-08-04 17:02:35,670][INFO] Adding RY(0.0, wires=[2]) increased overlap from 0.9490752423687744 to 0.9990418188444196
[2025-08-04 17:02:40,120][INFO] Adding CRY(0.0, wires=[2, 1])) increased overlap from 0.9990418188444196 to 0.9999999999999898
[2025-08-04 17:02:41,001][INFO] Adding CRY(0.0, wires=[0, 2])) increased overlap from 0.9999999999999898 to 0.9999999999999944
[2025-08-04 17:02:41,001][INFO] gradient converged
[2025-08-04 17:02:41,001][INFO] Completed VQE run 3
[2025-08-04 17:02:41,001][INFO] Final ops list: [{'name': 'RY', 'param': 6.349984692491979, 'wires': [1]}, {'name': 'RY', 'param': 6.715023487709885, 'wires': [2]}, {'name': 'CRY', 'param': 6.185544160515547, 'wires': [2, 1]}]
[2025-08-04 17:02:41,001][INFO] Energy: 0.032010110009305426
[2025-08-05 09:39:10,196][INFO] Starting VQE run 83 (seed=109190389)
[2025-08-05 09:39:10,290][INFO] Adding RY(0.0, wires=[1]) increased overlap from 0.0 to 0.9490752421243682
[2025-08-05 09:39:10,547][INFO] Adding RY(0.0, wires=[2]) increased overlap from 0.9490752421243682 to 0.9990418180743396
[2025-08-05 09:39:11,756][INFO] Adding CRY(0.0, wires=[2, 1])) increased overlap from 0.9990418180743396 to 0.9999999999999925
[2025-08-05 09:39:13,482][INFO] Adding CRY(0.0, wires=[0, 1])) had small change in overlap from 0.9999999999999925 to 0.999999999999986
[2025-08-05 09:39:13,483][INFO] gradient converged
[2025-08-05 09:39:13,483][INFO] Completed VQE run 3
[2025-08-05 09:39:13,483][INFO] Final ops list: [{'name': 'RY', 'param': 6.349984696614034, 'wires': [1]}, {'name': 'RY', 'param': 6.715023518275143, 'wires': [2]}, {'name': 'CRY', 'param': 6.185544204166252, 'wires': [2, 1]}]
[2025-08-05 09:39:13,483][INFO] Energy: 0.0320101100092979
[2025-08-05 09:40:40,545][INFO] Starting VQE run 83 (seed=76085365)
[2025-08-05 09:40:40,671][INFO] Adding RY(0.0, wires=[1]) increased overlap from 0.0 to 0.949075243876873
[2025-08-05 09:40:40,899][INFO] Adding RY(0.0, wires=[2]) increased overlap from 0.949075243876873 to 0.9990418166532918
[2025-08-05 09:40:42,598][INFO] Adding CRY(0.0, wires=[2, 1])) increased overlap from 0.9990418166532918 to 0.9999999999999949
[2025-08-05 09:40:44,200][INFO] Adding CRY(0.0, wires=[0, 1])) had small change in overlap from 0.9999999999999949 to 0.999999999999988
[2025-08-05 09:40:44,201][INFO] gradient converged
[2025-08-05 09:40:44,201][INFO] Completed VQE run 3
[2025-08-05 09:40:44,201][INFO] Final ops list: [{'name': 'RY', 'param': 6.349984712274174, 'wires': [1]}, {'name': 'RY', 'param': 6.715023542186486, 'wires': [2]}, {'name': 'CRY', 'param': 6.185544247525962, 'wires': [2, 1]}]
[2025-08-05 09:40:44,201][INFO] Energy: 0.03201011000929654
