[2025-08-04 17:02:35,347][INFO] Starting VQE run 92 (seed=58738025)
[2025-08-04 17:02:35,456][INFO] Adding RY(0.0, wires=[1]) increased overlap from 0.0 to 0.9490752423206993
[2025-08-04 17:02:35,675][INFO] Adding RY(0.0, wires=[2]) increased overlap from 0.9490752423206993 to 0.9990418226084553
[2025-08-04 17:02:36,551][INFO] Adding CRY(0.0, wires=[2, 1])) increased overlap from 0.9990418226084553 to 0.9999999999999902
[2025-08-04 17:02:38,638][INFO] Adding CRY(0.0, wires=[0, 1])) increased overlap from 0.9999999999999902 to 0.9999999999999913
[2025-08-04 17:02:38,639][INFO] gradient converged
[2025-08-04 17:02:38,639][INFO] Completed VQE run 3
[2025-08-04 17:02:38,639][INFO] Final ops list: [{'name': 'RY', 'param': 0.06679965202020641, 'wires': [1]}, {'name': 'RY', 'param': -0.43183844342788485, 'wires': [2]}, {'name': 'CRY', 'param': -0.09764069607789667, 'wires': [2, 1]}]
[2025-08-04 17:02:38,639][INFO] Energy: 0.03201011000927531
[2025-08-05 09:39:10,237][INFO] Starting VQE run 92 (seed=96169747)
[2025-08-05 09:39:10,356][INFO] Adding RY(0.0, wires=[1]) increased overlap from 0.0 to 0.949075242403527
[2025-08-05 09:39:10,625][INFO] Adding RY(0.0, wires=[2]) increased overlap from 0.949075242403527 to 0.999041819745079
[2025-08-05 09:39:11,670][INFO] Adding CRY(0.0, wires=[2, 1])) increased overlap from 0.999041819745079 to 0.9999999999999909
[2025-08-05 09:39:13,593][INFO] Adding CRY(0.0, wires=[0, 1])) had small change in overlap from 0.9999999999999909 to 0.99999999999994
[2025-08-05 09:39:13,593][INFO] gradient converged
[2025-08-05 09:39:13,593][INFO] Completed VQE run 3
[2025-08-05 09:39:13,593][INFO] Final ops list: [{'name': 'RY', 'param': 0.0667996310448816, 'wires': [1]}, {'name': 'RY', 'param': -0.43183845106607016, 'wires': [2]}, {'name': 'CRY', 'param': -0.09764065880360887, 'wires': [2, 1]}]
[2025-08-05 09:39:13,593][INFO] Energy: 0.03201011000952393
[2025-08-05 09:40:40,585][INFO] Starting VQE run 92 (seed=63065533)
[2025-08-05 09:40:40,673][INFO] Adding RY(0.0, wires=[1]) increased overlap from 0.0 to 0.9490752420853429
[2025-08-05 09:40:40,915][INFO] Adding RY(0.0, wires=[2]) increased overlap from 0.9490752420853429 to 0.9990418194259283
[2025-08-05 09:40:51,517][INFO] Adding CRY(0.0, wires=[2, 1])) increased overlap from 0.9990418194259283 to 0.9999999999999969
[2025-08-05 09:40:53,439][INFO] Adding CRY(0.0, wires=[0, 1])) had small change in overlap from 0.9999999999999969 to 0.9999999999999878
[2025-08-05 09:40:53,439][INFO] gradient converged
[2025-08-05 09:40:53,439][INFO] Completed VQE run 3
[2025-08-05 09:40:53,439][INFO] Final ops list: [{'name': 'RY', 'param': 0.06679943248223821, 'wires': [1]}, {'name': 'RY', 'param': 0.4318382557240083, 'wires': [2]}, {'name': 'CRY', 'param': 6.185544270207399, 'wires': [2, 1]}]
[2025-08-05 09:40:53,439][INFO] Energy: 0.03201011000929781
