[2025-08-04 17:02:35,312][INFO] Starting VQE run 48 (seed=29003530)
[2025-08-04 17:02:35,388][INFO] Adding RY(0.0, wires=[1]) increased overlap from 0.0 to 0.9490752433789066
[2025-08-04 17:02:35,644][INFO] Adding RY(0.0, wires=[2]) increased overlap from 0.9490752433789066 to 0.9990418221439542
[2025-08-04 17:02:45,330][INFO] Adding CRY(0.0, wires=[2, 1])) decreased overlap from 0.9990418221439542 to 0.9827974774686116.. skipping this gate
[2025-08-04 17:02:45,330][INFO] gradient converged
[2025-08-04 17:02:45,330][INFO] Completed VQE run 2
[2025-08-04 17:02:45,330][INFO] Final ops list: [{'name': 'RY', 'param': 0.11158135812226617, 'wires': [1]}, {'name': 'RY', 'param': -0.46236161324914427, 'wires': [2]}]
[2025-08-04 17:02:45,330][INFO] Energy: 0.04160405950964805
[2025-08-05 09:39:10,188][INFO] Starting VQE run 48 (seed=63804272)
[2025-08-05 09:39:10,262][INFO] Adding RY(0.0, wires=[1]) increased overlap from 0.0 to 0.949075243960765
[2025-08-05 09:39:10,481][INFO] Adding RY(0.0, wires=[2]) increased overlap from 0.949075243960765 to 0.9990418172457866
[2025-08-05 09:39:12,747][INFO] Adding CRY(0.0, wires=[2, 1])) increased overlap from 0.9990418172457866 to 0.9999999999999916
[2025-08-05 09:39:13,400][INFO] Adding CRY(0.0, wires=[0, 2])) increased overlap from 0.9999999999999916 to 0.9999999999999953
[2025-08-05 09:39:13,400][INFO] gradient converged
[2025-08-05 09:39:13,400][INFO] Completed VQE run 3
[2025-08-05 09:39:13,400][INFO] Final ops list: [{'name': 'RY', 'param': 6.349984700527814, 'wires': [1]}, {'name': 'RY', 'param': 6.7150235031468855, 'wires': [2]}, {'name': 'CRY', 'param': 6.185544175514511, 'wires': [2, 1]}]
[2025-08-05 09:39:13,400][INFO] Energy: 0.032010110009265964
[2025-08-05 09:40:40,443][INFO] Starting VQE run 48 (seed=30696098)
[2025-08-05 09:40:40,582][INFO] Adding RY(0.0, wires=[1]) increased overlap from 0.0 to 0.9490752422073883
[2025-08-05 09:40:40,828][INFO] Adding RY(0.0, wires=[2]) increased overlap from 0.9490752422073883 to 0.9990418185841546
[2025-08-05 09:40:41,819][INFO] Adding CRY(0.0, wires=[2, 1])) increased overlap from 0.9990418185841546 to 0.9999999999999918
[2025-08-05 09:40:43,392][INFO] Adding CRY(0.0, wires=[0, 1])) had small change in overlap from 0.9999999999999918 to 0.999999999999952
[2025-08-05 09:40:43,392][INFO] gradient converged
[2025-08-05 09:40:43,392][INFO] Completed VQE run 3
[2025-08-05 09:40:43,392][INFO] Final ops list: [{'name': 'RY', 'param': 6.349984688692688, 'wires': [1]}, {'name': 'RY', 'param': 6.715023512968924, 'wires': [2]}, {'name': 'CRY', 'param': 6.185544201154873, 'wires': [2, 1]}]
[2025-08-05 09:40:43,392][INFO] Energy: 0.03201011000945161
