[2025-08-04 17:02:35,279][INFO] Starting VQE run 5 (seed=25197344)
[2025-08-04 17:02:35,350][INFO] Adding RY(0.0, wires=[1]) increased overlap from 0.0 to 0.9490752421851557
[2025-08-04 17:02:35,606][INFO] Adding RY(0.0, wires=[2]) increased overlap from 0.9490752421851557 to 0.9990418203693565
[2025-08-04 17:02:44,329][INFO] Adding CRY(0.0, wires=[2, 1])) increased overlap from 0.9990418203693565 to 0.9999999999999856
[2025-08-04 17:02:45,902][INFO] Adding CRY(0.0, wires=[0, 1])) had small change in overlap from 0.9999999999999856 to 0.9999999999999749
[2025-08-04 17:02:45,902][INFO] gradient converged
[2025-08-04 17:02:45,902][INFO] Completed VQE run 3
[2025-08-04 17:02:45,902][INFO] Final ops list: [{'name': 'RY', 'param': 0.06679934134682361, 'wires': [1]}, {'name': 'RY', 'param': 0.4318381722526205, 'wires': [2]}, {'name': 'CRY', 'param': 6.185544118355307, 'wires': [2, 1]}]
[2025-08-04 17:02:45,902][INFO] Energy: 0.032010110009360444
[2025-08-05 09:39:10,172][INFO] Starting VQE run 5 (seed=57426901)
[2025-08-05 09:39:10,242][INFO] Adding RY(0.0, wires=[1]) increased overlap from 0.0 to 0.9490752434534564
[2025-08-05 09:39:10,453][INFO] Adding RY(0.0, wires=[2]) increased overlap from 0.9490752434534564 to 0.9990418217026964
[2025-08-05 09:39:11,180][INFO] Adding CRY(0.0, wires=[2, 1])) increased overlap from 0.9990418217026964 to 0.9999999999999882
[2025-08-05 09:39:12,957][INFO] Adding CRY(0.0, wires=[0, 1])) had small change in overlap from 0.9999999999999882 to 0.9999999999999398
[2025-08-05 09:39:12,957][INFO] gradient converged
[2025-08-05 09:39:12,957][INFO] Completed VQE run 3
[2025-08-05 09:39:12,957][INFO] Final ops list: [{'name': 'RY', 'param': 0.06679966327914501, 'wires': [1]}, {'name': 'RY', 'param': -0.43183845515839414, 'wires': [2]}, {'name': 'CRY', 'param': -0.09764065918925674, 'wires': [2, 1]}]
[2025-08-05 09:39:12,957][INFO] Energy: 0.032010110009507695
[2025-08-05 09:40:40,338][INFO] Starting VQE run 5 (seed=24314857)
[2025-08-05 09:40:40,401][INFO] Adding RY(0.0, wires=[1]) increased overlap from 0.0 to 0.9490752436478646
[2025-08-05 09:40:40,568][INFO] Adding RY(0.0, wires=[2]) increased overlap from 0.9490752436478646 to 0.9990418203189593
[2025-08-05 09:40:41,380][INFO] Adding CRY(0.0, wires=[2, 1])) increased overlap from 0.9990418203189593 to 0.9999999999999947
[2025-08-05 09:40:42,899][INFO] Adding CRY(0.0, wires=[0, 1])) had small change in overlap from 0.9999999999999947 to 0.999999999999976
[2025-08-05 09:40:42,899][INFO] gradient converged
[2025-08-05 09:40:42,899][INFO] Completed VQE run 3
[2025-08-05 09:40:42,899][INFO] Final ops list: [{'name': 'RY', 'param': 6.349984922573126, 'wires': [1]}, {'name': 'RY', 'param': 6.715023712947644, 'wires': [2]}, {'name': 'CRY', 'param': 6.18554455381465, 'wires': [2, 1]}]
[2025-08-05 09:40:42,899][INFO] Energy: 0.032010110009345456
