[2025-08-04 17:02:35,352][INFO] Starting VQE run 98 (seed=90851090)
[2025-08-04 17:02:35,462][INFO] Adding RY(0.0, wires=[1]) increased overlap from 0.0 to 0.9490752427108353
[2025-08-04 17:02:35,633][INFO] Adding RY(0.0, wires=[2]) increased overlap from 0.9490752427108353 to 0.9990418187548971
[2025-08-04 17:02:39,112][INFO] Adding CRY(0.0, wires=[2, 1])) increased overlap from 0.9990418187548971 to 0.9999999999999916
[2025-08-04 17:02:40,526][INFO] Adding CRY(0.0, wires=[0, 1])) had small change in overlap from 0.9999999999999916 to 0.9999999999999403
[2025-08-04 17:02:40,526][INFO] gradient converged
[2025-08-04 17:02:40,527][INFO] Completed VQE run 3
[2025-08-04 17:02:40,527][INFO] Final ops list: [{'name': 'RY', 'param': 6.3499846917215095, 'wires': [1]}, {'name': 'RY', 'param': 6.715023509586511, 'wires': [2]}, {'name': 'CRY', 'param': 6.185544208590459, 'wires': [2, 1]}]
[2025-08-04 17:02:40,527][INFO] Energy: 0.03201011000953853
[2025-08-05 09:39:10,198][INFO] Starting VQE run 98 (seed=5184793)
[2025-08-05 09:39:10,290][INFO] Adding RY(0.0, wires=[1]) increased overlap from 0.0 to 0.9490752419985815
[2025-08-05 09:39:10,522][INFO] Adding RY(0.0, wires=[2]) increased overlap from 0.9490752419985815 to 0.9990418180188974
[2025-08-05 09:39:20,048][INFO] Adding CRY(0.0, wires=[2, 1])) increased overlap from 0.9990418180188974 to 0.9999999999999942
[2025-08-05 09:39:21,641][INFO] Adding CRY(0.0, wires=[0, 1])) had small change in overlap from 0.9999999999999942 to 0.9999999999999849
[2025-08-05 09:39:21,641][INFO] gradient converged
[2025-08-05 09:39:21,641][INFO] Completed VQE run 3
[2025-08-05 09:39:21,641][INFO] Final ops list: [{'name': 'RY', 'param': 0.0667994076031474, 'wires': [1]}, {'name': 'RY', 'param': 0.43183822370962444, 'wires': [2]}, {'name': 'CRY', 'param': 6.185544237756181, 'wires': [2, 1]}]
[2025-08-05 09:39:21,641][INFO] Energy: 0.0320101100093108
[2025-08-05 09:40:40,401][INFO] Starting VQE run 98 (seed=95537908)
[2025-08-05 09:40:40,498][INFO] Adding RY(0.0, wires=[1]) increased overlap from 0.0 to 0.9490752434847947
[2025-08-05 09:40:40,673][INFO] Adding RY(0.0, wires=[2]) increased overlap from 0.9490752434847947 to 0.9990418170715721
[2025-08-05 09:40:44,343][INFO] Adding CRY(0.0, wires=[2, 1])) increased overlap from 0.9990418170715721 to 0.9999999999999991
[2025-08-05 09:40:45,912][INFO] Adding CRY(0.0, wires=[0, 1])) had small change in overlap from 0.9999999999999991 to 0.9999999999999845
[2025-08-05 09:40:45,912][INFO] gradient converged
[2025-08-05 09:40:45,912][INFO] Completed VQE run 3
[2025-08-05 09:40:45,912][INFO] Final ops list: [{'name': 'RY', 'param': 6.349984782875997, 'wires': [1]}, {'name': 'RY', 'param': 6.715023585442506, 'wires': [2]}, {'name': 'CRY', 'param': 6.185544322030636, 'wires': [2, 1]}]
[2025-08-05 09:40:45,912][INFO] Energy: 0.03201011000931142
