[2025-08-04 17:02:35,350][INFO] Starting VQE run 96 (seed=38994472)
[2025-08-04 17:02:35,427][INFO] Adding RY(0.0, wires=[1]) increased overlap from 0.0 to 0.9490752422579085
[2025-08-04 17:02:35,669][INFO] Adding RY(0.0, wires=[2]) increased overlap from 0.9490752422579085 to 0.9990418185471056
[2025-08-04 17:02:36,797][INFO] Adding CRY(0.0, wires=[2, 1])) increased overlap from 0.9990418185471056 to 0.9999999999999956
[2025-08-04 17:02:38,337][INFO] Adding CRY(0.0, wires=[0, 1])) had small change in overlap from 0.9999999999999956 to 0.9999999999999447
[2025-08-04 17:02:38,337][INFO] gradient converged
[2025-08-04 17:02:38,337][INFO] Completed VQE run 3
[2025-08-04 17:02:38,337][INFO] Final ops list: [{'name': 'RY', 'param': 6.349984720648047, 'wires': [1]}, {'name': 'RY', 'param': 6.715023552289938, 'wires': [2]}, {'name': 'CRY', 'param': 6.1855442476963765, 'wires': [2, 1]}]
[2025-08-04 17:02:38,337][INFO] Energy: 0.03201011000950337
[2025-08-05 09:39:10,197][INFO] Starting VQE run 96 (seed=76665374)
[2025-08-05 09:39:10,270][INFO] Adding RY(0.0, wires=[1]) increased overlap from 0.0 to 0.9490752421711336
[2025-08-05 09:39:10,465][INFO] Adding RY(0.0, wires=[2]) increased overlap from 0.9490752421711336 to 0.9990418182971278
[2025-08-05 09:39:11,329][INFO] Adding CRY(0.0, wires=[2, 1])) increased overlap from 0.9990418182971278 to 0.9999999999999858
[2025-08-05 09:39:11,907][INFO] Adding CRY(0.0, wires=[0, 2])) had small change in overlap from 0.9999999999999858 to 0.9999999999999838
[2025-08-05 09:39:11,907][INFO] gradient converged
[2025-08-05 09:39:11,907][INFO] Completed VQE run 3
[2025-08-05 09:39:11,907][INFO] Final ops list: [{'name': 'RY', 'param': 6.349984670017507, 'wires': [1]}, {'name': 'RY', 'param': 6.715023463179147, 'wires': [2]}, {'name': 'CRY', 'param': 6.185544125091535, 'wires': [2, 1]}]
[2025-08-05 09:39:11,907][INFO] Energy: 0.03201011000930351
[2025-08-05 09:40:40,592][INFO] Starting VQE run 96 (seed=43561520)
[2025-08-05 09:40:40,659][INFO] Adding RY(0.0, wires=[1]) increased overlap from 0.0 to 0.9490752425437521
[2025-08-05 09:40:40,878][INFO] Adding RY(0.0, wires=[2]) increased overlap from 0.9490752425437521 to 0.9990418187222295
[2025-08-05 09:40:42,877][INFO] Adding CRY(0.0, wires=[2, 1])) increased overlap from 0.9990418187222295 to 0.9999999999999831
[2025-08-05 09:40:44,637][INFO] Adding CRY(0.0, wires=[0, 2])) increased overlap from 0.9999999999999831 to 0.9999999999999882
[2025-08-05 09:40:44,637][INFO] gradient converged
[2025-08-05 09:40:44,637][INFO] Completed VQE run 3
[2025-08-05 09:40:44,638][INFO] Final ops list: [{'name': 'RY', 'param': 6.349984652700658, 'wires': [1]}, {'name': 'RY', 'param': 6.715023447159225, 'wires': [2]}, {'name': 'CRY', 'param': 6.185544118191677, 'wires': [2, 1]}]
[2025-08-05 09:40:44,638][INFO] Energy: 0.03201011000928617
