[2025-08-04 17:02:35,309][INFO] Starting VQE run 43 (seed=22818774)
[2025-08-04 17:02:35,439][INFO] Adding RY(0.0, wires=[1]) increased overlap from 0.0 to 0.9490752437628672
[2025-08-04 17:02:35,661][INFO] Adding RY(0.0, wires=[2]) increased overlap from 0.9490752437628672 to 0.999041816815987
[2025-08-04 17:02:41,053][INFO] Adding CRY(0.0, wires=[2, 1])) increased overlap from 0.999041816815987 to 0.9999999999999782
[2025-08-04 17:02:42,554][INFO] Adding CRY(0.0, wires=[0, 1])) had small change in overlap from 0.9999999999999782 to 0.9999999999999658
[2025-08-04 17:02:42,555][INFO] gradient converged
[2025-08-04 17:02:42,555][INFO] Completed VQE run 3
[2025-08-04 17:02:42,555][INFO] Final ops list: [{'name': 'RY', 'param': 6.349984615122774, 'wires': [1]}, {'name': 'RY', 'param': 6.715023443328364, 'wires': [2]}, {'name': 'CRY', 'param': 6.185544063648866, 'wires': [2, 1]}]
[2025-08-04 17:02:42,555][INFO] Energy: 0.03201011000941192
[2025-08-05 09:39:10,182][INFO] Starting VQE run 43 (seed=57320541)
[2025-08-05 09:39:10,258][INFO] Adding RY(0.0, wires=[1]) increased overlap from 0.0 to 0.9490752421216814
[2025-08-05 09:39:10,470][INFO] Adding RY(0.0, wires=[2]) increased overlap from 0.9490752421216814 to 0.9990418201415979
[2025-08-05 09:39:18,800][INFO] Adding CRY(0.0, wires=[2, 1])) increased overlap from 0.9990418201415979 to 0.9999999999999891
[2025-08-05 09:39:19,274][INFO] Adding CRY(0.0, wires=[0, 2])) increased overlap from 0.9999999999999891 to 0.9999999999999964
[2025-08-05 09:39:19,274][INFO] gradient converged
[2025-08-05 09:39:19,274][INFO] Completed VQE run 3
[2025-08-05 09:39:19,274][INFO] Final ops list: [{'name': 'RY', 'param': 0.06679938389933632, 'wires': [1]}, {'name': 'RY', 'param': 0.43183817204925506, 'wires': [2]}, {'name': 'CRY', 'param': 6.185544161742063, 'wires': [2, 1]}]
[2025-08-05 09:39:19,274][INFO] Energy: 0.03201011000925427
[2025-08-05 09:40:40,436][INFO] Starting VQE run 43 (seed=24211917)
[2025-08-05 09:40:40,508][INFO] Adding RY(0.0, wires=[1]) increased overlap from 0.0 to 0.9490752420968049
[2025-08-05 09:40:40,703][INFO] Adding RY(0.0, wires=[2]) increased overlap from 0.9490752420968049 to 0.9990418189919037
[2025-08-05 09:40:50,510][INFO] Adding CRY(0.0, wires=[2, 1])) increased overlap from 0.9990418189919037 to 0.9999999999999865
[2025-08-05 09:40:51,899][INFO] Adding CRY(0.0, wires=[0, 1])) had small change in overlap from 0.9999999999999865 to 0.9999999999999651
[2025-08-05 09:40:51,899][INFO] gradient converged
[2025-08-05 09:40:51,899][INFO] Completed VQE run 3
[2025-08-05 09:40:51,899][INFO] Final ops list: [{'name': 'RY', 'param': 0.06679934678962252, 'wires': [1]}, {'name': 'RY', 'param': 0.43183817920752876, 'wires': [2]}, {'name': 'CRY', 'param': 6.185544135562004, 'wires': [2, 1]}]
[2025-08-05 09:40:51,899][INFO] Energy: 0.032010110009391766
