[2025-08-04 17:02:35,305][INFO] Starting VQE run 32 (seed=107977742)
[2025-08-04 17:02:35,434][INFO] Adding RY(0.0, wires=[1]) increased overlap from 0.0 to 0.9490752439252553
[2025-08-04 17:02:35,666][INFO] Adding RY(0.0, wires=[2]) increased overlap from 0.9490752439252553 to 0.9990418203307344
[2025-08-04 17:02:45,388][INFO] Adding CRY(0.0, wires=[2, 1])) had small change in overlap from 0.9990418203307344 to 0.9970995703856179
[2025-08-04 17:02:45,857][INFO] Adding CRY(0.0, wires=[0, 2])) increased overlap from 0.9970995703856179 to 0.9999999999999949
[2025-08-04 17:02:47,995][INFO] Adding RY(0.0, wires=[2]) increased overlap from 0.9999999999999949 to 0.9999999999999967
[2025-08-04 17:02:47,995][INFO] gradient converged
[2025-08-04 17:02:47,995][INFO] Completed VQE run 4
[2025-08-04 17:02:47,995][INFO] Final ops list: [{'name': 'RY', 'param': 0.08545657365023576, 'wires': [1]}, {'name': 'RY', 'param': 1.6948695877399977, 'wires': [2]}, {'name': 'CRY', 'param': 6.242015403854099, 'wires': [2, 1]}, {'name': 'CRY', 'param': 1.263510408093323, 'wires': [0, 2]}]
[2025-08-04 17:02:47,995][INFO] Energy: 0.03201011000928803
[2025-08-05 09:39:10,180][INFO] Starting VQE run 32 (seed=18364975)
[2025-08-05 09:39:10,252][INFO] Adding RY(0.0, wires=[1]) increased overlap from 0.0 to 0.9490752419845598
[2025-08-05 09:39:10,467][INFO] Adding RY(0.0, wires=[2]) increased overlap from 0.9490752419845598 to 0.9990418169870452
[2025-08-05 09:39:12,497][INFO] Adding CRY(0.0, wires=[2, 1])) increased overlap from 0.9990418169870452 to 0.9999999999999976
[2025-08-05 09:39:13,891][INFO] Adding CRY(0.0, wires=[0, 1])) had small change in overlap from 0.9999999999999976 to 0.999999999999962
[2025-08-05 09:39:13,891][INFO] gradient converged
[2025-08-05 09:39:13,891][INFO] Completed VQE run 3
[2025-08-05 09:39:13,891][INFO] Final ops list: [{'name': 'RY', 'param': 6.3499847456174265, 'wires': [1]}, {'name': 'RY', 'param': 6.715023569105022, 'wires': [2]}, {'name': 'CRY', 'param': 6.185544291565779, 'wires': [2, 1]}]
[2025-08-05 09:39:13,891][INFO] Energy: 0.03201011000940841
[2025-08-05 09:40:40,386][INFO] Starting VQE run 32 (seed=108712150)
[2025-08-05 09:40:40,449][INFO] Adding RY(0.0, wires=[1]) increased overlap from 0.0 to 0.9490752424977955
[2025-08-05 09:40:40,609][INFO] Adding RY(0.0, wires=[2]) increased overlap from 0.9490752424977955 to 0.9990418165588225
[2025-08-05 09:40:41,465][INFO] Adding CRY(0.0, wires=[2, 1])) increased overlap from 0.9990418165588225 to 0.9999999999999931
[2025-08-05 09:40:42,851][INFO] Adding CRY(0.0, wires=[0, 1])) had small change in overlap from 0.9999999999999931 to 0.9999999999999234
[2025-08-05 09:40:42,851][INFO] gradient converged
[2025-08-05 09:40:42,851][INFO] Completed VQE run 3
[2025-08-05 09:40:42,851][INFO] Final ops list: [{'name': 'RY', 'param': 6.349984702316862, 'wires': [1]}, {'name': 'RY', 'param': 6.71502352432518, 'wires': [2]}, {'name': 'CRY', 'param': 6.1855442132492495, 'wires': [2, 1]}]
[2025-08-05 09:40:42,851][INFO] Energy: 0.032010110009587846
