[2025-08-04 17:02:35,283][INFO] Starting VQE run 64 (seed=73486107)
[2025-08-04 17:02:35,354][INFO] Adding RY(0.0, wires=[1]) increased overlap from 0.0 to 0.9490752435971632
[2025-08-04 17:02:35,562][INFO] Adding RY(0.0, wires=[2]) increased overlap from 0.9490752435971632 to 0.9990418198784874
[2025-08-04 17:02:44,860][INFO] Adding CRY(0.0, wires=[2, 1])) increased overlap from 0.9990418198784874 to 0.9999999999999922
[2025-08-04 17:02:45,286][INFO] Adding CRY(0.0, wires=[0, 2])) increased overlap from 0.9999999999999922 to 0.9999999999999991
[2025-08-04 17:02:45,286][INFO] gradient converged
[2025-08-04 17:02:45,286][INFO] Completed VQE run 3
[2025-08-04 17:02:45,286][INFO] Final ops list: [{'name': 'RY', 'param': 0.06679940308583669, 'wires': [1]}, {'name': 'RY', 'param': 0.4318381940332695, 'wires': [2]}, {'name': 'CRY', 'param': 6.185544195240427, 'wires': [2, 1]}]
[2025-08-04 17:02:45,286][INFO] Energy: 0.03201011000923881
[2025-08-05 09:39:10,207][INFO] Starting VQE run 64 (seed=109243569)
[2025-08-05 09:39:10,290][INFO] Adding RY(0.0, wires=[1]) increased overlap from 0.0 to 0.9490752439373294
[2025-08-05 09:39:10,497][INFO] Adding RY(0.0, wires=[2]) increased overlap from 0.9490752439373294 to 0.9990418199620105
[2025-08-05 09:39:11,293][INFO] Adding CRY(0.0, wires=[2, 1])) increased overlap from 0.9990418199620105 to 0.9999999999999805
[2025-08-05 09:39:11,987][INFO] Adding CRY(0.0, wires=[0, 2])) increased overlap from 0.9999999999999805 to 0.9999999999999962
[2025-08-05 09:39:11,987][INFO] gradient converged
[2025-08-05 09:39:11,987][INFO] Completed VQE run 3
[2025-08-05 09:39:11,987][INFO] Final ops list: [{'name': 'RY', 'param': 0.06679968971303298, 'wires': [1]}, {'name': 'RY', 'param': -0.4318385107929677, 'wires': [2]}, {'name': 'CRY', 'param': -0.09764057879306048, 'wires': [2, 1]}]
[2025-08-05 09:39:11,987][INFO] Energy: 0.032010110009252864
[2025-08-05 09:40:40,498][INFO] Starting VQE run 64 (seed=76136835)
[2025-08-05 09:40:40,560][INFO] Adding RY(0.0, wires=[1]) increased overlap from 0.0 to 0.9490752426976501
[2025-08-05 09:40:40,773][INFO] Adding RY(0.0, wires=[2]) increased overlap from 0.9490752426976501 to 0.9990418159880521
[2025-08-05 09:40:41,642][INFO] Adding CRY(0.0, wires=[2, 1])) increased overlap from 0.9990418159880521 to 0.9999999999999631
[2025-08-05 09:40:43,174][INFO] Adding CRY(0.0, wires=[0, 1])) had small change in overlap from 0.9999999999999631 to 0.9999999999998952
[2025-08-05 09:40:43,174][INFO] gradient converged
[2025-08-05 09:40:43,174][INFO] Completed VQE run 3
[2025-08-05 09:40:43,174][INFO] Final ops list: [{'name': 'RY', 'param': 6.349984554329011, 'wires': [1]}, {'name': 'RY', 'param': 6.7150233851114, 'wires': [2]}, {'name': 'CRY', 'param': 6.185543962160729, 'wires': [2, 1]}]
[2025-08-05 09:40:43,174][INFO] Energy: 0.032010110009740585
