[2025-08-04 17:02:35,347][INFO] Starting VQE run 88 (seed=78481578)
[2025-08-04 17:02:35,425][INFO] Adding RY(0.0, wires=[1]) increased overlap from 0.0 to 0.9490752419948513
[2025-08-04 17:02:35,601][INFO] Adding RY(0.0, wires=[2]) increased overlap from 0.9490752419948513 to 0.9990418176250914
[2025-08-04 17:02:36,472][INFO] Adding CRY(0.0, wires=[2, 1])) increased overlap from 0.9990418176250914 to 0.999999999999994
[2025-08-04 17:02:37,968][INFO] Adding CRY(0.0, wires=[0, 1])) had small change in overlap from 0.999999999999994 to 0.9999999999999547
[2025-08-04 17:02:37,969][INFO] gradient converged
[2025-08-04 17:02:37,969][INFO] Completed VQE run 3
[2025-08-04 17:02:37,969][INFO] Final ops list: [{'name': 'RY', 'param': 6.349984718824578, 'wires': [1]}, {'name': 'RY', 'param': 6.715023523414412, 'wires': [2]}, {'name': 'CRY', 'param': 6.185544196534727, 'wires': [2, 1]}]
[2025-08-04 17:02:37,969][INFO] Energy: 0.032010110009471196
[2025-08-05 09:39:10,237][INFO] Starting VQE run 88 (seed=115674120)
[2025-08-05 09:39:10,308][INFO] Adding RY(0.0, wires=[1]) increased overlap from 0.0 to 0.9490752436061627
[2025-08-05 09:39:10,500][INFO] Adding RY(0.0, wires=[2]) increased overlap from 0.9490752436061627 to 0.9990418205146051
[2025-08-05 09:39:18,846][INFO] Adding CRY(0.0, wires=[2, 1])) increased overlap from 0.9990418205146051 to 0.9999999999999698
[2025-08-05 09:39:19,302][INFO] Adding CRY(0.0, wires=[0, 2])) increased overlap from 0.9999999999999698 to 0.9999999999999947
[2025-08-05 09:39:19,302][INFO] gradient converged
[2025-08-05 09:39:19,302][INFO] Completed VQE run 3
[2025-08-05 09:39:19,302][INFO] Final ops list: [{'name': 'RY', 'param': 0.0667992828550597, 'wires': [1]}, {'name': 'RY', 'param': 0.4318380928730832, 'wires': [2]}, {'name': 'CRY', 'param': 6.1855439731847515, 'wires': [2, 1]}]
[2025-08-05 09:39:19,302][INFO] Energy: 0.032010110009258415
[2025-08-05 09:40:40,568][INFO] Starting VQE run 88 (seed=82569546)
[2025-08-05 09:40:40,651][INFO] Adding RY(0.0, wires=[1]) increased overlap from 0.0 to 0.9490752435017151
[2025-08-05 09:40:40,866][INFO] Adding RY(0.0, wires=[2]) increased overlap from 0.9490752435017151 to 0.9990418167588752
[2025-08-05 09:40:46,074][INFO] Adding CRY(0.0, wires=[2, 1])) increased overlap from 0.9990418167588752 to 0.9999999999999882
[2025-08-05 09:40:46,530][INFO] Adding CRY(0.0, wires=[0, 2])) increased overlap from 0.9999999999999882 to 0.9999999999999933
[2025-08-05 09:40:46,530][INFO] gradient converged
[2025-08-05 09:40:46,530][INFO] Completed VQE run 3
[2025-08-05 09:40:46,530][INFO] Final ops list: [{'name': 'RY', 'param': 6.3499846745266035, 'wires': [1]}, {'name': 'RY', 'param': 6.7150234852212565, 'wires': [2]}, {'name': 'CRY', 'param': 6.185544151257791, 'wires': [2, 1]}]
[2025-08-05 09:40:46,530][INFO] Energy: 0.03201011000926538
