[2025-08-04 17:02:35,308][INFO] Starting VQE run 39 (seed=42562327)
[2025-08-04 17:02:35,438][INFO] Adding RY(0.0, wires=[1]) increased overlap from 0.0 to 0.9490752439933646
[2025-08-04 17:02:35,657][INFO] Adding RY(0.0, wires=[2]) increased overlap from 0.9490752439933646 to 0.9990418179674505
[2025-08-04 17:02:38,203][INFO] Adding CRY(0.0, wires=[2, 1])) increased overlap from 0.9990418179674505 to 0.9999999999999851
[2025-08-04 17:02:39,159][INFO] Adding CRY(0.0, wires=[0, 2])) increased overlap from 0.9999999999999851 to 0.9999999999999971
[2025-08-04 17:02:39,159][INFO] gradient converged
[2025-08-04 17:02:39,159][INFO] Completed VQE run 3
[2025-08-04 17:02:39,159][INFO] Final ops list: [{'name': 'RY', 'param': 6.349984662114908, 'wires': [1]}, {'name': 'RY', 'param': 6.7150234606461945, 'wires': [2]}, {'name': 'CRY', 'param': 6.185544108561008, 'wires': [2, 1]}]
[2025-08-04 17:02:39,159][INFO] Energy: 0.032010110009269864
[2025-08-05 09:39:10,179][INFO] Starting VQE run 39 (seed=76824914)
[2025-08-05 09:39:10,251][INFO] Adding RY(0.0, wires=[1]) increased overlap from 0.0 to 0.9490752434533534
[2025-08-05 09:39:10,436][INFO] Adding RY(0.0, wires=[2]) increased overlap from 0.9490752434533534 to 0.9990418224383079
[2025-08-05 09:39:11,249][INFO] Adding CRY(0.0, wires=[2, 1])) increased overlap from 0.9990418224383079 to 0.9999999999999811
[2025-08-05 09:39:11,925][INFO] Adding CRY(0.0, wires=[0, 2])) increased overlap from 0.9999999999999811 to 0.9999999999999847
[2025-08-05 09:39:11,925][INFO] gradient converged
[2025-08-05 09:39:11,925][INFO] Completed VQE run 3
[2025-08-05 09:39:11,926][INFO] Final ops list: [{'name': 'RY', 'param': 0.0667996894909553, 'wires': [1]}, {'name': 'RY', 'param': -0.43183850406583374, 'wires': [2]}, {'name': 'CRY', 'param': -0.0976405690664772, 'wires': [2, 1]}]
[2025-08-05 09:39:11,926][INFO] Energy: 0.032010110009298515
[2025-08-05 09:40:40,400][INFO] Starting VQE run 39 (seed=43715930)
[2025-08-05 09:40:40,486][INFO] Adding RY(0.0, wires=[1]) increased overlap from 0.0 to 0.9490752434678497
[2025-08-05 09:40:40,664][INFO] Adding RY(0.0, wires=[2]) increased overlap from 0.9490752434678497 to 0.9990418207027225
[2025-08-05 09:40:41,090][INFO] Adding CRY(0.0, wires=[2, 1])) increased overlap from 0.9990418207027225 to 0.9999999999999856
[2025-08-05 09:40:42,559][INFO] Adding CRY(0.0, wires=[0, 1])) had small change in overlap from 0.9999999999999856 to 0.9999999999999827
[2025-08-05 09:40:42,560][INFO] gradient converged
[2025-08-05 09:40:42,560][INFO] Completed VQE run 3
[2025-08-05 09:40:42,560][INFO] Final ops list: [{'name': 'RY', 'param': 0.06679934212249246, 'wires': [1]}, {'name': 'RY', 'param': -0.4318381760040574, 'wires': [2]}, {'name': 'CRY', 'param': -0.09764118893428889, 'wires': [2, 1]}]
[2025-08-05 09:40:42,560][INFO] Energy: 0.03201011000932128
