[2025-08-04 17:02:35,342][INFO] Starting VQE run 78 (seed=66112066)
[2025-08-04 17:02:35,423][INFO] Adding RY(0.0, wires=[1]) increased overlap from 0.0 to 0.9490752435141625
[2025-08-04 17:02:35,684][INFO] Adding RY(0.0, wires=[2]) increased overlap from 0.9490752435141625 to 0.9990418179641295
[2025-08-04 17:02:41,703][INFO] Adding CRY(0.0, wires=[2, 1])) increased overlap from 0.9990418179641295 to 0.999999999999996
[2025-08-04 17:02:43,289][INFO] Adding CRY(0.0, wires=[0, 1])) had small change in overlap from 0.999999999999996 to 0.9999999999999807
[2025-08-04 17:02:43,289][INFO] gradient converged
[2025-08-04 17:02:43,289][INFO] Completed VQE run 3
[2025-08-04 17:02:43,289][INFO] Final ops list: [{'name': 'RY', 'param': 0.0667994248258809, 'wires': [1]}, {'name': 'RY', 'param': 6.715023553362878, 'wires': [2]}, {'name': 'CRY', 'param': 6.1855442656550155, 'wires': [2, 1]}]
[2025-08-04 17:02:43,289][INFO] Energy: 0.03201011000932504
[2025-08-05 09:39:10,231][INFO] Starting VQE run 78 (seed=102706658)
[2025-08-05 09:39:10,303][INFO] Adding RY(0.0, wires=[1]) increased overlap from 0.0 to 0.9490752437518838
[2025-08-05 09:39:10,525][INFO] Adding RY(0.0, wires=[2]) increased overlap from 0.9490752437518838 to 0.9990418183374428
[2025-08-05 09:39:12,831][INFO] Adding CRY(0.0, wires=[2, 1])) increased overlap from 0.9990418183374428 to 0.9999999999999956
[2025-08-05 09:39:14,391][INFO] Adding CRY(0.0, wires=[0, 1])) had small change in overlap from 0.9999999999999956 to 0.9999999999999853
[2025-08-05 09:39:14,392][INFO] gradient converged
[2025-08-05 09:39:14,392][INFO] Completed VQE run 3
[2025-08-05 09:39:14,392][INFO] Final ops list: [{'name': 'RY', 'param': 6.34998471986739, 'wires': [1]}, {'name': 'RY', 'param': 6.715023550010657, 'wires': [2]}, {'name': 'CRY', 'param': 6.185544260637712, 'wires': [2, 1]}]
[2025-08-05 09:39:14,392][INFO] Energy: 0.032010110009315605
[2025-08-05 09:40:40,540][INFO] Starting VQE run 78 (seed=69601184)
[2025-08-05 09:40:40,643][INFO] Adding RY(0.0, wires=[1]) increased overlap from 0.0 to 0.9490752419757684
[2025-08-05 09:40:40,852][INFO] Adding RY(0.0, wires=[2]) increased overlap from 0.9490752419757684 to 0.9990418200752149
[2025-08-05 09:40:41,607][INFO] Adding CRY(0.0, wires=[2, 1])) increased overlap from 0.9990418200752149 to 0.9999999999999907
[2025-08-05 09:40:42,426][INFO] Adding CRY(0.0, wires=[0, 2])) increased overlap from 0.9999999999999907 to 0.9999999999999962
[2025-08-05 09:40:42,426][INFO] gradient converged
[2025-08-05 09:40:42,426][INFO] Completed VQE run 3
[2025-08-05 09:40:42,426][INFO] Final ops list: [{'name': 'RY', 'param': 6.349984945048551, 'wires': [1]}, {'name': 'RY', 'param': 6.715023753156973, 'wires': [2]}, {'name': 'CRY', 'param': 6.18554465493468, 'wires': [2, 1]}]
[2025-08-05 09:40:42,426][INFO] Energy: 0.03201011000925597
