[2025-08-04 17:02:35,276][INFO] Starting VQE run 4 (seed=122725824)
[2025-08-04 17:02:35,345][INFO] Adding RY(0.0, wires=[1]) increased overlap from 0.0 to 0.9490752422063171
[2025-08-04 17:02:35,596][INFO] Adding RY(0.0, wires=[2]) increased overlap from 0.9490752422063171 to 0.999041819587719
[2025-08-04 17:02:45,292][INFO] Adding CRY(0.0, wires=[2, 1])) decreased overlap from 0.999041819587719 to 0.9681521845084463.. skipping this gate
[2025-08-04 17:02:45,292][INFO] gradient converged
[2025-08-04 17:02:45,292][INFO] Completed VQE run 2
[2025-08-04 17:02:45,292][INFO] Final ops list: [{'name': 'RY', 'param': 0.11158142204943246, 'wires': [1]}, {'name': 'RY', 'param': -0.4623616751129211, 'wires': [2]}]
[2025-08-04 17:02:45,292][INFO] Energy: 0.04160405950962543
[2025-08-05 09:39:10,172][INFO] Starting VQE run 4 (seed=31438797)
[2025-08-05 09:39:10,240][INFO] Adding RY(0.0, wires=[1]) increased overlap from 0.0 to 0.9490752434536748
[2025-08-05 09:39:10,446][INFO] Adding RY(0.0, wires=[2]) increased overlap from 0.9490752434536748 to 0.999041819096546
[2025-08-05 09:39:11,218][INFO] Adding CRY(0.0, wires=[2, 1])) increased overlap from 0.999041819096546 to 0.9999999999999973
[2025-08-05 09:39:12,724][INFO] Adding CRY(0.0, wires=[0, 1])) had small change in overlap from 0.9999999999999973 to 0.999999999999968
[2025-08-05 09:39:12,724][INFO] gradient converged
[2025-08-05 09:39:12,724][INFO] Completed VQE run 3
[2025-08-05 09:39:12,724][INFO] Final ops list: [{'name': 'RY', 'param': 6.349984881154743, 'wires': [1]}, {'name': 'RY', 'param': 6.715023704917695, 'wires': [2]}, {'name': 'CRY', 'param': 6.185544532203513, 'wires': [2, 1]}]
[2025-08-05 09:39:12,724][INFO] Energy: 0.03201011000940435
[2025-08-05 09:40:40,336][INFO] Starting VQE run 4 (seed=121783452)
[2025-08-05 09:40:40,403][INFO] Adding RY(0.0, wires=[1]) increased overlap from 0.0 to 0.9490752435688352
[2025-08-05 09:40:40,581][INFO] Adding RY(0.0, wires=[2]) increased overlap from 0.9490752435688352 to 0.9990418178614866
[2025-08-05 09:40:41,364][INFO] Adding CRY(0.0, wires=[2, 1])) increased overlap from 0.9990418178614866 to 0.9999999999999707
[2025-08-05 09:40:43,161][INFO] Adding CRY(0.0, wires=[0, 1])) increased overlap from 0.9999999999999707 to 0.9999999999999798
[2025-08-05 09:40:43,162][INFO] gradient converged
[2025-08-05 09:40:43,162][INFO] Completed VQE run 3
[2025-08-05 09:40:43,162][INFO] Final ops list: [{'name': 'RY', 'param': 6.34998505384998, 'wires': [1]}, {'name': 'RY', 'param': 6.715023842364401, 'wires': [2]}, {'name': 'CRY', 'param': 6.18554478627572, 'wires': [2, 1]}]
[2025-08-05 09:40:43,162][INFO] Energy: 0.03201011000934175
