[2025-08-04 17:02:35,339][INFO] Starting VQE run 75 (seed=111783928)
[2025-08-04 17:02:35,452][INFO] Adding RY(0.0, wires=[1]) increased overlap from 0.0 to 0.9490752423537031
[2025-08-04 17:02:35,663][INFO] Adding RY(0.0, wires=[2]) increased overlap from 0.9490752423537031 to 0.9990418197892287
[2025-08-04 17:02:36,454][INFO] Adding CRY(0.0, wires=[2, 1])) increased overlap from 0.9990418197892287 to 0.9999999999999833
[2025-08-04 17:02:37,956][INFO] Adding CRY(0.0, wires=[0, 1])) had small change in overlap from 0.9999999999999833 to 0.9999999999999754
[2025-08-04 17:02:37,956][INFO] gradient converged
[2025-08-04 17:02:37,956][INFO] Completed VQE run 3
[2025-08-04 17:02:37,956][INFO] Final ops list: [{'name': 'RY', 'param': 6.349984998395009, 'wires': [1]}, {'name': 'RY', 'param': 6.715023784837354, 'wires': [2]}, {'name': 'CRY', 'param': 6.185544696406067, 'wires': [2, 1]}]
[2025-08-04 17:02:37,956][INFO] Energy: 0.032010110009349356
[2025-08-05 09:39:10,220][INFO] Starting VQE run 75 (seed=24742346)
[2025-08-05 09:39:10,312][INFO] Adding RY(0.0, wires=[1]) increased overlap from 0.0 to 0.9490752437852649
[2025-08-05 09:39:10,581][INFO] Adding RY(0.0, wires=[2]) increased overlap from 0.9490752437852649 to 0.999041819478288
[2025-08-05 09:39:21,174][INFO] Adding CRY(0.0, wires=[2, 1])) decreased overlap from 0.999041819478288 to 0.957658931553243.. skipping this gate
[2025-08-05 09:39:21,175][INFO] gradient converged
[2025-08-05 09:39:21,175][INFO] Completed VQE run 2
[2025-08-05 09:39:21,175][INFO] Final ops list: [{'name': 'RY', 'param': 0.11158142642142961, 'wires': [1]}, {'name': 'RY', 'param': -0.4623616751856856, 'wires': [2]}]
[2025-08-05 09:39:21,175][INFO] Energy: 0.04160405950962702
[2025-08-05 09:40:40,518][INFO] Starting VQE run 75 (seed=115093391)
[2025-08-05 09:40:40,659][INFO] Adding RY(0.0, wires=[1]) increased overlap from 0.0 to 0.9490752420186572
[2025-08-05 09:40:40,877][INFO] Adding RY(0.0, wires=[2]) increased overlap from 0.9490752420186572 to 0.9990418200684615
[2025-08-05 09:40:41,598][INFO] Adding CRY(0.0, wires=[2, 1])) increased overlap from 0.9990418200684615 to 0.999999999999978
[2025-08-05 09:40:43,210][INFO] Adding CRY(0.0, wires=[0, 1])) had small change in overlap from 0.999999999999978 to 0.9999999999999414
[2025-08-05 09:40:43,210][INFO] gradient converged
[2025-08-05 09:40:43,210][INFO] Completed VQE run 3
[2025-08-05 09:40:43,210][INFO] Final ops list: [{'name': 'RY', 'param': 0.06679971315288795, 'wires': [1]}, {'name': 'RY', 'param': -0.4318385079446667, 'wires': [2]}, {'name': 'CRY', 'param': -0.09764058107762165, 'wires': [2, 1]}]
[2025-08-05 09:40:43,210][INFO] Energy: 0.03201011000950097
