[2025-08-04 17:02:35,280][INFO] Starting VQE run 35 (seed=62305880)
[2025-08-04 17:02:35,349][INFO] Adding RY(0.0, wires=[1]) increased overlap from 0.0 to 0.9490752438349481
[2025-08-04 17:02:35,561][INFO] Adding RY(0.0, wires=[2]) increased overlap from 0.9490752438349481 to 0.9990418201961957
[2025-08-04 17:02:36,428][INFO] Adding CRY(0.0, wires=[2, 1])) increased overlap from 0.9990418201961957 to 0.9999999999999822
[2025-08-04 17:02:37,480][INFO] Adding CRY(0.0, wires=[0, 1])) increased overlap from 0.9999999999999822 to 0.9999999999999922
[2025-08-04 17:02:37,480][INFO] gradient converged
[2025-08-04 17:02:37,480][INFO] Completed VQE run 3
[2025-08-04 17:02:37,480][INFO] Final ops list: [{'name': 'RY', 'param': 0.06679969598614799, 'wires': [1]}, {'name': 'RY', 'param': -0.431838488301945, 'wires': [2]}, {'name': 'CRY', 'param': -0.09764060456577331, 'wires': [2, 1]}]
[2025-08-04 17:02:37,480][INFO] Energy: 0.03201011000927542
[2025-08-05 09:39:10,184][INFO] Starting VQE run 35 (seed=96329287)
[2025-08-05 09:39:10,277][INFO] Adding RY(0.0, wires=[1]) increased overlap from 0.0 to 0.9490752433493367
[2025-08-05 09:39:10,514][INFO] Adding RY(0.0, wires=[2]) increased overlap from 0.9490752433493367 to 0.9990418198224058
[2025-08-05 09:39:11,489][INFO] Adding CRY(0.0, wires=[2, 1])) increased overlap from 0.9990418198224058 to 0.9999999999999929
[2025-08-05 09:39:13,310][INFO] Adding CRY(0.0, wires=[0, 1])) had small change in overlap from 0.9999999999999929 to 0.9999999999999669
[2025-08-05 09:39:13,311][INFO] gradient converged
[2025-08-05 09:39:13,311][INFO] Completed VQE run 3
[2025-08-05 09:39:13,311][INFO] Final ops list: [{'name': 'RY', 'param': 6.349984938519283, 'wires': [1]}, {'name': 'RY', 'param': 6.715023737158182, 'wires': [2]}, {'name': 'CRY', 'param': 6.1855445954605255, 'wires': [2, 1]}]
[2025-08-05 09:39:13,311][INFO] Energy: 0.03201011000939838
[2025-08-05 09:40:40,351][INFO] Starting VQE run 35 (seed=63219943)
[2025-08-05 09:40:40,428][INFO] Adding RY(0.0, wires=[1]) increased overlap from 0.0 to 0.9490752423590553
[2025-08-05 09:40:40,641][INFO] Adding RY(0.0, wires=[2]) increased overlap from 0.9490752423590553 to 0.9990418163262
[2025-08-05 09:40:46,978][INFO] Adding CRY(0.0, wires=[2, 1])) increased overlap from 0.9990418163262 to 0.9999999999999953
[2025-08-05 09:40:47,462][INFO] Adding CRY(0.0, wires=[0, 2])) increased overlap from 0.9999999999999953 to 0.9999999999999998
[2025-08-05 09:40:47,462][INFO] gradient converged
[2025-08-05 09:40:47,462][INFO] Completed VQE run 3
[2025-08-05 09:40:47,462][INFO] Final ops list: [{'name': 'RY', 'param': 6.349984723895297, 'wires': [1]}, {'name': 'RY', 'param': 6.715023531075792, 'wires': [2]}, {'name': 'CRY', 'param': 6.185544249350434, 'wires': [2, 1]}]
[2025-08-05 09:40:47,462][INFO] Energy: 0.0320101100092398
