[2025-08-04 17:02:35,337][INFO] Starting VQE run 72 (seed=33999001)
[2025-08-04 17:02:35,417][INFO] Adding RY(0.0, wires=[1]) increased overlap from 0.0 to 0.9490752424212859
[2025-08-04 17:02:35,641][INFO] Adding RY(0.0, wires=[2]) increased overlap from 0.9490752424212859 to 0.9990418166493946
[2025-08-04 17:02:36,989][INFO] Adding CRY(0.0, wires=[2, 1])) increased overlap from 0.9990418166493946 to 0.9999999999999918
[2025-08-04 17:02:40,079][INFO] Adding CRY(0.0, wires=[0, 2])) had small change in overlap from 0.9999999999999918 to 0.9999999999999429
[2025-08-04 17:02:40,079][INFO] gradient converged
[2025-08-04 17:02:40,080][INFO] Completed VQE run 3
[2025-08-04 17:02:40,080][INFO] Final ops list: [{'name': 'RY', 'param': 6.349984707234806, 'wires': [1]}, {'name': 'RY', 'param': 6.7150234981805434, 'wires': [2]}, {'name': 'CRY', 'param': 6.185544192047976, 'wires': [2, 1]}]
[2025-08-04 17:02:40,080][INFO] Energy: 0.03201011000953544
[2025-08-05 09:39:10,230][INFO] Starting VQE run 72 (seed=70234823)
[2025-08-05 09:39:10,298][INFO] Adding RY(0.0, wires=[1]) increased overlap from 0.0 to 0.9490752427207882
[2025-08-05 09:39:10,502][INFO] Adding RY(0.0, wires=[2]) increased overlap from 0.9490752427207882 to 0.9990418205958387
[2025-08-05 09:39:11,259][INFO] Adding CRY(0.0, wires=[2, 1])) increased overlap from 0.9990418205958387 to 0.9999999999999931
[2025-08-05 09:39:12,714][INFO] Adding CRY(0.0, wires=[0, 1])) had small change in overlap from 0.9999999999999931 to 0.9999999999999418
[2025-08-05 09:39:12,714][INFO] gradient converged
[2025-08-05 09:39:12,714][INFO] Completed VQE run 3
[2025-08-05 09:39:12,714][INFO] Final ops list: [{'name': 'RY', 'param': 6.349984931784831, 'wires': [1]}, {'name': 'RY', 'param': 6.715023736301388, 'wires': [2]}, {'name': 'CRY', 'param': 6.1855445701306335, 'wires': [2, 1]}]
[2025-08-05 09:39:12,714][INFO] Energy: 0.0320101100095102
[2025-08-05 09:40:40,518][INFO] Starting VQE run 72 (seed=37128809)
[2025-08-05 09:40:40,580][INFO] Adding RY(0.0, wires=[1]) increased overlap from 0.0 to 0.9490752424756442
[2025-08-05 09:40:40,726][INFO] Adding RY(0.0, wires=[2]) increased overlap from 0.9490752424756442 to 0.9990418186240736
[2025-08-05 09:40:41,507][INFO] Adding CRY(0.0, wires=[2, 1])) increased overlap from 0.9990418186240736 to 0.9999999999999882
[2025-08-05 09:40:43,049][INFO] Adding CRY(0.0, wires=[0, 1])) had small change in overlap from 0.9999999999999882 to 0.9999999999999838
[2025-08-05 09:40:43,050][INFO] gradient converged
[2025-08-05 09:40:43,050][INFO] Completed VQE run 3
[2025-08-05 09:40:43,050][INFO] Final ops list: [{'name': 'RY', 'param': 6.349984973460622, 'wires': [1]}, {'name': 'RY', 'param': 6.715023753246516, 'wires': [2]}, {'name': 'CRY', 'param': 6.1855446630769, 'wires': [2, 1]}]
[2025-08-05 09:40:43,050][INFO] Energy: 0.0320101100093177
