[2025-08-04 17:02:35,348][INFO] Starting VQE run 89 (seed=104409887)
[2025-08-04 17:02:35,468][INFO] Adding RY(0.0, wires=[1]) increased overlap from 0.0 to 0.9490752432763252
[2025-08-04 17:02:35,709][INFO] Adding RY(0.0, wires=[2]) increased overlap from 0.9490752432763252 to 0.9990418181466011
[2025-08-04 17:02:37,895][INFO] Adding CRY(0.0, wires=[2, 1])) increased overlap from 0.9990418181466011 to 0.9999999999999718
[2025-08-04 17:02:39,458][INFO] Adding CRY(0.0, wires=[0, 1])) had small change in overlap from 0.9999999999999718 to 0.9999999999999638
[2025-08-04 17:02:39,458][INFO] gradient converged
[2025-08-04 17:02:39,458][INFO] Completed VQE run 3
[2025-08-04 17:02:39,458][INFO] Final ops list: [{'name': 'RY', 'param': 6.349984590842266, 'wires': [1]}, {'name': 'RY', 'param': 6.715023410031034, 'wires': [2]}, {'name': 'CRY', 'param': 6.1855440451066155, 'wires': [2, 1]}]
[2025-08-04 17:02:39,458][INFO] Energy: 0.032010110009410245
[2025-08-05 09:39:10,237][INFO] Starting VQE run 89 (seed=18205435)
[2025-08-05 09:39:10,354][INFO] Adding RY(0.0, wires=[1]) increased overlap from 0.0 to 0.9490752435084395
[2025-08-05 09:39:10,611][INFO] Adding RY(0.0, wires=[2]) increased overlap from 0.9490752435084395 to 0.9990418195542536
[2025-08-05 09:39:11,654][INFO] Adding CRY(0.0, wires=[2, 1])) increased overlap from 0.9990418195542536 to 0.9999999999999936
[2025-08-05 09:39:13,619][INFO] Adding CRY(0.0, wires=[0, 1])) had small change in overlap from 0.9999999999999936 to 0.9999999999999691
[2025-08-05 09:39:13,620][INFO] gradient converged
[2025-08-05 09:39:13,620][INFO] Completed VQE run 3
[2025-08-05 09:39:13,620][INFO] Final ops list: [{'name': 'RY', 'param': 0.06679962584879119, 'wires': [1]}, {'name': 'RY', 'param': -0.4318384217406594, 'wires': [2]}, {'name': 'CRY', 'param': -0.09764071648079213, 'wires': [2, 1]}]
[2025-08-05 09:39:13,620][INFO] Energy: 0.03201011000938102
[2025-08-05 09:40:40,568][INFO] Starting VQE run 89 (seed=108557740)
[2025-08-05 09:40:40,650][INFO] Adding RY(0.0, wires=[1]) increased overlap from 0.0 to 0.9490752423859562
[2025-08-05 09:40:40,864][INFO] Adding RY(0.0, wires=[2]) increased overlap from 0.9490752423859562 to 0.9990418177896092
[2025-08-05 09:40:43,462][INFO] Adding CRY(0.0, wires=[2, 1])) increased overlap from 0.9990418177896092 to 0.9999999999999989
[2025-08-05 09:40:44,888][INFO] Adding CRY(0.0, wires=[0, 1])) had small change in overlap from 0.9999999999999989 to 0.9999999999999734
[2025-08-05 09:40:44,888][INFO] gradient converged
[2025-08-05 09:40:44,888][INFO] Completed VQE run 3
[2025-08-05 09:40:44,888][INFO] Final ops list: [{'name': 'RY', 'param': 6.3499847818169375, 'wires': [1]}, {'name': 'RY', 'param': 6.715023577709837, 'wires': [2]}, {'name': 'CRY', 'param': 6.185544324769525, 'wires': [2, 1]}]
[2025-08-05 09:40:44,888][INFO] Energy: 0.032010110009360916
