[2025-08-04 17:02:35,291][INFO] Starting VQE run 27 (seed=101792986)
[2025-08-04 17:02:35,360][INFO] Adding RY(0.0, wires=[1]) increased overlap from 0.0 to 0.9490752433700959
[2025-08-04 17:02:35,584][INFO] Adding RY(0.0, wires=[2]) increased overlap from 0.9490752433700959 to 0.9990418214313304
[2025-08-04 17:02:36,470][INFO] Adding CRY(0.0, wires=[2, 1])) increased overlap from 0.9990418214313304 to 0.9999999999999876
[2025-08-04 17:02:38,381][INFO] Adding CRY(0.0, wires=[0, 1])) had small change in overlap from 0.9999999999999876 to 0.9999999999999607
[2025-08-04 17:02:38,381][INFO] gradient converged
[2025-08-04 17:02:38,382][INFO] Completed VQE run 3
[2025-08-04 17:02:38,382][INFO] Final ops list: [{'name': 'RY', 'param': 0.06679966867968135, 'wires': [1]}, {'name': 'RY', 'param': -0.43183846043720703, 'wires': [2]}, {'name': 'CRY', 'param': -0.09764065801799467, 'wires': [2, 1]}]
[2025-08-04 17:02:38,382][INFO] Energy: 0.03201011000943656
[2025-08-05 09:39:10,179][INFO] Starting VQE run 27 (seed=11881244)
[2025-08-05 09:39:10,253][INFO] Adding RY(0.0, wires=[1]) increased overlap from 0.0 to 0.9490752438798753
[2025-08-05 09:39:10,450][INFO] Adding RY(0.0, wires=[2]) increased overlap from 0.9490752438798753 to 0.9990418184692514
[2025-08-05 09:39:12,446][INFO] Adding CRY(0.0, wires=[2, 1])) increased overlap from 0.9990418184692514 to 0.9999999999999867
[2025-08-05 09:39:14,767][INFO] Adding CRY(0.0, wires=[0, 2])) had small change in overlap from 0.9999999999999867 to 0.9999999999999303
[2025-08-05 09:39:14,767][INFO] gradient converged
[2025-08-05 09:39:14,767][INFO] Completed VQE run 3
[2025-08-05 09:39:14,767][INFO] Final ops list: [{'name': 'RY', 'param': 6.349984668852885, 'wires': [1]}, {'name': 'RY', 'param': 6.71502347548842, 'wires': [2]}, {'name': 'CRY', 'param': 6.185544126166523, 'wires': [2, 1]}]
[2025-08-05 09:39:14,767][INFO] Energy: 0.03201011000959454
[2025-08-05 09:40:40,373][INFO] Starting VQE run 27 (seed=102227969)
[2025-08-05 09:40:40,477][INFO] Adding RY(0.0, wires=[1]) increased overlap from 0.0 to 0.9490752434476186
[2025-08-05 09:40:40,685][INFO] Adding RY(0.0, wires=[2]) increased overlap from 0.9490752434476186 to 0.9990418162800231
[2025-08-05 09:40:48,848][INFO] Adding CRY(0.0, wires=[2, 1])) increased overlap from 0.9990418162800231 to 0.9999999999999958
[2025-08-05 09:40:50,392][INFO] Adding CRY(0.0, wires=[0, 1])) had small change in overlap from 0.9999999999999958 to 0.9999999999999667
[2025-08-05 09:40:50,392][INFO] gradient converged
[2025-08-05 09:40:50,392][INFO] Completed VQE run 3
[2025-08-05 09:40:50,392][INFO] Final ops list: [{'name': 'RY', 'param': 0.06679942469380802, 'wires': [1]}, {'name': 'RY', 'param': 6.715023537281526, 'wires': [2]}, {'name': 'CRY', 'param': 6.185544268791281, 'wires': [2, 1]}]
[2025-08-05 09:40:50,392][INFO] Energy: 0.03201011000939052
