[2025-08-04 17:02:35,289][INFO] Starting VQE run 22 (seed=95608230)
[2025-08-04 17:02:35,365][INFO] Adding RY(0.0, wires=[1]) increased overlap from 0.0 to 0.9490752421504423
[2025-08-04 17:02:35,648][INFO] Adding RY(0.0, wires=[2]) increased overlap from 0.9490752421504423 to 0.9990418151220233
[2025-08-04 17:02:44,253][INFO] Adding CRY(0.0, wires=[2, 1])) increased overlap from 0.9990418151220233 to 0.9999999999999971
[2025-08-04 17:02:45,776][INFO] Adding CRY(0.0, wires=[0, 1])) had small change in overlap from 0.9999999999999971 to 0.9999999999999696
[2025-08-04 17:02:45,776][INFO] gradient converged
[2025-08-04 17:02:45,776][INFO] Completed VQE run 3
[2025-08-04 17:02:45,776][INFO] Final ops list: [{'name': 'RY', 'param': 0.06679943610297714, 'wires': [1]}, {'name': 'RY', 'param': 6.715023559315083, 'wires': [2]}, {'name': 'CRY', 'param': 6.185544291309883, 'wires': [2, 1]}]
[2025-08-04 17:02:45,776][INFO] Energy: 0.03201011000937751
[2025-08-05 09:39:10,175][INFO] Starting VQE run 22 (seed=5397513)
[2025-08-05 09:39:10,247][INFO] Adding RY(0.0, wires=[1]) increased overlap from 0.0 to 0.9490752438750037
[2025-08-05 09:39:10,455][INFO] Adding RY(0.0, wires=[2]) increased overlap from 0.9490752438750037 to 0.9990418204569727
[2025-08-05 09:39:19,613][INFO] Adding CRY(0.0, wires=[2, 1])) had small change in overlap from 0.9990418204569727 to 0.9972433304803624
[2025-08-05 09:39:20,026][INFO] Adding CRY(0.0, wires=[0, 2])) increased overlap from 0.9972433304803624 to 0.9999999999999887
[2025-08-05 09:39:22,644][INFO] Adding RY(0.0, wires=[2]) had small change in overlap from 0.9999999999999887 to 0.9999999999999627
[2025-08-05 09:39:22,645][INFO] gradient converged
[2025-08-05 09:39:22,645][INFO] Completed VQE run 4
[2025-08-05 09:39:22,645][INFO] Final ops list: [{'name': 'RY', 'param': 0.08863628148277607, 'wires': [1]}, {'name': 'RY', 'param': 1.8213055159482505, 'wires': [2]}, {'name': 'CRY', 'param': 6.241015444774157, 'wires': [2, 1]}, {'name': 'CRY', 'param': 1.3899737489577884, 'wires': [0, 2]}]
[2025-08-05 09:39:22,645][INFO] Energy: 0.032010110009647055
[2025-08-05 09:40:40,364][INFO] Starting VQE run 22 (seed=95743788)
[2025-08-05 09:40:40,477][INFO] Adding RY(0.0, wires=[1]) increased overlap from 0.0 to 0.9490752437655768
[2025-08-05 09:40:40,665][INFO] Adding RY(0.0, wires=[2]) increased overlap from 0.9490752437655768 to 0.999041819797309
[2025-08-05 09:40:49,410][INFO] Adding CRY(0.0, wires=[2, 1])) increased overlap from 0.999041819797309 to 0.9999999999999927
[2025-08-05 09:40:50,914][INFO] Adding CRY(0.0, wires=[0, 1])) had small change in overlap from 0.9999999999999927 to 0.9999999999999698
[2025-08-05 09:40:50,914][INFO] gradient converged
[2025-08-05 09:40:50,914][INFO] Completed VQE run 3
[2025-08-05 09:40:50,914][INFO] Final ops list: [{'name': 'RY', 'param': 0.06679938809690239, 'wires': [1]}, {'name': 'RY', 'param': 0.4318382179810964, 'wires': [2]}, {'name': 'CRY', 'param': 6.185544199246006, 'wires': [2, 1]}]
[2025-08-05 09:40:50,914][INFO] Energy: 0.03201011000937871
