[2025-08-04 17:02:35,285][INFO] Starting VQE run 15 (seed=37566856)
[2025-08-04 17:02:35,357][INFO] Adding RY(0.0, wires=[1]) increased overlap from 0.0 to 0.9490752421431348
[2025-08-04 17:02:35,620][INFO] Adding RY(0.0, wires=[2]) increased overlap from 0.9490752421431348 to 0.9990418215586252
[2025-08-04 17:02:44,223][INFO] Adding CRY(0.0, wires=[2, 1])) increased overlap from 0.9990418215586252 to 0.9999999999999922
[2025-08-04 17:02:44,652][INFO] Adding CRY(0.0, wires=[0, 2])) increased overlap from 0.9999999999999922 to 0.9999999999999973
[2025-08-04 17:02:44,652][INFO] gradient converged
[2025-08-04 17:02:44,652][INFO] Completed VQE run 3
[2025-08-04 17:02:44,652][INFO] Final ops list: [{'name': 'RY', 'param': 0.06679940072761445, 'wires': [1]}, {'name': 'RY', 'param': 0.43183820157873154, 'wires': [2]}, {'name': 'CRY', 'param': 6.18554420013003, 'wires': [2, 1]}]
[2025-08-04 17:02:44,652][INFO] Energy: 0.03201011000924679
[2025-08-05 09:39:10,175][INFO] Starting VQE run 15 (seed=70394363)
[2025-08-05 09:39:10,248][INFO] Adding RY(0.0, wires=[1]) increased overlap from 0.0 to 0.94907524399379
[2025-08-05 09:39:10,456][INFO] Adding RY(0.0, wires=[2]) increased overlap from 0.94907524399379 to 0.9990418179898344
[2025-08-05 09:39:12,746][INFO] Adding CRY(0.0, wires=[2, 1])) increased overlap from 0.9990418179898344 to 0.9999999999999736
[2025-08-05 09:39:14,203][INFO] Adding CRY(0.0, wires=[0, 1])) had small change in overlap from 0.9999999999999736 to 0.9999999999999205
[2025-08-05 09:39:14,204][INFO] gradient converged
[2025-08-05 09:39:14,204][INFO] Completed VQE run 3
[2025-08-05 09:39:14,204][INFO] Final ops list: [{'name': 'RY', 'param': 6.3499845959817, 'wires': [1]}, {'name': 'RY', 'param': 6.715023423165646, 'wires': [2]}, {'name': 'CRY', 'param': 6.185544037912095, 'wires': [2, 1]}]
[2025-08-05 09:39:14,204][INFO] Energy: 0.03201011000960313
[2025-08-05 09:40:40,339][INFO] Starting VQE run 15 (seed=37283219)
[2025-08-05 09:40:40,406][INFO] Adding RY(0.0, wires=[1]) increased overlap from 0.0 to 0.9490752437112794
[2025-08-05 09:40:40,583][INFO] Adding RY(0.0, wires=[2]) increased overlap from 0.9490752437112794 to 0.9990418166779965
[2025-08-05 09:40:49,842][INFO] Adding CRY(0.0, wires=[2, 1])) increased overlap from 0.9990418166779965 to 0.9991495144209986
[2025-08-05 09:40:50,191][INFO] Adding CRY(0.0, wires=[0, 2])) increased overlap from 0.9991495144209986 to 0.9999999999999978
[2025-08-05 09:40:51,392][INFO] Adding CRY(0.0, wires=[0, 1])) had small change in overlap from 0.9999999999999978 to 0.9999999999999787
[2025-08-05 09:40:51,392][INFO] gradient converged
[2025-08-05 09:40:51,392][INFO] Completed VQE run 4
[2025-08-05 09:40:51,392][INFO] Final ops list: [{'name': 'RY', 'param': 0.09661377121867494, 'wires': [1]}, {'name': 'RY', 'param': 8.350208635911263, 'wires': [2]}, {'name': 'CRY', 'param': 6.236727682942089, 'wires': [2, 1]}, {'name': 'CRY', 'param': 1.6357509182791736, 'wires': [0, 2]}]
[2025-08-05 09:40:51,392][INFO] Energy: 0.032010110009355865
