[2025-08-04 17:02:35,316][INFO] Starting VQE run 52 (seed=9259977)
[2025-08-04 17:02:35,398][INFO] Adding RY(0.0, wires=[1]) increased overlap from 0.0 to 0.9490752424877443
[2025-08-04 17:02:35,586][INFO] Adding RY(0.0, wires=[2]) increased overlap from 0.9490752424877443 to 0.9990418173809076
[2025-08-04 17:02:36,421][INFO] Adding CRY(0.0, wires=[2, 1])) increased overlap from 0.9990418173809076 to 0.9999999999999922
[2025-08-04 17:02:38,744][INFO] Adding CRY(0.0, wires=[0, 2])) had small change in overlap from 0.9999999999999922 to 0.9999999999999549
[2025-08-04 17:02:38,744][INFO] gradient converged
[2025-08-04 17:02:38,744][INFO] Completed VQE run 3
[2025-08-04 17:02:38,744][INFO] Final ops list: [{'name': 'RY', 'param': 6.349984930025878, 'wires': [1]}, {'name': 'RY', 'param': 6.715023752670161, 'wires': [2]}, {'name': 'CRY', 'param': 6.185544594827424, 'wires': [2, 1]}]
[2025-08-04 17:02:38,744][INFO] Energy: 0.03201011000949552
[2025-08-05 09:39:10,184][INFO] Starting VQE run 52 (seed=44299899)
[2025-08-05 09:39:10,263][INFO] Adding RY(0.0, wires=[1]) increased overlap from 0.0 to 0.9490752435786338
[2025-08-05 09:39:10,463][INFO] Adding RY(0.0, wires=[2]) increased overlap from 0.9490752435786338 to 0.9990418177294373
[2025-08-05 09:39:19,641][INFO] Adding CRY(0.0, wires=[2, 1])) increased overlap from 0.9990418177294373 to 0.99999999994558
[2025-08-05 09:39:20,950][INFO] Adding CRY(0.0, wires=[0, 1])) increased overlap from 0.99999999994558 to 0.9999999999999674
[2025-08-05 09:39:20,951][INFO] gradient converged
[2025-08-05 09:39:20,951][INFO] Completed VQE run 3
[2025-08-05 09:39:20,951][INFO] Final ops list: [{'name': 'RY', 'param': 6.349974771125259, 'wires': [1]}, {'name': 'RY', 'param': 6.715014305993938, 'wires': [2]}, {'name': 'CRY', 'param': 6.1855270421153765, 'wires': [2, 1]}]
[2025-08-05 09:39:20,951][INFO] Energy: 0.03201011000940206
[2025-08-05 09:40:40,456][INFO] Starting VQE run 52 (seed=11192085)
[2025-08-05 09:40:40,557][INFO] Adding RY(0.0, wires=[1]) increased overlap from 0.0 to 0.9490752424935527
[2025-08-05 09:40:40,762][INFO] Adding RY(0.0, wires=[2]) increased overlap from 0.9490752424935527 to 0.9990418176687774
[2025-08-05 09:40:41,579][INFO] Adding CRY(0.0, wires=[2, 1])) increased overlap from 0.9990418176687774 to 0.9999999999999845
[2025-08-05 09:40:42,949][INFO] Adding CRY(0.0, wires=[0, 1])) had small change in overlap from 0.9999999999999845 to 0.9999999999999796
[2025-08-05 09:40:42,949][INFO] gradient converged
[2025-08-05 09:40:42,949][INFO] Completed VQE run 3
[2025-08-05 09:40:42,949][INFO] Final ops list: [{'name': 'RY', 'param': 6.349984989811852, 'wires': [1]}, {'name': 'RY', 'param': 6.715023783316391, 'wires': [2]}, {'name': 'CRY', 'param': 6.18554467366218, 'wires': [2, 1]}]
[2025-08-05 09:40:42,949][INFO] Energy: 0.03201011000934378
