[2025-08-04 17:02:35,317][INFO] Starting VQE run 54 (seed=61116595)
[2025-08-04 17:02:35,441][INFO] Adding RY(0.0, wires=[1]) increased overlap from 0.0 to 0.9490752437655082
[2025-08-04 17:02:35,600][INFO] Adding RY(0.0, wires=[2]) increased overlap from 0.9490752437655082 to 0.9990418208332
[2025-08-04 17:02:36,271][INFO] Adding CRY(0.0, wires=[2, 1])) increased overlap from 0.9990418208332 to 0.9999999999999902
[2025-08-04 17:02:37,552][INFO] Adding CRY(0.0, wires=[0, 1])) had small change in overlap from 0.9999999999999902 to 0.9999999999999771
[2025-08-04 17:02:37,552][INFO] gradient converged
[2025-08-04 17:02:37,553][INFO] Completed VQE run 3
[2025-08-04 17:02:37,553][INFO] Final ops list: [{'name': 'RY', 'param': 0.06679964800324065, 'wires': [1]}, {'name': 'RY', 'param': -0.43183844645256086, 'wires': [2]}, {'name': 'CRY', 'param': -0.09764069667791916, 'wires': [2, 1]}]
[2025-08-04 17:02:37,553][INFO] Energy: 0.0320101100093371
[2025-08-05 09:39:10,195][INFO] Starting VQE run 54 (seed=96276107)
[2025-08-05 09:39:10,270][INFO] Adding RY(0.0, wires=[1]) increased overlap from 0.0 to 0.9490752426738873
[2025-08-05 09:39:10,470][INFO] Adding RY(0.0, wires=[2]) increased overlap from 0.9490752426738873 to 0.9990418208026474
[2025-08-05 09:39:11,342][INFO] Adding CRY(0.0, wires=[2, 1])) increased overlap from 0.9990418208026474 to 0.9999999999999893
[2025-08-05 09:39:11,916][INFO] Adding CRY(0.0, wires=[0, 2])) increased overlap from 0.9999999999999893 to 0.9999999999999971
[2025-08-05 09:39:11,916][INFO] gradient converged
[2025-08-05 09:39:11,916][INFO] Completed VQE run 3
[2025-08-05 09:39:11,916][INFO] Final ops list: [{'name': 'RY', 'param': 0.0667996439424495, 'wires': [1]}, {'name': 'RY', 'param': -0.4318384546744537, 'wires': [2]}, {'name': 'CRY', 'param': -0.09764064645627435, 'wires': [2, 1]}]
[2025-08-05 09:39:11,916][INFO] Energy: 0.0320101100092484
[2025-08-05 09:40:40,465][INFO] Starting VQE run 54 (seed=63168473)
[2025-08-05 09:40:40,568][INFO] Adding RY(0.0, wires=[1]) increased overlap from 0.0 to 0.9490752421828325
[2025-08-05 09:40:40,812][INFO] Adding RY(0.0, wires=[2]) increased overlap from 0.9490752421828325 to 0.9990418169416597
[2025-08-05 09:40:43,004][INFO] Adding CRY(0.0, wires=[2, 1])) increased overlap from 0.9990418169416597 to 0.9999999999999951
[2025-08-05 09:40:44,049][INFO] Adding CRY(0.0, wires=[0, 2])) increased overlap from 0.9999999999999951 to 0.9999999999999956
[2025-08-05 09:40:44,049][INFO] gradient converged
[2025-08-05 09:40:44,049][INFO] Completed VQE run 3
[2025-08-05 09:40:44,049][INFO] Final ops list: [{'name': 'RY', 'param': 6.349984732537509, 'wires': [1]}, {'name': 'RY', 'param': 6.715023525354338, 'wires': [2]}, {'name': 'CRY', 'param': 6.185544261718718, 'wires': [2, 1]}]
[2025-08-05 09:40:44,049][INFO] Energy: 0.032010110009259074
