[2025-08-04 17:02:35,282][INFO] Starting VQE run 7 (seed=77053962)
[2025-08-04 17:02:35,350][INFO] Adding RY(0.0, wires=[1]) increased overlap from 0.0 to 0.9490752435626358
[2025-08-04 17:02:35,583][INFO] Adding RY(0.0, wires=[2]) increased overlap from 0.9490752435626358 to 0.9990418215457004
[2025-08-04 17:02:36,478][INFO] Adding CRY(0.0, wires=[2, 1])) increased overlap from 0.9990418215457004 to 0.9999999999999909
[2025-08-04 17:02:37,525][INFO] Adding CRY(0.0, wires=[0, 2])) increased overlap from 0.9999999999999909 to 0.9999999999999967
[2025-08-04 17:02:37,525][INFO] gradient converged
[2025-08-04 17:02:37,525][INFO] Completed VQE run 3
[2025-08-04 17:02:37,525][INFO] Final ops list: [{'name': 'RY', 'param': 0.06679963706544141, 'wires': [1]}, {'name': 'RY', 'param': -0.43183844551900813, 'wires': [2]}, {'name': 'CRY', 'param': -0.09764065510612951, 'wires': [2, 1]}]
[2025-08-04 17:02:37,525][INFO] Energy: 0.03201011000925005
[2025-08-05 09:39:10,173][INFO] Starting VQE run 7 (seed=109403109)
[2025-08-05 09:39:10,243][INFO] Adding RY(0.0, wires=[1]) increased overlap from 0.0 to 0.9490752433906531
[2025-08-05 09:39:10,490][INFO] Adding RY(0.0, wires=[2]) increased overlap from 0.9490752433906531 to 0.9990418201543971
[2025-08-05 09:39:18,717][INFO] Adding CRY(0.0, wires=[2, 1])) increased overlap from 0.9990418201543971 to 0.9999999999999896
[2025-08-05 09:39:20,224][INFO] Adding CRY(0.0, wires=[0, 1])) had small change in overlap from 0.9999999999999896 to 0.9999999999999725
[2025-08-05 09:39:20,224][INFO] gradient converged
[2025-08-05 09:39:20,224][INFO] Completed VQE run 3
[2025-08-05 09:39:20,224][INFO] Final ops list: [{'name': 'RY', 'param': 0.06679936752872775, 'wires': [1]}, {'name': 'RY', 'param': 0.43183819519107386, 'wires': [2]}, {'name': 'CRY', 'param': 6.185544172728923, 'wires': [2, 1]}]
[2025-08-05 09:39:20,224][INFO] Energy: 0.03201011000936858
[2025-08-05 09:40:40,341][INFO] Starting VQE run 7 (seed=76291245)
[2025-08-05 09:40:40,417][INFO] Adding RY(0.0, wires=[1]) increased overlap from 0.0 to 0.9490752439843777
[2025-08-05 09:40:40,634][INFO] Adding RY(0.0, wires=[2]) increased overlap from 0.9490752439843777 to 0.9990418214039563
[2025-08-05 09:40:41,595][INFO] Adding CRY(0.0, wires=[2, 1])) increased overlap from 0.9990418214039563 to 0.9999999999999949
[2025-08-05 09:40:43,146][INFO] Adding CRY(0.0, wires=[0, 1])) had small change in overlap from 0.9999999999999949 to 0.9999999999999523
[2025-08-05 09:40:43,146][INFO] gradient converged
[2025-08-05 09:40:43,146][INFO] Completed VQE run 3
[2025-08-05 09:40:43,146][INFO] Final ops list: [{'name': 'RY', 'param': 0.06679961304834502, 'wires': [1]}, {'name': 'RY', 'param': -0.43183841382255095, 'wires': [2]}, {'name': 'CRY', 'param': -0.0976407578233994, 'wires': [2, 1]}]
[2025-08-05 09:40:43,146][INFO] Energy: 0.032010110009467165
