[2025-08-04 17:02:35,281][INFO] Starting VQE run 9 (seed=5453791)
[2025-08-04 17:02:35,350][INFO] Adding RY(0.0, wires=[1]) increased overlap from 0.0 to 0.9490752422635764
[2025-08-04 17:02:35,564][INFO] Adding RY(0.0, wires=[2]) increased overlap from 0.9490752422635764 to 0.9990418165129441
[2025-08-04 17:02:39,860][INFO] Adding CRY(0.0, wires=[2, 1])) increased overlap from 0.9990418165129441 to 0.9999999999999933
[2025-08-04 17:02:41,345][INFO] Adding CRY(0.0, wires=[0, 1])) had small change in overlap from 0.9999999999999933 to 0.9999999999999161
[2025-08-04 17:02:41,345][INFO] gradient converged
[2025-08-04 17:02:41,345][INFO] Completed VQE run 3
[2025-08-04 17:02:41,345][INFO] Final ops list: [{'name': 'RY', 'param': 6.349984700542959, 'wires': [1]}, {'name': 'RY', 'param': 6.715023529393507, 'wires': [2]}, {'name': 'CRY', 'param': 6.185544220885988, 'wires': [2, 1]}]
[2025-08-04 17:02:41,345][INFO] Energy: 0.032010110009638874
[2025-08-05 09:39:10,173][INFO] Starting VQE run 9 (seed=37922528)
[2025-08-05 09:39:10,247][INFO] Adding RY(0.0, wires=[1]) increased overlap from 0.0 to 0.9490752425076808
[2025-08-05 09:39:10,442][INFO] Adding RY(0.0, wires=[2]) increased overlap from 0.9490752425076808 to 0.999041819244663
[2025-08-05 09:39:11,332][INFO] Adding CRY(0.0, wires=[2, 1])) increased overlap from 0.999041819244663 to 0.9999999999999871
[2025-08-05 09:39:12,933][INFO] Adding CRY(0.0, wires=[0, 1])) had small change in overlap from 0.9999999999999871 to 0.9999999999999785
[2025-08-05 09:39:12,933][INFO] gradient converged
[2025-08-05 09:39:12,933][INFO] Completed VQE run 3
[2025-08-05 09:39:12,933][INFO] Final ops list: [{'name': 'RY', 'param': 0.06679967248639003, 'wires': [1]}, {'name': 'RY', 'param': -0.43183845669727594, 'wires': [2]}, {'name': 'CRY', 'param': -0.09764061614117929, 'wires': [2, 1]}]
[2025-08-05 09:39:12,933][INFO] Energy: 0.032010110009332286
[2025-08-05 09:40:40,341][INFO] Starting VQE run 9 (seed=4810844)
[2025-08-05 09:40:40,417][INFO] Adding RY(0.0, wires=[1]) increased overlap from 0.0 to 0.9490752434008355
[2025-08-05 09:40:40,664][INFO] Adding RY(0.0, wires=[2]) increased overlap from 0.9490752434008355 to 0.9990418192050903
[2025-08-05 09:40:43,315][INFO] Adding CRY(0.0, wires=[2, 1])) increased overlap from 0.9990418192050903 to 0.9999999999999969
[2025-08-05 09:40:45,243][INFO] Adding CRY(0.0, wires=[0, 1])) had small change in overlap from 0.9999999999999969 to 0.9999999999999869
[2025-08-05 09:40:45,243][INFO] gradient converged
[2025-08-05 09:40:45,244][INFO] Completed VQE run 3
[2025-08-05 09:40:45,244][INFO] Final ops list: [{'name': 'RY', 'param': 0.06679959459891456, 'wires': [1]}, {'name': 'RY', 'param': -0.43183838796101187, 'wires': [2]}, {'name': 'CRY', 'param': -0.09764076852960255, 'wires': [2, 1]}]
[2025-08-05 09:40:45,244][INFO] Energy: 0.03201011000931359
