[2025-08-04 17:02:35,286][INFO] Starting VQE run 17 (seed=89423474)
[2025-08-04 17:02:35,384][INFO] Adding RY(0.0, wires=[1]) increased overlap from 0.0 to 0.9490752435297425
[2025-08-04 17:02:35,640][INFO] Adding RY(0.0, wires=[2]) increased overlap from 0.9490752435297425 to 0.999041820720427
[2025-08-04 17:02:36,576][INFO] Adding CRY(0.0, wires=[2, 1])) increased overlap from 0.999041820720427 to 0.9999999999999956
[2025-08-04 17:02:37,318][INFO] Adding CRY(0.0, wires=[0, 2])) had small change in overlap from 0.9999999999999956 to 0.9999999999999922
[2025-08-04 17:02:37,318][INFO] gradient converged
[2025-08-04 17:02:37,318][INFO] Completed VQE run 3
[2025-08-04 17:02:37,318][INFO] Final ops list: [{'name': 'RY', 'param': 0.06679959522432183, 'wires': [1]}, {'name': 'RY', 'param': -0.43183841216051916, 'wires': [2]}, {'name': 'CRY', 'param': -0.09764075006257782, 'wires': [2, 1]}]
[2025-08-04 17:02:37,318][INFO] Energy: 0.03201011000927175
[2025-08-05 09:39:10,176][INFO] Starting VQE run 17 (seed=122370571)
[2025-08-05 09:39:10,247][INFO] Adding RY(0.0, wires=[1]) increased overlap from 0.0 to 0.9490752439060169
[2025-08-05 09:39:10,465][INFO] Adding RY(0.0, wires=[2]) increased overlap from 0.9490752439060169 to 0.9990418195510529
[2025-08-05 09:39:18,383][INFO] Adding CRY(0.0, wires=[2, 1])) increased overlap from 0.9990418195510529 to 0.9999999999999951
[2025-08-05 09:39:19,783][INFO] Adding CRY(0.0, wires=[0, 1])) had small change in overlap from 0.9999999999999951 to 0.9999999999999736
[2025-08-05 09:39:19,783][INFO] gradient converged
[2025-08-05 09:39:19,783][INFO] Completed VQE run 3
[2025-08-05 09:39:19,783][INFO] Final ops list: [{'name': 'RY', 'param': 0.06679941366834452, 'wires': [1]}, {'name': 'RY', 'param': 0.43183823308928626, 'wires': [2]}, {'name': 'CRY', 'param': 6.1855442478441915, 'wires': [2, 1]}]
[2025-08-05 09:39:19,783][INFO] Energy: 0.03201011000935281
[2025-08-05 09:40:40,351][INFO] Starting VQE run 17 (seed=89259607)
[2025-08-05 09:40:40,425][INFO] Adding RY(0.0, wires=[1]) increased overlap from 0.0 to 0.9490752426426851
[2025-08-05 09:40:40,651][INFO] Adding RY(0.0, wires=[2]) increased overlap from 0.9490752426426851 to 0.999041817647973
[2025-08-05 09:40:42,905][INFO] Adding CRY(0.0, wires=[2, 1])) increased overlap from 0.999041817647973 to 0.9999999999999916
[2025-08-05 09:40:44,844][INFO] Adding CRY(0.0, wires=[0, 1])) had small change in overlap from 0.9999999999999916 to 0.9999999999999716
[2025-08-05 09:40:44,844][INFO] gradient converged
[2025-08-05 09:40:44,844][INFO] Completed VQE run 3
[2025-08-05 09:40:44,844][INFO] Final ops list: [{'name': 'RY', 'param': 6.349984686340451, 'wires': [1]}, {'name': 'RY', 'param': 6.715023516558768, 'wires': [2]}, {'name': 'CRY', 'param': 6.1855441826693776, 'wires': [2, 1]}]
[2025-08-05 09:40:44,844][INFO] Energy: 0.032010110009362665
