[2025-08-04 17:02:35,319][INFO] Starting VQE run 58 (seed=41373042)
[2025-08-04 17:02:35,397][INFO] Adding RY(0.0, wires=[1]) increased overlap from 0.0 to 0.9490752424554123
[2025-08-04 17:02:35,640][INFO] Adding RY(0.0, wires=[2]) increased overlap from 0.9490752424554123 to 0.9990418199542901
[2025-08-04 17:02:45,329][INFO] Adding CRY(0.0, wires=[2, 1])) had small change in overlap from 0.9990418199542901 to 0.9944501274265204
[2025-08-04 17:02:45,789][INFO] Adding CRY(0.0, wires=[0, 2])) increased overlap from 0.9944501274265204 to 0.9999999999999958
[2025-08-04 17:02:46,576][INFO] Adding CRY(0.0, wires=[0, 1])) had small change in overlap from 0.9999999999999958 to 0.9999999999999951
[2025-08-04 17:02:46,577][INFO] gradient converged
[2025-08-04 17:02:46,577][INFO] Completed VQE run 4
[2025-08-04 17:02:46,577][INFO] Final ops list: [{'name': 'RY', 'param': 0.08597683458065979, 'wires': [1]}, {'name': 'RY', 'param': 1.716905224670997, 'wires': [2]}, {'name': 'CRY', 'param': 6.24189189113788, 'wires': [2, 1]}, {'name': 'CRY', 'param': 1.2855506899708031, 'wires': [0, 2]}]
[2025-08-04 17:02:46,577][INFO] Energy: 0.03201011000927516
[2025-08-05 09:39:10,195][INFO] Starting VQE run 58 (seed=76771734)
[2025-08-05 09:39:10,266][INFO] Adding RY(0.0, wires=[1]) increased overlap from 0.0 to 0.949075242371542
[2025-08-05 09:39:10,468][INFO] Adding RY(0.0, wires=[2]) increased overlap from 0.949075242371542 to 0.9990418199837378
[2025-08-05 09:39:11,342][INFO] Adding CRY(0.0, wires=[2, 1])) increased overlap from 0.9990418199837378 to 0.9999999999999956
[2025-08-05 09:39:12,912][INFO] Adding CRY(0.0, wires=[0, 1])) had small change in overlap from 0.9999999999999956 to 0.9999999999999167
[2025-08-05 09:39:12,912][INFO] gradient converged
[2025-08-05 09:39:12,912][INFO] Completed VQE run 3
[2025-08-05 09:39:12,913][INFO] Final ops list: [{'name': 'RY', 'param': 0.0667996065858518, 'wires': [1]}, {'name': 'RY', 'param': -0.4318384009345331, 'wires': [2]}, {'name': 'CRY', 'param': -0.0976407431116244, 'wires': [2, 1]}]
[2025-08-05 09:39:12,913][INFO] Energy: 0.032010110009629625
[2025-08-05 09:40:40,375][INFO] Starting VQE run 58 (seed=43664460)
[2025-08-05 09:40:40,505][INFO] Adding RY(0.0, wires=[1]) increased overlap from 0.0 to 0.9490752425360153
[2025-08-05 09:40:40,677][INFO] Adding RY(0.0, wires=[2]) increased overlap from 0.9490752425360153 to 0.9990418199213574
[2025-08-05 09:40:41,474][INFO] Adding CRY(0.0, wires=[2, 1])) increased overlap from 0.9990418199213574 to 0.99999999999998
[2025-08-05 09:40:42,344][INFO] Adding CRY(0.0, wires=[0, 2])) had small change in overlap from 0.99999999999998 to 0.9999999999999731
[2025-08-05 09:40:42,344][INFO] gradient converged
[2025-08-05 09:40:42,344][INFO] Completed VQE run 3
[2025-08-05 09:40:42,344][INFO] Final ops list: [{'name': 'RY', 'param': 0.06679969608658876, 'wires': [1]}, {'name': 'RY', 'param': -0.43183850736795265, 'wires': [2]}, {'name': 'CRY', 'param': -0.09764055577817854, 'wires': [2, 1]}]
[2025-08-05 09:40:42,344][INFO] Energy: 0.032010110009363824
