[2025-08-04 17:02:35,325][INFO] Starting VQE run 69 (seed=79670863)
[2025-08-04 17:02:35,404][INFO] Adding RY(0.0, wires=[1]) increased overlap from 0.0 to 0.9490752423482874
[2025-08-04 17:02:35,603][INFO] Adding RY(0.0, wires=[2]) increased overlap from 0.9490752423482874 to 0.9990418170490047
[2025-08-04 17:02:36,592][INFO] Adding CRY(0.0, wires=[2, 1])) increased overlap from 0.9990418170490047 to 0.9999999999999809
[2025-08-04 17:02:37,284][INFO] Adding CRY(0.0, wires=[0, 2])) increased overlap from 0.9999999999999809 to 0.99999999999999
[2025-08-04 17:02:37,284][INFO] gradient converged
[2025-08-04 17:02:37,284][INFO] Completed VQE run 3
[2025-08-04 17:02:37,284][INFO] Final ops list: [{'name': 'RY', 'param': 6.34998464281654, 'wires': [1]}, {'name': 'RY', 'param': 6.71502343830322, 'wires': [2]}, {'name': 'CRY', 'param': 6.1855440856612205, 'wires': [2, 1]}]
[2025-08-04 17:02:37,284][INFO] Energy: 0.032010110009280356
[2025-08-05 09:39:10,192][INFO] Starting VQE run 69 (seed=115727300)
[2025-08-05 09:39:10,283][INFO] Adding RY(0.0, wires=[1]) increased overlap from 0.0 to 0.9490752425242708
[2025-08-05 09:39:10,510][INFO] Adding RY(0.0, wires=[2]) increased overlap from 0.9490752425242708 to 0.9990418181581483
[2025-08-05 09:39:12,781][INFO] Adding CRY(0.0, wires=[2, 1])) increased overlap from 0.9990418181581483 to 0.9999999999999953
[2025-08-05 09:39:14,750][INFO] Adding CRY(0.0, wires=[0, 1])) had small change in overlap from 0.9999999999999953 to 0.9999999999999749
[2025-08-05 09:39:14,750][INFO] gradient converged
[2025-08-05 09:39:14,750][INFO] Completed VQE run 3
[2025-08-05 09:39:14,750][INFO] Final ops list: [{'name': 'RY', 'param': 6.349984733673275, 'wires': [1]}, {'name': 'RY', 'param': 6.715023528511745, 'wires': [2]}, {'name': 'CRY', 'param': 6.185544237356628, 'wires': [2, 1]}]
[2025-08-05 09:39:14,750][INFO] Energy: 0.032010110009355025
[2025-08-05 09:40:40,375][INFO] Starting VQE run 69 (seed=82621016)
[2025-08-05 09:40:40,470][INFO] Adding RY(0.0, wires=[1]) increased overlap from 0.0 to 0.9490752424212516
[2025-08-05 09:40:40,659][INFO] Adding RY(0.0, wires=[2]) increased overlap from 0.9490752424212516 to 0.9990418182637538
[2025-08-05 09:40:41,418][INFO] Adding CRY(0.0, wires=[2, 1])) increased overlap from 0.9990418182637538 to 0.9999999999999933
[2025-08-05 09:40:43,432][INFO] Adding CRY(0.0, wires=[0, 1])) had small change in overlap from 0.9999999999999933 to 0.9999999999999836
[2025-08-05 09:40:43,432][INFO] gradient converged
[2025-08-05 09:40:43,432][INFO] Completed VQE run 3
[2025-08-05 09:40:43,432][INFO] Final ops list: [{'name': 'RY', 'param': 6.349984933128495, 'wires': [1]}, {'name': 'RY', 'param': 6.715023735428277, 'wires': [2]}, {'name': 'CRY', 'param': 6.1855445745072855, 'wires': [2, 1]}]
[2025-08-05 09:40:43,432][INFO] Energy: 0.032010110009310096
