[2025-08-04 17:02:35,341][INFO] Starting VQE run 76 (seed=14255448)
[2025-08-04 17:02:35,448][INFO] Adding RY(0.0, wires=[1]) increased overlap from 0.0 to 0.9490752434061615
[2025-08-04 17:02:35,603][INFO] Adding RY(0.0, wires=[2]) increased overlap from 0.9490752434061615 to 0.9990418200172824
[2025-08-04 17:02:36,244][INFO] Adding CRY(0.0, wires=[2, 1])) increased overlap from 0.9990418200172824 to 0.9999999999999836
[2025-08-04 17:02:37,609][INFO] Adding CRY(0.0, wires=[0, 2])) had small change in overlap from 0.9999999999999836 to 0.9999999999999745
[2025-08-04 17:02:37,610][INFO] gradient converged
[2025-08-04 17:02:37,610][INFO] Completed VQE run 3
[2025-08-04 17:02:37,610][INFO] Final ops list: [{'name': 'RY', 'param': 6.349984651611325, 'wires': [1]}, {'name': 'RY', 'param': 6.715023455936831, 'wires': [2]}, {'name': 'CRY', 'param': 6.185544089975721, 'wires': [2, 1]}]
[2025-08-04 17:02:37,610][INFO] Energy: 0.03201011000935196
[2025-08-05 09:39:10,230][INFO] Starting VQE run 76 (seed=50730450)
[2025-08-05 09:39:10,299][INFO] Adding RY(0.0, wires=[1]) increased overlap from 0.0 to 0.9490752420784379
[2025-08-05 09:39:10,497][INFO] Adding RY(0.0, wires=[2]) increased overlap from 0.9490752420784379 to 0.9990418205002701
[2025-08-05 09:39:19,672][INFO] Adding CRY(0.0, wires=[2, 1])) had small change in overlap from 0.9990418205002701 to 0.9931323916328033
[2025-08-05 09:39:20,199][INFO] Adding CRY(0.0, wires=[0, 2])) increased overlap from 0.9931323916328033 to 0.9999999999999925
[2025-08-05 09:39:20,918][INFO] Adding CRY(0.0, wires=[0, 1])) had small change in overlap from 0.9999999999999925 to 0.9999999999999885
[2025-08-05 09:39:20,918][INFO] gradient converged
[2025-08-05 09:39:20,918][INFO] Completed VQE run 4
[2025-08-05 09:39:20,918][INFO] Final ops list: [{'name': 'RY', 'param': 0.083078355650839, 'wires': [1]}, {'name': 'RY', 'param': 1.5867196880181627, 'wires': [2]}, {'name': 'CRY', 'param': 6.242326742635436, 'wires': [2, 1]}, {'name': 'CRY', 'param': 1.1553378092972342, 'wires': [0, 2]}]
[2025-08-05 09:39:20,918][INFO] Energy: 0.03201011000928258
[2025-08-05 09:40:40,526][INFO] Starting VQE run 76 (seed=17624796)
[2025-08-05 09:40:40,656][INFO] Adding RY(0.0, wires=[1]) increased overlap from 0.0 to 0.9490752425906788
[2025-08-05 09:40:40,903][INFO] Adding RY(0.0, wires=[2]) increased overlap from 0.9490752425906788 to 0.9990418201886553
[2025-08-05 09:40:49,140][INFO] Adding CRY(0.0, wires=[2, 1])) increased overlap from 0.9990418201886553 to 0.999999999999986
[2025-08-05 09:40:50,562][INFO] Adding CRY(0.0, wires=[0, 1])) had small change in overlap from 0.999999999999986 to 0.9999999999999258
[2025-08-05 09:40:50,562][INFO] gradient converged
[2025-08-05 09:40:50,562][INFO] Completed VQE run 3
[2025-08-05 09:40:50,562][INFO] Final ops list: [{'name': 'RY', 'param': 0.0667993499045475, 'wires': [1]}, {'name': 'RY', 'param': 0.43183816460440844, 'wires': [2]}, {'name': 'CRY', 'param': 6.185544156452339, 'wires': [2, 1]}]
[2025-08-05 09:40:50,562][INFO] Energy: 0.032010110009590226
