[2025-08-04 17:02:35,304][INFO] Starting VQE run 31 (seed=82049433)
[2025-08-04 17:02:35,382][INFO] Adding RY(0.0, wires=[1]) increased overlap from 0.0 to 0.9490752433744286
[2025-08-04 17:02:35,622][INFO] Adding RY(0.0, wires=[2]) increased overlap from 0.9490752433744286 to 0.9990418170265619
[2025-08-04 17:02:41,505][INFO] Adding CRY(0.0, wires=[2, 1])) increased overlap from 0.9990418170265619 to 0.9999999999999882
[2025-08-04 17:02:42,943][INFO] Adding CRY(0.0, wires=[0, 1])) had small change in overlap from 0.9999999999999882 to 0.9999999999999758
[2025-08-04 17:02:42,943][INFO] gradient converged
[2025-08-04 17:02:42,943][INFO] Completed VQE run 3
[2025-08-04 17:02:42,944][INFO] Final ops list: [{'name': 'RY', 'param': 6.349984665748962, 'wires': [1]}, {'name': 'RY', 'param': 6.715023492682425, 'wires': [2]}, {'name': 'CRY', 'param': 6.185544154372696, 'wires': [2, 1]}]
[2025-08-04 17:02:42,944][INFO] Energy: 0.03201011000934487
[2025-08-05 09:39:10,180][INFO] Starting VQE run 31 (seed=115833660)
[2025-08-05 09:39:10,266][INFO] Adding RY(0.0, wires=[1]) increased overlap from 0.0 to 0.9490752435302114
[2025-08-05 09:39:10,499][INFO] Adding RY(0.0, wires=[2]) increased overlap from 0.9490752435302114 to 0.9990418200675387
[2025-08-05 09:39:11,698][INFO] Adding CRY(0.0, wires=[2, 1])) increased overlap from 0.9990418200675387 to 0.9999999999999871
[2025-08-05 09:39:12,504][INFO] Adding CRY(0.0, wires=[0, 2])) increased overlap from 0.9999999999999871 to 0.9999999999999936
[2025-08-05 09:39:12,504][INFO] gradient converged
[2025-08-05 09:39:12,504][INFO] Completed VQE run 3
[2025-08-05 09:39:12,504][INFO] Final ops list: [{'name': 'RY', 'param': 0.06679965504642892, 'wires': [1]}, {'name': 'RY', 'param': -0.43183847729702884, 'wires': [2]}, {'name': 'CRY', 'param': -0.09764063415922364, 'wires': [2, 1]}]
[2025-08-05 09:39:12,504][INFO] Energy: 0.0320101100092652
[2025-08-05 09:40:40,385][INFO] Starting VQE run 31 (seed=82723956)
[2025-08-05 09:40:40,478][INFO] Adding RY(0.0, wires=[1]) increased overlap from 0.0 to 0.9490752435633326
[2025-08-05 09:40:40,657][INFO] Adding RY(0.0, wires=[2]) increased overlap from 0.9490752435633326 to 0.999041817201148
[2025-08-05 09:40:42,158][INFO] Adding CRY(0.0, wires=[2, 1])) increased overlap from 0.999041817201148 to 0.9999999999999969
[2025-08-05 09:40:44,777][INFO] Adding CRY(0.0, wires=[0, 2])) had small change in overlap from 0.9999999999999969 to 0.999999999999944
[2025-08-05 09:40:44,777][INFO] gradient converged
[2025-08-05 09:40:44,777][INFO] Completed VQE run 3
[2025-08-05 09:40:44,777][INFO] Final ops list: [{'name': 'RY', 'param': 6.349984747560387, 'wires': [1]}, {'name': 'RY', 'param': 6.715023547339183, 'wires': [2]}, {'name': 'CRY', 'param': 6.185544268836409, 'wires': [2, 1]}]
[2025-08-05 09:40:44,778][INFO] Energy: 0.03201011000956088
