[2025-08-04 17:02:35,348][INFO] Starting VQE run 93 (seed=84666334)
[2025-08-04 17:02:35,461][INFO] Adding RY(0.0, wires=[1]) increased overlap from 0.0 to 0.9490752437875077
[2025-08-04 17:02:35,702][INFO] Adding RY(0.0, wires=[2]) increased overlap from 0.9490752437875077 to 0.9990418201272151
[2025-08-04 17:02:45,365][INFO] Adding CRY(0.0, wires=[2, 1])) had small change in overlap from 0.9990418201272151 to 0.9956591920157936
[2025-08-04 17:02:45,924][INFO] Adding CRY(0.0, wires=[0, 2])) increased overlap from 0.9956591920157936 to 0.9999999999999978
[2025-08-04 17:02:46,653][INFO] Adding CRY(0.0, wires=[0, 1])) had small change in overlap from 0.9999999999999978 to 0.9999999999999891
[2025-08-04 17:02:46,653][INFO] gradient converged
[2025-08-04 17:02:46,653][INFO] Completed VQE run 4
[2025-08-04 17:02:46,653][INFO] Final ops list: [{'name': 'RY', 'param': 0.08063257765010785, 'wires': [1]}, {'name': 'RY', 'param': 1.461569432670081, 'wires': [2]}, {'name': 'CRY', 'param': 6.242086991627749, 'wires': [2, 1]}, {'name': 'CRY', 'param': 1.0301612909500846, 'wires': [0, 2]}]
[2025-08-04 17:02:46,653][INFO] Energy: 0.032010110009280966
[2025-08-05 09:39:10,195][INFO] Starting VQE run 93 (seed=122157851)
[2025-08-05 09:39:10,284][INFO] Adding RY(0.0, wires=[1]) increased overlap from 0.0 to 0.9490752423508017
[2025-08-05 09:39:10,560][INFO] Adding RY(0.0, wires=[2]) increased overlap from 0.9490752423508017 to 0.9990418178531497
[2025-08-05 09:39:12,225][INFO] Adding CRY(0.0, wires=[2, 1])) increased overlap from 0.9990418178531497 to 0.9999999999999933
[2025-08-05 09:39:15,288][INFO] Adding CRY(0.0, wires=[0, 2])) had small change in overlap from 0.9999999999999933 to 0.9999999999999274
[2025-08-05 09:39:15,288][INFO] gradient converged
[2025-08-05 09:39:15,288][INFO] Completed VQE run 3
[2025-08-05 09:39:15,288][INFO] Final ops list: [{'name': 'RY', 'param': 6.349984718181955, 'wires': [1]}, {'name': 'RY', 'param': 6.7150235129894815, 'wires': [2]}, {'name': 'CRY', 'param': 6.185544231819351, 'wires': [2, 1]}]
[2025-08-05 09:39:15,288][INFO] Energy: 0.03201011000962464
[2025-08-05 09:40:40,589][INFO] Starting VQE run 93 (seed=89053727)
[2025-08-05 09:40:40,658][INFO] Adding RY(0.0, wires=[1]) increased overlap from 0.0 to 0.9490752434455056
[2025-08-05 09:40:40,873][INFO] Adding RY(0.0, wires=[2]) increased overlap from 0.9490752434455056 to 0.9990418204454236
[2025-08-05 09:40:41,659][INFO] Adding CRY(0.0, wires=[2, 1])) increased overlap from 0.9990418204454236 to 0.9999999999999796
[2025-08-05 09:40:43,290][INFO] Adding CRY(0.0, wires=[0, 1])) had small change in overlap from 0.9999999999999796 to 0.9999999999999494
[2025-08-05 09:40:43,290][INFO] gradient converged
[2025-08-05 09:40:43,290][INFO] Completed VQE run 3
[2025-08-05 09:40:43,290][INFO] Final ops list: [{'name': 'RY', 'param': 0.0667997094746299, 'wires': [1]}, {'name': 'RY', 'param': -0.43183849702854377, 'wires': [2]}, {'name': 'CRY', 'param': -0.0976405720306831, 'wires': [2, 1]}]
[2025-08-05 09:40:43,290][INFO] Energy: 0.0320101100094851
