[2025-08-04 17:02:35,314][INFO] Starting VQE run 50 (seed=80860148)
[2025-08-04 17:02:35,393][INFO] Adding RY(0.0, wires=[1]) increased overlap from 0.0 to 0.9490752436665106
[2025-08-04 17:02:35,625][INFO] Adding RY(0.0, wires=[2]) increased overlap from 0.9490752436665106 to 0.9990418174540344
[2025-08-04 17:02:39,802][INFO] Adding CRY(0.0, wires=[2, 1])) increased overlap from 0.9990418174540344 to 0.9999999999999758
[2025-08-04 17:02:40,671][INFO] Adding CRY(0.0, wires=[0, 2])) increased overlap from 0.9999999999999758 to 0.9999999999999996
[2025-08-04 17:02:40,671][INFO] gradient converged
[2025-08-04 17:02:40,671][INFO] Completed VQE run 3
[2025-08-04 17:02:40,671][INFO] Final ops list: [{'name': 'RY', 'param': 6.349984613043732, 'wires': [1]}, {'name': 'RY', 'param': 6.715023423922204, 'wires': [2]}, {'name': 'CRY', 'param': 6.185544019652077, 'wires': [2, 1]}]
[2025-08-04 17:02:40,671][INFO] Energy: 0.03201011000923956
[2025-08-05 09:39:10,190][INFO] Starting VQE run 50 (seed=115780480)
[2025-08-05 09:39:10,325][INFO] Adding RY(0.0, wires=[1]) increased overlap from 0.0 to 0.9490752439417103
[2025-08-05 09:39:10,559][INFO] Adding RY(0.0, wires=[2]) increased overlap from 0.9490752439417103 to 0.9990418173192311
[2025-08-05 09:39:11,893][INFO] Adding CRY(0.0, wires=[2, 1])) increased overlap from 0.9990418173192311 to 0.9999999999999829
[2025-08-05 09:39:13,957][INFO] Adding CRY(0.0, wires=[0, 1])) increased overlap from 0.9999999999999829 to 0.9999999999999893
[2025-08-05 09:39:13,958][INFO] gradient converged
[2025-08-05 09:39:13,958][INFO] Completed VQE run 3
[2025-08-05 09:39:13,958][INFO] Final ops list: [{'name': 'RY', 'param': 6.3499846431462, 'wires': [1]}, {'name': 'RY', 'param': 6.715023462818371, 'wires': [2]}, {'name': 'CRY', 'param': 6.185544098741226, 'wires': [2, 1]}]
[2025-08-05 09:39:13,958][INFO] Energy: 0.032010110009288224
[2025-08-05 09:40:40,343][INFO] Starting VQE run 50 (seed=82672486)
[2025-08-05 09:40:40,419][INFO] Adding RY(0.0, wires=[1]) increased overlap from 0.0 to 0.9490752425034303
[2025-08-05 09:40:40,665][INFO] Adding RY(0.0, wires=[2]) increased overlap from 0.9490752425034303 to 0.9990418178585344
[2025-08-05 09:40:47,123][INFO] Adding CRY(0.0, wires=[2, 1])) increased overlap from 0.9990418178585344 to 0.9999999999999885
[2025-08-05 09:40:48,585][INFO] Adding CRY(0.0, wires=[0, 1])) had small change in overlap from 0.9999999999999885 to 0.9999999999999423
[2025-08-05 09:40:48,585][INFO] gradient converged
[2025-08-05 09:40:48,585][INFO] Completed VQE run 3
[2025-08-05 09:40:48,585][INFO] Final ops list: [{'name': 'RY', 'param': 6.349984665329643, 'wires': [1]}, {'name': 'RY', 'param': 6.71502349890114, 'wires': [2]}, {'name': 'CRY', 'param': 6.1855441526645025, 'wires': [2, 1]}]
[2025-08-05 09:40:48,585][INFO] Energy: 0.03201011000951063
