[2025-08-04 17:02:35,342][INFO] Starting VQE run 80 (seed=117968684)
[2025-08-04 17:02:35,459][INFO] Adding RY(0.0, wires=[1]) increased overlap from 0.0 to 0.9490752425561845
[2025-08-04 17:02:35,641][INFO] Adding RY(0.0, wires=[2]) increased overlap from 0.9490752425561845 to 0.9990418210015466
[2025-08-04 17:02:36,844][INFO] Adding CRY(0.0, wires=[2, 1])) increased overlap from 0.9990418210015466 to 0.9999999999999762
[2025-08-04 17:02:38,248][INFO] Adding CRY(0.0, wires=[0, 2])) increased overlap from 0.9999999999999762 to 0.9999999999999838
[2025-08-04 17:02:38,248][INFO] gradient converged
[2025-08-04 17:02:38,248][INFO] Completed VQE run 3
[2025-08-04 17:02:38,248][INFO] Final ops list: [{'name': 'RY', 'param': 6.349984620470666, 'wires': [1]}, {'name': 'RY', 'param': 6.715023418670324, 'wires': [2]}, {'name': 'CRY', 'param': 6.185544045373934, 'wires': [2, 1]}]
[2025-08-04 17:02:38,248][INFO] Energy: 0.03201011000932427
[2025-08-05 09:39:10,232][INFO] Starting VQE run 80 (seed=31226077)
[2025-08-05 09:39:10,303][INFO] Adding RY(0.0, wires=[1]) increased overlap from 0.0 to 0.9490752420905999
[2025-08-05 09:39:10,525][INFO] Adding RY(0.0, wires=[2]) increased overlap from 0.9490752420905999 to 0.9990418192972906
[2025-08-05 09:39:18,754][INFO] Adding CRY(0.0, wires=[2, 1])) increased overlap from 0.9990418192972906 to 0.9999999999999878
[2025-08-05 09:39:19,205][INFO] Adding CRY(0.0, wires=[0, 2])) increased overlap from 0.9999999999999878 to 0.9999999999999984
[2025-08-05 09:39:19,205][INFO] gradient converged
[2025-08-05 09:39:19,205][INFO] Completed VQE run 3
[2025-08-05 09:39:19,205][INFO] Final ops list: [{'name': 'RY', 'param': 0.06679937257618149, 'wires': [1]}, {'name': 'RY', 'param': 0.4318381652181642, 'wires': [2]}, {'name': 'CRY', 'param': 6.185544161965943, 'wires': [2, 1]}]
[2025-08-05 09:39:19,205][INFO] Energy: 0.03201011000924242
[2025-08-05 09:40:40,542][INFO] Starting VQE run 80 (seed=121577572)
[2025-08-05 09:40:40,633][INFO] Adding RY(0.0, wires=[1]) increased overlap from 0.0 to 0.9490752434974463
[2025-08-05 09:40:40,800][INFO] Adding RY(0.0, wires=[2]) increased overlap from 0.9490752434974463 to 0.9990418189075269
[2025-08-05 09:40:45,582][INFO] Adding CRY(0.0, wires=[2, 1])) increased overlap from 0.9990418189075269 to 0.9999999999999849
[2025-08-05 09:40:47,058][INFO] Adding CRY(0.0, wires=[0, 1])) had small change in overlap from 0.9999999999999849 to 0.9999999999999842
[2025-08-05 09:40:47,058][INFO] gradient converged
[2025-08-05 09:40:47,058][INFO] Completed VQE run 3
[2025-08-05 09:40:47,058][INFO] Final ops list: [{'name': 'RY', 'param': 6.349984648084811, 'wires': [1]}, {'name': 'RY', 'param': 6.7150234706575995, 'wires': [2]}, {'name': 'CRY', 'param': 6.185544146310218, 'wires': [2, 1]}]
[2025-08-05 09:40:47,058][INFO] Energy: 0.032010110009328914
