[2025-08-05 12:11:16,273][INFO] Starting VQE run 1 (seed=61548619)
[2025-08-05 12:11:16,664][INFO] Adding RY(0.0, wires=[4]) increased overlap from 0.0 to 0.9486193640196857
[2025-08-05 12:11:17,442][INFO] Adding RY(0.0, wires=[3]) had small change in overlap from 0.9486193640196857 to 0.9477579147411499
[2025-08-05 12:11:18,355][INFO] Adding RY(0.0, wires=[5]) increased overlap from 0.9477579147411499 to 0.9950875227547569
[2025-08-05 12:11:20,312][INFO] Adding CRY(0.0, wires=[5, 4])) increased overlap from 0.9950875227547569 to 0.9958749697017344
[2025-08-05 12:11:21,985][INFO] Adding CRY(0.0, wires=[0, 3])) increased overlap from 0.9958749697017344 to 0.998673896496876
[2025-08-05 12:11:25,732][INFO] Adding CRY(0.0, wires=[5, 3])) had small change in overlap from 0.998673896496876 to 0.9986052488590547
[2025-08-05 12:11:30,643][INFO] Adding RY(0.0, wires=[2]) had small change in overlap from 0.9986052488590547 to 0.9982593614761514
[2025-08-05 12:11:38,082][INFO] Adding CRY(0.0, wires=[0, 2])) increased overlap from 0.9982593614761514 to 0.9982823217678574
[2025-08-05 12:11:51,840][INFO] Adding CRY(0.0, wires=[0, 4])) increased overlap from 0.9982823217678574 to 0.998687604377842
[2025-08-05 12:12:04,615][INFO] Adding CRY(0.0, wires=[4, 3])) increased overlap from 0.998687604377842 to 0.998695207978921
[2025-08-05 12:12:26,262][INFO] Adding CRY(0.0, wires=[5, 2])) increased overlap from 0.998695207978921 to 0.9995972696824932
[2025-08-05 12:12:38,717][INFO] Adding RY(0.0, wires=[1]) had small change in overlap from 0.9995972696824932 to 0.9986947314894723
[2025-08-05 12:13:02,222][INFO] Adding CRY(0.0, wires=[3, 5])) had small change in overlap from 0.9986947314894723 to 0.9967102241010048
[2025-08-05 12:13:26,018][INFO] Adding RY(0.0, wires=[3]) increased overlap from 0.9967102241010048 to 0.9999757104478542
[2025-08-05 12:13:54,989][INFO] Adding CRY(0.0, wires=[0, 1])) had small change in overlap from 0.9999757104478542 to 0.9953618891765089
[2025-08-05 12:14:20,625][INFO] Adding RY(0.0, wires=[1]) decreased overlap from 0.9953618891765089 to 0.9477217358051326.. skipping this gate
[2025-08-05 12:14:20,625][INFO] gradient converged
[2025-08-05 12:14:20,625][INFO] Completed VQE run 15
[2025-08-05 12:14:20,625][INFO] Final ops list: [{'name': 'RY', 'param': 2.3051729215247656, 'wires': [4]}, {'name': 'RY', 'param': 1.9242898046254024, 'wires': [3]}, {'name': 'RY', 'param': 3.161172493630594, 'wires': [5]}, {'name': 'CRY', 'param': 4.088474977644352, 'wires': [5, 4]}, {'name': 'CRY', 'param': 5.6438648965046605, 'wires': [0, 3]}, {'name': 'CRY', 'param': 1.8463359741699301, 'wires': [5, 3]}, {'name': 'RY', 'param': 4.042952045526808, 'wires': [2]}, {'name': 'CRY', 'param': 2.1912072341041924, 'wires': [0, 2]}, {'name': 'CRY', 'param': 6.058109595678496, 'wires': [0, 4]}, {'name': 'CRY', 'param': 6.083359775250105, 'wires': [4, 3]}, {'name': 'CRY', 'param': 0.042273122949001436, 'wires': [5, 2]}, {'name': 'RY', 'param': 4.8327700793636055, 'wires': [1]}, {'name': 'CRY', 'param': 2.6617361183280632, 'wires': [3, 5]}, {'name': 'RY', 'param': 3.127674884134996, 'wires': [3]}, {'name': 'CRY', 'param': 1.4501541649975336, 'wires': [0, 1]}]
[2025-08-05 12:14:20,625][INFO] Energy: 0.03455262192586092
