[2025-12-09 18:28:58,610][INFO] Running VQE for linear potential and cutoff 8
[2025-12-09 18:28:58,623][INFO] min_eigenvalue: 2.7357169812820412e-08
[2025-12-09 18:28:58,628][INFO] {
    "backend_options": {
        "method": "automatic",
        "noise_model": null,
        "seed_simulator": 63438773
    },
    "run_options": {
        "shots": 2000
    }
}
[2025-12-09 18:28:58,628][INFO] Running for Krylov dimension 1
[2025-12-09 18:28:58,819][INFO] {
    "D": 1,
    "t": 1.0,
    "circuit_time": "0:00:00.043387",
    "num_samples": 34,
    "H_reduced_size": [
        34,
        34
    ],
    "reduction": 99.169921875,
    "H_reduced_e": 0.00011855722567071363,
    "eigenvalue_time": "0:00:00.001000",
    "diff": 0.00011852986850090081,
    "change_from_prev": null
}
[2025-12-09 18:28:58,820][INFO] Running for Krylov dimension 2
[2025-12-09 18:28:58,982][INFO] {
    "D": 2,
    "t": 2.0,
    "circuit_time": "0:00:00.047000",
    "num_samples": 136,
    "H_reduced_size": [
        136,
        136
    ],
    "reduction": 96.6796875,
    "H_reduced_e": 9.040950460570936e-05,
    "eigenvalue_time": "0:00:00.002999",
    "diff": 9.038214743589654e-05,
    "change_from_prev": 2.814772106500427e-05
}
[2025-12-09 18:28:58,982][INFO] Running for Krylov dimension 3
[2025-12-09 18:28:59,156][INFO] {
    "D": 3,
    "t": 3.0,
    "circuit_time": "0:00:00.038516",
    "num_samples": 175,
    "H_reduced_size": [
        175,
        175
    ],
    "reduction": 95.7275390625,
    "H_reduced_e": 9.040828134188937e-05,
    "eigenvalue_time": "0:00:00.002414",
    "diff": 9.038092417207655e-05,
    "change_from_prev": 1.223263819990876e-09
}
[2025-12-09 18:28:59,157][INFO] Running for Krylov dimension 4
[2025-12-09 18:28:59,357][INFO] {
    "D": 4,
    "t": 4.0,
    "circuit_time": "0:00:00.043475",
    "num_samples": 234,
    "H_reduced_size": [
        234,
        234
    ],
    "reduction": 94.287109375,
    "H_reduced_e": 9.02575181256356e-05,
    "eigenvalue_time": "0:00:00.010052",
    "diff": 9.023016095582279e-05,
    "change_from_prev": 1.5076321625376332e-07
}
[2025-12-09 18:28:59,357][INFO] Running for Krylov dimension 5
[2025-12-09 18:28:59,592][INFO] {
    "D": 5,
    "t": 5.0,
    "circuit_time": "0:00:00.040572",
    "num_samples": 346,
    "H_reduced_size": [
        346,
        346
    ],
    "reduction": 91.552734375,
    "H_reduced_e": 2.950427091514967e-05,
    "eigenvalue_time": "0:00:00.020825",
    "diff": 2.9476913745336848e-05,
    "change_from_prev": 6.0753247210485934e-05
}
[2025-12-09 18:28:59,592][INFO] Running for Krylov dimension 6
[2025-12-09 18:28:59,847][INFO] {
    "D": 6,
    "t": 6.0,
    "circuit_time": "0:00:00.043048",
    "num_samples": 362,
    "H_reduced_size": [
        362,
        362
    ],
    "reduction": 91.162109375,
    "H_reduced_e": 2.0774264613121773e-06,
    "eigenvalue_time": "0:00:00.025009",
    "diff": 2.050069291499357e-06,
    "change_from_prev": 2.7426844453837492e-05
}
[2025-12-09 18:28:59,848][INFO] Running for Krylov dimension 7
[2025-12-09 18:29:00,105][INFO] {
    "D": 7,
    "t": 7.0,
    "circuit_time": "0:00:00.042865",
    "num_samples": 368,
    "H_reduced_size": [
        368,
        368
    ],
    "reduction": 91.015625,
    "H_reduced_e": 2.0774215961262407e-06,
    "eigenvalue_time": "0:00:00.024872",
    "diff": 2.0500644263134204e-06,
    "change_from_prev": 4.865185936615119e-12
}
[2025-12-09 18:29:00,105][INFO] Converged
[2025-12-09 18:29:00,107][INFO] Done
