[2026-02-06 08:51:02,605][INFO] Running VQE for linear potential and cutoff 16
[2026-02-06 08:51:02,605][INFO] Truncation: {'m': 128, 'n': 1146, 'keep_frac_terms': 0.11169284467713787, 'keep_ratio': 0.999, 'truncated': 0.7630188941189999, 'total_weight': 768.499999999996}
[2026-02-06 08:51:02,607][INFO] min_eigenvalue: 6.579954002926503e-15
[2026-02-06 08:51:04,233][INFO] [Run 0] Running for Krylov dimension 1
[2026-02-06 08:52:46,738][INFO] [Run 0] Job ID: d62qn0jc4tus73fdq04g - QPU usage: 4.0
[2026-02-06 08:52:46,743][INFO] [Run 0]
{
    "raw_unique_basis_states": 4344,
    "fermion_basis_rejected": 1611,
    "kept_unique_basis_states": 2733,
    "fermion_shots_rejected": 3080,
    "kept_shots": 6920
}
[2026-02-06 08:52:50,451][INFO] [Run 0]
{
    "D": 1,
    "t": 3.0,
    "num_trotter_steps": 1,
    "circuit_time": "0:01:30.840777",
    "shot_processing": {
        "raw_unique_basis_states": 4344,
        "fermion_basis_rejected": 1611,
        "kept_unique_basis_states": 2733,
        "fermion_shots_rejected": 3080,
        "kept_shots": 6920
    },
    "new_basis_count": 2733,
    "total_basis_count": 2733,
    "H_reduced_size": [
        2733,
        2733
    ],
    "reduction": 91.6595458984375,
    "H_reduced_e": 0.0011576984427088483,
    "used_dense": false,
    "eigenvalue_time": "0:00:00.054273",
    "diff": 0.0011576984427022683,
    "change_from_prev": null,
    "circuit_cost": {
        "depth": 1180,
        "size": 2522,
        "num_2q_ops": 588,
        "depth_2q": 386,
        "count_ops": {
            "sx": 1049,
            "rz": 788,
            "cz": 588,
            "x": 82,
            "measure": 15,
            "barrier": 1
        }
    }
}
[2026-02-06 08:52:50,451][INFO] [Run 0] Running for Krylov dimension 2
[2026-02-06 08:54:26,656][INFO] [Run 0] Job ID: d62qnr3c4tus73fdq0u0 - QPU usage: 8.0
[2026-02-06 08:54:26,658][INFO] [Run 0]
{
    "raw_unique_basis_states": 2298,
    "fermion_basis_rejected": 516,
    "kept_unique_basis_states": 1782,
    "fermion_shots_rejected": 692,
    "kept_shots": 9308
}
[2026-02-06 08:54:32,107][INFO] [Run 0]
{
    "D": 2,
    "t": 6.0,
    "num_trotter_steps": 1,
    "circuit_time": "0:01:24.838576",
    "shot_processing": {
        "raw_unique_basis_states": 2298,
        "fermion_basis_rejected": 516,
        "kept_unique_basis_states": 1782,
        "fermion_shots_rejected": 692,
        "kept_shots": 9308
    },
    "new_basis_count": 1212,
    "total_basis_count": 3945,
    "H_reduced_size": [
        3945,
        3945
    ],
    "reduction": 87.9608154296875,
    "H_reduced_e": 0.00107347073479932,
    "used_dense": false,
    "eigenvalue_time": "0:00:00.055121",
    "diff": 0.0010734707347927399,
    "change_from_prev": 8.422770790952839e-05,
    "circuit_cost": {
        "depth": 1172,
        "size": 2510,
        "num_2q_ops": 588,
        "depth_2q": 386,
        "count_ops": {
            "sx": 1045,
            "rz": 780,
            "cz": 588,
            "x": 82,
            "measure": 15,
            "barrier": 1
        }
    }
}
[2026-02-06 08:54:32,107][INFO] [Run 0] Running for Krylov dimension 3
[2026-02-06 08:54:51,555][INFO] [Run 0] Job ID: d62qokfs6ggc73fh51bg - QPU usage: 12.0
[2026-02-06 08:54:51,560][INFO] [Run 0]
{
    "raw_unique_basis_states": 4118,
    "fermion_basis_rejected": 1525,
    "kept_unique_basis_states": 2593,
    "fermion_shots_rejected": 2847,
    "kept_shots": 7153
}
[2026-02-06 08:54:58,158][INFO] [Run 0]
{
    "D": 3,
    "t": 9.0,
    "num_trotter_steps": 1,
    "circuit_time": "0:00:08.426617",
    "shot_processing": {
        "raw_unique_basis_states": 4118,
        "fermion_basis_rejected": 1525,
        "kept_unique_basis_states": 2593,
        "fermion_shots_rejected": 2847,
        "kept_shots": 7153
    },
    "new_basis_count": 809,
    "total_basis_count": 4754,
    "H_reduced_size": [
        4754,
        4754
    ],
    "reduction": 85.491943359375,
    "H_reduced_e": 1.9759452496081516e-07,
    "used_dense": false,
    "eigenvalue_time": "0:00:00.074351",
    "diff": 1.9759451838086115e-07,
    "change_from_prev": 0.001073273140274359,
    "circuit_cost": {
        "depth": 1284,
        "size": 2582,
        "num_2q_ops": 620,
        "depth_2q": 433,
        "count_ops": {
            "sx": 1107,
            "rz": 767,
            "cz": 620,
            "x": 73,
            "measure": 15,
            "barrier": 1
        }
    }
}
[2026-02-06 08:54:58,158][INFO] [Run 0] Running for Krylov dimension 4
[2026-02-06 08:55:17,302][INFO] [Run 0] Job ID: d62qoqvs6ggc73fh51k0 - QPU usage: 16.0
[2026-02-06 08:55:17,306][INFO] [Run 0]
{
    "raw_unique_basis_states": 3121,
    "fermion_basis_rejected": 635,
    "kept_unique_basis_states": 2486,
    "fermion_shots_rejected": 805,
    "kept_shots": 9195
}
[2026-02-06 08:55:24,812][INFO] [Run 0]
{
    "D": 4,
    "t": 12.0,
    "num_trotter_steps": 1,
    "circuit_time": "0:00:08.014640",
    "shot_processing": {
        "raw_unique_basis_states": 3121,
        "fermion_basis_rejected": 635,
        "kept_unique_basis_states": 2486,
        "fermion_shots_rejected": 805,
        "kept_shots": 9195
    },
    "new_basis_count": 584,
    "total_basis_count": 5338,
    "H_reduced_size": [
        5338,
        5338
    ],
    "reduction": 83.709716796875,
    "H_reduced_e": 1.5029117858519202e-07,
    "used_dense": false,
    "eigenvalue_time": "0:00:00.079368",
    "diff": 1.5029117200523802e-07,
    "change_from_prev": 4.7303346375623134e-08,
    "circuit_cost": {
        "depth": 1187,
        "size": 2593,
        "num_2q_ops": 636,
        "depth_2q": 414,
        "count_ops": {
            "sx": 1111,
            "rz": 746,
            "cz": 636,
            "x": 85,
            "measure": 15,
            "barrier": 1
        }
    }
}
[2026-02-06 08:55:24,812][INFO] [Run 0] Running for Krylov dimension 5
[2026-02-06 08:55:43,974][INFO] [Run 0] Job ID: d62qp1jtraac73bggb8g - QPU usage: 20.0
[2026-02-06 08:55:43,979][INFO] [Run 0]
{
    "raw_unique_basis_states": 3978,
    "fermion_basis_rejected": 1447,
    "kept_unique_basis_states": 2531,
    "fermion_shots_rejected": 2481,
    "kept_shots": 7519
}
[2026-02-06 08:55:52,932][INFO] [Run 0]
{
    "D": 5,
    "t": 15.0,
    "num_trotter_steps": 1,
    "circuit_time": "0:00:08.107314",
    "shot_processing": {
        "raw_unique_basis_states": 3978,
        "fermion_basis_rejected": 1447,
        "kept_unique_basis_states": 2531,
        "fermion_shots_rejected": 2481,
        "kept_shots": 7519
    },
    "new_basis_count": 990,
    "total_basis_count": 6328,
    "H_reduced_size": [
        6328,
        6328
    ],
    "reduction": 80.6884765625,
    "H_reduced_e": 4.298093301233054e-11,
    "used_dense": false,
    "eigenvalue_time": "0:00:00.108790",
    "diff": 4.2974353058327614e-11,
    "change_from_prev": 1.502481976521797e-07,
    "circuit_cost": {
        "depth": 1268,
        "size": 2596,
        "num_2q_ops": 619,
        "depth_2q": 424,
        "count_ops": {
            "sx": 1100,
            "rz": 781,
            "cz": 619,
            "x": 81,
            "measure": 15,
            "barrier": 1
        }
    }
}
[2026-02-06 08:55:52,932][INFO] [Run 0] Running for Krylov dimension 6
[2026-02-06 08:56:12,775][INFO] [Run 0] Job ID: d62qp8ns6ggc73fh526g - QPU usage: 24.0
[2026-02-06 08:56:12,778][INFO] [Run 0]
{
    "raw_unique_basis_states": 2710,
    "fermion_basis_rejected": 648,
    "kept_unique_basis_states": 2062,
    "fermion_shots_rejected": 749,
    "kept_shots": 9251
}
[2026-02-06 08:56:22,142][INFO] [Run 0]
{
    "D": 6,
    "t": 18.0,
    "num_trotter_steps": 1,
    "circuit_time": "0:00:08.721833",
    "shot_processing": {
        "raw_unique_basis_states": 2710,
        "fermion_basis_rejected": 648,
        "kept_unique_basis_states": 2062,
        "fermion_shots_rejected": 749,
        "kept_shots": 9251
    },
    "new_basis_count": 305,
    "total_basis_count": 6633,
    "H_reduced_size": [
        6633,
        6633
    ],
    "reduction": 79.7576904296875,
    "H_reduced_e": 4.041302670829601e-11,
    "used_dense": false,
    "eigenvalue_time": "0:00:00.114832",
    "diff": 4.0406446754293085e-11,
    "change_from_prev": 2.5679063040345286e-12,
    "circuit_cost": {
        "depth": 1277,
        "size": 2572,
        "num_2q_ops": 616,
        "depth_2q": 431,
        "count_ops": {
            "sx": 1105,
            "rz": 761,
            "cz": 616,
            "x": 75,
            "measure": 15,
            "barrier": 1
        }
    }
}
[2026-02-06 08:56:22,142][INFO] [Run 0] Running for Krylov dimension 7
[2026-02-06 08:56:41,562][INFO] [Run 0] Job ID: d62qpfqo8gvs73f2ich0 - QPU usage: 28.0
[2026-02-06 08:56:41,567][INFO] [Run 0]
{
    "raw_unique_basis_states": 4029,
    "fermion_basis_rejected": 1454,
    "kept_unique_basis_states": 2575,
    "fermion_shots_rejected": 2151,
    "kept_shots": 7849
}
[2026-02-06 08:56:51,493][INFO] [Run 0]
{
    "D": 7,
    "t": 21.0,
    "num_trotter_steps": 1,
    "circuit_time": "0:00:08.359789",
    "shot_processing": {
        "raw_unique_basis_states": 4029,
        "fermion_basis_rejected": 1454,
        "kept_unique_basis_states": 2575,
        "fermion_shots_rejected": 2151,
        "kept_shots": 7849
    },
    "new_basis_count": 292,
    "total_basis_count": 6925,
    "H_reduced_size": [
        6925,
        6925
    ],
    "reduction": 78.8665771484375,
    "H_reduced_e": 2.2710046354682884e-11,
    "used_dense": false,
    "eigenvalue_time": "0:00:00.113417",
    "diff": 2.2703466400679956e-11,
    "change_from_prev": 1.770298035361313e-11,
    "circuit_cost": {
        "depth": 1278,
        "size": 2594,
        "num_2q_ops": 623,
        "depth_2q": 428,
        "count_ops": {
            "sx": 1100,
            "rz": 778,
            "cz": 623,
            "x": 78,
            "measure": 15,
            "barrier": 1
        }
    }
}
[2026-02-06 08:56:51,493][INFO] [Run 0] Running for Krylov dimension 8
[2026-02-06 08:57:12,071][INFO] [Run 0] Job ID: d62qpnfs6ggc73fh52ng - QPU usage: 33.0
[2026-02-06 08:57:12,074][INFO] [Run 0]
{
    "raw_unique_basis_states": 3244,
    "fermion_basis_rejected": 808,
    "kept_unique_basis_states": 2436,
    "fermion_shots_rejected": 967,
    "kept_shots": 9033
}
[2026-02-06 08:57:22,322][INFO] [Run 0]
{
    "D": 8,
    "t": 12.0,
    "num_trotter_steps": 2,
    "circuit_time": "0:00:09.217641",
    "shot_processing": {
        "raw_unique_basis_states": 3244,
        "fermion_basis_rejected": 808,
        "kept_unique_basis_states": 2436,
        "fermion_shots_rejected": 967,
        "kept_shots": 9033
    },
    "new_basis_count": 284,
    "total_basis_count": 7209,
    "H_reduced_size": [
        7209,
        7209
    ],
    "reduction": 77.9998779296875,
    "H_reduced_e": 2.2672813421159325e-11,
    "used_dense": false,
    "eigenvalue_time": "0:00:00.121634",
    "diff": 2.2666233467156398e-11,
    "change_from_prev": 3.723293352355853e-14,
    "circuit_cost": {
        "depth": 2433,
        "size": 5176,
        "num_2q_ops": 1238,
        "depth_2q": 823,
        "count_ops": {
            "sx": 2198,
            "rz": 1559,
            "cz": 1238,
            "x": 166,
            "measure": 15,
            "barrier": 1
        }
    }
}
[2026-02-06 08:57:22,323][INFO] [Run 0] Done
