[2026-02-13 12:45:58,743][INFO] Running VQE for linear potential and cutoff 16
[2026-02-13 12:45:58,746][INFO] Truncation: {'m': 212, 'n': 2211, 'keep_frac_terms': 0.09588421528720036, 'keep_ratio': 0.999, 'truncated': 1.377312853455578, 'total_weight': 1381.999999999984}
[2026-02-13 12:45:58,769][INFO] min_eigenvalue: 3.9321294598410086e-15
[2026-02-13 12:46:02,214][INFO] []
[2026-02-13 12:46:02,215][INFO] [Run 8] Running for Krylov dimension 1
[2026-02-13 12:46:03,185][INFO] [Run 8]
{
    "raw_unique_basis_states": 3440,
    "fermion_basis_rejected": 0,
    "kept_unique_basis_states": 3440,
    "fermion_shots_rejected": 0,
    "kept_shots": 50000
}
[2026-02-13 12:46:17,713][INFO] [Run 8]
{
    "D": 1,
    "t": 1.0,
    "num_trotter_steps": 1,
    "circuit_time": "0:00:00.887728",
    "shot_processing": {
        "raw_unique_basis_states": 3440,
        "fermion_basis_rejected": 0,
        "kept_unique_basis_states": 3440,
        "fermion_shots_rejected": 0,
        "kept_shots": 50000
    },
    "new_basis_count": 3440,
    "total_basis_count": 3440,
    "H_reduced_size": [
        3440,
        3440
    ],
    "reduction": 99.67193603515625,
    "H_reduced_e": 0.00026288131144256474,
    "used_dense": false,
    "eigenvalue_time": "0:00:00.022237",
    "diff": 0.0002628813114386326,
    "change_from_prev": null,
    "circuit_cost": {
        "depth": 826,
        "size": 2758,
        "num_2q_ops": 647,
        "depth_2q": 273,
        "count_ops": {
            "rz": 960,
            "sx": 912,
            "cz": 647,
            "x": 219,
            "measure": 20,
            "barrier": 1
        }
    }
}
[2026-02-13 12:46:17,713][INFO] [Run 8] Running for Krylov dimension 2
[2026-02-13 12:46:18,653][INFO] [Run 8]
{
    "raw_unique_basis_states": 12812,
    "fermion_basis_rejected": 0,
    "kept_unique_basis_states": 12812,
    "fermion_shots_rejected": 0,
    "kept_shots": 50000
}
[2026-02-13 12:47:23,704][INFO] [Run 8]
{
    "D": 2,
    "t": 2.0,
    "num_trotter_steps": 1,
    "circuit_time": "0:00:00.853790",
    "shot_processing": {
        "raw_unique_basis_states": 12812,
        "fermion_basis_rejected": 0,
        "kept_unique_basis_states": 12812,
        "fermion_shots_rejected": 0,
        "kept_shots": 50000
    },
    "new_basis_count": 11003,
    "total_basis_count": 14443,
    "H_reduced_size": [
        14443,
        14443
    ],
    "reduction": 98.62260818481445,
    "H_reduced_e": 0.0002624422232757742,
    "used_dense": false,
    "eigenvalue_time": "0:00:00.127827",
    "diff": 0.0002624422232718421,
    "change_from_prev": 4.3908816679051913e-07,
    "circuit_cost": {
        "depth": 819,
        "size": 2742,
        "num_2q_ops": 647,
        "depth_2q": 273,
        "count_ops": {
            "rz": 952,
            "sx": 912,
            "cz": 647,
            "x": 211,
            "measure": 20,
            "barrier": 1
        }
    }
}
[2026-02-13 12:47:23,705][INFO] [Run 8] Running for Krylov dimension 3
[2026-02-13 12:47:24,597][INFO] [Run 8]
{
    "raw_unique_basis_states": 3266,
    "fermion_basis_rejected": 0,
    "kept_unique_basis_states": 3266,
    "fermion_shots_rejected": 0,
    "kept_shots": 50000
}
[2026-02-13 12:48:38,408][INFO] [Run 8]
{
    "D": 3,
    "t": 3.0,
    "num_trotter_steps": 1,
    "circuit_time": "0:00:00.820582",
    "shot_processing": {
        "raw_unique_basis_states": 3266,
        "fermion_basis_rejected": 0,
        "kept_unique_basis_states": 3266,
        "fermion_shots_rejected": 0,
        "kept_shots": 50000
    },
    "new_basis_count": 1727,
    "total_basis_count": 16170,
    "H_reduced_size": [
        16170,
        16170
    ],
    "reduction": 98.4579086303711,
    "H_reduced_e": 0.0002624422199812637,
    "used_dense": false,
    "eigenvalue_time": "0:00:00.147803",
    "diff": 0.0002624422199773316,
    "change_from_prev": 3.294510497742209e-12,
    "circuit_cost": {
        "depth": 819,
        "size": 2744,
        "num_2q_ops": 647,
        "depth_2q": 273,
        "count_ops": {
            "rz": 956,
            "sx": 912,
            "cz": 647,
            "x": 209,
            "measure": 20,
            "barrier": 1
        }
    }
}
[2026-02-13 12:48:38,408][INFO] [Run 8] Running for Krylov dimension 4
[2026-02-13 12:48:39,329][INFO] [Run 8]
{
    "raw_unique_basis_states": 10912,
    "fermion_basis_rejected": 0,
    "kept_unique_basis_states": 10912,
    "fermion_shots_rejected": 0,
    "kept_shots": 50000
}
[2026-02-13 12:50:19,361][INFO] [Run 8]
{
    "D": 4,
    "t": 4.0,
    "num_trotter_steps": 1,
    "circuit_time": "0:00:00.835948",
    "shot_processing": {
        "raw_unique_basis_states": 10912,
        "fermion_basis_rejected": 0,
        "kept_unique_basis_states": 10912,
        "fermion_shots_rejected": 0,
        "kept_shots": 50000
    },
    "new_basis_count": 5378,
    "total_basis_count": 21548,
    "H_reduced_size": [
        21548,
        21548
    ],
    "reduction": 97.94502258300781,
    "H_reduced_e": 0.00026123469197350345,
    "used_dense": false,
    "eigenvalue_time": "0:00:00.211319",
    "diff": 0.0002612346919695713,
    "change_from_prev": 1.2075280077602666e-06,
    "circuit_cost": {
        "depth": 826,
        "size": 2756,
        "num_2q_ops": 647,
        "depth_2q": 273,
        "count_ops": {
            "rz": 961,
            "sx": 912,
            "cz": 647,
            "x": 216,
            "measure": 20,
            "barrier": 1
        }
    }
}
[2026-02-13 12:50:19,362][INFO] [Run 8] Running for Krylov dimension 5
[2026-02-13 12:50:20,356][INFO] [Run 8]
{
    "raw_unique_basis_states": 15173,
    "fermion_basis_rejected": 0,
    "kept_unique_basis_states": 15173,
    "fermion_shots_rejected": 0,
    "kept_shots": 50000
}
[2026-02-13 12:52:48,257][INFO] [Run 8]
{
    "D": 5,
    "t": 5.0,
    "num_trotter_steps": 1,
    "circuit_time": "0:00:00.903212",
    "shot_processing": {
        "raw_unique_basis_states": 15173,
        "fermion_basis_rejected": 0,
        "kept_unique_basis_states": 15173,
        "fermion_shots_rejected": 0,
        "kept_shots": 50000
    },
    "new_basis_count": 9857,
    "total_basis_count": 31405,
    "H_reduced_size": [
        31405,
        31405
    ],
    "reduction": 97.00498580932617,
    "H_reduced_e": 0.00026123344519470113,
    "used_dense": false,
    "eigenvalue_time": "0:00:00.383732",
    "diff": 0.000261233445190769,
    "change_from_prev": 1.246778802324166e-09,
    "circuit_cost": {
        "depth": 822,
        "size": 2739,
        "num_2q_ops": 647,
        "depth_2q": 273,
        "count_ops": {
            "rz": 947,
            "sx": 912,
            "cz": 647,
            "x": 213,
            "measure": 20,
            "barrier": 1
        }
    }
}
[2026-02-13 12:52:48,257][INFO] [Run 8] Running for Krylov dimension 6
[2026-02-13 12:52:49,964][INFO] [Run 8]
{
    "raw_unique_basis_states": 6516,
    "fermion_basis_rejected": 0,
    "kept_unique_basis_states": 6516,
    "fermion_shots_rejected": 0,
    "kept_shots": 50000
}
[2026-02-13 12:55:35,117][INFO] [Run 8]
{
    "D": 6,
    "t": 3.0,
    "num_trotter_steps": 2,
    "circuit_time": "0:00:01.578607",
    "shot_processing": {
        "raw_unique_basis_states": 6516,
        "fermion_basis_rejected": 0,
        "kept_unique_basis_states": 6516,
        "fermion_shots_rejected": 0,
        "kept_shots": 50000
    },
    "new_basis_count": 3014,
    "total_basis_count": 34419,
    "H_reduced_size": [
        34419,
        34419
    ],
    "reduction": 96.71754837036133,
    "H_reduced_e": 0.00026096390029068533,
    "used_dense": false,
    "eigenvalue_time": "0:00:00.413642",
    "diff": 0.0002609639002867532,
    "change_from_prev": 2.695449040157963e-07,
    "circuit_cost": {
        "depth": 1651,
        "size": 5476,
        "num_2q_ops": 1294,
        "depth_2q": 544,
        "count_ops": {
            "rz": 1913,
            "sx": 1823,
            "cz": 1294,
            "x": 426,
            "measure": 20,
            "barrier": 1
        }
    }
}
[2026-02-13 12:55:35,117][INFO] [Run 8] Running for Krylov dimension 7
[2026-02-13 12:55:36,832][INFO] [Run 8]
{
    "raw_unique_basis_states": 10299,
    "fermion_basis_rejected": 0,
    "kept_unique_basis_states": 10299,
    "fermion_shots_rejected": 0,
    "kept_shots": 50000
}
[2026-02-13 12:58:40,646][INFO] [Run 8]
{
    "D": 7,
    "t": 3.5,
    "num_trotter_steps": 2,
    "circuit_time": "0:00:01.582114",
    "shot_processing": {
        "raw_unique_basis_states": 10299,
        "fermion_basis_rejected": 0,
        "kept_unique_basis_states": 10299,
        "fermion_shots_rejected": 0,
        "kept_shots": 50000
    },
    "new_basis_count": 3891,
    "total_basis_count": 38310,
    "H_reduced_size": [
        38310,
        38310
    ],
    "reduction": 96.34647369384766,
    "H_reduced_e": 0.00025874054126212624,
    "used_dense": false,
    "eigenvalue_time": "0:00:00.517441",
    "diff": 0.0002587405412581941,
    "change_from_prev": 2.223359028559089e-06,
    "circuit_cost": {
        "depth": 1626,
        "size": 5445,
        "num_2q_ops": 1294,
        "depth_2q": 544,
        "count_ops": {
            "rz": 1883,
            "sx": 1823,
            "cz": 1294,
            "x": 425,
            "measure": 20,
            "barrier": 1
        }
    }
}
[2026-02-13 12:58:40,646][INFO] [Run 8] Running for Krylov dimension 8
[2026-02-13 12:58:42,369][INFO] [Run 8]
{
    "raw_unique_basis_states": 15827,
    "fermion_basis_rejected": 0,
    "kept_unique_basis_states": 15827,
    "fermion_shots_rejected": 0,
    "kept_shots": 50000
}
[2026-02-13 13:02:17,956][INFO] [Run 8]
{
    "D": 8,
    "t": 4.0,
    "num_trotter_steps": 2,
    "circuit_time": "0:00:01.581517",
    "shot_processing": {
        "raw_unique_basis_states": 15827,
        "fermion_basis_rejected": 0,
        "kept_unique_basis_states": 15827,
        "fermion_shots_rejected": 0,
        "kept_shots": 50000
    },
    "new_basis_count": 6464,
    "total_basis_count": 44774,
    "H_reduced_size": [
        44774,
        44774
    ],
    "reduction": 95.73001861572266,
    "H_reduced_e": 6.896847821264177e-06,
    "used_dense": false,
    "eigenvalue_time": "0:00:00.656234",
    "diff": 6.896847817332048e-06,
    "change_from_prev": 0.00025184369344086204,
    "circuit_cost": {
        "depth": 1625,
        "size": 5434,
        "num_2q_ops": 1294,
        "depth_2q": 544,
        "count_ops": {
            "rz": 1883,
            "sx": 1823,
            "cz": 1294,
            "x": 414,
            "measure": 20,
            "barrier": 1
        }
    }
}
[2026-02-13 13:02:17,956][INFO] [Run 8] Running for Krylov dimension 9
[2026-02-13 13:02:19,672][INFO] [Run 8]
{
    "raw_unique_basis_states": 18486,
    "fermion_basis_rejected": 0,
    "kept_unique_basis_states": 18486,
    "fermion_shots_rejected": 0,
    "kept_shots": 50000
}
[2026-02-13 13:06:40,267][INFO] [Run 8]
{
    "D": 9,
    "t": 4.5,
    "num_trotter_steps": 2,
    "circuit_time": "0:00:01.568950",
    "shot_processing": {
        "raw_unique_basis_states": 18486,
        "fermion_basis_rejected": 0,
        "kept_unique_basis_states": 18486,
        "fermion_shots_rejected": 0,
        "kept_shots": 50000
    },
    "new_basis_count": 7682,
    "total_basis_count": 52456,
    "H_reduced_size": [
        52456,
        52456
    ],
    "reduction": 94.99740600585938,
    "H_reduced_e": 4.304849962713212e-06,
    "used_dense": false,
    "eigenvalue_time": "0:00:00.821399",
    "diff": 4.304849958781083e-06,
    "change_from_prev": 2.591997858550965e-06,
    "circuit_cost": {
        "depth": 1650,
        "size": 5440,
        "num_2q_ops": 1294,
        "depth_2q": 544,
        "count_ops": {
            "rz": 1885,
            "sx": 1823,
            "cz": 1294,
            "x": 418,
            "measure": 20,
            "barrier": 1
        }
    }
}
[2026-02-13 13:06:40,268][INFO] [Run 8] Running for Krylov dimension 10
[2026-02-13 13:06:41,978][INFO] [Run 8]
{
    "raw_unique_basis_states": 17150,
    "fermion_basis_rejected": 0,
    "kept_unique_basis_states": 17150,
    "fermion_shots_rejected": 0,
    "kept_shots": 50000
}
[2026-02-13 13:11:31,087][INFO] [Run 8]
{
    "D": 10,
    "t": 5.0,
    "num_trotter_steps": 2,
    "circuit_time": "0:00:01.566408",
    "shot_processing": {
        "raw_unique_basis_states": 17150,
        "fermion_basis_rejected": 0,
        "kept_unique_basis_states": 17150,
        "fermion_shots_rejected": 0,
        "kept_shots": 50000
    },
    "new_basis_count": 5115,
    "total_basis_count": 57571,
    "H_reduced_size": [
        57571,
        57571
    ],
    "reduction": 94.50960159301758,
    "H_reduced_e": 2.5387286355650173e-06,
    "used_dense": false,
    "eigenvalue_time": "0:00:00.914880",
    "diff": 2.538728631632888e-06,
    "change_from_prev": 1.766121327148195e-06,
    "circuit_cost": {
        "depth": 1639,
        "size": 5466,
        "num_2q_ops": 1294,
        "depth_2q": 544,
        "count_ops": {
            "rz": 1901,
            "sx": 1823,
            "cz": 1294,
            "x": 428,
            "measure": 20,
            "barrier": 1
        }
    }
}
[2026-02-13 13:11:31,087][INFO] [Run 8] Running for Krylov dimension 11
[2026-02-13 13:11:32,790][INFO] [Run 8]
{
    "raw_unique_basis_states": 12073,
    "fermion_basis_rejected": 0,
    "kept_unique_basis_states": 12073,
    "fermion_shots_rejected": 0,
    "kept_shots": 50000
}
[2026-02-13 13:16:33,131][INFO] [Run 8]
{
    "D": 11,
    "t": 5.5,
    "num_trotter_steps": 2,
    "circuit_time": "0:00:01.565035",
    "shot_processing": {
        "raw_unique_basis_states": 12073,
        "fermion_basis_rejected": 0,
        "kept_unique_basis_states": 12073,
        "fermion_shots_rejected": 0,
        "kept_shots": 50000
    },
    "new_basis_count": 2182,
    "total_basis_count": 59753,
    "H_reduced_size": [
        59753,
        59753
    ],
    "reduction": 94.30150985717773,
    "H_reduced_e": 4.608246395042704e-10,
    "used_dense": false,
    "eigenvalue_time": "0:00:01.080895",
    "diff": 4.6082070737481057e-10,
    "change_from_prev": 2.538267810925513e-06,
    "circuit_cost": {
        "depth": 1653,
        "size": 5532,
        "num_2q_ops": 1294,
        "depth_2q": 544,
        "count_ops": {
            "rz": 1941,
            "sx": 1823,
            "cz": 1294,
            "x": 454,
            "measure": 20,
            "barrier": 1
        }
    }
}
[2026-02-13 13:16:33,131][INFO] [Run 8] Running for Krylov dimension 12
[2026-02-13 13:16:34,824][INFO] [Run 8]
{
    "raw_unique_basis_states": 5901,
    "fermion_basis_rejected": 0,
    "kept_unique_basis_states": 5901,
    "fermion_shots_rejected": 0,
    "kept_shots": 50000
}
[2026-02-13 13:21:36,001][INFO] [Run 8]
{
    "D": 12,
    "t": 6.0,
    "num_trotter_steps": 2,
    "circuit_time": "0:00:01.564557",
    "shot_processing": {
        "raw_unique_basis_states": 5901,
        "fermion_basis_rejected": 0,
        "kept_unique_basis_states": 5901,
        "fermion_shots_rejected": 0,
        "kept_shots": 50000
    },
    "new_basis_count": 268,
    "total_basis_count": 60021,
    "H_reduced_size": [
        60021,
        60021
    ],
    "reduction": 94.27595138549805,
    "H_reduced_e": 4.596267596013658e-10,
    "used_dense": false,
    "eigenvalue_time": "0:00:01.087232",
    "diff": 4.5962282747190594e-10,
    "change_from_prev": 1.1978799029046323e-12,
    "circuit_cost": {
        "depth": 1623,
        "size": 5432,
        "num_2q_ops": 1294,
        "depth_2q": 544,
        "count_ops": {
            "rz": 1885,
            "sx": 1823,
            "cz": 1294,
            "x": 410,
            "measure": 20,
            "barrier": 1
        }
    }
}
[2026-02-13 13:21:36,001][INFO] [Run 8] Running for Krylov dimension 13
[2026-02-13 13:21:37,709][INFO] [Run 8]
{
    "raw_unique_basis_states": 4110,
    "fermion_basis_rejected": 0,
    "kept_unique_basis_states": 4110,
    "fermion_shots_rejected": 0,
    "kept_shots": 50000
}
[2026-02-13 13:26:40,526][INFO] [Run 8]
{
    "D": 13,
    "t": 6.5,
    "num_trotter_steps": 2,
    "circuit_time": "0:00:01.566469",
    "shot_processing": {
        "raw_unique_basis_states": 4110,
        "fermion_basis_rejected": 0,
        "kept_unique_basis_states": 4110,
        "fermion_shots_rejected": 0,
        "kept_shots": 50000
    },
    "new_basis_count": 137,
    "total_basis_count": 60158,
    "H_reduced_size": [
        60158,
        60158
    ],
    "reduction": 94.26288604736328,
    "H_reduced_e": 4.596146215594612e-10,
    "used_dense": false,
    "eigenvalue_time": "0:00:01.169387",
    "diff": 4.5961068943000137e-10,
    "change_from_prev": 1.2138041904570826e-14,
    "circuit_cost": {
        "depth": 1641,
        "size": 5518,
        "num_2q_ops": 1294,
        "depth_2q": 544,
        "count_ops": {
            "rz": 1911,
            "sx": 1823,
            "cz": 1294,
            "x": 470,
            "measure": 20,
            "barrier": 1
        }
    }
}
[2026-02-13 13:26:40,526][INFO] [Run 8] Running for Krylov dimension 14
[2026-02-13 13:26:42,877][INFO] [Run 8]
{
    "raw_unique_basis_states": 16513,
    "fermion_basis_rejected": 0,
    "kept_unique_basis_states": 16513,
    "fermion_shots_rejected": 0,
    "kept_shots": 50000
}
[2026-02-13 13:32:03,709][INFO] [Run 8]
{
    "D": 14,
    "t": 4.666666666666667,
    "num_trotter_steps": 3,
    "circuit_time": "0:00:02.158403",
    "shot_processing": {
        "raw_unique_basis_states": 16513,
        "fermion_basis_rejected": 0,
        "kept_unique_basis_states": 16513,
        "fermion_shots_rejected": 0,
        "kept_shots": 50000
    },
    "new_basis_count": 3122,
    "total_basis_count": 63280,
    "H_reduced_size": [
        63280,
        63280
    ],
    "reduction": 93.96514892578125,
    "H_reduced_e": 4.4942308848014206e-10,
    "used_dense": false,
    "eigenvalue_time": "0:00:01.237020",
    "diff": 4.4941915635068223e-10,
    "change_from_prev": 1.0191533079319143e-11,
    "circuit_cost": {
        "depth": 2440,
        "size": 8165,
        "num_2q_ops": 1941,
        "depth_2q": 815,
        "count_ops": {
            "rz": 2827,
            "sx": 2735,
            "cz": 1941,
            "x": 642,
            "measure": 20,
            "barrier": 1
        }
    }
}
[2026-02-13 13:32:03,713][INFO] [Run 8] Done
