[2026-02-13 12:08:24,946][INFO] Running VQE for linear potential and cutoff 16
[2026-02-13 12:08:24,952][INFO] Truncation: {'m': 212, 'n': 2211, 'keep_frac_terms': 0.09588421528720036, 'keep_ratio': 0.999, 'truncated': 1.377312853455578, 'total_weight': 1381.999999999984}
[2026-02-13 12:08:24,999][INFO] min_eigenvalue: 3.9321294598410086e-15
[2026-02-13 12:08:28,927][INFO] []
[2026-02-13 12:08:28,929][INFO] [Run 3] Running for Krylov dimension 1
[2026-02-13 12:08:30,053][INFO] [Run 3]
{
    "raw_unique_basis_states": 3383,
    "fermion_basis_rejected": 0,
    "kept_unique_basis_states": 3383,
    "fermion_shots_rejected": 0,
    "kept_shots": 50000
}
[2026-02-13 12:08:44,355][INFO] [Run 3]
{
    "D": 1,
    "t": 1.0,
    "num_trotter_steps": 1,
    "circuit_time": "0:00:00.979165",
    "shot_processing": {
        "raw_unique_basis_states": 3383,
        "fermion_basis_rejected": 0,
        "kept_unique_basis_states": 3383,
        "fermion_shots_rejected": 0,
        "kept_shots": 50000
    },
    "new_basis_count": 3383,
    "total_basis_count": 3383,
    "H_reduced_size": [
        3383,
        3383
    ],
    "reduction": 99.67737197875977,
    "H_reduced_e": 0.0007042610177945993,
    "used_dense": false,
    "eigenvalue_time": "0:00:00.020240",
    "diff": 0.0007042610177906672,
    "change_from_prev": null,
    "circuit_cost": {
        "depth": 826,
        "size": 2758,
        "num_2q_ops": 647,
        "depth_2q": 273,
        "count_ops": {
            "rz": 960,
            "sx": 912,
            "cz": 647,
            "x": 219,
            "measure": 20,
            "barrier": 1
        }
    }
}
[2026-02-13 12:08:44,355][INFO] [Run 3] Running for Krylov dimension 2
[2026-02-13 12:08:45,302][INFO] [Run 3]
{
    "raw_unique_basis_states": 12777,
    "fermion_basis_rejected": 0,
    "kept_unique_basis_states": 12777,
    "fermion_shots_rejected": 0,
    "kept_shots": 50000
}
[2026-02-13 12:09:53,775][INFO] [Run 3]
{
    "D": 2,
    "t": 2.0,
    "num_trotter_steps": 1,
    "circuit_time": "0:00:00.856158",
    "shot_processing": {
        "raw_unique_basis_states": 12777,
        "fermion_basis_rejected": 0,
        "kept_unique_basis_states": 12777,
        "fermion_shots_rejected": 0,
        "kept_shots": 50000
    },
    "new_basis_count": 11005,
    "total_basis_count": 14388,
    "H_reduced_size": [
        14388,
        14388
    ],
    "reduction": 98.62785339355469,
    "H_reduced_e": 0.00026142293558679015,
    "used_dense": false,
    "eigenvalue_time": "0:00:00.139818",
    "diff": 0.000261422935582858,
    "change_from_prev": 0.00044283808220780917,
    "circuit_cost": {
        "depth": 819,
        "size": 2742,
        "num_2q_ops": 647,
        "depth_2q": 273,
        "count_ops": {
            "rz": 952,
            "sx": 912,
            "cz": 647,
            "x": 211,
            "measure": 20,
            "barrier": 1
        }
    }
}
[2026-02-13 12:09:53,775][INFO] [Run 3] Running for Krylov dimension 3
[2026-02-13 12:09:54,675][INFO] [Run 3]
{
    "raw_unique_basis_states": 3281,
    "fermion_basis_rejected": 0,
    "kept_unique_basis_states": 3281,
    "fermion_shots_rejected": 0,
    "kept_shots": 50000
}
[2026-02-13 12:11:14,043][INFO] [Run 3]
{
    "D": 3,
    "t": 3.0,
    "num_trotter_steps": 1,
    "circuit_time": "0:00:00.822378",
    "shot_processing": {
        "raw_unique_basis_states": 3281,
        "fermion_basis_rejected": 0,
        "kept_unique_basis_states": 3281,
        "fermion_shots_rejected": 0,
        "kept_shots": 50000
    },
    "new_basis_count": 1732,
    "total_basis_count": 16120,
    "H_reduced_size": [
        16120,
        16120
    ],
    "reduction": 98.46267700195312,
    "H_reduced_e": 0.00026142194655003417,
    "used_dense": false,
    "eigenvalue_time": "0:00:00.146162",
    "diff": 0.00026142194654610204,
    "change_from_prev": 9.890367559770193e-10,
    "circuit_cost": {
        "depth": 819,
        "size": 2744,
        "num_2q_ops": 647,
        "depth_2q": 273,
        "count_ops": {
            "rz": 956,
            "sx": 912,
            "cz": 647,
            "x": 209,
            "measure": 20,
            "barrier": 1
        }
    }
}
[2026-02-13 12:11:14,043][INFO] [Run 3] Running for Krylov dimension 4
[2026-02-13 12:11:14,966][INFO] [Run 3]
{
    "raw_unique_basis_states": 10925,
    "fermion_basis_rejected": 0,
    "kept_unique_basis_states": 10925,
    "fermion_shots_rejected": 0,
    "kept_shots": 50000
}
[2026-02-13 12:13:03,037][INFO] [Run 3]
{
    "D": 4,
    "t": 4.0,
    "num_trotter_steps": 1,
    "circuit_time": "0:00:00.836007",
    "shot_processing": {
        "raw_unique_basis_states": 10925,
        "fermion_basis_rejected": 0,
        "kept_unique_basis_states": 10925,
        "fermion_shots_rejected": 0,
        "kept_shots": 50000
    },
    "new_basis_count": 5352,
    "total_basis_count": 21472,
    "H_reduced_size": [
        21472,
        21472
    ],
    "reduction": 97.9522705078125,
    "H_reduced_e": 0.00026140317565973963,
    "used_dense": false,
    "eigenvalue_time": "0:00:00.247760",
    "diff": 0.0002614031756558075,
    "change_from_prev": 1.8770890294536862e-08,
    "circuit_cost": {
        "depth": 826,
        "size": 2756,
        "num_2q_ops": 647,
        "depth_2q": 273,
        "count_ops": {
            "rz": 961,
            "sx": 912,
            "cz": 647,
            "x": 216,
            "measure": 20,
            "barrier": 1
        }
    }
}
[2026-02-13 12:13:03,038][INFO] [Run 3] Running for Krylov dimension 5
[2026-02-13 12:13:04,039][INFO] [Run 3]
{
    "raw_unique_basis_states": 15243,
    "fermion_basis_rejected": 0,
    "kept_unique_basis_states": 15243,
    "fermion_shots_rejected": 0,
    "kept_shots": 50000
}
[2026-02-13 12:15:48,757][INFO] [Run 3]
{
    "D": 5,
    "t": 5.0,
    "num_trotter_steps": 1,
    "circuit_time": "0:00:00.904271",
    "shot_processing": {
        "raw_unique_basis_states": 15243,
        "fermion_basis_rejected": 0,
        "kept_unique_basis_states": 15243,
        "fermion_shots_rejected": 0,
        "kept_shots": 50000
    },
    "new_basis_count": 9867,
    "total_basis_count": 31339,
    "H_reduced_size": [
        31339,
        31339
    ],
    "reduction": 97.01128005981445,
    "H_reduced_e": 0.0002613668337853483,
    "used_dense": false,
    "eigenvalue_time": "0:00:00.393925",
    "diff": 0.00026136683378141616,
    "change_from_prev": 3.6341874391342815e-08,
    "circuit_cost": {
        "depth": 822,
        "size": 2739,
        "num_2q_ops": 647,
        "depth_2q": 273,
        "count_ops": {
            "rz": 947,
            "sx": 912,
            "cz": 647,
            "x": 213,
            "measure": 20,
            "barrier": 1
        }
    }
}
[2026-02-13 12:15:48,757][INFO] [Run 3] Running for Krylov dimension 6
[2026-02-13 12:15:49,753][INFO] [Run 3]
{
    "raw_unique_basis_states": 2378,
    "fermion_basis_rejected": 0,
    "kept_unique_basis_states": 2378,
    "fermion_shots_rejected": 0,
    "kept_shots": 50000
}
[2026-02-13 12:18:39,726][INFO] [Run 3]
{
    "D": 6,
    "t": 6.0,
    "num_trotter_steps": 1,
    "circuit_time": "0:00:00.922291",
    "shot_processing": {
        "raw_unique_basis_states": 2378,
        "fermion_basis_rejected": 0,
        "kept_unique_basis_states": 2378,
        "fermion_shots_rejected": 0,
        "kept_shots": 50000
    },
    "new_basis_count": 745,
    "total_basis_count": 32084,
    "H_reduced_size": [
        32084,
        32084
    ],
    "reduction": 96.94023132324219,
    "H_reduced_e": 0.0002613665653214355,
    "used_dense": false,
    "eigenvalue_time": "0:00:00.397802",
    "diff": 0.0002613665653175034,
    "change_from_prev": 2.684639127756988e-10,
    "circuit_cost": {
        "depth": 830,
        "size": 2771,
        "num_2q_ops": 647,
        "depth_2q": 273,
        "count_ops": {
            "rz": 970,
            "sx": 908,
            "cz": 647,
            "x": 226,
            "measure": 20,
            "barrier": 1
        }
    }
}
[2026-02-13 12:18:39,727][INFO] [Run 3] Running for Krylov dimension 7
[2026-02-13 12:18:41,446][INFO] [Run 3]
{
    "raw_unique_basis_states": 10331,
    "fermion_basis_rejected": 0,
    "kept_unique_basis_states": 10331,
    "fermion_shots_rejected": 0,
    "kept_shots": 50000
}
[2026-02-13 12:21:57,292][INFO] [Run 3]
{
    "D": 7,
    "t": 3.5,
    "num_trotter_steps": 2,
    "circuit_time": "0:00:01.581619",
    "shot_processing": {
        "raw_unique_basis_states": 10331,
        "fermion_basis_rejected": 0,
        "kept_unique_basis_states": 10331,
        "fermion_shots_rejected": 0,
        "kept_shots": 50000
    },
    "new_basis_count": 5194,
    "total_basis_count": 37278,
    "H_reduced_size": [
        37278,
        37278
    ],
    "reduction": 96.44489288330078,
    "H_reduced_e": 0.00025958806891127235,
    "used_dense": false,
    "eigenvalue_time": "0:00:00.516932",
    "diff": 0.0002595880689073402,
    "change_from_prev": 1.7784964101631609e-06,
    "circuit_cost": {
        "depth": 1626,
        "size": 5445,
        "num_2q_ops": 1294,
        "depth_2q": 544,
        "count_ops": {
            "rz": 1883,
            "sx": 1823,
            "cz": 1294,
            "x": 425,
            "measure": 20,
            "barrier": 1
        }
    }
}
[2026-02-13 12:21:57,292][INFO] [Run 3] Running for Krylov dimension 8
[2026-02-13 12:21:59,020][INFO] [Run 3]
{
    "raw_unique_basis_states": 15680,
    "fermion_basis_rejected": 0,
    "kept_unique_basis_states": 15680,
    "fermion_shots_rejected": 0,
    "kept_shots": 50000
}
[2026-02-13 12:26:01,887][INFO] [Run 3]
{
    "D": 8,
    "t": 4.0,
    "num_trotter_steps": 2,
    "circuit_time": "0:00:01.581888",
    "shot_processing": {
        "raw_unique_basis_states": 15680,
        "fermion_basis_rejected": 0,
        "kept_unique_basis_states": 15680,
        "fermion_shots_rejected": 0,
        "kept_shots": 50000
    },
    "new_basis_count": 6904,
    "total_basis_count": 44182,
    "H_reduced_size": [
        44182,
        44182
    ],
    "reduction": 95.7864761352539,
    "H_reduced_e": 5.1770664904835204e-06,
    "used_dense": false,
    "eigenvalue_time": "0:00:00.739688",
    "diff": 5.177066486551391e-06,
    "change_from_prev": 0.00025441100242078884,
    "circuit_cost": {
        "depth": 1625,
        "size": 5434,
        "num_2q_ops": 1294,
        "depth_2q": 544,
        "count_ops": {
            "rz": 1883,
            "sx": 1823,
            "cz": 1294,
            "x": 414,
            "measure": 20,
            "barrier": 1
        }
    }
}
[2026-02-13 12:26:01,887][INFO] [Run 3] Running for Krylov dimension 9
[2026-02-13 12:26:03,607][INFO] [Run 3]
{
    "raw_unique_basis_states": 18511,
    "fermion_basis_rejected": 0,
    "kept_unique_basis_states": 18511,
    "fermion_shots_rejected": 0,
    "kept_shots": 50000
}
[2026-02-13 12:30:50,698][INFO] [Run 3]
{
    "D": 9,
    "t": 4.5,
    "num_trotter_steps": 2,
    "circuit_time": "0:00:01.570572",
    "shot_processing": {
        "raw_unique_basis_states": 18511,
        "fermion_basis_rejected": 0,
        "kept_unique_basis_states": 18511,
        "fermion_shots_rejected": 0,
        "kept_shots": 50000
    },
    "new_basis_count": 7887,
    "total_basis_count": 52069,
    "H_reduced_size": [
        52069,
        52069
    ],
    "reduction": 95.0343132019043,
    "H_reduced_e": 4.07461485840069e-06,
    "used_dense": false,
    "eigenvalue_time": "0:00:00.888986",
    "diff": 4.074614854468561e-06,
    "change_from_prev": 1.1024516320828304e-06,
    "circuit_cost": {
        "depth": 1650,
        "size": 5440,
        "num_2q_ops": 1294,
        "depth_2q": 544,
        "count_ops": {
            "rz": 1885,
            "sx": 1823,
            "cz": 1294,
            "x": 418,
            "measure": 20,
            "barrier": 1
        }
    }
}
[2026-02-13 12:30:50,698][INFO] [Run 3] Running for Krylov dimension 10
[2026-02-13 12:30:52,415][INFO] [Run 3]
{
    "raw_unique_basis_states": 17112,
    "fermion_basis_rejected": 0,
    "kept_unique_basis_states": 17112,
    "fermion_shots_rejected": 0,
    "kept_shots": 50000
}
[2026-02-13 12:36:17,835][INFO] [Run 3]
{
    "D": 10,
    "t": 5.0,
    "num_trotter_steps": 2,
    "circuit_time": "0:00:01.565666",
    "shot_processing": {
        "raw_unique_basis_states": 17112,
        "fermion_basis_rejected": 0,
        "kept_unique_basis_states": 17112,
        "fermion_shots_rejected": 0,
        "kept_shots": 50000
    },
    "new_basis_count": 5307,
    "total_basis_count": 57376,
    "H_reduced_size": [
        57376,
        57376
    ],
    "reduction": 94.5281982421875,
    "H_reduced_e": 3.190264936885709e-06,
    "used_dense": false,
    "eigenvalue_time": "0:00:01.025333",
    "diff": 3.1902649329535796e-06,
    "change_from_prev": 8.843499215149811e-07,
    "circuit_cost": {
        "depth": 1639,
        "size": 5466,
        "num_2q_ops": 1294,
        "depth_2q": 544,
        "count_ops": {
            "rz": 1901,
            "sx": 1823,
            "cz": 1294,
            "x": 428,
            "measure": 20,
            "barrier": 1
        }
    }
}
[2026-02-13 12:36:17,835][INFO] [Run 3] Running for Krylov dimension 11
[2026-02-13 12:36:19,548][INFO] [Run 3]
{
    "raw_unique_basis_states": 12122,
    "fermion_basis_rejected": 0,
    "kept_unique_basis_states": 12122,
    "fermion_shots_rejected": 0,
    "kept_shots": 50000
}
[2026-02-13 12:42:01,454][INFO] [Run 3]
{
    "D": 11,
    "t": 5.5,
    "num_trotter_steps": 2,
    "circuit_time": "0:00:01.568732",
    "shot_processing": {
        "raw_unique_basis_states": 12122,
        "fermion_basis_rejected": 0,
        "kept_unique_basis_states": 12122,
        "fermion_shots_rejected": 0,
        "kept_shots": 50000
    },
    "new_basis_count": 2252,
    "total_basis_count": 59628,
    "H_reduced_size": [
        59628,
        59628
    ],
    "reduction": 94.31343078613281,
    "H_reduced_e": 2.676701389338845e-09,
    "used_dense": false,
    "eigenvalue_time": "0:00:01.247841",
    "diff": 2.6766974572093854e-09,
    "change_from_prev": 3.18758823549637e-06,
    "circuit_cost": {
        "depth": 1653,
        "size": 5532,
        "num_2q_ops": 1294,
        "depth_2q": 544,
        "count_ops": {
            "rz": 1941,
            "sx": 1823,
            "cz": 1294,
            "x": 454,
            "measure": 20,
            "barrier": 1
        }
    }
}
[2026-02-13 12:42:01,454][INFO] [Run 3] Running for Krylov dimension 12
[2026-02-13 12:42:03,146][INFO] [Run 3]
{
    "raw_unique_basis_states": 5954,
    "fermion_basis_rejected": 0,
    "kept_unique_basis_states": 5954,
    "fermion_shots_rejected": 0,
    "kept_shots": 50000
}
[2026-02-13 12:47:41,125][INFO] [Run 3]
{
    "D": 12,
    "t": 6.0,
    "num_trotter_steps": 2,
    "circuit_time": "0:00:01.561527",
    "shot_processing": {
        "raw_unique_basis_states": 5954,
        "fermion_basis_rejected": 0,
        "kept_unique_basis_states": 5954,
        "fermion_shots_rejected": 0,
        "kept_shots": 50000
    },
    "new_basis_count": 280,
    "total_basis_count": 59908,
    "H_reduced_size": [
        59908,
        59908
    ],
    "reduction": 94.28672790527344,
    "H_reduced_e": 2.5261338525025822e-09,
    "used_dense": false,
    "eigenvalue_time": "0:00:01.292208",
    "diff": 2.5261299203731225e-09,
    "change_from_prev": 1.505675368362629e-10,
    "circuit_cost": {
        "depth": 1623,
        "size": 5432,
        "num_2q_ops": 1294,
        "depth_2q": 544,
        "count_ops": {
            "rz": 1885,
            "sx": 1823,
            "cz": 1294,
            "x": 410,
            "measure": 20,
            "barrier": 1
        }
    }
}
[2026-02-13 12:47:41,125][INFO] [Run 3] Running for Krylov dimension 13
[2026-02-13 12:47:42,838][INFO] [Run 3]
{
    "raw_unique_basis_states": 4103,
    "fermion_basis_rejected": 0,
    "kept_unique_basis_states": 4103,
    "fermion_shots_rejected": 0,
    "kept_shots": 50000
}
[2026-02-13 12:53:23,201][INFO] [Run 3]
{
    "D": 13,
    "t": 6.5,
    "num_trotter_steps": 2,
    "circuit_time": "0:00:01.563177",
    "shot_processing": {
        "raw_unique_basis_states": 4103,
        "fermion_basis_rejected": 0,
        "kept_unique_basis_states": 4103,
        "fermion_shots_rejected": 0,
        "kept_shots": 50000
    },
    "new_basis_count": 145,
    "total_basis_count": 60053,
    "H_reduced_size": [
        60053,
        60053
    ],
    "reduction": 94.27289962768555,
    "H_reduced_e": 2.5256843084536105e-09,
    "used_dense": false,
    "eigenvalue_time": "0:00:01.279732",
    "diff": 2.5256803763241507e-09,
    "change_from_prev": 4.495440489717071e-13,
    "circuit_cost": {
        "depth": 1641,
        "size": 5518,
        "num_2q_ops": 1294,
        "depth_2q": 544,
        "count_ops": {
            "rz": 1911,
            "sx": 1823,
            "cz": 1294,
            "x": 470,
            "measure": 20,
            "barrier": 1
        }
    }
}
[2026-02-13 12:53:23,201][INFO] [Run 3] Running for Krylov dimension 14
[2026-02-13 12:53:25,563][INFO] [Run 3]
{
    "raw_unique_basis_states": 16490,
    "fermion_basis_rejected": 0,
    "kept_unique_basis_states": 16490,
    "fermion_shots_rejected": 0,
    "kept_shots": 50000
}
[2026-02-13 12:59:24,918][INFO] [Run 3]
{
    "D": 14,
    "t": 4.666666666666667,
    "num_trotter_steps": 3,
    "circuit_time": "0:00:02.163553",
    "shot_processing": {
        "raw_unique_basis_states": 16490,
        "fermion_basis_rejected": 0,
        "kept_unique_basis_states": 16490,
        "fermion_shots_rejected": 0,
        "kept_shots": 50000
    },
    "new_basis_count": 3216,
    "total_basis_count": 63269,
    "H_reduced_size": [
        63269,
        63269
    ],
    "reduction": 93.9661979675293,
    "H_reduced_e": 3.1084764880109475e-10,
    "used_dense": false,
    "eigenvalue_time": "0:00:01.418496",
    "diff": 3.108437166716349e-10,
    "change_from_prev": 2.2148366596525157e-09,
    "circuit_cost": {
        "depth": 2440,
        "size": 8165,
        "num_2q_ops": 1941,
        "depth_2q": 815,
        "count_ops": {
            "rz": 2827,
            "sx": 2735,
            "cz": 1941,
            "x": 642,
            "measure": 20,
            "barrier": 1
        }
    }
}
[2026-02-13 12:59:24,922][INFO] [Run 3] Done
