[2026-02-13 12:46:59,646][INFO] Running VQE for linear potential and cutoff 16
[2026-02-13 12:46:59,648][INFO] Truncation: {'m': 212, 'n': 2211, 'keep_frac_terms': 0.09588421528720036, 'keep_ratio': 0.999, 'truncated': 1.377312853455578, 'total_weight': 1381.999999999984}
[2026-02-13 12:46:59,674][INFO] min_eigenvalue: 3.9321294598410086e-15
[2026-02-13 12:47:03,694][INFO] []
[2026-02-13 12:47:03,695][INFO] [Run 9] Running for Krylov dimension 1
[2026-02-13 12:47:04,678][INFO] [Run 9]
{
    "raw_unique_basis_states": 3374,
    "fermion_basis_rejected": 0,
    "kept_unique_basis_states": 3374,
    "fermion_shots_rejected": 0,
    "kept_shots": 50000
}
[2026-02-13 12:47:19,265][INFO] [Run 9]
{
    "D": 1,
    "t": 1.0,
    "num_trotter_steps": 1,
    "circuit_time": "0:00:00.893186",
    "shot_processing": {
        "raw_unique_basis_states": 3374,
        "fermion_basis_rejected": 0,
        "kept_unique_basis_states": 3374,
        "fermion_shots_rejected": 0,
        "kept_shots": 50000
    },
    "new_basis_count": 3374,
    "total_basis_count": 3374,
    "H_reduced_size": [
        3374,
        3374
    ],
    "reduction": 99.67823028564453,
    "H_reduced_e": 0.0002764874969095482,
    "used_dense": false,
    "eigenvalue_time": "0:00:00.022418",
    "diff": 0.00027648749690561606,
    "change_from_prev": null,
    "circuit_cost": {
        "depth": 826,
        "size": 2758,
        "num_2q_ops": 647,
        "depth_2q": 273,
        "count_ops": {
            "rz": 960,
            "sx": 912,
            "cz": 647,
            "x": 219,
            "measure": 20,
            "barrier": 1
        }
    }
}
[2026-02-13 12:47:19,266][INFO] [Run 9] Running for Krylov dimension 2
[2026-02-13 12:47:20,209][INFO] [Run 9]
{
    "raw_unique_basis_states": 12761,
    "fermion_basis_rejected": 0,
    "kept_unique_basis_states": 12761,
    "fermion_shots_rejected": 0,
    "kept_shots": 50000
}
[2026-02-13 12:48:27,318][INFO] [Run 9]
{
    "D": 2,
    "t": 2.0,
    "num_trotter_steps": 1,
    "circuit_time": "0:00:00.857545",
    "shot_processing": {
        "raw_unique_basis_states": 12761,
        "fermion_basis_rejected": 0,
        "kept_unique_basis_states": 12761,
        "fermion_shots_rejected": 0,
        "kept_shots": 50000
    },
    "new_basis_count": 11014,
    "total_basis_count": 14388,
    "H_reduced_size": [
        14388,
        14388
    ],
    "reduction": 98.62785339355469,
    "H_reduced_e": 0.00027466934592960767,
    "used_dense": false,
    "eigenvalue_time": "0:00:00.120628",
    "diff": 0.00027466934592567554,
    "change_from_prev": 1.81815097994052e-06,
    "circuit_cost": {
        "depth": 819,
        "size": 2742,
        "num_2q_ops": 647,
        "depth_2q": 273,
        "count_ops": {
            "rz": 952,
            "sx": 912,
            "cz": 647,
            "x": 211,
            "measure": 20,
            "barrier": 1
        }
    }
}
[2026-02-13 12:48:27,318][INFO] [Run 9] Running for Krylov dimension 3
[2026-02-13 12:48:28,212][INFO] [Run 9]
{
    "raw_unique_basis_states": 3287,
    "fermion_basis_rejected": 0,
    "kept_unique_basis_states": 3287,
    "fermion_shots_rejected": 0,
    "kept_shots": 50000
}
[2026-02-13 12:49:45,745][INFO] [Run 9]
{
    "D": 3,
    "t": 3.0,
    "num_trotter_steps": 1,
    "circuit_time": "0:00:00.821154",
    "shot_processing": {
        "raw_unique_basis_states": 3287,
        "fermion_basis_rejected": 0,
        "kept_unique_basis_states": 3287,
        "fermion_shots_rejected": 0,
        "kept_shots": 50000
    },
    "new_basis_count": 1765,
    "total_basis_count": 16153,
    "H_reduced_size": [
        16153,
        16153
    ],
    "reduction": 98.45952987670898,
    "H_reduced_e": 0.000274669032333356,
    "used_dense": false,
    "eigenvalue_time": "0:00:00.141453",
    "diff": 0.00027466903232942387,
    "change_from_prev": 3.13596251668314e-10,
    "circuit_cost": {
        "depth": 819,
        "size": 2744,
        "num_2q_ops": 647,
        "depth_2q": 273,
        "count_ops": {
            "rz": 956,
            "sx": 912,
            "cz": 647,
            "x": 209,
            "measure": 20,
            "barrier": 1
        }
    }
}
[2026-02-13 12:49:45,745][INFO] [Run 9] Running for Krylov dimension 4
[2026-02-13 12:49:46,670][INFO] [Run 9]
{
    "raw_unique_basis_states": 10990,
    "fermion_basis_rejected": 0,
    "kept_unique_basis_states": 10990,
    "fermion_shots_rejected": 0,
    "kept_shots": 50000
}
[2026-02-13 12:51:32,419][INFO] [Run 9]
{
    "D": 4,
    "t": 4.0,
    "num_trotter_steps": 1,
    "circuit_time": "0:00:00.839159",
    "shot_processing": {
        "raw_unique_basis_states": 10990,
        "fermion_basis_rejected": 0,
        "kept_unique_basis_states": 10990,
        "fermion_shots_rejected": 0,
        "kept_shots": 50000
    },
    "new_basis_count": 5471,
    "total_basis_count": 21624,
    "H_reduced_size": [
        21624,
        21624
    ],
    "reduction": 97.93777465820312,
    "H_reduced_e": 0.0002733441356134798,
    "used_dense": false,
    "eigenvalue_time": "0:00:00.201674",
    "diff": 0.00027334413560954764,
    "change_from_prev": 1.3248967198762262e-06,
    "circuit_cost": {
        "depth": 826,
        "size": 2756,
        "num_2q_ops": 647,
        "depth_2q": 273,
        "count_ops": {
            "rz": 961,
            "sx": 912,
            "cz": 647,
            "x": 216,
            "measure": 20,
            "barrier": 1
        }
    }
}
[2026-02-13 12:51:32,419][INFO] [Run 9] Running for Krylov dimension 5
[2026-02-13 12:51:33,415][INFO] [Run 9]
{
    "raw_unique_basis_states": 15229,
    "fermion_basis_rejected": 0,
    "kept_unique_basis_states": 15229,
    "fermion_shots_rejected": 0,
    "kept_shots": 50000
}
[2026-02-13 12:54:12,780][INFO] [Run 9]
{
    "D": 5,
    "t": 5.0,
    "num_trotter_steps": 1,
    "circuit_time": "0:00:00.903037",
    "shot_processing": {
        "raw_unique_basis_states": 15229,
        "fermion_basis_rejected": 0,
        "kept_unique_basis_states": 15229,
        "fermion_shots_rejected": 0,
        "kept_shots": 50000
    },
    "new_basis_count": 9885,
    "total_basis_count": 31509,
    "H_reduced_size": [
        31509,
        31509
    ],
    "reduction": 96.99506759643555,
    "H_reduced_e": 0.00027210943612004083,
    "used_dense": false,
    "eigenvalue_time": "0:00:00.348965",
    "diff": 0.0002721094361161087,
    "change_from_prev": 1.2346994934389426e-06,
    "circuit_cost": {
        "depth": 822,
        "size": 2739,
        "num_2q_ops": 647,
        "depth_2q": 273,
        "count_ops": {
            "rz": 947,
            "sx": 912,
            "cz": 647,
            "x": 213,
            "measure": 20,
            "barrier": 1
        }
    }
}
[2026-02-13 12:54:12,781][INFO] [Run 9] Running for Krylov dimension 6
[2026-02-13 12:54:13,776][INFO] [Run 9]
{
    "raw_unique_basis_states": 2370,
    "fermion_basis_rejected": 0,
    "kept_unique_basis_states": 2370,
    "fermion_shots_rejected": 0,
    "kept_shots": 50000
}
[2026-02-13 12:56:57,523][INFO] [Run 9]
{
    "D": 6,
    "t": 6.0,
    "num_trotter_steps": 1,
    "circuit_time": "0:00:00.924138",
    "shot_processing": {
        "raw_unique_basis_states": 2370,
        "fermion_basis_rejected": 0,
        "kept_unique_basis_states": 2370,
        "fermion_shots_rejected": 0,
        "kept_shots": 50000
    },
    "new_basis_count": 735,
    "total_basis_count": 32244,
    "H_reduced_size": [
        32244,
        32244
    ],
    "reduction": 96.92497253417969,
    "H_reduced_e": 0.00027210855087845203,
    "used_dense": false,
    "eigenvalue_time": "0:00:00.356809",
    "diff": 0.0002721085508745199,
    "change_from_prev": 8.852415888001286e-10,
    "circuit_cost": {
        "depth": 830,
        "size": 2771,
        "num_2q_ops": 647,
        "depth_2q": 273,
        "count_ops": {
            "rz": 970,
            "sx": 908,
            "cz": 647,
            "x": 226,
            "measure": 20,
            "barrier": 1
        }
    }
}
[2026-02-13 12:56:57,524][INFO] [Run 9] Running for Krylov dimension 7
[2026-02-13 12:56:59,242][INFO] [Run 9]
{
    "raw_unique_basis_states": 10200,
    "fermion_basis_rejected": 0,
    "kept_unique_basis_states": 10200,
    "fermion_shots_rejected": 0,
    "kept_shots": 50000
}
[2026-02-13 13:00:07,891][INFO] [Run 9]
{
    "D": 7,
    "t": 3.5,
    "num_trotter_steps": 2,
    "circuit_time": "0:00:01.584000",
    "shot_processing": {
        "raw_unique_basis_states": 10200,
        "fermion_basis_rejected": 0,
        "kept_unique_basis_states": 10200,
        "fermion_shots_rejected": 0,
        "kept_shots": 50000
    },
    "new_basis_count": 5119,
    "total_basis_count": 37363,
    "H_reduced_size": [
        37363,
        37363
    ],
    "reduction": 96.43678665161133,
    "H_reduced_e": 0.0002612226034113148,
    "used_dense": false,
    "eigenvalue_time": "0:00:00.478085",
    "diff": 0.0002612226034073827,
    "change_from_prev": 1.0885947467137219e-05,
    "circuit_cost": {
        "depth": 1626,
        "size": 5445,
        "num_2q_ops": 1294,
        "depth_2q": 544,
        "count_ops": {
            "rz": 1883,
            "sx": 1823,
            "cz": 1294,
            "x": 425,
            "measure": 20,
            "barrier": 1
        }
    }
}
[2026-02-13 13:00:07,891][INFO] [Run 9] Running for Krylov dimension 8
[2026-02-13 13:00:09,621][INFO] [Run 9]
{
    "raw_unique_basis_states": 15836,
    "fermion_basis_rejected": 0,
    "kept_unique_basis_states": 15836,
    "fermion_shots_rejected": 0,
    "kept_shots": 50000
}
[2026-02-13 13:03:56,822][INFO] [Run 9]
{
    "D": 8,
    "t": 4.0,
    "num_trotter_steps": 2,
    "circuit_time": "0:00:01.584659",
    "shot_processing": {
        "raw_unique_basis_states": 15836,
        "fermion_basis_rejected": 0,
        "kept_unique_basis_states": 15836,
        "fermion_shots_rejected": 0,
        "kept_shots": 50000
    },
    "new_basis_count": 7016,
    "total_basis_count": 44379,
    "H_reduced_size": [
        44379,
        44379
    ],
    "reduction": 95.7676887512207,
    "H_reduced_e": 0.00025967387163720087,
    "used_dense": false,
    "eigenvalue_time": "0:00:00.605680",
    "diff": 0.00025967387163326874,
    "change_from_prev": 1.5487317741139399e-06,
    "circuit_cost": {
        "depth": 1625,
        "size": 5434,
        "num_2q_ops": 1294,
        "depth_2q": 544,
        "count_ops": {
            "rz": 1883,
            "sx": 1823,
            "cz": 1294,
            "x": 414,
            "measure": 20,
            "barrier": 1
        }
    }
}
[2026-02-13 13:03:56,822][INFO] [Run 9] Running for Krylov dimension 9
[2026-02-13 13:03:58,540][INFO] [Run 9]
{
    "raw_unique_basis_states": 18424,
    "fermion_basis_rejected": 0,
    "kept_unique_basis_states": 18424,
    "fermion_shots_rejected": 0,
    "kept_shots": 50000
}
[2026-02-13 13:08:30,819][INFO] [Run 9]
{
    "D": 9,
    "t": 4.5,
    "num_trotter_steps": 2,
    "circuit_time": "0:00:01.570734",
    "shot_processing": {
        "raw_unique_basis_states": 18424,
        "fermion_basis_rejected": 0,
        "kept_unique_basis_states": 18424,
        "fermion_shots_rejected": 0,
        "kept_shots": 50000
    },
    "new_basis_count": 7877,
    "total_basis_count": 52256,
    "H_reduced_size": [
        52256,
        52256
    ],
    "reduction": 95.0164794921875,
    "H_reduced_e": 0.0002596607762388762,
    "used_dense": false,
    "eigenvalue_time": "0:00:00.736622",
    "diff": 0.00025966077623494404,
    "change_from_prev": 1.3095398324698606e-08,
    "circuit_cost": {
        "depth": 1650,
        "size": 5440,
        "num_2q_ops": 1294,
        "depth_2q": 544,
        "count_ops": {
            "rz": 1885,
            "sx": 1823,
            "cz": 1294,
            "x": 418,
            "measure": 20,
            "barrier": 1
        }
    }
}
[2026-02-13 13:08:30,819][INFO] [Run 9] Running for Krylov dimension 10
[2026-02-13 13:08:32,530][INFO] [Run 9]
{
    "raw_unique_basis_states": 17064,
    "fermion_basis_rejected": 0,
    "kept_unique_basis_states": 17064,
    "fermion_shots_rejected": 0,
    "kept_shots": 50000
}
[2026-02-13 13:13:34,328][INFO] [Run 9]
{
    "D": 10,
    "t": 5.0,
    "num_trotter_steps": 2,
    "circuit_time": "0:00:01.565600",
    "shot_processing": {
        "raw_unique_basis_states": 17064,
        "fermion_basis_rejected": 0,
        "kept_unique_basis_states": 17064,
        "fermion_shots_rejected": 0,
        "kept_shots": 50000
    },
    "new_basis_count": 5196,
    "total_basis_count": 57452,
    "H_reduced_size": [
        57452,
        57452
    ],
    "reduction": 94.52095031738281,
    "H_reduced_e": 0.0002572120158025547,
    "used_dense": false,
    "eigenvalue_time": "0:00:00.853973",
    "diff": 0.00025721201579862255,
    "change_from_prev": 2.4487604363214975e-06,
    "circuit_cost": {
        "depth": 1639,
        "size": 5466,
        "num_2q_ops": 1294,
        "depth_2q": 544,
        "count_ops": {
            "rz": 1901,
            "sx": 1823,
            "cz": 1294,
            "x": 428,
            "measure": 20,
            "barrier": 1
        }
    }
}
[2026-02-13 13:13:34,328][INFO] [Run 9] Running for Krylov dimension 11
[2026-02-13 13:13:36,037][INFO] [Run 9]
{
    "raw_unique_basis_states": 11970,
    "fermion_basis_rejected": 0,
    "kept_unique_basis_states": 11970,
    "fermion_shots_rejected": 0,
    "kept_shots": 50000
}
[2026-02-13 13:18:53,745][INFO] [Run 9]
{
    "D": 11,
    "t": 5.5,
    "num_trotter_steps": 2,
    "circuit_time": "0:00:01.571220",
    "shot_processing": {
        "raw_unique_basis_states": 11970,
        "fermion_basis_rejected": 0,
        "kept_unique_basis_states": 11970,
        "fermion_shots_rejected": 0,
        "kept_shots": 50000
    },
    "new_basis_count": 2159,
    "total_basis_count": 59611,
    "H_reduced_size": [
        59611,
        59611
    ],
    "reduction": 94.3150520324707,
    "H_reduced_e": 0.0002570352555360406,
    "used_dense": false,
    "eigenvalue_time": "0:00:00.874374",
    "diff": 0.00025703525553210846,
    "change_from_prev": 1.76760266514084e-07,
    "circuit_cost": {
        "depth": 1653,
        "size": 5532,
        "num_2q_ops": 1294,
        "depth_2q": 544,
        "count_ops": {
            "rz": 1941,
            "sx": 1823,
            "cz": 1294,
            "x": 454,
            "measure": 20,
            "barrier": 1
        }
    }
}
[2026-02-13 13:18:53,745][INFO] [Run 9] Running for Krylov dimension 12
[2026-02-13 13:18:55,445][INFO] [Run 9]
{
    "raw_unique_basis_states": 5859,
    "fermion_basis_rejected": 0,
    "kept_unique_basis_states": 5859,
    "fermion_shots_rejected": 0,
    "kept_shots": 50000
}
[2026-02-13 13:24:15,326][INFO] [Run 9]
{
    "D": 12,
    "t": 6.0,
    "num_trotter_steps": 2,
    "circuit_time": "0:00:01.571851",
    "shot_processing": {
        "raw_unique_basis_states": 5859,
        "fermion_basis_rejected": 0,
        "kept_unique_basis_states": 5859,
        "fermion_shots_rejected": 0,
        "kept_shots": 50000
    },
    "new_basis_count": 273,
    "total_basis_count": 59884,
    "H_reduced_size": [
        59884,
        59884
    ],
    "reduction": 94.28901672363281,
    "H_reduced_e": 0.0002570352543854093,
    "used_dense": false,
    "eigenvalue_time": "0:00:00.935881",
    "diff": 0.00025703525438147717,
    "change_from_prev": 1.1506312938038e-12,
    "circuit_cost": {
        "depth": 1623,
        "size": 5432,
        "num_2q_ops": 1294,
        "depth_2q": 544,
        "count_ops": {
            "rz": 1885,
            "sx": 1823,
            "cz": 1294,
            "x": 410,
            "measure": 20,
            "barrier": 1
        }
    }
}
[2026-02-13 13:24:15,327][INFO] [Run 9] Running for Krylov dimension 13
[2026-02-13 13:24:17,073][INFO] [Run 9]
{
    "raw_unique_basis_states": 4064,
    "fermion_basis_rejected": 0,
    "kept_unique_basis_states": 4064,
    "fermion_shots_rejected": 0,
    "kept_shots": 50000
}
[2026-02-13 13:29:42,819][INFO] [Run 9]
{
    "D": 13,
    "t": 6.5,
    "num_trotter_steps": 2,
    "circuit_time": "0:00:01.598659",
    "shot_processing": {
        "raw_unique_basis_states": 4064,
        "fermion_basis_rejected": 0,
        "kept_unique_basis_states": 4064,
        "fermion_shots_rejected": 0,
        "kept_shots": 50000
    },
    "new_basis_count": 129,
    "total_basis_count": 60013,
    "H_reduced_size": [
        60013,
        60013
    ],
    "reduction": 94.27671432495117,
    "H_reduced_e": 0.0002570352539992343,
    "used_dense": false,
    "eigenvalue_time": "0:00:00.922847",
    "diff": 0.0002570352539953022,
    "change_from_prev": 3.861749787135993e-13,
    "circuit_cost": {
        "depth": 1641,
        "size": 5518,
        "num_2q_ops": 1294,
        "depth_2q": 544,
        "count_ops": {
            "rz": 1911,
            "sx": 1823,
            "cz": 1294,
            "x": 470,
            "measure": 20,
            "barrier": 1
        }
    }
}
[2026-02-13 13:29:42,819][INFO] [Run 9] Running for Krylov dimension 14
[2026-02-13 13:29:45,220][INFO] [Run 9]
{
    "raw_unique_basis_states": 16508,
    "fermion_basis_rejected": 0,
    "kept_unique_basis_states": 16508,
    "fermion_shots_rejected": 0,
    "kept_shots": 50000
}
[2026-02-13 13:35:29,915][INFO] [Run 9]
{
    "D": 14,
    "t": 4.666666666666667,
    "num_trotter_steps": 3,
    "circuit_time": "0:00:02.199933",
    "shot_processing": {
        "raw_unique_basis_states": 16508,
        "fermion_basis_rejected": 0,
        "kept_unique_basis_states": 16508,
        "fermion_shots_rejected": 0,
        "kept_shots": 50000
    },
    "new_basis_count": 3122,
    "total_basis_count": 63135,
    "H_reduced_size": [
        63135,
        63135
    ],
    "reduction": 93.97897720336914,
    "H_reduced_e": 0.0002570260894198453,
    "used_dense": false,
    "eigenvalue_time": "0:00:01.025408",
    "diff": 0.0002570260894159132,
    "change_from_prev": 9.164579388995855e-09,
    "circuit_cost": {
        "depth": 2440,
        "size": 8165,
        "num_2q_ops": 1941,
        "depth_2q": 815,
        "count_ops": {
            "rz": 2827,
            "sx": 2735,
            "cz": 1941,
            "x": 642,
            "measure": 20,
            "barrier": 1
        }
    }
}
[2026-02-13 13:35:29,920][INFO] [Run 9] Done
