[2026-02-13 12:24:54,742][INFO] Running VQE for linear potential and cutoff 16
[2026-02-13 12:24:54,745][INFO] Truncation: {'m': 212, 'n': 2211, 'keep_frac_terms': 0.09588421528720036, 'keep_ratio': 0.999, 'truncated': 1.377312853455578, 'total_weight': 1381.999999999984}
[2026-02-13 12:24:54,769][INFO] min_eigenvalue: 3.9321294598410086e-15
[2026-02-13 12:24:57,962][INFO] []
[2026-02-13 12:24:57,963][INFO] [Run 6] Running for Krylov dimension 1
[2026-02-13 12:24:58,957][INFO] [Run 6]
{
    "raw_unique_basis_states": 3347,
    "fermion_basis_rejected": 0,
    "kept_unique_basis_states": 3347,
    "fermion_shots_rejected": 0,
    "kept_shots": 50000
}
[2026-02-13 12:25:14,403][INFO] [Run 6]
{
    "D": 1,
    "t": 1.0,
    "num_trotter_steps": 1,
    "circuit_time": "0:00:00.902341",
    "shot_processing": {
        "raw_unique_basis_states": 3347,
        "fermion_basis_rejected": 0,
        "kept_unique_basis_states": 3347,
        "fermion_shots_rejected": 0,
        "kept_shots": 50000
    },
    "new_basis_count": 3347,
    "total_basis_count": 3347,
    "H_reduced_size": [
        3347,
        3347
    ],
    "reduction": 99.68080520629883,
    "H_reduced_e": 0.00029646476443385283,
    "used_dense": false,
    "eigenvalue_time": "0:00:00.023151",
    "diff": 0.0002964647644299207,
    "change_from_prev": null,
    "circuit_cost": {
        "depth": 826,
        "size": 2758,
        "num_2q_ops": 647,
        "depth_2q": 273,
        "count_ops": {
            "rz": 960,
            "sx": 912,
            "cz": 647,
            "x": 219,
            "measure": 20,
            "barrier": 1
        }
    }
}
[2026-02-13 12:25:14,403][INFO] [Run 6] Running for Krylov dimension 2
[2026-02-13 12:25:15,414][INFO] [Run 6]
{
    "raw_unique_basis_states": 12895,
    "fermion_basis_rejected": 0,
    "kept_unique_basis_states": 12895,
    "fermion_shots_rejected": 0,
    "kept_shots": 50000
}
[2026-02-13 12:26:29,560][INFO] [Run 6]
{
    "D": 2,
    "t": 2.0,
    "num_trotter_steps": 1,
    "circuit_time": "0:00:00.920653",
    "shot_processing": {
        "raw_unique_basis_states": 12895,
        "fermion_basis_rejected": 0,
        "kept_unique_basis_states": 12895,
        "fermion_shots_rejected": 0,
        "kept_shots": 50000
    },
    "new_basis_count": 11168,
    "total_basis_count": 14515,
    "H_reduced_size": [
        14515,
        14515
    ],
    "reduction": 98.61574172973633,
    "H_reduced_e": 0.0002619793051761806,
    "used_dense": false,
    "eigenvalue_time": "0:00:00.134757",
    "diff": 0.0002619793051722485,
    "change_from_prev": 3.448545925767221e-05,
    "circuit_cost": {
        "depth": 819,
        "size": 2742,
        "num_2q_ops": 647,
        "depth_2q": 273,
        "count_ops": {
            "rz": 952,
            "sx": 912,
            "cz": 647,
            "x": 211,
            "measure": 20,
            "barrier": 1
        }
    }
}
[2026-02-13 12:26:29,560][INFO] [Run 6] Running for Krylov dimension 3
[2026-02-13 12:26:30,543][INFO] [Run 6]
{
    "raw_unique_basis_states": 3252,
    "fermion_basis_rejected": 0,
    "kept_unique_basis_states": 3252,
    "fermion_shots_rejected": 0,
    "kept_shots": 50000
}
[2026-02-13 12:27:54,257][INFO] [Run 6]
{
    "D": 3,
    "t": 3.0,
    "num_trotter_steps": 1,
    "circuit_time": "0:00:00.904068",
    "shot_processing": {
        "raw_unique_basis_states": 3252,
        "fermion_basis_rejected": 0,
        "kept_unique_basis_states": 3252,
        "fermion_shots_rejected": 0,
        "kept_shots": 50000
    },
    "new_basis_count": 1713,
    "total_basis_count": 16228,
    "H_reduced_size": [
        16228,
        16228
    ],
    "reduction": 98.45237731933594,
    "H_reduced_e": 0.000261979293688467,
    "used_dense": false,
    "eigenvalue_time": "0:00:00.172493",
    "diff": 0.0002619792936845349,
    "change_from_prev": 1.1487713612399336e-11,
    "circuit_cost": {
        "depth": 819,
        "size": 2744,
        "num_2q_ops": 647,
        "depth_2q": 273,
        "count_ops": {
            "rz": 956,
            "sx": 912,
            "cz": 647,
            "x": 209,
            "measure": 20,
            "barrier": 1
        }
    }
}
[2026-02-13 12:27:54,257][INFO] [Run 6] Running for Krylov dimension 4
[2026-02-13 12:27:55,306][INFO] [Run 6]
{
    "raw_unique_basis_states": 10995,
    "fermion_basis_rejected": 0,
    "kept_unique_basis_states": 10995,
    "fermion_shots_rejected": 0,
    "kept_shots": 50000
}
[2026-02-13 12:29:49,564][INFO] [Run 6]
{
    "D": 4,
    "t": 4.0,
    "num_trotter_steps": 1,
    "circuit_time": "0:00:00.948485",
    "shot_processing": {
        "raw_unique_basis_states": 10995,
        "fermion_basis_rejected": 0,
        "kept_unique_basis_states": 10995,
        "fermion_shots_rejected": 0,
        "kept_shots": 50000
    },
    "new_basis_count": 5393,
    "total_basis_count": 21621,
    "H_reduced_size": [
        21621,
        21621
    ],
    "reduction": 97.93806076049805,
    "H_reduced_e": 0.0002607762536557831,
    "used_dense": false,
    "eigenvalue_time": "0:00:00.216773",
    "diff": 0.000260776253651851,
    "change_from_prev": 1.2030400326838958e-06,
    "circuit_cost": {
        "depth": 826,
        "size": 2756,
        "num_2q_ops": 647,
        "depth_2q": 273,
        "count_ops": {
            "rz": 961,
            "sx": 912,
            "cz": 647,
            "x": 216,
            "measure": 20,
            "barrier": 1
        }
    }
}
[2026-02-13 12:29:49,565][INFO] [Run 6] Running for Krylov dimension 5
[2026-02-13 12:29:50,636][INFO] [Run 6]
{
    "raw_unique_basis_states": 15188,
    "fermion_basis_rejected": 0,
    "kept_unique_basis_states": 15188,
    "fermion_shots_rejected": 0,
    "kept_shots": 50000
}
[2026-02-13 12:32:38,865][INFO] [Run 6]
{
    "D": 5,
    "t": 5.0,
    "num_trotter_steps": 1,
    "circuit_time": "0:00:00.972475",
    "shot_processing": {
        "raw_unique_basis_states": 15188,
        "fermion_basis_rejected": 0,
        "kept_unique_basis_states": 15188,
        "fermion_shots_rejected": 0,
        "kept_shots": 50000
    },
    "new_basis_count": 9796,
    "total_basis_count": 31417,
    "H_reduced_size": [
        31417,
        31417
    ],
    "reduction": 97.00384140014648,
    "H_reduced_e": 0.00026077582571802166,
    "used_dense": false,
    "eigenvalue_time": "0:00:00.405788",
    "diff": 0.00026077582571408953,
    "change_from_prev": 4.2793776145301846e-10,
    "circuit_cost": {
        "depth": 822,
        "size": 2739,
        "num_2q_ops": 647,
        "depth_2q": 273,
        "count_ops": {
            "rz": 947,
            "sx": 912,
            "cz": 647,
            "x": 213,
            "measure": 20,
            "barrier": 1
        }
    }
}
[2026-02-13 12:32:38,866][INFO] [Run 6] Running for Krylov dimension 6
[2026-02-13 12:32:40,799][INFO] [Run 6]
{
    "raw_unique_basis_states": 6434,
    "fermion_basis_rejected": 0,
    "kept_unique_basis_states": 6434,
    "fermion_shots_rejected": 0,
    "kept_shots": 50000
}
[2026-02-13 12:35:41,462][INFO] [Run 6]
{
    "D": 6,
    "t": 3.0,
    "num_trotter_steps": 2,
    "circuit_time": "0:00:01.788455",
    "shot_processing": {
        "raw_unique_basis_states": 6434,
        "fermion_basis_rejected": 0,
        "kept_unique_basis_states": 6434,
        "fermion_shots_rejected": 0,
        "kept_shots": 50000
    },
    "new_basis_count": 2957,
    "total_basis_count": 34374,
    "H_reduced_size": [
        34374,
        34374
    ],
    "reduction": 96.72183990478516,
    "H_reduced_e": 0.00025877589569569734,
    "used_dense": false,
    "eigenvalue_time": "0:00:00.426805",
    "diff": 0.0002587758956917652,
    "change_from_prev": 1.999930022324322e-06,
    "circuit_cost": {
        "depth": 1651,
        "size": 5476,
        "num_2q_ops": 1294,
        "depth_2q": 544,
        "count_ops": {
            "rz": 1913,
            "sx": 1823,
            "cz": 1294,
            "x": 426,
            "measure": 20,
            "barrier": 1
        }
    }
}
[2026-02-13 12:35:41,462][INFO] [Run 6] Running for Krylov dimension 7
[2026-02-13 12:35:43,177][INFO] [Run 6]
{
    "raw_unique_basis_states": 10208,
    "fermion_basis_rejected": 0,
    "kept_unique_basis_states": 10208,
    "fermion_shots_rejected": 0,
    "kept_shots": 50000
}
[2026-02-13 12:38:53,360][INFO] [Run 6]
{
    "D": 7,
    "t": 3.5,
    "num_trotter_steps": 2,
    "circuit_time": "0:00:01.581612",
    "shot_processing": {
        "raw_unique_basis_states": 10208,
        "fermion_basis_rejected": 0,
        "kept_unique_basis_states": 10208,
        "fermion_shots_rejected": 0,
        "kept_shots": 50000
    },
    "new_basis_count": 3825,
    "total_basis_count": 38199,
    "H_reduced_size": [
        38199,
        38199
    ],
    "reduction": 96.35705947875977,
    "H_reduced_e": 0.00025876848348986315,
    "used_dense": false,
    "eigenvalue_time": "0:00:00.472590",
    "diff": 0.000258768483485931,
    "change_from_prev": 7.412205834192182e-09,
    "circuit_cost": {
        "depth": 1626,
        "size": 5445,
        "num_2q_ops": 1294,
        "depth_2q": 544,
        "count_ops": {
            "rz": 1883,
            "sx": 1823,
            "cz": 1294,
            "x": 425,
            "measure": 20,
            "barrier": 1
        }
    }
}
[2026-02-13 12:38:53,360][INFO] [Run 6] Running for Krylov dimension 8
[2026-02-13 12:38:55,075][INFO] [Run 6]
{
    "raw_unique_basis_states": 15759,
    "fermion_basis_rejected": 0,
    "kept_unique_basis_states": 15759,
    "fermion_shots_rejected": 0,
    "kept_shots": 50000
}
[2026-02-13 12:42:39,973][INFO] [Run 6]
{
    "D": 8,
    "t": 4.0,
    "num_trotter_steps": 2,
    "circuit_time": "0:00:01.575241",
    "shot_processing": {
        "raw_unique_basis_states": 15759,
        "fermion_basis_rejected": 0,
        "kept_unique_basis_states": 15759,
        "fermion_shots_rejected": 0,
        "kept_shots": 50000
    },
    "new_basis_count": 6454,
    "total_basis_count": 44653,
    "H_reduced_size": [
        44653,
        44653
    ],
    "reduction": 95.74155807495117,
    "H_reduced_e": 3.300519553477846e-06,
    "used_dense": false,
    "eigenvalue_time": "0:00:00.660394",
    "diff": 3.3005195495457167e-06,
    "change_from_prev": 0.0002554679639363853,
    "circuit_cost": {
        "depth": 1625,
        "size": 5434,
        "num_2q_ops": 1294,
        "depth_2q": 544,
        "count_ops": {
            "rz": 1883,
            "sx": 1823,
            "cz": 1294,
            "x": 414,
            "measure": 20,
            "barrier": 1
        }
    }
}
[2026-02-13 12:42:39,973][INFO] [Run 6] Running for Krylov dimension 9
[2026-02-13 12:42:41,697][INFO] [Run 6]
{
    "raw_unique_basis_states": 18385,
    "fermion_basis_rejected": 0,
    "kept_unique_basis_states": 18385,
    "fermion_shots_rejected": 0,
    "kept_shots": 50000
}
[2026-02-13 12:47:09,874][INFO] [Run 6]
{
    "D": 9,
    "t": 4.5,
    "num_trotter_steps": 2,
    "circuit_time": "0:00:01.576084",
    "shot_processing": {
        "raw_unique_basis_states": 18385,
        "fermion_basis_rejected": 0,
        "kept_unique_basis_states": 18385,
        "fermion_shots_rejected": 0,
        "kept_shots": 50000
    },
    "new_basis_count": 7699,
    "total_basis_count": 52352,
    "H_reduced_size": [
        52352,
        52352
    ],
    "reduction": 95.00732421875,
    "H_reduced_e": 3.227203914328984e-06,
    "used_dense": false,
    "eigenvalue_time": "0:00:00.813690",
    "diff": 3.2272039103968546e-06,
    "change_from_prev": 7.33156391488621e-08,
    "circuit_cost": {
        "depth": 1650,
        "size": 5440,
        "num_2q_ops": 1294,
        "depth_2q": 544,
        "count_ops": {
            "rz": 1885,
            "sx": 1823,
            "cz": 1294,
            "x": 418,
            "measure": 20,
            "barrier": 1
        }
    }
}
[2026-02-13 12:47:09,875][INFO] [Run 6] Running for Krylov dimension 10
[2026-02-13 12:47:11,581][INFO] [Run 6]
{
    "raw_unique_basis_states": 17074,
    "fermion_basis_rejected": 0,
    "kept_unique_basis_states": 17074,
    "fermion_shots_rejected": 0,
    "kept_shots": 50000
}
[2026-02-13 12:52:10,340][INFO] [Run 6]
{
    "D": 10,
    "t": 5.0,
    "num_trotter_steps": 2,
    "circuit_time": "0:00:01.562077",
    "shot_processing": {
        "raw_unique_basis_states": 17074,
        "fermion_basis_rejected": 0,
        "kept_unique_basis_states": 17074,
        "fermion_shots_rejected": 0,
        "kept_shots": 50000
    },
    "new_basis_count": 5124,
    "total_basis_count": 57476,
    "H_reduced_size": [
        57476,
        57476
    ],
    "reduction": 94.51866149902344,
    "H_reduced_e": 2.5257280436236216e-06,
    "used_dense": false,
    "eigenvalue_time": "0:00:00.913684",
    "diff": 2.5257280396914923e-06,
    "change_from_prev": 7.014758707053624e-07,
    "circuit_cost": {
        "depth": 1639,
        "size": 5466,
        "num_2q_ops": 1294,
        "depth_2q": 544,
        "count_ops": {
            "rz": 1901,
            "sx": 1823,
            "cz": 1294,
            "x": 428,
            "measure": 20,
            "barrier": 1
        }
    }
}
[2026-02-13 12:52:10,340][INFO] [Run 6] Running for Krylov dimension 11
[2026-02-13 12:52:12,059][INFO] [Run 6]
{
    "raw_unique_basis_states": 12011,
    "fermion_basis_rejected": 0,
    "kept_unique_basis_states": 12011,
    "fermion_shots_rejected": 0,
    "kept_shots": 50000
}
[2026-02-13 12:57:21,543][INFO] [Run 6]
{
    "D": 11,
    "t": 5.5,
    "num_trotter_steps": 2,
    "circuit_time": "0:00:01.582608",
    "shot_processing": {
        "raw_unique_basis_states": 12011,
        "fermion_basis_rejected": 0,
        "kept_unique_basis_states": 12011,
        "fermion_shots_rejected": 0,
        "kept_shots": 50000
    },
    "new_basis_count": 2212,
    "total_basis_count": 59688,
    "H_reduced_size": [
        59688,
        59688
    ],
    "reduction": 94.30770874023438,
    "H_reduced_e": 4.818608144036448e-10,
    "used_dense": false,
    "eigenvalue_time": "0:00:01.082532",
    "diff": 4.818568822741849e-10,
    "change_from_prev": 2.525246182809218e-06,
    "circuit_cost": {
        "depth": 1653,
        "size": 5532,
        "num_2q_ops": 1294,
        "depth_2q": 544,
        "count_ops": {
            "rz": 1941,
            "sx": 1823,
            "cz": 1294,
            "x": 454,
            "measure": 20,
            "barrier": 1
        }
    }
}
[2026-02-13 12:57:21,543][INFO] [Run 6] Running for Krylov dimension 12
[2026-02-13 12:57:23,248][INFO] [Run 6]
{
    "raw_unique_basis_states": 5906,
    "fermion_basis_rejected": 0,
    "kept_unique_basis_states": 5906,
    "fermion_shots_rejected": 0,
    "kept_shots": 50000
}
[2026-02-13 13:02:33,178][INFO] [Run 6]
{
    "D": 12,
    "t": 6.0,
    "num_trotter_steps": 2,
    "circuit_time": "0:00:01.580921",
    "shot_processing": {
        "raw_unique_basis_states": 5906,
        "fermion_basis_rejected": 0,
        "kept_unique_basis_states": 5906,
        "fermion_shots_rejected": 0,
        "kept_shots": 50000
    },
    "new_basis_count": 261,
    "total_basis_count": 59949,
    "H_reduced_size": [
        59949,
        59949
    ],
    "reduction": 94.28281784057617,
    "H_reduced_e": 4.763613074477775e-10,
    "used_dense": false,
    "eigenvalue_time": "0:00:01.132567",
    "diff": 4.763573753183176e-10,
    "change_from_prev": 5.499506955867317e-12,
    "circuit_cost": {
        "depth": 1623,
        "size": 5432,
        "num_2q_ops": 1294,
        "depth_2q": 544,
        "count_ops": {
            "rz": 1885,
            "sx": 1823,
            "cz": 1294,
            "x": 410,
            "measure": 20,
            "barrier": 1
        }
    }
}
[2026-02-13 13:02:33,178][INFO] [Run 6] Running for Krylov dimension 13
[2026-02-13 13:02:35,534][INFO] [Run 6]
{
    "raw_unique_basis_states": 15941,
    "fermion_basis_rejected": 0,
    "kept_unique_basis_states": 15941,
    "fermion_shots_rejected": 0,
    "kept_shots": 50000
}
[2026-02-13 13:08:01,899][INFO] [Run 6]
{
    "D": 13,
    "t": 4.333333333333333,
    "num_trotter_steps": 3,
    "circuit_time": "0:00:02.166845",
    "shot_processing": {
        "raw_unique_basis_states": 15941,
        "fermion_basis_rejected": 0,
        "kept_unique_basis_states": 15941,
        "fermion_shots_rejected": 0,
        "kept_shots": 50000
    },
    "new_basis_count": 2661,
    "total_basis_count": 62610,
    "H_reduced_size": [
        62610,
        62610
    ],
    "reduction": 94.02904510498047,
    "H_reduced_e": 4.673629099868851e-10,
    "used_dense": false,
    "eigenvalue_time": "0:00:01.267312",
    "diff": 4.673589778574252e-10,
    "change_from_prev": 8.998397460892365e-12,
    "circuit_cost": {
        "depth": 2463,
        "size": 8250,
        "num_2q_ops": 1941,
        "depth_2q": 815,
        "count_ops": {
            "rz": 2873,
            "sx": 2735,
            "cz": 1941,
            "x": 681,
            "measure": 20,
            "barrier": 1
        }
    }
}
[2026-02-13 13:08:01,899][INFO] [Run 6] Running for Krylov dimension 14
[2026-02-13 13:08:04,263][INFO] [Run 6]
{
    "raw_unique_basis_states": 16379,
    "fermion_basis_rejected": 0,
    "kept_unique_basis_states": 16379,
    "fermion_shots_rejected": 0,
    "kept_shots": 50000
}
[2026-02-13 13:13:44,559][INFO] [Run 6]
{
    "D": 14,
    "t": 4.666666666666667,
    "num_trotter_steps": 3,
    "circuit_time": "0:00:02.174225",
    "shot_processing": {
        "raw_unique_basis_states": 16379,
        "fermion_basis_rejected": 0,
        "kept_unique_basis_states": 16379,
        "fermion_shots_rejected": 0,
        "kept_shots": 50000
    },
    "new_basis_count": 2291,
    "total_basis_count": 64901,
    "H_reduced_size": [
        64901,
        64901
    ],
    "reduction": 93.8105583190918,
    "H_reduced_e": 4.673690901087706e-10,
    "used_dense": false,
    "eigenvalue_time": "0:00:01.270142",
    "diff": 4.673651579793107e-10,
    "change_from_prev": 6.180121885502982e-15,
    "circuit_cost": {
        "depth": 2440,
        "size": 8165,
        "num_2q_ops": 1941,
        "depth_2q": 815,
        "count_ops": {
            "rz": 2827,
            "sx": 2735,
            "cz": 1941,
            "x": 642,
            "measure": 20,
            "barrier": 1
        }
    }
}
[2026-02-13 13:13:44,563][INFO] [Run 6] Done
