[2025-11-21 11:23:59,156][INFO] {
    "backend": "Aer",
    "use_noise_model": 0,
    "Potential": "AHO",
    "cutoff": 8,
    "num_qubits": 4,
    "num_params": 3,
    "shots": null,
    "optimization_level": 3,
    "resilience_level": 3,
    "lam": 15,
    "p": 2,
    "eps": 0.0625,
    "num_vqe_runs": 1,
    "max_iter": 200,
    "initial_tr_radius": 0.3,
    "final_tr_radius": 1e-08,
    "ansatz_name": "CQAVQE_AHO8_exact",
    "path": "C:\\Users\\Johnk\\Documents\\PhD\\Quantum Computing Code\\Quantum-Computing\\SUSY\\SUSY QM\\Qiskit\\NQCC Access\\Q4_2025\\Files\\Aer\\None\\AHO\\2025-11-21_11-23-59",
    "tags": [
        "NQCC-Q3",
        "CQAVQE_AHO8_exact",
        "shots:None"
    ],
    "seed": 71401135
}
[2025-11-21 11:23:59,156][INFO] Starting VQE run 1 (seed=71401135)
[2025-11-21 11:23:59,156][INFO] Session ID: None
[2025-11-21 11:23:59,156][INFO] {
    "default_precision": 0.0,
    "backend_options": {
        "method": "automatic",
        "noise_model": null,
        "seed_simulator": 71401135
    },
    "run_options": {
        "shots": null
    }
}
[2025-11-21 11:23:59,166][INFO] Iteration 1: Energy = 45.29614374
[2025-11-21 11:23:59,170][INFO] Iteration 2: Energy = 27.39975144
[2025-11-21 11:23:59,173][INFO] Iteration 3: Energy = 43.72932783
[2025-11-21 11:23:59,176][INFO] Iteration 4: Energy = 45.29614374
[2025-11-21 11:23:59,180][INFO] Iteration 5: Energy = 75.85166836
[2025-11-21 11:23:59,183][INFO] Iteration 6: Energy = 45.54170066
[2025-11-21 11:23:59,186][INFO] Iteration 7: Energy = 45.29614374
[2025-11-21 11:23:59,191][INFO] Iteration 8: Energy = 24.39714111
[2025-11-21 11:23:59,195][INFO] Iteration 9: Energy = 22.52534383
[2025-11-21 11:23:59,200][INFO] Iteration 10: Energy = 18.71783995
[2025-11-21 11:23:59,204][INFO] Iteration 11: Energy = 11.94079235
[2025-11-21 11:23:59,208][INFO] Iteration 12: Energy = 3.77762547
[2025-11-21 11:23:59,212][INFO] Iteration 13: Energy = 0.09438613
[2025-11-21 11:23:59,216][INFO] Iteration 14: Energy = 0.90502936
[2025-11-21 11:23:59,220][INFO] Iteration 15: Energy = 1.03245809
[2025-11-21 11:23:59,224][INFO] Iteration 16: Energy = 0.32075682
[2025-11-21 11:23:59,229][INFO] Iteration 17: Energy = 1.35341814
[2025-11-21 11:23:59,232][INFO] Iteration 18: Energy = 0.08429884
[2025-11-21 11:23:59,236][INFO] Iteration 19: Energy = 0.92602496
[2025-11-21 11:23:59,240][INFO] Iteration 20: Energy = 0.18835608
[2025-11-21 11:23:59,244][INFO] Iteration 21: Energy = 1.76264612
[2025-11-21 11:23:59,248][INFO] Iteration 22: Energy = 0.17644325
[2025-11-21 11:23:59,253][INFO] Iteration 23: Energy = 0.14233732
[2025-11-21 11:23:59,257][INFO] Iteration 24: Energy = 0.10257811
[2025-11-21 11:23:59,261][INFO] Iteration 25: Energy = 0.06938555
[2025-11-21 11:23:59,265][INFO] Iteration 26: Energy = 0.07004520
[2025-11-21 11:23:59,269][INFO] Iteration 27: Energy = 0.07499222
[2025-11-21 11:23:59,273][INFO] Iteration 28: Energy = 0.11159477
[2025-11-21 11:23:59,277][INFO] Iteration 29: Energy = 0.05694746
[2025-11-21 11:23:59,280][INFO] Iteration 30: Energy = 0.04759661
[2025-11-21 11:23:59,285][INFO] Iteration 31: Energy = 0.04361526
[2025-11-21 11:23:59,289][INFO] Iteration 32: Energy = 0.04588365
[2025-11-21 11:23:59,293][INFO] Iteration 33: Energy = 0.08030980
[2025-11-21 11:23:59,297][INFO] Iteration 34: Energy = 0.04163224
[2025-11-21 11:23:59,301][INFO] Iteration 35: Energy = 0.04182123
[2025-11-21 11:23:59,305][INFO] Iteration 36: Energy = 0.05526539
[2025-11-21 11:23:59,309][INFO] Iteration 37: Energy = 0.04333414
[2025-11-21 11:23:59,314][INFO] Iteration 38: Energy = 0.04164834
[2025-11-21 11:23:59,318][INFO] Iteration 39: Energy = 0.04336074
[2025-11-21 11:23:59,322][INFO] Iteration 40: Energy = 0.04160476
[2025-11-21 11:23:59,326][INFO] Iteration 41: Energy = 0.04160533
[2025-11-21 11:23:59,330][INFO] Iteration 42: Energy = 0.04182198
[2025-11-21 11:23:59,333][INFO] Iteration 43: Energy = 0.04161293
[2025-11-21 11:23:59,337][INFO] Iteration 44: Energy = 0.04182861
[2025-11-21 11:23:59,341][INFO] Iteration 45: Energy = 0.04160417
[2025-11-21 11:23:59,345][INFO] Iteration 46: Energy = 0.04162453
[2025-11-21 11:23:59,350][INFO] Iteration 47: Energy = 0.04160448
[2025-11-21 11:23:59,353][INFO] Iteration 48: Energy = 0.04161885
[2025-11-21 11:23:59,357][INFO] Iteration 49: Energy = 0.04160406
[2025-11-21 11:23:59,361][INFO] Iteration 50: Energy = 0.04160407
[2025-11-21 11:23:59,365][INFO] Iteration 51: Energy = 0.04160455
[2025-11-21 11:23:59,369][INFO] Iteration 52: Energy = 0.04160406
[2025-11-21 11:23:59,374][INFO] Iteration 53: Energy = 0.04160636
[2025-11-21 11:23:59,377][INFO] Iteration 54: Energy = 0.04160406
[2025-11-21 11:23:59,382][INFO] Iteration 55: Energy = 0.04160608
[2025-11-21 11:23:59,386][INFO] Iteration 56: Energy = 0.04160406
[2025-11-21 11:23:59,390][INFO] Iteration 57: Energy = 0.04160409
[2025-11-21 11:23:59,394][INFO] Iteration 58: Energy = 0.04160406
[2025-11-21 11:23:59,398][INFO] Iteration 59: Energy = 0.04160408
[2025-11-21 11:23:59,402][INFO] Iteration 60: Energy = 0.04160406
[2025-11-21 11:23:59,406][INFO] Iteration 61: Energy = 0.04160409
[2025-11-21 11:23:59,410][INFO] Iteration 62: Energy = 0.04160406
[2025-11-21 11:23:59,414][INFO] Iteration 63: Energy = 0.04160406
[2025-11-21 11:23:59,418][INFO] Iteration 64: Energy = 0.04160406
[2025-11-21 11:23:59,422][INFO] Iteration 65: Energy = 0.04160406
[2025-11-21 11:23:59,426][INFO] Iteration 66: Energy = 0.04160406
[2025-11-21 11:23:59,431][INFO] Iteration 67: Energy = 0.04160406
[2025-11-21 11:23:59,435][INFO] Iteration 68: Energy = 0.04160406
[2025-11-21 11:23:59,439][INFO] Iteration 69: Energy = 0.04160406
[2025-11-21 11:23:59,443][INFO] Iteration 70: Energy = 0.04160406
[2025-11-21 11:23:59,447][INFO] Iteration 71: Energy = 0.04160406
[2025-11-21 11:23:59,451][INFO] Iteration 72: Energy = 0.04160406
[2025-11-21 11:23:59,455][INFO] Iteration 73: Energy = 0.04160406
[2025-11-21 11:23:59,459][INFO] Iteration 74: Energy = 0.04160406
[2025-11-21 11:23:59,463][INFO] Iteration 75: Energy = 0.04160406
[2025-11-21 11:23:59,467][INFO] Iteration 76: Energy = 0.04160406
[2025-11-21 11:23:59,471][INFO] Iteration 77: Energy = 0.04160406
[2025-11-21 11:23:59,474][INFO] Iteration 78: Energy = 0.04160406
[2025-11-21 11:23:59,478][INFO] Iteration 79: Energy = 0.04160406
[2025-11-21 11:23:59,482][INFO] Iteration 80: Energy = 0.04160406
[2025-11-21 11:23:59,485][INFO] Iteration 81: Energy = 0.04160406
[2025-11-21 11:23:59,489][INFO] Iteration 82: Energy = 0.04160406
[2025-11-21 11:23:59,493][INFO] Iteration 83: Energy = 0.04160406
[2025-11-21 11:23:59,497][INFO] Iteration 84: Energy = 0.04160406
[2025-11-21 11:23:59,501][INFO] Iteration 85: Energy = 0.04160406
[2025-11-21 11:23:59,505][INFO] Iteration 86: Energy = 0.04160406
[2025-11-21 11:23:59,509][INFO] Iteration 87: Energy = 0.04160406
[2025-11-21 11:23:59,513][INFO] Iteration 88: Energy = 0.04160406
[2025-11-21 11:23:59,517][INFO] Iteration 89: Energy = 0.04160406
[2025-11-21 11:23:59,517][INFO] Completed VQE run 1: Energy = 0.041604
[2025-11-21 11:23:59,517][INFO] optimizer message: The lower bound for the trust-region radius has been reached
[2025-11-21 11:23:59,517][INFO] {
    "seed": 71401135,
    "session_id": null,
    "energy": 0.04160405950956303,
    "params": [
        6.39476672101483,
        -0.4623616810660819,
        4.58713296576526
    ],
    "success": "True",
    "num_iters": 89,
    "run_time": "0:00:00.361941"
}
