[2025-10-03 13:48:28,011][INFO] Running VQE using SV-Estimator backend
[2025-10-03 13:48:28,011][INFO] Running VQE using CQAVQE_AHO4_exact ansatz with 1 params
[2025-10-03 13:48:28,025][INFO] Starting VQE run 1 (seed=5962278)
[2025-10-03 13:48:28,035][INFO] Iteration 1: Energy = 15.22356891
[2025-10-03 13:48:28,036][INFO] Iteration 2: Energy = 14.58308998
[2025-10-03 13:48:28,037][INFO] Iteration 3: Energy = 15.17970736
[2025-10-03 13:48:28,039][INFO] Iteration 4: Energy = 13.31548266
[2025-10-03 13:48:28,041][INFO] Iteration 5: Energy = 10.68177688
[2025-10-03 13:48:28,042][INFO] Iteration 6: Energy = 6.14508178
[2025-10-03 13:48:28,044][INFO] Iteration 7: Energy = 0.92598980
[2025-10-03 13:48:28,046][INFO] Iteration 8: Energy = 0.20528089
[2025-10-03 13:48:28,047][INFO] Iteration 9: Energy = -0.16284365
[2025-10-03 13:48:28,050][INFO] Iteration 10: Energy = -0.16477496
[2025-10-03 13:48:28,052][INFO] Iteration 11: Energy = -0.16091957
[2025-10-03 13:48:28,054][INFO] Iteration 12: Energy = -0.16478526
[2025-10-03 13:48:28,055][INFO] Iteration 13: Energy = -0.16475049
[2025-10-03 13:48:28,058][INFO] Iteration 14: Energy = -0.16478491
[2025-10-03 13:48:28,060][INFO] Iteration 15: Energy = -0.16478491
[2025-10-03 13:48:28,062][INFO] Iteration 16: Energy = -0.16478526
[2025-10-03 13:48:28,063][INFO] Iteration 17: Energy = -0.16478526
[2025-10-03 13:48:28,065][INFO] Iteration 18: Energy = -0.16478526
[2025-10-03 13:48:28,067][INFO] Iteration 19: Energy = -0.16478526
[2025-10-03 13:48:28,069][INFO] Iteration 20: Energy = -0.16478526
[2025-10-03 13:48:28,070][INFO] Iteration 21: Energy = -0.16478526
[2025-10-03 13:48:28,072][INFO] Iteration 22: Energy = -0.16478526
[2025-10-03 13:48:28,074][INFO] Iteration 23: Energy = -0.16478526
[2025-10-03 13:48:28,076][INFO] Iteration 24: Energy = -0.16478526
[2025-10-03 13:48:28,077][INFO] Iteration 25: Energy = -0.16478526
[2025-10-03 13:48:28,078][INFO] Completed VQE run 1: Energy = -0.164785
[2025-10-03 13:48:28,078][INFO] {'seed': 5962278, 'energy': np.float64(-0.16478526068502442), 'params': [5.742491085877882], 'success': np.True_, 'num_iters': 25, 'run_time': datetime.timedelta(microseconds=67340), 'message': 'The lower bound for the trust-region radius has been reached'}
