[2026-02-22 14:58:28,846][INFO] Running VQE for linear potential and cutoff 32
[2026-02-22 14:58:37,627][INFO] Running VQE for linear potential and cutoff 32
[2026-02-22 14:58:41,546][INFO] Truncation: {'m': 238, 'n': 6690, 'keep_frac_terms': 0.035575485799701045, 'keep_ratio': 0.999, 'truncated': 3.281478989760217, 'total_weight': 3290.8750000000978}
[2026-02-22 14:58:43,231][INFO] []
[2026-02-22 14:58:43,368][INFO] [Run 0]
{
    "num_trotters": 1,
    "transpile_time": "0:00:00.136334",
    "circuit_cist": {
        "depth": 2275,
        "size": 4944,
        "num_2q_ops": 1164,
        "depth_2q": 722,
        "count_ops": {
            "sx": 1987,
            "rz": 1647,
            "cz": 1164,
            "x": 128,
            "measure": 18,
            "barrier": 1
        }
    }
}
[2026-02-22 14:58:43,369][INFO] [Run 0] Running for Krylov dimension 1
[2026-02-22 14:58:43,626][INFO] [Run 0]
{
    "raw_unique_basis_states": 1218,
    "fermion_basis_rejected": 0,
    "kept_unique_basis_states": 1218,
    "fermion_shots_rejected": 0,
    "kept_shots": 100000
}
[2026-02-22 14:58:45,661][INFO] [Run 0]
{
    "D": 1,
    "t": 1.0,
    "num_trotter_steps": 1,
    "step_time": "0:00:02.291953",
    "H_reduce_time": "0:00:01.023412",
    "circuit_time": "0:00:00.254891",
    "shot_processing": {
        "raw_unique_basis_states": 1218,
        "fermion_basis_rejected": 0,
        "kept_unique_basis_states": 1218,
        "fermion_shots_rejected": 0,
        "kept_shots": 100000
    },
    "new_basis_count": 1218,
    "total_basis_count": 1218,
    "H_reduced_size": [
        1218,
        1218
    ],
    "reduction": 99.53536987304688,
    "H_reduced_e": 0.23324339593964438,
    "used_dense": true,
    "eigenvalue_time": "0:00:01.012959",
    "diff": null,
    "change_from_prev": null
}
[2026-02-22 14:58:45,661][INFO] [Run 0] Running for Krylov dimension 2
[2026-02-22 14:58:45,913][INFO] [Run 0]
{
    "raw_unique_basis_states": 942,
    "fermion_basis_rejected": 0,
    "kept_unique_basis_states": 942,
    "fermion_shots_rejected": 0,
    "kept_shots": 100000
}
[2026-02-22 14:58:48,662][INFO] [Run 0]
{
    "D": 2,
    "t": 2.0,
    "num_trotter_steps": 1,
    "step_time": "0:00:03.000990",
    "H_reduce_time": "0:00:01.322106",
    "circuit_time": "0:00:00.250285",
    "shot_processing": {
        "raw_unique_basis_states": 942,
        "fermion_basis_rejected": 0,
        "kept_unique_basis_states": 942,
        "fermion_shots_rejected": 0,
        "kept_shots": 100000
    },
    "new_basis_count": 335,
    "total_basis_count": 1553,
    "H_reduced_size": [
        1553,
        1553
    ],
    "reduction": 99.40757751464844,
    "H_reduced_e": 3.297693380667746e-09,
    "used_dense": true,
    "eigenvalue_time": "0:00:01.427708",
    "diff": null,
    "change_from_prev": 0.23324339264195101
}
[2026-02-22 14:58:48,662][INFO] [Run 0] Running for Krylov dimension 3
[2026-02-22 14:58:48,911][INFO] [Run 0]
{
    "raw_unique_basis_states": 646,
    "fermion_basis_rejected": 0,
    "kept_unique_basis_states": 646,
    "fermion_shots_rejected": 0,
    "kept_shots": 100000
}
[2026-02-22 14:58:52,069][INFO] [Run 0]
{
    "D": 3,
    "t": 3.0,
    "num_trotter_steps": 1,
    "step_time": "0:00:03.406590",
    "H_reduce_time": "0:00:01.522143",
    "circuit_time": "0:00:00.247812",
    "shot_processing": {
        "raw_unique_basis_states": 646,
        "fermion_basis_rejected": 0,
        "kept_unique_basis_states": 646,
        "fermion_shots_rejected": 0,
        "kept_shots": 100000
    },
    "new_basis_count": 168,
    "total_basis_count": 1721,
    "H_reduced_size": [
        1721,
        1721
    ],
    "reduction": 99.34349060058594,
    "H_reduced_e": 5.948555076270136e-10,
    "used_dense": true,
    "eigenvalue_time": "0:00:01.635592",
    "diff": null,
    "change_from_prev": 2.702837873040732e-09
}
[2026-02-22 14:58:52,069][INFO] [Run 0] Running for Krylov dimension 4
[2026-02-22 14:58:52,320][INFO] [Run 0]
{
    "raw_unique_basis_states": 1300,
    "fermion_basis_rejected": 0,
    "kept_unique_basis_states": 1300,
    "fermion_shots_rejected": 0,
    "kept_shots": 100000
}
[2026-02-22 14:58:54,369][INFO] [Run 0]
{
    "D": 4,
    "t": 4.0,
    "num_trotter_steps": 1,
    "step_time": "0:00:02.300475",
    "H_reduce_time": "0:00:01.982629",
    "circuit_time": "0:00:00.249356",
    "shot_processing": {
        "raw_unique_basis_states": 1300,
        "fermion_basis_rejected": 0,
        "kept_unique_basis_states": 1300,
        "fermion_shots_rejected": 0,
        "kept_shots": 100000
    },
    "new_basis_count": 415,
    "total_basis_count": 2136,
    "H_reduced_size": [
        2136,
        2136
    ],
    "reduction": 99.1851806640625,
    "H_reduced_e": 1.2906948145070641e-11,
    "used_dense": false,
    "eigenvalue_time": "0:00:00.067538",
    "diff": null,
    "change_from_prev": 5.81948559481943e-10
}
[2026-02-22 14:58:54,642][INFO] [Run 0]
{
    "num_trotters": 2,
    "transpile_time": "0:00:00.272513",
    "circuit_cist": {
        "depth": 4706,
        "size": 9778,
        "num_2q_ops": 2389,
        "depth_2q": 1523,
        "count_ops": {
            "sx": 4002,
            "rz": 3178,
            "cz": 2389,
            "x": 191,
            "measure": 18,
            "barrier": 1
        }
    }
}
[2026-02-22 14:58:54,642][INFO] [Run 0] Running for Krylov dimension 5
[2026-02-22 14:58:54,959][INFO] [Run 0]
{
    "raw_unique_basis_states": 2926,
    "fermion_basis_rejected": 0,
    "kept_unique_basis_states": 2926,
    "fermion_shots_rejected": 0,
    "kept_shots": 100000
}
[2026-02-22 14:58:58,589][INFO] [Run 0]
{
    "D": 5,
    "t": 5.0,
    "num_trotter_steps": 2,
    "step_time": "0:00:03.946606",
    "H_reduce_time": "0:00:03.547325",
    "circuit_time": "0:00:00.312528",
    "shot_processing": {
        "raw_unique_basis_states": 2926,
        "fermion_basis_rejected": 0,
        "kept_unique_basis_states": 2926,
        "fermion_shots_rejected": 0,
        "kept_shots": 100000
    },
    "new_basis_count": 1410,
    "total_basis_count": 3546,
    "H_reduced_size": [
        3546,
        3546
    ],
    "reduction": 98.64730834960938,
    "H_reduced_e": 1.0534721437157476e-15,
    "used_dense": false,
    "eigenvalue_time": "0:00:00.085745",
    "diff": null,
    "change_from_prev": 1.2905894672926925e-11
}
[2026-02-22 14:58:58,590][INFO] [Run 0] Done
