[2025-08-20 15:47:39,515][INFO] Starting VQE run 0 (seed=102666117)
[2025-08-20 15:47:41,740][INFO] Iteration 1: Energy = 0.47980000
[2025-08-20 15:47:43,990][INFO] Iteration 2: Energy = 0.33800000
[2025-08-20 15:47:46,370][INFO] Iteration 3: Energy = 0.34100000
[2025-08-20 15:47:48,549][INFO] Iteration 4: Energy = 0.20610000
[2025-08-20 15:47:50,773][INFO] Iteration 5: Energy = 0.06330000
[2025-08-20 15:47:53,023][INFO] Iteration 6: Energy = 0.00800000
[2025-08-20 15:47:55,288][INFO] Iteration 7: Energy = 0.00960000
[2025-08-20 15:47:57,661][INFO] Iteration 8: Energy = 0.00690000
[2025-08-20 15:48:00,000][INFO] Iteration 9: Energy = 0.00830000
[2025-08-20 15:48:00,001][INFO] Completed VQE run 0: Energy = 0.006500
[2025-08-20 15:48:48,423][INFO] Starting VQE run 0 (seed=112593171)
[2025-08-20 15:48:50,483][INFO] Iteration 1: Energy = 0.96650000
[2025-08-20 15:48:52,744][INFO] Iteration 2: Energy = 0.02730000
[2025-08-20 15:48:55,039][INFO] Iteration 3: Energy = 0.02850000
[2025-08-20 15:48:57,601][INFO] Iteration 4: Energy = 0.00670000
[2025-08-20 15:48:59,889][INFO] Iteration 5: Energy = 0.00740000
[2025-08-20 15:49:02,148][INFO] Iteration 6: Energy = 0.00730000
[2025-08-20 15:49:04,426][INFO] Iteration 7: Energy = 0.00860000
[2025-08-20 15:49:06,737][INFO] Iteration 8: Energy = 0.00710000
[2025-08-20 15:49:08,980][INFO] Iteration 9: Energy = 0.00890000
[2025-08-20 15:49:11,238][INFO] Iteration 10: Energy = 0.00650000
[2025-08-20 15:49:11,239][INFO] Completed VQE run 0: Energy = 0.006800
[2025-08-20 15:50:06,661][INFO] Starting VQE run 0 (seed=81362097)
[2025-08-20 15:50:06,661][INFO] EstimatorOptions(_VERSION=2, max_execution_time=Unset, environment=EnvironmentOptions(log_level='WARNING', callback=None, job_tags=None, private=False), simulator=SimulatorOptions(noise_model=Unset, seed_simulator=Unset, coupling_map=Unset, basis_gates=Unset), default_precision=Unset, default_shots=10000, resilience_level=Unset, seed_estimator=Unset, dynamical_decoupling=DynamicalDecouplingOptions(enable=Unset, sequence_type=Unset, extra_slack_distribution=Unset, scheduling_method=Unset, skip_reset_qubits=Unset), resilience=ResilienceOptionsV2(measure_mitigation=Unset, measure_noise_learning=MeasureNoiseLearningOptions(num_randomizations=Unset, shots_per_randomization=Unset), zne_mitigation=Unset, zne=ZneOptions(amplifier=Unset, noise_factors=Unset, extrapolator=Unset, extrapolated_noise_factors=Unset), pec_mitigation=Unset, pec=PecOptions(max_overhead=Unset, noise_gain=Unset), layer_noise_learning=LayerNoiseLearningOptions(max_layers_to_learn=Unset, shots_per_randomization=Unset, num_randomizations=Unset, layer_pair_depths=Unset), layer_noise_model=Unset), execution=ExecutionOptionsV2(init_qubits=Unset, rep_delay=Unset), twirling=TwirlingOptions(enable_gates=Unset, enable_measure=Unset, num_randomizations=Unset, shots_per_randomization=Unset, strategy=Unset), experimental=Unset)
[2025-08-20 15:50:08,804][INFO] Iteration 1: Energy = 0.00820000
[2025-08-20 15:50:11,264][INFO] Iteration 2: Energy = 0.00660000
[2025-08-20 15:50:13,632][INFO] Iteration 3: Energy = 0.00770000
[2025-08-20 15:50:16,142][INFO] Iteration 4: Energy = 0.00880000
[2025-08-20 15:50:18,444][INFO] Iteration 5: Energy = 0.00820000
[2025-08-20 15:50:20,744][INFO] Iteration 6: Energy = 0.00790000
[2025-08-20 15:50:22,991][INFO] Iteration 7: Energy = 0.00920000
[2025-08-20 15:50:25,229][INFO] Iteration 8: Energy = 0.00910000
[2025-08-20 15:50:27,443][INFO] Iteration 9: Energy = 0.00660000
[2025-08-20 15:50:27,444][INFO] Completed VQE run 0: Energy = 0.007200
[2025-08-20 15:54:11,439][INFO] Starting VQE run 0 (seed=110421445)
[2025-08-20 15:54:11,440][INFO] EstimatorOptions(_VERSION=2, max_execution_time=Unset, environment=EnvironmentOptions(log_level='WARNING', callback=None, job_tags=None, private=False), simulator=SimulatorOptions(noise_model=<NoiseModel on ['measure', 'x', 'sx', 'reset', 'id', 'cz']>, seed_simulator=Unset, coupling_map=Unset, basis_gates=Unset), default_precision=Unset, default_shots=10000, resilience_level=Unset, seed_estimator=Unset, dynamical_decoupling=DynamicalDecouplingOptions(enable=Unset, sequence_type=Unset, extra_slack_distribution=Unset, scheduling_method=Unset, skip_reset_qubits=Unset), resilience=ResilienceOptionsV2(measure_mitigation=Unset, measure_noise_learning=MeasureNoiseLearningOptions(num_randomizations=Unset, shots_per_randomization=Unset), zne_mitigation=Unset, zne=ZneOptions(amplifier=Unset, noise_factors=Unset, extrapolator=Unset, extrapolated_noise_factors=Unset), pec_mitigation=Unset, pec=PecOptions(max_overhead=Unset, noise_gain=Unset), layer_noise_learning=LayerNoiseLearningOptions(max_layers_to_learn=Unset, shots_per_randomization=Unset, num_randomizations=Unset, layer_pair_depths=Unset), layer_noise_model=Unset), execution=ExecutionOptionsV2(init_qubits=Unset, rep_delay=Unset), twirling=TwirlingOptions(enable_gates=Unset, enable_measure=Unset, num_randomizations=Unset, shots_per_randomization=Unset, strategy=Unset), experimental=Unset)
[2025-08-20 15:54:20,050][INFO] Iteration 1: Energy = 0.00900000
[2025-08-20 15:54:29,144][INFO] Iteration 2: Energy = 0.00770000
[2025-08-20 15:54:38,381][INFO] Iteration 3: Energy = 0.00710000
[2025-08-20 15:54:48,080][INFO] Iteration 4: Energy = 0.00960000
[2025-08-20 15:54:57,691][INFO] Iteration 5: Energy = 0.00670000
[2025-08-20 15:55:06,827][INFO] Iteration 6: Energy = 0.00700000
[2025-08-20 15:55:16,613][INFO] Iteration 7: Energy = 0.00770000
[2025-08-20 15:55:25,449][INFO] Iteration 8: Energy = 0.00800000
[2025-08-20 15:55:35,243][INFO] Iteration 9: Energy = 0.00850000
[2025-08-20 15:55:35,245][INFO] Completed VQE run 0: Energy = 0.006900
[2025-08-20 15:56:05,629][INFO] Starting VQE run 0 (seed=91570124)
[2025-08-20 15:56:05,629][INFO] EstimatorOptions(_VERSION=2, max_execution_time=Unset, environment=EnvironmentOptions(log_level='WARNING', callback=None, job_tags=None, private=False), simulator=SimulatorOptions(noise_model=Unset, seed_simulator=Unset, coupling_map=Unset, basis_gates=Unset), default_precision=Unset, default_shots=10000, resilience_level=2, seed_estimator=Unset, dynamical_decoupling=DynamicalDecouplingOptions(enable=Unset, sequence_type=Unset, extra_slack_distribution=Unset, scheduling_method=Unset, skip_reset_qubits=Unset), resilience=ResilienceOptionsV2(measure_mitigation=Unset, measure_noise_learning=MeasureNoiseLearningOptions(num_randomizations=Unset, shots_per_randomization=Unset), zne_mitigation=Unset, zne=ZneOptions(amplifier=Unset, noise_factors=Unset, extrapolator=Unset, extrapolated_noise_factors=Unset), pec_mitigation=Unset, pec=PecOptions(max_overhead=Unset, noise_gain=Unset), layer_noise_learning=LayerNoiseLearningOptions(max_layers_to_learn=Unset, shots_per_randomization=Unset, num_randomizations=Unset, layer_pair_depths=Unset), layer_noise_model=Unset), execution=ExecutionOptionsV2(init_qubits=Unset, rep_delay=Unset), twirling=TwirlingOptions(enable_gates=Unset, enable_measure=Unset, num_randomizations=Unset, shots_per_randomization=Unset, strategy=Unset), experimental=Unset)
[2025-08-20 15:56:07,781][INFO] Iteration 1: Energy = 0.89970000
[2025-08-20 15:56:09,996][INFO] Iteration 2: Energy = 0.34650000
[2025-08-20 15:56:12,214][INFO] Iteration 3: Energy = 0.00760000
[2025-08-20 15:56:14,568][INFO] Iteration 4: Energy = 0.00620000
[2025-08-20 15:56:16,937][INFO] Iteration 5: Energy = 0.00860000
[2025-08-20 15:56:19,299][INFO] Iteration 6: Energy = 0.00800000
[2025-08-20 15:56:21,582][INFO] Iteration 7: Energy = 0.00600000
[2025-08-20 15:56:23,904][INFO] Iteration 8: Energy = 0.00750000
[2025-08-20 15:56:26,277][INFO] Iteration 9: Energy = 0.00950000
[2025-08-20 15:56:28,490][INFO] Iteration 10: Energy = 0.00690000
[2025-08-20 15:56:28,492][INFO] Completed VQE run 0: Energy = 0.005300
[2025-08-21 12:11:38,862][INFO] Starting VQE run 0 (seed=40615529)
[2025-08-21 12:11:38,862][INFO] EstimatorOptions(_VERSION=2, max_execution_time=Unset, environment=EnvironmentOptions(log_level='WARNING', callback=None, job_tags=None, private=False), simulator=SimulatorOptions(noise_model=Unset, seed_simulator=Unset, coupling_map=Unset, basis_gates=Unset), default_precision=Unset, default_shots=10000, resilience_level=Unset, seed_estimator=Unset, dynamical_decoupling=DynamicalDecouplingOptions(enable=Unset, sequence_type=Unset, extra_slack_distribution=Unset, scheduling_method=Unset, skip_reset_qubits=Unset), resilience=ResilienceOptionsV2(measure_mitigation=Unset, measure_noise_learning=MeasureNoiseLearningOptions(num_randomizations=Unset, shots_per_randomization=Unset), zne_mitigation=Unset, zne=ZneOptions(amplifier=Unset, noise_factors=Unset, extrapolator=Unset, extrapolated_noise_factors=Unset), pec_mitigation=Unset, pec=PecOptions(max_overhead=Unset, noise_gain=Unset), layer_noise_learning=LayerNoiseLearningOptions(max_layers_to_learn=Unset, shots_per_randomization=Unset, num_randomizations=Unset, layer_pair_depths=Unset), layer_noise_model=Unset), execution=ExecutionOptionsV2(init_qubits=Unset, rep_delay=Unset), twirling=TwirlingOptions(enable_gates=Unset, enable_measure=Unset, num_randomizations=Unset, shots_per_randomization=Unset, strategy=Unset), experimental=Unset)
[2025-08-21 12:11:38,939][INFO] Iteration 1: Energy = 0.90400000
[2025-08-21 12:11:38,998][INFO] Iteration 2: Energy = 0.00000000
[2025-08-21 12:11:39,060][INFO] Iteration 3: Energy = 0.35020000
[2025-08-21 12:11:39,131][INFO] Iteration 4: Energy = 0.01590000
[2025-08-21 12:11:39,199][INFO] Iteration 5: Energy = 0.00380000
[2025-08-21 12:11:39,269][INFO] Iteration 6: Energy = 0.00010000
[2025-08-21 12:11:39,342][INFO] Iteration 7: Energy = 0.00010000
[2025-08-21 12:11:39,414][INFO] Iteration 8: Energy = 0.00000000
[2025-08-21 12:11:39,483][INFO] Iteration 9: Energy = 0.00000000
[2025-08-21 12:11:39,554][INFO] Iteration 10: Energy = 0.00000000
[2025-08-21 12:11:39,558][INFO] Completed VQE run 0: Energy = 0.000000
