[2025-11-21 11:19:29,052][INFO] {
    "backend": "Aer",
    "use_noise_model": 0,
    "Potential": "AHO",
    "cutoff": 8,
    "num_qubits": 4,
    "num_params": 3,
    "shots": null,
    "lam": 15,
    "p": 2,
    "eps": 0.0625,
    "num_vqe_runs": 1,
    "max_iter": 200,
    "initial_tr_radius": 0.3,
    "final_tr_radius": 1e-08,
    "ansatz_name": "CQAVQE_AHO8_exact",
    "path": "C:\\Users\\Johnk\\Documents\\PhD\\Quantum Computing Code\\Quantum-Computing\\SUSY\\SUSY QM\\Qiskit\\NQCC Access\\Q4_2025\\Files\\Aer\\None\\AHO\\2025-11-21_11-19-29",
    "tags": [
        "NQCC-Q3",
        "CQAVQE_AHO8_exact",
        "shots:None"
    ],
    "seed": 115347088
}
[2025-11-21 11:19:29,052][INFO] Starting VQE run 1 (seed=115347088)
[2025-11-21 11:19:29,052][INFO] Session ID: None
[2025-11-21 11:19:29,052][INFO] {
    "default_precision": 0.0,
    "backend_options": {
        "method": "automatic",
        "noise_model": null,
        "seed_simulator": 115347088
    },
    "run_options": {
        "shots": null
    }
}
[2025-11-21 11:19:29,066][INFO] Iteration 1: Energy = 13.43595429
[2025-11-21 11:19:29,070][INFO] Iteration 2: Energy = 13.33225831
[2025-11-21 11:19:29,073][INFO] Iteration 3: Energy = 8.78882467
[2025-11-21 11:19:29,076][INFO] Iteration 4: Energy = 13.43595429
[2025-11-21 11:19:29,080][INFO] Iteration 5: Energy = 14.82906208
[2025-11-21 11:19:29,084][INFO] Iteration 6: Energy = 18.36659209
[2025-11-21 11:19:29,087][INFO] Iteration 7: Energy = 13.43595429
[2025-11-21 11:19:29,091][INFO] Iteration 8: Energy = 4.44586271
[2025-11-21 11:19:29,096][INFO] Iteration 9: Energy = 0.55248105
[2025-11-21 11:19:29,100][INFO] Iteration 10: Energy = 5.90365618
[2025-11-21 11:19:29,104][INFO] Iteration 11: Energy = 2.50635367
[2025-11-21 11:19:29,108][INFO] Iteration 12: Energy = 0.10483011
[2025-11-21 11:19:29,112][INFO] Iteration 13: Energy = 0.09221403
[2025-11-21 11:19:29,116][INFO] Iteration 14: Energy = 1.52275548
[2025-11-21 11:19:29,120][INFO] Iteration 15: Energy = 0.05481482
[2025-11-21 11:19:29,124][INFO] Iteration 16: Energy = 1.89119016
[2025-11-21 11:19:29,129][INFO] Iteration 17: Energy = 0.04811630
[2025-11-21 11:19:29,134][INFO] Iteration 18: Energy = 0.04590914
[2025-11-21 11:19:29,138][INFO] Iteration 19: Energy = 0.04579015
[2025-11-21 11:19:29,142][INFO] Iteration 20: Energy = 0.11123042
[2025-11-21 11:19:29,146][INFO] Iteration 21: Energy = 0.04376189
[2025-11-21 11:19:29,150][INFO] Iteration 22: Energy = 0.04506319
[2025-11-21 11:19:29,154][INFO] Iteration 23: Energy = 0.04670402
[2025-11-21 11:19:29,158][INFO] Iteration 24: Energy = 0.04303437
[2025-11-21 11:19:29,162][INFO] Iteration 25: Energy = 0.05830515
[2025-11-21 11:19:29,166][INFO] Iteration 26: Energy = 0.04399132
[2025-11-21 11:19:29,170][INFO] Iteration 27: Energy = 0.04193565
[2025-11-21 11:19:29,175][INFO] Iteration 28: Energy = 0.04258526
[2025-11-21 11:19:29,179][INFO] Iteration 29: Energy = 0.04186738
[2025-11-21 11:19:29,183][INFO] Iteration 30: Energy = 0.06344706
[2025-11-21 11:19:29,187][INFO] Iteration 31: Energy = 0.04183263
[2025-11-21 11:19:29,191][INFO] Iteration 32: Energy = 0.04408759
[2025-11-21 11:19:29,195][INFO] Iteration 33: Energy = 0.04164733
[2025-11-21 11:19:29,199][INFO] Iteration 34: Energy = 0.04167674
[2025-11-21 11:19:29,203][INFO] Iteration 35: Energy = 0.04238936
[2025-11-21 11:19:29,207][INFO] Iteration 36: Energy = 0.04161018
[2025-11-21 11:19:29,211][INFO] Iteration 37: Energy = 0.04161367
[2025-11-21 11:19:29,215][INFO] Iteration 38: Energy = 0.04174207
[2025-11-21 11:19:29,219][INFO] Iteration 39: Energy = 0.04160441
[2025-11-21 11:19:29,223][INFO] Iteration 40: Energy = 0.04177826
[2025-11-21 11:19:29,227][INFO] Iteration 41: Energy = 0.04167890
[2025-11-21 11:19:29,232][INFO] Iteration 42: Energy = 0.04162955
[2025-11-21 11:19:29,236][INFO] Iteration 43: Energy = 0.04160407
[2025-11-21 11:19:29,240][INFO] Iteration 44: Energy = 0.04160510
[2025-11-21 11:19:29,244][INFO] Iteration 45: Energy = 0.04160493
[2025-11-21 11:19:29,248][INFO] Iteration 46: Energy = 0.04160410
[2025-11-21 11:19:29,252][INFO] Iteration 47: Energy = 0.04160478
[2025-11-21 11:19:29,256][INFO] Iteration 48: Energy = 0.04160413
[2025-11-21 11:19:29,261][INFO] Iteration 49: Energy = 0.04160408
[2025-11-21 11:19:29,265][INFO] Iteration 50: Energy = 0.04160415
[2025-11-21 11:19:29,269][INFO] Iteration 51: Energy = 0.04160406
[2025-11-21 11:19:29,273][INFO] Iteration 52: Energy = 0.04160406
[2025-11-21 11:19:29,277][INFO] Iteration 53: Energy = 0.04160406
[2025-11-21 11:19:29,281][INFO] Iteration 54: Energy = 0.04160408
[2025-11-21 11:19:29,285][INFO] Iteration 55: Energy = 0.04160406
[2025-11-21 11:19:29,289][INFO] Iteration 56: Energy = 0.04160406
[2025-11-21 11:19:29,293][INFO] Iteration 57: Energy = 0.04160408
[2025-11-21 11:19:29,297][INFO] Iteration 58: Energy = 0.04160407
[2025-11-21 11:19:29,301][INFO] Iteration 59: Energy = 0.04160407
[2025-11-21 11:19:29,305][INFO] Iteration 60: Energy = 0.04160406
[2025-11-21 11:19:29,309][INFO] Iteration 61: Energy = 0.04160406
[2025-11-21 11:19:29,313][INFO] Iteration 62: Energy = 0.04160406
[2025-11-21 11:19:29,317][INFO] Iteration 63: Energy = 0.04160406
[2025-11-21 11:19:29,321][INFO] Iteration 64: Energy = 0.04160406
[2025-11-21 11:19:29,325][INFO] Iteration 65: Energy = 0.04160406
[2025-11-21 11:19:29,329][INFO] Iteration 66: Energy = 0.04160406
[2025-11-21 11:19:29,333][INFO] Iteration 67: Energy = 0.04160406
[2025-11-21 11:19:29,337][INFO] Iteration 68: Energy = 0.04160406
[2025-11-21 11:19:29,341][INFO] Iteration 69: Energy = 0.04160406
[2025-11-21 11:19:29,345][INFO] Iteration 70: Energy = 0.04160406
[2025-11-21 11:19:29,349][INFO] Iteration 71: Energy = 0.04160406
[2025-11-21 11:19:29,353][INFO] Iteration 72: Energy = 0.04160406
[2025-11-21 11:19:29,357][INFO] Iteration 73: Energy = 0.04160406
[2025-11-21 11:19:29,361][INFO] Iteration 74: Energy = 0.04160406
[2025-11-21 11:19:29,365][INFO] Iteration 75: Energy = 0.04160406
[2025-11-21 11:19:29,369][INFO] Iteration 76: Energy = 0.04160406
[2025-11-21 11:19:29,373][INFO] Iteration 77: Energy = 0.04160406
[2025-11-21 11:19:29,378][INFO] Iteration 78: Energy = 0.04160406
[2025-11-21 11:19:29,382][INFO] Iteration 79: Energy = 0.04160406
[2025-11-21 11:19:29,386][INFO] Iteration 80: Energy = 0.04160406
[2025-11-21 11:19:29,390][INFO] Iteration 81: Energy = 0.04160406
[2025-11-21 11:19:29,394][INFO] Iteration 82: Energy = 0.04160406
[2025-11-21 11:19:29,398][INFO] Iteration 83: Energy = 0.04160406
[2025-11-21 11:19:29,402][INFO] Iteration 84: Energy = 0.04160406
[2025-11-21 11:19:29,407][INFO] Iteration 85: Energy = 0.04160406
[2025-11-21 11:19:29,411][INFO] Iteration 86: Energy = 0.04160406
[2025-11-21 11:19:29,415][INFO] Iteration 87: Energy = 0.04160406
[2025-11-21 11:19:29,419][INFO] Iteration 88: Energy = 0.04160406
[2025-11-21 11:19:29,423][INFO] Iteration 89: Energy = 0.04160406
[2025-11-21 11:19:29,427][INFO] Iteration 90: Energy = 0.04160406
[2025-11-21 11:19:29,431][INFO] Iteration 91: Energy = 0.04160406
[2025-11-21 11:19:29,432][INFO] Completed VQE run 1: Energy = 0.041604
[2025-11-21 11:19:29,433][INFO] optimizer message: The lower bound for the trust-region radius has been reached
[2025-11-21 11:19:29,433][INFO] {
    "seed": 115347088,
    "session_id": null,
    "energy": 0.04160405950958612,
    "params": [
        0.11158142671796857,
        5.820823599521936,
        2.4382000265070833
    ],
    "success": "True",
    "num_iters": 91,
    "run_time": "0:00:00.381668"
}
