[2025-08-05 11:59:18,137][INFO] Starting VQE run 6 (seed=25368366)
[2025-08-05 11:59:18,445][INFO] Adding RY(0.0, wires=[3]) increased overlap from 0.0 to 0.9486059932410416
[2025-08-05 11:59:18,979][INFO] Adding RY(0.0, wires=[2]) had small change in overlap from 0.9486059932410416 to 0.9477443503213614
[2025-08-05 11:59:19,944][INFO] Adding RY(0.0, wires=[4]) increased overlap from 0.9477443503213614 to 0.9950868908764748
[2025-08-05 11:59:21,454][INFO] Adding CRY(0.0, wires=[4, 3])) increased overlap from 0.9950868908764748 to 0.9986714492179504
[2025-08-05 11:59:23,445][INFO] Adding CRY(0.0, wires=[4, 2])) had small change in overlap from 0.9986714492179504 to 0.9982540085795555
[2025-08-05 11:59:26,598][INFO] Adding RY(0.0, wires=[1]) had small change in overlap from 0.9982540085795555 to 0.9950918061696401
[2025-08-05 11:59:30,498][INFO] Adding CRY(0.0, wires=[3, 4])) increased overlap from 0.9950918061696401 to 0.9962402443581093
[2025-08-05 11:59:39,034][INFO] Adding CRY(0.0, wires=[0, 2])) increased overlap from 0.9962402443581093 to 0.9995256576514022
[2025-08-05 11:59:49,586][INFO] Adding CRY(0.0, wires=[4, 1])) had small change in overlap from 0.9995256576514022 to 0.9981701595243175
[2025-08-05 12:00:02,219][INFO] Adding CRY(0.0, wires=[0, 1])) increased overlap from 0.9981701595243175 to 0.9986848612889389
[2025-08-05 12:00:19,181][INFO] Adding CRY(0.0, wires=[3, 2])) increased overlap from 0.9986848612889389 to 0.999393514042951
[2025-08-05 12:00:41,792][INFO] Adding CRY(0.0, wires=[2, 3])) increased overlap from 0.999393514042951 to 0.9999747939227573
[2025-08-05 12:01:06,183][INFO] Adding CRY(0.0, wires=[3, 1])) had small change in overlap from 0.9999747939227573 to 0.9940657967959635
[2025-08-05 12:01:34,237][INFO] Adding CRY(0.0, wires=[0, 3])) increased overlap from 0.9940657967959635 to 0.9988679848023855
[2025-08-05 12:02:23,613][INFO] Adding RY(0.0, wires=[2]) had small change in overlap from 0.9988679848023855 to 0.9987893693098402
[2025-08-05 12:02:48,647][INFO] Adding RY(0.0, wires=[1]) decreased overlap from 0.9987893693098402 to 0.9515534167611438.. skipping this gate
[2025-08-05 12:02:48,647][INFO] gradient converged
[2025-08-05 12:02:48,647][INFO] Completed VQE run 15
[2025-08-05 12:02:48,647][INFO] Final ops list: [{'name': 'RY', 'param': 5.31627622733279, 'wires': [3]}, {'name': 'RY', 'param': 6.271303780448844, 'wires': [2]}, {'name': 'RY', 'param': 4.156528033620931, 'wires': [4]}, {'name': 'CRY', 'param': 4.367282015283846, 'wires': [4, 3]}, {'name': 'CRY', 'param': 0.0, 'wires': [4, 2]}, {'name': 'RY', 'param': 6.283185307179586, 'wires': [1]}, {'name': 'CRY', 'param': 4.066594214907827, 'wires': [3, 4]}, {'name': 'CRY', 'param': 6.271303227489502, 'wires': [0, 2]}, {'name': 'CRY', 'param': 6.28142808702947, 'wires': [4, 1]}, {'name': 'CRY', 'param': 6.283185307179586, 'wires': [0, 1]}, {'name': 'CRY', 'param': 6.283185307179586, 'wires': [3, 2]}, {'name': 'CRY', 'param': 0.1770897542945863, 'wires': [2, 3]}, {'name': 'CRY', 'param': 6.282802076616185, 'wires': [3, 1]}, {'name': 'CRY', 'param': 4.111541243127107, 'wires': [0, 3]}, {'name': 'RY', 'param': 8.360107682460034e-05, 'wires': [2]}]
[2025-08-05 12:02:48,647][INFO] Energy: 0.017404286235764233
