[2025-08-05 11:59:18,198][INFO] Starting VQE run 68 (seed=32213853)
[2025-08-05 11:59:18,838][INFO] Adding RY(0.0, wires=[3]) increased overlap from 0.0 to 0.948605996533394
[2025-08-05 11:59:19,269][INFO] Adding RY(0.0, wires=[2]) had small change in overlap from 0.948605996533394 to 0.9477443525697575
[2025-08-05 11:59:19,901][INFO] Adding RY(0.0, wires=[4]) increased overlap from 0.9477443525697575 to 0.9950868750809384
[2025-08-05 11:59:21,128][INFO] Adding CRY(0.0, wires=[4, 3])) increased overlap from 0.9950868750809384 to 0.9986713370986027
[2025-08-05 11:59:23,789][INFO] Adding CRY(0.0, wires=[4, 2])) had small change in overlap from 0.9986713370986027 to 0.9958691860748813
[2025-08-05 11:59:27,719][INFO] Adding CRY(0.0, wires=[0, 2])) increased overlap from 0.9958691860748813 to 0.9982540103890359
[2025-08-05 11:59:33,418][INFO] Adding RY(0.0, wires=[1]) increased overlap from 0.9982540103890359 to 0.9986848662641467
[2025-08-05 11:59:40,881][INFO] Adding CRY(0.0, wires=[3, 2])) increased overlap from 0.9986848662641467 to 0.998750973156174
[2025-08-05 11:59:48,512][INFO] Adding CRY(0.0, wires=[4, 1])) had small change in overlap from 0.998750973156174 to 0.9982730942606012
[2025-08-05 11:59:56,654][INFO] Adding CRY(0.0, wires=[0, 3])) increased overlap from 0.9982730942606012 to 0.9986713674088208
[2025-08-05 12:00:16,626][INFO] Adding CRY(0.0, wires=[0, 1])) had small change in overlap from 0.9986713674088208 to 0.9951187993161174
[2025-08-05 12:00:39,223][INFO] Adding CRY(0.0, wires=[3, 4])) increased overlap from 0.9951187993161174 to 0.9995265365921777
[2025-08-05 12:01:06,459][INFO] Adding RY(0.0, wires=[3]) increased overlap from 0.9995265365921777 to 0.9995728490928735
[2025-08-05 12:01:33,757][INFO] Adding CRY(0.0, wires=[3, 1])) had small change in overlap from 0.9995728490928735 to 0.9987509870438254
[2025-08-05 12:02:02,142][INFO] Adding RY(0.0, wires=[3]) increased overlap from 0.9987509870438254 to 0.9999744838089675
[2025-08-05 12:02:27,352][INFO] Adding CRY(0.0, wires=[2, 1])) decreased overlap from 0.9999744838089675 to 0.9515534167611438.. skipping this gate
[2025-08-05 12:02:27,352][INFO] gradient converged
[2025-08-05 12:02:27,352][INFO] Completed VQE run 15
[2025-08-05 12:02:27,352][INFO] Final ops list: [{'name': 'RY', 'param': 5.408556434806482, 'wires': [3]}, {'name': 'RY', 'param': 5.412462997940164, 'wires': [2]}, {'name': 'RY', 'param': 0.04103479355191672, 'wires': [4]}, {'name': 'CRY', 'param': 5.553898991424588, 'wires': [4, 3]}, {'name': 'CRY', 'param': 4.576848926463926, 'wires': [4, 2]}, {'name': 'CRY', 'param': 0.811472385218703, 'wires': [0, 2]}, {'name': 'RY', 'param': 1.689259657649291, 'wires': [1]}, {'name': 'CRY', 'param': 6.229110233116901, 'wires': [3, 2]}, {'name': 'CRY', 'param': 6.283185307179586, 'wires': [4, 1]}, {'name': 'CRY', 'param': 2.6255260267068152, 'wires': [0, 3]}, {'name': 'CRY', 'param': 4.590372436665797, 'wires': [0, 1]}, {'name': 'CRY', 'param': 5.863160480629366, 'wires': [3, 4]}, {'name': 'RY', 'param': 3.612081130193682, 'wires': [3]}, {'name': 'CRY', 'param': 6.280975854043659, 'wires': [3, 1]}, {'name': 'RY', 'param': 0.14511625271174708, 'wires': [3]}]
[2025-08-05 12:02:27,352][INFO] Energy: 0.0005643198124847853
