[2025-10-03 13:18:14,932][INFO] Running VQE using ibm_kingston backend
[2025-10-03 13:18:14,932][INFO] Running VQE using CQAVQE_QHO_exact ansatz with 1 params
[2025-10-03 13:18:15,932][INFO] Starting VQE run 1 (seed=46782835)
[2025-10-03 13:18:16,746][INFO] Session ID: 3b07589d-fcbc-4345-a456-67db9f31420a
[2025-10-03 13:18:16,747][INFO] EstimatorOptions(_VERSION=2, max_execution_time=Unset, environment=EnvironmentOptions(log_level='WARNING', callback=None, job_tags=None, private=False), simulator=SimulatorOptions(noise_model=Unset, seed_simulator=Unset, coupling_map=Unset, basis_gates=Unset), default_precision=Unset, default_shots=4096, resilience_level=0, seed_estimator=Unset, dynamical_decoupling=DynamicalDecouplingOptions(enable=Unset, sequence_type=Unset, extra_slack_distribution=Unset, scheduling_method=Unset, skip_reset_qubits=Unset), resilience=ResilienceOptionsV2(measure_mitigation=Unset, measure_noise_learning=MeasureNoiseLearningOptions(num_randomizations=Unset, shots_per_randomization=Unset), zne_mitigation=Unset, zne=ZneOptions(amplifier=Unset, noise_factors=Unset, extrapolator=Unset, extrapolated_noise_factors=Unset), pec_mitigation=Unset, pec=PecOptions(max_overhead=Unset, noise_gain=Unset), layer_noise_learning=LayerNoiseLearningOptions(max_layers_to_learn=Unset, shots_per_randomization=Unset, num_randomizations=Unset, layer_pair_depths=Unset), layer_noise_model=Unset), execution=ExecutionOptionsV2(init_qubits=Unset, rep_delay=Unset), twirling=TwirlingOptions(enable_gates=Unset, enable_measure=Unset, num_randomizations=Unset, shots_per_randomization=Unset, strategy=Unset), experimental=Unset)
[2025-10-03 13:42:13,687][INFO] Iteration 1: Energy = 0.07495117
[2025-10-03 13:42:21,120][INFO] Iteration 2: Energy = 0.24902344
[2025-10-03 13:42:28,235][INFO] Iteration 3: Energy = 0.70092773
[2025-10-03 13:42:36,448][INFO] Iteration 4: Energy = 0.06542969
[2025-10-03 13:42:43,638][INFO] Iteration 5: Energy = 0.06567383
[2025-10-03 13:42:50,648][INFO] Iteration 6: Energy = 0.06909180
[2025-10-03 13:42:57,512][INFO] Iteration 7: Energy = 0.05200195
[2025-10-03 13:43:04,651][INFO] Iteration 8: Energy = 0.06274414
[2025-10-03 13:43:11,939][INFO] Iteration 9: Energy = 0.06274414
[2025-10-03 13:43:19,422][INFO] Iteration 10: Energy = 0.06396484
[2025-10-03 13:43:26,967][INFO] Iteration 11: Energy = 0.05810547
[2025-10-03 13:43:34,273][INFO] Iteration 12: Energy = 0.06274414
[2025-10-03 13:43:41,219][INFO] Iteration 13: Energy = 0.05566406
[2025-10-03 13:43:48,841][INFO] Iteration 14: Energy = 0.06079102
[2025-10-03 13:43:55,947][INFO] Iteration 15: Energy = 0.05566406
[2025-10-03 13:44:03,359][INFO] Iteration 16: Energy = 0.05590820
[2025-10-03 13:44:10,404][INFO] Iteration 17: Energy = 0.06347656
[2025-10-03 13:44:17,537][INFO] Iteration 18: Energy = 0.05444336
[2025-10-03 13:44:24,208][INFO] Iteration 19: Energy = 0.06103516
[2025-10-03 13:44:31,455][INFO] Iteration 20: Energy = 0.05932617
[2025-10-03 13:44:39,105][INFO] Iteration 21: Energy = 0.06591797
[2025-10-03 13:44:46,337][INFO] Iteration 22: Energy = 0.06787109
[2025-10-03 13:44:53,804][INFO] Iteration 23: Energy = 0.06982422
[2025-10-03 13:45:00,990][INFO] Iteration 24: Energy = 0.05957031
[2025-10-03 13:45:08,529][INFO] Iteration 25: Energy = 0.05957031
[2025-10-03 13:45:16,014][INFO] Iteration 26: Energy = 0.06909180
[2025-10-03 13:45:23,132][INFO] Iteration 27: Energy = 0.06127930
[2025-10-03 13:45:30,067][INFO] Iteration 28: Energy = 0.05419922
[2025-10-03 13:45:30,495][INFO] Completed VQE run 1: Energy = 0.052002
[2025-10-03 13:45:30,495][INFO] {'seed': 46782835, 'energy': np.float64(0.05200195312500011), 'params': [0.07068583470577039], 'success': np.True_, 'num_iters': 28, 'run_time': datetime.timedelta(seconds=1635, microseconds=566718), 'message': 'The lower bound for the trust-region radius has been reached'}
