[2026-02-13 10:56:42,464][INFO] Running VQE for linear potential and cutoff 16
[2026-02-13 10:56:42,467][INFO] Truncation: {'m': 212, 'n': 2211, 'keep_frac_terms': 0.09588421528720036, 'keep_ratio': 0.999, 'truncated': 1.377312853455578, 'total_weight': 1381.999999999984}
[2026-02-13 10:56:42,490][INFO] min_eigenvalue: 3.9321294598410086e-15
[2026-02-13 10:56:46,877][INFO] []
[2026-02-13 10:56:46,878][INFO] [Run 6] Running for Krylov dimension 1
[2026-02-13 10:56:48,086][INFO] [Run 6]
{
    "raw_unique_basis_states": 4337,
    "fermion_basis_rejected": 0,
    "kept_unique_basis_states": 4337,
    "fermion_shots_rejected": 0,
    "kept_shots": 100000
}
[2026-02-13 10:57:06,134][INFO] [Run 6]
{
    "D": 1,
    "t": 1.0,
    "num_trotter_steps": 1,
    "circuit_time": "0:00:01.124364",
    "shot_processing": {
        "raw_unique_basis_states": 4337,
        "fermion_basis_rejected": 0,
        "kept_unique_basis_states": 4337,
        "fermion_shots_rejected": 0,
        "kept_shots": 100000
    },
    "new_basis_count": 4337,
    "total_basis_count": 4337,
    "H_reduced_size": [
        4337,
        4337
    ],
    "reduction": 99.58639144897461,
    "H_reduced_e": 0.00026268886955015255,
    "used_dense": false,
    "eigenvalue_time": "0:00:00.028102",
    "diff": 0.0002626888695462204,
    "change_from_prev": null,
    "circuit_cost": {
        "depth": 826,
        "size": 2758,
        "num_2q_ops": 647,
        "depth_2q": 273,
        "count_ops": {
            "rz": 960,
            "sx": 912,
            "cz": 647,
            "x": 219,
            "measure": 20,
            "barrier": 1
        }
    }
}
[2026-02-13 10:57:06,134][INFO] [Run 6] Running for Krylov dimension 2
[2026-02-13 10:57:07,282][INFO] [Run 6]
{
    "raw_unique_basis_states": 17257,
    "fermion_basis_rejected": 0,
    "kept_unique_basis_states": 17257,
    "fermion_shots_rejected": 0,
    "kept_shots": 100000
}
[2026-02-13 10:58:32,931][INFO] [Run 6]
{
    "D": 2,
    "t": 2.0,
    "num_trotter_steps": 1,
    "circuit_time": "0:00:01.056684",
    "shot_processing": {
        "raw_unique_basis_states": 17257,
        "fermion_basis_rejected": 0,
        "kept_unique_basis_states": 17257,
        "fermion_shots_rejected": 0,
        "kept_shots": 100000
    },
    "new_basis_count": 14591,
    "total_basis_count": 18928,
    "H_reduced_size": [
        18928,
        18928
    ],
    "reduction": 98.19488525390625,
    "H_reduced_e": 0.0002604400365442356,
    "used_dense": false,
    "eigenvalue_time": "0:00:00.169699",
    "diff": 0.00026044003654030346,
    "change_from_prev": 2.2488330059169536e-06,
    "circuit_cost": {
        "depth": 819,
        "size": 2742,
        "num_2q_ops": 647,
        "depth_2q": 273,
        "count_ops": {
            "rz": 952,
            "sx": 912,
            "cz": 647,
            "x": 211,
            "measure": 20,
            "barrier": 1
        }
    }
}
[2026-02-13 10:58:32,931][INFO] [Run 6] Running for Krylov dimension 3
[2026-02-13 10:58:33,993][INFO] [Run 6]
{
    "raw_unique_basis_states": 4120,
    "fermion_basis_rejected": 0,
    "kept_unique_basis_states": 4120,
    "fermion_shots_rejected": 0,
    "kept_shots": 100000
}
[2026-02-13 11:00:08,695][INFO] [Run 6]
{
    "D": 3,
    "t": 3.0,
    "num_trotter_steps": 1,
    "circuit_time": "0:00:00.990051",
    "shot_processing": {
        "raw_unique_basis_states": 4120,
        "fermion_basis_rejected": 0,
        "kept_unique_basis_states": 4120,
        "fermion_shots_rejected": 0,
        "kept_shots": 100000
    },
    "new_basis_count": 1928,
    "total_basis_count": 20856,
    "H_reduced_size": [
        20856,
        20856
    ],
    "reduction": 98.01101684570312,
    "H_reduced_e": 0.0002604400232837413,
    "used_dense": false,
    "eigenvalue_time": "0:00:00.189756",
    "diff": 0.00026044002327980914,
    "change_from_prev": 1.326049431935386e-11,
    "circuit_cost": {
        "depth": 819,
        "size": 2744,
        "num_2q_ops": 647,
        "depth_2q": 273,
        "count_ops": {
            "rz": 956,
            "sx": 912,
            "cz": 647,
            "x": 209,
            "measure": 20,
            "barrier": 1
        }
    }
}
[2026-02-13 11:00:08,695][INFO] [Run 6] Running for Krylov dimension 4
[2026-02-13 11:00:09,801][INFO] [Run 6]
{
    "raw_unique_basis_states": 15311,
    "fermion_basis_rejected": 0,
    "kept_unique_basis_states": 15311,
    "fermion_shots_rejected": 0,
    "kept_shots": 100000
}
[2026-02-13 11:02:21,465][INFO] [Run 6]
{
    "D": 4,
    "t": 4.0,
    "num_trotter_steps": 1,
    "circuit_time": "0:00:01.016551",
    "shot_processing": {
        "raw_unique_basis_states": 15311,
        "fermion_basis_rejected": 0,
        "kept_unique_basis_states": 15311,
        "fermion_shots_rejected": 0,
        "kept_shots": 100000
    },
    "new_basis_count": 6835,
    "total_basis_count": 27691,
    "H_reduced_size": [
        27691,
        27691
    ],
    "reduction": 97.35918045043945,
    "H_reduced_e": 0.00026043944408028335,
    "used_dense": false,
    "eigenvalue_time": "0:00:00.291249",
    "diff": 0.0002604394440763512,
    "change_from_prev": 5.792034579277065e-10,
    "circuit_cost": {
        "depth": 826,
        "size": 2756,
        "num_2q_ops": 647,
        "depth_2q": 273,
        "count_ops": {
            "rz": 961,
            "sx": 912,
            "cz": 647,
            "x": 216,
            "measure": 20,
            "barrier": 1
        }
    }
}
[2026-02-13 11:02:21,465][INFO] [Run 6] Running for Krylov dimension 5
[2026-02-13 11:02:23,443][INFO] [Run 6]
{
    "raw_unique_basis_states": 10313,
    "fermion_basis_rejected": 0,
    "kept_unique_basis_states": 10313,
    "fermion_shots_rejected": 0,
    "kept_shots": 100000
}
[2026-02-13 11:05:00,927][INFO] [Run 6]
{
    "D": 5,
    "t": 2.5,
    "num_trotter_steps": 2,
    "circuit_time": "0:00:01.846898",
    "shot_processing": {
        "raw_unique_basis_states": 10313,
        "fermion_basis_rejected": 0,
        "kept_unique_basis_states": 10313,
        "fermion_shots_rejected": 0,
        "kept_shots": 100000
    },
    "new_basis_count": 4662,
    "total_basis_count": 32353,
    "H_reduced_size": [
        32353,
        32353
    ],
    "reduction": 96.91457748413086,
    "H_reduced_e": 0.00026006672561203225,
    "used_dense": false,
    "eigenvalue_time": "0:00:00.376589",
    "diff": 0.0002600667256081001,
    "change_from_prev": 3.7271846825109563e-07,
    "circuit_cost": {
        "depth": 1640,
        "size": 5488,
        "num_2q_ops": 1294,
        "depth_2q": 544,
        "count_ops": {
            "rz": 1917,
            "sx": 1823,
            "cz": 1294,
            "x": 434,
            "measure": 20,
            "barrier": 1
        }
    }
}
[2026-02-13 11:05:00,928][INFO] [Run 6] Running for Krylov dimension 6
[2026-02-13 11:05:02,927][INFO] [Run 6]
{
    "raw_unique_basis_states": 8806,
    "fermion_basis_rejected": 0,
    "kept_unique_basis_states": 8806,
    "fermion_shots_rejected": 0,
    "kept_shots": 100000
}
[2026-02-13 11:07:52,009][INFO] [Run 6]
{
    "D": 6,
    "t": 3.0,
    "num_trotter_steps": 2,
    "circuit_time": "0:00:01.869911",
    "shot_processing": {
        "raw_unique_basis_states": 8806,
        "fermion_basis_rejected": 0,
        "kept_unique_basis_states": 8806,
        "fermion_shots_rejected": 0,
        "kept_shots": 100000
    },
    "new_basis_count": 3088,
    "total_basis_count": 35441,
    "H_reduced_size": [
        35441,
        35441
    ],
    "reduction": 96.62008285522461,
    "H_reduced_e": 0.00026006407666207606,
    "used_dense": false,
    "eigenvalue_time": "0:00:00.438501",
    "diff": 0.0002600640766581439,
    "change_from_prev": 2.6489499561953636e-09,
    "circuit_cost": {
        "depth": 1651,
        "size": 5476,
        "num_2q_ops": 1294,
        "depth_2q": 544,
        "count_ops": {
            "rz": 1913,
            "sx": 1823,
            "cz": 1294,
            "x": 426,
            "measure": 20,
            "barrier": 1
        }
    }
}
[2026-02-13 11:07:52,009][INFO] [Run 6] Running for Krylov dimension 7
[2026-02-13 11:07:54,026][INFO] [Run 6]
{
    "raw_unique_basis_states": 14273,
    "fermion_basis_rejected": 0,
    "kept_unique_basis_states": 14273,
    "fermion_shots_rejected": 0,
    "kept_shots": 100000
}
[2026-02-13 11:11:13,959][INFO] [Run 6]
{
    "D": 7,
    "t": 3.5,
    "num_trotter_steps": 2,
    "circuit_time": "0:00:01.877772",
    "shot_processing": {
        "raw_unique_basis_states": 14273,
        "fermion_basis_rejected": 0,
        "kept_unique_basis_states": 14273,
        "fermion_shots_rejected": 0,
        "kept_shots": 100000
    },
    "new_basis_count": 5409,
    "total_basis_count": 40850,
    "H_reduced_size": [
        40850,
        40850
    ],
    "reduction": 96.10424041748047,
    "H_reduced_e": 0.0002592598289727772,
    "used_dense": false,
    "eigenvalue_time": "0:00:00.525567",
    "diff": 0.0002592598289688451,
    "change_from_prev": 8.042476892988412e-07,
    "circuit_cost": {
        "depth": 1626,
        "size": 5445,
        "num_2q_ops": 1294,
        "depth_2q": 544,
        "count_ops": {
            "rz": 1883,
            "sx": 1823,
            "cz": 1294,
            "x": 425,
            "measure": 20,
            "barrier": 1
        }
    }
}
[2026-02-13 11:11:13,959][INFO] [Run 6] Running for Krylov dimension 8
[2026-02-13 11:11:15,980][INFO] [Run 6]
{
    "raw_unique_basis_states": 22332,
    "fermion_basis_rejected": 0,
    "kept_unique_basis_states": 22332,
    "fermion_shots_rejected": 0,
    "kept_shots": 100000
}
[2026-02-13 11:15:16,115][INFO] [Run 6]
{
    "D": 8,
    "t": 4.0,
    "num_trotter_steps": 2,
    "circuit_time": "0:00:01.869052",
    "shot_processing": {
        "raw_unique_basis_states": 22332,
        "fermion_basis_rejected": 0,
        "kept_unique_basis_states": 22332,
        "fermion_shots_rejected": 0,
        "kept_shots": 100000
    },
    "new_basis_count": 8478,
    "total_basis_count": 49328,
    "H_reduced_size": [
        49328,
        49328
    ],
    "reduction": 95.29571533203125,
    "H_reduced_e": 1.4285046379097694e-06,
    "used_dense": false,
    "eigenvalue_time": "0:00:00.788300",
    "diff": 1.42850463397764e-06,
    "change_from_prev": 0.0002578313243348674,
    "circuit_cost": {
        "depth": 1625,
        "size": 5434,
        "num_2q_ops": 1294,
        "depth_2q": 544,
        "count_ops": {
            "rz": 1883,
            "sx": 1823,
            "cz": 1294,
            "x": 414,
            "measure": 20,
            "barrier": 1
        }
    }
}
[2026-02-13 11:15:16,115][INFO] [Run 6] Running for Krylov dimension 9
[2026-02-13 11:15:18,108][INFO] [Run 6]
{
    "raw_unique_basis_states": 26151,
    "fermion_basis_rejected": 0,
    "kept_unique_basis_states": 26151,
    "fermion_shots_rejected": 0,
    "kept_shots": 100000
}
[2026-02-13 11:20:12,296][INFO] [Run 6]
{
    "D": 9,
    "t": 4.5,
    "num_trotter_steps": 2,
    "circuit_time": "0:00:01.833906",
    "shot_processing": {
        "raw_unique_basis_states": 26151,
        "fermion_basis_rejected": 0,
        "kept_unique_basis_states": 26151,
        "fermion_shots_rejected": 0,
        "kept_shots": 100000
    },
    "new_basis_count": 9405,
    "total_basis_count": 58733,
    "H_reduced_size": [
        58733,
        58733
    ],
    "reduction": 94.39878463745117,
    "H_reduced_e": 1.4034656754288277e-06,
    "used_dense": false,
    "eigenvalue_time": "0:00:01.059904",
    "diff": 1.4034656714966983e-06,
    "change_from_prev": 2.503896248094177e-08,
    "circuit_cost": {
        "depth": 1650,
        "size": 5440,
        "num_2q_ops": 1294,
        "depth_2q": 544,
        "count_ops": {
            "rz": 1885,
            "sx": 1823,
            "cz": 1294,
            "x": 418,
            "measure": 20,
            "barrier": 1
        }
    }
}
[2026-02-13 11:20:12,297][INFO] [Run 6] Running for Krylov dimension 10
[2026-02-13 11:20:14,275][INFO] [Run 6]
{
    "raw_unique_basis_states": 24193,
    "fermion_basis_rejected": 0,
    "kept_unique_basis_states": 24193,
    "fermion_shots_rejected": 0,
    "kept_shots": 100000
}
[2026-02-13 11:25:37,785][INFO] [Run 6]
{
    "D": 10,
    "t": 5.0,
    "num_trotter_steps": 2,
    "circuit_time": "0:00:01.823303",
    "shot_processing": {
        "raw_unique_basis_states": 24193,
        "fermion_basis_rejected": 0,
        "kept_unique_basis_states": 24193,
        "fermion_shots_rejected": 0,
        "kept_shots": 100000
    },
    "new_basis_count": 5682,
    "total_basis_count": 64415,
    "H_reduced_size": [
        64415,
        64415
    ],
    "reduction": 93.85690689086914,
    "H_reduced_e": 6.137245886354318e-08,
    "used_dense": false,
    "eigenvalue_time": "0:00:01.225764",
    "diff": 6.137245493141372e-08,
    "change_from_prev": 1.3420932165652846e-06,
    "circuit_cost": {
        "depth": 1639,
        "size": 5466,
        "num_2q_ops": 1294,
        "depth_2q": 544,
        "count_ops": {
            "rz": 1901,
            "sx": 1823,
            "cz": 1294,
            "x": 428,
            "measure": 20,
            "barrier": 1
        }
    }
}
[2026-02-13 11:25:37,786][INFO] [Run 6] Running for Krylov dimension 11
[2026-02-13 11:25:39,766][INFO] [Run 6]
{
    "raw_unique_basis_states": 16600,
    "fermion_basis_rejected": 0,
    "kept_unique_basis_states": 16600,
    "fermion_shots_rejected": 0,
    "kept_shots": 100000
}
[2026-02-13 11:31:15,714][INFO] [Run 6]
{
    "D": 11,
    "t": 5.5,
    "num_trotter_steps": 2,
    "circuit_time": "0:00:01.832854",
    "shot_processing": {
        "raw_unique_basis_states": 16600,
        "fermion_basis_rejected": 0,
        "kept_unique_basis_states": 16600,
        "fermion_shots_rejected": 0,
        "kept_shots": 100000
    },
    "new_basis_count": 2002,
    "total_basis_count": 66417,
    "H_reduced_size": [
        66417,
        66417
    ],
    "reduction": 93.66598129272461,
    "H_reduced_e": 3.190463841811172e-11,
    "used_dense": false,
    "eigenvalue_time": "0:00:01.426368",
    "diff": 3.1900706288651875e-11,
    "change_from_prev": 6.134055422512507e-08,
    "circuit_cost": {
        "depth": 1653,
        "size": 5532,
        "num_2q_ops": 1294,
        "depth_2q": 544,
        "count_ops": {
            "rz": 1941,
            "sx": 1823,
            "cz": 1294,
            "x": 454,
            "measure": 20,
            "barrier": 1
        }
    }
}
[2026-02-13 11:31:15,714][INFO] [Run 6] Running for Krylov dimension 12
[2026-02-13 11:31:17,684][INFO] [Run 6]
{
    "raw_unique_basis_states": 7867,
    "fermion_basis_rejected": 0,
    "kept_unique_basis_states": 7867,
    "fermion_shots_rejected": 0,
    "kept_shots": 100000
}
[2026-02-13 11:36:53,431][INFO] [Run 6]
{
    "D": 12,
    "t": 6.0,
    "num_trotter_steps": 2,
    "circuit_time": "0:00:01.841456",
    "shot_processing": {
        "raw_unique_basis_states": 7867,
        "fermion_basis_rejected": 0,
        "kept_unique_basis_states": 7867,
        "fermion_shots_rejected": 0,
        "kept_shots": 100000
    },
    "new_basis_count": 222,
    "total_basis_count": 66639,
    "H_reduced_size": [
        66639,
        66639
    ],
    "reduction": 93.64480972290039,
    "H_reduced_e": 3.190581975669868e-11,
    "used_dense": false,
    "eigenvalue_time": "0:00:01.344929",
    "diff": 3.1901887627238836e-11,
    "change_from_prev": 1.1813385869611325e-15,
    "circuit_cost": {
        "depth": 1623,
        "size": 5432,
        "num_2q_ops": 1294,
        "depth_2q": 544,
        "count_ops": {
            "rz": 1885,
            "sx": 1823,
            "cz": 1294,
            "x": 410,
            "measure": 20,
            "barrier": 1
        }
    }
}
[2026-02-13 11:36:53,432][INFO] [Run 6] Running for Krylov dimension 13
[2026-02-13 11:36:55,993][INFO] [Run 6]
{
    "raw_unique_basis_states": 22357,
    "fermion_basis_rejected": 0,
    "kept_unique_basis_states": 22357,
    "fermion_shots_rejected": 0,
    "kept_shots": 100000
}
[2026-02-13 11:42:53,275][INFO] [Run 6]
{
    "D": 13,
    "t": 4.333333333333333,
    "num_trotter_steps": 3,
    "circuit_time": "0:00:02.359285",
    "shot_processing": {
        "raw_unique_basis_states": 22357,
        "fermion_basis_rejected": 0,
        "kept_unique_basis_states": 22357,
        "fermion_shots_rejected": 0,
        "kept_shots": 100000
    },
    "new_basis_count": 3145,
    "total_basis_count": 69784,
    "H_reduced_size": [
        69784,
        69784
    ],
    "reduction": 93.34487915039062,
    "H_reduced_e": 3.182804854753297e-11,
    "used_dense": false,
    "eigenvalue_time": "0:00:01.580402",
    "diff": 3.1824116418073125e-11,
    "change_from_prev": 7.777120916571116e-14,
    "circuit_cost": {
        "depth": 2463,
        "size": 8250,
        "num_2q_ops": 1941,
        "depth_2q": 815,
        "count_ops": {
            "rz": 2873,
            "sx": 2735,
            "cz": 1941,
            "x": 681,
            "measure": 20,
            "barrier": 1
        }
    }
}
[2026-02-13 11:42:53,275][INFO] [Run 6] Running for Krylov dimension 14
[2026-02-13 11:42:55,855][INFO] [Run 6]
{
    "raw_unique_basis_states": 23256,
    "fermion_basis_rejected": 0,
    "kept_unique_basis_states": 23256,
    "fermion_shots_rejected": 0,
    "kept_shots": 100000
}
[2026-02-13 11:49:06,016][INFO] [Run 6]
{
    "D": 14,
    "t": 4.666666666666667,
    "num_trotter_steps": 3,
    "circuit_time": "0:00:02.377250",
    "shot_processing": {
        "raw_unique_basis_states": 23256,
        "fermion_basis_rejected": 0,
        "kept_unique_basis_states": 23256,
        "fermion_shots_rejected": 0,
        "kept_shots": 100000
    },
    "new_basis_count": 2678,
    "total_basis_count": 72462,
    "H_reduced_size": [
        72462,
        72462
    ],
    "reduction": 93.08948516845703,
    "H_reduced_e": 3.1807861028783446e-11,
    "used_dense": false,
    "eigenvalue_time": "0:00:01.579771",
    "diff": 3.1803928899323604e-11,
    "change_from_prev": 2.0187518749520695e-14,
    "circuit_cost": {
        "depth": 2440,
        "size": 8165,
        "num_2q_ops": 1941,
        "depth_2q": 815,
        "count_ops": {
            "rz": 2827,
            "sx": 2735,
            "cz": 1941,
            "x": 642,
            "measure": 20,
            "barrier": 1
        }
    }
}
[2026-02-13 11:49:06,020][INFO] [Run 6] Done
