[2026-02-13 10:56:42,592][INFO] Running VQE for linear potential and cutoff 16
[2026-02-13 10:56:42,594][INFO] Truncation: {'m': 212, 'n': 2211, 'keep_frac_terms': 0.09588421528720036, 'keep_ratio': 0.999, 'truncated': 1.377312853455578, 'total_weight': 1381.999999999984}
[2026-02-13 10:56:42,619][INFO] min_eigenvalue: 3.9321294598410086e-15
[2026-02-13 10:56:46,717][INFO] []
[2026-02-13 10:56:46,718][INFO] [Run 0] Running for Krylov dimension 1
[2026-02-13 10:56:47,940][INFO] [Run 0]
{
    "raw_unique_basis_states": 4367,
    "fermion_basis_rejected": 0,
    "kept_unique_basis_states": 4367,
    "fermion_shots_rejected": 0,
    "kept_shots": 100000
}
[2026-02-13 10:57:06,451][INFO] [Run 0]
{
    "D": 1,
    "t": 1.0,
    "num_trotter_steps": 1,
    "circuit_time": "0:00:01.138554",
    "shot_processing": {
        "raw_unique_basis_states": 4367,
        "fermion_basis_rejected": 0,
        "kept_unique_basis_states": 4367,
        "fermion_shots_rejected": 0,
        "kept_shots": 100000
    },
    "new_basis_count": 4367,
    "total_basis_count": 4367,
    "H_reduced_size": [
        4367,
        4367
    ],
    "reduction": 99.58353042602539,
    "H_reduced_e": 0.0002604417173425751,
    "used_dense": false,
    "eigenvalue_time": "0:00:00.028086",
    "diff": 0.00026044171733864295,
    "change_from_prev": null,
    "circuit_cost": {
        "depth": 826,
        "size": 2758,
        "num_2q_ops": 647,
        "depth_2q": 273,
        "count_ops": {
            "rz": 960,
            "sx": 912,
            "cz": 647,
            "x": 219,
            "measure": 20,
            "barrier": 1
        }
    }
}
[2026-02-13 10:57:06,451][INFO] [Run 0] Running for Krylov dimension 2
[2026-02-13 10:57:07,597][INFO] [Run 0]
{
    "raw_unique_basis_states": 17339,
    "fermion_basis_rejected": 0,
    "kept_unique_basis_states": 17339,
    "fermion_shots_rejected": 0,
    "kept_shots": 100000
}
[2026-02-13 10:58:34,833][INFO] [Run 0]
{
    "D": 2,
    "t": 2.0,
    "num_trotter_steps": 1,
    "circuit_time": "0:00:01.054352",
    "shot_processing": {
        "raw_unique_basis_states": 17339,
        "fermion_basis_rejected": 0,
        "kept_unique_basis_states": 17339,
        "fermion_shots_rejected": 0,
        "kept_shots": 100000
    },
    "new_basis_count": 14658,
    "total_basis_count": 19025,
    "H_reduced_size": [
        19025,
        19025
    ],
    "reduction": 98.18563461303711,
    "H_reduced_e": 0.0002593220313368822,
    "used_dense": false,
    "eigenvalue_time": "0:00:00.170725",
    "diff": 0.00025932203133295005,
    "change_from_prev": 1.1196860056928988e-06,
    "circuit_cost": {
        "depth": 819,
        "size": 2742,
        "num_2q_ops": 647,
        "depth_2q": 273,
        "count_ops": {
            "rz": 952,
            "sx": 912,
            "cz": 647,
            "x": 211,
            "measure": 20,
            "barrier": 1
        }
    }
}
[2026-02-13 10:58:34,833][INFO] [Run 0] Running for Krylov dimension 3
[2026-02-13 10:58:35,881][INFO] [Run 0]
{
    "raw_unique_basis_states": 4066,
    "fermion_basis_rejected": 0,
    "kept_unique_basis_states": 4066,
    "fermion_shots_rejected": 0,
    "kept_shots": 100000
}
[2026-02-13 11:00:12,774][INFO] [Run 0]
{
    "D": 3,
    "t": 3.0,
    "num_trotter_steps": 1,
    "circuit_time": "0:00:00.976675",
    "shot_processing": {
        "raw_unique_basis_states": 4066,
        "fermion_basis_rejected": 0,
        "kept_unique_basis_states": 4066,
        "fermion_shots_rejected": 0,
        "kept_shots": 100000
    },
    "new_basis_count": 1881,
    "total_basis_count": 20906,
    "H_reduced_size": [
        20906,
        20906
    ],
    "reduction": 98.0062484741211,
    "H_reduced_e": 0.00025911374565498545,
    "used_dense": false,
    "eigenvalue_time": "0:00:00.191492",
    "diff": 0.0002591137456510533,
    "change_from_prev": 2.082856818967269e-07,
    "circuit_cost": {
        "depth": 819,
        "size": 2744,
        "num_2q_ops": 647,
        "depth_2q": 273,
        "count_ops": {
            "rz": 956,
            "sx": 912,
            "cz": 647,
            "x": 209,
            "measure": 20,
            "barrier": 1
        }
    }
}
[2026-02-13 11:00:12,774][INFO] [Run 0] Running for Krylov dimension 4
[2026-02-13 11:00:13,877][INFO] [Run 0]
{
    "raw_unique_basis_states": 15191,
    "fermion_basis_rejected": 0,
    "kept_unique_basis_states": 15191,
    "fermion_shots_rejected": 0,
    "kept_shots": 100000
}
[2026-02-13 11:02:25,355][INFO] [Run 0]
{
    "D": 4,
    "t": 4.0,
    "num_trotter_steps": 1,
    "circuit_time": "0:00:01.016417",
    "shot_processing": {
        "raw_unique_basis_states": 15191,
        "fermion_basis_rejected": 0,
        "kept_unique_basis_states": 15191,
        "fermion_shots_rejected": 0,
        "kept_shots": 100000
    },
    "new_basis_count": 6704,
    "total_basis_count": 27610,
    "H_reduced_size": [
        27610,
        27610
    ],
    "reduction": 97.36690521240234,
    "H_reduced_e": 0.0002591056962730701,
    "used_dense": false,
    "eigenvalue_time": "0:00:00.281969",
    "diff": 0.000259105696269138,
    "change_from_prev": 8.049381915349596e-09,
    "circuit_cost": {
        "depth": 826,
        "size": 2756,
        "num_2q_ops": 647,
        "depth_2q": 273,
        "count_ops": {
            "rz": 961,
            "sx": 912,
            "cz": 647,
            "x": 216,
            "measure": 20,
            "barrier": 1
        }
    }
}
[2026-02-13 11:02:25,355][INFO] [Run 0] Running for Krylov dimension 5
[2026-02-13 11:02:26,600][INFO] [Run 0]
{
    "raw_unique_basis_states": 21099,
    "fermion_basis_rejected": 0,
    "kept_unique_basis_states": 21099,
    "fermion_shots_rejected": 0,
    "kept_shots": 100000
}
[2026-02-13 11:05:40,267][INFO] [Run 0]
{
    "D": 5,
    "t": 5.0,
    "num_trotter_steps": 1,
    "circuit_time": "0:00:01.145036",
    "shot_processing": {
        "raw_unique_basis_states": 21099,
        "fermion_basis_rejected": 0,
        "kept_unique_basis_states": 21099,
        "fermion_shots_rejected": 0,
        "kept_shots": 100000
    },
    "new_basis_count": 11966,
    "total_basis_count": 39576,
    "H_reduced_size": [
        39576,
        39576
    ],
    "reduction": 96.22573852539062,
    "H_reduced_e": 0.0002589988205745476,
    "used_dense": false,
    "eigenvalue_time": "0:00:00.551131",
    "diff": 0.00025899882057061545,
    "change_from_prev": 1.0687569852252735e-07,
    "circuit_cost": {
        "depth": 822,
        "size": 2739,
        "num_2q_ops": 647,
        "depth_2q": 273,
        "count_ops": {
            "rz": 947,
            "sx": 912,
            "cz": 647,
            "x": 213,
            "measure": 20,
            "barrier": 1
        }
    }
}
[2026-02-13 11:05:40,269][INFO] [Run 0] Running for Krylov dimension 6
[2026-02-13 11:05:41,526][INFO] [Run 0]
{
    "raw_unique_basis_states": 3006,
    "fermion_basis_rejected": 0,
    "kept_unique_basis_states": 3006,
    "fermion_shots_rejected": 0,
    "kept_shots": 100000
}
[2026-02-13 11:08:59,153][INFO] [Run 0]
{
    "D": 6,
    "t": 6.0,
    "num_trotter_steps": 1,
    "circuit_time": "0:00:01.186131",
    "shot_processing": {
        "raw_unique_basis_states": 3006,
        "fermion_basis_rejected": 0,
        "kept_unique_basis_states": 3006,
        "fermion_shots_rejected": 0,
        "kept_shots": 100000
    },
    "new_basis_count": 675,
    "total_basis_count": 40251,
    "H_reduced_size": [
        40251,
        40251
    ],
    "reduction": 96.1613655090332,
    "H_reduced_e": 0.0002589987714963767,
    "used_dense": false,
    "eigenvalue_time": "0:00:00.568226",
    "diff": 0.00025899877149244456,
    "change_from_prev": 4.9078170889262085e-11,
    "circuit_cost": {
        "depth": 830,
        "size": 2771,
        "num_2q_ops": 647,
        "depth_2q": 273,
        "count_ops": {
            "rz": 970,
            "sx": 908,
            "cz": 647,
            "x": 226,
            "measure": 20,
            "barrier": 1
        }
    }
}
[2026-02-13 11:08:59,154][INFO] [Run 0] Running for Krylov dimension 7
[2026-02-13 11:09:01,165][INFO] [Run 0]
{
    "raw_unique_basis_states": 14269,
    "fermion_basis_rejected": 0,
    "kept_unique_basis_states": 14269,
    "fermion_shots_rejected": 0,
    "kept_shots": 100000
}
[2026-02-13 11:12:49,128][INFO] [Run 0]
{
    "D": 7,
    "t": 3.5,
    "num_trotter_steps": 2,
    "circuit_time": "0:00:01.873779",
    "shot_processing": {
        "raw_unique_basis_states": 14269,
        "fermion_basis_rejected": 0,
        "kept_unique_basis_states": 14269,
        "fermion_shots_rejected": 0,
        "kept_shots": 100000
    },
    "new_basis_count": 5998,
    "total_basis_count": 46249,
    "H_reduced_size": [
        46249,
        46249
    ],
    "reduction": 95.58935165405273,
    "H_reduced_e": 0.0002580507582820282,
    "used_dense": false,
    "eigenvalue_time": "0:00:00.681077",
    "diff": 0.0002580507582780961,
    "change_from_prev": 9.48013214348471e-07,
    "circuit_cost": {
        "depth": 1626,
        "size": 5445,
        "num_2q_ops": 1294,
        "depth_2q": 544,
        "count_ops": {
            "rz": 1883,
            "sx": 1823,
            "cz": 1294,
            "x": 425,
            "measure": 20,
            "barrier": 1
        }
    }
}
[2026-02-13 11:12:49,128][INFO] [Run 0] Running for Krylov dimension 8
[2026-02-13 11:12:51,151][INFO] [Run 0]
{
    "raw_unique_basis_states": 22312,
    "fermion_basis_rejected": 0,
    "kept_unique_basis_states": 22312,
    "fermion_shots_rejected": 0,
    "kept_shots": 100000
}
[2026-02-13 11:17:23,166][INFO] [Run 0]
{
    "D": 8,
    "t": 4.0,
    "num_trotter_steps": 2,
    "circuit_time": "0:00:01.871499",
    "shot_processing": {
        "raw_unique_basis_states": 22312,
        "fermion_basis_rejected": 0,
        "kept_unique_basis_states": 22312,
        "fermion_shots_rejected": 0,
        "kept_shots": 100000
    },
    "new_basis_count": 8335,
    "total_basis_count": 54584,
    "H_reduced_size": [
        54584,
        54584
    ],
    "reduction": 94.79446411132812,
    "H_reduced_e": 1.445804330712455e-07,
    "used_dense": false,
    "eigenvalue_time": "0:00:00.901501",
    "diff": 1.4458042913911604e-07,
    "change_from_prev": 0.000257906177848957,
    "circuit_cost": {
        "depth": 1625,
        "size": 5434,
        "num_2q_ops": 1294,
        "depth_2q": 544,
        "count_ops": {
            "rz": 1883,
            "sx": 1823,
            "cz": 1294,
            "x": 414,
            "measure": 20,
            "barrier": 1
        }
    }
}
[2026-02-13 11:17:23,166][INFO] [Run 0] Running for Krylov dimension 9
[2026-02-13 11:17:25,174][INFO] [Run 0]
{
    "raw_unique_basis_states": 26308,
    "fermion_basis_rejected": 0,
    "kept_unique_basis_states": 26308,
    "fermion_shots_rejected": 0,
    "kept_shots": 100000
}
[2026-02-13 11:22:45,869][INFO] [Run 0]
{
    "D": 9,
    "t": 4.5,
    "num_trotter_steps": 2,
    "circuit_time": "0:00:01.849381",
    "shot_processing": {
        "raw_unique_basis_states": 26308,
        "fermion_basis_rejected": 0,
        "kept_unique_basis_states": 26308,
        "fermion_shots_rejected": 0,
        "kept_shots": 100000
    },
    "new_basis_count": 9063,
    "total_basis_count": 63647,
    "H_reduced_size": [
        63647,
        63647
    ],
    "reduction": 93.93014907836914,
    "H_reduced_e": 8.229936417546821e-08,
    "used_dense": false,
    "eigenvalue_time": "0:00:01.214789",
    "diff": 8.229936024333875e-08,
    "change_from_prev": 6.228106889577729e-08,
    "circuit_cost": {
        "depth": 1650,
        "size": 5440,
        "num_2q_ops": 1294,
        "depth_2q": 544,
        "count_ops": {
            "rz": 1885,
            "sx": 1823,
            "cz": 1294,
            "x": 418,
            "measure": 20,
            "barrier": 1
        }
    }
}
[2026-02-13 11:22:45,871][INFO] [Run 0] Running for Krylov dimension 10
[2026-02-13 11:22:47,865][INFO] [Run 0]
{
    "raw_unique_basis_states": 24051,
    "fermion_basis_rejected": 0,
    "kept_unique_basis_states": 24051,
    "fermion_shots_rejected": 0,
    "kept_shots": 100000
}
[2026-02-13 11:28:40,495][INFO] [Run 0]
{
    "D": 10,
    "t": 5.0,
    "num_trotter_steps": 2,
    "circuit_time": "0:00:01.838541",
    "shot_processing": {
        "raw_unique_basis_states": 24051,
        "fermion_basis_rejected": 0,
        "kept_unique_basis_states": 24051,
        "fermion_shots_rejected": 0,
        "kept_shots": 100000
    },
    "new_basis_count": 5274,
    "total_basis_count": 68921,
    "H_reduced_size": [
        68921,
        68921
    ],
    "reduction": 93.42718124389648,
    "H_reduced_e": 1.670740809722457e-08,
    "used_dense": false,
    "eigenvalue_time": "0:00:01.411544",
    "diff": 1.6707404165095107e-08,
    "change_from_prev": 6.559195607824363e-08,
    "circuit_cost": {
        "depth": 1639,
        "size": 5466,
        "num_2q_ops": 1294,
        "depth_2q": 544,
        "count_ops": {
            "rz": 1901,
            "sx": 1823,
            "cz": 1294,
            "x": 428,
            "measure": 20,
            "barrier": 1
        }
    }
}
[2026-02-13 11:28:40,496][INFO] [Run 0] Running for Krylov dimension 11
[2026-02-13 11:28:42,472][INFO] [Run 0]
{
    "raw_unique_basis_states": 16540,
    "fermion_basis_rejected": 0,
    "kept_unique_basis_states": 16540,
    "fermion_shots_rejected": 0,
    "kept_shots": 100000
}
[2026-02-13 11:34:51,660][INFO] [Run 0]
{
    "D": 11,
    "t": 5.5,
    "num_trotter_steps": 2,
    "circuit_time": "0:00:01.832282",
    "shot_processing": {
        "raw_unique_basis_states": 16540,
        "fermion_basis_rejected": 0,
        "kept_unique_basis_states": 16540,
        "fermion_shots_rejected": 0,
        "kept_shots": 100000
    },
    "new_basis_count": 1970,
    "total_basis_count": 70891,
    "H_reduced_size": [
        70891,
        70891
    ],
    "reduction": 93.23930740356445,
    "H_reduced_e": 8.817598448715104e-12,
    "used_dense": false,
    "eigenvalue_time": "0:00:01.540443",
    "diff": 8.813666319255264e-12,
    "change_from_prev": 1.6698590498775855e-08,
    "circuit_cost": {
        "depth": 1653,
        "size": 5532,
        "num_2q_ops": 1294,
        "depth_2q": 544,
        "count_ops": {
            "rz": 1941,
            "sx": 1823,
            "cz": 1294,
            "x": 454,
            "measure": 20,
            "barrier": 1
        }
    }
}
[2026-02-13 11:34:51,661][INFO] [Run 0] Running for Krylov dimension 12
[2026-02-13 11:34:53,627][INFO] [Run 0]
{
    "raw_unique_basis_states": 7851,
    "fermion_basis_rejected": 0,
    "kept_unique_basis_states": 7851,
    "fermion_shots_rejected": 0,
    "kept_shots": 100000
}
[2026-02-13 11:41:01,865][INFO] [Run 0]
{
    "D": 12,
    "t": 6.0,
    "num_trotter_steps": 2,
    "circuit_time": "0:00:01.836756",
    "shot_processing": {
        "raw_unique_basis_states": 7851,
        "fermion_basis_rejected": 0,
        "kept_unique_basis_states": 7851,
        "fermion_shots_rejected": 0,
        "kept_shots": 100000
    },
    "new_basis_count": 200,
    "total_basis_count": 71091,
    "H_reduced_size": [
        71091,
        71091
    ],
    "reduction": 93.22023391723633,
    "H_reduced_e": 6.597565151156022e-12,
    "used_dense": false,
    "eigenvalue_time": "0:00:01.569102",
    "diff": 6.593633021696181e-12,
    "change_from_prev": 2.2200332975590818e-12,
    "circuit_cost": {
        "depth": 1623,
        "size": 5432,
        "num_2q_ops": 1294,
        "depth_2q": 544,
        "count_ops": {
            "rz": 1885,
            "sx": 1823,
            "cz": 1294,
            "x": 410,
            "measure": 20,
            "barrier": 1
        }
    }
}
[2026-02-13 11:41:01,865][INFO] [Run 0] Running for Krylov dimension 13
[2026-02-13 11:41:03,842][INFO] [Run 0]
{
    "raw_unique_basis_states": 5130,
    "fermion_basis_rejected": 0,
    "kept_unique_basis_states": 5130,
    "fermion_shots_rejected": 0,
    "kept_shots": 100000
}
[2026-02-13 11:47:11,848][INFO] [Run 0]
{
    "D": 13,
    "t": 6.5,
    "num_trotter_steps": 2,
    "circuit_time": "0:00:01.834073",
    "shot_processing": {
        "raw_unique_basis_states": 5130,
        "fermion_basis_rejected": 0,
        "kept_unique_basis_states": 5130,
        "fermion_shots_rejected": 0,
        "kept_shots": 100000
    },
    "new_basis_count": 105,
    "total_basis_count": 71196,
    "H_reduced_size": [
        71196,
        71196
    ],
    "reduction": 93.21022033691406,
    "H_reduced_e": 6.5991023019136506e-12,
    "used_dense": false,
    "eigenvalue_time": "0:00:01.520175",
    "diff": 6.595170172453809e-12,
    "change_from_prev": 1.5371507576283567e-15,
    "circuit_cost": {
        "depth": 1641,
        "size": 5518,
        "num_2q_ops": 1294,
        "depth_2q": 544,
        "count_ops": {
            "rz": 1911,
            "sx": 1823,
            "cz": 1294,
            "x": 470,
            "measure": 20,
            "barrier": 1
        }
    }
}
[2026-02-13 11:47:11,849][INFO] [Run 0] Running for Krylov dimension 14
[2026-02-13 11:47:14,441][INFO] [Run 0]
{
    "raw_unique_basis_states": 23257,
    "fermion_basis_rejected": 0,
    "kept_unique_basis_states": 23257,
    "fermion_shots_rejected": 0,
    "kept_shots": 100000
}
[2026-02-13 11:53:39,955][INFO] [Run 0]
{
    "D": 14,
    "t": 4.666666666666667,
    "num_trotter_steps": 3,
    "circuit_time": "0:00:02.391792",
    "shot_processing": {
        "raw_unique_basis_states": 23257,
        "fermion_basis_rejected": 0,
        "kept_unique_basis_states": 23257,
        "fermion_shots_rejected": 0,
        "kept_shots": 100000
    },
    "new_basis_count": 2853,
    "total_basis_count": 74049,
    "H_reduced_size": [
        74049,
        74049
    ],
    "reduction": 92.93813705444336,
    "H_reduced_e": 4.881323865510778e-14,
    "used_dense": false,
    "eigenvalue_time": "0:00:01.739768",
    "diff": 4.488110919526677e-14,
    "change_from_prev": 6.550289063258543e-12,
    "circuit_cost": {
        "depth": 2440,
        "size": 8165,
        "num_2q_ops": 1941,
        "depth_2q": 815,
        "count_ops": {
            "rz": 2827,
            "sx": 2735,
            "cz": 1941,
            "x": 642,
            "measure": 20,
            "barrier": 1
        }
    }
}
[2026-02-13 11:53:39,958][INFO] [Run 0] Done
