[2026-02-13 10:56:42,356][INFO] Running VQE for linear potential and cutoff 16
[2026-02-13 10:56:42,358][INFO] Truncation: {'m': 212, 'n': 2211, 'keep_frac_terms': 0.09588421528720036, 'keep_ratio': 0.999, 'truncated': 1.377312853455578, 'total_weight': 1381.999999999984}
[2026-02-13 10:56:42,382][INFO] min_eigenvalue: 3.9321294598410086e-15
[2026-02-13 10:56:46,296][INFO] []
[2026-02-13 10:56:46,297][INFO] [Run 9] Running for Krylov dimension 1
[2026-02-13 10:56:47,510][INFO] [Run 9]
{
    "raw_unique_basis_states": 4393,
    "fermion_basis_rejected": 0,
    "kept_unique_basis_states": 4393,
    "fermion_shots_rejected": 0,
    "kept_shots": 100000
}
[2026-02-13 10:57:07,954][INFO] [Run 9]
{
    "D": 1,
    "t": 1.0,
    "num_trotter_steps": 1,
    "circuit_time": "0:00:01.128479",
    "shot_processing": {
        "raw_unique_basis_states": 4393,
        "fermion_basis_rejected": 0,
        "kept_unique_basis_states": 4393,
        "fermion_shots_rejected": 0,
        "kept_shots": 100000
    },
    "new_basis_count": 4393,
    "total_basis_count": 4393,
    "H_reduced_size": [
        4393,
        4393
    ],
    "reduction": 99.58105087280273,
    "H_reduced_e": 0.000262685584864252,
    "used_dense": false,
    "eigenvalue_time": "0:00:00.028013",
    "diff": 0.00026268558486031987,
    "change_from_prev": null,
    "circuit_cost": {
        "depth": 826,
        "size": 2758,
        "num_2q_ops": 647,
        "depth_2q": 273,
        "count_ops": {
            "rz": 960,
            "sx": 912,
            "cz": 647,
            "x": 219,
            "measure": 20,
            "barrier": 1
        }
    }
}
[2026-02-13 10:57:07,954][INFO] [Run 9] Running for Krylov dimension 2
[2026-02-13 10:57:09,098][INFO] [Run 9]
{
    "raw_unique_basis_states": 17434,
    "fermion_basis_rejected": 0,
    "kept_unique_basis_states": 17434,
    "fermion_shots_rejected": 0,
    "kept_shots": 100000
}
[2026-02-13 10:58:43,836][INFO] [Run 9]
{
    "D": 2,
    "t": 2.0,
    "num_trotter_steps": 1,
    "circuit_time": "0:00:01.051700",
    "shot_processing": {
        "raw_unique_basis_states": 17434,
        "fermion_basis_rejected": 0,
        "kept_unique_basis_states": 17434,
        "fermion_shots_rejected": 0,
        "kept_shots": 100000
    },
    "new_basis_count": 14644,
    "total_basis_count": 19037,
    "H_reduced_size": [
        19037,
        19037
    ],
    "reduction": 98.18449020385742,
    "H_reduced_e": 0.0002603709083759041,
    "used_dense": false,
    "eigenvalue_time": "0:00:00.169819",
    "diff": 0.000260370908371972,
    "change_from_prev": 2.314676488347875e-06,
    "circuit_cost": {
        "depth": 819,
        "size": 2742,
        "num_2q_ops": 647,
        "depth_2q": 273,
        "count_ops": {
            "rz": 952,
            "sx": 912,
            "cz": 647,
            "x": 211,
            "measure": 20,
            "barrier": 1
        }
    }
}
[2026-02-13 10:58:43,836][INFO] [Run 9] Running for Krylov dimension 3
[2026-02-13 10:58:44,889][INFO] [Run 9]
{
    "raw_unique_basis_states": 4050,
    "fermion_basis_rejected": 0,
    "kept_unique_basis_states": 4050,
    "fermion_shots_rejected": 0,
    "kept_shots": 100000
}
[2026-02-13 11:00:29,870][INFO] [Run 9]
{
    "D": 3,
    "t": 3.0,
    "num_trotter_steps": 1,
    "circuit_time": "0:00:00.979270",
    "shot_processing": {
        "raw_unique_basis_states": 4050,
        "fermion_basis_rejected": 0,
        "kept_unique_basis_states": 4050,
        "fermion_shots_rejected": 0,
        "kept_shots": 100000
    },
    "new_basis_count": 1865,
    "total_basis_count": 20902,
    "H_reduced_size": [
        20902,
        20902
    ],
    "reduction": 98.00662994384766,
    "H_reduced_e": 0.0002603708928640792,
    "used_dense": false,
    "eigenvalue_time": "0:00:00.219772",
    "diff": 0.0002603708928601471,
    "change_from_prev": 1.5511824897479487e-11,
    "circuit_cost": {
        "depth": 819,
        "size": 2744,
        "num_2q_ops": 647,
        "depth_2q": 273,
        "count_ops": {
            "rz": 956,
            "sx": 912,
            "cz": 647,
            "x": 209,
            "measure": 20,
            "barrier": 1
        }
    }
}
[2026-02-13 11:00:29,871][INFO] [Run 9] Running for Krylov dimension 4
[2026-02-13 11:00:30,973][INFO] [Run 9]
{
    "raw_unique_basis_states": 15162,
    "fermion_basis_rejected": 0,
    "kept_unique_basis_states": 15162,
    "fermion_shots_rejected": 0,
    "kept_shots": 100000
}
[2026-02-13 11:02:53,114][INFO] [Run 9]
{
    "D": 4,
    "t": 4.0,
    "num_trotter_steps": 1,
    "circuit_time": "0:00:01.013469",
    "shot_processing": {
        "raw_unique_basis_states": 15162,
        "fermion_basis_rejected": 0,
        "kept_unique_basis_states": 15162,
        "fermion_shots_rejected": 0,
        "kept_shots": 100000
    },
    "new_basis_count": 6692,
    "total_basis_count": 27594,
    "H_reduced_size": [
        27594,
        27594
    ],
    "reduction": 97.3684310913086,
    "H_reduced_e": 0.00026035357598468394,
    "used_dense": false,
    "eigenvalue_time": "0:00:00.295698",
    "diff": 0.0002603535759807518,
    "change_from_prev": 1.7316879395278678e-08,
    "circuit_cost": {
        "depth": 826,
        "size": 2756,
        "num_2q_ops": 647,
        "depth_2q": 273,
        "count_ops": {
            "rz": 961,
            "sx": 912,
            "cz": 647,
            "x": 216,
            "measure": 20,
            "barrier": 1
        }
    }
}
[2026-02-13 11:02:53,115][INFO] [Run 9] Running for Krylov dimension 5
[2026-02-13 11:02:54,360][INFO] [Run 9]
{
    "raw_unique_basis_states": 21205,
    "fermion_basis_rejected": 0,
    "kept_unique_basis_states": 21205,
    "fermion_shots_rejected": 0,
    "kept_shots": 100000
}
[2026-02-13 11:06:24,005][INFO] [Run 9]
{
    "D": 5,
    "t": 5.0,
    "num_trotter_steps": 1,
    "circuit_time": "0:00:01.145191",
    "shot_processing": {
        "raw_unique_basis_states": 21205,
        "fermion_basis_rejected": 0,
        "kept_unique_basis_states": 21205,
        "fermion_shots_rejected": 0,
        "kept_shots": 100000
    },
    "new_basis_count": 12107,
    "total_basis_count": 39701,
    "H_reduced_size": [
        39701,
        39701
    ],
    "reduction": 96.21381759643555,
    "H_reduced_e": 0.00025901954354443405,
    "used_dense": false,
    "eigenvalue_time": "0:00:00.542351",
    "diff": 0.0002590195435405019,
    "change_from_prev": 1.3340324402498927e-06,
    "circuit_cost": {
        "depth": 822,
        "size": 2739,
        "num_2q_ops": 647,
        "depth_2q": 273,
        "count_ops": {
            "rz": 947,
            "sx": 912,
            "cz": 647,
            "x": 213,
            "measure": 20,
            "barrier": 1
        }
    }
}
[2026-02-13 11:06:24,005][INFO] [Run 9] Running for Krylov dimension 6
[2026-02-13 11:06:25,259][INFO] [Run 9]
{
    "raw_unique_basis_states": 2976,
    "fermion_basis_rejected": 0,
    "kept_unique_basis_states": 2976,
    "fermion_shots_rejected": 0,
    "kept_shots": 100000
}
[2026-02-13 11:10:00,413][INFO] [Run 9]
{
    "D": 6,
    "t": 6.0,
    "num_trotter_steps": 1,
    "circuit_time": "0:00:01.181713",
    "shot_processing": {
        "raw_unique_basis_states": 2976,
        "fermion_basis_rejected": 0,
        "kept_unique_basis_states": 2976,
        "fermion_shots_rejected": 0,
        "kept_shots": 100000
    },
    "new_basis_count": 654,
    "total_basis_count": 40355,
    "H_reduced_size": [
        40355,
        40355
    ],
    "reduction": 96.15144729614258,
    "H_reduced_e": 0.0002590170522505313,
    "used_dense": false,
    "eigenvalue_time": "0:00:00.561158",
    "diff": 0.0002590170522465992,
    "change_from_prev": 2.491293902727107e-09,
    "circuit_cost": {
        "depth": 830,
        "size": 2771,
        "num_2q_ops": 647,
        "depth_2q": 273,
        "count_ops": {
            "rz": 970,
            "sx": 908,
            "cz": 647,
            "x": 226,
            "measure": 20,
            "barrier": 1
        }
    }
}
[2026-02-13 11:10:00,413][INFO] [Run 9] Running for Krylov dimension 7
[2026-02-13 11:10:02,422][INFO] [Run 9]
{
    "raw_unique_basis_states": 14297,
    "fermion_basis_rejected": 0,
    "kept_unique_basis_states": 14297,
    "fermion_shots_rejected": 0,
    "kept_shots": 100000
}
[2026-02-13 11:14:11,456][INFO] [Run 9]
{
    "D": 7,
    "t": 3.5,
    "num_trotter_steps": 2,
    "circuit_time": "0:00:01.870281",
    "shot_processing": {
        "raw_unique_basis_states": 14297,
        "fermion_basis_rejected": 0,
        "kept_unique_basis_states": 14297,
        "fermion_shots_rejected": 0,
        "kept_shots": 100000
    },
    "new_basis_count": 6026,
    "total_basis_count": 46381,
    "H_reduced_size": [
        46381,
        46381
    ],
    "reduction": 95.57676315307617,
    "H_reduced_e": 0.0002581966165312815,
    "used_dense": false,
    "eigenvalue_time": "0:00:00.692663",
    "diff": 0.0002581966165273494,
    "change_from_prev": 8.204357192498064e-07,
    "circuit_cost": {
        "depth": 1626,
        "size": 5445,
        "num_2q_ops": 1294,
        "depth_2q": 544,
        "count_ops": {
            "rz": 1883,
            "sx": 1823,
            "cz": 1294,
            "x": 425,
            "measure": 20,
            "barrier": 1
        }
    }
}
[2026-02-13 11:14:11,456][INFO] [Run 9] Running for Krylov dimension 8
[2026-02-13 11:14:13,479][INFO] [Run 9]
{
    "raw_unique_basis_states": 22333,
    "fermion_basis_rejected": 0,
    "kept_unique_basis_states": 22333,
    "fermion_shots_rejected": 0,
    "kept_shots": 100000
}
[2026-02-13 11:19:07,569][INFO] [Run 9]
{
    "D": 8,
    "t": 4.0,
    "num_trotter_steps": 2,
    "circuit_time": "0:00:01.873235",
    "shot_processing": {
        "raw_unique_basis_states": 22333,
        "fermion_basis_rejected": 0,
        "kept_unique_basis_states": 22333,
        "fermion_shots_rejected": 0,
        "kept_shots": 100000
    },
    "new_basis_count": 8218,
    "total_basis_count": 54599,
    "H_reduced_size": [
        54599,
        54599
    ],
    "reduction": 94.79303359985352,
    "H_reduced_e": 3.212103451645424e-06,
    "used_dense": false,
    "eigenvalue_time": "0:00:00.945329",
    "diff": 3.2121034477132945e-06,
    "change_from_prev": 0.0002549845130796361,
    "circuit_cost": {
        "depth": 1625,
        "size": 5434,
        "num_2q_ops": 1294,
        "depth_2q": 544,
        "count_ops": {
            "rz": 1883,
            "sx": 1823,
            "cz": 1294,
            "x": 414,
            "measure": 20,
            "barrier": 1
        }
    }
}
[2026-02-13 11:19:07,569][INFO] [Run 9] Running for Krylov dimension 9
[2026-02-13 11:19:09,576][INFO] [Run 9]
{
    "raw_unique_basis_states": 26251,
    "fermion_basis_rejected": 0,
    "kept_unique_basis_states": 26251,
    "fermion_shots_rejected": 0,
    "kept_shots": 100000
}
[2026-02-13 11:24:59,793][INFO] [Run 9]
{
    "D": 9,
    "t": 4.5,
    "num_trotter_steps": 2,
    "circuit_time": "0:00:01.848233",
    "shot_processing": {
        "raw_unique_basis_states": 26251,
        "fermion_basis_rejected": 0,
        "kept_unique_basis_states": 26251,
        "fermion_shots_rejected": 0,
        "kept_shots": 100000
    },
    "new_basis_count": 8970,
    "total_basis_count": 63569,
    "H_reduced_size": [
        63569,
        63569
    ],
    "reduction": 93.93758773803711,
    "H_reduced_e": 6.971879165108848e-07,
    "used_dense": false,
    "eigenvalue_time": "0:00:01.168820",
    "diff": 6.971879125787553e-07,
    "change_from_prev": 2.514915535134539e-06,
    "circuit_cost": {
        "depth": 1650,
        "size": 5440,
        "num_2q_ops": 1294,
        "depth_2q": 544,
        "count_ops": {
            "rz": 1885,
            "sx": 1823,
            "cz": 1294,
            "x": 418,
            "measure": 20,
            "barrier": 1
        }
    }
}
[2026-02-13 11:24:59,793][INFO] [Run 9] Running for Krylov dimension 10
[2026-02-13 11:25:01,784][INFO] [Run 9]
{
    "raw_unique_basis_states": 24269,
    "fermion_basis_rejected": 0,
    "kept_unique_basis_states": 24269,
    "fermion_shots_rejected": 0,
    "kept_shots": 100000
}
[2026-02-13 11:31:25,455][INFO] [Run 9]
{
    "D": 10,
    "t": 5.0,
    "num_trotter_steps": 2,
    "circuit_time": "0:00:01.837003",
    "shot_processing": {
        "raw_unique_basis_states": 24269,
        "fermion_basis_rejected": 0,
        "kept_unique_basis_states": 24269,
        "fermion_shots_rejected": 0,
        "kept_shots": 100000
    },
    "new_basis_count": 5358,
    "total_basis_count": 68927,
    "H_reduced_size": [
        68927,
        68927
    ],
    "reduction": 93.42660903930664,
    "H_reduced_e": 6.798961925240474e-07,
    "used_dense": false,
    "eigenvalue_time": "0:00:01.224164",
    "diff": 6.798961885919179e-07,
    "change_from_prev": 1.7291723986837397e-08,
    "circuit_cost": {
        "depth": 1639,
        "size": 5466,
        "num_2q_ops": 1294,
        "depth_2q": 544,
        "count_ops": {
            "rz": 1901,
            "sx": 1823,
            "cz": 1294,
            "x": 428,
            "measure": 20,
            "barrier": 1
        }
    }
}
[2026-02-13 11:31:25,455][INFO] [Run 9] Running for Krylov dimension 11
[2026-02-13 11:31:27,430][INFO] [Run 9]
{
    "raw_unique_basis_states": 16629,
    "fermion_basis_rejected": 0,
    "kept_unique_basis_states": 16629,
    "fermion_shots_rejected": 0,
    "kept_shots": 100000
}
[2026-02-13 11:38:05,888][INFO] [Run 9]
{
    "D": 11,
    "t": 5.5,
    "num_trotter_steps": 2,
    "circuit_time": "0:00:01.830027",
    "shot_processing": {
        "raw_unique_basis_states": 16629,
        "fermion_basis_rejected": 0,
        "kept_unique_basis_states": 16629,
        "fermion_shots_rejected": 0,
        "kept_shots": 100000
    },
    "new_basis_count": 2015,
    "total_basis_count": 70942,
    "H_reduced_size": [
        70942,
        70942
    ],
    "reduction": 93.23444366455078,
    "H_reduced_e": 5.2331458971922644e-11,
    "used_dense": false,
    "eigenvalue_time": "0:00:01.610094",
    "diff": 5.23275268424628e-11,
    "change_from_prev": 6.798438610650755e-07,
    "circuit_cost": {
        "depth": 1653,
        "size": 5532,
        "num_2q_ops": 1294,
        "depth_2q": 544,
        "count_ops": {
            "rz": 1941,
            "sx": 1823,
            "cz": 1294,
            "x": 454,
            "measure": 20,
            "barrier": 1
        }
    }
}
[2026-02-13 11:38:05,888][INFO] [Run 9] Running for Krylov dimension 12
[2026-02-13 11:38:07,856][INFO] [Run 9]
{
    "raw_unique_basis_states": 7796,
    "fermion_basis_rejected": 0,
    "kept_unique_basis_states": 7796,
    "fermion_shots_rejected": 0,
    "kept_shots": 100000
}
[2026-02-13 11:44:43,762][INFO] [Run 9]
{
    "D": 12,
    "t": 6.0,
    "num_trotter_steps": 2,
    "circuit_time": "0:00:01.836926",
    "shot_processing": {
        "raw_unique_basis_states": 7796,
        "fermion_basis_rejected": 0,
        "kept_unique_basis_states": 7796,
        "fermion_shots_rejected": 0,
        "kept_shots": 100000
    },
    "new_basis_count": 184,
    "total_basis_count": 71126,
    "H_reduced_size": [
        71126,
        71126
    ],
    "reduction": 93.2168960571289,
    "H_reduced_e": 5.2339154613834615e-11,
    "used_dense": false,
    "eigenvalue_time": "0:00:01.479464",
    "diff": 5.2335222484374773e-11,
    "change_from_prev": 7.695641911971324e-15,
    "circuit_cost": {
        "depth": 1623,
        "size": 5432,
        "num_2q_ops": 1294,
        "depth_2q": 544,
        "count_ops": {
            "rz": 1885,
            "sx": 1823,
            "cz": 1294,
            "x": 410,
            "measure": 20,
            "barrier": 1
        }
    }
}
[2026-02-13 11:44:43,763][INFO] [Run 9] Running for Krylov dimension 13
[2026-02-13 11:44:45,743][INFO] [Run 9]
{
    "raw_unique_basis_states": 5054,
    "fermion_basis_rejected": 0,
    "kept_unique_basis_states": 5054,
    "fermion_shots_rejected": 0,
    "kept_shots": 100000
}
[2026-02-13 11:51:25,886][INFO] [Run 9]
{
    "D": 13,
    "t": 6.5,
    "num_trotter_steps": 2,
    "circuit_time": "0:00:01.836182",
    "shot_processing": {
        "raw_unique_basis_states": 5054,
        "fermion_basis_rejected": 0,
        "kept_unique_basis_states": 5054,
        "fermion_shots_rejected": 0,
        "kept_shots": 100000
    },
    "new_basis_count": 100,
    "total_basis_count": 71226,
    "H_reduced_size": [
        71226,
        71226
    ],
    "reduction": 93.20735931396484,
    "H_reduced_e": 5.233629124078922e-11,
    "used_dense": false,
    "eigenvalue_time": "0:00:01.595311",
    "diff": 5.233235911132938e-11,
    "change_from_prev": 2.863373045394204e-15,
    "circuit_cost": {
        "depth": 1641,
        "size": 5518,
        "num_2q_ops": 1294,
        "depth_2q": 544,
        "count_ops": {
            "rz": 1911,
            "sx": 1823,
            "cz": 1294,
            "x": 470,
            "measure": 20,
            "barrier": 1
        }
    }
}
[2026-02-13 11:51:25,887][INFO] [Run 9] Running for Krylov dimension 14
[2026-02-13 11:51:28,481][INFO] [Run 9]
{
    "raw_unique_basis_states": 23238,
    "fermion_basis_rejected": 0,
    "kept_unique_basis_states": 23238,
    "fermion_shots_rejected": 0,
    "kept_shots": 100000
}
[2026-02-13 11:58:25,612][INFO] [Run 9]
{
    "D": 14,
    "t": 4.666666666666667,
    "num_trotter_steps": 3,
    "circuit_time": "0:00:02.390864",
    "shot_processing": {
        "raw_unique_basis_states": 23238,
        "fermion_basis_rejected": 0,
        "kept_unique_basis_states": 23238,
        "fermion_shots_rejected": 0,
        "kept_shots": 100000
    },
    "new_basis_count": 2924,
    "total_basis_count": 74150,
    "H_reduced_size": [
        74150,
        74150
    ],
    "reduction": 92.92850494384766,
    "H_reduced_e": 5.230977309640966e-11,
    "used_dense": false,
    "eigenvalue_time": "0:00:01.597877",
    "diff": 5.230584096694982e-11,
    "change_from_prev": 2.6518144379560087e-14,
    "circuit_cost": {
        "depth": 2440,
        "size": 8165,
        "num_2q_ops": 1941,
        "depth_2q": 815,
        "count_ops": {
            "rz": 2827,
            "sx": 2735,
            "cz": 1941,
            "x": 642,
            "measure": 20,
            "barrier": 1
        }
    }
}
[2026-02-13 11:58:25,616][INFO] [Run 9] Done
