[2026-02-13 10:56:42,285][INFO] Running VQE for linear potential and cutoff 16
[2026-02-13 10:56:42,287][INFO] Truncation: {'m': 212, 'n': 2211, 'keep_frac_terms': 0.09588421528720036, 'keep_ratio': 0.999, 'truncated': 1.377312853455578, 'total_weight': 1381.999999999984}
[2026-02-13 10:56:42,312][INFO] min_eigenvalue: 3.9321294598410086e-15
[2026-02-13 10:56:46,509][INFO] []
[2026-02-13 10:56:46,510][INFO] [Run 1] Running for Krylov dimension 1
[2026-02-13 10:56:47,719][INFO] [Run 1]
{
    "raw_unique_basis_states": 4383,
    "fermion_basis_rejected": 0,
    "kept_unique_basis_states": 4383,
    "fermion_shots_rejected": 0,
    "kept_shots": 100000
}
[2026-02-13 10:57:06,713][INFO] [Run 1]
{
    "D": 1,
    "t": 1.0,
    "num_trotter_steps": 1,
    "circuit_time": "0:00:01.125184",
    "shot_processing": {
        "raw_unique_basis_states": 4383,
        "fermion_basis_rejected": 0,
        "kept_unique_basis_states": 4383,
        "fermion_shots_rejected": 0,
        "kept_shots": 100000
    },
    "new_basis_count": 4383,
    "total_basis_count": 4383,
    "H_reduced_size": [
        4383,
        4383
    ],
    "reduction": 99.58200454711914,
    "H_reduced_e": 0.0002942553493211004,
    "used_dense": false,
    "eigenvalue_time": "0:00:00.028307",
    "diff": 0.0002942553493171683,
    "change_from_prev": null,
    "circuit_cost": {
        "depth": 826,
        "size": 2758,
        "num_2q_ops": 647,
        "depth_2q": 273,
        "count_ops": {
            "rz": 960,
            "sx": 912,
            "cz": 647,
            "x": 219,
            "measure": 20,
            "barrier": 1
        }
    }
}
[2026-02-13 10:57:06,713][INFO] [Run 1] Running for Krylov dimension 2
[2026-02-13 10:57:07,859][INFO] [Run 1]
{
    "raw_unique_basis_states": 17146,
    "fermion_basis_rejected": 0,
    "kept_unique_basis_states": 17146,
    "fermion_shots_rejected": 0,
    "kept_shots": 100000
}
[2026-02-13 10:58:35,611][INFO] [Run 1]
{
    "D": 2,
    "t": 2.0,
    "num_trotter_steps": 1,
    "circuit_time": "0:00:01.054377",
    "shot_processing": {
        "raw_unique_basis_states": 17146,
        "fermion_basis_rejected": 0,
        "kept_unique_basis_states": 17146,
        "fermion_shots_rejected": 0,
        "kept_shots": 100000
    },
    "new_basis_count": 14468,
    "total_basis_count": 18851,
    "H_reduced_size": [
        18851,
        18851
    ],
    "reduction": 98.20222854614258,
    "H_reduced_e": 0.0002612600573758002,
    "used_dense": false,
    "eigenvalue_time": "0:00:00.169466",
    "diff": 0.0002612600573718681,
    "change_from_prev": 3.29952919453002e-05,
    "circuit_cost": {
        "depth": 819,
        "size": 2742,
        "num_2q_ops": 647,
        "depth_2q": 273,
        "count_ops": {
            "rz": 952,
            "sx": 912,
            "cz": 647,
            "x": 211,
            "measure": 20,
            "barrier": 1
        }
    }
}
[2026-02-13 10:58:35,611][INFO] [Run 1] Running for Krylov dimension 3
[2026-02-13 10:58:36,667][INFO] [Run 1]
{
    "raw_unique_basis_states": 4102,
    "fermion_basis_rejected": 0,
    "kept_unique_basis_states": 4102,
    "fermion_shots_rejected": 0,
    "kept_shots": 100000
}
[2026-02-13 11:00:13,457][INFO] [Run 1]
{
    "D": 3,
    "t": 3.0,
    "num_trotter_steps": 1,
    "circuit_time": "0:00:00.984349",
    "shot_processing": {
        "raw_unique_basis_states": 4102,
        "fermion_basis_rejected": 0,
        "kept_unique_basis_states": 4102,
        "fermion_shots_rejected": 0,
        "kept_shots": 100000
    },
    "new_basis_count": 1850,
    "total_basis_count": 20701,
    "H_reduced_size": [
        20701,
        20701
    ],
    "reduction": 98.02579879760742,
    "H_reduced_e": 0.00026126005236336693,
    "used_dense": false,
    "eigenvalue_time": "0:00:00.201612",
    "diff": 0.0002612600523594348,
    "change_from_prev": 5.012433285274398e-12,
    "circuit_cost": {
        "depth": 819,
        "size": 2744,
        "num_2q_ops": 647,
        "depth_2q": 273,
        "count_ops": {
            "rz": 956,
            "sx": 912,
            "cz": 647,
            "x": 209,
            "measure": 20,
            "barrier": 1
        }
    }
}
[2026-02-13 11:00:13,457][INFO] [Run 1] Running for Krylov dimension 4
[2026-02-13 11:00:14,556][INFO] [Run 1]
{
    "raw_unique_basis_states": 15294,
    "fermion_basis_rejected": 0,
    "kept_unique_basis_states": 15294,
    "fermion_shots_rejected": 0,
    "kept_shots": 100000
}
[2026-02-13 11:02:25,694][INFO] [Run 1]
{
    "D": 4,
    "t": 4.0,
    "num_trotter_steps": 1,
    "circuit_time": "0:00:01.011729",
    "shot_processing": {
        "raw_unique_basis_states": 15294,
        "fermion_basis_rejected": 0,
        "kept_unique_basis_states": 15294,
        "fermion_shots_rejected": 0,
        "kept_shots": 100000
    },
    "new_basis_count": 6864,
    "total_basis_count": 27565,
    "H_reduced_size": [
        27565,
        27565
    ],
    "reduction": 97.37119674682617,
    "H_reduced_e": 0.0002599227507767154,
    "used_dense": false,
    "eigenvalue_time": "0:00:00.281328",
    "diff": 0.0002599227507727833,
    "change_from_prev": 1.3373015866515034e-06,
    "circuit_cost": {
        "depth": 826,
        "size": 2756,
        "num_2q_ops": 647,
        "depth_2q": 273,
        "count_ops": {
            "rz": 961,
            "sx": 912,
            "cz": 647,
            "x": 216,
            "measure": 20,
            "barrier": 1
        }
    }
}
[2026-02-13 11:02:25,695][INFO] [Run 1] Running for Krylov dimension 5
[2026-02-13 11:02:26,942][INFO] [Run 1]
{
    "raw_unique_basis_states": 21179,
    "fermion_basis_rejected": 0,
    "kept_unique_basis_states": 21179,
    "fermion_shots_rejected": 0,
    "kept_shots": 100000
}
[2026-02-13 11:05:40,135][INFO] [Run 1]
{
    "D": 5,
    "t": 5.0,
    "num_trotter_steps": 1,
    "circuit_time": "0:00:01.148177",
    "shot_processing": {
        "raw_unique_basis_states": 21179,
        "fermion_basis_rejected": 0,
        "kept_unique_basis_states": 21179,
        "fermion_shots_rejected": 0,
        "kept_shots": 100000
    },
    "new_basis_count": 12017,
    "total_basis_count": 39582,
    "H_reduced_size": [
        39582,
        39582
    ],
    "reduction": 96.22516632080078,
    "H_reduced_e": 0.00025910649063189914,
    "used_dense": false,
    "eigenvalue_time": "0:00:00.541400",
    "diff": 0.000259106490627967,
    "change_from_prev": 8.162601448162793e-07,
    "circuit_cost": {
        "depth": 822,
        "size": 2739,
        "num_2q_ops": 647,
        "depth_2q": 273,
        "count_ops": {
            "rz": 947,
            "sx": 912,
            "cz": 647,
            "x": 213,
            "measure": 20,
            "barrier": 1
        }
    }
}
[2026-02-13 11:05:40,136][INFO] [Run 1] Running for Krylov dimension 6
[2026-02-13 11:05:41,393][INFO] [Run 1]
{
    "raw_unique_basis_states": 3018,
    "fermion_basis_rejected": 0,
    "kept_unique_basis_states": 3018,
    "fermion_shots_rejected": 0,
    "kept_shots": 100000
}
[2026-02-13 11:08:59,893][INFO] [Run 1]
{
    "D": 6,
    "t": 6.0,
    "num_trotter_steps": 1,
    "circuit_time": "0:00:01.186665",
    "shot_processing": {
        "raw_unique_basis_states": 3018,
        "fermion_basis_rejected": 0,
        "kept_unique_basis_states": 3018,
        "fermion_shots_rejected": 0,
        "kept_shots": 100000
    },
    "new_basis_count": 656,
    "total_basis_count": 40238,
    "H_reduced_size": [
        40238,
        40238
    ],
    "reduction": 96.16260528564453,
    "H_reduced_e": 0.0002591045460081905,
    "used_dense": false,
    "eigenvalue_time": "0:00:00.517128",
    "diff": 0.00025910454600425837,
    "change_from_prev": 1.94462370864271e-09,
    "circuit_cost": {
        "depth": 830,
        "size": 2771,
        "num_2q_ops": 647,
        "depth_2q": 273,
        "count_ops": {
            "rz": 970,
            "sx": 908,
            "cz": 647,
            "x": 226,
            "measure": 20,
            "barrier": 1
        }
    }
}
[2026-02-13 11:08:59,893][INFO] [Run 1] Running for Krylov dimension 7
[2026-02-13 11:09:01,909][INFO] [Run 1]
{
    "raw_unique_basis_states": 14243,
    "fermion_basis_rejected": 0,
    "kept_unique_basis_states": 14243,
    "fermion_shots_rejected": 0,
    "kept_shots": 100000
}
[2026-02-13 11:12:50,041][INFO] [Run 1]
{
    "D": 7,
    "t": 3.5,
    "num_trotter_steps": 2,
    "circuit_time": "0:00:01.878261",
    "shot_processing": {
        "raw_unique_basis_states": 14243,
        "fermion_basis_rejected": 0,
        "kept_unique_basis_states": 14243,
        "fermion_shots_rejected": 0,
        "kept_shots": 100000
    },
    "new_basis_count": 5984,
    "total_basis_count": 46222,
    "H_reduced_size": [
        46222,
        46222
    ],
    "reduction": 95.59192657470703,
    "H_reduced_e": 0.00025858527630234676,
    "used_dense": false,
    "eigenvalue_time": "0:00:00.658152",
    "diff": 0.0002585852762984146,
    "change_from_prev": 5.192697058437447e-07,
    "circuit_cost": {
        "depth": 1626,
        "size": 5445,
        "num_2q_ops": 1294,
        "depth_2q": 544,
        "count_ops": {
            "rz": 1883,
            "sx": 1823,
            "cz": 1294,
            "x": 425,
            "measure": 20,
            "barrier": 1
        }
    }
}
[2026-02-13 11:12:50,041][INFO] [Run 1] Running for Krylov dimension 8
[2026-02-13 11:12:52,066][INFO] [Run 1]
{
    "raw_unique_basis_states": 22373,
    "fermion_basis_rejected": 0,
    "kept_unique_basis_states": 22373,
    "fermion_shots_rejected": 0,
    "kept_shots": 100000
}
[2026-02-13 11:17:27,406][INFO] [Run 1]
{
    "D": 8,
    "t": 4.0,
    "num_trotter_steps": 2,
    "circuit_time": "0:00:01.875606",
    "shot_processing": {
        "raw_unique_basis_states": 22373,
        "fermion_basis_rejected": 0,
        "kept_unique_basis_states": 22373,
        "fermion_shots_rejected": 0,
        "kept_shots": 100000
    },
    "new_basis_count": 8353,
    "total_basis_count": 54575,
    "H_reduced_size": [
        54575,
        54575
    ],
    "reduction": 94.79532241821289,
    "H_reduced_e": 2.5490456372833638e-06,
    "used_dense": false,
    "eigenvalue_time": "0:00:00.882162",
    "diff": 2.5490456333512344e-06,
    "change_from_prev": 0.0002560362306650634,
    "circuit_cost": {
        "depth": 1625,
        "size": 5434,
        "num_2q_ops": 1294,
        "depth_2q": 544,
        "count_ops": {
            "rz": 1883,
            "sx": 1823,
            "cz": 1294,
            "x": 414,
            "measure": 20,
            "barrier": 1
        }
    }
}
[2026-02-13 11:17:27,406][INFO] [Run 1] Running for Krylov dimension 9
[2026-02-13 11:17:29,413][INFO] [Run 1]
{
    "raw_unique_basis_states": 26129,
    "fermion_basis_rejected": 0,
    "kept_unique_basis_states": 26129,
    "fermion_shots_rejected": 0,
    "kept_shots": 100000
}
[2026-02-13 11:22:51,848][INFO] [Run 1]
{
    "D": 9,
    "t": 4.5,
    "num_trotter_steps": 2,
    "circuit_time": "0:00:01.847239",
    "shot_processing": {
        "raw_unique_basis_states": 26129,
        "fermion_basis_rejected": 0,
        "kept_unique_basis_states": 26129,
        "fermion_shots_rejected": 0,
        "kept_shots": 100000
    },
    "new_basis_count": 8946,
    "total_basis_count": 63521,
    "H_reduced_size": [
        63521,
        63521
    ],
    "reduction": 93.94216537475586,
    "H_reduced_e": 2.540972881457281e-06,
    "used_dense": false,
    "eigenvalue_time": "0:00:01.033496",
    "diff": 2.5409728775251516e-06,
    "change_from_prev": 8.072755826082785e-09,
    "circuit_cost": {
        "depth": 1650,
        "size": 5440,
        "num_2q_ops": 1294,
        "depth_2q": 544,
        "count_ops": {
            "rz": 1885,
            "sx": 1823,
            "cz": 1294,
            "x": 418,
            "measure": 20,
            "barrier": 1
        }
    }
}
[2026-02-13 11:22:51,849][INFO] [Run 1] Running for Krylov dimension 10
[2026-02-13 11:22:53,842][INFO] [Run 1]
{
    "raw_unique_basis_states": 24121,
    "fermion_basis_rejected": 0,
    "kept_unique_basis_states": 24121,
    "fermion_shots_rejected": 0,
    "kept_shots": 100000
}
[2026-02-13 11:28:45,994][INFO] [Run 1]
{
    "D": 10,
    "t": 5.0,
    "num_trotter_steps": 2,
    "circuit_time": "0:00:01.839602",
    "shot_processing": {
        "raw_unique_basis_states": 24121,
        "fermion_basis_rejected": 0,
        "kept_unique_basis_states": 24121,
        "fermion_shots_rejected": 0,
        "kept_shots": 100000
    },
    "new_basis_count": 5307,
    "total_basis_count": 68828,
    "H_reduced_size": [
        68828,
        68828
    ],
    "reduction": 93.43605041503906,
    "H_reduced_e": 2.5194917506921336e-06,
    "used_dense": false,
    "eigenvalue_time": "0:00:01.208932",
    "diff": 2.5194917467600042e-06,
    "change_from_prev": 2.1481130765147388e-08,
    "circuit_cost": {
        "depth": 1639,
        "size": 5466,
        "num_2q_ops": 1294,
        "depth_2q": 544,
        "count_ops": {
            "rz": 1901,
            "sx": 1823,
            "cz": 1294,
            "x": 428,
            "measure": 20,
            "barrier": 1
        }
    }
}
[2026-02-13 11:28:45,994][INFO] [Run 1] Running for Krylov dimension 11
[2026-02-13 11:28:47,979][INFO] [Run 1]
{
    "raw_unique_basis_states": 16662,
    "fermion_basis_rejected": 0,
    "kept_unique_basis_states": 16662,
    "fermion_shots_rejected": 0,
    "kept_shots": 100000
}
[2026-02-13 11:34:55,373][INFO] [Run 1]
{
    "D": 11,
    "t": 5.5,
    "num_trotter_steps": 2,
    "circuit_time": "0:00:01.837683",
    "shot_processing": {
        "raw_unique_basis_states": 16662,
        "fermion_basis_rejected": 0,
        "kept_unique_basis_states": 16662,
        "fermion_shots_rejected": 0,
        "kept_shots": 100000
    },
    "new_basis_count": 1989,
    "total_basis_count": 70817,
    "H_reduced_size": [
        70817,
        70817
    ],
    "reduction": 93.24636459350586,
    "H_reduced_e": 2.9387910995790456e-11,
    "used_dense": false,
    "eigenvalue_time": "0:00:01.560661",
    "diff": 2.9383978866330614e-11,
    "change_from_prev": 2.519462362781138e-06,
    "circuit_cost": {
        "depth": 1653,
        "size": 5532,
        "num_2q_ops": 1294,
        "depth_2q": 544,
        "count_ops": {
            "rz": 1941,
            "sx": 1823,
            "cz": 1294,
            "x": 454,
            "measure": 20,
            "barrier": 1
        }
    }
}
[2026-02-13 11:34:55,374][INFO] [Run 1] Running for Krylov dimension 12
[2026-02-13 11:34:57,337][INFO] [Run 1]
{
    "raw_unique_basis_states": 7868,
    "fermion_basis_rejected": 0,
    "kept_unique_basis_states": 7868,
    "fermion_shots_rejected": 0,
    "kept_shots": 100000
}
[2026-02-13 11:41:10,914][INFO] [Run 1]
{
    "D": 12,
    "t": 6.0,
    "num_trotter_steps": 2,
    "circuit_time": "0:00:01.832858",
    "shot_processing": {
        "raw_unique_basis_states": 7868,
        "fermion_basis_rejected": 0,
        "kept_unique_basis_states": 7868,
        "fermion_shots_rejected": 0,
        "kept_shots": 100000
    },
    "new_basis_count": 188,
    "total_basis_count": 71005,
    "H_reduced_size": [
        71005,
        71005
    ],
    "reduction": 93.22843551635742,
    "H_reduced_e": 2.9371670827147815e-11,
    "used_dense": false,
    "eigenvalue_time": "0:00:01.765100",
    "diff": 2.936773869768797e-11,
    "change_from_prev": 1.6240168642640838e-14,
    "circuit_cost": {
        "depth": 1623,
        "size": 5432,
        "num_2q_ops": 1294,
        "depth_2q": 544,
        "count_ops": {
            "rz": 1885,
            "sx": 1823,
            "cz": 1294,
            "x": 410,
            "measure": 20,
            "barrier": 1
        }
    }
}
[2026-02-13 11:41:10,915][INFO] [Run 1] Running for Krylov dimension 13
[2026-02-13 11:41:13,473][INFO] [Run 1]
{
    "raw_unique_basis_states": 22194,
    "fermion_basis_rejected": 0,
    "kept_unique_basis_states": 22194,
    "fermion_shots_rejected": 0,
    "kept_shots": 100000
}
[2026-02-13 11:47:42,637][INFO] [Run 1]
{
    "D": 13,
    "t": 4.333333333333333,
    "num_trotter_steps": 3,
    "circuit_time": "0:00:02.356219",
    "shot_processing": {
        "raw_unique_basis_states": 22194,
        "fermion_basis_rejected": 0,
        "kept_unique_basis_states": 22194,
        "fermion_shots_rejected": 0,
        "kept_shots": 100000
    },
    "new_basis_count": 2381,
    "total_basis_count": 73386,
    "H_reduced_size": [
        73386,
        73386
    ],
    "reduction": 93.0013656616211,
    "H_reduced_e": 2.9238305916445903e-11,
    "used_dense": false,
    "eigenvalue_time": "0:00:01.603149",
    "diff": 2.923437378698606e-11,
    "change_from_prev": 1.3336491070191186e-13,
    "circuit_cost": {
        "depth": 2463,
        "size": 8250,
        "num_2q_ops": 1941,
        "depth_2q": 815,
        "count_ops": {
            "rz": 2873,
            "sx": 2735,
            "cz": 1941,
            "x": 681,
            "measure": 20,
            "barrier": 1
        }
    }
}
[2026-02-13 11:47:42,638][INFO] [Run 1] Running for Krylov dimension 14
[2026-02-13 11:47:45,233][INFO] [Run 1]
{
    "raw_unique_basis_states": 23126,
    "fermion_basis_rejected": 0,
    "kept_unique_basis_states": 23126,
    "fermion_shots_rejected": 0,
    "kept_shots": 100000
}
[2026-02-13 11:54:23,870][INFO] [Run 1]
{
    "D": 14,
    "t": 4.666666666666667,
    "num_trotter_steps": 3,
    "circuit_time": "0:00:02.392216",
    "shot_processing": {
        "raw_unique_basis_states": 23126,
        "fermion_basis_rejected": 0,
        "kept_unique_basis_states": 23126,
        "fermion_shots_rejected": 0,
        "kept_shots": 100000
    },
    "new_basis_count": 2087,
    "total_basis_count": 75473,
    "H_reduced_size": [
        75473,
        75473
    ],
    "reduction": 92.80233383178711,
    "H_reduced_e": 2.91837466923951e-11,
    "used_dense": false,
    "eigenvalue_time": "0:00:01.752304",
    "diff": 2.917981456293526e-11,
    "change_from_prev": 5.4559224050803864e-14,
    "circuit_cost": {
        "depth": 2440,
        "size": 8165,
        "num_2q_ops": 1941,
        "depth_2q": 815,
        "count_ops": {
            "rz": 2827,
            "sx": 2735,
            "cz": 1941,
            "x": 642,
            "measure": 20,
            "barrier": 1
        }
    }
}
[2026-02-13 11:54:23,873][INFO] [Run 1] Done
