[2025-10-03 14:28:33,992][INFO] Running VQE using ibm_kingston backend
[2025-10-03 14:28:33,992][INFO] Running VQE using CQAVQE_DW4_exact ansatz with 3 params
[2025-10-03 14:28:35,060][INFO] Starting VQE run 1 (seed=52661718)
[2025-10-03 14:28:35,921][INFO] Session ID: 10878442-4350-4503-bd7b-43dd46682842
[2025-10-03 14:28:35,921][INFO] EstimatorOptions(_VERSION=2, max_execution_time=Unset, environment=EnvironmentOptions(log_level='WARNING', callback=None, job_tags=None, private=False), simulator=SimulatorOptions(noise_model=Unset, seed_simulator=Unset, coupling_map=Unset, basis_gates=Unset), default_precision=Unset, default_shots=4096, resilience_level=0, seed_estimator=Unset, dynamical_decoupling=DynamicalDecouplingOptions(enable=Unset, sequence_type=Unset, extra_slack_distribution=Unset, scheduling_method=Unset, skip_reset_qubits=Unset), resilience=ResilienceOptionsV2(measure_mitigation=Unset, measure_noise_learning=MeasureNoiseLearningOptions(num_randomizations=Unset, shots_per_randomization=Unset), zne_mitigation=Unset, zne=ZneOptions(amplifier=Unset, noise_factors=Unset, extrapolator=Unset, extrapolated_noise_factors=Unset), pec_mitigation=Unset, pec=PecOptions(max_overhead=Unset, noise_gain=Unset), layer_noise_learning=LayerNoiseLearningOptions(max_layers_to_learn=Unset, shots_per_randomization=Unset, num_randomizations=Unset, layer_pair_depths=Unset), layer_noise_model=Unset), execution=ExecutionOptionsV2(init_qubits=Unset, rep_delay=Unset), twirling=TwirlingOptions(enable_gates=Unset, enable_measure=Unset, num_randomizations=Unset, shots_per_randomization=Unset, strategy=Unset), experimental=Unset)
[2025-10-03 14:57:59,654][INFO] Iteration 1: Energy = 1.55354746
[2025-10-03 14:58:11,686][INFO] Iteration 2: Energy = 1.48684623
[2025-10-03 14:58:24,343][INFO] Iteration 3: Energy = 3.19296901
[2025-10-03 14:58:36,629][INFO] Iteration 4: Energy = 1.75197332
[2025-10-03 14:58:48,873][INFO] Iteration 5: Energy = 3.43171463
[2025-10-03 14:59:01,762][INFO] Iteration 6: Energy = 5.72236547
[2025-10-03 14:59:13,806][INFO] Iteration 7: Energy = 1.73417367
[2025-10-03 14:59:26,584][INFO] Iteration 8: Energy = 1.60933508
[2025-10-03 14:59:38,616][INFO] Iteration 9: Energy = 1.31605798
[2025-10-03 14:59:51,181][INFO] Iteration 10: Energy = 1.26294033
[2025-10-03 15:00:04,449][INFO] Iteration 11: Energy = 1.23082065
[2025-10-03 15:00:16,018][INFO] Iteration 12: Energy = 1.29038545
[2025-10-03 15:00:28,144][INFO] Iteration 13: Energy = 1.27504376
[2025-10-03 15:00:39,962][INFO] Iteration 14: Energy = 1.23030521
[2025-10-03 15:00:51,442][INFO] Iteration 15: Energy = 1.33233451
[2025-10-03 15:01:03,860][INFO] Iteration 16: Energy = 1.35248244
[2025-10-03 15:01:16,685][INFO] Iteration 17: Energy = 1.25211938
[2025-10-03 15:01:28,839][INFO] Iteration 18: Energy = 1.30307781
[2025-10-03 15:01:40,572][INFO] Iteration 19: Energy = 1.16078834
[2025-10-03 15:01:53,514][INFO] Iteration 20: Energy = 1.28886457
[2025-10-03 15:02:06,127][INFO] Iteration 21: Energy = 1.25149484
[2025-10-03 15:02:18,226][INFO] Iteration 22: Energy = 1.20763550
[2025-10-03 15:02:29,396][INFO] Iteration 23: Energy = 1.24312459
[2025-10-03 15:02:41,738][INFO] Iteration 24: Energy = 1.23863688
[2025-10-03 15:02:53,615][INFO] Iteration 25: Energy = 1.18727665
[2025-10-03 15:03:06,091][INFO] Iteration 26: Energy = 1.31051516
[2025-10-03 15:03:18,466][INFO] Iteration 27: Energy = 1.25562306
[2025-10-03 15:03:30,346][INFO] Iteration 28: Energy = 1.17721848
[2025-10-03 15:03:41,481][INFO] Iteration 29: Energy = 1.26481322
[2025-10-03 15:03:53,955][INFO] Iteration 30: Energy = 1.22652035
[2025-10-03 15:04:06,584][INFO] Iteration 31: Energy = 1.25036241
[2025-10-03 15:04:19,618][INFO] Iteration 32: Energy = 1.21670217
[2025-10-03 15:04:31,778][INFO] Iteration 33: Energy = 1.21746337
[2025-10-03 15:04:43,349][INFO] Iteration 34: Energy = 1.27756059
[2025-10-03 15:04:55,182][INFO] Iteration 35: Energy = 1.24507330
[2025-10-03 15:05:07,311][INFO] Iteration 36: Energy = 1.37380359
[2025-10-03 15:05:19,131][INFO] Iteration 37: Energy = 1.21075736
[2025-10-03 15:05:31,173][INFO] Iteration 38: Energy = 1.26308956
[2025-10-03 15:05:42,779][INFO] Iteration 39: Energy = 1.18678370
[2025-10-03 15:05:54,296][INFO] Iteration 40: Energy = 1.23376122
[2025-10-03 15:06:06,356][INFO] Iteration 41: Energy = 1.29453821
[2025-10-03 15:06:18,210][INFO] Iteration 42: Energy = 1.23933650
[2025-10-03 15:06:30,286][INFO] Iteration 43: Energy = 1.25374466
[2025-10-03 15:06:42,009][INFO] Iteration 44: Energy = 1.20049433
[2025-10-03 15:06:54,289][INFO] Iteration 45: Energy = 1.27776329
[2025-10-03 15:07:06,571][INFO] Iteration 46: Energy = 1.16580327
[2025-10-03 15:07:18,294][INFO] Iteration 47: Energy = 1.29690381
[2025-10-03 15:07:30,447][INFO] Iteration 48: Energy = 1.17408599
[2025-10-03 15:07:42,411][INFO] Iteration 49: Energy = 1.30433538
[2025-10-03 15:07:55,240][INFO] Iteration 50: Energy = 1.37162612
[2025-10-03 15:08:07,558][INFO] Iteration 51: Energy = 1.20611256
[2025-10-03 15:08:19,511][INFO] Iteration 52: Energy = 1.30806021
[2025-10-03 15:08:31,697][INFO] Iteration 53: Energy = 1.25187858
[2025-10-03 15:08:43,916][INFO] Iteration 54: Energy = 1.35249532
[2025-10-03 15:08:56,556][INFO] Iteration 55: Energy = 1.29370440
[2025-10-03 15:09:08,531][INFO] Iteration 56: Energy = 1.25105534
[2025-10-03 15:09:20,315][INFO] Iteration 57: Energy = 1.33137592
[2025-10-03 15:09:32,035][INFO] Iteration 58: Energy = 1.29979841
[2025-10-03 15:09:44,199][INFO] Iteration 59: Energy = 1.20876670
[2025-10-03 15:09:55,783][INFO] Iteration 60: Energy = 1.28274903
[2025-10-03 15:10:08,934][INFO] Iteration 61: Energy = 1.20220950
[2025-10-03 15:10:20,608][INFO] Iteration 62: Energy = 1.31817373
[2025-10-03 15:10:33,027][INFO] Iteration 63: Energy = 1.22993720
[2025-10-03 15:10:45,796][INFO] Iteration 64: Energy = 1.14855634
[2025-10-03 15:10:57,667][INFO] Iteration 65: Energy = 1.23949399
[2025-10-03 15:11:08,842][INFO] Iteration 66: Energy = 1.21034288
[2025-10-03 15:11:21,888][INFO] Iteration 67: Energy = 1.24842002
[2025-10-03 15:11:34,141][INFO] Iteration 68: Energy = 1.23474941
[2025-10-03 15:11:45,968][INFO] Iteration 69: Energy = 1.26012416
[2025-10-03 15:11:46,733][INFO] Completed VQE run 1: Energy = 1.148556
[2025-10-03 15:11:46,734][INFO] {'seed': 52661718, 'energy': np.float64(1.1485563435002233), 'params': [5.790604934991277, 6.283185307179586, 2.6759775953013927], 'success': False, 'num_iters': 69, 'run_time': datetime.timedelta(seconds=2592, microseconds=742042), 'message': 'The maximum number of iterations has been exceeded'}
