[2025-10-13 10:38:53,379][INFO] {
    "backend": "Aer",
    "use_noise_model": 0,
    "Potential": "AHO",
    "cutoff": 8,
    "num_qubits": 4,
    "shots": null,
    "lam": 15,
    "p": 2,
    "eps": 0.0625,
    "num_vqe_runs": 1,
    "max_iter": 200,
    "initial_tr_radius": 1.0,
    "final_tr_radius": 1e-11,
    "ansatz_name": "CQAVQE_AHO8_exact",
    "path": "C:\\Users\\Johnk\\Documents\\PhD\\Quantum Computing Code\\Quantum-Computing\\SUSY\\SUSY QM\\Qiskit\\NQCC Access\\RealDevice\\Aer\\Files\\None\\AHO\\2025-10-13_10-38-53",
    "tags": [
        "NQCC-Q3",
        "CQAVQE_AHO8_exact",
        "shots:None"
    ],
    "seed": 18386610
}
[2025-10-13 10:38:53,379][INFO] Starting VQE run 1 (seed=18386610)
[2025-10-13 10:38:53,379][INFO] Session ID: None
[2025-10-13 10:38:53,379][INFO] {
    "default_precision": 0.0,
    "backend_options": {
        "method": "automatic",
        "noise_model": null
    },
    "run_options": {
        "shots": null
    }
}
[2025-10-13 10:38:53,389][INFO] Iteration 1: Energy = 31.43750000
[2025-10-13 10:38:53,393][INFO] Iteration 2: Energy = 248.93750000
[2025-10-13 10:38:53,397][INFO] Iteration 3: Energy = 0.93750000
[2025-10-13 10:38:53,401][INFO] Iteration 4: Energy = 31.43750000
[2025-10-13 10:38:53,404][INFO] Iteration 5: Energy = 31.43750000
[2025-10-13 10:38:53,407][INFO] Iteration 6: Energy = 0.93750000
[2025-10-13 10:38:53,411][INFO] Iteration 7: Energy = 31.43750000
[2025-10-13 10:38:53,415][INFO] Iteration 8: Energy = 0.93750000
[2025-10-13 10:38:53,420][INFO] Iteration 9: Energy = 0.12701854
[2025-10-13 10:38:53,424][INFO] Iteration 10: Energy = 2.70912313
[2025-10-13 10:38:53,428][INFO] Iteration 11: Energy = 0.12701854
[2025-10-13 10:38:53,432][INFO] Iteration 12: Energy = 0.93101256
[2025-10-13 10:38:53,437][INFO] Iteration 13: Energy = 0.27241460
[2025-10-13 10:38:53,441][INFO] Iteration 14: Energy = 0.16104031
[2025-10-13 10:38:53,444][INFO] Iteration 15: Energy = 0.12682475
[2025-10-13 10:38:53,448][INFO] Iteration 16: Energy = 0.12682482
[2025-10-13 10:38:53,453][INFO] Iteration 17: Energy = 0.91140716
[2025-10-13 10:38:53,457][INFO] Iteration 18: Energy = 0.12682466
[2025-10-13 10:38:53,461][INFO] Iteration 19: Energy = 0.57642400
[2025-10-13 10:38:53,465][INFO] Iteration 20: Energy = 0.91148554
[2025-10-13 10:38:53,470][INFO] Iteration 21: Energy = 0.12682403
[2025-10-13 10:38:53,474][INFO] Iteration 22: Energy = 0.15472245
[2025-10-13 10:38:53,478][INFO] Iteration 23: Energy = 0.12876943
[2025-10-13 10:38:53,482][INFO] Iteration 24: Energy = 0.13474899
[2025-10-13 10:38:53,485][INFO] Iteration 25: Energy = 0.12784262
[2025-10-13 10:38:53,489][INFO] Iteration 26: Energy = 0.13328475
[2025-10-13 10:38:53,493][INFO] Iteration 27: Energy = 0.12682403
[2025-10-13 10:38:53,497][INFO] Iteration 28: Energy = 0.12682403
[2025-10-13 10:38:53,501][INFO] Iteration 29: Energy = 0.12731939
[2025-10-13 10:38:53,505][INFO] Iteration 30: Energy = 0.12682403
[2025-10-13 10:38:53,509][INFO] Iteration 31: Energy = 0.12900089
[2025-10-13 10:38:53,513][INFO] Iteration 32: Energy = 0.12683262
[2025-10-13 10:38:53,517][INFO] Iteration 33: Energy = 0.12688864
[2025-10-13 10:38:53,521][INFO] Iteration 34: Energy = 0.12685225
[2025-10-13 10:38:53,525][INFO] Iteration 35: Energy = 0.12689494
[2025-10-13 10:38:53,529][INFO] Iteration 36: Energy = 0.12682407
[2025-10-13 10:38:53,533][INFO] Iteration 37: Energy = 0.12682480
[2025-10-13 10:38:53,537][INFO] Iteration 38: Energy = 0.12703553
[2025-10-13 10:38:53,541][INFO] Iteration 39: Energy = 0.12682415
[2025-10-13 10:38:53,545][INFO] Iteration 40: Energy = 0.12682453
[2025-10-13 10:38:53,549][INFO] Iteration 41: Energy = 0.12682404
[2025-10-13 10:38:53,553][INFO] Iteration 42: Energy = 0.12684512
[2025-10-13 10:38:53,557][INFO] Iteration 43: Energy = 0.12682403
[2025-10-13 10:38:53,561][INFO] Iteration 44: Energy = 0.12682403
[2025-10-13 10:38:53,565][INFO] Iteration 45: Energy = 0.12682404
[2025-10-13 10:38:53,569][INFO] Iteration 46: Energy = 0.12682404
[2025-10-13 10:38:53,574][INFO] Iteration 47: Energy = 0.12682403
[2025-10-13 10:38:53,578][INFO] Iteration 48: Energy = 0.12682403
[2025-10-13 10:38:53,582][INFO] Iteration 49: Energy = 0.12682403
[2025-10-13 10:38:53,586][INFO] Iteration 50: Energy = 0.12682634
[2025-10-13 10:38:53,590][INFO] Iteration 51: Energy = 0.12682403
[2025-10-13 10:38:53,593][INFO] Iteration 52: Energy = 0.12682403
[2025-10-13 10:38:53,598][INFO] Iteration 53: Energy = 0.12682403
[2025-10-13 10:38:53,603][INFO] Iteration 54: Energy = 0.12682426
[2025-10-13 10:38:53,607][INFO] Iteration 55: Energy = 0.12682403
[2025-10-13 10:38:53,611][INFO] Iteration 56: Energy = 0.12682403
[2025-10-13 10:38:53,615][INFO] Iteration 57: Energy = 0.12682403
[2025-10-13 10:38:53,619][INFO] Iteration 58: Energy = 0.12682406
[2025-10-13 10:38:53,623][INFO] Iteration 59: Energy = 0.12682403
[2025-10-13 10:38:53,626][INFO] Iteration 60: Energy = 0.12682403
[2025-10-13 10:38:53,631][INFO] Iteration 61: Energy = 0.12682403
[2025-10-13 10:38:53,635][INFO] Iteration 62: Energy = 0.12682403
[2025-10-13 10:38:53,639][INFO] Iteration 63: Energy = 0.12682403
[2025-10-13 10:38:53,643][INFO] Iteration 64: Energy = 0.12682405
[2025-10-13 10:38:53,648][INFO] Iteration 65: Energy = 0.12682403
[2025-10-13 10:38:53,652][INFO] Iteration 66: Energy = 0.12682404
[2025-10-13 10:38:53,656][INFO] Iteration 67: Energy = 0.12682403
[2025-10-13 10:38:53,660][INFO] Iteration 68: Energy = 0.12682403
[2025-10-13 10:38:53,664][INFO] Iteration 69: Energy = 0.12682403
[2025-10-13 10:38:53,668][INFO] Iteration 70: Energy = 0.12682403
[2025-10-13 10:38:53,672][INFO] Iteration 71: Energy = 0.12682403
[2025-10-13 10:38:53,675][INFO] Iteration 72: Energy = 0.12682403
[2025-10-13 10:38:53,679][INFO] Iteration 73: Energy = 0.12682403
[2025-10-13 10:38:53,683][INFO] Iteration 74: Energy = 0.12682403
[2025-10-13 10:38:53,687][INFO] Iteration 75: Energy = 0.12682403
[2025-10-13 10:38:53,691][INFO] Iteration 76: Energy = 0.12682403
[2025-10-13 10:38:53,695][INFO] Iteration 77: Energy = 0.12682403
[2025-10-13 10:38:53,699][INFO] Iteration 78: Energy = 0.12682403
[2025-10-13 10:38:53,703][INFO] Iteration 79: Energy = 0.12682403
[2025-10-13 10:38:53,707][INFO] Iteration 80: Energy = 0.12682403
[2025-10-13 10:38:53,711][INFO] Iteration 81: Energy = 0.12682403
[2025-10-13 10:38:53,715][INFO] Iteration 82: Energy = 0.12682403
[2025-10-13 10:38:53,720][INFO] Iteration 83: Energy = 0.12682403
[2025-10-13 10:38:53,725][INFO] Iteration 84: Energy = 0.12682403
[2025-10-13 10:38:53,728][INFO] Iteration 85: Energy = 0.12682403
[2025-10-13 10:38:53,732][INFO] Iteration 86: Energy = 0.12682403
[2025-10-13 10:38:53,736][INFO] Iteration 87: Energy = 0.12682403
[2025-10-13 10:38:53,740][INFO] Iteration 88: Energy = 0.12682403
[2025-10-13 10:38:53,743][INFO] Iteration 89: Energy = 0.12682403
[2025-10-13 10:38:53,747][INFO] Iteration 90: Energy = 0.12682403
[2025-10-13 10:38:53,751][INFO] Iteration 91: Energy = 0.12682403
[2025-10-13 10:38:53,751][INFO] Completed VQE run 1: Energy = 0.126824
[2025-10-13 10:38:53,751][INFO] optimizer message: The lower bound for the trust-region radius has been reached
[2025-10-13 10:38:53,751][INFO] {
    "seed": 18386610,
    "session_id": null,
    "energy": 0.1268240335283295,
    "params": [
        6.283185307179586,
        5.964104493340139,
        3.8784357041199313
    ],
    "success": "True",
    "num_iters": 91,
    "run_time": "0:00:00.373202"
}
