[2026-01-12 15:09:49,712][INFO] Running VQE for linear potential and cutoff 8
[2026-01-12 15:09:49,722][INFO] min_eigenvalue: 2.735716909695447e-08
[2026-01-12 15:09:51,343][INFO] {
    "_VERSION": 2,
    "max_execution_time": "Unset",
    "environment": {
        "log_level": "WARNING",
        "callback": null,
        "job_tags": [
            "NQCC-Q4",
            "SBQKD",
            "shots:10000",
            "dirichlet",
            "linear",
            "N=3",
            "cutoff=8"
        ],
        "private": false
    },
    "simulator": {
        "noise_model": "Unset",
        "seed_simulator": "Unset",
        "coupling_map": "Unset",
        "basis_gates": "Unset"
    },
    "default_shots": 10000,
    "dynamical_decoupling": {
        "enable": true,
        "sequence_type": "Unset",
        "extra_slack_distribution": "Unset",
        "scheduling_method": "Unset",
        "skip_reset_qubits": "Unset"
    },
    "execution": {
        "init_qubits": "Unset",
        "rep_delay": "Unset",
        "meas_type": "Unset"
    },
    "twirling": {
        "enable_gates": true,
        "enable_measure": true,
        "num_randomizations": "Unset",
        "shots_per_randomization": "Unset",
        "strategy": "Unset"
    },
    "experimental": "Unset"
}
[2026-01-12 15:09:51,346][INFO] Running for Krylov dimension 1
