[2025-08-05 10:04:01,967][INFO] Starting VQE run 32 (seed=74051866)
[2025-08-05 10:04:02,109][INFO] Adding RY(0.0, wires=[6]) had small change in overlap from 0.0 to 0.0
[2025-08-05 10:04:02,402][INFO] Adding CRY(0.0, wires=[6, 5])) had small change in overlap from 0.0 to 0.0
[2025-08-05 10:04:02,674][INFO] Adding RY(0.0, wires=[4]) had small change in overlap from 0.0 to 0.0
[2025-08-05 10:04:03,123][INFO] Adding RY(0.0, wires=[5]) had small change in overlap from 0.0 to 0.0
[2025-08-05 10:04:04,392][INFO] Adding RY(0.0, wires=[3]) had small change in overlap from 0.0 to 0.0
[2025-08-05 10:04:06,030][INFO] Adding CRY(0.0, wires=[6, 4])) had small change in overlap from 0.0 to 0.0
[2025-08-05 10:04:08,783][INFO] Adding CRY(0.0, wires=[6, 3])) had small change in overlap from 0.0 to 0.0
[2025-08-05 10:04:16,026][INFO] Adding CRY(0.0, wires=[5, 4])) had small change in overlap from 0.0 to 0.0
[2025-08-05 10:04:36,457][INFO] Adding RY(0.0, wires=[5]) had small change in overlap from 0.0 to 0.0
[2025-08-05 10:04:58,813][INFO] Adding CRY(0.0, wires=[5, 3])) had small change in overlap from 0.0 to 0.0
[2025-08-05 10:05:22,841][INFO] Adding CRY(0.0, wires=[6, 2])) had small change in overlap from 0.0 to 0.0
[2025-08-05 10:05:47,784][INFO] Adding RY(0.0, wires=[2]) had small change in overlap from 0.0 to 0.0
[2025-08-05 10:06:14,576][INFO] Adding CRY(0.0, wires=[4, 3])) had small change in overlap from 0.0 to 0.0
[2025-08-05 10:06:42,018][INFO] Adding RY(0.0, wires=[4]) had small change in overlap from 0.0 to 0.0
[2025-08-05 10:07:11,353][INFO] Adding CRY(0.0, wires=[5, 2])) had small change in overlap from 0.0 to 0.0
[2025-08-05 10:07:41,236][INFO] Adding RY(0.0, wires=[5]) had small change in overlap from 0.0 to 0.0
[2025-08-05 10:08:12,150][INFO] Adding RY(0.0, wires=[1]) had small change in overlap from 0.0 to 0.0
[2025-08-05 10:08:44,820][INFO] Adding CRY(0.0, wires=[4, 5])) had small change in overlap from 0.0 to 0.0
[2025-08-05 10:09:19,172][INFO] Adding CRY(0.0, wires=[4, 6])) had small change in overlap from 0.0 to 0.0
[2025-08-05 10:09:54,241][INFO] Adding RY(0.0, wires=[4]) had small change in overlap from 0.0 to 0.0
[2025-08-05 10:10:30,166][INFO] Adding RY(0.0, wires=[5]) had small change in overlap from 0.0 to 0.0
[2025-08-05 10:11:06,651][INFO] Adding RY(0.0, wires=[2]) had small change in overlap from 0.0 to 0.0
[2025-08-05 10:11:44,904][INFO] Adding CRY(0.0, wires=[3, 5])) had small change in overlap from 0.0 to 0.0
[2025-08-05 10:12:23,723][INFO] Adding RY(0.0, wires=[3]) had small change in overlap from 0.0 to 0.0
[2025-08-05 10:13:04,467][INFO] Adding CRY(0.0, wires=[6, 1])) had small change in overlap from 0.0 to 0.0
[2025-08-05 10:13:46,067][INFO] Adding RY(0.0, wires=[6]) had small change in overlap from 0.0 to 0.0
[2025-08-05 10:14:24,092][INFO] Adding CRY(0.0, wires=[5, 6])) had small change in overlap from 0.0 to 0.0
[2025-08-05 10:14:58,166][INFO] Adding RY(0.0, wires=[5]) had small change in overlap from 0.0 to 0.0
[2025-08-05 10:15:32,631][INFO] Adding RY(0.0, wires=[1]) had small change in overlap from 0.0 to 0.0
[2025-08-05 10:16:07,768][INFO] Adding RY(0.0, wires=[6]) had small change in overlap from 0.0 to 0.0
[2025-08-05 10:16:07,769][INFO] Completed VQE run 29
[2025-08-05 10:16:07,769][INFO] Final ops list: [{'name': 'RY', 'param': 6.283292865139188, 'wires': [6]}, {'name': 'CRY', 'param': 1.5501718947724008, 'wires': [6, 5]}, {'name': 'RY', 'param': 0.1615691940225773, 'wires': [4]}, {'name': 'RY', 'param': 0.014502095116067556, 'wires': [5]}, {'name': 'RY', 'param': -0.5497084079797441, 'wires': [3]}, {'name': 'CRY', 'param': 1.3645095292461678, 'wires': [6, 4]}, {'name': 'CRY', 'param': 2.4863806615619235, 'wires': [6, 3]}, {'name': 'CRY', 'param': -0.59212655280265, 'wires': [5, 4]}, {'name': 'RY', 'param': 1.0183121375486288, 'wires': [5]}, {'name': 'CRY', 'param': 0.7083963261221309, 'wires': [5, 3]}, {'name': 'CRY', 'param': 2.315195982007463, 'wires': [6, 2]}, {'name': 'RY', 'param': -0.39728042337326785, 'wires': [2]}, {'name': 'CRY', 'param': 0.12353570228456365, 'wires': [4, 3]}, {'name': 'RY', 'param': -0.18022901172176636, 'wires': [4]}, {'name': 'CRY', 'param': 0.004488164079432181, 'wires': [5, 2]}, {'name': 'RY', 'param': -0.87390704714409, 'wires': [5]}, {'name': 'RY', 'param': -0.8953430188754725, 'wires': [1]}, {'name': 'CRY', 'param': 3.2047217556778955, 'wires': [4, 5]}, {'name': 'CRY', 'param': 0.0684466878428925, 'wires': [4, 6]}, {'name': 'RY', 'param': -0.15463832179563072, 'wires': [4]}, {'name': 'RY', 'param': 1.1892736965316362, 'wires': [5]}, {'name': 'RY', 'param': 0.40165242938623175, 'wires': [2]}, {'name': 'CRY', 'param': 1.3923266492902249, 'wires': [3, 5]}, {'name': 'RY', 'param': 0.49506975189218794, 'wires': [3]}, {'name': 'CRY', 'param': 3.29238030732298, 'wires': [6, 1]}, {'name': 'RY', 'param': -1.938863109807245, 'wires': [6]}, {'name': 'CRY', 'param': 5.759528169695499, 'wires': [5, 6]}, {'name': 'RY', 'param': 1.507249887985436, 'wires': [5]}, {'name': 'RY', 'param': 0.8952237368745736, 'wires': [1]}, {'name': 'RY', 'param': 0.9645385172245573, 'wires': [6]}]
[2025-08-05 10:16:07,769][INFO] Energy: 0.9207802975805419
