[2025-08-05 10:04:01,947][INFO] Starting VQE run 1 (seed=9115155)
[2025-08-05 10:04:02,079][INFO] Adding RY(0.0, wires=[6]) had small change in overlap from 0.0 to 0.0
[2025-08-05 10:04:02,259][INFO] Adding CRY(0.0, wires=[6, 5])) had small change in overlap from 0.0 to 0.0
[2025-08-05 10:04:02,507][INFO] Adding RY(0.0, wires=[4]) had small change in overlap from 0.0 to 0.0
[2025-08-05 10:04:02,926][INFO] Adding RY(0.0, wires=[5]) had small change in overlap from 0.0 to 0.0
[2025-08-05 10:04:04,050][INFO] Adding RY(0.0, wires=[3]) had small change in overlap from 0.0 to 0.0
[2025-08-05 10:04:06,099][INFO] Adding CRY(0.0, wires=[6, 4])) had small change in overlap from 0.0 to 0.0
[2025-08-05 10:04:08,463][INFO] Adding CRY(0.0, wires=[6, 3])) had small change in overlap from 0.0 to 0.0
[2025-08-05 10:04:14,728][INFO] Adding CRY(0.0, wires=[5, 4])) had small change in overlap from 0.0 to 0.0
[2025-08-05 10:04:35,064][INFO] Adding RY(0.0, wires=[5]) had small change in overlap from 0.0 to 0.0
[2025-08-05 10:04:57,388][INFO] Adding CRY(0.0, wires=[5, 3])) had small change in overlap from 0.0 to 0.0
[2025-08-05 10:05:21,295][INFO] Adding CRY(0.0, wires=[6, 2])) had small change in overlap from 0.0 to 0.0
[2025-08-05 10:05:47,233][INFO] Adding CRY(0.0, wires=[4, 3])) had small change in overlap from 0.0 to 0.0
[2025-08-05 10:06:14,872][INFO] Adding CRY(0.0, wires=[5, 2])) had small change in overlap from 0.0 to 0.0
[2025-08-05 10:06:43,312][INFO] Adding RY(0.0, wires=[2]) had small change in overlap from 0.0 to 0.0
[2025-08-05 10:07:12,605][INFO] Adding RY(0.0, wires=[5]) had small change in overlap from 0.0 to 0.0
[2025-08-05 10:07:42,474][INFO] Adding RY(0.0, wires=[6]) had small change in overlap from 0.0 to 0.0
[2025-08-05 10:08:14,241][INFO] Adding CRY(0.0, wires=[4, 6])) had small change in overlap from 0.0 to 0.0
[2025-08-05 10:08:46,709][INFO] Adding RY(0.0, wires=[4]) had small change in overlap from 0.0 to 0.0
[2025-08-05 10:09:20,932][INFO] Adding CRY(0.0, wires=[3, 5])) had small change in overlap from 0.0 to 0.0
[2025-08-05 10:09:55,815][INFO] Adding RY(0.0, wires=[3]) had small change in overlap from 0.0 to 0.0
[2025-08-05 10:10:32,478][INFO] Adding CRY(0.0, wires=[4, 5])) had small change in overlap from 0.0 to 0.0
[2025-08-05 10:11:10,746][INFO] Adding CRY(0.0, wires=[4, 2])) had small change in overlap from 0.0 to 0.0
[2025-08-05 10:11:49,861][INFO] Adding RY(0.0, wires=[4]) had small change in overlap from 0.0 to 0.0
[2025-08-05 10:12:29,647][INFO] Adding RY(0.0, wires=[2]) had small change in overlap from 0.0 to 0.0
[2025-08-05 10:13:10,987][INFO] Adding CRY(0.0, wires=[5, 6])) had small change in overlap from 0.0 to 0.0
[2025-08-05 10:13:53,241][INFO] Adding RY(0.0, wires=[5]) had small change in overlap from 0.0 to 0.0
[2025-08-05 10:14:33,969][INFO] Adding RY(0.0, wires=[1]) had small change in overlap from 0.0 to 0.0
[2025-08-05 10:15:14,919][INFO] Adding CRY(0.0, wires=[6, 1])) had small change in overlap from 0.0 to 0.0
[2025-08-05 10:15:56,362][INFO] Adding RY(0.0, wires=[1]) had small change in overlap from 0.0 to 0.0
[2025-08-05 10:16:36,508][INFO] Adding RY(0.0, wires=[6]) had small change in overlap from 0.0 to 0.0
[2025-08-05 10:16:36,508][INFO] Completed VQE run 29
[2025-08-05 10:16:36,508][INFO] Final ops list: [{'name': 'RY', 'param': 6.284430985204993, 'wires': [6]}, {'name': 'CRY', 'param': 7.852093234351093, 'wires': [6, 5]}, {'name': 'RY', 'param': 7.67061192954462, 'wires': [4]}, {'name': 'RY', 'param': 9.435313401214735, 'wires': [5]}, {'name': 'RY', 'param': 6.678609013285372, 'wires': [3]}, {'name': 'CRY', 'param': 9.020878568131542, 'wires': [6, 4]}, {'name': 'CRY', 'param': 8.151988967175617, 'wires': [6, 3]}, {'name': 'CRY', 'param': 5.363000599866865, 'wires': [5, 4]}, {'name': 'RY', 'param': 9.67704082871449, 'wires': [5]}, {'name': 'CRY', 'param': 7.374847919386601, 'wires': [5, 3]}, {'name': 'CRY', 'param': 11.959783050517036, 'wires': [6, 2]}, {'name': 'CRY', 'param': 6.281685584517323, 'wires': [4, 3]}, {'name': 'CRY', 'param': 6.286896420260233, 'wires': [5, 2]}, {'name': 'RY', 'param': 8.223807594662675, 'wires': [2]}, {'name': 'RY', 'param': 6.531923124509087, 'wires': [5]}, {'name': 'RY', 'param': 7.0800875390695515, 'wires': [6]}, {'name': 'CRY', 'param': 6.468105839437174, 'wires': [4, 6]}, {'name': 'RY', 'param': 8.702626763490665, 'wires': [4]}, {'name': 'CRY', 'param': 5.6411113794164685, 'wires': [3, 5]}, {'name': 'RY', 'param': 6.730401351196532, 'wires': [3]}, {'name': 'CRY', 'param': 6.350975099925508, 'wires': [4, 5]}, {'name': 'CRY', 'param': 6.283175250143679, 'wires': [4, 2]}, {'name': 'RY', 'param': 3.2716823971744597, 'wires': [4]}, {'name': 'RY', 'param': 4.343573601280005, 'wires': [2]}, {'name': 'CRY', 'param': 7.5715282645677915, 'wires': [5, 6]}, {'name': 'RY', 'param': 6.838191239817792, 'wires': [5]}, {'name': 'RY', 'param': 7.905494002630599, 'wires': [1]}, {'name': 'CRY', 'param': 6.28394858028041, 'wires': [6, 1]}, {'name': 'RY', 'param': 4.660788158116231, 'wires': [1]}, {'name': 'RY', 'param': 5.900584616658407, 'wires': [6]}]
[2025-08-05 10:16:36,508][INFO] Energy: 0.9058345332093698
