[2025-08-05 10:04:02,000][INFO] Starting VQE run 65 (seed=69615422)
[2025-08-05 10:04:02,145][INFO] Adding RY(0.0, wires=[6]) had small change in overlap from 0.0 to 0.0
[2025-08-05 10:04:02,324][INFO] Adding CRY(0.0, wires=[6, 5])) had small change in overlap from 0.0 to 0.0
[2025-08-05 10:04:02,574][INFO] Adding RY(0.0, wires=[4]) had small change in overlap from 0.0 to 0.0
[2025-08-05 10:04:03,020][INFO] Adding RY(0.0, wires=[5]) had small change in overlap from 0.0 to 0.0
[2025-08-05 10:04:04,066][INFO] Adding RY(0.0, wires=[3]) had small change in overlap from 0.0 to 0.0
[2025-08-05 10:04:05,672][INFO] Adding CRY(0.0, wires=[6, 4])) had small change in overlap from 0.0 to 0.0
[2025-08-05 10:04:07,578][INFO] Adding CRY(0.0, wires=[6, 3])) had small change in overlap from 0.0 to 0.0
[2025-08-05 10:04:13,268][INFO] Adding CRY(0.0, wires=[5, 4])) had small change in overlap from 0.0 to 0.0
[2025-08-05 10:04:33,659][INFO] Adding RY(0.0, wires=[5]) had small change in overlap from 0.0 to 0.0
[2025-08-05 10:04:55,944][INFO] Adding CRY(0.0, wires=[5, 3])) had small change in overlap from 0.0 to 0.0
[2025-08-05 10:05:19,900][INFO] Adding CRY(0.0, wires=[6, 2])) had small change in overlap from 0.0 to 0.0
[2025-08-05 10:05:44,846][INFO] Adding RY(0.0, wires=[2]) had small change in overlap from 0.0 to 0.0
[2025-08-05 10:06:11,549][INFO] Adding CRY(0.0, wires=[4, 3])) had small change in overlap from 0.0 to 0.0
[2025-08-05 10:06:39,847][INFO] Adding CRY(0.0, wires=[5, 2])) had small change in overlap from 0.0 to 0.0
[2025-08-05 10:07:10,059][INFO] Adding CRY(0.0, wires=[4, 5])) had small change in overlap from 0.0 to 0.0
[2025-08-05 10:07:41,806][INFO] Adding CRY(0.0, wires=[4, 6])) had small change in overlap from 0.0 to 0.0
[2025-08-05 10:08:14,630][INFO] Adding RY(0.0, wires=[5]) had small change in overlap from 0.0 to 0.0
[2025-08-05 10:08:48,151][INFO] Adding RY(0.0, wires=[6]) had small change in overlap from 0.0 to 0.0
[2025-08-05 10:09:22,531][INFO] Adding RY(0.0, wires=[4]) had small change in overlap from 0.0 to 0.0
[2025-08-05 10:09:58,486][INFO] Adding CRY(0.0, wires=[3, 5])) had small change in overlap from 0.0 to 0.0
[2025-08-05 10:10:35,399][INFO] Adding RY(0.0, wires=[3]) had small change in overlap from 0.0 to 0.0
[2025-08-05 10:11:13,872][INFO] Adding CRY(0.0, wires=[4, 2])) had small change in overlap from 0.0 to 0.0
[2025-08-05 10:11:53,239][INFO] Adding RY(0.0, wires=[5]) had small change in overlap from 0.0 to 0.0
[2025-08-05 10:12:33,390][INFO] Adding RY(0.0, wires=[2]) had small change in overlap from 0.0 to 0.0
[2025-08-05 10:13:14,134][INFO] Adding RY(0.0, wires=[1]) had small change in overlap from 0.0 to 0.0
[2025-08-05 10:13:56,768][INFO] Adding CRY(0.0, wires=[3, 4])) had small change in overlap from 0.0 to 0.0
[2025-08-05 10:14:37,552][INFO] Adding RY(0.0, wires=[3]) had small change in overlap from 0.0 to 0.0
[2025-08-05 10:15:18,740][INFO] Adding CRY(0.0, wires=[5, 6])) had small change in overlap from 0.0 to 0.0
[2025-08-05 10:16:01,600][INFO] Adding CRY(0.0, wires=[6, 1])) had small change in overlap from 0.0 to 0.0
[2025-08-05 10:16:40,871][INFO] Adding RY(0.0, wires=[5]) had small change in overlap from 0.0 to 0.0
[2025-08-05 10:16:40,871][INFO] Completed VQE run 29
[2025-08-05 10:16:40,871][INFO] Final ops list: [{'name': 'RY', 'param': -0.9574255925640005, 'wires': [6]}, {'name': 'CRY', 'param': -0.5209229137679893, 'wires': [6, 5]}, {'name': 'RY', 'param': 1.184985001098974, 'wires': [4]}, {'name': 'RY', 'param': -2.159633732274874, 'wires': [5]}, {'name': 'RY', 'param': 0.03448096077129325, 'wires': [3]}, {'name': 'CRY', 'param': 0.0918486611526526, 'wires': [6, 4]}, {'name': 'CRY', 'param': -0.07265528140661562, 'wires': [6, 3]}, {'name': 'CRY', 'param': -0.8188696391265873, 'wires': [5, 4]}, {'name': 'RY', 'param': 1.005322568976361, 'wires': [5]}, {'name': 'CRY', 'param': 0.12384026633532971, 'wires': [5, 3]}, {'name': 'CRY', 'param': -0.0015811415616842892, 'wires': [6, 2]}, {'name': 'RY', 'param': 0.2216667670759697, 'wires': [2]}, {'name': 'CRY', 'param': -0.031675844258864966, 'wires': [4, 3]}, {'name': 'CRY', 'param': 0.00043363756588591236, 'wires': [5, 2]}, {'name': 'CRY', 'param': 5.059547442116425, 'wires': [4, 5]}, {'name': 'CRY', 'param': 0.03713436600821298, 'wires': [4, 6]}, {'name': 'RY', 'param': 1.0982942324418823, 'wires': [5]}, {'name': 'RY', 'param': -0.2580378211258094, 'wires': [6]}, {'name': 'RY', 'param': 0.444890207341412, 'wires': [4]}, {'name': 'CRY', 'param': 1.04211019238145, 'wires': [3, 5]}, {'name': 'RY', 'param': -0.1779790335923675, 'wires': [3]}, {'name': 'CRY', 'param': -0.00032566653598326787, 'wires': [4, 2]}, {'name': 'RY', 'param': 0.5631192388731532, 'wires': [5]}, {'name': 'RY', 'param': -0.22191664126046037, 'wires': [2]}, {'name': 'RY', 'param': 1.84677029536029e-05, 'wires': [1]}, {'name': 'CRY', 'param': 0.4277677493111881, 'wires': [3, 4]}, {'name': 'RY', 'param': 0.10110541696620473, 'wires': [3]}, {'name': 'CRY', 'param': 2.7068206717053007, 'wires': [5, 6]}, {'name': 'CRY', 'param': 9.535449487772133e-06, 'wires': [6, 1]}, {'name': 'RY', 'param': 0.27731507047617676, 'wires': [5]}]
[2025-08-05 10:16:40,871][INFO] Energy: 0.8922691717657819
