[2025-08-05 10:04:01,950][INFO] Starting VQE run 10 (seed=119564721)
[2025-08-05 10:04:02,088][INFO] Adding RY(0.0, wires=[6]) had small change in overlap from 0.0 to 0.0
[2025-08-05 10:04:02,269][INFO] Adding CRY(0.0, wires=[6, 5])) had small change in overlap from 0.0 to 0.0
[2025-08-05 10:04:02,525][INFO] Adding RY(0.0, wires=[4]) had small change in overlap from 0.0 to 0.0
[2025-08-05 10:04:02,994][INFO] Adding RY(0.0, wires=[5]) had small change in overlap from 0.0 to 0.0
[2025-08-05 10:04:04,114][INFO] Adding RY(0.0, wires=[3]) had small change in overlap from 0.0 to 0.0
[2025-08-05 10:04:05,430][INFO] Adding CRY(0.0, wires=[6, 4])) had small change in overlap from 0.0 to 0.0
[2025-08-05 10:04:07,403][INFO] Adding CRY(0.0, wires=[6, 3])) had small change in overlap from 0.0 to 0.0
[2025-08-05 10:04:13,193][INFO] Adding CRY(0.0, wires=[5, 4])) had small change in overlap from 0.0 to 0.0
[2025-08-05 10:04:33,581][INFO] Adding RY(0.0, wires=[5]) had small change in overlap from 0.0 to 0.0
[2025-08-05 10:04:55,918][INFO] Adding CRY(0.0, wires=[5, 3])) had small change in overlap from 0.0 to 0.0
[2025-08-05 10:05:19,915][INFO] Adding CRY(0.0, wires=[6, 2])) had small change in overlap from 0.0 to 0.0
[2025-08-05 10:05:44,896][INFO] Adding RY(0.0, wires=[2]) had small change in overlap from 0.0 to 0.0
[2025-08-05 10:06:11,668][INFO] Adding CRY(0.0, wires=[4, 3])) had small change in overlap from 0.0 to 0.0
[2025-08-05 10:06:40,151][INFO] Adding CRY(0.0, wires=[5, 2])) had small change in overlap from 0.0 to 0.0
[2025-08-05 10:07:10,422][INFO] Adding CRY(0.0, wires=[4, 5])) had small change in overlap from 0.0 to 0.0
[2025-08-05 10:07:42,277][INFO] Adding CRY(0.0, wires=[4, 6])) had small change in overlap from 0.0 to 0.0
[2025-08-05 10:08:15,223][INFO] Adding RY(0.0, wires=[5]) had small change in overlap from 0.0 to 0.0
[2025-08-05 10:08:49,865][INFO] Adding CRY(0.0, wires=[5, 6])) had small change in overlap from 0.0 to 0.0
[2025-08-05 10:09:25,291][INFO] Adding RY(0.0, wires=[2]) had small change in overlap from 0.0 to 0.0
[2025-08-05 10:10:01,383][INFO] Adding RY(0.0, wires=[4]) had small change in overlap from 0.0 to 0.0
[2025-08-05 10:10:38,428][INFO] Adding RY(0.0, wires=[5]) had small change in overlap from 0.0 to 0.0
[2025-08-05 10:11:16,966][INFO] Adding CRY(0.0, wires=[4, 2])) had small change in overlap from 0.0 to 0.0
[2025-08-05 10:11:56,280][INFO] Adding RY(0.0, wires=[2]) had small change in overlap from 0.0 to 0.0
[2025-08-05 10:12:36,384][INFO] Adding RY(0.0, wires=[1]) had small change in overlap from 0.0 to 0.0
[2025-08-05 10:13:17,220][INFO] Adding RY(0.0, wires=[4]) had small change in overlap from 0.0 to 0.0
[2025-08-05 10:13:59,817][INFO] Adding CRY(0.0, wires=[6, 1])) had small change in overlap from 0.0 to 0.0
[2025-08-05 10:14:40,440][INFO] Adding RY(0.0, wires=[1]) had small change in overlap from 0.0 to 0.0
[2025-08-05 10:15:20,702][INFO] Adding RY(0.0, wires=[6]) had small change in overlap from 0.0 to 0.0
[2025-08-05 10:16:02,545][INFO] Adding CRY(0.0, wires=[3, 5])) had small change in overlap from 0.0 to 0.0
[2025-08-05 10:16:41,961][INFO] Adding RY(0.0, wires=[3]) had small change in overlap from 0.0 to 0.0
[2025-08-05 10:16:41,961][INFO] Completed VQE run 29
[2025-08-05 10:16:41,961][INFO] Final ops list: [{'name': 'RY', 'param': -1.3885425292222802, 'wires': [6]}, {'name': 'CRY', 'param': -0.0011470757066069227, 'wires': [6, 5]}, {'name': 'RY', 'param': -0.19993993774640564, 'wires': [4]}, {'name': 'RY', 'param': -0.32312518184467887, 'wires': [5]}, {'name': 'RY', 'param': -0.09160018077092989, 'wires': [3]}, {'name': 'CRY', 'param': 0.0762074813238309, 'wires': [6, 4]}, {'name': 'CRY', 'param': -0.007106610919612717, 'wires': [6, 3]}, {'name': 'CRY', 'param': -0.0037310798741605096, 'wires': [5, 4]}, {'name': 'RY', 'param': 0.3235446807045525, 'wires': [5]}, {'name': 'CRY', 'param': 4.073699164887717, 'wires': [5, 3]}, {'name': 'CRY', 'param': 0.0012769223259572486, 'wires': [6, 2]}, {'name': 'RY', 'param': -0.21258831443102613, 'wires': [2]}, {'name': 'CRY', 'param': -0.0962009180031292, 'wires': [4, 3]}, {'name': 'CRY', 'param': 2.563669809974662, 'wires': [5, 2]}, {'name': 'CRY', 'param': 0.14430318307542642, 'wires': [4, 5]}, {'name': 'CRY', 'param': 0.133385831423137, 'wires': [4, 6]}, {'name': 'RY', 'param': 1.6919596034579714, 'wires': [5]}, {'name': 'CRY', 'param': 5.709736442358639, 'wires': [5, 6]}, {'name': 'RY', 'param': 0.19557752896901523, 'wires': [2]}, {'name': 'RY', 'param': 0.8076405795785224, 'wires': [4]}, {'name': 'RY', 'param': 1.822442093326505, 'wires': [5]}, {'name': 'CRY', 'param': 7.584418740161377e-05, 'wires': [4, 2]}, {'name': 'RY', 'param': 0.014049719001568595, 'wires': [2]}, {'name': 'RY', 'param': -0.4122314804494038, 'wires': [1]}, {'name': 'RY', 'param': -0.7789768669386707, 'wires': [4]}, {'name': 'CRY', 'param': 8.962106969128772e-05, 'wires': [6, 1]}, {'name': 'RY', 'param': 0.41241033721690323, 'wires': [1]}, {'name': 'RY', 'param': 0.47475047773227425, 'wires': [6]}, {'name': 'CRY', 'param': 0.4733415462526925, 'wires': [3, 5]}, {'name': 'RY', 'param': 0.11591278281385752, 'wires': [3]}]
[2025-08-05 10:16:41,961][INFO] Energy: 0.9002190910227897
