[2025-08-05 10:04:02,030][INFO] Starting VQE run 92 (seed=30593780)
[2025-08-05 10:04:02,149][INFO] Adding RY(0.0, wires=[6]) had small change in overlap from 0.0 to 0.0
[2025-08-05 10:04:02,297][INFO] Adding CRY(0.0, wires=[6, 5])) had small change in overlap from 0.0 to 0.0
[2025-08-05 10:04:02,496][INFO] Adding RY(0.0, wires=[4]) had small change in overlap from 0.0 to 0.0
[2025-08-05 10:04:02,843][INFO] Adding RY(0.0, wires=[5]) had small change in overlap from 0.0 to 0.0
[2025-08-05 10:04:03,708][INFO] Adding RY(0.0, wires=[3]) had small change in overlap from 0.0 to 0.0
[2025-08-05 10:04:04,578][INFO] Adding CRY(0.0, wires=[6, 4])) had small change in overlap from 0.0 to 0.0
[2025-08-05 10:04:06,069][INFO] Adding CRY(0.0, wires=[6, 3])) had small change in overlap from 0.0 to 0.0
[2025-08-05 10:04:09,799][INFO] Adding CRY(0.0, wires=[5, 4])) had small change in overlap from 0.0 to 0.0
[2025-08-05 10:04:25,847][INFO] Adding RY(0.0, wires=[5]) had small change in overlap from 0.0 to 0.0
[2025-08-05 10:04:43,278][INFO] Adding CRY(0.0, wires=[5, 3])) had small change in overlap from 0.0 to 0.0
[2025-08-05 10:05:01,266][INFO] Adding RY(0.0, wires=[2]) had small change in overlap from 0.0 to 0.0
[2025-08-05 10:05:20,606][INFO] Adding CRY(0.0, wires=[6, 2])) had small change in overlap from 0.0 to 0.0
[2025-08-05 10:05:41,321][INFO] Adding CRY(0.0, wires=[4, 3])) had small change in overlap from 0.0 to 0.0
[2025-08-05 10:06:03,459][INFO] Adding CRY(0.0, wires=[5, 2])) had small change in overlap from 0.0 to 0.0
[2025-08-05 10:06:26,154][INFO] Adding RY(0.0, wires=[5]) had small change in overlap from 0.0 to 0.0
[2025-08-05 10:06:50,244][INFO] Adding CRY(0.0, wires=[4, 2])) had small change in overlap from 0.0 to 0.0
[2025-08-05 10:07:15,757][INFO] Adding CRY(0.0, wires=[3, 5])) had small change in overlap from 0.0 to 0.0
[2025-08-05 10:07:41,825][INFO] Adding RY(0.0, wires=[3]) had small change in overlap from 0.0 to 0.0
[2025-08-05 10:08:09,268][INFO] Adding CRY(0.0, wires=[6, 1])) had small change in overlap from 0.0 to 0.0
[2025-08-05 10:08:37,191][INFO] Adding RY(0.0, wires=[6]) had small change in overlap from 0.0 to 0.0
[2025-08-05 10:09:05,697][INFO] Adding RY(0.0, wires=[4]) had small change in overlap from 0.0 to 0.0
[2025-08-05 10:09:35,489][INFO] Adding CRY(0.0, wires=[3, 4])) had small change in overlap from 0.0 to 0.0
[2025-08-05 10:10:05,753][INFO] Adding RY(0.0, wires=[3]) had small change in overlap from 0.0 to 0.0
[2025-08-05 10:10:37,404][INFO] Adding CRY(0.0, wires=[5, 6])) had small change in overlap from 0.0 to 0.0
[2025-08-05 10:11:09,531][INFO] Adding RY(0.0, wires=[1]) had small change in overlap from 0.0 to 0.0
[2025-08-05 10:11:43,016][INFO] Adding CRY(0.0, wires=[4, 6])) had small change in overlap from 0.0 to 0.0
[2025-08-05 10:12:17,102][INFO] Adding RY(0.0, wires=[5]) had small change in overlap from 0.0 to 0.0
[2025-08-05 10:12:52,449][INFO] Adding CRY(0.0, wires=[4, 5])) had small change in overlap from 0.0 to 0.0
[2025-08-05 10:13:28,375][INFO] Adding RY(0.0, wires=[4]) had small change in overlap from 0.0 to 0.0
[2025-08-05 10:14:04,840][INFO] Adding RY(0.0, wires=[2]) had small change in overlap from 0.0 to 0.0
[2025-08-05 10:14:04,840][INFO] Completed VQE run 29
[2025-08-05 10:14:04,840][INFO] Final ops list: [{'name': 'RY', 'param': -1.38744172357732, 'wires': [6]}, {'name': 'CRY', 'param': -0.08147137394551733, 'wires': [6, 5]}, {'name': 'RY', 'param': -0.01944263824774937, 'wires': [4]}, {'name': 'RY', 'param': 1.7959350225226514, 'wires': [5]}, {'name': 'RY', 'param': -0.0014167894304495182, 'wires': [3]}, {'name': 'CRY', 'param': 0.013283639888309582, 'wires': [6, 4]}, {'name': 'CRY', 'param': -0.049243328733603466, 'wires': [6, 3]}, {'name': 'CRY', 'param': 0.02564366789788168, 'wires': [5, 4]}, {'name': 'RY', 'param': -0.9957313059841695, 'wires': [5]}, {'name': 'CRY', 'param': 0.04718205819045505, 'wires': [5, 3]}, {'name': 'RY', 'param': -0.15930298349241143, 'wires': [2]}, {'name': 'CRY', 'param': 0.009162236664966497, 'wires': [6, 2]}, {'name': 'CRY', 'param': 0.9050565063677167, 'wires': [4, 3]}, {'name': 'CRY', 'param': 0.015207340879775896, 'wires': [5, 2]}, {'name': 'RY', 'param': -0.4562334792879261, 'wires': [5]}, {'name': 'CRY', 'param': 0.8067508359237998, 'wires': [4, 2]}, {'name': 'CRY', 'param': 1.8571889826713899, 'wires': [3, 5]}, {'name': 'RY', 'param': 0.03342085114954193, 'wires': [3]}, {'name': 'CRY', 'param': 0.0010830117425137743, 'wires': [6, 1]}, {'name': 'RY', 'param': 0.1868254493431391, 'wires': [6]}, {'name': 'RY', 'param': 0.08747788436317482, 'wires': [4]}, {'name': 'CRY', 'param': 1.4313467198004657, 'wires': [3, 4]}, {'name': 'RY', 'param': -0.0005272699241462511, 'wires': [3]}, {'name': 'CRY', 'param': 3.849475382354441, 'wires': [5, 6]}, {'name': 'RY', 'param': -7.800610905569564e-05, 'wires': [1]}, {'name': 'CRY', 'param': -0.5333700510304762, 'wires': [4, 6]}, {'name': 'RY', 'param': 0.28531666100126385, 'wires': [5]}, {'name': 'CRY', 'param': 0.9521804599269056, 'wires': [4, 5]}, {'name': 'RY', 'param': -0.22095750186370983, 'wires': [4]}, {'name': 'RY', 'param': 0.1568199268238144, 'wires': [2]}]
[2025-08-05 10:14:04,841][INFO] Energy: 0.8993848969364637
