[2025-08-05 10:04:01,978][INFO] Starting VQE run 40 (seed=35055048)
[2025-08-05 10:04:02,116][INFO] Adding RY(0.0, wires=[6]) had small change in overlap from 0.0 to 0.0
[2025-08-05 10:04:02,291][INFO] Adding CRY(0.0, wires=[6, 5])) had small change in overlap from 0.0 to 0.0
[2025-08-05 10:04:02,547][INFO] Adding RY(0.0, wires=[4]) had small change in overlap from 0.0 to 0.0
[2025-08-05 10:04:02,918][INFO] Adding RY(0.0, wires=[5]) had small change in overlap from 0.0 to 0.0
[2025-08-05 10:04:03,861][INFO] Adding RY(0.0, wires=[3]) had small change in overlap from 0.0 to 0.0
[2025-08-05 10:04:05,397][INFO] Adding CRY(0.0, wires=[6, 4])) had small change in overlap from 0.0 to 0.0
[2025-08-05 10:04:07,491][INFO] Adding CRY(0.0, wires=[6, 3])) had small change in overlap from 0.0 to 0.0
[2025-08-05 10:04:11,978][INFO] Adding CRY(0.0, wires=[5, 4])) had small change in overlap from 0.0 to 0.0
[2025-08-05 10:04:32,349][INFO] Adding RY(0.0, wires=[5]) had small change in overlap from 0.0 to 0.0
[2025-08-05 10:04:54,717][INFO] Adding CRY(0.0, wires=[5, 3])) had small change in overlap from 0.0 to 0.0
[2025-08-05 10:05:18,689][INFO] Adding CRY(0.0, wires=[6, 2])) had small change in overlap from 0.0 to 0.0
[2025-08-05 10:05:44,579][INFO] Adding CRY(0.0, wires=[4, 5])) had small change in overlap from 0.0 to 0.0
[2025-08-05 10:06:11,333][INFO] Adding RY(0.0, wires=[2]) had small change in overlap from 0.0 to 0.0
[2025-08-05 10:06:39,830][INFO] Adding CRY(0.0, wires=[4, 3])) had small change in overlap from 0.0 to 0.0
[2025-08-05 10:07:10,146][INFO] Adding CRY(0.0, wires=[5, 2])) had small change in overlap from 0.0 to 0.0
[2025-08-05 10:07:41,143][INFO] Adding RY(0.0, wires=[4]) had small change in overlap from 0.0 to 0.0
[2025-08-05 10:08:13,281][INFO] Adding RY(0.0, wires=[5]) had small change in overlap from 0.0 to 0.0
[2025-08-05 10:08:47,083][INFO] Adding CRY(0.0, wires=[4, 2])) had small change in overlap from 0.0 to 0.0
[2025-08-05 10:09:21,682][INFO] Adding RY(0.0, wires=[1]) had small change in overlap from 0.0 to 0.0
[2025-08-05 10:09:57,730][INFO] Adding CRY(0.0, wires=[4, 6])) had small change in overlap from 0.0 to 0.0
[2025-08-05 10:10:34,830][INFO] Adding RY(0.0, wires=[4]) had small change in overlap from 0.0 to 0.0
[2025-08-05 10:11:12,490][INFO] Adding RY(0.0, wires=[6]) had small change in overlap from 0.0 to 0.0
[2025-08-05 10:11:52,042][INFO] Adding CRY(0.0, wires=[3, 5])) had small change in overlap from 0.0 to 0.0
[2025-08-05 10:12:32,194][INFO] Adding RY(0.0, wires=[3]) had small change in overlap from 0.0 to 0.0
[2025-08-05 10:13:13,065][INFO] Adding RY(0.0, wires=[5]) had small change in overlap from 0.0 to 0.0
[2025-08-05 10:13:55,797][INFO] Adding CRY(0.0, wires=[6, 1])) had small change in overlap from 0.0 to 0.0
[2025-08-05 10:14:33,018][INFO] Adding RY(0.0, wires=[1]) had small change in overlap from 0.0 to 0.0
[2025-08-05 10:15:07,090][INFO] Adding RY(0.0, wires=[6]) had small change in overlap from 0.0 to 0.0
[2025-08-05 10:15:41,777][INFO] Adding RY(0.0, wires=[2]) had small change in overlap from 0.0 to 0.0
[2025-08-05 10:16:17,947][INFO] Adding CRY(0.0, wires=[5, 1])) had small change in overlap from 0.0 to 0.0
[2025-08-05 10:16:17,947][INFO] Completed VQE run 29
[2025-08-05 10:16:17,947][INFO] Final ops list: [{'name': 'RY', 'param': 5.964360315442142, 'wires': [6]}, {'name': 'CRY', 'param': 7.314269602907462, 'wires': [6, 5]}, {'name': 'RY', 'param': 8.562920173494641, 'wires': [4]}, {'name': 'RY', 'param': 8.97710393655451, 'wires': [5]}, {'name': 'RY', 'param': 6.690465066841534, 'wires': [3]}, {'name': 'CRY', 'param': 6.444314744228655, 'wires': [6, 4]}, {'name': 'CRY', 'param': 6.187910912949585, 'wires': [6, 3]}, {'name': 'CRY', 'param': 5.947020036924485, 'wires': [5, 4]}, {'name': 'RY', 'param': 9.305996169452403, 'wires': [5]}, {'name': 'CRY', 'param': 6.400159202041175, 'wires': [5, 3]}, {'name': 'CRY', 'param': 6.289862224075545, 'wires': [6, 2]}, {'name': 'CRY', 'param': 6.495476784252665, 'wires': [4, 5]}, {'name': 'RY', 'param': 7.176521517309381, 'wires': [2]}, {'name': 'CRY', 'param': 6.283412000137425, 'wires': [4, 3]}, {'name': 'CRY', 'param': 6.293305984085992, 'wires': [5, 2]}, {'name': 'RY', 'param': 4.320768741202042, 'wires': [4]}, {'name': 'RY', 'param': 6.559420835289221, 'wires': [5]}, {'name': 'CRY', 'param': 6.233578222733152, 'wires': [4, 2]}, {'name': 'RY', 'param': 7.562251457917657, 'wires': [1]}, {'name': 'CRY', 'param': 9.023043453731413, 'wires': [4, 6]}, {'name': 'RY', 'param': 6.1601239268907655, 'wires': [4]}, {'name': 'RY', 'param': 7.029381714237074, 'wires': [6]}, {'name': 'CRY', 'param': 6.165487799603444, 'wires': [3, 5]}, {'name': 'RY', 'param': 6.6927984811425665, 'wires': [3]}, {'name': 'RY', 'param': 5.758328270175688, 'wires': [5]}, {'name': 'CRY', 'param': 6.2834595492889544, 'wires': [6, 1]}, {'name': 'RY', 'param': 5.004167992356564, 'wires': [1]}, {'name': 'RY', 'param': 5.664641825540728, 'wires': [6]}, {'name': 'RY', 'param': 5.390435435472395, 'wires': [2]}, {'name': 'CRY', 'param': 6.282931866184789, 'wires': [5, 1]}]
[2025-08-05 10:16:17,947][INFO] Energy: 0.9383161374663515
