[2025-08-05 10:04:01,952][INFO] Starting VQE run 12 (seed=48087122)
[2025-08-05 10:04:02,086][INFO] Adding RY(0.0, wires=[6]) had small change in overlap from 0.0 to 0.0
[2025-08-05 10:04:02,380][INFO] Adding CRY(0.0, wires=[6, 5])) had small change in overlap from 0.0 to 0.0
[2025-08-05 10:04:02,627][INFO] Adding RY(0.0, wires=[4]) had small change in overlap from 0.0 to 0.0
[2025-08-05 10:04:03,066][INFO] Adding RY(0.0, wires=[5]) had small change in overlap from 0.0 to 0.0
[2025-08-05 10:04:04,405][INFO] Adding RY(0.0, wires=[3]) had small change in overlap from 0.0 to 0.0
[2025-08-05 10:04:06,530][INFO] Adding CRY(0.0, wires=[6, 4])) had small change in overlap from 0.0 to 0.0
[2025-08-05 10:04:11,449][INFO] Adding CRY(0.0, wires=[6, 3])) had small change in overlap from 0.0 to 0.0
[2025-08-05 10:04:18,334][INFO] Adding CRY(0.0, wires=[5, 4])) had small change in overlap from 0.0 to 0.0
[2025-08-05 10:04:38,771][INFO] Adding RY(0.0, wires=[5]) had small change in overlap from 0.0 to 0.0
[2025-08-05 10:05:01,159][INFO] Adding CRY(0.0, wires=[5, 3])) had small change in overlap from 0.0 to 0.0
[2025-08-05 10:05:25,184][INFO] Adding CRY(0.0, wires=[6, 2])) had small change in overlap from 0.0 to 0.0
[2025-08-05 10:05:50,163][INFO] Adding RY(0.0, wires=[2]) had small change in overlap from 0.0 to 0.0
[2025-08-05 10:06:16,838][INFO] Adding CRY(0.0, wires=[4, 3])) had small change in overlap from 0.0 to 0.0
[2025-08-05 10:06:44,306][INFO] Adding RY(0.0, wires=[4]) had small change in overlap from 0.0 to 0.0
[2025-08-05 10:07:13,640][INFO] Adding CRY(0.0, wires=[4, 6])) had small change in overlap from 0.0 to 0.0
[2025-08-05 10:07:44,579][INFO] Adding CRY(0.0, wires=[5, 2])) had small change in overlap from 0.0 to 0.0
[2025-08-05 10:08:16,415][INFO] Adding RY(0.0, wires=[5]) had small change in overlap from 0.0 to 0.0
[2025-08-05 10:08:48,934][INFO] Adding RY(0.0, wires=[2]) had small change in overlap from 0.0 to 0.0
[2025-08-05 10:09:23,479][INFO] Adding CRY(0.0, wires=[4, 5])) had small change in overlap from 0.0 to 0.0
[2025-08-05 10:09:58,520][INFO] Adding RY(0.0, wires=[4]) had small change in overlap from 0.0 to 0.0
[2025-08-05 10:10:35,580][INFO] Adding CRY(0.0, wires=[4, 2])) had small change in overlap from 0.0 to 0.0
[2025-08-05 10:11:13,087][INFO] Adding RY(0.0, wires=[4]) had small change in overlap from 0.0 to 0.0
[2025-08-05 10:11:51,526][INFO] Adding RY(0.0, wires=[1]) had small change in overlap from 0.0 to 0.0
[2025-08-05 10:12:30,701][INFO] Adding RY(0.0, wires=[6]) had small change in overlap from 0.0 to 0.0
[2025-08-05 10:13:11,678][INFO] Adding CRY(0.0, wires=[6, 1])) had small change in overlap from 0.0 to 0.0
[2025-08-05 10:13:53,485][INFO] Adding RY(0.0, wires=[6]) had small change in overlap from 0.0 to 0.0
[2025-08-05 10:14:34,475][INFO] Adding CRY(0.0, wires=[5, 6])) had small change in overlap from 0.0 to 0.0
[2025-08-05 10:15:15,669][INFO] Adding CRY(0.0, wires=[5, 1])) had small change in overlap from 0.0 to 0.0
[2025-08-05 10:15:57,858][INFO] Adding RY(0.0, wires=[5]) had small change in overlap from 0.0 to 0.0
[2025-08-05 10:16:38,236][INFO] Adding RY(0.0, wires=[6]) had small change in overlap from 0.0 to 0.0
[2025-08-05 10:16:38,236][INFO] Completed VQE run 29
[2025-08-05 10:16:38,236][INFO] Final ops list: [{'name': 'RY', 'param': 4.4746986131210855, 'wires': [6]}, {'name': 'CRY', 'param': -0.9714749196814639, 'wires': [6, 5]}, {'name': 'RY', 'param': 2.154951422937715, 'wires': [4]}, {'name': 'RY', 'param': -0.13744495228412348, 'wires': [5]}, {'name': 'RY', 'param': 0.0030981995978404827, 'wires': [3]}, {'name': 'CRY', 'param': -1.4890494393197613, 'wires': [6, 4]}, {'name': 'CRY', 'param': -0.001055909122269283, 'wires': [6, 3]}, {'name': 'CRY', 'param': -1.0685188618261359, 'wires': [5, 4]}, {'name': 'RY', 'param': -0.8876490193377722, 'wires': [5]}, {'name': 'CRY', 'param': 0.0002712762859366559, 'wires': [5, 3]}, {'name': 'CRY', 'param': 0.00018652835428162963, 'wires': [6, 2]}, {'name': 'RY', 'param': -1.111696907905793, 'wires': [2]}, {'name': 'CRY', 'param': -0.00033105687654393583, 'wires': [4, 3]}, {'name': 'RY', 'param': -2.421620223154355, 'wires': [4]}, {'name': 'CRY', 'param': 1.6738518358777845, 'wires': [4, 6]}, {'name': 'CRY', 'param': 0.000499679796572187, 'wires': [5, 2]}, {'name': 'RY', 'param': 1.0678601366461522, 'wires': [5]}, {'name': 'RY', 'param': 1.111460417278743, 'wires': [2]}, {'name': 'CRY', 'param': 1.1593789444341507, 'wires': [4, 5]}, {'name': 'RY', 'param': 1.40098468953976, 'wires': [4]}, {'name': 'CRY', 'param': 0.008001478917421371, 'wires': [4, 2]}, {'name': 'RY', 'param': 0.0037184302283660045, 'wires': [4]}, {'name': 'RY', 'param': 0.004938910416942291, 'wires': [1]}, {'name': 'RY', 'param': 1.224890785869075, 'wires': [6]}, {'name': 'CRY', 'param': 4.493251312300926, 'wires': [6, 1]}, {'name': 'RY', 'param': 4.145740880189666, 'wires': [6]}, {'name': 'CRY', 'param': 4.334710765803059, 'wires': [5, 6]}, {'name': 'CRY', 'param': 1.68208045816194, 'wires': [5, 1]}, {'name': 'RY', 'param': 0.003996256600116363, 'wires': [5]}, {'name': 'RY', 'param': 1.1229975380133241, 'wires': [6]}]
[2025-08-05 10:16:38,236][INFO] Energy: 1.0248505984133829
