[2025-08-05 10:04:01,989][INFO] Starting VQE run 57 (seed=106507796)
[2025-08-05 10:04:02,131][INFO] Adding RY(0.0, wires=[6]) had small change in overlap from 0.0 to 0.0
[2025-08-05 10:04:02,910][INFO] Adding CRY(0.0, wires=[6, 5])) had small change in overlap from 0.0 to 0.0
[2025-08-05 10:04:03,170][INFO] Adding RY(0.0, wires=[4]) had small change in overlap from 0.0 to 0.0
[2025-08-05 10:04:03,731][INFO] Adding RY(0.0, wires=[5]) had small change in overlap from 0.0 to 0.0
[2025-08-05 10:04:04,638][INFO] Adding RY(0.0, wires=[3]) had small change in overlap from 0.0 to 0.0
[2025-08-05 10:04:08,935][INFO] Adding CRY(0.0, wires=[6, 4])) had small change in overlap from 0.0 to 0.0
[2025-08-05 10:04:24,424][INFO] Adding CRY(0.0, wires=[6, 3])) had small change in overlap from 0.0 to 0.0
[2025-08-05 10:04:40,272][INFO] Adding CRY(0.0, wires=[5, 4])) had small change in overlap from 0.0 to 0.0
[2025-08-05 10:05:00,821][INFO] Adding RY(0.0, wires=[5]) had small change in overlap from 0.0 to 0.0
[2025-08-05 10:05:23,145][INFO] Adding CRY(0.0, wires=[5, 3])) had small change in overlap from 0.0 to 0.0
[2025-08-05 10:05:46,373][INFO] Adding RY(0.0, wires=[5]) had small change in overlap from 0.0 to 0.0
[2025-08-05 10:06:11,412][INFO] Adding CRY(0.0, wires=[6, 2])) had small change in overlap from 0.0 to 0.0
[2025-08-05 10:06:37,106][INFO] Adding RY(0.0, wires=[6]) had small change in overlap from 0.0 to 0.0
[2025-08-05 10:07:04,743][INFO] Adding CRY(0.0, wires=[5, 6])) had small change in overlap from 0.0 to 0.0
[2025-08-05 10:07:32,946][INFO] Adding RY(0.0, wires=[5]) had small change in overlap from 0.0 to 0.0
[2025-08-05 10:08:03,091][INFO] Adding CRY(0.0, wires=[4, 6])) had small change in overlap from 0.0 to 0.0
[2025-08-05 10:08:34,058][INFO] Adding RY(0.0, wires=[4]) had small change in overlap from 0.0 to 0.0
[2025-08-05 10:09:06,882][INFO] Adding CRY(0.0, wires=[4, 5])) had small change in overlap from 0.0 to 0.0
[2025-08-05 10:09:40,195][INFO] Adding RY(0.0, wires=[4]) had small change in overlap from 0.0 to 0.0
[2025-08-05 10:10:14,398][INFO] Adding RY(0.0, wires=[2]) had small change in overlap from 0.0 to 0.0
[2025-08-05 10:10:49,270][INFO] Adding RY(0.0, wires=[6]) had small change in overlap from 0.0 to 0.0
[2025-08-05 10:11:26,013][INFO] Adding CRY(0.0, wires=[4, 3])) had small change in overlap from 0.0 to 0.0
[2025-08-05 10:12:03,440][INFO] Adding RY(0.0, wires=[4]) had small change in overlap from 0.0 to 0.0
[2025-08-05 10:12:41,804][INFO] Adding RY(0.0, wires=[1]) had small change in overlap from 0.0 to 0.0
[2025-08-05 10:13:21,755][INFO] Adding CRY(0.0, wires=[6, 1])) had small change in overlap from 0.0 to 0.0
[2025-08-05 10:14:02,210][INFO] Adding RY(0.0, wires=[6]) had small change in overlap from 0.0 to 0.0
[2025-08-05 10:14:38,444][INFO] Adding RY(0.0, wires=[5]) had small change in overlap from 0.0 to 0.0
[2025-08-05 10:15:10,999][INFO] Adding RY(0.0, wires=[1]) had small change in overlap from 0.0 to 0.0
[2025-08-05 10:15:44,002][INFO] Adding RY(0.0, wires=[3]) had small change in overlap from 0.0 to 0.0
[2025-08-05 10:16:18,467][INFO] Adding CRY(0.0, wires=[5, 2])) had small change in overlap from 0.0 to 0.0
[2025-08-05 10:16:18,468][INFO] Completed VQE run 29
[2025-08-05 10:16:18,468][INFO] Final ops list: [{'name': 'RY', 'param': 9.425421583437426, 'wires': [6]}, {'name': 'CRY', 'param': 4.034374120999469, 'wires': [6, 5]}, {'name': 'RY', 'param': 10.652793321591497, 'wires': [4]}, {'name': 'RY', 'param': 4.072416179640781, 'wires': [5]}, {'name': 'RY', 'param': 7.400686630197712, 'wires': [3]}, {'name': 'CRY', 'param': 11.38374125202697, 'wires': [6, 4]}, {'name': 'CRY', 'param': 6.389270878932417, 'wires': [6, 3]}, {'name': 'CRY', 'param': 6.282454919526962, 'wires': [5, 4]}, {'name': 'RY', 'param': 4.9646576610108895, 'wires': [5]}, {'name': 'CRY', 'param': 1.2718654690530982, 'wires': [5, 3]}, {'name': 'RY', 'param': 3.13972440105713, 'wires': [5]}, {'name': 'CRY', 'param': 6.347431031831715, 'wires': [6, 2]}, {'name': 'RY', 'param': 6.151254395260329, 'wires': [6]}, {'name': 'CRY', 'param': 3.178348901958873, 'wires': [5, 6]}, {'name': 'RY', 'param': 5.3447361455243945, 'wires': [5]}, {'name': 'CRY', 'param': 1.0111898367994767, 'wires': [4, 6]}, {'name': 'RY', 'param': 2.0643230349518844, 'wires': [4]}, {'name': 'CRY', 'param': 6.283649758714846, 'wires': [4, 5]}, {'name': 'RY', 'param': 5.249614544464656, 'wires': [4]}, {'name': 'RY', 'param': 6.218225735817305, 'wires': [2]}, {'name': 'RY', 'param': 2.5110826860155755, 'wires': [6]}, {'name': 'CRY', 'param': 6.968505132185227, 'wires': [4, 3]}, {'name': 'RY', 'param': 6.27104785553775, 'wires': [4]}, {'name': 'RY', 'param': 7.439576251478514, 'wires': [1]}, {'name': 'CRY', 'param': 6.283807300725432, 'wires': [6, 1]}, {'name': 'RY', 'param': 5.5708959090941805, 'wires': [6]}, {'name': 'RY', 'param': 0.9390904367992826, 'wires': [5]}, {'name': 'RY', 'param': 5.126803749475705, 'wires': [1]}, {'name': 'RY', 'param': 3.787328053545629, 'wires': [3]}, {'name': 'CRY', 'param': 2.5045615998966895, 'wires': [5, 2]}]
[2025-08-05 10:16:18,468][INFO] Energy: 1.085872548825983
