[2025-08-05 10:04:01,968][INFO] Starting VQE run 33 (seed=100041461)
[2025-08-05 10:04:02,103][INFO] Adding RY(0.0, wires=[6]) had small change in overlap from 0.0 to 0.0
[2025-08-05 10:04:02,279][INFO] Adding CRY(0.0, wires=[6, 5])) had small change in overlap from 0.0 to 0.0
[2025-08-05 10:04:02,520][INFO] Adding RY(0.0, wires=[4]) had small change in overlap from 0.0 to 0.0
[2025-08-05 10:04:02,957][INFO] Adding RY(0.0, wires=[5]) had small change in overlap from 0.0 to 0.0
[2025-08-05 10:04:04,236][INFO] Adding RY(0.0, wires=[3]) had small change in overlap from 0.0 to 0.0
[2025-08-05 10:04:08,294][INFO] Adding CRY(0.0, wires=[6, 4])) had small change in overlap from 0.0 to 0.0
[2025-08-05 10:04:10,680][INFO] Adding CRY(0.0, wires=[6, 3])) had small change in overlap from 0.0 to 0.0
[2025-08-05 10:04:18,385][INFO] Adding CRY(0.0, wires=[5, 4])) had small change in overlap from 0.0 to 0.0
[2025-08-05 10:04:38,851][INFO] Adding RY(0.0, wires=[5]) had small change in overlap from 0.0 to 0.0
[2025-08-05 10:05:01,206][INFO] Adding CRY(0.0, wires=[5, 3])) had small change in overlap from 0.0 to 0.0
[2025-08-05 10:05:25,231][INFO] Adding CRY(0.0, wires=[6, 2])) had small change in overlap from 0.0 to 0.0
[2025-08-05 10:05:50,249][INFO] Adding RY(0.0, wires=[2]) had small change in overlap from 0.0 to 0.0
[2025-08-05 10:06:17,046][INFO] Adding CRY(0.0, wires=[4, 5])) had small change in overlap from 0.0 to 0.0
[2025-08-05 10:06:44,599][INFO] Adding RY(0.0, wires=[4]) had small change in overlap from 0.0 to 0.0
[2025-08-05 10:07:13,997][INFO] Adding CRY(0.0, wires=[4, 3])) had small change in overlap from 0.0 to 0.0
[2025-08-05 10:07:43,975][INFO] Adding RY(0.0, wires=[4]) had small change in overlap from 0.0 to 0.0
[2025-08-05 10:08:15,986][INFO] Adding CRY(0.0, wires=[5, 2])) had small change in overlap from 0.0 to 0.0
[2025-08-05 10:08:48,576][INFO] Adding RY(0.0, wires=[2]) had small change in overlap from 0.0 to 0.0
[2025-08-05 10:09:23,182][INFO] Adding CRY(0.0, wires=[4, 6])) had small change in overlap from 0.0 to 0.0
[2025-08-05 10:09:58,435][INFO] Adding RY(0.0, wires=[4]) had small change in overlap from 0.0 to 0.0
[2025-08-05 10:10:35,532][INFO] Adding CRY(0.0, wires=[4, 2])) had small change in overlap from 0.0 to 0.0
[2025-08-05 10:11:13,146][INFO] Adding RY(0.0, wires=[4]) had small change in overlap from 0.0 to 0.0
[2025-08-05 10:11:51,687][INFO] Adding RY(0.0, wires=[1]) had small change in overlap from 0.0 to 0.0
[2025-08-05 10:12:31,958][INFO] Adding CRY(0.0, wires=[6, 1])) had small change in overlap from 0.0 to 0.0
[2025-08-05 10:13:13,008][INFO] Adding RY(0.0, wires=[6]) had small change in overlap from 0.0 to 0.0
[2025-08-05 10:13:55,977][INFO] Adding CRY(0.0, wires=[5, 6])) had small change in overlap from 0.0 to 0.0
[2025-08-05 10:14:37,184][INFO] Adding RY(0.0, wires=[5]) had small change in overlap from 0.0 to 0.0
[2025-08-05 10:15:17,805][INFO] Adding RY(0.0, wires=[3]) had small change in overlap from 0.0 to 0.0
[2025-08-05 10:15:59,327][INFO] Adding RY(0.0, wires=[1]) had small change in overlap from 0.0 to 0.0
[2025-08-05 10:16:38,732][INFO] Adding RY(0.0, wires=[2]) had small change in overlap from 0.0 to 0.0
[2025-08-05 10:16:38,732][INFO] Completed VQE run 29
[2025-08-05 10:16:38,733][INFO] Final ops list: [{'name': 'RY', 'param': 8.153768440301073, 'wires': [6]}, {'name': 'CRY', 'param': 11.351403172066117, 'wires': [6, 5]}, {'name': 'RY', 'param': 10.522925685372767, 'wires': [4]}, {'name': 'RY', 'param': 8.435101602974397, 'wires': [5]}, {'name': 'RY', 'param': 7.5870110697676445, 'wires': [3]}, {'name': 'CRY', 'param': 8.45243076939097, 'wires': [6, 4]}, {'name': 'CRY', 'param': 6.309893628166611, 'wires': [6, 3]}, {'name': 'CRY', 'param': 9.031748135752549, 'wires': [5, 4]}, {'name': 'RY', 'param': 9.131892334893818, 'wires': [5]}, {'name': 'CRY', 'param': 6.273541617544653, 'wires': [5, 3]}, {'name': 'CRY', 'param': 6.280377571431598, 'wires': [6, 2]}, {'name': 'RY', 'param': 8.29717578865154, 'wires': [2]}, {'name': 'CRY', 'param': 3.5031921953105374, 'wires': [4, 5]}, {'name': 'RY', 'param': 6.950954846620863, 'wires': [4]}, {'name': 'CRY', 'param': 6.31177822874681, 'wires': [4, 3]}, {'name': 'RY', 'param': 5.970931548466105, 'wires': [4]}, {'name': 'CRY', 'param': 6.2852591636524995, 'wires': [5, 2]}, {'name': 'RY', 'param': 6.542981521812112, 'wires': [2]}, {'name': 'CRY', 'param': 7.3016593880038165, 'wires': [4, 6]}, {'name': 'RY', 'param': 6.4347534813075375, 'wires': [4]}, {'name': 'CRY', 'param': 6.28557576976551, 'wires': [4, 2]}, {'name': 'RY', 'param': 6.32674033264552, 'wires': [4]}, {'name': 'RY', 'param': 7.604553836848269, 'wires': [1]}, {'name': 'CRY', 'param': 6.283167760125336, 'wires': [6, 1]}, {'name': 'RY', 'param': 4.875400221984892, 'wires': [6]}, {'name': 'CRY', 'param': 3.3401442881134034, 'wires': [5, 6]}, {'name': 'RY', 'param': 8.264822924223052, 'wires': [5]}, {'name': 'RY', 'param': 4.968993811682403, 'wires': [3]}, {'name': 'RY', 'param': 4.961790443067431, 'wires': [1]}, {'name': 'RY', 'param': 4.009804500362405, 'wires': [2]}]
[2025-08-05 10:16:38,733][INFO] Energy: 0.8931490728842193
