[2025-08-05 10:04:01,982][INFO] Starting VQE run 48 (seed=119515019)
[2025-08-05 10:04:02,124][INFO] Adding RY(0.0, wires=[6]) had small change in overlap from 0.0 to 0.0
[2025-08-05 10:04:02,303][INFO] Adding CRY(0.0, wires=[6, 5])) had small change in overlap from 0.0 to 0.0
[2025-08-05 10:04:02,557][INFO] Adding RY(0.0, wires=[4]) had small change in overlap from 0.0 to 0.0
[2025-08-05 10:04:02,953][INFO] Adding RY(0.0, wires=[5]) had small change in overlap from 0.0 to 0.0
[2025-08-05 10:04:04,279][INFO] Adding RY(0.0, wires=[3]) had small change in overlap from 0.0 to 0.0
[2025-08-05 10:04:06,266][INFO] Adding CRY(0.0, wires=[6, 4])) had small change in overlap from 0.0 to 0.0
[2025-08-05 10:04:08,247][INFO] Adding CRY(0.0, wires=[6, 3])) had small change in overlap from 0.0 to 0.0
[2025-08-05 10:04:14,285][INFO] Adding CRY(0.0, wires=[5, 4])) had small change in overlap from 0.0 to 0.0
[2025-08-05 10:04:34,670][INFO] Adding RY(0.0, wires=[5]) had small change in overlap from 0.0 to 0.0
[2025-08-05 10:04:57,154][INFO] Adding CRY(0.0, wires=[5, 3])) had small change in overlap from 0.0 to 0.0
[2025-08-05 10:05:21,187][INFO] Adding CRY(0.0, wires=[6, 2])) had small change in overlap from 0.0 to 0.0
[2025-08-05 10:05:47,266][INFO] Adding CRY(0.0, wires=[4, 3])) had small change in overlap from 0.0 to 0.0
[2025-08-05 10:06:14,940][INFO] Adding CRY(0.0, wires=[5, 2])) had small change in overlap from 0.0 to 0.0
[2025-08-05 10:06:43,427][INFO] Adding RY(0.0, wires=[2]) had small change in overlap from 0.0 to 0.0
[2025-08-05 10:07:12,769][INFO] Adding RY(0.0, wires=[5]) had small change in overlap from 0.0 to 0.0
[2025-08-05 10:07:42,671][INFO] Adding RY(0.0, wires=[6]) had small change in overlap from 0.0 to 0.0
[2025-08-05 10:08:14,566][INFO] Adding CRY(0.0, wires=[4, 6])) had small change in overlap from 0.0 to 0.0
[2025-08-05 10:08:47,111][INFO] Adding RY(0.0, wires=[4]) had small change in overlap from 0.0 to 0.0
[2025-08-05 10:09:21,496][INFO] Adding CRY(0.0, wires=[4, 5])) had small change in overlap from 0.0 to 0.0
[2025-08-05 10:09:57,434][INFO] Adding CRY(0.0, wires=[3, 5])) had small change in overlap from 0.0 to 0.0
[2025-08-05 10:10:34,263][INFO] Adding RY(0.0, wires=[3]) had small change in overlap from 0.0 to 0.0
[2025-08-05 10:11:12,626][INFO] Adding CRY(0.0, wires=[4, 2])) had small change in overlap from 0.0 to 0.0
[2025-08-05 10:11:51,903][INFO] Adding RY(0.0, wires=[2]) had small change in overlap from 0.0 to 0.0
[2025-08-05 10:12:31,913][INFO] Adding RY(0.0, wires=[4]) had small change in overlap from 0.0 to 0.0
[2025-08-05 10:13:13,637][INFO] Adding CRY(0.0, wires=[5, 6])) had small change in overlap from 0.0 to 0.0
[2025-08-05 10:13:56,122][INFO] Adding RY(0.0, wires=[1]) had small change in overlap from 0.0 to 0.0
[2025-08-05 10:14:36,738][INFO] Adding RY(0.0, wires=[6]) had small change in overlap from 0.0 to 0.0
[2025-08-05 10:15:17,759][INFO] Adding CRY(0.0, wires=[6, 1])) had small change in overlap from 0.0 to 0.0
[2025-08-05 10:15:59,532][INFO] Adding RY(0.0, wires=[5]) had small change in overlap from 0.0 to 0.0
[2025-08-05 10:16:39,478][INFO] Adding RY(0.0, wires=[1]) had small change in overlap from 0.0 to 0.0
[2025-08-05 10:16:39,478][INFO] Completed VQE run 29
[2025-08-05 10:16:39,478][INFO] Final ops list: [{'name': 'RY', 'param': 7.190310982462682, 'wires': [6]}, {'name': 'CRY', 'param': 13.496092602594365, 'wires': [6, 5]}, {'name': 'RY', 'param': 6.327947582187053, 'wires': [4]}, {'name': 'RY', 'param': 6.2573669449898, 'wires': [5]}, {'name': 'RY', 'param': 6.223731697865113, 'wires': [3]}, {'name': 'CRY', 'param': 4.830823429547983, 'wires': [6, 4]}, {'name': 'CRY', 'param': 6.461670215248265, 'wires': [6, 3]}, {'name': 'CRY', 'param': 8.611532949028867, 'wires': [5, 4]}, {'name': 'RY', 'param': 7.284909552502506, 'wires': [5]}, {'name': 'CRY', 'param': 6.5964642200230035, 'wires': [5, 3]}, {'name': 'CRY', 'param': 6.288356658859689, 'wires': [6, 2]}, {'name': 'CRY', 'param': 6.000037586760374, 'wires': [4, 3]}, {'name': 'CRY', 'param': 6.2802665127046495, 'wires': [5, 2]}, {'name': 'RY', 'param': 8.008512903635506, 'wires': [2]}, {'name': 'RY', 'param': 5.534579306254827, 'wires': [5]}, {'name': 'RY', 'param': 9.337047709378096, 'wires': [6]}, {'name': 'CRY', 'param': 8.594733745068028, 'wires': [4, 6]}, {'name': 'RY', 'param': 6.507230998749426, 'wires': [4]}, {'name': 'CRY', 'param': 4.981488229592756, 'wires': [4, 5]}, {'name': 'CRY', 'param': 9.966702466711055, 'wires': [3, 5]}, {'name': 'RY', 'param': 6.159897631647287, 'wires': [3]}, {'name': 'CRY', 'param': 6.277726268095963, 'wires': [4, 2]}, {'name': 'RY', 'param': 4.553798762473228, 'wires': [2]}, {'name': 'RY', 'param': 6.488552740602169, 'wires': [4]}, {'name': 'CRY', 'param': 7.963171353930209, 'wires': [5, 6]}, {'name': 'RY', 'param': 7.80301720407945, 'wires': [1]}, {'name': 'RY', 'param': 5.226074905914851, 'wires': [6]}, {'name': 'CRY', 'param': 6.282957161870663, 'wires': [6, 1]}, {'name': 'RY', 'param': 6.258228991972608, 'wires': [5]}, {'name': 'RY', 'param': 4.763229078378956, 'wires': [1]}]
[2025-08-05 10:16:39,478][INFO] Energy: 0.9186578615213422
