[2025-08-05 10:04:01,991][INFO] Starting VQE run 61 (seed=87009387)
[2025-08-05 10:04:02,132][INFO] Adding RY(0.0, wires=[6]) had small change in overlap from 0.0 to 0.0
[2025-08-05 10:04:02,307][INFO] Adding CRY(0.0, wires=[6, 5])) had small change in overlap from 0.0 to 0.0
[2025-08-05 10:04:02,570][INFO] Adding RY(0.0, wires=[4]) had small change in overlap from 0.0 to 0.0
[2025-08-05 10:04:02,952][INFO] Adding RY(0.0, wires=[5]) had small change in overlap from 0.0 to 0.0
[2025-08-05 10:04:04,050][INFO] Adding RY(0.0, wires=[3]) had small change in overlap from 0.0 to 0.0
[2025-08-05 10:04:05,641][INFO] Adding CRY(0.0, wires=[6, 4])) had small change in overlap from 0.0 to 0.0
[2025-08-05 10:04:07,895][INFO] Adding CRY(0.0, wires=[6, 3])) had small change in overlap from 0.0 to 0.0
[2025-08-05 10:04:14,336][INFO] Adding CRY(0.0, wires=[5, 4])) had small change in overlap from 0.0 to 0.0
[2025-08-05 10:04:34,633][INFO] Adding RY(0.0, wires=[5]) had small change in overlap from 0.0 to 0.0
[2025-08-05 10:04:56,893][INFO] Adding CRY(0.0, wires=[4, 5])) had small change in overlap from 0.0 to 0.0
[2025-08-05 10:05:20,916][INFO] Adding CRY(0.0, wires=[5, 3])) had small change in overlap from 0.0 to 0.0
[2025-08-05 10:05:46,864][INFO] Adding CRY(0.0, wires=[6, 2])) had small change in overlap from 0.0 to 0.0
[2025-08-05 10:06:13,637][INFO] Adding RY(0.0, wires=[2]) had small change in overlap from 0.0 to 0.0
[2025-08-05 10:06:41,094][INFO] Adding RY(0.0, wires=[4]) had small change in overlap from 0.0 to 0.0
[2025-08-05 10:07:10,386][INFO] Adding CRY(0.0, wires=[4, 3])) had small change in overlap from 0.0 to 0.0
[2025-08-05 10:07:41,195][INFO] Adding CRY(0.0, wires=[5, 2])) had small change in overlap from 0.0 to 0.0
[2025-08-05 10:08:12,972][INFO] Adding RY(0.0, wires=[5]) had small change in overlap from 0.0 to 0.0
[2025-08-05 10:08:46,573][INFO] Adding CRY(0.0, wires=[4, 2])) had small change in overlap from 0.0 to 0.0
[2025-08-05 10:09:22,069][INFO] Adding CRY(0.0, wires=[5, 6])) had small change in overlap from 0.0 to 0.0
[2025-08-05 10:09:58,250][INFO] Adding RY(0.0, wires=[6]) had small change in overlap from 0.0 to 0.0
[2025-08-05 10:10:35,301][INFO] Adding RY(0.0, wires=[2]) had small change in overlap from 0.0 to 0.0
[2025-08-05 10:11:12,699][INFO] Adding RY(0.0, wires=[5]) had small change in overlap from 0.0 to 0.0
[2025-08-05 10:11:52,177][INFO] Adding CRY(0.0, wires=[4, 6])) had small change in overlap from 0.0 to 0.0
[2025-08-05 10:12:32,411][INFO] Adding RY(0.0, wires=[4]) had small change in overlap from 0.0 to 0.0
[2025-08-05 10:13:13,191][INFO] Adding RY(0.0, wires=[6]) had small change in overlap from 0.0 to 0.0
[2025-08-05 10:13:55,858][INFO] Adding CRY(0.0, wires=[6, 1])) had small change in overlap from 0.0 to 0.0
[2025-08-05 10:14:36,719][INFO] Adding RY(0.0, wires=[1]) had small change in overlap from 0.0 to 0.0
[2025-08-05 10:15:17,995][INFO] Adding CRY(0.0, wires=[3, 4])) had small change in overlap from 0.0 to 0.0
[2025-08-05 10:15:59,977][INFO] Adding RY(0.0, wires=[3]) had small change in overlap from 0.0 to 0.0
[2025-08-05 10:16:39,856][INFO] Adding RY(0.0, wires=[4]) had small change in overlap from 0.0 to 0.0
[2025-08-05 10:16:39,856][INFO] Completed VQE run 29
[2025-08-05 10:16:39,856][INFO] Final ops list: [{'name': 'RY', 'param': 7.09621302943386, 'wires': [6]}, {'name': 'CRY', 'param': 10.779230512372136, 'wires': [6, 5]}, {'name': 'RY', 'param': 6.024175396581929, 'wires': [4]}, {'name': 'RY', 'param': 7.7437290665654, 'wires': [5]}, {'name': 'RY', 'param': 6.604531343848662, 'wires': [3]}, {'name': 'CRY', 'param': 6.146976022660986, 'wires': [6, 4]}, {'name': 'CRY', 'param': 6.249522691270679, 'wires': [6, 3]}, {'name': 'CRY', 'param': 5.826614813371747, 'wires': [5, 4]}, {'name': 'RY', 'param': 9.247221953983422, 'wires': [5]}, {'name': 'CRY', 'param': 13.91557114133461, 'wires': [4, 5]}, {'name': 'CRY', 'param': 6.3035686176009795, 'wires': [5, 3]}, {'name': 'CRY', 'param': 6.278287545545489, 'wires': [6, 2]}, {'name': 'RY', 'param': 6.7914602314258445, 'wires': [2]}, {'name': 'RY', 'param': 6.618096691752636, 'wires': [4]}, {'name': 'CRY', 'param': 6.535373843731463, 'wires': [4, 3]}, {'name': 'CRY', 'param': 6.2856619272427725, 'wires': [5, 2]}, {'name': 'RY', 'param': 5.176346954874368, 'wires': [5]}, {'name': 'CRY', 'param': 6.293521590386216, 'wires': [4, 2]}, {'name': 'CRY', 'param': 8.75255793867859, 'wires': [5, 6]}, {'name': 'RY', 'param': 7.026986949868072, 'wires': [6]}, {'name': 'RY', 'param': 5.777038408209678, 'wires': [2]}, {'name': 'RY', 'param': 7.2216394076987465, 'wires': [5]}, {'name': 'CRY', 'param': 10.110315175364292, 'wires': [4, 6]}, {'name': 'RY', 'param': 6.6658767759174635, 'wires': [4]}, {'name': 'RY', 'param': 7.046343722457405, 'wires': [6]}, {'name': 'CRY', 'param': 6.283273456828877, 'wires': [6, 1]}, {'name': 'RY', 'param': 6.283169299142284, 'wires': [1]}, {'name': 'CRY', 'param': 6.4027309163277994, 'wires': [3, 4]}, {'name': 'RY', 'param': 6.612185497028277, 'wires': [3]}, {'name': 'RY', 'param': 5.945440192588014, 'wires': [4]}]
[2025-08-05 10:16:39,856][INFO] Energy: 0.8952900918886233
