[2025-08-05 10:04:01,988][INFO] Starting VQE run 56 (seed=80518201)
[2025-08-05 10:04:02,131][INFO] Adding RY(0.0, wires=[6]) had small change in overlap from 0.0 to 0.0
[2025-08-05 10:04:02,361][INFO] Adding CRY(0.0, wires=[6, 5])) had small change in overlap from 0.0 to 0.0
[2025-08-05 10:04:02,616][INFO] Adding RY(0.0, wires=[4]) had small change in overlap from 0.0 to 0.0
[2025-08-05 10:04:03,040][INFO] Adding RY(0.0, wires=[5]) had small change in overlap from 0.0 to 0.0
[2025-08-05 10:04:04,311][INFO] Adding RY(0.0, wires=[3]) had small change in overlap from 0.0 to 0.0
[2025-08-05 10:04:05,866][INFO] Adding CRY(0.0, wires=[6, 4])) had small change in overlap from 0.0 to 0.0
[2025-08-05 10:04:08,194][INFO] Adding CRY(0.0, wires=[6, 3])) had small change in overlap from 0.0 to 0.0
[2025-08-05 10:04:14,621][INFO] Adding CRY(0.0, wires=[5, 4])) had small change in overlap from 0.0 to 0.0
[2025-08-05 10:04:34,993][INFO] Adding RY(0.0, wires=[5]) had small change in overlap from 0.0 to 0.0
[2025-08-05 10:04:57,296][INFO] Adding CRY(0.0, wires=[5, 3])) had small change in overlap from 0.0 to 0.0
[2025-08-05 10:05:21,327][INFO] Adding CRY(0.0, wires=[6, 2])) had small change in overlap from 0.0 to 0.0
[2025-08-05 10:05:46,331][INFO] Adding RY(0.0, wires=[2]) had small change in overlap from 0.0 to 0.0
[2025-08-05 10:06:13,123][INFO] Adding CRY(0.0, wires=[4, 3])) had small change in overlap from 0.0 to 0.0
[2025-08-05 10:06:40,647][INFO] Adding RY(0.0, wires=[4]) had small change in overlap from 0.0 to 0.0
[2025-08-05 10:07:10,031][INFO] Adding CRY(0.0, wires=[5, 2])) had small change in overlap from 0.0 to 0.0
[2025-08-05 10:07:40,105][INFO] Adding RY(0.0, wires=[6]) had small change in overlap from 0.0 to 0.0
[2025-08-05 10:08:12,143][INFO] Adding CRY(0.0, wires=[4, 6])) had small change in overlap from 0.0 to 0.0
[2025-08-05 10:08:44,809][INFO] Adding RY(0.0, wires=[4]) had small change in overlap from 0.0 to 0.0
[2025-08-05 10:09:18,483][INFO] Adding RY(0.0, wires=[2]) had small change in overlap from 0.0 to 0.0
[2025-08-05 10:09:52,731][INFO] Adding RY(0.0, wires=[5]) had small change in overlap from 0.0 to 0.0
[2025-08-05 10:10:27,772][INFO] Adding RY(0.0, wires=[6]) had small change in overlap from 0.0 to 0.0
[2025-08-05 10:11:04,455][INFO] Adding CRY(0.0, wires=[4, 5])) had small change in overlap from 0.0 to 0.0
[2025-08-05 10:11:41,993][INFO] Adding RY(0.0, wires=[4]) had small change in overlap from 0.0 to 0.0
[2025-08-05 10:12:21,157][INFO] Adding CRY(0.0, wires=[4, 2])) had small change in overlap from 0.0 to 0.0
[2025-08-05 10:13:01,188][INFO] Adding RY(0.0, wires=[4]) had small change in overlap from 0.0 to 0.0
[2025-08-05 10:13:41,856][INFO] Adding RY(0.0, wires=[2]) had small change in overlap from 0.0 to 0.0
[2025-08-05 10:14:21,981][INFO] Adding RY(0.0, wires=[5]) had small change in overlap from 0.0 to 0.0
[2025-08-05 10:15:00,478][INFO] Adding RY(0.0, wires=[3]) had small change in overlap from 0.0 to 0.0
[2025-08-05 10:15:40,370][INFO] Adding CRY(0.0, wires=[5, 6])) had small change in overlap from 0.0 to 0.0
[2025-08-05 10:16:20,910][INFO] Adding RY(0.0, wires=[5]) had small change in overlap from 0.0 to 0.0
[2025-08-05 10:16:20,910][INFO] Completed VQE run 29
[2025-08-05 10:16:20,910][INFO] Final ops list: [{'name': 'RY', 'param': -2.393309363786295, 'wires': [6]}, {'name': 'CRY', 'param': -2.2401072909551716, 'wires': [6, 5]}, {'name': 'RY', 'param': -1.4574536889941636, 'wires': [4]}, {'name': 'RY', 'param': -0.9936579929285551, 'wires': [5]}, {'name': 'RY', 'param': -0.8767259701479201, 'wires': [3]}, {'name': 'CRY', 'param': 0.4793102633305545, 'wires': [6, 4]}, {'name': 'CRY', 'param': -0.036245431910772355, 'wires': [6, 3]}, {'name': 'CRY', 'param': -0.6395989995487392, 'wires': [5, 4]}, {'name': 'RY', 'param': 0.05180076358834358, 'wires': [5]}, {'name': 'CRY', 'param': 0.03582412114938236, 'wires': [5, 3]}, {'name': 'CRY', 'param': 0.0014810059222595648, 'wires': [6, 2]}, {'name': 'RY', 'param': -1.1477886005796818, 'wires': [2]}, {'name': 'CRY', 'param': -0.005560446418866633, 'wires': [4, 3]}, {'name': 'RY', 'param': 0.6370353811165742, 'wires': [4]}, {'name': 'CRY', 'param': -0.0016263864411710511, 'wires': [5, 2]}, {'name': 'RY', 'param': 0.9318957966860335, 'wires': [6]}, {'name': 'CRY', 'param': -0.15096550306353335, 'wires': [4, 6]}, {'name': 'RY', 'param': 1.042919425589017, 'wires': [4]}, {'name': 'RY', 'param': 0.6546878864331771, 'wires': [2]}, {'name': 'RY', 'param': 1.692238518728871, 'wires': [5]}, {'name': 'RY', 'param': 0.7953467926122337, 'wires': [6]}, {'name': 'CRY', 'param': 3.8875513317044925, 'wires': [4, 5]}, {'name': 'RY', 'param': -0.6810025400920039, 'wires': [4]}, {'name': 'CRY', 'param': -0.00032712812229048946, 'wires': [4, 2]}, {'name': 'RY', 'param': 0.5227049306626204, 'wires': [4]}, {'name': 'RY', 'param': 0.49277270303098814, 'wires': [2]}, {'name': 'RY', 'param': 1.576936874053305, 'wires': [5]}, {'name': 'RY', 'param': 0.8741173674071862, 'wires': [3]}, {'name': 'CRY', 'param': 2.7018064361059047, 'wires': [5, 6]}, {'name': 'RY', 'param': 0.7519218074760196, 'wires': [5]}]
[2025-08-05 10:16:20,910][INFO] Energy: 0.8933653808268021
