[2025-08-05 10:04:01,965][INFO] Starting VQE run 28 (seed=93550275)
[2025-08-05 10:04:02,103][INFO] Adding RY(0.0, wires=[6]) had small change in overlap from 0.0 to 0.0
[2025-08-05 10:04:02,289][INFO] Adding CRY(0.0, wires=[6, 5])) had small change in overlap from 0.0 to 0.0
[2025-08-05 10:04:02,527][INFO] Adding RY(0.0, wires=[4]) had small change in overlap from 0.0 to 0.0
[2025-08-05 10:04:02,996][INFO] Adding RY(0.0, wires=[5]) had small change in overlap from 0.0 to 0.0
[2025-08-05 10:04:04,253][INFO] Adding RY(0.0, wires=[3]) had small change in overlap from 0.0 to 0.0
[2025-08-05 10:04:08,626][INFO] Adding CRY(0.0, wires=[6, 4])) had small change in overlap from 0.0 to 0.0
[2025-08-05 10:04:11,037][INFO] Adding CRY(0.0, wires=[6, 3])) had small change in overlap from 0.0 to 0.0
[2025-08-05 10:04:18,923][INFO] Adding CRY(0.0, wires=[5, 4])) had small change in overlap from 0.0 to 0.0
[2025-08-05 10:04:39,401][INFO] Adding RY(0.0, wires=[5]) had small change in overlap from 0.0 to 0.0
[2025-08-05 10:05:01,788][INFO] Adding CRY(0.0, wires=[5, 3])) had small change in overlap from 0.0 to 0.0
[2025-08-05 10:05:25,852][INFO] Adding CRY(0.0, wires=[6, 2])) had small change in overlap from 0.0 to 0.0
[2025-08-05 10:05:50,914][INFO] Adding RY(0.0, wires=[2]) had small change in overlap from 0.0 to 0.0
[2025-08-05 10:06:17,674][INFO] Adding CRY(0.0, wires=[4, 5])) had small change in overlap from 0.0 to 0.0
[2025-08-05 10:06:45,184][INFO] Adding RY(0.0, wires=[4]) had small change in overlap from 0.0 to 0.0
[2025-08-05 10:07:14,529][INFO] Adding CRY(0.0, wires=[4, 6])) had small change in overlap from 0.0 to 0.0
[2025-08-05 10:07:44,575][INFO] Adding RY(0.0, wires=[4]) had small change in overlap from 0.0 to 0.0
[2025-08-05 10:08:16,537][INFO] Adding CRY(0.0, wires=[4, 3])) had small change in overlap from 0.0 to 0.0
[2025-08-05 10:08:49,185][INFO] Adding RY(0.0, wires=[4]) had small change in overlap from 0.0 to 0.0
[2025-08-05 10:09:23,774][INFO] Adding CRY(0.0, wires=[5, 2])) had small change in overlap from 0.0 to 0.0
[2025-08-05 10:09:58,898][INFO] Adding RY(0.0, wires=[5]) had small change in overlap from 0.0 to 0.0
[2025-08-05 10:10:35,975][INFO] Adding CRY(0.0, wires=[3, 4])) had small change in overlap from 0.0 to 0.0
[2025-08-05 10:11:13,634][INFO] Adding RY(0.0, wires=[3]) had small change in overlap from 0.0 to 0.0
[2025-08-05 10:11:53,151][INFO] Adding CRY(0.0, wires=[6, 1])) had small change in overlap from 0.0 to 0.0
[2025-08-05 10:12:33,277][INFO] Adding RY(0.0, wires=[6]) had small change in overlap from 0.0 to 0.0
[2025-08-05 10:13:14,086][INFO] Adding RY(0.0, wires=[4]) had small change in overlap from 0.0 to 0.0
[2025-08-05 10:13:55,690][INFO] Adding RY(0.0, wires=[1]) had small change in overlap from 0.0 to 0.0
[2025-08-05 10:14:36,676][INFO] Adding CRY(0.0, wires=[5, 6])) had small change in overlap from 0.0 to 0.0
[2025-08-05 10:15:17,054][INFO] Adding RY(0.0, wires=[5]) had small change in overlap from 0.0 to 0.0
[2025-08-05 10:15:58,210][INFO] Adding RY(0.0, wires=[6]) had small change in overlap from 0.0 to 0.0
[2025-08-05 10:16:38,408][INFO] Adding CRY(0.0, wires=[4, 2])) had small change in overlap from 0.0 to 0.0
[2025-08-05 10:16:38,408][INFO] Completed VQE run 29
[2025-08-05 10:16:38,408][INFO] Final ops list: [{'name': 'RY', 'param': 9.344438921620505, 'wires': [6]}, {'name': 'CRY', 'param': 6.591078032615426, 'wires': [6, 5]}, {'name': 'RY', 'param': 7.871943555969588, 'wires': [4]}, {'name': 'RY', 'param': 11.877836501939248, 'wires': [5]}, {'name': 'RY', 'param': 6.254749453380505, 'wires': [3]}, {'name': 'CRY', 'param': 6.905040470146536, 'wires': [6, 4]}, {'name': 'CRY', 'param': 6.298660714082361, 'wires': [6, 3]}, {'name': 'CRY', 'param': 9.632168305151772, 'wires': [5, 4]}, {'name': 'RY', 'param': 7.7296921418437945, 'wires': [5]}, {'name': 'CRY', 'param': 6.283950858267232, 'wires': [5, 3]}, {'name': 'CRY', 'param': 6.2585042556271935, 'wires': [6, 2]}, {'name': 'RY', 'param': 6.308824895963503, 'wires': [2]}, {'name': 'CRY', 'param': 7.1938777219561185, 'wires': [4, 5]}, {'name': 'RY', 'param': 5.275168867426461, 'wires': [4]}, {'name': 'CRY', 'param': 7.779422113383572, 'wires': [4, 6]}, {'name': 'RY', 'param': 7.895468318521162, 'wires': [4]}, {'name': 'CRY', 'param': 6.254261289660376, 'wires': [4, 3]}, {'name': 'RY', 'param': 6.527281335802086, 'wires': [4]}, {'name': 'CRY', 'param': 6.2698818123908175, 'wires': [5, 2]}, {'name': 'RY', 'param': 5.8004350040952595, 'wires': [5]}, {'name': 'CRY', 'param': 5.287382915480924, 'wires': [3, 4]}, {'name': 'RY', 'param': 6.256263337718834, 'wires': [3]}, {'name': 'CRY', 'param': 6.282951446344565, 'wires': [6, 1]}, {'name': 'RY', 'param': 5.297282152880242, 'wires': [6]}, {'name': 'RY', 'param': 4.5447858124193505, 'wires': [4]}, {'name': 'RY', 'param': 6.283259272895126, 'wires': [1]}, {'name': 'CRY', 'param': 2.696324850294675, 'wires': [5, 6]}, {'name': 'RY', 'param': 6.322705560670344, 'wires': [5]}, {'name': 'RY', 'param': 4.363143571933326, 'wires': [6]}, {'name': 'CRY', 'param': 4.924321437271215, 'wires': [4, 2]}]
[2025-08-05 10:16:38,408][INFO] Energy: 0.9567251304988831
