[2025-08-05 10:04:01,947][INFO] Starting VQE run 3 (seed=61094345)
[2025-08-05 10:04:02,078][INFO] Adding RY(0.0, wires=[6]) had small change in overlap from 0.0 to 0.0
[2025-08-05 10:04:02,251][INFO] Adding CRY(0.0, wires=[6, 5])) had small change in overlap from 0.0 to 0.0
[2025-08-05 10:04:02,461][INFO] Adding RY(0.0, wires=[4]) had small change in overlap from 0.0 to 0.0
[2025-08-05 10:04:02,837][INFO] Adding RY(0.0, wires=[5]) had small change in overlap from 0.0 to 0.0
[2025-08-05 10:04:03,961][INFO] Adding RY(0.0, wires=[3]) had small change in overlap from 0.0 to 0.0
[2025-08-05 10:04:06,090][INFO] Adding CRY(0.0, wires=[6, 4])) had small change in overlap from 0.0 to 0.0
[2025-08-05 10:04:20,091][INFO] Adding CRY(0.0, wires=[6, 3])) had small change in overlap from 0.0 to 0.0
[2025-08-05 10:04:34,684][INFO] Adding RY(0.0, wires=[6]) had small change in overlap from 0.0 to 0.0
[2025-08-05 10:04:50,697][INFO] Adding CRY(0.0, wires=[4, 5])) had small change in overlap from 0.0 to 0.0
[2025-08-05 10:05:07,323][INFO] Adding RY(0.0, wires=[4]) had small change in overlap from 0.0 to 0.0
[2025-08-05 10:05:25,396][INFO] Adding CRY(0.0, wires=[5, 3])) had small change in overlap from 0.0 to 0.0
[2025-08-05 10:05:44,816][INFO] Adding CRY(0.0, wires=[6, 2])) had small change in overlap from 0.0 to 0.0
[2025-08-05 10:06:04,838][INFO] Adding RY(0.0, wires=[2]) had small change in overlap from 0.0 to 0.0
[2025-08-05 10:06:26,258][INFO] Adding CRY(0.0, wires=[4, 6])) had small change in overlap from 0.0 to 0.0
[2025-08-05 10:06:48,216][INFO] Adding RY(0.0, wires=[4]) had small change in overlap from 0.0 to 0.0
[2025-08-05 10:07:10,775][INFO] Adding RY(0.0, wires=[5]) had small change in overlap from 0.0 to 0.0
[2025-08-05 10:07:34,600][INFO] Adding CRY(0.0, wires=[3, 6])) had small change in overlap from 0.0 to 0.0
[2025-08-05 10:07:59,907][INFO] Adding CRY(0.0, wires=[4, 3])) had small change in overlap from 0.0 to 0.0
[2025-08-05 10:08:25,858][INFO] Adding RY(0.0, wires=[4]) had small change in overlap from 0.0 to 0.0
[2025-08-05 10:08:52,209][INFO] Adding RY(0.0, wires=[3]) had small change in overlap from 0.0 to 0.0
[2025-08-05 10:09:20,109][INFO] Adding CRY(0.0, wires=[5, 2])) had small change in overlap from 0.0 to 0.0
[2025-08-05 10:09:48,464][INFO] Adding RY(0.0, wires=[5]) had small change in overlap from 0.0 to 0.0
[2025-08-05 10:10:17,287][INFO] Adding RY(0.0, wires=[6]) had small change in overlap from 0.0 to 0.0
[2025-08-05 10:10:47,577][INFO] Adding CRY(0.0, wires=[6, 1])) had small change in overlap from 0.0 to 0.0
[2025-08-05 10:11:18,422][INFO] Adding RY(0.0, wires=[6]) had small change in overlap from 0.0 to 0.0
[2025-08-05 10:11:49,661][INFO] Adding RY(0.0, wires=[1]) had small change in overlap from 0.0 to 0.0
[2025-08-05 10:12:22,305][INFO] Adding CRY(0.0, wires=[5, 6])) had small change in overlap from 0.0 to 0.0
[2025-08-05 10:12:55,468][INFO] Adding RY(0.0, wires=[5]) had small change in overlap from 0.0 to 0.0
[2025-08-05 10:13:30,023][INFO] Adding CRY(0.0, wires=[5, 1])) had small change in overlap from 0.0 to 0.0
[2025-08-05 10:14:05,074][INFO] Adding RY(0.0, wires=[5]) had small change in overlap from 0.0 to 0.0
[2025-08-05 10:14:05,074][INFO] Completed VQE run 29
[2025-08-05 10:14:05,074][INFO] Final ops list: [{'name': 'RY', 'param': 6.283082898971631, 'wires': [6]}, {'name': 'CRY', 'param': 14.751453857616406, 'wires': [6, 5]}, {'name': 'RY', 'param': 9.424067953624471, 'wires': [4]}, {'name': 'RY', 'param': 8.442749127987087, 'wires': [5]}, {'name': 'RY', 'param': 8.28394115960843, 'wires': [3]}, {'name': 'CRY', 'param': 7.363857252009594, 'wires': [6, 4]}, {'name': 'CRY', 'param': 11.374881207163801, 'wires': [6, 3]}, {'name': 'RY', 'param': 10.159607400031543, 'wires': [6]}, {'name': 'CRY', 'param': 0.9810518899529083, 'wires': [4, 5]}, {'name': 'RY', 'param': 6.290474256213237, 'wires': [4]}, {'name': 'CRY', 'param': 7.679803372177605, 'wires': [5, 3]}, {'name': 'CRY', 'param': 6.28480336146092, 'wires': [6, 2]}, {'name': 'RY', 'param': 6.280877433834472, 'wires': [2]}, {'name': 'CRY', 'param': 2.7755287829405084, 'wires': [4, 6]}, {'name': 'RY', 'param': 3.2278634619246263, 'wires': [4]}, {'name': 'RY', 'param': 3.141320183145589, 'wires': [5]}, {'name': 'CRY', 'param': 6.300454270938159, 'wires': [3, 6]}, {'name': 'CRY', 'param': 6.532560080621443, 'wires': [4, 3]}, {'name': 'RY', 'param': 6.557628274046429, 'wires': [4]}, {'name': 'RY', 'param': 3.4148628684262836, 'wires': [3]}, {'name': 'CRY', 'param': 6.010605156599356, 'wires': [5, 2]}, {'name': 'RY', 'param': 6.281983784838308, 'wires': [5]}, {'name': 'RY', 'param': 4.219922991588031, 'wires': [6]}, {'name': 'CRY', 'param': 6.786116015106621, 'wires': [6, 1]}, {'name': 'RY', 'param': 2.192201405042221, 'wires': [6]}, {'name': 'RY', 'param': 5.781572225351193, 'wires': [1]}, {'name': 'CRY', 'param': 3.233497877613924, 'wires': [5, 6]}, {'name': 'RY', 'param': 6.280889276003431, 'wires': [5]}, {'name': 'CRY', 'param': 4.287181874817714, 'wires': [5, 1]}, {'name': 'RY', 'param': 5.7046170958950135, 'wires': [5]}]
[2025-08-05 10:14:05,075][INFO] Energy: 1.480775315150068
