[2025-08-05 10:04:01,972][INFO] Starting VQE run 38 (seed=106532647)
[2025-08-05 10:04:02,112][INFO] Adding RY(0.0, wires=[6]) had small change in overlap from 0.0 to 0.0
[2025-08-05 10:04:02,287][INFO] Adding CRY(0.0, wires=[6, 5])) had small change in overlap from 0.0 to 0.0
[2025-08-05 10:04:02,540][INFO] Adding RY(0.0, wires=[4]) had small change in overlap from 0.0 to 0.0
[2025-08-05 10:04:02,966][INFO] Adding RY(0.0, wires=[5]) had small change in overlap from 0.0 to 0.0
[2025-08-05 10:04:04,000][INFO] Adding RY(0.0, wires=[3]) had small change in overlap from 0.0 to 0.0
[2025-08-05 10:04:05,443][INFO] Adding CRY(0.0, wires=[6, 4])) had small change in overlap from 0.0 to 0.0
[2025-08-05 10:04:07,232][INFO] Adding CRY(0.0, wires=[6, 3])) had small change in overlap from 0.0 to 0.0
[2025-08-05 10:04:12,105][INFO] Adding CRY(0.0, wires=[5, 4])) had small change in overlap from 0.0 to 0.0
[2025-08-05 10:04:32,465][INFO] Adding RY(0.0, wires=[5]) had small change in overlap from 0.0 to 0.0
[2025-08-05 10:04:54,876][INFO] Adding CRY(0.0, wires=[5, 3])) had small change in overlap from 0.0 to 0.0
[2025-08-05 10:05:18,907][INFO] Adding CRY(0.0, wires=[6, 2])) had small change in overlap from 0.0 to 0.0
[2025-08-05 10:05:44,004][INFO] Adding RY(0.0, wires=[2]) had small change in overlap from 0.0 to 0.0
[2025-08-05 10:06:10,778][INFO] Adding CRY(0.0, wires=[4, 3])) had small change in overlap from 0.0 to 0.0
[2025-08-05 10:06:39,190][INFO] Adding CRY(0.0, wires=[5, 2])) had small change in overlap from 0.0 to 0.0
[2025-08-05 10:07:08,456][INFO] Adding RY(0.0, wires=[5]) had small change in overlap from 0.0 to 0.0
[2025-08-05 10:07:38,329][INFO] Adding RY(0.0, wires=[6]) had small change in overlap from 0.0 to 0.0
[2025-08-05 10:08:10,166][INFO] Adding CRY(0.0, wires=[5, 6])) had small change in overlap from 0.0 to 0.0
[2025-08-05 10:08:43,786][INFO] Adding CRY(0.0, wires=[4, 6])) had small change in overlap from 0.0 to 0.0
[2025-08-05 10:09:18,336][INFO] Adding RY(0.0, wires=[2]) had small change in overlap from 0.0 to 0.0
[2025-08-05 10:09:53,459][INFO] Adding RY(0.0, wires=[5]) had small change in overlap from 0.0 to 0.0
[2025-08-05 10:10:30,521][INFO] Adding CRY(0.0, wires=[4, 5])) had small change in overlap from 0.0 to 0.0
[2025-08-05 10:11:08,040][INFO] Adding RY(0.0, wires=[1]) had small change in overlap from 0.0 to 0.0
[2025-08-05 10:11:47,546][INFO] Adding CRY(0.0, wires=[6, 1])) had small change in overlap from 0.0 to 0.0
[2025-08-05 10:12:27,743][INFO] Adding RY(0.0, wires=[1]) had small change in overlap from 0.0 to 0.0
[2025-08-05 10:13:08,699][INFO] Adding RY(0.0, wires=[4]) had small change in overlap from 0.0 to 0.0
[2025-08-05 10:13:50,446][INFO] Adding RY(0.0, wires=[5]) had small change in overlap from 0.0 to 0.0
[2025-08-05 10:14:31,759][INFO] Adding CRY(0.0, wires=[4, 2])) had small change in overlap from 0.0 to 0.0
[2025-08-05 10:15:12,186][INFO] Adding RY(0.0, wires=[4]) had small change in overlap from 0.0 to 0.0
[2025-08-05 10:15:54,117][INFO] Adding CRY(0.0, wires=[5, 1])) had small change in overlap from 0.0 to 0.0
[2025-08-05 10:16:35,068][INFO] Adding RY(0.0, wires=[1]) had small change in overlap from 0.0 to 0.0
[2025-08-05 10:16:35,068][INFO] Completed VQE run 29
[2025-08-05 10:16:35,068][INFO] Final ops list: [{'name': 'RY', 'param': 0.053733337323070444, 'wires': [6]}, {'name': 'CRY', 'param': 0.7938064258020823, 'wires': [6, 5]}, {'name': 'RY', 'param': -0.021938657655140963, 'wires': [4]}, {'name': 'RY', 'param': 0.21661550402459404, 'wires': [5]}, {'name': 'RY', 'param': 0.017013052028057835, 'wires': [3]}, {'name': 'CRY', 'param': 6.161801840873115, 'wires': [6, 4]}, {'name': 'CRY', 'param': -0.3192336123444127, 'wires': [6, 3]}, {'name': 'CRY', 'param': 0.03245734285027212, 'wires': [5, 4]}, {'name': 'RY', 'param': 0.46993665356268705, 'wires': [5]}, {'name': 'CRY', 'param': 0.019928815168100914, 'wires': [5, 3]}, {'name': 'CRY', 'param': -0.17585416008231952, 'wires': [6, 2]}, {'name': 'RY', 'param': -0.34298540283752454, 'wires': [2]}, {'name': 'CRY', 'param': -0.07012194852298231, 'wires': [4, 3]}, {'name': 'CRY', 'param': 0.0173421485610832, 'wires': [5, 2]}, {'name': 'RY', 'param': 0.7886835700995886, 'wires': [5]}, {'name': 'RY', 'param': -0.9603688154051102, 'wires': [6]}, {'name': 'CRY', 'param': 5.845453582040312, 'wires': [5, 6]}, {'name': 'CRY', 'param': 4.36034714717231, 'wires': [4, 6]}, {'name': 'RY', 'param': 0.3427314217812196, 'wires': [2]}, {'name': 'RY', 'param': 0.7245979539416909, 'wires': [5]}, {'name': 'CRY', 'param': 3.0574191895091913, 'wires': [4, 5]}, {'name': 'RY', 'param': 0.11548854341331284, 'wires': [1]}, {'name': 'CRY', 'param': -0.00016787712893752925, 'wires': [6, 1]}, {'name': 'RY', 'param': -0.28577868738893286, 'wires': [1]}, {'name': 'RY', 'param': -0.14007677032122443, 'wires': [4]}, {'name': 'RY', 'param': 0.8937590855194957, 'wires': [5]}, {'name': 'CRY', 'param': -0.07330631202469294, 'wires': [4, 2]}, {'name': 'RY', 'param': 0.01522508671914027, 'wires': [4]}, {'name': 'CRY', 'param': -0.00031386310728136316, 'wires': [5, 1]}, {'name': 'RY', 'param': 0.17030458149589175, 'wires': [1]}]
[2025-08-05 10:16:35,068][INFO] Energy: 0.9129229599608214
