[2025-08-05 10:04:01,946][INFO] Starting VQE run 2 (seed=35104750)
[2025-08-05 10:04:02,079][INFO] Adding RY(0.0, wires=[6]) had small change in overlap from 0.0 to 0.0
[2025-08-05 10:04:02,543][INFO] Adding CRY(0.0, wires=[6, 5])) had small change in overlap from 0.0 to 0.0
[2025-08-05 10:04:02,805][INFO] Adding RY(0.0, wires=[4]) had small change in overlap from 0.0 to 0.0
[2025-08-05 10:04:03,376][INFO] Adding RY(0.0, wires=[5]) had small change in overlap from 0.0 to 0.0
[2025-08-05 10:04:04,529][INFO] Adding RY(0.0, wires=[3]) had small change in overlap from 0.0 to 0.0
[2025-08-05 10:04:06,602][INFO] Adding CRY(0.0, wires=[6, 4])) had small change in overlap from 0.0 to 0.0
[2025-08-05 10:04:15,015][INFO] Adding CRY(0.0, wires=[6, 3])) had small change in overlap from 0.0 to 0.0
[2025-08-05 10:04:22,923][INFO] Adding CRY(0.0, wires=[5, 4])) had small change in overlap from 0.0 to 0.0
[2025-08-05 10:04:43,333][INFO] Adding RY(0.0, wires=[5]) had small change in overlap from 0.0 to 0.0
[2025-08-05 10:05:05,587][INFO] Adding CRY(0.0, wires=[5, 3])) had small change in overlap from 0.0 to 0.0
[2025-08-05 10:05:29,556][INFO] Adding CRY(0.0, wires=[6, 2])) had small change in overlap from 0.0 to 0.0
[2025-08-05 10:05:54,396][INFO] Adding RY(0.0, wires=[6]) had small change in overlap from 0.0 to 0.0
[2025-08-05 10:06:20,931][INFO] Adding CRY(0.0, wires=[4, 3])) had small change in overlap from 0.0 to 0.0
[2025-08-05 10:06:48,351][INFO] Adding RY(0.0, wires=[4]) had small change in overlap from 0.0 to 0.0
[2025-08-05 10:07:16,605][INFO] Adding RY(0.0, wires=[2]) had small change in overlap from 0.0 to 0.0
[2025-08-05 10:07:46,431][INFO] Adding CRY(0.0, wires=[5, 2])) had small change in overlap from 0.0 to 0.0
[2025-08-05 10:08:17,157][INFO] Adding RY(0.0, wires=[5]) had small change in overlap from 0.0 to 0.0
[2025-08-05 10:08:49,530][INFO] Adding CRY(0.0, wires=[5, 6])) had small change in overlap from 0.0 to 0.0
[2025-08-05 10:09:23,841][INFO] Adding CRY(0.0, wires=[6, 1])) had small change in overlap from 0.0 to 0.0
[2025-08-05 10:09:58,805][INFO] Adding RY(0.0, wires=[6]) had small change in overlap from 0.0 to 0.0
[2025-08-05 10:10:34,592][INFO] Adding RY(0.0, wires=[5]) had small change in overlap from 0.0 to 0.0
[2025-08-05 10:11:10,838][INFO] Adding RY(0.0, wires=[1]) had small change in overlap from 0.0 to 0.0
[2025-08-05 10:11:49,121][INFO] Adding CRY(0.0, wires=[4, 5])) had small change in overlap from 0.0 to 0.0
[2025-08-05 10:12:28,056][INFO] Adding RY(0.0, wires=[4]) had small change in overlap from 0.0 to 0.0
[2025-08-05 10:13:07,729][INFO] Adding RY(0.0, wires=[5]) had small change in overlap from 0.0 to 0.0
[2025-08-05 10:13:49,258][INFO] Adding CRY(0.0, wires=[4, 6])) had small change in overlap from 0.0 to 0.0
[2025-08-05 10:14:29,492][INFO] Adding RY(0.0, wires=[4]) had small change in overlap from 0.0 to 0.0
[2025-08-05 10:15:09,618][INFO] Adding CRY(0.0, wires=[4, 2])) had small change in overlap from 0.0 to 0.0
[2025-08-05 10:15:50,286][INFO] Adding RY(0.0, wires=[4]) had small change in overlap from 0.0 to 0.0
[2025-08-05 10:16:30,651][INFO] Adding RY(0.0, wires=[6]) had small change in overlap from 0.0 to 0.0
[2025-08-05 10:16:30,652][INFO] Completed VQE run 29
[2025-08-05 10:16:30,652][INFO] Final ops list: [{'name': 'RY', 'param': 8.411313543999295, 'wires': [6]}, {'name': 'CRY', 'param': 0.006053662985781337, 'wires': [6, 5]}, {'name': 'RY', 'param': -1.0092329278582726, 'wires': [4]}, {'name': 'RY', 'param': -1.1217103077961685, 'wires': [5]}, {'name': 'RY', 'param': 0.016361206839220252, 'wires': [3]}, {'name': 'CRY', 'param': 7.686159383090263, 'wires': [6, 4]}, {'name': 'CRY', 'param': -0.002100027193401108, 'wires': [6, 3]}, {'name': 'CRY', 'param': 0.0069280828303658485, 'wires': [5, 4]}, {'name': 'RY', 'param': 1.1159194645393087, 'wires': [5]}, {'name': 'CRY', 'param': 5.1677943899469545, 'wires': [5, 3]}, {'name': 'CRY', 'param': -0.00906995775025176, 'wires': [6, 2]}, {'name': 'RY', 'param': 7.1092044862769415, 'wires': [6]}, {'name': 'CRY', 'param': -0.0051000030918027335, 'wires': [4, 3]}, {'name': 'RY', 'param': 1.0504688676533727, 'wires': [4]}, {'name': 'RY', 'param': 0.007861403994099118, 'wires': [2]}, {'name': 'CRY', 'param': 9.147098350399393, 'wires': [5, 2]}, {'name': 'RY', 'param': -0.672357465808353, 'wires': [5]}, {'name': 'CRY', 'param': 0.766689838906339, 'wires': [5, 6]}, {'name': 'CRY', 'param': 6.2833180152195744, 'wires': [6, 1]}, {'name': 'RY', 'param': 4.050050296649726, 'wires': [6]}, {'name': 'RY', 'param': -0.36857154702777417, 'wires': [5]}, {'name': 'RY', 'param': 0.00012277018517921549, 'wires': [1]}, {'name': 'CRY', 'param': -0.002425707706648943, 'wires': [4, 5]}, {'name': 'RY', 'param': 1.7292569187248534, 'wires': [4]}, {'name': 'RY', 'param': 1.1463682180060526, 'wires': [5]}, {'name': 'CRY', 'param': 3.8753335386563337, 'wires': [4, 6]}, {'name': 'RY', 'param': 2.514941358060951, 'wires': [4]}, {'name': 'CRY', 'param': 1.9986766126523288, 'wires': [4, 2]}, {'name': 'RY', 'param': -0.11899177961573369, 'wires': [4]}, {'name': 'RY', 'param': 2.016696543280441, 'wires': [6]}]
[2025-08-05 10:16:30,652][INFO] Energy: 0.9153665652917254
