[2025-08-05 10:04:02,025][INFO] Starting VQE run 90 (seed=102071377)
[2025-08-05 10:04:02,181][INFO] Adding RY(0.0, wires=[6]) had small change in overlap from 0.0 to 0.0
[2025-08-05 10:04:02,425][INFO] Adding CRY(0.0, wires=[6, 5])) had small change in overlap from 0.0 to 0.0
[2025-08-05 10:04:02,640][INFO] Adding RY(0.0, wires=[4]) had small change in overlap from 0.0 to 0.0
[2025-08-05 10:04:03,020][INFO] Adding RY(0.0, wires=[5]) had small change in overlap from 0.0 to 0.0
[2025-08-05 10:04:04,094][INFO] Adding RY(0.0, wires=[3]) had small change in overlap from 0.0 to 0.0
[2025-08-05 10:04:05,461][INFO] Adding CRY(0.0, wires=[6, 4])) had small change in overlap from 0.0 to 0.0
[2025-08-05 10:04:08,137][INFO] Adding CRY(0.0, wires=[6, 3])) had small change in overlap from 0.0 to 0.0
[2025-08-05 10:04:13,843][INFO] Adding CRY(0.0, wires=[5, 4])) had small change in overlap from 0.0 to 0.0
[2025-08-05 10:04:29,877][INFO] Adding RY(0.0, wires=[5]) had small change in overlap from 0.0 to 0.0
[2025-08-05 10:04:47,277][INFO] Adding CRY(0.0, wires=[5, 3])) had small change in overlap from 0.0 to 0.0
[2025-08-05 10:05:06,005][INFO] Adding CRY(0.0, wires=[6, 2])) had small change in overlap from 0.0 to 0.0
[2025-08-05 10:05:25,390][INFO] Adding RY(0.0, wires=[2]) had small change in overlap from 0.0 to 0.0
[2025-08-05 10:05:47,151][INFO] Adding CRY(0.0, wires=[4, 3])) had small change in overlap from 0.0 to 0.0
[2025-08-05 10:06:14,849][INFO] Adding RY(0.0, wires=[4]) had small change in overlap from 0.0 to 0.0
[2025-08-05 10:06:42,412][INFO] Adding CRY(0.0, wires=[5, 2])) had small change in overlap from 0.0 to 0.0
[2025-08-05 10:07:05,628][INFO] Adding RY(0.0, wires=[5]) had small change in overlap from 0.0 to 0.0
[2025-08-05 10:07:29,525][INFO] Adding RY(0.0, wires=[1]) had small change in overlap from 0.0 to 0.0
[2025-08-05 10:07:54,889][INFO] Adding CRY(0.0, wires=[4, 5])) had small change in overlap from 0.0 to 0.0
[2025-08-05 10:08:20,783][INFO] Adding RY(0.0, wires=[4]) had small change in overlap from 0.0 to 0.0
[2025-08-05 10:08:48,027][INFO] Adding CRY(0.0, wires=[4, 6])) had small change in overlap from 0.0 to 0.0
[2025-08-05 10:09:15,799][INFO] Adding RY(0.0, wires=[4]) had small change in overlap from 0.0 to 0.0
[2025-08-05 10:09:44,784][INFO] Adding CRY(0.0, wires=[4, 2])) had small change in overlap from 0.0 to 0.0
[2025-08-05 10:10:14,224][INFO] Adding RY(0.0, wires=[4]) had small change in overlap from 0.0 to 0.0
[2025-08-05 10:10:45,142][INFO] Adding CRY(0.0, wires=[6, 1])) had small change in overlap from 0.0 to 0.0
[2025-08-05 10:11:16,545][INFO] Adding RY(0.0, wires=[6]) had small change in overlap from 0.0 to 0.0
[2025-08-05 10:11:49,372][INFO] Adding CRY(0.0, wires=[5, 6])) had small change in overlap from 0.0 to 0.0
[2025-08-05 10:12:22,698][INFO] Adding RY(0.0, wires=[5]) had small change in overlap from 0.0 to 0.0
[2025-08-05 10:12:56,566][INFO] Adding RY(0.0, wires=[6]) had small change in overlap from 0.0 to 0.0
[2025-08-05 10:13:31,001][INFO] Adding RY(0.0, wires=[1]) had small change in overlap from 0.0 to 0.0
[2025-08-05 10:14:07,177][INFO] Adding CRY(0.0, wires=[5, 1])) had small change in overlap from 0.0 to 0.0
[2025-08-05 10:14:07,177][INFO] Completed VQE run 29
[2025-08-05 10:14:07,177][INFO] Final ops list: [{'name': 'RY', 'param': 6.28275994674477, 'wires': [6]}, {'name': 'CRY', 'param': 2.0746202108877365, 'wires': [6, 5]}, {'name': 'RY', 'param': 0.0020905544935023697, 'wires': [4]}, {'name': 'RY', 'param': -0.01684312547812854, 'wires': [5]}, {'name': 'RY', 'param': 0.0006105118476073366, 'wires': [3]}, {'name': 'CRY', 'param': 3.389690827974191, 'wires': [6, 4]}, {'name': 'CRY', 'param': 3.9493379461218603, 'wires': [6, 3]}, {'name': 'CRY', 'param': -0.5824521461532832, 'wires': [5, 4]}, {'name': 'RY', 'param': 2.4197641564882315, 'wires': [5]}, {'name': 'CRY', 'param': 5.9987340519947126e-05, 'wires': [5, 3]}, {'name': 'CRY', 'param': -0.0719377231258576, 'wires': [6, 2]}, {'name': 'RY', 'param': 6.173631448185456e-05, 'wires': [2]}, {'name': 'CRY', 'param': 0.18700468758505126, 'wires': [4, 3]}, {'name': 'RY', 'param': -0.006027059797039808, 'wires': [4]}, {'name': 'CRY', 'param': -2.5127329511512753e-06, 'wires': [5, 2]}, {'name': 'RY', 'param': -1.190709520400416, 'wires': [5]}, {'name': 'RY', 'param': -0.9120470738773524, 'wires': [1]}, {'name': 'CRY', 'param': 1.7671535591857999, 'wires': [4, 5]}, {'name': 'RY', 'param': -0.3042447347274208, 'wires': [4]}, {'name': 'CRY', 'param': -0.00016536485988701553, 'wires': [4, 6]}, {'name': 'RY', 'param': 0.3104880494711649, 'wires': [4]}, {'name': 'CRY', 'param': 2.678834145927007, 'wires': [4, 2]}, {'name': 'RY', 'param': -0.011044581966306333, 'wires': [4]}, {'name': 'CRY', 'param': 3.592353712676591, 'wires': [6, 1]}, {'name': 'RY', 'param': 4.985738697216316, 'wires': [6]}, {'name': 'CRY', 'param': 6.272914945720801, 'wires': [5, 6]}, {'name': 'RY', 'param': 1.212475929569793, 'wires': [5]}, {'name': 'RY', 'param': 0.342463857987566, 'wires': [6]}, {'name': 'RY', 'param': 0.9125397266775404, 'wires': [1]}, {'name': 'CRY', 'param': 1.3588931503583108, 'wires': [5, 1]}]
[2025-08-05 10:14:07,177][INFO] Energy: 1.0909739516124255
