[2025-08-05 10:04:01,966][INFO] Starting VQE run 30 (seed=22072676)
[2025-08-05 10:04:02,106][INFO] Adding RY(0.0, wires=[6]) had small change in overlap from 0.0 to 0.0
[2025-08-05 10:04:02,396][INFO] Adding CRY(0.0, wires=[6, 5])) had small change in overlap from 0.0 to 0.0
[2025-08-05 10:04:02,652][INFO] Adding RY(0.0, wires=[4]) had small change in overlap from 0.0 to 0.0
[2025-08-05 10:04:03,109][INFO] Adding RY(0.0, wires=[5]) had small change in overlap from 0.0 to 0.0
[2025-08-05 10:04:04,456][INFO] Adding RY(0.0, wires=[3]) had small change in overlap from 0.0 to 0.0
[2025-08-05 10:04:06,139][INFO] Adding CRY(0.0, wires=[6, 4])) had small change in overlap from 0.0 to 0.0
[2025-08-05 10:04:10,030][INFO] Adding CRY(0.0, wires=[6, 3])) had small change in overlap from 0.0 to 0.0
[2025-08-05 10:04:16,803][INFO] Adding CRY(0.0, wires=[5, 4])) had small change in overlap from 0.0 to 0.0
[2025-08-05 10:04:37,295][INFO] Adding RY(0.0, wires=[5]) had small change in overlap from 0.0 to 0.0
[2025-08-05 10:04:59,723][INFO] Adding CRY(0.0, wires=[5, 3])) had small change in overlap from 0.0 to 0.0
[2025-08-05 10:05:23,733][INFO] Adding CRY(0.0, wires=[6, 2])) had small change in overlap from 0.0 to 0.0
[2025-08-05 10:05:48,756][INFO] Adding RY(0.0, wires=[2]) had small change in overlap from 0.0 to 0.0
[2025-08-05 10:06:15,482][INFO] Adding CRY(0.0, wires=[4, 3])) had small change in overlap from 0.0 to 0.0
[2025-08-05 10:06:42,865][INFO] Adding RY(0.0, wires=[4]) had small change in overlap from 0.0 to 0.0
[2025-08-05 10:07:12,224][INFO] Adding CRY(0.0, wires=[5, 2])) had small change in overlap from 0.0 to 0.0
[2025-08-05 10:07:42,204][INFO] Adding RY(0.0, wires=[5]) had small change in overlap from 0.0 to 0.0
[2025-08-05 10:08:13,032][INFO] Adding RY(0.0, wires=[1]) had small change in overlap from 0.0 to 0.0
[2025-08-05 10:08:45,550][INFO] Adding CRY(0.0, wires=[4, 5])) had small change in overlap from 0.0 to 0.0
[2025-08-05 10:09:18,906][INFO] Adding RY(0.0, wires=[4]) had small change in overlap from 0.0 to 0.0
[2025-08-05 10:09:53,971][INFO] Adding CRY(0.0, wires=[4, 6])) had small change in overlap from 0.0 to 0.0
[2025-08-05 10:10:29,883][INFO] Adding RY(0.0, wires=[4]) had small change in overlap from 0.0 to 0.0
[2025-08-05 10:11:06,245][INFO] Adding RY(0.0, wires=[6]) had small change in overlap from 0.0 to 0.0
[2025-08-05 10:11:43,691][INFO] Adding RY(0.0, wires=[2]) had small change in overlap from 0.0 to 0.0
[2025-08-05 10:12:21,757][INFO] Adding RY(0.0, wires=[5]) had small change in overlap from 0.0 to 0.0
[2025-08-05 10:13:01,548][INFO] Adding CRY(0.0, wires=[5, 6])) had small change in overlap from 0.0 to 0.0
[2025-08-05 10:13:42,113][INFO] Adding RY(0.0, wires=[5]) had small change in overlap from 0.0 to 0.0
[2025-08-05 10:14:22,965][INFO] Adding CRY(0.0, wires=[3, 5])) had small change in overlap from 0.0 to 0.0
[2025-08-05 10:15:02,291][INFO] Adding RY(0.0, wires=[3]) had small change in overlap from 0.0 to 0.0
[2025-08-05 10:15:42,126][INFO] Adding RY(0.0, wires=[5]) had small change in overlap from 0.0 to 0.0
[2025-08-05 10:16:22,430][INFO] Adding RY(0.0, wires=[6]) had small change in overlap from 0.0 to 0.0
[2025-08-05 10:16:22,430][INFO] Completed VQE run 29
[2025-08-05 10:16:22,431][INFO] Final ops list: [{'name': 'RY', 'param': 2.266092607636791, 'wires': [6]}, {'name': 'CRY', 'param': -0.1995794311128868, 'wires': [6, 5]}, {'name': 'RY', 'param': 0.004429074931223248, 'wires': [4]}, {'name': 'RY', 'param': -0.9565610460146674, 'wires': [5]}, {'name': 'RY', 'param': 0.05135650869372644, 'wires': [3]}, {'name': 'CRY', 'param': 0.05583433776140411, 'wires': [6, 4]}, {'name': 'CRY', 'param': 0.008800440659142815, 'wires': [6, 3]}, {'name': 'CRY', 'param': -0.2034689405526966, 'wires': [5, 4]}, {'name': 'RY', 'param': -2.1438486912756303, 'wires': [5]}, {'name': 'CRY', 'param': -0.06391968632964977, 'wires': [5, 3]}, {'name': 'CRY', 'param': 0.0001897533251092439, 'wires': [6, 2]}, {'name': 'RY', 'param': -0.8349358342166401, 'wires': [2]}, {'name': 'CRY', 'param': -0.02554463998847574, 'wires': [4, 3]}, {'name': 'RY', 'param': -1.1552348487358495, 'wires': [4]}, {'name': 'CRY', 'param': -0.0010504548091032596, 'wires': [5, 2]}, {'name': 'RY', 'param': -3.81988565370846, 'wires': [5]}, {'name': 'RY', 'param': 3.878813818847309e-06, 'wires': [1]}, {'name': 'CRY', 'param': 0.09501623034095243, 'wires': [4, 5]}, {'name': 'RY', 'param': -0.418023683378033, 'wires': [4]}, {'name': 'CRY', 'param': 0.16502006474310588, 'wires': [4, 6]}, {'name': 'RY', 'param': 1.4300142181891984, 'wires': [4]}, {'name': 'RY', 'param': 1.0341636620348695, 'wires': [6]}, {'name': 'RY', 'param': 0.8357552820216718, 'wires': [2]}, {'name': 'RY', 'param': 1.824644166595989, 'wires': [5]}, {'name': 'CRY', 'param': 0.8562353657368655, 'wires': [5, 6]}, {'name': 'RY', 'param': 3.5171726990804943, 'wires': [5]}, {'name': 'CRY', 'param': 2.5758483295412717, 'wires': [3, 5]}, {'name': 'RY', 'param': -0.0002878207844016671, 'wires': [3]}, {'name': 'RY', 'param': 1.8614876989032765, 'wires': [5]}, {'name': 'RY', 'param': 1.4482767451961192, 'wires': [6]}]
[2025-08-05 10:16:22,431][INFO] Energy: 0.8937100653513936
