[2025-08-05 10:04:02,008][INFO] Starting VQE run 75 (seed=82597804)
[2025-08-05 10:04:02,150][INFO] Adding RY(0.0, wires=[6]) had small change in overlap from 0.0 to 0.0
[2025-08-05 10:04:02,340][INFO] Adding CRY(0.0, wires=[6, 5])) had small change in overlap from 0.0 to 0.0
[2025-08-05 10:04:02,594][INFO] Adding RY(0.0, wires=[4]) had small change in overlap from 0.0 to 0.0
[2025-08-05 10:04:03,022][INFO] Adding RY(0.0, wires=[5]) had small change in overlap from 0.0 to 0.0
[2025-08-05 10:04:04,272][INFO] Adding RY(0.0, wires=[3]) had small change in overlap from 0.0 to 0.0
[2025-08-05 10:04:06,025][INFO] Adding CRY(0.0, wires=[6, 4])) had small change in overlap from 0.0 to 0.0
[2025-08-05 10:04:07,973][INFO] Adding CRY(0.0, wires=[6, 3])) had small change in overlap from 0.0 to 0.0
[2025-08-05 10:04:14,309][INFO] Adding CRY(0.0, wires=[5, 4])) had small change in overlap from 0.0 to 0.0
[2025-08-05 10:04:34,688][INFO] Adding RY(0.0, wires=[5]) had small change in overlap from 0.0 to 0.0
[2025-08-05 10:04:57,031][INFO] Adding CRY(0.0, wires=[5, 3])) had small change in overlap from 0.0 to 0.0
[2025-08-05 10:05:21,059][INFO] Adding CRY(0.0, wires=[6, 2])) had small change in overlap from 0.0 to 0.0
[2025-08-05 10:05:47,022][INFO] Adding CRY(0.0, wires=[4, 5])) had small change in overlap from 0.0 to 0.0
[2025-08-05 10:06:13,791][INFO] Adding RY(0.0, wires=[2]) had small change in overlap from 0.0 to 0.0
[2025-08-05 10:06:41,226][INFO] Adding RY(0.0, wires=[4]) had small change in overlap from 0.0 to 0.0
[2025-08-05 10:07:10,555][INFO] Adding CRY(0.0, wires=[4, 3])) had small change in overlap from 0.0 to 0.0
[2025-08-05 10:07:41,572][INFO] Adding CRY(0.0, wires=[5, 2])) had small change in overlap from 0.0 to 0.0
[2025-08-05 10:08:13,465][INFO] Adding RY(0.0, wires=[5]) had small change in overlap from 0.0 to 0.0
[2025-08-05 10:08:46,093][INFO] Adding RY(0.0, wires=[6]) had small change in overlap from 0.0 to 0.0
[2025-08-05 10:09:20,715][INFO] Adding CRY(0.0, wires=[4, 6])) had small change in overlap from 0.0 to 0.0
[2025-08-05 10:09:55,766][INFO] Adding RY(0.0, wires=[4]) had small change in overlap from 0.0 to 0.0
[2025-08-05 10:10:32,771][INFO] Adding CRY(0.0, wires=[3, 6])) had small change in overlap from 0.0 to 0.0
[2025-08-05 10:11:10,236][INFO] Adding RY(0.0, wires=[3]) had small change in overlap from 0.0 to 0.0
[2025-08-05 10:11:49,666][INFO] Adding CRY(0.0, wires=[3, 4])) had small change in overlap from 0.0 to 0.0
[2025-08-05 10:12:29,792][INFO] Adding RY(0.0, wires=[2]) had small change in overlap from 0.0 to 0.0
[2025-08-05 10:13:10,733][INFO] Adding RY(0.0, wires=[3]) had small change in overlap from 0.0 to 0.0
[2025-08-05 10:13:53,543][INFO] Adding CRY(0.0, wires=[4, 2])) had small change in overlap from 0.0 to 0.0
[2025-08-05 10:14:34,694][INFO] Adding RY(0.0, wires=[2]) had small change in overlap from 0.0 to 0.0
[2025-08-05 10:15:15,192][INFO] Adding RY(0.0, wires=[1]) had small change in overlap from 0.0 to 0.0
[2025-08-05 10:15:57,150][INFO] Adding CRY(0.0, wires=[6, 1])) had small change in overlap from 0.0 to 0.0
[2025-08-05 10:16:37,558][INFO] Adding RY(0.0, wires=[4]) had small change in overlap from 0.0 to 0.0
[2025-08-05 10:16:37,558][INFO] Completed VQE run 29
[2025-08-05 10:16:37,558][INFO] Final ops list: [{'name': 'RY', 'param': 6.505674436442751, 'wires': [6]}, {'name': 'CRY', 'param': 8.177654670795153, 'wires': [6, 5]}, {'name': 'RY', 'param': 7.381721813013548, 'wires': [4]}, {'name': 'RY', 'param': 10.048827062805943, 'wires': [5]}, {'name': 'RY', 'param': 7.109541908387917, 'wires': [3]}, {'name': 'CRY', 'param': 6.849517263612707, 'wires': [6, 4]}, {'name': 'CRY', 'param': 6.68961631233821, 'wires': [6, 3]}, {'name': 'CRY', 'param': 6.221174912834167, 'wires': [5, 4]}, {'name': 'RY', 'param': 10.0902751612684, 'wires': [5]}, {'name': 'CRY', 'param': 6.510600505834864, 'wires': [5, 3]}, {'name': 'CRY', 'param': 6.622838772621777, 'wires': [6, 2]}, {'name': 'CRY', 'param': 6.17085165460954, 'wires': [4, 5]}, {'name': 'RY', 'param': 8.877288493632655, 'wires': [2]}, {'name': 'RY', 'param': 7.850884505244233, 'wires': [4]}, {'name': 'CRY', 'param': 6.7645468963070154, 'wires': [4, 3]}, {'name': 'CRY', 'param': 6.119502633173687, 'wires': [5, 2]}, {'name': 'RY', 'param': 6.340290413968838, 'wires': [5]}, {'name': 'RY', 'param': 7.260105449562551, 'wires': [6]}, {'name': 'CRY', 'param': 6.281075924094646, 'wires': [4, 6]}, {'name': 'RY', 'param': 4.686858952185054, 'wires': [4]}, {'name': 'CRY', 'param': 6.340816626911606, 'wires': [3, 6]}, {'name': 'RY', 'param': 6.220676932699795, 'wires': [3]}, {'name': 'CRY', 'param': 6.003848825723464, 'wires': [3, 4]}, {'name': 'RY', 'param': 4.840163675851672, 'wires': [2]}, {'name': 'RY', 'param': 5.354490693528023, 'wires': [3]}, {'name': 'CRY', 'param': 6.291179043289276, 'wires': [4, 2]}, {'name': 'RY', 'param': 5.13059502164375, 'wires': [2]}, {'name': 'RY', 'param': 6.283476162524127, 'wires': [1]}, {'name': 'CRY', 'param': 6.285578727045271, 'wires': [6, 1]}, {'name': 'RY', 'param': 5.044912530004007, 'wires': [4]}]
[2025-08-05 10:16:37,558][INFO] Energy: 0.9840404130622233
