[2025-08-05 10:04:01,970][INFO] Starting VQE run 34 (seed=2574267)
[2025-08-05 10:04:02,109][INFO] Adding RY(0.0, wires=[6]) had small change in overlap from 0.0 to 0.0
[2025-08-05 10:04:02,287][INFO] Adding CRY(0.0, wires=[6, 5])) had small change in overlap from 0.0 to 0.0
[2025-08-05 10:04:02,520][INFO] Adding RY(0.0, wires=[4]) had small change in overlap from 0.0 to 0.0
[2025-08-05 10:04:02,960][INFO] Adding RY(0.0, wires=[5]) had small change in overlap from 0.0 to 0.0
[2025-08-05 10:04:04,024][INFO] Adding RY(0.0, wires=[3]) had small change in overlap from 0.0 to 0.0
[2025-08-05 10:04:05,655][INFO] Adding CRY(0.0, wires=[6, 4])) had small change in overlap from 0.0 to 0.0
[2025-08-05 10:04:07,734][INFO] Adding CRY(0.0, wires=[6, 3])) had small change in overlap from 0.0 to 0.0
[2025-08-05 10:04:13,724][INFO] Adding CRY(0.0, wires=[5, 4])) had small change in overlap from 0.0 to 0.0
[2025-08-05 10:04:34,136][INFO] Adding RY(0.0, wires=[5]) had small change in overlap from 0.0 to 0.0
[2025-08-05 10:04:56,482][INFO] Adding CRY(0.0, wires=[5, 3])) had small change in overlap from 0.0 to 0.0
[2025-08-05 10:05:20,497][INFO] Adding CRY(0.0, wires=[6, 2])) had small change in overlap from 0.0 to 0.0
[2025-08-05 10:05:45,517][INFO] Adding RY(0.0, wires=[2]) had small change in overlap from 0.0 to 0.0
[2025-08-05 10:06:12,282][INFO] Adding CRY(0.0, wires=[4, 3])) had small change in overlap from 0.0 to 0.0
[2025-08-05 10:06:40,703][INFO] Adding CRY(0.0, wires=[5, 2])) had small change in overlap from 0.0 to 0.0
[2025-08-05 10:07:10,027][INFO] Adding RY(0.0, wires=[5]) had small change in overlap from 0.0 to 0.0
[2025-08-05 10:07:40,872][INFO] Adding CRY(0.0, wires=[4, 2])) had small change in overlap from 0.0 to 0.0
[2025-08-05 10:08:12,671][INFO] Adding RY(0.0, wires=[2]) had small change in overlap from 0.0 to 0.0
[2025-08-05 10:08:46,175][INFO] Adding CRY(0.0, wires=[6, 1])) had small change in overlap from 0.0 to 0.0
[2025-08-05 10:09:20,558][INFO] Adding RY(0.0, wires=[6]) had small change in overlap from 0.0 to 0.0
[2025-08-05 10:09:56,554][INFO] Adding CRY(0.0, wires=[4, 5])) had small change in overlap from 0.0 to 0.0
[2025-08-05 10:10:34,415][INFO] Adding CRY(0.0, wires=[5, 6])) had small change in overlap from 0.0 to 0.0
[2025-08-05 10:11:12,837][INFO] Adding RY(0.0, wires=[1]) had small change in overlap from 0.0 to 0.0
[2025-08-05 10:11:53,193][INFO] Adding CRY(0.0, wires=[4, 6])) had small change in overlap from 0.0 to 0.0
[2025-08-05 10:12:34,376][INFO] Adding RY(0.0, wires=[5]) had small change in overlap from 0.0 to 0.0
[2025-08-05 10:13:16,209][INFO] Adding RY(0.0, wires=[4]) had small change in overlap from 0.0 to 0.0
[2025-08-05 10:13:59,707][INFO] Adding CRY(0.0, wires=[3, 4])) had small change in overlap from 0.0 to 0.0
[2025-08-05 10:14:41,021][INFO] Adding RY(0.0, wires=[3]) had small change in overlap from 0.0 to 0.0
[2025-08-05 10:15:22,097][INFO] Adding RY(0.0, wires=[4]) had small change in overlap from 0.0 to 0.0
[2025-08-05 10:16:04,920][INFO] Adding CRY(0.0, wires=[5, 1])) had small change in overlap from 0.0 to 0.0
[2025-08-05 10:16:44,790][INFO] Adding RY(0.0, wires=[1]) had small change in overlap from 0.0 to 0.0
[2025-08-05 10:16:44,790][INFO] Completed VQE run 29
[2025-08-05 10:16:44,790][INFO] Final ops list: [{'name': 'RY', 'param': 7.636225364535662, 'wires': [6]}, {'name': 'CRY', 'param': 7.45014390180016, 'wires': [6, 5]}, {'name': 'RY', 'param': 6.084570760205911, 'wires': [4]}, {'name': 'RY', 'param': 4.395695999425937, 'wires': [5]}, {'name': 'RY', 'param': 6.277553904123665, 'wires': [3]}, {'name': 'CRY', 'param': 6.563055106070949, 'wires': [6, 4]}, {'name': 'CRY', 'param': 6.282421999935464, 'wires': [6, 3]}, {'name': 'CRY', 'param': 6.637112488382448, 'wires': [5, 4]}, {'name': 'RY', 'param': 5.247212825457468, 'wires': [5]}, {'name': 'CRY', 'param': 6.2820573653581375, 'wires': [5, 3]}, {'name': 'CRY', 'param': 6.282029731104049, 'wires': [6, 2]}, {'name': 'RY', 'param': 6.65692993331946, 'wires': [2]}, {'name': 'CRY', 'param': 5.965116535513127, 'wires': [4, 3]}, {'name': 'CRY', 'param': 6.281587021085015, 'wires': [5, 2]}, {'name': 'RY', 'param': 5.9426946864485135, 'wires': [5]}, {'name': 'CRY', 'param': 6.3028884594783285, 'wires': [4, 2]}, {'name': 'RY', 'param': 5.909019263751501, 'wires': [2]}, {'name': 'CRY', 'param': 6.283150135450694, 'wires': [6, 1]}, {'name': 'RY', 'param': 6.437507604926496, 'wires': [6]}, {'name': 'CRY', 'param': 9.638118372533558, 'wires': [4, 5]}, {'name': 'CRY', 'param': 8.442363931814551, 'wires': [5, 6]}, {'name': 'RY', 'param': 6.543956469954784, 'wires': [1]}, {'name': 'CRY', 'param': 6.678085653464914, 'wires': [4, 6]}, {'name': 'RY', 'param': 5.6586684381178936, 'wires': [5]}, {'name': 'RY', 'param': 6.351851242671844, 'wires': [4]}, {'name': 'CRY', 'param': 9.107170671148642, 'wires': [3, 4]}, {'name': 'RY', 'param': 6.259832553772776, 'wires': [3]}, {'name': 'RY', 'param': 6.19791270382154, 'wires': [4]}, {'name': 'CRY', 'param': 6.283038706585448, 'wires': [5, 1]}, {'name': 'RY', 'param': 6.022408713887095, 'wires': [1]}]
[2025-08-05 10:16:44,790][INFO] Energy: 0.8922461337777209
