[2025-08-05 10:04:02,019][INFO] Starting VQE run 85 (seed=95580186)
[2025-08-05 10:04:02,163][INFO] Adding RY(0.0, wires=[6]) had small change in overlap from 0.0 to 0.0
[2025-08-05 10:04:02,490][INFO] Adding CRY(0.0, wires=[6, 5])) had small change in overlap from 0.0 to 0.0
[2025-08-05 10:04:02,735][INFO] Adding RY(0.0, wires=[4]) had small change in overlap from 0.0 to 0.0
[2025-08-05 10:04:03,209][INFO] Adding RY(0.0, wires=[5]) had small change in overlap from 0.0 to 0.0
[2025-08-05 10:04:04,479][INFO] Adding RY(0.0, wires=[3]) had small change in overlap from 0.0 to 0.0
[2025-08-05 10:04:11,549][INFO] Adding CRY(0.0, wires=[6, 4])) had small change in overlap from 0.0 to 0.0
[2025-08-05 10:04:29,299][INFO] Adding CRY(0.0, wires=[6, 3])) had small change in overlap from 0.0 to 0.0
[2025-08-05 10:04:48,055][INFO] Adding RY(0.0, wires=[6]) had small change in overlap from 0.0 to 0.0
[2025-08-05 10:05:08,600][INFO] Adding CRY(0.0, wires=[4, 5])) had small change in overlap from 0.0 to 0.0
[2025-08-05 10:05:29,970][INFO] Adding RY(0.0, wires=[4]) had small change in overlap from 0.0 to 0.0
[2025-08-05 10:05:53,239][INFO] Adding CRY(0.0, wires=[6, 2])) had small change in overlap from 0.0 to 0.0
[2025-08-05 10:06:17,220][INFO] Adding RY(0.0, wires=[6]) had small change in overlap from 0.0 to 0.0
[2025-08-05 10:06:43,059][INFO] Adding CRY(0.0, wires=[5, 3])) had small change in overlap from 0.0 to 0.0
[2025-08-05 10:07:09,780][INFO] Adding RY(0.0, wires=[2]) had small change in overlap from 0.0 to 0.0
[2025-08-05 10:07:38,092][INFO] Adding CRY(0.0, wires=[5, 6])) had small change in overlap from 0.0 to 0.0
[2025-08-05 10:08:07,351][INFO] Adding RY(0.0, wires=[5]) had small change in overlap from 0.0 to 0.0
[2025-08-05 10:08:38,264][INFO] Adding CRY(0.0, wires=[6, 1])) had small change in overlap from 0.0 to 0.0
[2025-08-05 10:09:10,160][INFO] Adding RY(0.0, wires=[6]) had small change in overlap from 0.0 to 0.0
[2025-08-05 10:09:42,732][INFO] Adding RY(0.0, wires=[1]) had small change in overlap from 0.0 to 0.0
[2025-08-05 10:10:16,157][INFO] Adding RY(0.0, wires=[3]) had small change in overlap from 0.0 to 0.0
[2025-08-05 10:10:51,191][INFO] Adding CRY(0.0, wires=[4, 6])) had small change in overlap from 0.0 to 0.0
[2025-08-05 10:11:26,983][INFO] Adding RY(0.0, wires=[4]) had small change in overlap from 0.0 to 0.0
[2025-08-05 10:12:04,504][INFO] Adding CRY(0.0, wires=[5, 4])) had small change in overlap from 0.0 to 0.0
[2025-08-05 10:12:43,006][INFO] Adding RY(0.0, wires=[5]) had small change in overlap from 0.0 to 0.0
[2025-08-05 10:13:21,954][INFO] Adding RY(0.0, wires=[6]) had small change in overlap from 0.0 to 0.0
[2025-08-05 10:14:02,659][INFO] Adding CRY(0.0, wires=[5, 1])) had small change in overlap from 0.0 to 0.0
[2025-08-05 10:14:41,321][INFO] Adding RY(0.0, wires=[5]) had small change in overlap from 0.0 to 0.0
[2025-08-05 10:15:19,931][INFO] Adding RY(0.0, wires=[1]) had small change in overlap from 0.0 to 0.0
[2025-08-05 10:16:00,332][INFO] Adding CRY(0.0, wires=[4, 1])) had small change in overlap from 0.0 to 0.0
[2025-08-05 10:16:38,952][INFO] Adding RY(0.0, wires=[4]) had small change in overlap from 0.0 to 0.0
[2025-08-05 10:16:38,952][INFO] Completed VQE run 29
[2025-08-05 10:16:38,952][INFO] Final ops list: [{'name': 'RY', 'param': 9.42439948408397, 'wires': [6]}, {'name': 'CRY', 'param': 7.961889841641989, 'wires': [6, 5]}, {'name': 'RY', 'param': 10.210629225406539, 'wires': [4]}, {'name': 'RY', 'param': 7.291794693248631, 'wires': [5]}, {'name': 'RY', 'param': 7.286051217411247, 'wires': [3]}, {'name': 'CRY', 'param': 9.057558116430192, 'wires': [6, 4]}, {'name': 'CRY', 'param': 1.5688414389034477, 'wires': [6, 3]}, {'name': 'RY', 'param': 6.282510596240557, 'wires': [6]}, {'name': 'CRY', 'param': -0.49491854063481916, 'wires': [4, 5]}, {'name': 'RY', 'param': 4.521369886073513, 'wires': [4]}, {'name': 'CRY', 'param': 7.728990639881751, 'wires': [6, 2]}, {'name': 'RY', 'param': 6.26154545414294, 'wires': [6]}, {'name': 'CRY', 'param': 12.581117000512618, 'wires': [5, 3]}, {'name': 'RY', 'param': 4.8381084807991765, 'wires': [2]}, {'name': 'CRY', 'param': 6.310417172455181, 'wires': [5, 6]}, {'name': 'RY', 'param': 7.5765501629924445, 'wires': [5]}, {'name': 'CRY', 'param': 4.356908992025466, 'wires': [6, 1]}, {'name': 'RY', 'param': 4.685812382905618, 'wires': [6]}, {'name': 'RY', 'param': 0.5696766049153522, 'wires': [1]}, {'name': 'RY', 'param': 3.6866771118509987, 'wires': [3]}, {'name': 'CRY', 'param': 6.228123170399397, 'wires': [4, 6]}, {'name': 'RY', 'param': 4.877199883425106, 'wires': [4]}, {'name': 'CRY', 'param': 6.167103255525706, 'wires': [5, 4]}, {'name': 'RY', 'param': 1.7329546699049916, 'wires': [5]}, {'name': 'RY', 'param': 3.7977277748753004, 'wires': [6]}, {'name': 'CRY', 'param': 5.263607993221618, 'wires': [5, 1]}, {'name': 'RY', 'param': 3.148338833086005, 'wires': [5]}, {'name': 'RY', 'param': 2.3708744244192506, 'wires': [1]}, {'name': 'CRY', 'param': 5.85643854592778, 'wires': [4, 1]}, {'name': 'RY', 'param': 6.089633702649176, 'wires': [4]}]
[2025-08-05 10:16:38,952][INFO] Energy: 1.1151639664021733
