[2025-08-05 10:04:01,986][INFO] Starting VQE run 53 (seed=2549416)
[2025-08-05 10:04:02,107][INFO] Adding RY(0.0, wires=[6]) had small change in overlap from 0.0 to 0.0
[2025-08-05 10:04:02,257][INFO] Adding CRY(0.0, wires=[6, 5])) had small change in overlap from 0.0 to 0.0
[2025-08-05 10:04:02,451][INFO] Adding RY(0.0, wires=[4]) had small change in overlap from 0.0 to 0.0
[2025-08-05 10:04:02,751][INFO] Adding RY(0.0, wires=[5]) had small change in overlap from 0.0 to 0.0
[2025-08-05 10:04:03,712][INFO] Adding RY(0.0, wires=[3]) had small change in overlap from 0.0 to 0.0
[2025-08-05 10:04:04,620][INFO] Adding CRY(0.0, wires=[6, 4])) had small change in overlap from 0.0 to 0.0
[2025-08-05 10:04:06,099][INFO] Adding CRY(0.0, wires=[6, 3])) had small change in overlap from 0.0 to 0.0
[2025-08-05 10:04:10,702][INFO] Adding CRY(0.0, wires=[5, 4])) had small change in overlap from 0.0 to 0.0
[2025-08-05 10:04:26,712][INFO] Adding RY(0.0, wires=[5]) had small change in overlap from 0.0 to 0.0
[2025-08-05 10:04:44,080][INFO] Adding CRY(0.0, wires=[5, 3])) had small change in overlap from 0.0 to 0.0
[2025-08-05 10:05:02,743][INFO] Adding CRY(0.0, wires=[6, 2])) had small change in overlap from 0.0 to 0.0
[2025-08-05 10:05:22,043][INFO] Adding RY(0.0, wires=[2]) had small change in overlap from 0.0 to 0.0
[2025-08-05 10:05:42,683][INFO] Adding CRY(0.0, wires=[4, 3])) had small change in overlap from 0.0 to 0.0
[2025-08-05 10:06:04,634][INFO] Adding CRY(0.0, wires=[5, 2])) had small change in overlap from 0.0 to 0.0
[2025-08-05 10:06:27,887][INFO] Adding CRY(0.0, wires=[5, 6])) had small change in overlap from 0.0 to 0.0
[2025-08-05 10:06:51,754][INFO] Adding RY(0.0, wires=[5]) had small change in overlap from 0.0 to 0.0
[2025-08-05 10:07:16,173][INFO] Adding RY(0.0, wires=[6]) had small change in overlap from 0.0 to 0.0
[2025-08-05 10:07:42,083][INFO] Adding CRY(0.0, wires=[4, 5])) had small change in overlap from 0.0 to 0.0
[2025-08-05 10:08:08,576][INFO] Adding RY(0.0, wires=[4]) had small change in overlap from 0.0 to 0.0
[2025-08-05 10:08:35,673][INFO] Adding RY(0.0, wires=[2]) had small change in overlap from 0.0 to 0.0
[2025-08-05 10:09:04,166][INFO] Adding CRY(0.0, wires=[4, 2])) had small change in overlap from 0.0 to 0.0
[2025-08-05 10:09:33,149][INFO] Adding RY(0.0, wires=[2]) had small change in overlap from 0.0 to 0.0
[2025-08-05 10:10:02,645][INFO] Adding RY(0.0, wires=[4]) had small change in overlap from 0.0 to 0.0
[2025-08-05 10:10:32,713][INFO] Adding RY(0.0, wires=[1]) had small change in overlap from 0.0 to 0.0
[2025-08-05 10:11:04,175][INFO] Adding CRY(0.0, wires=[4, 6])) had small change in overlap from 0.0 to 0.0
[2025-08-05 10:11:36,076][INFO] Adding RY(0.0, wires=[4]) had small change in overlap from 0.0 to 0.0
[2025-08-05 10:12:08,626][INFO] Adding RY(0.0, wires=[3]) had small change in overlap from 0.0 to 0.0
[2025-08-05 10:12:42,491][INFO] Adding CRY(0.0, wires=[6, 1])) had small change in overlap from 0.0 to 0.0
[2025-08-05 10:13:16,891][INFO] Adding RY(0.0, wires=[1]) had small change in overlap from 0.0 to 0.0
[2025-08-05 10:13:52,786][INFO] Adding CRY(0.0, wires=[3, 5])) had small change in overlap from 0.0 to 0.0
[2025-08-05 10:13:52,786][INFO] Completed VQE run 29
[2025-08-05 10:13:52,786][INFO] Final ops list: [{'name': 'RY', 'param': -2.0935526821459045, 'wires': [6]}, {'name': 'CRY', 'param': 1.9009917114659352, 'wires': [6, 5]}, {'name': 'RY', 'param': 0.0037093900050231892, 'wires': [4]}, {'name': 'RY', 'param': 2.824821830214351, 'wires': [5]}, {'name': 'RY', 'param': -0.5193636379935396, 'wires': [3]}, {'name': 'CRY', 'param': 0.029767672849674395, 'wires': [6, 4]}, {'name': 'CRY', 'param': -0.009041386215881134, 'wires': [6, 3]}, {'name': 'CRY', 'param': 0.01637847276488014, 'wires': [5, 4]}, {'name': 'RY', 'param': 2.369950871705981, 'wires': [5]}, {'name': 'CRY', 'param': -0.013376419987377304, 'wires': [5, 3]}, {'name': 'CRY', 'param': -0.0012325545572690465, 'wires': [6, 2]}, {'name': 'RY', 'param': 0.8314039335970169, 'wires': [2]}, {'name': 'CRY', 'param': 0.5539922462796923, 'wires': [4, 3]}, {'name': 'CRY', 'param': -0.0014826349150538888, 'wires': [5, 2]}, {'name': 'CRY', 'param': 7.846931345870612, 'wires': [5, 6]}, {'name': 'RY', 'param': 0.9755884799888883, 'wires': [5]}, {'name': 'RY', 'param': 1.0599707810348946, 'wires': [6]}, {'name': 'CRY', 'param': 4.363985997239612, 'wires': [4, 5]}, {'name': 'RY', 'param': 0.8937437130753993, 'wires': [4]}, {'name': 'RY', 'param': -0.7628016786628412, 'wires': [2]}, {'name': 'CRY', 'param': -0.0004738053788748038, 'wires': [4, 2]}, {'name': 'RY', 'param': -0.06895052810888487, 'wires': [2]}, {'name': 'RY', 'param': -0.5031354857808277, 'wires': [4]}, {'name': 'RY', 'param': -0.3900494573418099, 'wires': [1]}, {'name': 'CRY', 'param': -0.258499359582623, 'wires': [4, 6]}, {'name': 'RY', 'param': -0.4977218901974299, 'wires': [4]}, {'name': 'RY', 'param': 0.5345978024899585, 'wires': [3]}, {'name': 'CRY', 'param': 2.4293375085045745e-05, 'wires': [6, 1]}, {'name': 'RY', 'param': 0.3900580669100614, 'wires': [1]}, {'name': 'CRY', 'param': 0.4247508976378068, 'wires': [3, 5]}]
[2025-08-05 10:13:52,786][INFO] Energy: 0.9018714513125637
