[2025-08-05 10:04:01,974][INFO] Starting VQE run 41 (seed=61044643)
[2025-08-05 10:04:02,112][INFO] Adding RY(0.0, wires=[6]) had small change in overlap from 0.0 to 0.0
[2025-08-05 10:04:02,389][INFO] Adding CRY(0.0, wires=[6, 5])) had small change in overlap from 0.0 to 0.0
[2025-08-05 10:04:02,642][INFO] Adding RY(0.0, wires=[4]) had small change in overlap from 0.0 to 0.0
[2025-08-05 10:04:03,130][INFO] Adding RY(0.0, wires=[5]) had small change in overlap from 0.0 to 0.0
[2025-08-05 10:04:04,227][INFO] Adding RY(0.0, wires=[3]) had small change in overlap from 0.0 to 0.0
[2025-08-05 10:04:05,836][INFO] Adding CRY(0.0, wires=[6, 4])) had small change in overlap from 0.0 to 0.0
[2025-08-05 10:04:08,230][INFO] Adding CRY(0.0, wires=[6, 3])) had small change in overlap from 0.0 to 0.0
[2025-08-05 10:04:15,088][INFO] Adding CRY(0.0, wires=[5, 4])) had small change in overlap from 0.0 to 0.0
[2025-08-05 10:04:35,539][INFO] Adding RY(0.0, wires=[5]) had small change in overlap from 0.0 to 0.0
[2025-08-05 10:04:57,909][INFO] Adding CRY(0.0, wires=[5, 3])) had small change in overlap from 0.0 to 0.0
[2025-08-05 10:05:21,956][INFO] Adding CRY(0.0, wires=[6, 2])) had small change in overlap from 0.0 to 0.0
[2025-08-05 10:05:46,870][INFO] Adding RY(0.0, wires=[2]) had small change in overlap from 0.0 to 0.0
[2025-08-05 10:06:13,630][INFO] Adding CRY(0.0, wires=[4, 3])) had small change in overlap from 0.0 to 0.0
[2025-08-05 10:06:42,114][INFO] Adding CRY(0.0, wires=[4, 5])) had small change in overlap from 0.0 to 0.0
[2025-08-05 10:07:12,461][INFO] Adding CRY(0.0, wires=[4, 6])) had small change in overlap from 0.0 to 0.0
[2025-08-05 10:07:43,505][INFO] Adding RY(0.0, wires=[4]) had small change in overlap from 0.0 to 0.0
[2025-08-05 10:08:16,444][INFO] Adding CRY(0.0, wires=[5, 2])) had small change in overlap from 0.0 to 0.0
[2025-08-05 10:08:50,230][INFO] Adding RY(0.0, wires=[2]) had small change in overlap from 0.0 to 0.0
[2025-08-05 10:09:25,927][INFO] Adding CRY(0.0, wires=[5, 6])) had small change in overlap from 0.0 to 0.0
[2025-08-05 10:10:02,357][INFO] Adding RY(0.0, wires=[3]) had small change in overlap from 0.0 to 0.0
[2025-08-05 10:10:39,734][INFO] Adding RY(0.0, wires=[1]) had small change in overlap from 0.0 to 0.0
[2025-08-05 10:11:17,538][INFO] Adding RY(0.0, wires=[5]) had small change in overlap from 0.0 to 0.0
[2025-08-05 10:11:57,312][INFO] Adding CRY(0.0, wires=[6, 1])) had small change in overlap from 0.0 to 0.0
[2025-08-05 10:12:37,711][INFO] Adding RY(0.0, wires=[6]) had small change in overlap from 0.0 to 0.0
[2025-08-05 10:13:19,861][INFO] Adding CRY(0.0, wires=[4, 2])) had small change in overlap from 0.0 to 0.0
[2025-08-05 10:14:02,579][INFO] Adding RY(0.0, wires=[4]) had small change in overlap from 0.0 to 0.0
[2025-08-05 10:14:44,044][INFO] Adding CRY(0.0, wires=[5, 1])) had small change in overlap from 0.0 to 0.0
[2025-08-05 10:15:25,482][INFO] Adding RY(0.0, wires=[5]) had small change in overlap from 0.0 to 0.0
[2025-08-05 10:16:07,600][INFO] Adding RY(0.0, wires=[1]) had small change in overlap from 0.0 to 0.0
[2025-08-05 10:16:47,265][INFO] Adding CRY(0.0, wires=[1, 5])) had small change in overlap from 0.0 to 0.0
[2025-08-05 10:16:47,265][INFO] Completed VQE run 29
[2025-08-05 10:16:47,265][INFO] Final ops list: [{'name': 'RY', 'param': -0.01435681069516053, 'wires': [6]}, {'name': 'CRY', 'param': 0.17969042764238274, 'wires': [6, 5]}, {'name': 'RY', 'param': 0.021002737759055916, 'wires': [4]}, {'name': 'RY', 'param': 2.275556997564089, 'wires': [5]}, {'name': 'RY', 'param': -1.1848069151804945, 'wires': [3]}, {'name': 'CRY', 'param': 5.422654912078727, 'wires': [6, 4]}, {'name': 'CRY', 'param': 1.7524895414046344, 'wires': [6, 3]}, {'name': 'CRY', 'param': 0.005982455932979462, 'wires': [5, 4]}, {'name': 'RY', 'param': -0.4798415182482831, 'wires': [5]}, {'name': 'CRY', 'param': 0.015344859569781278, 'wires': [5, 3]}, {'name': 'CRY', 'param': 0.10407290640920068, 'wires': [6, 2]}, {'name': 'RY', 'param': 0.42683906673423966, 'wires': [2]}, {'name': 'CRY', 'param': -0.2890281181427699, 'wires': [4, 3]}, {'name': 'CRY', 'param': 1.608704297789094, 'wires': [4, 5]}, {'name': 'CRY', 'param': 3.304292640020239, 'wires': [4, 6]}, {'name': 'RY', 'param': 0.4321524617332037, 'wires': [4]}, {'name': 'CRY', 'param': 0.0024277449957515883, 'wires': [5, 2]}, {'name': 'RY', 'param': -0.42701648362191824, 'wires': [2]}, {'name': 'CRY', 'param': 6.204706774647454, 'wires': [5, 6]}, {'name': 'RY', 'param': 1.186389632083887, 'wires': [3]}, {'name': 'RY', 'param': -0.8759538657195048, 'wires': [1]}, {'name': 'RY', 'param': 2.175497505137977, 'wires': [5]}, {'name': 'CRY', 'param': 0.3412563148681561, 'wires': [6, 1]}, {'name': 'RY', 'param': -0.9708916303135688, 'wires': [6]}, {'name': 'CRY', 'param': 0.0023709571596218673, 'wires': [4, 2]}, {'name': 'RY', 'param': -0.47905269464882594, 'wires': [4]}, {'name': 'CRY', 'param': 0.0021963705185011114, 'wires': [5, 1]}, {'name': 'RY', 'param': -0.3021619018625731, 'wires': [5]}, {'name': 'RY', 'param': 0.8769982371805535, 'wires': [1]}, {'name': 'CRY', 'param': 1.1621595884308566, 'wires': [1, 5]}]
[2025-08-05 10:16:47,265][INFO] Energy: 1.0553053901836047
