[2025-08-05 10:04:01,949][INFO] Starting VQE run 7 (seed=41595936)
[2025-08-05 10:04:02,084][INFO] Adding RY(0.0, wires=[6]) had small change in overlap from 0.0 to 0.0
[2025-08-05 10:04:02,519][INFO] Adding CRY(0.0, wires=[6, 5])) had small change in overlap from 0.0 to 0.0
[2025-08-05 10:04:02,770][INFO] Adding RY(0.0, wires=[4]) had small change in overlap from 0.0 to 0.0
[2025-08-05 10:04:03,241][INFO] Adding RY(0.0, wires=[5]) had small change in overlap from 0.0 to 0.0
[2025-08-05 10:04:04,595][INFO] Adding RY(0.0, wires=[3]) had small change in overlap from 0.0 to 0.0
[2025-08-05 10:04:06,372][INFO] Adding CRY(0.0, wires=[6, 4])) had small change in overlap from 0.0 to 0.0
[2025-08-05 10:04:11,392][INFO] Adding CRY(0.0, wires=[6, 3])) had small change in overlap from 0.0 to 0.0
[2025-08-05 10:04:19,300][INFO] Adding CRY(0.0, wires=[5, 4])) had small change in overlap from 0.0 to 0.0
[2025-08-05 10:04:39,773][INFO] Adding RY(0.0, wires=[5]) had small change in overlap from 0.0 to 0.0
[2025-08-05 10:05:02,095][INFO] Adding CRY(0.0, wires=[5, 3])) had small change in overlap from 0.0 to 0.0
[2025-08-05 10:05:26,058][INFO] Adding CRY(0.0, wires=[6, 2])) had small change in overlap from 0.0 to 0.0
[2025-08-05 10:05:51,048][INFO] Adding RY(0.0, wires=[2]) had small change in overlap from 0.0 to 0.0
[2025-08-05 10:06:17,654][INFO] Adding CRY(0.0, wires=[4, 3])) had small change in overlap from 0.0 to 0.0
[2025-08-05 10:06:43,461][INFO] Adding RY(0.0, wires=[4]) had small change in overlap from 0.0 to 0.0
[2025-08-05 10:07:12,746][INFO] Adding CRY(0.0, wires=[4, 6])) had small change in overlap from 0.0 to 0.0
[2025-08-05 10:07:42,685][INFO] Adding RY(0.0, wires=[4]) had small change in overlap from 0.0 to 0.0
[2025-08-05 10:08:14,544][INFO] Adding CRY(0.0, wires=[5, 2])) had small change in overlap from 0.0 to 0.0
[2025-08-05 10:08:46,990][INFO] Adding RY(0.0, wires=[5]) had small change in overlap from 0.0 to 0.0
[2025-08-05 10:09:21,595][INFO] Adding CRY(0.0, wires=[5, 6])) had small change in overlap from 0.0 to 0.0
[2025-08-05 10:09:56,727][INFO] Adding RY(0.0, wires=[5]) had small change in overlap from 0.0 to 0.0
[2025-08-05 10:10:32,749][INFO] Adding RY(0.0, wires=[1]) had small change in overlap from 0.0 to 0.0
[2025-08-05 10:11:10,285][INFO] Adding CRY(0.0, wires=[6, 1])) had small change in overlap from 0.0 to 0.0
[2025-08-05 10:11:48,762][INFO] Adding RY(0.0, wires=[6]) had small change in overlap from 0.0 to 0.0
[2025-08-05 10:12:28,966][INFO] Adding CRY(0.0, wires=[5, 1])) had small change in overlap from 0.0 to 0.0
[2025-08-05 10:13:09,834][INFO] Adding RY(0.0, wires=[5]) had small change in overlap from 0.0 to 0.0
[2025-08-05 10:13:52,548][INFO] Adding CRY(0.0, wires=[4, 5])) had small change in overlap from 0.0 to 0.0
[2025-08-05 10:14:33,715][INFO] Adding RY(0.0, wires=[4]) had small change in overlap from 0.0 to 0.0
[2025-08-05 10:15:14,179][INFO] Adding RY(0.0, wires=[5]) had small change in overlap from 0.0 to 0.0
[2025-08-05 10:15:55,181][INFO] Adding RY(0.0, wires=[1]) had small change in overlap from 0.0 to 0.0
[2025-08-05 10:16:35,748][INFO] Adding CRY(0.0, wires=[4, 1])) had small change in overlap from 0.0 to 0.0
[2025-08-05 10:16:35,749][INFO] Completed VQE run 29
[2025-08-05 10:16:35,749][INFO] Final ops list: [{'name': 'RY', 'param': 6.28352384104052, 'wires': [6]}, {'name': 'CRY', 'param': -0.344841435283902, 'wires': [6, 5]}, {'name': 'RY', 'param': 0.5150462850661017, 'wires': [4]}, {'name': 'RY', 'param': -1.0778064127688578, 'wires': [5]}, {'name': 'RY', 'param': -0.0001984021669953553, 'wires': [3]}, {'name': 'CRY', 'param': 0.8402284231153417, 'wires': [6, 4]}, {'name': 'CRY', 'param': 0.9163113404546868, 'wires': [6, 3]}, {'name': 'CRY', 'param': -0.00022131093765578066, 'wires': [5, 4]}, {'name': 'RY', 'param': 1.0778046549835338, 'wires': [5]}, {'name': 'CRY', 'param': 7.253345437115039, 'wires': [5, 3]}, {'name': 'CRY', 'param': -0.07124749795565384, 'wires': [6, 2]}, {'name': 'RY', 'param': -2.052632333733388e-05, 'wires': [2]}, {'name': 'CRY', 'param': -9.263711097151555e-05, 'wires': [4, 3]}, {'name': 'RY', 'param': -0.7966338064827012, 'wires': [4]}, {'name': 'CRY', 'param': 0.007865375309037225, 'wires': [4, 6]}, {'name': 'RY', 'param': -0.038332727401777046, 'wires': [4]}, {'name': 'CRY', 'param': 8.19263541330704, 'wires': [5, 2]}, {'name': 'RY', 'param': 0.2704195673548358, 'wires': [5]}, {'name': 'CRY', 'param': 7.925479526111523, 'wires': [5, 6]}, {'name': 'RY', 'param': 3.165568660563056, 'wires': [5]}, {'name': 'RY', 'param': -1.3991703052159847, 'wires': [1]}, {'name': 'CRY', 'param': -0.027186100205369778, 'wires': [6, 1]}, {'name': 'RY', 'param': 5.085772947262999, 'wires': [6]}, {'name': 'CRY', 'param': 6.246615645539145, 'wires': [5, 1]}, {'name': 'RY', 'param': 0.3824281388696502, 'wires': [5]}, {'name': 'CRY', 'param': -0.012792507366913954, 'wires': [4, 5]}, {'name': 'RY', 'param': 0.31541087393545814, 'wires': [4]}, {'name': 'RY', 'param': 2.670638176393153, 'wires': [5]}, {'name': 'RY', 'param': 1.4342934308397715, 'wires': [1]}, {'name': 'CRY', 'param': 1.8421008340798388, 'wires': [4, 1]}]
[2025-08-05 10:16:35,749][INFO] Energy: 0.9580478011687538
