[2025-08-05 10:04:01,959][INFO] Starting VQE run 19 (seed=106557498)
[2025-08-05 10:04:02,092][INFO] Adding RY(0.0, wires=[6]) had small change in overlap from 0.0 to 0.0
[2025-08-05 10:04:02,274][INFO] Adding CRY(0.0, wires=[6, 5])) had small change in overlap from 0.0 to 0.0
[2025-08-05 10:04:02,535][INFO] Adding RY(0.0, wires=[4]) had small change in overlap from 0.0 to 0.0
[2025-08-05 10:04:03,010][INFO] Adding RY(0.0, wires=[5]) had small change in overlap from 0.0 to 0.0
[2025-08-05 10:04:04,427][INFO] Adding RY(0.0, wires=[3]) had small change in overlap from 0.0 to 0.0
[2025-08-05 10:04:06,281][INFO] Adding CRY(0.0, wires=[6, 4])) had small change in overlap from 0.0 to 0.0
[2025-08-05 10:04:08,855][INFO] Adding CRY(0.0, wires=[6, 3])) had small change in overlap from 0.0 to 0.0
[2025-08-05 10:04:16,326][INFO] Adding CRY(0.0, wires=[5, 4])) had small change in overlap from 0.0 to 0.0
[2025-08-05 10:04:36,719][INFO] Adding RY(0.0, wires=[5]) had small change in overlap from 0.0 to 0.0
[2025-08-05 10:04:59,004][INFO] Adding CRY(0.0, wires=[5, 3])) had small change in overlap from 0.0 to 0.0
[2025-08-05 10:05:22,979][INFO] Adding CRY(0.0, wires=[6, 2])) had small change in overlap from 0.0 to 0.0
[2025-08-05 10:05:47,954][INFO] Adding RY(0.0, wires=[2]) had small change in overlap from 0.0 to 0.0
[2025-08-05 10:06:14,807][INFO] Adding CRY(0.0, wires=[4, 5])) had small change in overlap from 0.0 to 0.0
[2025-08-05 10:06:42,291][INFO] Adding RY(0.0, wires=[4]) had small change in overlap from 0.0 to 0.0
[2025-08-05 10:07:11,705][INFO] Adding CRY(0.0, wires=[4, 6])) had small change in overlap from 0.0 to 0.0
[2025-08-05 10:07:41,810][INFO] Adding RY(0.0, wires=[4]) had small change in overlap from 0.0 to 0.0
[2025-08-05 10:08:13,839][INFO] Adding CRY(0.0, wires=[4, 3])) had small change in overlap from 0.0 to 0.0
[2025-08-05 10:08:46,396][INFO] Adding RY(0.0, wires=[4]) had small change in overlap from 0.0 to 0.0
[2025-08-05 10:09:20,789][INFO] Adding CRY(0.0, wires=[5, 2])) had small change in overlap from 0.0 to 0.0
[2025-08-05 10:09:55,733][INFO] Adding RY(0.0, wires=[5]) had small change in overlap from 0.0 to 0.0
[2025-08-05 10:10:31,518][INFO] Adding RY(0.0, wires=[2]) had small change in overlap from 0.0 to 0.0
[2025-08-05 10:11:08,940][INFO] Adding CRY(0.0, wires=[5, 6])) had small change in overlap from 0.0 to 0.0
[2025-08-05 10:11:47,244][INFO] Adding RY(0.0, wires=[5]) had small change in overlap from 0.0 to 0.0
[2025-08-05 10:12:26,161][INFO] Adding RY(0.0, wires=[6]) had small change in overlap from 0.0 to 0.0
[2025-08-05 10:13:06,882][INFO] Adding CRY(0.0, wires=[3, 6])) had small change in overlap from 0.0 to 0.0
[2025-08-05 10:13:48,525][INFO] Adding RY(0.0, wires=[3]) had small change in overlap from 0.0 to 0.0
[2025-08-05 10:14:29,949][INFO] Adding CRY(0.0, wires=[6, 1])) had small change in overlap from 0.0 to 0.0
[2025-08-05 10:15:10,219][INFO] Adding RY(0.0, wires=[6]) had small change in overlap from 0.0 to 0.0
[2025-08-05 10:15:52,100][INFO] Adding CRY(0.0, wires=[5, 1])) had small change in overlap from 0.0 to 0.0
[2025-08-05 10:16:33,294][INFO] Adding RY(0.0, wires=[1]) had small change in overlap from 0.0 to 0.0
[2025-08-05 10:16:33,294][INFO] Completed VQE run 29
[2025-08-05 10:16:33,294][INFO] Final ops list: [{'name': 'RY', 'param': 6.283230409072619, 'wires': [6]}, {'name': 'CRY', 'param': 11.187820963478114, 'wires': [6, 5]}, {'name': 'RY', 'param': 9.680255832726507, 'wires': [4]}, {'name': 'RY', 'param': 10.558370784253377, 'wires': [5]}, {'name': 'RY', 'param': 9.413572519198905, 'wires': [3]}, {'name': 'CRY', 'param': 11.886804184415862, 'wires': [6, 4]}, {'name': 'CRY', 'param': 6.969333359746257, 'wires': [6, 3]}, {'name': 'CRY', 'param': 5.974211350061852, 'wires': [5, 4]}, {'name': 'RY', 'param': 6.273721080641637, 'wires': [5]}, {'name': 'CRY', 'param': 6.285407743849079, 'wires': [5, 3]}, {'name': 'CRY', 'param': 10.159061681658235, 'wires': [6, 2]}, {'name': 'RY', 'param': 7.251815303790604, 'wires': [2]}, {'name': 'CRY', 'param': 8.986149353508829, 'wires': [4, 5]}, {'name': 'RY', 'param': 6.575872061057248, 'wires': [4]}, {'name': 'CRY', 'param': 11.723970011474604, 'wires': [4, 6]}, {'name': 'RY', 'param': 7.624238943354419, 'wires': [4]}, {'name': 'CRY', 'param': 6.284472284846118, 'wires': [4, 3]}, {'name': 'RY', 'param': 4.5250665794232185, 'wires': [4]}, {'name': 'CRY', 'param': 6.283089508394734, 'wires': [5, 2]}, {'name': 'RY', 'param': 8.861840843730496, 'wires': [5]}, {'name': 'RY', 'param': 5.314479965400174, 'wires': [2]}, {'name': 'CRY', 'param': 6.280369759407445, 'wires': [5, 6]}, {'name': 'RY', 'param': 5.022100853224649, 'wires': [5]}, {'name': 'RY', 'param': 6.0055968952958185, 'wires': [6]}, {'name': 'CRY', 'param': 3.626379556674727, 'wires': [3, 6]}, {'name': 'RY', 'param': 3.142581312649001, 'wires': [3]}, {'name': 'CRY', 'param': 6.283474458322803, 'wires': [6, 1]}, {'name': 'RY', 'param': 7.599705326676544, 'wires': [6]}, {'name': 'CRY', 'param': 3.6435008669524027, 'wires': [5, 1]}, {'name': 'RY', 'param': 2.6423832390832946, 'wires': [1]}]
[2025-08-05 10:16:33,294][INFO] Energy: 5.4285975644529065
