[2025-08-05 10:04:01,950][INFO] Starting VQE run 8 (seed=67585531)
[2025-08-05 10:04:02,088][INFO] Adding RY(0.0, wires=[6]) had small change in overlap from 0.0 to 0.0
[2025-08-05 10:04:02,274][INFO] Adding CRY(0.0, wires=[6, 5])) had small change in overlap from 0.0 to 0.0
[2025-08-05 10:04:02,527][INFO] Adding RY(0.0, wires=[4]) had small change in overlap from 0.0 to 0.0
[2025-08-05 10:04:02,968][INFO] Adding RY(0.0, wires=[5]) had small change in overlap from 0.0 to 0.0
[2025-08-05 10:04:04,251][INFO] Adding RY(0.0, wires=[3]) had small change in overlap from 0.0 to 0.0
[2025-08-05 10:04:06,366][INFO] Adding CRY(0.0, wires=[6, 4])) had small change in overlap from 0.0 to 0.0
[2025-08-05 10:04:09,072][INFO] Adding CRY(0.0, wires=[6, 3])) had small change in overlap from 0.0 to 0.0
[2025-08-05 10:04:18,282][INFO] Adding CRY(0.0, wires=[5, 4])) had small change in overlap from 0.0 to 0.0
[2025-08-05 10:04:38,756][INFO] Adding RY(0.0, wires=[5]) had small change in overlap from 0.0 to 0.0
[2025-08-05 10:05:01,211][INFO] Adding CRY(0.0, wires=[5, 3])) had small change in overlap from 0.0 to 0.0
[2025-08-05 10:05:25,279][INFO] Adding CRY(0.0, wires=[6, 2])) had small change in overlap from 0.0 to 0.0
[2025-08-05 10:05:50,305][INFO] Adding RY(0.0, wires=[2]) had small change in overlap from 0.0 to 0.0
[2025-08-05 10:06:16,096][INFO] Adding RY(0.0, wires=[5]) had small change in overlap from 0.0 to 0.0
[2025-08-05 10:06:43,662][INFO] Adding CRY(0.0, wires=[4, 5])) had small change in overlap from 0.0 to 0.0
[2025-08-05 10:07:13,099][INFO] Adding CRY(0.0, wires=[4, 6])) had small change in overlap from 0.0 to 0.0
[2025-08-05 10:07:43,189][INFO] Adding RY(0.0, wires=[4]) had small change in overlap from 0.0 to 0.0
[2025-08-05 10:08:15,136][INFO] Adding CRY(0.0, wires=[4, 3])) had small change in overlap from 0.0 to 0.0
[2025-08-05 10:08:47,850][INFO] Adding RY(0.0, wires=[4]) had small change in overlap from 0.0 to 0.0
[2025-08-05 10:09:22,461][INFO] Adding CRY(0.0, wires=[5, 2])) had small change in overlap from 0.0 to 0.0
[2025-08-05 10:09:57,561][INFO] Adding RY(0.0, wires=[5]) had small change in overlap from 0.0 to 0.0
[2025-08-05 10:10:33,612][INFO] Adding RY(0.0, wires=[2]) had small change in overlap from 0.0 to 0.0
[2025-08-05 10:11:11,261][INFO] Adding CRY(0.0, wires=[4, 2])) had small change in overlap from 0.0 to 0.0
[2025-08-05 10:11:49,825][INFO] Adding RY(0.0, wires=[4]) had small change in overlap from 0.0 to 0.0
[2025-08-05 10:12:28,856][INFO] Adding RY(0.0, wires=[6]) had small change in overlap from 0.0 to 0.0
[2025-08-05 10:13:09,863][INFO] Adding CRY(0.0, wires=[3, 5])) had small change in overlap from 0.0 to 0.0
[2025-08-05 10:13:51,796][INFO] Adding RY(0.0, wires=[3]) had small change in overlap from 0.0 to 0.0
[2025-08-05 10:14:33,159][INFO] Adding CRY(0.0, wires=[6, 1])) had small change in overlap from 0.0 to 0.0
[2025-08-05 10:15:13,592][INFO] Adding RY(0.0, wires=[6]) had small change in overlap from 0.0 to 0.0
[2025-08-05 10:15:54,533][INFO] Adding RY(0.0, wires=[2]) had small change in overlap from 0.0 to 0.0
[2025-08-05 10:16:35,166][INFO] Adding CRY(0.0, wires=[5, 6])) had small change in overlap from 0.0 to 0.0
[2025-08-05 10:16:35,166][INFO] Completed VQE run 29
[2025-08-05 10:16:35,166][INFO] Final ops list: [{'name': 'RY', 'param': 6.285338346171302, 'wires': [6]}, {'name': 'CRY', 'param': 10.984444074069648, 'wires': [6, 5]}, {'name': 'RY', 'param': 6.2437260091041615, 'wires': [4]}, {'name': 'RY', 'param': 12.6342540778142, 'wires': [5]}, {'name': 'RY', 'param': 8.215330491360536, 'wires': [3]}, {'name': 'CRY', 'param': 6.697344468455429, 'wires': [6, 4]}, {'name': 'CRY', 'param': 8.686823909794246, 'wires': [6, 3]}, {'name': 'CRY', 'param': 7.070080004909098, 'wires': [5, 4]}, {'name': 'RY', 'param': 4.133656754714794, 'wires': [5]}, {'name': 'CRY', 'param': 7.902580151286762, 'wires': [5, 3]}, {'name': 'CRY', 'param': 7.134485804761247, 'wires': [6, 2]}, {'name': 'RY', 'param': 9.797811049144455, 'wires': [2]}, {'name': 'RY', 'param': 8.037160041428178, 'wires': [5]}, {'name': 'CRY', 'param': 8.471840989633865, 'wires': [4, 5]}, {'name': 'CRY', 'param': 12.430672700504093, 'wires': [4, 6]}, {'name': 'RY', 'param': 8.953703511265076, 'wires': [4]}, {'name': 'CRY', 'param': 6.387396576729358, 'wires': [4, 3]}, {'name': 'RY', 'param': 7.957420446173736, 'wires': [4]}, {'name': 'CRY', 'param': 6.283010764752198, 'wires': [5, 2]}, {'name': 'RY', 'param': 6.731176844535731, 'wires': [5]}, {'name': 'RY', 'param': 5.226223404270502, 'wires': [2]}, {'name': 'CRY', 'param': 6.283537488051893, 'wires': [4, 2]}, {'name': 'RY', 'param': 5.1506034743991895, 'wires': [4]}, {'name': 'RY', 'param': 6.286372404574948, 'wires': [6]}, {'name': 'CRY', 'param': 3.838061290303981, 'wires': [3, 5]}, {'name': 'RY', 'param': 3.817960856388579, 'wires': [3]}, {'name': 'CRY', 'param': 6.386578270261963, 'wires': [6, 1]}, {'name': 'RY', 'param': 5.118798689140683, 'wires': [6]}, {'name': 'RY', 'param': 3.8265768010641787, 'wires': [2]}, {'name': 'CRY', 'param': 3.052284740749761, 'wires': [5, 6]}]
[2025-08-05 10:16:35,166][INFO] Energy: 0.9325320169828824
