[2025-08-05 10:04:01,957][INFO] Starting VQE run 18 (seed=80567903)
[2025-08-05 10:04:02,094][INFO] Adding RY(0.0, wires=[6]) had small change in overlap from 0.0 to 0.0
[2025-08-05 10:04:02,336][INFO] Adding CRY(0.0, wires=[6, 5])) had small change in overlap from 0.0 to 0.0
[2025-08-05 10:04:02,592][INFO] Adding RY(0.0, wires=[4]) had small change in overlap from 0.0 to 0.0
[2025-08-05 10:04:03,067][INFO] Adding RY(0.0, wires=[5]) had small change in overlap from 0.0 to 0.0
[2025-08-05 10:04:04,335][INFO] Adding RY(0.0, wires=[3]) had small change in overlap from 0.0 to 0.0
[2025-08-05 10:04:06,513][INFO] Adding CRY(0.0, wires=[6, 4])) had small change in overlap from 0.0 to 0.0
[2025-08-05 10:04:24,201][INFO] Adding CRY(0.0, wires=[6, 3])) had small change in overlap from 0.0 to 0.0
[2025-08-05 10:04:42,906][INFO] Adding RY(0.0, wires=[6]) had small change in overlap from 0.0 to 0.0
[2025-08-05 10:05:03,499][INFO] Adding CRY(0.0, wires=[4, 5])) had small change in overlap from 0.0 to 0.0
[2025-08-05 10:05:24,793][INFO] Adding RY(0.0, wires=[4]) had small change in overlap from 0.0 to 0.0
[2025-08-05 10:05:48,108][INFO] Adding CRY(0.0, wires=[6, 2])) had small change in overlap from 0.0 to 0.0
[2025-08-05 10:06:12,191][INFO] Adding RY(0.0, wires=[6]) had small change in overlap from 0.0 to 0.0
[2025-08-05 10:06:37,891][INFO] Adding CRY(0.0, wires=[5, 3])) had small change in overlap from 0.0 to 0.0
[2025-08-05 10:07:04,645][INFO] Adding RY(0.0, wires=[2]) had small change in overlap from 0.0 to 0.0
[2025-08-05 10:07:33,006][INFO] Adding CRY(0.0, wires=[5, 2])) had small change in overlap from 0.0 to 0.0
[2025-08-05 10:08:02,216][INFO] Adding RY(0.0, wires=[5]) had small change in overlap from 0.0 to 0.0
[2025-08-05 10:08:33,138][INFO] Adding CRY(0.0, wires=[4, 6])) had small change in overlap from 0.0 to 0.0
[2025-08-05 10:09:04,820][INFO] Adding RY(0.0, wires=[4]) had small change in overlap from 0.0 to 0.0
[2025-08-05 10:09:38,224][INFO] Adding CRY(0.0, wires=[5, 4])) had small change in overlap from 0.0 to 0.0
[2025-08-05 10:10:12,359][INFO] Adding RY(0.0, wires=[5]) had small change in overlap from 0.0 to 0.0
[2025-08-05 10:10:47,210][INFO] Adding RY(0.0, wires=[1]) had small change in overlap from 0.0 to 0.0
[2025-08-05 10:11:22,763][INFO] Adding RY(0.0, wires=[4]) had small change in overlap from 0.0 to 0.0
[2025-08-05 10:12:00,094][INFO] Adding CRY(0.0, wires=[4, 2])) had small change in overlap from 0.0 to 0.0
[2025-08-05 10:12:38,369][INFO] Adding RY(0.0, wires=[4]) had small change in overlap from 0.0 to 0.0
[2025-08-05 10:13:18,222][INFO] Adding CRY(0.0, wires=[4, 3])) had small change in overlap from 0.0 to 0.0
[2025-08-05 10:13:58,968][INFO] Adding RY(0.0, wires=[4]) had small change in overlap from 0.0 to 0.0
[2025-08-05 10:14:38,757][INFO] Adding CRY(0.0, wires=[6, 1])) had small change in overlap from 0.0 to 0.0
[2025-08-05 10:15:18,255][INFO] Adding RY(0.0, wires=[6]) had small change in overlap from 0.0 to 0.0
[2025-08-05 10:15:59,351][INFO] Adding CRY(0.0, wires=[5, 6])) had small change in overlap from 0.0 to 0.0
[2025-08-05 10:16:38,678][INFO] Adding RY(0.0, wires=[5]) had small change in overlap from 0.0 to 0.0
[2025-08-05 10:16:38,678][INFO] Completed VQE run 29
[2025-08-05 10:16:38,679][INFO] Final ops list: [{'name': 'RY', 'param': 6.272895733547805, 'wires': [6]}, {'name': 'CRY', 'param': 6.696512063869816, 'wires': [6, 5]}, {'name': 'RY', 'param': 10.086034432256938, 'wires': [4]}, {'name': 'RY', 'param': 6.283985914658207, 'wires': [5]}, {'name': 'RY', 'param': 6.284362760882825, 'wires': [3]}, {'name': 'CRY', 'param': 6.544363074739179, 'wires': [6, 4]}, {'name': 'CRY', 'param': 7.842156375097501, 'wires': [6, 3]}, {'name': 'RY', 'param': 8.557243633591376, 'wires': [6]}, {'name': 'CRY', 'param': -9.877899069581022e-06, 'wires': [4, 5]}, {'name': 'RY', 'param': 8.365484820065172, 'wires': [4]}, {'name': 'CRY', 'param': 6.2812352897135035, 'wires': [6, 2]}, {'name': 'RY', 'param': 1.614323554442331, 'wires': [6]}, {'name': 'CRY', 'param': 11.429415955167944, 'wires': [5, 3]}, {'name': 'RY', 'param': 6.2900170345156825, 'wires': [2]}, {'name': 'CRY', 'param': 1.4722813010365325, 'wires': [5, 2]}, {'name': 'RY', 'param': 10.65331453392545, 'wires': [5]}, {'name': 'CRY', 'param': 6.6926041782868, 'wires': [4, 6]}, {'name': 'RY', 'param': 5.527700684373149, 'wires': [4]}, {'name': 'CRY', 'param': 6.168853575317958, 'wires': [5, 4]}, {'name': 'RY', 'param': 6.918066685267923, 'wires': [5]}, {'name': 'RY', 'param': 6.283157481166282, 'wires': [1]}, {'name': 'RY', 'param': 3.3550930590974213, 'wires': [4]}, {'name': 'CRY', 'param': 6.278142408697098, 'wires': [4, 2]}, {'name': 'RY', 'param': 5.905061694203885, 'wires': [4]}, {'name': 'CRY', 'param': 6.2777595926497165, 'wires': [4, 3]}, {'name': 'RY', 'param': 2.8365403604658384, 'wires': [4]}, {'name': 'CRY', 'param': 6.283245560240648, 'wires': [6, 1]}, {'name': 'RY', 'param': 5.4349012446021945, 'wires': [6]}, {'name': 'CRY', 'param': 5.150904211661074, 'wires': [5, 6]}, {'name': 'RY', 'param': 2.7487980352549135, 'wires': [5]}]
[2025-08-05 10:16:38,679][INFO] Energy: 0.8929399691237483
