[2025-08-05 10:04:01,949][INFO] Starting VQE run 5 (seed=113073535)
[2025-08-05 10:04:02,083][INFO] Adding RY(0.0, wires=[6]) had small change in overlap from 0.0 to 0.0
[2025-08-05 10:04:02,267][INFO] Adding CRY(0.0, wires=[6, 5])) had small change in overlap from 0.0 to 0.0
[2025-08-05 10:04:02,524][INFO] Adding RY(0.0, wires=[4]) had small change in overlap from 0.0 to 0.0
[2025-08-05 10:04:02,983][INFO] Adding RY(0.0, wires=[5]) had small change in overlap from 0.0 to 0.0
[2025-08-05 10:04:04,216][INFO] Adding RY(0.0, wires=[3]) had small change in overlap from 0.0 to 0.0
[2025-08-05 10:04:06,336][INFO] Adding CRY(0.0, wires=[6, 4])) had small change in overlap from 0.0 to 0.0
[2025-08-05 10:04:08,549][INFO] Adding CRY(0.0, wires=[6, 3])) had small change in overlap from 0.0 to 0.0
[2025-08-05 10:04:17,151][INFO] Adding CRY(0.0, wires=[5, 4])) had small change in overlap from 0.0 to 0.0
[2025-08-05 10:04:37,680][INFO] Adding RY(0.0, wires=[5]) had small change in overlap from 0.0 to 0.0
[2025-08-05 10:05:00,067][INFO] Adding CRY(0.0, wires=[5, 3])) had small change in overlap from 0.0 to 0.0
[2025-08-05 10:05:24,134][INFO] Adding CRY(0.0, wires=[6, 2])) had small change in overlap from 0.0 to 0.0
[2025-08-05 10:05:49,173][INFO] Adding RY(0.0, wires=[2]) had small change in overlap from 0.0 to 0.0
[2025-08-05 10:06:15,966][INFO] Adding CRY(0.0, wires=[4, 5])) had small change in overlap from 0.0 to 0.0
[2025-08-05 10:06:44,567][INFO] Adding CRY(0.0, wires=[4, 6])) had small change in overlap from 0.0 to 0.0
[2025-08-05 10:07:13,961][INFO] Adding RY(0.0, wires=[4]) had small change in overlap from 0.0 to 0.0
[2025-08-05 10:07:44,864][INFO] Adding CRY(0.0, wires=[4, 3])) had small change in overlap from 0.0 to 0.0
[2025-08-05 10:08:16,859][INFO] Adding RY(0.0, wires=[4]) had small change in overlap from 0.0 to 0.0
[2025-08-05 10:08:50,500][INFO] Adding CRY(0.0, wires=[5, 2])) had small change in overlap from 0.0 to 0.0
[2025-08-05 10:09:25,106][INFO] Adding RY(0.0, wires=[1]) had small change in overlap from 0.0 to 0.0
[2025-08-05 10:10:00,201][INFO] Adding RY(0.0, wires=[2]) had small change in overlap from 0.0 to 0.0
[2025-08-05 10:10:37,157][INFO] Adding CRY(0.0, wires=[5, 6])) had small change in overlap from 0.0 to 0.0
[2025-08-05 10:11:14,705][INFO] Adding RY(0.0, wires=[5]) had small change in overlap from 0.0 to 0.0
[2025-08-05 10:11:54,199][INFO] Adding CRY(0.0, wires=[4, 2])) had small change in overlap from 0.0 to 0.0
[2025-08-05 10:12:34,385][INFO] Adding RY(0.0, wires=[4]) had small change in overlap from 0.0 to 0.0
[2025-08-05 10:13:16,344][INFO] Adding CRY(0.0, wires=[6, 1])) had small change in overlap from 0.0 to 0.0
[2025-08-05 10:13:59,019][INFO] Adding RY(0.0, wires=[6]) had small change in overlap from 0.0 to 0.0
[2025-08-05 10:14:39,669][INFO] Adding RY(0.0, wires=[1]) had small change in overlap from 0.0 to 0.0
[2025-08-05 10:15:21,070][INFO] Adding CRY(0.0, wires=[5, 1])) had small change in overlap from 0.0 to 0.0
[2025-08-05 10:16:03,219][INFO] Adding RY(0.0, wires=[5]) had small change in overlap from 0.0 to 0.0
[2025-08-05 10:16:42,719][INFO] Adding RY(0.0, wires=[2]) had small change in overlap from 0.0 to 0.0
[2025-08-05 10:16:42,720][INFO] Completed VQE run 29
[2025-08-05 10:16:42,720][INFO] Final ops list: [{'name': 'RY', 'param': 6.282325935615816, 'wires': [6]}, {'name': 'CRY', 'param': 8.124494511639814, 'wires': [6, 5]}, {'name': 'RY', 'param': 9.456584896867291, 'wires': [4]}, {'name': 'RY', 'param': 12.84316687203383, 'wires': [5]}, {'name': 'RY', 'param': 6.285510420444816, 'wires': [3]}, {'name': 'CRY', 'param': 10.629677475580309, 'wires': [6, 4]}, {'name': 'CRY', 'param': 7.869387099531619, 'wires': [6, 3]}, {'name': 'CRY', 'param': 11.941354409054764, 'wires': [5, 4]}, {'name': 'RY', 'param': 4.7932820413896025, 'wires': [5]}, {'name': 'CRY', 'param': 6.284039190039524, 'wires': [5, 3]}, {'name': 'CRY', 'param': 11.181414139947595, 'wires': [6, 2]}, {'name': 'RY', 'param': 9.216799962340646, 'wires': [2]}, {'name': 'CRY', 'param': 2.6444788823914505, 'wires': [4, 5]}, {'name': 'CRY', 'param': 6.371745257138392, 'wires': [4, 6]}, {'name': 'RY', 'param': 4.34404828249251, 'wires': [4]}, {'name': 'CRY', 'param': 6.282529408048132, 'wires': [4, 3]}, {'name': 'RY', 'param': 2.2671768084024864, 'wires': [4]}, {'name': 'CRY', 'param': 6.28338455608039, 'wires': [5, 2]}, {'name': 'RY', 'param': 7.76816575704219, 'wires': [1]}, {'name': 'RY', 'param': 5.898133480000457, 'wires': [2]}, {'name': 'CRY', 'param': 6.192972994417269, 'wires': [5, 6]}, {'name': 'RY', 'param': 8.694697426468087, 'wires': [5]}, {'name': 'CRY', 'param': 6.2831626783447065, 'wires': [4, 2]}, {'name': 'RY', 'param': 7.399203856810895, 'wires': [4]}, {'name': 'CRY', 'param': 7.968306661242685, 'wires': [6, 1]}, {'name': 'RY', 'param': 5.291616061110454, 'wires': [6]}, {'name': 'RY', 'param': 4.799920383609129, 'wires': [1]}, {'name': 'CRY', 'param': 5.430651433592515, 'wires': [5, 1]}, {'name': 'RY', 'param': 6.36151596858095, 'wires': [5]}, {'name': 'RY', 'param': 3.7343851264658245, 'wires': [2]}]
[2025-08-05 10:16:42,720][INFO] Energy: 1.0706186285590504
