[2025-08-05 10:04:02,028][INFO] Starting VQE run 91 (seed=4604184)
[2025-08-05 10:04:02,146][INFO] Adding RY(0.0, wires=[6]) had small change in overlap from 0.0 to 0.0
[2025-08-05 10:04:02,294][INFO] Adding CRY(0.0, wires=[6, 5])) had small change in overlap from 0.0 to 0.0
[2025-08-05 10:04:02,497][INFO] Adding RY(0.0, wires=[4]) had small change in overlap from 0.0 to 0.0
[2025-08-05 10:04:02,873][INFO] Adding RY(0.0, wires=[5]) had small change in overlap from 0.0 to 0.0
[2025-08-05 10:04:03,547][INFO] Adding RY(0.0, wires=[3]) had small change in overlap from 0.0 to 0.0
[2025-08-05 10:04:04,442][INFO] Adding CRY(0.0, wires=[6, 4])) had small change in overlap from 0.0 to 0.0
[2025-08-05 10:04:05,776][INFO] Adding CRY(0.0, wires=[6, 3])) had small change in overlap from 0.0 to 0.0
[2025-08-05 10:04:10,069][INFO] Adding CRY(0.0, wires=[5, 4])) had small change in overlap from 0.0 to 0.0
[2025-08-05 10:04:26,041][INFO] Adding RY(0.0, wires=[5]) had small change in overlap from 0.0 to 0.0
[2025-08-05 10:04:43,376][INFO] Adding CRY(0.0, wires=[5, 3])) had small change in overlap from 0.0 to 0.0
[2025-08-05 10:04:52,978][INFO] Adding RY(0.0, wires=[2]) had small change in overlap from 0.0 to 0.0
[2025-08-05 10:05:12,314][INFO] Adding CRY(0.0, wires=[6, 2])) had small change in overlap from 0.0 to 0.0
[2025-08-05 10:05:33,080][INFO] Adding CRY(0.0, wires=[4, 3])) had small change in overlap from 0.0 to 0.0
[2025-08-05 10:05:55,206][INFO] Adding CRY(0.0, wires=[5, 2])) had small change in overlap from 0.0 to 0.0
[2025-08-05 10:06:17,994][INFO] Adding RY(0.0, wires=[5]) had small change in overlap from 0.0 to 0.0
[2025-08-05 10:06:42,150][INFO] Adding CRY(0.0, wires=[4, 2])) had small change in overlap from 0.0 to 0.0
[2025-08-05 10:07:07,648][INFO] Adding CRY(0.0, wires=[6, 1])) had small change in overlap from 0.0 to 0.0
[2025-08-05 10:07:33,724][INFO] Adding RY(0.0, wires=[1]) had small change in overlap from 0.0 to 0.0
[2025-08-05 10:08:00,465][INFO] Adding RY(0.0, wires=[4]) had small change in overlap from 0.0 to 0.0
[2025-08-05 10:08:28,387][INFO] Adding CRY(0.0, wires=[3, 5])) had small change in overlap from 0.0 to 0.0
[2025-08-05 10:08:56,951][INFO] Adding RY(0.0, wires=[3]) had small change in overlap from 0.0 to 0.0
[2025-08-05 10:09:25,921][INFO] Adding RY(0.0, wires=[5]) had small change in overlap from 0.0 to 0.0
[2025-08-05 10:09:55,473][INFO] Adding RY(0.0, wires=[6]) had small change in overlap from 0.0 to 0.0
[2025-08-05 10:10:26,539][INFO] Adding CRY(0.0, wires=[3, 6])) had small change in overlap from 0.0 to 0.0
[2025-08-05 10:10:58,184][INFO] Adding RY(0.0, wires=[3]) had small change in overlap from 0.0 to 0.0
[2025-08-05 10:11:30,352][INFO] Adding RY(0.0, wires=[2]) had small change in overlap from 0.0 to 0.0
[2025-08-05 10:12:03,080][INFO] Adding RY(0.0, wires=[6]) had small change in overlap from 0.0 to 0.0
[2025-08-05 10:12:37,255][INFO] Adding CRY(0.0, wires=[3, 4])) had small change in overlap from 0.0 to 0.0
[2025-08-05 10:13:11,989][INFO] Adding RY(0.0, wires=[3]) had small change in overlap from 0.0 to 0.0
[2025-08-05 10:13:48,070][INFO] Adding CRY(0.0, wires=[4, 6])) had small change in overlap from 0.0 to 0.0
[2025-08-05 10:13:48,070][INFO] Completed VQE run 29
[2025-08-05 10:13:48,070][INFO] Final ops list: [{'name': 'RY', 'param': -1.3012899774847215, 'wires': [6]}, {'name': 'CRY', 'param': -0.6245035219587918, 'wires': [6, 5]}, {'name': 'RY', 'param': -0.2606198480014115, 'wires': [4]}, {'name': 'RY', 'param': 1.485392142340767, 'wires': [5]}, {'name': 'RY', 'param': -0.05915334078409157, 'wires': [3]}, {'name': 'CRY', 'param': 0.14934415147736396, 'wires': [6, 4]}, {'name': 'CRY', 'param': 0.04475325696590016, 'wires': [6, 3]}, {'name': 'CRY', 'param': 0.14912491703954717, 'wires': [5, 4]}, {'name': 'RY', 'param': -0.8276534979021117, 'wires': [5]}, {'name': 'CRY', 'param': -0.0016715197045609341, 'wires': [5, 3]}, {'name': 'RY', 'param': -0.018481852381383536, 'wires': [2]}, {'name': 'CRY', 'param': 0.0019219347915152849, 'wires': [6, 2]}, {'name': 'CRY', 'param': -0.02355532642809522, 'wires': [4, 3]}, {'name': 'CRY', 'param': 0.0036555738285540067, 'wires': [5, 2]}, {'name': 'RY', 'param': -0.26485484479230226, 'wires': [5]}, {'name': 'CRY', 'param': 0.005408108211054276, 'wires': [4, 2]}, {'name': 'CRY', 'param': 2.9575965580982413e-07, 'wires': [6, 1]}, {'name': 'RY', 'param': -7.688966215653156e-06, 'wires': [1]}, {'name': 'RY', 'param': -0.006199683517628891, 'wires': [4]}, {'name': 'CRY', 'param': 0.08217347909378321, 'wires': [3, 5]}, {'name': 'RY', 'param': 0.06600198708152219, 'wires': [3]}, {'name': 'RY', 'param': -0.038866095800693605, 'wires': [5]}, {'name': 'RY', 'param': -0.002232589554110103, 'wires': [6]}, {'name': 'CRY', 'param': 2.5959031707436537, 'wires': [3, 6]}, {'name': 'RY', 'param': -0.057723601746580575, 'wires': [3]}, {'name': 'RY', 'param': 0.01697512416797629, 'wires': [2]}, {'name': 'RY', 'param': 0.04384941971567379, 'wires': [6]}, {'name': 'CRY', 'param': -0.05044394799177081, 'wires': [3, 4]}, {'name': 'RY', 'param': 0.029447102276353422, 'wires': [3]}, {'name': 'CRY', 'param': 0.03829005104918356, 'wires': [4, 6]}]
[2025-08-05 10:13:48,070][INFO] Energy: 0.8918725820196085
