[2025-08-05 10:04:01,992][INFO] Starting VQE run 62 (seed=112998982)
[2025-08-05 10:04:02,143][INFO] Adding RY(0.0, wires=[6]) had small change in overlap from 0.0 to 0.0
[2025-08-05 10:04:02,377][INFO] Adding CRY(0.0, wires=[6, 5])) had small change in overlap from 0.0 to 0.0
[2025-08-05 10:04:02,622][INFO] Adding RY(0.0, wires=[4]) had small change in overlap from 0.0 to 0.0
[2025-08-05 10:04:03,028][INFO] Adding RY(0.0, wires=[5]) had small change in overlap from 0.0 to 0.0
[2025-08-05 10:04:04,257][INFO] Adding RY(0.0, wires=[3]) had small change in overlap from 0.0 to 0.0
[2025-08-05 10:04:05,802][INFO] Adding CRY(0.0, wires=[6, 4])) had small change in overlap from 0.0 to 0.0
[2025-08-05 10:04:07,722][INFO] Adding CRY(0.0, wires=[6, 3])) had small change in overlap from 0.0 to 0.0
[2025-08-05 10:04:13,617][INFO] Adding CRY(0.0, wires=[5, 4])) had small change in overlap from 0.0 to 0.0
[2025-08-05 10:04:34,100][INFO] Adding RY(0.0, wires=[5]) had small change in overlap from 0.0 to 0.0
[2025-08-05 10:04:56,557][INFO] Adding CRY(0.0, wires=[5, 3])) had small change in overlap from 0.0 to 0.0
[2025-08-05 10:05:20,697][INFO] Adding CRY(0.0, wires=[6, 2])) had small change in overlap from 0.0 to 0.0
[2025-08-05 10:05:45,765][INFO] Adding RY(0.0, wires=[2]) had small change in overlap from 0.0 to 0.0
[2025-08-05 10:06:12,543][INFO] Adding CRY(0.0, wires=[4, 3])) had small change in overlap from 0.0 to 0.0
[2025-08-05 10:06:40,994][INFO] Adding CRY(0.0, wires=[5, 2])) had small change in overlap from 0.0 to 0.0
[2025-08-05 10:07:11,341][INFO] Adding CRY(0.0, wires=[4, 5])) had small change in overlap from 0.0 to 0.0
[2025-08-05 10:07:43,312][INFO] Adding CRY(0.0, wires=[4, 6])) had small change in overlap from 0.0 to 0.0
[2025-08-05 10:08:16,345][INFO] Adding RY(0.0, wires=[4]) had small change in overlap from 0.0 to 0.0
[2025-08-05 10:08:49,958][INFO] Adding RY(0.0, wires=[5]) had small change in overlap from 0.0 to 0.0
[2025-08-05 10:09:25,361][INFO] Adding CRY(0.0, wires=[3, 5])) had small change in overlap from 0.0 to 0.0
[2025-08-05 10:10:01,374][INFO] Adding RY(0.0, wires=[3]) had small change in overlap from 0.0 to 0.0
[2025-08-05 10:10:38,254][INFO] Adding RY(0.0, wires=[1]) had small change in overlap from 0.0 to 0.0
[2025-08-05 10:11:16,569][INFO] Adding CRY(0.0, wires=[3, 4])) had small change in overlap from 0.0 to 0.0
[2025-08-05 10:11:55,738][INFO] Adding RY(0.0, wires=[3]) had small change in overlap from 0.0 to 0.0
[2025-08-05 10:12:36,849][INFO] Adding CRY(0.0, wires=[4, 2])) had small change in overlap from 0.0 to 0.0
[2025-08-05 10:13:18,545][INFO] Adding RY(0.0, wires=[4]) had small change in overlap from 0.0 to 0.0
[2025-08-05 10:14:02,023][INFO] Adding CRY(0.0, wires=[6, 1])) had small change in overlap from 0.0 to 0.0
[2025-08-05 10:14:43,323][INFO] Adding RY(0.0, wires=[6]) had small change in overlap from 0.0 to 0.0
[2025-08-05 10:15:24,478][INFO] Adding RY(0.0, wires=[1]) had small change in overlap from 0.0 to 0.0
[2025-08-05 10:16:07,421][INFO] Adding CRY(0.0, wires=[5, 6])) had small change in overlap from 0.0 to 0.0
[2025-08-05 10:16:46,814][INFO] Adding RY(0.0, wires=[5]) had small change in overlap from 0.0 to 0.0
[2025-08-05 10:16:46,814][INFO] Completed VQE run 29
[2025-08-05 10:16:46,814][INFO] Final ops list: [{'name': 'RY', 'param': -1.0101488180832925, 'wires': [6]}, {'name': 'CRY', 'param': -1.0068737386393876, 'wires': [6, 5]}, {'name': 'RY', 'param': 0.32142772409711323, 'wires': [4]}, {'name': 'RY', 'param': -1.9959525068424493, 'wires': [5]}, {'name': 'RY', 'param': 0.010667727721369896, 'wires': [3]}, {'name': 'CRY', 'param': 1.9338461047396551, 'wires': [6, 4]}, {'name': 'CRY', 'param': 0.04456716021039011, 'wires': [6, 3]}, {'name': 'CRY', 'param': -0.2945158318265571, 'wires': [5, 4]}, {'name': 'RY', 'param': 1.4145796510339868, 'wires': [5]}, {'name': 'CRY', 'param': -0.09013946007828323, 'wires': [5, 3]}, {'name': 'CRY', 'param': -0.004263984807198582, 'wires': [6, 2]}, {'name': 'RY', 'param': -0.0015877025934853272, 'wires': [2]}, {'name': 'CRY', 'param': -0.005430379695199645, 'wires': [4, 3]}, {'name': 'CRY', 'param': 0.0004382518555625227, 'wires': [5, 2]}, {'name': 'CRY', 'param': 7.071322372484772, 'wires': [4, 5]}, {'name': 'CRY', 'param': 2.689710204629041, 'wires': [4, 6]}, {'name': 'RY', 'param': -0.2499710240980665, 'wires': [4]}, {'name': 'RY', 'param': 0.8892846123050314, 'wires': [5]}, {'name': 'CRY', 'param': 4.0365718862622, 'wires': [3, 5]}, {'name': 'RY', 'param': 0.023548808462104213, 'wires': [3]}, {'name': 'RY', 'param': -0.45741926655828746, 'wires': [1]}, {'name': 'CRY', 'param': 1.3427516601112228, 'wires': [3, 4]}, {'name': 'RY', 'param': 0.009039936495126546, 'wires': [3]}, {'name': 'CRY', 'param': 0.003899286952626008, 'wires': [4, 2]}, {'name': 'RY', 'param': 0.9373097029261661, 'wires': [4]}, {'name': 'CRY', 'param': 1.1754736185558779e-05, 'wires': [6, 1]}, {'name': 'RY', 'param': -0.676493113136927, 'wires': [6]}, {'name': 'RY', 'param': 0.4574464570624154, 'wires': [1]}, {'name': 'CRY', 'param': 2.2560689223509294, 'wires': [5, 6]}, {'name': 'RY', 'param': 0.32043070147645314, 'wires': [5]}]
[2025-08-05 10:16:46,814][INFO] Energy: 0.8938420668907737
