[2025-08-05 10:04:02,034][INFO] Starting VQE run 97 (seed=37084971)
[2025-08-05 10:04:02,177][INFO] Adding RY(0.0, wires=[6]) had small change in overlap from 0.0 to 0.0
[2025-08-05 10:04:02,434][INFO] Adding CRY(0.0, wires=[6, 5])) had small change in overlap from 0.0 to 0.0
[2025-08-05 10:04:02,685][INFO] Adding RY(0.0, wires=[4]) had small change in overlap from 0.0 to 0.0
[2025-08-05 10:04:03,147][INFO] Adding RY(0.0, wires=[5]) had small change in overlap from 0.0 to 0.0
[2025-08-05 10:04:04,224][INFO] Adding RY(0.0, wires=[3]) had small change in overlap from 0.0 to 0.0
[2025-08-05 10:04:05,673][INFO] Adding CRY(0.0, wires=[6, 4])) had small change in overlap from 0.0 to 0.0
[2025-08-05 10:04:07,789][INFO] Adding CRY(0.0, wires=[6, 3])) had small change in overlap from 0.0 to 0.0
[2025-08-05 10:04:13,966][INFO] Adding CRY(0.0, wires=[5, 4])) had small change in overlap from 0.0 to 0.0
[2025-08-05 10:04:34,298][INFO] Adding RY(0.0, wires=[5]) had small change in overlap from 0.0 to 0.0
[2025-08-05 10:04:56,586][INFO] Adding CRY(0.0, wires=[5, 3])) had small change in overlap from 0.0 to 0.0
[2025-08-05 10:05:20,476][INFO] Adding CRY(0.0, wires=[6, 2])) had small change in overlap from 0.0 to 0.0
[2025-08-05 10:05:45,347][INFO] Adding RY(0.0, wires=[2]) had small change in overlap from 0.0 to 0.0
[2025-08-05 10:06:11,977][INFO] Adding CRY(0.0, wires=[4, 3])) had small change in overlap from 0.0 to 0.0
[2025-08-05 10:06:40,277][INFO] Adding CRY(0.0, wires=[5, 2])) had small change in overlap from 0.0 to 0.0
[2025-08-05 10:07:10,372][INFO] Adding CRY(0.0, wires=[4, 5])) had small change in overlap from 0.0 to 0.0
[2025-08-05 10:07:42,061][INFO] Adding CRY(0.0, wires=[4, 6])) had small change in overlap from 0.0 to 0.0
[2025-08-05 10:08:14,790][INFO] Adding RY(0.0, wires=[4]) had small change in overlap from 0.0 to 0.0
[2025-08-05 10:08:48,203][INFO] Adding RY(0.0, wires=[5]) had small change in overlap from 0.0 to 0.0
[2025-08-05 10:09:23,447][INFO] Adding CRY(0.0, wires=[3, 5])) had small change in overlap from 0.0 to 0.0
[2025-08-05 10:09:59,307][INFO] Adding RY(0.0, wires=[3]) had small change in overlap from 0.0 to 0.0
[2025-08-05 10:10:36,180][INFO] Adding RY(0.0, wires=[1]) had small change in overlap from 0.0 to 0.0
[2025-08-05 10:11:13,619][INFO] Adding RY(0.0, wires=[5]) had small change in overlap from 0.0 to 0.0
[2025-08-05 10:11:51,857][INFO] Adding RY(0.0, wires=[6]) had small change in overlap from 0.0 to 0.0
[2025-08-05 10:12:31,783][INFO] Adding CRY(0.0, wires=[4, 2])) had small change in overlap from 0.0 to 0.0
[2025-08-05 10:13:12,511][INFO] Adding RY(0.0, wires=[4]) had small change in overlap from 0.0 to 0.0
[2025-08-05 10:13:54,942][INFO] Adding CRY(0.0, wires=[6, 1])) had small change in overlap from 0.0 to 0.0
[2025-08-05 10:14:35,618][INFO] Adding RY(0.0, wires=[1]) had small change in overlap from 0.0 to 0.0
[2025-08-05 10:15:16,629][INFO] Adding CRY(0.0, wires=[5, 6])) had small change in overlap from 0.0 to 0.0
[2025-08-05 10:15:58,253][INFO] Adding RY(0.0, wires=[5]) had small change in overlap from 0.0 to 0.0
[2025-08-05 10:16:38,245][INFO] Adding RY(0.0, wires=[6]) had small change in overlap from 0.0 to 0.0
[2025-08-05 10:16:38,246][INFO] Completed VQE run 29
[2025-08-05 10:16:38,246][INFO] Final ops list: [{'name': 'RY', 'param': -1.2938065039532065, 'wires': [6]}, {'name': 'CRY', 'param': -0.8698564413509532, 'wires': [6, 5]}, {'name': 'RY', 'param': -0.10327691446727943, 'wires': [4]}, {'name': 'RY', 'param': -0.20610545788206242, 'wires': [5]}, {'name': 'RY', 'param': 0.00027988190453771215, 'wires': [3]}, {'name': 'CRY', 'param': 0.7865397663350164, 'wires': [6, 4]}, {'name': 'CRY', 'param': 0.015802605883436394, 'wires': [6, 3]}, {'name': 'CRY', 'param': -1.0961471639922507, 'wires': [5, 4]}, {'name': 'RY', 'param': -0.19581335895576826, 'wires': [5]}, {'name': 'CRY', 'param': -0.05486680480559779, 'wires': [5, 3]}, {'name': 'CRY', 'param': -0.0029823004891625935, 'wires': [6, 2]}, {'name': 'RY', 'param': 0.0011122732165033534, 'wires': [2]}, {'name': 'CRY', 'param': -0.020171076304381013, 'wires': [4, 3]}, {'name': 'CRY', 'param': 0.004323790508842271, 'wires': [5, 2]}, {'name': 'CRY', 'param': 5.228695369014989, 'wires': [4, 5]}, {'name': 'CRY', 'param': 2.4935031540185375, 'wires': [4, 6]}, {'name': 'RY', 'param': -0.21190534843877165, 'wires': [4]}, {'name': 'RY', 'param': 0.10727185536098686, 'wires': [5]}, {'name': 'CRY', 'param': 3.266013411094461, 'wires': [3, 5]}, {'name': 'RY', 'param': 0.020880677908903553, 'wires': [3]}, {'name': 'RY', 'param': -0.7125511034145929, 'wires': [1]}, {'name': 'RY', 'param': 0.9656425466254431, 'wires': [5]}, {'name': 'RY', 'param': -0.6169411394109221, 'wires': [6]}, {'name': 'CRY', 'param': 0.0016530023548250823, 'wires': [4, 2]}, {'name': 'RY', 'param': 0.4571092054403155, 'wires': [4]}, {'name': 'CRY', 'param': 3.181436365764901e-05, 'wires': [6, 1]}, {'name': 'RY', 'param': 0.7125933108226307, 'wires': [1]}, {'name': 'CRY', 'param': 3.4403027220343683, 'wires': [5, 6]}, {'name': 'RY', 'param': 0.6480391193717812, 'wires': [5]}, {'name': 'RY', 'param': 0.7566028049968964, 'wires': [6]}]
[2025-08-05 10:16:38,246][INFO] Energy: 0.8957961306346349
