[2025-08-05 10:04:02,005][INFO] Starting VQE run 72 (seed=4629016)
[2025-08-05 10:04:02,147][INFO] Adding RY(0.0, wires=[6]) had small change in overlap from 0.0 to 0.0
[2025-08-05 10:04:02,330][INFO] Adding CRY(0.0, wires=[6, 5])) had small change in overlap from 0.0 to 0.0
[2025-08-05 10:04:02,583][INFO] Adding RY(0.0, wires=[4]) had small change in overlap from 0.0 to 0.0
[2025-08-05 10:04:03,039][INFO] Adding RY(0.0, wires=[5]) had small change in overlap from 0.0 to 0.0
[2025-08-05 10:04:04,194][INFO] Adding RY(0.0, wires=[3]) had small change in overlap from 0.0 to 0.0
[2025-08-05 10:04:05,367][INFO] Adding CRY(0.0, wires=[6, 4])) had small change in overlap from 0.0 to 0.0
[2025-08-05 10:04:07,002][INFO] Adding CRY(0.0, wires=[6, 3])) had small change in overlap from 0.0 to 0.0
[2025-08-05 10:04:11,436][INFO] Adding CRY(0.0, wires=[5, 4])) had small change in overlap from 0.0 to 0.0
[2025-08-05 10:04:31,751][INFO] Adding RY(0.0, wires=[5]) had small change in overlap from 0.0 to 0.0
[2025-08-05 10:04:54,032][INFO] Adding CRY(0.0, wires=[5, 3])) had small change in overlap from 0.0 to 0.0
[2025-08-05 10:05:17,026][INFO] Adding RY(0.0, wires=[2]) had small change in overlap from 0.0 to 0.0
[2025-08-05 10:05:41,936][INFO] Adding CRY(0.0, wires=[6, 2])) had small change in overlap from 0.0 to 0.0
[2025-08-05 10:06:08,667][INFO] Adding CRY(0.0, wires=[4, 3])) had small change in overlap from 0.0 to 0.0
[2025-08-05 10:06:37,120][INFO] Adding CRY(0.0, wires=[5, 2])) had small change in overlap from 0.0 to 0.0
[2025-08-05 10:07:06,485][INFO] Adding RY(0.0, wires=[5]) had small change in overlap from 0.0 to 0.0
[2025-08-05 10:07:37,482][INFO] Adding CRY(0.0, wires=[4, 2])) had small change in overlap from 0.0 to 0.0
[2025-08-05 10:08:10,413][INFO] Adding CRY(0.0, wires=[3, 5])) had small change in overlap from 0.0 to 0.0
[2025-08-05 10:08:44,015][INFO] Adding RY(0.0, wires=[3]) had small change in overlap from 0.0 to 0.0
[2025-08-05 10:09:19,400][INFO] Adding CRY(0.0, wires=[6, 1])) had small change in overlap from 0.0 to 0.0
[2025-08-05 10:09:55,401][INFO] Adding RY(0.0, wires=[1]) had small change in overlap from 0.0 to 0.0
[2025-08-05 10:10:32,396][INFO] Adding RY(0.0, wires=[4]) had small change in overlap from 0.0 to 0.0
[2025-08-05 10:11:09,964][INFO] Adding RY(0.0, wires=[2]) had small change in overlap from 0.0 to 0.0
[2025-08-05 10:11:48,246][INFO] Adding RY(0.0, wires=[5]) had small change in overlap from 0.0 to 0.0
[2025-08-05 10:12:27,319][INFO] Adding RY(0.0, wires=[6]) had small change in overlap from 0.0 to 0.0
[2025-08-05 10:13:08,216][INFO] Adding CRY(0.0, wires=[4, 5])) had small change in overlap from 0.0 to 0.0
[2025-08-05 10:13:50,917][INFO] Adding CRY(0.0, wires=[4, 6])) had small change in overlap from 0.0 to 0.0
[2025-08-05 10:14:32,201][INFO] Adding RY(0.0, wires=[5]) had small change in overlap from 0.0 to 0.0
[2025-08-05 10:15:13,585][INFO] Adding CRY(0.0, wires=[5, 6])) had small change in overlap from 0.0 to 0.0
[2025-08-05 10:15:55,497][INFO] Adding RY(0.0, wires=[5]) had small change in overlap from 0.0 to 0.0
[2025-08-05 10:16:36,152][INFO] Adding RY(0.0, wires=[4]) had small change in overlap from 0.0 to 0.0
[2025-08-05 10:16:36,152][INFO] Completed VQE run 29
[2025-08-05 10:16:36,152][INFO] Final ops list: [{'name': 'RY', 'param': -1.4413559089372907, 'wires': [6]}, {'name': 'CRY', 'param': -0.5465423718050512, 'wires': [6, 5]}, {'name': 'RY', 'param': -0.1736904640798257, 'wires': [4]}, {'name': 'RY', 'param': 1.3249828174086649, 'wires': [5]}, {'name': 'RY', 'param': -0.10453559401740684, 'wires': [3]}, {'name': 'CRY', 'param': 0.22457572342228876, 'wires': [6, 4]}, {'name': 'CRY', 'param': -0.025427319715710713, 'wires': [6, 3]}, {'name': 'CRY', 'param': 0.2887908720325488, 'wires': [5, 4]}, {'name': 'RY', 'param': -0.8464095774086591, 'wires': [5]}, {'name': 'CRY', 'param': -0.013890344648066552, 'wires': [5, 3]}, {'name': 'RY', 'param': -0.14082470262472488, 'wires': [2]}, {'name': 'CRY', 'param': 0.0006653941197477033, 'wires': [6, 2]}, {'name': 'CRY', 'param': -0.09613082560149337, 'wires': [4, 3]}, {'name': 'CRY', 'param': 0.0013636606377743093, 'wires': [5, 2]}, {'name': 'RY', 'param': -0.3654845305601974, 'wires': [5]}, {'name': 'CRY', 'param': 0.0037306236756530498, 'wires': [4, 2]}, {'name': 'CRY', 'param': 0.16743057989478038, 'wires': [3, 5]}, {'name': 'RY', 'param': 0.11124580612716363, 'wires': [3]}, {'name': 'CRY', 'param': 3.2193785142488386e-05, 'wires': [6, 1]}, {'name': 'RY', 'param': -1.9662912131947993e-06, 'wires': [1]}, {'name': 'RY', 'param': -0.05245163239122029, 'wires': [4]}, {'name': 'RY', 'param': 0.1422743369742797, 'wires': [2]}, {'name': 'RY', 'param': 0.2028021890261761, 'wires': [5]}, {'name': 'RY', 'param': 0.23863724964972602, 'wires': [6]}, {'name': 'CRY', 'param': 1.3453260399222473, 'wires': [4, 5]}, {'name': 'CRY', 'param': -0.2752571962278811, 'wires': [4, 6]}, {'name': 'RY', 'param': 0.11076168128389337, 'wires': [5]}, {'name': 'CRY', 'param': 2.0258210815675395, 'wires': [5, 6]}, {'name': 'RY', 'param': 0.2742922835626733, 'wires': [5]}, {'name': 'RY', 'param': -0.031635558877371905, 'wires': [4]}]
[2025-08-05 10:16:36,152][INFO] Energy: 0.8919583741023003
