[2025-08-05 10:04:01,946][INFO] Starting VQE run 0 (seed=106582349)
[2025-08-05 10:04:02,080][INFO] Adding RY(0.0, wires=[6]) had small change in overlap from 0.0 to 0.0
[2025-08-05 10:04:02,261][INFO] Adding CRY(0.0, wires=[6, 5])) had small change in overlap from 0.0 to 0.0
[2025-08-05 10:04:02,499][INFO] Adding RY(0.0, wires=[4]) had small change in overlap from 0.0 to 0.0
[2025-08-05 10:04:02,896][INFO] Adding RY(0.0, wires=[5]) had small change in overlap from 0.0 to 0.0
[2025-08-05 10:04:04,176][INFO] Adding RY(0.0, wires=[3]) had small change in overlap from 0.0 to 0.0
[2025-08-05 10:04:06,106][INFO] Adding CRY(0.0, wires=[6, 4])) had small change in overlap from 0.0 to 0.0
[2025-08-05 10:04:08,443][INFO] Adding CRY(0.0, wires=[6, 3])) had small change in overlap from 0.0 to 0.0
[2025-08-05 10:04:16,661][INFO] Adding CRY(0.0, wires=[5, 4])) had small change in overlap from 0.0 to 0.0
[2025-08-05 10:04:37,060][INFO] Adding RY(0.0, wires=[5]) had small change in overlap from 0.0 to 0.0
[2025-08-05 10:04:59,377][INFO] Adding CRY(0.0, wires=[5, 3])) had small change in overlap from 0.0 to 0.0
[2025-08-05 10:05:23,383][INFO] Adding CRY(0.0, wires=[6, 2])) had small change in overlap from 0.0 to 0.0
[2025-08-05 10:05:48,410][INFO] Adding RY(0.0, wires=[2]) had small change in overlap from 0.0 to 0.0
[2025-08-05 10:06:14,237][INFO] Adding RY(0.0, wires=[5]) had small change in overlap from 0.0 to 0.0
[2025-08-05 10:06:41,700][INFO] Adding CRY(0.0, wires=[4, 3])) had small change in overlap from 0.0 to 0.0
[2025-08-05 10:07:10,055][INFO] Adding RY(0.0, wires=[4]) had small change in overlap from 0.0 to 0.0
[2025-08-05 10:07:40,006][INFO] Adding CRY(0.0, wires=[4, 5])) had small change in overlap from 0.0 to 0.0
[2025-08-05 10:08:10,821][INFO] Adding RY(0.0, wires=[4]) had small change in overlap from 0.0 to 0.0
[2025-08-05 10:08:43,310][INFO] Adding CRY(0.0, wires=[4, 6])) had small change in overlap from 0.0 to 0.0
[2025-08-05 10:09:16,710][INFO] Adding RY(0.0, wires=[4]) had small change in overlap from 0.0 to 0.0
[2025-08-05 10:09:50,665][INFO] Adding RY(0.0, wires=[5]) had small change in overlap from 0.0 to 0.0
[2025-08-05 10:10:26,483][INFO] Adding CRY(0.0, wires=[5, 2])) had small change in overlap from 0.0 to 0.0
[2025-08-05 10:11:02,920][INFO] Adding RY(0.0, wires=[5]) had small change in overlap from 0.0 to 0.0
[2025-08-05 10:11:40,316][INFO] Adding RY(0.0, wires=[2]) had small change in overlap from 0.0 to 0.0
[2025-08-05 10:12:19,217][INFO] Adding CRY(0.0, wires=[6, 1])) had small change in overlap from 0.0 to 0.0
[2025-08-05 10:12:59,018][INFO] Adding RY(0.0, wires=[6]) had small change in overlap from 0.0 to 0.0
[2025-08-05 10:13:39,380][INFO] Adding RY(0.0, wires=[3]) had small change in overlap from 0.0 to 0.0
[2025-08-05 10:14:20,654][INFO] Adding CRY(0.0, wires=[4, 2])) had small change in overlap from 0.0 to 0.0
[2025-08-05 10:15:00,315][INFO] Adding RY(0.0, wires=[4]) had small change in overlap from 0.0 to 0.0
[2025-08-05 10:15:40,477][INFO] Adding RY(0.0, wires=[1]) had small change in overlap from 0.0 to 0.0
[2025-08-05 10:16:22,060][INFO] Adding CRY(0.0, wires=[5, 1])) had small change in overlap from 0.0 to 0.0
[2025-08-05 10:16:22,060][INFO] Completed VQE run 29
[2025-08-05 10:16:22,060][INFO] Final ops list: [{'name': 'RY', 'param': 6.291122384379676, 'wires': [6]}, {'name': 'CRY', 'param': 7.136320982629676, 'wires': [6, 5]}, {'name': 'RY', 'param': 6.541844056074936, 'wires': [4]}, {'name': 'RY', 'param': 12.652414691465555, 'wires': [5]}, {'name': 'RY', 'param': 8.271562000981628, 'wires': [3]}, {'name': 'CRY', 'param': 6.696468272841489, 'wires': [6, 4]}, {'name': 'CRY', 'param': 6.245702710694886, 'wires': [6, 3]}, {'name': 'CRY', 'param': 7.4689837201150695, 'wires': [5, 4]}, {'name': 'RY', 'param': 5.455169167252689, 'wires': [5]}, {'name': 'CRY', 'param': 6.283603370686805, 'wires': [5, 3]}, {'name': 'CRY', 'param': 6.271245593494813, 'wires': [6, 2]}, {'name': 'RY', 'param': 6.978071588476943, 'wires': [2]}, {'name': 'RY', 'param': 7.5508197685386484, 'wires': [5]}, {'name': 'CRY', 'param': 6.283088632190324, 'wires': [4, 3]}, {'name': 'RY', 'param': 9.633599591692914, 'wires': [4]}, {'name': 'CRY', 'param': 1.6026143432759636, 'wires': [4, 5]}, {'name': 'RY', 'param': 0.04990766023051615, 'wires': [4]}, {'name': 'CRY', 'param': 3.1327371982471144, 'wires': [4, 6]}, {'name': 'RY', 'param': 2.731182321063306, 'wires': [4]}, {'name': 'RY', 'param': 3.2364162125118883, 'wires': [5]}, {'name': 'CRY', 'param': 6.283185836908739, 'wires': [5, 2]}, {'name': 'RY', 'param': 7.00388448682757, 'wires': [5]}, {'name': 'RY', 'param': 5.588292209116125, 'wires': [2]}, {'name': 'CRY', 'param': 6.7824681604457835, 'wires': [6, 1]}, {'name': 'RY', 'param': 8.46206717794, 'wires': [6]}, {'name': 'RY', 'param': 4.294237151569754, 'wires': [3]}, {'name': 'CRY', 'param': 6.283251175680705, 'wires': [4, 2]}, {'name': 'RY', 'param': 5.853994879363232, 'wires': [4]}, {'name': 'RY', 'param': 5.784266227691318, 'wires': [1]}, {'name': 'CRY', 'param': 4.651229721999321, 'wires': [5, 1]}]
[2025-08-05 10:16:22,061][INFO] Energy: 1.087488542288248
