[2025-08-05 10:04:02,011][INFO] Starting VQE run 79 (seed=63099399)
[2025-08-05 10:04:02,153][INFO] Adding RY(0.0, wires=[6]) had small change in overlap from 0.0 to 0.0
[2025-08-05 10:04:02,335][INFO] Adding CRY(0.0, wires=[6, 5])) had small change in overlap from 0.0 to 0.0
[2025-08-05 10:04:02,580][INFO] Adding RY(0.0, wires=[4]) had small change in overlap from 0.0 to 0.0
[2025-08-05 10:04:03,021][INFO] Adding RY(0.0, wires=[5]) had small change in overlap from 0.0 to 0.0
[2025-08-05 10:04:04,139][INFO] Adding RY(0.0, wires=[3]) had small change in overlap from 0.0 to 0.0
[2025-08-05 10:04:06,375][INFO] Adding CRY(0.0, wires=[6, 4])) had small change in overlap from 0.0 to 0.0
[2025-08-05 10:04:08,514][INFO] Adding CRY(0.0, wires=[6, 3])) had small change in overlap from 0.0 to 0.0
[2025-08-05 10:04:14,956][INFO] Adding CRY(0.0, wires=[5, 4])) had small change in overlap from 0.0 to 0.0
[2025-08-05 10:04:35,418][INFO] Adding RY(0.0, wires=[5]) had small change in overlap from 0.0 to 0.0
[2025-08-05 10:04:57,802][INFO] Adding CRY(0.0, wires=[5, 3])) had small change in overlap from 0.0 to 0.0
[2025-08-05 10:05:21,889][INFO] Adding CRY(0.0, wires=[6, 2])) had small change in overlap from 0.0 to 0.0
[2025-08-05 10:05:46,915][INFO] Adding RY(0.0, wires=[2]) had small change in overlap from 0.0 to 0.0
[2025-08-05 10:06:13,744][INFO] Adding CRY(0.0, wires=[4, 5])) had small change in overlap from 0.0 to 0.0
[2025-08-05 10:06:41,163][INFO] Adding RY(0.0, wires=[4]) had small change in overlap from 0.0 to 0.0
[2025-08-05 10:07:10,494][INFO] Adding CRY(0.0, wires=[4, 3])) had small change in overlap from 0.0 to 0.0
[2025-08-05 10:07:41,447][INFO] Adding CRY(0.0, wires=[4, 6])) had small change in overlap from 0.0 to 0.0
[2025-08-05 10:08:13,407][INFO] Adding RY(0.0, wires=[4]) had small change in overlap from 0.0 to 0.0
[2025-08-05 10:08:46,972][INFO] Adding CRY(0.0, wires=[5, 2])) had small change in overlap from 0.0 to 0.0
[2025-08-05 10:09:21,477][INFO] Adding RY(0.0, wires=[3]) had small change in overlap from 0.0 to 0.0
[2025-08-05 10:09:56,597][INFO] Adding RY(0.0, wires=[5]) had small change in overlap from 0.0 to 0.0
[2025-08-05 10:10:33,646][INFO] Adding CRY(0.0, wires=[4, 2])) had small change in overlap from 0.0 to 0.0
[2025-08-05 10:11:12,114][INFO] Adding CRY(0.0, wires=[5, 6])) had small change in overlap from 0.0 to 0.0
[2025-08-05 10:11:51,527][INFO] Adding RY(0.0, wires=[2]) had small change in overlap from 0.0 to 0.0
[2025-08-05 10:12:31,668][INFO] Adding RY(0.0, wires=[5]) had small change in overlap from 0.0 to 0.0
[2025-08-05 10:13:13,706][INFO] Adding CRY(0.0, wires=[3, 4])) had small change in overlap from 0.0 to 0.0
[2025-08-05 10:13:56,391][INFO] Adding RY(0.0, wires=[3]) had small change in overlap from 0.0 to 0.0
[2025-08-05 10:14:38,219][INFO] Adding CRY(0.0, wires=[3, 5])) had small change in overlap from 0.0 to 0.0
[2025-08-05 10:15:19,543][INFO] Adding RY(0.0, wires=[3]) had small change in overlap from 0.0 to 0.0
[2025-08-05 10:16:01,598][INFO] Adding RY(0.0, wires=[1]) had small change in overlap from 0.0 to 0.0
[2025-08-05 10:16:41,206][INFO] Adding RY(0.0, wires=[4]) had small change in overlap from 0.0 to 0.0
[2025-08-05 10:16:41,206][INFO] Completed VQE run 29
[2025-08-05 10:16:41,206][INFO] Final ops list: [{'name': 'RY', 'param': 5.226063351108858, 'wires': [6]}, {'name': 'CRY', 'param': 8.150837111676818, 'wires': [6, 5]}, {'name': 'RY', 'param': 6.604325764710443, 'wires': [4]}, {'name': 'RY', 'param': 8.617499250560469, 'wires': [5]}, {'name': 'RY', 'param': 6.422576209944236, 'wires': [3]}, {'name': 'CRY', 'param': 6.197710396010787, 'wires': [6, 4]}, {'name': 'CRY', 'param': 6.189676012304958, 'wires': [6, 3]}, {'name': 'CRY', 'param': 6.264507536618903, 'wires': [5, 4]}, {'name': 'RY', 'param': 8.464992304847375, 'wires': [5]}, {'name': 'CRY', 'param': 6.381864409046828, 'wires': [5, 3]}, {'name': 'CRY', 'param': 6.283683599680352, 'wires': [6, 2]}, {'name': 'RY', 'param': 8.815321034761032, 'wires': [2]}, {'name': 'CRY', 'param': 6.732581350885461, 'wires': [4, 5]}, {'name': 'RY', 'param': 6.161042998547075, 'wires': [4]}, {'name': 'CRY', 'param': 6.386897172498395, 'wires': [4, 3]}, {'name': 'CRY', 'param': 5.79657790740914, 'wires': [4, 6]}, {'name': 'RY', 'param': 6.047425157653673, 'wires': [4]}, {'name': 'CRY', 'param': 6.281781980549042, 'wires': [5, 2]}, {'name': 'RY', 'param': 4.6049334172613605, 'wires': [3]}, {'name': 'RY', 'param': 7.411180998727178, 'wires': [5]}, {'name': 'CRY', 'param': 6.283889499248528, 'wires': [4, 2]}, {'name': 'CRY', 'param': 3.529603401539769, 'wires': [5, 6]}, {'name': 'RY', 'param': 3.7487757641585198, 'wires': [2]}, {'name': 'RY', 'param': 7.3413777054691725, 'wires': [5]}, {'name': 'CRY', 'param': 6.313027952738751, 'wires': [3, 4]}, {'name': 'RY', 'param': 4.7023146071185336, 'wires': [3]}, {'name': 'CRY', 'param': 5.892277439807954, 'wires': [3, 5]}, {'name': 'RY', 'param': 6.259933569680483, 'wires': [3]}, {'name': 'RY', 'param': 6.283237472003224, 'wires': [1]}, {'name': 'RY', 'param': 5.483085612207137, 'wires': [4]}]
[2025-08-05 10:16:41,206][INFO] Energy: 0.8976331589513561
