[2025-08-05 10:04:01,954][INFO] Starting VQE run 15 (seed=2599118)
[2025-08-05 10:04:02,086][INFO] Adding RY(0.0, wires=[6]) had small change in overlap from 0.0 to 0.0
[2025-08-05 10:04:02,264][INFO] Adding CRY(0.0, wires=[6, 5])) had small change in overlap from 0.0 to 0.0
[2025-08-05 10:04:02,500][INFO] Adding RY(0.0, wires=[4]) had small change in overlap from 0.0 to 0.0
[2025-08-05 10:04:02,943][INFO] Adding RY(0.0, wires=[5]) had small change in overlap from 0.0 to 0.0
[2025-08-05 10:04:03,951][INFO] Adding RY(0.0, wires=[3]) had small change in overlap from 0.0 to 0.0
[2025-08-05 10:04:05,198][INFO] Adding CRY(0.0, wires=[6, 4])) had small change in overlap from 0.0 to 0.0
[2025-08-05 10:04:07,168][INFO] Adding CRY(0.0, wires=[6, 3])) had small change in overlap from 0.0 to 0.0
[2025-08-05 10:04:12,658][INFO] Adding CRY(0.0, wires=[5, 4])) had small change in overlap from 0.0 to 0.0
[2025-08-05 10:04:33,066][INFO] Adding RY(0.0, wires=[5]) had small change in overlap from 0.0 to 0.0
[2025-08-05 10:04:55,545][INFO] Adding CRY(0.0, wires=[5, 3])) had small change in overlap from 0.0 to 0.0
[2025-08-05 10:05:19,710][INFO] Adding CRY(0.0, wires=[6, 2])) had small change in overlap from 0.0 to 0.0
[2025-08-05 10:05:44,810][INFO] Adding RY(0.0, wires=[2]) had small change in overlap from 0.0 to 0.0
[2025-08-05 10:06:11,725][INFO] Adding CRY(0.0, wires=[4, 3])) had small change in overlap from 0.0 to 0.0
[2025-08-05 10:06:40,217][INFO] Adding CRY(0.0, wires=[5, 2])) had small change in overlap from 0.0 to 0.0
[2025-08-05 10:07:10,664][INFO] Adding CRY(0.0, wires=[4, 5])) had small change in overlap from 0.0 to 0.0
[2025-08-05 10:07:42,674][INFO] Adding CRY(0.0, wires=[5, 6])) had small change in overlap from 0.0 to 0.0
[2025-08-05 10:08:15,695][INFO] Adding RY(0.0, wires=[5]) had small change in overlap from 0.0 to 0.0
[2025-08-05 10:08:50,424][INFO] Adding CRY(0.0, wires=[4, 6])) had small change in overlap from 0.0 to 0.0
[2025-08-05 10:09:26,017][INFO] Adding RY(0.0, wires=[6]) had small change in overlap from 0.0 to 0.0
[2025-08-05 10:10:02,326][INFO] Adding RY(0.0, wires=[2]) had small change in overlap from 0.0 to 0.0
[2025-08-05 10:10:39,536][INFO] Adding RY(0.0, wires=[4]) had small change in overlap from 0.0 to 0.0
[2025-08-05 10:11:17,258][INFO] Adding RY(0.0, wires=[3]) had small change in overlap from 0.0 to 0.0
[2025-08-05 10:11:56,875][INFO] Adding CRY(0.0, wires=[3, 5])) had small change in overlap from 0.0 to 0.0
[2025-08-05 10:12:37,332][INFO] Adding RY(0.0, wires=[3]) had small change in overlap from 0.0 to 0.0
[2025-08-05 10:13:18,442][INFO] Adding RY(0.0, wires=[5]) had small change in overlap from 0.0 to 0.0
[2025-08-05 10:14:01,217][INFO] Adding CRY(0.0, wires=[6, 1])) had small change in overlap from 0.0 to 0.0
[2025-08-05 10:14:42,885][INFO] Adding CRY(0.0, wires=[4, 2])) had small change in overlap from 0.0 to 0.0
[2025-08-05 10:15:24,212][INFO] Adding RY(0.0, wires=[2]) had small change in overlap from 0.0 to 0.0
[2025-08-05 10:16:06,218][INFO] Adding RY(0.0, wires=[6]) had small change in overlap from 0.0 to 0.0
[2025-08-05 10:16:43,852][INFO] Adding CRY(0.0, wires=[3, 6])) had small change in overlap from 0.0 to 0.0
[2025-08-05 10:16:43,852][INFO] Completed VQE run 29
[2025-08-05 10:16:43,852][INFO] Final ops list: [{'name': 'RY', 'param': 0.029015430207617897, 'wires': [6]}, {'name': 'CRY', 'param': 0.5710829300853344, 'wires': [6, 5]}, {'name': 'RY', 'param': -0.2544176884732323, 'wires': [4]}, {'name': 'RY', 'param': 0.9397518950811818, 'wires': [5]}, {'name': 'RY', 'param': 0.09639905473460754, 'wires': [3]}, {'name': 'CRY', 'param': 2.9868327452569834, 'wires': [6, 4]}, {'name': 'CRY', 'param': -0.11939853883294677, 'wires': [6, 3]}, {'name': 'CRY', 'param': 0.1560740921654465, 'wires': [5, 4]}, {'name': 'RY', 'param': 1.6503127013706753, 'wires': [5]}, {'name': 'CRY', 'param': -0.015146114989087734, 'wires': [5, 3]}, {'name': 'CRY', 'param': 0.064177727883143, 'wires': [6, 2]}, {'name': 'RY', 'param': -0.7144157972906061, 'wires': [2]}, {'name': 'CRY', 'param': -0.015362337442523698, 'wires': [4, 3]}, {'name': 'CRY', 'param': -7.690940495806908e-05, 'wires': [5, 2]}, {'name': 'CRY', 'param': 0.928450918702199, 'wires': [4, 5]}, {'name': 'CRY', 'param': 5.047244858088932, 'wires': [5, 6]}, {'name': 'RY', 'param': 1.649699289136172, 'wires': [5]}, {'name': 'CRY', 'param': 0.8510801943233565, 'wires': [4, 6]}, {'name': 'RY', 'param': -0.5526357086929402, 'wires': [6]}, {'name': 'RY', 'param': 0.3091616021626711, 'wires': [2]}, {'name': 'RY', 'param': 0.06419352188981599, 'wires': [4]}, {'name': 'RY', 'param': -0.13023748189087198, 'wires': [3]}, {'name': 'CRY', 'param': 0.5084539023372195, 'wires': [3, 5]}, {'name': 'RY', 'param': 0.05428056508338215, 'wires': [3]}, {'name': 'RY', 'param': 1.16389411122592, 'wires': [5]}, {'name': 'CRY', 'param': -1.0910258241392545e-05, 'wires': [6, 1]}, {'name': 'CRY', 'param': 0.004671133094653248, 'wires': [4, 2]}, {'name': 'RY', 'param': 0.40506157935270465, 'wires': [2]}, {'name': 'RY', 'param': 0.45956411715148476, 'wires': [6]}, {'name': 'CRY', 'param': 0.5104926559171563, 'wires': [3, 6]}]
[2025-08-05 10:16:43,852][INFO] Energy: 0.8931836691075709
