[2025-08-05 10:04:02,002][INFO] Starting VQE run 71 (seed=102096209)
[2025-08-05 10:04:02,145][INFO] Adding RY(0.0, wires=[6]) had small change in overlap from 0.0 to 0.0
[2025-08-05 10:04:02,588][INFO] Adding CRY(0.0, wires=[6, 5])) had small change in overlap from 0.0 to 0.0
[2025-08-05 10:04:02,841][INFO] Adding RY(0.0, wires=[4]) had small change in overlap from 0.0 to 0.0
[2025-08-05 10:04:03,367][INFO] Adding RY(0.0, wires=[5]) had small change in overlap from 0.0 to 0.0
[2025-08-05 10:04:04,529][INFO] Adding RY(0.0, wires=[3]) had small change in overlap from 0.0 to 0.0
[2025-08-05 10:04:06,391][INFO] Adding CRY(0.0, wires=[6, 4])) had small change in overlap from 0.0 to 0.0
[2025-08-05 10:04:11,565][INFO] Adding CRY(0.0, wires=[6, 3])) had small change in overlap from 0.0 to 0.0
[2025-08-05 10:04:19,193][INFO] Adding CRY(0.0, wires=[5, 4])) had small change in overlap from 0.0 to 0.0
[2025-08-05 10:04:39,612][INFO] Adding RY(0.0, wires=[5]) had small change in overlap from 0.0 to 0.0
[2025-08-05 10:05:01,943][INFO] Adding CRY(0.0, wires=[5, 3])) had small change in overlap from 0.0 to 0.0
[2025-08-05 10:05:25,920][INFO] Adding CRY(0.0, wires=[6, 2])) had small change in overlap from 0.0 to 0.0
[2025-08-05 10:05:50,796][INFO] Adding RY(0.0, wires=[2]) had small change in overlap from 0.0 to 0.0
[2025-08-05 10:06:17,393][INFO] Adding CRY(0.0, wires=[4, 3])) had small change in overlap from 0.0 to 0.0
[2025-08-05 10:06:44,779][INFO] Adding RY(0.0, wires=[4]) had small change in overlap from 0.0 to 0.0
[2025-08-05 10:07:14,165][INFO] Adding CRY(0.0, wires=[4, 6])) had small change in overlap from 0.0 to 0.0
[2025-08-05 10:07:44,167][INFO] Adding RY(0.0, wires=[4]) had small change in overlap from 0.0 to 0.0
[2025-08-05 10:08:16,017][INFO] Adding CRY(0.0, wires=[5, 2])) had small change in overlap from 0.0 to 0.0
[2025-08-05 10:08:48,580][INFO] Adding RY(0.0, wires=[5]) had small change in overlap from 0.0 to 0.0
[2025-08-05 10:09:23,042][INFO] Adding CRY(0.0, wires=[5, 6])) had small change in overlap from 0.0 to 0.0
[2025-08-05 10:09:58,152][INFO] Adding RY(0.0, wires=[5]) had small change in overlap from 0.0 to 0.0
[2025-08-05 10:10:34,276][INFO] Adding RY(0.0, wires=[1]) had small change in overlap from 0.0 to 0.0
[2025-08-05 10:11:11,835][INFO] Adding CRY(0.0, wires=[6, 1])) had small change in overlap from 0.0 to 0.0
[2025-08-05 10:11:50,346][INFO] Adding RY(0.0, wires=[6]) had small change in overlap from 0.0 to 0.0
[2025-08-05 10:12:29,386][INFO] Adding RY(0.0, wires=[2]) had small change in overlap from 0.0 to 0.0
[2025-08-05 10:13:10,202][INFO] Adding CRY(0.0, wires=[5, 1])) had small change in overlap from 0.0 to 0.0
[2025-08-05 10:13:51,891][INFO] Adding RY(0.0, wires=[5]) had small change in overlap from 0.0 to 0.0
[2025-08-05 10:14:32,144][INFO] Adding RY(0.0, wires=[1]) had small change in overlap from 0.0 to 0.0
[2025-08-05 10:15:11,659][INFO] Adding RY(0.0, wires=[3]) had small change in overlap from 0.0 to 0.0
[2025-08-05 10:15:52,605][INFO] Adding CRY(0.0, wires=[4, 5])) had small change in overlap from 0.0 to 0.0
[2025-08-05 10:16:32,818][INFO] Adding RY(0.0, wires=[4]) had small change in overlap from 0.0 to 0.0
[2025-08-05 10:16:32,818][INFO] Completed VQE run 29
[2025-08-05 10:16:32,818][INFO] Final ops list: [{'name': 'RY', 'param': 6.283126615983357, 'wires': [6]}, {'name': 'CRY', 'param': 2.8512774602648934, 'wires': [6, 5]}, {'name': 'RY', 'param': 0.30045029530138095, 'wires': [4]}, {'name': 'RY', 'param': 0.0032790771774750377, 'wires': [5]}, {'name': 'RY', 'param': -0.8850276105938578, 'wires': [3]}, {'name': 'CRY', 'param': 5.866140917265613, 'wires': [6, 4]}, {'name': 'CRY', 'param': 6.454951482879004, 'wires': [6, 3]}, {'name': 'CRY', 'param': 3.6212227615859427, 'wires': [5, 4]}, {'name': 'RY', 'param': 0.8202363663527371, 'wires': [5]}, {'name': 'CRY', 'param': 6.280711816334028, 'wires': [5, 3]}, {'name': 'CRY', 'param': 0.30293937402218346, 'wires': [6, 2]}, {'name': 'RY', 'param': -1.2034643167787675, 'wires': [2]}, {'name': 'CRY', 'param': -0.03426179702968528, 'wires': [4, 3]}, {'name': 'RY', 'param': -1.5633141883236865, 'wires': [4]}, {'name': 'CRY', 'param': 0.0007994650546791874, 'wires': [4, 6]}, {'name': 'RY', 'param': 0.3340159040693732, 'wires': [4]}, {'name': 'CRY', 'param': 6.283098190905203, 'wires': [5, 2]}, {'name': 'RY', 'param': 2.155140727053446, 'wires': [5]}, {'name': 'CRY', 'param': 6.282513085941909, 'wires': [5, 6]}, {'name': 'RY', 'param': -0.16726659453033468, 'wires': [5]}, {'name': 'RY', 'param': -0.30325336474408876, 'wires': [1]}, {'name': 'CRY', 'param': 3.346371460805395, 'wires': [6, 1]}, {'name': 'RY', 'param': 5.317842624241549, 'wires': [6]}, {'name': 'RY', 'param': 1.2056935273758003, 'wires': [2]}, {'name': 'CRY', 'param': 4.50728573761809, 'wires': [5, 1]}, {'name': 'RY', 'param': -3.2566735677284444, 'wires': [5]}, {'name': 'RY', 'param': 2.079744284846409, 'wires': [1]}, {'name': 'RY', 'param': 0.9383538878684224, 'wires': [3]}, {'name': 'CRY', 'param': 0.3532770391938231, 'wires': [4, 5]}, {'name': 'RY', 'param': 1.0198991021818349, 'wires': [4]}]
[2025-08-05 10:16:32,818][INFO] Energy: 1.184171850281859
