[2025-08-05 10:04:01,987][INFO] Starting VQE run 55 (seed=54528606)
[2025-08-05 10:04:02,128][INFO] Adding RY(0.0, wires=[6]) had small change in overlap from 0.0 to 0.0
[2025-08-05 10:04:02,303][INFO] Adding CRY(0.0, wires=[6, 5])) had small change in overlap from 0.0 to 0.0
[2025-08-05 10:04:02,538][INFO] Adding RY(0.0, wires=[4]) had small change in overlap from 0.0 to 0.0
[2025-08-05 10:04:02,998][INFO] Adding RY(0.0, wires=[5]) had small change in overlap from 0.0 to 0.0
[2025-08-05 10:04:03,989][INFO] Adding RY(0.0, wires=[3]) had small change in overlap from 0.0 to 0.0
[2025-08-05 10:04:05,578][INFO] Adding CRY(0.0, wires=[6, 4])) had small change in overlap from 0.0 to 0.0
[2025-08-05 10:04:07,667][INFO] Adding CRY(0.0, wires=[6, 3])) had small change in overlap from 0.0 to 0.0
[2025-08-05 10:04:13,561][INFO] Adding CRY(0.0, wires=[5, 4])) had small change in overlap from 0.0 to 0.0
[2025-08-05 10:04:33,921][INFO] Adding RY(0.0, wires=[5]) had small change in overlap from 0.0 to 0.0
[2025-08-05 10:04:56,213][INFO] Adding CRY(0.0, wires=[5, 3])) had small change in overlap from 0.0 to 0.0
[2025-08-05 10:05:20,167][INFO] Adding CRY(0.0, wires=[6, 2])) had small change in overlap from 0.0 to 0.0
[2025-08-05 10:05:45,118][INFO] Adding RY(0.0, wires=[2]) had small change in overlap from 0.0 to 0.0
[2025-08-05 10:06:11,866][INFO] Adding CRY(0.0, wires=[4, 5])) had small change in overlap from 0.0 to 0.0
[2025-08-05 10:06:40,286][INFO] Adding CRY(0.0, wires=[4, 3])) had small change in overlap from 0.0 to 0.0
[2025-08-05 10:07:10,719][INFO] Adding CRY(0.0, wires=[5, 2])) had small change in overlap from 0.0 to 0.0
[2025-08-05 10:07:41,763][INFO] Adding RY(0.0, wires=[4]) had small change in overlap from 0.0 to 0.0
[2025-08-05 10:08:13,748][INFO] Adding RY(0.0, wires=[5]) had small change in overlap from 0.0 to 0.0
[2025-08-05 10:08:47,363][INFO] Adding CRY(0.0, wires=[4, 2])) had small change in overlap from 0.0 to 0.0
[2025-08-05 10:09:22,919][INFO] Adding CRY(0.0, wires=[5, 6])) had small change in overlap from 0.0 to 0.0
[2025-08-05 10:09:59,082][INFO] Adding RY(0.0, wires=[5]) had small change in overlap from 0.0 to 0.0
[2025-08-05 10:10:36,271][INFO] Adding RY(0.0, wires=[6]) had small change in overlap from 0.0 to 0.0
[2025-08-05 10:11:13,855][INFO] Adding RY(0.0, wires=[2]) had small change in overlap from 0.0 to 0.0
[2025-08-05 10:11:52,264][INFO] Adding RY(0.0, wires=[1]) had small change in overlap from 0.0 to 0.0
[2025-08-05 10:12:32,461][INFO] Adding CRY(0.0, wires=[6, 1])) had small change in overlap from 0.0 to 0.0
[2025-08-05 10:13:14,391][INFO] Adding CRY(0.0, wires=[4, 6])) had small change in overlap from 0.0 to 0.0
[2025-08-05 10:13:57,176][INFO] Adding RY(0.0, wires=[4]) had small change in overlap from 0.0 to 0.0
[2025-08-05 10:14:38,015][INFO] Adding RY(0.0, wires=[1]) had small change in overlap from 0.0 to 0.0
[2025-08-05 10:15:18,371][INFO] Adding RY(0.0, wires=[6]) had small change in overlap from 0.0 to 0.0
[2025-08-05 10:16:00,410][INFO] Adding CRY(0.0, wires=[5, 1])) had small change in overlap from 0.0 to 0.0
[2025-08-05 10:16:40,158][INFO] Adding RY(0.0, wires=[1]) had small change in overlap from 0.0 to 0.0
[2025-08-05 10:16:40,158][INFO] Completed VQE run 29
[2025-08-05 10:16:40,158][INFO] Final ops list: [{'name': 'RY', 'param': 6.282001650987034, 'wires': [6]}, {'name': 'CRY', 'param': 6.949608955053194, 'wires': [6, 5]}, {'name': 'RY', 'param': 9.19243142232158, 'wires': [4]}, {'name': 'RY', 'param': 6.151445472443394, 'wires': [5]}, {'name': 'RY', 'param': 6.96250578848586, 'wires': [3]}, {'name': 'CRY', 'param': 15.181616392992078, 'wires': [6, 4]}, {'name': 'CRY', 'param': 11.418736076141608, 'wires': [6, 3]}, {'name': 'CRY', 'param': 8.122534139631016, 'wires': [5, 4]}, {'name': 'RY', 'param': 9.422635485934883, 'wires': [5]}, {'name': 'CRY', 'param': 5.786427784452061, 'wires': [5, 3]}, {'name': 'CRY', 'param': 7.232192020605328, 'wires': [6, 2]}, {'name': 'RY', 'param': 7.280522619734716, 'wires': [2]}, {'name': 'CRY', 'param': 6.985069470038507, 'wires': [4, 5]}, {'name': 'CRY', 'param': 6.0985121685214025, 'wires': [4, 3]}, {'name': 'CRY', 'param': 6.3002906913200345, 'wires': [5, 2]}, {'name': 'RY', 'param': 4.918339276915452, 'wires': [4]}, {'name': 'RY', 'param': 5.295176305320367, 'wires': [5]}, {'name': 'CRY', 'param': 6.280558020918605, 'wires': [4, 2]}, {'name': 'CRY', 'param': 5.828044368816942, 'wires': [5, 6]}, {'name': 'RY', 'param': 7.720571076402425, 'wires': [5]}, {'name': 'RY', 'param': 7.3310164877570765, 'wires': [6]}, {'name': 'RY', 'param': 5.260617803591071, 'wires': [2]}, {'name': 'RY', 'param': 8.239086878792703, 'wires': [1]}, {'name': 'CRY', 'param': 6.283222282244966, 'wires': [6, 1]}, {'name': 'CRY', 'param': 6.217102812018192, 'wires': [4, 6]}, {'name': 'RY', 'param': 4.641621750883122, 'wires': [4]}, {'name': 'RY', 'param': 5.305626316486323, 'wires': [1]}, {'name': 'RY', 'param': 5.971648875665263, 'wires': [6]}, {'name': 'CRY', 'param': 6.283268946881246, 'wires': [5, 1]}, {'name': 'RY', 'param': 5.305280090666432, 'wires': [1]}]
[2025-08-05 10:16:40,158][INFO] Energy: 0.9167514581831449
