[2025-08-04 17:13:44,846][INFO] Starting VQE run 19 (seed=47950259)
[2025-08-04 17:13:44,960][INFO] Adding RY(0.0, wires=[3]) increased overlap from 0.0 to 0.9486059964874753
[2025-08-04 17:13:45,115][INFO] Adding RY(0.0, wires=[2]) had small change in overlap from 0.9486059964874753 to 0.9477443527337995
[2025-08-04 17:13:46,342][INFO] Adding RY(0.0, wires=[4]) increased overlap from 0.9477443527337995 to 0.9950868909057465
[2025-08-04 17:13:52,282][INFO] Adding CRY(0.0, wires=[4, 3])) increased overlap from 0.9950868909057465 to 0.9986713244366245
[2025-08-04 17:13:59,759][INFO] Adding CRY(0.0, wires=[4, 2])) increased overlap from 0.9986713244366245 to 0.9993454164253958
[2025-08-04 17:14:14,006][INFO] Adding RY(0.0, wires=[1]) increased overlap from 0.9993454164253958 to 0.9994422487138568
[2025-08-04 17:14:28,497][INFO] Adding CRY(0.0, wires=[3, 2])) increased overlap from 0.9994422487138568 to 0.9995266686927069
[2025-08-04 17:14:43,805][INFO] Adding CRY(0.0, wires=[4, 1])) increased overlap from 0.9995266686927069 to 0.9995781734735113
[2025-08-04 17:15:00,535][INFO] Adding CRY(0.0, wires=[3, 1])) increased overlap from 0.9995781734735113 to 0.999582161150336
[2025-08-04 17:15:18,663][INFO] Adding CRY(0.0, wires=[2, 1])) increased overlap from 0.999582161150336 to 0.9995923461409917
[2025-08-04 17:15:38,151][INFO] Adding CRY(0.0, wires=[0, 3])) had small change in overlap from 0.9995923461409917 to 0.9995356339136903
[2025-08-04 17:15:58,222][INFO] Adding RY(0.0, wires=[3]) had small change in overlap from 0.9995356339136903 to 0.9995043254002478
[2025-08-04 17:16:19,634][INFO] Adding CRY(0.0, wires=[2, 3])) increased overlap from 0.9995043254002478 to 0.9996890037483706
[2025-08-04 17:16:42,342][INFO] Adding CRY(0.0, wires=[0, 2])) had small change in overlap from 0.9996890037483706 to 0.9995990941881021
[2025-08-04 17:17:06,301][INFO] Adding CRY(0.0, wires=[0, 1])) had small change in overlap from 0.9995990941881021 to 0.9995652481866152
[2025-08-04 17:17:30,855][INFO] Adding RY(0.0, wires=[1]) had small change in overlap from 0.9995652481866152 to 0.999470363554754
[2025-08-04 17:17:55,966][INFO] Adding RY(0.0, wires=[3]) had small change in overlap from 0.999470363554754 to 0.9992461826249408
[2025-08-04 17:18:22,599][INFO] Adding CRY(0.0, wires=[0, 4])) increased overlap from 0.9992461826249408 to 0.9993736094387229
[2025-08-04 17:18:50,505][INFO] Adding CRY(0.0, wires=[1, 3])) increased overlap from 0.9993736094387229 to 0.9994196625338224
[2025-08-04 17:19:18,964][INFO] Adding RY(0.0, wires=[1]) had small change in overlap from 0.9994196625338224 to 0.9990355887155726
[2025-08-04 17:19:47,885][INFO] Adding RY(0.0, wires=[2]) increased overlap from 0.9990355887155726 to 0.9994851153939359
[2025-08-04 17:20:17,412][INFO] Adding RY(0.0, wires=[4]) increased overlap from 0.9994851153939359 to 0.9995300902257322
[2025-08-04 17:20:48,271][INFO] Adding CRY(0.0, wires=[1, 2])) had small change in overlap from 0.9995300902257322 to 0.9995221943585075
[2025-08-04 17:21:20,494][INFO] Adding CRY(0.0, wires=[3, 4])) had small change in overlap from 0.9995221943585075 to 0.9994961285981783
[2025-08-04 17:21:53,171][INFO] Adding RY(0.0, wires=[1]) had small change in overlap from 0.9994961285981783 to 0.9991185186882613
[2025-08-04 17:22:26,465][INFO] Adding RY(0.0, wires=[4]) increased overlap from 0.9991185186882613 to 0.9991527546058565
[2025-08-04 17:23:00,372][INFO] Adding RY(0.0, wires=[3]) increased overlap from 0.9991527546058565 to 0.9992584415573563
[2025-08-04 17:23:34,832][INFO] Adding RY(0.0, wires=[2]) had small change in overlap from 0.9992584415573563 to 0.9991221934399778
[2025-08-04 17:24:10,876][INFO] Adding CRY(0.0, wires=[1, 4])) had small change in overlap from 0.9991221934399778 to 0.9991192965883012
[2025-08-04 17:24:47,356][INFO] Adding RY(0.0, wires=[1]) had small change in overlap from 0.9991192965883012 to 0.9972935765428632
[2025-08-04 17:24:47,357][INFO] Completed VQE run 29
[2025-08-04 17:24:47,357][INFO] Final ops list: [{'name': 'RY', 'param': 0.03777942714147384, 'wires': [3]}, {'name': 'RY', 'param': 0.002798969683719359, 'wires': [2]}, {'name': 'RY', 'param': -0.9678547751525154, 'wires': [4]}, {'name': 'CRY', 'param': -0.027287853940563756, 'wires': [4, 3]}, {'name': 'CRY', 'param': -0.04443817962666683, 'wires': [4, 2]}, {'name': 'RY', 'param': -0.11509923394560613, 'wires': [1]}, {'name': 'CRY', 'param': -0.5494610580311724, 'wires': [3, 2]}, {'name': 'CRY', 'param': 0.04396865900394171, 'wires': [4, 1]}, {'name': 'CRY', 'param': 1.506177562189129, 'wires': [3, 1]}, {'name': 'CRY', 'param': 0.00859079025067297, 'wires': [2, 1]}, {'name': 'CRY', 'param': -0.08588306142248919, 'wires': [0, 3]}, {'name': 'RY', 'param': 0.027833226225111484, 'wires': [3]}, {'name': 'CRY', 'param': 0.992458023171209, 'wires': [2, 3]}, {'name': 'CRY', 'param': -0.06712118547206779, 'wires': [0, 2]}, {'name': 'CRY', 'param': -0.005928968890994438, 'wires': [0, 1]}, {'name': 'RY', 'param': 0.10783589731079363, 'wires': [1]}, {'name': 'RY', 'param': 0.07560138175440917, 'wires': [3]}, {'name': 'CRY', 'param': 0.27634334852557757, 'wires': [0, 4]}, {'name': 'CRY', 'param': 2.292328707152909, 'wires': [1, 3]}, {'name': 'RY', 'param': 0.02837164866386588, 'wires': [1]}, {'name': 'RY', 'param': -0.06558261900373259, 'wires': [2]}, {'name': 'RY', 'param': 0.13370513258273495, 'wires': [4]}, {'name': 'CRY', 'param': 0.7132404689148724, 'wires': [1, 2]}, {'name': 'CRY', 'param': 1.7235759929535048, 'wires': [3, 4]}, {'name': 'RY', 'param': -0.05224312938634517, 'wires': [1]}, {'name': 'RY', 'param': 0.06889413557100388, 'wires': [4]}, {'name': 'RY', 'param': 0.07522174908987585, 'wires': [3]}, {'name': 'RY', 'param': 0.09665809399487742, 'wires': [2]}, {'name': 'CRY', 'param': -0.1770485566748523, 'wires': [1, 4]}, {'name': 'RY', 'param': 0.058530155143176596, 'wires': [1]}]
[2025-08-04 17:24:47,357][INFO] Energy: 0.01667539190451241
[2025-08-05 09:53:48,411][INFO] Starting VQE run 19 (seed=35997834)
[2025-08-05 09:53:48,507][INFO] Adding RY(0.0, wires=[3]) increased overlap from 0.0 to 0.9486059971228006
[2025-08-05 09:53:48,636][INFO] Adding RY(0.0, wires=[2]) had small change in overlap from 0.9486059971228006 to 0.9477443510523474
[2025-08-05 09:53:49,763][INFO] Adding RY(0.0, wires=[4]) increased overlap from 0.9477443510523474 to 0.995086897292922
[2025-08-05 09:53:55,448][INFO] Adding CRY(0.0, wires=[4, 3])) increased overlap from 0.995086897292922 to 0.9986713187141102
[2025-08-05 09:54:03,020][INFO] Adding CRY(0.0, wires=[4, 2])) increased overlap from 0.9986713187141102 to 0.999345446870822
[2025-08-05 09:54:15,533][INFO] Adding RY(0.0, wires=[1]) increased overlap from 0.999345446870822 to 0.9995373367658051
[2025-08-05 09:54:29,556][INFO] Adding CRY(0.0, wires=[4, 1])) had small change in overlap from 0.9995373367658051 to 0.9995032445804073
[2025-08-05 09:54:44,914][INFO] Adding CRY(0.0, wires=[3, 2])) had small change in overlap from 0.9995032445804073 to 0.998883427727826
[2025-08-05 09:55:01,662][INFO] Adding CRY(0.0, wires=[0, 4])) increased overlap from 0.998883427727826 to 0.998990014512187
[2025-08-05 09:55:19,797][INFO] Adding CRY(0.0, wires=[2, 4])) increased overlap from 0.998990014512187 to 0.9994063930981851
[2025-08-05 09:55:39,250][INFO] Adding CRY(0.0, wires=[0, 2])) increased overlap from 0.9994063930981851 to 0.9998248941594683
[2025-08-05 09:56:00,089][INFO] Adding CRY(0.0, wires=[0, 3])) had small change in overlap from 0.9998248941594683 to 0.9981508766297728
[2025-08-05 09:56:21,520][INFO] Adding RY(0.0, wires=[2]) had small change in overlap from 0.9981508766297728 to 0.9959980632864687
[2025-08-05 09:56:44,409][INFO] Adding CRY(0.0, wires=[3, 1])) had small change in overlap from 0.9959980632864687 to 0.9953948031397858
[2025-08-05 09:57:08,625][INFO] Adding CRY(0.0, wires=[3, 4])) had small change in overlap from 0.9953948031397858 to 0.9924035838312133
[2025-08-05 09:57:33,281][INFO] Adding RY(0.0, wires=[3]) increased overlap from 0.9924035838312133 to 0.9987908403707149
[2025-08-05 09:57:59,216][INFO] Adding CRY(0.0, wires=[0, 1])) had small change in overlap from 0.9987908403707149 to 0.9979897449167229
[2025-08-05 09:58:25,694][INFO] Adding RY(0.0, wires=[4]) increased overlap from 0.9979897449167229 to 0.9990155724555956
[2025-08-05 09:58:53,575][INFO] Adding CRY(0.0, wires=[2, 1])) had small change in overlap from 0.9990155724555956 to 0.9956267270259804
[2025-08-05 09:59:22,280][INFO] Adding RY(0.0, wires=[2]) had small change in overlap from 0.9956267270259804 to 0.9951184878615511
[2025-08-05 09:59:51,528][INFO] Adding RY(0.0, wires=[1]) had small change in overlap from 0.9951184878615511 to 0.9904661729596973
[2025-08-05 10:00:22,049][INFO] Adding CRY(0.0, wires=[2, 3])) increased overlap from 0.9904661729596973 to 0.994616875923158
[2025-08-05 10:00:53,254][INFO] Adding RY(0.0, wires=[2]) had small change in overlap from 0.994616875923158 to 0.9927109861868174
[2025-08-05 10:01:24,967][INFO] Adding RY(0.0, wires=[3]) increased overlap from 0.9927109861868174 to 0.9947312147757004
[2025-08-05 10:01:58,039][INFO] Adding CRY(0.0, wires=[1, 4])) increased overlap from 0.9947312147757004 to 0.9952659141851243
[2025-08-05 10:02:31,460][INFO] Adding RY(0.0, wires=[1]) had small change in overlap from 0.9952659141851243 to 0.9929004733538314
[2025-08-05 10:03:05,359][INFO] Adding RY(0.0, wires=[4]) increased overlap from 0.9929004733538314 to 0.9948389478147008
[2025-08-05 10:03:40,605][INFO] Adding CRY(0.0, wires=[1, 3])) increased overlap from 0.9948389478147008 to 0.9951874871872608
[2025-08-05 10:04:16,718][INFO] Adding RY(0.0, wires=[1]) increased overlap from 0.9951874871872608 to 0.9971430504560614
[2025-08-05 10:04:53,387][INFO] Adding RY(0.0, wires=[3]) had small change in overlap from 0.9971430504560614 to 0.9955436698853436
[2025-08-05 10:04:53,387][INFO] Completed VQE run 29
[2025-08-05 10:04:53,387][INFO] Final ops list: [{'name': 'RY', 'param': 6.306028139870703, 'wires': [3]}, {'name': 'RY', 'param': 6.282193367235136, 'wires': [2]}, {'name': 'RY', 'param': 6.276110575262044, 'wires': [4]}, {'name': 'CRY', 'param': 15.240268003264703, 'wires': [4, 3]}, {'name': 'CRY', 'param': 9.774637077207528, 'wires': [4, 2]}, {'name': 'RY', 'param': 8.616334259941395, 'wires': [1]}, {'name': 'CRY', 'param': 13.56723196703935, 'wires': [4, 1]}, {'name': 'CRY', 'param': 12.766302155179341, 'wires': [3, 2]}, {'name': 'CRY', 'param': 8.073133933990071, 'wires': [0, 4]}, {'name': 'CRY', 'param': 9.756729161841886, 'wires': [2, 4]}, {'name': 'CRY', 'param': 7.252598903115946, 'wires': [0, 2]}, {'name': 'CRY', 'param': 6.252344870668588, 'wires': [0, 3]}, {'name': 'RY', 'param': 5.298590471328867, 'wires': [2]}, {'name': 'CRY', 'param': 11.638740735832524, 'wires': [3, 1]}, {'name': 'CRY', 'param': 7.787393908394247, 'wires': [3, 4]}, {'name': 'RY', 'param': 8.140164809582789, 'wires': [3]}, {'name': 'CRY', 'param': 5.672372652566378, 'wires': [0, 1]}, {'name': 'RY', 'param': 5.044452248801568, 'wires': [4]}, {'name': 'CRY', 'param': 6.702559195525998, 'wires': [2, 1]}, {'name': 'RY', 'param': 6.2736493317230995, 'wires': [2]}, {'name': 'RY', 'param': 5.027456768897895, 'wires': [1]}, {'name': 'CRY', 'param': 9.495352266287997, 'wires': [2, 3]}, {'name': 'RY', 'param': 6.274662885713127, 'wires': [2]}, {'name': 'RY', 'param': 5.439686020298919, 'wires': [3]}, {'name': 'CRY', 'param': 6.271320982352752, 'wires': [1, 4]}, {'name': 'RY', 'param': 6.242272109582989, 'wires': [1]}, {'name': 'RY', 'param': 5.262853044985055, 'wires': [4]}, {'name': 'CRY', 'param': 6.314496601111799, 'wires': [1, 3]}, {'name': 'RY', 'param': 5.776786601024792, 'wires': [1]}, {'name': 'RY', 'param': 5.373215754461843, 'wires': [3]}]
[2025-08-05 10:04:53,387][INFO] Energy: 0.03479796085789974
