[2025-08-04 17:13:44,864][INFO] Starting VQE run 68 (seed=83902291)
[2025-08-04 17:13:44,988][INFO] Adding RY(0.0, wires=[3]) increased overlap from 0.0 to 0.9486059971687663
[2025-08-04 17:13:45,163][INFO] Adding RY(0.0, wires=[2]) had small change in overlap from 0.9486059971687663 to 0.947744351118277
[2025-08-04 17:13:46,505][INFO] Adding RY(0.0, wires=[4]) increased overlap from 0.947744351118277 to 0.9950868522756989
[2025-08-04 17:13:59,447][INFO] Adding CRY(0.0, wires=[4, 3])) increased overlap from 0.9950868522756989 to 0.9986714786217495
[2025-08-04 17:14:13,080][INFO] Adding CRY(0.0, wires=[4, 2])) decreased overlap from 0.9986714786217495 to 0.9525635914942202.. skipping this gate
[2025-08-04 17:14:13,080][INFO] gradient converged
[2025-08-04 17:14:13,080][INFO] Completed VQE run 4
[2025-08-04 17:14:13,080][INFO] Final ops list: [{'name': 'RY', 'param': 6.343186664684951, 'wires': [3]}, {'name': 'RY', 'param': 6.262094430134732, 'wires': [2]}, {'name': 'RY', 'param': 6.7207805533901155, 'wires': [4]}, {'name': 'CRY', 'param': 6.111794764012574, 'wires': [4, 3]}]
[2025-08-04 17:14:13,080][INFO] Energy: 0.018945439456958934
[2025-08-05 09:53:48,543][INFO] Starting VQE run 68 (seed=74890062)
[2025-08-05 09:53:48,665][INFO] Adding RY(0.0, wires=[3]) increased overlap from 0.0 to 0.9486059975517549
[2025-08-05 09:53:48,848][INFO] Adding RY(0.0, wires=[2]) had small change in overlap from 0.9486059975517549 to 0.9477443495552146
[2025-08-05 09:53:50,218][INFO] Adding RY(0.0, wires=[4]) increased overlap from 0.9477443495552146 to 0.9950868842028062
[2025-08-05 09:54:00,491][INFO] Adding CRY(0.0, wires=[4, 3])) increased overlap from 0.9950868842028062 to 0.9986713713074915
[2025-08-05 09:54:08,339][INFO] Adding CRY(0.0, wires=[4, 2])) increased overlap from 0.9986713713074915 to 0.9993454460367539
[2025-08-05 09:54:24,388][INFO] Adding RY(0.0, wires=[1]) increased overlap from 0.9993454460367539 to 0.9994805645167613
[2025-08-05 09:54:44,839][INFO] Adding CRY(0.0, wires=[3, 2])) had small change in overlap from 0.9994805645167613 to 0.9993670177027605
[2025-08-05 09:55:04,271][INFO] Adding CRY(0.0, wires=[4, 1])) decreased overlap from 0.9993670177027605 to 0.9889018252836111.. skipping this gate
[2025-08-05 09:55:04,271][INFO] gradient converged
[2025-08-05 09:55:04,271][INFO] Completed VQE run 7
[2025-08-05 09:55:04,271][INFO] Final ops list: [{'name': 'RY', 'param': 6.226362503381037, 'wires': [3]}, {'name': 'RY', 'param': 6.2445802008225355, 'wires': [2]}, {'name': 'RY', 'param': 5.841466579683093, 'wires': [4]}, {'name': 'CRY', 'param': 6.50636295049178, 'wires': [4, 3]}, {'name': 'CRY', 'param': 6.238068757788052, 'wires': [4, 2]}, {'name': 'RY', 'param': 6.285630850194169, 'wires': [1]}, {'name': 'CRY', 'param': 6.215304204945791, 'wires': [3, 2]}]
[2025-08-05 09:55:04,271][INFO] Energy: 0.007697480772630917
