[2025-08-04 17:13:44,894][INFO] Starting VQE run 90 (seed=37055862)
[2025-08-04 17:13:44,990][INFO] Adding RY(0.0, wires=[3]) increased overlap from 0.0 to 0.9486059963441016
[2025-08-04 17:13:45,120][INFO] Adding RY(0.0, wires=[2]) had small change in overlap from 0.9486059963441016 to 0.9477443519975306
[2025-08-04 17:13:46,003][INFO] Adding RY(0.0, wires=[4]) increased overlap from 0.9477443519975306 to 0.9950868938335105
[2025-08-04 17:13:51,050][INFO] Adding CRY(0.0, wires=[4, 3])) increased overlap from 0.9950868938335105 to 0.9986713682438297
[2025-08-04 17:13:59,210][INFO] Adding CRY(0.0, wires=[4, 2])) increased overlap from 0.9986713682438297 to 0.9993454451776436
[2025-08-04 17:14:11,535][INFO] Adding RY(0.0, wires=[1]) increased overlap from 0.9993454451776436 to 0.9995447144212009
[2025-08-04 17:14:25,229][INFO] Adding CRY(0.0, wires=[4, 1])) had small change in overlap from 0.9995447144212009 to 0.9994095499339275
[2025-08-04 17:14:40,355][INFO] Adding CRY(0.0, wires=[3, 2])) increased overlap from 0.9994095499339275 to 0.9996539494772088
[2025-08-04 17:14:56,884][INFO] Adding CRY(0.0, wires=[3, 1])) had small change in overlap from 0.9996539494772088 to 0.9977504942395581
[2025-08-04 17:15:14,733][INFO] Adding CRY(0.0, wires=[0, 1])) had small change in overlap from 0.9977504942395581 to 0.9947537684055048
[2025-08-04 17:15:33,851][INFO] Adding CRY(0.0, wires=[0, 3])) increased overlap from 0.9947537684055048 to 0.998121060826277
[2025-08-04 17:15:53,639][INFO] Adding RY(0.0, wires=[3]) increased overlap from 0.998121060826277 to 0.9994087848837279
[2025-08-04 17:16:14,020][INFO] Adding RY(0.0, wires=[1]) had small change in overlap from 0.9994087848837279 to 0.9948310397574671
[2025-08-04 17:16:35,748][INFO] Adding CRY(0.0, wires=[0, 4])) increased overlap from 0.9948310397574671 to 0.9956298402233016
[2025-08-04 17:16:58,838][INFO] Adding CRY(0.0, wires=[3, 4])) had small change in overlap from 0.9956298402233016 to 0.9945073239259742
[2025-08-04 17:17:22,514][INFO] Adding RY(0.0, wires=[3]) increased overlap from 0.9945073239259742 to 0.998271178775633
[2025-08-04 17:17:46,815][INFO] Adding RY(0.0, wires=[4]) increased overlap from 0.998271178775633 to 0.9991773739209207
[2025-08-04 17:18:12,440][INFO] Adding CRY(0.0, wires=[2, 1])) had small change in overlap from 0.9991773739209207 to 0.9966447707117718
[2025-08-04 17:18:39,450][INFO] Adding CRY(0.0, wires=[0, 2])) increased overlap from 0.9966447707117718 to 0.9971283843294414
[2025-08-04 17:19:06,980][INFO] Adding RY(0.0, wires=[1]) increased overlap from 0.9971283843294414 to 0.9982909675259297
[2025-08-04 17:19:35,064][INFO] Adding RY(0.0, wires=[2]) increased overlap from 0.9982909675259297 to 0.9991253907706913
[2025-08-04 17:20:04,494][INFO] Adding CRY(0.0, wires=[2, 4])) increased overlap from 0.9991253907706913 to 0.9994057958769363
[2025-08-04 17:20:34,538][INFO] Adding RY(0.0, wires=[2]) had small change in overlap from 0.9994057958769363 to 0.9984589479839024
[2025-08-04 17:21:05,137][INFO] Adding RY(0.0, wires=[4]) had small change in overlap from 0.9984589479839024 to 0.9966103643597892
[2025-08-04 17:21:37,059][INFO] Adding CRY(0.0, wires=[2, 3])) increased overlap from 0.9966103643597892 to 0.9988831331611709
[2025-08-04 17:22:09,510][INFO] Adding RY(0.0, wires=[3]) had small change in overlap from 0.9988831331611709 to 0.9980850458944565
[2025-08-04 17:22:42,442][INFO] Adding RY(0.0, wires=[2]) increased overlap from 0.9980850458944565 to 0.9983995071928814
[2025-08-04 17:23:16,861][INFO] Adding CRY(0.0, wires=[1, 4])) increased overlap from 0.9983995071928814 to 0.9986285606620944
[2025-08-04 17:23:51,785][INFO] Adding RY(0.0, wires=[1]) had small change in overlap from 0.9986285606620944 to 0.9977522017564595
[2025-08-04 17:24:27,376][INFO] Adding RY(0.0, wires=[4]) had small change in overlap from 0.9977522017564595 to 0.99770373846671
[2025-08-04 17:24:27,376][INFO] Completed VQE run 29
[2025-08-04 17:24:27,376][INFO] Final ops list: [{'name': 'RY', 'param': 6.284701524065241, 'wires': [3]}, {'name': 'RY', 'param': 6.282401172340055, 'wires': [2]}, {'name': 'RY', 'param': 6.284335218984726, 'wires': [4]}, {'name': 'CRY', 'param': 14.372097176662015, 'wires': [4, 3]}, {'name': 'CRY', 'param': 10.333388128331771, 'wires': [4, 2]}, {'name': 'RY', 'param': 7.203921625694273, 'wires': [1]}, {'name': 'CRY', 'param': 13.154393689845696, 'wires': [4, 1]}, {'name': 'CRY', 'param': 14.781126991331508, 'wires': [3, 2]}, {'name': 'CRY', 'param': 12.26982732459564, 'wires': [3, 1]}, {'name': 'CRY', 'param': 6.201016207267555, 'wires': [0, 1]}, {'name': 'CRY', 'param': 7.262451919747071, 'wires': [0, 3]}, {'name': 'RY', 'param': 5.260492575829773, 'wires': [3]}, {'name': 'RY', 'param': 5.826603898189317, 'wires': [1]}, {'name': 'CRY', 'param': 6.350714007753643, 'wires': [0, 4]}, {'name': 'CRY', 'param': 10.961941102848073, 'wires': [3, 4]}, {'name': 'RY', 'param': 6.743556648017803, 'wires': [3]}, {'name': 'RY', 'param': 6.227117989315769, 'wires': [4]}, {'name': 'CRY', 'param': 11.396581850035492, 'wires': [2, 1]}, {'name': 'CRY', 'param': 6.694812131960123, 'wires': [0, 2]}, {'name': 'RY', 'param': 5.89861420514115, 'wires': [1]}, {'name': 'RY', 'param': 5.871693522549741, 'wires': [2]}, {'name': 'CRY', 'param': 5.998445996792846, 'wires': [2, 4]}, {'name': 'RY', 'param': 6.280812673508506, 'wires': [2]}, {'name': 'RY', 'param': 6.149453041085361, 'wires': [4]}, {'name': 'CRY', 'param': 9.732045979133964, 'wires': [2, 3]}, {'name': 'RY', 'param': 5.929099340073372, 'wires': [3]}, {'name': 'RY', 'param': 6.265352845308454, 'wires': [2]}, {'name': 'CRY', 'param': 6.5915189631693325, 'wires': [1, 4]}, {'name': 'RY', 'param': 6.280531457358677, 'wires': [1]}, {'name': 'RY', 'param': 5.940317546237684, 'wires': [4]}]
[2025-08-04 17:24:27,376][INFO] Energy: 0.019044428181898068
[2025-08-05 09:53:48,714][INFO] Starting VQE run 90 (seed=29363721)
[2025-08-05 09:53:48,883][INFO] Adding RY(0.0, wires=[3]) increased overlap from 0.0 to 0.9486059965620752
[2025-08-05 09:53:49,026][INFO] Adding RY(0.0, wires=[2]) had small change in overlap from 0.9486059965620752 to 0.9477443524743729
[2025-08-05 09:53:50,170][INFO] Adding RY(0.0, wires=[4]) increased overlap from 0.9477443524743729 to 0.9950868875977619
[2025-08-05 09:53:53,490][INFO] Adding CRY(0.0, wires=[4, 3])) increased overlap from 0.9950868875977619 to 0.9986713708009833
[2025-08-05 09:53:59,815][INFO] Adding CRY(0.0, wires=[4, 2])) increased overlap from 0.9986713708009833 to 0.9993454487363391
[2025-08-05 09:54:12,402][INFO] Adding RY(0.0, wires=[1]) increased overlap from 0.9993454487363391 to 0.9994039244652013
[2025-08-05 09:54:26,447][INFO] Adding CRY(0.0, wires=[3, 2])) increased overlap from 0.9994039244652013 to 0.9995352944276514
[2025-08-05 09:54:41,817][INFO] Adding CRY(0.0, wires=[4, 1])) increased overlap from 0.9995352944276514 to 0.9996765405949204
[2025-08-05 09:54:58,501][INFO] Adding CRY(0.0, wires=[3, 1])) had small change in overlap from 0.9996765405949204 to 0.9991887106995923
[2025-08-05 09:55:16,586][INFO] Adding CRY(0.0, wires=[0, 1])) had small change in overlap from 0.9991887106995923 to 0.9959347755114502
[2025-08-05 09:55:36,021][INFO] Adding CRY(0.0, wires=[0, 3])) increased overlap from 0.9959347755114502 to 0.9982411242788403
[2025-08-05 09:55:56,154][INFO] Adding RY(0.0, wires=[3]) increased overlap from 0.9982411242788403 to 0.9995119196097604
[2025-08-05 09:56:17,475][INFO] Adding CRY(0.0, wires=[2, 3])) had small change in overlap from 0.9995119196097604 to 0.999164105847026
[2025-08-05 09:56:40,280][INFO] Adding CRY(0.0, wires=[0, 2])) decreased overlap from 0.999164105847026 to 0.9557027836985597.. skipping this gate
[2025-08-05 09:56:40,280][INFO] gradient converged
[2025-08-05 09:56:40,280][INFO] Completed VQE run 13
[2025-08-05 09:56:40,280][INFO] Final ops list: [{'name': 'RY', 'param': 6.385693334371374, 'wires': [3]}, {'name': 'RY', 'param': 6.316266281157118, 'wires': [2]}, {'name': 'RY', 'param': 6.723305036428648, 'wires': [4]}, {'name': 'CRY', 'param': 6.076841015326917, 'wires': [4, 3]}, {'name': 'CRY', 'param': 6.31723956391156, 'wires': [4, 2]}, {'name': 'RY', 'param': 6.491329869814925, 'wires': [1]}, {'name': 'CRY', 'param': 6.35370343194457, 'wires': [3, 2]}, {'name': 'CRY', 'param': 6.287024575509221, 'wires': [4, 1]}, {'name': 'CRY', 'param': 6.286470612201132, 'wires': [3, 1]}, {'name': 'CRY', 'param': 6.078347831083077, 'wires': [0, 1]}, {'name': 'CRY', 'param': 6.462356292199126, 'wires': [0, 3]}, {'name': 'RY', 'param': 6.059908411906229, 'wires': [3]}, {'name': 'CRY', 'param': 6.051585642190921, 'wires': [2, 3]}]
[2025-08-05 09:56:40,280][INFO] Energy: 0.00901191405038952
