[2025-08-04 17:13:44,869][INFO] Starting VQE run 51 (seed=13480032)
[2025-08-04 17:13:44,986][INFO] Adding RY(0.0, wires=[3]) increased overlap from 0.0 to 0.9486059974254286
[2025-08-04 17:13:45,165][INFO] Adding RY(0.0, wires=[2]) had small change in overlap from 0.9486059974254286 to 0.947744350098274
[2025-08-04 17:13:46,438][INFO] Adding RY(0.0, wires=[4]) increased overlap from 0.947744350098274 to 0.995086905578945
[2025-08-04 17:13:52,577][INFO] Adding CRY(0.0, wires=[4, 3])) increased overlap from 0.995086905578945 to 0.9986713173630133
[2025-08-04 17:14:00,816][INFO] Adding CRY(0.0, wires=[4, 2])) increased overlap from 0.9986713173630133 to 0.9993454178075785
[2025-08-04 17:14:14,977][INFO] Adding RY(0.0, wires=[1]) increased overlap from 0.9993454178075785 to 0.9995592461784405
[2025-08-04 17:14:29,457][INFO] Adding CRY(0.0, wires=[4, 1])) had small change in overlap from 0.9995592461784405 to 0.9994901139599691
[2025-08-04 17:14:44,711][INFO] Adding CRY(0.0, wires=[3, 2])) increased overlap from 0.9994901139599691 to 0.9994924744464008
[2025-08-04 17:15:01,340][INFO] Adding CRY(0.0, wires=[2, 3])) increased overlap from 0.9994924744464008 to 0.9998367974169471
[2025-08-04 17:15:19,430][INFO] Adding CRY(0.0, wires=[0, 2])) had small change in overlap from 0.9998367974169471 to 0.9982500155346463
[2025-08-04 17:15:38,654][INFO] Adding CRY(0.0, wires=[0, 1])) decreased overlap from 0.9982500155346463 to 0.9754550072850235.. skipping this gate
[2025-08-04 17:15:38,654][INFO] gradient converged
[2025-08-04 17:15:38,654][INFO] Completed VQE run 10
[2025-08-04 17:15:38,654][INFO] Final ops list: [{'name': 'RY', 'param': 0.08421939929619889, 'wires': [3]}, {'name': 'RY', 'param': 0.00245341331356967, 'wires': [2]}, {'name': 'RY', 'param': -0.46034149907765665, 'wires': [4]}, {'name': 'CRY', 'param': -0.14115110648779494, 'wires': [4, 3]}, {'name': 'CRY', 'param': -0.04442892905794844, 'wires': [4, 2]}, {'name': 'RY', 'param': -0.0011892449881395679, 'wires': [1]}, {'name': 'CRY', 'param': -0.00014237546545671885, 'wires': [4, 1]}, {'name': 'CRY', 'param': -0.2454886709076567, 'wires': [3, 2]}, {'name': 'CRY', 'param': 1.1708560063296503, 'wires': [2, 3]}, {'name': 'CRY', 'param': -0.03357468289086912, 'wires': [0, 2]}]
[2025-08-04 17:15:38,654][INFO] Energy: 0.011432386904122287
[2025-08-05 09:53:48,546][INFO] Starting VQE run 51 (seed=3447735)
[2025-08-05 09:53:48,671][INFO] Adding RY(0.0, wires=[3]) increased overlap from 0.0 to 0.9486059974846206
[2025-08-05 09:53:48,868][INFO] Adding RY(0.0, wires=[2]) had small change in overlap from 0.9486059974846206 to 0.9477443511341844
[2025-08-05 09:53:50,495][INFO] Adding RY(0.0, wires=[4]) increased overlap from 0.9477443511341844 to 0.9950868873242201
[2025-08-05 09:54:03,563][INFO] Adding CRY(0.0, wires=[4, 3])) increased overlap from 0.9950868873242201 to 0.9986711431905826
[2025-08-05 09:54:15,465][INFO] Adding CRY(0.0, wires=[4, 2])) decreased overlap from 0.9986711431905826 to 0.9756159887232183.. skipping this gate
[2025-08-05 09:54:15,466][INFO] gradient converged
[2025-08-05 09:54:15,466][INFO] Completed VQE run 4
[2025-08-05 09:54:15,466][INFO] Final ops list: [{'name': 'RY', 'param': 0.060011374707537785, 'wires': [3]}, {'name': 'RY', 'param': -0.02108731627317085, 'wires': [2]}, {'name': 'RY', 'param': -0.4376032142867323, 'wires': [4]}, {'name': 'CRY', 'param': -0.17136367244646988, 'wires': [4, 3]}]
[2025-08-05 09:54:15,466][INFO] Energy: 0.01894543954790375
