[2025-08-04 17:13:44,871][INFO] Starting VQE run 53 (seed=65337988)
[2025-08-04 17:13:44,993][INFO] Adding RY(0.0, wires=[3]) increased overlap from 0.0 to 0.9486059975680609
[2025-08-04 17:13:45,155][INFO] Adding RY(0.0, wires=[2]) had small change in overlap from 0.9486059975680609 to 0.9477443517931267
[2025-08-04 17:13:46,591][INFO] Adding RY(0.0, wires=[4]) increased overlap from 0.9477443517931267 to 0.9950868844581163
[2025-08-04 17:13:59,535][INFO] Adding CRY(0.0, wires=[4, 3])) had small change in overlap from 0.9950868844581163 to 0.9917378382007055
[2025-08-04 17:14:12,132][INFO] Adding RY(0.0, wires=[1]) increased overlap from 0.9917378382007055 to 0.9986132876527488
[2025-08-04 17:14:25,151][INFO] Adding CRY(0.0, wires=[4, 2])) decreased overlap from 0.9986132876527488 to 0.9526003427493497.. skipping this gate
[2025-08-04 17:14:25,151][INFO] gradient converged
[2025-08-04 17:14:25,151][INFO] Completed VQE run 5
[2025-08-04 17:14:25,151][INFO] Final ops list: [{'name': 'RY', 'param': 0.06174979497552959, 'wires': [3]}, {'name': 'RY', 'param': -0.020520297079728092, 'wires': [2]}, {'name': 'RY', 'param': -0.43906429048483553, 'wires': [4]}, {'name': 'CRY', 'param': -0.1669567042864103, 'wires': [4, 3]}, {'name': 'RY', 'param': 0.00020256513220141194, 'wires': [1]}]
[2025-08-04 17:14:25,151][INFO] Energy: 0.018916450717975947
[2025-08-05 09:53:48,546][INFO] Starting VQE run 53 (seed=55425699)
[2025-08-05 09:53:48,673][INFO] Adding RY(0.0, wires=[3]) increased overlap from 0.0 to 0.94860599741667
[2025-08-05 09:53:48,849][INFO] Adding RY(0.0, wires=[2]) had small change in overlap from 0.94860599741667 to 0.9477443530504364
[2025-08-05 09:53:50,261][INFO] Adding RY(0.0, wires=[4]) increased overlap from 0.9477443530504364 to 0.9950868565494583
[2025-08-05 09:54:03,828][INFO] Adding CRY(0.0, wires=[4, 3])) decreased overlap from 0.9950868565494583 to 0.9790904670746514.. skipping this gate
[2025-08-05 09:54:03,828][INFO] gradient converged
[2025-08-05 09:54:03,829][INFO] Completed VQE run 3
[2025-08-05 09:54:03,829][INFO] Final ops list: [{'name': 'RY', 'param': 6.393742908057925, 'wires': [3]}, {'name': 'RY', 'param': 6.288281253601903, 'wires': [2]}, {'name': 'RY', 'param': 5.821223484745184, 'wires': [4]}]
[2025-08-05 09:54:03,829][INFO] Energy: 0.03834036122599907
