[2025-08-04 17:13:44,868][INFO] Starting VQE run 50 (seed=111007843)
[2025-08-04 17:13:44,986][INFO] Adding RY(0.0, wires=[3]) increased overlap from 0.0 to 0.9486059963172369
[2025-08-04 17:13:45,148][INFO] Adding RY(0.0, wires=[2]) had small change in overlap from 0.9486059963172369 to 0.9477443515812515
[2025-08-04 17:13:46,466][INFO] Adding RY(0.0, wires=[4]) increased overlap from 0.9477443515812515 to 0.9950868921828199
[2025-08-04 17:13:52,348][INFO] Adding CRY(0.0, wires=[4, 3])) increased overlap from 0.9950868921828199 to 0.9986713086990403
[2025-08-04 17:13:59,832][INFO] Adding CRY(0.0, wires=[4, 2])) increased overlap from 0.9986713086990403 to 0.9993454130497591
[2025-08-04 17:14:14,029][INFO] Adding RY(0.0, wires=[1]) increased overlap from 0.9993454130497591 to 0.9995596503990812
[2025-08-04 17:14:28,473][INFO] Adding CRY(0.0, wires=[4, 1])) had small change in overlap from 0.9995596503990812 to 0.999499039476337
[2025-08-04 17:14:43,721][INFO] Adding CRY(0.0, wires=[3, 2])) had small change in overlap from 0.999499039476337 to 0.9989151372051321
[2025-08-04 17:15:00,347][INFO] Adding CRY(0.0, wires=[0, 3])) had small change in overlap from 0.9989151372051321 to 0.9905634483811687
[2025-08-04 17:15:18,361][INFO] Adding CRY(0.0, wires=[0, 4])) increased overlap from 0.9905634483811687 to 0.9996310392119461
[2025-08-04 17:15:37,738][INFO] Adding CRY(0.0, wires=[2, 3])) had small change in overlap from 0.9996310392119461 to 0.9972526651829757
[2025-08-04 17:15:57,719][INFO] Adding RY(0.0, wires=[4]) increased overlap from 0.9972526651829757 to 0.9992258563337393
[2025-08-04 17:16:19,029][INFO] Adding CRY(0.0, wires=[0, 1])) increased overlap from 0.9992258563337393 to 0.9996804978596586
[2025-08-04 17:16:41,713][INFO] Adding CRY(0.0, wires=[2, 1])) had small change in overlap from 0.9996804978596586 to 0.997767653400526
[2025-08-04 17:17:04,947][INFO] Adding RY(0.0, wires=[1]) increased overlap from 0.997767653400526 to 0.998931584712962
[2025-08-04 17:17:29,577][INFO] Adding CRY(0.0, wires=[3, 1])) had small change in overlap from 0.998931584712962 to 0.9963843136466923
[2025-08-04 17:17:55,465][INFO] Adding CRY(0.0, wires=[0, 2])) increased overlap from 0.9963843136466923 to 0.996950606844313
[2025-08-04 17:18:22,029][INFO] Adding RY(0.0, wires=[3]) increased overlap from 0.996950606844313 to 0.9984669217112612
[2025-08-04 17:18:49,909][INFO] Adding CRY(0.0, wires=[2, 4])) had small change in overlap from 0.9984669217112612 to 0.9965436015730145
[2025-08-04 17:19:18,332][INFO] Adding RY(0.0, wires=[2]) had small change in overlap from 0.9965436015730145 to 0.9927649017655312
[2025-08-04 17:19:47,343][INFO] Adding RY(0.0, wires=[4]) increased overlap from 0.9927649017655312 to 0.998363367168174
[2025-08-04 17:20:17,773][INFO] Adding CRY(0.0, wires=[3, 4])) had small change in overlap from 0.998363367168174 to 0.9969122624446789
[2025-08-04 17:20:48,709][INFO] Adding RY(0.0, wires=[3]) increased overlap from 0.9969122624446789 to 0.9993313398849345
[2025-08-04 17:21:20,187][INFO] Adding RY(0.0, wires=[1]) increased overlap from 0.9993313398849345 to 0.9995222094809686
[2025-08-04 17:21:52,341][INFO] Adding RY(0.0, wires=[4]) increased overlap from 0.9995222094809686 to 0.999684478729141
[2025-08-04 17:22:25,746][INFO] Adding CRY(0.0, wires=[1, 4])) increased overlap from 0.999684478729141 to 0.9997561536416194
[2025-08-04 17:22:59,792][INFO] Adding RY(0.0, wires=[1]) decreased overlap from 0.9997561536416194 to 0.9849345845289948.. skipping this gate
[2025-08-04 17:22:59,793][INFO] gradient converged
[2025-08-04 17:22:59,793][INFO] Completed VQE run 26
[2025-08-04 17:22:59,793][INFO] Final ops list: [{'name': 'RY', 'param': 9.706138872639237, 'wires': [3]}, {'name': 'RY', 'param': 6.299621963701531, 'wires': [2]}, {'name': 'RY', 'param': 9.754754183327986, 'wires': [4]}, {'name': 'CRY', 'param': 6.359105377663292, 'wires': [4, 3]}, {'name': 'CRY', 'param': 6.22179850267396, 'wires': [4, 2]}, {'name': 'RY', 'param': 9.236774153969158, 'wires': [1]}, {'name': 'CRY', 'param': 6.281855167001117, 'wires': [4, 1]}, {'name': 'CRY', 'param': 6.335058709445503, 'wires': [3, 2]}, {'name': 'CRY', 'param': 8.480076791375213, 'wires': [0, 3]}, {'name': 'CRY', 'param': 11.706640583734309, 'wires': [0, 4]}, {'name': 'CRY', 'param': 12.584781371113133, 'wires': [2, 3]}, {'name': 'RY', 'param': 5.8413976266788445, 'wires': [4]}, {'name': 'CRY', 'param': 5.3330207875313205, 'wires': [0, 1]}, {'name': 'CRY', 'param': 12.471718192770604, 'wires': [2, 1]}, {'name': 'RY', 'param': 5.269528563325962, 'wires': [1]}, {'name': 'CRY', 'param': 6.282117538283979, 'wires': [3, 1]}, {'name': 'CRY', 'param': 6.259960730365419, 'wires': [0, 2]}, {'name': 'RY', 'param': 5.098385204367969, 'wires': [3]}, {'name': 'CRY', 'param': 7.02837149193448, 'wires': [2, 4]}, {'name': 'RY', 'param': 6.221391816181385, 'wires': [2]}, {'name': 'RY', 'param': 5.323590451158086, 'wires': [4]}, {'name': 'CRY', 'param': 5.081748770864122, 'wires': [3, 4]}, {'name': 'RY', 'param': 6.418645126929605, 'wires': [3]}, {'name': 'RY', 'param': 5.296099657909681, 'wires': [1]}, {'name': 'RY', 'param': 5.305569728448535, 'wires': [4]}, {'name': 'CRY', 'param': 6.300543584718252, 'wires': [1, 4]}]
[2025-08-04 17:22:59,793][INFO] Energy: 0.00421915205337854
[2025-08-05 09:53:48,545][INFO] Starting VQE run 50 (seed=100915542)
[2025-08-05 09:53:48,670][INFO] Adding RY(0.0, wires=[3]) increased overlap from 0.0 to 0.9486059974061648
[2025-08-05 09:53:48,837][INFO] Adding RY(0.0, wires=[2]) had small change in overlap from 0.9486059974061648 to 0.9477443521592607
[2025-08-05 09:53:50,277][INFO] Adding RY(0.0, wires=[4]) increased overlap from 0.9477443521592607 to 0.9950868940510099
[2025-08-05 09:53:56,793][INFO] Adding CRY(0.0, wires=[4, 3])) increased overlap from 0.9950868940510099 to 0.9986713183314392
[2025-08-05 09:54:04,673][INFO] Adding CRY(0.0, wires=[4, 2])) increased overlap from 0.9986713183314392 to 0.99934541808955
[2025-08-05 09:54:20,717][INFO] Adding RY(0.0, wires=[1]) increased overlap from 0.99934541808955 to 0.9994534109293054
[2025-08-05 09:54:38,099][INFO] Adding CRY(0.0, wires=[3, 2])) increased overlap from 0.9994534109293054 to 0.9995295031352238
[2025-08-05 09:54:56,873][INFO] Adding CRY(0.0, wires=[4, 1])) increased overlap from 0.9995295031352238 to 0.999591720485671
[2025-08-05 09:55:18,566][INFO] Adding CRY(0.0, wires=[3, 1])) had small change in overlap from 0.999591720485671 to 0.9995869176821097
[2025-08-05 09:55:38,502][INFO] Adding CRY(0.0, wires=[2, 1])) increased overlap from 0.9995869176821097 to 0.9996011668007466
[2025-08-05 09:56:02,051][INFO] Adding CRY(0.0, wires=[0, 3])) had small change in overlap from 0.9996011668007466 to 0.9995036690566071
[2025-08-05 09:56:27,019][INFO] Adding RY(0.0, wires=[3]) had small change in overlap from 0.9995036690566071 to 0.9994245448559237
[2025-08-05 09:56:53,762][INFO] Adding CRY(0.0, wires=[2, 3])) increased overlap from 0.9994245448559237 to 0.9996956584150899
[2025-08-05 09:57:22,003][INFO] Adding CRY(0.0, wires=[0, 2])) had small change in overlap from 0.9996956584150899 to 0.9980272728183605
[2025-08-05 09:57:51,241][INFO] Adding CRY(0.0, wires=[0, 1])) had small change in overlap from 0.9980272728183605 to 0.9958263954890149
[2025-08-05 09:58:21,733][INFO] Adding CRY(0.0, wires=[3, 4])) increased overlap from 0.9958263954890149 to 0.9965448855902751
[2025-08-05 09:58:52,972][INFO] Adding RY(0.0, wires=[3]) had small change in overlap from 0.9965448855902751 to 0.9963112278025349
[2025-08-05 09:59:24,747][INFO] Adding RY(0.0, wires=[1]) increased overlap from 0.9963112278025349 to 0.9995725799086848
[2025-08-05 09:59:58,209][INFO] Adding CRY(0.0, wires=[0, 4])) increased overlap from 0.9995725799086848 to 0.9998831045461193
[2025-08-05 10:00:33,665][INFO] Adding CRY(0.0, wires=[1, 4])) increased overlap from 0.9998831045461193 to 0.9999420151374742
[2025-08-05 10:01:08,951][INFO] Adding RY(0.0, wires=[1]) had small change in overlap from 0.9999420151374742 to 0.9958576533779369
[2025-08-05 10:01:45,262][INFO] Adding RY(0.0, wires=[4]) increased overlap from 0.9958576533779369 to 0.9993892560161954
[2025-08-05 10:02:22,528][INFO] Adding RY(0.0, wires=[2]) increased overlap from 0.9993892560161954 to 0.9997042571600138
[2025-08-05 10:03:00,223][INFO] Adding CRY(0.0, wires=[2, 4])) increased overlap from 0.9997042571600138 to 0.9999366958287271
[2025-08-05 10:03:39,513][INFO] Adding RY(0.0, wires=[4]) increased overlap from 0.9999366958287271 to 0.9999712735537603
[2025-08-05 10:04:19,286][INFO] Adding RY(0.0, wires=[2]) had small change in overlap from 0.9999712735537603 to 0.9998257121377683
[2025-08-05 10:04:58,990][INFO] Adding CRY(0.0, wires=[1, 3])) increased overlap from 0.9998257121377683 to 0.9999146915334891
[2025-08-05 10:05:38,450][INFO] Adding RY(0.0, wires=[1]) had small change in overlap from 0.9999146915334891 to 0.9994286051693361
[2025-08-05 10:06:20,164][INFO] Adding RY(0.0, wires=[3]) had small change in overlap from 0.9994286051693361 to 0.9990104563592519
[2025-08-05 10:07:02,949][INFO] Adding CRY(0.0, wires=[1, 2])) increased overlap from 0.9990104563592519 to 0.9998831767380263
[2025-08-05 10:07:02,949][INFO] Completed VQE run 29
[2025-08-05 10:07:02,949][INFO] Final ops list: [{'name': 'RY', 'param': 0.02226978626553191, 'wires': [3]}, {'name': 'RY', 'param': 0.018913044335339333, 'wires': [2]}, {'name': 'RY', 'param': -0.9008079262117128, 'wires': [4]}, {'name': 'CRY', 'param': 0.016836853402397305, 'wires': [4, 3]}, {'name': 'CRY', 'param': -0.019455415323494877, 'wires': [4, 2]}, {'name': 'RY', 'param': -0.01983697645157755, 'wires': [1]}, {'name': 'CRY', 'param': 0.008399618845241649, 'wires': [3, 2]}, {'name': 'CRY', 'param': -0.022996697921401462, 'wires': [4, 1]}, {'name': 'CRY', 'param': -0.20209601399874366, 'wires': [3, 1]}, {'name': 'CRY', 'param': 0.019528882850296032, 'wires': [2, 1]}, {'name': 'CRY', 'param': -0.26700380079155533, 'wires': [0, 3]}, {'name': 'RY', 'param': 0.3250428337408577, 'wires': [3]}, {'name': 'CRY', 'param': 1.394271513481394, 'wires': [2, 3]}, {'name': 'CRY', 'param': -0.06679180377374244, 'wires': [0, 2]}, {'name': 'CRY', 'param': 0.029565232240818366, 'wires': [0, 1]}, {'name': 'CRY', 'param': 4.8596936440735234, 'wires': [3, 4]}, {'name': 'RY', 'param': 0.011271507721368023, 'wires': [3]}, {'name': 'RY', 'param': -0.04178842609158592, 'wires': [1]}, {'name': 'CRY', 'param': -0.06269759257169347, 'wires': [0, 4]}, {'name': 'CRY', 'param': 0.7931038807952944, 'wires': [1, 4]}, {'name': 'RY', 'param': -0.007363947600037531, 'wires': [1]}, {'name': 'RY', 'param': 0.25835193564650266, 'wires': [4]}, {'name': 'RY', 'param': 0.09334636437115688, 'wires': [2]}, {'name': 'CRY', 'param': 0.8395184065918706, 'wires': [2, 4]}, {'name': 'RY', 'param': 0.2717549328060384, 'wires': [4]}, {'name': 'RY', 'param': -0.09219200038463095, 'wires': [2]}, {'name': 'CRY', 'param': -0.1357039271747343, 'wires': [1, 3]}, {'name': 'RY', 'param': 0.05236796651750076, 'wires': [1]}, {'name': 'RY', 'param': 0.08072214059212297, 'wires': [3]}, {'name': 'CRY', 'param': 0.0034375164544128006, 'wires': [1, 2]}]
[2025-08-05 10:07:02,949][INFO] Energy: 0.002098325352534696
