[2025-08-04 17:13:44,851][INFO] Starting VQE run 28 (seed=34397483)
[2025-08-04 17:13:44,966][INFO] Adding RY(0.0, wires=[3]) increased overlap from 0.0 to 0.9486059961613302
[2025-08-04 17:13:45,116][INFO] Adding RY(0.0, wires=[2]) had small change in overlap from 0.9486059961613302 to 0.9477443524572109
[2025-08-04 17:13:46,354][INFO] Adding RY(0.0, wires=[4]) increased overlap from 0.9477443524572109 to 0.9950869033941133
[2025-08-04 17:13:52,844][INFO] Adding CRY(0.0, wires=[4, 3])) increased overlap from 0.9950869033941133 to 0.9986713168091429
[2025-08-04 17:14:00,542][INFO] Adding CRY(0.0, wires=[4, 2])) increased overlap from 0.9986713168091429 to 0.9993454081681269
[2025-08-04 17:14:14,692][INFO] Adding RY(0.0, wires=[1]) increased overlap from 0.9993454081681269 to 0.9994274678520829
[2025-08-04 17:14:29,182][INFO] Adding CRY(0.0, wires=[3, 2])) increased overlap from 0.9994274678520829 to 0.999524575242653
[2025-08-04 17:14:44,449][INFO] Adding CRY(0.0, wires=[4, 1])) increased overlap from 0.999524575242653 to 0.999584897920986
[2025-08-04 17:15:01,128][INFO] Adding CRY(0.0, wires=[3, 1])) had small change in overlap from 0.999584897920986 to 0.9995760523877797
[2025-08-04 17:15:19,228][INFO] Adding CRY(0.0, wires=[2, 1])) increased overlap from 0.9995760523877797 to 0.9996008986012322
[2025-08-04 17:15:38,605][INFO] Adding CRY(0.0, wires=[0, 3])) increased overlap from 0.9996008986012322 to 0.9996035661883055
[2025-08-04 17:15:59,340][INFO] Adding CRY(0.0, wires=[0, 1])) had small change in overlap from 0.9996035661883055 to 0.9992226086457332
[2025-08-04 17:16:21,422][INFO] Adding CRY(0.0, wires=[0, 2])) increased overlap from 0.9992226086457332 to 0.9993744241013502
[2025-08-04 17:16:44,044][INFO] Adding RY(0.0, wires=[1]) had small change in overlap from 0.9993744241013502 to 0.9993496249582619
[2025-08-04 17:17:08,086][INFO] Adding CRY(0.0, wires=[1, 3])) had small change in overlap from 0.9993496249582619 to 0.9993344548669011
[2025-08-04 17:17:32,761][INFO] Adding RY(0.0, wires=[1]) had small change in overlap from 0.9993344548669011 to 0.9971993131839524
[2025-08-04 17:17:58,649][INFO] Adding CRY(0.0, wires=[0, 4])) increased overlap from 0.9971993131839524 to 0.9987936223042608
[2025-08-04 17:18:25,248][INFO] Adding RY(0.0, wires=[3]) had small change in overlap from 0.9987936223042608 to 0.9984753021471366
[2025-08-04 17:18:52,432][INFO] Adding RY(0.0, wires=[4]) increased overlap from 0.9984753021471366 to 0.9989099457196061
[2025-08-04 17:19:21,027][INFO] Adding CRY(0.0, wires=[3, 4])) increased overlap from 0.9989099457196061 to 0.9990635423491421
[2025-08-04 17:19:50,052][INFO] Adding RY(0.0, wires=[3]) had small change in overlap from 0.9990635423491421 to 0.999040781916754
[2025-08-04 17:20:19,672][INFO] Adding RY(0.0, wires=[4]) increased overlap from 0.999040781916754 to 0.9991776142838983
[2025-08-04 17:20:50,690][INFO] Adding CRY(0.0, wires=[2, 3])) increased overlap from 0.9991776142838983 to 0.9992989265896641
[2025-08-04 17:21:22,171][INFO] Adding RY(0.0, wires=[3]) had small change in overlap from 0.9992989265896641 to 0.9992695946804929
[2025-08-04 17:21:54,920][INFO] Adding CRY(0.0, wires=[1, 2])) increased overlap from 0.9992695946804929 to 0.9993625260088659
[2025-08-04 17:22:28,192][INFO] Adding RY(0.0, wires=[1]) had small change in overlap from 0.9993625260088659 to 0.9956127072788069
[2025-08-04 17:23:02,041][INFO] Adding RY(0.0, wires=[2]) increased overlap from 0.9956127072788069 to 0.9975389687948207
[2025-08-04 17:23:37,322][INFO] Adding CRY(0.0, wires=[2, 4])) increased overlap from 0.9975389687948207 to 0.9985349137412737
[2025-08-04 17:24:13,267][INFO] Adding RY(0.0, wires=[4]) increased overlap from 0.9985349137412737 to 0.9988758407616795
[2025-08-04 17:24:49,712][INFO] Adding RY(0.0, wires=[2]) had small change in overlap from 0.9988758407616795 to 0.9986264679457337
[2025-08-04 17:24:49,712][INFO] Completed VQE run 29
[2025-08-04 17:24:49,713][INFO] Final ops list: [{'name': 'RY', 'param': 0.008340412759757141, 'wires': [3]}, {'name': 'RY', 'param': -0.0037186508409719904, 'wires': [2]}, {'name': 'RY', 'param': -1.0137091971930103, 'wires': [4]}, {'name': 'CRY', 'param': -0.12636317762261295, 'wires': [4, 3]}, {'name': 'CRY', 'param': 0.00808562883558971, 'wires': [4, 2]}, {'name': 'RY', 'param': -0.07913733527619575, 'wires': [1]}, {'name': 'CRY', 'param': -0.6628054174603368, 'wires': [3, 2]}, {'name': 'CRY', 'param': 0.018680237030449034, 'wires': [4, 1]}, {'name': 'CRY', 'param': 0.2036418841393772, 'wires': [3, 1]}, {'name': 'CRY', 'param': -0.23109546133970707, 'wires': [2, 1]}, {'name': 'CRY', 'param': -0.06512712339539553, 'wires': [0, 3]}, {'name': 'CRY', 'param': 0.033900195187733774, 'wires': [0, 1]}, {'name': 'CRY', 'param': -0.10134391926794653, 'wires': [0, 2]}, {'name': 'RY', 'param': 0.05199578310157237, 'wires': [1]}, {'name': 'CRY', 'param': 2.136386329235613, 'wires': [1, 3]}, {'name': 'RY', 'param': 0.010919116893921374, 'wires': [1]}, {'name': 'CRY', 'param': 0.0992384755798307, 'wires': [0, 4]}, {'name': 'RY', 'param': 0.004069029814406716, 'wires': [3]}, {'name': 'RY', 'param': 0.2608314342560296, 'wires': [4]}, {'name': 'CRY', 'param': 0.13626508950274488, 'wires': [3, 4]}, {'name': 'RY', 'param': 0.09689785284038958, 'wires': [3]}, {'name': 'RY', 'param': 0.19861353371643875, 'wires': [4]}, {'name': 'CRY', 'param': -0.21503864307044637, 'wires': [2, 3]}, {'name': 'RY', 'param': 0.02871691121818278, 'wires': [3]}, {'name': 'CRY', 'param': 0.5376167200115217, 'wires': [1, 2]}, {'name': 'RY', 'param': 0.0036833437269587176, 'wires': [1]}, {'name': 'RY', 'param': 0.008159603067348335, 'wires': [2]}, {'name': 'CRY', 'param': -0.0864077740361639, 'wires': [2, 4]}, {'name': 'RY', 'param': 0.025054834938939525, 'wires': [4]}, {'name': 'RY', 'param': 0.0635182997358519, 'wires': [2]}]
[2025-08-04 17:24:49,713][INFO] Energy: 0.018339613196979708
[2025-08-05 09:53:48,434][INFO] Starting VQE run 28 (seed=22985094)
[2025-08-05 09:53:48,544][INFO] Adding RY(0.0, wires=[3]) increased overlap from 0.0 to 0.9486059962846979
[2025-08-05 09:53:48,668][INFO] Adding RY(0.0, wires=[2]) had small change in overlap from 0.9486059962846979 to 0.9477443534989533
[2025-08-05 09:53:49,971][INFO] Adding RY(0.0, wires=[4]) increased overlap from 0.9477443534989533 to 0.9950868931206212
[2025-08-05 09:53:56,202][INFO] Adding CRY(0.0, wires=[4, 3])) increased overlap from 0.9950868931206212 to 0.9986713236943789
[2025-08-05 09:54:05,923][INFO] Adding CRY(0.0, wires=[4, 2])) increased overlap from 0.9986713236943789 to 0.9993454461734427
[2025-08-05 09:54:18,440][INFO] Adding RY(0.0, wires=[1]) increased overlap from 0.9993454461734427 to 0.9995315419380477
[2025-08-05 09:54:32,447][INFO] Adding CRY(0.0, wires=[4, 1])) decreased overlap from 0.9995315419380477 to 0.9571075467756959.. skipping this gate
[2025-08-05 09:54:32,447][INFO] gradient converged
[2025-08-05 09:54:32,447][INFO] Completed VQE run 6
[2025-08-05 09:54:32,447][INFO] Final ops list: [{'name': 'RY', 'param': 0.040489494649106915, 'wires': [3]}, {'name': 'RY', 'param': -0.04173638143609326, 'wires': [2]}, {'name': 'RY', 'param': -0.4271876615434965, 'wires': [4]}, {'name': 'CRY', 'param': -0.2630743437957218, 'wires': [4, 3]}, {'name': 'CRY', 'param': -0.0367017250456191, 'wires': [4, 2]}, {'name': 'RY', 'param': 0.0011427530984713973, 'wires': [1]}]
[2025-08-05 09:54:32,447][INFO] Energy: 0.010544931094490525
