[2025-08-04 17:13:44,846][INFO] Starting VQE run 18 (seed=22021281)
[2025-08-04 17:13:44,961][INFO] Adding RY(0.0, wires=[3]) increased overlap from 0.0 to 0.9486059975701718
[2025-08-04 17:13:45,126][INFO] Adding RY(0.0, wires=[2]) had small change in overlap from 0.9486059975701718 to 0.9477443517415157
[2025-08-04 17:13:46,577][INFO] Adding RY(0.0, wires=[4]) increased overlap from 0.9477443517415157 to 0.9950868867726144
[2025-08-04 17:13:52,993][INFO] Adding CRY(0.0, wires=[4, 3])) increased overlap from 0.9950868867726144 to 0.9986713154261649
[2025-08-04 17:14:01,150][INFO] Adding CRY(0.0, wires=[4, 2])) increased overlap from 0.9986713154261649 to 0.9993454172692156
[2025-08-04 17:14:15,261][INFO] Adding RY(0.0, wires=[1]) increased overlap from 0.9993454172692156 to 0.9995582092362972
[2025-08-04 17:14:29,751][INFO] Adding CRY(0.0, wires=[4, 1])) had small change in overlap from 0.9995582092362972 to 0.9994989929727652
[2025-08-04 17:14:45,036][INFO] Adding CRY(0.0, wires=[3, 2])) had small change in overlap from 0.9994989929727652 to 0.9993557022942423
[2025-08-04 17:15:01,638][INFO] Adding CRY(0.0, wires=[0, 3])) had small change in overlap from 0.9993557022942423 to 0.9983373888064927
[2025-08-04 17:15:19,629][INFO] Adding CRY(0.0, wires=[0, 1])) decreased overlap from 0.9983373888064927 to 0.9504956607973069.. skipping this gate
[2025-08-04 17:15:19,629][INFO] gradient converged
[2025-08-04 17:15:19,629][INFO] Completed VQE run 9
[2025-08-04 17:15:19,629][INFO] Final ops list: [{'name': 'RY', 'param': -0.3073373177019275, 'wires': [3]}, {'name': 'RY', 'param': -0.025574500473048926, 'wires': [2]}, {'name': 'RY', 'param': -0.4554602716844156, 'wires': [4]}, {'name': 'CRY', 'param': -0.14282010901489528, 'wires': [4, 3]}, {'name': 'CRY', 'param': -0.03702643909867457, 'wires': [4, 2]}, {'name': 'RY', 'param': 0.00037446913869153357, 'wires': [1]}, {'name': 'CRY', 'param': 0.0007846681625684509, 'wires': [4, 1]}, {'name': 'CRY', 'param': 0.02592061643492672, 'wires': [3, 2]}, {'name': 'CRY', 'param': 0.3867616018261092, 'wires': [0, 3]}]
[2025-08-04 17:15:19,629][INFO] Energy: 0.011870071806739095
[2025-08-05 09:53:48,407][INFO] Starting VQE run 18 (seed=10008852)
[2025-08-05 09:53:48,506][INFO] Adding RY(0.0, wires=[3]) increased overlap from 0.0 to 0.9486059975381506
[2025-08-05 09:53:48,643][INFO] Adding RY(0.0, wires=[2]) had small change in overlap from 0.9486059975381506 to 0.9477443518917407
[2025-08-05 09:53:49,797][INFO] Adding RY(0.0, wires=[4]) increased overlap from 0.9477443518917407 to 0.9950868592001494
[2025-08-05 09:54:00,364][INFO] Adding CRY(0.0, wires=[4, 3])) increased overlap from 0.9950868592001494 to 0.9986713828259295
[2025-08-05 09:54:11,135][INFO] Adding CRY(0.0, wires=[4, 2])) increased overlap from 0.9986713828259295 to 0.9993454463470067
[2025-08-05 09:54:23,632][INFO] Adding RY(0.0, wires=[1]) increased overlap from 0.9993454463470067 to 0.9995075420587557
[2025-08-05 09:54:37,683][INFO] Adding CRY(0.0, wires=[3, 2])) had small change in overlap from 0.9995075420587557 to 0.993918656875368
[2025-08-05 09:54:53,101][INFO] Adding CRY(0.0, wires=[0, 3])) had small change in overlap from 0.993918656875368 to 0.9886788145216802
[2025-08-05 09:55:09,932][INFO] Adding CRY(0.0, wires=[4, 1])) decreased overlap from 0.9886788145216802 to 0.9482023540680464.. skipping this gate
[2025-08-05 09:55:09,932][INFO] gradient converged
[2025-08-05 09:55:09,932][INFO] Completed VQE run 8
[2025-08-05 09:55:09,932][INFO] Final ops list: [{'name': 'RY', 'param': 5.526957482443109, 'wires': [3]}, {'name': 'RY', 'param': 6.199659144591356, 'wires': [2]}, {'name': 'RY', 'param': 5.970993102142162, 'wires': [4]}, {'name': 'CRY', 'param': 7.081968763252429, 'wires': [4, 3]}, {'name': 'CRY', 'param': 6.1742127290564275, 'wires': [4, 2]}, {'name': 'RY', 'param': 6.290992334081746, 'wires': [1]}, {'name': 'CRY', 'param': 6.285366633298428, 'wires': [3, 2]}, {'name': 'CRY', 'param': 5.438893146453793, 'wires': [0, 3]}]
[2025-08-05 09:55:09,932][INFO] Energy: 0.07198080397992061
