[2025-08-04 17:13:44,852][INFO] Starting VQE run 29 (seed=60326461)
[2025-08-04 17:13:44,969][INFO] Adding RY(0.0, wires=[3]) increased overlap from 0.0 to 0.9486059972899891
[2025-08-04 17:13:45,129][INFO] Adding RY(0.0, wires=[2]) had small change in overlap from 0.9486059972899891 to 0.9477443508155377
[2025-08-04 17:13:46,378][INFO] Adding RY(0.0, wires=[4]) increased overlap from 0.9477443508155377 to 0.9950868576919385
[2025-08-04 17:13:59,304][INFO] Adding CRY(0.0, wires=[4, 3])) increased overlap from 0.9950868576919385 to 0.9986716462556356
[2025-08-04 17:14:12,971][INFO] Adding CRY(0.0, wires=[4, 2])) decreased overlap from 0.9986716462556356 to 0.9526640779967095.. skipping this gate
[2025-08-04 17:14:12,971][INFO] gradient converged
[2025-08-04 17:14:12,971][INFO] Completed VQE run 4
[2025-08-04 17:14:12,971][INFO] Final ops list: [{'name': 'RY', 'param': 6.343181678243006, 'wires': [3]}, {'name': 'RY', 'param': 6.2620926370814365, 'wires': [2]}, {'name': 'RY', 'param': 6.720776649842049, 'wires': [4]}, {'name': 'CRY', 'param': 6.111781305057224, 'wires': [4, 3]}]
[2025-08-04 17:14:12,971][INFO] Energy: 0.01894543971960987
[2025-08-05 09:53:48,443][INFO] Starting VQE run 29 (seed=48974076)
[2025-08-05 09:53:48,541][INFO] Adding RY(0.0, wires=[3]) increased overlap from 0.0 to 0.9486059973887722
[2025-08-05 09:53:48,668][INFO] Adding RY(0.0, wires=[2]) had small change in overlap from 0.9486059973887722 to 0.947744354472908
[2025-08-05 09:53:49,557][INFO] Adding RY(0.0, wires=[4]) increased overlap from 0.947744354472908 to 0.9950868591291013
[2025-08-05 09:53:54,450][INFO] Adding CRY(0.0, wires=[4, 3])) increased overlap from 0.9950868591291013 to 0.9986713267795921
[2025-08-05 09:54:02,861][INFO] Adding CRY(0.0, wires=[4, 2])) increased overlap from 0.9986713267795921 to 0.99934545136635
[2025-08-05 09:54:15,326][INFO] Adding RY(0.0, wires=[1]) increased overlap from 0.99934545136635 to 0.9993623515604465
[2025-08-05 09:54:29,298][INFO] Adding CRY(0.0, wires=[3, 2])) had small change in overlap from 0.9993623515604465 to 0.9977777303114536
[2025-08-05 09:54:44,684][INFO] Adding CRY(0.0, wires=[4, 1])) had small change in overlap from 0.9977777303114536 to 0.9932485487493653
[2025-08-05 09:55:01,402][INFO] Adding CRY(0.0, wires=[0, 4])) increased overlap from 0.9932485487493653 to 0.9994360212237067
[2025-08-05 09:55:19,540][INFO] Adding CRY(0.0, wires=[0, 1])) had small change in overlap from 0.9994360212237067 to 0.999411041017214
[2025-08-05 09:55:38,974][INFO] Adding CRY(0.0, wires=[0, 3])) had small change in overlap from 0.999411041017214 to 0.9993605646131873
[2025-08-05 09:55:59,056][INFO] Adding RY(0.0, wires=[1]) had small change in overlap from 0.9993605646131873 to 0.999179246305634
[2025-08-05 09:56:20,498][INFO] Adding CRY(0.0, wires=[0, 2])) increased overlap from 0.999179246305634 to 0.999882538952693
[2025-08-05 09:56:43,359][INFO] Adding CRY(0.0, wires=[3, 1])) had small change in overlap from 0.999882538952693 to 0.996765425915071
[2025-08-05 09:57:06,849][INFO] Adding RY(0.0, wires=[3]) had small change in overlap from 0.996765425915071 to 0.9966037324016807
[2025-08-05 09:57:31,578][INFO] Adding CRY(0.0, wires=[3, 4])) increased overlap from 0.9966037324016807 to 0.9998664073126171
[2025-08-05 09:57:56,970][INFO] Adding RY(0.0, wires=[3]) increased overlap from 0.9998664073126171 to 0.9999233934917473
[2025-08-05 09:58:22,912][INFO] Adding RY(0.0, wires=[1]) had small change in overlap from 0.9999233934917473 to 0.99944779459681
[2025-08-05 09:58:49,395][INFO] Adding RY(0.0, wires=[4]) increased overlap from 0.99944779459681 to 0.9996068190631386
[2025-08-05 09:59:17,456][INFO] Adding CRY(0.0, wires=[2, 1])) had small change in overlap from 0.9996068190631386 to 0.9976658532292151
[2025-08-05 09:59:46,150][INFO] Adding RY(0.0, wires=[2]) had small change in overlap from 0.9976658532292151 to 0.9903666902235888
[2025-08-05 10:00:15,275][INFO] Adding RY(0.0, wires=[1]) increased overlap from 0.9903666902235888 to 0.991060358120001
[2025-08-05 10:00:45,868][INFO] Adding CRY(0.0, wires=[2, 4])) increased overlap from 0.991060358120001 to 0.9967609922550172
[2025-08-05 10:01:16,910][INFO] Adding RY(0.0, wires=[2]) had small change in overlap from 0.9967609922550172 to 0.9952741734313316
[2025-08-05 10:01:48,725][INFO] Adding RY(0.0, wires=[4]) increased overlap from 0.9952741734313316 to 0.9993782382597572
[2025-08-05 10:02:21,362][INFO] Adding CRY(0.0, wires=[2, 3])) had small change in overlap from 0.9993782382597572 to 0.9990284285059726
[2025-08-05 10:02:54,508][INFO] Adding RY(0.0, wires=[3]) had small change in overlap from 0.9990284285059726 to 0.9988365394819819
[2025-08-05 10:03:28,328][INFO] Adding RY(0.0, wires=[2]) had small change in overlap from 0.9988365394819819 to 0.9889562122294453
[2025-08-05 10:04:03,572][INFO] Adding CRY(0.0, wires=[1, 2])) increased overlap from 0.9889562122294453 to 0.9992705032076075
[2025-08-05 10:04:39,668][INFO] Adding RY(0.0, wires=[1]) decreased overlap from 0.9992705032076075 to 0.9631432766973499.. skipping this gate
[2025-08-05 10:04:39,668][INFO] gradient converged
[2025-08-05 10:04:39,668][INFO] Completed VQE run 29
[2025-08-05 10:04:39,668][INFO] Final ops list: [{'name': 'RY', 'param': 8.16657948302922, 'wires': [3]}, {'name': 'RY', 'param': 7.2896350602368996, 'wires': [2]}, {'name': 'RY', 'param': 8.723364348832481, 'wires': [4]}, {'name': 'CRY', 'param': 7.245088799066302, 'wires': [4, 3]}, {'name': 'CRY', 'param': 6.297626125321557, 'wires': [4, 2]}, {'name': 'RY', 'param': 9.493756330151541, 'wires': [1]}, {'name': 'CRY', 'param': 6.302393828397092, 'wires': [3, 2]}, {'name': 'CRY', 'param': 6.284261948828018, 'wires': [4, 1]}, {'name': 'CRY', 'param': 9.748420651116179, 'wires': [0, 4]}, {'name': 'CRY', 'param': 5.337690591340233, 'wires': [0, 1]}, {'name': 'CRY', 'param': 9.271421729386978, 'wires': [0, 3]}, {'name': 'RY', 'param': 5.2693803006170015, 'wires': [1]}, {'name': 'CRY', 'param': 5.346496796318165, 'wires': [0, 2]}, {'name': 'CRY', 'param': 6.2889293297377336, 'wires': [3, 1]}, {'name': 'RY', 'param': 6.532341955118527, 'wires': [3]}, {'name': 'CRY', 'param': 9.066415954939748, 'wires': [3, 4]}, {'name': 'RY', 'param': 7.269744993830592, 'wires': [3]}, {'name': 'RY', 'param': 5.710825037712969, 'wires': [1]}, {'name': 'RY', 'param': 5.418526386297034, 'wires': [4]}, {'name': 'CRY', 'param': 12.585066093475634, 'wires': [2, 1]}, {'name': 'RY', 'param': 6.128490230965646, 'wires': [2]}, {'name': 'RY', 'param': 5.607151290705745, 'wires': [1]}, {'name': 'CRY', 'param': 5.261587602652025, 'wires': [2, 4]}, {'name': 'RY', 'param': 6.27543393981963, 'wires': [2]}, {'name': 'RY', 'param': 5.728544225587624, 'wires': [4]}, {'name': 'CRY', 'param': 7.321458310999455, 'wires': [2, 3]}, {'name': 'RY', 'param': 5.6573970007561165, 'wires': [3]}, {'name': 'RY', 'param': 6.264612211290997, 'wires': [2]}, {'name': 'CRY', 'param': 5.692626992943914, 'wires': [1, 2]}]
[2025-08-05 10:04:39,668][INFO] Energy: 0.004950600256461837
