[2025-08-04 17:13:44,876][INFO] Starting VQE run 60 (seed=123384045)
[2025-08-04 17:13:44,999][INFO] Adding RY(0.0, wires=[3]) increased overlap from 0.0 to 0.9486059961632097
[2025-08-04 17:13:45,170][INFO] Adding RY(0.0, wires=[2]) had small change in overlap from 0.9486059961632097 to 0.947744352560317
[2025-08-04 17:13:46,498][INFO] Adding RY(0.0, wires=[4]) increased overlap from 0.947744352560317 to 0.9950868533419064
[2025-08-04 17:13:59,420][INFO] Adding CRY(0.0, wires=[4, 3])) increased overlap from 0.9950868533419064 to 0.9987982278566
[2025-08-04 17:14:13,044][INFO] Adding CRY(0.0, wires=[4, 2])) decreased overlap from 0.9987982278566 to 0.9466618651559036.. skipping this gate
[2025-08-04 17:14:13,045][INFO] gradient converged
[2025-08-04 17:14:13,045][INFO] Completed VQE run 4
[2025-08-04 17:14:13,045][INFO] Final ops list: [{'name': 'RY', 'param': 6.339072516714923, 'wires': [3]}, {'name': 'RY', 'param': 6.260656069676211, 'wires': [2]}, {'name': 'RY', 'param': 6.717488505743705, 'wires': [4]}, {'name': 'CRY', 'param': 6.100772056178987, 'wires': [4, 3]}]
[2025-08-04 17:14:13,045][INFO] Energy: 0.019013828501758364
[2025-08-05 09:53:48,583][INFO] Starting VQE run 60 (seed=113891784)
[2025-08-05 09:53:48,754][INFO] Adding RY(0.0, wires=[3]) increased overlap from 0.0 to 0.948605997273475
[2025-08-05 09:53:48,962][INFO] Adding RY(0.0, wires=[2]) had small change in overlap from 0.948605997273475 to 0.9477443543674429
[2025-08-05 09:53:50,134][INFO] Adding RY(0.0, wires=[4]) increased overlap from 0.9477443543674429 to 0.9950868575822291
[2025-08-05 09:54:02,959][INFO] Adding CRY(0.0, wires=[4, 3])) increased overlap from 0.9950868575822291 to 0.9986713742564012
[2025-08-05 09:54:16,570][INFO] Adding CRY(0.0, wires=[4, 2])) increased overlap from 0.9986713742564012 to 0.9993454446256356
[2025-08-05 09:54:32,139][INFO] Adding RY(0.0, wires=[1]) increased overlap from 0.9993454446256356 to 0.9994547094308415
[2025-08-05 09:54:49,344][INFO] Adding CRY(0.0, wires=[3, 2])) had small change in overlap from 0.9994547094308415 to 0.9941029560974337
[2025-08-05 09:55:08,387][INFO] Adding CRY(0.0, wires=[0, 3])) decreased overlap from 0.9941029560974337 to 0.9817162865440543.. skipping this gate
[2025-08-05 09:55:08,388][INFO] gradient converged
[2025-08-05 09:55:08,388][INFO] Completed VQE run 7
[2025-08-05 09:55:08,388][INFO] Final ops list: [{'name': 'RY', 'param': 6.298363458008124, 'wires': [3]}, {'name': 'RY', 'param': 6.27990643119743, 'wires': [2]}, {'name': 'RY', 'param': 5.96228039817976, 'wires': [4]}, {'name': 'CRY', 'param': 6.401445873462946, 'wires': [4, 3]}, {'name': 'CRY', 'param': 6.312750122256253, 'wires': [4, 2]}, {'name': 'RY', 'param': 6.29036402873193, 'wires': [1]}, {'name': 'CRY', 'param': 5.059029579405362, 'wires': [3, 2]}]
[2025-08-05 09:55:08,388][INFO] Energy: 0.10635966918957536
