[2025-08-04 17:13:44,855][INFO] Starting VQE run 36 (seed=118372518)
[2025-08-04 17:13:44,973][INFO] Adding RY(0.0, wires=[3]) increased overlap from 0.0 to 0.9486059966225263
[2025-08-04 17:13:45,121][INFO] Adding RY(0.0, wires=[2]) had small change in overlap from 0.9486059966225263 to 0.9477443523510094
[2025-08-04 17:13:46,385][INFO] Adding RY(0.0, wires=[4]) increased overlap from 0.9477443523510094 to 0.9950868983518424
[2025-08-04 17:13:52,662][INFO] Adding CRY(0.0, wires=[4, 3])) increased overlap from 0.9950868983518424 to 0.9986713270682489
[2025-08-04 17:14:00,424][INFO] Adding CRY(0.0, wires=[4, 2])) increased overlap from 0.9986713270682489 to 0.9993454157994041
[2025-08-04 17:14:14,600][INFO] Adding RY(0.0, wires=[1]) increased overlap from 0.9993454157994041 to 0.9994486878893042
[2025-08-04 17:14:29,060][INFO] Adding CRY(0.0, wires=[3, 2])) increased overlap from 0.9994486878893042 to 0.9995266499587592
[2025-08-04 17:14:44,362][INFO] Adding CRY(0.0, wires=[4, 1])) increased overlap from 0.9995266499587592 to 0.9995798118300838
[2025-08-04 17:15:01,099][INFO] Adding CRY(0.0, wires=[3, 1])) increased overlap from 0.9995798118300838 to 0.999585337233221
[2025-08-04 17:15:19,215][INFO] Adding CRY(0.0, wires=[2, 1])) increased overlap from 0.999585337233221 to 0.999602135916437
[2025-08-04 17:15:38,680][INFO] Adding CRY(0.0, wires=[0, 3])) increased overlap from 0.999602135916437 to 0.9996071356462081
[2025-08-04 17:15:58,694][INFO] Adding RY(0.0, wires=[3]) increased overlap from 0.9996071356462081 to 0.9996377589456386
[2025-08-04 17:16:20,061][INFO] Adding CRY(0.0, wires=[0, 1])) increased overlap from 0.9996377589456386 to 0.9997071077793109
[2025-08-04 17:16:42,062][INFO] Adding RY(0.0, wires=[1]) had small change in overlap from 0.9997071077793109 to 0.9994547054741898
[2025-08-04 17:17:05,414][INFO] Adding CRY(0.0, wires=[0, 4])) had small change in overlap from 0.9994547054741898 to 0.9993998689616034
[2025-08-04 17:17:30,123][INFO] Adding CRY(0.0, wires=[0, 2])) had small change in overlap from 0.9993998689616034 to 0.9993264730356178
[2025-08-04 17:17:56,161][INFO] Adding CRY(0.0, wires=[3, 4])) increased overlap from 0.9993264730356178 to 0.9993939584441056
[2025-08-04 17:18:22,739][INFO] Adding RY(0.0, wires=[3]) had small change in overlap from 0.9993939584441056 to 0.9993422888504903
[2025-08-04 17:18:50,624][INFO] Adding CRY(0.0, wires=[2, 3])) increased overlap from 0.9993422888504903 to 0.9994452976000694
[2025-08-04 17:19:19,058][INFO] Adding RY(0.0, wires=[3]) increased overlap from 0.9994452976000694 to 0.9995708330789631
[2025-08-04 17:19:48,041][INFO] Adding RY(0.0, wires=[2]) increased overlap from 0.9995708330789631 to 0.9996477195794713
[2025-08-04 17:20:17,550][INFO] Adding RY(0.0, wires=[4]) increased overlap from 0.9996477195794713 to 0.9996659883652609
[2025-08-04 17:20:48,416][INFO] Adding CRY(0.0, wires=[2, 4])) increased overlap from 0.9996659883652609 to 0.9996877159185154
[2025-08-04 17:21:19,749][INFO] Adding RY(0.0, wires=[2]) had small change in overlap from 0.9996877159185154 to 0.9996618966572431
[2025-08-04 17:21:52,355][INFO] Adding CRY(0.0, wires=[1, 3])) increased overlap from 0.9996618966572431 to 0.999757133995865
[2025-08-04 17:22:25,563][INFO] Adding RY(0.0, wires=[1]) had small change in overlap from 0.999757133995865 to 0.9997089719104055
[2025-08-04 17:22:59,422][INFO] Adding RY(0.0, wires=[4]) increased overlap from 0.9997089719104055 to 0.9997685412879823
[2025-08-04 17:23:33,761][INFO] Adding RY(0.0, wires=[3]) had small change in overlap from 0.9997685412879823 to 0.9996982665366871
[2025-08-04 17:24:09,456][INFO] Adding CRY(0.0, wires=[1, 2])) increased overlap from 0.9996982665366871 to 0.9997547975013009
[2025-08-04 17:24:45,780][INFO] Adding RY(0.0, wires=[1]) increased overlap from 0.9997547975013009 to 0.9997984834627796
[2025-08-04 17:24:45,780][INFO] Completed VQE run 29
[2025-08-04 17:24:45,780][INFO] Final ops list: [{'name': 'RY', 'param': 0.14462142375551718, 'wires': [3]}, {'name': 'RY', 'param': -0.06411558375028187, 'wires': [2]}, {'name': 'RY', 'param': -0.5205271589048031, 'wires': [4]}, {'name': 'CRY', 'param': -0.5471221085187533, 'wires': [4, 3]}, {'name': 'CRY', 'param': -0.07266419458879626, 'wires': [4, 2]}, {'name': 'RY', 'param': -0.04705871978798677, 'wires': [1]}, {'name': 'CRY', 'param': -0.1577474391608442, 'wires': [3, 2]}, {'name': 'CRY', 'param': 0.020864079248518956, 'wires': [4, 1]}, {'name': 'CRY', 'param': 0.06344554871079432, 'wires': [3, 1]}, {'name': 'CRY', 'param': 0.05258613702473557, 'wires': [2, 1]}, {'name': 'CRY', 'param': 0.04782912694662019, 'wires': [0, 3]}, {'name': 'RY', 'param': -0.09730906624049335, 'wires': [3]}, {'name': 'CRY', 'param': 0.028802862946483196, 'wires': [0, 1]}, {'name': 'RY', 'param': 0.027327662110953846, 'wires': [1]}, {'name': 'CRY', 'param': -0.0007287562342867789, 'wires': [0, 4]}, {'name': 'CRY', 'param': -0.11933422450822281, 'wires': [0, 2]}, {'name': 'CRY', 'param': 3.1108908067070375, 'wires': [3, 4]}, {'name': 'RY', 'param': 0.026648788474733773, 'wires': [3]}, {'name': 'CRY', 'param': 0.20218781606157912, 'wires': [2, 3]}, {'name': 'RY', 'param': 0.08951875051929913, 'wires': [3]}, {'name': 'RY', 'param': 0.026741151776618396, 'wires': [2]}, {'name': 'RY', 'param': 0.1681030406297959, 'wires': [4]}, {'name': 'CRY', 'param': 0.03333567682826482, 'wires': [2, 4]}, {'name': 'RY', 'param': 0.10609112025128385, 'wires': [2]}, {'name': 'CRY', 'param': 2.0395887241384174, 'wires': [1, 3]}, {'name': 'RY', 'param': -0.13142675671642498, 'wires': [1]}, {'name': 'RY', 'param': -0.08026452678960215, 'wires': [4]}, {'name': 'RY', 'param': 0.03911700423024629, 'wires': [3]}, {'name': 'CRY', 'param': -0.058056207607550155, 'wires': [1, 2]}, {'name': 'RY', 'param': 0.1306271130057287, 'wires': [1]}]
[2025-08-04 17:24:45,780][INFO] Energy: 0.004469921811875599
[2025-08-05 09:53:48,470][INFO] Starting VQE run 36 (seed=107440161)
[2025-08-05 09:53:48,604][INFO] Adding RY(0.0, wires=[3]) increased overlap from 0.0 to 0.9486059971853913
[2025-08-05 09:53:48,792][INFO] Adding RY(0.0, wires=[2]) had small change in overlap from 0.9486059971853913 to 0.9477443535290992
[2025-08-05 09:53:50,348][INFO] Adding RY(0.0, wires=[4]) increased overlap from 0.9477443535290992 to 0.9950868984356304
[2025-08-05 09:53:58,202][INFO] Adding CRY(0.0, wires=[4, 3])) increased overlap from 0.9950868984356304 to 0.9986713195019077
[2025-08-05 09:54:09,375][INFO] Adding CRY(0.0, wires=[4, 2])) increased overlap from 0.9986713195019077 to 0.9993454448021059
[2025-08-05 09:54:25,203][INFO] Adding RY(0.0, wires=[1]) increased overlap from 0.9993454448021059 to 0.9995575242445861
[2025-08-05 09:54:42,476][INFO] Adding CRY(0.0, wires=[4, 1])) decreased overlap from 0.9995575242445861 to 0.9548088516456616.. skipping this gate
[2025-08-05 09:54:42,476][INFO] gradient converged
[2025-08-05 09:54:42,476][INFO] Completed VQE run 6
[2025-08-05 09:54:42,476][INFO] Final ops list: [{'name': 'RY', 'param': 0.03644808648855855, 'wires': [3]}, {'name': 'RY', 'param': -0.04370411502099191, 'wires': [2]}, {'name': 'RY', 'param': -0.42409593833203796, 'wires': [4]}, {'name': 'CRY', 'param': -0.27657859827305725, 'wires': [4, 3]}, {'name': 'CRY', 'param': -0.03873111390493159, 'wires': [4, 2]}, {'name': 'RY', 'param': 0.0012967593443350273, 'wires': [1]}]
[2025-08-05 09:54:42,476][INFO] Energy: 0.010747690520424626
