[2025-08-04 17:13:44,888][INFO] Starting VQE run 77 (seed=70349515)
[2025-08-04 17:13:45,006][INFO] Adding RY(0.0, wires=[3]) increased overlap from 0.0 to 0.948605996138612
[2025-08-04 17:13:45,166][INFO] Adding RY(0.0, wires=[2]) had small change in overlap from 0.948605996138612 to 0.9477443518999054
[2025-08-04 17:13:46,533][INFO] Adding RY(0.0, wires=[4]) increased overlap from 0.9477443518999054 to 0.995086901920231
[2025-08-04 17:13:53,176][INFO] Adding CRY(0.0, wires=[4, 3])) increased overlap from 0.995086901920231 to 0.998671323667278
[2025-08-04 17:14:04,938][INFO] Adding CRY(0.0, wires=[4, 2])) increased overlap from 0.998671323667278 to 0.9993454530136733
[2025-08-04 17:14:18,663][INFO] Adding RY(0.0, wires=[1]) increased overlap from 0.9993454530136733 to 0.999538099184061
[2025-08-04 17:14:32,980][INFO] Adding CRY(0.0, wires=[4, 1])) decreased overlap from 0.999538099184061 to 0.9571534483142916.. skipping this gate
[2025-08-04 17:14:32,981][INFO] gradient converged
[2025-08-04 17:14:32,981][INFO] Completed VQE run 6
[2025-08-04 17:14:32,981][INFO] Final ops list: [{'name': 'RY', 'param': 0.039663170569732814, 'wires': [3]}, {'name': 'RY', 'param': -0.04211734180396405, 'wires': [2]}, {'name': 'RY', 'param': -0.4265303147681172, 'wires': [4]}, {'name': 'CRY', 'param': -0.26569974844468197, 'wires': [4, 3]}, {'name': 'CRY', 'param': -0.03710143371526767, 'wires': [4, 2]}, {'name': 'RY', 'param': 0.0011706780933692775, 'wires': [1]}]
[2025-08-04 17:14:32,981][INFO] Energy: 0.010575462071585873
[2025-08-05 09:53:48,673][INFO] Starting VQE run 77 (seed=61877322)
[2025-08-05 09:53:48,792][INFO] Adding RY(0.0, wires=[3]) increased overlap from 0.0 to 0.9486059972968289
[2025-08-05 09:53:48,922][INFO] Adding RY(0.0, wires=[2]) had small change in overlap from 0.9486059972968289 to 0.9477443515622387
[2025-08-05 09:53:50,092][INFO] Adding RY(0.0, wires=[4]) increased overlap from 0.9477443515622387 to 0.995086857625887
[2025-08-05 09:53:57,780][INFO] Adding CRY(0.0, wires=[4, 3])) increased overlap from 0.995086857625887 to 0.9986713718832203
[2025-08-05 09:54:04,410][INFO] Adding CRY(0.0, wires=[4, 2])) increased overlap from 0.9986713718832203 to 0.9993454095420681
[2025-08-05 09:54:16,926][INFO] Adding RY(0.0, wires=[1]) had small change in overlap from 0.9993454095420681 to 0.997939059205744
[2025-08-05 09:54:30,885][INFO] Adding CRY(0.0, wires=[4, 1])) decreased overlap from 0.997939059205744 to 0.9495094546891897.. skipping this gate
[2025-08-05 09:54:30,885][INFO] gradient converged
[2025-08-05 09:54:30,885][INFO] Completed VQE run 6
[2025-08-05 09:54:30,885][INFO] Final ops list: [{'name': 'RY', 'param': 6.269512129892148, 'wires': [3]}, {'name': 'RY', 'param': 6.218572854978612, 'wires': [2]}, {'name': 'RY', 'param': 5.9011122458576635, 'wires': [4]}, {'name': 'CRY', 'param': 5.8272966578597964, 'wires': [4, 3]}, {'name': 'CRY', 'param': 6.2165629861790235, 'wires': [4, 2]}, {'name': 'RY', 'param': 6.286874752630373, 'wires': [1]}]
[2025-08-05 09:54:30,885][INFO] Energy: 0.0223392062149688
