[2025-08-04 17:13:44,845][INFO] Starting VQE run 16 (seed=93620114)
[2025-08-04 17:13:44,960][INFO] Adding RY(0.0, wires=[3]) increased overlap from 0.0 to 0.9486059961678406
[2025-08-04 17:13:45,136][INFO] Adding RY(0.0, wires=[2]) had small change in overlap from 0.9486059961678406 to 0.947744351542273
[2025-08-04 17:13:46,355][INFO] Adding RY(0.0, wires=[4]) increased overlap from 0.947744351542273 to 0.9950868944242764
[2025-08-04 17:13:52,075][INFO] Adding CRY(0.0, wires=[4, 3])) increased overlap from 0.9950868944242764 to 0.9986713767706075
[2025-08-04 17:13:57,169][INFO] Adding CRY(0.0, wires=[4, 2])) increased overlap from 0.9986713767706075 to 0.9993454179987666
[2025-08-04 17:14:11,704][INFO] Adding RY(0.0, wires=[1]) increased overlap from 0.9993454179987666 to 0.9994946995940095
[2025-08-04 17:14:26,310][INFO] Adding CRY(0.0, wires=[3, 2])) had small change in overlap from 0.9994946995940095 to 0.9994111810329771
[2025-08-04 17:14:41,784][INFO] Adding CRY(0.0, wires=[4, 1])) increased overlap from 0.9994111810329771 to 0.9996801417190747
[2025-08-04 17:14:58,506][INFO] Adding CRY(0.0, wires=[3, 1])) had small change in overlap from 0.9996801417190747 to 0.9991145576802133
[2025-08-04 17:15:16,548][INFO] Adding CRY(0.0, wires=[0, 3])) increased overlap from 0.9991145576802133 to 0.9997798006207274
[2025-08-04 17:15:35,828][INFO] Adding CRY(0.0, wires=[2, 1])) had small change in overlap from 0.9997798006207274 to 0.9990232844021015
[2025-08-04 17:15:56,520][INFO] Adding CRY(0.0, wires=[0, 2])) had small change in overlap from 0.9990232844021015 to 0.9963538335213522
[2025-08-04 17:16:18,428][INFO] Adding CRY(0.0, wires=[0, 1])) had small change in overlap from 0.9963538335213522 to 0.9951496817235069
[2025-08-04 17:16:41,697][INFO] Adding CRY(0.0, wires=[0, 4])) increased overlap from 0.9951496817235069 to 0.9964454490674483
[2025-08-04 17:17:06,261][INFO] Adding CRY(0.0, wires=[3, 4])) had small change in overlap from 0.9964454490674483 to 0.9948257000196732
[2025-08-04 17:17:31,390][INFO] Adding RY(0.0, wires=[3]) increased overlap from 0.9948257000196732 to 0.999085508444146
[2025-08-04 17:17:57,168][INFO] Adding RY(0.0, wires=[1]) decreased overlap from 0.999085508444146 to 0.9853094882451104.. skipping this gate
[2025-08-04 17:17:57,168][INFO] gradient converged
[2025-08-04 17:17:57,168][INFO] Completed VQE run 16
[2025-08-04 17:17:57,168][INFO] Final ops list: [{'name': 'RY', 'param': 6.288890013871292, 'wires': [3]}, {'name': 'RY', 'param': 5.976333031372459, 'wires': [2]}, {'name': 'RY', 'param': 6.28831280684163, 'wires': [4]}, {'name': 'CRY', 'param': 6.070747894059764, 'wires': [4, 3]}, {'name': 'CRY', 'param': 6.307651488759296, 'wires': [4, 2]}, {'name': 'RY', 'param': 6.208750743766171, 'wires': [1]}, {'name': 'CRY', 'param': 6.8432247157145225, 'wires': [3, 2]}, {'name': 'CRY', 'param': 6.278320720597629, 'wires': [4, 1]}, {'name': 'CRY', 'param': 6.2139672105422505, 'wires': [3, 1]}, {'name': 'CRY', 'param': 6.137379553054013, 'wires': [0, 3]}, {'name': 'CRY', 'param': 6.28253423273073, 'wires': [2, 1]}, {'name': 'CRY', 'param': 5.938976808008302, 'wires': [0, 2]}, {'name': 'CRY', 'param': 6.357375648911012, 'wires': [0, 1]}, {'name': 'CRY', 'param': 5.879839847371599, 'wires': [0, 4]}, {'name': 'CRY', 'param': 7.168234501700119, 'wires': [3, 4]}, {'name': 'RY', 'param': 6.1615567233423265, 'wires': [3]}]
[2025-08-04 17:17:57,168][INFO] Energy: 0.024585956104213946
[2025-08-05 09:53:48,387][INFO] Starting VQE run 16 (seed=81487677)
[2025-08-05 09:53:48,493][INFO] Adding RY(0.0, wires=[3]) increased overlap from 0.0 to 0.9486059963322949
[2025-08-05 09:53:48,641][INFO] Adding RY(0.0, wires=[2]) had small change in overlap from 0.9486059963322949 to 0.9477443524307279
[2025-08-05 09:53:49,750][INFO] Adding RY(0.0, wires=[4]) increased overlap from 0.9477443524307279 to 0.9950868958818153
[2025-08-05 09:53:55,535][INFO] Adding CRY(0.0, wires=[4, 3])) increased overlap from 0.9950868958818153 to 0.99867136925909
[2025-08-05 09:54:03,395][INFO] Adding CRY(0.0, wires=[4, 2])) increased overlap from 0.99867136925909 to 0.9993454175685351
[2025-08-05 09:54:16,016][INFO] Adding RY(0.0, wires=[1]) increased overlap from 0.9993454175685351 to 0.9995607911479616
[2025-08-05 09:54:30,180][INFO] Adding CRY(0.0, wires=[4, 1])) had small change in overlap from 0.9995607911479616 to 0.9995421991392959
[2025-08-05 09:54:45,754][INFO] Adding CRY(0.0, wires=[3, 2])) had small change in overlap from 0.9995421991392959 to 0.9993427281281746
[2025-08-05 09:55:02,687][INFO] Adding CRY(0.0, wires=[3, 1])) had small change in overlap from 0.9993427281281746 to 0.9992758404007718
[2025-08-05 09:55:20,983][INFO] Adding CRY(0.0, wires=[0, 3])) increased overlap from 0.9992758404007718 to 0.9998582793360111
[2025-08-05 09:55:40,615][INFO] Adding CRY(0.0, wires=[2, 1])) had small change in overlap from 0.9998582793360111 to 0.9992126510047341
[2025-08-05 09:56:01,614][INFO] Adding CRY(0.0, wires=[0, 2])) increased overlap from 0.9992126510047341 to 0.9992183760366006
[2025-08-05 09:56:24,039][INFO] Adding CRY(0.0, wires=[0, 4])) increased overlap from 0.9992183760366006 to 0.999385559187889
[2025-08-05 09:56:47,714][INFO] Adding CRY(0.0, wires=[0, 1])) increased overlap from 0.999385559187889 to 0.9996735849176667
[2025-08-05 09:57:12,031][INFO] Adding RY(0.0, wires=[4]) increased overlap from 0.9996735849176667 to 0.9997370640578016
[2025-08-05 09:57:36,852][INFO] Adding RY(0.0, wires=[1]) increased overlap from 0.9997370640578016 to 0.9997471036799912
[2025-08-05 09:58:02,226][INFO] Adding RY(0.0, wires=[3]) had small change in overlap from 0.9997471036799912 to 0.9995810232877443
[2025-08-05 09:58:28,122][INFO] Adding RY(0.0, wires=[2]) increased overlap from 0.9995810232877443 to 0.9996399342448304
[2025-08-05 09:58:55,402][INFO] Adding CRY(0.0, wires=[3, 4])) had small change in overlap from 0.9996399342448304 to 0.9985078493423958
[2025-08-05 09:59:23,477][INFO] Adding RY(0.0, wires=[3]) had small change in overlap from 0.9985078493423958 to 0.9952383130465967
[2025-08-05 09:59:52,080][INFO] Adding RY(0.0, wires=[4]) increased overlap from 0.9952383130465967 to 0.9997592720080728
[2025-08-05 10:00:22,157][INFO] Adding CRY(0.0, wires=[2, 4])) had small change in overlap from 0.9997592720080728 to 0.9980552115874575
[2025-08-05 10:00:52,831][INFO] Adding RY(0.0, wires=[2]) decreased overlap from 0.9980552115874575 to 0.9804286204263679.. skipping this gate
[2025-08-05 10:00:52,831][INFO] gradient converged
[2025-08-05 10:00:52,831][INFO] Completed VQE run 22
[2025-08-05 10:00:52,831][INFO] Final ops list: [{'name': 'RY', 'param': 8.921126471692736, 'wires': [3]}, {'name': 'RY', 'param': 6.574146203842302, 'wires': [2]}, {'name': 'RY', 'param': 7.882696470161541, 'wires': [4]}, {'name': 'CRY', 'param': 6.905359354097279, 'wires': [4, 3]}, {'name': 'CRY', 'param': 6.304521697490648, 'wires': [4, 2]}, {'name': 'RY', 'param': 8.65583036011233, 'wires': [1]}, {'name': 'CRY', 'param': 6.282651233113822, 'wires': [4, 1]}, {'name': 'CRY', 'param': 6.2377329196417985, 'wires': [3, 2]}, {'name': 'CRY', 'param': 6.284540520987148, 'wires': [3, 1]}, {'name': 'CRY', 'param': 5.135465443974004, 'wires': [0, 3]}, {'name': 'CRY', 'param': 6.283704962696017, 'wires': [2, 1]}, {'name': 'CRY', 'param': 6.872769303635047, 'wires': [0, 2]}, {'name': 'CRY', 'param': 9.28143428929852, 'wires': [0, 4]}, {'name': 'CRY', 'param': 5.244339172084775, 'wires': [0, 1]}, {'name': 'RY', 'param': 5.748699048737657, 'wires': [4]}, {'name': 'RY', 'param': 4.949315207701753, 'wires': [1]}, {'name': 'RY', 'param': 4.338305436102977, 'wires': [3]}, {'name': 'RY', 'param': 5.962053323340505, 'wires': [2]}, {'name': 'CRY', 'param': 4.1081917957107255, 'wires': [3, 4]}, {'name': 'RY', 'param': 6.010509078009321, 'wires': [3]}, {'name': 'RY', 'param': 4.9946309542776826, 'wires': [4]}, {'name': 'CRY', 'param': 4.990342291824246, 'wires': [2, 4]}]
[2025-08-05 10:00:52,831][INFO] Energy: 0.020947367360496197
