[2025-08-04 17:13:44,886][INFO] Starting VQE run 78 (seed=96278493)
[2025-08-04 17:13:45,007][INFO] Adding RY(0.0, wires=[3]) increased overlap from 0.0 to 0.9486059973499015
[2025-08-04 17:13:45,184][INFO] Adding RY(0.0, wires=[2]) had small change in overlap from 0.9486059973499015 to 0.9477443518248113
[2025-08-04 17:13:46,683][INFO] Adding RY(0.0, wires=[4]) increased overlap from 0.9477443518248113 to 0.995086899268987
[2025-08-04 17:13:59,631][INFO] Adding CRY(0.0, wires=[4, 3])) decreased overlap from 0.995086899268987 to 0.9397314987694835.. skipping this gate
[2025-08-04 17:13:59,632][INFO] gradient converged
[2025-08-04 17:13:59,632][INFO] Completed VQE run 3
[2025-08-04 17:13:59,632][INFO] Final ops list: [{'name': 'RY', 'param': 0.11055701211399413, 'wires': [3]}, {'name': 'RY', 'param': 0.005095917630926505, 'wires': [2]}, {'name': 'RY', 'param': -0.4619608659286131, 'wires': [4]}]
[2025-08-04 17:13:59,632][INFO] Energy: 0.038340361225992985
[2025-08-05 09:53:48,680][INFO] Starting VQE run 78 (seed=87866304)
[2025-08-05 09:53:48,801][INFO] Adding RY(0.0, wires=[3]) increased overlap from 0.0 to 0.9486059974239249
[2025-08-05 09:53:48,950][INFO] Adding RY(0.0, wires=[2]) had small change in overlap from 0.9486059974239249 to 0.9477443506321777
[2025-08-05 09:53:50,139][INFO] Adding RY(0.0, wires=[4]) increased overlap from 0.9477443506321777 to 0.9950868630842776
[2025-08-05 09:53:59,600][INFO] Adding CRY(0.0, wires=[4, 3])) increased overlap from 0.9950868630842776 to 0.9986713615377153
[2025-08-05 09:54:10,470][INFO] Adding CRY(0.0, wires=[4, 2])) increased overlap from 0.9986713615377153 to 0.9993454461280328
[2025-08-05 09:54:22,946][INFO] Adding RY(0.0, wires=[1]) increased overlap from 0.9993454461280328 to 0.9994757862096834
[2025-08-05 09:54:36,908][INFO] Adding CRY(0.0, wires=[3, 2])) had small change in overlap from 0.9994757862096834 to 0.9936697891297647
[2025-08-05 09:54:52,286][INFO] Adding CRY(0.0, wires=[0, 3])) had small change in overlap from 0.9936697891297647 to 0.9851772806779088
[2025-08-05 09:55:09,064][INFO] Adding CRY(0.0, wires=[4, 1])) decreased overlap from 0.9851772806779088 to 0.9484402812694774.. skipping this gate
[2025-08-05 09:55:09,064][INFO] gradient converged
[2025-08-05 09:55:09,064][INFO] Completed VQE run 8
[2025-08-05 09:55:09,064][INFO] Final ops list: [{'name': 'RY', 'param': 5.574140708552869, 'wires': [3]}, {'name': 'RY', 'param': 6.1978462528522815, 'wires': [2]}, {'name': 'RY', 'param': 5.9895980696573465, 'wires': [4]}, {'name': 'CRY', 'param': 7.1870598254674345, 'wires': [4, 3]}, {'name': 'CRY', 'param': 6.170339659070788, 'wires': [4, 2]}, {'name': 'RY', 'param': 6.291335783315342, 'wires': [1]}, {'name': 'CRY', 'param': 6.289035512458762, 'wires': [3, 2]}, {'name': 'CRY', 'param': 5.468866622730304, 'wires': [0, 3]}]
[2025-08-05 09:55:09,064][INFO] Energy: 0.0902141890585064
