[2025-08-04 17:13:44,880][INFO] Starting VQE run 65 (seed=6115357)
[2025-08-04 17:13:45,001][INFO] Adding RY(0.0, wires=[3]) increased overlap from 0.0 to 0.9486059962834423
[2025-08-04 17:13:45,163][INFO] Adding RY(0.0, wires=[2]) had small change in overlap from 0.9486059962834423 to 0.9477443522729543
[2025-08-04 17:13:46,667][INFO] Adding RY(0.0, wires=[4]) increased overlap from 0.9477443522729543 to 0.9950868997076192
[2025-08-04 17:13:53,754][INFO] Adding CRY(0.0, wires=[4, 3])) increased overlap from 0.9950868997076192 to 0.9986713266344078
[2025-08-04 17:14:02,109][INFO] Adding CRY(0.0, wires=[4, 2])) increased overlap from 0.9986713266344078 to 0.9993454430902611
[2025-08-04 17:14:16,143][INFO] Adding RY(0.0, wires=[1]) increased overlap from 0.9993454430902611 to 0.99955572003543
[2025-08-04 17:14:30,592][INFO] Adding CRY(0.0, wires=[4, 1])) decreased overlap from 0.99955572003543 to 0.9544920410924191.. skipping this gate
[2025-08-04 17:14:30,592][INFO] gradient converged
[2025-08-04 17:14:30,592][INFO] Completed VQE run 6
[2025-08-04 17:14:30,592][INFO] Final ops list: [{'name': 'RY', 'param': 0.03670968274003151, 'wires': [3]}, {'name': 'RY', 'param': -0.04353682609185209, 'wires': [2]}, {'name': 'RY', 'param': -0.4242925471676154, 'wires': [4]}, {'name': 'CRY', 'param': -0.27554491900451117, 'wires': [4, 3]}, {'name': 'CRY', 'param': -0.03852872549623906, 'wires': [4, 2]}, {'name': 'RY', 'param': 0.0012711050116810559, 'wires': [1]}]
[2025-08-04 17:14:30,592][INFO] Energy: 0.010728342188074171
[2025-08-05 09:53:48,590][INFO] Starting VQE run 65 (seed=120379905)
[2025-08-05 09:53:48,720][INFO] Adding RY(0.0, wires=[3]) increased overlap from 0.0 to 0.9486059964634712
[2025-08-05 09:53:48,908][INFO] Adding RY(0.0, wires=[2]) had small change in overlap from 0.9486059964634712 to 0.9477443525474798
[2025-08-05 09:53:50,285][INFO] Adding RY(0.0, wires=[4]) increased overlap from 0.9477443525474798 to 0.9950868653150016
[2025-08-05 09:54:02,431][INFO] Adding CRY(0.0, wires=[4, 3])) increased overlap from 0.9950868653150016 to 0.99867137488166
[2025-08-05 09:54:17,657][INFO] Adding CRY(0.0, wires=[4, 2])) decreased overlap from 0.99867137488166 to 0.9475661947098716.. skipping this gate
[2025-08-05 09:54:17,657][INFO] gradient converged
[2025-08-05 09:54:17,657][INFO] Completed VQE run 4
[2025-08-05 09:54:17,657][INFO] Final ops list: [{'name': 'RY', 'param': 6.343189744220821, 'wires': [3]}, {'name': 'RY', 'param': 6.26209554542008, 'wires': [2]}, {'name': 'RY', 'param': 6.720783035516992, 'wires': [4]}, {'name': 'CRY', 'param': 6.111803042375497, 'wires': [4, 3]}]
[2025-08-05 09:54:17,657][INFO] Energy: 0.018945439397354845
