[2025-08-04 17:13:44,870][INFO] Starting VQE run 84 (seed=4938783)
[2025-08-04 17:13:44,991][INFO] Adding RY(0.0, wires=[3]) increased overlap from 0.0 to 0.9486059972296551
[2025-08-04 17:13:45,143][INFO] Adding RY(0.0, wires=[2]) had small change in overlap from 0.9486059972296551 to 0.9477443520918392
[2025-08-04 17:13:46,407][INFO] Adding RY(0.0, wires=[4]) increased overlap from 0.9477443520918392 to 0.9950869008026184
[2025-08-04 17:13:52,914][INFO] Adding CRY(0.0, wires=[4, 3])) increased overlap from 0.9950869008026184 to 0.9986713148070608
[2025-08-04 17:14:00,833][INFO] Adding CRY(0.0, wires=[4, 2])) increased overlap from 0.9986713148070608 to 0.999345451610702
[2025-08-04 17:14:14,928][INFO] Adding RY(0.0, wires=[1]) had small change in overlap from 0.999345451610702 to 0.998640986044908
[2025-08-04 17:14:29,386][INFO] Adding CRY(0.0, wires=[4, 1])) decreased overlap from 0.998640986044908 to 0.980724763934886.. skipping this gate
[2025-08-04 17:14:29,386][INFO] gradient converged
[2025-08-04 17:14:29,386][INFO] Completed VQE run 6
[2025-08-04 17:14:29,386][INFO] Final ops list: [{'name': 'RY', 'param': -0.0019232965580906816, 'wires': [3]}, {'name': 'RY', 'param': -0.060192971821727254, 'wires': [2]}, {'name': 'RY', 'param': -0.39220877215994215, 'wires': [4]}, {'name': 'CRY', 'param': -0.41080263618354673, 'wires': [4, 3]}, {'name': 'CRY', 'param': -0.059535357530178544, 'wires': [4, 2]}, {'name': 'RY', 'param': 0.0030374158934421453, 'wires': [1]}]
[2025-08-04 17:14:29,386][INFO] Energy: 0.018132300982692647
[2025-08-05 09:53:48,691][INFO] Starting VQE run 84 (seed=120343407)
[2025-08-05 09:53:48,824][INFO] Adding RY(0.0, wires=[3]) increased overlap from 0.0 to 0.9486059976089302
[2025-08-05 09:53:49,004][INFO] Adding RY(0.0, wires=[2]) had small change in overlap from 0.9486059976089302 to 0.947744350118331
[2025-08-05 09:53:50,212][INFO] Adding RY(0.0, wires=[4]) increased overlap from 0.947744350118331 to 0.9950868575523182
[2025-08-05 09:53:56,706][INFO] Adding CRY(0.0, wires=[4, 3])) increased overlap from 0.9950868575523182 to 0.998671320195521
[2025-08-05 09:54:06,083][INFO] Adding CRY(0.0, wires=[4, 2])) increased overlap from 0.998671320195521 to 0.9993454524133629
[2025-08-05 09:54:22,077][INFO] Adding RY(0.0, wires=[1]) increased overlap from 0.9993454524133629 to 0.999477627604141
[2025-08-05 09:54:39,367][INFO] Adding CRY(0.0, wires=[4, 1])) increased overlap from 0.999477627604141 to 0.9995347518631253
[2025-08-05 09:54:58,111][INFO] Adding CRY(0.0, wires=[3, 2])) had small change in overlap from 0.9995347518631253 to 0.9985729228038972
[2025-08-05 09:55:19,699][INFO] Adding CRY(0.0, wires=[0, 1])) increased overlap from 0.9985729228038972 to 0.9987693120908953
[2025-08-05 09:55:39,351][INFO] Adding CRY(0.0, wires=[3, 1])) had small change in overlap from 0.9987693120908953 to 0.9974969296042566
[2025-08-05 09:56:03,100][INFO] Adding CRY(0.0, wires=[0, 3])) increased overlap from 0.9974969296042566 to 0.9988589965926281
[2025-08-05 09:56:29,001][INFO] Adding CRY(0.0, wires=[0, 4])) increased overlap from 0.9988589965926281 to 0.9996875342573248
[2025-08-05 09:56:56,638][INFO] Adding CRY(0.0, wires=[2, 1])) had small change in overlap from 0.9996875342573248 to 0.9985811274768432
[2025-08-05 09:57:25,745][INFO] Adding CRY(0.0, wires=[0, 2])) increased overlap from 0.9985811274768432 to 0.9994921815253052
[2025-08-05 09:57:55,087][INFO] Adding RY(0.0, wires=[2]) increased overlap from 0.9994921815253052 to 0.9996928422964788
[2025-08-05 09:58:25,002][INFO] Adding RY(0.0, wires=[1]) had small change in overlap from 0.9996928422964788 to 0.9959035109539067
[2025-08-05 09:58:51,648][INFO] Adding RY(0.0, wires=[3]) increased overlap from 0.9959035109539067 to 0.9971459270650261
[2025-08-05 09:59:18,301][INFO] Adding CRY(0.0, wires=[3, 4])) increased overlap from 0.9971459270650261 to 0.997147128746066
[2025-08-05 09:59:45,620][INFO] Adding RY(0.0, wires=[3]) increased overlap from 0.997147128746066 to 0.999020373084631
[2025-08-05 10:00:13,733][INFO] Adding RY(0.0, wires=[4]) had small change in overlap from 0.999020373084631 to 0.9978898249191158
[2025-08-05 10:00:43,176][INFO] Adding CRY(0.0, wires=[1, 3])) increased overlap from 0.9978898249191158 to 0.9986899705026843
[2025-08-05 10:01:13,317][INFO] Adding RY(0.0, wires=[1]) decreased overlap from 0.9986899705026843 to 0.9845114564994145.. skipping this gate
[2025-08-05 10:01:13,317][INFO] gradient converged
[2025-08-05 10:01:13,317][INFO] Completed VQE run 21
[2025-08-05 10:01:13,317][INFO] Final ops list: [{'name': 'RY', 'param': 6.246050912415155, 'wires': [3]}, {'name': 'RY', 'param': 6.536205676824173, 'wires': [2]}, {'name': 'RY', 'param': 7.915331808920418, 'wires': [4]}, {'name': 'CRY', 'param': 6.349495057658605, 'wires': [4, 3]}, {'name': 'CRY', 'param': 6.293976810906187, 'wires': [4, 2]}, {'name': 'RY', 'param': 8.232558614959112, 'wires': [1]}, {'name': 'CRY', 'param': 6.277404379385648, 'wires': [4, 1]}, {'name': 'CRY', 'param': 6.977936380383138, 'wires': [3, 2]}, {'name': 'CRY', 'param': 4.882765567425296, 'wires': [0, 1]}, {'name': 'CRY', 'param': 6.247527166021729, 'wires': [3, 1]}, {'name': 'CRY', 'param': 7.179865115977126, 'wires': [0, 3]}, {'name': 'CRY', 'param': 8.358968768369843, 'wires': [0, 4]}, {'name': 'CRY', 'param': 6.28374329623291, 'wires': [2, 1]}, {'name': 'CRY', 'param': 7.9015004431715035, 'wires': [0, 2]}, {'name': 'RY', 'param': 4.890588537294245, 'wires': [2]}, {'name': 'RY', 'param': 5.726650397283809, 'wires': [1]}, {'name': 'RY', 'param': 5.3618507895325775, 'wires': [3]}, {'name': 'CRY', 'param': 7.641913414269358, 'wires': [3, 4]}, {'name': 'RY', 'param': 6.343302262560745, 'wires': [3]}, {'name': 'RY', 'param': 5.389425838928624, 'wires': [4]}, {'name': 'CRY', 'param': 6.611266394318391, 'wires': [1, 3]}]
[2025-08-05 10:01:13,317][INFO] Energy: 0.01246115306463495
