[2025-08-04 17:13:44,834][INFO] Starting VQE run 1 (seed=75055811)
[2025-08-04 17:13:44,945][INFO] Adding RY(0.0, wires=[3]) increased overlap from 0.0 to 0.9486059966317355
[2025-08-04 17:13:45,111][INFO] Adding RY(0.0, wires=[2]) had small change in overlap from 0.9486059966317355 to 0.9477443549269887
[2025-08-04 17:13:46,499][INFO] Adding RY(0.0, wires=[4]) increased overlap from 0.9477443549269887 to 0.9950868945474391
[2025-08-04 17:13:57,283][INFO] Adding CRY(0.0, wires=[4, 3])) increased overlap from 0.9950868945474391 to 0.9986713698523182
[2025-08-04 17:14:04,247][INFO] Adding CRY(0.0, wires=[4, 2])) increased overlap from 0.9986713698523182 to 0.9993454499143615
[2025-08-04 17:14:18,047][INFO] Adding RY(0.0, wires=[1]) increased overlap from 0.9993454499143615 to 0.9994524697527936
[2025-08-04 17:14:32,442][INFO] Adding CRY(0.0, wires=[3, 2])) had small change in overlap from 0.9994524697527936 to 0.9993112447052478
[2025-08-04 17:14:47,703][INFO] Adding CRY(0.0, wires=[4, 1])) decreased overlap from 0.9993112447052478 to 0.9884795879930056.. skipping this gate
[2025-08-04 17:14:47,703][INFO] gradient converged
[2025-08-04 17:14:47,703][INFO] Completed VQE run 7
[2025-08-04 17:14:47,703][INFO] Final ops list: [{'name': 'RY', 'param': 6.225028119440957, 'wires': [3]}, {'name': 'RY', 'param': 6.245753871856202, 'wires': [2]}, {'name': 'RY', 'param': 5.840525189792665, 'wires': [4]}, {'name': 'CRY', 'param': 6.5010224347025956, 'wires': [4, 3]}, {'name': 'CRY', 'param': 6.2405283790992305, 'wires': [4, 2]}, {'name': 'RY', 'param': 6.285328652632948, 'wires': [1]}, {'name': 'CRY', 'param': 6.223900746790772, 'wires': [3, 2]}]
[2025-08-04 17:14:47,703][INFO] Energy: 0.007953916283678676
[2025-08-05 09:53:48,368][INFO] Starting VQE run 1 (seed=62023314)
[2025-08-05 09:53:48,464][INFO] Adding RY(0.0, wires=[3]) increased overlap from 0.0 to 0.9486059962192661
[2025-08-05 09:53:48,596][INFO] Adding RY(0.0, wires=[2]) had small change in overlap from 0.9486059962192661 to 0.9477443517235176
[2025-08-05 09:53:49,895][INFO] Adding RY(0.0, wires=[4]) increased overlap from 0.9477443517235176 to 0.995086894464771
[2025-08-05 09:54:01,019][INFO] Adding CRY(0.0, wires=[4, 3])) decreased overlap from 0.995086894464771 to 0.930800411823002.. skipping this gate
[2025-08-05 09:54:01,019][INFO] gradient converged
[2025-08-05 09:54:01,019][INFO] Completed VQE run 3
[2025-08-05 09:54:01,019][INFO] Final ops list: [{'name': 'RY', 'param': 0.1105570800110233, 'wires': [3]}, {'name': 'RY', 'param': 0.0050959064867822715, 'wires': [2]}, {'name': 'RY', 'param': -0.46196100137889456, 'wires': [4]}]
[2025-08-05 09:54:01,019][INFO] Energy: 0.03834036122573265
