[2025-08-04 17:13:44,884][INFO] Starting VQE run 73 (seed=90090392)
[2025-08-04 17:13:45,003][INFO] Adding RY(0.0, wires=[3]) increased overlap from 0.0 to 0.9486059976444955
[2025-08-04 17:13:45,186][INFO] Adding RY(0.0, wires=[2]) had small change in overlap from 0.9486059976444955 to 0.9477443517779818
[2025-08-04 17:13:46,800][INFO] Adding RY(0.0, wires=[4]) increased overlap from 0.9477443517779818 to 0.9950868887391792
[2025-08-04 17:13:59,699][INFO] Adding CRY(0.0, wires=[4, 3])) decreased overlap from 0.9950868887391792 to 0.9284456607427508.. skipping this gate
[2025-08-04 17:13:59,699][INFO] gradient converged
[2025-08-04 17:13:59,699][INFO] Completed VQE run 3
[2025-08-04 17:13:59,700][INFO] Final ops list: [{'name': 'RY', 'param': 0.11055715394424324, 'wires': [3]}, {'name': 'RY', 'param': 0.0050959340976597925, 'wires': [2]}, {'name': 'RY', 'param': -0.46196108903614885, 'wires': [4]}]
[2025-08-04 17:13:59,700][INFO] Energy: 0.03834036122557813
[2025-08-05 09:53:48,630][INFO] Starting VQE run 73 (seed=81378183)
[2025-08-05 09:53:48,763][INFO] Adding RY(0.0, wires=[3]) increased overlap from 0.0 to 0.9486059962956223
[2025-08-05 09:53:48,897][INFO] Adding RY(0.0, wires=[2]) had small change in overlap from 0.9486059962956223 to 0.9477443520793108
[2025-08-05 09:53:50,008][INFO] Adding RY(0.0, wires=[4]) increased overlap from 0.9477443520793108 to 0.9950868938387294
[2025-08-05 09:53:56,613][INFO] Adding CRY(0.0, wires=[4, 3])) increased overlap from 0.9950868938387294 to 0.9986713754700156
[2025-08-05 09:54:03,732][INFO] Adding CRY(0.0, wires=[4, 2])) increased overlap from 0.9986713754700156 to 0.9993454451689597
[2025-08-05 09:54:16,241][INFO] Adding RY(0.0, wires=[1]) increased overlap from 0.9993454451689597 to 0.9994278942649389
[2025-08-05 09:54:30,277][INFO] Adding CRY(0.0, wires=[3, 2])) had small change in overlap from 0.9994278942649389 to 0.9993633288387158
[2025-08-05 09:54:45,649][INFO] Adding CRY(0.0, wires=[4, 1])) decreased overlap from 0.9993633288387158 to 0.9860565943015959.. skipping this gate
[2025-08-05 09:54:45,649][INFO] gradient converged
[2025-08-05 09:54:45,649][INFO] Completed VQE run 7
[2025-08-05 09:54:45,649][INFO] Final ops list: [{'name': 'RY', 'param': 6.224057874846042, 'wires': [3]}, {'name': 'RY', 'param': 6.2437766677973485, 'wires': [2]}, {'name': 'RY', 'param': 5.839881580977429, 'wires': [4]}, {'name': 'CRY', 'param': 6.50060308629978, 'wires': [4, 3]}, {'name': 'CRY', 'param': 6.228828969495975, 'wires': [4, 2]}, {'name': 'RY', 'param': 6.286632540849399, 'wires': [1]}, {'name': 'CRY', 'param': 6.170657646924413, 'wires': [3, 2]}]
[2025-08-05 09:54:45,649][INFO] Energy: 0.008205068673781776
