[2025-08-04 17:13:44,849][INFO] Starting VQE run 25 (seed=80067338)
[2025-08-04 17:13:44,964][INFO] Adding RY(0.0, wires=[3]) increased overlap from 0.0 to 0.9486059971593909
[2025-08-04 17:13:45,143][INFO] Adding RY(0.0, wires=[2]) had small change in overlap from 0.9486059971593909 to 0.9477443516240076
[2025-08-04 17:13:46,382][INFO] Adding RY(0.0, wires=[4]) increased overlap from 0.9477443516240076 to 0.995086902446988
[2025-08-04 17:13:52,872][INFO] Adding CRY(0.0, wires=[4, 3])) increased overlap from 0.995086902446988 to 0.9986713105490681
[2025-08-04 17:14:00,178][INFO] Adding CRY(0.0, wires=[4, 2])) increased overlap from 0.9986713105490681 to 0.9993454427069591
[2025-08-04 17:14:14,432][INFO] Adding RY(0.0, wires=[1]) increased overlap from 0.9993454427069591 to 0.999440450539751
[2025-08-04 17:14:28,902][INFO] Adding CRY(0.0, wires=[3, 2])) increased overlap from 0.999440450539751 to 0.9994628392714909
[2025-08-04 17:14:44,155][INFO] Adding CRY(0.0, wires=[4, 1])) had small change in overlap from 0.9994628392714909 to 0.9954059751786865
[2025-08-04 17:15:00,758][INFO] Adding CRY(0.0, wires=[0, 3])) increased overlap from 0.9954059751786865 to 0.9999222929624012
[2025-08-04 17:15:18,730][INFO] Adding CRY(0.0, wires=[0, 4])) increased overlap from 0.9999222929624012 to 0.9999772722636653
[2025-08-04 17:15:38,012][INFO] Adding CRY(0.0, wires=[3, 1])) had small change in overlap from 0.9999772722636653 to 0.9986442458977476
[2025-08-04 17:15:58,677][INFO] Adding CRY(0.0, wires=[2, 1])) increased overlap from 0.9986442458977476 to 0.9988189854870888
[2025-08-04 17:16:20,788][INFO] Adding CRY(0.0, wires=[0, 2])) had small change in overlap from 0.9988189854870888 to 0.9969650679505729
[2025-08-04 17:16:44,131][INFO] Adding CRY(0.0, wires=[0, 1])) had small change in overlap from 0.9969650679505729 to 0.9944697315364074
[2025-08-04 17:17:08,148][INFO] Adding RY(0.0, wires=[3]) had small change in overlap from 0.9944697315364074 to 0.9931686048648469
[2025-08-04 17:17:32,738][INFO] Adding RY(0.0, wires=[4]) increased overlap from 0.9931686048648469 to 0.9961999707851634
[2025-08-04 17:17:58,725][INFO] Adding CRY(0.0, wires=[3, 4])) increased overlap from 0.9961999707851634 to 0.9968402041916088
[2025-08-04 17:18:25,191][INFO] Adding RY(0.0, wires=[3]) decreased overlap from 0.9968402041916088 to 0.9846518601000649.. skipping this gate
[2025-08-04 17:18:25,192][INFO] gradient converged
[2025-08-04 17:18:25,192][INFO] Completed VQE run 17
[2025-08-04 17:18:25,192][INFO] Final ops list: [{'name': 'RY', 'param': -0.06971046779444313, 'wires': [3]}, {'name': 'RY', 'param': -0.15162884031385204, 'wires': [2]}, {'name': 'RY', 'param': -0.00032193212010445344, 'wires': [4]}, {'name': 'CRY', 'param': 2.019302913701072, 'wires': [4, 3]}, {'name': 'CRY', 'param': -0.10276302261326468, 'wires': [4, 2]}, {'name': 'RY', 'param': -0.18362768445411637, 'wires': [1]}, {'name': 'CRY', 'param': -0.0006148729466668018, 'wires': [3, 2]}, {'name': 'CRY', 'param': 1.8390707146183247, 'wires': [4, 1]}, {'name': 'CRY', 'param': 0.07003934332919556, 'wires': [0, 3]}, {'name': 'CRY', 'param': -0.7060205440703939, 'wires': [0, 4]}, {'name': 'CRY', 'param': 1.9499020149376718, 'wires': [3, 1]}, {'name': 'CRY', 'param': -0.0018942873841811619, 'wires': [2, 1]}, {'name': 'CRY', 'param': 0.1446384100956489, 'wires': [0, 2]}, {'name': 'CRY', 'param': 0.18374305088824264, 'wires': [0, 1]}, {'name': 'RY', 'param': 0.09097480392983942, 'wires': [3]}, {'name': 'RY', 'param': 0.24787424717216208, 'wires': [4]}, {'name': 'CRY', 'param': 0.3675023974422025, 'wires': [3, 4]}]
[2025-08-04 17:18:25,192][INFO] Energy: 0.024673752253324584
[2025-08-05 09:53:48,430][INFO] Starting VQE run 25 (seed=68474937)
[2025-08-05 09:53:48,525][INFO] Adding RY(0.0, wires=[3]) increased overlap from 0.0 to 0.9486059974221344
[2025-08-05 09:53:48,654][INFO] Adding RY(0.0, wires=[2]) had small change in overlap from 0.9486059974221344 to 0.9477443531276785
[2025-08-05 09:53:49,724][INFO] Adding RY(0.0, wires=[4]) increased overlap from 0.9477443531276785 to 0.9950868970223773
[2025-08-05 09:53:55,432][INFO] Adding CRY(0.0, wires=[4, 3])) increased overlap from 0.9950868970223773 to 0.9986713199134764
[2025-08-05 09:54:04,730][INFO] Adding CRY(0.0, wires=[4, 2])) increased overlap from 0.9986713199134764 to 0.9993454482110323
[2025-08-05 09:54:17,240][INFO] Adding RY(0.0, wires=[1]) increased overlap from 0.9993454482110323 to 0.9995294766865025
[2025-08-05 09:54:31,335][INFO] Adding CRY(0.0, wires=[4, 1])) decreased overlap from 0.9995294766865025 to 0.9578437830259472.. skipping this gate
[2025-08-05 09:54:31,336][INFO] gradient converged
[2025-08-05 09:54:31,336][INFO] Completed VQE run 6
[2025-08-05 09:54:31,336][INFO] Final ops list: [{'name': 'RY', 'param': 0.04078286345217038, 'wires': [3]}, {'name': 'RY', 'param': -0.04162170148643389, 'wires': [2]}, {'name': 'RY', 'param': -0.4274430216965981, 'wires': [4]}, {'name': 'CRY', 'param': -0.2622029075675253, 'wires': [4, 3]}, {'name': 'CRY', 'param': -0.03657827703250506, 'wires': [4, 2]}, {'name': 'RY', 'param': 0.0011355981972990129, 'wires': [1]}]
[2025-08-05 09:54:31,336][INFO] Energy: 0.010535717795502476
