[2025-08-04 17:13:44,887][INFO] Starting VQE run 79 (seed=122207471)
[2025-08-04 17:13:45,010][INFO] Adding RY(0.0, wires=[3]) increased overlap from 0.0 to 0.948605997298455
[2025-08-04 17:13:45,198][INFO] Adding RY(0.0, wires=[2]) had small change in overlap from 0.948605997298455 to 0.9477443502640089
[2025-08-04 17:13:46,702][INFO] Adding RY(0.0, wires=[4]) increased overlap from 0.9477443502640089 to 0.9950869054147475
[2025-08-04 17:13:59,685][INFO] Adding CRY(0.0, wires=[4, 3])) had small change in overlap from 0.9950869054147475 to 0.9920684049135748
[2025-08-04 17:14:12,292][INFO] Adding RY(0.0, wires=[1]) increased overlap from 0.9920684049135748 to 0.9986228208049011
[2025-08-04 17:14:25,331][INFO] Adding CRY(0.0, wires=[4, 2])) decreased overlap from 0.9986228208049011 to 0.952696378277982.. skipping this gate
[2025-08-04 17:14:25,331][INFO] gradient converged
[2025-08-04 17:14:25,331][INFO] Completed VQE run 5
[2025-08-04 17:14:25,331][INFO] Final ops list: [{'name': 'RY', 'param': 0.061474397378278124, 'wires': [3]}, {'name': 'RY', 'param': -0.020613689805009366, 'wires': [2]}, {'name': 'RY', 'param': -0.43883394340124127, 'wires': [4]}, {'name': 'CRY', 'param': -0.16765685605129343, 'wires': [4, 3]}, {'name': 'RY', 'param': 0.0002060993685249059, 'wires': [1]}]
[2025-08-04 17:14:25,331][INFO] Energy: 0.018912287516587453
[2025-08-05 09:53:48,685][INFO] Starting VQE run 79 (seed=113855286)
[2025-08-05 09:53:48,803][INFO] Adding RY(0.0, wires=[3]) increased overlap from 0.0 to 0.9486059974853673
[2025-08-05 09:53:48,940][INFO] Adding RY(0.0, wires=[2]) had small change in overlap from 0.9486059974853673 to 0.9477443513995062
[2025-08-05 09:53:50,129][INFO] Adding RY(0.0, wires=[4]) increased overlap from 0.9477443513995062 to 0.9950868981898683
[2025-08-05 09:53:55,363][INFO] Adding CRY(0.0, wires=[4, 3])) increased overlap from 0.9950868981898683 to 0.9986713237499633
[2025-08-05 09:54:03,044][INFO] Adding CRY(0.0, wires=[4, 2])) increased overlap from 0.9986713237499633 to 0.9993454469008509
[2025-08-05 09:54:15,543][INFO] Adding RY(0.0, wires=[1]) increased overlap from 0.9993454469008509 to 0.9995602552483561
[2025-08-05 09:54:29,493][INFO] Adding CRY(0.0, wires=[4, 1])) had small change in overlap from 0.9995602552483561 to 0.9994992048971172
[2025-08-05 09:54:44,887][INFO] Adding CRY(0.0, wires=[3, 2])) had small change in overlap from 0.9994992048971172 to 0.9989121185284972
[2025-08-05 09:55:01,711][INFO] Adding CRY(0.0, wires=[0, 1])) had small change in overlap from 0.9989121185284972 to 0.9988197693216697
[2025-08-05 09:55:19,786][INFO] Adding CRY(0.0, wires=[3, 1])) had small change in overlap from 0.9988197693216697 to 0.9984146521869858
[2025-08-05 09:55:38,509][INFO] Adding RY(0.0, wires=[1]) had small change in overlap from 0.9984146521869858 to 0.9976057875677449
[2025-08-05 09:55:58,649][INFO] Adding CRY(0.0, wires=[0, 4])) increased overlap from 0.9976057875677449 to 0.9992796664930925
[2025-08-05 09:56:20,163][INFO] Adding CRY(0.0, wires=[0, 3])) increased overlap from 0.9992796664930925 to 0.999402231703165
[2025-08-05 09:56:43,014][INFO] Adding CRY(0.0, wires=[2, 1])) had small change in overlap from 0.999402231703165 to 0.9989478769965288
[2025-08-05 09:57:07,146][INFO] Adding CRY(0.0, wires=[0, 2])) increased overlap from 0.9989478769965288 to 0.9992949030920736
[2025-08-05 09:57:31,759][INFO] Adding RY(0.0, wires=[1]) had small change in overlap from 0.9992949030920736 to 0.9990026088153684
[2025-08-05 09:57:56,924][INFO] Adding RY(0.0, wires=[4]) increased overlap from 0.9990026088153684 to 0.9999292742760243
[2025-08-05 09:58:23,382][INFO] Adding CRY(0.0, wires=[2, 3])) had small change in overlap from 0.9999292742760243 to 0.9992358688772174
[2025-08-05 09:58:51,124][INFO] Adding CRY(0.0, wires=[3, 4])) had small change in overlap from 0.9992358688772174 to 0.9991646329480582
[2025-08-05 09:59:19,707][INFO] Adding RY(0.0, wires=[3]) increased overlap from 0.9991646329480582 to 0.9998618823923324
[2025-08-05 09:59:48,877][INFO] Adding RY(0.0, wires=[4]) increased overlap from 0.9998618823923324 to 0.9999712193946829
[2025-08-05 10:00:18,587][INFO] Adding RY(0.0, wires=[2]) had small change in overlap from 0.9999712193946829 to 0.998401619221104
[2025-08-05 10:00:49,714][INFO] Adding CRY(0.0, wires=[2, 4])) had small change in overlap from 0.998401619221104 to 0.9958888755076546
[2025-08-05 10:01:21,530][INFO] Adding RY(0.0, wires=[2]) increased overlap from 0.9958888755076546 to 0.9997471322053625
[2025-08-05 10:01:53,972][INFO] Adding RY(0.0, wires=[4]) increased overlap from 0.9997471322053625 to 0.9999845403176502
[2025-08-05 10:02:27,443][INFO] Adding CRY(0.0, wires=[1, 3])) had small change in overlap from 0.9999845403176502 to 0.999975659199581
[2025-08-05 10:03:01,362][INFO] Adding RY(0.0, wires=[1]) had small change in overlap from 0.999975659199581 to 0.9994760791908899
[2025-08-05 10:03:35,961][INFO] Adding RY(0.0, wires=[3]) had small change in overlap from 0.9994760791908899 to 0.9989179226601888
[2025-08-05 10:04:12,086][INFO] Adding CRY(0.0, wires=[1, 4])) increased overlap from 0.9989179226601888 to 0.9999230324826275
[2025-08-05 10:04:48,532][INFO] Adding RY(0.0, wires=[1]) decreased overlap from 0.9999230324826275 to 0.9476964380584656.. skipping this gate
[2025-08-05 10:04:48,532][INFO] gradient converged
[2025-08-05 10:04:48,532][INFO] Completed VQE run 29
[2025-08-05 10:04:48,532][INFO] Final ops list: [{'name': 'RY', 'param': 8.748884385884761, 'wires': [3]}, {'name': 'RY', 'param': 7.228854677898149, 'wires': [2]}, {'name': 'RY', 'param': 10.797552097031684, 'wires': [4]}, {'name': 'CRY', 'param': 6.4875653751836415, 'wires': [4, 3]}, {'name': 'CRY', 'param': 6.442892836142762, 'wires': [4, 2]}, {'name': 'RY', 'param': 9.094191024093687, 'wires': [1]}, {'name': 'CRY', 'param': 6.27905293595915, 'wires': [4, 1]}, {'name': 'CRY', 'param': 6.152209598823199, 'wires': [3, 2]}, {'name': 'CRY', 'param': 5.896937988250811, 'wires': [0, 1]}, {'name': 'CRY', 'param': 6.28036731852718, 'wires': [3, 1]}, {'name': 'RY', 'param': 4.842423599604042, 'wires': [1]}, {'name': 'CRY', 'param': 11.995178671894145, 'wires': [0, 4]}, {'name': 'CRY', 'param': 4.583955447404779, 'wires': [0, 3]}, {'name': 'CRY', 'param': 6.282866364383457, 'wires': [2, 1]}, {'name': 'CRY', 'param': 7.227896547408023, 'wires': [0, 2]}, {'name': 'RY', 'param': 5.307602535024806, 'wires': [1]}, {'name': 'RY', 'param': 5.902132993533262, 'wires': [4]}, {'name': 'CRY', 'param': 6.371379944258364, 'wires': [2, 3]}, {'name': 'CRY', 'param': 5.838156331837885, 'wires': [3, 4]}, {'name': 'RY', 'param': 8.134428656996867, 'wires': [3]}, {'name': 'RY', 'param': 5.958170248002421, 'wires': [4]}, {'name': 'RY', 'param': 5.415691281308434, 'wires': [2]}, {'name': 'CRY', 'param': 6.569059035368455, 'wires': [2, 4]}, {'name': 'RY', 'param': 5.313212849540642, 'wires': [2]}, {'name': 'RY', 'param': 5.3908785875440355, 'wires': [4]}, {'name': 'CRY', 'param': 6.030732850223866, 'wires': [1, 3]}, {'name': 'RY', 'param': 6.29034088696328, 'wires': [1]}, {'name': 'RY', 'param': 5.344060473378079, 'wires': [3]}, {'name': 'CRY', 'param': 5.4009241760028806, 'wires': [1, 4]}]
[2025-08-05 10:04:48,532][INFO] Energy: 0.000983649618078882
