[2025-08-04 17:13:44,883][INFO] Starting VQE run 72 (seed=64161414)
[2025-08-04 17:13:45,002][INFO] Adding RY(0.0, wires=[3]) increased overlap from 0.0 to 0.9486059974948959
[2025-08-04 17:13:45,169][INFO] Adding RY(0.0, wires=[2]) had small change in overlap from 0.9486059974948959 to 0.9477443498770619
[2025-08-04 17:13:46,162][INFO] Adding RY(0.0, wires=[4]) increased overlap from 0.9477443498770619 to 0.9950868572758549
[2025-08-04 17:13:52,733][INFO] Adding CRY(0.0, wires=[4, 3])) increased overlap from 0.9950868572758549 to 0.9986713177142035
[2025-08-04 17:14:02,031][INFO] Adding CRY(0.0, wires=[4, 2])) increased overlap from 0.9986713177142035 to 0.9993454490496787
[2025-08-04 17:14:16,008][INFO] Adding RY(0.0, wires=[1]) increased overlap from 0.9993454490496787 to 0.9993808347241088
[2025-08-04 17:14:30,400][INFO] Adding CRY(0.0, wires=[3, 2])) had small change in overlap from 0.9993808347241088 to 0.9984591455847699
[2025-08-04 17:14:45,593][INFO] Adding CRY(0.0, wires=[4, 1])) decreased overlap from 0.9984591455847699 to 0.9877408887890182.. skipping this gate
[2025-08-04 17:14:45,593][INFO] gradient converged
[2025-08-04 17:14:45,593][INFO] Completed VQE run 7
[2025-08-04 17:14:45,593][INFO] Final ops list: [{'name': 'RY', 'param': 6.218938233808644, 'wires': [3]}, {'name': 'RY', 'param': 6.263958248219299, 'wires': [2]}, {'name': 'RY', 'param': 5.84659139564168, 'wires': [4]}, {'name': 'CRY', 'param': 6.432848742974216, 'wires': [4, 3]}, {'name': 'CRY', 'param': 6.281115559839556, 'wires': [4, 2]}, {'name': 'RY', 'param': 6.28204907668504, 'wires': [1]}, {'name': 'CRY', 'param': 6.3620579721184205, 'wires': [3, 2]}]
[2025-08-04 17:14:45,593][INFO] Energy: 0.020805659128549623
[2025-08-05 09:53:48,621][INFO] Starting VQE run 72 (seed=55389201)
[2025-08-05 09:53:48,757][INFO] Adding RY(0.0, wires=[3]) increased overlap from 0.0 to 0.9486059965769981
[2025-08-05 09:53:48,927][INFO] Adding RY(0.0, wires=[2]) had small change in overlap from 0.9486059965769981 to 0.9477443522514056
[2025-08-05 09:53:50,323][INFO] Adding RY(0.0, wires=[4]) increased overlap from 0.9477443522514056 to 0.9950868924123867
[2025-08-05 09:53:57,227][INFO] Adding CRY(0.0, wires=[4, 3])) increased overlap from 0.9950868924123867 to 0.9986713252791358
[2025-08-05 09:54:05,714][INFO] Adding CRY(0.0, wires=[4, 2])) increased overlap from 0.9986713252791358 to 0.999345414308174
[2025-08-05 09:54:21,726][INFO] Adding RY(0.0, wires=[1]) increased overlap from 0.999345414308174 to 0.9993916372517575
[2025-08-05 09:54:39,055][INFO] Adding CRY(0.0, wires=[3, 2])) increased overlap from 0.9993916372517575 to 0.9995014726333094
[2025-08-05 09:54:57,733][INFO] Adding CRY(0.0, wires=[4, 1])) had small change in overlap from 0.9995014726333094 to 0.9957000709554148
[2025-08-05 09:55:19,338][INFO] Adding CRY(0.0, wires=[0, 3])) increased overlap from 0.9957000709554148 to 0.9964271071660715
[2025-08-05 09:55:39,077][INFO] Adding CRY(0.0, wires=[3, 1])) had small change in overlap from 0.9964271071660715 to 0.9957020222215156
[2025-08-05 09:56:01,874][INFO] Adding RY(0.0, wires=[3]) increased overlap from 0.9957020222215156 to 0.9969864188138213
[2025-08-05 09:56:26,918][INFO] Adding CRY(0.0, wires=[3, 4])) increased overlap from 0.9969864188138213 to 0.9984478786268504
[2025-08-05 09:56:52,715][INFO] Adding RY(0.0, wires=[3]) had small change in overlap from 0.9984478786268504 to 0.9979628408529477
[2025-08-05 09:57:20,345][INFO] Adding CRY(0.0, wires=[0, 1])) had small change in overlap from 0.9979628408529477 to 0.9964269665567872
[2025-08-05 09:57:49,006][INFO] Adding CRY(0.0, wires=[0, 4])) increased overlap from 0.9964269665567872 to 0.9995037463245496
[2025-08-05 09:58:18,033][INFO] Adding RY(0.0, wires=[1]) had small change in overlap from 0.9995037463245496 to 0.9919490250049339
[2025-08-05 09:58:47,791][INFO] Adding RY(0.0, wires=[4]) increased overlap from 0.9919490250049339 to 0.9983179688560452
[2025-08-05 09:59:18,979][INFO] Adding CRY(0.0, wires=[2, 1])) had small change in overlap from 0.9983179688560452 to 0.9983170581444487
[2025-08-05 09:59:51,573][INFO] Adding CRY(0.0, wires=[0, 2])) had small change in overlap from 0.9983170581444487 to 0.9981673663576
[2025-08-05 10:00:25,241][INFO] Adding RY(0.0, wires=[1]) decreased overlap from 0.9981673663576 to 0.9755178627114656.. skipping this gate
[2025-08-05 10:00:25,241][INFO] gradient converged
[2025-08-05 10:00:25,241][INFO] Completed VQE run 19
[2025-08-05 10:00:25,241][INFO] Final ops list: [{'name': 'RY', 'param': -0.0075476183028938375, 'wires': [3]}, {'name': 'RY', 'param': -0.25624786759676715, 'wires': [2]}, {'name': 'RY', 'param': -1.010038658778798, 'wires': [4]}, {'name': 'CRY', 'param': -0.002350474380974328, 'wires': [4, 3]}, {'name': 'CRY', 'param': -0.028296715407998267, 'wires': [4, 2]}, {'name': 'RY', 'param': -0.369178327179918, 'wires': [1]}, {'name': 'CRY', 'param': 4.423338182456825, 'wires': [3, 2]}, {'name': 'CRY', 'param': 0.001596107628558856, 'wires': [4, 1]}, {'name': 'CRY', 'param': -0.16274482605202875, 'wires': [0, 3]}, {'name': 'CRY', 'param': -0.002627107012213504, 'wires': [3, 1]}, {'name': 'RY', 'param': 0.28802863340018076, 'wires': [3]}, {'name': 'CRY', 'param': 0.4808461568552895, 'wires': [3, 4]}, {'name': 'RY', 'param': -0.04661456611065718, 'wires': [3]}, {'name': 'CRY', 'param': 0.24886671716176778, 'wires': [0, 1]}, {'name': 'CRY', 'param': 0.26183911643206254, 'wires': [0, 4]}, {'name': 'RY', 'param': 0.12136485991998383, 'wires': [1]}, {'name': 'RY', 'param': 0.28635475213620937, 'wires': [4]}, {'name': 'CRY', 'param': 0.00014064206810532166, 'wires': [2, 1]}, {'name': 'CRY', 'param': 0.2327797415298564, 'wires': [0, 2]}]
[2025-08-05 10:00:25,241][INFO] Energy: 0.011714528738629638
