[2025-08-04 17:13:44,844][INFO] Starting VQE run 14 (seed=41762158)
[2025-08-04 17:13:44,959][INFO] Adding RY(0.0, wires=[3]) increased overlap from 0.0 to 0.9486059974390145
[2025-08-04 17:13:45,122][INFO] Adding RY(0.0, wires=[2]) had small change in overlap from 0.9486059974390145 to 0.9477443536878922
[2025-08-04 17:13:46,452][INFO] Adding RY(0.0, wires=[4]) increased overlap from 0.9477443536878922 to 0.9950869034354585
[2025-08-04 17:13:57,920][INFO] Adding CRY(0.0, wires=[4, 3])) increased overlap from 0.9950869034354585 to 0.9986713701363886
[2025-08-04 17:14:05,177][INFO] Adding CRY(0.0, wires=[4, 2])) increased overlap from 0.9986713701363886 to 0.9993454189706263
[2025-08-04 17:14:18,931][INFO] Adding RY(0.0, wires=[1]) increased overlap from 0.9993454189706263 to 0.9994897702287279
[2025-08-04 17:14:33,293][INFO] Adding CRY(0.0, wires=[3, 2])) had small change in overlap from 0.9994897702287279 to 0.9993701766652988
[2025-08-04 17:14:48,595][INFO] Adding CRY(0.0, wires=[4, 1])) decreased overlap from 0.9993701766652988 to 0.9883403966568363.. skipping this gate
[2025-08-04 17:14:48,596][INFO] gradient converged
[2025-08-04 17:14:48,596][INFO] Completed VQE run 7
[2025-08-04 17:14:48,596][INFO] Final ops list: [{'name': 'RY', 'param': 6.226417288845591, 'wires': [3]}, {'name': 'RY', 'param': 6.2444874415230505, 'wires': [2]}, {'name': 'RY', 'param': 5.841392539810785, 'wires': [4]}, {'name': 'CRY', 'param': 6.506573149901751, 'wires': [4, 3]}, {'name': 'CRY', 'param': 6.237764118387667, 'wires': [4, 2]}, {'name': 'RY', 'param': 6.285657339674523, 'wires': [1]}, {'name': 'CRY', 'param': 6.214031703124073, 'wires': [3, 2]}]
[2025-08-04 17:14:48,596][INFO] Energy: 0.007678308448790039
[2025-08-05 09:53:48,395][INFO] Starting VQE run 14 (seed=29509713)
[2025-08-05 09:53:48,505][INFO] Adding RY(0.0, wires=[3]) increased overlap from 0.0 to 0.9486059963768844
[2025-08-05 09:53:48,651][INFO] Adding RY(0.0, wires=[2]) had small change in overlap from 0.9486059963768844 to 0.94774435274137
[2025-08-05 09:53:49,763][INFO] Adding RY(0.0, wires=[4]) increased overlap from 0.94774435274137 to 0.9950868639964358
[2025-08-05 09:54:00,850][INFO] Adding CRY(0.0, wires=[4, 3])) increased overlap from 0.9950868639964358 to 0.9986716122042018
[2025-08-05 09:54:12,635][INFO] Adding CRY(0.0, wires=[4, 2])) decreased overlap from 0.9986716122042018 to 0.9617566295609834.. skipping this gate
[2025-08-05 09:54:12,635][INFO] gradient converged
[2025-08-05 09:54:12,635][INFO] Completed VQE run 4
[2025-08-05 09:54:12,635][INFO] Final ops list: [{'name': 'RY', 'param': 6.343182586567723, 'wires': [3]}, {'name': 'RY', 'param': 6.262093045092052, 'wires': [2]}, {'name': 'RY', 'param': 6.720777262244435, 'wires': [4]}, {'name': 'CRY', 'param': 6.1117842066459644, 'wires': [4, 3]}]
[2025-08-05 09:54:12,635][INFO] Energy: 0.018945439648186464
