[2025-08-04 17:13:44,892][INFO] Starting VQE run 88 (seed=108654695)
[2025-08-04 17:13:44,990][INFO] Adding RY(0.0, wires=[3]) increased overlap from 0.0 to 0.9486059966339087
[2025-08-04 17:13:45,120][INFO] Adding RY(0.0, wires=[2]) had small change in overlap from 0.9486059966339087 to 0.9477443502184862
[2025-08-04 17:13:46,288][INFO] Adding RY(0.0, wires=[4]) increased overlap from 0.9477443502184862 to 0.9950868957654236
[2025-08-04 17:13:52,255][INFO] Adding CRY(0.0, wires=[4, 3])) increased overlap from 0.9950868957654236 to 0.9986713167051391
[2025-08-04 17:13:59,459][INFO] Adding CRY(0.0, wires=[4, 2])) increased overlap from 0.9986713167051391 to 0.9993454487824625
[2025-08-04 17:14:11,719][INFO] Adding RY(0.0, wires=[1]) had small change in overlap from 0.9993454487824625 to 0.9980399039927724
[2025-08-04 17:14:25,530][INFO] Adding CRY(0.0, wires=[4, 1])) decreased overlap from 0.9980399039927724 to 0.9510196026712222.. skipping this gate
[2025-08-04 17:14:25,530][INFO] gradient converged
[2025-08-04 17:14:25,530][INFO] Completed VQE run 6
[2025-08-04 17:14:25,530][INFO] Final ops list: [{'name': 'RY', 'param': -0.012254438405707021, 'wires': [3]}, {'name': 'RY', 'param': -0.06424384097659244, 'wires': [2]}, {'name': 'RY', 'param': -0.38352654162877947, 'wires': [4]}, {'name': 'CRY', 'param': -0.45042505410143374, 'wires': [4, 3]}, {'name': 'CRY', 'param': -0.0657376825489109, 'wires': [4, 2]}, {'name': 'RY', 'param': 0.0035717313264321073, 'wires': [1]}]
[2025-08-04 17:14:25,530][INFO] Energy: 0.021786214692513472
[2025-08-05 09:53:48,699][INFO] Starting VQE run 88 (seed=100842546)
[2025-08-05 09:53:48,880][INFO] Adding RY(0.0, wires=[3]) increased overlap from 0.0 to 0.9486059966028766
[2025-08-05 09:53:49,031][INFO] Adding RY(0.0, wires=[2]) had small change in overlap from 0.9486059966028766 to 0.9477443515605494
[2025-08-05 09:53:50,447][INFO] Adding RY(0.0, wires=[4]) increased overlap from 0.9477443515605494 to 0.9950868878866229
[2025-08-05 09:54:01,534][INFO] Adding CRY(0.0, wires=[4, 3])) decreased overlap from 0.9950868878866229 to 0.9358089332316639.. skipping this gate
[2025-08-05 09:54:01,534][INFO] gradient converged
[2025-08-05 09:54:01,534][INFO] Completed VQE run 3
[2025-08-05 09:54:01,534][INFO] Final ops list: [{'name': 'RY', 'param': 0.11055717390650198, 'wires': [3]}, {'name': 'RY', 'param': 0.005095924134324416, 'wires': [2]}, {'name': 'RY', 'param': -0.4619611110612564, 'wires': [4]}]
[2025-08-05 09:54:01,534][INFO] Energy: 0.03834036122553429
