[2025-08-04 17:13:44,853][INFO] Starting VQE run 33 (seed=40585584)
[2025-08-04 17:13:44,974][INFO] Adding RY(0.0, wires=[3]) increased overlap from 0.0 to 0.948605997305542
[2025-08-04 17:13:45,130][INFO] Adding RY(0.0, wires=[2]) had small change in overlap from 0.948605997305542 to 0.9477443530040996
[2025-08-04 17:13:46,415][INFO] Adding RY(0.0, wires=[4]) increased overlap from 0.9477443530040996 to 0.9950868931107334
[2025-08-04 17:13:52,252][INFO] Adding CRY(0.0, wires=[4, 3])) increased overlap from 0.9950868931107334 to 0.9986713692633287
[2025-08-04 17:13:59,562][INFO] Adding CRY(0.0, wires=[4, 2])) increased overlap from 0.9986713692633287 to 0.9993454497004638
[2025-08-04 17:14:13,843][INFO] Adding RY(0.0, wires=[1]) increased overlap from 0.9993454497004638 to 0.9993762898660442
[2025-08-04 17:14:28,321][INFO] Adding CRY(0.0, wires=[3, 2])) had small change in overlap from 0.9993762898660442 to 0.9993696661152676
[2025-08-04 17:14:43,636][INFO] Adding CRY(0.0, wires=[4, 1])) had small change in overlap from 0.9993696661152676 to 0.9897163685093283
[2025-08-04 17:15:00,250][INFO] Adding CRY(0.0, wires=[0, 4])) increased overlap from 0.9897163685093283 to 0.999245171901086
[2025-08-04 17:15:18,235][INFO] Adding CRY(0.0, wires=[3, 1])) had small change in overlap from 0.999245171901086 to 0.9964703177347579
[2025-08-04 17:15:37,591][INFO] Adding CRY(0.0, wires=[0, 3])) increased overlap from 0.9964703177347579 to 0.9973722782160792
[2025-08-04 17:15:58,265][INFO] Adding CRY(0.0, wires=[0, 1])) had small change in overlap from 0.9973722782160792 to 0.9950789437606852
[2025-08-04 17:16:20,316][INFO] Adding CRY(0.0, wires=[3, 4])) had small change in overlap from 0.9950789437606852 to 0.9920656533330382
[2025-08-04 17:16:42,917][INFO] Adding RY(0.0, wires=[3]) decreased overlap from 0.9920656533330382 to 0.9773225457703618.. skipping this gate
[2025-08-04 17:16:42,917][INFO] gradient converged
[2025-08-04 17:16:42,917][INFO] Completed VQE run 13
[2025-08-04 17:16:42,918][INFO] Final ops list: [{'name': 'RY', 'param': 6.2826506073921, 'wires': [3]}, {'name': 'RY', 'param': 6.260177571019979, 'wires': [2]}, {'name': 'RY', 'param': 6.283829683256444, 'wires': [4]}, {'name': 'CRY', 'param': 10.91118486031883, 'wires': [4, 3]}, {'name': 'CRY', 'param': 8.115104905382104, 'wires': [4, 2]}, {'name': 'RY', 'param': 7.178266824712826, 'wires': [1]}, {'name': 'CRY', 'param': 7.279507256105266, 'wires': [3, 2]}, {'name': 'CRY', 'param': 7.202310272542141, 'wires': [4, 1]}, {'name': 'CRY', 'param': 5.990143253120249, 'wires': [0, 4]}, {'name': 'CRY', 'param': 5.1407620548575705, 'wires': [3, 1]}, {'name': 'CRY', 'param': 6.362276907289079, 'wires': [0, 3]}, {'name': 'CRY', 'param': 5.388019917688894, 'wires': [0, 1]}, {'name': 'CRY', 'param': 5.016603743548739, 'wires': [3, 4]}]
[2025-08-04 17:16:42,918][INFO] Energy: 0.09414828437156803
[2025-08-05 09:53:48,459][INFO] Starting VQE run 33 (seed=29473215)
[2025-08-05 09:53:48,600][INFO] Adding RY(0.0, wires=[3]) increased overlap from 0.0 to 0.9486059974432429
[2025-08-05 09:53:48,741][INFO] Adding RY(0.0, wires=[2]) had small change in overlap from 0.9486059974432429 to 0.9477443517123989
[2025-08-05 09:53:50,051][INFO] Adding RY(0.0, wires=[4]) increased overlap from 0.9477443517123989 to 0.9950868861765061
[2025-08-05 09:53:56,139][INFO] Adding CRY(0.0, wires=[4, 3])) increased overlap from 0.9950868861765061 to 0.9986713214698092
[2025-08-05 09:54:04,898][INFO] Adding CRY(0.0, wires=[4, 2])) increased overlap from 0.9986713214698092 to 0.9993454455077952
[2025-08-05 09:54:17,384][INFO] Adding RY(0.0, wires=[1]) increased overlap from 0.9993454455077952 to 0.9995406982658419
[2025-08-05 09:54:31,295][INFO] Adding CRY(0.0, wires=[4, 1])) decreased overlap from 0.9995406982658419 to 0.9550065177314987.. skipping this gate
[2025-08-05 09:54:31,295][INFO] gradient converged
[2025-08-05 09:54:31,295][INFO] Completed VQE run 6
[2025-08-05 09:54:31,295][INFO] Final ops list: [{'name': 'RY', 'param': 0.039431514408466574, 'wires': [3]}, {'name': 'RY', 'param': -0.04226778050179928, 'wires': [2]}, {'name': 'RY', 'param': -0.42636947013252124, 'wires': [4]}, {'name': 'CRY', 'param': -0.26663489090932146, 'wires': [4, 3]}, {'name': 'CRY', 'param': -0.03723339077445938, 'wires': [4, 2]}, {'name': 'RY', 'param': 0.001175383524562734, 'wires': [1]}]
[2025-08-05 09:54:31,295][INFO] Energy: 0.010587066952807108
