[2025-08-04 17:13:44,891][INFO] Starting VQE run 85 (seed=30867761)
[2025-08-04 17:13:44,987][INFO] Adding RY(0.0, wires=[3]) increased overlap from 0.0 to 0.9486059964475815
[2025-08-04 17:13:45,113][INFO] Adding RY(0.0, wires=[2]) had small change in overlap from 0.9486059964475815 to 0.947744349823029
[2025-08-04 17:13:46,208][INFO] Adding RY(0.0, wires=[4]) increased overlap from 0.947744349823029 to 0.9950869019009219
[2025-08-04 17:13:56,290][INFO] Adding CRY(0.0, wires=[4, 3])) decreased overlap from 0.9950869019009219 to 0.9295188047605073.. skipping this gate
[2025-08-04 17:13:56,290][INFO] gradient converged
[2025-08-04 17:13:56,290][INFO] Completed VQE run 3
[2025-08-04 17:13:56,290][INFO] Final ops list: [{'name': 'RY', 'param': 0.1105569694186156, 'wires': [3]}, {'name': 'RY', 'param': 0.005095921035441122, 'wires': [2]}, {'name': 'RY', 'param': -0.46196081153694235, 'wires': [4]}]
[2025-08-04 17:13:56,290][INFO] Energy: 0.038340361226156604
[2025-08-05 09:53:48,691][INFO] Starting VQE run 85 (seed=22875600)
[2025-08-05 09:53:48,807][INFO] Adding RY(0.0, wires=[3]) increased overlap from 0.0 to 0.9486059965093148
[2025-08-05 09:53:48,939][INFO] Adding RY(0.0, wires=[2]) had small change in overlap from 0.9486059965093148 to 0.9477443543095246
[2025-08-05 09:53:49,909][INFO] Adding RY(0.0, wires=[4]) increased overlap from 0.9477443543095246 to 0.9950868948656131
[2025-08-05 09:53:55,440][INFO] Adding CRY(0.0, wires=[4, 3])) increased overlap from 0.9950868948656131 to 0.9986713179779367
[2025-08-05 09:54:02,280][INFO] Adding CRY(0.0, wires=[4, 2])) increased overlap from 0.9986713179779367 to 0.9993454169243386
[2025-08-05 09:54:14,884][INFO] Adding RY(0.0, wires=[1]) increased overlap from 0.9993454169243386 to 0.999441320837018
[2025-08-05 09:54:28,853][INFO] Adding CRY(0.0, wires=[3, 2])) increased overlap from 0.999441320837018 to 0.9995299556392337
[2025-08-05 09:54:44,227][INFO] Adding CRY(0.0, wires=[4, 1])) increased overlap from 0.9995299556392337 to 0.9995812418696328
[2025-08-05 09:55:00,955][INFO] Adding CRY(0.0, wires=[3, 1])) increased overlap from 0.9995812418696328 to 0.9995847133445176
[2025-08-05 09:55:19,075][INFO] Adding CRY(0.0, wires=[2, 1])) increased overlap from 0.9995847133445176 to 0.9996015736480952
[2025-08-05 09:55:38,553][INFO] Adding CRY(0.0, wires=[0, 3])) increased overlap from 0.9996015736480952 to 0.9996257679588555
[2025-08-05 09:55:59,411][INFO] Adding CRY(0.0, wires=[2, 3])) increased overlap from 0.9996257679588555 to 0.9996916212798023
[2025-08-05 09:56:20,855][INFO] Adding RY(0.0, wires=[3]) increased overlap from 0.9996916212798023 to 0.9997268758942199
[2025-08-05 09:56:43,603][INFO] Adding CRY(0.0, wires=[0, 2])) increased overlap from 0.9997268758942199 to 0.9997692691416309
[2025-08-05 09:57:07,634][INFO] Adding CRY(0.0, wires=[0, 1])) had small change in overlap from 0.9997692691416309 to 0.9997330303240075
[2025-08-05 09:57:33,001][INFO] Adding CRY(0.0, wires=[0, 4])) had small change in overlap from 0.9997330303240075 to 0.9997135161671268
[2025-08-05 09:57:58,930][INFO] Adding RY(0.0, wires=[1]) had small change in overlap from 0.9997135161671268 to 0.9995582371313353
[2025-08-05 09:58:26,243][INFO] Adding CRY(0.0, wires=[1, 2])) had small change in overlap from 0.9995582371313353 to 0.9995354990692307
[2025-08-05 09:58:54,064][INFO] Adding RY(0.0, wires=[1]) had small change in overlap from 0.9995354990692307 to 0.9992505533966385
[2025-08-05 09:59:22,800][INFO] Adding RY(0.0, wires=[4]) increased overlap from 0.9992505533966385 to 0.9993879687358103
[2025-08-05 09:59:52,091][INFO] Adding RY(0.0, wires=[2]) had small change in overlap from 0.9993879687358103 to 0.9993578978323396
[2025-08-05 10:00:22,739][INFO] Adding CRY(0.0, wires=[1, 3])) had small change in overlap from 0.9993578978323396 to 0.9993314011468124
[2025-08-05 10:00:53,936][INFO] Adding RY(0.0, wires=[1]) had small change in overlap from 0.9993314011468124 to 0.9991785931030045
[2025-08-05 10:01:25,816][INFO] Adding RY(0.0, wires=[3]) had small change in overlap from 0.9991785931030045 to 0.9990990098618718
[2025-08-05 10:01:59,190][INFO] Adding CRY(0.0, wires=[3, 4])) increased overlap from 0.9990990098618718 to 0.9991847659628758
[2025-08-05 10:02:32,690][INFO] Adding RY(0.0, wires=[3]) had small change in overlap from 0.9991847659628758 to 0.9990589035672828
[2025-08-05 10:03:06,910][INFO] Adding RY(0.0, wires=[4]) increased overlap from 0.9990589035672828 to 0.9991516282535859
[2025-08-05 10:03:42,453][INFO] Adding CRY(0.0, wires=[2, 4])) increased overlap from 0.9991516282535859 to 0.9991999447429457
[2025-08-05 10:04:18,746][INFO] Adding RY(0.0, wires=[2]) had small change in overlap from 0.9991999447429457 to 0.9986196797631027
[2025-08-05 10:04:56,441][INFO] Adding CRY(0.0, wires=[1, 4])) increased overlap from 0.9986196797631027 to 0.998796995411893
[2025-08-05 10:04:56,441][INFO] Completed VQE run 29
[2025-08-05 10:04:56,441][INFO] Final ops list: [{'name': 'RY', 'param': 0.10699890504984122, 'wires': [3]}, {'name': 'RY', 'param': -0.06646533539028308, 'wires': [2]}, {'name': 'RY', 'param': -0.5111430058310187, 'wires': [4]}, {'name': 'CRY', 'param': -0.14874078472077645, 'wires': [4, 3]}, {'name': 'CRY', 'param': -0.06952129059298735, 'wires': [4, 2]}, {'name': 'RY', 'param': -0.08039804636825403, 'wires': [1]}, {'name': 'CRY', 'param': -0.24317065210100453, 'wires': [3, 2]}, {'name': 'CRY', 'param': 0.010956852986802337, 'wires': [4, 1]}, {'name': 'CRY', 'param': 0.0468390460593904, 'wires': [3, 1]}, {'name': 'CRY', 'param': 0.10687018322031969, 'wires': [2, 1]}, {'name': 'CRY', 'param': -0.061022338331608104, 'wires': [0, 3]}, {'name': 'CRY', 'param': -0.3256034825588748, 'wires': [2, 3]}, {'name': 'RY', 'param': -0.013779555450144173, 'wires': [3]}, {'name': 'CRY', 'param': 0.039522759323837045, 'wires': [0, 2]}, {'name': 'CRY', 'param': -0.0075670512732969935, 'wires': [0, 1]}, {'name': 'CRY', 'param': 0.02493811821522522, 'wires': [0, 4]}, {'name': 'RY', 'param': 0.008251092538622237, 'wires': [1]}, {'name': 'CRY', 'param': -0.09106208677409068, 'wires': [1, 2]}, {'name': 'RY', 'param': 0.0795772450710127, 'wires': [1]}, {'name': 'RY', 'param': 0.017888887559607634, 'wires': [4]}, {'name': 'RY', 'param': 0.01574384925019292, 'wires': [2]}, {'name': 'CRY', 'param': 1.154702759014432, 'wires': [1, 3]}, {'name': 'RY', 'param': 0.008346018892448483, 'wires': [1]}, {'name': 'RY', 'param': 0.03081495114828973, 'wires': [3]}, {'name': 'CRY', 'param': 0.09285290738326551, 'wires': [3, 4]}, {'name': 'RY', 'param': 0.005979237758332982, 'wires': [3]}, {'name': 'RY', 'param': 0.025076983245841785, 'wires': [4]}, {'name': 'CRY', 'param': 1.0308884957099302, 'wires': [2, 4]}, {'name': 'RY', 'param': -0.007556412674577411, 'wires': [2]}, {'name': 'CRY', 'param': 0.031086923503884537, 'wires': [1, 4]}]
[2025-08-05 10:04:56,441][INFO] Energy: 0.01240670852979179
