[2025-08-04 17:13:44,877][INFO] Starting VQE run 61 (seed=25856234)
[2025-08-04 17:13:44,999][INFO] Adding RY(0.0, wires=[3]) increased overlap from 0.0 to 0.9486059962691157
[2025-08-04 17:13:45,166][INFO] Adding RY(0.0, wires=[2]) had small change in overlap from 0.9486059962691157 to 0.9477443524967983
[2025-08-04 17:13:46,663][INFO] Adding RY(0.0, wires=[4]) increased overlap from 0.9477443524967983 to 0.9950869046595548
[2025-08-04 17:13:59,586][INFO] Adding CRY(0.0, wires=[4, 3])) decreased overlap from 0.9950869046595548 to 0.939078990446809.. skipping this gate
[2025-08-04 17:13:59,586][INFO] gradient converged
[2025-08-04 17:13:59,586][INFO] Completed VQE run 3
[2025-08-04 17:13:59,586][INFO] Final ops list: [{'name': 'RY', 'param': 0.11055693667944853, 'wires': [3]}, {'name': 'RY', 'param': 0.005095901406679925, 'wires': [2]}, {'name': 'RY', 'param': -0.4619607761969858, 'wires': [4]}]
[2025-08-04 17:13:59,586][INFO] Energy: 0.038340361226266065
[2025-08-05 09:53:48,583][INFO] Starting VQE run 61 (seed=16423977)
[2025-08-05 09:53:48,683][INFO] Adding RY(0.0, wires=[3]) increased overlap from 0.0 to 0.948605996541339
[2025-08-05 09:53:48,835][INFO] Adding RY(0.0, wires=[2]) had small change in overlap from 0.948605996541339 to 0.947744353524859
[2025-08-05 09:53:49,942][INFO] Adding RY(0.0, wires=[4]) increased overlap from 0.947744353524859 to 0.9950868874263219
[2025-08-05 09:53:56,210][INFO] Adding CRY(0.0, wires=[4, 3])) increased overlap from 0.9950868874263219 to 0.9986713745054039
[2025-08-05 09:54:03,878][INFO] Adding CRY(0.0, wires=[4, 2])) increased overlap from 0.9986713745054039 to 0.9993454089605394
[2025-08-05 09:54:16,392][INFO] Adding RY(0.0, wires=[1]) increased overlap from 0.9993454089605394 to 0.9994725886796475
[2025-08-05 09:54:30,403][INFO] Adding CRY(0.0, wires=[4, 1])) increased overlap from 0.9994725886796475 to 0.9995623197520234
[2025-08-05 09:54:45,851][INFO] Adding CRY(0.0, wires=[3, 2])) had small change in overlap from 0.9995623197520234 to 0.9993693285027138
[2025-08-05 09:55:02,694][INFO] Adding CRY(0.0, wires=[3, 1])) had small change in overlap from 0.9993693285027138 to 0.9992345010943078
[2025-08-05 09:55:20,873][INFO] Adding CRY(0.0, wires=[0, 1])) had small change in overlap from 0.9992345010943078 to 0.9948811111922585
[2025-08-05 09:55:40,368][INFO] Adding CRY(0.0, wires=[0, 3])) increased overlap from 0.9948811111922585 to 0.9973309718201575
[2025-08-05 09:56:00,556][INFO] Adding RY(0.0, wires=[1]) had small change in overlap from 0.9973309718201575 to 0.9966554752099311
[2025-08-05 09:56:22,083][INFO] Adding CRY(0.0, wires=[0, 4])) increased overlap from 0.9966554752099311 to 0.9975581345925042
[2025-08-05 09:56:44,223][INFO] Adding RY(0.0, wires=[4]) had small change in overlap from 0.9975581345925042 to 0.9952915887239197
[2025-08-05 09:57:07,680][INFO] Adding CRY(0.0, wires=[3, 4])) had small change in overlap from 0.9952915887239197 to 0.9933848690596644
[2025-08-05 09:57:31,569][INFO] Adding RY(0.0, wires=[3]) had small change in overlap from 0.9933848690596644 to 0.9872144285765064
[2025-08-05 09:57:56,869][INFO] Adding CRY(0.0, wires=[0, 2])) increased overlap from 0.9872144285765064 to 0.9988537879237681
[2025-08-05 09:58:22,696][INFO] Adding RY(0.0, wires=[4]) had small change in overlap from 0.9988537879237681 to 0.9987555029402814
[2025-08-05 09:58:49,882][INFO] Adding CRY(0.0, wires=[2, 4])) had small change in overlap from 0.9987555029402814 to 0.9965452408655404
[2025-08-05 09:59:17,934][INFO] Adding RY(0.0, wires=[2]) increased overlap from 0.9965452408655404 to 0.9992626870959659
[2025-08-05 09:59:46,573][INFO] Adding RY(0.0, wires=[4]) increased overlap from 0.9992626870959659 to 0.9999235408535255
[2025-08-05 10:00:16,565][INFO] Adding CRY(0.0, wires=[2, 3])) had small change in overlap from 0.9999235408535255 to 0.991573779718082
[2025-08-05 10:00:47,149][INFO] Adding RY(0.0, wires=[3]) increased overlap from 0.991573779718082 to 0.9995211750565058
[2025-08-05 10:01:18,195][INFO] Adding RY(0.0, wires=[2]) had small change in overlap from 0.9995211750565058 to 0.9974883357106766
[2025-08-05 10:01:50,793][INFO] Adding CRY(0.0, wires=[2, 1])) increased overlap from 0.9974883357106766 to 0.9981950051142146
[2025-08-05 10:02:23,614][INFO] Adding RY(0.0, wires=[2]) had small change in overlap from 0.9981950051142146 to 0.9882382593501574
[2025-08-05 10:02:56,934][INFO] Adding RY(0.0, wires=[1]) increased overlap from 0.9882382593501574 to 0.9974892039646823
[2025-08-05 10:03:31,632][INFO] Adding CRY(0.0, wires=[1, 2])) increased overlap from 0.9974892039646823 to 0.9993456324189023
[2025-08-05 10:04:07,081][INFO] Adding RY(0.0, wires=[1]) decreased overlap from 0.9993456324189023 to 0.954382977446988.. skipping this gate
[2025-08-05 10:04:07,081][INFO] gradient converged
[2025-08-05 10:04:07,081][INFO] Completed VQE run 28
[2025-08-05 10:04:07,081][INFO] Final ops list: [{'name': 'RY', 'param': 8.00716130333238, 'wires': [3]}, {'name': 'RY', 'param': 8.00184637944827, 'wires': [2]}, {'name': 'RY', 'param': 6.289362458434804, 'wires': [4]}, {'name': 'CRY', 'param': 11.37739037740842, 'wires': [4, 3]}, {'name': 'CRY', 'param': 17.93168732092509, 'wires': [4, 2]}, {'name': 'RY', 'param': 10.335806333255762, 'wires': [1]}, {'name': 'CRY', 'param': 7.237660088151178, 'wires': [4, 1]}, {'name': 'CRY', 'param': 6.275457118319345, 'wires': [3, 2]}, {'name': 'CRY', 'param': 6.281219419024167, 'wires': [3, 1]}, {'name': 'CRY', 'param': 5.077660395216603, 'wires': [0, 1]}, {'name': 'CRY', 'param': 4.506132996036098, 'wires': [0, 3]}, {'name': 'RY', 'param': 5.011356593511823, 'wires': [1]}, {'name': 'CRY', 'param': 10.111371630518166, 'wires': [0, 4]}, {'name': 'RY', 'param': 4.590798292052524, 'wires': [4]}, {'name': 'CRY', 'param': 10.177809985790494, 'wires': [3, 4]}, {'name': 'RY', 'param': 7.655614899219721, 'wires': [3]}, {'name': 'CRY', 'param': 5.305622456656577, 'wires': [0, 2]}, {'name': 'RY', 'param': 5.408443192823021, 'wires': [4]}, {'name': 'CRY', 'param': 6.262651545252419, 'wires': [2, 4]}, {'name': 'RY', 'param': 6.211070215962239, 'wires': [2]}, {'name': 'RY', 'param': 4.580124515450846, 'wires': [4]}, {'name': 'CRY', 'param': 6.283556591512835, 'wires': [2, 3]}, {'name': 'RY', 'param': 4.978948319312143, 'wires': [3]}, {'name': 'RY', 'param': 5.198194088131518, 'wires': [2]}, {'name': 'CRY', 'param': 6.2694763202655475, 'wires': [2, 1]}, {'name': 'RY', 'param': 5.966096955292017, 'wires': [2]}, {'name': 'RY', 'param': 4.703804115253098, 'wires': [1]}, {'name': 'CRY', 'param': 5.879209194124968, 'wires': [1, 2]}]
[2025-08-05 10:04:07,081][INFO] Energy: 0.007939628245125284
