[2025-08-04 17:13:44,882][INFO] Starting VQE run 70 (seed=12303458)
[2025-08-04 17:13:45,004][INFO] Adding RY(0.0, wires=[3]) increased overlap from 0.0 to 0.9486059974767533
[2025-08-04 17:13:45,172][INFO] Adding RY(0.0, wires=[2]) had small change in overlap from 0.9486059974767533 to 0.9477443512308658
[2025-08-04 17:13:46,424][INFO] Adding RY(0.0, wires=[4]) increased overlap from 0.9477443512308658 to 0.9950869063431182
[2025-08-04 17:13:53,253][INFO] Adding CRY(0.0, wires=[4, 3])) increased overlap from 0.9950869063431182 to 0.9986713207192237
[2025-08-04 17:14:01,234][INFO] Adding CRY(0.0, wires=[4, 2])) increased overlap from 0.9986713207192237 to 0.9993454521008677
[2025-08-04 17:14:15,306][INFO] Adding RY(0.0, wires=[1]) increased overlap from 0.9993454521008677 to 0.9994344580503246
[2025-08-04 17:14:29,798][INFO] Adding CRY(0.0, wires=[3, 2])) increased overlap from 0.9994344580503246 to 0.9994672716549639
[2025-08-04 17:14:45,061][INFO] Adding CRY(0.0, wires=[4, 1])) had small change in overlap from 0.9994672716549639 to 0.9925271223799441
[2025-08-04 17:15:01,712][INFO] Adding CRY(0.0, wires=[0, 3])) increased overlap from 0.9925271223799441 to 0.9996885820319943
[2025-08-04 17:15:19,688][INFO] Adding CRY(0.0, wires=[0, 1])) decreased overlap from 0.9996885820319943 to 0.9513465960396493.. skipping this gate
[2025-08-04 17:15:19,688][INFO] gradient converged
[2025-08-04 17:15:19,689][INFO] Completed VQE run 9
[2025-08-04 17:15:19,689][INFO] Final ops list: [{'name': 'RY', 'param': -0.11063984160332188, 'wires': [3]}, {'name': 'RY', 'param': -0.05072403979774213, 'wires': [2]}, {'name': 'RY', 'param': -0.4467496593335484, 'wires': [4]}, {'name': 'CRY', 'param': -0.23595980613303405, 'wires': [4, 3]}, {'name': 'CRY', 'param': -0.1077817150702364, 'wires': [4, 2]}, {'name': 'RY', 'param': -0.003997852073588615, 'wires': [1]}, {'name': 'CRY', 'param': 0.33353617189249407, 'wires': [3, 2]}, {'name': 'CRY', 'param': -0.0011198398235943686, 'wires': [4, 1]}, {'name': 'CRY', 'param': 0.1681543094611968, 'wires': [0, 3]}]
[2025-08-04 17:15:19,689][INFO] Energy: 0.002343575025864881
[2025-08-05 09:53:48,605][INFO] Starting VQE run 70 (seed=3411237)
[2025-08-05 09:53:48,796][INFO] Adding RY(0.0, wires=[3]) increased overlap from 0.0 to 0.9486059971509486
[2025-08-05 09:53:48,976][INFO] Adding RY(0.0, wires=[2]) had small change in overlap from 0.9486059971509486 to 0.9477443528427117
[2025-08-05 09:53:50,298][INFO] Adding RY(0.0, wires=[4]) increased overlap from 0.9477443528427117 to 0.9950868961284522
[2025-08-05 09:53:57,910][INFO] Adding CRY(0.0, wires=[4, 3])) increased overlap from 0.9950868961284522 to 0.9986713196079376
[2025-08-05 09:54:09,467][INFO] Adding CRY(0.0, wires=[4, 2])) increased overlap from 0.9986713196079376 to 0.9993454474949804
[2025-08-05 09:54:25,245][INFO] Adding RY(0.0, wires=[1]) increased overlap from 0.9993454474949804 to 0.9994055268432647
[2025-08-05 09:54:42,528][INFO] Adding CRY(0.0, wires=[3, 2])) had small change in overlap from 0.9994055268432647 to 0.9957593782096523
[2025-08-05 09:55:01,388][INFO] Adding CRY(0.0, wires=[0, 3])) increased overlap from 0.9957593782096523 to 0.9962708154615547
[2025-08-05 09:55:22,852][INFO] Adding CRY(0.0, wires=[4, 1])) decreased overlap from 0.9962708154615547 to 0.9784059644389618.. skipping this gate
[2025-08-05 09:55:22,852][INFO] gradient converged
[2025-08-05 09:55:22,852][INFO] Completed VQE run 8
[2025-08-05 09:55:22,852][INFO] Final ops list: [{'name': 'RY', 'param': -0.02218259825464861, 'wires': [3]}, {'name': 'RY', 'param': -0.010732903036859339, 'wires': [2]}, {'name': 'RY', 'param': -0.4642966361759302, 'wires': [4]}, {'name': 'CRY', 'param': -0.04806160795438351, 'wires': [4, 3]}, {'name': 'CRY', 'param': -0.06587389786390606, 'wires': [4, 2]}, {'name': 'RY', 'param': -0.006584564819397803, 'wires': [1]}, {'name': 'CRY', 'param': 1.7098963986060607, 'wires': [3, 2]}, {'name': 'CRY', 'param': 0.1234198001573341, 'wires': [0, 3]}]
[2025-08-05 09:55:22,852][INFO] Energy: 0.03338553999036773
