[2025-08-04 17:13:44,851][INFO] Starting VQE run 24 (seed=54138360)
[2025-08-04 17:13:44,965][INFO] Adding RY(0.0, wires=[3]) increased overlap from 0.0 to 0.948605996212042
[2025-08-04 17:13:45,143][INFO] Adding RY(0.0, wires=[2]) had small change in overlap from 0.948605996212042 to 0.9477443521397944
[2025-08-04 17:13:46,516][INFO] Adding RY(0.0, wires=[4]) increased overlap from 0.9477443521397944 to 0.9950868954305447
[2025-08-04 17:13:53,586][INFO] Adding CRY(0.0, wires=[4, 3])) increased overlap from 0.9950868954305447 to 0.998671373656981
[2025-08-04 17:14:02,901][INFO] Adding CRY(0.0, wires=[4, 2])) increased overlap from 0.998671373656981 to 0.9993454135484787
[2025-08-04 17:14:16,854][INFO] Adding RY(0.0, wires=[1]) increased overlap from 0.9993454135484787 to 0.9995293866392291
[2025-08-04 17:14:31,234][INFO] Adding CRY(0.0, wires=[4, 1])) increased overlap from 0.9995293866392291 to 0.9995488069278433
[2025-08-04 17:14:46,425][INFO] Adding CRY(0.0, wires=[3, 2])) had small change in overlap from 0.9995488069278433 to 0.99936464489935
[2025-08-04 17:15:03,015][INFO] Adding CRY(0.0, wires=[3, 1])) had small change in overlap from 0.99936464489935 to 0.9991632673524196
[2025-08-04 17:15:20,978][INFO] Adding CRY(0.0, wires=[0, 3])) increased overlap from 0.9991632673524196 to 0.999836489278704
[2025-08-04 17:15:40,322][INFO] Adding CRY(0.0, wires=[2, 1])) had small change in overlap from 0.999836489278704 to 0.999414258425467
[2025-08-04 17:16:01,030][INFO] Adding CRY(0.0, wires=[0, 2])) had small change in overlap from 0.999414258425467 to 0.9993108341054964
[2025-08-04 17:16:23,113][INFO] Adding CRY(0.0, wires=[0, 4])) had small change in overlap from 0.9993108341054964 to 0.9980486863156866
[2025-08-04 17:16:45,774][INFO] Adding RY(0.0, wires=[4]) had small change in overlap from 0.9980486863156866 to 0.9960774578671274
[2025-08-04 17:17:09,810][INFO] Adding CRY(0.0, wires=[3, 4])) increased overlap from 0.9960774578671274 to 0.9965583830377904
[2025-08-04 17:17:34,433][INFO] Adding RY(0.0, wires=[3]) increased overlap from 0.9965583830377904 to 0.999226263739167
[2025-08-04 17:18:00,414][INFO] Adding CRY(0.0, wires=[2, 3])) had small change in overlap from 0.999226263739167 to 0.9968938845317692
[2025-08-04 17:18:26,992][INFO] Adding RY(0.0, wires=[2]) increased overlap from 0.9968938845317692 to 0.9992029123731556
[2025-08-04 17:18:54,162][INFO] Adding RY(0.0, wires=[3]) increased overlap from 0.9992029123731556 to 0.9992823896246906
[2025-08-04 17:19:21,887][INFO] Adding RY(0.0, wires=[4]) increased overlap from 0.9992823896246906 to 0.9999353353902414
[2025-08-04 17:19:50,830][INFO] Adding CRY(0.0, wires=[0, 1])) decreased overlap from 0.9999353353902414 to 0.9293911805627104.. skipping this gate
[2025-08-04 17:19:50,830][INFO] gradient converged
[2025-08-04 17:19:50,830][INFO] Completed VQE run 20
[2025-08-04 17:19:50,830][INFO] Final ops list: [{'name': 'RY', 'param': 9.329867606466843, 'wires': [3]}, {'name': 'RY', 'param': 7.209763029783187, 'wires': [2]}, {'name': 'RY', 'param': 6.185010076916266, 'wires': [4]}, {'name': 'CRY', 'param': 7.353168850318474, 'wires': [4, 3]}, {'name': 'CRY', 'param': 6.8379902645769475, 'wires': [4, 2]}, {'name': 'RY', 'param': 6.277409542943642, 'wires': [1]}, {'name': 'CRY', 'param': 6.29034502635614, 'wires': [4, 1]}, {'name': 'CRY', 'param': 6.572965836953392, 'wires': [3, 2]}, {'name': 'CRY', 'param': 6.286655357124879, 'wires': [3, 1]}, {'name': 'CRY', 'param': 3.380930717242034, 'wires': [0, 3]}, {'name': 'CRY', 'param': 6.282915312361569, 'wires': [2, 1]}, {'name': 'CRY', 'param': 6.267536526926686, 'wires': [0, 2]}, {'name': 'CRY', 'param': 8.915755789758105, 'wires': [0, 4]}, {'name': 'RY', 'param': 4.448476183439523, 'wires': [4]}, {'name': 'CRY', 'param': 4.841040098038922, 'wires': [3, 4]}, {'name': 'RY', 'param': 7.636953314445017, 'wires': [3]}, {'name': 'CRY', 'param': 6.2795973586570675, 'wires': [2, 3]}, {'name': 'RY', 'param': 4.989645741014113, 'wires': [2]}, {'name': 'RY', 'param': 5.104488221142649, 'wires': [3]}, {'name': 'RY', 'param': 4.981270507918324, 'wires': [4]}]
[2025-08-04 17:19:50,830][INFO] Energy: 0.0012464244455094586
[2025-08-05 09:53:48,424][INFO] Starting VQE run 24 (seed=42485955)
[2025-08-05 09:53:48,520][INFO] Adding RY(0.0, wires=[3]) increased overlap from 0.0 to 0.9486059961302403
[2025-08-05 09:53:48,657][INFO] Adding RY(0.0, wires=[2]) had small change in overlap from 0.9486059961302403 to 0.9477443535153868
[2025-08-05 09:53:49,810][INFO] Adding RY(0.0, wires=[4]) increased overlap from 0.9477443535153868 to 0.9950868930278591
[2025-08-05 09:53:55,809][INFO] Adding CRY(0.0, wires=[4, 3])) increased overlap from 0.9950868930278591 to 0.9986713238890577
[2025-08-05 09:54:03,994][INFO] Adding CRY(0.0, wires=[4, 2])) increased overlap from 0.9986713238890577 to 0.9993454506664001
[2025-08-05 09:54:16,532][INFO] Adding RY(0.0, wires=[1]) increased overlap from 0.9993454506664001 to 0.9995584769828123
[2025-08-05 09:54:30,532][INFO] Adding CRY(0.0, wires=[4, 1])) decreased overlap from 0.9995584769828123 to 0.9574862566443417.. skipping this gate
[2025-08-05 09:54:30,532][INFO] gradient converged
[2025-08-05 09:54:30,532][INFO] Completed VQE run 6
[2025-08-05 09:54:30,532][INFO] Final ops list: [{'name': 'RY', 'param': 0.03568723996534429, 'wires': [3]}, {'name': 'RY', 'param': -0.044012945307528265, 'wires': [2]}, {'name': 'RY', 'param': -0.423453286485196, 'wires': [4]}, {'name': 'CRY', 'param': -0.2788927433064449, 'wires': [4, 3]}, {'name': 'CRY', 'param': -0.03903810266840582, 'wires': [4, 2]}, {'name': 'RY', 'param': 0.0013167490879291046, 'wires': [1]}]
[2025-08-05 09:54:30,532][INFO] Energy: 0.010794598563162752
