[2025-08-04 17:13:44,836][INFO] Starting VQE run 4 (seed=29385956)
[2025-08-04 17:13:44,944][INFO] Adding RY(0.0, wires=[3]) increased overlap from 0.0 to 0.9486059972207117
[2025-08-04 17:13:45,111][INFO] Adding RY(0.0, wires=[2]) had small change in overlap from 0.9486059972207117 to 0.9477443505213365
[2025-08-04 17:13:46,263][INFO] Adding RY(0.0, wires=[4]) increased overlap from 0.9477443505213365 to 0.9950869045175254
[2025-08-04 17:13:52,915][INFO] Adding CRY(0.0, wires=[4, 3])) increased overlap from 0.9950869045175254 to 0.9986713764266425
[2025-08-04 17:14:02,439][INFO] Adding CRY(0.0, wires=[4, 2])) increased overlap from 0.9986713764266425 to 0.9993454195719487
[2025-08-04 17:14:16,423][INFO] Adding RY(0.0, wires=[1]) increased overlap from 0.9993454195719487 to 0.9994574927179877
[2025-08-04 17:14:30,864][INFO] Adding CRY(0.0, wires=[4, 1])) increased overlap from 0.9994574927179877 to 0.9995637322947509
[2025-08-04 17:14:46,176][INFO] Adding CRY(0.0, wires=[3, 2])) had small change in overlap from 0.9995637322947509 to 0.9993626718089113
[2025-08-04 17:15:02,957][INFO] Adding CRY(0.0, wires=[3, 1])) had small change in overlap from 0.9993626718089113 to 0.9991956761679605
[2025-08-04 17:15:21,027][INFO] Adding CRY(0.0, wires=[0, 3])) increased overlap from 0.9991956761679605 to 0.9998502282859505
[2025-08-04 17:15:40,527][INFO] Adding CRY(0.0, wires=[2, 1])) had small change in overlap from 0.9998502282859505 to 0.999437862050661
[2025-08-04 17:16:01,331][INFO] Adding CRY(0.0, wires=[0, 1])) had small change in overlap from 0.999437862050661 to 0.9986346940780944
[2025-08-04 17:16:23,665][INFO] Adding CRY(0.0, wires=[0, 4])) increased overlap from 0.9986346940780944 to 0.9992696529194968
[2025-08-04 17:16:46,499][INFO] Adding RY(0.0, wires=[4]) increased overlap from 0.9992696529194968 to 0.9995655282748069
[2025-08-04 17:17:10,601][INFO] Adding CRY(0.0, wires=[0, 2])) had small change in overlap from 0.9995655282748069 to 0.997813237801733
[2025-08-04 17:17:35,326][INFO] Adding RY(0.0, wires=[1]) had small change in overlap from 0.997813237801733 to 0.9949826013444412
[2025-08-04 17:18:00,734][INFO] Adding RY(0.0, wires=[3]) increased overlap from 0.9949826013444412 to 0.9969236789057916
[2025-08-04 17:18:27,440][INFO] Adding CRY(0.0, wires=[3, 4])) had small change in overlap from 0.9969236789057916 to 0.9957201817037867
[2025-08-04 17:18:54,713][INFO] Adding RY(0.0, wires=[3]) had small change in overlap from 0.9957201817037867 to 0.9938405584704791
[2025-08-04 17:19:22,478][INFO] Adding RY(0.0, wires=[4]) increased overlap from 0.9938405584704791 to 0.9973722912318111
[2025-08-04 17:19:51,619][INFO] Adding CRY(0.0, wires=[2, 4])) had small change in overlap from 0.9973722912318111 to 0.9965289085577921
[2025-08-04 17:20:21,347][INFO] Adding RY(0.0, wires=[2]) increased overlap from 0.9965289085577921 to 0.9994871959553502
[2025-08-04 17:20:51,653][INFO] Adding RY(0.0, wires=[4]) increased overlap from 0.9994871959553502 to 0.9998815202299313
[2025-08-04 17:21:23,117][INFO] Adding CRY(0.0, wires=[2, 3])) decreased overlap from 0.9998815202299313 to 0.9862357011938861.. skipping this gate
[2025-08-04 17:21:23,117][INFO] gradient converged
[2025-08-04 17:21:23,117][INFO] Completed VQE run 23
[2025-08-04 17:21:23,117][INFO] Final ops list: [{'name': 'RY', 'param': 6.853862369678883, 'wires': [3]}, {'name': 'RY', 'param': 7.684547623830454, 'wires': [2]}, {'name': 'RY', 'param': 6.2836544863869, 'wires': [4]}, {'name': 'CRY', 'param': 10.586521305102654, 'wires': [4, 3]}, {'name': 'CRY', 'param': 9.011731804798055, 'wires': [4, 2]}, {'name': 'RY', 'param': 8.39108637068983, 'wires': [1]}, {'name': 'CRY', 'param': 6.235496418581909, 'wires': [4, 1]}, {'name': 'CRY', 'param': 6.383245724533664, 'wires': [3, 2]}, {'name': 'CRY', 'param': 6.282598638799972, 'wires': [3, 1]}, {'name': 'CRY', 'param': 8.260639016642061, 'wires': [0, 3]}, {'name': 'CRY', 'param': 6.283246897389778, 'wires': [2, 1]}, {'name': 'CRY', 'param': 5.199853700333455, 'wires': [0, 1]}, {'name': 'CRY', 'param': 8.585591134666464, 'wires': [0, 4]}, {'name': 'RY', 'param': 5.763392162436808, 'wires': [4]}, {'name': 'CRY', 'param': 6.5819229214949955, 'wires': [0, 2]}, {'name': 'RY', 'param': 5.2548963070675, 'wires': [1]}, {'name': 'RY', 'param': 3.980719676259067, 'wires': [3]}, {'name': 'CRY', 'param': 5.654609371897996, 'wires': [3, 4]}, {'name': 'RY', 'param': 6.532684370403908, 'wires': [3]}, {'name': 'RY', 'param': 5.363222145099778, 'wires': [4]}, {'name': 'CRY', 'param': 6.3566216032051255, 'wires': [2, 4]}, {'name': 'RY', 'param': 5.092344569938767, 'wires': [2]}, {'name': 'RY', 'param': 4.980426969397962, 'wires': [4]}]
[2025-08-04 17:21:23,117][INFO] Energy: 0.0015452415895697178
[2025-08-05 09:53:48,368][INFO] Starting VQE run 4 (seed=16533471)
[2025-08-05 09:53:48,466][INFO] Adding RY(0.0, wires=[3]) increased overlap from 0.0 to 0.9486059966053996
[2025-08-05 09:53:48,596][INFO] Adding RY(0.0, wires=[2]) had small change in overlap from 0.9486059966053996 to 0.9477443516532433
[2025-08-05 09:53:49,749][INFO] Adding RY(0.0, wires=[4]) increased overlap from 0.9477443516532433 to 0.9950868576595171
[2025-08-05 09:54:00,879][INFO] Adding CRY(0.0, wires=[4, 3])) decreased overlap from 0.9950868576595171 to 0.9762063383940012.. skipping this gate
[2025-08-05 09:54:00,879][INFO] gradient converged
[2025-08-05 09:54:00,879][INFO] Completed VQE run 3
[2025-08-05 09:54:00,879][INFO] Final ops list: [{'name': 'RY', 'param': 6.393742889021131, 'wires': [3]}, {'name': 'RY', 'param': 6.2882812543305935, 'wires': [2]}, {'name': 'RY', 'param': 5.821223503525633, 'wires': [4]}]
[2025-08-05 09:54:00,879][INFO] Energy: 0.03834036122594399
