[2025-08-04 17:13:44,860][INFO] Starting VQE run 40 (seed=98631641)
[2025-08-04 17:13:44,978][INFO] Adding RY(0.0, wires=[3]) increased overlap from 0.0 to 0.9486059973771781
[2025-08-04 17:13:45,141][INFO] Adding RY(0.0, wires=[2]) had small change in overlap from 0.9486059973771781 to 0.9477443501708052
[2025-08-04 17:13:46,781][INFO] Adding RY(0.0, wires=[4]) increased overlap from 0.9477443501708052 to 0.9950868949800161
[2025-08-04 17:13:59,722][INFO] Adding CRY(0.0, wires=[4, 3])) decreased overlap from 0.9950868949800161 to 0.9369531959565515.. skipping this gate
[2025-08-04 17:13:59,723][INFO] gradient converged
[2025-08-04 17:13:59,723][INFO] Completed VQE run 3
[2025-08-04 17:13:59,723][INFO] Final ops list: [{'name': 'RY', 'param': 0.1105570626627834, 'wires': [3]}, {'name': 'RY', 'param': 0.0050959278576396235, 'wires': [2]}, {'name': 'RY', 'param': -0.4619609670504937, 'wires': [4]}]
[2025-08-04 17:13:59,723][INFO] Energy: 0.03834036122578575
[2025-08-05 09:53:48,500][INFO] Starting VQE run 40 (seed=87939300)
[2025-08-05 09:53:48,608][INFO] Adding RY(0.0, wires=[3]) increased overlap from 0.0 to 0.9486059973418316
[2025-08-05 09:53:48,724][INFO] Adding RY(0.0, wires=[2]) had small change in overlap from 0.9486059973418316 to 0.9477443534240325
[2025-08-05 09:53:49,564][INFO] Adding RY(0.0, wires=[4]) increased overlap from 0.9477443534240325 to 0.9950869017839147
[2025-08-05 09:53:53,709][INFO] Adding CRY(0.0, wires=[4, 3])) increased overlap from 0.9950869017839147 to 0.9986713195568641
[2025-08-05 09:54:00,633][INFO] Adding CRY(0.0, wires=[4, 2])) increased overlap from 0.9986713195568641 to 0.9993454203436836
[2025-08-05 09:54:13,199][INFO] Adding RY(0.0, wires=[1]) increased overlap from 0.9993454203436836 to 0.9994112575784402
[2025-08-05 09:54:27,209][INFO] Adding CRY(0.0, wires=[3, 2])) had small change in overlap from 0.9994112575784402 to 0.9993393366802026
[2025-08-05 09:54:42,598][INFO] Adding CRY(0.0, wires=[4, 1])) increased overlap from 0.9993393366802026 to 0.999540712305736
[2025-08-05 09:54:59,408][INFO] Adding CRY(0.0, wires=[3, 1])) had small change in overlap from 0.999540712305736 to 0.9991993761489583
[2025-08-05 09:55:17,591][INFO] Adding CRY(0.0, wires=[0, 1])) had small change in overlap from 0.9991993761489583 to 0.9946652418213043
[2025-08-05 09:55:37,125][INFO] Adding CRY(0.0, wires=[0, 3])) increased overlap from 0.9946652418213043 to 0.9977136495926177
[2025-08-05 09:55:57,280][INFO] Adding RY(0.0, wires=[3]) increased overlap from 0.9977136495926177 to 0.9992781323884313
[2025-08-05 09:56:18,848][INFO] Adding CRY(0.0, wires=[0, 2])) increased overlap from 0.9992781323884313 to 0.9996375361777889
[2025-08-05 09:56:40,926][INFO] Adding RY(0.0, wires=[1]) had small change in overlap from 0.9996375361777889 to 0.9945695666370572
[2025-08-05 09:57:04,428][INFO] Adding CRY(0.0, wires=[0, 4])) increased overlap from 0.9945695666370572 to 0.9981229801440538
[2025-08-05 09:57:29,081][INFO] Adding CRY(0.0, wires=[3, 4])) had small change in overlap from 0.9981229801440538 to 0.9948318020244716
[2025-08-05 09:57:54,391][INFO] Adding RY(0.0, wires=[3]) increased overlap from 0.9948318020244716 to 0.9988619591036423
[2025-08-05 09:58:20,200][INFO] Adding RY(0.0, wires=[4]) increased overlap from 0.9988619591036423 to 0.9991691962162902
[2025-08-05 09:58:47,389][INFO] Adding CRY(0.0, wires=[2, 4])) increased overlap from 0.9991691962162902 to 0.9993677280594067
[2025-08-05 09:59:15,374][INFO] Adding RY(0.0, wires=[2]) had small change in overlap from 0.9993677280594067 to 0.9981246524511593
[2025-08-05 09:59:44,617][INFO] Adding CRY(0.0, wires=[2, 1])) had small change in overlap from 0.9981246524511593 to 0.997503466430534
[2025-08-05 10:00:14,489][INFO] Adding RY(0.0, wires=[2]) increased overlap from 0.997503466430534 to 0.9994059684514222
[2025-08-05 10:00:44,948][INFO] Adding RY(0.0, wires=[1]) had small change in overlap from 0.9994059684514222 to 0.9980787951726044
[2025-08-05 10:01:15,979][INFO] Adding RY(0.0, wires=[4]) had small change in overlap from 0.9980787951726044 to 0.9977346446364559
[2025-08-05 10:01:48,393][INFO] Adding CRY(0.0, wires=[2, 3])) increased overlap from 0.9977346446364559 to 0.9997965148641128
[2025-08-05 10:02:21,071][INFO] Adding RY(0.0, wires=[3]) had small change in overlap from 0.9997965148641128 to 0.9996896940317697
[2025-08-05 10:02:54,455][INFO] Adding RY(0.0, wires=[2]) had small change in overlap from 0.9996896940317697 to 0.9993126635299979
[2025-08-05 10:03:29,124][INFO] Adding CRY(0.0, wires=[1, 2])) increased overlap from 0.9993126635299979 to 0.9996893082060945
[2025-08-05 10:04:04,458][INFO] Adding RY(0.0, wires=[2]) had small change in overlap from 0.9996893082060945 to 0.9983788280443733
[2025-08-05 10:04:40,372][INFO] Adding RY(0.0, wires=[1]) had small change in overlap from 0.9983788280443733 to 0.996553258359813
[2025-08-05 10:04:40,372][INFO] Completed VQE run 29
[2025-08-05 10:04:40,372][INFO] Final ops list: [{'name': 'RY', 'param': 6.283169787727717, 'wires': [3]}, {'name': 'RY', 'param': 6.40202528087661, 'wires': [2]}, {'name': 'RY', 'param': 6.29405397412263, 'wires': [4]}, {'name': 'CRY', 'param': 10.05352289530659, 'wires': [4, 3]}, {'name': 'CRY', 'param': 8.633911404233663, 'wires': [4, 2]}, {'name': 'RY', 'param': 6.8278619224381245, 'wires': [1]}, {'name': 'CRY', 'param': 12.245918098729875, 'wires': [3, 2]}, {'name': 'CRY', 'param': 9.834757573121443, 'wires': [4, 1]}, {'name': 'CRY', 'param': 8.826397908145436, 'wires': [3, 1]}, {'name': 'CRY', 'param': 6.139678182988798, 'wires': [0, 1]}, {'name': 'CRY', 'param': 6.6355114699159, 'wires': [0, 3]}, {'name': 'RY', 'param': 5.887040266984111, 'wires': [3]}, {'name': 'CRY', 'param': 6.1679563086097335, 'wires': [0, 2]}, {'name': 'RY', 'param': 5.994405000894899, 'wires': [1]}, {'name': 'CRY', 'param': 5.681841429916261, 'wires': [0, 4]}, {'name': 'CRY', 'param': 10.877955343605443, 'wires': [3, 4]}, {'name': 'RY', 'param': 6.310787643589323, 'wires': [3]}, {'name': 'RY', 'param': 6.4171109274597455, 'wires': [4]}, {'name': 'CRY', 'param': 4.394463704761828, 'wires': [2, 4]}, {'name': 'RY', 'param': 6.216517947663687, 'wires': [2]}, {'name': 'CRY', 'param': 6.066092384680478, 'wires': [2, 1]}, {'name': 'RY', 'param': 6.226451294677816, 'wires': [2]}, {'name': 'RY', 'param': 6.16605534441008, 'wires': [1]}, {'name': 'RY', 'param': 6.262003451545352, 'wires': [4]}, {'name': 'CRY', 'param': 7.970979240232748, 'wires': [2, 3]}, {'name': 'RY', 'param': 6.385113379316009, 'wires': [3]}, {'name': 'RY', 'param': 6.332120474442241, 'wires': [2]}, {'name': 'CRY', 'param': 8.286733982141964, 'wires': [1, 2]}, {'name': 'RY', 'param': 6.229250068334079, 'wires': [2]}, {'name': 'RY', 'param': 6.277732088154294, 'wires': [1]}]
[2025-08-05 10:04:40,372][INFO] Energy: 0.030892266285013674
