[2025-08-04 17:02:48,343][INFO] Starting VQE run 25 (seed=70622814)
[2025-08-04 17:02:48,438][INFO] Adding RY(0.0, wires=[2]) increased overlap from 0.0 to 0.9475073091537752
[2025-08-04 17:02:48,590][INFO] Adding RY(0.0, wires=[1]) had small change in overlap from 0.9475073091537752 to 0.9466185850311855
[2025-08-04 17:02:49,840][INFO] Adding RY(0.0, wires=[3]) increased overlap from 0.9466185850311855 to 0.9947731420415556
[2025-08-04 17:03:02,507][INFO] Adding CRY(0.0, wires=[3, 2])) decreased overlap from 0.9947731420415556 to 0.9416007320253105.. skipping this gate
[2025-08-04 17:03:02,507][INFO] gradient converged
[2025-08-04 17:03:02,507][INFO] Completed VQE run 3
[2025-08-04 17:03:02,507][INFO] Final ops list: [{'name': 'RY', 'param': 0.11055679831547727, 'wires': [2]}, {'name': 'RY', 'param': 0.005095463327190701, 'wires': [1]}, {'name': 'RY', 'param': 5.8212247360205245, 'wires': [3]}]
[2025-08-04 17:03:02,507][INFO] Energy: 0.03834066855333709
[2025-08-05 09:40:53,813][INFO] Starting VQE run 25 (seed=84453443)
[2025-08-05 09:40:53,925][INFO] Adding RY(0.0, wires=[2]) increased overlap from 0.0 to 0.9475073090579903
[2025-08-05 09:40:54,101][INFO] Adding RY(0.0, wires=[1]) had small change in overlap from 0.9475073090579903 to 0.9466185859711519
[2025-08-05 09:40:55,392][INFO] Adding RY(0.0, wires=[3]) increased overlap from 0.9466185859711519 to 0.9947731452252906
[2025-08-05 09:41:01,946][INFO] Adding CRY(0.0, wires=[3, 2])) increased overlap from 0.9947731452252906 to 0.9983740214474386
[2025-08-05 09:41:13,094][INFO] Adding CRY(0.0, wires=[3, 1])) increased overlap from 0.9983740214474386 to 0.9992047168505717
[2025-08-05 09:41:29,630][INFO] Adding CRY(0.0, wires=[2, 1])) had small change in overlap from 0.9992047168505717 to 0.9991848799494187
[2025-08-05 09:41:46,475][INFO] Adding CRY(0.0, wires=[1, 2])) increased overlap from 0.9991848799494187 to 0.9998661906044864
[2025-08-05 09:42:05,490][INFO] Adding CRY(0.0, wires=[0, 1])) had small change in overlap from 0.9998661906044864 to 0.9944654750465362
[2025-08-05 09:42:26,698][INFO] Adding CRY(0.0, wires=[0, 3])) increased overlap from 0.9944654750465362 to 0.9999721443632545
[2025-08-05 09:42:48,089][INFO] Adding RY(0.0, wires=[3]) increased overlap from 0.9999721443632545 to 0.9999977770481484
[2025-08-05 09:43:09,667][INFO] Adding RY(0.0, wires=[1]) had small change in overlap from 0.9999977770481484 to 0.9998415759173799
[2025-08-05 09:43:33,210][INFO] Adding CRY(0.0, wires=[1, 3])) had small change in overlap from 0.9998415759173799 to 0.9983294178467118
[2025-08-05 09:43:57,957][INFO] Adding RY(0.0, wires=[1]) increased overlap from 0.9983294178467118 to 0.9999998209879744
[2025-08-05 09:44:24,409][INFO] Adding CRY(0.0, wires=[0, 2])) increased overlap from 0.9999998209879744 to 0.9999999945967575
[2025-08-05 09:44:52,289][INFO] Adding CRY(0.0, wires=[2, 3])) had small change in overlap from 0.9999999945967575 to 0.9999935452827156
[2025-08-05 09:45:20,349][INFO] Adding RY(0.0, wires=[2]) increased overlap from 0.9999935452827156 to 0.999994828260634
[2025-08-05 09:45:48,961][INFO] Adding RY(0.0, wires=[3]) increased overlap from 0.999994828260634 to 0.9999997865702476
[2025-08-05 09:46:18,006][INFO] Adding RY(0.0, wires=[0]) had small change in overlap from 0.9999997865702476 to 0.999976228368513
[2025-08-05 09:46:49,885][INFO] Adding CRY(0.0, wires=[3, 0])) had small change in overlap from 0.999976228368513 to 0.9995350942401034
[2025-08-05 09:47:22,590][INFO] Adding RY(0.0, wires=[0]) increased overlap from 0.9995350942401034 to 0.9997222881083222
[2025-08-05 09:47:56,011][INFO] Adding RY(0.0, wires=[3]) increased overlap from 0.9997222881083222 to 0.9999907442194756
[2025-08-05 09:48:30,678][INFO] Adding CRY(0.0, wires=[2, 0])) had small change in overlap from 0.9999907442194756 to 0.9985980871101086
[2025-08-05 09:49:05,720][INFO] Adding RY(0.0, wires=[2]) had small change in overlap from 0.9985980871101086 to 0.9952798517507164
[2025-08-05 09:49:41,664][INFO] Adding RY(0.0, wires=[0]) increased overlap from 0.9952798517507164 to 0.9999445007202655
[2025-08-05 09:50:19,838][INFO] Adding CRY(0.0, wires=[1, 0])) had small change in overlap from 0.9999445007202655 to 0.9992163113407184
[2025-08-05 09:50:57,835][INFO] Adding RY(0.0, wires=[1]) had small change in overlap from 0.9992163113407184 to 0.9927199919951383
[2025-08-05 09:51:36,848][INFO] Adding RY(0.0, wires=[0]) increased overlap from 0.9927199919951383 to 0.9953193546214145
[2025-08-05 09:52:16,412][INFO] Adding RY(0.0, wires=[4]) increased overlap from 0.9953193546214145 to 0.9954489994433661
[2025-08-05 09:52:56,585][INFO] Adding CRY(0.0, wires=[0, 4])) increased overlap from 0.9954489994433661 to 0.9969464458255811
[2025-08-05 09:53:37,545][INFO] Adding RY(0.0, wires=[4]) increased overlap from 0.9969464458255811 to 0.9975687497776483
[2025-08-05 09:53:37,545][INFO] Completed VQE run 29
[2025-08-05 09:53:37,545][INFO] Final ops list: [{'name': 'RY', 'param': 6.499737696530912, 'wires': [2]}, {'name': 'RY', 'param': 6.25280575779073, 'wires': [1]}, {'name': 'RY', 'param': 6.30396858254002, 'wires': [3]}, {'name': 'CRY', 'param': 16.123545452179847, 'wires': [3, 2]}, {'name': 'CRY', 'param': 8.865515368277517, 'wires': [3, 1]}, {'name': 'CRY', 'param': 10.563428083793873, 'wires': [2, 1]}, {'name': 'CRY', 'param': 9.807713097671797, 'wires': [1, 2]}, {'name': 'CRY', 'param': 7.2258769833484315, 'wires': [0, 1]}, {'name': 'CRY', 'param': 8.243872629065985, 'wires': [0, 3]}, {'name': 'RY', 'param': 5.319027865516573, 'wires': [3]}, {'name': 'RY', 'param': 5.5351127793229375, 'wires': [1]}, {'name': 'CRY', 'param': 8.646274079060147, 'wires': [1, 3]}, {'name': 'RY', 'param': 6.285175700434333, 'wires': [1]}, {'name': 'CRY', 'param': 6.125092449303552, 'wires': [0, 2]}, {'name': 'CRY', 'param': 6.695038830876301, 'wires': [2, 3]}, {'name': 'RY', 'param': 5.907671061874295, 'wires': [2]}, {'name': 'RY', 'param': 5.893210418127339, 'wires': [3]}, {'name': 'RY', 'param': 9.146630078347245, 'wires': [0]}, {'name': 'CRY', 'param': 6.2569494115716635, 'wires': [3, 0]}, {'name': 'RY', 'param': 5.2507186793891885, 'wires': [0]}, {'name': 'RY', 'param': 6.451321405604892, 'wires': [3]}, {'name': 'CRY', 'param': 6.24616532495007, 'wires': [2, 0]}, {'name': 'RY', 'param': 6.011423501605086, 'wires': [2]}, {'name': 'RY', 'param': 5.319509825025388, 'wires': [0]}, {'name': 'CRY', 'param': 8.588004963989981, 'wires': [1, 0]}, {'name': 'RY', 'param': 6.268465705916345, 'wires': [1]}, {'name': 'RY', 'param': 5.411380575324879, 'wires': [0]}, {'name': 'RY', 'param': 8.16651844579384, 'wires': [4]}, {'name': 'CRY', 'param': 5.217716297279559, 'wires': [0, 4]}, {'name': 'RY', 'param': 5.4648737842616155, 'wires': [4]}]
[2025-08-05 09:53:37,545][INFO] Energy: 0.023591358465381067
