[2025-08-04 17:02:48,395][INFO] Starting VQE run 98 (seed=111538485)
[2025-08-04 17:02:48,474][INFO] Adding RY(0.0, wires=[2]) increased overlap from 0.0 to 0.9475073089334829
[2025-08-04 17:02:48,590][INFO] Adding RY(0.0, wires=[1]) had small change in overlap from 0.9475073089334829 to 0.9466185848230768
[2025-08-04 17:02:49,614][INFO] Adding RY(0.0, wires=[3]) increased overlap from 0.9466185848230768 to 0.994773177117525
[2025-08-04 17:02:55,421][INFO] Adding CRY(0.0, wires=[3, 2])) increased overlap from 0.994773177117525 to 0.9983740211876239
[2025-08-04 17:03:06,972][INFO] Adding CRY(0.0, wires=[3, 1])) increased overlap from 0.9983740211876239 to 0.9992047215345926
[2025-08-04 17:03:19,953][INFO] Adding CRY(0.0, wires=[2, 1])) had small change in overlap from 0.9992047215345926 to 0.9942839578911876
[2025-08-04 17:03:34,358][INFO] Adding CRY(0.0, wires=[0, 2])) increased overlap from 0.9942839578911876 to 0.9994501423760332
[2025-08-04 17:03:50,041][INFO] Adding CRY(0.0, wires=[1, 3])) had small change in overlap from 0.9994501423760332 to 0.9990794131270803
[2025-08-04 17:04:07,216][INFO] Adding CRY(0.0, wires=[0, 1])) had small change in overlap from 0.9990794131270803 to 0.9988910489583812
[2025-08-04 17:04:25,588][INFO] Adding CRY(0.0, wires=[1, 2])) increased overlap from 0.9988910489583812 to 0.9999775818202268
[2025-08-04 17:04:44,607][INFO] Adding RY(0.0, wires=[1]) had small change in overlap from 0.9999775818202268 to 0.9994118317315257
[2025-08-04 17:05:05,019][INFO] Adding CRY(0.0, wires=[0, 3])) increased overlap from 0.9994118317315257 to 0.999997196432186
[2025-08-04 17:05:26,137][INFO] Adding RY(0.0, wires=[2]) increased overlap from 0.999997196432186 to 0.9999975199783786
[2025-08-04 17:05:47,795][INFO] Adding RY(0.0, wires=[3]) had small change in overlap from 0.9999975199783786 to 0.9999838317090737
[2025-08-04 17:06:10,869][INFO] Adding CRY(0.0, wires=[2, 3])) had small change in overlap from 0.9999838317090737 to 0.9999059743200613
[2025-08-04 17:06:34,415][INFO] Adding RY(0.0, wires=[2]) had small change in overlap from 0.9999059743200613 to 0.9998991870910069
[2025-08-04 17:06:58,614][INFO] Adding RY(0.0, wires=[3]) had small change in overlap from 0.9998991870910069 to 0.9998744303597485
[2025-08-04 17:07:23,321][INFO] Adding RY(0.0, wires=[0]) had small change in overlap from 0.9998744303597485 to 0.990919719909464
[2025-08-04 17:07:49,364][INFO] Adding CRY(0.0, wires=[3, 0])) increased overlap from 0.990919719909464 to 0.9963546882247211
[2025-08-04 17:08:16,009][INFO] Adding RY(0.0, wires=[3]) increased overlap from 0.9963546882247211 to 0.9994920449377719
[2025-08-04 17:08:43,126][INFO] Adding RY(0.0, wires=[0]) had small change in overlap from 0.9994920449377719 to 0.9985326919571986
[2025-08-04 17:09:11,553][INFO] Adding CRY(0.0, wires=[2, 0])) had small change in overlap from 0.9985326919571986 to 0.9964183808048419
[2025-08-04 17:09:40,628][INFO] Adding RY(0.0, wires=[2]) increased overlap from 0.9964183808048419 to 0.9981768546534004
[2025-08-04 17:10:11,010][INFO] Adding CRY(0.0, wires=[1, 0])) had small change in overlap from 0.9981768546534004 to 0.9975426843192753
[2025-08-04 17:10:42,022][INFO] Adding RY(0.0, wires=[1]) increased overlap from 0.9975426843192753 to 0.9993294842088893
[2025-08-04 17:11:13,481][INFO] Adding RY(0.0, wires=[0]) had small change in overlap from 0.9993294842088893 to 0.999040584213754
[2025-08-04 17:11:45,457][INFO] Adding RY(0.0, wires=[4]) decreased overlap from 0.999040584213754 to 0.9515341369225421.. skipping this gate
[2025-08-04 17:11:45,457][INFO] gradient converged
[2025-08-04 17:11:45,457][INFO] Completed VQE run 26
[2025-08-04 17:11:45,457][INFO] Final ops list: [{'name': 'RY', 'param': 0.08927271125283968, 'wires': [2]}, {'name': 'RY', 'param': 0.297935315522776, 'wires': [1]}, {'name': 'RY', 'param': -2.2571121735782746, 'wires': [3]}, {'name': 'CRY', 'param': -0.15389821839413076, 'wires': [3, 2]}, {'name': 'CRY', 'param': -0.36280809202240655, 'wires': [3, 1]}, {'name': 'CRY', 'param': -0.5907413723808731, 'wires': [2, 1]}, {'name': 'CRY', 'param': -0.16332713487879458, 'wires': [0, 2]}, {'name': 'CRY', 'param': 2.5861491333468094, 'wires': [1, 3]}, {'name': 'CRY', 'param': -0.27319556384358984, 'wires': [0, 1]}, {'name': 'CRY', 'param': -0.08180884263165968, 'wires': [1, 2]}, {'name': 'RY', 'param': 0.09005748680268137, 'wires': [1]}, {'name': 'CRY', 'param': -0.2268638389447057, 'wires': [0, 3]}, {'name': 'RY', 'param': 0.37528978989869755, 'wires': [2]}, {'name': 'RY', 'param': 0.23477174437451706, 'wires': [3]}, {'name': 'CRY', 'param': 4.860028510214438, 'wires': [2, 3]}, {'name': 'RY', 'param': -0.016368549603117327, 'wires': [2]}, {'name': 'RY', 'param': 1.1663076178208696, 'wires': [3]}, {'name': 'RY', 'param': -0.9462635169983824, 'wires': [0]}, {'name': 'CRY', 'param': 0.003987306486188062, 'wires': [3, 0]}, {'name': 'RY', 'param': 0.6708991164924595, 'wires': [3]}, {'name': 'RY', 'param': 0.19855396499499686, 'wires': [0]}, {'name': 'CRY', 'param': -0.07660753444616869, 'wires': [2, 0]}, {'name': 'RY', 'param': 0.21139769883627268, 'wires': [2]}, {'name': 'CRY', 'param': -0.011825289137066092, 'wires': [1, 0]}, {'name': 'RY', 'param': 0.2358996121708327, 'wires': [1]}, {'name': 'RY', 'param': 0.8085108528230516, 'wires': [0]}]
[2025-08-04 17:11:45,457][INFO] Energy: 0.0014220137362929454
[2025-08-05 09:40:54,024][INFO] Starting VQE run 98 (seed=6939579)
[2025-08-05 09:40:54,110][INFO] Adding RY(0.0, wires=[2]) increased overlap from 0.0 to 0.9475073091052187
[2025-08-05 09:40:54,232][INFO] Adding RY(0.0, wires=[1]) had small change in overlap from 0.9475073091052187 to 0.9466185856907363
[2025-08-05 09:40:55,437][INFO] Adding RY(0.0, wires=[3]) increased overlap from 0.9466185856907363 to 0.994773185511539
[2025-08-05 09:41:06,098][INFO] Adding CRY(0.0, wires=[3, 2])) decreased overlap from 0.994773185511539 to 0.9298913492010138.. skipping this gate
[2025-08-05 09:41:06,098][INFO] gradient converged
[2025-08-05 09:41:06,098][INFO] Completed VQE run 3
[2025-08-05 09:41:06,098][INFO] Final ops list: [{'name': 'RY', 'param': 0.11055617750125375, 'wires': [2]}, {'name': 'RY', 'param': 0.00509541842877531, 'wires': [1]}, {'name': 'RY', 'param': -0.46195958108201285, 'wires': [3]}]
[2025-08-05 09:41:06,098][INFO] Energy: 0.03834066855372591
