[2025-08-04 17:02:48,335][INFO] Starting VQE run 7 (seed=97740174)
[2025-08-04 17:02:48,423][INFO] Adding RY(0.0, wires=[2]) increased overlap from 0.0 to 0.9475073093509568
[2025-08-04 17:02:48,549][INFO] Adding RY(0.0, wires=[1]) had small change in overlap from 0.9475073093509568 to 0.9466185852314765
[2025-08-04 17:02:49,879][INFO] Adding RY(0.0, wires=[3]) increased overlap from 0.9466185852314765 to 0.9947731424700937
[2025-08-04 17:03:00,526][INFO] Adding CRY(0.0, wires=[3, 2])) increased overlap from 0.9947731424700937 to 0.9983740651877033
[2025-08-04 17:03:13,651][INFO] Adding CRY(0.0, wires=[3, 1])) increased overlap from 0.9983740651877033 to 0.9992047124338789
[2025-08-04 17:03:27,778][INFO] Adding CRY(0.0, wires=[2, 1])) had small change in overlap from 0.9992047124338789 to 0.9988856716416229
[2025-08-04 17:03:43,308][INFO] Adding CRY(0.0, wires=[0, 1])) decreased overlap from 0.9988856716416229 to 0.9879581067541325.. skipping this gate
[2025-08-04 17:03:43,308][INFO] gradient converged
[2025-08-04 17:03:43,308][INFO] Completed VQE run 6
[2025-08-04 17:03:43,308][INFO] Final ops list: [{'name': 'RY', 'param': 6.219517449868017, 'wires': [2]}, {'name': 'RY', 'param': 6.249114926723985, 'wires': [1]}, {'name': 'RY', 'param': 5.837820005255057, 'wires': [3]}, {'name': 'CRY', 'param': 6.480041951139127, 'wires': [3, 2]}, {'name': 'CRY', 'param': 6.241652805115946, 'wires': [3, 1]}, {'name': 'CRY', 'param': 6.222346099193054, 'wires': [2, 1]}]
[2025-08-04 17:03:43,308][INFO] Energy: 0.010038025680750465
[2025-08-05 09:40:53,804][INFO] Starting VQE run 7 (seed=110492873)
[2025-08-05 09:40:53,884][INFO] Adding RY(0.0, wires=[2]) increased overlap from 0.0 to 0.9475073079826298
[2025-08-05 09:40:53,990][INFO] Adding RY(0.0, wires=[1]) had small change in overlap from 0.9475073079826298 to 0.9466185854124317
[2025-08-05 09:40:55,002][INFO] Adding RY(0.0, wires=[3]) increased overlap from 0.9466185854124317 to 0.9947731846547537
[2025-08-05 09:41:00,348][INFO] Adding CRY(0.0, wires=[3, 2])) increased overlap from 0.9947731846547537 to 0.9983740658451281
[2025-08-05 09:41:09,487][INFO] Adding CRY(0.0, wires=[3, 1])) increased overlap from 0.9983740658451281 to 0.9992046791524498
[2025-08-05 09:41:19,483][INFO] Adding CRY(0.0, wires=[2, 1])) had small change in overlap from 0.9992046791524498 to 0.999184436773609
[2025-08-05 09:41:33,658][INFO] Adding CRY(0.0, wires=[1, 2])) increased overlap from 0.999184436773609 to 0.9993142249254061
[2025-08-05 09:41:49,158][INFO] Adding CRY(0.0, wires=[0, 1])) had small change in overlap from 0.9993142249254061 to 0.9979915162939463
[2025-08-05 09:42:06,222][INFO] Adding CRY(0.0, wires=[0, 3])) increased overlap from 0.9979915162939463 to 0.9993829611466545
[2025-08-05 09:42:24,564][INFO] Adding CRY(0.0, wires=[1, 3])) had small change in overlap from 0.9993829611466545 to 0.9960012409650291
[2025-08-05 09:42:43,537][INFO] Adding RY(0.0, wires=[1]) increased overlap from 0.9960012409650291 to 0.9961922336887588
[2025-08-05 09:43:03,794][INFO] Adding CRY(0.0, wires=[2, 3])) had small change in overlap from 0.9961922336887588 to 0.9946927353442383
[2025-08-05 09:43:25,525][INFO] Adding CRY(0.0, wires=[0, 2])) increased overlap from 0.9946927353442383 to 0.99999999990637
[2025-08-05 09:43:47,920][INFO] Adding RY(0.0, wires=[3]) had small change in overlap from 0.99999999990637 to 0.9999567087317072
[2025-08-05 09:44:10,811][INFO] Adding RY(0.0, wires=[2]) increased overlap from 0.9999567087317072 to 0.9999997073783319
[2025-08-05 09:44:34,287][INFO] Adding RY(0.0, wires=[0]) had small change in overlap from 0.9999997073783319 to 0.9999786746023827
[2025-08-05 09:44:59,243][INFO] Adding CRY(0.0, wires=[3, 0])) had small change in overlap from 0.9999786746023827 to 0.9992142178033275
[2025-08-05 09:45:24,496][INFO] Adding RY(0.0, wires=[3]) had small change in overlap from 0.9992142178033275 to 0.9964345152364869
[2025-08-05 09:45:51,002][INFO] Adding CRY(0.0, wires=[2, 0])) increased overlap from 0.9964345152364869 to 0.9977639502433093
[2025-08-05 09:46:18,162][INFO] Adding RY(0.0, wires=[2]) increased overlap from 0.9977639502433093 to 0.9982149059265873
[2025-08-05 09:46:46,042][INFO] Adding RY(0.0, wires=[0]) increased overlap from 0.9982149059265873 to 0.998357669714875
[2025-08-05 09:47:15,279][INFO] Adding CRY(0.0, wires=[1, 0])) had small change in overlap from 0.998357669714875 to 0.9949469250038152
[2025-08-05 09:47:44,999][INFO] Adding RY(0.0, wires=[1]) increased overlap from 0.9949469250038152 to 0.995574225681987
[2025-08-05 09:48:15,196][INFO] Adding RY(0.0, wires=[0]) increased overlap from 0.995574225681987 to 0.9964007850781985
[2025-08-05 09:48:45,938][INFO] Adding RY(0.0, wires=[4]) increased overlap from 0.9964007850781985 to 0.996583970036544
[2025-08-05 09:49:18,046][INFO] Adding CRY(0.0, wires=[0, 4])) increased overlap from 0.996583970036544 to 0.996699089247254
[2025-08-05 09:49:50,618][INFO] Adding RY(0.0, wires=[0]) had small change in overlap from 0.996699089247254 to 0.9961280829406303
[2025-08-05 09:50:24,695][INFO] Adding CRY(0.0, wires=[4, 3])) increased overlap from 0.9961280829406303 to 0.9981232801019478
[2025-08-05 09:51:00,034][INFO] Adding CRY(0.0, wires=[3, 4])) decreased overlap from 0.9981232801019478 to 0.9676978850215133.. skipping this gate
[2025-08-05 09:51:00,034][INFO] gradient converged
[2025-08-05 09:51:00,035][INFO] Completed VQE run 28
[2025-08-05 09:51:00,035][INFO] Final ops list: [{'name': 'RY', 'param': 6.37902299347211, 'wires': [2]}, {'name': 'RY', 'param': 7.031971458826208, 'wires': [1]}, {'name': 'RY', 'param': 6.291060130496427, 'wires': [3]}, {'name': 'CRY', 'param': 12.274457978948615, 'wires': [3, 2]}, {'name': 'CRY', 'param': 9.61092499566534, 'wires': [3, 1]}, {'name': 'CRY', 'param': 7.168105179651097, 'wires': [2, 1]}, {'name': 'CRY', 'param': 12.686700264026742, 'wires': [1, 2]}, {'name': 'CRY', 'param': 6.346225603544326, 'wires': [0, 1]}, {'name': 'CRY', 'param': 7.213591039733629, 'wires': [0, 3]}, {'name': 'CRY', 'param': 6.320051320383123, 'wires': [1, 3]}, {'name': 'RY', 'param': 6.055126369388091, 'wires': [1]}, {'name': 'CRY', 'param': 5.275607107919073, 'wires': [2, 3]}, {'name': 'CRY', 'param': 7.28898757079009, 'wires': [0, 2]}, {'name': 'RY', 'param': 5.3396473280873264, 'wires': [3]}, {'name': 'RY', 'param': 5.112109724381305, 'wires': [2]}, {'name': 'RY', 'param': 8.528495538100255, 'wires': [0]}, {'name': 'CRY', 'param': 11.692202765960332, 'wires': [3, 0]}, {'name': 'RY', 'param': 5.846591994579042, 'wires': [3]}, {'name': 'CRY', 'param': 6.427749068558357, 'wires': [2, 0]}, {'name': 'RY', 'param': 6.244364170793786, 'wires': [2]}, {'name': 'RY', 'param': 5.296666252574324, 'wires': [0]}, {'name': 'CRY', 'param': 6.312212454804587, 'wires': [1, 0]}, {'name': 'RY', 'param': 5.216235065530197, 'wires': [1]}, {'name': 'RY', 'param': 5.000510468918941, 'wires': [0]}, {'name': 'RY', 'param': 7.315493894781995, 'wires': [4]}, {'name': 'CRY', 'param': 5.249709165009479, 'wires': [0, 4]}, {'name': 'RY', 'param': 6.263942875958987, 'wires': [0]}, {'name': 'CRY', 'param': 5.848881212461138, 'wires': [4, 3]}]
[2025-08-05 09:51:00,035][INFO] Energy: 0.01853714997101004
