[2025-08-04 17:02:48,395][INFO] Starting VQE run 96 (seed=59681841)
[2025-08-04 17:02:48,475][INFO] Adding RY(0.0, wires=[2]) increased overlap from 0.0 to 0.9475073090290421
[2025-08-04 17:02:48,575][INFO] Adding RY(0.0, wires=[1]) had small change in overlap from 0.9475073090290421 to 0.9466185851482819
[2025-08-04 17:02:49,457][INFO] Adding RY(0.0, wires=[3]) increased overlap from 0.9466185851482819 to 0.9947731841777074
[2025-08-04 17:02:54,426][INFO] Adding CRY(0.0, wires=[3, 2])) increased overlap from 0.9947731841777074 to 0.9983740751154985
[2025-08-04 17:03:03,707][INFO] Adding CRY(0.0, wires=[3, 1])) increased overlap from 0.9983740751154985 to 0.999204713711992
[2025-08-04 17:03:16,698][INFO] Adding CRY(0.0, wires=[2, 1])) had small change in overlap from 0.999204713711992 to 0.9970133480351749
[2025-08-04 17:03:31,091][INFO] Adding CRY(0.0, wires=[0, 3])) increased overlap from 0.9970133480351749 to 0.9991702050974862
[2025-08-04 17:03:46,856][INFO] Adding CRY(0.0, wires=[1, 2])) had small change in overlap from 0.9991702050974862 to 0.9988085404815039
[2025-08-04 17:04:03,972][INFO] Adding CRY(0.0, wires=[0, 1])) increased overlap from 0.9988085404815039 to 0.9991163113176934
[2025-08-04 17:04:22,410][INFO] Adding CRY(0.0, wires=[1, 3])) increased overlap from 0.9991163113176934 to 0.9999987940024585
[2025-08-04 17:04:41,528][INFO] Adding RY(0.0, wires=[1]) had small change in overlap from 0.9999987940024585 to 0.9998117632118211
[2025-08-04 17:05:01,989][INFO] Adding CRY(0.0, wires=[0, 2])) increased overlap from 0.9998117632118211 to 0.9998486041935518
[2025-08-04 17:05:23,835][INFO] Adding CRY(0.0, wires=[2, 3])) increased overlap from 0.9998486041935518 to 0.9999994083468045
[2025-08-04 17:05:46,264][INFO] Adding RY(0.0, wires=[3]) had small change in overlap from 0.9999994083468045 to 0.9999991130422362
[2025-08-04 17:06:09,296][INFO] Adding RY(0.0, wires=[2]) had small change in overlap from 0.9999991130422362 to 0.999997151155409
[2025-08-04 17:06:32,846][INFO] Adding RY(0.0, wires=[0]) had small change in overlap from 0.999997151155409 to 0.9999808738290654
[2025-08-04 17:06:57,744][INFO] Adding CRY(0.0, wires=[3, 0])) had small change in overlap from 0.9999808738290654 to 0.999415252077914
[2025-08-04 17:07:23,194][INFO] Adding RY(0.0, wires=[0]) increased overlap from 0.999415252077914 to 0.9995010104824684
[2025-08-04 17:07:49,938][INFO] Adding CRY(0.0, wires=[2, 0])) increased overlap from 0.9995010104824684 to 0.9997805855447478
[2025-08-04 17:08:17,279][INFO] Adding RY(0.0, wires=[2]) increased overlap from 0.9997805855447478 to 0.9999524577555302
[2025-08-04 17:08:45,887][INFO] Adding CRY(0.0, wires=[1, 0])) had small change in overlap from 0.9999524577555302 to 0.9983865243151896
[2025-08-04 17:09:15,031][INFO] Adding RY(0.0, wires=[1]) increased overlap from 0.9983865243151896 to 0.9999200742128234
[2025-08-04 17:09:44,792][INFO] Adding RY(0.0, wires=[3]) increased overlap from 0.9999200742128234 to 0.9999843259159862
[2025-08-04 17:10:15,131][INFO] Adding RY(0.0, wires=[0]) increased overlap from 0.9999843259159862 to 0.9999937885640703
[2025-08-04 17:10:46,010][INFO] Adding RY(0.0, wires=[4]) had small change in overlap from 0.9999937885640703 to 0.9999734875483994
[2025-08-04 17:11:18,218][INFO] Adding CRY(0.0, wires=[0, 4])) increased overlap from 0.9999734875483994 to 0.9999984572638166
[2025-08-04 17:11:51,011][INFO] Adding RY(0.0, wires=[4]) increased overlap from 0.9999984572638166 to 0.9999998883824748
[2025-08-04 17:12:24,293][INFO] Adding RY(0.0, wires=[0]) had small change in overlap from 0.9999998883824748 to 0.9999641195740543
[2025-08-04 17:12:58,769][INFO] Adding CRY(0.0, wires=[3, 4])) had small change in overlap from 0.9999641195740543 to 0.9995101286275953
[2025-08-04 17:13:33,843][INFO] Adding RY(0.0, wires=[4]) increased overlap from 0.9995101286275953 to 0.9997666710960069
[2025-08-04 17:13:33,843][INFO] Completed VQE run 29
[2025-08-04 17:13:33,843][INFO] Final ops list: [{'name': 'RY', 'param': 6.531763310326287, 'wires': [2]}, {'name': 'RY', 'param': 6.217812735372968, 'wires': [1]}, {'name': 'RY', 'param': 6.469092493936821, 'wires': [3]}, {'name': 'CRY', 'param': 13.175902688112604, 'wires': [3, 2]}, {'name': 'CRY', 'param': 6.328136390869333, 'wires': [3, 1]}, {'name': 'CRY', 'param': 6.588817511514672, 'wires': [2, 1]}, {'name': 'CRY', 'param': 6.903394805148012, 'wires': [0, 3]}, {'name': 'CRY', 'param': 11.881908318859928, 'wires': [1, 2]}, {'name': 'CRY', 'param': 6.428046909264731, 'wires': [0, 1]}, {'name': 'CRY', 'param': 7.006136372288318, 'wires': [1, 3]}, {'name': 'RY', 'param': 5.682925963595604, 'wires': [1]}, {'name': 'CRY', 'param': 8.048197933658248, 'wires': [0, 2]}, {'name': 'CRY', 'param': 6.29507261371318, 'wires': [2, 3]}, {'name': 'RY', 'param': 5.112150100167533, 'wires': [3]}, {'name': 'RY', 'param': 7.231809099579924, 'wires': [2]}, {'name': 'RY', 'param': 6.31495338467277, 'wires': [0]}, {'name': 'CRY', 'param': 6.293052232266211, 'wires': [3, 0]}, {'name': 'RY', 'param': 6.37142804717028, 'wires': [0]}, {'name': 'CRY', 'param': 6.29013705159217, 'wires': [2, 0]}, {'name': 'RY', 'param': 5.751413282485761, 'wires': [2]}, {'name': 'CRY', 'param': 6.281812057610754, 'wires': [1, 0]}, {'name': 'RY', 'param': 5.548296112883277, 'wires': [1]}, {'name': 'RY', 'param': 5.9967377771771275, 'wires': [3]}, {'name': 'RY', 'param': 5.794376042092192, 'wires': [0]}, {'name': 'RY', 'param': 6.803924637743831, 'wires': [4]}, {'name': 'CRY', 'param': 6.365289592297617, 'wires': [0, 4]}, {'name': 'RY', 'param': 6.0334767276236345, 'wires': [4]}, {'name': 'RY', 'param': 5.912750892368877, 'wires': [0]}, {'name': 'CRY', 'param': 6.262374767741564, 'wires': [3, 4]}, {'name': 'RY', 'param': 5.917834867261413, 'wires': [4]}]
[2025-08-04 17:13:33,843][INFO] Energy: 0.0010673613279614776
[2025-08-05 09:40:54,000][INFO] Starting VQE run 96 (seed=78419952)
[2025-08-05 09:40:54,093][INFO] Adding RY(0.0, wires=[2]) increased overlap from 0.0 to 0.9475073082815738
[2025-08-05 09:40:54,208][INFO] Adding RY(0.0, wires=[1]) had small change in overlap from 0.9475073082815738 to 0.9466185871393797
[2025-08-05 09:40:55,335][INFO] Adding RY(0.0, wires=[3]) increased overlap from 0.9466185871393797 to 0.9947731794201435
[2025-08-05 09:41:00,584][INFO] Adding CRY(0.0, wires=[3, 2])) increased overlap from 0.9947731794201435 to 0.9983740198526804
[2025-08-05 09:41:09,156][INFO] Adding CRY(0.0, wires=[3, 1])) increased overlap from 0.9983740198526804 to 0.9992046887190675
[2025-08-05 09:41:18,210][INFO] Adding CRY(0.0, wires=[2, 1])) had small change in overlap from 0.9992046887190675 to 0.9991844666766533
[2025-08-05 09:41:32,444][INFO] Adding CRY(0.0, wires=[1, 2])) increased overlap from 0.9991844666766533 to 0.9998693304172597
[2025-08-05 09:41:47,963][INFO] Adding CRY(0.0, wires=[0, 1])) increased overlap from 0.9998693304172597 to 0.9999973803507743
[2025-08-05 09:42:05,040][INFO] Adding CRY(0.0, wires=[0, 3])) increased overlap from 0.9999973803507743 to 0.9999985949098962
[2025-08-05 09:42:23,372][INFO] Adding CRY(0.0, wires=[1, 3])) increased overlap from 0.9999985949098962 to 0.9999995435886778
[2025-08-05 09:42:42,337][INFO] Adding RY(0.0, wires=[1]) had small change in overlap from 0.9999995435886778 to 0.9999099587313917
[2025-08-05 09:43:01,907][INFO] Adding RY(0.0, wires=[3]) increased overlap from 0.9999099587313917 to 0.999998326284989
[2025-08-05 09:43:22,930][INFO] Adding CRY(0.0, wires=[0, 2])) had small change in overlap from 0.999998326284989 to 0.9999854078288056
[2025-08-05 09:43:45,315][INFO] Adding CRY(0.0, wires=[2, 3])) had small change in overlap from 0.9999854078288056 to 0.999967674915084
[2025-08-05 09:44:08,225][INFO] Adding RY(0.0, wires=[2]) had small change in overlap from 0.999967674915084 to 0.9998190590666567
[2025-08-05 09:44:31,744][INFO] Adding RY(0.0, wires=[3]) increased overlap from 0.9998190590666567 to 0.9999493671867286
[2025-08-05 09:44:55,947][INFO] Adding RY(0.0, wires=[0]) had small change in overlap from 0.9999493671867286 to 0.9996392718964116
[2025-08-05 09:45:21,191][INFO] Adding CRY(0.0, wires=[3, 0])) increased overlap from 0.9996392718964116 to 0.9999452722485973
[2025-08-05 09:45:46,971][INFO] Adding RY(0.0, wires=[0]) increased overlap from 0.9999452722485973 to 0.9999949587667311
[2025-08-05 09:46:14,155][INFO] Adding CRY(0.0, wires=[1, 0])) had small change in overlap from 0.9999949587667311 to 0.9999614481576289
[2025-08-05 09:46:41,975][INFO] Adding RY(0.0, wires=[1]) had small change in overlap from 0.9999614481576289 to 0.9993509150858203
[2025-08-05 09:47:11,057][INFO] Adding CRY(0.0, wires=[2, 0])) increased overlap from 0.9993509150858203 to 0.9997465334056226
[2025-08-05 09:47:40,696][INFO] Adding RY(0.0, wires=[2]) had small change in overlap from 0.9997465334056226 to 0.9976205831296943
[2025-08-05 09:48:10,868][INFO] Adding RY(0.0, wires=[3]) increased overlap from 0.9976205831296943 to 0.9976925514398397
[2025-08-05 09:48:41,535][INFO] Adding RY(0.0, wires=[0]) increased overlap from 0.9976925514398397 to 0.9983511646973803
[2025-08-05 09:49:12,842][INFO] Adding RY(0.0, wires=[4]) increased overlap from 0.9983511646973803 to 0.9988134137246967
[2025-08-05 09:49:45,446][INFO] Adding CRY(0.0, wires=[0, 4])) increased overlap from 0.9988134137246967 to 0.9992709663590723
[2025-08-05 09:50:18,527][INFO] Adding RY(0.0, wires=[4]) increased overlap from 0.9992709663590723 to 0.9996823605984111
[2025-08-05 09:50:52,167][INFO] Adding RY(0.0, wires=[0]) increased overlap from 0.9996823605984111 to 0.9998784967111517
[2025-08-05 09:51:27,035][INFO] Adding CRY(0.0, wires=[3, 4])) increased overlap from 0.9998784967111517 to 0.9998977141224045
[2025-08-05 09:51:27,036][INFO] Completed VQE run 29
[2025-08-05 09:51:27,036][INFO] Final ops list: [{'name': 'RY', 'param': -0.24080009949139916, 'wires': [2]}, {'name': 'RY', 'param': 0.014732879351394576, 'wires': [1]}, {'name': 'RY', 'param': -1.3353443074160283, 'wires': [3]}, {'name': 'CRY', 'param': -0.3931935714776219, 'wires': [3, 2]}, {'name': 'CRY', 'param': -0.12007853692666103, 'wires': [3, 1]}, {'name': 'CRY', 'param': -0.11654454670492766, 'wires': [2, 1]}, {'name': 'CRY', 'param': 1.1457912670906183, 'wires': [1, 2]}, {'name': 'CRY', 'param': -0.17270772484721955, 'wires': [0, 1]}, {'name': 'CRY', 'param': -0.20383357654140444, 'wires': [0, 3]}, {'name': 'CRY', 'param': 0.2658354236247617, 'wires': [1, 3]}, {'name': 'RY', 'param': 0.13441917774770162, 'wires': [1]}, {'name': 'RY', 'param': 0.4166330811491405, 'wires': [3]}, {'name': 'CRY', 'param': 0.4519819322266997, 'wires': [0, 2]}, {'name': 'CRY', 'param': 3.1187791524752644, 'wires': [2, 3]}, {'name': 'RY', 'param': 0.13516040217782554, 'wires': [2]}, {'name': 'RY', 'param': 0.31345253047685534, 'wires': [3]}, {'name': 'RY', 'param': -0.44717956896810424, 'wires': [0]}, {'name': 'CRY', 'param': 0.0069267905217172115, 'wires': [3, 0]}, {'name': 'RY', 'param': -0.08744720269811461, 'wires': [0]}, {'name': 'CRY', 'param': 0.1030085696897449, 'wires': [1, 0]}, {'name': 'RY', 'param': 0.016796811519652538, 'wires': [1]}, {'name': 'CRY', 'param': 0.09723378106404039, 'wires': [2, 0]}, {'name': 'RY', 'param': 0.08369539474936492, 'wires': [2]}, {'name': 'RY', 'param': 0.3789388755369471, 'wires': [3]}, {'name': 'RY', 'param': 0.1484186932849743, 'wires': [0]}, {'name': 'RY', 'param': -0.28056608379498754, 'wires': [4]}, {'name': 'CRY', 'param': 0.026081413153718317, 'wires': [0, 4]}, {'name': 'RY', 'param': 0.26946736279698474, 'wires': [4]}, {'name': 'RY', 'param': 0.38531576303192727, 'wires': [0]}, {'name': 'CRY', 'param': 0.019700504419754322, 'wires': [3, 4]}]
[2025-08-05 09:51:27,036][INFO] Energy: 0.00018057112961228036
