[2025-08-04 17:02:48,349][INFO] Starting VQE run 39 (seed=63248955)
[2025-08-04 17:02:48,446][INFO] Adding RY(0.0, wires=[2]) increased overlap from 0.0 to 0.9475073079489751
[2025-08-04 17:02:48,599][INFO] Adding RY(0.0, wires=[1]) had small change in overlap from 0.9475073079489751 to 0.946618586410148
[2025-08-04 17:02:50,108][INFO] Adding RY(0.0, wires=[3]) increased overlap from 0.946618586410148 to 0.9947731749740629
[2025-08-04 17:03:02,688][INFO] Adding CRY(0.0, wires=[3, 2])) decreased overlap from 0.9947731749740629 to 0.93886084774594.. skipping this gate
[2025-08-04 17:03:02,688][INFO] gradient converged
[2025-08-04 17:03:02,688][INFO] Completed VQE run 3
[2025-08-04 17:03:02,688][INFO] Final ops list: [{'name': 'RY', 'param': 0.1105563326209761, 'wires': [2]}, {'name': 'RY', 'param': 0.005095430060030552, 'wires': [1]}, {'name': 'RY', 'param': -0.4619598067385273, 'wires': [3]}]
[2025-08-04 17:03:02,688][INFO] Energy: 0.03834066855318095
[2025-08-05 09:40:53,833][INFO] Starting VQE run 39 (seed=77917974)
[2025-08-05 09:40:53,966][INFO] Adding RY(0.0, wires=[2]) increased overlap from 0.0 to 0.9475073090416644
[2025-08-05 09:40:54,087][INFO] Adding RY(0.0, wires=[1]) had small change in overlap from 0.9475073090416644 to 0.9466185847336626
[2025-08-05 09:40:54,970][INFO] Adding RY(0.0, wires=[3]) increased overlap from 0.9466185847336626 to 0.9947731806037184
[2025-08-05 09:40:57,815][INFO] Adding CRY(0.0, wires=[3, 2])) increased overlap from 0.9947731806037184 to 0.9983740183098979
[2025-08-05 09:41:03,689][INFO] Adding CRY(0.0, wires=[3, 1])) increased overlap from 0.9983740183098979 to 0.9992046877696634
[2025-08-05 09:41:16,121][INFO] Adding CRY(0.0, wires=[2, 1])) had small change in overlap from 0.9992046877696634 to 0.9991844613776609
[2025-08-05 09:41:30,363][INFO] Adding CRY(0.0, wires=[1, 2])) had small change in overlap from 0.9991844613776609 to 0.9990519784876316
[2025-08-05 09:41:45,883][INFO] Adding CRY(0.0, wires=[0, 1])) increased overlap from 0.9990519784876316 to 0.9999835902772255
[2025-08-05 09:42:02,970][INFO] Adding CRY(0.0, wires=[0, 2])) increased overlap from 0.9999835902772255 to 0.9999880843461365
[2025-08-05 09:42:21,251][INFO] Adding CRY(0.0, wires=[1, 3])) had small change in overlap from 0.9999880843461365 to 0.9983128415931305
[2025-08-05 09:42:40,107][INFO] Adding RY(0.0, wires=[1]) had small change in overlap from 0.9983128415931305 to 0.9930042311697356
[2025-08-05 09:43:00,378][INFO] Adding CRY(0.0, wires=[0, 3])) increased overlap from 0.9930042311697356 to 0.9999518453307341
[2025-08-05 09:43:22,080][INFO] Adding CRY(0.0, wires=[2, 3])) had small change in overlap from 0.9999518453307341 to 0.9938592889929028
[2025-08-05 09:43:44,408][INFO] Adding RY(0.0, wires=[2]) increased overlap from 0.9938592889929028 to 0.9994695295542131
[2025-08-05 09:44:07,244][INFO] Adding RY(0.0, wires=[3]) increased overlap from 0.9994695295542131 to 0.9995996800808906
[2025-08-05 09:44:30,606][INFO] Adding RY(0.0, wires=[0]) had small change in overlap from 0.9995996800808906 to 0.9989490110553857
[2025-08-05 09:44:55,493][INFO] Adding CRY(0.0, wires=[3, 0])) had small change in overlap from 0.9989490110553857 to 0.9982028404161521
[2025-08-05 09:45:20,684][INFO] Adding RY(0.0, wires=[0]) increased overlap from 0.9982028404161521 to 0.9994622767334717
[2025-08-05 09:45:46,386][INFO] Adding RY(0.0, wires=[3]) increased overlap from 0.9994622767334717 to 0.9998506814685107
[2025-08-05 09:46:13,456][INFO] Adding CRY(0.0, wires=[1, 0])) had small change in overlap from 0.9998506814685107 to 0.9977922461223272
[2025-08-05 09:46:41,148][INFO] Adding RY(0.0, wires=[1]) increased overlap from 0.9977922461223272 to 0.9991850691296118
[2025-08-05 09:47:10,187][INFO] Adding CRY(0.0, wires=[2, 0])) increased overlap from 0.9991850691296118 to 0.9992776879461063
[2025-08-05 09:47:39,726][INFO] Adding RY(0.0, wires=[2]) increased overlap from 0.9992776879461063 to 0.999751902594301
[2025-08-05 09:48:09,831][INFO] Adding RY(0.0, wires=[0]) increased overlap from 0.999751902594301 to 0.9999211318650266
[2025-08-05 09:48:40,435][INFO] Adding RY(0.0, wires=[4]) increased overlap from 0.9999211318650266 to 0.9999321459529501
[2025-08-05 09:49:12,413][INFO] Adding CRY(0.0, wires=[0, 4])) increased overlap from 0.9999321459529501 to 0.9999905290561656
[2025-08-05 09:49:44,878][INFO] Adding RY(0.0, wires=[4]) increased overlap from 0.9999905290561656 to 0.9999982241832704
[2025-08-05 09:50:17,832][INFO] Adding RY(0.0, wires=[0]) had small change in overlap from 0.9999982241832704 to 0.9999760728115903
[2025-08-05 09:50:52,076][INFO] Adding CRY(0.0, wires=[3, 4])) had small change in overlap from 0.9999760728115903 to 0.9966692045300345
[2025-08-05 09:51:26,970][INFO] Adding RY(0.0, wires=[3]) increased overlap from 0.9966692045300345 to 0.9975067690477534
[2025-08-05 09:51:26,970][INFO] Completed VQE run 29
[2025-08-05 09:51:26,970][INFO] Final ops list: [{'name': 'RY', 'param': 6.360218058446493, 'wires': [2]}, {'name': 'RY', 'param': 5.021532279447249, 'wires': [1]}, {'name': 'RY', 'param': 5.903564337092582, 'wires': [3]}, {'name': 'CRY', 'param': 9.225076095667003, 'wires': [3, 2]}, {'name': 'CRY', 'param': 12.754969268958193, 'wires': [3, 1]}, {'name': 'CRY', 'param': 6.111895860820002, 'wires': [2, 1]}, {'name': 'CRY', 'param': 6.2945854094827265, 'wires': [1, 2]}, {'name': 'CRY', 'param': 5.020770055314723, 'wires': [0, 1]}, {'name': 'CRY', 'param': 6.28495596344327, 'wires': [0, 2]}, {'name': 'CRY', 'param': 10.60542864138197, 'wires': [1, 3]}, {'name': 'RY', 'param': 6.292709463496455, 'wires': [1]}, {'name': 'CRY', 'param': 6.7263581172115465, 'wires': [0, 3]}, {'name': 'CRY', 'param': 10.023096775937278, 'wires': [2, 3]}, {'name': 'RY', 'param': 6.148610870152403, 'wires': [2]}, {'name': 'RY', 'param': 5.946199278291495, 'wires': [3]}, {'name': 'RY', 'param': 6.369334831240019, 'wires': [0]}, {'name': 'CRY', 'param': 6.825203303805853, 'wires': [3, 0]}, {'name': 'RY', 'param': 6.470912327706888, 'wires': [0]}, {'name': 'RY', 'param': 6.65892902910069, 'wires': [3]}, {'name': 'CRY', 'param': 8.413034786980766, 'wires': [1, 0]}, {'name': 'RY', 'param': 6.263455277888173, 'wires': [1]}, {'name': 'CRY', 'param': 6.155020654988336, 'wires': [2, 0]}, {'name': 'RY', 'param': 5.817533952339712, 'wires': [2]}, {'name': 'RY', 'param': 5.653267069798855, 'wires': [0]}, {'name': 'RY', 'param': 6.518401864911547, 'wires': [4]}, {'name': 'CRY', 'param': 6.147204984147535, 'wires': [0, 4]}, {'name': 'RY', 'param': 6.185768777744148, 'wires': [4]}, {'name': 'RY', 'param': 5.949393436577897, 'wires': [0]}, {'name': 'CRY', 'param': 6.2891566082015915, 'wires': [3, 4]}, {'name': 'RY', 'param': 6.0862619937989635, 'wires': [3]}]
[2025-08-05 09:51:26,970][INFO] Energy: 0.023186851595397698
