[2025-08-04 17:02:48,389][INFO] Starting VQE run 89 (seed=1640376)
[2025-08-04 17:02:48,467][INFO] Adding RY(0.0, wires=[2]) increased overlap from 0.0 to 0.9475073078458505
[2025-08-04 17:02:48,566][INFO] Adding RY(0.0, wires=[1]) had small change in overlap from 0.9475073078458505 to 0.9466185855212483
[2025-08-04 17:02:49,557][INFO] Adding RY(0.0, wires=[3]) increased overlap from 0.9466185855212483 to 0.9947731796975884
[2025-08-04 17:02:54,802][INFO] Adding CRY(0.0, wires=[3, 2])) increased overlap from 0.9947731796975884 to 0.9983740119220545
[2025-08-04 17:03:03,023][INFO] Adding CRY(0.0, wires=[3, 1])) increased overlap from 0.9983740119220545 to 0.999204687157985
[2025-08-04 17:03:11,890][INFO] Adding CRY(0.0, wires=[2, 1])) had small change in overlap from 0.999204687157985 to 0.9991844638634075
[2025-08-04 17:03:26,109][INFO] Adding CRY(0.0, wires=[1, 2])) increased overlap from 0.9991844638634075 to 0.999953629452306
[2025-08-04 17:03:41,679][INFO] Adding CRY(0.0, wires=[0, 1])) increased overlap from 0.999953629452306 to 0.9999851674472666
[2025-08-04 17:03:58,787][INFO] Adding CRY(0.0, wires=[0, 3])) increased overlap from 0.9999851674472666 to 0.9999998435448477
[2025-08-04 17:04:16,460][INFO] Adding RY(0.0, wires=[1]) had small change in overlap from 0.9999998435448477 to 0.9996711601855633
[2025-08-04 17:04:35,538][INFO] Adding CRY(0.0, wires=[1, 3])) increased overlap from 0.9996711601855633 to 0.9997893111430445
[2025-08-04 17:04:55,147][INFO] Adding RY(0.0, wires=[1]) had small change in overlap from 0.9997893111430445 to 0.9957370161405203
[2025-08-04 17:05:16,230][INFO] Adding CRY(0.0, wires=[2, 3])) increased overlap from 0.9957370161405203 to 0.9994368473719709
[2025-08-04 17:05:38,588][INFO] Adding CRY(0.0, wires=[0, 2])) had small change in overlap from 0.9994368473719709 to 0.999382510148333
[2025-08-04 17:06:01,515][INFO] Adding RY(0.0, wires=[2]) increased overlap from 0.999382510148333 to 0.999974821244482
[2025-08-04 17:06:25,049][INFO] Adding RY(0.0, wires=[3]) had small change in overlap from 0.999974821244482 to 0.9999167623471652
[2025-08-04 17:06:49,153][INFO] Adding RY(0.0, wires=[0]) had small change in overlap from 0.9999167623471652 to 0.9955670875247078
[2025-08-04 17:07:14,573][INFO] Adding CRY(0.0, wires=[3, 0])) increased overlap from 0.9955670875247078 to 0.9996180401847562
[2025-08-04 17:07:40,474][INFO] Adding RY(0.0, wires=[3]) increased overlap from 0.9996180401847562 to 0.9999659732970626
[2025-08-04 17:08:07,016][INFO] Adding RY(0.0, wires=[0]) had small change in overlap from 0.9999659732970626 to 0.9997059291359354
[2025-08-04 17:08:34,861][INFO] Adding CRY(0.0, wires=[2, 0])) had small change in overlap from 0.9997059291359354 to 0.9994039968394115
[2025-08-04 17:09:03,310][INFO] Adding RY(0.0, wires=[2]) had small change in overlap from 0.9994039968394115 to 0.99878726916813
[2025-08-04 17:09:32,999][INFO] Adding CRY(0.0, wires=[1, 0])) increased overlap from 0.99878726916813 to 0.9989165855539299
[2025-08-04 17:10:03,258][INFO] Adding RY(0.0, wires=[1]) had small change in overlap from 0.9989165855539299 to 0.9975816440459601
[2025-08-04 17:10:34,007][INFO] Adding RY(0.0, wires=[0]) increased overlap from 0.9975816440459601 to 0.9998900726675999
[2025-08-04 17:11:05,596][INFO] Adding RY(0.0, wires=[4]) had small change in overlap from 0.9998900726675999 to 0.9950750498459273
[2025-08-04 17:11:38,304][INFO] Adding CRY(0.0, wires=[0, 4])) increased overlap from 0.9950750498459273 to 0.999570315773221
[2025-08-04 17:12:11,740][INFO] Adding RY(0.0, wires=[4]) increased overlap from 0.999570315773221 to 0.9999905471085259
[2025-08-04 17:12:46,323][INFO] Adding CRY(0.0, wires=[3, 4])) had small change in overlap from 0.9999905471085259 to 0.9974345230296304
[2025-08-04 17:13:21,470][INFO] Adding RY(0.0, wires=[3]) increased overlap from 0.9974345230296304 to 0.999607919810234
[2025-08-04 17:13:21,470][INFO] Completed VQE run 29
[2025-08-04 17:13:21,470][INFO] Final ops list: [{'name': 'RY', 'param': 0.7459384856118233, 'wires': [2]}, {'name': 'RY', 'param': -0.21884339425847074, 'wires': [1]}, {'name': 'RY', 'param': -1.4235828788609663, 'wires': [3]}, {'name': 'CRY', 'param': -0.9728238253646477, 'wires': [3, 2]}, {'name': 'CRY', 'param': -0.13265422837278956, 'wires': [3, 1]}, {'name': 'CRY', 'param': -0.0012016864530265455, 'wires': [2, 1]}, {'name': 'CRY', 'param': 0.16496243094004884, 'wires': [1, 2]}, {'name': 'CRY', 'param': 0.04909676748793764, 'wires': [0, 1]}, {'name': 'CRY', 'param': -0.032422424803733, 'wires': [0, 3]}, {'name': 'RY', 'param': 0.19056134898354496, 'wires': [1]}, {'name': 'CRY', 'param': 1.7407489401254748, 'wires': [1, 3]}, {'name': 'RY', 'param': -0.2789740588558199, 'wires': [1]}, {'name': 'CRY', 'param': 4.079200407167727, 'wires': [2, 3]}, {'name': 'CRY', 'param': -0.4272714459046222, 'wires': [0, 2]}, {'name': 'RY', 'param': 0.4906654205131126, 'wires': [2]}, {'name': 'RY', 'param': 0.4474095992184377, 'wires': [3]}, {'name': 'RY', 'param': -0.3994358371137693, 'wires': [0]}, {'name': 'CRY', 'param': -0.0037476833614093897, 'wires': [3, 0]}, {'name': 'RY', 'param': 0.11268712558121892, 'wires': [3]}, {'name': 'RY', 'param': 0.019221994538691608, 'wires': [0]}, {'name': 'CRY', 'param': 0.004921334340509083, 'wires': [2, 0]}, {'name': 'RY', 'param': 0.549309343979589, 'wires': [2]}, {'name': 'CRY', 'param': -3.4059211041118006e-05, 'wires': [1, 0]}, {'name': 'RY', 'param': 0.30065934780386716, 'wires': [1]}, {'name': 'RY', 'param': 0.3793276914140503, 'wires': [0]}, {'name': 'RY', 'param': -0.4067320341481163, 'wires': [4]}, {'name': 'CRY', 'param': 0.06503641450113996, 'wires': [0, 4]}, {'name': 'RY', 'param': 0.3552717994557432, 'wires': [4]}, {'name': 'CRY', 'param': 0.005245820230950152, 'wires': [3, 4]}, {'name': 'RY', 'param': 0.5441574380324855, 'wires': [3]}]
[2025-08-04 17:13:21,470][INFO] Energy: 0.003517746795195685
[2025-08-05 09:40:53,958][INFO] Starting VQE run 89 (seed=19303645)
[2025-08-05 09:40:54,045][INFO] Adding RY(0.0, wires=[2]) increased overlap from 0.0 to 0.9475073092621056
[2025-08-05 09:40:54,168][INFO] Adding RY(0.0, wires=[1]) had small change in overlap from 0.9475073092621056 to 0.9466185855336953
[2025-08-05 09:40:55,568][INFO] Adding RY(0.0, wires=[3]) increased overlap from 0.9466185855336953 to 0.994773179755255
[2025-08-05 09:41:06,237][INFO] Adding CRY(0.0, wires=[3, 2])) decreased overlap from 0.994773179755255 to 0.941437855104886.. skipping this gate
[2025-08-05 09:41:06,237][INFO] gradient converged
[2025-08-05 09:41:06,237][INFO] Completed VQE run 3
[2025-08-05 09:41:06,237][INFO] Final ops list: [{'name': 'RY', 'param': 0.11055625712661832, 'wires': [2]}, {'name': 'RY', 'param': 0.005095425723069036, 'wires': [1]}, {'name': 'RY', 'param': -0.4619597155761014, 'wires': [3]}]
[2025-08-05 09:41:06,237][INFO] Energy: 0.038340668553379385
