[2025-08-04 17:02:48,380][INFO] Starting VQE run 72 (seed=54686058)
[2025-08-04 17:02:48,479][INFO] Adding RY(0.0, wires=[2]) increased overlap from 0.0 to 0.9475073078747185
[2025-08-04 17:02:48,628][INFO] Adding RY(0.0, wires=[1]) had small change in overlap from 0.9475073078747185 to 0.9466185840643114
[2025-08-04 17:02:50,080][INFO] Adding RY(0.0, wires=[3]) increased overlap from 0.9466185840643114 to 0.9947731862030306
[2025-08-04 17:03:02,739][INFO] Adding CRY(0.0, wires=[3, 2])) increased overlap from 0.9947731862030306 to 0.9983739541389278
[2025-08-04 17:03:16,019][INFO] Adding CRY(0.0, wires=[3, 1])) decreased overlap from 0.9983739541389278 to 0.9527061745797613.. skipping this gate
[2025-08-04 17:03:16,019][INFO] gradient converged
[2025-08-04 17:03:16,019][INFO] Completed VQE run 4
[2025-08-04 17:03:16,019][INFO] Final ops list: [{'name': 'RY', 'param': 0.05967572994461478, 'wires': [2]}, {'name': 'RY', 'param': -0.021246095094098843, 'wires': [1]}, {'name': 'RY', 'param': -0.4374029621994049, 'wires': [3]}, {'name': 'CRY', 'param': -0.17241706920552616, 'wires': [3, 2]}]
[2025-08-04 17:03:16,019][INFO] Energy: 0.01890577652517376
[2025-08-05 09:40:53,890][INFO] Starting VQE run 72 (seed=71331282)
[2025-08-05 09:40:53,982][INFO] Adding RY(0.0, wires=[2]) increased overlap from 0.0 to 0.9475073094656259
[2025-08-05 09:40:54,099][INFO] Adding RY(0.0, wires=[1]) had small change in overlap from 0.9475073094656259 to 0.9466185842758402
[2025-08-05 09:40:54,952][INFO] Adding RY(0.0, wires=[3]) increased overlap from 0.9466185842758402 to 0.9947731782562932
[2025-08-05 09:41:00,656][INFO] Adding CRY(0.0, wires=[3, 2])) increased overlap from 0.9947731782562932 to 0.9983740773920533
[2025-08-05 09:41:10,130][INFO] Adding CRY(0.0, wires=[3, 1])) increased overlap from 0.9983740773920533 to 0.9992047178893622
[2025-08-05 09:41:23,051][INFO] Adding CRY(0.0, wires=[2, 1])) had small change in overlap from 0.9992047178893622 to 0.9980760197409715
[2025-08-05 09:41:37,369][INFO] Adding CRY(0.0, wires=[0, 3])) increased overlap from 0.9980760197409715 to 0.9991958918605686
[2025-08-05 09:41:53,000][INFO] Adding CRY(0.0, wires=[0, 2])) increased overlap from 0.9991958918605686 to 0.9997232445778305
[2025-08-05 09:42:09,995][INFO] Adding CRY(0.0, wires=[1, 3])) increased overlap from 0.9997232445778305 to 0.9999999999172045
[2025-08-05 09:42:28,223][INFO] Adding CRY(0.0, wires=[2, 3])) had small change in overlap from 0.9999999999172045 to 0.9999999998079243
[2025-08-05 09:42:28,223][INFO] gradient converged
[2025-08-05 09:42:28,223][INFO] Completed VQE run 9
[2025-08-05 09:42:28,223][INFO] Final ops list: [{'name': 'RY', 'param': 6.644655306304702, 'wires': [2]}, {'name': 'RY', 'param': 6.361841380047729, 'wires': [1]}, {'name': 'RY', 'param': 5.585149395779954, 'wires': [3]}, {'name': 'CRY', 'param': 6.489598253458761, 'wires': [3, 2]}, {'name': 'CRY', 'param': 6.349211752141986, 'wires': [3, 1]}, {'name': 'CRY', 'param': 6.116757423481746, 'wires': [2, 1]}, {'name': 'CRY', 'param': 6.544239835604202, 'wires': [0, 3]}, {'name': 'CRY', 'param': 6.695855344827761, 'wires': [0, 2]}, {'name': 'CRY', 'param': 5.945578432882963, 'wires': [1, 3]}]
[2025-08-05 09:42:28,223][INFO] Energy: -0.0011669738416261236
