[2025-08-04 17:02:48,349][INFO] Starting VQE run 41 (seed=115105599)
[2025-08-04 17:02:48,443][INFO] Adding RY(0.0, wires=[2]) increased overlap from 0.0 to 0.9475073081947595
[2025-08-04 17:02:48,586][INFO] Adding RY(0.0, wires=[1]) had small change in overlap from 0.9475073081947595 to 0.9466185853195979
[2025-08-04 17:02:49,676][INFO] Adding RY(0.0, wires=[3]) increased overlap from 0.9466185853195979 to 0.9947731719323005
[2025-08-04 17:02:57,674][INFO] Adding CRY(0.0, wires=[3, 2])) increased overlap from 0.9947731719323005 to 0.9983740712865916
[2025-08-04 17:03:07,889][INFO] Adding CRY(0.0, wires=[3, 1])) increased overlap from 0.9983740712865916 to 0.9992047154426323
[2025-08-04 17:03:20,185][INFO] Adding CRY(0.0, wires=[2, 1])) had small change in overlap from 0.9992047154426323 to 0.9991844319076505
[2025-08-04 17:03:35,709][INFO] Adding CRY(0.0, wires=[1, 2])) had small change in overlap from 0.9991844319076505 to 0.9988692557032611
[2025-08-04 17:03:52,601][INFO] Adding CRY(0.0, wires=[0, 1])) increased overlap from 0.9988692557032611 to 0.9999983767612325
[2025-08-04 17:04:10,131][INFO] Adding CRY(0.0, wires=[0, 3])) had small change in overlap from 0.9999983767612325 to 0.9993664101401543
[2025-08-04 17:04:28,085][INFO] Adding RY(0.0, wires=[3]) had small change in overlap from 0.9993664101401543 to 0.9988703181836377
[2025-08-04 17:04:47,286][INFO] Adding CRY(0.0, wires=[1, 3])) had small change in overlap from 0.9988703181836377 to 0.9966692410779185
[2025-08-04 17:05:07,057][INFO] Adding RY(0.0, wires=[1]) increased overlap from 0.9966692410779185 to 0.99735326273254
[2025-08-04 17:05:28,310][INFO] Adding CRY(0.0, wires=[0, 2])) increased overlap from 0.99735326273254 to 0.9988694009379152
[2025-08-04 17:05:50,122][INFO] Adding RY(0.0, wires=[2]) increased overlap from 0.9988694009379152 to 0.999188791833786
[2025-08-04 17:06:12,531][INFO] Adding RY(0.0, wires=[3]) increased overlap from 0.999188791833786 to 0.9998534975301651
[2025-08-04 17:06:36,344][INFO] Adding CRY(0.0, wires=[2, 3])) increased overlap from 0.9998534975301651 to 0.999853957027939
[2025-08-04 17:07:00,646][INFO] Adding RY(0.0, wires=[2]) had small change in overlap from 0.999853957027939 to 0.9940459698887777
[2025-08-04 17:07:25,433][INFO] Adding RY(0.0, wires=[3]) increased overlap from 0.9940459698887777 to 0.9995816261815913
[2025-08-04 17:07:50,744][INFO] Adding RY(0.0, wires=[0]) had small change in overlap from 0.9995816261815913 to 0.9904690148105476
[2025-08-04 17:08:17,433][INFO] Adding CRY(0.0, wires=[3, 0])) increased overlap from 0.9904690148105476 to 0.9985785531583987
[2025-08-04 17:08:44,750][INFO] Adding RY(0.0, wires=[0]) increased overlap from 0.9985785531583987 to 0.9998425301291926
[2025-08-04 17:09:12,544][INFO] Adding RY(0.0, wires=[3]) had small change in overlap from 0.9998425301291926 to 0.9963792780411955
[2025-08-04 17:09:41,654][INFO] Adding CRY(0.0, wires=[2, 0])) increased overlap from 0.9963792780411955 to 0.9984836376763104
[2025-08-04 17:10:11,318][INFO] Adding RY(0.0, wires=[2]) had small change in overlap from 0.9984836376763104 to 0.9938446585306508
[2025-08-04 17:10:41,789][INFO] Adding RY(0.0, wires=[0]) increased overlap from 0.9938446585306508 to 0.9955862675907173
[2025-08-04 17:11:13,490][INFO] Adding CRY(0.0, wires=[1, 0])) had small change in overlap from 0.9955862675907173 to 0.9954554172349006
[2025-08-04 17:11:45,846][INFO] Adding RY(0.0, wires=[1]) increased overlap from 0.9954554172349006 to 0.9961362035705403
[2025-08-04 17:12:18,539][INFO] Adding RY(0.0, wires=[0]) increased overlap from 0.9961362035705403 to 0.996968038549481
[2025-08-04 17:12:51,736][INFO] Adding RY(0.0, wires=[4]) increased overlap from 0.996968038549481 to 0.9970187535975353
[2025-08-04 17:13:26,401][INFO] Adding CRY(0.0, wires=[0, 4])) had small change in overlap from 0.9970187535975353 to 0.9969994130161526
[2025-08-04 17:13:26,401][INFO] Completed VQE run 29
[2025-08-04 17:13:26,401][INFO] Final ops list: [{'name': 'RY', 'param': 5.6385097737237615, 'wires': [2]}, {'name': 'RY', 'param': 7.4565643584581816, 'wires': [1]}, {'name': 'RY', 'param': 5.931711810538045, 'wires': [3]}, {'name': 'CRY', 'param': 12.4990775791563, 'wires': [3, 2]}, {'name': 'CRY', 'param': 6.366508682105027, 'wires': [3, 1]}, {'name': 'CRY', 'param': 6.592336040712997, 'wires': [2, 1]}, {'name': 'CRY', 'param': 12.365496890259458, 'wires': [1, 2]}, {'name': 'CRY', 'param': 5.849178715556162, 'wires': [0, 1]}, {'name': 'CRY', 'param': 9.828804563946811, 'wires': [0, 3]}, {'name': 'RY', 'param': 5.910642647921552, 'wires': [3]}, {'name': 'CRY', 'param': 6.22170340452267, 'wires': [1, 3]}, {'name': 'RY', 'param': 6.110726527803872, 'wires': [1]}, {'name': 'CRY', 'param': 7.7924126935076075, 'wires': [0, 2]}, {'name': 'RY', 'param': 7.003904924430449, 'wires': [2]}, {'name': 'RY', 'param': 4.502324211304054, 'wires': [3]}, {'name': 'CRY', 'param': 6.024109597148571, 'wires': [2, 3]}, {'name': 'RY', 'param': 7.356364248475255, 'wires': [2]}, {'name': 'RY', 'param': 4.775616825095791, 'wires': [3]}, {'name': 'RY', 'param': 8.933393853535247, 'wires': [0]}, {'name': 'CRY', 'param': 7.786896182505135, 'wires': [3, 0]}, {'name': 'RY', 'param': 7.119492645686196, 'wires': [0]}, {'name': 'RY', 'param': 5.8174965831712395, 'wires': [3]}, {'name': 'CRY', 'param': 6.216048070375681, 'wires': [2, 0]}, {'name': 'RY', 'param': 4.624486035506462, 'wires': [2]}, {'name': 'RY', 'param': 4.514214458247027, 'wires': [0]}, {'name': 'CRY', 'param': 6.2304018880728105, 'wires': [1, 0]}, {'name': 'RY', 'param': 5.3184708238161456, 'wires': [1]}, {'name': 'RY', 'param': 4.596160721555633, 'wires': [0]}, {'name': 'RY', 'param': 7.0543465635319516, 'wires': [4]}, {'name': 'CRY', 'param': 5.512468037231936, 'wires': [0, 4]}]
[2025-08-04 17:13:26,401][INFO] Energy: 0.02462003552349743
[2025-08-05 09:40:53,848][INFO] Starting VQE run 41 (seed=6437599)
[2025-08-05 09:40:53,997][INFO] Adding RY(0.0, wires=[2]) increased overlap from 0.0 to 0.9475073082019154
[2025-08-05 09:40:54,146][INFO] Adding RY(0.0, wires=[1]) had small change in overlap from 0.9475073082019154 to 0.946618585171147
[2025-08-05 09:40:55,298][INFO] Adding RY(0.0, wires=[3]) increased overlap from 0.946618585171147 to 0.9947731476299397
[2025-08-05 09:41:03,646][INFO] Adding CRY(0.0, wires=[3, 2])) increased overlap from 0.9947731476299397 to 0.9983740731913625
[2025-08-05 09:41:15,539][INFO] Adding CRY(0.0, wires=[3, 1])) increased overlap from 0.9983740731913625 to 0.9992047152377089
[2025-08-05 09:41:27,327][INFO] Adding CRY(0.0, wires=[2, 1])) had small change in overlap from 0.9992047152377089 to 0.9991844315986609
[2025-08-05 09:41:41,653][INFO] Adding CRY(0.0, wires=[1, 2])) had small change in overlap from 0.9991844315986609 to 0.9985768651679076
[2025-08-05 09:41:57,312][INFO] Adding CRY(0.0, wires=[0, 1])) increased overlap from 0.9985768651679076 to 0.9999236492430131
[2025-08-05 09:42:14,502][INFO] Adding CRY(0.0, wires=[0, 3])) had small change in overlap from 0.9999236492430131 to 0.9960688097544271
[2025-08-05 09:42:32,833][INFO] Adding CRY(0.0, wires=[2, 3])) increased overlap from 0.9960688097544271 to 0.9991962341947677
[2025-08-05 09:42:52,472][INFO] Adding CRY(0.0, wires=[0, 2])) had small change in overlap from 0.9991962341947677 to 0.9984959282316814
[2025-08-05 09:43:13,364][INFO] Adding CRY(0.0, wires=[1, 3])) had small change in overlap from 0.9984959282316814 to 0.9967366107723209
[2025-08-05 09:43:34,956][INFO] Adding RY(0.0, wires=[1]) increased overlap from 0.9967366107723209 to 0.9999999999516831
[2025-08-05 09:43:57,222][INFO] Adding RY(0.0, wires=[2]) had small change in overlap from 0.9999999999516831 to 0.999985158625667
[2025-08-05 09:44:20,010][INFO] Adding RY(0.0, wires=[3]) increased overlap from 0.999985158625667 to 0.9999999988864328
[2025-08-05 09:44:43,334][INFO] Adding RY(0.0, wires=[0]) had small change in overlap from 0.9999999988864328 to 0.9999652779758785
[2025-08-05 09:45:08,213][INFO] Adding CRY(0.0, wires=[3, 0])) had small change in overlap from 0.9999652779758785 to 0.9989410845319842
[2025-08-05 09:45:33,299][INFO] Adding RY(0.0, wires=[3]) had small change in overlap from 0.9989410845319842 to 0.9962364855081032
[2025-08-05 09:45:58,915][INFO] Adding RY(0.0, wires=[0]) increased overlap from 0.9962364855081032 to 0.9975718436642803
[2025-08-05 09:46:25,919][INFO] Adding CRY(0.0, wires=[2, 0])) had small change in overlap from 0.9975718436642803 to 0.9942421911375856
[2025-08-05 09:46:53,604][INFO] Adding RY(0.0, wires=[2]) increased overlap from 0.9942421911375856 to 0.9946949547240944
[2025-08-05 09:47:21,819][INFO] Adding RY(0.0, wires=[0]) increased overlap from 0.9946949547240944 to 0.9948799696407041
[2025-08-05 09:47:51,325][INFO] Adding CRY(0.0, wires=[1, 0])) increased overlap from 0.9948799696407041 to 0.9950801318609325
[2025-08-05 09:48:21,427][INFO] Adding RY(0.0, wires=[1]) had small change in overlap from 0.9950801318609325 to 0.9940256060031035
[2025-08-05 09:48:52,035][INFO] Adding RY(0.0, wires=[0]) increased overlap from 0.9940256060031035 to 0.9959235643186057
[2025-08-05 09:49:23,130][INFO] Adding RY(0.0, wires=[4]) increased overlap from 0.9959235643186057 to 0.998312720621046
[2025-08-05 09:49:55,638][INFO] Adding CRY(0.0, wires=[0, 4])) decreased overlap from 0.998312720621046 to 0.9293272060705114.. skipping this gate
[2025-08-05 09:49:55,638][INFO] gradient converged
[2025-08-05 09:49:55,638][INFO] Completed VQE run 26
[2025-08-05 09:49:55,638][INFO] Final ops list: [{'name': 'RY', 'param': 6.585379606180678, 'wires': [2]}, {'name': 'RY', 'param': 6.050232897284155, 'wires': [1]}, {'name': 'RY', 'param': 6.22104493959723, 'wires': [3]}, {'name': 'CRY', 'param': 15.420592952798692, 'wires': [3, 2]}, {'name': 'CRY', 'param': 8.773144649042202, 'wires': [3, 1]}, {'name': 'CRY', 'param': 9.770409324486874, 'wires': [2, 1]}, {'name': 'CRY', 'param': 10.730269808174244, 'wires': [1, 2]}, {'name': 'CRY', 'param': 6.672596591456816, 'wires': [0, 1]}, {'name': 'CRY', 'param': 6.642190420807653, 'wires': [0, 3]}, {'name': 'CRY', 'param': 8.359641344541995, 'wires': [2, 3]}, {'name': 'CRY', 'param': 7.302699399762891, 'wires': [0, 2]}, {'name': 'CRY', 'param': 9.499177573794096, 'wires': [1, 3]}, {'name': 'RY', 'param': 6.343962022907001, 'wires': [1]}, {'name': 'RY', 'param': 4.893156650817232, 'wires': [2]}, {'name': 'RY', 'param': 5.9419172886598615, 'wires': [3]}, {'name': 'RY', 'param': 9.010848627854084, 'wires': [0]}, {'name': 'CRY', 'param': 11.975430648769919, 'wires': [3, 0]}, {'name': 'RY', 'param': 5.828033184304289, 'wires': [3]}, {'name': 'RY', 'param': 7.251021255756857, 'wires': [0]}, {'name': 'CRY', 'param': 6.360254734760298, 'wires': [2, 0]}, {'name': 'RY', 'param': 6.004152739109748, 'wires': [2]}, {'name': 'RY', 'param': 4.336813231796653, 'wires': [0]}, {'name': 'CRY', 'param': 5.667673873538488, 'wires': [1, 0]}, {'name': 'RY', 'param': 6.293777376264524, 'wires': [1]}, {'name': 'RY', 'param': 4.541146366917435, 'wires': [0]}, {'name': 'RY', 'param': 6.236730117902304, 'wires': [4]}]
[2025-08-05 09:49:55,638][INFO] Energy: 0.014660143424245643
