[2025-08-04 17:02:48,342][INFO] Starting VQE run 24 (seed=44694492)
[2025-08-04 17:02:48,440][INFO] Adding RY(0.0, wires=[2]) increased overlap from 0.0 to 0.9475073091122636
[2025-08-04 17:02:48,572][INFO] Adding RY(0.0, wires=[1]) had small change in overlap from 0.9475073091122636 to 0.9466185850564671
[2025-08-04 17:02:49,838][INFO] Adding RY(0.0, wires=[3]) increased overlap from 0.9466185850564671 to 0.9947731725188891
[2025-08-04 17:02:56,155][INFO] Adding CRY(0.0, wires=[3, 2])) increased overlap from 0.9947731725188891 to 0.9983740237574743
[2025-08-04 17:03:04,960][INFO] Adding CRY(0.0, wires=[3, 1])) increased overlap from 0.9983740237574743 to 0.9992046874458239
[2025-08-04 17:03:14,473][INFO] Adding CRY(0.0, wires=[2, 1])) had small change in overlap from 0.9992046874458239 to 0.9991844614806041
[2025-08-04 17:03:30,042][INFO] Adding CRY(0.0, wires=[1, 2])) increased overlap from 0.9991844614806041 to 0.9995884270502075
[2025-08-04 17:03:47,008][INFO] Adding CRY(0.0, wires=[0, 1])) increased overlap from 0.9995884270502075 to 0.9999981835266445
[2025-08-04 17:04:03,842][INFO] Adding RY(0.0, wires=[1]) had small change in overlap from 0.9999981835266445 to 0.9992403450594749
[2025-08-04 17:04:21,737][INFO] Adding CRY(0.0, wires=[1, 3])) increased overlap from 0.9992403450594749 to 0.9999716671063434
[2025-08-04 17:04:40,091][INFO] Adding RY(0.0, wires=[1]) had small change in overlap from 0.9999716671063434 to 0.9987111212066195
[2025-08-04 17:04:59,794][INFO] Adding CRY(0.0, wires=[0, 3])) increased overlap from 0.9987111212066195 to 0.9999950393795742
[2025-08-04 17:05:20,127][INFO] Adding RY(0.0, wires=[3]) increased overlap from 0.9999950393795742 to 0.9999999808184047
[2025-08-04 17:05:41,798][INFO] Adding CRY(0.0, wires=[0, 2])) increased overlap from 0.9999999808184047 to 0.9999999988279511
[2025-08-04 17:06:04,078][INFO] Adding RY(0.0, wires=[2]) increased overlap from 0.9999999988279511 to 0.9999999991311266
[2025-08-04 17:06:04,078][INFO] gradient converged
[2025-08-04 17:06:04,078][INFO] Completed VQE run 14
[2025-08-04 17:06:04,078][INFO] Final ops list: [{'name': 'RY', 'param': -0.042433346733157545, 'wires': [2]}, {'name': 'RY', 'param': -0.02769630867561079, 'wires': [1]}, {'name': 'RY', 'param': -0.7193482879562075, 'wires': [3]}, {'name': 'CRY', 'param': -0.20372491916293964, 'wires': [3, 2]}, {'name': 'CRY', 'param': -0.01357372601063327, 'wires': [3, 1]}, {'name': 'CRY', 'param': 0.18864163132350434, 'wires': [2, 1]}, {'name': 'CRY', 'param': 2.9585421056035153, 'wires': [1, 2]}, {'name': 'CRY', 'param': -0.3063550568560059, 'wires': [0, 1]}, {'name': 'RY', 'param': 0.019403596187952274, 'wires': [1]}, {'name': 'CRY', 'param': -0.27148110163856165, 'wires': [1, 3]}, {'name': 'RY', 'param': 0.20579469629332733, 'wires': [1]}, {'name': 'CRY', 'param': 0.15813425569166412, 'wires': [0, 3]}, {'name': 'RY', 'param': 0.12945296246186297, 'wires': [3]}, {'name': 'CRY', 'param': 0.0957809773541346, 'wires': [0, 2]}]
[2025-08-04 17:06:04,078][INFO] Energy: -0.0011669688549745538
[2025-08-05 09:40:53,813][INFO] Starting VQE run 24 (seed=58465236)
[2025-08-05 09:40:53,917][INFO] Adding RY(0.0, wires=[2]) increased overlap from 0.0 to 0.9475073092767717
[2025-08-05 09:40:54,064][INFO] Adding RY(0.0, wires=[1]) had small change in overlap from 0.9475073092767717 to 0.94661858488223
[2025-08-05 09:40:55,103][INFO] Adding RY(0.0, wires=[3]) increased overlap from 0.94661858488223 to 0.9947731827535037
[2025-08-05 09:41:02,833][INFO] Adding CRY(0.0, wires=[3, 2])) increased overlap from 0.9947731827535037 to 0.9983740694480684
[2025-08-05 09:41:09,187][INFO] Adding CRY(0.0, wires=[3, 1])) increased overlap from 0.9983740694480684 to 0.9992047187463108
[2025-08-05 09:41:19,383][INFO] Adding CRY(0.0, wires=[2, 1])) had small change in overlap from 0.9992047187463108 to 0.9991844312216145
[2025-08-05 09:41:33,608][INFO] Adding CRY(0.0, wires=[1, 2])) increased overlap from 0.9991844312216145 to 0.9995705619882704
[2025-08-05 09:41:49,176][INFO] Adding CRY(0.0, wires=[0, 1])) had small change in overlap from 0.9995705619882704 to 0.9899014436084242
[2025-08-05 09:42:06,278][INFO] Adding CRY(0.0, wires=[0, 3])) increased overlap from 0.9899014436084242 to 0.9996766817175712
[2025-08-05 09:42:24,665][INFO] Adding CRY(0.0, wires=[1, 3])) had small change in overlap from 0.9996766817175712 to 0.9970885874527338
[2025-08-05 09:42:43,674][INFO] Adding RY(0.0, wires=[1]) had small change in overlap from 0.9970885874527338 to 0.9955099771481006
[2025-08-05 09:43:03,980][INFO] Adding CRY(0.0, wires=[0, 2])) increased overlap from 0.9955099771481006 to 0.9994128330821452
[2025-08-05 09:43:25,819][INFO] Adding CRY(0.0, wires=[2, 3])) increased overlap from 0.9994128330821452 to 0.9998336293272168
[2025-08-05 09:43:48,269][INFO] Adding RY(0.0, wires=[2]) had small change in overlap from 0.9998336293272168 to 0.9994816540885986
[2025-08-05 09:44:11,340][INFO] Adding RY(0.0, wires=[3]) had small change in overlap from 0.9994816540885986 to 0.9994785327711798
[2025-08-05 09:44:34,927][INFO] Adding RY(0.0, wires=[0]) increased overlap from 0.9994785327711798 to 0.9996760067544933
[2025-08-05 09:44:59,970][INFO] Adding CRY(0.0, wires=[3, 0])) had small change in overlap from 0.9996760067544933 to 0.9994030020888768
[2025-08-05 09:45:25,339][INFO] Adding RY(0.0, wires=[3]) had small change in overlap from 0.9994030020888768 to 0.996262760859367
[2025-08-05 09:45:51,983][INFO] Adding CRY(0.0, wires=[2, 0])) increased overlap from 0.996262760859367 to 0.9974264676711674
[2025-08-05 09:46:19,146][INFO] Adding RY(0.0, wires=[2]) had small change in overlap from 0.9974264676711674 to 0.9947629982723143
[2025-08-05 09:46:47,063][INFO] Adding RY(0.0, wires=[0]) increased overlap from 0.9947629982723143 to 0.9947740126977609
[2025-08-05 09:47:16,208][INFO] Adding CRY(0.0, wires=[1, 0])) increased overlap from 0.9947740126977609 to 0.9959604859573821
[2025-08-05 09:47:45,896][INFO] Adding RY(0.0, wires=[1]) increased overlap from 0.9959604859573821 to 0.9964749356574836
[2025-08-05 09:48:16,131][INFO] Adding RY(0.0, wires=[0]) increased overlap from 0.9964749356574836 to 0.9971077720508862
[2025-08-05 09:48:46,948][INFO] Adding RY(0.0, wires=[4]) increased overlap from 0.9971077720508862 to 0.9971938473927917
[2025-08-05 09:49:19,218][INFO] Adding CRY(0.0, wires=[0, 4])) increased overlap from 0.9971938473927917 to 0.9972747883577576
[2025-08-05 09:49:52,527][INFO] Adding CRY(0.0, wires=[4, 3])) increased overlap from 0.9972747883577576 to 0.999476277335934
[2025-08-05 09:50:26,471][INFO] Adding RY(0.0, wires=[3]) increased overlap from 0.999476277335934 to 0.999689587842106
[2025-08-05 09:51:00,938][INFO] Adding RY(0.0, wires=[0]) increased overlap from 0.999689587842106 to 0.9999197978780348
[2025-08-05 09:51:35,840][INFO] Adding RY(0.0, wires=[4]) had small change in overlap from 0.9999197978780348 to 0.9997227084429613
[2025-08-05 09:51:35,840][INFO] Completed VQE run 29
[2025-08-05 09:51:35,840][INFO] Final ops list: [{'name': 'RY', 'param': 7.310671593148469, 'wires': [2]}, {'name': 'RY', 'param': 6.795711534611447, 'wires': [1]}, {'name': 'RY', 'param': 7.248091142039586, 'wires': [3]}, {'name': 'CRY', 'param': 12.077411623908018, 'wires': [3, 2]}, {'name': 'CRY', 'param': 8.955443049105567, 'wires': [3, 1]}, {'name': 'CRY', 'param': 5.9019235335948075, 'wires': [2, 1]}, {'name': 'CRY', 'param': 11.946619018282613, 'wires': [1, 2]}, {'name': 'CRY', 'param': 6.105357493202848, 'wires': [0, 1]}, {'name': 'CRY', 'param': 8.746728226929044, 'wires': [0, 3]}, {'name': 'CRY', 'param': 8.897870854388069, 'wires': [1, 3]}, {'name': 'RY', 'param': 6.323944999077692, 'wires': [1]}, {'name': 'CRY', 'param': 7.570623712390089, 'wires': [0, 2]}, {'name': 'CRY', 'param': 6.329341025666143, 'wires': [2, 3]}, {'name': 'RY', 'param': 5.219639132515751, 'wires': [2]}, {'name': 'RY', 'param': 4.992366594143193, 'wires': [3]}, {'name': 'RY', 'param': 8.43010551505485, 'wires': [0]}, {'name': 'CRY', 'param': 12.570801004650159, 'wires': [3, 0]}, {'name': 'RY', 'param': 5.836493062805211, 'wires': [3]}, {'name': 'CRY', 'param': 6.282680678456304, 'wires': [2, 0]}, {'name': 'RY', 'param': 5.0320298222085045, 'wires': [2]}, {'name': 'RY', 'param': 5.277555595753991, 'wires': [0]}, {'name': 'CRY', 'param': 6.282854028808099, 'wires': [1, 0]}, {'name': 'RY', 'param': 5.255638730570768, 'wires': [1]}, {'name': 'RY', 'param': 5.176487531736139, 'wires': [0]}, {'name': 'RY', 'param': 7.270262812064695, 'wires': [4]}, {'name': 'CRY', 'param': 5.296041760223301, 'wires': [0, 4]}, {'name': 'CRY', 'param': 5.829264315928905, 'wires': [4, 3]}, {'name': 'RY', 'param': 5.20275582004421, 'wires': [3]}, {'name': 'RY', 'param': 6.343137757569275, 'wires': [0]}, {'name': 'RY', 'param': 6.28283438923769, 'wires': [4]}]
[2025-08-05 09:51:35,840][INFO] Energy: -0.00029710551313183084
