[2025-08-04 17:02:48,332][INFO] Starting VQE run 23 (seed=18766170)
[2025-08-04 17:02:48,423][INFO] Adding RY(0.0, wires=[2]) increased overlap from 0.0 to 0.9475073092208874
[2025-08-04 17:02:48,557][INFO] Adding RY(0.0, wires=[1]) had small change in overlap from 0.9475073092208874 to 0.9466185843079963
[2025-08-04 17:02:50,011][INFO] Adding RY(0.0, wires=[3]) increased overlap from 0.9466185843079963 to 0.9947731766092136
[2025-08-04 17:02:59,364][INFO] Adding CRY(0.0, wires=[3, 2])) increased overlap from 0.9947731766092136 to 0.9983740212621469
[2025-08-04 17:03:12,962][INFO] Adding CRY(0.0, wires=[3, 1])) decreased overlap from 0.9983740212621469 to 0.9623952022351341.. skipping this gate
[2025-08-04 17:03:12,963][INFO] gradient converged
[2025-08-04 17:03:12,963][INFO] Completed VQE run 4
[2025-08-04 17:03:12,963][INFO] Final ops list: [{'name': 'RY', 'param': 0.059673696973747956, 'wires': [2]}, {'name': 'RY', 'param': -0.021246867638608963, 'wires': [1]}, {'name': 'RY', 'param': -0.43740138617151597, 'wires': [3]}, {'name': 'CRY', 'param': -0.17242268932573127, 'wires': [3, 2]}]
[2025-08-04 17:03:12,963][INFO] Energy: 0.018905776494435443
[2025-08-05 09:40:53,812][INFO] Starting VQE run 23 (seed=32477029)
[2025-08-05 09:40:53,939][INFO] Adding RY(0.0, wires=[2]) increased overlap from 0.0 to 0.9475073094352245
[2025-08-05 09:40:54,106][INFO] Adding RY(0.0, wires=[1]) had small change in overlap from 0.9475073094352245 to 0.9466185850739905
[2025-08-05 09:40:55,437][INFO] Adding RY(0.0, wires=[3]) increased overlap from 0.9466185850739905 to 0.9947731414720107
[2025-08-05 09:41:06,840][INFO] Adding CRY(0.0, wires=[3, 2])) increased overlap from 0.9947731414720107 to 0.9983740725374499
[2025-08-05 09:41:21,199][INFO] Adding CRY(0.0, wires=[3, 1])) increased overlap from 0.9983740725374499 to 0.9992047327540999
[2025-08-05 09:41:35,289][INFO] Adding CRY(0.0, wires=[2, 1])) had small change in overlap from 0.9992047327540999 to 0.9939006084493931
[2025-08-05 09:41:49,637][INFO] Adding CRY(0.0, wires=[0, 2])) increased overlap from 0.9939006084493931 to 0.9992874282843022
[2025-08-05 09:42:05,319][INFO] Adding CRY(0.0, wires=[1, 2])) had small change in overlap from 0.9992874282843022 to 0.9982628876163256
[2025-08-05 09:42:22,379][INFO] Adding CRY(0.0, wires=[0, 1])) decreased overlap from 0.9982628876163256 to 0.9817664958703627.. skipping this gate
[2025-08-05 09:42:22,379][INFO] gradient converged
[2025-08-05 09:42:22,379][INFO] Completed VQE run 8
[2025-08-05 09:42:22,379][INFO] Final ops list: [{'name': 'RY', 'param': 5.944216622681371, 'wires': [2]}, {'name': 'RY', 'param': 6.294052483757016, 'wires': [1]}, {'name': 'RY', 'param': 5.846458308488573, 'wires': [3]}, {'name': 'CRY', 'param': 6.458724216238211, 'wires': [3, 2]}, {'name': 'CRY', 'param': 6.298327136540259, 'wires': [3, 1]}, {'name': 'CRY', 'param': 6.39235715919401, 'wires': [2, 1]}, {'name': 'CRY', 'param': 6.004541756742681, 'wires': [0, 2]}, {'name': 'CRY', 'param': 3.929940276137972, 'wires': [1, 2]}]
[2025-08-05 09:42:22,379][INFO] Energy: 0.01686866470218864
