[2025-08-04 17:02:48,387][INFO] Starting VQE run 84 (seed=118912344)
[2025-08-04 17:02:48,466][INFO] Adding RY(0.0, wires=[2]) increased overlap from 0.0 to 0.9475073079998771
[2025-08-04 17:02:48,594][INFO] Adding RY(0.0, wires=[1]) had small change in overlap from 0.9475073079998771 to 0.9466185857583662
[2025-08-04 17:02:49,623][INFO] Adding RY(0.0, wires=[3]) increased overlap from 0.9466185857583662 to 0.9947731495391575
[2025-08-04 17:02:56,444][INFO] Adding CRY(0.0, wires=[3, 2])) increased overlap from 0.9947731495391575 to 0.9983740716172547
[2025-08-04 17:03:05,179][INFO] Adding CRY(0.0, wires=[3, 1])) increased overlap from 0.9983740716172547 to 0.9992046878722526
[2025-08-04 17:03:18,026][INFO] Adding CRY(0.0, wires=[2, 1])) had small change in overlap from 0.9992046878722526 to 0.9991844181757433
[2025-08-04 17:03:32,287][INFO] Adding CRY(0.0, wires=[1, 2])) had small change in overlap from 0.9991844181757433 to 0.998436453538204
[2025-08-04 17:03:47,841][INFO] Adding CRY(0.0, wires=[0, 1])) increased overlap from 0.998436453538204 to 0.9999880031583979
[2025-08-04 17:04:05,029][INFO] Adding CRY(0.0, wires=[0, 3])) increased overlap from 0.9999880031583979 to 0.9999962722903165
[2025-08-04 17:04:23,430][INFO] Adding CRY(0.0, wires=[2, 3])) had small change in overlap from 0.9999962722903165 to 0.9992087746299014
[2025-08-04 17:04:43,154][INFO] Adding CRY(0.0, wires=[0, 2])) increased overlap from 0.9992087746299014 to 0.9999978984977403
[2025-08-04 17:05:03,420][INFO] Adding RY(0.0, wires=[1]) had small change in overlap from 0.9999978984977403 to 0.9987402543569355
[2025-08-04 17:05:25,164][INFO] Adding CRY(0.0, wires=[1, 3])) had small change in overlap from 0.9987402543569355 to 0.9961020732178076
[2025-08-04 17:05:47,582][INFO] Adding RY(0.0, wires=[1]) increased overlap from 0.9961020732178076 to 0.9999695019513205
[2025-08-04 17:06:10,484][INFO] Adding RY(0.0, wires=[2]) had small change in overlap from 0.9999695019513205 to 0.9991508764396312
[2025-08-04 17:06:33,990][INFO] Adding RY(0.0, wires=[3]) increased overlap from 0.9991508764396312 to 0.9999984267545526
[2025-08-04 17:06:58,056][INFO] Adding RY(0.0, wires=[0]) decreased overlap from 0.9999984267545526 to 0.9447484570442983.. skipping this gate
[2025-08-04 17:06:58,056][INFO] gradient converged
[2025-08-04 17:06:58,056][INFO] Completed VQE run 16
[2025-08-04 17:06:58,056][INFO] Final ops list: [{'name': 'RY', 'param': 7.883472562970452, 'wires': [2]}, {'name': 'RY', 'param': 6.015730505841313, 'wires': [1]}, {'name': 'RY', 'param': 7.79443824635937, 'wires': [3]}, {'name': 'CRY', 'param': 8.286844369148188, 'wires': [3, 2]}, {'name': 'CRY', 'param': 7.396407154291655, 'wires': [3, 1]}, {'name': 'CRY', 'param': 8.788037097355952, 'wires': [2, 1]}, {'name': 'CRY', 'param': 8.851671626171473, 'wires': [1, 2]}, {'name': 'CRY', 'param': 3.454809262131875, 'wires': [0, 1]}, {'name': 'CRY', 'param': 6.313741722538323, 'wires': [0, 3]}, {'name': 'CRY', 'param': 6.56195800904757, 'wires': [2, 3]}, {'name': 'CRY', 'param': 7.176852797233838, 'wires': [0, 2]}, {'name': 'RY', 'param': 3.747752609306041, 'wires': [1]}, {'name': 'CRY', 'param': 4.168115149260286, 'wires': [1, 3]}, {'name': 'RY', 'param': 4.677318060132913, 'wires': [1]}, {'name': 'RY', 'param': 4.601204042982264, 'wires': [2]}, {'name': 'RY', 'param': 5.3127248943923835, 'wires': [3]}]
[2025-08-04 17:06:58,056][INFO] Energy: -0.0011559367080090305
[2025-08-05 09:40:53,926][INFO] Starting VQE run 84 (seed=12819399)
[2025-08-05 09:40:54,029][INFO] Adding RY(0.0, wires=[2]) increased overlap from 0.0 to 0.9475073089287516
[2025-08-05 09:40:54,161][INFO] Adding RY(0.0, wires=[1]) had small change in overlap from 0.9475073089287516 to 0.9466185849149406
[2025-08-05 09:40:55,151][INFO] Adding RY(0.0, wires=[3]) increased overlap from 0.9466185849149406 to 0.9947731398887882
[2025-08-05 09:41:02,038][INFO] Adding CRY(0.0, wires=[3, 2])) increased overlap from 0.9947731398887882 to 0.9983740815696882
[2025-08-05 09:41:09,356][INFO] Adding CRY(0.0, wires=[3, 1])) increased overlap from 0.9983740815696882 to 0.9992046886784859
[2025-08-05 09:41:22,263][INFO] Adding CRY(0.0, wires=[2, 1])) had small change in overlap from 0.9992046886784859 to 0.999184421059473
[2025-08-05 09:41:36,486][INFO] Adding CRY(0.0, wires=[1, 2])) had small change in overlap from 0.999184421059473 to 0.9984363093293884
[2025-08-05 09:41:52,146][INFO] Adding CRY(0.0, wires=[0, 1])) increased overlap from 0.9984363093293884 to 0.9999171024043806
[2025-08-05 09:42:08,363][INFO] Adding RY(0.0, wires=[1]) had small change in overlap from 0.9999171024043806 to 0.9956011553266906
[2025-08-05 09:42:26,040][INFO] Adding CRY(0.0, wires=[0, 3])) increased overlap from 0.9956011553266906 to 0.9995912387671096
[2025-08-05 09:42:45,036][INFO] Adding CRY(0.0, wires=[1, 3])) had small change in overlap from 0.9995912387671096 to 0.996275725118382
[2025-08-05 09:43:04,621][INFO] Adding RY(0.0, wires=[1]) decreased overlap from 0.996275725118382 to 0.6373199530158391.. skipping this gate
[2025-08-05 09:43:04,621][INFO] gradient converged
[2025-08-05 09:43:04,621][INFO] Completed VQE run 11
[2025-08-05 09:43:04,621][INFO] Final ops list: [{'name': 'RY', 'param': 6.15732777636256, 'wires': [2]}, {'name': 'RY', 'param': 5.111626536687335, 'wires': [1]}, {'name': 'RY', 'param': 6.264887962513993, 'wires': [3]}, {'name': 'CRY', 'param': 9.031933445529841, 'wires': [3, 2]}, {'name': 'CRY', 'param': 7.760887807304862, 'wires': [3, 1]}, {'name': 'CRY', 'param': 5.566044354354793, 'wires': [2, 1]}, {'name': 'CRY', 'param': 6.171299553659182, 'wires': [1, 2]}, {'name': 'CRY', 'param': 6.87557563201447, 'wires': [0, 1]}, {'name': 'RY', 'param': 4.511527956572735, 'wires': [1]}, {'name': 'CRY', 'param': 5.8335598453998285, 'wires': [0, 3]}, {'name': 'CRY', 'param': 4.1605944717733, 'wires': [1, 3]}]
[2025-08-05 09:43:04,621][INFO] Energy: 0.028153919521481337
