[2025-08-04 17:02:48,346][INFO] Starting VQE run 33 (seed=31135812)
[2025-08-04 17:02:48,441][INFO] Adding RY(0.0, wires=[2]) increased overlap from 0.0 to 0.9475073090907215
[2025-08-04 17:02:48,590][INFO] Adding RY(0.0, wires=[1]) had small change in overlap from 0.9475073090907215 to 0.9466185830421643
[2025-08-04 17:02:49,908][INFO] Adding RY(0.0, wires=[3]) increased overlap from 0.9466185830421643 to 0.9947731773518779
[2025-08-04 17:02:57,002][INFO] Adding CRY(0.0, wires=[3, 2])) increased overlap from 0.9947731773518779 to 0.9983740772730916
[2025-08-04 17:03:03,559][INFO] Adding CRY(0.0, wires=[3, 1])) increased overlap from 0.9983740772730916 to 0.9992047139929154
[2025-08-04 17:03:15,419][INFO] Adding CRY(0.0, wires=[2, 1])) had small change in overlap from 0.9992047139929154 to 0.9991844319211777
[2025-08-04 17:03:31,010][INFO] Adding CRY(0.0, wires=[1, 2])) had small change in overlap from 0.9991844319211777 to 0.9991454959781113
[2025-08-04 17:03:48,110][INFO] Adding CRY(0.0, wires=[0, 2])) had small change in overlap from 0.9991454959781113 to 0.999121566535485
[2025-08-04 17:04:05,698][INFO] Adding CRY(0.0, wires=[0, 1])) increased overlap from 0.999121566535485 to 0.9999535785325243
[2025-08-04 17:04:24,287][INFO] Adding CRY(0.0, wires=[0, 3])) increased overlap from 0.9999535785325243 to 0.99999623247407
[2025-08-04 17:04:43,435][INFO] Adding RY(0.0, wires=[1]) had small change in overlap from 0.99999623247407 to 0.9999729581544888
[2025-08-04 17:05:03,973][INFO] Adding CRY(0.0, wires=[1, 3])) had small change in overlap from 0.9999729581544888 to 0.9952987694145813
[2025-08-04 17:05:25,100][INFO] Adding RY(0.0, wires=[1]) increased overlap from 0.9952987694145813 to 0.9980600793394134
[2025-08-04 17:05:46,841][INFO] Adding RY(0.0, wires=[2]) increased overlap from 0.9980600793394134 to 0.9995157548565566
[2025-08-04 17:06:09,123][INFO] Adding RY(0.0, wires=[3]) increased overlap from 0.9995157548565566 to 0.999923633834366
[2025-08-04 17:06:32,713][INFO] Adding CRY(0.0, wires=[2, 3])) had small change in overlap from 0.999923633834366 to 0.9960408543334603
[2025-08-04 17:06:56,902][INFO] Adding RY(0.0, wires=[2]) increased overlap from 0.9960408543334603 to 0.9999695441904012
[2025-08-04 17:07:21,608][INFO] Adding RY(0.0, wires=[3]) increased overlap from 0.9999695441904012 to 0.9999999724958024
[2025-08-04 17:07:46,853][INFO] Adding RY(0.0, wires=[0]) had small change in overlap from 0.9999999724958024 to 0.9974175896073137
[2025-08-04 17:08:13,503][INFO] Adding CRY(0.0, wires=[3, 0])) increased overlap from 0.9974175896073137 to 0.999919861056776
[2025-08-04 17:08:40,788][INFO] Adding RY(0.0, wires=[0]) increased overlap from 0.999919861056776 to 0.9999578858178753
[2025-08-04 17:09:08,553][INFO] Adding RY(0.0, wires=[3]) had small change in overlap from 0.9999578858178753 to 0.9960309640561997
[2025-08-04 17:09:37,733][INFO] Adding CRY(0.0, wires=[2, 0])) increased overlap from 0.9960309640561997 to 0.9980922210155124
[2025-08-04 17:10:07,393][INFO] Adding RY(0.0, wires=[2]) increased overlap from 0.9980922210155124 to 0.9983475357710575
[2025-08-04 17:10:38,464][INFO] Adding CRY(0.0, wires=[1, 0])) had small change in overlap from 0.9983475357710575 to 0.9950183744595804
[2025-08-04 17:11:10,164][INFO] Adding RY(0.0, wires=[1]) had small change in overlap from 0.9950183744595804 to 0.9939855650662699
[2025-08-04 17:11:42,191][INFO] Adding RY(0.0, wires=[0]) increased overlap from 0.9939855650662699 to 0.9948741244634741
[2025-08-04 17:12:14,910][INFO] Adding RY(0.0, wires=[4]) increased overlap from 0.9948741244634741 to 0.9949909795974792
[2025-08-04 17:12:49,165][INFO] Adding CRY(0.0, wires=[0, 4])) increased overlap from 0.9949909795974792 to 0.9950588346597035
[2025-08-04 17:13:24,082][INFO] Adding RY(0.0, wires=[0]) had small change in overlap from 0.9950588346597035 to 0.9941908398694478
[2025-08-04 17:13:24,082][INFO] Completed VQE run 29
[2025-08-04 17:13:24,082][INFO] Final ops list: [{'name': 'RY', 'param': 5.490524758420563, 'wires': [2]}, {'name': 'RY', 'param': 7.9519264077035725, 'wires': [1]}, {'name': 'RY', 'param': 7.352380582448768, 'wires': [3]}, {'name': 'CRY', 'param': 5.91290121662931, 'wires': [3, 2]}, {'name': 'CRY', 'param': 8.186676835772383, 'wires': [3, 1]}, {'name': 'CRY', 'param': 11.452650865418327, 'wires': [2, 1]}, {'name': 'CRY', 'param': 5.861508674637976, 'wires': [1, 2]}, {'name': 'CRY', 'param': 8.050086536844267, 'wires': [0, 2]}, {'name': 'CRY', 'param': 8.406602666329722, 'wires': [0, 1]}, {'name': 'CRY', 'param': 9.052187821479885, 'wires': [0, 3]}, {'name': 'RY', 'param': 4.568786119532678, 'wires': [1]}, {'name': 'CRY', 'param': 4.842868549394849, 'wires': [1, 3]}, {'name': 'RY', 'param': 4.077611606296637, 'wires': [1]}, {'name': 'RY', 'param': 4.437312212011436, 'wires': [2]}, {'name': 'RY', 'param': 5.034365624978478, 'wires': [3]}, {'name': 'CRY', 'param': 5.423805466256161, 'wires': [2, 3]}, {'name': 'RY', 'param': 5.584092399333218, 'wires': [2]}, {'name': 'RY', 'param': 4.825017385927086, 'wires': [3]}, {'name': 'RY', 'param': 8.567407398060737, 'wires': [0]}, {'name': 'CRY', 'param': 8.77996647870585, 'wires': [3, 0]}, {'name': 'RY', 'param': 5.623333505861521, 'wires': [0]}, {'name': 'RY', 'param': 5.819150868863635, 'wires': [3]}, {'name': 'CRY', 'param': 6.337937818216084, 'wires': [2, 0]}, {'name': 'RY', 'param': 6.865883869802157, 'wires': [2]}, {'name': 'CRY', 'param': 6.25797557893331, 'wires': [1, 0]}, {'name': 'RY', 'param': 5.537892820804851, 'wires': [1]}, {'name': 'RY', 'param': 4.594602078655063, 'wires': [0]}, {'name': 'RY', 'param': 7.317445384589091, 'wires': [4]}, {'name': 'CRY', 'param': 5.250595512754367, 'wires': [0, 4]}, {'name': 'RY', 'param': 6.178958249657637, 'wires': [0]}]
[2025-08-04 17:13:24,082][INFO] Energy: 0.03935236230581679
[2025-08-05 09:40:53,822][INFO] Starting VQE run 33 (seed=45445521)
[2025-08-05 09:40:53,900][INFO] Adding RY(0.0, wires=[2]) increased overlap from 0.0 to 0.9475073090852529
[2025-08-05 09:40:54,016][INFO] Adding RY(0.0, wires=[1]) had small change in overlap from 0.9475073090852529 to 0.9466185861653026
[2025-08-05 09:40:54,900][INFO] Adding RY(0.0, wires=[3]) increased overlap from 0.9466185861653026 to 0.9947731437910253
[2025-08-05 09:41:00,154][INFO] Adding CRY(0.0, wires=[3, 2])) increased overlap from 0.9947731437910253 to 0.9983740241322201
[2025-08-05 09:41:09,481][INFO] Adding CRY(0.0, wires=[3, 1])) increased overlap from 0.9983740241322201 to 0.999204714954271
[2025-08-05 09:41:22,418][INFO] Adding CRY(0.0, wires=[2, 1])) had small change in overlap from 0.999204714954271 to 0.9991862759535008
[2025-08-05 09:41:36,669][INFO] Adding CRY(0.0, wires=[1, 2])) increased overlap from 0.9991862759535008 to 0.9999525986744017
[2025-08-05 09:41:52,266][INFO] Adding CRY(0.0, wires=[0, 1])) decreased overlap from 0.9999525986744017 to 0.9737789943501055.. skipping this gate
[2025-08-05 09:41:52,266][INFO] gradient converged
[2025-08-05 09:41:52,266][INFO] Completed VQE run 7
[2025-08-05 09:41:52,266][INFO] Final ops list: [{'name': 'RY', 'param': 6.241476744365789, 'wires': [2]}, {'name': 'RY', 'param': 6.348991052169195, 'wires': [1]}, {'name': 'RY', 'param': 5.845007179035987, 'wires': [3]}, {'name': 'CRY', 'param': 6.587470202314271, 'wires': [3, 2]}, {'name': 'CRY', 'param': 6.408144862357857, 'wires': [3, 1]}, {'name': 'CRY', 'param': 6.26507161621361, 'wires': [2, 1]}, {'name': 'CRY', 'param': 6.918960293136154, 'wires': [1, 2]}]
[2025-08-05 09:41:52,266][INFO] Energy: -0.00016820616403179483
