[2025-08-04 17:02:48,392][INFO] Starting VQE run 94 (seed=7825197)
[2025-08-04 17:02:48,471][INFO] Adding RY(0.0, wires=[2]) increased overlap from 0.0 to 0.9475073080785922
[2025-08-04 17:02:48,587][INFO] Adding RY(0.0, wires=[1]) had small change in overlap from 0.9475073080785922 to 0.9466185851894454
[2025-08-04 17:02:49,669][INFO] Adding RY(0.0, wires=[3]) increased overlap from 0.9466185851894454 to 0.9947731832841815
[2025-08-04 17:02:59,566][INFO] Adding CRY(0.0, wires=[3, 2])) decreased overlap from 0.9947731832841815 to 0.9353767649715514.. skipping this gate
[2025-08-04 17:02:59,566][INFO] gradient converged
[2025-08-04 17:02:59,566][INFO] Completed VQE run 3
[2025-08-04 17:02:59,566][INFO] Final ops list: [{'name': 'RY', 'param': 0.11055622006576783, 'wires': [2]}, {'name': 'RY', 'param': 0.005095399819750289, 'wires': [1]}, {'name': 'RY', 'param': -0.4619596577271243, 'wires': [3]}]
[2025-08-04 17:02:59,566][INFO] Energy: 0.03834066855352588
[2025-08-05 09:40:53,980][INFO] Starting VQE run 94 (seed=25787891)
[2025-08-05 09:40:54,115][INFO] Adding RY(0.0, wires=[2]) increased overlap from 0.0 to 0.9475073094075083
[2025-08-05 09:40:54,231][INFO] Adding RY(0.0, wires=[1]) had small change in overlap from 0.9475073094075083 to 0.946618586358707
[2025-08-05 09:40:55,318][INFO] Adding RY(0.0, wires=[3]) increased overlap from 0.946618586358707 to 0.994773147039102
[2025-08-05 09:41:02,469][INFO] Adding CRY(0.0, wires=[3, 2])) increased overlap from 0.994773147039102 to 0.9983740788501958
[2025-08-05 09:41:11,706][INFO] Adding CRY(0.0, wires=[3, 1])) increased overlap from 0.9983740788501958 to 0.9992047165434139
[2025-08-05 09:41:21,984][INFO] Adding CRY(0.0, wires=[2, 1])) had small change in overlap from 0.9992047165434139 to 0.9991844317504381
[2025-08-05 09:41:36,210][INFO] Adding CRY(0.0, wires=[1, 2])) had small change in overlap from 0.9991844317504381 to 0.9985193489800482
[2025-08-05 09:41:51,741][INFO] Adding CRY(0.0, wires=[0, 1])) increased overlap from 0.9985193489800482 to 0.9999934754308074
[2025-08-05 09:42:08,838][INFO] Adding CRY(0.0, wires=[0, 3])) had small change in overlap from 0.9999934754308074 to 0.9959084817933145
[2025-08-05 09:42:27,121][INFO] Adding CRY(0.0, wires=[2, 3])) increased overlap from 0.9959084817933145 to 0.9999032496959982
[2025-08-05 09:42:46,818][INFO] Adding CRY(0.0, wires=[0, 2])) increased overlap from 0.9999032496959982 to 0.9999884394553951
[2025-08-05 09:43:07,159][INFO] Adding RY(0.0, wires=[3]) had small change in overlap from 0.9999884394553951 to 0.9999862002695575
[2025-08-05 09:43:28,125][INFO] Adding RY(0.0, wires=[1]) increased overlap from 0.9999862002695575 to 0.9999994157327526
[2025-08-05 09:43:49,674][INFO] Adding RY(0.0, wires=[2]) had small change in overlap from 0.9999994157327526 to 0.9999979681942714
[2025-08-05 09:44:12,575][INFO] Adding CRY(0.0, wires=[1, 3])) increased overlap from 0.9999979681942714 to 0.9999999732727531
[2025-08-05 09:44:28,161][INFO] Adding RY(0.0, wires=[1]) increased overlap from 0.9999999732727531 to 0.9999999999995668
[2025-08-05 09:44:47,508][INFO] Adding RY(0.0, wires=[3]) increased overlap from 0.9999999999995668 to 0.9999999999999016
[2025-08-05 09:44:47,509][INFO] gradient converged
[2025-08-05 09:44:47,509][INFO] Completed VQE run 16
[2025-08-05 09:44:47,509][INFO] Final ops list: [{'name': 'RY', 'param': 7.175081245147684, 'wires': [2]}, {'name': 'RY', 'param': 7.318734451584975, 'wires': [1]}, {'name': 'RY', 'param': 7.808100742618173, 'wires': [3]}, {'name': 'CRY', 'param': 8.336150669438476, 'wires': [3, 2]}, {'name': 'CRY', 'param': 6.480545874029931, 'wires': [3, 1]}, {'name': 'CRY', 'param': 6.253944285114339, 'wires': [2, 1]}, {'name': 'CRY', 'param': 6.711691911172099, 'wires': [1, 2]}, {'name': 'CRY', 'param': 7.341582822191149, 'wires': [0, 1]}, {'name': 'CRY', 'param': 6.182130925865019, 'wires': [0, 3]}, {'name': 'CRY', 'param': 4.36678930607633, 'wires': [2, 3]}, {'name': 'CRY', 'param': 6.598841319501104, 'wires': [0, 2]}, {'name': 'RY', 'param': 5.595478330212041, 'wires': [3]}, {'name': 'RY', 'param': 5.842441129414797, 'wires': [1]}, {'name': 'RY', 'param': 4.3445357920202285, 'wires': [2]}, {'name': 'CRY', 'param': 5.543658228057052, 'wires': [1, 3]}, {'name': 'RY', 'param': 5.6813102766266725, 'wires': [1]}]
[2025-08-05 09:44:47,509][INFO] Energy: -0.0011669756799783167
