[2025-08-04 17:02:48,385][INFO] Starting VQE run 83 (seed=92984022)
[2025-08-04 17:02:48,483][INFO] Adding RY(0.0, wires=[2]) increased overlap from 0.0 to 0.947507309321725
[2025-08-04 17:02:48,628][INFO] Adding RY(0.0, wires=[1]) had small change in overlap from 0.947507309321725 to 0.9466185855108129
[2025-08-04 17:02:50,043][INFO] Adding RY(0.0, wires=[3]) increased overlap from 0.9466185855108129 to 0.9947731860237516
[2025-08-04 17:02:57,425][INFO] Adding CRY(0.0, wires=[3, 2])) increased overlap from 0.9947731860237516 to 0.9983740192683438
[2025-08-04 17:03:10,625][INFO] Adding CRY(0.0, wires=[3, 1])) increased overlap from 0.9983740192683438 to 0.9992047148596253
[2025-08-04 17:03:24,900][INFO] Adding CRY(0.0, wires=[2, 1])) had small change in overlap from 0.9992047148596253 to 0.9942118526981567
[2025-08-04 17:03:40,516][INFO] Adding CRY(0.0, wires=[0, 2])) increased overlap from 0.9942118526981567 to 0.999538224905123
[2025-08-04 17:03:57,020][INFO] Adding CRY(0.0, wires=[1, 3])) had small change in overlap from 0.999538224905123 to 0.9991111685157672
[2025-08-04 17:04:14,325][INFO] Adding CRY(0.0, wires=[0, 1])) had small change in overlap from 0.9991111685157672 to 0.9989036654640636
[2025-08-04 17:04:32,708][INFO] Adding CRY(0.0, wires=[1, 2])) increased overlap from 0.9989036654640636 to 0.9999492626076479
[2025-08-04 17:04:51,680][INFO] Adding RY(0.0, wires=[1]) had small change in overlap from 0.9999492626076479 to 0.998745540980979
[2025-08-04 17:05:12,027][INFO] Adding CRY(0.0, wires=[0, 3])) increased overlap from 0.998745540980979 to 0.9999378561149838
[2025-08-04 17:05:33,091][INFO] Adding RY(0.0, wires=[2]) had small change in overlap from 0.9999378561149838 to 0.9996861601094599
[2025-08-04 17:05:54,753][INFO] Adding RY(0.0, wires=[3]) increased overlap from 0.9996861601094599 to 0.9999940431246852
[2025-08-04 17:06:17,764][INFO] Adding CRY(0.0, wires=[2, 3])) had small change in overlap from 0.9999940431246852 to 0.9999815717628324
[2025-08-04 17:06:41,363][INFO] Adding RY(0.0, wires=[2]) increased overlap from 0.9999815717628324 to 0.999988379042362
[2025-08-04 17:07:05,510][INFO] Adding RY(0.0, wires=[3]) had small change in overlap from 0.999988379042362 to 0.9999794377613412
[2025-08-04 17:07:30,192][INFO] Adding RY(0.0, wires=[0]) decreased overlap from 0.9999794377613412 to 0.9856062469241641.. skipping this gate
[2025-08-04 17:07:30,192][INFO] gradient converged
[2025-08-04 17:07:30,193][INFO] Completed VQE run 17
[2025-08-04 17:07:30,193][INFO] Final ops list: [{'name': 'RY', 'param': 0.05573079238663178, 'wires': [2]}, {'name': 'RY', 'param': 0.10279748310126696, 'wires': [1]}, {'name': 'RY', 'param': -1.4025179279960782, 'wires': [3]}, {'name': 'CRY', 'param': -0.2817074357563946, 'wires': [3, 2]}, {'name': 'CRY', 'param': -0.24318544802449002, 'wires': [3, 1]}, {'name': 'CRY', 'param': -0.2405228010745307, 'wires': [2, 1]}, {'name': 'CRY', 'param': -0.429684786349281, 'wires': [0, 2]}, {'name': 'CRY', 'param': 2.629543018581167, 'wires': [1, 3]}, {'name': 'CRY', 'param': -0.02832307931361211, 'wires': [0, 1]}, {'name': 'CRY', 'param': 0.41185992510250735, 'wires': [1, 2]}, {'name': 'RY', 'param': 0.07428900440614199, 'wires': [1]}, {'name': 'CRY', 'param': -0.0694456331053193, 'wires': [0, 3]}, {'name': 'RY', 'param': 0.4901787546357904, 'wires': [2]}, {'name': 'RY', 'param': 0.35341983055993464, 'wires': [3]}, {'name': 'CRY', 'param': 2.1797542456400474, 'wires': [2, 3]}, {'name': 'RY', 'param': 0.14920808799735494, 'wires': [2]}, {'name': 'RY', 'param': 0.6874455170486025, 'wires': [3]}]
[2025-08-04 17:07:30,193][INFO] Energy: -0.0008740107274410663
[2025-08-05 09:40:53,926][INFO] Starting VQE run 83 (seed=110287981)
[2025-08-05 09:40:54,017][INFO] Adding RY(0.0, wires=[2]) increased overlap from 0.0 to 0.9475073081586962
[2025-08-05 09:40:54,139][INFO] Adding RY(0.0, wires=[1]) had small change in overlap from 0.9475073081586962 to 0.9466185860582121
[2025-08-05 09:40:55,313][INFO] Adding RY(0.0, wires=[3]) increased overlap from 0.9466185860582121 to 0.994773135354264
[2025-08-05 09:41:03,446][INFO] Adding CRY(0.0, wires=[3, 2])) increased overlap from 0.994773135354264 to 0.9983740793059347
[2025-08-05 09:41:12,883][INFO] Adding CRY(0.0, wires=[3, 1])) increased overlap from 0.9983740793059347 to 0.999204714934043
[2025-08-05 09:41:25,814][INFO] Adding CRY(0.0, wires=[2, 1])) had small change in overlap from 0.999204714934043 to 0.9991706121995991
[2025-08-05 09:41:40,075][INFO] Adding CRY(0.0, wires=[1, 2])) had small change in overlap from 0.9991706121995991 to 0.9982993538479579
[2025-08-05 09:41:55,687][INFO] Adding CRY(0.0, wires=[0, 1])) increased overlap from 0.9982993538479579 to 0.9992853273345026
[2025-08-05 09:42:12,055][INFO] Adding RY(0.0, wires=[1]) had small change in overlap from 0.9992853273345026 to 0.9980867375489152
[2025-08-05 09:42:29,815][INFO] Adding CRY(0.0, wires=[0, 3])) increased overlap from 0.9980867375489152 to 0.9999966544812077
[2025-08-05 09:42:48,940][INFO] Adding CRY(0.0, wires=[0, 2])) had small change in overlap from 0.9999966544812077 to 0.9999660813070249
[2025-08-05 09:43:09,316][INFO] Adding CRY(0.0, wires=[2, 3])) had small change in overlap from 0.9999660813070249 to 0.9992595237987669
[2025-08-05 09:43:30,456][INFO] Adding RY(0.0, wires=[2]) increased overlap from 0.9992595237987669 to 0.9997406702742448
[2025-08-05 09:43:52,893][INFO] Adding CRY(0.0, wires=[1, 3])) increased overlap from 0.9997406702742448 to 0.9999999999923423
[2025-08-05 09:44:15,898][INFO] Adding RY(0.0, wires=[1]) had small change in overlap from 0.9999999999923423 to 0.9999994483324431
[2025-08-05 09:44:39,530][INFO] Adding RY(0.0, wires=[3]) increased overlap from 0.9999994483324431 to 0.9999999647256003
[2025-08-05 09:45:03,869][INFO] Adding RY(0.0, wires=[0]) had small change in overlap from 0.9999999647256003 to 0.9902832610316712
[2025-08-05 09:45:29,397][INFO] Adding CRY(0.0, wires=[3, 0])) increased overlap from 0.9902832610316712 to 0.9976792678246774
[2025-08-05 09:45:55,348][INFO] Adding RY(0.0, wires=[3]) increased overlap from 0.9976792678246774 to 0.9997044204892145
[2025-08-05 09:46:22,617][INFO] Adding CRY(0.0, wires=[2, 0])) had small change in overlap from 0.9997044204892145 to 0.9959020493507283
[2025-08-05 09:46:50,634][INFO] Adding RY(0.0, wires=[2]) decreased overlap from 0.9959020493507283 to 0.9670746186896412.. skipping this gate
[2025-08-05 09:46:50,634][INFO] gradient converged
[2025-08-05 09:46:50,635][INFO] Completed VQE run 20
[2025-08-05 09:46:50,635][INFO] Final ops list: [{'name': 'RY', 'param': 6.539195203854096, 'wires': [2]}, {'name': 'RY', 'param': 6.575223961934635, 'wires': [1]}, {'name': 'RY', 'param': 6.623412062351222, 'wires': [3]}, {'name': 'CRY', 'param': 10.85094805964294, 'wires': [3, 2]}, {'name': 'CRY', 'param': 5.547432409952813, 'wires': [3, 1]}, {'name': 'CRY', 'param': 7.437265091642813, 'wires': [2, 1]}, {'name': 'CRY', 'param': 7.232787241898809, 'wires': [1, 2]}, {'name': 'CRY', 'param': 8.018879382901599, 'wires': [0, 1]}, {'name': 'RY', 'param': 4.271683048535502, 'wires': [1]}, {'name': 'CRY', 'param': 7.6821538520308765, 'wires': [0, 3]}, {'name': 'CRY', 'param': 6.412915376039469, 'wires': [0, 2]}, {'name': 'CRY', 'param': 3.705084333656621, 'wires': [2, 3]}, {'name': 'RY', 'param': 6.012648253205235, 'wires': [2]}, {'name': 'CRY', 'param': 5.8284534653444595, 'wires': [1, 3]}, {'name': 'RY', 'param': 5.654395518864741, 'wires': [1]}, {'name': 'RY', 'param': 5.017392715884883, 'wires': [3]}, {'name': 'RY', 'param': 6.227182057729139, 'wires': [0]}, {'name': 'CRY', 'param': 7.336284111506764, 'wires': [3, 0]}, {'name': 'RY', 'param': 5.792885719472944, 'wires': [3]}, {'name': 'CRY', 'param': 4.314417436792246, 'wires': [2, 0]}]
[2025-08-05 09:46:50,635][INFO] Energy: 0.07111494455774635
