[2025-08-04 17:02:48,338][INFO] Starting VQE run 14 (seed=32324850)
[2025-08-04 17:02:48,430][INFO] Adding RY(0.0, wires=[2]) increased overlap from 0.0 to 0.9475073080528191
[2025-08-04 17:02:48,559][INFO] Adding RY(0.0, wires=[1]) had small change in overlap from 0.9475073080528191 to 0.9466185860215351
[2025-08-04 17:02:49,769][INFO] Adding RY(0.0, wires=[3]) increased overlap from 0.9466185860215351 to 0.994773174150055
[2025-08-04 17:02:56,683][INFO] Adding CRY(0.0, wires=[3, 2])) increased overlap from 0.994773174150055 to 0.9983740310609609
[2025-08-04 17:03:07,590][INFO] Adding CRY(0.0, wires=[3, 1])) increased overlap from 0.9983740310609609 to 0.9992047151491167
[2025-08-04 17:03:18,859][INFO] Adding CRY(0.0, wires=[2, 1])) had small change in overlap from 0.9992047151491167 to 0.9991844295873713
[2025-08-04 17:03:34,362][INFO] Adding CRY(0.0, wires=[1, 2])) increased overlap from 0.9991844295873713 to 0.9998500785761569
[2025-08-04 17:03:51,166][INFO] Adding CRY(0.0, wires=[0, 1])) had small change in overlap from 0.9998500785761569 to 0.9898937805601127
[2025-08-04 17:04:08,628][INFO] Adding CRY(0.0, wires=[0, 3])) increased overlap from 0.9898937805601127 to 0.9999907480077896
[2025-08-04 17:04:26,503][INFO] Adding RY(0.0, wires=[3]) had small change in overlap from 0.9999907480077896 to 0.9995246710939846
[2025-08-04 17:04:45,617][INFO] Adding CRY(0.0, wires=[1, 3])) had small change in overlap from 0.9995246710939846 to 0.9961343085133335
[2025-08-04 17:05:05,360][INFO] Adding RY(0.0, wires=[1]) increased overlap from 0.9961343085133335 to 0.9991228240065598
[2025-08-04 17:05:26,464][INFO] Adding CRY(0.0, wires=[2, 3])) increased overlap from 0.9991228240065598 to 0.9996901935667277
[2025-08-04 17:05:46,640][INFO] Adding CRY(0.0, wires=[0, 2])) increased overlap from 0.9996901935667277 to 0.9999999999997007
[2025-08-04 17:06:09,648][INFO] Adding RY(0.0, wires=[3]) had small change in overlap from 0.9999999999997007 to 0.9998750447297412
[2025-08-04 17:06:33,236][INFO] Adding RY(0.0, wires=[2]) increased overlap from 0.9998750447297412 to 0.9999995288588375
[2025-08-04 17:06:57,395][INFO] Adding RY(0.0, wires=[0]) had small change in overlap from 0.9999995288588375 to 0.9999795549387976
[2025-08-04 17:07:22,875][INFO] Adding CRY(0.0, wires=[3, 0])) had small change in overlap from 0.9999795549387976 to 0.9983008383950964
[2025-08-04 17:07:48,964][INFO] Adding RY(0.0, wires=[3]) increased overlap from 0.9983008383950964 to 0.9986721562968117
[2025-08-04 17:08:15,677][INFO] Adding RY(0.0, wires=[0]) increased overlap from 0.9986721562968117 to 0.9991710856899736
[2025-08-04 17:08:43,687][INFO] Adding CRY(0.0, wires=[2, 0])) had small change in overlap from 0.9991710856899736 to 0.9962579449151869
[2025-08-04 17:09:12,198][INFO] Adding RY(0.0, wires=[2]) increased overlap from 0.9962579449151869 to 0.9999216733331194
[2025-08-04 17:09:42,013][INFO] Adding CRY(0.0, wires=[1, 0])) had small change in overlap from 0.9999216733331194 to 0.995438843926104
[2025-08-04 17:10:12,432][INFO] Adding RY(0.0, wires=[1]) had small change in overlap from 0.995438843926104 to 0.9931875878440606
[2025-08-04 17:10:43,491][INFO] Adding RY(0.0, wires=[0]) increased overlap from 0.9931875878440606 to 0.9961859786590797
[2025-08-04 17:11:15,137][INFO] Adding RY(0.0, wires=[4]) increased overlap from 0.9961859786590797 to 0.9966255123893375
[2025-08-04 17:11:48,151][INFO] Adding CRY(0.0, wires=[0, 4])) increased overlap from 0.9966255123893375 to 0.997235839236468
[2025-08-04 17:12:21,757][INFO] Adding RY(0.0, wires=[0]) had small change in overlap from 0.997235839236468 to 0.9969977909187004
[2025-08-04 17:12:55,874][INFO] Adding RY(0.0, wires=[4]) increased overlap from 0.9969977909187004 to 0.997418152279131
[2025-08-04 17:13:31,350][INFO] Adding CRY(0.0, wires=[4, 2])) increased overlap from 0.997418152279131 to 0.9977156023127658
[2025-08-04 17:13:31,351][INFO] Completed VQE run 29
[2025-08-04 17:13:31,351][INFO] Final ops list: [{'name': 'RY', 'param': 6.364924771961568, 'wires': [2]}, {'name': 'RY', 'param': 6.197005407352977, 'wires': [1]}, {'name': 'RY', 'param': 6.294495143731345, 'wires': [3]}, {'name': 'CRY', 'param': 14.046123080989686, 'wires': [3, 2]}, {'name': 'CRY', 'param': 11.508124843423065, 'wires': [3, 1]}, {'name': 'CRY', 'param': 8.588800927195363, 'wires': [2, 1]}, {'name': 'CRY', 'param': 11.113825210412362, 'wires': [1, 2]}, {'name': 'CRY', 'param': 6.391542300692314, 'wires': [0, 1]}, {'name': 'CRY', 'param': 9.951682627019427, 'wires': [0, 3]}, {'name': 'RY', 'param': 4.6663211257902475, 'wires': [3]}, {'name': 'CRY', 'param': 9.34875728096292, 'wires': [1, 3]}, {'name': 'RY', 'param': 6.418335423276242, 'wires': [1]}, {'name': 'CRY', 'param': 8.392173396353881, 'wires': [2, 3]}, {'name': 'CRY', 'param': 7.463852869050009, 'wires': [0, 2]}, {'name': 'RY', 'param': 4.979303047918088, 'wires': [3]}, {'name': 'RY', 'param': 5.141918817738073, 'wires': [2]}, {'name': 'RY', 'param': 8.226379880161272, 'wires': [0]}, {'name': 'CRY', 'param': 6.25090137919094, 'wires': [3, 0]}, {'name': 'RY', 'param': 6.595240156925226, 'wires': [3]}, {'name': 'RY', 'param': 5.323185229998534, 'wires': [0]}, {'name': 'CRY', 'param': 7.323535861742848, 'wires': [2, 0]}, {'name': 'RY', 'param': 6.39357164243905, 'wires': [2]}, {'name': 'CRY', 'param': 6.475019739254646, 'wires': [1, 0]}, {'name': 'RY', 'param': 6.388657660586416, 'wires': [1]}, {'name': 'RY', 'param': 5.305293214803238, 'wires': [0]}, {'name': 'RY', 'param': 8.281043476618516, 'wires': [4]}, {'name': 'CRY', 'param': 5.146727712061576, 'wires': [0, 4]}, {'name': 'RY', 'param': 6.3115100030471325, 'wires': [0]}, {'name': 'RY', 'param': 5.4214177806464665, 'wires': [4]}, {'name': 'CRY', 'param': 6.4133329837958595, 'wires': [4, 2]}]
[2025-08-04 17:13:31,351][INFO] Energy: 0.020435617016522724
[2025-08-05 09:40:53,820][INFO] Starting VQE run 14 (seed=45496744)
[2025-08-05 09:40:53,930][INFO] Adding RY(0.0, wires=[2]) increased overlap from 0.0 to 0.9475073091187483
[2025-08-05 09:40:54,046][INFO] Adding RY(0.0, wires=[1]) had small change in overlap from 0.9475073091187483 to 0.9466185825465002
[2025-08-05 09:40:55,228][INFO] Adding RY(0.0, wires=[3]) increased overlap from 0.9466185825465002 to 0.9947731475029922
[2025-08-05 09:41:04,691][INFO] Adding CRY(0.0, wires=[3, 2])) increased overlap from 0.9947731475029922 to 0.9983740734592439
[2025-08-05 09:41:16,280][INFO] Adding CRY(0.0, wires=[3, 1])) increased overlap from 0.9983740734592439 to 0.9992060387751153
[2025-08-05 09:41:29,172][INFO] Adding CRY(0.0, wires=[2, 1])) had small change in overlap from 0.9992060387751153 to 0.9936116646264491
[2025-08-05 09:41:43,453][INFO] Adding CRY(0.0, wires=[0, 2])) increased overlap from 0.9936116646264491 to 0.9993190778078441
[2025-08-05 09:41:58,968][INFO] Adding CRY(0.0, wires=[1, 2])) had small change in overlap from 0.9993190778078441 to 0.9984335012247365
[2025-08-05 09:42:16,005][INFO] Adding CRY(0.0, wires=[0, 1])) had small change in overlap from 0.9984335012247365 to 0.9942851945662448
[2025-08-05 09:42:34,397][INFO] Adding CRY(0.0, wires=[0, 3])) increased overlap from 0.9942851945662448 to 0.9995244503325054
[2025-08-05 09:42:54,043][INFO] Adding CRY(0.0, wires=[1, 3])) increased overlap from 0.9995244503325054 to 0.9999999999965559
[2025-08-05 09:43:14,343][INFO] Adding RY(0.0, wires=[1]) had small change in overlap from 0.9999999999965559 to 0.9994980462685691
[2025-08-05 09:43:35,268][INFO] Adding RY(0.0, wires=[2]) increased overlap from 0.9994980462685691 to 0.999508949900824
[2025-08-05 09:43:57,491][INFO] Adding CRY(0.0, wires=[2, 3])) had small change in overlap from 0.999508949900824 to 0.99520722339582
[2025-08-05 09:44:20,315][INFO] Adding RY(0.0, wires=[2]) decreased overlap from 0.99520722339582 to 0.37856461561297294.. skipping this gate
[2025-08-05 09:44:20,315][INFO] gradient converged
[2025-08-05 09:44:20,315][INFO] Completed VQE run 14
[2025-08-05 09:44:20,315][INFO] Final ops list: [{'name': 'RY', 'param': 9.672015952369884, 'wires': [2]}, {'name': 'RY', 'param': 6.9422911420893, 'wires': [1]}, {'name': 'RY', 'param': 7.166234465224872, 'wires': [3]}, {'name': 'CRY', 'param': 5.993106288954059, 'wires': [3, 2]}, {'name': 'CRY', 'param': 6.3619096669556034, 'wires': [3, 1]}, {'name': 'CRY', 'param': 8.74262530323714, 'wires': [2, 1]}, {'name': 'CRY', 'param': 1.957028190190857, 'wires': [0, 2]}, {'name': 'CRY', 'param': 3.5478125764640573, 'wires': [1, 2]}, {'name': 'CRY', 'param': 6.297516477878409, 'wires': [0, 1]}, {'name': 'CRY', 'param': 5.752515265036302, 'wires': [0, 3]}, {'name': 'CRY', 'param': 5.585688889432125, 'wires': [1, 3]}, {'name': 'RY', 'param': 3.2721523545195454, 'wires': [1]}, {'name': 'RY', 'param': 4.099810446785689, 'wires': [2]}, {'name': 'CRY', 'param': 3.7226761745480728, 'wires': [2, 3]}]
[2025-08-05 09:44:20,315][INFO] Energy: 0.023586464191393458
