[2025-08-04 17:02:48,348][INFO] Starting VQE run 36 (seed=108920778)
[2025-08-04 17:02:48,443][INFO] Adding RY(0.0, wires=[2]) increased overlap from 0.0 to 0.9475073093934065
[2025-08-04 17:02:48,578][INFO] Adding RY(0.0, wires=[1]) had small change in overlap from 0.9475073093934065 to 0.9466185852852028
[2025-08-04 17:02:49,768][INFO] Adding RY(0.0, wires=[3]) increased overlap from 0.9466185852852028 to 0.9947731417498088
[2025-08-04 17:02:58,570][INFO] Adding CRY(0.0, wires=[3, 2])) increased overlap from 0.9947731417498088 to 0.9983740729588353
[2025-08-04 17:03:12,020][INFO] Adding CRY(0.0, wires=[3, 1])) increased overlap from 0.9983740729588353 to 0.999204720187954
[2025-08-04 17:03:26,213][INFO] Adding CRY(0.0, wires=[2, 1])) had small change in overlap from 0.999204720187954 to 0.9990065069451335
[2025-08-04 17:03:41,774][INFO] Adding CRY(0.0, wires=[0, 1])) decreased overlap from 0.9990065069451335 to 0.9848683132149383.. skipping this gate
[2025-08-04 17:03:41,774][INFO] gradient converged
[2025-08-04 17:03:41,774][INFO] Completed VQE run 6
[2025-08-04 17:03:41,774][INFO] Final ops list: [{'name': 'RY', 'param': 6.223994682184861, 'wires': [2]}, {'name': 'RY', 'param': 6.247614630749449, 'wires': [1]}, {'name': 'RY', 'param': 5.840991564163619, 'wires': [3]}, {'name': 'CRY', 'param': 6.492923454963972, 'wires': [3, 2]}, {'name': 'CRY', 'param': 6.243225428738072, 'wires': [3, 1]}, {'name': 'CRY', 'param': 6.233976326000349, 'wires': [2, 1]}]
[2025-08-04 17:03:41,774][INFO] Energy: 0.009538069759260899
[2025-08-05 09:40:53,815][INFO] Starting VQE run 36 (seed=123410142)
[2025-08-05 09:40:53,936][INFO] Adding RY(0.0, wires=[2]) increased overlap from 0.0 to 0.9475073081587349
[2025-08-05 09:40:54,110][INFO] Adding RY(0.0, wires=[1]) had small change in overlap from 0.9475073081587349 to 0.9466185877386004
[2025-08-05 09:40:55,616][INFO] Adding RY(0.0, wires=[3]) increased overlap from 0.9466185877386004 to 0.9947731442222456
[2025-08-05 09:41:08,412][INFO] Adding CRY(0.0, wires=[3, 2])) decreased overlap from 0.9947731442222456 to 0.97129378551836.. skipping this gate
[2025-08-05 09:41:08,413][INFO] gradient converged
[2025-08-05 09:41:08,413][INFO] Completed VQE run 3
[2025-08-05 09:41:08,413][INFO] Final ops list: [{'name': 'RY', 'param': 6.393742074132154, 'wires': [2]}, {'name': 'RY', 'param': 0.005095463859332668, 'wires': [1]}, {'name': 'RY', 'param': 5.82122479238456, 'wires': [3]}]
[2025-08-05 09:41:08,413][INFO] Energy: 0.038340668553233204
