[2025-08-04 17:02:48,331][INFO] Starting VQE run 15 (seed=58253172)
[2025-08-04 17:02:48,422][INFO] Adding RY(0.0, wires=[2]) increased overlap from 0.0 to 0.94750730837874
[2025-08-04 17:02:48,552][INFO] Adding RY(0.0, wires=[1]) had small change in overlap from 0.94750730837874 to 0.946618585233799
[2025-08-04 17:02:49,727][INFO] Adding RY(0.0, wires=[3]) increased overlap from 0.946618585233799 to 0.9947731846398501
[2025-08-04 17:02:55,567][INFO] Adding CRY(0.0, wires=[3, 2])) increased overlap from 0.9947731846398501 to 0.9983740236220481
[2025-08-04 17:03:06,603][INFO] Adding CRY(0.0, wires=[3, 1])) increased overlap from 0.9983740236220481 to 0.9992047115656731
[2025-08-04 17:03:21,135][INFO] Adding CRY(0.0, wires=[2, 1])) had small change in overlap from 0.9992047115656731 to 0.9991844659209779
[2025-08-04 17:03:36,675][INFO] Adding CRY(0.0, wires=[1, 2])) increased overlap from 0.9991844659209779 to 0.9993946921268613
[2025-08-04 17:03:53,500][INFO] Adding CRY(0.0, wires=[0, 1])) increased overlap from 0.9993946921268613 to 0.9997510419235504
[2025-08-04 17:04:10,983][INFO] Adding CRY(0.0, wires=[1, 3])) increased overlap from 0.9997510419235504 to 0.9999704720150728
[2025-08-04 17:04:29,557][INFO] Adding CRY(0.0, wires=[0, 3])) increased overlap from 0.9999704720150728 to 0.9999999930735446
[2025-08-04 17:04:48,668][INFO] Adding RY(0.0, wires=[1]) had small change in overlap from 0.9999999930735446 to 0.999999926657178
[2025-08-04 17:05:08,356][INFO] Adding RY(0.0, wires=[3]) increased overlap from 0.999999926657178 to 0.9999999998826323
[2025-08-04 17:05:29,480][INFO] Adding CRY(0.0, wires=[0, 2])) increased overlap from 0.9999999998826323 to 0.9999999999174827
[2025-08-04 17:05:29,481][INFO] gradient converged
[2025-08-04 17:05:29,481][INFO] Completed VQE run 12
[2025-08-04 17:05:29,481][INFO] Final ops list: [{'name': 'RY', 'param': 6.265735344254495, 'wires': [2]}, {'name': 'RY', 'param': 5.4034395402832285, 'wires': [1]}, {'name': 'RY', 'param': 6.162073640696435, 'wires': [3]}, {'name': 'CRY', 'param': 7.453535168885296, 'wires': [3, 2]}, {'name': 'CRY', 'param': 6.262230476943335, 'wires': [3, 1]}, {'name': 'CRY', 'param': 6.327212341031724, 'wires': [2, 1]}, {'name': 'CRY', 'param': 6.362276872869692, 'wires': [1, 2]}, {'name': 'CRY', 'param': 5.526774970491819, 'wires': [0, 1]}, {'name': 'CRY', 'param': 5.7676286750305685, 'wires': [1, 3]}, {'name': 'CRY', 'param': 6.0280287048818, 'wires': [0, 3]}, {'name': 'RY', 'param': 6.325937153715394, 'wires': [1]}, {'name': 'RY', 'param': 6.206778966706934, 'wires': [3]}]
[2025-08-04 17:05:29,481][INFO] Energy: -0.0011669748343789473
[2025-08-05 09:40:53,808][INFO] Starting VQE run 15 (seed=71484951)
[2025-08-05 09:40:53,954][INFO] Adding RY(0.0, wires=[2]) increased overlap from 0.0 to 0.9475073084313941
[2025-08-05 09:40:54,118][INFO] Adding RY(0.0, wires=[1]) had small change in overlap from 0.9475073084313941 to 0.9466185872566063
[2025-08-05 09:40:55,540][INFO] Adding RY(0.0, wires=[3]) increased overlap from 0.9466185872566063 to 0.994773178605543
[2025-08-05 09:41:02,111][INFO] Adding CRY(0.0, wires=[3, 2])) increased overlap from 0.994773178605543 to 0.998374021113791
[2025-08-05 09:41:11,790][INFO] Adding CRY(0.0, wires=[3, 1])) increased overlap from 0.998374021113791 to 0.9992046867979484
[2025-08-05 09:41:22,096][INFO] Adding CRY(0.0, wires=[2, 1])) had small change in overlap from 0.9992046867979484 to 0.9991844666826445
[2025-08-05 09:41:39,497][INFO] Adding CRY(0.0, wires=[1, 2])) increased overlap from 0.9991844666826445 to 0.9996176501493729
[2025-08-05 09:41:58,925][INFO] Adding CRY(0.0, wires=[0, 1])) increased overlap from 0.9996176501493729 to 0.999968363212809
[2025-08-05 09:42:19,615][INFO] Adding CRY(0.0, wires=[0, 3])) increased overlap from 0.999968363212809 to 0.9999997633530677
[2025-08-05 09:42:40,986][INFO] Adding RY(0.0, wires=[1]) had small change in overlap from 0.9999997633530677 to 0.996577217869788
[2025-08-05 09:43:03,097][INFO] Adding RY(0.0, wires=[3]) increased overlap from 0.996577217869788 to 0.9989380180153598
[2025-08-05 09:43:26,423][INFO] Adding CRY(0.0, wires=[1, 3])) increased overlap from 0.9989380180153598 to 0.9995956940037376
[2025-08-05 09:43:51,245][INFO] Adding RY(0.0, wires=[1]) had small change in overlap from 0.9995956940037376 to 0.9992471883653012
[2025-08-05 09:44:17,836][INFO] Adding CRY(0.0, wires=[0, 2])) increased overlap from 0.9992471883653012 to 0.9999779318933459
[2025-08-05 09:44:44,867][INFO] Adding RY(0.0, wires=[2]) increased overlap from 0.9999779318933459 to 0.9999983305793234
[2025-08-05 09:45:12,654][INFO] Adding CRY(0.0, wires=[2, 3])) increased overlap from 0.9999983305793234 to 0.9999995042317366
[2025-08-05 09:45:41,854][INFO] Adding RY(0.0, wires=[2]) had small change in overlap from 0.9999995042317366 to 0.9999902563802657
[2025-08-05 09:46:10,692][INFO] Adding RY(0.0, wires=[3]) increased overlap from 0.9999902563802657 to 0.9999978012432071
[2025-08-05 09:46:41,432][INFO] Adding RY(0.0, wires=[0]) increased overlap from 0.9999978012432071 to 0.9999996695881679
[2025-08-05 09:47:13,848][INFO] Adding CRY(0.0, wires=[3, 0])) increased overlap from 0.9999996695881679 to 0.9999999799948526
[2025-08-05 09:47:47,212][INFO] Adding RY(0.0, wires=[0]) increased overlap from 0.9999999799948526 to 0.9999999924563827
[2025-08-05 09:47:47,212][INFO] gradient converged
[2025-08-05 09:47:47,212][INFO] Completed VQE run 20
[2025-08-05 09:47:47,212][INFO] Final ops list: [{'name': 'RY', 'param': -0.24592217981651843, 'wires': [2]}, {'name': 'RY', 'param': -0.02967996368637042, 'wires': [1]}, {'name': 'RY', 'param': 0.3831359876987454, 'wires': [3]}, {'name': 'CRY', 'param': 0.4017715493550319, 'wires': [3, 2]}, {'name': 'CRY', 'param': 0.045618539632915234, 'wires': [3, 1]}, {'name': 'CRY', 'param': 0.5528808743296278, 'wires': [2, 1]}, {'name': 'CRY', 'param': 2.891539971102717, 'wires': [1, 2]}, {'name': 'CRY', 'param': -0.3479856595204916, 'wires': [0, 1]}, {'name': 'CRY', 'param': -0.4512807090986196, 'wires': [0, 3]}, {'name': 'RY', 'param': -0.07118353356963045, 'wires': [1]}, {'name': 'RY', 'param': -0.49892673362224704, 'wires': [3]}, {'name': 'CRY', 'param': -0.3005701558835893, 'wires': [1, 3]}, {'name': 'RY', 'param': 0.28313901816855147, 'wires': [1]}, {'name': 'CRY', 'param': 0.028717779704180157, 'wires': [0, 2]}, {'name': 'RY', 'param': 0.13059578634064542, 'wires': [2]}, {'name': 'CRY', 'param': 0.1520460578341588, 'wires': [2, 3]}, {'name': 'RY', 'param': 0.0992766129319284, 'wires': [2]}, {'name': 'RY', 'param': 0.1491554961558139, 'wires': [3]}, {'name': 'RY', 'param': 0.00025038865807260844, 'wires': [0]}, {'name': 'CRY', 'param': 4.252022976363873e-05, 'wires': [3, 0]}]
[2025-08-05 09:47:47,212][INFO] Energy: -0.0011669242650812575
