[2025-08-04 17:02:48,369][INFO] Starting VQE run 60 (seed=113916561)
[2025-08-04 17:02:48,466][INFO] Adding RY(0.0, wires=[2]) increased overlap from 0.0 to 0.9475073081673949
[2025-08-04 17:02:48,590][INFO] Adding RY(0.0, wires=[1]) had small change in overlap from 0.9475073081673949 to 0.946618584726399
[2025-08-04 17:02:49,847][INFO] Adding RY(0.0, wires=[3]) increased overlap from 0.946618584726399 to 0.994773180492274
[2025-08-04 17:02:56,378][INFO] Adding CRY(0.0, wires=[3, 2])) increased overlap from 0.994773180492274 to 0.9983740200839172
[2025-08-04 17:03:06,073][INFO] Adding CRY(0.0, wires=[3, 1])) increased overlap from 0.9983740200839172 to 0.9992047164224275
[2025-08-04 17:03:17,326][INFO] Adding CRY(0.0, wires=[2, 1])) had small change in overlap from 0.9992047164224275 to 0.9991844296153919
[2025-08-04 17:03:32,868][INFO] Adding CRY(0.0, wires=[1, 2])) increased overlap from 0.9991844296153919 to 0.9998708593238159
[2025-08-04 17:03:49,843][INFO] Adding CRY(0.0, wires=[0, 1])) decreased overlap from 0.9998708593238159 to 0.987840836568411.. skipping this gate
[2025-08-04 17:03:49,843][INFO] gradient converged
[2025-08-04 17:03:49,843][INFO] Completed VQE run 7
[2025-08-04 17:03:49,843][INFO] Final ops list: [{'name': 'RY', 'param': 6.240622829574273, 'wires': [2]}, {'name': 'RY', 'param': 6.343340619777531, 'wires': [1]}, {'name': 'RY', 'param': 5.846179380665603, 'wires': [3]}, {'name': 'CRY', 'param': 6.576448064210322, 'wires': [3, 2]}, {'name': 'CRY', 'param': 6.388504175823676, 'wires': [3, 1]}, {'name': 'CRY', 'param': 6.266359541073228, 'wires': [2, 1]}, {'name': 'CRY', 'param': 6.8164001628285105, 'wires': [1, 2]}]
[2025-08-04 17:03:49,843][INFO] Energy: 0.0012439852755322671
[2025-08-05 09:40:53,868][INFO] Starting VQE run 60 (seed=6386376)
[2025-08-05 09:40:53,984][INFO] Adding RY(0.0, wires=[2]) increased overlap from 0.0 to 0.9475073091692177
[2025-08-05 09:40:54,128][INFO] Adding RY(0.0, wires=[1]) had small change in overlap from 0.9475073091692177 to 0.9466185857678835
[2025-08-05 09:40:55,749][INFO] Adding RY(0.0, wires=[3]) increased overlap from 0.9466185857678835 to 0.9947731857187629
[2025-08-05 09:41:03,675][INFO] Adding CRY(0.0, wires=[3, 2])) increased overlap from 0.9947731857187629 to 0.9983740092397255
[2025-08-05 09:41:17,869][INFO] Adding CRY(0.0, wires=[3, 1])) decreased overlap from 0.9983740092397255 to 0.9639220252461175.. skipping this gate
[2025-08-05 09:41:17,869][INFO] gradient converged
[2025-08-05 09:41:17,869][INFO] Completed VQE run 4
[2025-08-05 09:41:17,869][INFO] Final ops list: [{'name': 'RY', 'param': 0.05967404951562562, 'wires': [2]}, {'name': 'RY', 'param': -0.021246718061660883, 'wires': [1]}, {'name': 'RY', 'param': -0.4374016803894083, 'wires': [3]}, {'name': 'CRY', 'param': -0.17242172731300015, 'wires': [3, 2]}]
[2025-08-05 09:41:17,869][INFO] Energy: 0.018905776497252853
