[2025-08-04 17:02:48,356][INFO] Starting VQE run 53 (seed=55875096)
[2025-08-04 17:02:48,450][INFO] Adding RY(0.0, wires=[2]) increased overlap from 0.0 to 0.9475073080839763
[2025-08-04 17:02:48,593][INFO] Adding RY(0.0, wires=[1]) had small change in overlap from 0.9475073080839763 to 0.9466185843599276
[2025-08-04 17:02:49,730][INFO] Adding RY(0.0, wires=[3]) increased overlap from 0.9466185843599276 to 0.9947731442107426
[2025-08-04 17:03:02,378][INFO] Adding CRY(0.0, wires=[3, 2])) increased overlap from 0.9947731442107426 to 0.9983896792765511
[2025-08-04 17:03:15,690][INFO] Adding CRY(0.0, wires=[3, 1])) decreased overlap from 0.9983896792765511 to 0.945277254573027.. skipping this gate
[2025-08-04 17:03:15,690][INFO] gradient converged
[2025-08-04 17:03:15,691][INFO] Completed VQE run 4
[2025-08-04 17:03:15,691][INFO] Final ops list: [{'name': 'RY', 'param': 6.342366287565633, 'wires': [2]}, {'name': 'RY', 'param': 6.261764225545106, 'wires': [1]}, {'name': 'RY', 'param': 6.720201678203869, 'wires': [3]}, {'name': 'CRY', 'param': 6.109428676873342, 'wires': [3, 2]}]
[2025-08-04 17:03:15,691][INFO] Energy: 0.01890675763203796
[2025-08-05 09:40:53,865][INFO] Starting VQE run 53 (seed=71382505)
[2025-08-05 09:40:53,939][INFO] Adding RY(0.0, wires=[2]) increased overlap from 0.0 to 0.9475073093140512
[2025-08-05 09:40:54,051][INFO] Adding RY(0.0, wires=[1]) had small change in overlap from 0.9475073093140512 to 0.9466185855710855
[2025-08-05 09:40:55,179][INFO] Adding RY(0.0, wires=[3]) increased overlap from 0.9466185855710855 to 0.9947731731917343
[2025-08-05 09:40:59,165][INFO] Adding CRY(0.0, wires=[3, 2])) increased overlap from 0.9947731731917343 to 0.998374077081428
[2025-08-05 09:41:08,590][INFO] Adding CRY(0.0, wires=[3, 1])) increased overlap from 0.998374077081428 to 0.9992047130437312
[2025-08-05 09:41:20,182][INFO] Adding CRY(0.0, wires=[2, 1])) had small change in overlap from 0.9992047130437312 to 0.9991844633952982
[2025-08-05 09:41:34,456][INFO] Adding CRY(0.0, wires=[1, 2])) increased overlap from 0.9991844633952982 to 0.9992706685961023
[2025-08-05 09:41:50,040][INFO] Adding CRY(0.0, wires=[0, 1])) increased overlap from 0.9992706685961023 to 0.9998736543912093
[2025-08-05 09:42:06,323][INFO] Adding RY(0.0, wires=[1]) had small change in overlap from 0.9998736543912093 to 0.9994417495207364
[2025-08-05 09:42:23,991][INFO] Adding CRY(0.0, wires=[0, 3])) increased overlap from 0.9994417495207364 to 0.9999899132713164
[2025-08-05 09:42:43,032][INFO] Adding CRY(0.0, wires=[1, 3])) had small change in overlap from 0.9999899132713164 to 0.9993439230430073
[2025-08-05 09:43:02,681][INFO] Adding RY(0.0, wires=[3]) increased overlap from 0.9993439230430073 to 0.9999998247611775
[2025-08-05 09:43:22,990][INFO] Adding RY(0.0, wires=[1]) increased overlap from 0.9999998247611775 to 0.9999999449382403
[2025-08-05 09:43:44,576][INFO] Adding CRY(0.0, wires=[2, 3])) increased overlap from 0.9999999449382403 to 0.9999999998913658
[2025-08-05 09:44:06,722][INFO] Adding RY(0.0, wires=[3]) increased overlap from 0.9999999998913658 to 0.9999999999996336
[2025-08-05 09:44:06,722][INFO] gradient converged
[2025-08-05 09:44:06,722][INFO] Completed VQE run 14
[2025-08-05 09:44:06,722][INFO] Final ops list: [{'name': 'RY', 'param': 6.286715647409217, 'wires': [2]}, {'name': 'RY', 'param': 6.311282702076957, 'wires': [1]}, {'name': 'RY', 'param': 6.452470156346503, 'wires': [3]}, {'name': 'CRY', 'param': 7.194274252773745, 'wires': [3, 2]}, {'name': 'CRY', 'param': 6.4833987258100665, 'wires': [3, 1]}, {'name': 'CRY', 'param': 5.592473220624009, 'wires': [2, 1]}, {'name': 'CRY', 'param': 9.93224329339335, 'wires': [1, 2]}, {'name': 'CRY', 'param': 6.512100963332102, 'wires': [0, 1]}, {'name': 'RY', 'param': 6.198961844375055, 'wires': [1]}, {'name': 'CRY', 'param': 6.054185768671107, 'wires': [0, 3]}, {'name': 'CRY', 'param': 5.590456657708277, 'wires': [1, 3]}, {'name': 'RY', 'param': 5.929770309817873, 'wires': [3]}, {'name': 'RY', 'param': 6.360039860922533, 'wires': [1]}, {'name': 'CRY', 'param': 5.730601056373633, 'wires': [2, 3]}]
[2025-08-05 09:44:06,722][INFO] Energy: -0.0011669756740838022
