[2025-08-04 17:02:48,381][INFO] Starting VQE run 76 (seed=34942557)
[2025-08-04 17:02:48,480][INFO] Adding RY(0.0, wires=[2]) increased overlap from 0.0 to 0.9475073081795832
[2025-08-04 17:02:48,624][INFO] Adding RY(0.0, wires=[1]) had small change in overlap from 0.9475073081795832 to 0.946618586092366
[2025-08-04 17:02:49,753][INFO] Adding RY(0.0, wires=[3]) increased overlap from 0.946618586092366 to 0.9947731824084763
[2025-08-04 17:02:57,399][INFO] Adding CRY(0.0, wires=[3, 2])) increased overlap from 0.9947731824084763 to 0.9983740759264247
[2025-08-04 17:03:09,433][INFO] Adding CRY(0.0, wires=[3, 1])) increased overlap from 0.9983740759264247 to 0.9992047197638424
[2025-08-04 17:03:21,514][INFO] Adding CRY(0.0, wires=[2, 1])) had small change in overlap from 0.9992047197638424 to 0.9991844312507906
[2025-08-04 17:03:37,065][INFO] Adding CRY(0.0, wires=[1, 2])) had small change in overlap from 0.9991844312507906 to 0.9989616938470393
[2025-08-04 17:03:53,768][INFO] Adding CRY(0.0, wires=[0, 1])) increased overlap from 0.9989616938470393 to 0.999995072191424
[2025-08-04 17:04:11,144][INFO] Adding CRY(0.0, wires=[0, 3])) had small change in overlap from 0.999995072191424 to 0.9960725687337701
[2025-08-04 17:04:29,542][INFO] Adding CRY(0.0, wires=[2, 3])) increased overlap from 0.9960725687337701 to 0.9985926376120088
[2025-08-04 17:04:49,245][INFO] Adding CRY(0.0, wires=[0, 2])) increased overlap from 0.9985926376120088 to 0.9999690808051493
[2025-08-04 17:05:09,579][INFO] Adding RY(0.0, wires=[3]) increased overlap from 0.9999690808051493 to 0.9999958908925505
[2025-08-04 17:05:30,458][INFO] Adding RY(0.0, wires=[1]) increased overlap from 0.9999958908925505 to 0.9999997498016208
[2025-08-04 17:05:52,810][INFO] Adding CRY(0.0, wires=[1, 3])) had small change in overlap from 0.9999997498016208 to 0.9999994689021411
[2025-08-04 17:06:15,643][INFO] Adding RY(0.0, wires=[2]) had small change in overlap from 0.9999994689021411 to 0.9997727572027469
[2025-08-04 17:06:39,087][INFO] Adding RY(0.0, wires=[1]) increased overlap from 0.9997727572027469 to 0.9998872421068665
[2025-08-04 17:07:03,097][INFO] Adding RY(0.0, wires=[3]) increased overlap from 0.9998872421068665 to 0.9999975464593374
[2025-08-04 17:07:27,672][INFO] Adding RY(0.0, wires=[0]) had small change in overlap from 0.9999975464593374 to 0.9948999861456033
[2025-08-04 17:07:53,627][INFO] Adding CRY(0.0, wires=[3, 0])) increased overlap from 0.9948999861456033 to 0.9997411346905433
[2025-08-04 17:08:20,209][INFO] Adding RY(0.0, wires=[3]) had small change in overlap from 0.9997411346905433 to 0.9997131504039215
[2025-08-04 17:08:47,359][INFO] Adding RY(0.0, wires=[0]) had small change in overlap from 0.9997131504039215 to 0.9996572894943347
[2025-08-04 17:09:15,966][INFO] Adding CRY(0.0, wires=[2, 0])) had small change in overlap from 0.9996572894943347 to 0.9956928322261245
[2025-08-04 17:09:45,051][INFO] Adding RY(0.0, wires=[2]) had small change in overlap from 0.9956928322261245 to 0.9944535850532462
[2025-08-04 17:10:14,669][INFO] Adding RY(0.0, wires=[0]) increased overlap from 0.9944535850532462 to 0.9953063715135672
[2025-08-04 17:10:45,621][INFO] Adding CRY(0.0, wires=[1, 0])) increased overlap from 0.9953063715135672 to 0.9954876446859269
[2025-08-04 17:11:17,241][INFO] Adding RY(0.0, wires=[1]) had small change in overlap from 0.9954876446859269 to 0.9936667209438037
[2025-08-04 17:11:49,342][INFO] Adding RY(0.0, wires=[0]) increased overlap from 0.9936667209438037 to 0.9959844238495533
[2025-08-04 17:12:21,961][INFO] Adding RY(0.0, wires=[4]) increased overlap from 0.9959844238495533 to 0.9960026707438415
[2025-08-04 17:12:55,882][INFO] Adding CRY(0.0, wires=[0, 4])) increased overlap from 0.9960026707438415 to 0.9966043648431397
[2025-08-04 17:13:30,531][INFO] Adding RY(0.0, wires=[4]) increased overlap from 0.9966043648431397 to 0.9966114375042275
[2025-08-04 17:13:30,531][INFO] Completed VQE run 29
[2025-08-04 17:13:30,531][INFO] Final ops list: [{'name': 'RY', 'param': 8.77701488891363, 'wires': [2]}, {'name': 'RY', 'param': 8.086330886069884, 'wires': [1]}, {'name': 'RY', 'param': 10.250759986505072, 'wires': [3]}, {'name': 'CRY', 'param': 8.75896546832573, 'wires': [3, 2]}, {'name': 'CRY', 'param': 6.291127659873559, 'wires': [3, 1]}, {'name': 'CRY', 'param': 6.305143999803079, 'wires': [2, 1]}, {'name': 'CRY', 'param': 6.248219854908527, 'wires': [1, 2]}, {'name': 'CRY', 'param': 7.9344110407753385, 'wires': [0, 1]}, {'name': 'CRY', 'param': 7.461978595600773, 'wires': [0, 3]}, {'name': 'CRY', 'param': 4.678873498518462, 'wires': [2, 3]}, {'name': 'CRY', 'param': 6.084299632709846, 'wires': [0, 2]}, {'name': 'RY', 'param': 4.989792671970286, 'wires': [3]}, {'name': 'RY', 'param': 6.849591780546389, 'wires': [1]}, {'name': 'CRY', 'param': 6.328272663589165, 'wires': [1, 3]}, {'name': 'RY', 'param': 4.860718210262564, 'wires': [2]}, {'name': 'RY', 'param': 5.035511602205894, 'wires': [1]}, {'name': 'RY', 'param': 4.18538794515291, 'wires': [3]}, {'name': 'RY', 'param': 9.440425334550262, 'wires': [0]}, {'name': 'CRY', 'param': 6.1961266397905375, 'wires': [3, 0]}, {'name': 'RY', 'param': 6.405570934647163, 'wires': [3]}, {'name': 'RY', 'param': 8.20932515251463, 'wires': [0]}, {'name': 'CRY', 'param': 4.668401476310176, 'wires': [2, 0]}, {'name': 'RY', 'param': 3.2543585675060864, 'wires': [2]}, {'name': 'RY', 'param': 4.085964275515913, 'wires': [0]}, {'name': 'CRY', 'param': 6.252892195809035, 'wires': [1, 0]}, {'name': 'RY', 'param': 4.623799101392965, 'wires': [1]}, {'name': 'RY', 'param': 5.011171495874099, 'wires': [0]}, {'name': 'RY', 'param': 7.932189879400677, 'wires': [4]}, {'name': 'CRY', 'param': 6.384747289648489, 'wires': [0, 4]}, {'name': 'RY', 'param': 4.533534072813928, 'wires': [4]}]
[2025-08-04 17:13:30,531][INFO] Energy: 0.02729695731989433
[2025-08-05 09:40:53,925][INFO] Starting VQE run 76 (seed=51827321)
[2025-08-05 09:40:54,022][INFO] Adding RY(0.0, wires=[2]) increased overlap from 0.0 to 0.9475073081086937
[2025-08-05 09:40:54,156][INFO] Adding RY(0.0, wires=[1]) had small change in overlap from 0.9475073081086937 to 0.9466185860444634
[2025-08-05 09:40:55,512][INFO] Adding RY(0.0, wires=[3]) increased overlap from 0.9466185860444634 to 0.9947731807284584
[2025-08-05 09:41:06,207][INFO] Adding CRY(0.0, wires=[3, 2])) decreased overlap from 0.9947731807284584 to 0.9363447466732229.. skipping this gate
[2025-08-05 09:41:06,207][INFO] gradient converged
[2025-08-05 09:41:06,207][INFO] Completed VQE run 3
[2025-08-05 09:41:06,207][INFO] Final ops list: [{'name': 'RY', 'param': 0.11055624918040656, 'wires': [2]}, {'name': 'RY', 'param': 0.005095423735613546, 'wires': [1]}, {'name': 'RY', 'param': -0.46195968004263543, 'wires': [3]}]
[2025-08-05 09:41:06,207][INFO] Energy: 0.038340668553449385
