[2025-08-04 17:02:48,378][INFO] Starting VQE run 74 (seed=106542702)
[2025-08-04 17:02:48,474][INFO] Adding RY(0.0, wires=[2]) increased overlap from 0.0 to 0.9475073090834251
[2025-08-04 17:02:48,613][INFO] Adding RY(0.0, wires=[1]) had small change in overlap from 0.9475073090834251 to 0.9466185854104011
[2025-08-04 17:02:49,675][INFO] Adding RY(0.0, wires=[3]) increased overlap from 0.9466185854104011 to 0.9947731396502574
[2025-08-04 17:02:56,171][INFO] Adding CRY(0.0, wires=[3, 2])) increased overlap from 0.9947731396502574 to 0.9983740134002381
[2025-08-04 17:03:07,143][INFO] Adding CRY(0.0, wires=[3, 1])) increased overlap from 0.9983740134002381 to 0.9992047130339056
[2025-08-04 17:03:21,693][INFO] Adding CRY(0.0, wires=[2, 1])) had small change in overlap from 0.9992047130339056 to 0.9991866372572791
[2025-08-04 17:03:37,241][INFO] Adding CRY(0.0, wires=[1, 2])) increased overlap from 0.9991866372572791 to 0.9999177920569599
[2025-08-04 17:03:54,078][INFO] Adding CRY(0.0, wires=[0, 1])) decreased overlap from 0.9999177920569599 to 0.9810084934931694.. skipping this gate
[2025-08-04 17:03:54,078][INFO] gradient converged
[2025-08-04 17:03:54,078][INFO] Completed VQE run 7
[2025-08-04 17:03:54,078][INFO] Final ops list: [{'name': 'RY', 'param': 6.241038046200655, 'wires': [2]}, {'name': 'RY', 'param': 6.346219949996758, 'wires': [1]}, {'name': 'RY', 'param': 5.845639948860648, 'wires': [3]}, {'name': 'CRY', 'param': 6.582022927315856, 'wires': [3, 2]}, {'name': 'CRY', 'param': 6.398609356501275, 'wires': [3, 1]}, {'name': 'CRY', 'param': 6.265445898096145, 'wires': [2, 1]}, {'name': 'CRY', 'param': 6.871220142839393, 'wires': [1, 2]}]
[2025-08-04 17:03:54,078][INFO] Energy: 0.0004461032487910155
[2025-08-05 09:40:53,925][INFO] Starting VQE run 74 (seed=123307696)
[2025-08-05 09:40:54,024][INFO] Adding RY(0.0, wires=[2]) increased overlap from 0.0 to 0.9475073090499216
[2025-08-05 09:40:54,159][INFO] Adding RY(0.0, wires=[1]) had small change in overlap from 0.9475073090499216 to 0.9466185865351334
[2025-08-05 09:40:54,956][INFO] Adding RY(0.0, wires=[3]) increased overlap from 0.9466185865351334 to 0.994773176956051
[2025-08-05 09:41:01,452][INFO] Adding CRY(0.0, wires=[3, 2])) increased overlap from 0.994773176956051 to 0.9983740743371922
[2025-08-05 09:41:10,187][INFO] Adding CRY(0.0, wires=[3, 1])) increased overlap from 0.9983740743371922 to 0.9992047123296496
[2025-08-05 09:41:20,770][INFO] Adding CRY(0.0, wires=[2, 1])) had small change in overlap from 0.9992047123296496 to 0.9991844337133571
[2025-08-05 09:41:34,965][INFO] Adding CRY(0.0, wires=[1, 2])) had small change in overlap from 0.9991844337133571 to 0.9987870288905561
[2025-08-05 09:41:50,472][INFO] Adding CRY(0.0, wires=[0, 1])) increased overlap from 0.9987870288905561 to 0.9999950175080596
[2025-08-05 09:42:07,500][INFO] Adding CRY(0.0, wires=[0, 3])) had small change in overlap from 0.9999950175080596 to 0.9957877927767101
[2025-08-05 09:42:25,796][INFO] Adding CRY(0.0, wires=[2, 3])) increased overlap from 0.9957877927767101 to 0.9989548064690355
[2025-08-05 09:42:45,423][INFO] Adding CRY(0.0, wires=[0, 2])) increased overlap from 0.9989548064690355 to 0.9999591447216224
[2025-08-05 09:43:05,656][INFO] Adding RY(0.0, wires=[2]) had small change in overlap from 0.9999591447216224 to 0.9998819338829277
[2025-08-05 09:43:27,194][INFO] Adding CRY(0.0, wires=[1, 3])) had small change in overlap from 0.9998819338829277 to 0.995828761192253
[2025-08-05 09:43:49,441][INFO] Adding RY(0.0, wires=[1]) increased overlap from 0.995828761192253 to 0.9981385577648706
[2025-08-05 09:44:12,279][INFO] Adding RY(0.0, wires=[3]) increased overlap from 0.9981385577648706 to 0.9997962131687557
[2025-08-05 09:44:35,693][INFO] Adding RY(0.0, wires=[0]) increased overlap from 0.9997962131687557 to 0.9999078999784174
[2025-08-05 09:45:00,598][INFO] Adding CRY(0.0, wires=[3, 0])) had small change in overlap from 0.9999078999784174 to 0.9977439565516057
[2025-08-05 09:45:25,891][INFO] Adding RY(0.0, wires=[3]) had small change in overlap from 0.9977439565516057 to 0.9974752016307036
[2025-08-05 09:45:52,352][INFO] Adding CRY(0.0, wires=[2, 0])) had small change in overlap from 0.9974752016307036 to 0.9946263786960828
[2025-08-05 09:46:19,491][INFO] Adding RY(0.0, wires=[2]) increased overlap from 0.9946263786960828 to 0.9969304528191387
[2025-08-05 09:46:47,380][INFO] Adding RY(0.0, wires=[0]) increased overlap from 0.9969304528191387 to 0.9972272420668393
[2025-08-05 09:47:16,520][INFO] Adding CRY(0.0, wires=[1, 0])) had small change in overlap from 0.9972272420668393 to 0.9952099509572139
[2025-08-05 09:47:46,258][INFO] Adding RY(0.0, wires=[1]) had small change in overlap from 0.9952099509572139 to 0.9935425632394979
[2025-08-05 09:48:16,486][INFO] Adding RY(0.0, wires=[0]) increased overlap from 0.9935425632394979 to 0.9963190252054852
[2025-08-05 09:48:47,242][INFO] Adding RY(0.0, wires=[4]) increased overlap from 0.9963190252054852 to 0.9980137582400765
[2025-08-05 09:49:19,301][INFO] Adding CRY(0.0, wires=[0, 4])) increased overlap from 0.9980137582400765 to 0.9990436145335579
[2025-08-05 09:49:51,781][INFO] Adding RY(0.0, wires=[4]) increased overlap from 0.9990436145335579 to 0.9995547860030957
[2025-08-05 09:50:24,716][INFO] Adding RY(0.0, wires=[0]) increased overlap from 0.9995547860030957 to 0.9998863762185635
[2025-08-05 09:50:58,939][INFO] Adding CRY(0.0, wires=[3, 4])) had small change in overlap from 0.9998863762185635 to 0.9987926165992147
[2025-08-05 09:51:34,471][INFO] Adding CRY(0.0, wires=[2, 4])) decreased overlap from 0.9987926165992147 to 0.9778819398871099.. skipping this gate
[2025-08-05 09:51:34,471][INFO] gradient converged
[2025-08-05 09:51:34,471][INFO] Completed VQE run 29
[2025-08-05 09:51:34,471][INFO] Final ops list: [{'name': 'RY', 'param': 6.551373923163374, 'wires': [2]}, {'name': 'RY', 'param': 6.707509604008737, 'wires': [1]}, {'name': 'RY', 'param': 6.289666624102784, 'wires': [3]}, {'name': 'CRY', 'param': 17.83128324421812, 'wires': [3, 2]}, {'name': 'CRY', 'param': 11.551544414520132, 'wires': [3, 1]}, {'name': 'CRY', 'param': 11.162186928909335, 'wires': [2, 1]}, {'name': 'CRY', 'param': 7.025811710172149, 'wires': [1, 2]}, {'name': 'CRY', 'param': 7.907415444079461, 'wires': [0, 1]}, {'name': 'CRY', 'param': 7.0399501776267215, 'wires': [0, 3]}, {'name': 'CRY', 'param': 12.881011363610748, 'wires': [2, 3]}, {'name': 'CRY', 'param': 7.733705541512372, 'wires': [0, 2]}, {'name': 'RY', 'param': 4.718545462982683, 'wires': [2]}, {'name': 'CRY', 'param': 6.246648395955642, 'wires': [1, 3]}, {'name': 'RY', 'param': 6.012107333139587, 'wires': [1]}, {'name': 'RY', 'param': 6.353152969704981, 'wires': [3]}, {'name': 'RY', 'param': 7.659943604095566, 'wires': [0]}, {'name': 'CRY', 'param': 12.545825803542328, 'wires': [3, 0]}, {'name': 'RY', 'param': 5.91638114096619, 'wires': [3]}, {'name': 'CRY', 'param': 6.483045227976203, 'wires': [2, 0]}, {'name': 'RY', 'param': 6.467745032660452, 'wires': [2]}, {'name': 'RY', 'param': 6.39366560474982, 'wires': [0]}, {'name': 'CRY', 'param': 6.279356814428412, 'wires': [1, 0]}, {'name': 'RY', 'param': 4.7840056074780986, 'wires': [1]}, {'name': 'RY', 'param': 4.933122411243871, 'wires': [0]}, {'name': 'RY', 'param': 7.812986711248842, 'wires': [4]}, {'name': 'CRY', 'param': 6.032009708541316, 'wires': [0, 4]}, {'name': 'RY', 'param': 4.985654353091272, 'wires': [4]}, {'name': 'RY', 'param': 6.428915102017422, 'wires': [0]}, {'name': 'CRY', 'param': 6.256605509438705, 'wires': [3, 4]}]
[2025-08-05 09:51:34,471][INFO] Energy: 0.008931817446951557
