[2025-08-04 17:02:48,351][INFO] Starting VQE run 45 (seed=95362098)
[2025-08-04 17:02:48,445][INFO] Adding RY(0.0, wires=[2]) increased overlap from 0.0 to 0.9475073081015047
[2025-08-04 17:02:48,589][INFO] Adding RY(0.0, wires=[1]) had small change in overlap from 0.9475073081015047 to 0.9466185832960945
[2025-08-04 17:02:49,881][INFO] Adding RY(0.0, wires=[3]) increased overlap from 0.9466185832960945 to 0.9947731434859205
[2025-08-04 17:03:02,491][INFO] Adding CRY(0.0, wires=[3, 2])) decreased overlap from 0.9947731434859205 to 0.9695309757831175.. skipping this gate
[2025-08-04 17:03:02,491][INFO] gradient converged
[2025-08-04 17:03:02,491][INFO] Completed VQE run 3
[2025-08-04 17:03:02,491][INFO] Final ops list: [{'name': 'RY', 'param': 6.3937420888821945, 'wires': [2]}, {'name': 'RY', 'param': 6.288280770310494, 'wires': [1]}, {'name': 'RY', 'param': 5.821224783055242, 'wires': [3]}]
[2025-08-04 17:03:02,491][INFO] Energy: 0.03834066855325642
[2025-08-05 09:40:53,823][INFO] Starting VQE run 45 (seed=110390427)
[2025-08-05 09:40:53,930][INFO] Adding RY(0.0, wires=[2]) increased overlap from 0.0 to 0.9475073081536833
[2025-08-05 09:40:54,089][INFO] Adding RY(0.0, wires=[1]) had small change in overlap from 0.9475073081536833 to 0.946618586045131
[2025-08-05 09:40:55,473][INFO] Adding RY(0.0, wires=[3]) increased overlap from 0.946618586045131 to 0.9947731721927456
[2025-08-05 09:41:02,282][INFO] Adding CRY(0.0, wires=[3, 2])) increased overlap from 0.9947731721927456 to 0.9983740298548693
[2025-08-05 09:41:12,048][INFO] Adding CRY(0.0, wires=[3, 1])) increased overlap from 0.9983740298548693 to 0.9992046877922204
[2025-08-05 09:41:22,432][INFO] Adding CRY(0.0, wires=[2, 1])) had small change in overlap from 0.9992046877922204 to 0.9991844651909217
[2025-08-05 09:41:39,780][INFO] Adding CRY(0.0, wires=[1, 2])) increased overlap from 0.9991844651909217 to 0.9996565905703182
[2025-08-05 09:41:59,180][INFO] Adding CRY(0.0, wires=[0, 1])) increased overlap from 0.9996565905703182 to 0.9999875351147898
[2025-08-05 09:42:19,804][INFO] Adding CRY(0.0, wires=[0, 3])) increased overlap from 0.9999875351147898 to 0.999999877014943
[2025-08-05 09:42:41,107][INFO] Adding RY(0.0, wires=[3]) had small change in overlap from 0.999999877014943 to 0.9999996500823882
[2025-08-05 09:43:04,034][INFO] Adding CRY(0.0, wires=[2, 3])) increased overlap from 0.9999996500823882 to 0.9999999991036046
[2025-08-05 09:43:27,297][INFO] Adding RY(0.0, wires=[1]) had small change in overlap from 0.9999999991036046 to 0.9984622946533906
[2025-08-05 09:43:53,059][INFO] Adding CRY(0.0, wires=[0, 2])) increased overlap from 0.9984622946533906 to 0.9999137966668351
[2025-08-05 09:44:19,569][INFO] Adding RY(0.0, wires=[2]) increased overlap from 0.9999137966668351 to 0.9999351902216713
[2025-08-05 09:44:47,411][INFO] Adding CRY(0.0, wires=[1, 3])) increased overlap from 0.9999351902216713 to 0.9999513817546143
[2025-08-05 09:45:15,009][INFO] Adding RY(0.0, wires=[1]) had small change in overlap from 0.9999513817546143 to 0.9993407127195553
[2025-08-05 09:45:43,884][INFO] Adding RY(0.0, wires=[3]) increased overlap from 0.9993407127195553 to 0.9996778272256709
[2025-08-05 09:46:12,443][INFO] Adding RY(0.0, wires=[0]) increased overlap from 0.9996778272256709 to 0.9999290508511559
[2025-08-05 09:46:44,028][INFO] Adding CRY(0.0, wires=[3, 0])) increased overlap from 0.9999290508511559 to 0.9999911352901372
[2025-08-05 09:47:16,334][INFO] Adding RY(0.0, wires=[0]) increased overlap from 0.9999911352901372 to 0.9999979961159629
[2025-08-05 09:47:49,623][INFO] Adding RY(0.0, wires=[3]) had small change in overlap from 0.9999979961159629 to 0.9999903693582599
[2025-08-05 09:48:24,564][INFO] Adding CRY(0.0, wires=[2, 0])) increased overlap from 0.9999903693582599 to 0.9999955641078889
[2025-08-05 09:49:00,680][INFO] Adding CRY(0.0, wires=[1, 0])) had small change in overlap from 0.9999955641078889 to 0.9999941306359289
[2025-08-05 09:49:37,351][INFO] Adding RY(0.0, wires=[1]) had small change in overlap from 0.9999941306359289 to 0.9999201774407905
[2025-08-05 09:50:15,162][INFO] Adding RY(0.0, wires=[2]) had small change in overlap from 0.9999201774407905 to 0.9998759361889582
[2025-08-05 09:50:53,560][INFO] Adding RY(0.0, wires=[0]) increased overlap from 0.9998759361889582 to 0.9999190248270967
[2025-08-05 09:51:31,972][INFO] Adding RY(0.0, wires=[4]) increased overlap from 0.9999190248270967 to 0.9999282149464945
[2025-08-05 09:52:12,930][INFO] Adding CRY(0.0, wires=[0, 4])) increased overlap from 0.9999282149464945 to 0.9999611655443069
[2025-08-05 09:52:52,836][INFO] Adding RY(0.0, wires=[4]) increased overlap from 0.9999611655443069 to 0.9999763449187231
[2025-08-05 09:53:33,827][INFO] Adding RY(0.0, wires=[0]) increased overlap from 0.9999763449187231 to 0.9999828274501514
[2025-08-05 09:53:33,827][INFO] Completed VQE run 29
[2025-08-05 09:53:33,827][INFO] Final ops list: [{'name': 'RY', 'param': 0.30522887840428176, 'wires': [2]}, {'name': 'RY', 'param': -0.020648153095555642, 'wires': [1]}, {'name': 'RY', 'param': -0.1395547542957598, 'wires': [3]}, {'name': 'CRY', 'param': 1.7405821914977175, 'wires': [3, 2]}, {'name': 'CRY', 'param': -0.29197030448199957, 'wires': [3, 1]}, {'name': 'CRY', 'param': -0.017150580217322128, 'wires': [2, 1]}, {'name': 'CRY', 'param': 2.736331799723407, 'wires': [1, 2]}, {'name': 'CRY', 'param': -0.15466532153825577, 'wires': [0, 1]}, {'name': 'CRY', 'param': -0.014143501236545439, 'wires': [0, 3]}, {'name': 'RY', 'param': -0.6013481935308257, 'wires': [3]}, {'name': 'CRY', 'param': 1.070651390333572, 'wires': [2, 3]}, {'name': 'RY', 'param': -0.21793883308053671, 'wires': [1]}, {'name': 'CRY', 'param': -0.5074335797708227, 'wires': [0, 2]}, {'name': 'RY', 'param': 0.062393836188225756, 'wires': [2]}, {'name': 'CRY', 'param': -0.2559421678202552, 'wires': [1, 3]}, {'name': 'RY', 'param': 0.2157046563571411, 'wires': [1]}, {'name': 'RY', 'param': 0.01920301642776952, 'wires': [3]}, {'name': 'RY', 'param': -0.3558418689386338, 'wires': [0]}, {'name': 'CRY', 'param': -0.000527806949172063, 'wires': [3, 0]}, {'name': 'RY', 'param': -0.07438890395832963, 'wires': [0]}, {'name': 'RY', 'param': 0.2322806240121452, 'wires': [3]}, {'name': 'CRY', 'param': 0.02791849766504295, 'wires': [2, 0]}, {'name': 'CRY', 'param': 0.009609642661383058, 'wires': [1, 0]}, {'name': 'RY', 'param': 0.08676529499457761, 'wires': [1]}, {'name': 'RY', 'param': 0.15530132310597733, 'wires': [2]}, {'name': 'RY', 'param': 0.2091005445352079, 'wires': [0]}, {'name': 'RY', 'param': -0.17895107098201346, 'wires': [4]}, {'name': 'CRY', 'param': -0.031048122240701564, 'wires': [0, 4]}, {'name': 'RY', 'param': 0.20993379133084705, 'wires': [4]}, {'name': 'RY', 'param': 0.22001161792694288, 'wires': [0]}]
[2025-08-05 09:53:33,827][INFO] Energy: -0.0009476133454205029
