[2025-08-04 17:02:48,358][INFO] Starting VQE run 55 (seed=107731740)
[2025-08-04 17:02:48,452][INFO] Adding RY(0.0, wires=[2]) increased overlap from 0.0 to 0.9475073090300007
[2025-08-04 17:02:48,617][INFO] Adding RY(0.0, wires=[1]) had small change in overlap from 0.9475073090300007 to 0.9466185860510092
[2025-08-04 17:02:49,952][INFO] Adding RY(0.0, wires=[3]) increased overlap from 0.9466185860510092 to 0.9947731771359605
[2025-08-04 17:03:02,001][INFO] Adding CRY(0.0, wires=[3, 2])) decreased overlap from 0.9947731771359605 to 0.9368350784446117.. skipping this gate
[2025-08-04 17:03:02,001][INFO] gradient converged
[2025-08-04 17:03:02,001][INFO] Completed VQE run 3
[2025-08-04 17:03:02,001][INFO] Final ops list: [{'name': 'RY', 'param': 0.11055631234720414, 'wires': [2]}, {'name': 'RY', 'param': 0.0050954061055459585, 'wires': [1]}, {'name': 'RY', 'param': -0.4619597859466698, 'wires': [3]}]
[2025-08-04 17:03:02,001][INFO] Energy: 0.03834066855322305
[2025-08-05 09:40:53,865][INFO] Starting VQE run 55 (seed=123358919)
[2025-08-05 09:40:53,955][INFO] Adding RY(0.0, wires=[2]) increased overlap from 0.0 to 0.9475073090761479
[2025-08-05 09:40:54,076][INFO] Adding RY(0.0, wires=[1]) had small change in overlap from 0.9475073090761479 to 0.9466185856769784
[2025-08-05 09:40:55,228][INFO] Adding RY(0.0, wires=[3]) increased overlap from 0.9466185856769784 to 0.9947731776657449
[2025-08-05 09:41:00,470][INFO] Adding CRY(0.0, wires=[3, 2])) increased overlap from 0.9947731776657449 to 0.9983740100810857
[2025-08-05 09:41:08,190][INFO] Adding CRY(0.0, wires=[3, 1])) increased overlap from 0.9983740100810857 to 0.999204715804942
[2025-08-05 09:41:21,129][INFO] Adding CRY(0.0, wires=[2, 1])) had small change in overlap from 0.999204715804942 to 0.9991827541770335
[2025-08-05 09:41:35,337][INFO] Adding CRY(0.0, wires=[1, 2])) increased overlap from 0.9991827541770335 to 0.9999810001119018
[2025-08-05 09:41:50,884][INFO] Adding CRY(0.0, wires=[0, 1])) increased overlap from 0.9999810001119018 to 0.9999993521606442
[2025-08-05 09:42:07,145][INFO] Adding RY(0.0, wires=[1]) had small change in overlap from 0.9999993521606442 to 0.999983525356038
[2025-08-05 09:42:24,770][INFO] Adding CRY(0.0, wires=[0, 3])) increased overlap from 0.999983525356038 to 0.9999990198532419
[2025-08-05 09:42:43,714][INFO] Adding CRY(0.0, wires=[2, 3])) had small change in overlap from 0.9999990198532419 to 0.9999421221953251
[2025-08-05 09:43:04,010][INFO] Adding CRY(0.0, wires=[0, 2])) had small change in overlap from 0.9999421221953251 to 0.9999171527320013
[2025-08-05 09:43:25,687][INFO] Adding CRY(0.0, wires=[1, 3])) had small change in overlap from 0.9999171527320013 to 0.9998299209551429
[2025-08-05 09:43:47,904][INFO] Adding RY(0.0, wires=[1]) had small change in overlap from 0.9998299209551429 to 0.9989289204056391
[2025-08-05 09:44:10,750][INFO] Adding RY(0.0, wires=[2]) increased overlap from 0.9989289204056391 to 0.9992245031971391
[2025-08-05 09:44:34,110][INFO] Adding RY(0.0, wires=[3]) had small change in overlap from 0.9992245031971391 to 0.9991217999708469
[2025-08-05 09:44:58,177][INFO] Adding RY(0.0, wires=[0]) had small change in overlap from 0.9991217999708469 to 0.991675870531238
[2025-08-05 09:45:23,352][INFO] Adding CRY(0.0, wires=[3, 0])) increased overlap from 0.991675870531238 to 0.9981884799221975
[2025-08-05 09:45:49,021][INFO] Adding RY(0.0, wires=[3]) increased overlap from 0.9981884799221975 to 0.9993555294875861
[2025-08-05 09:46:15,289][INFO] Adding RY(0.0, wires=[0]) had small change in overlap from 0.9993555294875861 to 0.9989940234124619
[2025-08-05 09:46:42,974][INFO] Adding CRY(0.0, wires=[2, 0])) had small change in overlap from 0.9989940234124619 to 0.9982827742026424
[2025-08-05 09:47:11,255][INFO] Adding RY(0.0, wires=[2]) had small change in overlap from 0.9982827742026424 to 0.9953947253231983
[2025-08-05 09:47:40,073][INFO] Adding RY(0.0, wires=[0]) increased overlap from 0.9953947253231983 to 0.995792792141437
[2025-08-05 09:48:10,140][INFO] Adding CRY(0.0, wires=[1, 0])) increased overlap from 0.995792792141437 to 0.9973072673479815
[2025-08-05 09:48:40,847][INFO] Adding RY(0.0, wires=[1]) had small change in overlap from 0.9973072673479815 to 0.9890856303940537
[2025-08-05 09:49:12,008][INFO] Adding RY(0.0, wires=[0]) increased overlap from 0.9890856303940537 to 0.9970695019384006
[2025-08-05 09:49:43,813][INFO] Adding RY(0.0, wires=[4]) decreased overlap from 0.9970695019384006 to 0.9850674927536739.. skipping this gate
[2025-08-05 09:49:43,813][INFO] gradient converged
[2025-08-05 09:49:43,813][INFO] Completed VQE run 26
[2025-08-05 09:49:43,814][INFO] Final ops list: [{'name': 'RY', 'param': 0.5942546321670381, 'wires': [2]}, {'name': 'RY', 'param': -0.13517931907171418, 'wires': [1]}, {'name': 'RY', 'param': -2.035769157050231, 'wires': [3]}, {'name': 'CRY', 'param': -0.17614441393928215, 'wires': [3, 2]}, {'name': 'CRY', 'param': -0.11733235734281824, 'wires': [3, 1]}, {'name': 'CRY', 'param': -0.1435380508801748, 'wires': [2, 1]}, {'name': 'CRY', 'param': -0.2872251866662488, 'wires': [1, 2]}, {'name': 'CRY', 'param': 0.05163677401472021, 'wires': [0, 1]}, {'name': 'RY', 'param': 0.16842103967091332, 'wires': [1]}, {'name': 'CRY', 'param': 0.48029917373671827, 'wires': [0, 3]}, {'name': 'CRY', 'param': 5.716124811305892, 'wires': [2, 3]}, {'name': 'CRY', 'param': -0.3677879446363774, 'wires': [0, 2]}, {'name': 'CRY', 'param': 2.1926520321514786, 'wires': [1, 3]}, {'name': 'RY', 'param': 0.0042361304099140665, 'wires': [1]}, {'name': 'RY', 'param': 0.6980877119542513, 'wires': [2]}, {'name': 'RY', 'param': 0.20206487179790109, 'wires': [3]}, {'name': 'RY', 'param': -0.3619506275016751, 'wires': [0]}, {'name': 'CRY', 'param': -0.11194914178459414, 'wires': [3, 0]}, {'name': 'RY', 'param': 0.9345355425128106, 'wires': [3]}, {'name': 'RY', 'param': -0.2920988837084205, 'wires': [0]}, {'name': 'CRY', 'param': 0.9197452515153669, 'wires': [2, 0]}, {'name': 'RY', 'param': 0.18068849658176359, 'wires': [2]}, {'name': 'RY', 'param': 0.18849294467546324, 'wires': [0]}, {'name': 'CRY', 'param': 0.9428916351628391, 'wires': [1, 0]}, {'name': 'RY', 'param': -0.001182069925167867, 'wires': [1]}, {'name': 'RY', 'param': 0.4813862129273306, 'wires': [0]}]
[2025-08-05 09:49:43,814][INFO] Energy: 0.026791062670897675
