[2025-08-04 17:02:48,330][INFO] Starting VQE run 3 (seed=117483675)
[2025-08-04 17:02:48,418][INFO] Adding RY(0.0, wires=[2]) increased overlap from 0.0 to 0.9475073079027704
[2025-08-04 17:02:48,554][INFO] Adding RY(0.0, wires=[1]) had small change in overlap from 0.9475073079027704 to 0.9466185874611721
[2025-08-04 17:02:49,922][INFO] Adding RY(0.0, wires=[3]) increased overlap from 0.9466185874611721 to 0.9947731480348065
[2025-08-04 17:02:58,996][INFO] Adding CRY(0.0, wires=[3, 2])) increased overlap from 0.9947731480348065 to 0.9983740723704806
[2025-08-04 17:03:10,937][INFO] Adding CRY(0.0, wires=[3, 1])) increased overlap from 0.9983740723704806 to 0.9992047145144453
[2025-08-04 17:03:25,206][INFO] Adding CRY(0.0, wires=[2, 1])) had small change in overlap from 0.9992047145144453 to 0.9991640842536186
[2025-08-04 17:03:40,702][INFO] Adding CRY(0.0, wires=[1, 2])) had small change in overlap from 0.9991640842536186 to 0.998310154688039
[2025-08-04 17:03:57,162][INFO] Adding CRY(0.0, wires=[0, 1])) increased overlap from 0.998310154688039 to 0.9988725350438645
[2025-08-04 17:04:14,549][INFO] Adding CRY(0.0, wires=[1, 3])) had small change in overlap from 0.9988725350438645 to 0.9966655983602202
[2025-08-04 17:04:33,032][INFO] Adding CRY(0.0, wires=[0, 2])) increased overlap from 0.9966655983602202 to 0.9981399140614504
[2025-08-04 17:04:52,022][INFO] Adding RY(0.0, wires=[1]) decreased overlap from 0.9981399140614504 to 0.9453442145840824.. skipping this gate
[2025-08-04 17:04:52,022][INFO] gradient converged
[2025-08-04 17:04:52,022][INFO] Completed VQE run 10
[2025-08-04 17:04:52,022][INFO] Final ops list: [{'name': 'RY', 'param': 5.399613809657259, 'wires': [2]}, {'name': 'RY', 'param': 5.647882700053497, 'wires': [1]}, {'name': 'RY', 'param': 5.840966037170878, 'wires': [3]}, {'name': 'CRY', 'param': 6.4322801741055216, 'wires': [3, 2]}, {'name': 'CRY', 'param': 6.376947061244411, 'wires': [3, 1]}, {'name': 'CRY', 'param': 6.828589976005064, 'wires': [2, 1]}, {'name': 'CRY', 'param': 7.04218106474067, 'wires': [1, 2]}, {'name': 'CRY', 'param': 5.729858533268973, 'wires': [0, 1]}, {'name': 'CRY', 'param': 4.905190033593314, 'wires': [1, 3]}, {'name': 'CRY', 'param': 5.4288509090589745, 'wires': [0, 2]}]
[2025-08-04 17:04:52,022][INFO] Energy: 0.017811932544361173
[2025-08-05 09:40:53,804][INFO] Starting VQE run 3 (seed=6540045)
[2025-08-05 09:40:53,884][INFO] Adding RY(0.0, wires=[2]) increased overlap from 0.0 to 0.9475073080060229
[2025-08-05 09:40:54,008][INFO] Adding RY(0.0, wires=[1]) had small change in overlap from 0.9475073080060229 to 0.9466185843359863
[2025-08-05 09:40:55,215][INFO] Adding RY(0.0, wires=[3]) increased overlap from 0.9466185843359863 to 0.9947731436016494
[2025-08-05 09:41:05,914][INFO] Adding CRY(0.0, wires=[3, 2])) increased overlap from 0.9947731436016494 to 0.9983763649411859
[2025-08-05 09:41:17,402][INFO] Adding CRY(0.0, wires=[3, 1])) decreased overlap from 0.9983763649411859 to 0.9464589902862216.. skipping this gate
[2025-08-05 09:41:17,402][INFO] gradient converged
[2025-08-05 09:41:17,402][INFO] Completed VQE run 4
[2025-08-05 09:41:17,402][INFO] Final ops list: [{'name': 'RY', 'param': 6.342785377412816, 'wires': [2]}, {'name': 'RY', 'param': 6.26191285661314, 'wires': [1]}, {'name': 'RY', 'param': 6.720524218664096, 'wires': [3]}, {'name': 'CRY', 'param': 6.110564202447467, 'wires': [3, 2]}]
[2025-08-05 09:41:17,402][INFO] Energy: 0.018905798243477354
