[2025-08-04 17:02:48,378][INFO] Starting VQE run 68 (seed=74429559)
[2025-08-04 17:02:48,474][INFO] Adding RY(0.0, wires=[2]) increased overlap from 0.0 to 0.947507307904961
[2025-08-04 17:02:48,605][INFO] Adding RY(0.0, wires=[1]) had small change in overlap from 0.947507307904961 to 0.9466185862788097
[2025-08-04 17:02:49,736][INFO] Adding RY(0.0, wires=[3]) increased overlap from 0.9466185862788097 to 0.9947731808343008
[2025-08-04 17:02:54,355][INFO] Adding CRY(0.0, wires=[3, 2])) increased overlap from 0.9947731808343008 to 0.9983740713120809
[2025-08-04 17:03:04,874][INFO] Adding CRY(0.0, wires=[3, 1])) increased overlap from 0.9983740713120809 to 0.9992047119859878
[2025-08-04 17:03:18,834][INFO] Adding CRY(0.0, wires=[2, 1])) had small change in overlap from 0.9992047119859878 to 0.9991844643278917
[2025-08-04 17:03:34,326][INFO] Adding CRY(0.0, wires=[1, 2])) had small change in overlap from 0.9991844643278917 to 0.9991305390688121
[2025-08-04 17:03:51,256][INFO] Adding CRY(0.0, wires=[0, 2])) increased overlap from 0.9991305390688121 to 0.9999827352411199
[2025-08-04 17:04:08,749][INFO] Adding CRY(0.0, wires=[0, 1])) decreased overlap from 0.9999827352411199 to 0.9876799290118562.. skipping this gate
[2025-08-04 17:04:08,749][INFO] gradient converged
[2025-08-04 17:04:08,749][INFO] Completed VQE run 8
[2025-08-04 17:04:08,749][INFO] Final ops list: [{'name': 'RY', 'param': 6.116078366170328, 'wires': [2]}, {'name': 'RY', 'param': 6.362250779741299, 'wires': [1]}, {'name': 'RY', 'param': 5.843418148528863, 'wires': [3]}, {'name': 'CRY', 'param': 6.609173415908535, 'wires': [3, 2]}, {'name': 'CRY', 'param': 6.457186243983011, 'wires': [3, 1]}, {'name': 'CRY', 'param': 6.279364417771052, 'wires': [2, 1]}, {'name': 'CRY', 'param': 7.142874412676207, 'wires': [1, 2]}, {'name': 'CRY', 'param': 6.155694334340549, 'wires': [0, 2]}]
[2025-08-04 17:04:08,749][INFO] Energy: -0.0007953825641338302
[2025-08-05 09:40:53,899][INFO] Starting VQE run 68 (seed=90835243)
[2025-08-05 09:40:54,034][INFO] Adding RY(0.0, wires=[2]) increased overlap from 0.0 to 0.9475073094502995
[2025-08-05 09:40:54,205][INFO] Adding RY(0.0, wires=[1]) had small change in overlap from 0.9475073094502995 to 0.9466185861844897
[2025-08-05 09:40:55,656][INFO] Adding RY(0.0, wires=[3]) increased overlap from 0.9466185861844897 to 0.9947731803552897
[2025-08-05 09:41:03,116][INFO] Adding CRY(0.0, wires=[3, 2])) increased overlap from 0.9947731803552897 to 0.9983740217326585
[2025-08-05 09:41:17,260][INFO] Adding CRY(0.0, wires=[3, 1])) increased overlap from 0.9983740217326585 to 0.9992050740547648
[2025-08-05 09:41:33,654][INFO] Adding CRY(0.0, wires=[2, 1])) had small change in overlap from 0.9992050740547648 to 0.9943051439209956
[2025-08-05 09:41:50,879][INFO] Adding CRY(0.0, wires=[0, 2])) increased overlap from 0.9943051439209956 to 0.9995707154363804
[2025-08-05 09:42:09,640][INFO] Adding CRY(0.0, wires=[1, 3])) had small change in overlap from 0.9995707154363804 to 0.9990858669280249
[2025-08-05 09:42:30,659][INFO] Adding CRY(0.0, wires=[0, 1])) had small change in overlap from 0.9990858669280249 to 0.9982013755470264
[2025-08-05 09:42:53,218][INFO] Adding CRY(0.0, wires=[0, 3])) increased overlap from 0.9982013755470264 to 0.9990051205145543
[2025-08-05 09:43:16,080][INFO] Adding CRY(0.0, wires=[1, 2])) increased overlap from 0.9990051205145543 to 0.9999733870155131
[2025-08-05 09:43:40,664][INFO] Adding RY(0.0, wires=[1]) increased overlap from 0.9999733870155131 to 0.9999999954151169
[2025-08-05 09:44:06,208][INFO] Adding RY(0.0, wires=[2]) had small change in overlap from 0.9999999954151169 to 0.9999999430183019
[2025-08-05 09:44:32,530][INFO] Adding RY(0.0, wires=[3]) had small change in overlap from 0.9999999430183019 to 0.9999997047633615
[2025-08-05 09:44:59,746][INFO] Adding CRY(0.0, wires=[2, 3])) had small change in overlap from 0.9999997047633615 to 0.9999820188851252
[2025-08-05 09:45:28,765][INFO] Adding RY(0.0, wires=[2]) had small change in overlap from 0.9999820188851252 to 0.9999166321060966
[2025-08-05 09:45:55,704][INFO] Adding RY(0.0, wires=[3]) increased overlap from 0.9999166321060966 to 0.9999394294484939
[2025-08-05 09:46:25,896][INFO] Adding RY(0.0, wires=[0]) had small change in overlap from 0.9999394294484939 to 0.9917095711673591
[2025-08-05 09:46:57,561][INFO] Adding CRY(0.0, wires=[3, 0])) increased overlap from 0.9917095711673591 to 0.993615345047766
[2025-08-05 09:47:29,993][INFO] Adding RY(0.0, wires=[3]) increased overlap from 0.993615345047766 to 0.9994252278201646
[2025-08-05 09:48:02,809][INFO] Adding RY(0.0, wires=[0]) had small change in overlap from 0.9994252278201646 to 0.9992229281561644
[2025-08-05 09:48:37,090][INFO] Adding CRY(0.0, wires=[2, 0])) had small change in overlap from 0.9992229281561644 to 0.9962656301575459
[2025-08-05 09:49:12,177][INFO] Adding RY(0.0, wires=[2]) increased overlap from 0.9962656301575459 to 0.9992569631166671
[2025-08-05 09:49:48,473][INFO] Adding RY(0.0, wires=[0]) increased overlap from 0.9992569631166671 to 0.9997930408451361
[2025-08-05 09:50:26,068][INFO] Adding CRY(0.0, wires=[1, 0])) had small change in overlap from 0.9997930408451361 to 0.9977664530052968
[2025-08-05 09:51:03,869][INFO] Adding RY(0.0, wires=[1]) increased overlap from 0.9977664530052968 to 0.9998169947665198
[2025-08-05 09:51:43,189][INFO] Adding RY(0.0, wires=[0]) increased overlap from 0.9998169947665198 to 0.9999393504772685
[2025-08-05 09:52:22,073][INFO] Adding RY(0.0, wires=[4]) decreased overlap from 0.9999393504772685 to 0.9814516135763743.. skipping this gate
[2025-08-05 09:52:22,073][INFO] gradient converged
[2025-08-05 09:52:22,073][INFO] Completed VQE run 27
[2025-08-05 09:52:22,073][INFO] Final ops list: [{'name': 'RY', 'param': -0.36877502629491743, 'wires': [2]}, {'name': 'RY', 'param': 0.04428658684714112, 'wires': [1]}, {'name': 'RY', 'param': -1.7144070319725573, 'wires': [3]}, {'name': 'CRY', 'param': -0.5538112010365688, 'wires': [3, 2]}, {'name': 'CRY', 'param': -0.59929518272359, 'wires': [3, 1]}, {'name': 'CRY', 'param': 0.3135700410348452, 'wires': [2, 1]}, {'name': 'CRY', 'param': 0.046143503902007284, 'wires': [0, 2]}, {'name': 'CRY', 'param': 1.4499576475930496, 'wires': [1, 3]}, {'name': 'CRY', 'param': -0.16411176201362, 'wires': [0, 1]}, {'name': 'CRY', 'param': -0.14085147144540017, 'wires': [0, 3]}, {'name': 'CRY', 'param': -0.24301159079690515, 'wires': [1, 2]}, {'name': 'RY', 'param': 0.36122687367285405, 'wires': [1]}, {'name': 'RY', 'param': 0.8698681380738509, 'wires': [2]}, {'name': 'RY', 'param': 0.030246750186169416, 'wires': [3]}, {'name': 'CRY', 'param': 4.030094100501498, 'wires': [2, 3]}, {'name': 'RY', 'param': 0.06921834148962576, 'wires': [2]}, {'name': 'RY', 'param': 0.9827880345846911, 'wires': [3]}, {'name': 'RY', 'param': -1.4497430095600203, 'wires': [0]}, {'name': 'CRY', 'param': 0.0016749736454748931, 'wires': [3, 0]}, {'name': 'RY', 'param': 0.43218085903737086, 'wires': [3]}, {'name': 'RY', 'param': -0.09915753272466676, 'wires': [0]}, {'name': 'CRY', 'param': -0.0014049261978088044, 'wires': [2, 0]}, {'name': 'RY', 'param': 0.3121407625238267, 'wires': [2]}, {'name': 'RY', 'param': 0.694810800149622, 'wires': [0]}, {'name': 'CRY', 'param': 0.007012259190506089, 'wires': [1, 0]}, {'name': 'RY', 'param': 0.11234551818383161, 'wires': [1]}, {'name': 'RY', 'param': 0.8686546495858165, 'wires': [0]}]
[2025-08-05 09:52:22,073][INFO] Energy: -0.0009603117107870827
