[2025-08-04 17:02:48,376][INFO] Starting VQE run 65 (seed=120101382)
[2025-08-04 17:02:48,473][INFO] Adding RY(0.0, wires=[2]) increased overlap from 0.0 to 0.9475073080615144
[2025-08-04 17:02:48,598][INFO] Adding RY(0.0, wires=[1]) had small change in overlap from 0.9475073080615144 to 0.9466185844608623
[2025-08-04 17:02:49,925][INFO] Adding RY(0.0, wires=[3]) increased overlap from 0.9466185844608623 to 0.9947731771894842
[2025-08-04 17:02:56,056][INFO] Adding CRY(0.0, wires=[3, 2])) increased overlap from 0.9947731771894842 to 0.998374070116298
[2025-08-04 17:03:06,491][INFO] Adding CRY(0.0, wires=[3, 1])) increased overlap from 0.998374070116298 to 0.9992047142665097
[2025-08-04 17:03:17,362][INFO] Adding CRY(0.0, wires=[2, 1])) had small change in overlap from 0.9992047142665097 to 0.9991844315213738
[2025-08-04 17:03:32,851][INFO] Adding CRY(0.0, wires=[1, 2])) increased overlap from 0.9991844315213738 to 0.9995481661290609
[2025-08-04 17:03:49,739][INFO] Adding CRY(0.0, wires=[0, 1])) had small change in overlap from 0.9995481661290609 to 0.9932533324713458
[2025-08-04 17:04:07,383][INFO] Adding CRY(0.0, wires=[0, 3])) increased overlap from 0.9932533324713458 to 0.9997314241521084
[2025-08-04 17:04:25,971][INFO] Adding CRY(0.0, wires=[1, 3])) had small change in overlap from 0.9997314241521084 to 0.9968335017047179
[2025-08-04 17:04:45,082][INFO] Adding RY(0.0, wires=[1]) increased overlap from 0.9968335017047179 to 0.9999991303513794
[2025-08-04 17:05:05,506][INFO] Adding CRY(0.0, wires=[2, 3])) had small change in overlap from 0.9999991303513794 to 0.9999976744287618
[2025-08-04 17:05:27,353][INFO] Adding CRY(0.0, wires=[0, 2])) increased overlap from 0.9999976744287618 to 0.9999998592865772
[2025-08-04 17:05:49,835][INFO] Adding RY(0.0, wires=[2]) increased overlap from 0.9999998592865772 to 0.9999999997610085
[2025-08-04 17:06:12,798][INFO] Adding RY(0.0, wires=[3]) had small change in overlap from 0.9999999997610085 to 0.9999140058313046
[2025-08-04 17:06:36,394][INFO] Adding RY(0.0, wires=[0]) had small change in overlap from 0.9999140058313046 to 0.999621296674165
[2025-08-04 17:07:01,353][INFO] Adding CRY(0.0, wires=[3, 0])) increased overlap from 0.999621296674165 to 0.9999907611427402
[2025-08-04 17:07:26,862][INFO] Adding RY(0.0, wires=[0]) increased overlap from 0.9999907611427402 to 0.9999999587444588
[2025-08-04 17:07:52,898][INFO] Adding RY(0.0, wires=[3]) had small change in overlap from 0.9999999587444588 to 0.9999764802591679
[2025-08-04 17:08:20,299][INFO] Adding CRY(0.0, wires=[2, 0])) had small change in overlap from 0.9999764802591679 to 0.9963419912529692
[2025-08-04 17:08:48,328][INFO] Adding RY(0.0, wires=[2]) increased overlap from 0.9963419912529692 to 0.9999854059458517
[2025-08-04 17:09:16,896][INFO] Adding RY(0.0, wires=[0]) increased overlap from 0.9999854059458517 to 0.999999911465046
[2025-08-04 17:09:46,759][INFO] Adding CRY(0.0, wires=[1, 0])) had small change in overlap from 0.999999911465046 to 0.9968967612271716
[2025-08-04 17:10:17,319][INFO] Adding RY(0.0, wires=[1]) increased overlap from 0.9968967612271716 to 0.9992890468039012
[2025-08-04 17:10:48,415][INFO] Adding RY(0.0, wires=[0]) increased overlap from 0.9992890468039012 to 0.9999181201452393
[2025-08-04 17:11:20,059][INFO] Adding RY(0.0, wires=[4]) had small change in overlap from 0.9999181201452393 to 0.9998858326315048
[2025-08-04 17:11:53,052][INFO] Adding CRY(0.0, wires=[0, 4])) increased overlap from 0.9998858326315048 to 0.9999614689500177
[2025-08-04 17:12:26,628][INFO] Adding RY(0.0, wires=[0]) had small change in overlap from 0.9999614689500177 to 0.9997277743326684
[2025-08-04 17:13:00,871][INFO] Adding RY(0.0, wires=[4]) increased overlap from 0.9997277743326684 to 0.9998767582324573
[2025-08-04 17:13:36,457][INFO] Adding CRY(0.0, wires=[3, 4])) had small change in overlap from 0.9998767582324573 to 0.9903807989513418
[2025-08-04 17:13:36,458][INFO] Completed VQE run 29
[2025-08-04 17:13:36,458][INFO] Final ops list: [{'name': 'RY', 'param': 7.478051617335159, 'wires': [2]}, {'name': 'RY', 'param': 6.302066601369495, 'wires': [1]}, {'name': 'RY', 'param': 7.448982017299276, 'wires': [3]}, {'name': 'CRY', 'param': 10.67454235163734, 'wires': [3, 2]}, {'name': 'CRY', 'param': 6.297078099711588, 'wires': [3, 1]}, {'name': 'CRY', 'param': 6.354262898530586, 'wires': [2, 1]}, {'name': 'CRY', 'param': 14.624558980964663, 'wires': [1, 2]}, {'name': 'CRY', 'param': 6.272732825916659, 'wires': [0, 1]}, {'name': 'CRY', 'param': 6.971532966054734, 'wires': [0, 3]}, {'name': 'CRY', 'param': 10.425579040631415, 'wires': [1, 3]}, {'name': 'RY', 'param': 6.243098350377678, 'wires': [1]}, {'name': 'CRY', 'param': 4.127698320696079, 'wires': [2, 3]}, {'name': 'CRY', 'param': 6.483539287148527, 'wires': [0, 2]}, {'name': 'RY', 'param': 4.2915315702172405, 'wires': [2]}, {'name': 'RY', 'param': 5.217590827896945, 'wires': [3]}, {'name': 'RY', 'param': 9.774606524291185, 'wires': [0]}, {'name': 'CRY', 'param': 6.28646525137622, 'wires': [3, 0]}, {'name': 'RY', 'param': 5.078896665720692, 'wires': [0]}, {'name': 'RY', 'param': 4.968475589898897, 'wires': [3]}, {'name': 'CRY', 'param': 6.286565319930081, 'wires': [2, 0]}, {'name': 'RY', 'param': 5.560507662471296, 'wires': [2]}, {'name': 'RY', 'param': 5.009084596854315, 'wires': [0]}, {'name': 'CRY', 'param': 7.6364198529158855, 'wires': [1, 0]}, {'name': 'RY', 'param': 6.2558417104467825, 'wires': [1]}, {'name': 'RY', 'param': 5.292431081833479, 'wires': [0]}, {'name': 'RY', 'param': 8.23322492982388, 'wires': [4]}, {'name': 'CRY', 'param': 5.3084727180875575, 'wires': [0, 4]}, {'name': 'RY', 'param': 6.326266514817022, 'wires': [0]}, {'name': 'RY', 'param': 5.161130952213139, 'wires': [4]}, {'name': 'CRY', 'param': 5.950209583630831, 'wires': [3, 4]}]
[2025-08-04 17:13:36,458][INFO] Energy: 0.07661472916996001
[2025-08-05 09:40:53,899][INFO] Starting VQE run 65 (seed=12870622)
[2025-08-05 09:40:54,013][INFO] Adding RY(0.0, wires=[2]) increased overlap from 0.0 to 0.9475073081149351
[2025-08-05 09:40:54,169][INFO] Adding RY(0.0, wires=[1]) had small change in overlap from 0.9475073081149351 to 0.9466185861441392
[2025-08-05 09:40:55,482][INFO] Adding RY(0.0, wires=[3]) increased overlap from 0.9466185861441392 to 0.9947731737580419
[2025-08-05 09:41:02,161][INFO] Adding CRY(0.0, wires=[3, 2])) increased overlap from 0.9947731737580419 to 0.9983740256536051
[2025-08-05 09:41:12,258][INFO] Adding CRY(0.0, wires=[3, 1])) increased overlap from 0.9983740256536051 to 0.9992046885940149
[2025-08-05 09:41:19,977][INFO] Adding CRY(0.0, wires=[2, 1])) had small change in overlap from 0.9992046885940149 to 0.9991844597056991
[2025-08-05 09:41:37,537][INFO] Adding CRY(0.0, wires=[1, 2])) increased overlap from 0.9991844597056991 to 0.9996590810938134
[2025-08-05 09:41:56,939][INFO] Adding CRY(0.0, wires=[0, 1])) increased overlap from 0.9996590810938134 to 0.9999899677463213
[2025-08-05 09:42:17,425][INFO] Adding CRY(0.0, wires=[0, 3])) increased overlap from 0.9999899677463213 to 0.9999999824132247
[2025-08-05 09:42:39,597][INFO] Adding CRY(0.0, wires=[2, 3])) had small change in overlap from 0.9999999824132247 to 0.9999999783165227
[2025-08-05 09:43:03,530][INFO] Adding CRY(0.0, wires=[1, 3])) had small change in overlap from 0.9999999783165227 to 0.9999999257736949
[2025-08-05 09:43:27,703][INFO] Adding RY(0.0, wires=[1]) had small change in overlap from 0.9999999257736949 to 0.9999998747783375
[2025-08-05 09:43:53,270][INFO] Adding RY(0.0, wires=[3]) increased overlap from 0.9999998747783375 to 0.9999999142077786
[2025-08-05 09:44:20,634][INFO] Adding CRY(0.0, wires=[0, 2])) had small change in overlap from 0.9999999142077786 to 0.9999997981392168
[2025-08-05 09:44:48,530][INFO] Adding RY(0.0, wires=[2]) had small change in overlap from 0.9999997981392168 to 0.9999994903900272
[2025-08-05 09:45:16,326][INFO] Adding RY(0.0, wires=[0]) had small change in overlap from 0.9999994903900272 to 0.9999989091420587
[2025-08-05 09:45:46,054][INFO] Adding CRY(0.0, wires=[3, 0])) increased overlap from 0.9999989091420587 to 0.9999999592625064
[2025-08-05 09:46:15,833][INFO] Adding RY(0.0, wires=[0]) increased overlap from 0.9999999592625064 to 0.9999999906790362
[2025-08-05 09:46:47,394][INFO] Adding RY(0.0, wires=[3]) had small change in overlap from 0.9999999906790362 to 0.9999990652453083
[2025-08-05 09:47:20,834][INFO] Adding CRY(0.0, wires=[1, 0])) had small change in overlap from 0.9999990652453083 to 0.9999988915274715
[2025-08-05 09:47:55,984][INFO] Adding CRY(0.0, wires=[2, 0])) had small change in overlap from 0.9999988915274715 to 0.9999958923102458
[2025-08-05 09:48:31,401][INFO] Adding RY(0.0, wires=[1]) had small change in overlap from 0.9999958923102458 to 0.9999946319231309
[2025-08-05 09:49:07,012][INFO] Adding RY(0.0, wires=[0]) had small change in overlap from 0.9999946319231309 to 0.9999924524321546
[2025-08-05 09:49:43,725][INFO] Adding RY(0.0, wires=[2]) increased overlap from 0.9999924524321546 to 0.9999976447740856
[2025-08-05 09:50:21,713][INFO] Adding RY(0.0, wires=[4]) had small change in overlap from 0.9999976447740856 to 0.9999969910996086
[2025-08-05 09:51:00,432][INFO] Adding CRY(0.0, wires=[0, 4])) increased overlap from 0.9999969910996086 to 0.9999980622204537
[2025-08-05 09:51:40,526][INFO] Adding RY(0.0, wires=[4]) increased overlap from 0.9999980622204537 to 0.9999987435990115
[2025-08-05 09:52:20,497][INFO] Adding RY(0.0, wires=[0]) increased overlap from 0.9999987435990115 to 0.9999989330164851
[2025-08-05 09:53:01,200][INFO] Adding CRY(0.0, wires=[3, 4])) had small change in overlap from 0.9999989330164851 to 0.9999980445350437
[2025-08-05 09:53:42,805][INFO] Adding RY(0.0, wires=[3]) increased overlap from 0.9999980445350437 to 0.9999986828448587
[2025-08-05 09:53:42,805][INFO] Completed VQE run 29
[2025-08-05 09:53:42,805][INFO] Final ops list: [{'name': 'RY', 'param': -0.05352481398822206, 'wires': [2]}, {'name': 'RY', 'param': -0.09818444125607613, 'wires': [1]}, {'name': 'RY', 'param': -0.46088524122117697, 'wires': [3]}, {'name': 'CRY', 'param': -0.28957233369537627, 'wires': [3, 2]}, {'name': 'CRY', 'param': -0.19179539688178454, 'wires': [3, 1]}, {'name': 'CRY', 'param': 0.15443807490923483, 'wires': [2, 1]}, {'name': 'CRY', 'param': 0.4953944341190266, 'wires': [1, 2]}, {'name': 'CRY', 'param': -0.007643032098823777, 'wires': [0, 1]}, {'name': 'CRY', 'param': -0.04951422146315002, 'wires': [0, 3]}, {'name': 'CRY', 'param': -0.06785670774127277, 'wires': [2, 3]}, {'name': 'CRY', 'param': 0.14755159730331335, 'wires': [1, 3]}, {'name': 'RY', 'param': 0.03470152450471731, 'wires': [1]}, {'name': 'RY', 'param': 0.0869145243666314, 'wires': [3]}, {'name': 'CRY', 'param': -0.017441753832874007, 'wires': [0, 2]}, {'name': 'RY', 'param': 0.025667483768049178, 'wires': [2]}, {'name': 'RY', 'param': -0.07309143771138726, 'wires': [0]}, {'name': 'CRY', 'param': -0.004370918168348303, 'wires': [3, 0]}, {'name': 'RY', 'param': 0.021036371393893586, 'wires': [0]}, {'name': 'RY', 'param': -0.03564869972835769, 'wires': [3]}, {'name': 'CRY', 'param': -0.03264609636890395, 'wires': [1, 0]}, {'name': 'CRY', 'param': -0.022759798473624415, 'wires': [2, 0]}, {'name': 'RY', 'param': 0.003559475806106523, 'wires': [1]}, {'name': 'RY', 'param': 0.03563035754924838, 'wires': [0]}, {'name': 'RY', 'param': 0.08503233718450175, 'wires': [2]}, {'name': 'RY', 'param': -0.03720293950186773, 'wires': [4]}, {'name': 'CRY', 'param': -0.005844809814723196, 'wires': [0, 4]}, {'name': 'RY', 'param': 0.043077369295371815, 'wires': [4]}, {'name': 'RY', 'param': 0.01673664457229317, 'wires': [0]}, {'name': 'CRY', 'param': 4.148845627671335e-05, 'wires': [3, 4]}, {'name': 'RY', 'param': 0.0178514355366777, 'wires': [3]}]
[2025-08-05 09:53:42,805][INFO] Energy: -0.0011317302778599786
