[2025-08-04 17:02:48,357][INFO] Starting VQE run 57 (seed=36131595)
[2025-08-04 17:02:48,450][INFO] Adding RY(0.0, wires=[2]) increased overlap from 0.0 to 0.9475073078915122
[2025-08-04 17:02:48,559][INFO] Adding RY(0.0, wires=[1]) had small change in overlap from 0.9475073078915122 to 0.9466185846469848
[2025-08-04 17:02:49,786][INFO] Adding RY(0.0, wires=[3]) increased overlap from 0.9466185846469848 to 0.9947731731293389
[2025-08-04 17:02:55,596][INFO] Adding CRY(0.0, wires=[3, 2])) increased overlap from 0.9947731731293389 to 0.9983740115967562
[2025-08-04 17:03:05,302][INFO] Adding CRY(0.0, wires=[3, 1])) increased overlap from 0.9983740115967562 to 0.9992047167160357
[2025-08-04 17:03:18,509][INFO] Adding CRY(0.0, wires=[2, 1])) had small change in overlap from 0.9992047167160357 to 0.9991844657601189
[2025-08-04 17:03:34,076][INFO] Adding CRY(0.0, wires=[1, 2])) increased overlap from 0.9991844657601189 to 0.9995542828334937
[2025-08-04 17:03:50,931][INFO] Adding CRY(0.0, wires=[0, 1])) increased overlap from 0.9995542828334937 to 0.9999883471527825
[2025-08-04 17:04:08,534][INFO] Adding CRY(0.0, wires=[0, 3])) increased overlap from 0.9999883471527825 to 0.9999995901112575
[2025-08-04 17:04:27,082][INFO] Adding CRY(0.0, wires=[1, 3])) had small change in overlap from 0.9999995901112575 to 0.9997720340451541
[2025-08-04 17:04:46,236][INFO] Adding RY(0.0, wires=[3]) increased overlap from 0.9997720340451541 to 0.9999996259315646
[2025-08-04 17:05:06,664][INFO] Adding CRY(0.0, wires=[2, 3])) had small change in overlap from 0.9999996259315646 to 0.9991155820196563
[2025-08-04 17:05:28,549][INFO] Adding CRY(0.0, wires=[0, 2])) increased overlap from 0.9991155820196563 to 0.999993043246418
[2025-08-04 17:05:50,986][INFO] Adding RY(0.0, wires=[2]) increased overlap from 0.999993043246418 to 0.9999999100767065
[2025-08-04 17:06:13,864][INFO] Adding RY(0.0, wires=[1]) had small change in overlap from 0.9999999100767065 to 0.999998748680087
[2025-08-04 17:06:37,340][INFO] Adding RY(0.0, wires=[3]) increased overlap from 0.999998748680087 to 0.9999999474474874
[2025-08-04 17:07:01,458][INFO] Adding RY(0.0, wires=[0]) had small change in overlap from 0.9999999474474874 to 0.9999999153734718
[2025-08-04 17:07:26,976][INFO] Adding CRY(0.0, wires=[3, 0])) had small change in overlap from 0.9999999153734718 to 0.9999856112394896
[2025-08-04 17:07:52,971][INFO] Adding RY(0.0, wires=[0]) increased overlap from 0.9999856112394896 to 0.9999996145757465
[2025-08-04 17:08:19,566][INFO] Adding RY(0.0, wires=[3]) had small change in overlap from 0.9999996145757465 to 0.9999995823786442
[2025-08-04 17:08:47,517][INFO] Adding CRY(0.0, wires=[1, 0])) had small change in overlap from 0.9999995823786442 to 0.9974641873753235
[2025-08-04 17:09:16,122][INFO] Adding RY(0.0, wires=[1]) increased overlap from 0.9974641873753235 to 0.9986294104903711
[2025-08-04 17:09:46,095][INFO] Adding CRY(0.0, wires=[2, 0])) increased overlap from 0.9986294104903711 to 0.9986944496271507
[2025-08-04 17:10:16,611][INFO] Adding RY(0.0, wires=[2]) increased overlap from 0.9986944496271507 to 0.9989617531651334
[2025-08-04 17:10:47,592][INFO] Adding RY(0.0, wires=[0]) increased overlap from 0.9989617531651334 to 0.9990929223024966
[2025-08-04 17:11:19,073][INFO] Adding RY(0.0, wires=[4]) increased overlap from 0.9990929223024966 to 0.9992184854528634
[2025-08-04 17:11:51,961][INFO] Adding CRY(0.0, wires=[0, 4])) increased overlap from 0.9992184854528634 to 0.999333951094329
[2025-08-04 17:12:25,436][INFO] Adding RY(0.0, wires=[4]) increased overlap from 0.999333951094329 to 0.9994686345264788
[2025-08-04 17:13:00,187][INFO] Adding CRY(0.0, wires=[3, 4])) had small change in overlap from 0.9994686345264788 to 0.9932506933558649
[2025-08-04 17:13:35,669][INFO] Adding RY(0.0, wires=[3]) increased overlap from 0.9932506933558649 to 0.9975330349847381
[2025-08-04 17:13:35,669][INFO] Completed VQE run 29
[2025-08-04 17:13:35,669][INFO] Final ops list: [{'name': 'RY', 'param': 6.2355225216016965, 'wires': [2]}, {'name': 'RY', 'param': 6.242832896097878, 'wires': [1]}, {'name': 'RY', 'param': 6.282855598687786, 'wires': [3]}, {'name': 'CRY', 'param': 9.403323890276603, 'wires': [3, 2]}, {'name': 'CRY', 'param': 5.999523762100374, 'wires': [3, 1]}, {'name': 'CRY', 'param': 7.750386236380309, 'wires': [2, 1]}, {'name': 'CRY', 'param': 7.601127963803993, 'wires': [1, 2]}, {'name': 'CRY', 'param': 6.261702495895036, 'wires': [0, 1]}, {'name': 'CRY', 'param': 5.960875739451934, 'wires': [0, 3]}, {'name': 'CRY', 'param': 6.603374572217997, 'wires': [1, 3]}, {'name': 'RY', 'param': 6.878775013344481, 'wires': [3]}, {'name': 'CRY', 'param': 8.528835339101473, 'wires': [2, 3]}, {'name': 'CRY', 'param': 6.355919380291113, 'wires': [0, 2]}, {'name': 'RY', 'param': 6.226588072254497, 'wires': [2]}, {'name': 'RY', 'param': 6.339094061892253, 'wires': [1]}, {'name': 'RY', 'param': 6.4929702229917545, 'wires': [3]}, {'name': 'RY', 'param': 6.5756148119763145, 'wires': [0]}, {'name': 'CRY', 'param': 6.166320397399437, 'wires': [3, 0]}, {'name': 'RY', 'param': 6.126701876468413, 'wires': [0]}, {'name': 'RY', 'param': 7.1771097945665, 'wires': [3]}, {'name': 'CRY', 'param': 7.2816838012953795, 'wires': [1, 0]}, {'name': 'RY', 'param': 6.28574694578646, 'wires': [1]}, {'name': 'CRY', 'param': 7.3897382519555, 'wires': [2, 0]}, {'name': 'RY', 'param': 6.353411357566781, 'wires': [2]}, {'name': 'RY', 'param': 6.171287475942655, 'wires': [0]}, {'name': 'RY', 'param': 6.387156363424606, 'wires': [4]}, {'name': 'CRY', 'param': 6.2388352081050975, 'wires': [0, 4]}, {'name': 'RY', 'param': 6.234405862749714, 'wires': [4]}, {'name': 'CRY', 'param': 6.302936224424103, 'wires': [3, 4]}, {'name': 'RY', 'param': 6.247857131343164, 'wires': [3]}]
[2025-08-04 17:13:35,669][INFO] Energy: 0.024674609902591967
[2025-08-05 09:40:53,816][INFO] Starting VQE run 57 (seed=51878544)
[2025-08-05 09:40:53,962][INFO] Adding RY(0.0, wires=[2]) increased overlap from 0.0 to 0.9475073089255083
[2025-08-05 09:40:54,142][INFO] Adding RY(0.0, wires=[1]) had small change in overlap from 0.9475073089255083 to 0.9466185870462257
[2025-08-05 09:40:55,636][INFO] Adding RY(0.0, wires=[3]) increased overlap from 0.9466185870462257 to 0.9947731791476843
[2025-08-05 09:41:02,750][INFO] Adding CRY(0.0, wires=[3, 2])) increased overlap from 0.9947731791476843 to 0.9983740266798298
[2025-08-05 09:41:12,883][INFO] Adding CRY(0.0, wires=[3, 1])) increased overlap from 0.9983740266798298 to 0.99920471229056
[2025-08-05 09:41:29,477][INFO] Adding CRY(0.0, wires=[2, 1])) had small change in overlap from 0.99920471229056 to 0.9991689142559624
[2025-08-05 09:41:46,349][INFO] Adding CRY(0.0, wires=[1, 2])) increased overlap from 0.9991689142559624 to 0.9999931132085202
[2025-08-05 09:42:05,400][INFO] Adding CRY(0.0, wires=[0, 1])) had small change in overlap from 0.9999931132085202 to 0.9999908047783169
[2025-08-05 09:42:26,645][INFO] Adding CRY(0.0, wires=[0, 3])) had small change in overlap from 0.9999908047783169 to 0.9956466894589124
[2025-08-05 09:42:48,845][INFO] Adding CRY(0.0, wires=[2, 3])) increased overlap from 0.9956466894589124 to 0.9994202304369169
[2025-08-05 09:43:12,002][INFO] Adding CRY(0.0, wires=[0, 2])) had small change in overlap from 0.9994202304369169 to 0.9983862936288103
[2025-08-05 09:43:36,243][INFO] Adding RY(0.0, wires=[1]) had small change in overlap from 0.9983862936288103 to 0.9946221236021603
[2025-08-05 09:44:01,707][INFO] Adding RY(0.0, wires=[3]) increased overlap from 0.9946221236021603 to 0.9953131547451519
[2025-08-05 09:44:24,275][INFO] Adding RY(0.0, wires=[2]) increased overlap from 0.9953131547451519 to 0.9989133758958701
[2025-08-05 09:44:47,417][INFO] Adding CRY(0.0, wires=[1, 3])) had small change in overlap from 0.9989133758958701 to 0.9982785380391749
[2025-08-05 09:45:11,160][INFO] Adding RY(0.0, wires=[1]) had small change in overlap from 0.9982785380391749 to 0.9928758534776717
[2025-08-05 09:45:39,760][INFO] Adding RY(0.0, wires=[3]) increased overlap from 0.9928758534776717 to 0.9971923629191599
[2025-08-05 09:46:07,887][INFO] Adding RY(0.0, wires=[0]) had small change in overlap from 0.9971923629191599 to 0.9916841238938062
[2025-08-05 09:46:39,364][INFO] Adding CRY(0.0, wires=[3, 0])) increased overlap from 0.9916841238938062 to 0.9982394048036154
[2025-08-05 09:47:11,583][INFO] Adding RY(0.0, wires=[3]) increased overlap from 0.9982394048036154 to 0.999877483956963
[2025-08-05 09:47:44,494][INFO] Adding RY(0.0, wires=[0]) increased overlap from 0.999877483956963 to 0.9999748532451047
[2025-08-05 09:48:18,997][INFO] Adding CRY(0.0, wires=[2, 0])) had small change in overlap from 0.9999748532451047 to 0.9985136758867478
[2025-08-05 09:48:54,357][INFO] Adding RY(0.0, wires=[2]) had small change in overlap from 0.9985136758867478 to 0.9949559774204387
[2025-08-05 09:49:29,978][INFO] Adding RY(0.0, wires=[0]) increased overlap from 0.9949559774204387 to 0.9956993362986755
[2025-08-05 09:50:06,923][INFO] Adding CRY(0.0, wires=[1, 0])) increased overlap from 0.9956993362986755 to 0.9965655022264139
[2025-08-05 09:50:45,353][INFO] Adding RY(0.0, wires=[1]) had small change in overlap from 0.9965655022264139 to 0.9881859568491443
[2025-08-05 09:51:23,730][INFO] Adding RY(0.0, wires=[0]) increased overlap from 0.9881859568491443 to 0.9976110547148301
[2025-08-05 09:52:02,887][INFO] Adding RY(0.0, wires=[4]) had small change in overlap from 0.9976110547148301 to 0.9884690646334604
[2025-08-05 09:52:43,590][INFO] Adding CRY(0.0, wires=[0, 4])) increased overlap from 0.9884690646334604 to 0.9986091055957977
[2025-08-05 09:53:23,796][INFO] Adding RY(0.0, wires=[4]) increased overlap from 0.9986091055957977 to 0.9999545327542588
[2025-08-05 09:53:23,796][INFO] Completed VQE run 29
[2025-08-05 09:53:23,796][INFO] Final ops list: [{'name': 'RY', 'param': 0.781139841777708, 'wires': [2]}, {'name': 'RY', 'param': -1.369133788151663, 'wires': [1]}, {'name': 'RY', 'param': 0.5623227303960739, 'wires': [3]}, {'name': 'CRY', 'param': 5.392006869726372, 'wires': [3, 2]}, {'name': 'CRY', 'param': 7.994553090386715, 'wires': [3, 1]}, {'name': 'CRY', 'param': 3.982210524751181, 'wires': [2, 1]}, {'name': 'CRY', 'param': 1.3187144102019017, 'wires': [1, 2]}, {'name': 'CRY', 'param': 0.21944353408668626, 'wires': [0, 1]}, {'name': 'CRY', 'param': -1.6547781475395598, 'wires': [0, 3]}, {'name': 'CRY', 'param': 6.236435775836446, 'wires': [2, 3]}, {'name': 'CRY', 'param': 0.40877157927217356, 'wires': [0, 2]}, {'name': 'RY', 'param': 0.4017302999053193, 'wires': [1]}, {'name': 'RY', 'param': -0.31022402388977954, 'wires': [3]}, {'name': 'RY', 'param': -0.18970361724122242, 'wires': [2]}, {'name': 'CRY', 'param': 1.0642624882608787, 'wires': [1, 3]}, {'name': 'RY', 'param': 0.11085955132875808, 'wires': [1]}, {'name': 'RY', 'param': 0.031066757653092386, 'wires': [3]}, {'name': 'RY', 'param': -0.8739595962047668, 'wires': [0]}, {'name': 'CRY', 'param': 0.007546339674225185, 'wires': [3, 0]}, {'name': 'RY', 'param': 0.9630447220402975, 'wires': [3]}, {'name': 'RY', 'param': 0.11899034593067769, 'wires': [0]}, {'name': 'CRY', 'param': 0.08279045423000109, 'wires': [2, 0]}, {'name': 'RY', 'param': 0.035803314431382, 'wires': [2]}, {'name': 'RY', 'param': 0.20522980682303646, 'wires': [0]}, {'name': 'CRY', 'param': 0.004709410998982308, 'wires': [1, 0]}, {'name': 'RY', 'param': 0.7245558328772931, 'wires': [1]}, {'name': 'RY', 'param': 0.5528829038762334, 'wires': [0]}, {'name': 'RY', 'param': -0.5217295237491467, 'wires': [4]}, {'name': 'CRY', 'param': 0.041509837789883756, 'wires': [0, 4]}, {'name': 'RY', 'param': 0.4891276574048774, 'wires': [4]}]
[2025-08-05 09:53:23,796][INFO] Energy: -0.0004216038552145835
