[2025-08-04 17:02:48,346][INFO] Starting VQE run 32 (seed=5207490)
[2025-08-04 17:02:48,438][INFO] Adding RY(0.0, wires=[2]) increased overlap from 0.0 to 0.9475073079073519
[2025-08-04 17:02:48,582][INFO] Adding RY(0.0, wires=[1]) had small change in overlap from 0.9475073079073519 to 0.9466185864874141
[2025-08-04 17:02:49,966][INFO] Adding RY(0.0, wires=[3]) increased overlap from 0.9466185864874141 to 0.9947731816820478
[2025-08-04 17:02:59,060][INFO] Adding CRY(0.0, wires=[3, 2])) increased overlap from 0.9947731816820478 to 0.9983740249396547
[2025-08-04 17:03:12,675][INFO] Adding CRY(0.0, wires=[3, 1])) decreased overlap from 0.9983740249396547 to 0.9648258652958758.. skipping this gate
[2025-08-04 17:03:12,676][INFO] gradient converged
[2025-08-04 17:03:12,676][INFO] Completed VQE run 4
[2025-08-04 17:03:12,676][INFO] Final ops list: [{'name': 'RY', 'param': 0.05967356045874435, 'wires': [2]}, {'name': 'RY', 'param': -0.021246891315093722, 'wires': [1]}, {'name': 'RY', 'param': -0.43740128701468656, 'wires': [3]}, {'name': 'CRY', 'param': -0.17242305122893914, 'wires': [3, 2]}]
[2025-08-04 17:03:12,676][INFO] Energy: 0.018905776493642022
[2025-08-05 09:40:53,821][INFO] Starting VQE run 32 (seed=19457314)
[2025-08-05 09:40:53,931][INFO] Adding RY(0.0, wires=[2]) increased overlap from 0.0 to 0.9475073080617424
[2025-08-05 09:40:54,093][INFO] Adding RY(0.0, wires=[1]) had small change in overlap from 0.9475073080617424 to 0.9466185854061365
[2025-08-05 09:40:55,348][INFO] Adding RY(0.0, wires=[3]) increased overlap from 0.9466185854061365 to 0.9947731760536218
[2025-08-05 09:41:03,138][INFO] Adding CRY(0.0, wires=[3, 2])) increased overlap from 0.9947731760536218 to 0.9983740792771596
[2025-08-05 09:41:14,145][INFO] Adding CRY(0.0, wires=[3, 1])) increased overlap from 0.9983740792771596 to 0.9992047136439862
[2025-08-05 09:41:28,984][INFO] Adding CRY(0.0, wires=[2, 1])) had small change in overlap from 0.9992047136439862 to 0.9991844380405738
[2025-08-05 09:41:44,239][INFO] Adding CRY(0.0, wires=[1, 2])) had small change in overlap from 0.9991844380405738 to 0.9989116530949766
[2025-08-05 09:41:59,984][INFO] Adding CRY(0.0, wires=[0, 1])) increased overlap from 0.9989116530949766 to 0.9999879992678474
[2025-08-05 09:42:17,265][INFO] Adding CRY(0.0, wires=[0, 3])) had small change in overlap from 0.9999879992678474 to 0.9958612387995791
[2025-08-05 09:42:35,570][INFO] Adding CRY(0.0, wires=[2, 3])) increased overlap from 0.9958612387995791 to 0.9993310635179211
[2025-08-05 09:42:55,187][INFO] Adding CRY(0.0, wires=[0, 2])) increased overlap from 0.9993310635179211 to 0.9999698065760285
[2025-08-05 09:43:15,434][INFO] Adding RY(0.0, wires=[3]) had small change in overlap from 0.9999698065760285 to 0.999964857092839
[2025-08-05 09:43:36,322][INFO] Adding RY(0.0, wires=[1]) increased overlap from 0.999964857092839 to 0.9999980786715416
[2025-08-05 09:43:57,827][INFO] Adding RY(0.0, wires=[2]) had small change in overlap from 0.9999980786715416 to 0.9999962815816871
[2025-08-05 09:44:20,702][INFO] Adding CRY(0.0, wires=[1, 3])) increased overlap from 0.9999962815816871 to 0.999999664713164
[2025-08-05 09:44:44,236][INFO] Adding RY(0.0, wires=[1]) increased overlap from 0.999999664713164 to 0.9999999978471359
[2025-08-05 09:45:08,409][INFO] Adding RY(0.0, wires=[3]) had small change in overlap from 0.9999999978471359 to 0.99999999554814
[2025-08-05 09:45:32,830][INFO] Adding RY(0.0, wires=[0]) had small change in overlap from 0.99999999554814 to 0.9975423401085414
[2025-08-05 09:45:58,605][INFO] Adding CRY(0.0, wires=[3, 0])) increased overlap from 0.9975423401085414 to 0.9997347660300081
[2025-08-05 09:46:24,969][INFO] Adding RY(0.0, wires=[0]) increased overlap from 0.9997347660300081 to 0.9998462212820423
[2025-08-05 09:46:51,909][INFO] Adding RY(0.0, wires=[3]) had small change in overlap from 0.9998462212820423 to 0.9959257073683377
[2025-08-05 09:47:20,140][INFO] Adding CRY(0.0, wires=[2, 0])) increased overlap from 0.9959257073683377 to 0.9976819652296582
[2025-08-05 09:47:48,990][INFO] Adding RY(0.0, wires=[2]) had small change in overlap from 0.9976819652296582 to 0.9899479896410694
[2025-08-05 09:48:18,366][INFO] Adding RY(0.0, wires=[0]) increased overlap from 0.9899479896410694 to 0.9949904469437033
[2025-08-05 09:48:49,129][INFO] Adding CRY(0.0, wires=[1, 0])) increased overlap from 0.9949904469437033 to 0.9951054975496523
[2025-08-05 09:49:20,439][INFO] Adding RY(0.0, wires=[1]) decreased overlap from 0.9951054975496523 to 0.9639723858871116.. skipping this gate
[2025-08-05 09:49:20,439][INFO] gradient converged
[2025-08-05 09:49:20,439][INFO] Completed VQE run 25
[2025-08-05 09:49:20,439][INFO] Final ops list: [{'name': 'RY', 'param': 6.520007049532721, 'wires': [2]}, {'name': 'RY', 'param': 7.718014083173904, 'wires': [1]}, {'name': 'RY', 'param': 7.025591867651866, 'wires': [3]}, {'name': 'CRY', 'param': 9.690606688850425, 'wires': [3, 2]}, {'name': 'CRY', 'param': 6.621408531622991, 'wires': [3, 1]}, {'name': 'CRY', 'param': 5.942223049562546, 'wires': [2, 1]}, {'name': 'CRY', 'param': 6.1593170672220285, 'wires': [1, 2]}, {'name': 'CRY', 'param': 7.898987647474927, 'wires': [0, 1]}, {'name': 'CRY', 'param': 7.221659972850114, 'wires': [0, 3]}, {'name': 'CRY', 'param': 3.681453755221235, 'wires': [2, 3]}, {'name': 'CRY', 'param': 7.032479134721682, 'wires': [0, 2]}, {'name': 'RY', 'param': 6.615889411944966, 'wires': [3]}, {'name': 'RY', 'param': 4.716306369284735, 'wires': [1]}, {'name': 'RY', 'param': 4.1573536749376725, 'wires': [2]}, {'name': 'CRY', 'param': 6.398217684612838, 'wires': [1, 3]}, {'name': 'RY', 'param': 4.893776709054205, 'wires': [1]}, {'name': 'RY', 'param': 5.169909490325506, 'wires': [3]}, {'name': 'RY', 'param': 7.932544625049937, 'wires': [0]}, {'name': 'CRY', 'param': 8.382972684895485, 'wires': [3, 0]}, {'name': 'RY', 'param': 6.379525991591614, 'wires': [0]}, {'name': 'RY', 'param': 5.818704613344005, 'wires': [3]}, {'name': 'CRY', 'param': 6.248940204375729, 'wires': [2, 0]}, {'name': 'RY', 'param': 5.777184563873797, 'wires': [2]}, {'name': 'RY', 'param': 4.5347227880056105, 'wires': [0]}, {'name': 'CRY', 'param': 4.562856453210258, 'wires': [1, 0]}]
[2025-08-05 09:49:20,439][INFO] Energy: 0.03540446614313835
