[2025-08-04 17:02:48,374][INFO] Starting VQE run 69 (seed=100357881)
[2025-08-04 17:02:48,472][INFO] Adding RY(0.0, wires=[2]) increased overlap from 0.0 to 0.9475073079194049
[2025-08-04 17:02:48,624][INFO] Adding RY(0.0, wires=[1]) had small change in overlap from 0.9475073079194049 to 0.9466185876907408
[2025-08-04 17:02:49,925][INFO] Adding RY(0.0, wires=[3]) increased overlap from 0.9466185876907408 to 0.9947731520287599
[2025-08-04 17:02:59,863][INFO] Adding CRY(0.0, wires=[3, 2])) increased overlap from 0.9947731520287599 to 0.9983740792445478
[2025-08-04 17:03:09,141][INFO] Adding CRY(0.0, wires=[3, 1])) increased overlap from 0.9983740792445478 to 0.999204687580016
[2025-08-04 17:03:23,564][INFO] Adding CRY(0.0, wires=[2, 1])) had small change in overlap from 0.999204687580016 to 0.999173014960238
[2025-08-04 17:03:39,125][INFO] Adding CRY(0.0, wires=[1, 2])) had small change in overlap from 0.999173014960238 to 0.9983913408809588
[2025-08-04 17:03:55,715][INFO] Adding CRY(0.0, wires=[0, 1])) decreased overlap from 0.9983913408809588 to 0.9667598957034979.. skipping this gate
[2025-08-04 17:03:55,715][INFO] gradient converged
[2025-08-04 17:03:55,715][INFO] Completed VQE run 7
[2025-08-04 17:03:55,715][INFO] Final ops list: [{'name': 'RY', 'param': 6.220832405825631, 'wires': [2]}, {'name': 'RY', 'param': 6.308200236106476, 'wires': [1]}, {'name': 'RY', 'param': 5.843149090426776, 'wires': [3]}, {'name': 'CRY', 'param': 6.46324885610341, 'wires': [3, 2]}, {'name': 'CRY', 'param': 6.295671585177295, 'wires': [3, 1]}, {'name': 'CRY', 'param': 6.416158551289871, 'wires': [2, 1]}, {'name': 'CRY', 'param': 5.570095030248084, 'wires': [1, 2]}]
[2025-08-04 17:03:55,715][INFO] Energy: 0.015192249907416073
[2025-08-05 09:40:53,899][INFO] Starting VQE run 69 (seed=116823450)
[2025-08-05 09:40:54,014][INFO] Adding RY(0.0, wires=[2]) increased overlap from 0.0 to 0.9475073091121624
[2025-08-05 09:40:54,128][INFO] Adding RY(0.0, wires=[1]) had small change in overlap from 0.9475073091121624 to 0.9466185846472002
[2025-08-05 09:40:55,123][INFO] Adding RY(0.0, wires=[3]) increased overlap from 0.9466185846472002 to 0.9947731773591643
[2025-08-05 09:41:01,387][INFO] Adding CRY(0.0, wires=[3, 2])) increased overlap from 0.9947731773591643 to 0.9983740744996783
[2025-08-05 09:41:11,293][INFO] Adding CRY(0.0, wires=[3, 1])) increased overlap from 0.9983740744996783 to 0.9992047200060634
[2025-08-05 09:41:21,913][INFO] Adding CRY(0.0, wires=[2, 1])) had small change in overlap from 0.9992047200060634 to 0.9991844318377777
[2025-08-05 09:41:36,092][INFO] Adding CRY(0.0, wires=[1, 2])) had small change in overlap from 0.9991844318377777 to 0.9989028282651883
[2025-08-05 09:41:51,591][INFO] Adding CRY(0.0, wires=[0, 1])) increased overlap from 0.9989028282651883 to 0.9999744122214256
[2025-08-05 09:42:08,661][INFO] Adding CRY(0.0, wires=[0, 3])) had small change in overlap from 0.9999744122214256 to 0.9959021930056263
[2025-08-05 09:42:26,955][INFO] Adding CRY(0.0, wires=[2, 3])) increased overlap from 0.9959021930056263 to 0.9997063510192855
[2025-08-05 09:42:46,570][INFO] Adding CRY(0.0, wires=[0, 2])) increased overlap from 0.9997063510192855 to 0.9999925732174934
[2025-08-05 09:43:06,762][INFO] Adding RY(0.0, wires=[1]) increased overlap from 0.9999925732174934 to 0.999995255116067
[2025-08-05 09:43:27,611][INFO] Adding RY(0.0, wires=[2]) had small change in overlap from 0.999995255116067 to 0.9984742029832115
[2025-08-05 09:43:49,873][INFO] Adding CRY(0.0, wires=[1, 3])) had small change in overlap from 0.9984742029832115 to 0.997895789321193
[2025-08-05 09:44:12,709][INFO] Adding RY(0.0, wires=[1]) increased overlap from 0.997895789321193 to 0.9999999999959368
[2025-08-05 09:44:36,149][INFO] Adding RY(0.0, wires=[3]) had small change in overlap from 0.9999999999959368 to 0.9999999998932638
[2025-08-05 09:44:36,149][INFO] gradient converged
[2025-08-05 09:44:36,149][INFO] Completed VQE run 15
[2025-08-05 09:44:36,149][INFO] Final ops list: [{'name': 'RY', 'param': 7.117447312344731, 'wires': [2]}, {'name': 'RY', 'param': 6.284792261443261, 'wires': [1]}, {'name': 'RY', 'param': 6.6190416691144724, 'wires': [3]}, {'name': 'CRY', 'param': 11.150112491930097, 'wires': [3, 2]}, {'name': 'CRY', 'param': 6.668789362128436, 'wires': [3, 1]}, {'name': 'CRY', 'param': 6.38110593494299, 'wires': [2, 1]}, {'name': 'CRY', 'param': 10.960110634044735, 'wires': [1, 2]}, {'name': 'CRY', 'param': 6.1581499688486145, 'wires': [0, 1]}, {'name': 'CRY', 'param': 6.167396196472322, 'wires': [0, 3]}, {'name': 'CRY', 'param': 5.884478260470017, 'wires': [2, 3]}, {'name': 'CRY', 'param': 7.158018522047036, 'wires': [0, 2]}, {'name': 'RY', 'param': 6.263420096439777, 'wires': [1]}, {'name': 'RY', 'param': 4.611470885879299, 'wires': [2]}, {'name': 'CRY', 'param': 5.818651758697802, 'wires': [1, 3]}, {'name': 'RY', 'param': 6.045402222797868, 'wires': [1]}]
[2025-08-05 09:44:36,150][INFO] Energy: -0.0011669747652469714
