[2025-08-04 17:02:48,381][INFO] Starting VQE run 75 (seed=9014235)
[2025-08-04 17:02:48,476][INFO] Adding RY(0.0, wires=[2]) increased overlap from 0.0 to 0.9475073092564035
[2025-08-04 17:02:48,619][INFO] Adding RY(0.0, wires=[1]) had small change in overlap from 0.9475073092564035 to 0.9466185850954826
[2025-08-04 17:02:49,917][INFO] Adding RY(0.0, wires=[3]) increased overlap from 0.9466185850954826 to 0.994773182113345
[2025-08-04 17:02:57,089][INFO] Adding CRY(0.0, wires=[3, 2])) increased overlap from 0.994773182113345 to 0.9983740233305931
[2025-08-04 17:03:08,099][INFO] Adding CRY(0.0, wires=[3, 1])) increased overlap from 0.9983740233305931 to 0.9992047179384931
[2025-08-04 17:03:22,551][INFO] Adding CRY(0.0, wires=[2, 1])) had small change in overlap from 0.9992047179384931 to 0.9991645058476838
[2025-08-04 17:03:38,074][INFO] Adding CRY(0.0, wires=[1, 2])) increased overlap from 0.9991645058476838 to 0.9999973823816374
[2025-08-04 17:03:54,715][INFO] Adding CRY(0.0, wires=[0, 1])) had small change in overlap from 0.9999973823816374 to 0.9999427354157092
[2025-08-04 17:04:12,088][INFO] Adding CRY(0.0, wires=[0, 3])) had small change in overlap from 0.9999427354157092 to 0.9963950263200858
[2025-08-04 17:04:30,531][INFO] Adding CRY(0.0, wires=[2, 3])) increased overlap from 0.9963950263200858 to 0.9997220841053635
[2025-08-04 17:04:50,329][INFO] Adding CRY(0.0, wires=[0, 2])) had small change in overlap from 0.9997220841053635 to 0.999676208515786
[2025-08-04 17:05:10,735][INFO] Adding RY(0.0, wires=[2]) had small change in overlap from 0.999676208515786 to 0.9975739540847118
[2025-08-04 17:05:31,721][INFO] Adding RY(0.0, wires=[1]) increased overlap from 0.9975739540847118 to 0.9994901781362207
[2025-08-04 17:05:54,153][INFO] Adding CRY(0.0, wires=[1, 3])) increased overlap from 0.9994901781362207 to 0.9999856662539
[2025-08-04 17:06:17,208][INFO] Adding RY(0.0, wires=[1]) had small change in overlap from 0.9999856662539 to 0.9982275288058956
[2025-08-04 17:06:40,830][INFO] Adding RY(0.0, wires=[3]) had small change in overlap from 0.9982275288058956 to 0.9977904210846719
[2025-08-04 17:07:04,982][INFO] Adding RY(0.0, wires=[0]) decreased overlap from 0.9977904210846719 to 0.9792769641102063.. skipping this gate
[2025-08-04 17:07:04,982][INFO] gradient converged
[2025-08-04 17:07:04,982][INFO] Completed VQE run 16
[2025-08-04 17:07:04,982][INFO] Final ops list: [{'name': 'RY', 'param': 0.08039927238178479, 'wires': [2]}, {'name': 'RY', 'param': -0.7213629201172277, 'wires': [1]}, {'name': 'RY', 'param': 0.3979556095382662, 'wires': [3]}, {'name': 'CRY', 'param': 1.156283177129801, 'wires': [3, 2]}, {'name': 'CRY', 'param': 2.1882363816168575, 'wires': [3, 1]}, {'name': 'CRY', 'param': 4.218189778385597, 'wires': [2, 1]}, {'name': 'CRY', 'param': 0.09620846377299845, 'wires': [1, 2]}, {'name': 'CRY', 'param': 0.635693936482752, 'wires': [0, 1]}, {'name': 'CRY', 'param': -1.1059503626957277, 'wires': [0, 3]}, {'name': 'CRY', 'param': 3.752189356170773, 'wires': [2, 3]}, {'name': 'CRY', 'param': -0.41816599131680965, 'wires': [0, 2]}, {'name': 'RY', 'param': 0.2596534834174568, 'wires': [2]}, {'name': 'RY', 'param': -0.1468233562072527, 'wires': [1]}, {'name': 'CRY', 'param': 1.8475328920161735, 'wires': [1, 3]}, {'name': 'RY', 'param': 0.3324493352239296, 'wires': [1]}, {'name': 'RY', 'param': 0.46786719918551045, 'wires': [3]}]
[2025-08-04 17:07:04,982][INFO] Energy: 0.01510015132561477
[2025-08-05 09:40:53,925][INFO] Starting VQE run 75 (seed=25839114)
[2025-08-05 09:40:54,016][INFO] Adding RY(0.0, wires=[2]) increased overlap from 0.0 to 0.9475073082533636
[2025-08-05 09:40:54,147][INFO] Adding RY(0.0, wires=[1]) had small change in overlap from 0.9475073082533636 to 0.9466185859499056
[2025-08-05 09:40:55,225][INFO] Adding RY(0.0, wires=[3]) increased overlap from 0.9466185859499056 to 0.9947731738504145
[2025-08-05 09:41:00,557][INFO] Adding CRY(0.0, wires=[3, 2])) increased overlap from 0.9947731738504145 to 0.9983740139128292
[2025-08-05 09:41:07,231][INFO] Adding CRY(0.0, wires=[3, 1])) increased overlap from 0.9983740139128292 to 0.9992046853094223
[2025-08-05 09:41:16,174][INFO] Adding CRY(0.0, wires=[2, 1])) had small change in overlap from 0.9992046853094223 to 0.9991844341643462
[2025-08-05 09:41:30,384][INFO] Adding CRY(0.0, wires=[1, 2])) increased overlap from 0.9991844341643462 to 0.9999747551967264
[2025-08-05 09:41:45,896][INFO] Adding CRY(0.0, wires=[0, 1])) increased overlap from 0.9999747551967264 to 0.999985702780087
[2025-08-05 09:42:02,958][INFO] Adding CRY(0.0, wires=[0, 3])) increased overlap from 0.999985702780087 to 0.9999999535867662
[2025-08-05 09:42:21,251][INFO] Adding CRY(0.0, wires=[2, 3])) had small change in overlap from 0.9999999535867662 to 0.9999830193714311
[2025-08-05 09:42:40,136][INFO] Adding RY(0.0, wires=[3]) had small change in overlap from 0.9999830193714311 to 0.9996767002746468
[2025-08-05 09:43:00,395][INFO] Adding CRY(0.0, wires=[0, 2])) increased overlap from 0.9996767002746468 to 0.9999921299989214
[2025-08-05 09:43:21,359][INFO] Adding RY(0.0, wires=[2]) increased overlap from 0.9999921299989214 to 0.9999999999889924
[2025-08-05 09:43:42,961][INFO] Adding RY(0.0, wires=[1]) had small change in overlap from 0.9999999999889924 to 0.9999547182531988
[2025-08-05 09:44:05,992][INFO] Adding CRY(0.0, wires=[1, 3])) increased overlap from 0.9999547182531988 to 0.9999968357300881
[2025-08-05 09:44:29,603][INFO] Adding RY(0.0, wires=[1]) had small change in overlap from 0.9999968357300881 to 0.9997970355194631
[2025-08-05 09:44:53,824][INFO] Adding RY(0.0, wires=[3]) increased overlap from 0.9997970355194631 to 0.9999999353897199
[2025-08-05 09:45:18,378][INFO] Adding RY(0.0, wires=[0]) had small change in overlap from 0.9999999353897199 to 0.9958067680495232
[2025-08-05 09:45:44,167][INFO] Adding CRY(0.0, wires=[3, 0])) increased overlap from 0.9958067680495232 to 0.9994737193148704
[2025-08-05 09:46:10,636][INFO] Adding RY(0.0, wires=[3]) increased overlap from 0.9994737193148704 to 0.9998734589622935
[2025-08-05 09:46:37,810][INFO] Adding RY(0.0, wires=[0]) had small change in overlap from 0.9998734589622935 to 0.9992660352444065
[2025-08-05 09:47:06,320][INFO] Adding CRY(0.0, wires=[2, 0])) increased overlap from 0.9992660352444065 to 0.9993608609449063
[2025-08-05 09:47:35,324][INFO] Adding RY(0.0, wires=[2]) had small change in overlap from 0.9993608609449063 to 0.9935072541647352
[2025-08-05 09:48:04,882][INFO] Adding RY(0.0, wires=[0]) increased overlap from 0.9935072541647352 to 0.9966350091046011
[2025-08-05 09:48:35,720][INFO] Adding CRY(0.0, wires=[1, 0])) increased overlap from 0.9966350091046011 to 0.9973412011753688
[2025-08-05 09:49:07,182][INFO] Adding RY(0.0, wires=[1]) had small change in overlap from 0.9973412011753688 to 0.9951546594836111
[2025-08-05 09:49:39,049][INFO] Adding RY(0.0, wires=[0]) increased overlap from 0.9951546594836111 to 0.9959633006609163
[2025-08-05 09:50:11,505][INFO] Adding RY(0.0, wires=[4]) had small change in overlap from 0.9959633006609163 to 0.9913171120410913
[2025-08-05 09:50:45,476][INFO] Adding CRY(0.0, wires=[0, 4])) increased overlap from 0.9913171120410913 to 0.9966202466380282
[2025-08-05 09:51:19,689][INFO] Adding RY(0.0, wires=[4]) increased overlap from 0.9966202466380282 to 0.9972112532086675
[2025-08-05 09:51:19,690][INFO] Completed VQE run 29
[2025-08-05 09:51:19,690][INFO] Final ops list: [{'name': 'RY', 'param': -0.16691725078685515, 'wires': [2]}, {'name': 'RY', 'param': -0.0005539360823958021, 'wires': [1]}, {'name': 'RY', 'param': -2.5907364780717215, 'wires': [3]}, {'name': 'CRY', 'param': 0.06233801319960082, 'wires': [3, 2]}, {'name': 'CRY', 'param': -0.0019049714984557568, 'wires': [3, 1]}, {'name': 'CRY', 'param': 4.9410633180090855, 'wires': [2, 1]}, {'name': 'CRY', 'param': 3.3083124691262835, 'wires': [1, 2]}, {'name': 'CRY', 'param': -0.21426217353593602, 'wires': [0, 1]}, {'name': 'CRY', 'param': 0.2172436345019749, 'wires': [0, 3]}, {'name': 'CRY', 'param': 5.2296316759445265, 'wires': [2, 3]}, {'name': 'RY', 'param': 0.9863054595977374, 'wires': [3]}, {'name': 'CRY', 'param': -0.18900318381619524, 'wires': [0, 2]}, {'name': 'RY', 'param': 0.22557025852121992, 'wires': [2]}, {'name': 'RY', 'param': 0.1385706748638831, 'wires': [1]}, {'name': 'CRY', 'param': 1.0706423491689012, 'wires': [1, 3]}, {'name': 'RY', 'param': -0.02467977970449101, 'wires': [1]}, {'name': 'RY', 'param': 0.5173941895570917, 'wires': [3]}, {'name': 'RY', 'param': -0.5286712665547737, 'wires': [0]}, {'name': 'CRY', 'param': -0.028105007200058336, 'wires': [3, 0]}, {'name': 'RY', 'param': 0.4250595894062765, 'wires': [3]}, {'name': 'RY', 'param': -0.10623038399219842, 'wires': [0]}, {'name': 'CRY', 'param': 1.42356448526406, 'wires': [2, 0]}, {'name': 'RY', 'param': 0.10780718701247717, 'wires': [2]}, {'name': 'RY', 'param': 0.19010136053353438, 'wires': [0]}, {'name': 'CRY', 'param': 0.990438044807541, 'wires': [1, 0]}, {'name': 'RY', 'param': 0.013907945155660276, 'wires': [1]}, {'name': 'RY', 'param': 0.43128579329646716, 'wires': [0]}, {'name': 'RY', 'param': -0.43794122997561247, 'wires': [4]}, {'name': 'CRY', 'param': 0.04908060454675434, 'wires': [0, 4]}, {'name': 'RY', 'param': 0.39099530655781917, 'wires': [4]}]
[2025-08-05 09:51:19,690][INFO] Energy: 0.02410338445292969
