[2025-10-03 14:27:21,736][INFO] Running VQE using SV-Estimator backend
[2025-10-03 14:27:21,736][INFO] Running VQE using CQAVQE_DW4_exact ansatz with 3 params
[2025-10-03 14:27:21,768][INFO] Starting VQE run 1 (seed=99181806)
[2025-10-03 14:27:21,784][INFO] Iteration 1: Energy = 1.50204851
[2025-10-03 14:27:21,786][INFO] Iteration 2: Energy = 1.23361938
[2025-10-03 14:27:21,788][INFO] Iteration 3: Energy = 1.35000764
[2025-10-03 14:27:21,789][INFO] Iteration 4: Energy = 1.50371586
[2025-10-03 14:27:21,790][INFO] Iteration 5: Energy = 1.87242914
[2025-10-03 14:27:21,792][INFO] Iteration 6: Energy = 1.93181587
[2025-10-03 14:27:21,793][INFO] Iteration 7: Energy = 1.51796275
[2025-10-03 14:27:21,797][INFO] Iteration 8: Energy = 1.10412835
[2025-10-03 14:27:21,799][INFO] Iteration 9: Energy = 1.23357258
[2025-10-03 14:27:21,802][INFO] Iteration 10: Energy = 1.08924134
[2025-10-03 14:27:21,804][INFO] Iteration 11: Energy = 1.07937375
[2025-10-03 14:27:21,806][INFO] Iteration 12: Energy = 1.07132674
[2025-10-03 14:27:21,809][INFO] Iteration 13: Energy = 1.08963312
[2025-10-03 14:27:21,811][INFO] Iteration 14: Energy = 1.09268031
[2025-10-03 14:27:21,812][INFO] Iteration 15: Energy = 1.05167606
[2025-10-03 14:27:21,814][INFO] Iteration 16: Energy = 1.03014940
[2025-10-03 14:27:21,817][INFO] Iteration 17: Energy = 1.00394646
[2025-10-03 14:27:21,819][INFO] Iteration 18: Energy = 0.99205164
[2025-10-03 14:27:21,821][INFO] Iteration 19: Energy = 0.95240299
[2025-10-03 14:27:21,823][INFO] Iteration 20: Energy = 0.96902058
[2025-10-03 14:27:21,826][INFO] Iteration 21: Energy = 1.08677731
[2025-10-03 14:27:21,828][INFO] Iteration 22: Energy = 0.96657209
[2025-10-03 14:27:21,831][INFO] Iteration 23: Energy = 1.08607379
[2025-10-03 14:27:21,833][INFO] Iteration 24: Energy = 1.02877038
[2025-10-03 14:27:21,835][INFO] Iteration 25: Energy = 0.94351725
[2025-10-03 14:27:21,838][INFO] Iteration 26: Energy = 0.93535806
[2025-10-03 14:27:21,840][INFO] Iteration 27: Energy = 0.92929156
[2025-10-03 14:27:21,843][INFO] Iteration 28: Energy = 0.92886354
[2025-10-03 14:27:21,844][INFO] Iteration 29: Energy = 0.92638065
[2025-10-03 14:27:21,846][INFO] Iteration 30: Energy = 0.91767262
[2025-10-03 14:27:21,849][INFO] Iteration 31: Energy = 0.91739479
[2025-10-03 14:27:21,851][INFO] Iteration 32: Energy = 0.91914085
[2025-10-03 14:27:21,854][INFO] Iteration 33: Energy = 0.92331350
[2025-10-03 14:27:21,855][INFO] Iteration 34: Energy = 0.91436694
[2025-10-03 14:27:21,857][INFO] Iteration 35: Energy = 0.91172749
[2025-10-03 14:27:21,860][INFO] Iteration 36: Energy = 0.91085625
[2025-10-03 14:27:21,862][INFO] Iteration 37: Energy = 0.90967500
[2025-10-03 14:27:21,865][INFO] Iteration 38: Energy = 0.90917737
[2025-10-03 14:27:21,867][INFO] Iteration 39: Energy = 0.90736637
[2025-10-03 14:27:21,869][INFO] Iteration 40: Energy = 0.90672670
[2025-10-03 14:27:21,871][INFO] Iteration 41: Energy = 0.90674276
[2025-10-03 14:27:21,874][INFO] Iteration 42: Energy = 0.92185186
[2025-10-03 14:27:21,876][INFO] Iteration 43: Energy = 0.90669637
[2025-10-03 14:27:21,878][INFO] Iteration 44: Energy = 0.90700764
[2025-10-03 14:27:21,880][INFO] Iteration 45: Energy = 0.90658626
[2025-10-03 14:27:21,883][INFO] Iteration 46: Energy = 0.90657017
[2025-10-03 14:27:21,885][INFO] Iteration 47: Energy = 0.90699357
[2025-10-03 14:27:21,887][INFO] Iteration 48: Energy = 0.90658694
[2025-10-03 14:27:21,889][INFO] Iteration 49: Energy = 0.90656789
[2025-10-03 14:27:21,891][INFO] Iteration 50: Energy = 0.90657002
[2025-10-03 14:27:21,893][INFO] Iteration 51: Energy = 0.90656190
[2025-10-03 14:27:21,895][INFO] Iteration 52: Energy = 0.90656045
[2025-10-03 14:27:21,898][INFO] Iteration 53: Energy = 0.90656101
[2025-10-03 14:27:21,900][INFO] Iteration 54: Energy = 0.90657586
[2025-10-03 14:27:21,902][INFO] Iteration 55: Energy = 0.90656053
[2025-10-03 14:27:21,904][INFO] Iteration 56: Energy = 0.90656004
[2025-10-03 14:27:21,906][INFO] Iteration 57: Energy = 0.90655989
[2025-10-03 14:27:21,909][INFO] Iteration 58: Energy = 0.90655988
[2025-10-03 14:27:21,911][INFO] Iteration 59: Energy = 0.90655988
[2025-10-03 14:27:21,913][INFO] Iteration 60: Energy = 0.90655996
[2025-10-03 14:27:21,916][INFO] Iteration 61: Energy = 0.90655995
[2025-10-03 14:27:21,918][INFO] Iteration 62: Energy = 0.90655994
[2025-10-03 14:27:21,920][INFO] Iteration 63: Energy = 0.90655998
[2025-10-03 14:27:21,923][INFO] Iteration 64: Energy = 0.90655988
[2025-10-03 14:27:21,923][INFO] Completed VQE run 1: Energy = 0.906560
[2025-10-03 14:27:21,923][INFO] {'seed': 99181806, 'energy': np.float64(0.9065598772790797), 'params': [5.8865186849660995, 5.951871760006834, -0.2745800248557461], 'success': False, 'num_iters': 64, 'run_time': datetime.timedelta(microseconds=187939), 'message': 'The maximum number of iterations has been exceeded'}
