[2026-01-09 09:42:53,559][INFO] Running for DW potential and cutoff 128
[2026-01-09 09:42:53,617][INFO] min_eigenvalue: (0.8916323801345715+0j)
[2026-01-09 09:42:54,763][INFO] {
    "_VERSION": 2,
    "max_execution_time": "Unset",
    "environment": {
        "log_level": "WARNING",
        "callback": null,
        "job_tags": [
            "NQCC-Q4",
            "SKQD",
            "shots:500",
            "DW",
            "cutoff=128"
        ],
        "private": false
    },
    "simulator": {
        "noise_model": "Unset",
        "seed_simulator": "Unset",
        "coupling_map": "Unset",
        "basis_gates": "Unset"
    },
    "default_shots": 500,
    "dynamical_decoupling": {
        "enable": "Unset",
        "sequence_type": "Unset",
        "extra_slack_distribution": "Unset",
        "scheduling_method": "Unset",
        "skip_reset_qubits": "Unset"
    },
    "execution": {
        "init_qubits": "Unset",
        "rep_delay": "Unset",
        "meas_type": "Unset"
    },
    "twirling": {
        "enable_gates": false,
        "enable_measure": false,
        "num_randomizations": "Unset",
        "shots_per_randomization": "Unset",
        "strategy": "Unset"
    },
    "experimental": "Unset"
}
[2026-01-09 09:42:54,765][INFO] Running for Krylov dimension 1
[2026-01-09 09:43:03,846][INFO] Job ID: d5gcr8fea9qs7390q72g - QPU usage: 2.0
[2026-01-09 09:43:04,020][INFO] {
    "D": 1,
    "t": 1.0,
    "circuit_time": "0:00:07.182395",
    "num_samples": 87,
    "shot_processing": {
        "raw_unique": 205,
        "raw_shots": 500,
        "postselect_rejected_shots": 367,
        "trim_rejected_shots": 0,
        "kept_unique": 87,
        "kept_shots": 133
    },
    "H_reduced_size": [
        87,
        87
    ],
    "reduction": 66.015625,
    "H_reduced_e": 1.0897255953022296,
    "eigenvalue_time": "0:00:00.000606",
    "diff": 0.1980932151676581,
    "change_from_prev": null
}
[2026-01-09 09:43:04,020][INFO] Running for Krylov dimension 2
[2026-01-09 09:43:11,967][INFO] Job ID: d5gcracpe0pc73akvghg - QPU usage: 4.0
[2026-01-09 09:43:12,196][INFO] {
    "D": 2,
    "t": 2.0,
    "circuit_time": "0:00:06.684869",
    "num_samples": 111,
    "shot_processing": {
        "raw_unique": 191,
        "raw_shots": 500,
        "postselect_rejected_shots": 358,
        "trim_rejected_shots": 0,
        "kept_unique": 78,
        "kept_shots": 142
    },
    "H_reduced_size": [
        111,
        111
    ],
    "reduction": 56.640625,
    "H_reduced_e": 1.0896962514170678,
    "eigenvalue_time": "0:00:00.000789",
    "diff": 0.19806387128249636,
    "change_from_prev": 2.9343885161736694e-05
}
[2026-01-09 09:43:12,196][INFO] Running for Krylov dimension 3
[2026-01-09 09:43:19,767][INFO] Job ID: d5gcrccpe0pc73akvgl0 - QPU usage: 6.0
[2026-01-09 09:43:20,025][INFO] {
    "D": 3,
    "t": 3.0,
    "circuit_time": "0:00:06.336930",
    "num_samples": 123,
    "shot_processing": {
        "raw_unique": 214,
        "raw_shots": 500,
        "postselect_rejected_shots": 288,
        "trim_rejected_shots": 0,
        "kept_unique": 102,
        "kept_shots": 212
    },
    "H_reduced_size": [
        123,
        123
    ],
    "reduction": 51.953125,
    "H_reduced_e": 0.9739506012989602,
    "eigenvalue_time": "0:00:00.001162",
    "diff": 0.0823182211643887,
    "change_from_prev": 0.11574565011810767
}
[2026-01-09 09:43:20,025][INFO] Running for Krylov dimension 4
[2026-01-09 09:43:27,762][INFO] Job ID: d5gcrefea9qs7390q7ag - QPU usage: 8.0
[2026-01-09 09:43:28,028][INFO] {
    "D": 4,
    "t": 4.0,
    "circuit_time": "0:00:06.488104",
    "num_samples": 125,
    "shot_processing": {
        "raw_unique": 156,
        "raw_shots": 500,
        "postselect_rejected_shots": 469,
        "trim_rejected_shots": 0,
        "kept_unique": 29,
        "kept_shots": 31
    },
    "H_reduced_size": [
        125,
        125
    ],
    "reduction": 51.171875,
    "H_reduced_e": 0.9340770251025822,
    "eigenvalue_time": "0:00:00.001028",
    "diff": 0.0424446449680107,
    "change_from_prev": 0.03987357619637799
}
[2026-01-09 09:43:28,029][INFO] Running for Krylov dimension 5
[2026-01-09 09:43:35,607][INFO] Job ID: d5gcrgcpe0pc73akvgp0 - QPU usage: 10.0
[2026-01-09 09:43:35,871][INFO] {
    "D": 5,
    "t": 5.0,
    "circuit_time": "0:00:06.249419",
    "num_samples": 126,
    "shot_processing": {
        "raw_unique": 216,
        "raw_shots": 500,
        "postselect_rejected_shots": 291,
        "trim_rejected_shots": 0,
        "kept_unique": 98,
        "kept_shots": 209
    },
    "H_reduced_size": [
        126,
        126
    ],
    "reduction": 50.78125,
    "H_reduced_e": 0.8916322371964518,
    "eigenvalue_time": "0:00:00.001236",
    "diff": 1.4293811967380776e-07,
    "change_from_prev": 0.04244478790613038
}
[2026-01-09 09:43:35,872][INFO] Running for Krylov dimension 6
[2026-01-09 09:43:43,795][INFO] Job ID: d5gcrifea9qs7390q7e0 - QPU usage: 12.0
[2026-01-09 09:43:44,066][INFO] {
    "D": 6,
    "t": 6.0,
    "circuit_time": "0:00:06.650239",
    "num_samples": 127,
    "shot_processing": {
        "raw_unique": 207,
        "raw_shots": 500,
        "postselect_rejected_shots": 336,
        "trim_rejected_shots": 0,
        "kept_unique": 91,
        "kept_shots": 164
    },
    "H_reduced_size": [
        127,
        127
    ],
    "reduction": 50.390625,
    "H_reduced_e": 0.8916322371649129,
    "eigenvalue_time": "0:00:00.001043",
    "diff": 1.429696585564244e-07,
    "change_from_prev": 3.153888261664406e-11
}
[2026-01-09 09:43:44,066][INFO] Converged
[2026-01-09 09:43:44,068][INFO] Done
