[2025-10-03 10:52:52,610][INFO] Running VQE using SV-Estimator backend
[2025-10-03 10:52:52,610][INFO] Running VQE using CQAVQE_DW2_exact ansatz with 1 params
[2025-10-03 10:52:52,629][INFO] Starting VQE run 1 (seed=77393290)
[2025-10-03 10:52:52,636][INFO] Iteration 1: Energy = 2.07609397
[2025-10-03 10:52:52,637][INFO] Iteration 2: Energy = 2.25275296
[2025-10-03 10:52:52,638][INFO] Iteration 3: Energy = 1.89992363
[2025-10-03 10:52:52,640][INFO] Iteration 4: Energy = 1.72600218
[2025-10-03 10:52:52,641][INFO] Iteration 5: Energy = 1.48724774
[2025-10-03 10:52:52,643][INFO] Iteration 6: Energy = 1.17241056
[2025-10-03 10:52:52,645][INFO] Iteration 7: Energy = 0.79465855
[2025-10-03 10:52:52,646][INFO] Iteration 8: Energy = 0.44634198
[2025-10-03 10:52:52,648][INFO] Iteration 9: Energy = 0.37012224
[2025-10-03 10:52:52,649][INFO] Iteration 10: Energy = 0.35725821
[2025-10-03 10:52:52,651][INFO] Iteration 11: Energy = 0.36514796
[2025-10-03 10:52:52,653][INFO] Iteration 12: Energy = 0.35723305
[2025-10-03 10:52:52,654][INFO] Iteration 13: Energy = 0.35732122
[2025-10-03 10:52:52,656][INFO] Iteration 14: Energy = 0.35723391
[2025-10-03 10:52:52,658][INFO] Iteration 15: Energy = 0.35723395
[2025-10-03 10:52:52,660][INFO] Iteration 16: Energy = 0.35723305
[2025-10-03 10:52:52,661][INFO] Iteration 17: Energy = 0.35723306
[2025-10-03 10:52:52,663][INFO] Iteration 18: Energy = 0.35723305
[2025-10-03 10:52:52,665][INFO] Iteration 19: Energy = 0.35723305
[2025-10-03 10:52:52,667][INFO] Iteration 20: Energy = 0.35723305
[2025-10-03 10:52:52,668][INFO] Iteration 21: Energy = 0.35723305
[2025-10-03 10:52:52,670][INFO] Iteration 22: Energy = 0.35723305
[2025-10-03 10:52:52,671][INFO] Iteration 23: Energy = 0.35723305
[2025-10-03 10:52:52,673][INFO] Iteration 24: Energy = 0.35723305
[2025-10-03 10:52:52,674][INFO] Iteration 25: Energy = 0.35723305
[2025-10-03 10:52:52,676][INFO] Iteration 26: Energy = 0.35723305
[2025-10-03 10:52:52,677][INFO] Iteration 27: Energy = 0.35723305
[2025-10-03 10:52:52,679][INFO] Iteration 28: Energy = 0.35723305
[2025-10-03 10:52:52,680][INFO] Iteration 29: Energy = 0.35723305
[2025-10-03 10:52:52,682][INFO] Iteration 30: Energy = 0.35723305
[2025-10-03 10:52:52,683][INFO] Iteration 31: Energy = 0.35723305
[2025-10-03 10:52:52,685][INFO] Iteration 32: Energy = 0.35723305
[2025-10-03 10:52:52,686][INFO] Iteration 33: Energy = 0.35723305
[2025-10-03 10:52:52,686][INFO] Completed VQE run 1: Energy = 0.357233
[2025-10-03 10:52:52,686][INFO] {'seed': 77393290, 'energy': np.float64(0.357233047033631), 'params': [4.712388981383798], 'success': np.True_, 'num_iters': 33, 'run_time': datetime.timedelta(microseconds=76818), 'message': 'The lower bound for the trust-region radius has been reached'}
