[2025-08-05 12:11:16,359][INFO] Starting VQE run 66 (seed=22973523)
[2025-08-05 12:11:16,791][INFO] Adding RY(0.0, wires=[4]) increased overlap from 0.0 to 0.9486193660411332
[2025-08-05 12:11:17,491][INFO] Adding RY(0.0, wires=[3]) had small change in overlap from 0.9486193660411332 to 0.9477579148106966
[2025-08-05 12:11:19,004][INFO] Adding RY(0.0, wires=[5]) increased overlap from 0.9477579148106966 to 0.995087459718218
[2025-08-05 12:11:20,378][INFO] Adding CRY(0.0, wires=[5, 4])) increased overlap from 0.995087459718218 to 0.9962508585371898
[2025-08-05 12:11:21,883][INFO] Adding CRY(0.0, wires=[0, 3])) increased overlap from 0.9962508585371898 to 0.9986739070248385
[2025-08-05 12:11:25,981][INFO] Adding CRY(0.0, wires=[5, 3])) increased overlap from 0.9986739070248385 to 0.999348190938
[2025-08-05 12:11:30,232][INFO] Adding RY(0.0, wires=[2]) had small change in overlap from 0.999348190938 to 0.9986052335382486
[2025-08-05 12:11:37,894][INFO] Adding CRY(0.0, wires=[0, 2])) had small change in overlap from 0.9986052335382486 to 0.9938633738477667
[2025-08-05 12:11:49,640][INFO] Adding CRY(0.0, wires=[0, 4])) increased overlap from 0.9938633738477667 to 0.9950873891077834
[2025-08-05 12:11:58,806][INFO] Adding CRY(0.0, wires=[4, 5])) increased overlap from 0.9950873891077834 to 0.9986878699374222
[2025-08-05 12:12:13,450][INFO] Adding CRY(0.0, wires=[4, 3])) increased overlap from 0.9986878699374222 to 0.9986946608800223
[2025-08-05 12:12:36,306][INFO] Adding CRY(0.0, wires=[5, 2])) had small change in overlap from 0.9986946608800223 to 0.9986879236823129
[2025-08-05 12:13:01,380][INFO] Adding CRY(0.0, wires=[3, 5])) had small change in overlap from 0.9986879236823129 to 0.9961809520276811
[2025-08-05 12:13:29,513][INFO] Adding RY(0.0, wires=[3]) increased overlap from 0.9961809520276811 to 0.9995848094283224
[2025-08-05 12:13:58,161][INFO] Adding RY(0.0, wires=[1]) increased overlap from 0.9995848094283224 to 0.9999711197436345
[2025-08-05 12:14:46,598][INFO] Adding RY(0.0, wires=[4]) increased overlap from 0.9999711197436345 to 0.9999757030532105
[2025-08-05 12:15:19,584][INFO] Adding CRY(0.0, wires=[4, 2])) had small change in overlap from 0.9999757030532105 to 0.9999754185123553
[2025-08-05 12:16:02,174][INFO] Adding CRY(0.0, wires=[3, 2])) had small change in overlap from 0.9999754185123553 to 0.9962596609559587
[2025-08-05 12:16:51,121][INFO] Adding RY(0.0, wires=[3]) increased overlap from 0.9962596609559587 to 0.9994983739772867
[2025-08-05 12:17:20,886][INFO] Adding CRY(0.0, wires=[0, 1])) decreased overlap from 0.9994983739772867 to 0.9486193660281825.. skipping this gate
[2025-08-05 12:17:20,886][INFO] gradient converged
[2025-08-05 12:17:20,887][INFO] Completed VQE run 19
[2025-08-05 12:17:20,887][INFO] Final ops list: [{'name': 'RY', 'param': 6.238371280240344, 'wires': [4]}, {'name': 'RY', 'param': 0.7431003969364917, 'wires': [3]}, {'name': 'RY', 'param': 0.46428197561065665, 'wires': [5]}, {'name': 'CRY', 'param': 6.045104773645352, 'wires': [5, 4]}, {'name': 'CRY', 'param': 0.7442358617009496, 'wires': [0, 3]}, {'name': 'CRY', 'param': 0.1874835524617642, 'wires': [5, 3]}, {'name': 'RY', 'param': 0.0037869611444057093, 'wires': [2]}, {'name': 'CRY', 'param': 0.0010855312097999344, 'wires': [0, 2]}, {'name': 'CRY', 'param': 6.248524820130839, 'wires': [0, 4]}, {'name': 'CRY', 'param': 0.0, 'wires': [4, 5]}, {'name': 'CRY', 'param': 0.0, 'wires': [4, 3]}, {'name': 'CRY', 'param': 0.004542656791983592, 'wires': [5, 2]}, {'name': 'CRY', 'param': 0.06752641763157273, 'wires': [3, 5]}, {'name': 'RY', 'param': 5.512676495105437, 'wires': [3]}, {'name': 'RY', 'param': 6.283185307179586, 'wires': [1]}, {'name': 'RY', 'param': 0.12517341656009867, 'wires': [4]}, {'name': 'CRY', 'param': 0.003580515875376939, 'wires': [4, 2]}, {'name': 'CRY', 'param': 6.283185307179586, 'wires': [3, 2]}, {'name': 'RY', 'param': 0.6832622229734849, 'wires': [3]}]
[2025-08-05 12:17:20,887][INFO] Energy: 0.008395646826891583
