[2025-08-05 12:11:16,321][INFO] Starting VQE run 43 (seed=42321178)
[2025-08-05 12:11:16,726][INFO] Adding RY(0.0, wires=[4]) increased overlap from 0.0 to 0.9486193732444174
[2025-08-05 12:11:17,252][INFO] Adding RY(0.0, wires=[3]) had small change in overlap from 0.9486193732444174 to 0.947757914811299
[2025-08-05 12:11:18,675][INFO] Adding RY(0.0, wires=[5]) increased overlap from 0.947757914811299 to 0.9950874874842375
[2025-08-05 12:11:20,710][INFO] Adding CRY(0.0, wires=[5, 4])) increased overlap from 0.9950874874842375 to 0.9986738927884315
[2025-08-05 12:11:22,514][INFO] Adding CRY(0.0, wires=[5, 3])) increased overlap from 0.9986738927884315 to 0.9993482140779996
[2025-08-05 12:11:24,709][INFO] Adding RY(0.0, wires=[2]) increased overlap from 0.9993482140779996 to 0.9994753673404482
[2025-08-05 12:11:29,601][INFO] Adding CRY(0.0, wires=[4, 3])) had small change in overlap from 0.9994753673404482 to 0.9982822431204861
[2025-08-05 12:11:38,911][INFO] Adding CRY(0.0, wires=[0, 4])) increased overlap from 0.9982822431204861 to 0.999822994311385
[2025-08-05 12:11:49,900][INFO] Adding CRY(0.0, wires=[5, 2])) increased overlap from 0.999822994311385 to 0.9999597097181505
[2025-08-05 12:12:09,376][INFO] Adding CRY(0.0, wires=[0, 2])) had small change in overlap from 0.9999597097181505 to 0.9987422268710237
[2025-08-05 12:12:29,901][INFO] Adding CRY(0.0, wires=[0, 3])) had small change in overlap from 0.9987422268710237 to 0.9987380072261064
[2025-08-05 12:12:54,171][INFO] Adding RY(0.0, wires=[3]) increased overlap from 0.9987380072261064 to 0.998928653436262
[2025-08-05 12:13:18,104][INFO] Adding RY(0.0, wires=[1]) increased overlap from 0.998928653436262 to 0.9994807422097135
[2025-08-05 12:13:40,682][INFO] Adding CRY(0.0, wires=[3, 4])) increased overlap from 0.9994807422097135 to 0.9999756660787731
[2025-08-05 12:14:06,146][INFO] Adding CRY(0.0, wires=[0, 1])) decreased overlap from 0.9999756660787731 to 0.9477217086034929.. skipping this gate
[2025-08-05 12:14:06,146][INFO] gradient converged
[2025-08-05 12:14:06,146][INFO] Completed VQE run 14
[2025-08-05 12:14:06,146][INFO] Final ops list: [{'name': 'RY', 'param': 2.1159511670462847, 'wires': [4]}, {'name': 'RY', 'param': 0.9320757870714834, 'wires': [3]}, {'name': 'RY', 'param': 0.4373367441135204, 'wires': [5]}, {'name': 'CRY', 'param': 0.3072647902025721, 'wires': [5, 4]}, {'name': 'CRY', 'param': 6.15138076229487, 'wires': [5, 3]}, {'name': 'RY', 'param': 1.4106177247719074, 'wires': [2]}, {'name': 'CRY', 'param': 6.276576407157411, 'wires': [4, 3]}, {'name': 'CRY', 'param': 2.1567022496455572, 'wires': [0, 4]}, {'name': 'CRY', 'param': 0.0, 'wires': [5, 2]}, {'name': 'CRY', 'param': 4.869169738188451, 'wires': [0, 2]}, {'name': 'CRY', 'param': 2.0964698352864763, 'wires': [0, 3]}, {'name': 'RY', 'param': 3.192445020263844, 'wires': [3]}, {'name': 'RY', 'param': 6.283185307179586, 'wires': [1]}, {'name': 'CRY', 'param': 0.7531234890568443, 'wires': [3, 4]}]
[2025-08-05 12:14:06,146][INFO] Energy: 0.0005819946281779844
