[2025-08-05 12:11:16,290][INFO] Starting VQE run 21 (seed=87666063)
[2025-08-05 12:11:16,669][INFO] Adding RY(0.0, wires=[4]) increased overlap from 0.0 to 0.9486193698321846
[2025-08-05 12:11:17,219][INFO] Adding RY(0.0, wires=[3]) had small change in overlap from 0.9486193698321846 to 0.9477579105150015
[2025-08-05 12:11:17,939][INFO] Adding RY(0.0, wires=[5]) increased overlap from 0.9477579105150015 to 0.9950874937571713
[2025-08-05 12:11:19,532][INFO] Adding CRY(0.0, wires=[5, 4])) increased overlap from 0.9950874937571713 to 0.9986738973312121
[2025-08-05 12:11:22,997][INFO] Adding CRY(0.0, wires=[5, 3])) had small change in overlap from 0.9986738973312121 to 0.9954513659695382
[2025-08-05 12:11:28,834][INFO] Adding CRY(0.0, wires=[0, 3])) increased overlap from 0.9954513659695382 to 0.9986052293423296
[2025-08-05 12:11:33,433][INFO] Adding RY(0.0, wires=[2]) had small change in overlap from 0.9986052293423296 to 0.9982593617081048
[2025-08-05 12:11:41,129][INFO] Adding CRY(0.0, wires=[0, 2])) increased overlap from 0.9982593617081048 to 0.9994753618070954
[2025-08-05 12:11:58,542][INFO] Adding CRY(0.0, wires=[4, 3])) had small change in overlap from 0.9994753618070954 to 0.9987394664367694
[2025-08-05 12:12:08,994][INFO] Adding CRY(0.0, wires=[0, 4])) increased overlap from 0.9987394664367694 to 0.9999756780766829
[2025-08-05 12:12:21,791][INFO] Adding RY(0.0, wires=[1]) increased overlap from 0.9999756780766829 to 0.9999759222824267
[2025-08-05 12:12:33,299][INFO] Adding CRY(0.0, wires=[4, 2])) had small change in overlap from 0.9999759222824267 to 0.9951194064161282
[2025-08-05 12:12:53,553][INFO] Adding CRY(0.0, wires=[4, 5])) increased overlap from 0.9951194064161282 to 0.9995285558903024
[2025-08-05 12:13:23,408][INFO] Adding CRY(0.0, wires=[5, 2])) had small change in overlap from 0.9995285558903024 to 0.9989267008106563
[2025-08-05 12:13:54,449][INFO] Adding CRY(0.0, wires=[3, 5])) increased overlap from 0.9989267008106563 to 0.9999753846054509
[2025-08-05 12:14:22,046][INFO] Adding CRY(0.0, wires=[0, 1])) decreased overlap from 0.9999753846054509 to 0.9438201185862573.. skipping this gate
[2025-08-05 12:14:22,046][INFO] gradient converged
[2025-08-05 12:14:22,046][INFO] Completed VQE run 15
[2025-08-05 12:14:22,046][INFO] Final ops list: [{'name': 'RY', 'param': 0.5230547405577307, 'wires': [4]}, {'name': 'RY', 'param': 4.7866207320469485, 'wires': [3]}, {'name': 'RY', 'param': 0.43449405290245985, 'wires': [5]}, {'name': 'CRY', 'param': 0.2811364795052146, 'wires': [5, 4]}, {'name': 'CRY', 'param': 0.00731069152213126, 'wires': [5, 3]}, {'name': 'CRY', 'param': 1.577862783125647, 'wires': [0, 3]}, {'name': 'RY', 'param': 2.7852960899713852, 'wires': [2]}, {'name': 'CRY', 'param': 3.494421485424351, 'wires': [0, 2]}, {'name': 'CRY', 'param': 6.190670595380717, 'wires': [4, 3]}, {'name': 'CRY', 'param': 0.5737608689292018, 'wires': [0, 4]}, {'name': 'RY', 'param': 5.558595484049756e-06, 'wires': [1]}, {'name': 'CRY', 'param': 6.283185307179586, 'wires': [4, 2]}, {'name': 'CRY', 'param': 5.93729215273558, 'wires': [4, 5]}, {'name': 'CRY', 'param': 6.283075229915937, 'wires': [5, 2]}, {'name': 'CRY', 'param': 5.536366773991994, 'wires': [3, 5]}]
[2025-08-05 12:14:22,046][INFO] Energy: 0.0005814990139778178
