[2025-10-27 11:08:33,403][INFO] Hamiltonian: SparsePauliOp(['IIII', 'IIIX', 'IIXI', 'IIXX', 'IIXZ', 'IIYY', 'IIZI', 'IIZX', 'IIZZ', 'IXII', 'IXIX', 'IXIZ', 'IXXI', 'IXXX', 'IXXZ', 'IXYY', 'IXZI', 'IXZX', 'IXZZ', 'IYIY', 'IYXY', 'IYYI', 'IYYX', 'IYYZ', 'IYZY', 'IZII', 'IZIX', 'IZIZ', 'IZXI', 'IZXX', 'IZXZ', 'IZYY', 'IZZI', 'IZZX', 'IZZZ', 'ZIII', 'ZIIX', 'ZIXX', 'ZIYY', 'ZIZX', 'ZXXX', 'ZXYY', 'ZYXY', 'ZYYX', 'ZZIX', 'ZZXX', 'ZZYY', 'ZZZX'],
              coeffs=[ 18.875     +0.j,   8.99368975+0.j,  10.41934851+0.j,   6.82750222+0.j,
  -0.63497347+0.j,   3.83275182-0.j,  -2.25      +0.j,  -1.38996625+0.j,
  -3.25      +0.j,   1.99405782+0.j,   1.40125854+0.j,  -0.50201747+0.j,
   5.02315063+0.j,   3.15952693+0.j,  -1.12603631+0.j,  -1.79022054+0.j,
  -1.0032184 +0.j,  -0.53523313+0.j,   0.1235505 +0.j,   1.40125854-0.j,
   1.79022054-0.j,   5.02315063-0.j,   3.15952693-0.j,  -1.12603631+0.j,
  -0.53523313+0.j, -10.25      +0.j,  -4.74175788+0.j,  -2.5       +0.j,
  -7.39216151+0.j,  -4.39448951+0.j,  -0.62444657+0.j,  -2.26576452+0.j,
  -2.75      +0.j,  -1.09419867+0.j,   4.        +0.j,   0.5       +0.j,
   1.34595479+0.j,   0.6830127 +0.j,   0.6830127 -0.j,  -0.20183199+0.j,
   0.35355339+0.j,  -0.35355339+0.j,   0.35355339-0.j,   0.35355339-0.j,
  -0.38002897+0.j,  -0.1830127 +0.j,  -0.1830127 +0.j,  -0.05698706+0.j])
[2025-10-27 11:08:33,403][INFO] {
    "backend": "Aer",
    "use_noise_model": 1,
    "Potential": "DW",
    "cutoff": 8,
    "num_qubits": 4,
    "num_params": 7,
    "shots": 4096,
    "lam": 15,
    "p": 2,
    "eps": 0,
    "num_vqe_runs": 1,
    "max_iter": 500,
    "initial_tr_radius": 0.1,
    "final_tr_radius": 1e-08,
    "ansatz_name": "CQAVQE_DW8_exact",
    "path": "C:\\Users\\Johnk\\Documents\\PhD\\Quantum Computing Code\\Quantum-Computing\\SUSY\\SUSY QM\\Qiskit\\NQCC Access\\RealDevice\\Aer\\Files\\4096\\DW\\2025-10-27_11-08-30",
    "tags": [
        "NQCC-Q3",
        "CQAVQE_DW8_exact",
        "shots:4096"
    ],
    "seed": 74655684
}
[2025-10-27 11:08:33,403][INFO] Starting VQE run 1 (seed=74655684)
[2025-10-27 11:08:33,404][INFO] Session ID: None
[2025-10-27 11:08:33,889][INFO] {
    "default_precision": 0.0,
    "backend_options": {
        "method": "automatic",
        "noise_model": "NoiseModel:\n  Basis gates: ['delay', 'ecr', 'id', 'if_else', 'measure', 'reset', 'rz', 'sx', 'x']\n  Instructions with noise: ['id', 'sx', 'x', 'reset', 'measure', 'ecr']\n  Qubits with noise: [0, 1, 2, 3, 4, 5, 6, 7, 8, 9, 10, 11, 12, 13, 14, 15, 16, 17, 18, 19, 20, 21, 22, 23, 24, 25, 26, 27, 28, 29, 30, 31, 32, 33, 34, 35, 36, 37, 38, 39, 40, 41, 42, 43, 44, 45, 46, 47, 48, 49, 50, 51, 52, 53, 54, 55, 56, 57, 58, 59, 60, 61, 62, 63, 64, 65, 66, 67, 68, 69, 70, 71, 72, 73, 74, 75, 76, 77, 78, 79, 80, 81, 82, 83, 84, 85, 86, 87, 88, 89, 90, 91, 92, 93, 94, 95, 96, 97, 98, 99, 100, 101, 102, 103, 104, 105, 106, 107, 108, 109, 110, 111, 112, 113, 114, 115, 116, 117, 118, 119, 120, 121, 122, 123, 124, 125, 126]\n  Specific qubit errors: [('id', (0,)), ('id', (1,)), ('id', (2,)), ('id', (3,)), ('id', (4,)), ('id', (5,)), ('id', (6,)), ('id', (7,)), ('id', (8,)), ('id', (9,)), ('id', (10,)), ('id', (11,)), ('id', (12,)), ('id', (13,)), ('id', (14,)), ('id', (15,)), ('id', (16,)), ('id', (17,)), ('id', (18,)), ('id', (19,)), ('id', (20,)), ('id', (21,)), ('id', (22,)), ('id', (23,)), ('id', (24,)), ('id', (25,)), ('id', (26,)), ('id', (27,)), ('id', (28,)), ('id', (29,)), ('id', (30,)), ('id', (31,)), ('id', (32,)), ('id', (33,)), ('id', (34,)), ('id', (35,)), ('id', (36,)), ('id', (37,)), ('id', (38,)), ('id', (39,)), ('id', (40,)), ('id', (41,)), ('id', (42,)), ('id', (43,)), ('id', (44,)), ('id', (45,)), ('id', (46,)), ('id', (47,)), ('id', (48,)), ('id', (49,)), ('id', (50,)), ('id', (51,)), ('id', (52,)), ('id', (53,)), ('id', (54,)), ('id', (55,)), ('id', (56,)), ('id', (57,)), ('id', (58,)), ('id', (59,)), ('id', (60,)), ('id', (61,)), ('id', (62,)), ('id', (63,)), ('id', (64,)), ('id', (65,)), ('id', (66,)), ('id', (67,)), ('id', (68,)), ('id', (69,)), ('id', (70,)), ('id', (71,)), ('id', (72,)), ('id', (73,)), ('id', (74,)), ('id', (75,)), ('id', (76,)), ('id', (77,)), ('id', (78,)), ('id', (79,)), ('id', (80,)), ('id', (81,)), ('id', (82,)), ('id', (83,)), ('id', (84,)), ('id', (85,)), ('id', (86,)), ('id', (87,)), ('id', (88,)), ('id', (89,)), ('id', (90,)), ('id', (91,)), ('id', (92,)), ('id', (93,)), ('id', (94,)), ('id', (95,)), ('id', (96,)), ('id', (97,)), ('id', (98,)), ('id', (99,)), ('id', (100,)), ('id', (101,)), ('id', (102,)), ('id', (103,)), ('id', (104,)), ('id', (105,)), ('id', (106,)), ('id', (107,)), ('id', (108,)), ('id', (109,)), ('id', (110,)), ('id', (111,)), ('id', (112,)), ('id', (113,)), ('id', (114,)), ('id', (115,)), ('id', (116,)), ('id', (117,)), ('id', (118,)), ('id', (119,)), ('id', (120,)), ('id', (121,)), ('id', (122,)), ('id', (123,)), ('id', (124,)), ('id', (125,)), ('id', (126,)), ('sx', (0,)), ('sx', (1,)), ('sx', (2,)), ('sx', (3,)), ('sx', (4,)), ('sx', (5,)), ('sx', (6,)), ('sx', (7,)), ('sx', (8,)), ('sx', (9,)), ('sx', (10,)), ('sx', (11,)), ('sx', (12,)), ('sx', (13,)), ('sx', (14,)), ('sx', (15,)), ('sx', (16,)), ('sx', (17,)), ('sx', (18,)), ('sx', (19,)), ('sx', (20,)), ('sx', (21,)), ('sx', (22,)), ('sx', (23,)), ('sx', (24,)), ('sx', (25,)), ('sx', (26,)), ('sx', (27,)), ('sx', (28,)), ('sx', (29,)), ('sx', (30,)), ('sx', (31,)), ('sx', (32,)), ('sx', (33,)), ('sx', (34,)), ('sx', (35,)), ('sx', (36,)), ('sx', (37,)), ('sx', (38,)), ('sx', (39,)), ('sx', (40,)), ('sx', (41,)), ('sx', (42,)), ('sx', (43,)), ('sx', (44,)), ('sx', (45,)), ('sx', (46,)), ('sx', (47,)), ('sx', (48,)), ('sx', (49,)), ('sx', (50,)), ('sx', (51,)), ('sx', (52,)), ('sx', (53,)), ('sx', (54,)), ('sx', (55,)), ('sx', (56,)), ('sx', (57,)), ('sx', (58,)), ('sx', (59,)), ('sx', (60,)), ('sx', (61,)), ('sx', (62,)), ('sx', (63,)), ('sx', (64,)), ('sx', (65,)), ('sx', (66,)), ('sx', (67,)), ('sx', (68,)), ('sx', (69,)), ('sx', (70,)), ('sx', (71,)), ('sx', (72,)), ('sx', (73,)), ('sx', (74,)), ('sx', (75,)), ('sx', (76,)), ('sx', (77,)), ('sx', (78,)), ('sx', (79,)), ('sx', (80,)), ('sx', (81,)), ('sx', (82,)), ('sx', (83,)), ('sx', (84,)), ('sx', (85,)), ('sx', (86,)), ('sx', (87,)), ('sx', (88,)), ('sx', (89,)), ('sx', (90,)), ('sx', (91,)), ('sx', (92,)), ('sx', (93,)), ('sx', (94,)), ('sx', (95,)), ('sx', (96,)), ('sx', (97,)), ('sx', (98,)), ('sx', (99,)), ('sx', (100,)), ('sx', (101,)), ('sx', (102,)), ('sx', (103,)), ('sx', (104,)), ('sx', (105,)), ('sx', (106,)), ('sx', (107,)), ('sx', (108,)), ('sx', (109,)), ('sx', (110,)), ('sx', (111,)), ('sx', (112,)), ('sx', (113,)), ('sx', (114,)), ('sx', (115,)), ('sx', (116,)), ('sx', (117,)), ('sx', (118,)), ('sx', (119,)), ('sx', (120,)), ('sx', (121,)), ('sx', (122,)), ('sx', (123,)), ('sx', (124,)), ('sx', (125,)), ('sx', (126,)), ('x', (0,)), ('x', (1,)), ('x', (2,)), ('x', (3,)), ('x', (4,)), ('x', (5,)), ('x', (6,)), ('x', (7,)), ('x', (8,)), ('x', (9,)), ('x', (10,)), ('x', (11,)), ('x', (12,)), ('x', (13,)), ('x', (14,)), ('x', (15,)), ('x', (16,)), ('x', (17,)), ('x', (18,)), ('x', (19,)), ('x', (20,)), ('x', (21,)), ('x', (22,)), ('x', (23,)), ('x', (24,)), ('x', (25,)), ('x', (26,)), ('x', (27,)), ('x', (28,)), ('x', (29,)), ('x', (30,)), ('x', (31,)), ('x', (32,)), ('x', (33,)), ('x', (34,)), ('x', (35,)), ('x', (36,)), ('x', (37,)), ('x', (38,)), ('x', (39,)), ('x', (40,)), ('x', (41,)), ('x', (42,)), ('x', (43,)), ('x', (44,)), ('x', (45,)), ('x', (46,)), ('x', (47,)), ('x', (48,)), ('x', (49,)), ('x', (50,)), ('x', (51,)), ('x', (52,)), ('x', (53,)), ('x', (54,)), ('x', (55,)), ('x', (56,)), ('x', (57,)), ('x', (58,)), ('x', (59,)), ('x', (60,)), ('x', (61,)), ('x', (62,)), ('x', (63,)), ('x', (64,)), ('x', (65,)), ('x', (66,)), ('x', (67,)), ('x', (68,)), ('x', (69,)), ('x', (70,)), ('x', (71,)), ('x', (72,)), ('x', (73,)), ('x', (74,)), ('x', (75,)), ('x', (76,)), ('x', (77,)), ('x', (78,)), ('x', (79,)), ('x', (80,)), ('x', (81,)), ('x', (82,)), ('x', (83,)), ('x', (84,)), ('x', (85,)), ('x', (86,)), ('x', (87,)), ('x', (88,)), ('x', (89,)), ('x', (90,)), ('x', (91,)), ('x', (92,)), ('x', (93,)), ('x', (94,)), ('x', (95,)), ('x', (96,)), ('x', (97,)), ('x', (98,)), ('x', (99,)), ('x', (100,)), ('x', (101,)), ('x', (102,)), ('x', (103,)), ('x', (104,)), ('x', (105,)), ('x', (106,)), ('x', (107,)), ('x', (108,)), ('x', (109,)), ('x', (110,)), ('x', (111,)), ('x', (112,)), ('x', (113,)), ('x', (114,)), ('x', (115,)), ('x', (116,)), ('x', (117,)), ('x', (118,)), ('x', (119,)), ('x', (120,)), ('x', (121,)), ('x', (122,)), ('x', (123,)), ('x', (124,)), ('x', (125,)), ('x', (126,)), ('reset', (0,)), ('reset', (1,)), ('reset', (2,)), ('reset', (3,)), ('reset', (4,)), ('reset', (5,)), ('reset', (6,)), ('reset', (7,)), ('reset', (8,)), ('reset', (9,)), ('reset', (10,)), ('reset', (11,)), ('reset', (12,)), ('reset', (13,)), ('reset', (14,)), ('reset', (15,)), ('reset', (16,)), ('reset', (17,)), ('reset', (18,)), ('reset', (19,)), ('reset', (20,)), ('reset', (21,)), ('reset', (22,)), ('reset', (23,)), ('reset', (24,)), ('reset', (25,)), ('reset', (26,)), ('reset', (27,)), ('reset', (28,)), ('reset', (29,)), ('reset', (30,)), ('reset', (31,)), ('reset', (32,)), ('reset', (33,)), ('reset', (34,)), ('reset', (35,)), ('reset', (36,)), ('reset', (37,)), ('reset', (38,)), ('reset', (39,)), ('reset', (40,)), ('reset', (41,)), ('reset', (42,)), ('reset', (43,)), ('reset', (44,)), ('reset', (45,)), ('reset', (46,)), ('reset', (47,)), ('reset', (48,)), ('reset', (49,)), ('reset', (50,)), ('reset', (51,)), ('reset', (52,)), ('reset', (53,)), ('reset', (54,)), ('reset', (55,)), ('reset', (56,)), ('reset', (57,)), ('reset', (58,)), ('reset', (59,)), ('reset', (60,)), ('reset', (61,)), ('reset', (62,)), ('reset', (63,)), ('reset', (64,)), ('reset', (65,)), ('reset', (66,)), ('reset', (67,)), ('reset', (68,)), ('reset', (69,)), ('reset', (70,)), ('reset', (71,)), ('reset', (72,)), ('reset', (73,)), ('reset', (74,)), ('reset', (75,)), ('reset', (76,)), ('reset', (77,)), ('reset', (78,)), ('reset', (79,)), ('reset', (80,)), ('reset', (81,)), ('reset', (82,)), ('reset', (83,)), ('reset', (84,)), ('reset', (85,)), ('reset', (86,)), ('reset', (87,)), ('reset', (88,)), ('reset', (89,)), ('reset', (90,)), ('reset', (91,)), ('reset', (92,)), ('reset', (93,)), ('reset', (94,)), ('reset', (95,)), ('reset', (96,)), ('reset', (97,)), ('reset', (98,)), ('reset', (99,)), ('reset', (100,)), ('reset', (101,)), ('reset', (102,)), ('reset', (103,)), ('reset', (104,)), ('reset', (105,)), ('reset', (106,)), ('reset', (107,)), ('reset', (108,)), ('reset', (109,)), ('reset', (110,)), ('reset', (111,)), ('reset', (112,)), ('reset', (113,)), ('reset', (114,)), ('reset', (115,)), ('reset', (116,)), ('reset', (117,)), ('reset', (118,)), ('reset', (119,)), ('reset', (120,)), ('reset', (121,)), ('reset', (122,)), ('reset', (123,)), ('reset', (124,)), ('reset', (125,)), ('reset', (126,)), ('ecr', (0, 14)), ('ecr', (1, 0)), ('ecr', (2, 1)), ('ecr', (2, 3)), ('ecr', (3, 4)), ('ecr', (4, 5)), ('ecr', (6, 5)), ('ecr', (6, 7)), ('ecr', (7, 8)), ('ecr', (8, 16)), ('ecr', (9, 8)), ('ecr', (9, 10)), ('ecr', (11, 10)), ('ecr', (12, 11)), ('ecr', (12, 13)), ('ecr', (12, 17)), ('ecr', (14, 18)), ('ecr', (15, 4)), ('ecr', (15, 22)), ('ecr', (18, 19)), ('ecr', (19, 20)), ('ecr', (20, 21)), ('ecr', (21, 22)), ('ecr', (23, 22)), ('ecr', (23, 24)), ('ecr', (25, 24)), ('ecr', (25, 26)), ('ecr', (26, 16)), ('ecr', (26, 27)), ('ecr', (28, 27)), ('ecr', (28, 35)), ('ecr', (29, 28)), ('ecr', (29, 30)), ('ecr', (30, 17)), ('ecr', (30, 31)), ('ecr', (31, 32)), ('ecr', (33, 20)), ('ecr', (34, 24)), ('ecr', (34, 43)), ('ecr', (36, 32)), ('ecr', (36, 51)), ('ecr', (37, 52)), ('ecr', (38, 37)), ('ecr', (38, 39)), ('ecr', (39, 33)), ('ecr', (39, 40)), ('ecr', (40, 41)), ('ecr', (42, 41)), ('ecr', (42, 43)), ('ecr', (44, 43)), ('ecr', (45, 44)), ('ecr', (46, 45)), ('ecr', (47, 35)), ('ecr', (47, 46)), ('ecr', (48, 47)), ('ecr', (48, 49)), ('ecr', (49, 50)), ('ecr', (49, 55)), ('ecr', (51, 50)), ('ecr', (53, 41)), ('ecr', (53, 60)), ('ecr', (54, 45)), ('ecr', (55, 68)), ('ecr', (56, 52)), ('ecr', (56, 57)), ('ecr', (57, 58)), ('ecr', (59, 58)), ('ecr', (59, 60)), ('ecr', (60, 61)), ('ecr', (61, 62)), ('ecr', (63, 62)), ('ecr', (63, 64)), ('ecr', (64, 54)), ('ecr', (65, 64)), ('ecr', (66, 65)), ('ecr', (66, 67)), ('ecr', (66, 73)), ('ecr', (67, 68)), ('ecr', (69, 68)), ('ecr', (69, 70)), ('ecr', (71, 58)), ('ecr', (72, 62)), ('ecr', (72, 81)), ('ecr', (73, 85)), ('ecr', (74, 70)), ('ecr', (74, 89)), ('ecr', (76, 75)), ('ecr', (77, 71)), ('ecr', (77, 76)), ('ecr', (78, 77)), ('ecr', (79, 78)), ('ecr', (79, 91)), ('ecr', (80, 79)), ('ecr', (81, 80)), ('ecr', (82, 81)), ('ecr', (82, 83)), ('ecr', (84, 83)), ('ecr', (84, 85)), ('ecr', (86, 85)), ('ecr', (86, 87)), ('ecr', (87, 93)), ('ecr', (88, 87)), ('ecr', (88, 89)), ('ecr', (90, 75)), ('ecr', (90, 94)), ('ecr', (91, 98)), ('ecr', (92, 83)), ('ecr', (92, 102)), ('ecr', (95, 94)), ('ecr', (95, 96)), ('ecr', (96, 97)), ('ecr', (96, 109)), ('ecr', (98, 97)), ('ecr', (99, 98)), ('ecr', (99, 100)), ('ecr', (101, 100)), ('ecr', (101, 102)), ('ecr', (102, 103)), ('ecr', (103, 104)), ('ecr', (104, 105)), ('ecr', (105, 106)), ('ecr', (106, 93)), ('ecr', (106, 107)), ('ecr', (107, 108)), ('ecr', (109, 114)), ('ecr', (110, 100)), ('ecr', (110, 118)), ('ecr', (111, 104)), ('ecr', (111, 122)), ('ecr', (112, 108)), ('ecr', (113, 114)), ('ecr', (115, 114)), ('ecr', (116, 115)), ('ecr', (116, 117)), ('ecr', (118, 117)), ('ecr', (118, 119)), ('ecr', (120, 119)), ('ecr', (120, 121)), ('ecr', (121, 122)), ('ecr', (123, 122)), ('ecr', (124, 123)), ('ecr', (124, 125)), ('ecr', (126, 112)), ('ecr', (126, 125)), ('measure', (0,)), ('measure', (1,)), ('measure', (2,)), ('measure', (3,)), ('measure', (4,)), ('measure', (5,)), ('measure', (6,)), ('measure', (7,)), ('measure', (8,)), ('measure', (9,)), ('measure', (10,)), ('measure', (11,)), ('measure', (12,)), ('measure', (13,)), ('measure', (14,)), ('measure', (15,)), ('measure', (16,)), ('measure', (17,)), ('measure', (18,)), ('measure', (19,)), ('measure', (20,)), ('measure', (21,)), ('measure', (22,)), ('measure', (23,)), ('measure', (24,)), ('measure', (25,)), ('measure', (26,)), ('measure', (27,)), ('measure', (28,)), ('measure', (29,)), ('measure', (30,)), ('measure', (31,)), ('measure', (32,)), ('measure', (33,)), ('measure', (34,)), ('measure', (35,)), ('measure', (36,)), ('measure', (37,)), ('measure', (38,)), ('measure', (39,)), ('measure', (40,)), ('measure', (41,)), ('measure', (42,)), ('measure', (43,)), ('measure', (44,)), ('measure', (45,)), ('measure', (46,)), ('measure', (47,)), ('measure', (48,)), ('measure', (49,)), ('measure', (50,)), ('measure', (51,)), ('measure', (52,)), ('measure', (53,)), ('measure', (54,)), ('measure', (55,)), ('measure', (56,)), ('measure', (57,)), ('measure', (58,)), ('measure', (59,)), ('measure', (60,)), ('measure', (61,)), ('measure', (62,)), ('measure', (63,)), ('measure', (64,)), ('measure', (65,)), ('measure', (66,)), ('measure', (67,)), ('measure', (68,)), ('measure', (69,)), ('measure', (70,)), ('measure', (71,)), ('measure', (72,)), ('measure', (73,)), ('measure', (74,)), ('measure', (75,)), ('measure', (76,)), ('measure', (77,)), ('measure', (78,)), ('measure', (79,)), ('measure', (80,)), ('measure', (81,)), ('measure', (82,)), ('measure', (83,)), ('measure', (84,)), ('measure', (85,)), ('measure', (86,)), ('measure', (87,)), ('measure', (88,)), ('measure', (89,)), ('measure', (90,)), ('measure', (91,)), ('measure', (92,)), ('measure', (93,)), ('measure', (94,)), ('measure', (95,)), ('measure', (96,)), ('measure', (97,)), ('measure', (98,)), ('measure', (99,)), ('measure', (100,)), ('measure', (101,)), ('measure', (102,)), ('measure', (103,)), ('measure', (104,)), ('measure', (105,)), ('measure', (106,)), ('measure', (107,)), ('measure', (108,)), ('measure', (109,)), ('measure', (110,)), ('measure', (111,)), ('measure', (112,)), ('measure', (113,)), ('measure', (114,)), ('measure', (115,)), ('measure', (116,)), ('measure', (117,)), ('measure', (118,)), ('measure', (119,)), ('measure', (120,)), ('measure', (121,)), ('measure', (122,)), ('measure', (123,)), ('measure', (124,)), ('measure', (125,)), ('measure', (126,))]",
        "seed_simulator": 74655684
    },
    "run_options": {
        "shots": 4096
    }
}
[2025-10-27 11:08:34,208][INFO] Iteration 1: Energy = 20.63695751
[2025-10-27 11:08:34,667][INFO] Iteration 2: Energy = 20.26664819
[2025-10-27 11:08:34,984][INFO] Iteration 3: Energy = 18.69885236
[2025-10-27 11:08:35,394][INFO] Iteration 4: Energy = 21.00517895
[2025-10-27 11:08:35,709][INFO] Iteration 5: Energy = 18.70632237
[2025-10-27 11:08:36,026][INFO] Iteration 6: Energy = 21.00162614
[2025-10-27 11:08:36,449][INFO] Iteration 7: Energy = 20.55898477
[2025-10-27 11:08:36,775][INFO] Iteration 8: Energy = 19.12365466
[2025-10-27 11:08:37,085][INFO] Iteration 9: Energy = 20.94904545
[2025-10-27 11:08:37,483][INFO] Iteration 10: Energy = 22.64627872
[2025-10-27 11:08:37,789][INFO] Iteration 11: Energy = 20.23963704
[2025-10-27 11:08:38,194][INFO] Iteration 12: Energy = 22.63761218
[2025-10-27 11:08:38,504][INFO] Iteration 13: Energy = 20.24245497
[2025-10-27 11:08:38,836][INFO] Iteration 14: Energy = 20.73822616
[2025-10-27 11:08:39,252][INFO] Iteration 15: Energy = 22.15663010
[2025-10-27 11:08:39,590][INFO] Iteration 16: Energy = 15.71580740
[2025-10-27 11:08:40,012][INFO] Iteration 17: Energy = 12.04763083
[2025-10-27 11:08:40,329][INFO] Iteration 18: Energy = 8.35501598
[2025-10-27 11:08:40,638][INFO] Iteration 19: Energy = 6.43419888
[2025-10-27 11:08:41,032][INFO] Iteration 20: Energy = 6.62333013
[2025-10-27 11:08:41,338][INFO] Iteration 21: Energy = 6.52712788
[2025-10-27 11:08:41,743][INFO] Iteration 22: Energy = 6.36928883
[2025-10-27 11:08:42,050][INFO] Iteration 23: Energy = 6.36743969
[2025-10-27 11:08:42,367][INFO] Iteration 24: Energy = 6.46122124
[2025-10-27 11:08:42,760][INFO] Iteration 25: Energy = 6.52051703
[2025-10-27 11:08:43,076][INFO] Iteration 26: Energy = 6.46160253
[2025-10-27 11:08:43,487][INFO] Iteration 27: Energy = 6.31935748
[2025-10-27 11:08:43,800][INFO] Iteration 28: Energy = 6.25431403
[2025-10-27 11:08:44,106][INFO] Iteration 29: Energy = 6.24832743
[2025-10-27 11:08:44,510][INFO] Iteration 30: Energy = 6.52211806
[2025-10-27 11:08:44,825][INFO] Iteration 31: Energy = 6.28397950
[2025-10-27 11:08:45,236][INFO] Iteration 32: Energy = 6.24149995
[2025-10-27 11:08:45,551][INFO] Iteration 33: Energy = 6.21928502
[2025-10-27 11:08:45,871][INFO] Iteration 34: Energy = 6.22293351
[2025-10-27 11:08:46,281][INFO] Iteration 35: Energy = 6.29881634
[2025-10-27 11:08:46,598][INFO] Iteration 36: Energy = 6.16003613
[2025-10-27 11:08:47,011][INFO] Iteration 37: Energy = 6.19646239
[2025-10-27 11:08:47,331][INFO] Iteration 38: Energy = 6.13203015
[2025-10-27 11:08:47,646][INFO] Iteration 39: Energy = 6.03351035
[2025-10-27 11:08:48,050][INFO] Iteration 40: Energy = 5.95353248
[2025-10-27 11:08:48,363][INFO] Iteration 41: Energy = 5.84779043
[2025-10-27 11:08:48,668][INFO] Iteration 42: Energy = 5.70517466
[2025-10-27 11:08:49,064][INFO] Iteration 43: Energy = 5.32392251
[2025-10-27 11:08:49,380][INFO] Iteration 44: Energy = 4.84723300
[2025-10-27 11:08:49,785][INFO] Iteration 45: Energy = 4.44490520
[2025-10-27 11:08:50,095][INFO] Iteration 46: Energy = 4.28601802
[2025-10-27 11:08:50,416][INFO] Iteration 47: Energy = 3.79908449
[2025-10-27 11:08:50,811][INFO] Iteration 48: Energy = 3.60233300
[2025-10-27 11:08:51,119][INFO] Iteration 49: Energy = 3.45850444
[2025-10-27 11:08:51,527][INFO] Iteration 50: Energy = 3.58067071
[2025-10-27 11:08:51,851][INFO] Iteration 51: Energy = 3.50649838
[2025-10-27 11:08:52,167][INFO] Iteration 52: Energy = 3.50513496
[2025-10-27 11:08:52,563][INFO] Iteration 53: Energy = 3.48965802
[2025-10-27 11:08:52,876][INFO] Iteration 54: Energy = 3.48816162
[2025-10-27 11:08:53,289][INFO] Iteration 55: Energy = 3.38996653
[2025-10-27 11:08:53,602][INFO] Iteration 56: Energy = 3.46520965
[2025-10-27 11:08:53,916][INFO] Iteration 57: Energy = 3.34066269
[2025-10-27 11:08:54,327][INFO] Iteration 58: Energy = 3.35537330
[2025-10-27 11:08:54,683][INFO] Iteration 59: Energy = 3.33513124
[2025-10-27 11:08:55,102][INFO] Iteration 60: Energy = 3.36287204
[2025-10-27 11:08:55,423][INFO] Iteration 61: Energy = 3.41187554
[2025-10-27 11:08:55,732][INFO] Iteration 62: Energy = 3.30887087
[2025-10-27 11:08:56,139][INFO] Iteration 63: Energy = 3.26001538
[2025-10-27 11:08:56,454][INFO] Iteration 64: Energy = 3.25513427
[2025-10-27 11:08:56,867][INFO] Iteration 65: Energy = 3.30482764
[2025-10-27 11:08:57,189][INFO] Iteration 66: Energy = 3.18324682
[2025-10-27 11:08:57,513][INFO] Iteration 67: Energy = 3.15135388
[2025-10-27 11:08:57,930][INFO] Iteration 68: Energy = 3.08332440
[2025-10-27 11:08:58,255][INFO] Iteration 69: Energy = 3.02299392
[2025-10-27 11:08:58,714][INFO] Iteration 70: Energy = 2.89106142
[2025-10-27 11:08:59,047][INFO] Iteration 71: Energy = 2.72973015
[2025-10-27 11:08:59,373][INFO] Iteration 72: Energy = 2.55533650
[2025-10-27 11:08:59,811][INFO] Iteration 73: Energy = 2.43681457
[2025-10-27 11:09:00,139][INFO] Iteration 74: Energy = 2.92331417
[2025-10-27 11:09:00,470][INFO] Iteration 75: Energy = 2.57000557
[2025-10-27 11:09:00,863][INFO] Iteration 76: Energy = 2.34352690
[2025-10-27 11:09:01,197][INFO] Iteration 77: Energy = 2.38633494
[2025-10-27 11:09:01,652][INFO] Iteration 78: Energy = 2.43606811
[2025-10-27 11:09:01,997][INFO] Iteration 79: Energy = 2.28772049
[2025-10-27 11:09:02,350][INFO] Iteration 80: Energy = 2.28750942
[2025-10-27 11:09:02,813][INFO] Iteration 81: Energy = 2.25652822
[2025-10-27 11:09:03,156][INFO] Iteration 82: Energy = 2.13182198
[2025-10-27 11:09:03,587][INFO] Iteration 83: Energy = 1.98391247
[2025-10-27 11:09:03,923][INFO] Iteration 84: Energy = 1.84287353
[2025-10-27 11:09:04,253][INFO] Iteration 85: Energy = 1.74617303
[2025-10-27 11:09:04,664][INFO] Iteration 86: Energy = 1.54632784
[2025-10-27 11:09:04,990][INFO] Iteration 87: Energy = 1.51260218
[2025-10-27 11:09:05,445][INFO] Iteration 88: Energy = 1.47810871
[2025-10-27 11:09:05,785][INFO] Iteration 89: Energy = 1.42672564
[2025-10-27 11:09:06,107][INFO] Iteration 90: Energy = 1.43451992
[2025-10-27 11:09:06,513][INFO] Iteration 91: Energy = 1.42578132
[2025-10-27 11:09:06,853][INFO] Iteration 92: Energy = 1.46103153
[2025-10-27 11:09:07,299][INFO] Iteration 93: Energy = 1.41403248
[2025-10-27 11:09:07,613][INFO] Iteration 94: Energy = 1.51800595
[2025-10-27 11:09:07,924][INFO] Iteration 95: Energy = 1.41686143
[2025-10-27 11:09:08,338][INFO] Iteration 96: Energy = 1.35443435
[2025-10-27 11:09:08,664][INFO] Iteration 97: Energy = 1.40057064
[2025-10-27 11:09:09,085][INFO] Iteration 98: Energy = 1.32931808
[2025-10-27 11:09:09,398][INFO] Iteration 99: Energy = 1.31309920
[2025-10-27 11:09:09,721][INFO] Iteration 100: Energy = 1.29465235
[2025-10-27 11:09:10,121][INFO] Iteration 101: Energy = 1.30008613
[2025-10-27 11:09:10,427][INFO] Iteration 102: Energy = 1.32290715
[2025-10-27 11:09:10,836][INFO] Iteration 103: Energy = 1.29618720
[2025-10-27 11:09:11,141][INFO] Iteration 104: Energy = 1.25460708
[2025-10-27 11:09:11,455][INFO] Iteration 105: Energy = 1.28600662
[2025-10-27 11:09:11,852][INFO] Iteration 106: Energy = 1.24209319
[2025-10-27 11:09:12,163][INFO] Iteration 107: Energy = 1.25606060
[2025-10-27 11:09:12,474][INFO] Iteration 108: Energy = 1.19160690
[2025-10-27 11:09:12,863][INFO] Iteration 109: Energy = 1.20817952
[2025-10-27 11:09:13,171][INFO] Iteration 110: Energy = 1.17948672
[2025-10-27 11:09:13,571][INFO] Iteration 111: Energy = 1.21561810
[2025-10-27 11:09:13,887][INFO] Iteration 112: Energy = 1.17520427
[2025-10-27 11:09:14,196][INFO] Iteration 113: Energy = 1.20704041
[2025-10-27 11:09:14,587][INFO] Iteration 114: Energy = 1.16740550
[2025-10-27 11:09:14,895][INFO] Iteration 115: Energy = 1.12859489
[2025-10-27 11:09:15,301][INFO] Iteration 116: Energy = 1.13470142
[2025-10-27 11:09:15,611][INFO] Iteration 117: Energy = 1.14403139
[2025-10-27 11:09:15,920][INFO] Iteration 118: Energy = 1.15806968
[2025-10-27 11:09:16,322][INFO] Iteration 119: Energy = 1.13755160
[2025-10-27 11:09:16,630][INFO] Iteration 120: Energy = 1.12533967
[2025-10-27 11:09:17,038][INFO] Iteration 121: Energy = 1.11139117
[2025-10-27 11:09:17,355][INFO] Iteration 122: Energy = 1.14432802
[2025-10-27 11:09:17,669][INFO] Iteration 123: Energy = 1.13908022
[2025-10-27 11:09:18,065][INFO] Iteration 124: Energy = 1.13928348
[2025-10-27 11:09:18,376][INFO] Iteration 125: Energy = 1.12281443
[2025-10-27 11:09:18,785][INFO] Iteration 126: Energy = 1.12329339
[2025-10-27 11:09:19,100][INFO] Iteration 127: Energy = 1.12507513
[2025-10-27 11:09:19,407][INFO] Iteration 128: Energy = 1.13084689
[2025-10-27 11:09:19,804][INFO] Iteration 129: Energy = 1.11510259
[2025-10-27 11:09:20,118][INFO] Iteration 130: Energy = 1.11154584
[2025-10-27 11:09:20,545][INFO] Iteration 131: Energy = 1.10965376
[2025-10-27 11:09:20,861][INFO] Iteration 132: Energy = 1.10837487
[2025-10-27 11:09:21,182][INFO] Iteration 133: Energy = 1.10608525
[2025-10-27 11:09:21,587][INFO] Iteration 134: Energy = 1.10365394
[2025-10-27 11:09:21,899][INFO] Iteration 135: Energy = 1.10971407
[2025-10-27 11:09:22,326][INFO] Iteration 136: Energy = 1.10811559
[2025-10-27 11:09:22,638][INFO] Iteration 137: Energy = 1.10244770
[2025-10-27 11:09:22,949][INFO] Iteration 138: Energy = 1.10338743
[2025-10-27 11:09:23,356][INFO] Iteration 139: Energy = 1.10169029
[2025-10-27 11:09:23,676][INFO] Iteration 140: Energy = 1.10385467
[2025-10-27 11:09:23,985][INFO] Iteration 141: Energy = 1.09968376
[2025-10-27 11:09:24,381][INFO] Iteration 142: Energy = 1.09813195
[2025-10-27 11:09:24,699][INFO] Iteration 143: Energy = 1.09762408
[2025-10-27 11:09:25,103][INFO] Iteration 144: Energy = 1.09822742
[2025-10-27 11:09:25,414][INFO] Iteration 145: Energy = 1.09796273
[2025-10-27 11:09:25,725][INFO] Iteration 146: Energy = 1.09759717
[2025-10-27 11:09:26,117][INFO] Iteration 147: Energy = 1.09812999
[2025-10-27 11:09:26,424][INFO] Iteration 148: Energy = 1.09704877
[2025-10-27 11:09:26,825][INFO] Iteration 149: Energy = 1.09684852
[2025-10-27 11:09:27,131][INFO] Iteration 150: Energy = 1.09682551
[2025-10-27 11:09:27,437][INFO] Iteration 151: Energy = 1.09746724
[2025-10-27 11:09:27,830][INFO] Iteration 152: Energy = 1.09585382
[2025-10-27 11:09:28,137][INFO] Iteration 153: Energy = 1.09483522
[2025-10-27 11:09:28,541][INFO] Iteration 154: Energy = 1.09426941
[2025-10-27 11:09:28,853][INFO] Iteration 155: Energy = 1.09250652
[2025-10-27 11:09:29,166][INFO] Iteration 156: Energy = 1.09199625
[2025-10-27 11:09:29,560][INFO] Iteration 157: Energy = 1.08901638
[2025-10-27 11:09:29,868][INFO] Iteration 158: Energy = 1.08717619
[2025-10-27 11:09:30,277][INFO] Iteration 159: Energy = 1.08476427
[2025-10-27 11:09:30,591][INFO] Iteration 160: Energy = 1.08256269
[2025-10-27 11:09:30,900][INFO] Iteration 161: Energy = 1.07913162
[2025-10-27 11:09:31,301][INFO] Iteration 162: Energy = 1.07620289
[2025-10-27 11:09:31,619][INFO] Iteration 163: Energy = 1.07667635
[2025-10-27 11:09:32,032][INFO] Iteration 164: Energy = 1.08731597
[2025-10-27 11:09:32,345][INFO] Iteration 165: Energy = 1.07444421
[2025-10-27 11:09:32,664][INFO] Iteration 166: Energy = 1.07053889
[2025-10-27 11:09:33,061][INFO] Iteration 167: Energy = 1.06759263
[2025-10-27 11:09:33,372][INFO] Iteration 168: Energy = 1.06453597
[2025-10-27 11:09:33,781][INFO] Iteration 169: Energy = 1.06140861
[2025-10-27 11:09:34,092][INFO] Iteration 170: Energy = 1.06656564
[2025-10-27 11:09:34,404][INFO] Iteration 171: Energy = 1.07662690
[2025-10-27 11:09:34,811][INFO] Iteration 172: Energy = 1.06850689
[2025-10-27 11:09:35,120][INFO] Iteration 173: Energy = 1.07841894
[2025-10-27 11:09:35,428][INFO] Iteration 174: Energy = 1.07257639
[2025-10-27 11:09:35,826][INFO] Iteration 175: Energy = 1.06546591
[2025-10-27 11:09:36,137][INFO] Iteration 176: Energy = 1.06260393
[2025-10-27 11:09:36,541][INFO] Iteration 177: Energy = 1.06384973
[2025-10-27 11:09:36,851][INFO] Iteration 178: Energy = 1.05987240
[2025-10-27 11:09:37,162][INFO] Iteration 179: Energy = 1.05909687
[2025-10-27 11:09:37,564][INFO] Iteration 180: Energy = 1.05882884
[2025-10-27 11:09:37,873][INFO] Iteration 181: Energy = 1.05859979
[2025-10-27 11:09:38,279][INFO] Iteration 182: Energy = 1.05878400
[2025-10-27 11:09:38,594][INFO] Iteration 183: Energy = 1.05720352
[2025-10-27 11:09:38,902][INFO] Iteration 184: Energy = 1.05775642
[2025-10-27 11:09:39,296][INFO] Iteration 185: Energy = 1.05752167
[2025-10-27 11:09:39,611][INFO] Iteration 186: Energy = 1.05641240
[2025-10-27 11:09:40,018][INFO] Iteration 187: Energy = 1.05545841
[2025-10-27 11:09:40,333][INFO] Iteration 188: Energy = 1.05513449
[2025-10-27 11:09:40,642][INFO] Iteration 189: Energy = 1.05314159
[2025-10-27 11:09:41,040][INFO] Iteration 190: Energy = 1.05273976
[2025-10-27 11:09:41,348][INFO] Iteration 191: Energy = 1.05217702
[2025-10-27 11:09:41,761][INFO] Iteration 192: Energy = 1.05188297
[2025-10-27 11:09:42,068][INFO] Iteration 193: Energy = 1.05169910
[2025-10-27 11:09:42,379][INFO] Iteration 194: Energy = 1.05153808
[2025-10-27 11:09:42,782][INFO] Iteration 195: Energy = 1.05142818
[2025-10-27 11:09:43,089][INFO] Iteration 196: Energy = 1.05152567
[2025-10-27 11:09:43,498][INFO] Iteration 197: Energy = 1.05111652
[2025-10-27 11:09:43,813][INFO] Iteration 198: Energy = 1.05111658
[2025-10-27 11:09:44,118][INFO] Iteration 199: Energy = 1.05092126
[2025-10-27 11:09:44,513][INFO] Iteration 200: Energy = 1.05074354
[2025-10-27 11:09:44,822][INFO] Iteration 201: Energy = 1.05054953
[2025-10-27 11:09:45,230][INFO] Iteration 202: Energy = 1.05045460
[2025-10-27 11:09:45,544][INFO] Iteration 203: Energy = 1.05022787
[2025-10-27 11:09:45,856][INFO] Iteration 204: Energy = 1.04992680
[2025-10-27 11:09:46,260][INFO] Iteration 205: Energy = 1.05002977
[2025-10-27 11:09:46,565][INFO] Iteration 206: Energy = 1.05039735
[2025-10-27 11:09:46,872][INFO] Iteration 207: Energy = 1.04985354
[2025-10-27 11:09:47,267][INFO] Iteration 208: Energy = 1.04963209
[2025-10-27 11:09:47,581][INFO] Iteration 209: Energy = 1.04933881
[2025-10-27 11:09:47,985][INFO] Iteration 210: Energy = 1.04945343
[2025-10-27 11:09:48,297][INFO] Iteration 211: Energy = 1.04931015
[2025-10-27 11:09:48,614][INFO] Iteration 212: Energy = 1.04890824
[2025-10-27 11:09:49,010][INFO] Iteration 213: Energy = 1.04885213
[2025-10-27 11:09:49,323][INFO] Iteration 214: Energy = 1.04885172
[2025-10-27 11:09:49,725][INFO] Iteration 215: Energy = 1.04909948
[2025-10-27 11:09:50,032][INFO] Iteration 216: Energy = 1.04872615
[2025-10-27 11:09:50,383][INFO] Iteration 217: Energy = 1.04866494
[2025-10-27 11:09:50,776][INFO] Iteration 218: Energy = 1.04879989
[2025-10-27 11:09:51,085][INFO] Iteration 219: Energy = 1.04869038
[2025-10-27 11:09:51,491][INFO] Iteration 220: Energy = 1.04848801
[2025-10-27 11:09:51,808][INFO] Iteration 221: Energy = 1.04834264
[2025-10-27 11:09:52,116][INFO] Iteration 222: Energy = 1.04829017
[2025-10-27 11:09:52,521][INFO] Iteration 223: Energy = 1.04817735
[2025-10-27 11:09:52,835][INFO] Iteration 224: Energy = 1.04855555
[2025-10-27 11:09:53,245][INFO] Iteration 225: Energy = 1.04826512
[2025-10-27 11:09:53,554][INFO] Iteration 226: Energy = 1.04823227
[2025-10-27 11:09:53,866][INFO] Iteration 227: Energy = 1.04837908
[2025-10-27 11:09:54,257][INFO] Iteration 228: Energy = 1.04811398
[2025-10-27 11:09:54,571][INFO] Iteration 229: Energy = 1.04810485
[2025-10-27 11:09:54,977][INFO] Iteration 230: Energy = 1.04805689
[2025-10-27 11:09:55,289][INFO] Iteration 231: Energy = 1.04804764
[2025-10-27 11:09:55,608][INFO] Iteration 232: Energy = 1.04820248
[2025-10-27 11:09:56,003][INFO] Iteration 233: Energy = 1.04800716
[2025-10-27 11:09:56,314][INFO] Iteration 234: Energy = 1.04799424
[2025-10-27 11:09:56,726][INFO] Iteration 235: Energy = 1.04804926
[2025-10-27 11:09:57,048][INFO] Iteration 236: Energy = 1.04798974
[2025-10-27 11:09:57,366][INFO] Iteration 237: Energy = 1.04826329
[2025-10-27 11:09:57,768][INFO] Iteration 238: Energy = 1.04797401
[2025-10-27 11:09:58,086][INFO] Iteration 239: Energy = 1.04810964
[2025-10-27 11:09:58,392][INFO] Iteration 240: Energy = 1.04791477
[2025-10-27 11:09:58,784][INFO] Iteration 241: Energy = 1.04792478
[2025-10-27 11:09:59,088][INFO] Iteration 242: Energy = 1.04814020
[2025-10-27 11:09:59,489][INFO] Iteration 243: Energy = 1.04786943
[2025-10-27 11:09:59,805][INFO] Iteration 244: Energy = 1.04784930
[2025-10-27 11:10:00,120][INFO] Iteration 245: Energy = 1.04787018
[2025-10-27 11:10:00,510][INFO] Iteration 246: Energy = 1.04861931
[2025-10-27 11:10:00,825][INFO] Iteration 247: Energy = 1.04789268
[2025-10-27 11:10:01,233][INFO] Iteration 248: Energy = 1.04804946
[2025-10-27 11:10:01,541][INFO] Iteration 249: Energy = 1.04790625
[2025-10-27 11:10:01,852][INFO] Iteration 250: Energy = 1.04791847
[2025-10-27 11:10:02,249][INFO] Iteration 251: Energy = 1.04792003
[2025-10-27 11:10:02,560][INFO] Iteration 252: Energy = 1.04818891
[2025-10-27 11:10:02,978][INFO] Iteration 253: Energy = 1.04783595
[2025-10-27 11:10:03,297][INFO] Iteration 254: Energy = 1.04783384
[2025-10-27 11:10:03,610][INFO] Iteration 255: Energy = 1.04798133
[2025-10-27 11:10:04,012][INFO] Iteration 256: Energy = 1.04781745
[2025-10-27 11:10:04,327][INFO] Iteration 257: Energy = 1.04784069
[2025-10-27 11:10:04,732][INFO] Iteration 258: Energy = 1.04787494
[2025-10-27 11:10:05,043][INFO] Iteration 259: Energy = 1.04781051
[2025-10-27 11:10:05,348][INFO] Iteration 260: Energy = 1.04783890
[2025-10-27 11:10:05,743][INFO] Iteration 261: Energy = 1.04780954
[2025-10-27 11:10:06,054][INFO] Iteration 262: Energy = 1.04781073
[2025-10-27 11:10:06,459][INFO] Iteration 263: Energy = 1.04780148
[2025-10-27 11:10:06,771][INFO] Iteration 264: Energy = 1.04780255
[2025-10-27 11:10:07,082][INFO] Iteration 265: Energy = 1.04781088
[2025-10-27 11:10:07,477][INFO] Iteration 266: Energy = 1.04779320
[2025-10-27 11:10:07,787][INFO] Iteration 267: Energy = 1.04778433
[2025-10-27 11:10:08,214][INFO] Iteration 268: Energy = 1.04777814
[2025-10-27 11:10:08,530][INFO] Iteration 269: Energy = 1.04777548
[2025-10-27 11:10:08,840][INFO] Iteration 270: Energy = 1.04777540
[2025-10-27 11:10:09,241][INFO] Iteration 271: Energy = 1.04777411
[2025-10-27 11:10:09,554][INFO] Iteration 272: Energy = 1.04777143
[2025-10-27 11:10:09,860][INFO] Iteration 273: Energy = 1.04777112
[2025-10-27 11:10:10,253][INFO] Iteration 274: Energy = 1.04776479
[2025-10-27 11:10:10,565][INFO] Iteration 275: Energy = 1.04776170
[2025-10-27 11:10:10,972][INFO] Iteration 276: Energy = 1.04775838
[2025-10-27 11:10:11,286][INFO] Iteration 277: Energy = 1.04775709
[2025-10-27 11:10:11,597][INFO] Iteration 278: Energy = 1.04775285
[2025-10-27 11:10:11,993][INFO] Iteration 279: Energy = 1.04774771
[2025-10-27 11:10:12,301][INFO] Iteration 280: Energy = 1.04774532
[2025-10-27 11:10:12,706][INFO] Iteration 281: Energy = 1.04773787
[2025-10-27 11:10:13,020][INFO] Iteration 282: Energy = 1.04773461
[2025-10-27 11:10:13,331][INFO] Iteration 283: Energy = 1.04773044
[2025-10-27 11:10:13,727][INFO] Iteration 284: Energy = 1.04772868
[2025-10-27 11:10:14,039][INFO] Iteration 285: Energy = 1.04772829
[2025-10-27 11:10:14,450][INFO] Iteration 286: Energy = 1.04773581
[2025-10-27 11:10:14,761][INFO] Iteration 287: Energy = 1.04772611
[2025-10-27 11:10:15,066][INFO] Iteration 288: Energy = 1.04773271
[2025-10-27 11:10:15,461][INFO] Iteration 289: Energy = 1.04772564
[2025-10-27 11:10:15,782][INFO] Iteration 290: Energy = 1.04772198
[2025-10-27 11:10:16,189][INFO] Iteration 291: Energy = 1.04771954
[2025-10-27 11:10:16,495][INFO] Iteration 292: Energy = 1.04771703
[2025-10-27 11:10:16,800][INFO] Iteration 293: Energy = 1.04771465
[2025-10-27 11:10:17,204][INFO] Iteration 294: Energy = 1.04771084
[2025-10-27 11:10:17,531][INFO] Iteration 295: Energy = 1.04770863
[2025-10-27 11:10:17,945][INFO] Iteration 296: Energy = 1.04770716
[2025-10-27 11:10:18,258][INFO] Iteration 297: Energy = 1.04770616
[2025-10-27 11:10:18,568][INFO] Iteration 298: Energy = 1.04770084
[2025-10-27 11:10:18,977][INFO] Iteration 299: Energy = 1.04769686
[2025-10-27 11:10:19,283][INFO] Iteration 300: Energy = 1.04769404
[2025-10-27 11:10:19,689][INFO] Iteration 301: Energy = 1.04768788
[2025-10-27 11:10:20,001][INFO] Iteration 302: Energy = 1.04768870
[2025-10-27 11:10:20,311][INFO] Iteration 303: Energy = 1.04772662
[2025-10-27 11:10:20,714][INFO] Iteration 304: Energy = 1.04768790
[2025-10-27 11:10:21,031][INFO] Iteration 305: Energy = 1.04768866
[2025-10-27 11:10:21,340][INFO] Iteration 306: Energy = 1.04768824
[2025-10-27 11:10:21,728][INFO] Iteration 307: Energy = 1.04769130
[2025-10-27 11:10:22,034][INFO] Iteration 308: Energy = 1.04768605
[2025-10-27 11:10:22,440][INFO] Iteration 309: Energy = 1.04768487
[2025-10-27 11:10:22,758][INFO] Iteration 310: Energy = 1.04768369
[2025-10-27 11:10:23,074][INFO] Iteration 311: Energy = 1.04768111
[2025-10-27 11:10:23,471][INFO] Iteration 312: Energy = 1.04768333
[2025-10-27 11:10:23,781][INFO] Iteration 313: Energy = 1.04768944
[2025-10-27 11:10:24,186][INFO] Iteration 314: Energy = 1.04768004
[2025-10-27 11:10:24,501][INFO] Iteration 315: Energy = 1.04767916
[2025-10-27 11:10:24,806][INFO] Iteration 316: Energy = 1.04767910
[2025-10-27 11:10:25,197][INFO] Iteration 317: Energy = 1.04768219
[2025-10-27 11:10:25,512][INFO] Iteration 318: Energy = 1.04767733
[2025-10-27 11:10:25,913][INFO] Iteration 319: Energy = 1.04767635
[2025-10-27 11:10:26,227][INFO] Iteration 320: Energy = 1.04767651
[2025-10-27 11:10:26,533][INFO] Iteration 321: Energy = 1.04768491
[2025-10-27 11:10:26,934][INFO] Iteration 322: Energy = 1.04767516
[2025-10-27 11:10:27,246][INFO] Iteration 323: Energy = 1.04767400
[2025-10-27 11:10:27,650][INFO] Iteration 324: Energy = 1.04767316
[2025-10-27 11:10:27,960][INFO] Iteration 325: Energy = 1.04767164
[2025-10-27 11:10:28,268][INFO] Iteration 326: Energy = 1.04767149
[2025-10-27 11:10:28,663][INFO] Iteration 327: Energy = 1.04767177
[2025-10-27 11:10:28,973][INFO] Iteration 328: Energy = 1.04766964
[2025-10-27 11:10:29,382][INFO] Iteration 329: Energy = 1.04766901
[2025-10-27 11:10:29,696][INFO] Iteration 330: Energy = 1.04766829
[2025-10-27 11:10:30,007][INFO] Iteration 331: Energy = 1.04766769
[2025-10-27 11:10:30,407][INFO] Iteration 332: Energy = 1.04766669
[2025-10-27 11:10:30,728][INFO] Iteration 333: Energy = 1.04766817
[2025-10-27 11:10:31,147][INFO] Iteration 334: Energy = 1.04767309
[2025-10-27 11:10:31,460][INFO] Iteration 335: Energy = 1.04766649
[2025-10-27 11:10:31,770][INFO] Iteration 336: Energy = 1.04766660
[2025-10-27 11:10:32,177][INFO] Iteration 337: Energy = 1.04767189
[2025-10-27 11:10:32,487][INFO] Iteration 338: Energy = 1.04766538
[2025-10-27 11:10:32,806][INFO] Iteration 339: Energy = 1.04766590
[2025-10-27 11:10:33,209][INFO] Iteration 340: Energy = 1.04766882
[2025-10-27 11:10:33,519][INFO] Iteration 341: Energy = 1.04766494
[2025-10-27 11:10:33,930][INFO] Iteration 342: Energy = 1.04766441
[2025-10-27 11:10:34,240][INFO] Iteration 343: Energy = 1.04766369
[2025-10-27 11:10:34,548][INFO] Iteration 344: Energy = 1.04766328
[2025-10-27 11:10:34,944][INFO] Iteration 345: Energy = 1.04766451
[2025-10-27 11:10:35,261][INFO] Iteration 346: Energy = 1.04766756
[2025-10-27 11:10:35,666][INFO] Iteration 347: Energy = 1.04766214
[2025-10-27 11:10:35,978][INFO] Iteration 348: Energy = 1.04766210
[2025-10-27 11:10:36,298][INFO] Iteration 349: Energy = 1.04766618
[2025-10-27 11:10:36,688][INFO] Iteration 350: Energy = 1.04766150
[2025-10-27 11:10:37,006][INFO] Iteration 351: Energy = 1.04766127
[2025-10-27 11:10:37,411][INFO] Iteration 352: Energy = 1.04766110
[2025-10-27 11:10:37,721][INFO] Iteration 353: Energy = 1.04766132
[2025-10-27 11:10:38,028][INFO] Iteration 354: Energy = 1.04766153
[2025-10-27 11:10:38,426][INFO] Iteration 355: Energy = 1.04765999
[2025-10-27 11:10:38,733][INFO] Iteration 356: Energy = 1.04765956
[2025-10-27 11:10:39,137][INFO] Iteration 357: Energy = 1.04765930
[2025-10-27 11:10:39,452][INFO] Iteration 358: Energy = 1.04765908
[2025-10-27 11:10:39,757][INFO] Iteration 359: Energy = 1.04765864
[2025-10-27 11:10:40,151][INFO] Iteration 360: Energy = 1.04765847
[2025-10-27 11:10:40,461][INFO] Iteration 361: Energy = 1.04765810
[2025-10-27 11:10:40,872][INFO] Iteration 362: Energy = 1.04765792
[2025-10-27 11:10:41,180][INFO] Iteration 363: Energy = 1.04765777
[2025-10-27 11:10:41,488][INFO] Iteration 364: Energy = 1.04765859
[2025-10-27 11:10:41,887][INFO] Iteration 365: Energy = 1.04766769
[2025-10-27 11:10:42,201][INFO] Iteration 366: Energy = 1.04765771
[2025-10-27 11:10:42,613][INFO] Iteration 367: Energy = 1.04765760
[2025-10-27 11:10:42,920][INFO] Iteration 368: Energy = 1.04765892
[2025-10-27 11:10:43,232][INFO] Iteration 369: Energy = 1.04765757
[2025-10-27 11:10:43,632][INFO] Iteration 370: Energy = 1.04765765
[2025-10-27 11:10:43,943][INFO] Iteration 371: Energy = 1.04766048
[2025-10-27 11:10:44,251][INFO] Iteration 372: Energy = 1.04765755
[2025-10-27 11:10:44,638][INFO] Iteration 373: Energy = 1.04766131
[2025-10-27 11:10:44,943][INFO] Iteration 374: Energy = 1.04765749
[2025-10-27 11:10:45,346][INFO] Iteration 375: Energy = 1.04765748
[2025-10-27 11:10:45,662][INFO] Iteration 376: Energy = 1.04765837
[2025-10-27 11:10:45,978][INFO] Iteration 377: Energy = 1.04765748
[2025-10-27 11:10:46,371][INFO] Iteration 378: Energy = 1.04765982
[2025-10-27 11:10:46,683][INFO] Iteration 379: Energy = 1.04765756
[2025-10-27 11:10:47,092][INFO] Iteration 380: Energy = 1.04765945
[2025-10-27 11:10:47,410][INFO] Iteration 381: Energy = 1.04765745
[2025-10-27 11:10:47,748][INFO] Iteration 382: Energy = 1.04765746
[2025-10-27 11:10:48,160][INFO] Iteration 383: Energy = 1.04765762
[2025-10-27 11:10:48,475][INFO] Iteration 384: Energy = 1.04765745
[2025-10-27 11:10:48,896][INFO] Iteration 385: Energy = 1.04765744
[2025-10-27 11:10:49,217][INFO] Iteration 386: Energy = 1.04765744
[2025-10-27 11:10:49,528][INFO] Iteration 387: Energy = 1.04765747
[2025-10-27 11:10:49,923][INFO] Iteration 388: Energy = 1.04765744
[2025-10-27 11:10:50,241][INFO] Iteration 389: Energy = 1.04765747
[2025-10-27 11:10:50,652][INFO] Iteration 390: Energy = 1.04765743
[2025-10-27 11:10:50,961][INFO] Iteration 391: Energy = 1.04765744
[2025-10-27 11:10:51,277][INFO] Iteration 392: Energy = 1.04765747
[2025-10-27 11:10:51,676][INFO] Iteration 393: Energy = 1.04765743
[2025-10-27 11:10:52,000][INFO] Iteration 394: Energy = 1.04765744
[2025-10-27 11:10:52,466][INFO] Iteration 395: Energy = 1.04765743
[2025-10-27 11:10:52,792][INFO] Iteration 396: Energy = 1.04765744
[2025-10-27 11:10:53,111][INFO] Iteration 397: Energy = 1.04765747
[2025-10-27 11:10:53,510][INFO] Iteration 398: Energy = 1.04765747
[2025-10-27 11:10:53,817][INFO] Iteration 399: Energy = 1.04765743
[2025-10-27 11:10:54,232][INFO] Iteration 400: Energy = 1.04765743
[2025-10-27 11:10:54,542][INFO] Iteration 401: Energy = 1.04765743
[2025-10-27 11:10:54,859][INFO] Iteration 402: Energy = 1.04765743
[2025-10-27 11:10:55,270][INFO] Iteration 403: Energy = 1.04765743
[2025-10-27 11:10:55,586][INFO] Iteration 404: Energy = 1.04765743
[2025-10-27 11:10:55,897][INFO] Iteration 405: Energy = 1.04765743
[2025-10-27 11:10:56,298][INFO] Iteration 406: Energy = 1.04765743
[2025-10-27 11:10:56,612][INFO] Iteration 407: Energy = 1.04765743
[2025-10-27 11:10:57,022][INFO] Iteration 408: Energy = 1.04765743
[2025-10-27 11:10:57,328][INFO] Iteration 409: Energy = 1.04765743
[2025-10-27 11:10:57,640][INFO] Iteration 410: Energy = 1.04765743
[2025-10-27 11:10:58,040][INFO] Iteration 411: Energy = 1.04765743
[2025-10-27 11:10:58,350][INFO] Iteration 412: Energy = 1.04765743
[2025-10-27 11:10:58,757][INFO] Iteration 413: Energy = 1.04765743
[2025-10-27 11:10:59,068][INFO] Iteration 414: Energy = 1.04765743
[2025-10-27 11:10:59,370][INFO] Iteration 415: Energy = 1.04765743
[2025-10-27 11:10:59,768][INFO] Iteration 416: Energy = 1.04765743
[2025-10-27 11:11:00,075][INFO] Iteration 417: Energy = 1.04765743
[2025-10-27 11:11:00,500][INFO] Iteration 418: Energy = 1.04765743
[2025-10-27 11:11:00,814][INFO] Iteration 419: Energy = 1.04765743
[2025-10-27 11:11:01,125][INFO] Iteration 420: Energy = 1.04765743
[2025-10-27 11:11:01,544][INFO] Iteration 421: Energy = 1.04765743
[2025-10-27 11:11:01,857][INFO] Iteration 422: Energy = 1.04765743
[2025-10-27 11:11:02,268][INFO] Iteration 423: Energy = 1.04765743
[2025-10-27 11:11:02,578][INFO] Iteration 424: Energy = 1.04765743
[2025-10-27 11:11:02,887][INFO] Iteration 425: Energy = 1.04765743
[2025-10-27 11:11:03,287][INFO] Iteration 426: Energy = 1.04765743
[2025-10-27 11:11:03,604][INFO] Iteration 427: Energy = 1.04765743
[2025-10-27 11:11:04,018][INFO] Iteration 428: Energy = 1.04765743
[2025-10-27 11:11:04,327][INFO] Iteration 429: Energy = 1.04765743
[2025-10-27 11:11:04,634][INFO] Iteration 430: Energy = 1.04765743
[2025-10-27 11:11:05,039][INFO] Iteration 431: Energy = 1.04765743
[2025-10-27 11:11:05,349][INFO] Iteration 432: Energy = 1.04765743
[2025-10-27 11:11:05,762][INFO] Iteration 433: Energy = 1.04765743
[2025-10-27 11:11:06,076][INFO] Iteration 434: Energy = 1.04765743
[2025-10-27 11:11:06,385][INFO] Iteration 435: Energy = 1.04765743
[2025-10-27 11:11:06,783][INFO] Iteration 436: Energy = 1.04765743
[2025-10-27 11:11:07,097][INFO] Iteration 437: Energy = 1.04765743
[2025-10-27 11:11:07,402][INFO] Iteration 438: Energy = 1.04765743
[2025-10-27 11:11:07,793][INFO] Iteration 439: Energy = 1.04765743
[2025-10-27 11:11:08,112][INFO] Iteration 440: Energy = 1.04765743
[2025-10-27 11:11:08,513][INFO] Iteration 441: Energy = 1.04765743
[2025-10-27 11:11:08,828][INFO] Iteration 442: Energy = 1.04765743
[2025-10-27 11:11:09,147][INFO] Iteration 443: Energy = 1.04765743
[2025-10-27 11:11:09,535][INFO] Iteration 444: Energy = 1.04765743
[2025-10-27 11:11:09,850][INFO] Iteration 445: Energy = 1.04765743
[2025-10-27 11:11:10,253][INFO] Iteration 446: Energy = 1.04765743
[2025-10-27 11:11:10,565][INFO] Iteration 447: Energy = 1.04765743
[2025-10-27 11:11:10,879][INFO] Iteration 448: Energy = 1.04765743
[2025-10-27 11:11:11,273][INFO] Iteration 449: Energy = 1.04765743
[2025-10-27 11:11:11,585][INFO] Iteration 450: Energy = 1.04765743
[2025-10-27 11:11:11,993][INFO] Iteration 451: Energy = 1.04765743
[2025-10-27 11:11:12,300][INFO] Iteration 452: Energy = 1.04765743
[2025-10-27 11:11:12,608][INFO] Iteration 453: Energy = 1.04765743
[2025-10-27 11:11:13,004][INFO] Iteration 454: Energy = 1.04765743
[2025-10-27 11:11:13,315][INFO] Iteration 455: Energy = 1.04765743
[2025-10-27 11:11:13,720][INFO] Iteration 456: Energy = 1.04765743
[2025-10-27 11:11:14,035][INFO] Iteration 457: Energy = 1.04765743
[2025-10-27 11:11:14,352][INFO] Iteration 458: Energy = 1.04765743
[2025-10-27 11:11:14,746][INFO] Iteration 459: Energy = 1.04765743
[2025-10-27 11:11:15,048][INFO] Iteration 460: Energy = 1.04765743
[2025-10-27 11:11:15,457][INFO] Iteration 461: Energy = 1.04765743
[2025-10-27 11:11:15,762][INFO] Iteration 462: Energy = 1.04765743
[2025-10-27 11:11:16,067][INFO] Iteration 463: Energy = 1.04765743
[2025-10-27 11:11:16,466][INFO] Iteration 464: Energy = 1.04765743
[2025-10-27 11:11:16,779][INFO] Iteration 465: Energy = 1.04765743
[2025-10-27 11:11:17,198][INFO] Iteration 466: Energy = 1.04765743
[2025-10-27 11:11:17,511][INFO] Iteration 467: Energy = 1.04765743
[2025-10-27 11:11:17,820][INFO] Iteration 468: Energy = 1.04765743
[2025-10-27 11:11:18,224][INFO] Iteration 469: Energy = 1.04765743
[2025-10-27 11:11:18,539][INFO] Iteration 470: Energy = 1.04765743
[2025-10-27 11:11:18,853][INFO] Iteration 471: Energy = 1.04765743
[2025-10-27 11:11:19,244][INFO] Iteration 472: Energy = 1.04765743
[2025-10-27 11:11:19,557][INFO] Iteration 473: Energy = 1.04765743
[2025-10-27 11:11:19,960][INFO] Iteration 474: Energy = 1.04765743
[2025-10-27 11:11:20,287][INFO] Iteration 475: Energy = 1.04765743
[2025-10-27 11:11:20,604][INFO] Iteration 476: Energy = 1.04765743
[2025-10-27 11:11:21,000][INFO] Iteration 477: Energy = 1.04765743
[2025-10-27 11:11:21,314][INFO] Iteration 478: Energy = 1.04765743
[2025-10-27 11:11:21,716][INFO] Iteration 479: Energy = 1.04765743
[2025-10-27 11:11:22,024][INFO] Iteration 480: Energy = 1.04765743
[2025-10-27 11:11:22,336][INFO] Iteration 481: Energy = 1.04765743
[2025-10-27 11:11:22,726][INFO] Iteration 482: Energy = 1.04765743
[2025-10-27 11:11:23,035][INFO] Iteration 483: Energy = 1.04765743
[2025-10-27 11:11:23,444][INFO] Iteration 484: Energy = 1.04765743
[2025-10-27 11:11:23,751][INFO] Iteration 485: Energy = 1.04765743
[2025-10-27 11:11:24,062][INFO] Iteration 486: Energy = 1.04765743
[2025-10-27 11:11:24,453][INFO] Iteration 487: Energy = 1.04765743
[2025-10-27 11:11:24,764][INFO] Iteration 488: Energy = 1.04765743
[2025-10-27 11:11:25,169][INFO] Iteration 489: Energy = 1.04765743
[2025-10-27 11:11:25,477][INFO] Iteration 490: Energy = 1.04765743
[2025-10-27 11:11:25,788][INFO] Iteration 491: Energy = 1.04765743
[2025-10-27 11:11:26,183][INFO] Iteration 492: Energy = 1.04765743
[2025-10-27 11:11:26,497][INFO] Iteration 493: Energy = 1.04765743
[2025-10-27 11:11:26,902][INFO] Iteration 494: Energy = 1.04765743
[2025-10-27 11:11:27,220][INFO] Iteration 495: Energy = 1.04765743
[2025-10-27 11:11:27,529][INFO] Iteration 496: Energy = 1.04765743
[2025-10-27 11:11:27,927][INFO] Iteration 497: Energy = 1.04765743
[2025-10-27 11:11:28,236][INFO] Iteration 498: Energy = 1.04765743
[2025-10-27 11:11:28,237][INFO] Completed VQE run 1: Energy = 1.047657
[2025-10-27 11:11:28,237][INFO] optimizer message: The lower bound for the trust-region radius has been reached
[2025-10-27 11:11:28,237][INFO] {
    "seed": 74655684,
    "session_id": null,
    "energy": 1.0476574257787639,
    "params": [
        1.2422210003921337,
        5.673868723267038,
        5.757249112460784,
        2.538758501380683,
        0.1518495591516389,
        0.35428002720033763,
        4.008707616527896
    ],
    "success": "True",
    "num_iters": 498,
    "run_time": "0:02:54.873401"
}
