[2026-02-19 15:52:28,176][INFO] Running VQE for linear potential and cutoff 16
[2026-02-19 15:52:28,177][INFO] Truncation: {'m': 212, 'n': 2211, 'keep_frac_terms': 0.09588421528720036, 'keep_ratio': 0.999, 'truncated': 1.377312853455578, 'total_weight': 1381.999999999984}
[2026-02-19 15:52:28,179][INFO] min_eigenvalue: 3.9321294598410086e-15
[2026-02-19 15:52:44,679][INFO] [Run 0] Running for Krylov dimension 1
[2026-02-19 15:53:30,550][INFO] [Run 0] Job ID: d6bj3jfg4t5c7384dsp0 - QPU usage: {'quantum_seconds': 36, 'seconds': 36} - Total usage 36.0
[2026-02-19 15:53:30,642][INFO] [Run 0]
{
    "raw_unique_basis_states": 78547,
    "fermion_basis_rejected": 17363,
    "kept_unique_basis_states": 61184,
    "fermion_shots_rejected": 17865,
    "kept_shots": 82135
}
[2026-02-19 15:53:52,922][INFO] [Run 0]
{
    "D": 1,
    "t": 1.0,
    "num_trotter_steps": 1,
    "step_time": "0:01:08.243140",
    "H_reduce_time": "0:00:21.932971",
    "circuit_time": "0:00:45.868919",
    "shot_processing": {
        "raw_unique_basis_states": 78547,
        "fermion_basis_rejected": 17363,
        "kept_unique_basis_states": 61184,
        "fermion_shots_rejected": 17865,
        "kept_shots": 82135
    },
    "new_basis_count": 61184,
    "total_basis_count": 61184,
    "H_reduced_size": [
        61184,
        61184
    ],
    "reduction": 94.1650390625,
    "H_reduced_e": 0.21789596251559382,
    "used_dense": false,
    "eigenvalue_time": "0:00:00.438457",
    "diff": 0.21789596251558987,
    "change_from_prev": null
}
[2026-02-19 15:53:52,922][INFO] [Run 0] Running for Krylov dimension 2
[2026-02-19 15:56:14,638][INFO] [Run 0] Job ID: d6bj44fg4t5c7384dtjg - QPU usage: {'quantum_seconds': 36, 'seconds': 36} - Total usage 72.0
[2026-02-19 15:56:14,729][INFO] [Run 0]
{
    "raw_unique_basis_states": 88630,
    "fermion_basis_rejected": 20078,
    "kept_unique_basis_states": 68552,
    "fermion_shots_rejected": 20588,
    "kept_shots": 79412
}
[2026-02-19 15:56:58,031][INFO] [Run 0]
{
    "D": 2,
    "t": 2.0,
    "num_trotter_steps": 1,
    "step_time": "0:03:05.108992",
    "H_reduce_time": "0:00:42.397674",
    "circuit_time": "0:02:21.712630",
    "shot_processing": {
        "raw_unique_basis_states": 88630,
        "fermion_basis_rejected": 20078,
        "kept_unique_basis_states": 68552,
        "fermion_shots_rejected": 20588,
        "kept_shots": 79412
    },
    "new_basis_count": 58001,
    "total_basis_count": 119185,
    "H_reduced_size": [
        119185,
        119185
    ],
    "reduction": 88.63363265991211,
    "H_reduced_e": 0.10703036314144862,
    "used_dense": false,
    "eigenvalue_time": "0:00:00.995793",
    "diff": 0.10703036314144469,
    "change_from_prev": 0.1108655993741452
}
[2026-02-19 15:56:58,032][INFO] [Run 0] Running for Krylov dimension 3
[2026-02-19 16:01:33,447][INFO] [Run 0] Job ID: d6bj5iknsg9c73992je0 - QPU usage: {'quantum_seconds': 36, 'seconds': 36} - Total usage 108.0
[2026-02-19 16:01:33,539][INFO] [Run 0]
{
    "raw_unique_basis_states": 85915,
    "fermion_basis_rejected": 20021,
    "kept_unique_basis_states": 65894,
    "fermion_shots_rejected": 20450,
    "kept_shots": 79550
}
[2026-02-19 16:02:52,007][INFO] [Run 0]
{
    "D": 3,
    "t": 3.0,
    "num_trotter_steps": 1,
    "step_time": "0:05:53.972255",
    "H_reduce_time": "0:01:16.739502",
    "circuit_time": "0:04:35.412804",
    "shot_processing": {
        "raw_unique_basis_states": 85915,
        "fermion_basis_rejected": 20021,
        "kept_unique_basis_states": 65894,
        "fermion_shots_rejected": 20450,
        "kept_shots": 79550
    },
    "new_basis_count": 47316,
    "total_basis_count": 166501,
    "H_reduced_size": [
        166501,
        166501
    ],
    "reduction": 84.1212272644043,
    "H_reduced_e": 0.1057425447995796,
    "used_dense": false,
    "eigenvalue_time": "0:00:01.814943",
    "diff": 0.10574254479957568,
    "change_from_prev": 0.0012878183418690153
}
[2026-02-19 16:02:52,009][INFO] [Run 0] Running for Krylov dimension 4
[2026-02-19 16:03:36,170][INFO] [Run 0] Job ID: d6bj8b4nsg9c73992mk0 - QPU usage: {'quantum_seconds': 36, 'seconds': 36} - Total usage 144.0
[2026-02-19 16:03:36,258][INFO] [Run 0]
{
    "raw_unique_basis_states": 83423,
    "fermion_basis_rejected": 20111,
    "kept_unique_basis_states": 63312,
    "fermion_shots_rejected": 20586,
    "kept_shots": 79414
}
[2026-02-19 16:05:44,387][INFO] [Run 0]
{
    "D": 4,
    "t": 4.0,
    "num_trotter_steps": 1,
    "step_time": "0:02:52.374521",
    "H_reduce_time": "0:02:05.162403",
    "circuit_time": "0:00:44.144108",
    "shot_processing": {
        "raw_unique_basis_states": 83423,
        "fermion_basis_rejected": 20111,
        "kept_unique_basis_states": 63312,
        "fermion_shots_rejected": 20586,
        "kept_shots": 79414
    },
    "new_basis_count": 40953,
    "total_basis_count": 207454,
    "H_reduced_size": [
        207454,
        207454
    ],
    "reduction": 80.21564483642578,
    "H_reduced_e": 0.0016528673221429568,
    "used_dense": false,
    "eigenvalue_time": "0:00:03.049164",
    "diff": 0.0016528673221390246,
    "change_from_prev": 0.10408967747743665
}
[2026-02-19 16:05:44,390][INFO] [Run 0] Running for Krylov dimension 5
[2026-02-19 16:06:28,395][INFO] [Run 0] Job ID: d6bj9m954hss73b7dvjg - QPU usage: {'quantum_seconds': 36, 'seconds': 36} - Total usage 180.0
[2026-02-19 16:06:28,483][INFO] [Run 0]
{
    "raw_unique_basis_states": 82584,
    "fermion_basis_rejected": 19163,
    "kept_unique_basis_states": 63421,
    "fermion_shots_rejected": 19647,
    "kept_shots": 80353
}
[2026-02-19 16:10:14,468][INFO] [Run 0]
{
    "D": 5,
    "t": 5.0,
    "num_trotter_steps": 1,
    "step_time": "0:04:30.074203",
    "H_reduce_time": "0:03:42.800891",
    "circuit_time": "0:00:43.972169",
    "shot_processing": {
        "raw_unique_basis_states": 82584,
        "fermion_basis_rejected": 19163,
        "kept_unique_basis_states": 63421,
        "fermion_shots_rejected": 19647,
        "kept_shots": 80353
    },
    "new_basis_count": 25223,
    "total_basis_count": 232677,
    "H_reduced_size": [
        232677,
        232677
    ],
    "reduction": 77.8101921081543,
    "H_reduced_e": 0.0006831381571518458,
    "used_dense": false,
    "eigenvalue_time": "0:00:03.265564",
    "diff": 0.0006831381571479137,
    "change_from_prev": 0.000969729164991111
}
[2026-02-19 16:10:14,472][INFO] [Run 0] Running for Krylov dimension 6
[2026-02-19 16:10:57,657][INFO] [Run 0] Job ID: d6bjbpp7ce2c73fffnag - QPU usage: {'quantum_seconds': 36, 'seconds': 36} - Total usage 216.0
[2026-02-19 16:10:57,732][INFO] [Run 0]
{
    "raw_unique_basis_states": 71488,
    "fermion_basis_rejected": 18212,
    "kept_unique_basis_states": 53276,
    "fermion_shots_rejected": 18801,
    "kept_shots": 81199
}
[2026-02-19 16:16:16,469][INFO] [Run 0]
{
    "D": 6,
    "t": 6.0,
    "num_trotter_steps": 1,
    "step_time": "0:06:01.993355",
    "H_reduce_time": "0:05:14.346898",
    "circuit_time": "0:00:43.157036",
    "shot_processing": {
        "raw_unique_basis_states": 71488,
        "fermion_basis_rejected": 18212,
        "kept_unique_basis_states": 53276,
        "fermion_shots_rejected": 18801,
        "kept_shots": 81199
    },
    "new_basis_count": 13061,
    "total_basis_count": 245738,
    "H_reduced_size": [
        245738,
        245738
    ],
    "reduction": 76.5645980834961,
    "H_reduced_e": 0.0006704530883008465,
    "used_dense": false,
    "eigenvalue_time": "0:00:04.458281",
    "diff": 0.0006704530882969144,
    "change_from_prev": 1.2685068850999356e-05
}
[2026-02-19 16:16:16,473][INFO] [Run 0] Running for Krylov dimension 7
[2026-02-19 16:16:59,428][INFO] [Run 0] Job ID: d6bjek97ce2c73fffqfg - QPU usage: {'quantum_seconds': 36, 'seconds': 36} - Total usage 252.0
[2026-02-19 16:16:59,519][INFO] [Run 0]
{
    "raw_unique_basis_states": 77672,
    "fermion_basis_rejected": 19006,
    "kept_unique_basis_states": 58666,
    "fermion_shots_rejected": 19518,
    "kept_shots": 80482
}
[2026-02-19 16:23:08,476][INFO] [Run 0]
{
    "D": 7,
    "t": 7.0,
    "num_trotter_steps": 1,
    "step_time": "0:06:51.998840",
    "H_reduce_time": "0:06:04.116280",
    "circuit_time": "0:00:42.922734",
    "shot_processing": {
        "raw_unique_basis_states": 77672,
        "fermion_basis_rejected": 19006,
        "kept_unique_basis_states": 58666,
        "fermion_shots_rejected": 19518,
        "kept_shots": 80482
    },
    "new_basis_count": 11081,
    "total_basis_count": 256819,
    "H_reduced_size": [
        256819,
        256819
    ],
    "reduction": 75.50783157348633,
    "H_reduced_e": 0.0006631979593014807,
    "used_dense": false,
    "eigenvalue_time": "0:00:04.924490",
    "diff": 0.0006631979592975487,
    "change_from_prev": 7.255128999365725e-06
}
[2026-02-19 16:23:08,479][INFO] [Run 0] Running for Krylov dimension 8
[2026-02-19 16:23:50,964][INFO] [Run 0] Job ID: d6bjhrcnsg9c739931i0 - QPU usage: {'quantum_seconds': 36, 'seconds': 36} - Total usage 288.0
[2026-02-19 16:23:51,067][INFO] [Run 0]
{
    "raw_unique_basis_states": 88687,
    "fermion_basis_rejected": 20155,
    "kept_unique_basis_states": 68532,
    "fermion_shots_rejected": 20608,
    "kept_shots": 79392
}
[2026-02-19 16:31:41,612][INFO] [Run 0]
{
    "D": 8,
    "t": 8.0,
    "num_trotter_steps": 1,
    "step_time": "0:08:33.129299",
    "H_reduce_time": "0:07:46.243761",
    "circuit_time": "0:00:42.453155",
    "shot_processing": {
        "raw_unique_basis_states": 88687,
        "fermion_basis_rejected": 20155,
        "kept_unique_basis_states": 68532,
        "fermion_shots_rejected": 20608,
        "kept_shots": 79392
    },
    "new_basis_count": 19213,
    "total_basis_count": 276032,
    "H_reduced_size": [
        276032,
        276032
    ],
    "reduction": 73.675537109375,
    "H_reduced_e": 0.0006526549901559936,
    "used_dense": false,
    "eigenvalue_time": "0:00:04.396934",
    "diff": 0.0006526549901520615,
    "change_from_prev": 1.0542969145487164e-05
}
[2026-02-19 16:31:41,616][INFO] [Run 0] Running for Krylov dimension 9
[2026-02-19 16:33:21,615][INFO] [Run 0] Job ID: d6bjlrknsg9c739935ug - QPU usage: {'quantum_seconds': 36, 'seconds': 36} - Total usage 324.0
[2026-02-19 16:33:21,706][INFO] [Run 0]
{
    "raw_unique_basis_states": 87083,
    "fermion_basis_rejected": 22653,
    "kept_unique_basis_states": 64430,
    "fermion_shots_rejected": 23263,
    "kept_shots": 76737
}
[2026-02-19 16:42:12,027][INFO] [Run 0]
{
    "D": 9,
    "t": 9.0,
    "num_trotter_steps": 1,
    "step_time": "0:10:30.406738",
    "H_reduce_time": "0:08:45.796443",
    "circuit_time": "0:01:39.975435",
    "shot_processing": {
        "raw_unique_basis_states": 87083,
        "fermion_basis_rejected": 22653,
        "kept_unique_basis_states": 64430,
        "fermion_shots_rejected": 23263,
        "kept_shots": 76737
    },
    "new_basis_count": 17448,
    "total_basis_count": 293480,
    "H_reduced_size": [
        293480,
        293480
    ],
    "reduction": 72.01156616210938,
    "H_reduced_e": 0.0002735438633189355,
    "used_dense": false,
    "eigenvalue_time": "0:00:04.607451",
    "diff": 0.00027354386331500337,
    "change_from_prev": 0.00037911112683705806
}
[2026-02-19 16:42:12,033][INFO] [Run 0] Running for Krylov dimension 10
[2026-02-19 16:44:09,262][INFO] [Run 0] Job ID: d6bjqpfg4t5c7384emh0 - QPU usage: {'quantum_seconds': 36, 'seconds': 36} - Total usage 360.0
[2026-02-19 16:44:09,363][INFO] [Run 0]
{
    "raw_unique_basis_states": 86928,
    "fermion_basis_rejected": 20270,
    "kept_unique_basis_states": 66658,
    "fermion_shots_rejected": 20759,
    "kept_shots": 79241
}
[2026-02-19 16:54:20,756][INFO] [Run 0]
{
    "D": 10,
    "t": 10.0,
    "num_trotter_steps": 1,
    "step_time": "0:12:08.719531",
    "H_reduce_time": "0:10:04.176782",
    "circuit_time": "0:01:57.192815",
    "shot_processing": {
        "raw_unique_basis_states": 86928,
        "fermion_basis_rejected": 20270,
        "kept_unique_basis_states": 66658,
        "fermion_shots_rejected": 20759,
        "kept_shots": 79241
    },
    "new_basis_count": 16755,
    "total_basis_count": 310235,
    "H_reduced_size": [
        310235,
        310235
    ],
    "reduction": 70.4136848449707,
    "H_reduced_e": 0.0002615902936070201,
    "used_dense": false,
    "eigenvalue_time": "0:00:07.309899",
    "diff": 0.000261590293603088,
    "change_from_prev": 1.1953569711915378e-05
}
[2026-02-19 16:54:20,782][INFO] [Run 0] Done
