[2025-08-05 12:00:41,425][INFO] Starting VQE run 36 (seed=79887193)
[2025-08-05 12:00:41,753][INFO] Adding RY(0.0, wires=[6]) had small change in overlap from 0.0 to 0.0
[2025-08-05 12:00:42,170][INFO] Adding CRY(0.0, wires=[6, 5])) had small change in overlap from 0.0 to 0.0
[2025-08-05 12:00:42,798][INFO] Adding RY(0.0, wires=[4]) had small change in overlap from 0.0 to 0.0
[2025-08-05 12:00:43,485][INFO] Adding RY(0.0, wires=[5]) had small change in overlap from 0.0 to 0.0
[2025-08-05 12:00:45,035][INFO] Adding RY(0.0, wires=[3]) had small change in overlap from 0.0 to 0.0
[2025-08-05 12:00:48,475][INFO] Adding CRY(0.0, wires=[6, 4])) had small change in overlap from 0.0 to 0.0
[2025-08-05 12:00:51,213][INFO] Adding RY(0.0, wires=[4]) had small change in overlap from 0.0 to 0.0
[2025-08-05 12:00:54,047][INFO] Adding CRY(0.0, wires=[6, 3])) had small change in overlap from 0.0 to 0.0
[2025-08-05 12:01:01,323][INFO] Adding CRY(0.0, wires=[5, 6])) had small change in overlap from 0.0 to 0.0
[2025-08-05 12:01:07,851][INFO] Adding CRY(0.0, wires=[5, 3])) had small change in overlap from 0.0 to 0.0
[2025-08-05 12:01:15,202][INFO] Adding CRY(0.0, wires=[5, 4])) had small change in overlap from 0.0 to 0.0
[2025-08-05 12:01:36,754][INFO] Adding RY(0.0, wires=[5]) had small change in overlap from 0.0 to 0.0
[2025-08-05 12:01:53,768][INFO] Adding RY(0.0, wires=[2]) had small change in overlap from 0.0 to 0.0
[2025-08-05 12:02:07,453][INFO] Adding CRY(0.0, wires=[6, 2])) had small change in overlap from 0.0 to 0.0
[2025-08-05 12:02:32,462][INFO] Adding RY(0.0, wires=[3]) had small change in overlap from 0.0 to 0.0
[2025-08-05 12:02:57,297][INFO] Adding CRY(0.0, wires=[4, 5])) had small change in overlap from 0.0 to 0.0
[2025-08-05 12:02:57,297][INFO] gradient converged
[2025-08-05 12:02:57,297][INFO] Completed VQE run 15
[2025-08-05 12:02:57,297][INFO] Final ops list: [{'name': 'RY', 'param': 4.824596254214767, 'wires': [6]}, {'name': 'CRY', 'param': 0.9875638086515715, 'wires': [6, 5]}, {'name': 'RY', 'param': 5.614426344784474, 'wires': [4]}, {'name': 'RY', 'param': 6.283185307179586, 'wires': [5]}, {'name': 'RY', 'param': 4.745565671267301, 'wires': [3]}, {'name': 'CRY', 'param': 0.16788543072178821, 'wires': [6, 4]}, {'name': 'RY', 'param': 0.4591751020885626, 'wires': [4]}, {'name': 'CRY', 'param': 6.283185307179586, 'wires': [6, 3]}, {'name': 'CRY', 'param': 3.4428232815896935, 'wires': [5, 6]}, {'name': 'CRY', 'param': 0.0, 'wires': [5, 3]}, {'name': 'CRY', 'param': 6.283185307179586, 'wires': [5, 4]}, {'name': 'RY', 'param': 5.829419226217313, 'wires': [5]}, {'name': 'RY', 'param': 7.900168899546413e-06, 'wires': [2]}, {'name': 'CRY', 'param': 6.283185307179586, 'wires': [6, 2]}, {'name': 'RY', 'param': 1.540139665505771, 'wires': [3]}]
[2025-08-05 12:02:57,297][INFO] Energy: 0.8976259654820233
