[2025-08-05 12:00:41,433][INFO] Starting VQE run 45 (seed=66942970)
[2025-08-05 12:00:41,740][INFO] Adding RY(0.0, wires=[6]) had small change in overlap from 0.0 to 0.0
[2025-08-05 12:00:42,247][INFO] Adding CRY(0.0, wires=[6, 5])) had small change in overlap from 0.0 to 0.0
[2025-08-05 12:00:43,215][INFO] Adding RY(0.0, wires=[4]) had small change in overlap from 0.0 to 0.0
[2025-08-05 12:00:44,101][INFO] Adding RY(0.0, wires=[5]) had small change in overlap from 0.0 to 0.0
[2025-08-05 12:00:46,625][INFO] Adding RY(0.0, wires=[3]) had small change in overlap from 0.0 to 0.0
[2025-08-05 12:00:48,553][INFO] Adding CRY(0.0, wires=[6, 4])) had small change in overlap from 0.0 to 0.0
[2025-08-05 12:00:51,458][INFO] Adding CRY(0.0, wires=[5, 6])) had small change in overlap from 0.0 to 0.0
[2025-08-05 12:00:57,272][INFO] Adding CRY(0.0, wires=[6, 3])) had small change in overlap from 0.0 to 0.0
[2025-08-05 12:01:11,895][INFO] Adding RY(0.0, wires=[4]) had small change in overlap from 0.0 to 0.0
[2025-08-05 12:01:17,243][INFO] Adding CRY(0.0, wires=[4, 6])) had small change in overlap from 0.0 to 0.0
[2025-08-05 12:01:27,103][INFO] Adding CRY(0.0, wires=[5, 4])) had small change in overlap from 0.0 to 0.0
[2025-08-05 12:01:40,976][INFO] Adding RY(0.0, wires=[4]) had small change in overlap from 0.0 to 0.0
[2025-08-05 12:02:01,244][INFO] Adding CRY(0.0, wires=[5, 3])) had small change in overlap from 0.0 to 0.0
[2025-08-05 12:02:18,021][INFO] Adding RY(0.0, wires=[2]) had small change in overlap from 0.0 to 0.0
[2025-08-05 12:02:36,542][INFO] Adding RY(0.0, wires=[3]) had small change in overlap from 0.0 to 0.0
[2025-08-05 12:02:56,943][INFO] Adding CRY(0.0, wires=[6, 2])) had small change in overlap from 0.0 to 0.0
[2025-08-05 12:03:14,301][INFO] Adding CRY(0.0, wires=[4, 5])) had small change in overlap from 0.0 to 0.0
[2025-08-05 12:04:10,379][INFO] Adding CRY(0.0, wires=[4, 3])) had small change in overlap from 0.0 to 0.0
[2025-08-05 12:04:46,706][INFO] Adding RY(0.0, wires=[3]) had small change in overlap from 0.0 to 0.0
[2025-08-05 12:05:30,819][INFO] Adding CRY(0.0, wires=[5, 2])) had small change in overlap from 0.0 to 0.0
[2025-08-05 12:06:44,190][INFO] Adding RY(0.0, wires=[5]) had small change in overlap from 0.0 to 0.0
[2025-08-05 12:07:21,178][INFO] Adding RY(0.0, wires=[6]) had small change in overlap from 0.0 to 0.0
[2025-08-05 12:07:59,318][INFO] Adding RY(0.0, wires=[2]) had small change in overlap from 0.0 to 0.0
[2025-08-05 12:09:03,136][INFO] Adding RY(0.0, wires=[4]) had small change in overlap from 0.0 to 0.0
[2025-08-05 12:09:40,923][INFO] Adding CRY(0.0, wires=[4, 2])) had small change in overlap from 0.0 to 0.0
[2025-08-05 12:11:03,461][INFO] Adding RY(0.0, wires=[2]) had small change in overlap from 0.0 to 0.0
[2025-08-05 12:12:20,169][INFO] Adding CRY(0.0, wires=[3, 5])) had small change in overlap from 0.0 to 0.0
[2025-08-05 12:13:07,846][INFO] Adding RY(0.0, wires=[3]) had small change in overlap from 0.0 to 0.0
[2025-08-05 12:13:52,249][INFO] Adding CRY(0.0, wires=[3, 4])) had small change in overlap from 0.0 to 0.0
[2025-08-05 12:14:36,278][INFO] Adding RY(0.0, wires=[3]) had small change in overlap from 0.0 to 0.0
[2025-08-05 12:14:36,279][INFO] Completed VQE run 29
[2025-08-05 12:14:36,279][INFO] Final ops list: [{'name': 'RY', 'param': 6.2831852646915625, 'wires': [6]}, {'name': 'CRY', 'param': 1.9914815237601093, 'wires': [6, 5]}, {'name': 'RY', 'param': 2.0616193379884367, 'wires': [4]}, {'name': 'RY', 'param': 3.44744449739812, 'wires': [5]}, {'name': 'RY', 'param': 1.9683200798594755, 'wires': [3]}, {'name': 'CRY', 'param': 0.37662791905921467, 'wires': [6, 4]}, {'name': 'CRY', 'param': 3.141344707981232, 'wires': [5, 6]}, {'name': 'CRY', 'param': 3.0138417233032078, 'wires': [6, 3]}, {'name': 'RY', 'param': 4.308615934530805, 'wires': [4]}, {'name': 'CRY', 'param': 4.752057424882723, 'wires': [4, 6]}, {'name': 'CRY', 'param': 6.274668199828576, 'wires': [5, 4]}, {'name': 'RY', 'param': 0.24354311568587053, 'wires': [4]}, {'name': 'CRY', 'param': 3.1777431028350054, 'wires': [5, 3]}, {'name': 'RY', 'param': 5.818627373581561, 'wires': [2]}, {'name': 'RY', 'param': 5.365263545470319, 'wires': [3]}, {'name': 'CRY', 'param': 0.0022431368223452862, 'wires': [6, 2]}, {'name': 'CRY', 'param': 0.6318825988444814, 'wires': [4, 5]}, {'name': 'CRY', 'param': 6.283185307179586, 'wires': [4, 3]}, {'name': 'RY', 'param': 5.330920995468272, 'wires': [3]}, {'name': 'CRY', 'param': 6.282533832230657, 'wires': [5, 2]}, {'name': 'RY', 'param': 3.275822488727824, 'wires': [5]}, {'name': 'RY', 'param': 1.897274382044209, 'wires': [6]}, {'name': 'RY', 'param': 4.734665780195321, 'wires': [2]}, {'name': 'RY', 'param': 0.0, 'wires': [4]}, {'name': 'CRY', 'param': 0.0005315948797591839, 'wires': [4, 2]}, {'name': 'RY', 'param': 2.0109716331413168, 'wires': [2]}, {'name': 'CRY', 'param': 2.5088307416017246, 'wires': [3, 5]}, {'name': 'RY', 'param': 0.0, 'wires': [3]}, {'name': 'CRY', 'param': 6.204636991399107, 'wires': [3, 4]}, {'name': 'RY', 'param': 6.283185307179586, 'wires': [3]}]
[2025-08-05 12:14:36,279][INFO] Energy: 0.8920939543424238
