[2025-08-05 12:00:41,430][INFO] Starting VQE run 42 (seed=112409974)
[2025-08-05 12:00:41,763][INFO] Adding RY(0.0, wires=[6]) had small change in overlap from 0.0 to 0.0
[2025-08-05 12:00:42,204][INFO] Adding CRY(0.0, wires=[6, 5])) had small change in overlap from 0.0 to 0.0
[2025-08-05 12:00:42,758][INFO] Adding RY(0.0, wires=[4]) had small change in overlap from 0.0 to 0.0
[2025-08-05 12:00:43,397][INFO] Adding RY(0.0, wires=[5]) had small change in overlap from 0.0 to 0.0
[2025-08-05 12:00:45,785][INFO] Adding RY(0.0, wires=[3]) had small change in overlap from 0.0 to 0.0
[2025-08-05 12:00:48,565][INFO] Adding CRY(0.0, wires=[6, 4])) had small change in overlap from 0.0 to 0.0
[2025-08-05 12:00:50,777][INFO] Adding CRY(0.0, wires=[5, 4])) had small change in overlap from 0.0 to 0.0
[2025-08-05 12:00:53,770][INFO] Adding CRY(0.0, wires=[6, 3])) had small change in overlap from 0.0 to 0.0
[2025-08-05 12:01:02,567][INFO] Adding RY(0.0, wires=[3]) had small change in overlap from 0.0 to 0.0
[2025-08-05 12:01:07,978][INFO] Adding RY(0.0, wires=[5]) had small change in overlap from 0.0 to 0.0
[2025-08-05 12:01:16,672][INFO] Adding CRY(0.0, wires=[5, 3])) had small change in overlap from 0.0 to 0.0
[2025-08-05 12:01:25,350][INFO] Adding RY(0.0, wires=[2]) had small change in overlap from 0.0 to 0.0
[2025-08-05 12:01:37,403][INFO] Adding CRY(0.0, wires=[4, 6])) had small change in overlap from 0.0 to 0.0
[2025-08-05 12:01:50,676][INFO] Adding CRY(0.0, wires=[4, 3])) had small change in overlap from 0.0 to 0.0
[2025-08-05 12:02:08,151][INFO] Adding RY(0.0, wires=[4]) had small change in overlap from 0.0 to 0.0
[2025-08-05 12:02:33,972][INFO] Adding CRY(0.0, wires=[6, 2])) had small change in overlap from 0.0 to 0.0
[2025-08-05 12:03:05,656][INFO] Adding CRY(0.0, wires=[5, 6])) had small change in overlap from 0.0 to 0.0
[2025-08-05 12:03:38,602][INFO] Adding RY(0.0, wires=[2]) had small change in overlap from 0.0 to 0.0
[2025-08-05 12:04:13,099][INFO] Adding CRY(0.0, wires=[4, 5])) had small change in overlap from 0.0 to 0.0
[2025-08-05 12:04:30,147][INFO] Adding RY(0.0, wires=[5]) had small change in overlap from 0.0 to 0.0
[2025-08-05 12:05:24,197][INFO] Adding RY(0.0, wires=[6]) had small change in overlap from 0.0 to 0.0
[2025-08-05 12:06:38,809][INFO] Adding CRY(0.0, wires=[5, 2])) had small change in overlap from 0.0 to 0.0
[2025-08-05 12:07:37,744][INFO] Adding RY(0.0, wires=[1]) had small change in overlap from 0.0 to 0.0
[2025-08-05 12:08:15,600][INFO] Adding RY(0.0, wires=[5]) had small change in overlap from 0.0 to 0.0
[2025-08-05 12:08:50,519][INFO] Adding CRY(0.0, wires=[3, 5])) had small change in overlap from 0.0 to 0.0
[2025-08-05 12:09:30,674][INFO] Adding RY(0.0, wires=[3]) had small change in overlap from 0.0 to 0.0
[2025-08-05 12:10:11,912][INFO] Adding CRY(0.0, wires=[3, 6])) had small change in overlap from 0.0 to 0.0
[2025-08-05 12:10:51,989][INFO] Adding RY(0.0, wires=[2]) had small change in overlap from 0.0 to 0.0
[2025-08-05 12:12:21,226][INFO] Adding RY(0.0, wires=[3]) had small change in overlap from 0.0 to 0.0
[2025-08-05 12:13:07,881][INFO] Adding CRY(0.0, wires=[5, 1])) had small change in overlap from 0.0 to 0.0
[2025-08-05 12:13:07,881][INFO] Completed VQE run 29
[2025-08-05 12:13:07,882][INFO] Final ops list: [{'name': 'RY', 'param': 3.18778586488359, 'wires': [6]}, {'name': 'CRY', 'param': 6.2528810748583465, 'wires': [6, 5]}, {'name': 'RY', 'param': 5.174074635470024, 'wires': [4]}, {'name': 'RY', 'param': 3.17487701283329, 'wires': [5]}, {'name': 'RY', 'param': 3.275170492919497, 'wires': [3]}, {'name': 'CRY', 'param': 4.497858747958573, 'wires': [6, 4]}, {'name': 'CRY', 'param': 2.9086931004490895, 'wires': [5, 4]}, {'name': 'CRY', 'param': 1.8744219760142564, 'wires': [6, 3]}, {'name': 'RY', 'param': 3.428288377302508, 'wires': [3]}, {'name': 'RY', 'param': 3.3812347400233933, 'wires': [5]}, {'name': 'CRY', 'param': 6.283185307179586, 'wires': [5, 3]}, {'name': 'RY', 'param': 4.957705114235392, 'wires': [2]}, {'name': 'CRY', 'param': 4.543585441843272, 'wires': [4, 6]}, {'name': 'CRY', 'param': 3.0266681951535452, 'wires': [4, 3]}, {'name': 'RY', 'param': 0.0, 'wires': [4]}, {'name': 'CRY', 'param': 0.08918884064255832, 'wires': [6, 2]}, {'name': 'CRY', 'param': 2.0604884240816985, 'wires': [5, 6]}, {'name': 'RY', 'param': 5.790732659368337, 'wires': [2]}, {'name': 'CRY', 'param': 1.3771957738357314, 'wires': [4, 5]}, {'name': 'RY', 'param': 0.045862773206632686, 'wires': [5]}, {'name': 'RY', 'param': 2.707400975650668, 'wires': [6]}, {'name': 'CRY', 'param': 0.0, 'wires': [5, 2]}, {'name': 'RY', 'param': 6.283185307179586, 'wires': [1]}, {'name': 'RY', 'param': 0.018393460268217032, 'wires': [5]}, {'name': 'CRY', 'param': 0.0, 'wires': [3, 5]}, {'name': 'RY', 'param': 0.9231966627975752, 'wires': [3]}, {'name': 'CRY', 'param': 5.52540383260596, 'wires': [3, 6]}, {'name': 'RY', 'param': 1.7362595980211026, 'wires': [2]}, {'name': 'RY', 'param': 3.212626900621332, 'wires': [3]}, {'name': 'CRY', 'param': 6.25921846563035, 'wires': [5, 1]}]
[2025-08-05 12:13:07,882][INFO] Energy: 0.9555236705945288
