[2025-08-05 12:00:41,542][INFO] Starting VQE run 88 (seed=73685454)
[2025-08-05 12:00:41,862][INFO] Adding RY(0.0, wires=[6]) had small change in overlap from 0.0 to 0.0
[2025-08-05 12:00:42,255][INFO] Adding CRY(0.0, wires=[6, 5])) had small change in overlap from 0.0 to 0.0
[2025-08-05 12:00:43,046][INFO] Adding RY(0.0, wires=[4]) had small change in overlap from 0.0 to 0.0
[2025-08-05 12:00:44,209][INFO] Adding RY(0.0, wires=[5]) had small change in overlap from 0.0 to 0.0
[2025-08-05 12:00:45,434][INFO] Adding RY(0.0, wires=[3]) had small change in overlap from 0.0 to 0.0
[2025-08-05 12:00:48,885][INFO] Adding CRY(0.0, wires=[6, 4])) had small change in overlap from 0.0 to 0.0
[2025-08-05 12:00:52,762][INFO] Adding RY(0.0, wires=[4]) had small change in overlap from 0.0 to 0.0
[2025-08-05 12:00:58,061][INFO] Adding CRY(0.0, wires=[6, 3])) had small change in overlap from 0.0 to 0.0
[2025-08-05 12:01:01,931][INFO] Adding CRY(0.0, wires=[4, 6])) had small change in overlap from 0.0 to 0.0
[2025-08-05 12:01:09,467][INFO] Adding CRY(0.0, wires=[5, 4])) had small change in overlap from 0.0 to 0.0
[2025-08-05 12:01:30,428][INFO] Adding CRY(0.0, wires=[5, 3])) had small change in overlap from 0.0 to 0.0
[2025-08-05 12:01:37,307][INFO] Adding CRY(0.0, wires=[4, 5])) had small change in overlap from 0.0 to 0.0
[2025-08-05 12:01:48,572][INFO] Adding CRY(0.0, wires=[6, 2])) had small change in overlap from 0.0 to 0.0
[2025-08-05 12:02:02,921][INFO] Adding RY(0.0, wires=[5]) had small change in overlap from 0.0 to 0.0
[2025-08-05 12:02:28,500][INFO] Adding RY(0.0, wires=[3]) had small change in overlap from 0.0 to 0.0
[2025-08-05 12:02:54,237][INFO] Adding RY(0.0, wires=[2]) had small change in overlap from 0.0 to 0.0
[2025-08-05 12:03:22,693][INFO] Adding CRY(0.0, wires=[4, 3])) had small change in overlap from 0.0 to 0.0
[2025-08-05 12:03:51,538][INFO] Adding CRY(0.0, wires=[5, 6])) had small change in overlap from 0.0 to 0.0
[2025-08-05 12:04:22,992][INFO] Adding RY(0.0, wires=[5]) had small change in overlap from 0.0 to 0.0
[2025-08-05 12:05:23,871][INFO] Adding CRY(0.0, wires=[3, 5])) had small change in overlap from 0.0 to 0.0
[2025-08-05 12:05:59,533][INFO] Adding CRY(0.0, wires=[5, 2])) had small change in overlap from 0.0 to 0.0
[2025-08-05 12:06:32,902][INFO] Adding RY(0.0, wires=[2]) had small change in overlap from 0.0 to 0.0
[2025-08-05 12:07:06,787][INFO] Adding CRY(0.0, wires=[3, 4])) had small change in overlap from 0.0 to 0.0
[2025-08-05 12:07:42,628][INFO] Adding RY(0.0, wires=[3]) had small change in overlap from 0.0 to 0.0
[2025-08-05 12:08:32,871][INFO] Adding CRY(0.0, wires=[3, 6])) had small change in overlap from 0.0 to 0.0
[2025-08-05 12:09:12,726][INFO] Adding RY(0.0, wires=[6]) had small change in overlap from 0.0 to 0.0
[2025-08-05 12:09:56,254][INFO] Adding RY(0.0, wires=[3]) had small change in overlap from 0.0 to 0.0
[2025-08-05 12:10:43,263][INFO] Adding CRY(0.0, wires=[4, 2])) had small change in overlap from 0.0 to 0.0
[2025-08-05 12:12:15,530][INFO] Adding RY(0.0, wires=[2]) had small change in overlap from 0.0 to 0.0
[2025-08-05 12:13:15,418][INFO] Adding CRY(0.0, wires=[3, 2])) had small change in overlap from 0.0 to 0.0
[2025-08-05 12:13:15,418][INFO] Completed VQE run 29
[2025-08-05 12:13:15,418][INFO] Final ops list: [{'name': 'RY', 'param': 3.1409228124655475, 'wires': [6]}, {'name': 'CRY', 'param': 4.092100680109321, 'wires': [6, 5]}, {'name': 'RY', 'param': 0.46819021181303105, 'wires': [4]}, {'name': 'RY', 'param': 2.1910832691912794, 'wires': [5]}, {'name': 'RY', 'param': 1.0668185185482444, 'wires': [3]}, {'name': 'CRY', 'param': 3.302004560682682, 'wires': [6, 4]}, {'name': 'RY', 'param': 2.6802692723156665, 'wires': [4]}, {'name': 'CRY', 'param': 2.915453184264138, 'wires': [6, 3]}, {'name': 'CRY', 'param': 0.9905799686954343, 'wires': [4, 6]}, {'name': 'CRY', 'param': 2.977421477089671, 'wires': [5, 4]}, {'name': 'CRY', 'param': 3.766181589460059, 'wires': [5, 3]}, {'name': 'CRY', 'param': 5.78432902609158, 'wires': [4, 5]}, {'name': 'CRY', 'param': 0.0009582956622017715, 'wires': [6, 2]}, {'name': 'RY', 'param': 3.827348061597203, 'wires': [5]}, {'name': 'RY', 'param': 2.2994505583834153, 'wires': [3]}, {'name': 'RY', 'param': 4.668740260244311, 'wires': [2]}, {'name': 'CRY', 'param': 0.0, 'wires': [4, 3]}, {'name': 'CRY', 'param': 5.276257234557443, 'wires': [5, 6]}, {'name': 'RY', 'param': 3.6362179234965444, 'wires': [5]}, {'name': 'CRY', 'param': 3.8134011097019274, 'wires': [3, 5]}, {'name': 'CRY', 'param': 6.28113071610077, 'wires': [5, 2]}, {'name': 'RY', 'param': 2.665575711460862, 'wires': [2]}, {'name': 'CRY', 'param': 1.6882419481926902, 'wires': [3, 4]}, {'name': 'RY', 'param': 1.4182734483733173, 'wires': [3]}, {'name': 'CRY', 'param': 0.0, 'wires': [3, 6]}, {'name': 'RY', 'param': 2.7902116806655424, 'wires': [6]}, {'name': 'RY', 'param': 4.862490105634148, 'wires': [3]}, {'name': 'CRY', 'param': 0.0006125090347243958, 'wires': [4, 2]}, {'name': 'RY', 'param': 5.232028246510297, 'wires': [2]}, {'name': 'CRY', 'param': 5.856514150515388, 'wires': [3, 2]}]
[2025-08-05 12:13:15,418][INFO] Energy: 0.8954038216020676
