[2025-08-05 12:00:41,423][INFO] Starting VQE run 33 (seed=1897408)
[2025-08-05 12:00:41,747][INFO] Adding RY(0.0, wires=[6]) had small change in overlap from 0.0 to 0.0
[2025-08-05 12:00:42,188][INFO] Adding CRY(0.0, wires=[6, 5])) had small change in overlap from 0.0 to 0.0
[2025-08-05 12:00:42,763][INFO] Adding RY(0.0, wires=[4]) had small change in overlap from 0.0 to 0.0
[2025-08-05 12:00:43,858][INFO] Adding RY(0.0, wires=[5]) had small change in overlap from 0.0 to 0.0
[2025-08-05 12:00:45,252][INFO] Adding RY(0.0, wires=[3]) had small change in overlap from 0.0 to 0.0
[2025-08-05 12:00:47,733][INFO] Adding CRY(0.0, wires=[6, 4])) had small change in overlap from 0.0 to 0.0
[2025-08-05 12:00:51,167][INFO] Adding CRY(0.0, wires=[5, 6])) had small change in overlap from 0.0 to 0.0
[2025-08-05 12:00:56,776][INFO] Adding CRY(0.0, wires=[6, 3])) had small change in overlap from 0.0 to 0.0
[2025-08-05 12:01:02,663][INFO] Adding RY(0.0, wires=[4]) had small change in overlap from 0.0 to 0.0
[2025-08-05 12:01:10,688][INFO] Adding RY(0.0, wires=[3]) had small change in overlap from 0.0 to 0.0
[2025-08-05 12:01:17,350][INFO] Adding CRY(0.0, wires=[4, 6])) had small change in overlap from 0.0 to 0.0
[2025-08-05 12:01:27,448][INFO] Adding CRY(0.0, wires=[5, 4])) had small change in overlap from 0.0 to 0.0
[2025-08-05 12:01:42,692][INFO] Adding CRY(0.0, wires=[5, 3])) had small change in overlap from 0.0 to 0.0
[2025-08-05 12:02:07,414][INFO] Adding RY(0.0, wires=[4]) had small change in overlap from 0.0 to 0.0
[2025-08-05 12:02:19,901][INFO] Adding CRY(0.0, wires=[6, 2])) had small change in overlap from 0.0 to 0.0
[2025-08-05 12:02:29,697][INFO] Adding CRY(0.0, wires=[4, 3])) had small change in overlap from 0.0 to 0.0
[2025-08-05 12:02:53,961][INFO] Adding RY(0.0, wires=[2]) had small change in overlap from 0.0 to 0.0
[2025-08-05 12:03:24,718][INFO] Adding CRY(0.0, wires=[5, 2])) had small change in overlap from 0.0 to 0.0
[2025-08-05 12:04:04,673][INFO] Adding CRY(0.0, wires=[4, 2])) had small change in overlap from 0.0 to 0.0
[2025-08-05 12:04:52,069][INFO] Adding RY(0.0, wires=[4]) had small change in overlap from 0.0 to 0.0
[2025-08-05 12:05:40,697][INFO] Adding RY(0.0, wires=[1]) had small change in overlap from 0.0 to 0.0
[2025-08-05 12:06:17,494][INFO] Adding RY(0.0, wires=[2]) had small change in overlap from 0.0 to 0.0
[2025-08-05 12:06:49,899][INFO] Adding RY(0.0, wires=[5]) had small change in overlap from 0.0 to 0.0
[2025-08-05 12:07:23,254][INFO] Adding CRY(0.0, wires=[4, 5])) had small change in overlap from 0.0 to 0.0
[2025-08-05 12:08:15,987][INFO] Adding RY(0.0, wires=[5]) had small change in overlap from 0.0 to 0.0
[2025-08-05 12:09:00,455][INFO] Adding RY(0.0, wires=[3]) had small change in overlap from 0.0 to 0.0
[2025-08-05 12:09:52,109][INFO] Adding RY(0.0, wires=[6]) had small change in overlap from 0.0 to 0.0
[2025-08-05 12:11:06,333][INFO] Adding CRY(0.0, wires=[3, 6])) had small change in overlap from 0.0 to 0.0
[2025-08-05 12:12:37,751][INFO] Adding CRY(0.0, wires=[3, 5])) had small change in overlap from 0.0 to 0.0
[2025-08-05 12:13:17,201][INFO] Adding RY(0.0, wires=[3]) had small change in overlap from 0.0 to 0.0
[2025-08-05 12:13:17,201][INFO] Completed VQE run 29
[2025-08-05 12:13:17,201][INFO] Final ops list: [{'name': 'RY', 'param': 0.0014890057753755349, 'wires': [6]}, {'name': 'CRY', 'param': 5.9157512087588175, 'wires': [6, 5]}, {'name': 'RY', 'param': 6.283185307179586, 'wires': [4]}, {'name': 'RY', 'param': 6.283185307179586, 'wires': [5]}, {'name': 'RY', 'param': 0.00019643635226405904, 'wires': [3]}, {'name': 'CRY', 'param': 4.217309005065708, 'wires': [6, 4]}, {'name': 'CRY', 'param': 5.4484942620826216, 'wires': [5, 6]}, {'name': 'CRY', 'param': 0.0047755048374745895, 'wires': [6, 3]}, {'name': 'RY', 'param': 6.283185307179586, 'wires': [4]}, {'name': 'RY', 'param': 5.431565804788785e-08, 'wires': [3]}, {'name': 'CRY', 'param': 2.841030761405096, 'wires': [4, 6]}, {'name': 'CRY', 'param': 0.00692250583936016, 'wires': [5, 4]}, {'name': 'CRY', 'param': 0.005358684646545477, 'wires': [5, 3]}, {'name': 'RY', 'param': 0.0, 'wires': [4]}, {'name': 'CRY', 'param': 6.268246067517097, 'wires': [6, 2]}, {'name': 'CRY', 'param': 2.6753655363838544, 'wires': [4, 3]}, {'name': 'RY', 'param': 0.0, 'wires': [2]}, {'name': 'CRY', 'param': 4.277937900168957, 'wires': [5, 2]}, {'name': 'CRY', 'param': 6.2828809189309105, 'wires': [4, 2]}, {'name': 'RY', 'param': 0.0, 'wires': [4]}, {'name': 'RY', 'param': 6.283093065087974, 'wires': [1]}, {'name': 'RY', 'param': 0.0, 'wires': [2]}, {'name': 'RY', 'param': 0.02138633564407673, 'wires': [5]}, {'name': 'CRY', 'param': 0.0, 'wires': [4, 5]}, {'name': 'RY', 'param': 0.022277997054526655, 'wires': [5]}, {'name': 'RY', 'param': 3.9467663038819747e-08, 'wires': [3]}, {'name': 'RY', 'param': 5.319106560377063, 'wires': [6]}, {'name': 'CRY', 'param': 4.486684307081325, 'wires': [3, 6]}, {'name': 'CRY', 'param': 0.0, 'wires': [3, 5]}, {'name': 'RY', 'param': 0.0, 'wires': [3]}]
[2025-08-05 12:13:17,201][INFO] Energy: 1.0918027774240984
