[2025-08-05 12:00:41,512][INFO] Starting VQE run 86 (seed=21692264)
[2025-08-05 12:00:41,818][INFO] Adding RY(0.0, wires=[6]) had small change in overlap from 0.0 to 0.0
[2025-08-05 12:00:42,144][INFO] Adding CRY(0.0, wires=[6, 5])) had small change in overlap from 0.0 to 0.0
[2025-08-05 12:00:42,867][INFO] Adding RY(0.0, wires=[4]) had small change in overlap from 0.0 to 0.0
[2025-08-05 12:00:43,674][INFO] Adding RY(0.0, wires=[5]) had small change in overlap from 0.0 to 0.0
[2025-08-05 12:00:45,281][INFO] Adding RY(0.0, wires=[3]) had small change in overlap from 0.0 to 0.0
[2025-08-05 12:00:47,863][INFO] Adding CRY(0.0, wires=[6, 4])) had small change in overlap from 0.0 to 0.0
[2025-08-05 12:00:50,220][INFO] Adding RY(0.0, wires=[4]) had small change in overlap from 0.0 to 0.0
[2025-08-05 12:00:55,319][INFO] Adding CRY(0.0, wires=[5, 6])) had small change in overlap from 0.0 to 0.0
[2025-08-05 12:00:58,708][INFO] Adding CRY(0.0, wires=[6, 3])) had small change in overlap from 0.0 to 0.0
[2025-08-05 12:01:04,478][INFO] Adding RY(0.0, wires=[3]) had small change in overlap from 0.0 to 0.0
[2025-08-05 12:01:12,486][INFO] Adding CRY(0.0, wires=[5, 4])) had small change in overlap from 0.0 to 0.0
[2025-08-05 12:01:23,089][INFO] Adding RY(0.0, wires=[5]) had small change in overlap from 0.0 to 0.0
[2025-08-05 12:01:41,139][INFO] Adding CRY(0.0, wires=[4, 5])) had small change in overlap from 0.0 to 0.0
[2025-08-05 12:01:55,662][INFO] Adding CRY(0.0, wires=[4, 6])) had small change in overlap from 0.0 to 0.0
[2025-08-05 12:02:21,171][INFO] Adding CRY(0.0, wires=[5, 3])) had small change in overlap from 0.0 to 0.0
[2025-08-05 12:02:47,347][INFO] Adding RY(0.0, wires=[2]) had small change in overlap from 0.0 to 0.0
[2025-08-05 12:02:47,347][INFO] gradient converged
[2025-08-05 12:02:47,347][INFO] Completed VQE run 15
[2025-08-05 12:02:47,347][INFO] Final ops list: [{'name': 'RY', 'param': 0.4920086473716584, 'wires': [6]}, {'name': 'CRY', 'param': 5.406641558082495, 'wires': [6, 5]}, {'name': 'RY', 'param': 1.20688742244736, 'wires': [4]}, {'name': 'RY', 'param': 2.9306398216892013, 'wires': [5]}, {'name': 'RY', 'param': 1.8557535184677658, 'wires': [3]}, {'name': 'CRY', 'param': 5.6193499869714785, 'wires': [6, 4]}, {'name': 'RY', 'param': 4.84391244505563, 'wires': [4]}, {'name': 'CRY', 'param': 4.621669441858358, 'wires': [5, 6]}, {'name': 'CRY', 'param': 0.0, 'wires': [6, 3]}, {'name': 'RY', 'param': 4.423919765420915, 'wires': [3]}, {'name': 'CRY', 'param': 0.289864515753558, 'wires': [5, 4]}, {'name': 'RY', 'param': 3.2374009353683784, 'wires': [5]}, {'name': 'CRY', 'param': 4.336155036432288, 'wires': [4, 5]}, {'name': 'CRY', 'param': 3.359700303787223, 'wires': [4, 6]}, {'name': 'CRY', 'param': 0.00554099919967874, 'wires': [5, 3]}]
[2025-08-05 12:02:47,347][INFO] Energy: 0.8938835091155138
