[2025-08-05 12:00:41,406][INFO] Starting VQE run 23 (seed=112301825)
[2025-08-05 12:00:41,724][INFO] Adding RY(0.0, wires=[6]) had small change in overlap from 0.0 to 0.0
[2025-08-05 12:00:42,164][INFO] Adding CRY(0.0, wires=[6, 5])) had small change in overlap from 0.0 to 0.0
[2025-08-05 12:00:42,933][INFO] Adding RY(0.0, wires=[4]) had small change in overlap from 0.0 to 0.0
[2025-08-05 12:00:43,994][INFO] Adding RY(0.0, wires=[5]) had small change in overlap from 0.0 to 0.0
[2025-08-05 12:00:45,472][INFO] Adding RY(0.0, wires=[3]) had small change in overlap from 0.0 to 0.0
[2025-08-05 12:00:47,498][INFO] Adding CRY(0.0, wires=[6, 4])) had small change in overlap from 0.0 to 0.0
[2025-08-05 12:00:50,486][INFO] Adding CRY(0.0, wires=[4, 6])) had small change in overlap from 0.0 to 0.0
[2025-08-05 12:00:55,042][INFO] Adding CRY(0.0, wires=[6, 3])) had small change in overlap from 0.0 to 0.0
[2025-08-05 12:01:03,912][INFO] Adding RY(0.0, wires=[4]) had small change in overlap from 0.0 to 0.0
[2025-08-05 12:01:10,110][INFO] Adding CRY(0.0, wires=[5, 3])) had small change in overlap from 0.0 to 0.0
[2025-08-05 12:01:19,154][INFO] Adding RY(0.0, wires=[2]) had small change in overlap from 0.0 to 0.0
[2025-08-05 12:01:32,397][INFO] Adding CRY(0.0, wires=[6, 2])) had small change in overlap from 0.0 to 0.0
[2025-08-05 12:01:42,551][INFO] Adding RY(0.0, wires=[6]) had small change in overlap from 0.0 to 0.0
[2025-08-05 12:01:51,932][INFO] Adding CRY(0.0, wires=[5, 4])) had small change in overlap from 0.0 to 0.0
[2025-08-05 12:02:11,400][INFO] Adding RY(0.0, wires=[5]) had small change in overlap from 0.0 to 0.0
[2025-08-05 12:02:43,668][INFO] Adding CRY(0.0, wires=[4, 3])) had small change in overlap from 0.0 to 0.0
[2025-08-05 12:03:12,728][INFO] Adding CRY(0.0, wires=[5, 2])) had small change in overlap from 0.0 to 0.0
[2025-08-05 12:03:43,401][INFO] Adding CRY(0.0, wires=[4, 2])) had small change in overlap from 0.0 to 0.0
[2025-08-05 12:04:09,002][INFO] Adding RY(0.0, wires=[4]) had small change in overlap from 0.0 to 0.0
[2025-08-05 12:04:41,650][INFO] Adding RY(0.0, wires=[2]) had small change in overlap from 0.0 to 0.0
[2025-08-05 12:05:19,918][INFO] Adding RY(0.0, wires=[5]) had small change in overlap from 0.0 to 0.0
[2025-08-05 12:05:54,945][INFO] Adding CRY(0.0, wires=[3, 4])) had small change in overlap from 0.0 to 0.0
[2025-08-05 12:06:27,382][INFO] Adding RY(0.0, wires=[3]) had small change in overlap from 0.0 to 0.0
[2025-08-05 12:06:27,382][INFO] gradient converged
[2025-08-05 12:06:27,382][INFO] Completed VQE run 22
[2025-08-05 12:06:27,382][INFO] Final ops list: [{'name': 'RY', 'param': 3.5110415275893447, 'wires': [6]}, {'name': 'CRY', 'param': 2.438764576349666, 'wires': [6, 5]}, {'name': 'RY', 'param': 4.562610595893381, 'wires': [4]}, {'name': 'RY', 'param': 3.431691802810418, 'wires': [5]}, {'name': 'RY', 'param': 0.011637960697047712, 'wires': [3]}, {'name': 'CRY', 'param': 4.80223636914679, 'wires': [6, 4]}, {'name': 'CRY', 'param': 4.513479014081872, 'wires': [4, 6]}, {'name': 'CRY', 'param': 6.252541543607672, 'wires': [6, 3]}, {'name': 'RY', 'param': 3.851888549435605, 'wires': [4]}, {'name': 'CRY', 'param': 6.253408022863047, 'wires': [5, 3]}, {'name': 'RY', 'param': 3.296387235719866, 'wires': [2]}, {'name': 'CRY', 'param': 0.0007230434875863725, 'wires': [6, 2]}, {'name': 'RY', 'param': 0.013188063937207933, 'wires': [6]}, {'name': 'CRY', 'param': 1.0991084713979213, 'wires': [5, 4]}, {'name': 'RY', 'param': 1.010357154315017, 'wires': [5]}, {'name': 'CRY', 'param': 6.283185307179586, 'wires': [4, 3]}, {'name': 'CRY', 'param': 0.0, 'wires': [5, 2]}, {'name': 'CRY', 'param': 6.283133756852354, 'wires': [4, 2]}, {'name': 'RY', 'param': 5.393746523166367, 'wires': [4]}, {'name': 'RY', 'param': 2.9870079801729017, 'wires': [2]}, {'name': 'RY', 'param': 4.937487490833511, 'wires': [5]}, {'name': 'CRY', 'param': 0.17922609483233048, 'wires': [3, 4]}]
[2025-08-05 12:06:27,382][INFO] Energy: 0.8921802016456327
