[2025-08-05 12:00:41,400][INFO] Starting VQE run 20 (seed=34312040)
[2025-08-05 12:00:41,688][INFO] Adding RY(0.0, wires=[6]) had small change in overlap from 0.0 to 0.0
[2025-08-05 12:00:42,129][INFO] Adding CRY(0.0, wires=[6, 5])) had small change in overlap from 0.0 to 0.0
[2025-08-05 12:00:43,026][INFO] Adding RY(0.0, wires=[4]) had small change in overlap from 0.0 to 0.0
[2025-08-05 12:00:44,774][INFO] Adding CRY(0.0, wires=[6, 4])) had small change in overlap from 0.0 to 0.0
[2025-08-05 12:00:46,178][INFO] Adding RY(0.0, wires=[5]) had small change in overlap from 0.0 to 0.0
[2025-08-05 12:00:48,844][INFO] Adding RY(0.0, wires=[3]) had small change in overlap from 0.0 to 0.0
[2025-08-05 12:00:51,878][INFO] Adding RY(0.0, wires=[4]) had small change in overlap from 0.0 to 0.0
[2025-08-05 12:00:54,955][INFO] Adding CRY(0.0, wires=[5, 4])) had small change in overlap from 0.0 to 0.0
[2025-08-05 12:01:02,905][INFO] Adding CRY(0.0, wires=[6, 3])) had small change in overlap from 0.0 to 0.0
[2025-08-05 12:01:08,594][INFO] Adding RY(0.0, wires=[3]) had small change in overlap from 0.0 to 0.0
[2025-08-05 12:01:19,759][INFO] Adding RY(0.0, wires=[5]) had small change in overlap from 0.0 to 0.0
[2025-08-05 12:01:29,997][INFO] Adding CRY(0.0, wires=[5, 3])) had small change in overlap from 0.0 to 0.0
[2025-08-05 12:01:45,623][INFO] Adding RY(0.0, wires=[2]) had small change in overlap from 0.0 to 0.0
[2025-08-05 12:02:01,779][INFO] Adding CRY(0.0, wires=[5, 6])) had small change in overlap from 0.0 to 0.0
[2025-08-05 12:02:19,929][INFO] Adding CRY(0.0, wires=[4, 3])) had small change in overlap from 0.0 to 0.0
[2025-08-05 12:02:37,325][INFO] Adding CRY(0.0, wires=[5, 2])) had small change in overlap from 0.0 to 0.0
[2025-08-05 12:03:02,893][INFO] Adding CRY(0.0, wires=[4, 6])) had small change in overlap from 0.0 to 0.0
[2025-08-05 12:03:42,994][INFO] Adding CRY(0.0, wires=[6, 2])) had small change in overlap from 0.0 to 0.0
[2025-08-05 12:04:14,150][INFO] Adding RY(0.0, wires=[5]) had small change in overlap from 0.0 to 0.0
[2025-08-05 12:04:46,197][INFO] Adding CRY(0.0, wires=[3, 4])) had small change in overlap from 0.0 to 0.0
[2025-08-05 12:05:17,294][INFO] Adding RY(0.0, wires=[3]) had small change in overlap from 0.0 to 0.0
[2025-08-05 12:05:17,294][INFO] gradient converged
[2025-08-05 12:05:17,294][INFO] Completed VQE run 20
[2025-08-05 12:05:17,294][INFO] Final ops list: [{'name': 'RY', 'param': 1.2428878529865133, 'wires': [6]}, {'name': 'CRY', 'param': 0.14802663096676213, 'wires': [6, 5]}, {'name': 'RY', 'param': 4.307994061551146, 'wires': [4]}, {'name': 'CRY', 'param': 0.33220378612237994, 'wires': [6, 4]}, {'name': 'RY', 'param': 1.6006655091717554, 'wires': [5]}, {'name': 'RY', 'param': 5.378822495091525, 'wires': [3]}, {'name': 'RY', 'param': 1.8696948814420944, 'wires': [4]}, {'name': 'CRY', 'param': 6.160241220439448, 'wires': [5, 4]}, {'name': 'CRY', 'param': 6.283185307179586, 'wires': [6, 3]}, {'name': 'RY', 'param': 0.9054705669077034, 'wires': [3]}, {'name': 'RY', 'param': 1.9460702833180383, 'wires': [5]}, {'name': 'CRY', 'param': 6.281175884298847, 'wires': [5, 3]}, {'name': 'RY', 'param': 0.0, 'wires': [2]}, {'name': 'CRY', 'param': 2.466745914056258, 'wires': [5, 6]}, {'name': 'CRY', 'param': 6.283185307179586, 'wires': [4, 3]}, {'name': 'CRY', 'param': 6.283185307179586, 'wires': [5, 2]}, {'name': 'CRY', 'param': 4.810906891112179, 'wires': [4, 6]}, {'name': 'CRY', 'param': 0.0, 'wires': [6, 2]}, {'name': 'RY', 'param': 0.10133051521476974, 'wires': [5]}, {'name': 'CRY', 'param': 4.551537759437791, 'wires': [3, 4]}]
[2025-08-05 12:05:17,294][INFO] Energy: 0.8939588118053098
