[2025-08-05 12:00:41,484][INFO] Starting VQE run 78 (seed=60633082)
[2025-08-05 12:00:41,826][INFO] Adding RY(0.0, wires=[6]) had small change in overlap from 0.0 to 0.0
[2025-08-05 12:00:42,220][INFO] Adding CRY(0.0, wires=[6, 5])) had small change in overlap from 0.0 to 0.0
[2025-08-05 12:00:43,075][INFO] Adding RY(0.0, wires=[4]) had small change in overlap from 0.0 to 0.0
[2025-08-05 12:00:44,622][INFO] Adding CRY(0.0, wires=[6, 4])) had small change in overlap from 0.0 to 0.0
[2025-08-05 12:00:48,669][INFO] Adding RY(0.0, wires=[5]) had small change in overlap from 0.0 to 0.0
[2025-08-05 12:00:52,746][INFO] Adding RY(0.0, wires=[4]) had small change in overlap from 0.0 to 0.0
[2025-08-05 12:00:56,411][INFO] Adding RY(0.0, wires=[3]) had small change in overlap from 0.0 to 0.0
[2025-08-05 12:00:59,600][INFO] Adding CRY(0.0, wires=[4, 6])) had small change in overlap from 0.0 to 0.0
[2025-08-05 12:01:05,424][INFO] Adding CRY(0.0, wires=[6, 3])) had small change in overlap from 0.0 to 0.0
[2025-08-05 12:01:14,261][INFO] Adding RY(0.0, wires=[6]) had small change in overlap from 0.0 to 0.0
[2025-08-05 12:01:27,601][INFO] Adding RY(0.0, wires=[3]) had small change in overlap from 0.0 to 0.0
[2025-08-05 12:01:42,000][INFO] Adding CRY(0.0, wires=[5, 4])) had small change in overlap from 0.0 to 0.0
[2025-08-05 12:02:04,653][INFO] Adding CRY(0.0, wires=[5, 3])) had small change in overlap from 0.0 to 0.0
[2025-08-05 12:02:18,102][INFO] Adding RY(0.0, wires=[2]) had small change in overlap from 0.0 to 0.0
[2025-08-05 12:02:41,394][INFO] Adding RY(0.0, wires=[4]) had small change in overlap from 0.0 to 0.0
[2025-08-05 12:02:59,999][INFO] Adding RY(0.0, wires=[5]) had small change in overlap from 0.0 to 0.0
[2025-08-05 12:03:25,068][INFO] Adding CRY(0.0, wires=[6, 2])) had small change in overlap from 0.0 to 0.0
[2025-08-05 12:03:55,352][INFO] Adding RY(0.0, wires=[2]) had small change in overlap from 0.0 to 0.0
[2025-08-05 12:04:21,586][INFO] Adding CRY(0.0, wires=[4, 3])) had small change in overlap from 0.0 to 0.0
[2025-08-05 12:04:55,128][INFO] Adding CRY(0.0, wires=[5, 2])) had small change in overlap from 0.0 to 0.0
[2025-08-05 12:05:44,031][INFO] Adding CRY(0.0, wires=[3, 6])) had small change in overlap from 0.0 to 0.0
[2025-08-05 12:06:30,191][INFO] Adding RY(0.0, wires=[3]) had small change in overlap from 0.0 to 0.0
[2025-08-05 12:07:05,894][INFO] Adding CRY(0.0, wires=[4, 5])) had small change in overlap from 0.0 to 0.0
[2025-08-05 12:07:05,895][INFO] gradient converged
[2025-08-05 12:07:05,895][INFO] Completed VQE run 22
[2025-08-05 12:07:05,895][INFO] Final ops list: [{'name': 'RY', 'param': 5.033102472411212, 'wires': [6]}, {'name': 'CRY', 'param': 0.5920373108491609, 'wires': [6, 5]}, {'name': 'RY', 'param': 1.8822436044692077, 'wires': [4]}, {'name': 'CRY', 'param': 0.0, 'wires': [6, 4]}, {'name': 'RY', 'param': 2.2991023099533403, 'wires': [5]}, {'name': 'RY', 'param': 4.301714181119472, 'wires': [4]}, {'name': 'RY', 'param': 2.511883708095604, 'wires': [3]}, {'name': 'CRY', 'param': 0.9452428589833725, 'wires': [4, 6]}, {'name': 'CRY', 'param': 0.01693986141177932, 'wires': [6, 3]}, {'name': 'RY', 'param': 0.0, 'wires': [6]}, {'name': 'RY', 'param': 2.5314543631017696, 'wires': [3]}, {'name': 'CRY', 'param': 0.0, 'wires': [5, 4]}, {'name': 'CRY', 'param': 0.0, 'wires': [5, 3]}, {'name': 'RY', 'param': 1.7385624859363955, 'wires': [2]}, {'name': 'RY', 'param': 6.248466100433787, 'wires': [4]}, {'name': 'RY', 'param': 3.669262811183361, 'wires': [5]}, {'name': 'CRY', 'param': 0.0, 'wires': [6, 2]}, {'name': 'RY', 'param': 4.544831781574173, 'wires': [2]}, {'name': 'CRY', 'param': 0.0, 'wires': [4, 3]}, {'name': 'CRY', 'param': 6.283006010799162, 'wires': [5, 2]}, {'name': 'CRY', 'param': 6.283185307179586, 'wires': [3, 6]}, {'name': 'RY', 'param': 5.062240421338502, 'wires': [3]}]
[2025-08-05 12:07:05,895][INFO] Energy: 0.9025491710907717
