[2025-08-05 12:00:41,468][INFO] Starting VQE run 67 (seed=21584115)
[2025-08-05 12:00:41,767][INFO] Adding RY(0.0, wires=[6]) had small change in overlap from 0.0 to 0.0
[2025-08-05 12:00:42,206][INFO] Adding CRY(0.0, wires=[6, 5])) had small change in overlap from 0.0 to 0.0
[2025-08-05 12:00:42,863][INFO] Adding RY(0.0, wires=[4]) had small change in overlap from 0.0 to 0.0
[2025-08-05 12:00:43,894][INFO] Adding RY(0.0, wires=[5]) had small change in overlap from 0.0 to 0.0
[2025-08-05 12:00:45,598][INFO] Adding RY(0.0, wires=[3]) had small change in overlap from 0.0 to 0.0
[2025-08-05 12:00:48,667][INFO] Adding CRY(0.0, wires=[6, 4])) had small change in overlap from 0.0 to 0.0
[2025-08-05 12:00:50,932][INFO] Adding CRY(0.0, wires=[5, 4])) had small change in overlap from 0.0 to 0.0
[2025-08-05 12:00:56,784][INFO] Adding CRY(0.0, wires=[6, 3])) had small change in overlap from 0.0 to 0.0
[2025-08-05 12:01:04,021][INFO] Adding RY(0.0, wires=[4]) had small change in overlap from 0.0 to 0.0
[2025-08-05 12:01:14,752][INFO] Adding CRY(0.0, wires=[4, 6])) had small change in overlap from 0.0 to 0.0
[2025-08-05 12:01:22,944][INFO] Adding RY(0.0, wires=[5]) had small change in overlap from 0.0 to 0.0
[2025-08-05 12:01:32,463][INFO] Adding RY(0.0, wires=[3]) had small change in overlap from 0.0 to 0.0
[2025-08-05 12:01:54,474][INFO] Adding RY(0.0, wires=[4]) had small change in overlap from 0.0 to 0.0
[2025-08-05 12:02:23,800][INFO] Adding CRY(0.0, wires=[5, 3])) had small change in overlap from 0.0 to 0.0
[2025-08-05 12:02:47,639][INFO] Adding RY(0.0, wires=[2]) had small change in overlap from 0.0 to 0.0
[2025-08-05 12:03:15,871][INFO] Adding CRY(0.0, wires=[4, 3])) had small change in overlap from 0.0 to 0.0
[2025-08-05 12:03:45,827][INFO] Adding RY(0.0, wires=[4]) had small change in overlap from 0.0 to 0.0
[2025-08-05 12:04:12,627][INFO] Adding CRY(0.0, wires=[6, 2])) had small change in overlap from 0.0 to 0.0
[2025-08-05 12:04:41,834][INFO] Adding RY(0.0, wires=[6]) had small change in overlap from 0.0 to 0.0
[2025-08-05 12:05:21,683][INFO] Adding CRY(0.0, wires=[5, 6])) had small change in overlap from 0.0 to 0.0
[2025-08-05 12:05:56,025][INFO] Adding RY(0.0, wires=[2]) had small change in overlap from 0.0 to 0.0
[2025-08-05 12:06:28,466][INFO] Adding CRY(0.0, wires=[4, 5])) had small change in overlap from 0.0 to 0.0
[2025-08-05 12:07:07,482][INFO] Adding RY(0.0, wires=[5]) had small change in overlap from 0.0 to 0.0
[2025-08-05 12:08:01,299][INFO] Adding CRY(0.0, wires=[3, 6])) had small change in overlap from 0.0 to 0.0
[2025-08-05 12:09:20,300][INFO] Adding RY(0.0, wires=[3]) had small change in overlap from 0.0 to 0.0
[2025-08-05 12:10:20,719][INFO] Adding CRY(0.0, wires=[3, 5])) had small change in overlap from 0.0 to 0.0
[2025-08-05 12:11:13,826][INFO] Adding CRY(0.0, wires=[5, 2])) had small change in overlap from 0.0 to 0.0
[2025-08-05 12:12:36,963][INFO] Adding RY(0.0, wires=[3]) had small change in overlap from 0.0 to 0.0
[2025-08-05 12:13:32,934][INFO] Adding CRY(0.0, wires=[4, 2])) had small change in overlap from 0.0 to 0.0
[2025-08-05 12:14:58,843][INFO] Adding CRY(0.0, wires=[6, 1])) had small change in overlap from 0.0 to 0.0
[2025-08-05 12:14:58,844][INFO] Completed VQE run 29
[2025-08-05 12:14:58,844][INFO] Final ops list: [{'name': 'RY', 'param': 3.1513699286645114, 'wires': [6]}, {'name': 'CRY', 'param': 5.457524305942043, 'wires': [6, 5]}, {'name': 'RY', 'param': 5.534224973412394, 'wires': [4]}, {'name': 'RY', 'param': 2.0900964885341895, 'wires': [5]}, {'name': 'RY', 'param': 0.7410466570250404, 'wires': [3]}, {'name': 'CRY', 'param': 3.6997053150022565, 'wires': [6, 4]}, {'name': 'CRY', 'param': 0.0034931331660611594, 'wires': [5, 4]}, {'name': 'CRY', 'param': 3.4809529262450005, 'wires': [6, 3]}, {'name': 'RY', 'param': 3.2453183432162667, 'wires': [4]}, {'name': 'CRY', 'param': 1.481445975472987, 'wires': [4, 6]}, {'name': 'RY', 'param': 0.3988702489707923, 'wires': [5]}, {'name': 'RY', 'param': 5.662547296659883, 'wires': [3]}, {'name': 'RY', 'param': 4.270895363499635, 'wires': [4]}, {'name': 'CRY', 'param': 2.331522117340431, 'wires': [5, 3]}, {'name': 'RY', 'param': 2.207062976317546, 'wires': [2]}, {'name': 'CRY', 'param': 0.014344187907566312, 'wires': [4, 3]}, {'name': 'RY', 'param': 2.24562170753043, 'wires': [4]}, {'name': 'CRY', 'param': 6.28252113623614, 'wires': [6, 2]}, {'name': 'RY', 'param': 3.5835245200657844, 'wires': [6]}, {'name': 'CRY', 'param': 4.551273580416099, 'wires': [5, 6]}, {'name': 'RY', 'param': 4.077121959725739, 'wires': [2]}, {'name': 'CRY', 'param': 5.667968018705833, 'wires': [4, 5]}, {'name': 'RY', 'param': 1.4387691588824907, 'wires': [5]}, {'name': 'CRY', 'param': 4.631706581082457, 'wires': [3, 6]}, {'name': 'RY', 'param': 4.3013275858274085, 'wires': [3]}, {'name': 'CRY', 'param': 2.7449921528848433, 'wires': [3, 5]}, {'name': 'CRY', 'param': 0.0, 'wires': [5, 2]}, {'name': 'RY', 'param': 1.3736518918116933, 'wires': [3]}, {'name': 'CRY', 'param': 0.00027905485799637343, 'wires': [4, 2]}, {'name': 'CRY', 'param': 4.551069034212361e-07, 'wires': [6, 1]}]
[2025-08-05 12:14:58,844][INFO] Energy: 0.8916481523115933
