[2025-08-05 12:00:41,452][INFO] Starting VQE run 57 (seed=8531743)
[2025-08-05 12:00:41,782][INFO] Adding RY(0.0, wires=[6]) had small change in overlap from 0.0 to 0.0
[2025-08-05 12:00:42,223][INFO] Adding CRY(0.0, wires=[6, 5])) had small change in overlap from 0.0 to 0.0
[2025-08-05 12:00:42,825][INFO] Adding RY(0.0, wires=[4]) had small change in overlap from 0.0 to 0.0
[2025-08-05 12:00:43,830][INFO] Adding RY(0.0, wires=[5]) had small change in overlap from 0.0 to 0.0
[2025-08-05 12:00:45,112][INFO] Adding RY(0.0, wires=[3]) had small change in overlap from 0.0 to 0.0
[2025-08-05 12:00:47,621][INFO] Adding CRY(0.0, wires=[6, 4])) had small change in overlap from 0.0 to 0.0
[2025-08-05 12:00:50,343][INFO] Adding RY(0.0, wires=[4]) had small change in overlap from 0.0 to 0.0
[2025-08-05 12:00:53,866][INFO] Adding CRY(0.0, wires=[4, 6])) had small change in overlap from 0.0 to 0.0
[2025-08-05 12:00:59,058][INFO] Adding CRY(0.0, wires=[6, 3])) had small change in overlap from 0.0 to 0.0
[2025-08-05 12:01:05,331][INFO] Adding RY(0.0, wires=[6]) had small change in overlap from 0.0 to 0.0
[2025-08-05 12:01:15,001][INFO] Adding RY(0.0, wires=[3]) had small change in overlap from 0.0 to 0.0
[2025-08-05 12:01:28,627][INFO] Adding CRY(0.0, wires=[6, 2])) had small change in overlap from 0.0 to 0.0
[2025-08-05 12:01:40,131][INFO] Adding CRY(0.0, wires=[5, 3])) had small change in overlap from 0.0 to 0.0
[2025-08-05 12:01:55,633][INFO] Adding RY(0.0, wires=[2]) had small change in overlap from 0.0 to 0.0
[2025-08-05 12:02:18,810][INFO] Adding CRY(0.0, wires=[4, 3])) had small change in overlap from 0.0 to 0.0
[2025-08-05 12:02:42,647][INFO] Adding CRY(0.0, wires=[3, 6])) had small change in overlap from 0.0 to 0.0
[2025-08-05 12:03:11,393][INFO] Adding RY(0.0, wires=[3]) had small change in overlap from 0.0 to 0.0
[2025-08-05 12:03:40,557][INFO] Adding CRY(0.0, wires=[5, 2])) had small change in overlap from 0.0 to 0.0
[2025-08-05 12:04:35,312][INFO] Adding RY(0.0, wires=[4]) had small change in overlap from 0.0 to 0.0
[2025-08-05 12:05:11,289][INFO] Adding CRY(0.0, wires=[5, 4])) had small change in overlap from 0.0 to 0.0
[2025-08-05 12:05:53,719][INFO] Adding RY(0.0, wires=[2]) had small change in overlap from 0.0 to 0.0
[2025-08-05 12:06:29,950][INFO] Adding CRY(0.0, wires=[3, 5])) had small change in overlap from 0.0 to 0.0
[2025-08-05 12:07:11,225][INFO] Adding RY(0.0, wires=[3]) had small change in overlap from 0.0 to 0.0
[2025-08-05 12:07:44,871][INFO] Adding CRY(0.0, wires=[4, 5])) had small change in overlap from 0.0 to 0.0
[2025-08-05 12:07:44,871][INFO] gradient converged
[2025-08-05 12:07:44,871][INFO] Completed VQE run 23
[2025-08-05 12:07:44,871][INFO] Final ops list: [{'name': 'RY', 'param': 2.7918363163787294, 'wires': [6]}, {'name': 'CRY', 'param': 1.8969364510453404, 'wires': [6, 5]}, {'name': 'RY', 'param': 6.2296559503564755, 'wires': [4]}, {'name': 'RY', 'param': 4.301650714211046, 'wires': [5]}, {'name': 'RY', 'param': 2.928990382501654, 'wires': [3]}, {'name': 'CRY', 'param': 0.0, 'wires': [6, 4]}, {'name': 'RY', 'param': 3.244653537828334, 'wires': [4]}, {'name': 'CRY', 'param': 3.8584902787878326, 'wires': [4, 6]}, {'name': 'CRY', 'param': 6.239405486289596, 'wires': [6, 3]}, {'name': 'RY', 'param': 5.555019874557612, 'wires': [6]}, {'name': 'RY', 'param': 3.6989212807897345, 'wires': [3]}, {'name': 'CRY', 'param': 0.0004983644623232915, 'wires': [6, 2]}, {'name': 'CRY', 'param': 0.0, 'wires': [5, 3]}, {'name': 'RY', 'param': 4.640955665321158, 'wires': [2]}, {'name': 'CRY', 'param': 6.283185307179586, 'wires': [4, 3]}, {'name': 'CRY', 'param': 6.283185307179586, 'wires': [3, 6]}, {'name': 'RY', 'param': 0.8462562548553049, 'wires': [3]}, {'name': 'CRY', 'param': 0.000435202656537686, 'wires': [5, 2]}, {'name': 'RY', 'param': 3.000950891394737, 'wires': [4]}, {'name': 'CRY', 'param': 6.283185307179586, 'wires': [5, 4]}, {'name': 'RY', 'param': 1.6422156318101262, 'wires': [2]}, {'name': 'CRY', 'param': 6.283185307179586, 'wires': [3, 5]}, {'name': 'RY', 'param': 0.5171627697190752, 'wires': [3]}]
[2025-08-05 12:07:44,871][INFO] Energy: 0.9021745965366653
