[2025-08-04 17:39:52,189][INFO] Starting VQE run 31 (seed=7989364)
[2025-08-04 17:39:52,280][INFO] Adding RY(0.0, wires=[3]) increased overlap from 0.0 to 0.9359356803142638
[2025-08-04 17:39:52,459][INFO] Adding CRY(0.0, wires=[3, 2])) increased overlap from 0.9359356803142638 to 0.9586493192120769
[2025-08-04 17:39:52,746][INFO] Adding RY(0.0, wires=[1]) increased overlap from 0.9586493192120769 to 0.9632777820326339
[2025-08-04 17:39:53,157][INFO] Adding RY(0.0, wires=[2]) increased overlap from 0.9632777820326339 to 0.9925039383412236
[2025-08-04 17:39:53,513][INFO] Adding CRY(0.0, wires=[3, 1])) increased overlap from 0.9925039383412236 to 0.9940320005579155
[2025-08-04 17:39:55,060][INFO] Adding CRY(0.0, wires=[2, 1])) increased overlap from 0.9940320005579155 to 0.9951809554894842
[2025-08-04 17:40:09,881][INFO] Adding RY(0.0, wires=[2]) increased overlap from 0.9951809554894842 to 0.999999922926699
[2025-08-04 17:40:24,172][INFO] Adding CRY(0.0, wires=[2, 3])) increased overlap from 0.999999922926699 to 0.9999999999999267
[2025-08-04 17:40:35,196][INFO] Adding CRY(0.0, wires=[1, 3])) increased overlap from 0.9999999999999267 to 0.9999999999999631
[2025-08-04 17:40:35,197][INFO] gradient converged
[2025-08-04 17:40:35,197][INFO] Completed VQE run 8
[2025-08-04 17:40:35,197][INFO] Final ops list: [{'name': 'RY', 'param': -1.257369664467556, 'wires': [3]}, {'name': 'CRY', 'param': -0.5925707834561301, 'wires': [3, 2]}, {'name': 'RY', 'param': -0.1889147948164506, 'wires': [1]}, {'name': 'RY', 'param': -0.6216778740409421, 'wires': [2]}, {'name': 'CRY', 'param': 0.18680501919305165, 'wires': [3, 1]}, {'name': 'CRY', 'param': -0.3408808119708369, 'wires': [2, 1]}, {'name': 'RY', 'param': 0.9888640825272482, 'wires': [2]}, {'name': 'CRY', 'param': 0.3768162249894284, 'wires': [2, 3]}]
[2025-08-04 17:40:35,197][INFO] Energy: 0.8845804438666001
[2025-08-05 09:41:15,613][INFO] Starting VQE run 31 (seed=4497291)
[2025-08-05 09:41:15,693][INFO] Adding RY(0.0, wires=[3]) increased overlap from 0.0 to 0.9359356820480988
[2025-08-05 09:41:15,801][INFO] Adding CRY(0.0, wires=[3, 2])) increased overlap from 0.9359356820480988 to 0.9586493201915188
[2025-08-05 09:41:15,953][INFO] Adding RY(0.0, wires=[1]) increased overlap from 0.9586493201915188 to 0.963277781957621
[2025-08-05 09:41:16,323][INFO] Adding RY(0.0, wires=[2]) increased overlap from 0.963277781957621 to 0.9925039329547198
[2025-08-05 09:41:17,118][INFO] Adding CRY(0.0, wires=[3, 1])) increased overlap from 0.9925039329547198 to 0.9940320018515959
[2025-08-05 09:41:19,523][INFO] Adding CRY(0.0, wires=[2, 1])) increased overlap from 0.9940320018515959 to 0.9951809521918406
[2025-08-05 09:41:35,982][INFO] Adding RY(0.0, wires=[2]) increased overlap from 0.9951809521918406 to 0.9999688258942717
[2025-08-05 09:41:54,353][INFO] Adding CRY(0.0, wires=[2, 3])) had small change in overlap from 0.9999688258942717 to 0.996630382662771
[2025-08-05 09:42:10,261][INFO] Adding CRY(0.0, wires=[1, 2])) increased overlap from 0.996630382662771 to 0.9999999999999365
[2025-08-05 09:42:15,256][INFO] Adding RY(0.0, wires=[1]) increased overlap from 0.9999999999999365 to 0.999999999999978
[2025-08-05 09:42:15,256][INFO] gradient converged
[2025-08-05 09:42:15,256][INFO] Completed VQE run 9
[2025-08-05 09:42:15,257][INFO] Final ops list: [{'name': 'RY', 'param': 5.029444223576117, 'wires': [3]}, {'name': 'CRY', 'param': 6.525210071877933, 'wires': [3, 2]}, {'name': 'RY', 'param': 6.304056500255428, 'wires': [1]}, {'name': 'RY', 'param': 3.5984074500065506, 'wires': [2]}, {'name': 'CRY', 'param': 6.244512956836936, 'wires': [3, 1]}, {'name': 'CRY', 'param': 6.509447135529821, 'wires': [2, 1]}, {'name': 'RY', 'param': 4.000369471680367, 'wires': [2]}, {'name': 'CRY', 'param': 1.7000167195268336, 'wires': [2, 3]}, {'name': 'CRY', 'param': 4.71043304296308, 'wires': [1, 2]}]
[2025-08-05 09:42:15,257][INFO] Energy: 0.884580443866499
