[2025-08-04 17:39:52,198][INFO] Starting VQE run 45 (seed=646641)
[2025-08-04 17:39:52,265][INFO] Adding RY(0.0, wires=[3]) increased overlap from 0.0 to 0.93593567825537
[2025-08-04 17:39:52,359][INFO] Adding CRY(0.0, wires=[3, 2])) increased overlap from 0.93593567825537 to 0.9586493186441386
[2025-08-04 17:39:52,497][INFO] Adding RY(0.0, wires=[1]) increased overlap from 0.9586493186441386 to 0.9632777817027791
[2025-08-04 17:39:52,757][INFO] Adding RY(0.0, wires=[2]) increased overlap from 0.9632777817027791 to 0.9925039331621399
[2025-08-04 17:39:53,192][INFO] Adding CRY(0.0, wires=[3, 1])) increased overlap from 0.9925039331621399 to 0.994032001865629
[2025-08-04 17:39:54,932][INFO] Adding CRY(0.0, wires=[2, 1])) increased overlap from 0.994032001865629 to 0.9951809524870607
[2025-08-04 17:40:09,365][INFO] Adding RY(0.0, wires=[2]) increased overlap from 0.9951809524870607 to 0.9999620392629046
[2025-08-04 17:40:20,214][INFO] Adding CRY(0.0, wires=[2, 3])) increased overlap from 0.9999620392629046 to 0.9999999999999052
[2025-08-04 17:40:28,291][INFO] Adding CRY(0.0, wires=[1, 2])) increased overlap from 0.9999999999999052 to 0.9999999999999853
[2025-08-04 17:40:28,291][INFO] gradient converged
[2025-08-04 17:40:28,291][INFO] Completed VQE run 8
[2025-08-04 17:40:28,291][INFO] Final ops list: [{'name': 'RY', 'param': 5.0036943204511095, 'wires': [3]}, {'name': 'CRY', 'param': 5.599311463158878, 'wires': [3, 2]}, {'name': 'RY', 'param': 6.223810259571231, 'wires': [1]}, {'name': 'RY', 'param': 4.552063667436758, 'wires': [2]}, {'name': 'CRY', 'param': 6.471530298197116, 'wires': [3, 1]}, {'name': 'CRY', 'param': 6.004261520222342, 'wires': [2, 1]}, {'name': 'RY', 'param': 4.293067446078968, 'wires': [2]}, {'name': 'CRY', 'param': 5.7068204547029096, 'wires': [2, 3]}]
[2025-08-04 17:40:28,291][INFO] Energy: 0.8845804438665629
[2025-08-05 09:41:15,617][INFO] Starting VQE run 45 (seed=121418919)
[2025-08-05 09:41:15,700][INFO] Adding RY(0.0, wires=[3]) increased overlap from 0.0 to 0.9359356807293027
[2025-08-05 09:41:16,343][INFO] Adding CRY(0.0, wires=[3, 2])) increased overlap from 0.9359356807293027 to 0.9586493187468987
[2025-08-05 09:41:16,540][INFO] Adding RY(0.0, wires=[1]) increased overlap from 0.9586493187468987 to 0.9632777827705014
[2025-08-05 09:41:16,973][INFO] Adding RY(0.0, wires=[2]) increased overlap from 0.9632777827705014 to 0.9925039370030934
[2025-08-05 09:41:17,618][INFO] Adding CRY(0.0, wires=[3, 1])) increased overlap from 0.9925039370030934 to 0.9940320010510748
[2025-08-05 09:41:21,472][INFO] Adding CRY(0.0, wires=[2, 1])) increased overlap from 0.9940320010510748 to 0.9951809546713165
[2025-08-05 09:41:38,032][INFO] Adding RY(0.0, wires=[2]) increased overlap from 0.9951809546713165 to 0.999999998084492
[2025-08-05 09:41:56,431][INFO] Adding CRY(0.0, wires=[2, 3])) had small change in overlap from 0.999999998084492 to 0.9996860800794104
[2025-08-05 09:42:14,214][INFO] Adding CRY(0.0, wires=[1, 3])) increased overlap from 0.9996860800794104 to 0.9999868696753783
[2025-08-05 09:42:24,158][INFO] Adding CRY(0.0, wires=[1, 2])) increased overlap from 0.9999868696753783 to 0.9999999999999005
[2025-08-05 09:42:25,986][INFO] Adding RY(0.0, wires=[1]) increased overlap from 0.9999999999999005 to 0.9999999999999991
[2025-08-05 09:42:25,986][INFO] gradient converged
[2025-08-05 09:42:25,986][INFO] Completed VQE run 10
[2025-08-05 09:42:25,986][INFO] Final ops list: [{'name': 'RY', 'param': 5.012339751604123, 'wires': [3]}, {'name': 'CRY', 'param': -0.5914579436784242, 'wires': [3, 2]}, {'name': 'RY', 'param': -0.018595018545552428, 'wires': [1]}, {'name': 'RY', 'param': -0.19975955665708867, 'wires': [2]}, {'name': 'CRY', 'param': 0.22474517522945797, 'wires': [3, 1]}, {'name': 'CRY', 'param': -1.0078112659763745, 'wires': [2, 1]}, {'name': 'RY', 'param': 0.5704680905617291, 'wires': [2]}, {'name': 'CRY', 'param': 0.5434937649479278, 'wires': [2, 3]}, {'name': 'CRY', 'param': 1.154337002000878, 'wires': [1, 3]}, {'name': 'CRY', 'param': 2.508895451183249, 'wires': [1, 2]}]
[2025-08-05 09:42:25,986][INFO] Energy: 0.8845804438664101
