[2025-08-04 17:39:52,184][INFO] Starting VQE run 23 (seed=47458574)
[2025-08-04 17:39:52,250][INFO] Adding RY(0.0, wires=[3]) increased overlap from 0.0 to 0.935935681462106
[2025-08-04 17:39:52,589][INFO] Adding CRY(0.0, wires=[3, 2])) increased overlap from 0.935935681462106 to 0.9586493192509905
[2025-08-04 17:39:52,769][INFO] Adding RY(0.0, wires=[1]) increased overlap from 0.9586493192509905 to 0.9632777832501268
[2025-08-04 17:39:53,064][INFO] Adding RY(0.0, wires=[2]) increased overlap from 0.9632777832501268 to 0.9925039392590812
[2025-08-04 17:39:53,665][INFO] Adding CRY(0.0, wires=[3, 1])) increased overlap from 0.9925039392590812 to 0.9940320022247296
[2025-08-04 17:39:56,899][INFO] Adding CRY(0.0, wires=[2, 1])) increased overlap from 0.9940320022247296 to 0.9951809553623753
[2025-08-04 17:40:11,360][INFO] Adding RY(0.0, wires=[2]) increased overlap from 0.9951809553623753 to 0.9999999595037918
[2025-08-04 17:40:27,412][INFO] Adding CRY(0.0, wires=[2, 3])) had small change in overlap from 0.9999999595037918 to 0.9985777839398019
[2025-08-04 17:40:44,099][INFO] Adding CRY(0.0, wires=[1, 3])) increased overlap from 0.9985777839398019 to 0.9996691283707507
[2025-08-04 17:41:01,007][INFO] Adding RY(0.0, wires=[1]) increased overlap from 0.9996691283707507 to 0.9999922153251599
[2025-08-04 17:41:18,565][INFO] Adding RY(0.0, wires=[2]) increased overlap from 0.9999922153251599 to 0.9999999999942029
[2025-08-04 17:41:36,648][INFO] Adding RY(0.0, wires=[3]) had small change in overlap from 0.9999999999942029 to 0.9999999056345659
[2025-08-04 17:41:41,554][INFO] Adding CRY(0.0, wires=[1, 2])) increased overlap from 0.9999999056345659 to 0.9999999999999947
[2025-08-04 17:41:48,483][INFO] Adding RY(0.0, wires=[1]) had small change in overlap from 0.9999999999999947 to 0.9999999999999845
[2025-08-04 17:41:48,483][INFO] gradient converged
[2025-08-04 17:41:48,483][INFO] Completed VQE run 13
[2025-08-04 17:41:48,483][INFO] Final ops list: [{'name': 'RY', 'param': 3.780193350866249, 'wires': [3]}, {'name': 'CRY', 'param': 1.2776023809142307, 'wires': [3, 2]}, {'name': 'RY', 'param': -1.0917970288897858, 'wires': [1]}, {'name': 'RY', 'param': 0.7097221407965179, 'wires': [2]}, {'name': 'CRY', 'param': 0.7125632841840015, 'wires': [3, 1]}, {'name': 'CRY', 'param': 0.0934442495037967, 'wires': [2, 1]}, {'name': 'RY', 'param': 0.5004366646626139, 'wires': [2]}, {'name': 'CRY', 'param': 6.3243628037953785, 'wires': [2, 3]}, {'name': 'CRY', 'param': 5.226189835296139, 'wires': [1, 3]}, {'name': 'RY', 'param': -0.25460467614880417, 'wires': [1]}, {'name': 'RY', 'param': 2.516541583683959, 'wires': [2]}, {'name': 'RY', 'param': 1.3840446918079907, 'wires': [3]}, {'name': 'CRY', 'param': 3.5652223960619125, 'wires': [1, 2]}]
[2025-08-04 17:41:48,483][INFO] Energy: 0.8845804438664869
[2025-08-05 09:41:15,612][INFO] Starting VQE run 23 (seed=43505037)
[2025-08-05 09:41:15,693][INFO] Adding RY(0.0, wires=[3]) increased overlap from 0.0 to 0.9359356796392557
[2025-08-05 09:41:15,807][INFO] Adding CRY(0.0, wires=[3, 2])) increased overlap from 0.9359356796392557 to 0.9586493183124412
[2025-08-05 09:41:15,972][INFO] Adding RY(0.0, wires=[1]) increased overlap from 0.9586493183124412 to 0.9632777818554135
[2025-08-05 09:41:16,259][INFO] Adding RY(0.0, wires=[2]) increased overlap from 0.9632777818554135 to 0.9925039339122691
[2025-08-05 09:41:18,498][INFO] Adding CRY(0.0, wires=[3, 1])) increased overlap from 0.9925039339122691 to 0.9940319996744981
[2025-08-05 09:41:20,591][INFO] Adding CRY(0.0, wires=[2, 1])) increased overlap from 0.9940319996744981 to 0.9951809526723432
[2025-08-05 09:41:37,101][INFO] Adding RY(0.0, wires=[2]) increased overlap from 0.9951809526723432 to 0.9999742880425876
[2025-08-05 09:41:55,495][INFO] Adding CRY(0.0, wires=[2, 3])) had small change in overlap from 0.9999742880425876 to 0.9966860480964838
[2025-08-05 09:42:13,361][INFO] Adding CRY(0.0, wires=[1, 2])) increased overlap from 0.9966860480964838 to 0.9999999999990548
[2025-08-05 09:42:15,055][INFO] Adding RY(0.0, wires=[1]) increased overlap from 0.9999999999990548 to 0.9999999999999982
[2025-08-05 09:42:15,055][INFO] gradient converged
[2025-08-05 09:42:15,055][INFO] Completed VQE run 9
[2025-08-05 09:42:15,055][INFO] Final ops list: [{'name': 'RY', 'param': 5.027493316653868, 'wires': [3]}, {'name': 'CRY', 'param': 6.471009992436194, 'wires': [3, 2]}, {'name': 'RY', 'param': 6.436878930979026, 'wires': [1]}, {'name': 'RY', 'param': 3.997899578736741, 'wires': [2]}, {'name': 'CRY', 'param': 6.224586274001237, 'wires': [3, 1]}, {'name': 'CRY', 'param': 6.391155806482691, 'wires': [2, 1]}, {'name': 'RY', 'param': 4.390172274430688, 'wires': [2]}, {'name': 'CRY', 'param': 1.8662218220527367, 'wires': [2, 3]}, {'name': 'CRY', 'param': 4.899030763946468, 'wires': [1, 2]}]
[2025-08-05 09:42:15,055][INFO] Energy: 0.8845804438664147
