[2025-08-04 17:39:52,206][INFO] Starting VQE run 62 (seed=71095556)
[2025-08-04 17:39:52,274][INFO] Adding RY(0.0, wires=[3]) increased overlap from 0.0 to 0.9359356821516511
[2025-08-04 17:39:52,366][INFO] Adding CRY(0.0, wires=[3, 2])) increased overlap from 0.9359356821516511 to 0.958649319851098
[2025-08-04 17:39:52,508][INFO] Adding RY(0.0, wires=[1]) increased overlap from 0.958649319851098 to 0.9632777818229341
[2025-08-04 17:39:52,761][INFO] Adding RY(0.0, wires=[2]) increased overlap from 0.9632777818229341 to 0.9925039371605592
[2025-08-04 17:39:53,293][INFO] Adding CRY(0.0, wires=[3, 1])) increased overlap from 0.9925039371605592 to 0.9940320018129375
[2025-08-04 17:39:55,168][INFO] Adding CRY(0.0, wires=[2, 1])) increased overlap from 0.9940320018129375 to 0.9951809520480343
[2025-08-04 17:40:09,611][INFO] Adding RY(0.0, wires=[2]) increased overlap from 0.9951809520480343 to 0.9999564042225966
[2025-08-04 17:40:22,250][INFO] Adding CRY(0.0, wires=[2, 3])) increased overlap from 0.9999564042225966 to 0.9999999999999396
[2025-08-04 17:40:38,192][INFO] Adding CRY(0.0, wires=[1, 3])) had small change in overlap from 0.9999999999999396 to 0.9999999999999245
[2025-08-04 17:40:38,192][INFO] gradient converged
[2025-08-04 17:40:38,192][INFO] Completed VQE run 8
[2025-08-04 17:40:38,193][INFO] Final ops list: [{'name': 'RY', 'param': 5.001033180583732, 'wires': [3]}, {'name': 'CRY', 'param': 5.59790198797903, 'wires': [3, 2]}, {'name': 'RY', 'param': 6.246127231269379, 'wires': [1]}, {'name': 'RY', 'param': 4.440204636302023, 'wires': [2]}, {'name': 'CRY', 'param': 6.4714267935399565, 'wires': [3, 1]}, {'name': 'CRY', 'param': 5.991854166144857, 'wires': [2, 1]}, {'name': 'RY', 'param': 4.197358877329773, 'wires': [2]}, {'name': 'CRY', 'param': 5.600348538256376, 'wires': [2, 3]}]
[2025-08-04 17:40:38,193][INFO] Energy: 0.8845804438669819
[2025-08-05 09:41:15,621][INFO] Starting VQE run 62 (seed=69391656)
[2025-08-05 09:41:15,704][INFO] Adding RY(0.0, wires=[3]) increased overlap from 0.0 to 0.9359356822376609
[2025-08-05 09:41:15,816][INFO] Adding CRY(0.0, wires=[3, 2])) increased overlap from 0.9359356822376609 to 0.9586493214181484
[2025-08-05 09:41:15,967][INFO] Adding RY(0.0, wires=[1]) increased overlap from 0.9586493214181484 to 0.9632777821298312
[2025-08-05 09:41:16,295][INFO] Adding RY(0.0, wires=[2]) increased overlap from 0.9632777821298312 to 0.9925039339461522
[2025-08-05 09:41:16,788][INFO] Adding CRY(0.0, wires=[3, 1])) increased overlap from 0.9925039339461522 to 0.9940320017466653
[2025-08-05 09:41:18,690][INFO] Adding CRY(0.0, wires=[2, 1])) increased overlap from 0.9940320017466653 to 0.9951809525213596
[2025-08-05 09:41:35,173][INFO] Adding RY(0.0, wires=[2]) increased overlap from 0.9951809525213596 to 0.9999636833500273
[2025-08-05 09:41:50,366][INFO] Adding CRY(0.0, wires=[2, 3])) increased overlap from 0.9999636833500273 to 0.9999999999998859
[2025-08-05 09:42:01,323][INFO] Adding CRY(0.0, wires=[1, 3])) increased overlap from 0.9999999999998859 to 0.9999999999999494
[2025-08-05 09:42:01,323][INFO] gradient converged
[2025-08-05 09:42:01,323][INFO] Completed VQE run 8
[2025-08-05 09:42:01,323][INFO] Final ops list: [{'name': 'RY', 'param': 5.007690420561252, 'wires': [3]}, {'name': 'CRY', 'param': 5.604718977552374, 'wires': [3, 2]}, {'name': 'RY', 'param': 6.19349105470631, 'wires': [1]}, {'name': 'RY', 'param': 4.732173391909592, 'wires': [2]}, {'name': 'CRY', 'param': 6.471577332998271, 'wires': [3, 1]}, {'name': 'CRY', 'param': 6.016897144346078, 'wires': [2, 1]}, {'name': 'RY', 'param': 4.450671855057968, 'wires': [2]}, {'name': 'CRY', 'param': 5.863994363086986, 'wires': [2, 3]}]
[2025-08-05 09:42:01,323][INFO] Energy: 0.8845804438668211
