[2025-08-04 17:39:52,214][INFO] Starting VQE run 78 (seed=115613925)
[2025-08-04 17:39:52,282][INFO] Adding RY(0.0, wires=[3]) increased overlap from 0.0 to 0.9359356807888682
[2025-08-04 17:39:52,424][INFO] Adding CRY(0.0, wires=[3, 2])) increased overlap from 0.9359356807888682 to 0.9586493192959371
[2025-08-04 17:39:52,572][INFO] Adding RY(0.0, wires=[1]) increased overlap from 0.9586493192959371 to 0.9632777826384868
[2025-08-04 17:39:52,900][INFO] Adding RY(0.0, wires=[2]) increased overlap from 0.9632777826384868 to 0.9925039376959855
[2025-08-04 17:39:53,368][INFO] Adding CRY(0.0, wires=[3, 1])) increased overlap from 0.9925039376959855 to 0.9940320014516768
[2025-08-04 17:39:54,850][INFO] Adding CRY(0.0, wires=[2, 1])) increased overlap from 0.9940320014516768 to 0.995180955846493
[2025-08-04 17:40:09,262][INFO] Adding RY(0.0, wires=[2]) increased overlap from 0.995180955846493 to 0.9999998997610459
[2025-08-04 17:40:24,451][INFO] Adding CRY(0.0, wires=[2, 3])) increased overlap from 0.9999998997610459 to 0.9999999999998974
[2025-08-04 17:40:39,198][INFO] Adding CRY(0.0, wires=[1, 3])) increased overlap from 0.9999999999998974 to 0.9999999999999198
[2025-08-04 17:40:39,198][INFO] gradient converged
[2025-08-04 17:40:39,198][INFO] Completed VQE run 8
[2025-08-04 17:40:39,199][INFO] Final ops list: [{'name': 'RY', 'param': -1.2547638059657045, 'wires': [3]}, {'name': 'CRY', 'param': -0.5640653105376121, 'wires': [3, 2]}, {'name': 'RY', 'param': -0.199567682505986, 'wires': [1]}, {'name': 'RY', 'param': -0.4849932120531927, 'wires': [2]}, {'name': 'CRY', 'param': 0.18617069591911314, 'wires': [3, 1]}, {'name': 'CRY', 'param': -0.3881325452125046, 'wires': [2, 1]}, {'name': 'RY', 'param': 0.8632745062490697, 'wires': [2]}, {'name': 'CRY', 'param': 0.5397552273748003, 'wires': [2, 3]}]
[2025-08-04 17:40:39,199][INFO] Energy: 0.8845804438667766
[2025-08-05 09:41:15,627][INFO] Starting VQE run 78 (seed=114832953)
[2025-08-05 09:41:15,705][INFO] Adding RY(0.0, wires=[3]) increased overlap from 0.0 to 0.9359356814439813
[2025-08-05 09:41:15,813][INFO] Adding CRY(0.0, wires=[3, 2])) increased overlap from 0.9359356814439813 to 0.9586493189867182
[2025-08-05 09:41:15,972][INFO] Adding RY(0.0, wires=[1]) increased overlap from 0.9586493189867182 to 0.9632777823871675
[2025-08-05 09:41:16,302][INFO] Adding RY(0.0, wires=[2]) increased overlap from 0.9632777823871675 to 0.9925039331593585
[2025-08-05 09:41:16,815][INFO] Adding CRY(0.0, wires=[3, 1])) increased overlap from 0.9925039331593585 to 0.9940320026653244
[2025-08-05 09:41:18,381][INFO] Adding CRY(0.0, wires=[2, 1])) increased overlap from 0.9940320026653244 to 0.9951809554701571
[2025-08-05 09:41:34,815][INFO] Adding RY(0.0, wires=[2]) increased overlap from 0.9951809554701571 to 0.9999495358946433
[2025-08-05 09:41:53,106][INFO] Adding CRY(0.0, wires=[2, 3])) increased overlap from 0.9999495358946433 to 0.9999999999817122
[2025-08-05 09:42:09,991][INFO] Adding CRY(0.0, wires=[1, 3])) increased overlap from 0.9999999999817122 to 0.9999999999999103
[2025-08-05 09:42:09,991][INFO] gradient converged
[2025-08-05 09:42:09,991][INFO] Completed VQE run 8
[2025-08-05 09:42:09,991][INFO] Final ops list: [{'name': 'RY', 'param': -1.2666025731185, 'wires': [3]}, {'name': 'CRY', 'param': -0.651650680145333, 'wires': [3, 2]}, {'name': 'RY', 'param': -0.4140144574981983, 'wires': [1]}, {'name': 'RY', 'param': 2.036498666227618, 'wires': [2]}, {'name': 'CRY', 'param': 0.18804353138616878, 'wires': [3, 1]}, {'name': 'CRY', 'param': 0.2686032182697439, 'wires': [2, 1]}, {'name': 'RY', 'param': -1.7103792727547742, 'wires': [2]}, {'name': 'CRY', 'param': -0.06214622640512242, 'wires': [2, 3]}]
[2025-08-05 09:42:09,991][INFO] Energy: 0.8845804438669579
