[2025-08-04 17:39:52,170][INFO] Starting VQE run 3 (seed=22674810)
[2025-08-04 17:39:52,236][INFO] Adding RY(0.0, wires=[3]) increased overlap from 0.0 to 0.9359356826478009
[2025-08-04 17:39:52,347][INFO] Adding CRY(0.0, wires=[3, 2])) increased overlap from 0.9359356826478009 to 0.9586493201693518
[2025-08-04 17:39:52,503][INFO] Adding RY(0.0, wires=[1]) increased overlap from 0.9586493201693518 to 0.9632777826040352
[2025-08-04 17:39:52,838][INFO] Adding RY(0.0, wires=[2]) increased overlap from 0.9632777826040352 to 0.9925039334108166
[2025-08-04 17:40:05,364][INFO] Adding CRY(0.0, wires=[3, 1])) decreased overlap from 0.9925039334108166 to 0.5318660322462385.. skipping this gate
[2025-08-04 17:40:05,365][INFO] gradient converged
[2025-08-04 17:40:05,365][INFO] Completed VQE run 4
[2025-08-04 17:40:05,365][INFO] Final ops list: [{'name': 'RY', 'param': 7.497656446487018, 'wires': [3]}, {'name': 'CRY', 'param': 5.778235762519332, 'wires': [3, 2]}, {'name': 'RY', 'param': 6.1650469706030435, 'wires': [1]}, {'name': 'RY', 'param': 6.59223640735059, 'wires': [2]}]
[2025-08-04 17:40:05,365][INFO] Energy: 0.9190887936371155
[2025-08-05 09:41:15,608][INFO] Starting VQE run 3 (seed=17567613)
[2025-08-05 09:41:15,685][INFO] Adding RY(0.0, wires=[3]) increased overlap from 0.0 to 0.9359356841452262
[2025-08-05 09:41:15,792][INFO] Adding CRY(0.0, wires=[3, 2])) increased overlap from 0.9359356841452262 to 0.9586493185748142
[2025-08-05 09:41:15,947][INFO] Adding RY(0.0, wires=[1]) increased overlap from 0.9586493185748142 to 0.9632777826782869
[2025-08-05 09:41:16,241][INFO] Adding RY(0.0, wires=[2]) increased overlap from 0.9632777826782869 to 0.9925039329470138
[2025-08-05 09:41:17,093][INFO] Adding CRY(0.0, wires=[3, 1])) increased overlap from 0.9925039329470138 to 0.9940320008728852
[2025-08-05 09:41:19,375][INFO] Adding CRY(0.0, wires=[2, 1])) increased overlap from 0.9940320008728852 to 0.9951809518197462
[2025-08-05 09:41:35,934][INFO] Adding RY(0.0, wires=[2]) increased overlap from 0.9951809518197462 to 0.9999712222570196
[2025-08-05 09:41:54,327][INFO] Adding CRY(0.0, wires=[2, 3])) had small change in overlap from 0.9999712222570196 to 0.9966598634513055
[2025-08-05 09:42:12,419][INFO] Adding CRY(0.0, wires=[1, 2])) increased overlap from 0.9966598634513055 to 0.9999999999998646
[2025-08-05 09:42:17,209][INFO] Adding RY(0.0, wires=[1]) increased overlap from 0.9999999999998646 to 0.9999999999999885
[2025-08-05 09:42:17,209][INFO] gradient converged
[2025-08-05 09:42:17,209][INFO] Completed VQE run 9
[2025-08-05 09:42:17,210][INFO] Final ops list: [{'name': 'RY', 'param': 5.028638635858264, 'wires': [3]}, {'name': 'CRY', 'param': 6.502928588390721, 'wires': [3, 2]}, {'name': 'RY', 'param': 6.332229648980388, 'wires': [1]}, {'name': 'RY', 'param': 3.620483443000049, 'wires': [2]}, {'name': 'CRY', 'param': 6.237636936510169, 'wires': [3, 1]}, {'name': 'CRY', 'param': 6.483605613028161, 'wires': [2, 1]}, {'name': 'RY', 'param': 4.018517147470258, 'wires': [2]}, {'name': 'CRY', 'param': 1.7684058386504167, 'wires': [2, 3]}, {'name': 'CRY', 'param': 4.775055499596846, 'wires': [1, 2]}]
[2025-08-05 09:42:17,210][INFO] Energy: 0.8845804438664606
