[2025-08-04 17:39:52,201][INFO] Starting VQE run 54 (seed=110564766)
[2025-08-04 17:39:52,269][INFO] Adding RY(0.0, wires=[3]) increased overlap from 0.0 to 0.9359356813934163
[2025-08-04 17:39:52,371][INFO] Adding CRY(0.0, wires=[3, 2])) increased overlap from 0.9359356813934163 to 0.9586493206336253
[2025-08-04 17:39:52,512][INFO] Adding RY(0.0, wires=[1]) increased overlap from 0.9586493206336253 to 0.9632777802892305
[2025-08-04 17:39:52,797][INFO] Adding RY(0.0, wires=[2]) increased overlap from 0.9632777802892305 to 0.9925039342008961
[2025-08-04 17:39:53,166][INFO] Adding CRY(0.0, wires=[3, 1])) increased overlap from 0.9925039342008961 to 0.9940320045640143
[2025-08-04 17:39:54,789][INFO] Adding CRY(0.0, wires=[2, 1])) increased overlap from 0.9940320045640143 to 0.9951809523814887
[2025-08-04 17:40:09,251][INFO] Adding RY(0.0, wires=[2]) increased overlap from 0.9951809523814887 to 0.9999675203970231
[2025-08-04 17:40:20,366][INFO] Adding CRY(0.0, wires=[2, 3])) increased overlap from 0.9999675203970231 to 0.9999999999999676
[2025-08-04 17:40:36,484][INFO] Adding CRY(0.0, wires=[1, 3])) had small change in overlap from 0.9999999999999676 to 0.9999999999999409
[2025-08-04 17:40:36,484][INFO] gradient converged
[2025-08-04 17:40:36,484][INFO] Completed VQE run 8
[2025-08-04 17:40:36,484][INFO] Final ops list: [{'name': 'RY', 'param': 4.996666598799476, 'wires': [3]}, {'name': 'CRY', 'param': 5.599697079998933, 'wires': [3, 2]}, {'name': 'RY', 'param': 6.287312508683892, 'wires': [1]}, {'name': 'RY', 'param': 4.2690118690938235, 'wires': [2]}, {'name': 'CRY', 'param': 6.4711239772522005, 'wires': [3, 1]}, {'name': 'CRY', 'param': 5.96456490850879, 'wires': [2, 1]}, {'name': 'RY', 'param': 4.055319338733489, 'wires': [2]}, {'name': 'CRY', 'param': 5.418382134220609, 'wires': [2, 3]}]
[2025-08-04 17:40:36,484][INFO] Energy: 0.88458044386691
[2025-08-05 09:41:15,617][INFO] Starting VQE run 54 (seed=108399402)
[2025-08-05 09:41:15,697][INFO] Adding RY(0.0, wires=[3]) increased overlap from 0.0 to 0.9359356807579979
[2025-08-05 09:41:15,799][INFO] Adding CRY(0.0, wires=[3, 2])) increased overlap from 0.9359356807579979 to 0.9586493192280197
[2025-08-05 09:41:15,972][INFO] Adding RY(0.0, wires=[1]) increased overlap from 0.9586493192280197 to 0.9632777813066526
[2025-08-05 09:41:16,235][INFO] Adding RY(0.0, wires=[2]) increased overlap from 0.9632777813066526 to 0.9925039368069092
[2025-08-05 09:41:16,798][INFO] Adding CRY(0.0, wires=[3, 1])) increased overlap from 0.9925039368069092 to 0.9940320009195995
[2025-08-05 09:41:18,490][INFO] Adding CRY(0.0, wires=[2, 1])) increased overlap from 0.9940320009195995 to 0.9951809516261919
[2025-08-05 09:41:34,915][INFO] Adding RY(0.0, wires=[2]) increased overlap from 0.9951809516261919 to 0.9999622630532025
[2025-08-05 09:41:46,400][INFO] Adding CRY(0.0, wires=[2, 3])) increased overlap from 0.9999622630532025 to 0.999999999999877
[2025-08-05 09:42:03,724][INFO] Adding CRY(0.0, wires=[1, 3])) increased overlap from 0.999999999999877 to 0.9999999999999454
[2025-08-05 09:42:03,724][INFO] gradient converged
[2025-08-05 09:42:03,724][INFO] Completed VQE run 8
[2025-08-05 09:42:03,724][INFO] Final ops list: [{'name': 'RY', 'param': 5.001388662933711, 'wires': [3]}, {'name': 'CRY', 'param': 5.597985402710632, 'wires': [3, 2]}, {'name': 'RY', 'param': 6.243037146793379, 'wires': [1]}, {'name': 'RY', 'param': 4.454786260583579, 'wires': [2]}, {'name': 'CRY', 'param': 6.471445000254649, 'wires': [3, 1]}, {'name': 'CRY', 'param': 5.9936928536434495, 'wires': [2, 1]}, {'name': 'RY', 'param': 4.2097191429605605, 'wires': [2]}, {'name': 'CRY', 'param': 5.614721794214951, 'wires': [2, 3]}]
[2025-08-05 09:42:03,724][INFO] Energy: 0.8845804438668642
