[2025-08-04 17:39:52,196][INFO] Starting VQE run 47 (seed=52507733)
[2025-08-04 17:39:52,264][INFO] Adding RY(0.0, wires=[3]) increased overlap from 0.0 to 0.935935681331138
[2025-08-04 17:39:52,351][INFO] Adding CRY(0.0, wires=[3, 2])) increased overlap from 0.935935681331138 to 0.9586493201303086
[2025-08-04 17:39:52,494][INFO] Adding RY(0.0, wires=[1]) increased overlap from 0.9586493201303086 to 0.9632777819707191
[2025-08-04 17:39:52,782][INFO] Adding RY(0.0, wires=[2]) increased overlap from 0.9632777819707191 to 0.992503932028934
[2025-08-04 17:39:53,943][INFO] Adding CRY(0.0, wires=[3, 1])) increased overlap from 0.992503932028934 to 0.9940320013644571
[2025-08-04 17:39:55,699][INFO] Adding CRY(0.0, wires=[2, 1])) increased overlap from 0.9940320013644571 to 0.9951809528680519
[2025-08-04 17:40:10,162][INFO] Adding RY(0.0, wires=[2]) increased overlap from 0.9951809528680519 to 0.9999693898572117
[2025-08-04 17:40:26,276][INFO] Adding CRY(0.0, wires=[2, 3])) had small change in overlap from 0.9999693898572117 to 0.9956888723834069
[2025-08-04 17:40:42,106][INFO] Adding CRY(0.0, wires=[1, 2])) increased overlap from 0.9956888723834069 to 0.999999999999895
[2025-08-04 17:40:55,781][INFO] Adding RY(0.0, wires=[1]) had small change in overlap from 0.999999999999895 to 0.999999999999853
[2025-08-04 17:40:55,781][INFO] gradient converged
[2025-08-04 17:40:55,781][INFO] Completed VQE run 9
[2025-08-04 17:40:55,781][INFO] Final ops list: [{'name': 'RY', 'param': 4.997096414491586, 'wires': [3]}, {'name': 'CRY', 'param': 6.069478808564091, 'wires': [3, 2]}, {'name': 'RY', 'param': 6.441707502751141, 'wires': [1]}, {'name': 'RY', 'param': 3.8659047876399235, 'wires': [2]}, {'name': 'CRY', 'param': 6.190643845755451, 'wires': [3, 1]}, {'name': 'CRY', 'param': 6.389147496025026, 'wires': [2, 1]}, {'name': 'RY', 'param': 4.110645051970525, 'wires': [2]}, {'name': 'CRY', 'param': 3.054949216835699, 'wires': [2, 3]}, {'name': 'CRY', 'param': 5.2384186155647425, 'wires': [1, 2]}]
[2025-08-04 17:40:55,781][INFO] Energy: 0.8845804438668817
[2025-08-05 09:41:15,618][INFO] Starting VQE run 47 (seed=49938588)
[2025-08-05 09:41:15,702][INFO] Adding RY(0.0, wires=[3]) increased overlap from 0.0 to 0.9359356780778284
[2025-08-05 09:41:15,893][INFO] Adding CRY(0.0, wires=[3, 2])) increased overlap from 0.9359356780778284 to 0.958649318756021
[2025-08-05 09:41:16,055][INFO] Adding RY(0.0, wires=[1]) increased overlap from 0.958649318756021 to 0.963277784777534
[2025-08-05 09:41:16,388][INFO] Adding RY(0.0, wires=[2]) increased overlap from 0.963277784777534 to 0.9925039387960727
[2025-08-05 09:41:16,918][INFO] Adding CRY(0.0, wires=[3, 1])) increased overlap from 0.9925039387960727 to 0.9940320001705488
[2025-08-05 09:41:18,761][INFO] Adding CRY(0.0, wires=[2, 1])) increased overlap from 0.9940320001705488 to 0.9951809553536568
[2025-08-05 09:41:35,252][INFO] Adding RY(0.0, wires=[2]) increased overlap from 0.9951809553536568 to 0.9999999069030727
[2025-08-05 09:41:53,626][INFO] Adding CRY(0.0, wires=[2, 3])) increased overlap from 0.9999999069030727 to 0.9999999999997433
[2025-08-05 09:42:08,576][INFO] Adding RY(0.0, wires=[1]) increased overlap from 0.9999999999997433 to 0.9999999999998397
[2025-08-05 09:42:08,576][INFO] gradient converged
[2025-08-05 09:42:08,576][INFO] Completed VQE run 8
[2025-08-05 09:42:08,576][INFO] Final ops list: [{'name': 'RY', 'param': -1.2571771574053783, 'wires': [3]}, {'name': 'CRY', 'param': -0.5907475182738071, 'wires': [3, 2]}, {'name': 'RY', 'param': -0.1897118428190683, 'wires': [1]}, {'name': 'RY', 'param': -0.6116665630432078, 'wires': [2]}, {'name': 'CRY', 'param': 0.18676506717651764, 'wires': [3, 1]}, {'name': 'CRY', 'param': -0.34371872061087316, 'wires': [2, 1]}, {'name': 'RY', 'param': 0.9796758952049157, 'wires': [2]}, {'name': 'CRY', 'param': 0.38783618020395366, 'wires': [2, 3]}]
[2025-08-05 09:42:08,576][INFO] Energy: 0.8845804438672343
