[2025-08-04 17:39:52,230][INFO] Starting VQE run 92 (seed=108271202)
[2025-08-04 17:39:52,361][INFO] Adding RY(0.0, wires=[3]) increased overlap from 0.0 to 0.9359356821760899
[2025-08-04 17:39:53,246][INFO] Adding CRY(0.0, wires=[3, 2])) increased overlap from 0.9359356821760899 to 0.958649321076202
[2025-08-04 17:39:53,454][INFO] Adding RY(0.0, wires=[1]) increased overlap from 0.958649321076202 to 0.963277784942352
[2025-08-04 17:39:53,809][INFO] Adding RY(0.0, wires=[2]) increased overlap from 0.963277784942352 to 0.9925039364493551
[2025-08-04 17:39:54,463][INFO] Adding CRY(0.0, wires=[3, 1])) increased overlap from 0.9925039364493551 to 0.9940320002523165
[2025-08-04 17:39:57,253][INFO] Adding CRY(0.0, wires=[2, 1])) increased overlap from 0.9940320002523165 to 0.9951809524840207
[2025-08-04 17:40:11,888][INFO] Adding RY(0.0, wires=[2]) increased overlap from 0.9951809524840207 to 0.999999823275147
[2025-08-04 17:40:27,917][INFO] Adding CRY(0.0, wires=[2, 3])) had small change in overlap from 0.999999823275147 to 0.9999423723033948
[2025-08-04 17:40:44,510][INFO] Adding CRY(0.0, wires=[1, 3])) had small change in overlap from 0.9999423723033948 to 0.999906387731091
[2025-08-04 17:41:01,471][INFO] Adding RY(0.0, wires=[1]) increased overlap from 0.999906387731091 to 0.9999999656341586
[2025-08-04 17:41:18,713][INFO] Adding RY(0.0, wires=[3]) increased overlap from 0.9999999656341586 to 0.9999999999999254
[2025-08-04 17:41:28,731][INFO] Adding CRY(0.0, wires=[1, 2])) increased overlap from 0.9999999999999254 to 0.9999999999999345
[2025-08-04 17:41:28,731][INFO] gradient converged
[2025-08-04 17:41:28,731][INFO] Completed VQE run 11
[2025-08-04 17:41:28,731][INFO] Final ops list: [{'name': 'RY', 'param': 4.999564896028257, 'wires': [3]}, {'name': 'CRY', 'param': -0.00413302680812977, 'wires': [3, 2]}, {'name': 'RY', 'param': 1.3912465385635864, 'wires': [1]}, {'name': 'RY', 'param': 0.3590348633854616, 'wires': [2]}, {'name': 'CRY', 'param': 2.840845647089746, 'wires': [3, 1]}, {'name': 'CRY', 'param': 4.013456650782778, 'wires': [2, 1]}, {'name': 'RY', 'param': 0.2960769188930413, 'wires': [2]}, {'name': 'CRY', 'param': 0.16358630974896135, 'wires': [2, 3]}, {'name': 'CRY', 'param': 2.3619583928774324, 'wires': [1, 3]}, {'name': 'RY', 'param': 4.488039884158168, 'wires': [1]}, {'name': 'RY', 'param': 4.2011490177188895, 'wires': [3]}]
[2025-08-04 17:41:28,731][INFO] Energy: 0.8845804438667142
[2025-08-05 09:41:15,630][INFO] Starting VQE run 92 (seed=108297792)
[2025-08-05 09:41:15,696][INFO] Adding RY(0.0, wires=[3]) increased overlap from 0.0 to 0.9359356820017815
[2025-08-05 09:41:15,873][INFO] Adding CRY(0.0, wires=[3, 2])) increased overlap from 0.9359356820017815 to 0.958649322024185
[2025-08-05 09:41:16,005][INFO] Adding RY(0.0, wires=[1]) increased overlap from 0.958649322024185 to 0.9632777814905602
[2025-08-05 09:41:16,283][INFO] Adding RY(0.0, wires=[2]) increased overlap from 0.9632777814905602 to 0.9925039370750856
[2025-08-05 09:41:16,774][INFO] Adding CRY(0.0, wires=[3, 1])) increased overlap from 0.9925039370750856 to 0.9940320000962507
[2025-08-05 09:41:18,422][INFO] Adding CRY(0.0, wires=[2, 1])) increased overlap from 0.9940320000962507 to 0.9951809559231624
[2025-08-05 09:41:31,634][INFO] Adding RY(0.0, wires=[2]) increased overlap from 0.9951809559231624 to 0.9999999389479648
[2025-08-05 09:41:46,162][INFO] Adding CRY(0.0, wires=[2, 3])) increased overlap from 0.9999999389479648 to 0.9999999777930574
[2025-08-05 09:42:01,211][INFO] Adding RY(0.0, wires=[1]) had small change in overlap from 0.9999999777930574 to 0.9975934421235733
[2025-08-05 09:42:16,938][INFO] Adding RY(0.0, wires=[2]) had small change in overlap from 0.9975934421235733 to 0.9974483815161682
[2025-08-05 09:42:34,007][INFO] Adding CRY(0.0, wires=[1, 2])) increased overlap from 0.9974483815161682 to 0.9999726262065083
[2025-08-05 09:42:43,981][INFO] Adding RY(0.0, wires=[1]) increased overlap from 0.9999726262065083 to 0.9999999999999565
[2025-08-05 09:42:46,032][INFO] Adding RY(0.0, wires=[2]) increased overlap from 0.9999999999999565 to 0.9999999999999951
[2025-08-05 09:42:46,032][INFO] gradient converged
[2025-08-05 09:42:46,032][INFO] Completed VQE run 12
[2025-08-05 09:42:46,032][INFO] Final ops list: [{'name': 'RY', 'param': 4.699944240940966, 'wires': [3]}, {'name': 'CRY', 'param': 0.26469898388984436, 'wires': [3, 2]}, {'name': 'RY', 'param': -1.2614058529108043, 'wires': [1]}, {'name': 'RY', 'param': 1.5921997874479406, 'wires': [2]}, {'name': 'CRY', 'param': 0.4441678440879758, 'wires': [3, 1]}, {'name': 'CRY', 'param': 1.2790271685084873, 'wires': [2, 1]}, {'name': 'RY', 'param': -0.30463264977382265, 'wires': [2]}, {'name': 'CRY', 'param': 0.7331280232921202, 'wires': [2, 3]}, {'name': 'RY', 'param': 0.024240147020316224, 'wires': [1]}, {'name': 'RY', 'param': -1.3935920730038545, 'wires': [2]}, {'name': 'CRY', 'param': 2.170206957253664, 'wires': [1, 2]}, {'name': 'RY', 'param': 0.536112623673955, 'wires': [1]}]
[2025-08-05 09:42:46,033][INFO] Energy: 0.8845804438664217
