[2025-08-04 17:39:52,192][INFO] Starting VQE run 37 (seed=40115851)
[2025-08-04 17:39:52,259][INFO] Adding RY(0.0, wires=[3]) increased overlap from 0.0 to 0.9359356838551869
[2025-08-04 17:39:52,361][INFO] Adding CRY(0.0, wires=[3, 2])) increased overlap from 0.9359356838551869 to 0.9586493207963942
[2025-08-04 17:39:52,497][INFO] Adding RY(0.0, wires=[1]) increased overlap from 0.9586493207963942 to 0.9632777810356
[2025-08-04 17:39:52,781][INFO] Adding RY(0.0, wires=[2]) increased overlap from 0.9632777810356 to 0.9925039348118556
[2025-08-04 17:39:53,173][INFO] Adding CRY(0.0, wires=[3, 1])) increased overlap from 0.9925039348118556 to 0.9940320054404608
[2025-08-04 17:39:54,444][INFO] Adding CRY(0.0, wires=[2, 1])) increased overlap from 0.9940320054404608 to 0.995180952434849
[2025-08-04 17:40:08,931][INFO] Adding RY(0.0, wires=[2]) increased overlap from 0.995180952434849 to 0.9999529094045887
[2025-08-04 17:40:25,036][INFO] Adding CRY(0.0, wires=[2, 3])) increased overlap from 0.9999529094045887 to 0.9999999999988738
[2025-08-04 17:40:36,292][INFO] Adding CRY(0.0, wires=[1, 3])) increased overlap from 0.9999999999988738 to 0.9999999999999143
[2025-08-04 17:40:36,292][INFO] gradient converged
[2025-08-04 17:40:36,293][INFO] Completed VQE run 8
[2025-08-04 17:40:36,293][INFO] Final ops list: [{'name': 'RY', 'param': -1.2680300707228884, 'wires': [3]}, {'name': 'CRY', 'param': -0.6574865991754445, 'wires': [3, 2]}, {'name': 'RY', 'param': -0.40235500574349936, 'wires': [1]}, {'name': 'RY', 'param': 1.9620089289749447, 'wires': [2]}, {'name': 'CRY', 'param': 0.18814053604136555, 'wires': [3, 1]}, {'name': 'CRY', 'param': 0.26487963848752744, 'wires': [2, 1]}, {'name': 'RY', 'param': -1.6426559606030966, 'wires': [2]}, {'name': 'CRY', 'param': -0.12159166588589039, 'wires': [2, 3]}]
[2025-08-04 17:40:36,293][INFO] Energy: 0.8845804438669141
[2025-08-05 09:41:15,615][INFO] Starting VQE run 37 (seed=36969876)
[2025-08-05 09:41:15,698][INFO] Adding RY(0.0, wires=[3]) increased overlap from 0.0 to 0.9359356802256462
[2025-08-05 09:41:15,798][INFO] Adding CRY(0.0, wires=[3, 2])) increased overlap from 0.9359356802256462 to 0.95864932055376
[2025-08-05 09:41:15,973][INFO] Adding RY(0.0, wires=[1]) increased overlap from 0.95864932055376 to 0.9632777833579065
[2025-08-05 09:41:16,276][INFO] Adding RY(0.0, wires=[2]) increased overlap from 0.9632777833579065 to 0.9925039345187208
[2025-08-05 09:41:17,072][INFO] Adding CRY(0.0, wires=[3, 1])) increased overlap from 0.9925039345187208 to 0.9940320007607684
[2025-08-05 09:41:18,759][INFO] Adding CRY(0.0, wires=[2, 1])) increased overlap from 0.9940320007607684 to 0.9951809523361727
[2025-08-05 09:41:35,271][INFO] Adding RY(0.0, wires=[2]) increased overlap from 0.9951809523361727 to 0.9999603627085258
[2025-08-05 09:41:45,357][INFO] Adding CRY(0.0, wires=[2, 3])) increased overlap from 0.9999603627085258 to 0.999999999999962
[2025-08-05 09:42:03,819][INFO] Adding RY(0.0, wires=[2]) had small change in overlap from 0.999999999999962 to 0.9999999999998805
[2025-08-05 09:42:03,820][INFO] gradient converged
[2025-08-05 09:42:03,820][INFO] Completed VQE run 8
[2025-08-05 09:42:03,820][INFO] Final ops list: [{'name': 'RY', 'param': 4.990022905680848, 'wires': [3]}, {'name': 'CRY', 'param': 5.61511097483576, 'wires': [3, 2]}, {'name': 'RY', 'param': 6.36712125440649, 'wires': [1]}, {'name': 'RY', 'param': 4.026414325039787, 'wires': [2]}, {'name': 'CRY', 'param': 6.4702541900775286, 'wires': [3, 1]}, {'name': 'CRY', 'param': 5.902321531204133, 'wires': [2, 1]}, {'name': 'RY', 'param': 3.867122250889892, 'wires': [2]}, {'name': 'CRY', 'param': 5.103764639332966, 'wires': [2, 3]}]
[2025-08-05 09:42:03,820][INFO] Energy: 0.8845804438673259
