[2025-08-04 17:39:52,253][INFO] Starting VQE run 99 (seed=42871446)
[2025-08-04 17:39:52,385][INFO] Adding RY(0.0, wires=[3]) increased overlap from 0.0 to 0.9359356800490033
[2025-08-04 17:39:52,489][INFO] Adding CRY(0.0, wires=[3, 2])) increased overlap from 0.9359356800490033 to 0.9586493211001195
[2025-08-04 17:39:52,731][INFO] Adding RY(0.0, wires=[1]) increased overlap from 0.9586493211001195 to 0.9632777835961547
[2025-08-04 17:39:52,934][INFO] Adding RY(0.0, wires=[2]) increased overlap from 0.9632777835961547 to 0.9925039351343675
[2025-08-04 17:39:53,398][INFO] Adding CRY(0.0, wires=[3, 1])) increased overlap from 0.9925039351343675 to 0.9940319995933004
[2025-08-04 17:39:54,685][INFO] Adding CRY(0.0, wires=[2, 1])) increased overlap from 0.9940319995933004 to 0.9951809551514039
[2025-08-04 17:40:09,407][INFO] Adding RY(0.0, wires=[2]) increased overlap from 0.9951809551514039 to 0.9999448936068218
[2025-08-04 17:40:25,663][INFO] Adding CRY(0.0, wires=[2, 3])) increased overlap from 0.9999448936068218 to 0.9999999999795715
[2025-08-04 17:40:40,026][INFO] Adding CRY(0.0, wires=[1, 3])) increased overlap from 0.9999999999795715 to 0.9999999999999201
[2025-08-04 17:40:40,027][INFO] gradient converged
[2025-08-04 17:40:40,027][INFO] Completed VQE run 8
[2025-08-04 17:40:40,027][INFO] Final ops list: [{'name': 'RY', 'param': -1.2664663576198527, 'wires': [3]}, {'name': 'CRY', 'param': -0.6510582175670251, 'wires': [3, 2]}, {'name': 'RY', 'param': -0.4151889157842444, 'wires': [1]}, {'name': 'RY', 'param': 2.043645924778922, 'wires': [2]}, {'name': 'CRY', 'param': 0.188033238074714, 'wires': [3, 1]}, {'name': 'CRY', 'param': 0.26903857257656466, 'wires': [2, 1]}, {'name': 'RY', 'param': -1.716887078991932, 'wires': [2]}, {'name': 'CRY', 'param': -0.05640035161101607, 'wires': [2, 3]}]
[2025-08-04 17:40:40,027][INFO] Energy: 0.8845804438668854
[2025-08-05 09:41:15,632][INFO] Starting VQE run 99 (seed=43301817)
[2025-08-05 09:41:15,693][INFO] Adding RY(0.0, wires=[3]) increased overlap from 0.0 to 0.9359356811606107
[2025-08-05 09:41:15,775][INFO] Adding CRY(0.0, wires=[3, 2])) increased overlap from 0.9359356811606107 to 0.9586493201338357
[2025-08-05 09:41:15,908][INFO] Adding RY(0.0, wires=[1]) increased overlap from 0.9586493201338357 to 0.9632777808502311
[2025-08-05 09:41:16,231][INFO] Adding RY(0.0, wires=[2]) increased overlap from 0.9632777808502311 to 0.9925039334688208
[2025-08-05 09:41:16,798][INFO] Adding CRY(0.0, wires=[3, 1])) increased overlap from 0.9925039334688208 to 0.9940320009609508
[2025-08-05 09:41:18,360][INFO] Adding CRY(0.0, wires=[2, 1])) increased overlap from 0.9940320009609508 to 0.9951809515319452
[2025-08-05 09:41:31,491][INFO] Adding RY(0.0, wires=[2]) increased overlap from 0.9951809515319452 to 0.9999622853139417
[2025-08-05 09:41:41,603][INFO] Adding CRY(0.0, wires=[2, 3])) increased overlap from 0.9999622853139417 to 0.9999999999999394
[2025-08-05 09:41:56,660][INFO] Adding RY(0.0, wires=[2]) had small change in overlap from 0.9999999999999394 to 0.9999999999989853
[2025-08-05 09:41:56,661][INFO] gradient converged
[2025-08-05 09:41:56,661][INFO] Completed VQE run 8
[2025-08-05 09:41:56,661][INFO] Final ops list: [{'name': 'RY', 'param': 4.993033868069361, 'wires': [3]}, {'name': 'CRY', 'param': 5.605801742094172, 'wires': [3, 2]}, {'name': 'RY', 'param': 6.327490317976386, 'wires': [1]}, {'name': 'RY', 'param': 4.135122734302021, 'wires': [2]}, {'name': 'CRY', 'param': 6.470721883824591, 'wires': [3, 1]}, {'name': 'CRY', 'param': 5.934357605013909, 'wires': [2, 1]}, {'name': 'RY', 'param': 3.9491751592410775, 'wires': [2]}, {'name': 'CRY', 'param': 5.25461616226981, 'wires': [2, 3]}]
[2025-08-05 09:41:56,661][INFO] Energy: 0.8845804438726705
