[2025-08-04 17:39:52,203][INFO] Starting VQE run 60 (seed=19234464)
[2025-08-04 17:39:52,270][INFO] Adding RY(0.0, wires=[3]) increased overlap from 0.0 to 0.9359356839567492
[2025-08-04 17:39:52,366][INFO] Adding CRY(0.0, wires=[3, 2])) increased overlap from 0.9359356839567492 to 0.9586493204091747
[2025-08-04 17:39:52,506][INFO] Adding RY(0.0, wires=[1]) increased overlap from 0.9586493204091747 to 0.9632777830229114
[2025-08-04 17:39:52,835][INFO] Adding RY(0.0, wires=[2]) increased overlap from 0.9632777830229114 to 0.9925039352445234
[2025-08-04 17:39:53,552][INFO] Adding CRY(0.0, wires=[3, 1])) increased overlap from 0.9925039352445234 to 0.9940319997403226
[2025-08-04 17:39:55,765][INFO] Adding CRY(0.0, wires=[2, 1])) increased overlap from 0.9940319997403226 to 0.9951809522091983
[2025-08-04 17:40:10,210][INFO] Adding RY(0.0, wires=[2]) increased overlap from 0.9951809522091983 to 0.9999938239897815
[2025-08-04 17:40:26,260][INFO] Adding CRY(0.0, wires=[2, 3])) had small change in overlap from 0.9999938239897815 to 0.9972251796274898
[2025-08-04 17:40:33,014][INFO] Adding CRY(0.0, wires=[1, 2])) increased overlap from 0.9972251796274898 to 0.9999999999999756
[2025-08-04 17:40:34,543][INFO] Adding RY(0.0, wires=[1]) increased overlap from 0.9999999999999756 to 0.9999999999999982
[2025-08-04 17:40:34,544][INFO] gradient converged
[2025-08-04 17:40:34,544][INFO] Completed VQE run 9
[2025-08-04 17:40:34,544][INFO] Final ops list: [{'name': 'RY', 'param': 5.031038426551714, 'wires': [3]}, {'name': 'CRY', 'param': 6.728675012037756, 'wires': [3, 2]}, {'name': 'RY', 'param': 6.527899766736614, 'wires': [1]}, {'name': 'RY', 'param': 7.124716368235534, 'wires': [2]}, {'name': 'CRY', 'param': 6.325410608158295, 'wires': [3, 1]}, {'name': 'CRY', 'param': 5.9790190695796985, 'wires': [2, 1]}, {'name': 'RY', 'param': 1.2601702489181146, 'wires': [2]}, {'name': 'CRY', 'param': 1.0125083862638857, 'wires': [2, 3]}, {'name': 'CRY', 'param': 3.974685258767861, 'wires': [1, 2]}]
[2025-08-04 17:40:34,544][INFO] Energy: 0.8845804438664138
[2025-08-05 09:41:15,622][INFO] Starting VQE run 60 (seed=17415198)
[2025-08-05 09:41:15,703][INFO] Adding RY(0.0, wires=[3]) increased overlap from 0.0 to 0.9359356804985113
[2025-08-05 09:41:15,798][INFO] Adding CRY(0.0, wires=[3, 2])) increased overlap from 0.9359356804985113 to 0.9586493202763693
[2025-08-05 09:41:15,961][INFO] Adding RY(0.0, wires=[1]) increased overlap from 0.9586493202763693 to 0.9632777831433091
[2025-08-05 09:41:16,290][INFO] Adding RY(0.0, wires=[2]) increased overlap from 0.9632777831433091 to 0.9925039348358063
[2025-08-05 09:41:18,142][INFO] Adding CRY(0.0, wires=[3, 1])) increased overlap from 0.9925039348358063 to 0.9940320004195148
[2025-08-05 09:41:20,086][INFO] Adding CRY(0.0, wires=[2, 1])) increased overlap from 0.9940320004195148 to 0.9951809523929431
[2025-08-05 09:41:36,560][INFO] Adding RY(0.0, wires=[2]) increased overlap from 0.9951809523929431 to 0.9999664846812091
[2025-08-05 09:41:54,880][INFO] Adding CRY(0.0, wires=[2, 3])) had small change in overlap from 0.9999664846812091 to 0.9959935235451798
[2025-08-05 09:42:12,863][INFO] Adding CRY(0.0, wires=[1, 2])) increased overlap from 0.9959935235451798 to 0.9999999999998237
[2025-08-05 09:42:17,694][INFO] Adding RY(0.0, wires=[1]) increased overlap from 0.9999999999998237 to 0.9999999999999756
[2025-08-05 09:42:17,694][INFO] gradient converged
[2025-08-05 09:42:17,694][INFO] Completed VQE run 9
[2025-08-05 09:42:17,694][INFO] Final ops list: [{'name': 'RY', 'param': 5.005700972633608, 'wires': [3]}, {'name': 'CRY', 'param': 6.1731430556693825, 'wires': [3, 2]}, {'name': 'RY', 'param': 6.46220296033742, 'wires': [1]}, {'name': 'RY', 'param': 4.014465394302939, 'wires': [2]}, {'name': 'CRY', 'param': 6.198809340600723, 'wires': [3, 1]}, {'name': 'CRY', 'param': 6.369035193291512, 'wires': [2, 1]}, {'name': 'RY', 'param': 4.308968396035606, 'wires': [2]}, {'name': 'CRY', 'param': 2.740925217646083, 'wires': [2, 3]}, {'name': 'CRY', 'param': 5.157255776656586, 'wires': [1, 2]}]
[2025-08-05 09:42:17,694][INFO] Energy: 0.8845804438664885
