[2025-08-04 17:39:52,175][INFO] Starting VQE run 6 (seed=100466448)
[2025-08-04 17:39:52,241][INFO] Adding RY(0.0, wires=[3]) increased overlap from 0.0 to 0.9359356786651702
[2025-08-04 17:39:52,334][INFO] Adding CRY(0.0, wires=[3, 2])) increased overlap from 0.9359356786651702 to 0.9586493195070745
[2025-08-04 17:39:52,511][INFO] Adding RY(0.0, wires=[1]) increased overlap from 0.9586493195070745 to 0.9632777827774679
[2025-08-04 17:39:52,787][INFO] Adding RY(0.0, wires=[2]) increased overlap from 0.9632777827774679 to 0.9925039344219968
[2025-08-04 17:39:53,311][INFO] Adding CRY(0.0, wires=[3, 1])) increased overlap from 0.9925039344219968 to 0.9940320017895699
[2025-08-04 17:39:54,891][INFO] Adding CRY(0.0, wires=[2, 1])) increased overlap from 0.9940320017895699 to 0.9951809520774247
[2025-08-04 17:40:09,637][INFO] Adding RY(0.0, wires=[2]) increased overlap from 0.9951809520774247 to 0.9999598105239841
[2025-08-04 17:40:22,900][INFO] Adding CRY(0.0, wires=[2, 3])) increased overlap from 0.9999598105239841 to 0.999999999999925
[2025-08-04 17:40:32,652][INFO] Adding CRY(0.0, wires=[1, 3])) increased overlap from 0.999999999999925 to 0.9999999999999467
[2025-08-04 17:40:32,652][INFO] gradient converged
[2025-08-04 17:40:32,652][INFO] Completed VQE run 8
[2025-08-04 17:40:32,652][INFO] Final ops list: [{'name': 'RY', 'param': 5.006249697239772, 'wires': [3]}, {'name': 'CRY', 'param': 5.6023194438638875, 'wires': [3, 2]}, {'name': 'RY', 'param': 6.2040114831380695, 'wires': [1]}, {'name': 'RY', 'param': 4.665541470676169, 'wires': [2]}, {'name': 'CRY', 'param': 6.471574812513757, 'wires': [3, 1]}, {'name': 'CRY', 'param': 6.013197352957024, 'wires': [2, 1]}, {'name': 'RY', 'param': 4.391939955434042, 'wires': [2]}, {'name': 'CRY', 'param': 5.807495858960206, 'wires': [2, 3]}]
[2025-08-04 17:40:32,652][INFO] Energy: 0.8845804438667829
[2025-08-05 09:41:15,607][INFO] Starting VQE run 6 (seed=95532300)
[2025-08-05 09:41:15,686][INFO] Adding RY(0.0, wires=[3]) increased overlap from 0.0 to 0.9359356820034591
[2025-08-05 09:41:15,793][INFO] Adding CRY(0.0, wires=[3, 2])) increased overlap from 0.9359356820034591 to 0.9586493196387552
[2025-08-05 09:41:15,954][INFO] Adding RY(0.0, wires=[1]) increased overlap from 0.9586493196387552 to 0.9632777833946071
[2025-08-05 09:41:16,280][INFO] Adding RY(0.0, wires=[2]) increased overlap from 0.9632777833946071 to 0.9925039354739422
[2025-08-05 09:41:16,726][INFO] Adding CRY(0.0, wires=[3, 1])) increased overlap from 0.9925039354739422 to 0.9940320051447039
[2025-08-05 09:41:18,225][INFO] Adding CRY(0.0, wires=[2, 1])) increased overlap from 0.9940320051447039 to 0.9951809529249387
[2025-08-05 09:41:34,758][INFO] Adding RY(0.0, wires=[2]) increased overlap from 0.9951809529249387 to 0.9999506149177931
[2025-08-05 09:41:53,191][INFO] Adding CRY(0.0, wires=[2, 3])) increased overlap from 0.9999506149177931 to 0.9999999999933049
[2025-08-05 09:42:09,291][INFO] Adding CRY(0.0, wires=[1, 3])) increased overlap from 0.9999999999933049 to 0.9999999999998566
[2025-08-05 09:42:09,291][INFO] gradient converged
[2025-08-05 09:42:09,291][INFO] Completed VQE run 8
[2025-08-05 09:42:09,291][INFO] Final ops list: [{'name': 'RY', 'param': -1.2667602322807348, 'wires': [3]}, {'name': 'CRY', 'param': -0.6523301293810848, 'wires': [3, 2]}, {'name': 'RY', 'param': -0.4126707947251482, 'wires': [1]}, {'name': 'RY', 'param': 2.0282395549182435, 'wires': [2]}, {'name': 'CRY', 'param': 0.18805293759537567, 'wires': [3, 1]}, {'name': 'CRY', 'param': 0.2681196638106245, 'wires': [2, 1]}, {'name': 'RY', 'param': -1.7028662262860719, 'wires': [2]}, {'name': 'CRY', 'param': -0.06881010504485051, 'wires': [2, 3]}]
[2025-08-05 09:42:09,291][INFO] Energy: 0.8845804438672898
