[2025-08-04 17:39:52,187][INFO] Starting VQE run 27 (seed=27723969)
[2025-08-04 17:39:52,253][INFO] Adding RY(0.0, wires=[3]) increased overlap from 0.0 to 0.9359356781276439
[2025-08-04 17:39:52,349][INFO] Adding CRY(0.0, wires=[3, 2])) increased overlap from 0.9359356781276439 to 0.958649319651703
[2025-08-04 17:39:52,502][INFO] Adding RY(0.0, wires=[1]) increased overlap from 0.958649319651703 to 0.9632777841364816
[2025-08-04 17:39:52,768][INFO] Adding RY(0.0, wires=[2]) increased overlap from 0.9632777841364816 to 0.9925039332763995
[2025-08-04 17:39:53,190][INFO] Adding CRY(0.0, wires=[3, 1])) increased overlap from 0.9925039332763995 to 0.9940320027657772
[2025-08-04 17:39:54,692][INFO] Adding CRY(0.0, wires=[2, 1])) increased overlap from 0.9940320027657772 to 0.9951809547644107
[2025-08-04 17:40:09,205][INFO] Adding RY(0.0, wires=[2]) increased overlap from 0.9951809547644107 to 0.9999998469235597
[2025-08-04 17:40:24,885][INFO] Adding CRY(0.0, wires=[2, 3])) increased overlap from 0.9999998469235597 to 0.9999999999999254
[2025-08-04 17:40:37,063][INFO] Adding CRY(0.0, wires=[1, 3])) increased overlap from 0.9999999999999254 to 0.9999999999999494
[2025-08-04 17:40:37,063][INFO] gradient converged
[2025-08-04 17:40:37,064][INFO] Completed VQE run 8
[2025-08-04 17:40:37,064][INFO] Final ops list: [{'name': 'RY', 'param': -1.2604710600517306, 'wires': [3]}, {'name': 'CRY', 'param': -0.6176825202811461, 'wires': [3, 2]}, {'name': 'RY', 'param': -0.17560153798064726, 'wires': [1]}, {'name': 'RY', 'param': -0.7831001250616512, 'wires': [2]}, {'name': 'CRY', 'param': 0.18735277953587168, 'wires': [3, 1]}, {'name': 'CRY', 'param': -0.3047593458419182, 'wires': [2, 1]}, {'name': 'RY', 'param': 1.1368963032260335, 'wires': [2]}, {'name': 'CRY', 'param': 0.21372111956270268, 'wires': [2, 3]}]
[2025-08-04 17:40:37,064][INFO] Energy: 0.8845804438666764
[2025-08-05 09:41:15,612][INFO] Starting VQE run 27 (seed=24001164)
[2025-08-05 09:41:15,692][INFO] Adding RY(0.0, wires=[3]) increased overlap from 0.0 to 0.935935682405357
[2025-08-05 09:41:15,877][INFO] Adding CRY(0.0, wires=[3, 2])) increased overlap from 0.935935682405357 to 0.9586493184961891
[2025-08-05 09:41:16,046][INFO] Adding RY(0.0, wires=[1]) increased overlap from 0.9586493184961891 to 0.9632777846374451
[2025-08-05 09:41:16,354][INFO] Adding RY(0.0, wires=[2]) increased overlap from 0.9632777846374451 to 0.9925039369815116
[2025-08-05 09:41:16,896][INFO] Adding CRY(0.0, wires=[3, 1])) increased overlap from 0.9925039369815116 to 0.994032000287285
[2025-08-05 09:41:18,720][INFO] Adding CRY(0.0, wires=[2, 1])) increased overlap from 0.994032000287285 to 0.9951809556055725
[2025-08-05 09:41:35,202][INFO] Adding RY(0.0, wires=[2]) increased overlap from 0.9951809556055725 to 0.9999999171072899
[2025-08-05 09:41:53,479][INFO] Adding CRY(0.0, wires=[2, 3])) increased overlap from 0.9999999171072899 to 0.9999999999999123
[2025-08-05 09:42:08,339][INFO] Adding CRY(0.0, wires=[1, 3])) increased overlap from 0.9999999999999123 to 0.9999999999999338
[2025-08-05 09:42:08,339][INFO] gradient converged
[2025-08-05 09:42:08,339][INFO] Completed VQE run 8
[2025-08-05 09:42:08,339][INFO] Final ops list: [{'name': 'RY', 'param': -1.2571649588944376, 'wires': [3]}, {'name': 'CRY', 'param': -0.5906315731689765, 'wires': [3, 2]}, {'name': 'RY', 'param': -0.1897619758498288, 'wires': [1]}, {'name': 'RY', 'param': -0.6110331866270732, 'wires': [2]}, {'name': 'CRY', 'param': 0.1867621388287815, 'wires': [3, 1]}, {'name': 'CRY', 'param': -0.34390140333846625, 'wires': [2, 1]}, {'name': 'RY', 'param': 0.9790938741920293, 'wires': [2]}, {'name': 'CRY', 'param': 0.38853236723112045, 'wires': [2, 3]}]
[2025-08-05 09:42:08,339][INFO] Energy: 0.8845804438667243
