[2025-08-04 17:39:52,213][INFO] Starting VQE run 76 (seed=63752833)
[2025-08-04 17:39:52,281][INFO] Adding RY(0.0, wires=[3]) increased overlap from 0.0 to 0.9359356831693484
[2025-08-04 17:39:52,377][INFO] Adding CRY(0.0, wires=[3, 2])) increased overlap from 0.9359356831693484 to 0.9586493182472057
[2025-08-04 17:39:52,511][INFO] Adding RY(0.0, wires=[1]) increased overlap from 0.9586493182472057 to 0.9632777835142572
[2025-08-04 17:39:52,799][INFO] Adding RY(0.0, wires=[2]) increased overlap from 0.9632777835142572 to 0.9925039344149782
[2025-08-04 17:39:53,291][INFO] Adding CRY(0.0, wires=[3, 1])) increased overlap from 0.9925039344149782 to 0.9940320012265764
[2025-08-04 17:39:54,850][INFO] Adding CRY(0.0, wires=[2, 1])) increased overlap from 0.9940320012265764 to 0.995180951865788
[2025-08-04 17:40:09,289][INFO] Adding RY(0.0, wires=[2]) increased overlap from 0.995180951865788 to 0.9999733615584728
[2025-08-04 17:40:19,212][INFO] Adding CRY(0.0, wires=[2, 3])) increased overlap from 0.9999733615584728 to 0.9999999999999649
[2025-08-04 17:40:26,694][INFO] Adding RY(0.0, wires=[2]) had small change in overlap from 0.9999999999999649 to 0.9999999999999565
[2025-08-04 17:40:26,694][INFO] gradient converged
[2025-08-04 17:40:26,694][INFO] Completed VQE run 8
[2025-08-04 17:40:26,694][INFO] Final ops list: [{'name': 'RY', 'param': 4.993925019960085, 'wires': [3]}, {'name': 'CRY', 'param': 5.60385068507755, 'wires': [3, 2]}, {'name': 'RY', 'param': 6.316998030654802, 'wires': [1]}, {'name': 'RY', 'param': 4.167493758664573, 'wires': [2]}, {'name': 'CRY', 'param': 6.470835153892887, 'wires': [3, 1]}, {'name': 'CRY', 'param': 5.9425043656803105, 'wires': [2, 1]}, {'name': 'RY', 'param': 3.9743668570209922, 'wires': [2]}, {'name': 'CRY', 'param': 5.296255674526803, 'wires': [2, 3]}]
[2025-08-04 17:40:26,694][INFO] Energy: 0.8845804438668099
[2025-08-05 09:41:15,625][INFO] Starting VQE run 76 (seed=62856495)
[2025-08-05 09:41:15,706][INFO] Adding RY(0.0, wires=[3]) increased overlap from 0.0 to 0.9359356815922693
[2025-08-05 09:41:15,813][INFO] Adding CRY(0.0, wires=[3, 2])) increased overlap from 0.9359356815922693 to 0.9586493190353564
[2025-08-05 09:41:15,999][INFO] Adding RY(0.0, wires=[1]) increased overlap from 0.9586493190353564 to 0.963277781274274
[2025-08-05 09:41:16,312][INFO] Adding RY(0.0, wires=[2]) increased overlap from 0.963277781274274 to 0.9925039327434266
[2025-08-05 09:41:17,387][INFO] Adding CRY(0.0, wires=[3, 1])) increased overlap from 0.9925039327434266 to 0.9940320016804195
[2025-08-05 09:41:19,482][INFO] Adding CRY(0.0, wires=[2, 1])) increased overlap from 0.9940320016804195 to 0.9951809512900586
[2025-08-05 09:41:35,928][INFO] Adding RY(0.0, wires=[2]) increased overlap from 0.9951809512900586 to 0.9999545611206158
[2025-08-05 09:41:54,252][INFO] Adding CRY(0.0, wires=[2, 3])) had small change in overlap from 0.9999545611206158 to 0.9962238601397995
[2025-08-05 09:42:06,616][INFO] Adding CRY(0.0, wires=[1, 2])) increased overlap from 0.9962238601397995 to 0.9999999999999583
[2025-08-05 09:42:10,604][INFO] Adding RY(0.0, wires=[1]) increased overlap from 0.9999999999999583 to 0.9999999999999944
[2025-08-05 09:42:10,604][INFO] gradient converged
[2025-08-05 09:42:10,604][INFO] Completed VQE run 9
[2025-08-05 09:42:10,604][INFO] Final ops list: [{'name': 'RY', 'param': 4.979212650823093, 'wires': [3]}, {'name': 'CRY', 'param': 5.791643788826625, 'wires': [3, 2]}, {'name': 'RY', 'param': 6.468595325135288, 'wires': [1]}, {'name': 'RY', 'param': 4.366161057641141, 'wires': [2]}, {'name': 'CRY', 'param': 6.172371314005803, 'wires': [3, 1]}, {'name': 'CRY', 'param': 6.381993027102966, 'wires': [2, 1]}, {'name': 'RY', 'param': 4.42653018205785, 'wires': [2]}, {'name': 'CRY', 'param': 4.021337206091194, 'wires': [2, 3]}, {'name': 'CRY', 'param': 5.4062706104174785, 'wires': [1, 2]}]
[2025-08-05 09:42:10,604][INFO] Energy: 0.884580443866472
