[2025-08-04 17:39:52,180][INFO] Starting VQE run 33 (seed=59850456)
[2025-08-04 17:39:52,243][INFO] Adding RY(0.0, wires=[3]) increased overlap from 0.0 to 0.9359356777198674
[2025-08-04 17:39:52,335][INFO] Adding CRY(0.0, wires=[3, 2])) increased overlap from 0.9359356777198674 to 0.9586493199469622
[2025-08-04 17:39:52,463][INFO] Adding RY(0.0, wires=[1]) increased overlap from 0.9586493199469622 to 0.9632777820658089
[2025-08-04 17:39:52,727][INFO] Adding RY(0.0, wires=[2]) increased overlap from 0.9632777820658089 to 0.9925039344402944
[2025-08-04 17:39:53,254][INFO] Adding CRY(0.0, wires=[3, 1])) increased overlap from 0.9925039344402944 to 0.9940320005413884
[2025-08-04 17:39:55,125][INFO] Adding CRY(0.0, wires=[2, 1])) increased overlap from 0.9940320005413884 to 0.9951809512463063
[2025-08-04 17:40:09,866][INFO] Adding RY(0.0, wires=[2]) increased overlap from 0.9951809512463063 to 0.999960001030618
[2025-08-04 17:40:19,997][INFO] Adding CRY(0.0, wires=[2, 3])) increased overlap from 0.999960001030618 to 0.9999999999999503
[2025-08-04 17:40:25,335][INFO] Adding RY(0.0, wires=[2]) increased overlap from 0.9999999999999503 to 0.9999999999999629
[2025-08-04 17:40:25,335][INFO] gradient converged
[2025-08-04 17:40:25,335][INFO] Completed VQE run 8
[2025-08-04 17:40:25,335][INFO] Final ops list: [{'name': 'RY', 'param': 4.994372644672986, 'wires': [3]}, {'name': 'CRY', 'param': 5.602989109026674, 'wires': [3, 2]}, {'name': 'RY', 'param': 6.311898585954579, 'wires': [1]}, {'name': 'RY', 'param': 4.183847134465405, 'wires': [2]}, {'name': 'CRY', 'param': 6.470888165689353, 'wires': [3, 1]}, {'name': 'CRY', 'param': 5.946403524033948, 'wires': [2, 1]}, {'name': 'RY', 'param': 3.987213864615605, 'wires': [2]}, {'name': 'CRY', 'param': 5.31676848176275, 'wires': [2, 3]}]
[2025-08-04 17:40:25,335][INFO] Energy: 0.8845804438667408
[2025-08-05 09:41:15,614][INFO] Starting VQE run 33 (seed=56473749)
[2025-08-05 09:41:15,697][INFO] Adding RY(0.0, wires=[3]) increased overlap from 0.0 to 0.9359356811621432
[2025-08-05 09:41:15,810][INFO] Adding CRY(0.0, wires=[3, 2])) increased overlap from 0.9359356811621432 to 0.9586493200556324
[2025-08-05 09:41:15,982][INFO] Adding RY(0.0, wires=[1]) increased overlap from 0.9586493200556324 to 0.9632777814195218
[2025-08-05 09:41:16,396][INFO] Adding RY(0.0, wires=[2]) increased overlap from 0.9632777814195218 to 0.9925039358728855
[2025-08-05 09:41:17,087][INFO] Adding CRY(0.0, wires=[3, 1])) increased overlap from 0.9925039358728855 to 0.9940320032910597
[2025-08-05 09:41:19,420][INFO] Adding CRY(0.0, wires=[2, 1])) increased overlap from 0.9940320032910597 to 0.9951809516494805
[2025-08-05 09:41:35,936][INFO] Adding RY(0.0, wires=[2]) increased overlap from 0.9951809516494805 to 0.9999975294457881
[2025-08-05 09:41:54,316][INFO] Adding CRY(0.0, wires=[2, 3])) had small change in overlap from 0.9999975294457881 to 0.9973496861283311
[2025-08-05 09:42:11,733][INFO] Adding RY(0.0, wires=[3]) had small change in overlap from 0.9973496861283311 to 0.9969183152318837
[2025-08-05 09:42:27,512][INFO] Adding RY(0.0, wires=[2]) increased overlap from 0.9969183152318837 to 0.9999980302837513
[2025-08-05 09:42:44,579][INFO] Adding CRY(0.0, wires=[1, 3])) had small change in overlap from 0.9999980302837513 to 0.9993464365965622
[2025-08-05 09:43:02,181][INFO] Adding RY(0.0, wires=[1]) increased overlap from 0.9993464365965622 to 0.9999999999760936
[2025-08-05 09:43:14,515][INFO] Adding CRY(0.0, wires=[1, 2])) increased overlap from 0.9999999999760936 to 0.9999999999999263
[2025-08-05 09:43:14,515][INFO] gradient converged
[2025-08-05 09:43:14,515][INFO] Completed VQE run 12
[2025-08-05 09:43:14,515][INFO] Final ops list: [{'name': 'RY', 'param': 3.6264170253853787, 'wires': [3]}, {'name': 'CRY', 'param': 5.873670682763174, 'wires': [3, 2]}, {'name': 'RY', 'param': 7.21396127872392, 'wires': [1]}, {'name': 'RY', 'param': 9.902037927941723, 'wires': [2]}, {'name': 'CRY', 'param': 7.367564792472193, 'wires': [3, 1]}, {'name': 'CRY', 'param': 7.463179580356311, 'wires': [2, 1]}, {'name': 'RY', 'param': 4.242123008417238, 'wires': [2]}, {'name': 'CRY', 'param': 0.8202531551705143, 'wires': [2, 3]}, {'name': 'RY', 'param': 5.156802631155692, 'wires': [3]}, {'name': 'RY', 'param': 5.403428064492035, 'wires': [2]}, {'name': 'CRY', 'param': 2.405702913034421, 'wires': [1, 3]}, {'name': 'RY', 'param': 3.1817947282383723, 'wires': [1]}]
[2025-08-05 09:43:14,515][INFO] Energy: 0.8845804438666559
