[2025-08-04 17:39:52,189][INFO] Starting VQE run 29 (seed=79585061)
[2025-08-04 17:39:52,270][INFO] Adding RY(0.0, wires=[3]) increased overlap from 0.0 to 0.9359356799709441
[2025-08-04 17:39:52,416][INFO] Adding CRY(0.0, wires=[3, 2])) increased overlap from 0.9359356799709441 to 0.9586493189817542
[2025-08-04 17:39:52,551][INFO] Adding RY(0.0, wires=[1]) increased overlap from 0.9586493189817542 to 0.9632777830737871
[2025-08-04 17:39:52,859][INFO] Adding RY(0.0, wires=[2]) increased overlap from 0.9632777830737871 to 0.9925039343065274
[2025-08-04 17:39:53,399][INFO] Adding CRY(0.0, wires=[3, 1])) increased overlap from 0.9925039343065274 to 0.99403199978682
[2025-08-04 17:39:54,999][INFO] Adding CRY(0.0, wires=[2, 1])) increased overlap from 0.99403199978682 to 0.9951809513217172
[2025-08-04 17:40:09,830][INFO] Adding RY(0.0, wires=[2]) increased overlap from 0.9951809513217172 to 0.9999573840165252
[2025-08-04 17:40:20,852][INFO] Adding CRY(0.0, wires=[2, 3])) increased overlap from 0.9999573840165252 to 0.9999999999999427
[2025-08-04 17:40:37,265][INFO] Adding RY(0.0, wires=[2]) had small change in overlap from 0.9999999999999427 to 0.9999999917903544
[2025-08-04 17:40:54,284][INFO] Adding CRY(0.0, wires=[1, 3])) increased overlap from 0.9999999917903544 to 0.9999999999982814
[2025-08-04 17:41:10,521][INFO] Adding RY(0.0, wires=[1]) increased overlap from 0.9999999999982814 to 0.9999999999999476
[2025-08-04 17:41:10,521][INFO] gradient converged
[2025-08-04 17:41:10,521][INFO] Completed VQE run 10
[2025-08-04 17:41:10,521][INFO] Final ops list: [{'name': 'RY', 'param': 5.026069531614034, 'wires': [3]}, {'name': 'CRY', 'param': 5.531962538995745, 'wires': [3, 2]}, {'name': 'RY', 'param': 6.285640100445046, 'wires': [1]}, {'name': 'RY', 'param': 4.463443633999748, 'wires': [2]}, {'name': 'CRY', 'param': 5.931955650521106, 'wires': [3, 1]}, {'name': 'CRY', 'param': 6.6243582931583145, 'wires': [2, 1]}, {'name': 'RY', 'param': 3.6641764597443878, 'wires': [2]}, {'name': 'CRY', 'param': 6.074513059949822, 'wires': [2, 3]}, {'name': 'RY', 'param': 5.826243548621134, 'wires': [2]}, {'name': 'CRY', 'param': 5.389111626710324, 'wires': [1, 3]}]
[2025-08-04 17:41:10,521][INFO] Energy: 0.8845804438667282
[2025-08-05 09:41:15,611][INFO] Starting VQE run 29 (seed=75977622)
[2025-08-05 09:41:15,692][INFO] Adding RY(0.0, wires=[3]) increased overlap from 0.0 to 0.9359356812621319
[2025-08-05 09:41:15,800][INFO] Adding CRY(0.0, wires=[3, 2])) increased overlap from 0.9359356812621319 to 0.9586493198918861
[2025-08-05 09:41:15,955][INFO] Adding RY(0.0, wires=[1]) increased overlap from 0.9586493198918861 to 0.9632777805339254
[2025-08-05 09:41:16,280][INFO] Adding RY(0.0, wires=[2]) increased overlap from 0.9632777805339254 to 0.9925039405429189
[2025-08-05 09:41:16,798][INFO] Adding CRY(0.0, wires=[3, 1])) increased overlap from 0.9925039405429189 to 0.9940320052764867
[2025-08-05 09:41:18,571][INFO] Adding CRY(0.0, wires=[2, 1])) increased overlap from 0.9940320052764867 to 0.9951809547555975
[2025-08-05 09:41:35,030][INFO] Adding RY(0.0, wires=[2]) increased overlap from 0.9951809547555975 to 0.9999416081270366
[2025-08-05 09:41:53,420][INFO] Adding CRY(0.0, wires=[2, 3])) increased overlap from 0.9999416081270366 to 0.9999999998200608
[2025-08-05 09:42:11,714][INFO] Adding CRY(0.0, wires=[1, 3])) increased overlap from 0.9999999998200608 to 0.9999999999997335
[2025-08-05 09:42:11,715][INFO] gradient converged
[2025-08-05 09:42:11,715][INFO] Completed VQE run 8
[2025-08-05 09:42:11,715][INFO] Final ops list: [{'name': 'RY', 'param': -1.265441933219497, 'wires': [3]}, {'name': 'CRY', 'param': -0.646385030450324, 'wires': [3, 2]}, {'name': 'RY', 'param': -0.4243796978996576, 'wires': [1]}, {'name': 'RY', 'param': 2.0974879317919366, 'wires': [2]}, {'name': 'CRY', 'param': 0.1879613206377888, 'wires': [3, 1]}, {'name': 'CRY', 'param': 0.2727697233793541, 'wires': [2, 1]}, {'name': 'RY', 'param': -1.7659313174529176, 'wires': [2]}, {'name': 'CRY', 'param': -0.012592575096085211, 'wires': [2, 3]}]
[2025-08-05 09:42:11,715][INFO] Energy: 0.8845804438679605
