[2025-08-04 17:39:52,202][INFO] Starting VQE run 56 (seed=38969069)
[2025-08-04 17:39:52,271][INFO] Adding RY(0.0, wires=[3]) increased overlap from 0.0 to 0.9359356804038202
[2025-08-04 17:39:52,557][INFO] Adding CRY(0.0, wires=[3, 2])) increased overlap from 0.9359356804038202 to 0.9586493180978761
[2025-08-04 17:39:52,700][INFO] Adding RY(0.0, wires=[1]) increased overlap from 0.9586493180978761 to 0.9632777833054358
[2025-08-04 17:39:53,001][INFO] Adding RY(0.0, wires=[2]) increased overlap from 0.9632777833054358 to 0.9925039362094894
[2025-08-04 17:39:53,578][INFO] Adding CRY(0.0, wires=[3, 1])) increased overlap from 0.9925039362094894 to 0.994031999681256
[2025-08-04 17:39:55,453][INFO] Adding CRY(0.0, wires=[2, 1])) increased overlap from 0.994031999681256 to 0.9951809547332154
[2025-08-04 17:40:09,893][INFO] Adding RY(0.0, wires=[2]) increased overlap from 0.9951809547332154 to 0.9999998046501681
[2025-08-04 17:40:25,949][INFO] Adding CRY(0.0, wires=[2, 3])) had small change in overlap from 0.9999998046501681 to 0.9999446529559951
[2025-08-04 17:40:42,116][INFO] Adding CRY(0.0, wires=[1, 3])) increased overlap from 0.9999446529559951 to 0.9999999999998734
[2025-08-04 17:40:49,458][INFO] Adding RY(0.0, wires=[2]) increased overlap from 0.9999999999998734 to 0.9999999999999662
[2025-08-04 17:40:49,458][INFO] gradient converged
[2025-08-04 17:40:49,458][INFO] Completed VQE run 9
[2025-08-04 17:40:49,458][INFO] Final ops list: [{'name': 'RY', 'param': 5.021855510134545, 'wires': [3]}, {'name': 'CRY', 'param': -0.531215602652631, 'wires': [3, 2]}, {'name': 'RY', 'param': -0.15313790108266753, 'wires': [1]}, {'name': 'RY', 'param': 0.0968624088455465, 'wires': [2]}, {'name': 'CRY', 'param': -0.09347297880875909, 'wires': [3, 1]}, {'name': 'CRY', 'param': -0.7425780459067751, 'wires': [2, 1]}, {'name': 'RY', 'param': 0.3241993697606186, 'wires': [2]}, {'name': 'CRY', 'param': 0.9222233339562113, 'wires': [2, 3]}, {'name': 'CRY', 'param': 1.3120942921336038, 'wires': [1, 3]}]
[2025-08-04 17:40:49,458][INFO] Energy: 0.8845804438665762
[2025-08-05 09:41:15,617][INFO] Starting VQE run 56 (seed=36919071)
[2025-08-05 09:41:15,702][INFO] Adding RY(0.0, wires=[3]) increased overlap from 0.0 to 0.9359356816453194
[2025-08-05 09:41:16,118][INFO] Adding CRY(0.0, wires=[3, 2])) increased overlap from 0.9359356816453194 to 0.9586493197095873
[2025-08-05 09:41:16,282][INFO] Adding RY(0.0, wires=[1]) increased overlap from 0.9586493197095873 to 0.9632777840403108
[2025-08-05 09:41:16,693][INFO] Adding RY(0.0, wires=[2]) increased overlap from 0.9632777840403108 to 0.9925039371421024
[2025-08-05 09:41:18,021][INFO] Adding CRY(0.0, wires=[3, 1])) increased overlap from 0.9925039371421024 to 0.9940320007961979
[2025-08-05 09:41:21,087][INFO] Adding CRY(0.0, wires=[2, 1])) increased overlap from 0.9940320007961979 to 0.9951809521239026
[2025-08-05 09:41:37,615][INFO] Adding RY(0.0, wires=[2]) increased overlap from 0.9951809521239026 to 0.9999994049233899
[2025-08-05 09:41:55,979][INFO] Adding CRY(0.0, wires=[2, 3])) had small change in overlap from 0.9999994049233899 to 0.9996991843443203
[2025-08-05 09:42:13,783][INFO] Adding CRY(0.0, wires=[1, 3])) had small change in overlap from 0.9996991843443203 to 0.996777972953133
[2025-08-05 09:42:24,807][INFO] Adding CRY(0.0, wires=[1, 2])) increased overlap from 0.996777972953133 to 0.9999999999999618
[2025-08-05 09:42:42,592][INFO] Adding RY(0.0, wires=[1]) had small change in overlap from 0.9999999999999618 to 0.9999999999966456
[2025-08-05 09:42:42,592][INFO] gradient converged
[2025-08-05 09:42:42,592][INFO] Completed VQE run 10
[2025-08-05 09:42:42,592][INFO] Final ops list: [{'name': 'RY', 'param': 5.010147425106383, 'wires': [3]}, {'name': 'CRY', 'param': 6.891415284510355, 'wires': [3, 2]}, {'name': 'RY', 'param': 6.295354498947779, 'wires': [1]}, {'name': 'RY', 'param': 0.3073975760496882, 'wires': [2]}, {'name': 'CRY', 'param': 6.522092935052819, 'wires': [3, 1]}, {'name': 'CRY', 'param': 5.443095113550466, 'wires': [2, 1]}, {'name': 'RY', 'param': 0.6630107982914908, 'wires': [2]}, {'name': 'CRY', 'param': 0.3277683507699482, 'wires': [2, 3]}, {'name': 'CRY', 'param': 1.159002032352934, 'wires': [1, 3]}, {'name': 'CRY', 'param': 2.7256634426055455, 'wires': [1, 2]}]
[2025-08-05 09:42:42,592][INFO] Energy: 0.8845804438788827
