[2025-08-04 17:39:52,168][INFO] Starting VQE run 12 (seed=9136146)
[2025-08-04 17:39:52,236][INFO] Adding RY(0.0, wires=[3]) increased overlap from 0.0 to 0.9359356827131704
[2025-08-04 17:39:52,553][INFO] Adding CRY(0.0, wires=[3, 2])) increased overlap from 0.9359356827131704 to 0.9586493187738826
[2025-08-04 17:39:52,703][INFO] Adding RY(0.0, wires=[1]) increased overlap from 0.9586493187738826 to 0.9632777837477466
[2025-08-04 17:39:53,070][INFO] Adding RY(0.0, wires=[2]) increased overlap from 0.9632777837477466 to 0.992503937943491
[2025-08-04 17:39:53,565][INFO] Adding CRY(0.0, wires=[3, 1])) increased overlap from 0.992503937943491 to 0.9940320017869858
[2025-08-04 17:39:55,789][INFO] Adding CRY(0.0, wires=[2, 1])) increased overlap from 0.9940320017869858 to 0.9951809551984285
[2025-08-04 17:40:10,546][INFO] Adding RY(0.0, wires=[2]) increased overlap from 0.9951809551984285 to 0.999999911653209
[2025-08-04 17:40:26,796][INFO] Adding CRY(0.0, wires=[2, 3])) had small change in overlap from 0.999999911653209 to 0.9995633749794125
[2025-08-04 17:40:43,396][INFO] Adding CRY(0.0, wires=[1, 3])) increased overlap from 0.9995633749794125 to 0.9999978868061266
[2025-08-04 17:40:56,242][INFO] Adding RY(0.0, wires=[2]) increased overlap from 0.9999978868061266 to 0.9999999999999738
[2025-08-04 17:41:06,590][INFO] Adding RY(0.0, wires=[1]) had small change in overlap from 0.9999999999999738 to 0.9999999999999412
[2025-08-04 17:41:06,591][INFO] gradient converged
[2025-08-04 17:41:06,591][INFO] Completed VQE run 10
[2025-08-04 17:41:06,591][INFO] Final ops list: [{'name': 'RY', 'param': 5.100364293072127, 'wires': [3]}, {'name': 'CRY', 'param': -0.9039877958683101, 'wires': [3, 2]}, {'name': 'RY', 'param': -0.0011179938155975364, 'wires': [1]}, {'name': 'RY', 'param': 1.2817544047364955, 'wires': [2]}, {'name': 'CRY', 'param': -0.2705962067230135, 'wires': [3, 1]}, {'name': 'CRY', 'param': -0.32044419097424526, 'wires': [2, 1]}, {'name': 'RY', 'param': -0.7446756425578548, 'wires': [2]}, {'name': 'CRY', 'param': 2.744979798927768, 'wires': [2, 3]}, {'name': 'CRY', 'param': 2.073975713190964, 'wires': [1, 3]}, {'name': 'RY', 'param': 0.4996972593020895, 'wires': [2]}]
[2025-08-04 17:41:06,591][INFO] Energy: 0.8845804438665836
[2025-08-05 09:41:15,609][INFO] Starting VQE run 12 (seed=4548096)
[2025-08-05 09:41:15,684][INFO] Adding RY(0.0, wires=[3]) increased overlap from 0.0 to 0.9359356796706019
[2025-08-05 09:41:15,795][INFO] Adding CRY(0.0, wires=[3, 2])) increased overlap from 0.9359356796706019 to 0.9586493181939081
[2025-08-05 09:41:15,968][INFO] Adding RY(0.0, wires=[1]) increased overlap from 0.9586493181939081 to 0.963277780775514
[2025-08-05 09:41:16,312][INFO] Adding RY(0.0, wires=[2]) increased overlap from 0.963277780775514 to 0.9925039336667687
[2025-08-05 09:41:16,987][INFO] Adding CRY(0.0, wires=[3, 1])) increased overlap from 0.9925039336667687 to 0.994031999719711
[2025-08-05 09:41:18,831][INFO] Adding CRY(0.0, wires=[2, 1])) increased overlap from 0.994031999719711 to 0.9951809521694595
[2025-08-05 09:41:35,298][INFO] Adding RY(0.0, wires=[2]) increased overlap from 0.9951809521694595 to 0.9999623816670231
[2025-08-05 09:41:49,560][INFO] Adding CRY(0.0, wires=[2, 3])) increased overlap from 0.9999623816670231 to 0.9999999999999736
[2025-08-05 09:42:07,918][INFO] Adding RY(0.0, wires=[2]) had small change in overlap from 0.9999999999999736 to 0.9999999957315988
[2025-08-05 09:42:24,405][INFO] Adding CRY(0.0, wires=[1, 3])) increased overlap from 0.9999999957315988 to 0.9999999999974212
[2025-08-05 09:42:37,346][INFO] Adding RY(0.0, wires=[1]) increased overlap from 0.9999999999974212 to 0.9999999999999265
[2025-08-05 09:42:37,347][INFO] gradient converged
[2025-08-05 09:42:37,347][INFO] Completed VQE run 10
[2025-08-05 09:42:37,347][INFO] Final ops list: [{'name': 'RY', 'param': 5.027313515410486, 'wires': [3]}, {'name': 'CRY', 'param': 5.5277911968146505, 'wires': [3, 2]}, {'name': 'RY', 'param': 6.315640992549228, 'wires': [1]}, {'name': 'RY', 'param': 4.56766662655901, 'wires': [2]}, {'name': 'CRY', 'param': 5.95600137928915, 'wires': [3, 1]}, {'name': 'CRY', 'param': 6.607569876549628, 'wires': [2, 1]}, {'name': 'RY', 'param': 3.7362565722875303, 'wires': [2]}, {'name': 'CRY', 'param': 6.078381940526792, 'wires': [2, 3]}, {'name': 'RY', 'param': 5.794694159513022, 'wires': [2]}, {'name': 'CRY', 'param': 5.550323698381735, 'wires': [1, 3]}]
[2025-08-05 09:42:37,347][INFO] Energy: 0.8845804438668579
