[2025-08-04 17:39:52,215][INFO] Starting VQE run 81 (seed=69948774)
[2025-08-04 17:39:52,284][INFO] Adding RY(0.0, wires=[3]) increased overlap from 0.0 to 0.9359356817045296
[2025-08-04 17:39:52,380][INFO] Adding CRY(0.0, wires=[3, 2])) increased overlap from 0.9359356817045296 to 0.9586493206449753
[2025-08-04 17:39:52,525][INFO] Adding RY(0.0, wires=[1]) increased overlap from 0.9586493206449753 to 0.9632777847626063
[2025-08-04 17:39:52,822][INFO] Adding RY(0.0, wires=[2]) increased overlap from 0.9632777847626063 to 0.9925039341558762
[2025-08-04 17:39:53,191][INFO] Adding CRY(0.0, wires=[3, 1])) increased overlap from 0.9925039341558762 to 0.9940320047426033
[2025-08-04 17:39:54,587][INFO] Adding CRY(0.0, wires=[2, 1])) increased overlap from 0.9940320047426033 to 0.9951809513896669
[2025-08-04 17:40:09,025][INFO] Adding RY(0.0, wires=[2]) increased overlap from 0.9951809513896669 to 0.9999434508021081
[2025-08-04 17:40:25,039][INFO] Adding CRY(0.0, wires=[2, 3])) increased overlap from 0.9999434508021081 to 0.9999999999975988
[2025-08-04 17:40:36,995][INFO] Adding CRY(0.0, wires=[1, 3])) increased overlap from 0.9999999999975988 to 0.9999999999998699
[2025-08-04 17:40:36,995][INFO] gradient converged
[2025-08-04 17:40:36,995][INFO] Completed VQE run 8
[2025-08-04 17:40:36,996][INFO] Final ops list: [{'name': 'RY', 'param': -1.2681668994458097, 'wires': [3]}, {'name': 'CRY', 'param': -0.6580110490074207, 'wires': [3, 2]}, {'name': 'RY', 'param': -0.40129416214232594, 'wires': [1]}, {'name': 'RY', 'param': 1.9549028380222009, 'wires': [2]}, {'name': 'CRY', 'param': 0.18815019711147943, 'wires': [3, 1]}, {'name': 'CRY', 'param': 0.2645983520354662, 'wires': [2, 1]}, {'name': 'RY', 'param': -1.6362025671094558, 'wires': [2]}, {'name': 'CRY', 'param': -0.12720875295183662, 'wires': [2, 3]}]
[2025-08-04 17:40:36,996][INFO] Energy: 0.8845804438671803
[2025-08-05 09:41:15,629][INFO] Starting VQE run 81 (seed=69340851)
[2025-08-05 09:41:15,696][INFO] Adding RY(0.0, wires=[3]) increased overlap from 0.0 to 0.9359356799948065
[2025-08-05 09:41:15,783][INFO] Adding CRY(0.0, wires=[3, 2])) increased overlap from 0.9359356799948065 to 0.958649318773543
[2025-08-05 09:41:15,907][INFO] Adding RY(0.0, wires=[1]) increased overlap from 0.958649318773543 to 0.9632777853572524
[2025-08-05 09:41:16,197][INFO] Adding RY(0.0, wires=[2]) increased overlap from 0.9632777853572524 to 0.9925039333641249
[2025-08-05 09:41:16,733][INFO] Adding CRY(0.0, wires=[3, 1])) increased overlap from 0.9925039333641249 to 0.9940320000260334
[2025-08-05 09:41:18,260][INFO] Adding CRY(0.0, wires=[2, 1])) increased overlap from 0.9940320000260334 to 0.9951809524650401
[2025-08-05 09:41:31,448][INFO] Adding RY(0.0, wires=[2]) increased overlap from 0.9951809524650401 to 0.9999580726185913
[2025-08-05 09:41:41,269][INFO] Adding CRY(0.0, wires=[2, 3])) increased overlap from 0.9999580726185913 to 0.9999999999999529
[2025-08-05 09:41:56,384][INFO] Adding RY(0.0, wires=[2]) had small change in overlap from 0.9999999999999529 to 0.9999999994761248
[2025-08-05 09:41:56,384][INFO] gradient converged
[2025-08-05 09:41:56,384][INFO] Completed VQE run 8
[2025-08-05 09:41:56,384][INFO] Final ops list: [{'name': 'RY', 'param': 4.993106014982912, 'wires': [3]}, {'name': 'CRY', 'param': 5.605631578826184, 'wires': [3, 2]}, {'name': 'RY', 'param': 6.326623017176844, 'wires': [1]}, {'name': 'RY', 'param': 4.137735801626047, 'wires': [2]}, {'name': 'CRY', 'param': 6.4707315056882635, 'wires': [3, 1]}, {'name': 'CRY', 'param': 5.935037021721895, 'wires': [2, 1]}, {'name': 'RY', 'param': 3.9511965089732217, 'wires': [2]}, {'name': 'CRY', 'param': 5.258030362779272, 'wires': [2, 3]}]
[2025-08-05 09:41:56,384][INFO] Energy: 0.8845804472895075
