[2025-08-04 17:39:52,195][INFO] Starting VQE run 70 (seed=31626346)
[2025-08-04 17:39:52,260][INFO] Adding RY(0.0, wires=[3]) increased overlap from 0.0 to 0.9359356809325247
[2025-08-04 17:39:52,341][INFO] Adding CRY(0.0, wires=[3, 2])) increased overlap from 0.9359356809325247 to 0.9586493199480046
[2025-08-04 17:39:52,489][INFO] Adding RY(0.0, wires=[1]) increased overlap from 0.9586493199480046 to 0.96327778098977
[2025-08-04 17:39:52,769][INFO] Adding RY(0.0, wires=[2]) increased overlap from 0.96327778098977 to 0.9925039329160511
[2025-08-04 17:39:53,493][INFO] Adding CRY(0.0, wires=[3, 1])) increased overlap from 0.9925039329160511 to 0.9940320025362211
[2025-08-04 17:39:55,198][INFO] Adding CRY(0.0, wires=[2, 1])) increased overlap from 0.9940320025362211 to 0.995180951344002
[2025-08-04 17:40:09,910][INFO] Adding RY(0.0, wires=[2]) increased overlap from 0.995180951344002 to 0.9999581410389761
[2025-08-04 17:40:23,510][INFO] Adding CRY(0.0, wires=[2, 3])) increased overlap from 0.9999581410389761 to 0.9999999999999525
[2025-08-04 17:40:28,056][INFO] Adding CRY(0.0, wires=[1, 2])) increased overlap from 0.9999999999999525 to 0.9999999999999916
[2025-08-04 17:40:28,056][INFO] gradient converged
[2025-08-04 17:40:28,056][INFO] Completed VQE run 8
[2025-08-04 17:40:28,056][INFO] Final ops list: [{'name': 'RY', 'param': 4.996879431806553, 'wires': [3]}, {'name': 'CRY', 'param': 5.599480268101414, 'wires': [3, 2]}, {'name': 'RY', 'param': 6.2851483908143875, 'wires': [1]}, {'name': 'RY', 'param': 4.277053541570516, 'wires': [2]}, {'name': 'CRY', 'param': 6.471142874330502, 'wires': [3, 1]}, {'name': 'CRY', 'param': 5.966106700519295, 'wires': [2, 1]}, {'name': 'RY', 'param': 4.061847520485184, 'wires': [2]}, {'name': 'CRY', 'param': 5.427553894252568, 'wires': [2, 3]}]
[2025-08-04 17:40:28,056][INFO] Energy: 0.8845804438664608
[2025-08-05 09:41:15,624][INFO] Starting VQE run 70 (seed=30383910)
[2025-08-05 09:41:15,704][INFO] Adding RY(0.0, wires=[3]) increased overlap from 0.0 to 0.9359356785693679
[2025-08-05 09:41:15,808][INFO] Adding CRY(0.0, wires=[3, 2])) increased overlap from 0.9359356785693679 to 0.9586493193091592
[2025-08-05 09:41:15,976][INFO] Adding RY(0.0, wires=[1]) increased overlap from 0.9586493193091592 to 0.9632777840567719
[2025-08-05 09:41:16,340][INFO] Adding RY(0.0, wires=[2]) increased overlap from 0.9632777840567719 to 0.9925039346311038
[2025-08-05 09:41:18,589][INFO] Adding CRY(0.0, wires=[3, 1])) increased overlap from 0.9925039346311038 to 0.9940320005092478
[2025-08-05 09:41:20,640][INFO] Adding CRY(0.0, wires=[2, 1])) increased overlap from 0.9940320005092478 to 0.9951809516212514
[2025-08-05 09:41:37,219][INFO] Adding RY(0.0, wires=[2]) increased overlap from 0.9951809516212514 to 0.9999607461194604
[2025-08-05 09:41:51,069][INFO] Adding CRY(0.0, wires=[2, 3])) increased overlap from 0.9999607461194604 to 0.9999999999999694
[2025-08-05 09:42:09,304][INFO] Adding RY(0.0, wires=[2]) had small change in overlap from 0.9999999999999694 to 0.9999999988158783
[2025-08-05 09:42:09,305][INFO] gradient converged
[2025-08-05 09:42:09,305][INFO] Completed VQE run 8
[2025-08-05 09:42:09,305][INFO] Final ops list: [{'name': 'RY', 'param': 4.990711861484744, 'wires': [3]}, {'name': 'CRY', 'param': 5.612560829363157, 'wires': [3, 2]}, {'name': 'RY', 'param': 6.357379626208688, 'wires': [1]}, {'name': 'RY', 'param': 4.051332844522781, 'wires': [2]}, {'name': 'CRY', 'param': 6.470374292156804, 'wires': [3, 1]}, {'name': 'CRY', 'param': 5.910359449684083, 'wires': [2, 1]}, {'name': 'RY', 'param': 3.8855598162298777, 'wires': [2]}, {'name': 'CRY', 'param': 5.1399469067622805, 'wires': [2, 3]}]
[2025-08-05 09:42:09,305][INFO] Energy: 0.8845804513435965
