[2025-08-04 17:39:52,171][INFO] Starting VQE run 4 (seed=48605356)
[2025-08-04 17:39:52,236][INFO] Adding RY(0.0, wires=[3]) increased overlap from 0.0 to 0.9359356791599335
[2025-08-04 17:39:52,429][INFO] Adding CRY(0.0, wires=[3, 2])) increased overlap from 0.9359356791599335 to 0.9586493188347774
[2025-08-04 17:39:52,578][INFO] Adding RY(0.0, wires=[1]) increased overlap from 0.9586493188347774 to 0.9632777847706326
[2025-08-04 17:39:52,935][INFO] Adding RY(0.0, wires=[2]) increased overlap from 0.9632777847706326 to 0.9925039375703734
[2025-08-04 17:39:53,654][INFO] Adding CRY(0.0, wires=[3, 1])) increased overlap from 0.9925039375703734 to 0.9940320020960045
[2025-08-04 17:39:55,530][INFO] Adding CRY(0.0, wires=[2, 1])) increased overlap from 0.9940320020960045 to 0.9951809553620559
[2025-08-04 17:40:10,244][INFO] Adding RY(0.0, wires=[2]) increased overlap from 0.9951809553620559 to 0.9999998834818652
[2025-08-04 17:40:26,448][INFO] Adding CRY(0.0, wires=[2, 3])) had small change in overlap from 0.9999998834818652 to 0.9998429273623902
[2025-08-04 17:40:43,017][INFO] Adding CRY(0.0, wires=[1, 3])) increased overlap from 0.9998429273623902 to 0.9999999999988498
[2025-08-04 17:40:59,155][INFO] Adding RY(0.0, wires=[2]) increased overlap from 0.9999999999988498 to 0.9999999999999201
[2025-08-04 17:40:59,155][INFO] gradient converged
[2025-08-04 17:40:59,155][INFO] Completed VQE run 9
[2025-08-04 17:40:59,156][INFO] Final ops list: [{'name': 'RY', 'param': 5.021843627397371, 'wires': [3]}, {'name': 'CRY', 'param': -0.5089194440094725, 'wires': [3, 2]}, {'name': 'RY', 'param': -0.1424395684847958, 'wires': [1]}, {'name': 'RY', 'param': 0.12867417049914862, 'wires': [2]}, {'name': 'CRY', 'param': -0.1188973279468975, 'wires': [3, 1]}, {'name': 'CRY', 'param': -0.8044911185010689, 'wires': [2, 1]}, {'name': 'RY', 'param': 0.29869679516509634, 'wires': [2]}, {'name': 'CRY', 'param': 1.027069136146698, 'wires': [2, 3]}, {'name': 'CRY', 'param': 1.4343947205353909, 'wires': [1, 3]}]
[2025-08-04 17:40:59,156][INFO] Energy: 0.8845804438668035
[2025-08-05 09:41:15,607][INFO] Starting VQE run 4 (seed=43555842)
[2025-08-05 09:41:15,683][INFO] Adding RY(0.0, wires=[3]) increased overlap from 0.0 to 0.935935681008483
[2025-08-05 09:41:15,789][INFO] Adding CRY(0.0, wires=[3, 2])) increased overlap from 0.935935681008483 to 0.9586493194977225
[2025-08-05 09:41:15,965][INFO] Adding RY(0.0, wires=[1]) increased overlap from 0.9586493194977225 to 0.9632777829488753
[2025-08-05 09:41:16,292][INFO] Adding RY(0.0, wires=[2]) increased overlap from 0.9632777829488753 to 0.992503933162988
[2025-08-05 09:41:16,920][INFO] Adding CRY(0.0, wires=[3, 1])) increased overlap from 0.992503933162988 to 0.9940320020442049
[2025-08-05 09:41:18,767][INFO] Adding CRY(0.0, wires=[2, 1])) increased overlap from 0.9940320020442049 to 0.9951809511241406
[2025-08-05 09:41:35,308][INFO] Adding RY(0.0, wires=[2]) increased overlap from 0.9951809511241406 to 0.9999668645833428
[2025-08-05 09:41:44,769][INFO] Adding CRY(0.0, wires=[2, 3])) increased overlap from 0.9999668645833428 to 0.9999999999999751
[2025-08-05 09:41:54,180][INFO] Adding RY(0.0, wires=[2]) had small change in overlap from 0.9999999999999751 to 0.9999999999999691
[2025-08-05 09:41:54,180][INFO] gradient converged
[2025-08-05 09:41:54,180][INFO] Completed VQE run 8
[2025-08-05 09:41:54,180][INFO] Final ops list: [{'name': 'RY', 'param': 4.988809680638285, 'wires': [3]}, {'name': 'CRY', 'param': 5.620343219058162, 'wires': [3, 2]}, {'name': 'RY', 'param': 6.385533341625692, 'wires': [1]}, {'name': 'RY', 'param': 3.9821235828268966, 'wires': [2]}, {'name': 'CRY', 'param': 6.470020008628389, 'wires': [3, 1]}, {'name': 'CRY', 'param': 5.886885173725464, 'wires': [2, 1]}, {'name': 'RY', 'param': 3.834943082999057, 'wires': [2]}, {'name': 'CRY', 'param': 5.036894412092117, 'wires': [2, 3]}]
[2025-08-05 09:41:54,180][INFO] Energy: 0.8845804438667125
