[2025-08-04 17:39:52,185][INFO] Starting VQE run 22 (seed=21528028)
[2025-08-04 17:39:52,281][INFO] Adding RY(0.0, wires=[3]) increased overlap from 0.0 to 0.9359356813724301
[2025-08-04 17:39:52,461][INFO] Adding CRY(0.0, wires=[3, 2])) increased overlap from 0.9359356813724301 to 0.9586493186288503
[2025-08-04 17:39:52,733][INFO] Adding RY(0.0, wires=[1]) increased overlap from 0.9586493186288503 to 0.9632777802633549
[2025-08-04 17:39:53,059][INFO] Adding RY(0.0, wires=[2]) increased overlap from 0.9632777802633549 to 0.9925039371486571
[2025-08-04 17:39:53,419][INFO] Adding CRY(0.0, wires=[3, 1])) increased overlap from 0.9925039371486571 to 0.9940320057776435
[2025-08-04 17:39:54,909][INFO] Adding CRY(0.0, wires=[2, 1])) increased overlap from 0.9940320057776435 to 0.9951809556609263
[2025-08-04 17:40:09,607][INFO] Adding RY(0.0, wires=[2]) increased overlap from 0.9951809556609263 to 0.9999998301536809
[2025-08-04 17:40:25,092][INFO] Adding CRY(0.0, wires=[2, 3])) increased overlap from 0.9999998301536809 to 0.9999999999998936
[2025-08-04 17:40:41,067][INFO] Adding RY(0.0, wires=[3]) had small change in overlap from 0.9999999999998936 to 0.9999999998617661
[2025-08-04 17:40:41,067][INFO] gradient converged
[2025-08-04 17:40:41,067][INFO] Completed VQE run 8
[2025-08-04 17:40:41,067][INFO] Final ops list: [{'name': 'RY', 'param': -1.2607100345191058, 'wires': [3]}, {'name': 'CRY', 'param': -0.619342429707745, 'wires': [3, 2]}, {'name': 'RY', 'param': -0.1745302571627416, 'wires': [1]}, {'name': 'RY', 'param': -0.7955873032726029, 'wires': [2]}, {'name': 'CRY', 'param': 0.1873882935769135, 'wires': [3, 1]}, {'name': 'CRY', 'param': -0.30259418685021766, 'wires': [2, 1]}, {'name': 'RY', 'param': 1.1483382008813707, 'wires': [2]}, {'name': 'CRY', 'param': 0.20203967163207526, 'wires': [2, 3]}]
[2025-08-04 17:40:41,067][INFO] Energy: 0.8845804445753204
[2025-08-05 09:41:15,612][INFO] Starting VQE run 22 (seed=17516808)
[2025-08-05 09:41:15,696][INFO] Adding RY(0.0, wires=[3]) increased overlap from 0.0 to 0.9359356826742072
[2025-08-05 09:41:16,010][INFO] Adding CRY(0.0, wires=[3, 2])) increased overlap from 0.9359356826742072 to 0.9586493207377211
[2025-08-05 09:41:16,185][INFO] Adding RY(0.0, wires=[1]) increased overlap from 0.9586493207377211 to 0.9632777844877802
[2025-08-05 09:41:16,532][INFO] Adding RY(0.0, wires=[2]) increased overlap from 0.9632777844877802 to 0.9925039364833055
[2025-08-05 09:41:17,159][INFO] Adding CRY(0.0, wires=[3, 1])) increased overlap from 0.9925039364833055 to 0.994032000165233
[2025-08-05 09:41:19,119][INFO] Adding CRY(0.0, wires=[2, 1])) increased overlap from 0.994032000165233 to 0.9951809550897914
[2025-08-05 09:41:35,656][INFO] Adding RY(0.0, wires=[2]) increased overlap from 0.9951809550897914 to 0.999999969980572
[2025-08-05 09:41:54,044][INFO] Adding CRY(0.0, wires=[2, 3])) increased overlap from 0.999999969980572 to 0.9999999983821231
[2025-08-05 09:42:12,249][INFO] Adding CRY(0.0, wires=[1, 3])) increased overlap from 0.9999999983821231 to 0.9999999999997549
[2025-08-05 09:42:12,249][INFO] gradient converged
[2025-08-05 09:42:12,249][INFO] Completed VQE run 8
[2025-08-05 09:42:12,249][INFO] Final ops list: [{'name': 'RY', 'param': 5.030457858284987, 'wires': [3]}, {'name': 'CRY', 'param': -0.5321708656513875, 'wires': [3, 2]}, {'name': 'RY', 'param': -0.20819061571692185, 'wires': [1]}, {'name': 'RY', 'param': -0.37103938760925903, 'wires': [2]}, {'name': 'CRY', 'param': 0.18552774261016414, 'wires': [3, 1]}, {'name': 'CRY', 'param': -0.44743103022806396, 'wires': [2, 1]}, {'name': 'RY', 'param': 0.758215503033518, 'wires': [2]}, {'name': 'CRY', 'param': 0.7042907884986618, 'wires': [2, 3]}]
[2025-08-05 09:42:12,249][INFO] Energy: 0.8845804438674478
