[2025-08-04 17:39:52,196][INFO] Starting VQE run 87 (seed=102075261)
[2025-08-04 17:39:52,265][INFO] Adding RY(0.0, wires=[3]) increased overlap from 0.0 to 0.9359356815174887
[2025-08-04 17:39:52,460][INFO] Adding CRY(0.0, wires=[3, 2])) increased overlap from 0.9359356815174887 to 0.9586493179538914
[2025-08-04 17:39:52,608][INFO] Adding RY(0.0, wires=[1]) increased overlap from 0.9586493179538914 to 0.9632777824271403
[2025-08-04 17:39:52,905][INFO] Adding RY(0.0, wires=[2]) increased overlap from 0.9632777824271403 to 0.9925039363292755
[2025-08-04 17:39:53,491][INFO] Adding CRY(0.0, wires=[3, 1])) increased overlap from 0.9925039363292755 to 0.9940320015774156
[2025-08-04 17:39:55,427][INFO] Adding CRY(0.0, wires=[2, 1])) increased overlap from 0.9940320015774156 to 0.9951809550429493
[2025-08-04 17:40:09,885][INFO] Adding RY(0.0, wires=[2]) increased overlap from 0.9951809550429493 to 0.9999998925408737
[2025-08-04 17:40:25,938][INFO] Adding CRY(0.0, wires=[2, 3])) had small change in overlap from 0.9999998925408737 to 0.9999429860454044
[2025-08-04 17:40:42,680][INFO] Adding CRY(0.0, wires=[1, 3])) increased overlap from 0.9999429860454044 to 0.9999999999992888
[2025-08-04 17:40:59,659][INFO] Adding RY(0.0, wires=[2]) increased overlap from 0.9999999999992888 to 0.9999999999998976
[2025-08-04 17:40:59,659][INFO] gradient converged
[2025-08-04 17:40:59,659][INFO] Completed VQE run 9
[2025-08-04 17:40:59,660][INFO] Final ops list: [{'name': 'RY', 'param': 5.02178322309282, 'wires': [3]}, {'name': 'CRY', 'param': -0.509328729599337, 'wires': [3, 2]}, {'name': 'RY', 'param': -0.141621669704124, 'wires': [1]}, {'name': 'RY', 'param': 0.13014039989973653, 'wires': [2]}, {'name': 'CRY', 'param': -0.12062196799545939, 'wires': [3, 1]}, {'name': 'CRY', 'param': -0.8041279542365093, 'wires': [2, 1]}, {'name': 'RY', 'param': 0.29733933166892723, 'wires': [2]}, {'name': 'CRY', 'param': 1.0256648848373353, 'wires': [2, 3]}, {'name': 'CRY', 'param': 1.4426478992856648, 'wires': [1, 3]}]
[2025-08-04 17:40:59,660][INFO] Energy: 0.8845804438669324
[2025-08-05 09:41:15,629][INFO] Starting VQE run 87 (seed=101813436)
[2025-08-05 09:41:15,695][INFO] Adding RY(0.0, wires=[3]) increased overlap from 0.0 to 0.9359356798009918
[2025-08-05 09:41:15,805][INFO] Adding CRY(0.0, wires=[3, 2])) increased overlap from 0.9359356798009918 to 0.9586493198781915
[2025-08-05 09:41:15,932][INFO] Adding RY(0.0, wires=[1]) increased overlap from 0.9586493198781915 to 0.9632777835197741
[2025-08-05 09:41:16,192][INFO] Adding RY(0.0, wires=[2]) increased overlap from 0.9632777835197741 to 0.9925039343471196
[2025-08-05 09:41:27,056][INFO] Adding CRY(0.0, wires=[3, 1])) increased overlap from 0.9925039343471196 to 0.9940320016172373
[2025-08-05 09:41:29,099][INFO] Adding CRY(0.0, wires=[2, 1])) increased overlap from 0.9940320016172373 to 0.9951809510195331
[2025-08-05 09:41:42,303][INFO] Adding RY(0.0, wires=[2]) increased overlap from 0.9951809510195331 to 0.999998428846112
[2025-08-05 09:41:56,854][INFO] Adding CRY(0.0, wires=[2, 3])) had small change in overlap from 0.999998428846112 to 0.9981618025779601
[2025-08-05 09:42:12,055][INFO] Adding RY(0.0, wires=[2]) had small change in overlap from 0.9981618025779601 to 0.994985736672204
[2025-08-05 09:42:28,584][INFO] Adding CRY(0.0, wires=[1, 3])) increased overlap from 0.994985736672204 to 0.9999998382665963
[2025-08-05 09:42:45,675][INFO] Adding RY(0.0, wires=[1]) increased overlap from 0.9999998382665963 to 0.9999999472539884
[2025-08-05 09:42:57,377][INFO] Adding CRY(0.0, wires=[1, 2])) increased overlap from 0.9999999472539884 to 0.9999999999999343
[2025-08-05 09:43:05,613][INFO] Adding RY(0.0, wires=[1]) increased overlap from 0.9999999999999343 to 0.9999999999999774
[2025-08-05 09:43:05,613][INFO] gradient converged
[2025-08-05 09:43:05,613][INFO] Completed VQE run 12
[2025-08-05 09:43:05,613][INFO] Final ops list: [{'name': 'RY', 'param': 2.6517058289416218, 'wires': [3]}, {'name': 'CRY', 'param': 7.938627408997312, 'wires': [3, 2]}, {'name': 'RY', 'param': 8.457205806647924, 'wires': [1]}, {'name': 'RY', 'param': 8.823321851748172, 'wires': [2]}, {'name': 'CRY', 'param': 7.389264043002051, 'wires': [3, 1]}, {'name': 'CRY', 'param': 6.315636376824941, 'wires': [2, 1]}, {'name': 'RY', 'param': 2.8907462129951256, 'wires': [2]}, {'name': 'CRY', 'param': -1.318375342847043, 'wires': [2, 3]}, {'name': 'RY', 'param': 1.3732033637110592, 'wires': [2]}, {'name': 'CRY', 'param': 2.6566821051882163, 'wires': [1, 3]}, {'name': 'RY', 'param': 3.0690265829338026, 'wires': [1]}, {'name': 'CRY', 'param': 3.07175398843716, 'wires': [1, 2]}]
[2025-08-05 09:43:05,613][INFO] Energy: 0.8845804438664846
