[2025-08-04 17:39:52,230][INFO] Starting VQE run 94 (seed=36675505)
[2025-08-04 17:39:52,363][INFO] Adding RY(0.0, wires=[3]) increased overlap from 0.0 to 0.9359356809182262
[2025-08-04 17:39:52,541][INFO] Adding CRY(0.0, wires=[3, 2])) increased overlap from 0.9359356809182262 to 0.9586493191208945
[2025-08-04 17:39:52,691][INFO] Adding RY(0.0, wires=[1]) increased overlap from 0.9586493191208945 to 0.9632777841428658
[2025-08-04 17:39:52,928][INFO] Adding RY(0.0, wires=[2]) increased overlap from 0.9632777841428658 to 0.9925039381811922
[2025-08-04 17:39:53,343][INFO] Adding CRY(0.0, wires=[3, 1])) increased overlap from 0.9925039381811922 to 0.9940319991747184
[2025-08-04 17:39:54,734][INFO] Adding CRY(0.0, wires=[2, 1])) increased overlap from 0.9940319991747184 to 0.9951809553555075
[2025-08-04 17:40:09,467][INFO] Adding RY(0.0, wires=[2]) increased overlap from 0.9951809553555075 to 0.9999495557871163
[2025-08-04 17:40:25,709][INFO] Adding CRY(0.0, wires=[2, 3])) increased overlap from 0.9999495557871163 to 0.9999999999905027
[2025-08-04 17:40:40,655][INFO] Adding CRY(0.0, wires=[1, 3])) increased overlap from 0.9999999999905027 to 0.999999999999869
[2025-08-04 17:40:40,655][INFO] gradient converged
[2025-08-04 17:40:40,655][INFO] Completed VQE run 8
[2025-08-04 17:40:40,655][INFO] Final ops list: [{'name': 'RY', 'param': -1.266406182222955, 'wires': [3]}, {'name': 'CRY', 'param': -0.6507976270072519, 'wires': [3, 2]}, {'name': 'RY', 'param': -0.41570856580143895, 'wires': [1]}, {'name': 'RY', 'param': 2.0467848590918316, 'wires': [2]}, {'name': 'CRY', 'param': 0.18802591544974231, 'wires': [3, 1]}, {'name': 'CRY', 'param': 0.2692357722897432, 'wires': [2, 1]}, {'name': 'RY', 'param': -1.7197511268773324, 'wires': [2]}, {'name': 'CRY', 'param': -0.0539075262275104, 'wires': [2, 3]}]
[2025-08-04 17:40:40,655][INFO] Energy: 0.8845804438671825
[2025-08-05 09:41:15,630][INFO] Starting VQE run 94 (seed=36817461)
[2025-08-05 09:41:15,694][INFO] Adding RY(0.0, wires=[3]) increased overlap from 0.0 to 0.9359356821055701
[2025-08-05 09:41:15,785][INFO] Adding CRY(0.0, wires=[3, 2])) increased overlap from 0.9359356821055701 to 0.9586493184943764
[2025-08-05 09:41:15,908][INFO] Adding RY(0.0, wires=[1]) increased overlap from 0.9586493184943764 to 0.9632777832827483
[2025-08-05 09:41:16,189][INFO] Adding RY(0.0, wires=[2]) increased overlap from 0.9632777832827483 to 0.9925039342652521
[2025-08-05 09:41:16,679][INFO] Adding CRY(0.0, wires=[3, 1])) increased overlap from 0.9925039342652521 to 0.9940320005028674
[2025-08-05 09:41:18,120][INFO] Adding CRY(0.0, wires=[2, 1])) increased overlap from 0.9940320005028674 to 0.9951809515021379
[2025-08-05 09:41:31,263][INFO] Adding RY(0.0, wires=[2]) increased overlap from 0.9951809515021379 to 0.999956374957856
[2025-08-05 09:41:44,568][INFO] Adding CRY(0.0, wires=[2, 3])) increased overlap from 0.999956374957856 to 0.9999999999999487
[2025-08-05 09:41:53,069][INFO] Adding CRY(0.0, wires=[1, 3])) had small change in overlap from 0.9999999999999487 to 0.9999999999998832
[2025-08-05 09:41:53,069][INFO] gradient converged
[2025-08-05 09:41:53,069][INFO] Completed VQE run 8
[2025-08-05 09:41:53,069][INFO] Final ops list: [{'name': 'RY', 'param': 5.008660901597123, 'wires': [3]}, {'name': 'CRY', 'param': 5.606623227068212, 'wires': [3, 2]}, {'name': 'RY', 'param': 6.186652333576334, 'wires': [1]}, {'name': 'RY', 'param': 4.778105357508483, 'wires': [2]}, {'name': 'CRY', 'param': 6.471569630703496, 'wires': [3, 1]}, {'name': 'CRY', 'param': 6.018818694343546, 'wires': [2, 1]}, {'name': 'RY', 'param': 4.4914054631069265, 'wires': [2]}, {'name': 'CRY', 'param': 5.902058997366252, 'wires': [2, 3]}]
[2025-08-05 09:41:53,069][INFO] Energy: 0.8845804438671513
