[2025-08-04 17:39:52,201][INFO] Starting VQE run 52 (seed=58703674)
[2025-08-04 17:39:52,268][INFO] Adding RY(0.0, wires=[3]) increased overlap from 0.0 to 0.9359356811893249
[2025-08-04 17:39:52,363][INFO] Adding CRY(0.0, wires=[3, 2])) increased overlap from 0.9359356811893249 to 0.9586493193956727
[2025-08-04 17:39:52,490][INFO] Adding RY(0.0, wires=[1]) increased overlap from 0.9586493193956727 to 0.9632777818361594
[2025-08-04 17:39:52,744][INFO] Adding RY(0.0, wires=[2]) increased overlap from 0.9632777818361594 to 0.9925039335719411
[2025-08-04 17:39:53,157][INFO] Adding CRY(0.0, wires=[3, 1])) increased overlap from 0.9925039335719411 to 0.9940320013935939
[2025-08-04 17:39:54,438][INFO] Adding CRY(0.0, wires=[2, 1])) increased overlap from 0.9940320013935939 to 0.9951809518304513
[2025-08-04 17:40:08,872][INFO] Adding RY(0.0, wires=[2]) increased overlap from 0.9951809518304513 to 0.9999510974187851
[2025-08-04 17:40:24,921][INFO] Adding CRY(0.0, wires=[2, 3])) increased overlap from 0.9999510974187851 to 0.9999999999832263
[2025-08-04 17:40:39,380][INFO] Adding CRY(0.0, wires=[1, 3])) increased overlap from 0.9999999999832263 to 0.9999999999998579
[2025-08-04 17:40:39,381][INFO] gradient converged
[2025-08-04 17:40:39,381][INFO] Completed VQE run 8
[2025-08-04 17:40:39,381][INFO] Final ops list: [{'name': 'RY', 'param': -1.266894027872882, 'wires': [3]}, {'name': 'CRY', 'param': -0.6528956929718394, 'wires': [3, 2]}, {'name': 'RY', 'param': -0.4115426856007917, 'wires': [1]}, {'name': 'RY', 'param': 2.021246936329207, 'wires': [2]}, {'name': 'CRY', 'param': 0.18806595803060902, 'wires': [3, 1]}, {'name': 'CRY', 'param': 0.267721417409029, 'wires': [2, 1]}, {'name': 'RY', 'param': -1.6964961567994394, 'wires': [2]}, {'name': 'CRY', 'param': -0.07437382686817685, 'wires': [2, 3]}]
[2025-08-04 17:40:39,381][INFO] Energy: 0.8845804438672744
[2025-08-05 09:41:15,619][INFO] Starting VQE run 52 (seed=56422944)
[2025-08-05 09:41:15,704][INFO] Adding RY(0.0, wires=[3]) increased overlap from 0.0 to 0.9359356785931929
[2025-08-05 09:41:15,904][INFO] Adding CRY(0.0, wires=[3, 2])) increased overlap from 0.9359356785931929 to 0.9586493210568328
[2025-08-05 09:41:16,049][INFO] Adding RY(0.0, wires=[1]) increased overlap from 0.9586493210568328 to 0.9632777853473957
[2025-08-05 09:41:16,366][INFO] Adding RY(0.0, wires=[2]) increased overlap from 0.9632777853473957 to 0.9925039364692533
[2025-08-05 09:41:16,853][INFO] Adding CRY(0.0, wires=[3, 1])) increased overlap from 0.9925039364692533 to 0.9940319999531048
[2025-08-05 09:41:18,659][INFO] Adding CRY(0.0, wires=[2, 1])) increased overlap from 0.9940319999531048 to 0.9951809553107515
[2025-08-05 09:41:35,142][INFO] Adding RY(0.0, wires=[2]) increased overlap from 0.9951809553107515 to 0.9999998649525949
[2025-08-05 09:41:52,650][INFO] Adding CRY(0.0, wires=[2, 3])) increased overlap from 0.9999998649525949 to 0.9999999999999254
[2025-08-05 09:42:06,391][INFO] Adding CRY(0.0, wires=[1, 3])) increased overlap from 0.9999999999999254 to 0.9999999999999609
[2025-08-05 09:42:06,391][INFO] gradient converged
[2025-08-05 09:42:06,392][INFO] Completed VQE run 8
[2025-08-05 09:42:06,392][INFO] Final ops list: [{'name': 'RY', 'param': -1.2581093076579435, 'wires': [3]}, {'name': 'CRY', 'param': -0.5992457999456269, 'wires': [3, 2]}, {'name': 'RY', 'param': -0.18582701670246451, 'wires': [1]}, {'name': 'RY', 'param': -0.6601134141052394, 'wires': [2]}, {'name': 'CRY', 'param': 0.18695223121735657, 'wires': [3, 1]}, {'name': 'CRY', 'param': -0.3307185085470886, 'wires': [2, 1]}, {'name': 'RY', 'param': 1.0241324769270783, 'wires': [2]}, {'name': 'CRY', 'param': 0.33563563686336106, 'wires': [2, 3]}]
[2025-08-05 09:42:06,392][INFO] Energy: 0.8845804438666296
