[2025-08-04 17:39:52,173][INFO] Starting VQE run 15 (seed=86927784)
[2025-08-04 17:39:52,235][INFO] Adding RY(0.0, wires=[3]) increased overlap from 0.0 to 0.9359356820583893
[2025-08-04 17:39:52,334][INFO] Adding CRY(0.0, wires=[3, 2])) increased overlap from 0.9359356820583893 to 0.9586493194026052
[2025-08-04 17:39:52,459][INFO] Adding RY(0.0, wires=[1]) increased overlap from 0.9586493194026052 to 0.96327778223229
[2025-08-04 17:39:52,758][INFO] Adding RY(0.0, wires=[2]) increased overlap from 0.96327778223229 to 0.9925039339259785
[2025-08-04 17:39:53,173][INFO] Adding CRY(0.0, wires=[3, 1])) increased overlap from 0.9925039339259785 to 0.9940320017977283
[2025-08-04 17:39:54,661][INFO] Adding CRY(0.0, wires=[2, 1])) increased overlap from 0.9940320017977283 to 0.9951809504448847
[2025-08-04 17:40:09,335][INFO] Adding RY(0.0, wires=[2]) increased overlap from 0.9951809504448847 to 0.9999718410377352
[2025-08-04 17:40:20,487][INFO] Adding CRY(0.0, wires=[2, 3])) increased overlap from 0.9999718410377352 to 0.9999999999999565
[2025-08-04 17:40:31,797][INFO] Adding RY(0.0, wires=[1]) had small change in overlap from 0.9999999999999565 to 0.999999999999929
[2025-08-04 17:40:31,797][INFO] gradient converged
[2025-08-04 17:40:31,797][INFO] Completed VQE run 8
[2025-08-04 17:40:31,797][INFO] Final ops list: [{'name': 'RY', 'param': 4.996443251573236, 'wires': [3]}, {'name': 'CRY', 'param': 5.59994000576558, 'wires': [3, 2]}, {'name': 'RY', 'param': 6.289602829524674, 'wires': [1]}, {'name': 'RY', 'param': 4.260603360850576, 'wires': [2]}, {'name': 'CRY', 'param': 6.471103488092011, 'wires': [3, 1]}, {'name': 'CRY', 'param': 5.962922346172256, 'wires': [2, 1]}, {'name': 'RY', 'param': 4.048510670991587, 'wires': [2]}, {'name': 'CRY', 'param': 5.408716109855401, 'wires': [2, 3]}]
[2025-08-04 17:40:31,797][INFO] Energy: 0.8845804438670686
[2025-08-05 09:41:15,609][INFO] Starting VQE run 15 (seed=82512783)
[2025-08-05 09:41:15,686][INFO] Adding RY(0.0, wires=[3]) increased overlap from 0.0 to 0.9359356819115693
[2025-08-05 09:41:16,093][INFO] Adding CRY(0.0, wires=[3, 2])) increased overlap from 0.9359356819115693 to 0.9586493198158912
[2025-08-05 09:41:16,262][INFO] Adding RY(0.0, wires=[1]) increased overlap from 0.9586493198158912 to 0.9632777838659669
[2025-08-05 09:41:16,581][INFO] Adding RY(0.0, wires=[2]) increased overlap from 0.9632777838659669 to 0.9925039341808686
[2025-08-05 09:41:18,563][INFO] Adding CRY(0.0, wires=[3, 1])) increased overlap from 0.9925039341808686 to 0.9940320007041696
[2025-08-05 09:41:21,586][INFO] Adding CRY(0.0, wires=[2, 1])) increased overlap from 0.9940320007041696 to 0.9951809516132306
[2025-08-05 09:41:38,139][INFO] Adding RY(0.0, wires=[2]) increased overlap from 0.9951809516132306 to 0.9999985745635941
[2025-08-05 09:41:56,528][INFO] Adding CRY(0.0, wires=[2, 3])) had small change in overlap from 0.9999985745635941 to 0.9982283859132195
[2025-08-05 09:42:14,236][INFO] Adding CRY(0.0, wires=[1, 3])) increased overlap from 0.9982283859132195 to 0.9999999048863231
[2025-08-05 09:42:30,681][INFO] Adding RY(0.0, wires=[1]) increased overlap from 0.9999999048863231 to 0.9999999966433599
[2025-08-05 09:42:47,740][INFO] Adding RY(0.0, wires=[2]) had small change in overlap from 0.9999999966433599 to 0.9999999832191478
[2025-08-05 09:43:03,877][INFO] Adding CRY(0.0, wires=[1, 2])) increased overlap from 0.9999999832191478 to 0.9999999999999125
[2025-08-05 09:43:20,380][INFO] Adding RY(0.0, wires=[1]) increased overlap from 0.9999999999999125 to 0.9999999999999689
[2025-08-05 09:43:20,380][INFO] gradient converged
[2025-08-05 09:43:20,380][INFO] Completed VQE run 12
[2025-08-05 09:43:20,380][INFO] Final ops list: [{'name': 'RY', 'param': 5.673842043087071, 'wires': [3]}, {'name': 'CRY', 'param': 6.7615580920521445, 'wires': [3, 2]}, {'name': 'RY', 'param': 8.815398364830664, 'wires': [1]}, {'name': 'RY', 'param': 7.3277321897160865, 'wires': [2]}, {'name': 'CRY', 'param': 6.522192499937365, 'wires': [3, 1]}, {'name': 'CRY', 'param': 5.817916469191649, 'wires': [2, 1]}, {'name': 'RY', 'param': 3.367784662287343, 'wires': [2]}, {'name': 'CRY', 'param': 5.025602822325671, 'wires': [2, 3]}, {'name': 'CRY', 'param': 6.726322308845313, 'wires': [1, 3]}, {'name': 'RY', 'param': 2.5143733698260085, 'wires': [1]}, {'name': 'RY', 'param': 2.4602689479138973, 'wires': [2]}, {'name': 'CRY', 'param': 2.7077429300062503, 'wires': [1, 2]}]
[2025-08-05 09:43:20,380][INFO] Energy: 0.884580443866563
