[2025-08-04 17:39:52,174][INFO] Starting VQE run 9 (seed=54801297)
[2025-08-04 17:39:52,242][INFO] Adding RY(0.0, wires=[3]) increased overlap from 0.0 to 0.9359356818425447
[2025-08-04 17:39:52,340][INFO] Adding CRY(0.0, wires=[3, 2])) increased overlap from 0.9359356818425447 to 0.9586493200472975
[2025-08-04 17:39:52,488][INFO] Adding RY(0.0, wires=[1]) increased overlap from 0.9586493200472975 to 0.9632777839543224
[2025-08-04 17:39:52,782][INFO] Adding RY(0.0, wires=[2]) increased overlap from 0.9632777839543224 to 0.9925039333979009
[2025-08-04 17:39:53,362][INFO] Adding CRY(0.0, wires=[3, 1])) increased overlap from 0.9925039333979009 to 0.9940320004016715
[2025-08-04 17:39:55,013][INFO] Adding CRY(0.0, wires=[2, 1])) increased overlap from 0.9940320004016715 to 0.9951809519404998
[2025-08-04 17:40:09,475][INFO] Adding RY(0.0, wires=[2]) increased overlap from 0.9951809519404998 to 0.9999612193549654
[2025-08-04 17:40:19,897][INFO] Adding CRY(0.0, wires=[2, 3])) increased overlap from 0.9999612193549654 to 0.9999999999999691
[2025-08-04 17:40:36,359][INFO] Adding RY(0.0, wires=[2]) had small change in overlap from 0.9999999999999691 to 0.9999999661091689
[2025-08-04 17:40:53,349][INFO] Adding CRY(0.0, wires=[1, 3])) increased overlap from 0.9999999661091689 to 0.9999999999687996
[2025-08-04 17:41:10,973][INFO] Adding RY(0.0, wires=[1]) increased overlap from 0.9999999999687996 to 0.9999999999999316
[2025-08-04 17:41:10,973][INFO] gradient converged
[2025-08-04 17:41:10,973][INFO] Completed VQE run 10
[2025-08-04 17:41:10,973][INFO] Final ops list: [{'name': 'RY', 'param': 5.028344899017993, 'wires': [3]}, {'name': 'CRY', 'param': 5.547567570383199, 'wires': [3, 2]}, {'name': 'RY', 'param': 6.322252315240005, 'wires': [1]}, {'name': 'RY', 'param': 4.587479691818825, 'wires': [2]}, {'name': 'CRY', 'param': 5.959562189899794, 'wires': [3, 1]}, {'name': 'CRY', 'param': 6.602543240933969, 'wires': [2, 1]}, {'name': 'RY', 'param': 3.7032535175486148, 'wires': [2]}, {'name': 'CRY', 'param': 6.124930604940656, 'wires': [2, 3]}, {'name': 'RY', 'param': 5.742941847677097, 'wires': [2]}, {'name': 'CRY', 'param': 5.565407224108975, 'wires': [1, 3]}]
[2025-08-04 17:41:10,973][INFO] Energy: 0.8845804438668043
[2025-08-05 09:41:15,608][INFO] Starting VQE run 9 (seed=50040198)
[2025-08-05 09:41:15,682][INFO] Adding RY(0.0, wires=[3]) increased overlap from 0.0 to 0.9359356802727337
[2025-08-05 09:41:15,996][INFO] Adding CRY(0.0, wires=[3, 2])) increased overlap from 0.9359356802727337 to 0.9586493214366453
[2025-08-05 09:41:16,155][INFO] Adding RY(0.0, wires=[1]) increased overlap from 0.9586493214366453 to 0.9632777843792736
[2025-08-05 09:41:16,470][INFO] Adding RY(0.0, wires=[2]) increased overlap from 0.9632777843792736 to 0.9925039369017553
[2025-08-05 09:41:17,907][INFO] Adding CRY(0.0, wires=[3, 1])) increased overlap from 0.9925039369017553 to 0.99403199949984
[2025-08-05 09:41:20,430][INFO] Adding CRY(0.0, wires=[2, 1])) increased overlap from 0.99403199949984 to 0.9951809526941422
[2025-08-05 09:41:33,605][INFO] Adding RY(0.0, wires=[2]) increased overlap from 0.9951809526941422 to 0.9999997064972665
[2025-08-05 09:41:48,118][INFO] Adding CRY(0.0, wires=[2, 3])) had small change in overlap from 0.9999997064972665 to 0.9999385245640108
[2025-08-05 09:42:03,952][INFO] Adding CRY(0.0, wires=[1, 3])) increased overlap from 0.9999385245640108 to 0.9999999862526345
[2025-08-05 09:42:17,923][INFO] Adding RY(0.0, wires=[2]) increased overlap from 0.9999999862526345 to 0.9999999999999027
[2025-08-05 09:42:34,259][INFO] Adding RY(0.0, wires=[1]) had small change in overlap from 0.9999999999999027 to 0.9999999999998415
[2025-08-05 09:42:34,259][INFO] gradient converged
[2025-08-05 09:42:34,259][INFO] Completed VQE run 10
[2025-08-05 09:42:34,259][INFO] Final ops list: [{'name': 'RY', 'param': 4.616855351712136, 'wires': [3]}, {'name': 'CRY', 'param': 1.8200611966709408, 'wires': [3, 2]}, {'name': 'RY', 'param': 6.150509595303141, 'wires': [1]}, {'name': 'RY', 'param': -0.2268021654283601, 'wires': [2]}, {'name': 'CRY', 'param': -0.011976678531399318, 'wires': [3, 1]}, {'name': 'CRY', 'param': 6.063096702938081, 'wires': [2, 1]}, {'name': 'RY', 'param': -0.5521525723544657, 'wires': [2]}, {'name': 'CRY', 'param': 1.188135583319987, 'wires': [2, 3]}, {'name': 'CRY', 'param': 0.9150427023703865, 'wires': [1, 3]}, {'name': 'RY', 'param': 1.5437905353748105, 'wires': [2]}]
[2025-08-05 09:42:34,259][INFO] Energy: 0.8845804438671991
