[2025-08-04 17:39:52,179][INFO] Starting VQE run 91 (seed=82340656)
[2025-08-04 17:39:52,246][INFO] Adding RY(0.0, wires=[3]) increased overlap from 0.0 to 0.9359356782727883
[2025-08-04 17:39:52,345][INFO] Adding CRY(0.0, wires=[3, 2])) increased overlap from 0.9359356782727883 to 0.9586493206783291
[2025-08-04 17:39:52,495][INFO] Adding RY(0.0, wires=[1]) increased overlap from 0.9586493206783291 to 0.9632777812875114
[2025-08-04 17:39:52,801][INFO] Adding RY(0.0, wires=[2]) increased overlap from 0.9632777812875114 to 0.9925039325795088
[2025-08-04 17:39:53,402][INFO] Adding CRY(0.0, wires=[3, 1])) increased overlap from 0.9925039325795088 to 0.994032000416087
[2025-08-04 17:39:55,553][INFO] Adding CRY(0.0, wires=[2, 1])) increased overlap from 0.994032000416087 to 0.9951809516722
[2025-08-04 17:40:10,281][INFO] Adding RY(0.0, wires=[2]) increased overlap from 0.9951809516722 to 0.99999694418378
[2025-08-04 17:40:26,518][INFO] Adding CRY(0.0, wires=[2, 3])) had small change in overlap from 0.99999694418378 to 0.9974699919982174
[2025-08-04 17:40:34,070][INFO] Adding CRY(0.0, wires=[1, 2])) increased overlap from 0.9974699919982174 to 0.9999999999999685
[2025-08-04 17:40:35,368][INFO] Adding RY(0.0, wires=[1]) increased overlap from 0.9999999999999685 to 0.9999999999999991
[2025-08-04 17:40:35,368][INFO] gradient converged
[2025-08-04 17:40:35,368][INFO] Completed VQE run 9
[2025-08-04 17:40:35,368][INFO] Final ops list: [{'name': 'RY', 'param': 5.028381183930723, 'wires': [3]}, {'name': 'CRY', 'param': 6.743571366406947, 'wires': [3, 2]}, {'name': 'RY', 'param': 6.4923571103034705, 'wires': [1]}, {'name': 'RY', 'param': 7.035147382638513, 'wires': [2]}, {'name': 'CRY', 'param': 6.374308345786309, 'wires': [3, 1]}, {'name': 'CRY', 'param': 5.864331020809826, 'wires': [2, 1]}, {'name': 'RY', 'param': 1.1641037183665495, 'wires': [2]}, {'name': 'CRY', 'param': 0.9402853338374629, 'wires': [2, 3]}, {'name': 'CRY', 'param': 3.5150219737163155, 'wires': [1, 2]}]
[2025-08-04 17:40:35,369][INFO] Energy: 0.8845804438664165
[2025-08-05 09:41:15,631][INFO] Starting VQE run 91 (seed=82309563)
[2025-08-05 09:41:15,697][INFO] Adding RY(0.0, wires=[3]) increased overlap from 0.0 to 0.9359356814659976
[2025-08-05 09:41:15,805][INFO] Adding CRY(0.0, wires=[3, 2])) increased overlap from 0.9359356814659976 to 0.9586493205898383
[2025-08-05 09:41:15,954][INFO] Adding RY(0.0, wires=[1]) increased overlap from 0.9586493205898383 to 0.9632777844689956
[2025-08-05 09:41:16,268][INFO] Adding RY(0.0, wires=[2]) increased overlap from 0.9632777844689956 to 0.9925039340744843
[2025-08-05 09:41:17,810][INFO] Adding CRY(0.0, wires=[3, 1])) increased overlap from 0.9925039340744843 to 0.9940320015036248
[2025-08-05 09:41:20,095][INFO] Adding CRY(0.0, wires=[2, 1])) increased overlap from 0.9940320015036248 to 0.9951809519649119
[2025-08-05 09:41:33,274][INFO] Adding RY(0.0, wires=[2]) increased overlap from 0.9951809519649119 to 0.9999975554035899
[2025-08-05 09:41:47,867][INFO] Adding CRY(0.0, wires=[2, 3])) had small change in overlap from 0.9999975554035899 to 0.9988812659818314
[2025-08-05 09:42:03,734][INFO] Adding CRY(0.0, wires=[1, 3])) increased overlap from 0.9988812659818314 to 0.9999998845207148
[2025-08-05 09:42:20,154][INFO] Adding RY(0.0, wires=[1]) had small change in overlap from 0.9999998845207148 to 0.9979540073357092
[2025-08-05 09:42:37,308][INFO] Adding CRY(0.0, wires=[1, 2])) increased overlap from 0.9979540073357092 to 0.9999999999998916
[2025-08-05 09:42:42,734][INFO] Adding RY(0.0, wires=[1]) increased overlap from 0.9999999999998916 to 0.9999999999999867
[2025-08-05 09:42:42,734][INFO] gradient converged
[2025-08-05 09:42:42,734][INFO] Completed VQE run 11
[2025-08-05 09:42:42,734][INFO] Final ops list: [{'name': 'RY', 'param': 5.6602531713409965, 'wires': [3]}, {'name': 'CRY', 'param': 7.228152292159077, 'wires': [3, 2]}, {'name': 'RY', 'param': 9.954737914586593, 'wires': [1]}, {'name': 'RY', 'param': 8.276778105553289, 'wires': [2]}, {'name': 'CRY', 'param': 7.224590893933983, 'wires': [3, 1]}, {'name': 'CRY', 'param': 6.51205223168125, 'wires': [2, 1]}, {'name': 'RY', 'param': 2.343481094861723, 'wires': [2]}, {'name': 'CRY', 'param': 0.9745287199258731, 'wires': [2, 3]}, {'name': 'CRY', 'param': 5.427884283540983, 'wires': [1, 3]}, {'name': 'RY', 'param': 4.061701500654706, 'wires': [1]}, {'name': 'CRY', 'param': 3.0540816117494005, 'wires': [1, 2]}]
[2025-08-05 09:42:42,734][INFO] Energy: 0.8845804438664666
