[2025-08-04 17:39:52,207][INFO] Starting VQE run 64 (seed=122956648)
[2025-08-04 17:39:52,271][INFO] Adding RY(0.0, wires=[3]) increased overlap from 0.0 to 0.9359356792805905
[2025-08-04 17:39:52,365][INFO] Adding CRY(0.0, wires=[3, 2])) increased overlap from 0.9359356792805905 to 0.9586493200222562
[2025-08-04 17:39:52,492][INFO] Adding RY(0.0, wires=[1]) increased overlap from 0.9586493200222562 to 0.9632777848121991
[2025-08-04 17:39:52,731][INFO] Adding RY(0.0, wires=[2]) increased overlap from 0.9632777848121991 to 0.9925039349015937
[2025-08-04 17:39:53,161][INFO] Adding CRY(0.0, wires=[3, 1])) increased overlap from 0.9925039349015937 to 0.9940320060807171
[2025-08-04 17:39:54,842][INFO] Adding CRY(0.0, wires=[2, 1])) increased overlap from 0.9940320060807171 to 0.9951809519377226
[2025-08-04 17:40:09,535][INFO] Adding RY(0.0, wires=[2]) increased overlap from 0.9951809519377226 to 0.999961276785084
[2025-08-04 17:40:24,939][INFO] Adding CRY(0.0, wires=[2, 3])) increased overlap from 0.999961276785084 to 0.9999999999999436
[2025-08-04 17:40:35,118][INFO] Adding RY(0.0, wires=[3]) increased overlap from 0.9999999999999436 to 0.9999999999999478
[2025-08-04 17:40:35,118][INFO] gradient converged
[2025-08-04 17:40:35,119][INFO] Completed VQE run 8
[2025-08-04 17:40:35,119][INFO] Final ops list: [{'name': 'RY', 'param': 5.004475471207734, 'wires': [3]}, {'name': 'CRY', 'param': 5.600061299120956, 'wires': [3, 2]}, {'name': 'RY', 'param': 6.2175973255514805, 'wires': [1]}, {'name': 'RY', 'param': 4.586111330582127, 'wires': [2]}, {'name': 'CRY', 'param': 6.47154928644745, 'wires': [3, 1]}, {'name': 'CRY', 'param': 6.00730726383912, 'wires': [2, 1]}, {'name': 'RY', 'param': 4.322564312360205, 'wires': [2]}, {'name': 'CRY', 'param': 5.737703989453128, 'wires': [2, 3]}]
[2025-08-04 17:40:35,119][INFO] Energy: 0.8845804438668112
[2025-08-05 09:41:15,623][INFO] Starting VQE run 64 (seed=121368114)
[2025-08-05 09:41:15,705][INFO] Adding RY(0.0, wires=[3]) increased overlap from 0.0 to 0.9359356791698448
[2025-08-05 09:41:15,856][INFO] Adding CRY(0.0, wires=[3, 2])) increased overlap from 0.9359356791698448 to 0.9586493215659635
[2025-08-05 09:41:16,020][INFO] Adding RY(0.0, wires=[1]) increased overlap from 0.9586493215659635 to 0.9632777843025151
[2025-08-05 09:41:16,339][INFO] Adding RY(0.0, wires=[2]) increased overlap from 0.9632777843025151 to 0.9925039328465276
[2025-08-05 09:41:16,956][INFO] Adding CRY(0.0, wires=[3, 1])) increased overlap from 0.9925039328465276 to 0.9940320011604292
[2025-08-05 09:41:18,816][INFO] Adding CRY(0.0, wires=[2, 1])) increased overlap from 0.9940320011604292 to 0.995180954738719
[2025-08-05 09:41:35,284][INFO] Adding RY(0.0, wires=[2]) increased overlap from 0.995180954738719 to 0.9999999109348241
[2025-08-05 09:41:51,745][INFO] Adding CRY(0.0, wires=[2, 3])) increased overlap from 0.9999999109348241 to 0.9999999999999161
[2025-08-05 09:42:07,422][INFO] Adding CRY(0.0, wires=[1, 3])) increased overlap from 0.9999999999999161 to 0.9999999999999287
[2025-08-05 09:42:07,422][INFO] gradient converged
[2025-08-05 09:42:07,422][INFO] Completed VQE run 8
[2025-08-05 09:42:07,422][INFO] Final ops list: [{'name': 'RY', 'param': -1.254715968009845, 'wires': [3]}, {'name': 'CRY', 'param': -0.5634468012140027, 'wires': [3, 2]}, {'name': 'RY', 'param': -0.19976264607280003, 'wires': [1]}, {'name': 'RY', 'param': -0.48243922327541455, 'wires': [2]}, {'name': 'CRY', 'param': 0.18615685577564683, 'wires': [3, 1]}, {'name': 'CRY', 'param': -0.3892227001386136, 'wires': [2, 1]}, {'name': 'RY', 'param': 0.860923934255734, 'wires': [2]}, {'name': 'CRY', 'param': 0.5430985105234266, 'wires': [2, 3]}]
[2025-08-05 09:42:07,422][INFO] Energy: 0.8845804438667111
