[2025-08-04 17:39:52,247][INFO] Starting VQE run 95 (seed=62606051)
[2025-08-04 17:39:52,476][INFO] Adding RY(0.0, wires=[3]) increased overlap from 0.0 to 0.9359356808604596
[2025-08-04 17:39:52,742][INFO] Adding CRY(0.0, wires=[3, 2])) increased overlap from 0.9359356808604596 to 0.958649320748594
[2025-08-04 17:39:52,889][INFO] Adding RY(0.0, wires=[1]) increased overlap from 0.958649320748594 to 0.9632777827176817
[2025-08-04 17:39:53,218][INFO] Adding RY(0.0, wires=[2]) increased overlap from 0.9632777827176817 to 0.9925039365713684
[2025-08-04 17:39:53,719][INFO] Adding CRY(0.0, wires=[3, 1])) increased overlap from 0.9925039365713684 to 0.9940320015351665
[2025-08-04 17:39:55,380][INFO] Adding CRY(0.0, wires=[2, 1])) increased overlap from 0.9940320015351665 to 0.9951809556552311
[2025-08-04 17:40:10,113][INFO] Adding RY(0.0, wires=[2]) increased overlap from 0.9951809556552311 to 0.999999901353742
[2025-08-04 17:40:24,357][INFO] Adding CRY(0.0, wires=[2, 3])) increased overlap from 0.999999901353742 to 0.9999999999999116
[2025-08-04 17:40:39,834][INFO] Adding CRY(0.0, wires=[1, 3])) increased overlap from 0.9999999999999116 to 0.9999999999999285
[2025-08-04 17:40:39,835][INFO] gradient converged
[2025-08-04 17:40:39,835][INFO] Completed VQE run 8
[2025-08-04 17:40:39,835][INFO] Final ops list: [{'name': 'RY', 'param': -1.2542605756604548, 'wires': [3]}, {'name': 'CRY', 'param': -0.5573211339119578, 'wires': [3, 2]}, {'name': 'RY', 'param': -0.20162667003310702, 'wires': [1]}, {'name': 'RY', 'param': -0.4579449420267909, 'wires': [2]}, {'name': 'CRY', 'param': 0.18602018894599026, 'wires': [3, 1]}, {'name': 'CRY', 'param': -0.4001609794607481, 'wires': [2, 1]}, {'name': 'RY', 'param': 0.8383708274838814, 'wires': [2]}, {'name': 'CRY', 'param': 0.5758420949951225, 'wires': [2, 3]}]
[2025-08-04 17:40:39,835][INFO] Energy: 0.8845804438667308
[2025-08-05 09:41:15,631][INFO] Starting VQE run 95 (seed=62805690)
[2025-08-05 09:41:15,711][INFO] Adding RY(0.0, wires=[3]) increased overlap from 0.0 to 0.9359356811578289
[2025-08-05 09:41:15,905][INFO] Adding CRY(0.0, wires=[3, 2])) increased overlap from 0.9359356811578289 to 0.9586493204393737
[2025-08-05 09:41:16,068][INFO] Adding RY(0.0, wires=[1]) increased overlap from 0.9586493204393737 to 0.9632777819838044
[2025-08-05 09:41:16,328][INFO] Adding RY(0.0, wires=[2]) increased overlap from 0.9632777819838044 to 0.992503934396273
[2025-08-05 09:41:16,867][INFO] Adding CRY(0.0, wires=[3, 1])) increased overlap from 0.992503934396273 to 0.994032001560724
[2025-08-05 09:41:18,623][INFO] Adding CRY(0.0, wires=[2, 1])) increased overlap from 0.994032001560724 to 0.9951809547013974
[2025-08-05 09:41:35,114][INFO] Adding RY(0.0, wires=[2]) increased overlap from 0.9951809547013974 to 0.9999998931830336
[2025-08-05 09:41:53,463][INFO] Adding CRY(0.0, wires=[2, 3])) increased overlap from 0.9999998931830336 to 0.9999999999999347
[2025-08-05 09:42:11,097][INFO] Adding RY(0.0, wires=[3]) had small change in overlap from 0.9999999999999347 to 0.9999999929939061
[2025-08-05 09:42:25,607][INFO] Adding CRY(0.0, wires=[1, 3])) increased overlap from 0.9999999929939061 to 0.9999999999999554
[2025-08-05 09:42:41,236][INFO] Adding RY(0.0, wires=[1]) had small change in overlap from 0.9999999999999554 to 0.9999999999999367
[2025-08-05 09:42:41,236][INFO] gradient converged
[2025-08-05 09:42:41,236][INFO] Completed VQE run 10
[2025-08-05 09:42:41,236][INFO] Final ops list: [{'name': 'RY', 'param': -2.04378386204274, 'wires': [3]}, {'name': 'CRY', 'param': -0.616289433615398, 'wires': [3, 2]}, {'name': 'RY', 'param': -0.2243831134176699, 'wires': [1]}, {'name': 'RY', 'param': 0.04054249330818275, 'wires': [2]}, {'name': 'CRY', 'param': 0.06983195570980257, 'wires': [3, 1]}, {'name': 'CRY', 'param': -0.4582403064140085, 'wires': [2, 1]}, {'name': 'RY', 'param': 0.6053672810682575, 'wires': [2]}, {'name': 'CRY', 'param': 0.5989596398145726, 'wires': [2, 3]}, {'name': 'RY', 'param': 0.8175198715327909, 'wires': [3]}, {'name': 'CRY', 'param': 0.580509146791533, 'wires': [1, 3]}]
[2025-08-05 09:42:41,236][INFO] Energy: 0.8845804438666943
