[2025-08-04 17:39:52,192][INFO] Starting VQE run 39 (seed=91976943)
[2025-08-04 17:39:52,262][INFO] Adding RY(0.0, wires=[3]) increased overlap from 0.0 to 0.9359356822139342
[2025-08-04 17:39:52,445][INFO] Adding CRY(0.0, wires=[3, 2])) increased overlap from 0.9359356822139342 to 0.9586493204808685
[2025-08-04 17:39:52,584][INFO] Adding RY(0.0, wires=[1]) increased overlap from 0.9586493204808685 to 0.963277783075141
[2025-08-04 17:39:52,928][INFO] Adding RY(0.0, wires=[2]) increased overlap from 0.963277783075141 to 0.9925039374567688
[2025-08-04 17:39:53,414][INFO] Adding CRY(0.0, wires=[3, 1])) increased overlap from 0.9925039374567688 to 0.9940320010914272
[2025-08-04 17:39:55,224][INFO] Adding CRY(0.0, wires=[2, 1])) increased overlap from 0.9940320010914272 to 0.995180955043261
[2025-08-04 17:40:09,798][INFO] Adding RY(0.0, wires=[2]) increased overlap from 0.995180955043261 to 0.9999999104999713
[2025-08-04 17:40:25,985][INFO] Adding CRY(0.0, wires=[2, 3])) had small change in overlap from 0.9999999104999713 to 0.9980215260400801
[2025-08-04 17:40:42,884][INFO] Adding CRY(0.0, wires=[1, 3])) had small change in overlap from 0.9980215260400801 to 0.9965472727436993
[2025-08-04 17:40:57,084][INFO] Adding CRY(0.0, wires=[1, 2])) increased overlap from 0.9965472727436993 to 0.9999999999999425
[2025-08-04 17:41:04,431][INFO] Adding RY(0.0, wires=[1]) increased overlap from 0.9999999999999425 to 0.9999999999999829
[2025-08-04 17:41:04,431][INFO] gradient converged
[2025-08-04 17:41:04,431][INFO] Completed VQE run 10
[2025-08-04 17:41:04,431][INFO] Final ops list: [{'name': 'RY', 'param': 5.0256936975995234, 'wires': [3]}, {'name': 'CRY', 'param': -0.49428501091165583, 'wires': [3, 2]}, {'name': 'RY', 'param': -0.05241337671654304, 'wires': [1]}, {'name': 'RY', 'param': -0.5957927288593595, 'wires': [2]}, {'name': 'CRY', 'param': 0.2275612891784741, 'wires': [3, 1]}, {'name': 'CRY', 'param': -0.6131780758426291, 'wires': [2, 1]}, {'name': 'RY', 'param': 0.9730864495955016, 'wires': [2]}, {'name': 'CRY', 'param': 0.7915666580118235, 'wires': [2, 3]}, {'name': 'CRY', 'param': -0.05228214052910403, 'wires': [1, 3]}, {'name': 'CRY', 'param': 1.3461447387571681, 'wires': [1, 2]}]
[2025-08-04 17:41:04,431][INFO] Energy: 0.8845804438664886
[2025-08-05 09:41:15,615][INFO] Starting VQE run 39 (seed=88946334)
[2025-08-05 09:41:15,689][INFO] Adding RY(0.0, wires=[3]) increased overlap from 0.0 to 0.9359356811862617
[2025-08-05 09:41:15,778][INFO] Adding CRY(0.0, wires=[3, 2])) increased overlap from 0.9359356811862617 to 0.9586493206058885
[2025-08-05 09:41:15,907][INFO] Adding RY(0.0, wires=[1]) increased overlap from 0.9586493206058885 to 0.9632777835347607
[2025-08-05 09:41:16,161][INFO] Adding RY(0.0, wires=[2]) increased overlap from 0.9632777835347607 to 0.992503933743541
[2025-08-05 09:41:16,619][INFO] Adding CRY(0.0, wires=[3, 1])) increased overlap from 0.992503933743541 to 0.9940320004457066
[2025-08-05 09:41:18,141][INFO] Adding CRY(0.0, wires=[2, 1])) increased overlap from 0.9940320004457066 to 0.9951809519838598
[2025-08-05 09:41:31,356][INFO] Adding RY(0.0, wires=[2]) increased overlap from 0.9951809519838598 to 0.9999609310775696
[2025-08-05 09:41:44,385][INFO] Adding CRY(0.0, wires=[2, 3])) increased overlap from 0.9999609310775696 to 0.9999999999999336
[2025-08-05 09:41:53,082][INFO] Adding CRY(0.0, wires=[1, 3])) had small change in overlap from 0.9999999999999336 to 0.9999999999999041
[2025-08-05 09:41:53,082][INFO] gradient converged
[2025-08-05 09:41:53,082][INFO] Completed VQE run 8
[2025-08-05 09:41:53,082][INFO] Final ops list: [{'name': 'RY', 'param': 5.007608747743013, 'wires': [3]}, {'name': 'CRY', 'param': 5.604569364867898, 'wires': [3, 2]}, {'name': 'RY', 'param': 6.194075570143863, 'wires': [1]}, {'name': 'RY', 'param': 4.728346354705873, 'wires': [2]}, {'name': 'CRY', 'param': 6.471577504207934, 'wires': [3, 1]}, {'name': 'CRY', 'param': 6.016714087791301, 'wires': [2, 1]}, {'name': 'RY', 'param': 4.44728700201161, 'wires': [2]}, {'name': 'CRY', 'param': 5.860790764159352, 'wires': [2, 3]}]
[2025-08-05 09:41:53,082][INFO] Energy: 0.8845804438670833
