[2025-08-04 17:39:52,231][INFO] Starting VQE run 96 (seed=88536597)
[2025-08-04 17:39:52,469][INFO] Adding RY(0.0, wires=[3]) increased overlap from 0.0 to 0.9359356789209433
[2025-08-04 17:39:52,637][INFO] Adding CRY(0.0, wires=[3, 2])) increased overlap from 0.9359356789209433 to 0.9586493213951134
[2025-08-04 17:39:52,777][INFO] Adding RY(0.0, wires=[1]) increased overlap from 0.9586493213951134 to 0.9632777829082155
[2025-08-04 17:39:53,087][INFO] Adding RY(0.0, wires=[2]) increased overlap from 0.9632777829082155 to 0.9925039376445576
[2025-08-04 17:39:53,630][INFO] Adding CRY(0.0, wires=[3, 1])) increased overlap from 0.9925039376445576 to 0.9940320016404797
[2025-08-04 17:39:55,196][INFO] Adding CRY(0.0, wires=[2, 1])) increased overlap from 0.9940320016404797 to 0.9951809548117438
[2025-08-04 17:40:09,860][INFO] Adding RY(0.0, wires=[2]) increased overlap from 0.9951809548117438 to 0.9999998826896243
[2025-08-04 17:40:25,715][INFO] Adding CRY(0.0, wires=[2, 3])) increased overlap from 0.9999998826896243 to 0.9999999999999085
[2025-08-04 17:40:37,491][INFO] Adding CRY(0.0, wires=[1, 3])) increased overlap from 0.9999999999999085 to 0.9999999999999498
[2025-08-04 17:40:37,491][INFO] gradient converged
[2025-08-04 17:40:37,491][INFO] Completed VQE run 8
[2025-08-04 17:40:37,491][INFO] Final ops list: [{'name': 'RY', 'param': -1.2575155443805137, 'wires': [3]}, {'name': 'CRY', 'param': -0.5939273208252315, 'wires': [3, 2]}, {'name': 'RY', 'param': -0.18830925843012572, 'wires': [1]}, {'name': 'RY', 'param': -0.6292606532466415, 'wires': [2]}, {'name': 'CRY', 'param': 0.18683506807184785, 'wires': [3, 1]}, {'name': 'CRY', 'param': -0.3387854608817378, 'wires': [2, 1]}, {'name': 'RY', 'param': 0.99582329409222, 'wires': [2]}, {'name': 'CRY', 'param': 0.36855638406812974, 'wires': [2, 3]}]
[2025-08-04 17:40:37,491][INFO] Energy: 0.8845804438666677
[2025-08-05 09:41:15,633][INFO] Starting VQE run 96 (seed=88793919)
[2025-08-05 09:41:15,697][INFO] Adding RY(0.0, wires=[3]) increased overlap from 0.0 to 0.9359356808992856
[2025-08-05 09:41:15,780][INFO] Adding CRY(0.0, wires=[3, 2])) increased overlap from 0.9359356808992856 to 0.9586493195411703
[2025-08-05 09:41:15,902][INFO] Adding RY(0.0, wires=[1]) increased overlap from 0.9586493195411703 to 0.9632777846667596
[2025-08-05 09:41:16,176][INFO] Adding RY(0.0, wires=[2]) increased overlap from 0.9632777846667596 to 0.992503937251734
[2025-08-05 09:41:16,545][INFO] Adding CRY(0.0, wires=[3, 1])) increased overlap from 0.992503937251734 to 0.9940320057889384
[2025-08-05 09:41:17,962][INFO] Adding CRY(0.0, wires=[2, 1])) increased overlap from 0.9940320057889384 to 0.9951809555573226
[2025-08-05 09:41:31,146][INFO] Adding RY(0.0, wires=[2]) increased overlap from 0.9951809555573226 to 0.9999448316644108
[2025-08-05 09:41:45,698][INFO] Adding CRY(0.0, wires=[2, 3])) increased overlap from 0.9999448316644108 to 0.9999999999361959
[2025-08-05 09:42:01,515][INFO] Adding CRY(0.0, wires=[1, 3])) increased overlap from 0.9999999999361959 to 0.9999999999998292
[2025-08-05 09:42:01,515][INFO] gradient converged
[2025-08-05 09:42:01,515][INFO] Completed VQE run 8
[2025-08-05 09:42:01,516][INFO] Final ops list: [{'name': 'RY', 'param': -1.2656960972354825, 'wires': [3]}, {'name': 'CRY', 'param': -0.6475854857161979, 'wires': [3, 2]}, {'name': 'RY', 'param': -0.42203452572453326, 'wires': [1]}, {'name': 'RY', 'param': 2.0840901433753665, 'wires': [2]}, {'name': 'CRY', 'param': 0.1879750187471822, 'wires': [3, 1]}, {'name': 'CRY', 'param': 0.2717677003064658, 'wires': [2, 1]}, {'name': 'RY', 'param': -1.7537319957757547, 'wires': [2]}, {'name': 'CRY', 'param': -0.023629264581385628, 'wires': [2, 3]}]
[2025-08-05 09:42:01,516][INFO] Energy: 0.8845804438674413
