[2025-08-04 17:39:52,203][INFO] Starting VQE run 57 (seed=64899615)
[2025-08-04 17:39:52,271][INFO] Adding RY(0.0, wires=[3]) increased overlap from 0.0 to 0.9359356793793385
[2025-08-04 17:39:53,472][INFO] Adding CRY(0.0, wires=[3, 2])) increased overlap from 0.9359356793793385 to 0.9586493201761058
[2025-08-04 17:39:53,636][INFO] Adding RY(0.0, wires=[1]) increased overlap from 0.9586493201761058 to 0.9632777849063779
[2025-08-04 17:39:54,029][INFO] Adding RY(0.0, wires=[2]) increased overlap from 0.9632777849063779 to 0.9925039376043262
[2025-08-04 17:39:57,055][INFO] Adding CRY(0.0, wires=[3, 1])) increased overlap from 0.9925039376043262 to 0.9940320014344687
[2025-08-04 17:40:00,069][INFO] Adding CRY(0.0, wires=[2, 1])) increased overlap from 0.9940320014344687 to 0.9951809527733021
[2025-08-04 17:40:14,548][INFO] Adding RY(0.0, wires=[2]) increased overlap from 0.9951809527733021 to 0.9999998619638933
[2025-08-04 17:40:30,523][INFO] Adding CRY(0.0, wires=[2, 3])) had small change in overlap from 0.9999998619638933 to 0.9999872485239015
[2025-08-04 17:40:46,129][INFO] Adding RY(0.0, wires=[1]) increased overlap from 0.9999872485239015 to 0.9999999999998781
[2025-08-04 17:41:03,186][INFO] Adding CRY(0.0, wires=[1, 3])) had small change in overlap from 0.9999999999998781 to 0.9999988608903208
[2025-08-04 17:41:20,740][INFO] Adding RY(0.0, wires=[2]) had small change in overlap from 0.9999988608903208 to 0.9982127385004372
[2025-08-04 17:41:39,707][INFO] Adding CRY(0.0, wires=[1, 2])) increased overlap from 0.9982127385004372 to 0.9999999999801725
[2025-08-04 17:41:47,655][INFO] Adding RY(0.0, wires=[1]) increased overlap from 0.9999999999801725 to 0.9999999999999729
[2025-08-04 17:41:47,655][INFO] gradient converged
[2025-08-04 17:41:47,655][INFO] Completed VQE run 12
[2025-08-04 17:41:47,655][INFO] Final ops list: [{'name': 'RY', 'param': 5.237719990355485, 'wires': [3]}, {'name': 'CRY', 'param': 6.099541315443573, 'wires': [3, 2]}, {'name': 'RY', 'param': 8.974112655694336, 'wires': [1]}, {'name': 'RY', 'param': -0.6842457436171129, 'wires': [2]}, {'name': 'CRY', 'param': 6.511704380115125, 'wires': [3, 1]}, {'name': 'CRY', 'param': 5.670013240826978, 'wires': [2, 1]}, {'name': 'RY', 'param': 0.8245507498366411, 'wires': [2]}, {'name': 'CRY', 'param': 5.835849484404747, 'wires': [2, 3]}, {'name': 'RY', 'param': 3.6708743161574424, 'wires': [1]}, {'name': 'CRY', 'param': 0.661480455486685, 'wires': [1, 3]}, {'name': 'RY', 'param': 1.6589691090220484, 'wires': [2]}, {'name': 'CRY', 'param': 2.757004770893893, 'wires': [1, 2]}]
[2025-08-04 17:41:47,655][INFO] Energy: 0.8845804438665513
[2025-08-05 09:41:15,619][INFO] Starting VQE run 57 (seed=62907300)
[2025-08-05 09:41:15,700][INFO] Adding RY(0.0, wires=[3]) increased overlap from 0.0 to 0.9359356808786751
[2025-08-05 09:41:15,804][INFO] Adding CRY(0.0, wires=[3, 2])) increased overlap from 0.9359356808786751 to 0.958649320080048
[2025-08-05 09:41:15,968][INFO] Adding RY(0.0, wires=[1]) increased overlap from 0.958649320080048 to 0.9632777844456699
[2025-08-05 09:41:16,323][INFO] Adding RY(0.0, wires=[2]) increased overlap from 0.9632777844456699 to 0.9925039343882904
[2025-08-05 09:41:17,579][INFO] Adding CRY(0.0, wires=[3, 1])) increased overlap from 0.9925039343882904 to 0.9940320017216306
[2025-08-05 09:41:19,439][INFO] Adding CRY(0.0, wires=[2, 1])) increased overlap from 0.9940320017216306 to 0.9951809518690145
[2025-08-05 09:41:35,930][INFO] Adding RY(0.0, wires=[2]) increased overlap from 0.9951809518690145 to 0.9999614836674043
[2025-08-05 09:41:54,287][INFO] Adding CRY(0.0, wires=[2, 3])) had small change in overlap from 0.9999614836674043 to 0.9962840888643003
[2025-08-05 09:42:06,538][INFO] Adding CRY(0.0, wires=[1, 2])) increased overlap from 0.9962840888643003 to 0.999999999999932
[2025-08-05 09:42:12,628][INFO] Adding RY(0.0, wires=[1]) increased overlap from 0.999999999999932 to 0.9999999999999967
[2025-08-05 09:42:12,629][INFO] gradient converged
[2025-08-05 09:42:12,629][INFO] Completed VQE run 9
[2025-08-05 09:42:12,629][INFO] Final ops list: [{'name': 'RY', 'param': 4.979621198741799, 'wires': [3]}, {'name': 'CRY', 'param': 5.8042039014742235, 'wires': [3, 2]}, {'name': 'RY', 'param': 6.46861120748168, 'wires': [1]}, {'name': 'RY', 'param': 4.34788764568461, 'wires': [2]}, {'name': 'CRY', 'param': 6.173465428229712, 'wires': [3, 1]}, {'name': 'CRY', 'param': 6.380826389297233, 'wires': [2, 1]}, {'name': 'RY', 'param': 4.418841673218999, 'wires': [2]}, {'name': 'CRY', 'param': 3.969835441944326, 'wires': [2, 3]}, {'name': 'CRY', 'param': 5.396505717052545, 'wires': [1, 2]}]
[2025-08-05 09:42:12,629][INFO] Energy: 0.8845804438664637
