[2025-08-04 17:39:52,229][INFO] Starting VQE run 88 (seed=4549018)
[2025-08-04 17:39:52,295][INFO] Adding RY(0.0, wires=[3]) increased overlap from 0.0 to 0.9359356802790006
[2025-08-04 17:39:52,382][INFO] Adding CRY(0.0, wires=[3, 2])) increased overlap from 0.9359356802790006 to 0.9586493198153088
[2025-08-04 17:39:52,540][INFO] Adding RY(0.0, wires=[1]) increased overlap from 0.9586493198153088 to 0.9632777824384947
[2025-08-04 17:39:52,854][INFO] Adding RY(0.0, wires=[2]) increased overlap from 0.9632777824384947 to 0.9925039333310656
[2025-08-04 17:39:54,499][INFO] Adding CRY(0.0, wires=[3, 1])) increased overlap from 0.9925039333310656 to 0.9940320004582416
[2025-08-04 17:39:56,186][INFO] Adding CRY(0.0, wires=[2, 1])) increased overlap from 0.9940320004582416 to 0.9951809517881558
[2025-08-04 17:40:10,560][INFO] Adding RY(0.0, wires=[2]) increased overlap from 0.9951809517881558 to 0.9999595717205275
[2025-08-04 17:40:26,548][INFO] Adding CRY(0.0, wires=[2, 3])) had small change in overlap from 0.9999595717205275 to 0.9958644031600931
[2025-08-04 17:40:43,183][INFO] Adding CRY(0.0, wires=[1, 2])) increased overlap from 0.9958644031600931 to 0.9999999999998663
[2025-08-04 17:40:46,590][INFO] Adding RY(0.0, wires=[1]) increased overlap from 0.9999999999998663 to 0.9999999999999845
[2025-08-04 17:40:46,590][INFO] gradient converged
[2025-08-04 17:40:46,591][INFO] Completed VQE run 9
[2025-08-04 17:40:46,591][INFO] Final ops list: [{'name': 'RY', 'param': 5.003034877375632, 'wires': [3]}, {'name': 'CRY', 'param': 6.14137717537199, 'wires': [3, 2]}, {'name': 'RY', 'param': 6.460240903667991, 'wires': [1]}, {'name': 'RY', 'param': 3.9964238102717697, 'wires': [2]}, {'name': 'CRY', 'param': 6.196591694236405, 'wires': [3, 1]}, {'name': 'CRY', 'param': 6.371238120327506, 'wires': [2, 1]}, {'name': 'RY', 'param': 4.27663078223342, 'wires': [2]}, {'name': 'CRY', 'param': 2.8357495038551455, 'wires': [2, 3]}, {'name': 'CRY', 'param': 5.179398044125536, 'wires': [1, 2]}]
[2025-08-04 17:40:46,591][INFO] Energy: 0.8845804438664765
[2025-08-05 09:41:15,628][INFO] Starting VQE run 88 (seed=4344876)
[2025-08-05 09:41:15,710][INFO] Adding RY(0.0, wires=[3]) increased overlap from 0.0 to 0.9359356821845921
[2025-08-05 09:41:16,055][INFO] Adding CRY(0.0, wires=[3, 2])) increased overlap from 0.9359356821845921 to 0.9586493196432063
[2025-08-05 09:41:16,241][INFO] Adding RY(0.0, wires=[1]) increased overlap from 0.9586493196432063 to 0.9632777836710592
[2025-08-05 09:41:16,582][INFO] Adding RY(0.0, wires=[2]) increased overlap from 0.9632777836710592 to 0.9925039380197384
[2025-08-05 09:41:17,450][INFO] Adding CRY(0.0, wires=[3, 1])) increased overlap from 0.9925039380197384 to 0.9940320020811251
[2025-08-05 09:41:19,852][INFO] Adding CRY(0.0, wires=[2, 1])) increased overlap from 0.9940320020811251 to 0.9951809546486318
[2025-08-05 09:41:36,248][INFO] Adding RY(0.0, wires=[2]) increased overlap from 0.9951809546486318 to 0.9999999102762669
[2025-08-05 09:41:54,539][INFO] Adding CRY(0.0, wires=[2, 3])) had small change in overlap from 0.9999999102762669 to 0.9998839618676993
[2025-08-05 09:42:12,619][INFO] Adding CRY(0.0, wires=[1, 3])) increased overlap from 0.9998839618676993 to 0.9999999999908589
[2025-08-05 09:42:29,073][INFO] Adding RY(0.0, wires=[2]) increased overlap from 0.9999999999908589 to 0.9999999999964033
[2025-08-05 09:42:29,073][INFO] gradient converged
[2025-08-05 09:42:29,073][INFO] Completed VQE run 9
[2025-08-05 09:42:29,073][INFO] Final ops list: [{'name': 'RY', 'param': 5.021864122321407, 'wires': [3]}, {'name': 'CRY', 'param': -0.5093632914854155, 'wires': [3, 2]}, {'name': 'RY', 'param': -0.1429514716428217, 'wires': [1]}, {'name': 'RY', 'param': 0.12754020653972797, 'wires': [2]}, {'name': 'CRY', 'param': -0.11777250608587933, 'wires': [3, 1]}, {'name': 'CRY', 'param': -0.8030528558997584, 'wires': [2, 1]}, {'name': 'RY', 'param': 0.2996556636827281, 'wires': [2]}, {'name': 'CRY', 'param': 1.0249366169790424, 'wires': [2, 3]}, {'name': 'CRY', 'param': 1.4289815980474565, 'wires': [1, 3]}]
[2025-08-05 09:42:29,073][INFO] Energy: 0.8845804438840564
