[2025-08-04 17:39:52,181][INFO] Starting VQE run 38 (seed=66046397)
[2025-08-04 17:39:52,247][INFO] Adding RY(0.0, wires=[3]) increased overlap from 0.0 to 0.9359356790997508
[2025-08-04 17:39:52,370][INFO] Adding CRY(0.0, wires=[3, 2])) increased overlap from 0.9359356790997508 to 0.9586493186746614
[2025-08-04 17:39:52,513][INFO] Adding RY(0.0, wires=[1]) increased overlap from 0.9586493186746614 to 0.9632777838992462
[2025-08-04 17:39:52,811][INFO] Adding RY(0.0, wires=[2]) increased overlap from 0.9632777838992462 to 0.9925039359770245
[2025-08-04 17:39:53,227][INFO] Adding CRY(0.0, wires=[3, 1])) increased overlap from 0.9925039359770245 to 0.994032000345716
[2025-08-04 17:39:54,812][INFO] Adding CRY(0.0, wires=[2, 1])) increased overlap from 0.994032000345716 to 0.9951809556990737
[2025-08-04 17:40:09,500][INFO] Adding RY(0.0, wires=[2]) increased overlap from 0.9951809556990737 to 0.9999998663709797
[2025-08-04 17:40:25,003][INFO] Adding CRY(0.0, wires=[2, 3])) increased overlap from 0.9999998663709797 to 0.9999999999999136
[2025-08-04 17:40:38,505][INFO] Adding CRY(0.0, wires=[1, 3])) increased overlap from 0.9999999999999136 to 0.9999999999999689
[2025-08-04 17:40:38,506][INFO] gradient converged
[2025-08-04 17:40:38,506][INFO] Completed VQE run 8
[2025-08-04 17:40:38,506][INFO] Final ops list: [{'name': 'RY', 'param': -1.2565205123758667, 'wires': [3]}, {'name': 'CRY', 'param': -0.5842385414826058, 'wires': [3, 2]}, {'name': 'RY', 'param': -0.19241175506137168, 'wires': [1]}, {'name': 'RY', 'param': -0.577473337808188, 'wires': [2]}, {'name': 'CRY', 'param': 0.1866202845173135, 'wires': [3, 1]}, {'name': 'CRY', 'param': -0.35406905539655836, 'wires': [2, 1]}, {'name': 'RY', 'param': 0.948281797204012, 'wires': [2]}, {'name': 'CRY', 'param': 0.42643303620863027, 'wires': [2, 3]}]
[2025-08-04 17:40:38,506][INFO] Energy: 0.8845804438665578
[2025-08-05 09:41:15,615][INFO] Starting VQE run 38 (seed=62958105)
[2025-08-05 09:41:15,696][INFO] Adding RY(0.0, wires=[3]) increased overlap from 0.0 to 0.9359356817387022
[2025-08-05 09:41:15,800][INFO] Adding CRY(0.0, wires=[3, 2])) increased overlap from 0.9359356817387022 to 0.9586493195303998
[2025-08-05 09:41:15,981][INFO] Adding RY(0.0, wires=[1]) increased overlap from 0.9586493195303998 to 0.9632777828184395
[2025-08-05 09:41:16,321][INFO] Adding RY(0.0, wires=[2]) increased overlap from 0.9632777828184395 to 0.992503933910579
[2025-08-05 09:41:16,812][INFO] Adding CRY(0.0, wires=[3, 1])) increased overlap from 0.992503933910579 to 0.9940320010757014
[2025-08-05 09:41:18,380][INFO] Adding CRY(0.0, wires=[2, 1])) increased overlap from 0.9940320010757014 to 0.9951809520828331
[2025-08-05 09:41:34,891][INFO] Adding RY(0.0, wires=[2]) increased overlap from 0.9951809520828331 to 0.9999575492027278
[2025-08-05 09:41:53,312][INFO] Adding CRY(0.0, wires=[2, 3])) increased overlap from 0.9999575492027278 to 0.9999999999923812
[2025-08-05 09:42:09,129][INFO] Adding CRY(0.0, wires=[1, 3])) increased overlap from 0.9999999999923812 to 0.9999999999998916
[2025-08-05 09:42:09,129][INFO] gradient converged
[2025-08-05 09:42:09,130][INFO] Completed VQE run 8
[2025-08-05 09:42:09,130][INFO] Final ops list: [{'name': 'RY', 'param': -1.2667440635176725, 'wires': [3]}, {'name': 'CRY', 'param': -0.6522604728465374, 'wires': [3, 2]}, {'name': 'RY', 'param': -0.4128089225873475, 'wires': [1]}, {'name': 'RY', 'param': 2.029091175525159, 'wires': [2]}, {'name': 'CRY', 'param': 0.18805202162506204, 'wires': [3, 1]}, {'name': 'CRY', 'param': 0.2681687329544258, 'wires': [2, 1]}, {'name': 'RY', 'param': -1.7036408346906018, 'wires': [2]}, {'name': 'CRY', 'param': -0.06812422943409131, 'wires': [2, 3]}]
[2025-08-05 09:42:09,130][INFO] Energy: 0.88458044386706
