[2025-08-04 17:39:52,193][INFO] Starting VQE run 42 (seed=46311792)
[2025-08-04 17:39:52,257][INFO] Adding RY(0.0, wires=[3]) increased overlap from 0.0 to 0.9359356790493841
[2025-08-04 17:39:52,345][INFO] Adding CRY(0.0, wires=[3, 2])) increased overlap from 0.9359356790493841 to 0.958649318587575
[2025-08-04 17:39:52,484][INFO] Adding RY(0.0, wires=[1]) increased overlap from 0.958649318587575 to 0.9632777816855836
[2025-08-04 17:39:52,756][INFO] Adding RY(0.0, wires=[2]) increased overlap from 0.9632777816855836 to 0.9925039376508121
[2025-08-04 17:39:53,189][INFO] Adding CRY(0.0, wires=[3, 1])) increased overlap from 0.9925039376508121 to 0.9940320023602542
[2025-08-04 17:39:54,681][INFO] Adding CRY(0.0, wires=[2, 1])) increased overlap from 0.9940320023602542 to 0.9951809551255347
[2025-08-04 17:40:09,427][INFO] Adding RY(0.0, wires=[2]) increased overlap from 0.9951809551255347 to 0.9999998593014751
[2025-08-04 17:40:24,003][INFO] Adding CRY(0.0, wires=[2, 3])) increased overlap from 0.9999998593014751 to 0.9999999999999307
[2025-08-04 17:40:35,255][INFO] Adding CRY(0.0, wires=[1, 3])) increased overlap from 0.9999999999999307 to 0.9999999999999449
[2025-08-04 17:40:35,255][INFO] gradient converged
[2025-08-04 17:40:35,255][INFO] Completed VQE run 8
[2025-08-04 17:40:35,255][INFO] Final ops list: [{'name': 'RY', 'param': -1.2557869258207757, 'wires': [3]}, {'name': 'CRY', 'param': -0.5763611659656369, 'wires': [3, 2]}, {'name': 'RY', 'param': -0.19540472181308216, 'wires': [1]}, {'name': 'RY', 'param': -0.5391042696076093, 'wires': [2]}, {'name': 'CRY', 'param': 0.18644486942884325, 'wires': [3, 1]}, {'name': 'CRY', 'param': -0.3670218104222435, 'wires': [2, 1]}, {'name': 'RY', 'param': 0.9130339766913459, 'wires': [2]}, {'name': 'CRY', 'param': 0.4717346925486588, 'wires': [2, 3]}]
[2025-08-04 17:40:35,255][INFO] Energy: 0.8845804438667014
[2025-08-05 09:41:15,617][INFO] Starting VQE run 42 (seed=43454232)
[2025-08-05 09:41:15,700][INFO] Adding RY(0.0, wires=[3]) increased overlap from 0.0 to 0.9359356806082347
[2025-08-05 09:41:15,812][INFO] Adding CRY(0.0, wires=[3, 2])) increased overlap from 0.9359356806082347 to 0.9586493199288678
[2025-08-05 09:41:15,962][INFO] Adding RY(0.0, wires=[1]) increased overlap from 0.9586493199288678 to 0.9632777842245643
[2025-08-05 09:41:16,356][INFO] Adding RY(0.0, wires=[2]) increased overlap from 0.9632777842245643 to 0.9925039338010554
[2025-08-05 09:41:16,997][INFO] Adding CRY(0.0, wires=[3, 1])) increased overlap from 0.9925039338010554 to 0.9940320003200916
[2025-08-05 09:41:18,931][INFO] Adding CRY(0.0, wires=[2, 1])) increased overlap from 0.9940320003200916 to 0.995180951082062
[2025-08-05 09:41:35,380][INFO] Adding RY(0.0, wires=[2]) increased overlap from 0.995180951082062 to 0.9999704932485957
[2025-08-05 09:41:53,747][INFO] Adding CRY(0.0, wires=[2, 3])) had small change in overlap from 0.9999704932485957 to 0.9958945910651256
[2025-08-05 09:42:08,377][INFO] Adding CRY(0.0, wires=[1, 2])) increased overlap from 0.9958945910651256 to 0.9999999999999285
[2025-08-05 09:42:15,122][INFO] Adding RY(0.0, wires=[1]) increased overlap from 0.9999999999999285 to 0.9999999999999818
[2025-08-05 09:42:15,122][INFO] gradient converged
[2025-08-05 09:42:15,122][INFO] Completed VQE run 9
[2025-08-05 09:42:15,122][INFO] Final ops list: [{'name': 'RY', 'param': 7.583210657633675, 'wires': [3]}, {'name': 'CRY', 'param': 5.8800505952808, 'wires': [3, 2]}, {'name': 'RY', 'param': 6.474702533754277, 'wires': [1]}, {'name': 'RY', 'param': 4.327220447476297, 'wires': [2]}, {'name': 'CRY', 'param': -0.10292241594691942, 'wires': [3, 1]}, {'name': 'CRY', 'param': 6.370521818317486, 'wires': [2, 1]}, {'name': 'RY', 'param': 4.456660933763129, 'wires': [2]}, {'name': 'CRY', 'param': 3.680207962643481, 'wires': [2, 3]}, {'name': 'CRY', 'param': 5.334218181540897, 'wires': [1, 2]}]
[2025-08-05 09:42:15,122][INFO] Energy: 0.8845804438665078
