[2025-08-04 17:02:34,254][INFO] Starting VQE run 84 (seed=110686095)
[2025-08-04 17:02:34,304][INFO] Adding RY(0.0, wires=[0]) increased overlap from 0.0 to 1.0
[2025-08-04 17:02:34,344][INFO] Adding RY(0.0, wires=[1]) decreased overlap from 1.0 to 0.30600592864425624.. skipping this gate
[2025-08-04 17:02:34,344][INFO] gradient converged
[2025-08-04 17:02:34,344][INFO] Completed VQE run 1
[2025-08-04 17:02:34,344][INFO] Final ops list: [{'name': 'RY', 'param': -1.1402389598604828e-08, 'wires': [0]}]
[2025-08-04 17:02:34,344][INFO] Energy: -0.4374999999999997
[2025-08-05 09:37:11,632][INFO] Starting VQE run 84 (seed=32340643)
[2025-08-05 09:37:11,692][INFO] Adding RY(0.0, wires=[0]) increased overlap from 0.0 to 1.0
[2025-08-05 09:37:11,747][INFO] Adding RY(0.0, wires=[1]) decreased overlap from 1.0 to 0.8581902783191586.. skipping this gate
[2025-08-05 09:37:11,747][INFO] gradient converged
[2025-08-05 09:37:11,747][INFO] Completed VQE run 1
[2025-08-05 09:37:11,747][INFO] Final ops list: [{'name': 'RY', 'param': 9.467713723371999e-09, 'wires': [0]}]
[2025-08-05 09:37:11,747][INFO] Energy: -0.4374999999999997
[2025-08-05 09:38:33,316][INFO] Starting VQE run 84 (seed=72469026)
[2025-08-05 09:38:33,383][INFO] Adding RY(0.0, wires=[0]) increased overlap from 0.0 to 1.0
[2025-08-05 09:38:33,429][INFO] Adding RY(0.0, wires=[1]) had small change in overlap from 1.0 to 0.9999943952216609
[2025-08-05 09:38:33,429][INFO] gradient converged
[2025-08-05 09:38:33,429][INFO] Completed VQE run 1
[2025-08-05 09:38:33,429][INFO] Final ops list: [{'name': 'RY', 'param': 6.283185313915487, 'wires': [0]}]
[2025-08-05 09:38:33,429][INFO] Energy: -0.43749999999999983
[2025-08-05 09:40:39,229][INFO] Starting VQE run 84 (seed=56492208)
[2025-08-05 09:40:39,298][INFO] Adding RY(0.0, wires=[0]) increased overlap from 0.0 to 1.0
[2025-08-05 09:40:39,335][INFO] Adding RY(0.0, wires=[1]) decreased overlap from 1.0 to 0.9060224681802255.. skipping this gate
[2025-08-05 09:40:39,335][INFO] gradient converged
[2025-08-05 09:40:39,335][INFO] Completed VQE run 1
[2025-08-05 09:40:39,335][INFO] Final ops list: [{'name': 'RY', 'param': 6.7887430227142435e-09, 'wires': [0]}]
[2025-08-05 09:40:39,335][INFO] Energy: -0.4374999999999998
