[2025-08-04 17:02:34,206][INFO] Starting VQE run 0 (seed=31473636)
[2025-08-04 17:02:34,250][INFO] Adding RY(0.0, wires=[0]) increased overlap from 0.0 to 1.0
[2025-08-04 17:02:34,298][INFO] Adding RY(0.0, wires=[1]) decreased overlap from 1.0 to 0.04834047378798771.. skipping this gate
[2025-08-04 17:02:34,298][INFO] gradient converged
[2025-08-04 17:02:34,298][INFO] Completed VQE run 1
[2025-08-04 17:02:34,298][INFO] Final ops list: [{'name': 'RY', 'param': 6.283185302095756, 'wires': [0]}]
[2025-08-04 17:02:34,298][INFO] Energy: -0.4374999999999998
[2025-08-05 09:37:11,600][INFO] Starting VQE run 0 (seed=71572105)
[2025-08-05 09:37:11,650][INFO] Adding RY(0.0, wires=[0]) increased overlap from 0.0 to 1.0
[2025-08-05 09:37:11,693][INFO] Adding RY(0.0, wires=[1]) decreased overlap from 1.0 to 0.22814373466535412.. skipping this gate
[2025-08-05 09:37:11,693][INFO] gradient converged
[2025-08-05 09:37:11,694][INFO] Completed VQE run 1
[2025-08-05 09:37:11,694][INFO] Final ops list: [{'name': 'RY', 'param': -6.360812887430888e-09, 'wires': [0]}]
[2025-08-05 09:37:11,694][INFO] Energy: -0.4374999999999998
[2025-08-05 09:38:33,249][INFO] Starting VQE run 0 (seed=111693600)
[2025-08-05 09:38:33,295][INFO] Adding RY(0.0, wires=[0]) increased overlap from 0.0 to 1.0
[2025-08-05 09:38:33,336][INFO] Adding RY(0.0, wires=[1]) decreased overlap from 1.0 to 0.9525195717247459.. skipping this gate
[2025-08-05 09:38:33,336][INFO] gradient converged
[2025-08-05 09:38:33,337][INFO] Completed VQE run 1
[2025-08-05 09:38:33,337][INFO] Final ops list: [{'name': 'RY', 'param': -1.0012547085017605e-08, 'wires': [0]}]
[2025-08-05 09:38:33,337][INFO] Energy: -0.4374999999999997
[2025-08-05 09:40:39,191][INFO] Starting VQE run 0 (seed=95706198)
[2025-08-05 09:40:39,233][INFO] Adding RY(0.0, wires=[0]) increased overlap from 0.0 to 1.0
[2025-08-05 09:40:39,275][INFO] Adding RY(0.0, wires=[1]) decreased overlap from 1.0 to 0.7329410099980974.. skipping this gate
[2025-08-05 09:40:39,275][INFO] gradient converged
[2025-08-05 09:40:39,275][INFO] Completed VQE run 1
[2025-08-05 09:40:39,275][INFO] Final ops list: [{'name': 'RY', 'param': 6.283185301397056, 'wires': [0]}]
[2025-08-05 09:40:39,275][INFO] Energy: -0.4374999999999998
