[2025-08-04 17:02:34,242][INFO] Starting VQE run 64 (seed=85947091)
[2025-08-04 17:02:34,291][INFO] Adding RY(0.0, wires=[0]) increased overlap from 0.0 to 1.0
[2025-08-04 17:02:34,333][INFO] Adding RY(0.0, wires=[1]) decreased overlap from 1.0 to 0.17968913020565305.. skipping this gate
[2025-08-04 17:02:34,333][INFO] gradient converged
[2025-08-04 17:02:34,333][INFO] Completed VQE run 1
[2025-08-04 17:02:34,333][INFO] Final ops list: [{'name': 'RY', 'param': 6.283185312783129, 'wires': [0]}]
[2025-08-04 17:02:34,333][INFO] Energy: -0.4374999999999998
[2025-08-05 09:37:11,631][INFO] Starting VQE run 64 (seed=6408099)
[2025-08-05 09:37:11,718][INFO] Adding RY(0.0, wires=[0]) increased overlap from 0.0 to 1.0
[2025-08-05 09:37:11,770][INFO] Adding RY(0.0, wires=[1]) decreased overlap from 1.0 to 0.9735068360246478.. skipping this gate
[2025-08-05 09:37:11,770][INFO] gradient converged
[2025-08-05 09:37:11,770][INFO] Completed VQE run 1
[2025-08-05 09:37:11,770][INFO] Final ops list: [{'name': 'RY', 'param': -1.0617816247873151e-08, 'wires': [0]}]
[2025-08-05 09:37:11,770][INFO] Energy: -0.4374999999999997
[2025-08-05 09:38:33,269][INFO] Starting VQE run 64 (seed=46534842)
[2025-08-05 09:38:33,316][INFO] Adding RY(0.0, wires=[0]) increased overlap from 0.0 to 1.0
[2025-08-05 09:38:33,363][INFO] Adding RY(0.0, wires=[1]) decreased overlap from 1.0 to 0.8611957668315221.. skipping this gate
[2025-08-05 09:38:33,363][INFO] gradient converged
[2025-08-05 09:38:33,363][INFO] Completed VQE run 1
[2025-08-05 09:38:33,363][INFO] Final ops list: [{'name': 'RY', 'param': 6.283185318907936, 'wires': [0]}]
[2025-08-05 09:38:33,363][INFO] Energy: -0.4374999999999997
[2025-08-05 09:40:39,211][INFO] Starting VQE run 64 (seed=30555504)
[2025-08-05 09:40:39,258][INFO] Adding RY(0.0, wires=[0]) increased overlap from 0.0 to 1.0
[2025-08-05 09:40:39,298][INFO] Adding RY(0.0, wires=[1]) decreased overlap from 1.0 to 0.019392095595060846.. skipping this gate
[2025-08-05 09:40:39,298][INFO] gradient converged
[2025-08-05 09:40:39,298][INFO] Completed VQE run 1
[2025-08-05 09:40:39,298][INFO] Final ops list: [{'name': 'RY', 'param': 6.283185310655533, 'wires': [0]}]
[2025-08-05 09:40:39,298][INFO] Energy: -0.4374999999999998
