[2025-08-04 17:02:34,254][INFO] Starting VQE run 81 (seed=32901171)
[2025-08-04 17:02:34,301][INFO] Adding RY(0.0, wires=[0]) increased overlap from 0.0 to 1.0
[2025-08-04 17:02:34,341][INFO] Adding RY(0.0, wires=[1]) decreased overlap from 1.0 to 0.6428291131760207.. skipping this gate
[2025-08-04 17:02:34,341][INFO] gradient converged
[2025-08-04 17:02:34,341][INFO] Completed VQE run 1
[2025-08-04 17:02:34,341][INFO] Final ops list: [{'name': 'RY', 'param': 3.007058168546825e-09, 'wires': [0]}]
[2025-08-04 17:02:34,341][INFO] Energy: -0.4374999999999998
[2025-08-05 09:37:11,643][INFO] Starting VQE run 81 (seed=77833477)
[2025-08-05 09:37:11,727][INFO] Adding RY(0.0, wires=[0]) increased overlap from 0.0 to 1.0
[2025-08-05 09:37:11,765][INFO] Adding RY(0.0, wires=[1]) decreased overlap from 1.0 to 0.7448832235574396.. skipping this gate
[2025-08-05 09:37:11,765][INFO] gradient converged
[2025-08-05 09:37:11,765][INFO] Completed VQE run 1
[2025-08-05 09:37:11,765][INFO] Final ops list: [{'name': 'RY', 'param': -4.479274911204992e-09, 'wires': [0]}]
[2025-08-05 09:37:11,765][INFO] Energy: -0.4374999999999998
[2025-08-05 09:38:33,330][INFO] Starting VQE run 81 (seed=117961614)
[2025-08-05 09:38:33,372][INFO] Adding RY(0.0, wires=[0]) increased overlap from 0.0 to 1.0
[2025-08-05 09:38:33,410][INFO] Adding RY(0.0, wires=[1]) decreased overlap from 1.0 to 0.004388819306567118.. skipping this gate
[2025-08-05 09:38:33,410][INFO] gradient converged
[2025-08-05 09:38:33,410][INFO] Completed VQE run 1
[2025-08-05 09:38:33,410][INFO] Final ops list: [{'name': 'RY', 'param': 6.283185296401052, 'wires': [0]}]
[2025-08-05 09:38:33,410][INFO] Energy: -0.4374999999999997
[2025-08-05 09:40:39,229][INFO] Starting VQE run 81 (seed=101984418)
[2025-08-05 09:40:39,306][INFO] Adding RY(0.0, wires=[0]) increased overlap from 0.0 to 1.0
[2025-08-05 09:40:39,348][INFO] Adding RY(0.0, wires=[1]) decreased overlap from 1.0 to 0.5100459873454212.. skipping this gate
[2025-08-05 09:40:39,348][INFO] gradient converged
[2025-08-05 09:40:39,348][INFO] Completed VQE run 1
[2025-08-05 09:40:39,349][INFO] Final ops list: [{'name': 'RY', 'param': -9.055978755203567e-09, 'wires': [0]}]
[2025-08-05 09:40:39,349][INFO] Energy: -0.4374999999999997
