[2025-08-04 17:02:34,228][INFO] Starting VQE run 39 (seed=55023336)
[2025-08-04 17:02:34,274][INFO] Adding RY(0.0, wires=[0]) increased overlap from 0.0 to 1.0
[2025-08-04 17:02:34,320][INFO] Adding RY(0.0, wires=[1]) decreased overlap from 1.0 to 0.0320344539262691.. skipping this gate
[2025-08-04 17:02:34,320][INFO] gradient converged
[2025-08-04 17:02:34,320][INFO] Completed VQE run 1
[2025-08-04 17:02:34,320][INFO] Final ops list: [{'name': 'RY', 'param': -8.136771822411222e-09, 'wires': [0]}]
[2025-08-04 17:02:34,320][INFO] Energy: -0.4374999999999997
[2025-08-05 09:37:11,620][INFO] Starting VQE run 39 (seed=97449208)
[2025-08-05 09:37:11,668][INFO] Adding RY(0.0, wires=[0]) increased overlap from 0.0 to 1.0
[2025-08-05 09:37:11,710][INFO] Adding RY(0.0, wires=[1]) decreased overlap from 1.0 to 0.06314040518844763.. skipping this gate
[2025-08-05 09:37:11,710][INFO] gradient converged
[2025-08-05 09:37:11,710][INFO] Completed VQE run 1
[2025-08-05 09:37:11,710][INFO] Final ops list: [{'name': 'RY', 'param': 5.514136915511471e-09, 'wires': [0]}]
[2025-08-05 09:37:11,710][INFO] Energy: -0.4374999999999998
[2025-08-05 09:38:33,260][INFO] Starting VQE run 39 (seed=14117112)
[2025-08-05 09:38:33,313][INFO] Adding RY(0.0, wires=[0]) increased overlap from 0.0 to 1.0
[2025-08-05 09:38:33,362][INFO] Adding RY(0.0, wires=[1]) decreased overlap from 1.0 to 0.35094898493284116.. skipping this gate
[2025-08-05 09:38:33,362][INFO] gradient converged
[2025-08-05 09:38:33,362][INFO] Completed VQE run 1
[2025-08-05 09:38:33,362][INFO] Final ops list: [{'name': 'RY', 'param': 9.024735351448341e-09, 'wires': [0]}]
[2025-08-05 09:38:33,362][INFO] Energy: -0.4374999999999997
[2025-08-05 09:40:39,200][INFO] Starting VQE run 39 (seed=121591413)
[2025-08-05 09:40:39,249][INFO] Adding RY(0.0, wires=[0]) increased overlap from 0.0 to 1.0
[2025-08-05 09:40:39,289][INFO] Adding RY(0.0, wires=[1]) decreased overlap from 1.0 to 0.0646869872415612.. skipping this gate
[2025-08-05 09:40:39,289][INFO] gradient converged
[2025-08-05 09:40:39,290][INFO] Completed VQE run 1
[2025-08-05 09:40:39,290][INFO] Final ops list: [{'name': 'RY', 'param': 6.394859416427574e-09, 'wires': [0]}]
[2025-08-05 09:40:39,290][INFO] Energy: -0.4374999999999998
