[2025-08-04 17:02:34,240][INFO] Starting VQE run 61 (seed=8162167)
[2025-08-04 17:02:34,289][INFO] Adding RY(0.0, wires=[0]) increased overlap from 0.0 to 1.0
[2025-08-04 17:02:34,332][INFO] Adding RY(0.0, wires=[1]) decreased overlap from 1.0 to 0.03568230138122205.. skipping this gate
[2025-08-04 17:02:34,332][INFO] gradient converged
[2025-08-04 17:02:34,332][INFO] Completed VQE run 1
[2025-08-04 17:02:34,332][INFO] Final ops list: [{'name': 'RY', 'param': 6.28318529890568, 'wires': [0]}]
[2025-08-04 17:02:34,332][INFO] Energy: -0.4374999999999997
[2025-08-05 09:37:11,628][INFO] Starting VQE run 61 (seed=51900933)
[2025-08-05 09:37:11,685][INFO] Adding RY(0.0, wires=[0]) increased overlap from 0.0 to 1.0
[2025-08-05 09:37:11,739][INFO] Adding RY(0.0, wires=[1]) decreased overlap from 1.0 to 0.04451353487275845.. skipping this gate
[2025-08-05 09:37:11,740][INFO] gradient converged
[2025-08-05 09:37:11,740][INFO] Completed VQE run 1
[2025-08-05 09:37:11,740][INFO] Final ops list: [{'name': 'RY', 'param': 6.283185304348781, 'wires': [0]}]
[2025-08-05 09:37:11,740][INFO] Energy: -0.4374999999999998
[2025-08-05 09:38:33,262][INFO] Starting VQE run 61 (seed=92027430)
[2025-08-05 09:38:33,310][INFO] Adding RY(0.0, wires=[0]) increased overlap from 0.0 to 1.0
[2025-08-05 09:38:33,355][INFO] Adding RY(0.0, wires=[1]) decreased overlap from 1.0 to 0.5950491890154392.. skipping this gate
[2025-08-05 09:38:33,355][INFO] gradient converged
[2025-08-05 09:38:33,355][INFO] Completed VQE run 1
[2025-08-05 09:38:33,355][INFO] Final ops list: [{'name': 'RY', 'param': 6.283185311499177, 'wires': [0]}]
[2025-08-05 09:38:33,355][INFO] Energy: -0.4374999999999998
[2025-08-05 09:40:39,207][INFO] Starting VQE run 61 (seed=76047714)
[2025-08-05 09:40:39,260][INFO] Adding RY(0.0, wires=[0]) increased overlap from 0.0 to 1.0
[2025-08-05 09:40:39,307][INFO] Adding RY(0.0, wires=[1]) decreased overlap from 1.0 to 0.5719735974143321.. skipping this gate
[2025-08-05 09:40:39,307][INFO] gradient converged
[2025-08-05 09:40:39,307][INFO] Completed VQE run 1
[2025-08-05 09:40:39,307][INFO] Final ops list: [{'name': 'RY', 'param': 6.283185296883869, 'wires': [0]}]
[2025-08-05 09:40:39,307][INFO] Energy: -0.4374999999999997
