[2025-08-04 17:02:34,220][INFO] Starting VQE run 21 (seed=82140948)
[2025-08-04 17:02:34,265][INFO] Adding RY(0.0, wires=[0]) increased overlap from 0.0 to 1.0
[2025-08-04 17:02:34,313][INFO] Adding RY(0.0, wires=[1]) decreased overlap from 1.0 to 0.09085762704392727.. skipping this gate
[2025-08-04 17:02:34,313][INFO] gradient converged
[2025-08-04 17:02:34,313][INFO] Completed VQE run 1
[2025-08-04 17:02:34,313][INFO] Final ops list: [{'name': 'RY', 'param': 6.283185315446118, 'wires': [0]}]
[2025-08-04 17:02:34,313][INFO] Energy: -0.4374999999999997
[2025-08-05 09:37:11,603][INFO] Starting VQE run 21 (seed=35845)
[2025-08-05 09:37:11,648][INFO] Adding RY(0.0, wires=[0]) increased overlap from 0.0 to 1.0
[2025-08-05 09:37:11,704][INFO] Adding RY(0.0, wires=[1]) decreased overlap from 1.0 to 0.5991893558827571.. skipping this gate
[2025-08-05 09:37:11,704][INFO] gradient converged
[2025-08-05 09:37:11,704][INFO] Completed VQE run 1
[2025-08-05 09:37:11,704][INFO] Final ops list: [{'name': 'RY', 'param': 6.283185311068527, 'wires': [0]}]
[2025-08-05 09:37:11,704][INFO] Energy: -0.4374999999999998
[2025-08-05 09:38:33,254][INFO] Starting VQE run 21 (seed=40159062)
[2025-08-05 09:38:33,302][INFO] Adding RY(0.0, wires=[0]) increased overlap from 0.0 to 1.0
[2025-08-05 09:38:33,343][INFO] Adding RY(0.0, wires=[1]) decreased overlap from 1.0 to 0.9884467574169097.. skipping this gate
[2025-08-05 09:38:33,343][INFO] gradient converged
[2025-08-05 09:38:33,343][INFO] Completed VQE run 1
[2025-08-05 09:38:33,343][INFO] Final ops list: [{'name': 'RY', 'param': 6.283185313857292, 'wires': [0]}]
[2025-08-05 09:38:33,343][INFO] Energy: -0.4374999999999998
[2025-08-05 09:40:39,196][INFO] Starting VQE run 21 (seed=24174306)
[2025-08-05 09:40:39,244][INFO] Adding RY(0.0, wires=[0]) increased overlap from 0.0 to 1.0
[2025-08-05 09:40:39,292][INFO] Adding RY(0.0, wires=[1]) had small change in overlap from 1.0 to 0.9995420897078536
[2025-08-05 09:40:39,292][INFO] gradient converged
[2025-08-05 09:40:39,292][INFO] Completed VQE run 1
[2025-08-05 09:40:39,292][INFO] Final ops list: [{'name': 'RY', 'param': 6.283185314802143, 'wires': [0]}]
[2025-08-05 09:40:39,292][INFO] Energy: -0.4374999999999997
