[2025-08-04 17:02:34,226][INFO] Starting VQE run 34 (seed=48838585)
[2025-08-04 17:02:34,274][INFO] Adding RY(0.0, wires=[0]) increased overlap from 0.0 to 1.0
[2025-08-04 17:02:34,321][INFO] Adding RY(0.0, wires=[1]) decreased overlap from 1.0 to 0.9565778334870609.. skipping this gate
[2025-08-04 17:02:34,321][INFO] gradient converged
[2025-08-04 17:02:34,321][INFO] Completed VQE run 1
[2025-08-04 17:02:34,321][INFO] Final ops list: [{'name': 'RY', 'param': 7.839536589240363e-09, 'wires': [0]}]
[2025-08-04 17:02:34,321][INFO] Energy: -0.4374999999999997
[2025-08-05 09:37:11,605][INFO] Starting VQE run 34 (seed=90966072)
[2025-08-05 09:37:11,651][INFO] Adding RY(0.0, wires=[0]) increased overlap from 0.0 to 1.0
[2025-08-05 09:37:11,695][INFO] Adding RY(0.0, wires=[1]) decreased overlap from 1.0 to 0.554279193995456.. skipping this gate
[2025-08-05 09:37:11,695][INFO] gradient converged
[2025-08-05 09:37:11,696][INFO] Completed VQE run 1
[2025-08-05 09:37:11,696][INFO] Final ops list: [{'name': 'RY', 'param': 6.283185317272284, 'wires': [0]}]
[2025-08-05 09:37:11,696][INFO] Energy: -0.4374999999999997
[2025-08-05 09:38:33,257][INFO] Starting VQE run 34 (seed=7633566)
[2025-08-05 09:38:33,305][INFO] Adding RY(0.0, wires=[0]) increased overlap from 0.0 to 1.0
[2025-08-05 09:38:33,346][INFO] Adding RY(0.0, wires=[1]) decreased overlap from 1.0 to 0.7054361331849367.. skipping this gate
[2025-08-05 09:38:33,346][INFO] gradient converged
[2025-08-05 09:38:33,346][INFO] Completed VQE run 1
[2025-08-05 09:38:33,346][INFO] Final ops list: [{'name': 'RY', 'param': 6.283185318397056, 'wires': [0]}]
[2025-08-05 09:38:33,346][INFO] Energy: -0.4374999999999997
[2025-08-05 09:40:39,197][INFO] Starting VQE run 34 (seed=115107237)
[2025-08-05 09:40:39,243][INFO] Adding RY(0.0, wires=[0]) increased overlap from 0.0 to 1.0
[2025-08-05 09:40:39,283][INFO] Adding RY(0.0, wires=[1]) decreased overlap from 1.0 to 0.3853129737521658.. skipping this gate
[2025-08-05 09:40:39,283][INFO] gradient converged
[2025-08-05 09:40:39,283][INFO] Completed VQE run 1
[2025-08-05 09:40:39,283][INFO] Final ops list: [{'name': 'RY', 'param': 6.283185304502891, 'wires': [0]}]
[2025-08-05 09:40:39,283][INFO] Energy: -0.4374999999999998
