[2025-08-04 17:02:34,233][INFO] Starting VQE run 48 (seed=41464530)
[2025-08-04 17:02:34,286][INFO] Adding RY(0.0, wires=[0]) increased overlap from 0.0 to 1.0
[2025-08-04 17:02:34,329][INFO] Adding RY(0.0, wires=[1]) decreased overlap from 1.0 to 0.021621107546717623.. skipping this gate
[2025-08-04 17:02:34,329][INFO] gradient converged
[2025-08-04 17:02:34,329][INFO] Completed VQE run 1
[2025-08-04 17:02:34,329][INFO] Final ops list: [{'name': 'RY', 'param': 6.199129209906364e-09, 'wires': [0]}]
[2025-08-04 17:02:34,329][INFO] Energy: -0.4374999999999998
[2025-08-05 09:37:11,627][INFO] Starting VQE run 48 (seed=84427495)
[2025-08-05 09:37:11,719][INFO] Adding RY(0.0, wires=[0]) increased overlap from 0.0 to 1.0
[2025-08-05 09:37:11,771][INFO] Adding RY(0.0, wires=[1]) decreased overlap from 1.0 to 0.32939458125836746.. skipping this gate
[2025-08-05 09:37:11,771][INFO] gradient converged
[2025-08-05 09:37:11,771][INFO] Completed VQE run 1
[2025-08-05 09:37:11,771][INFO] Final ops list: [{'name': 'RY', 'param': 6.283185297884384, 'wires': [0]}]
[2025-08-05 09:37:11,771][INFO] Energy: -0.4374999999999997
[2025-08-05 09:38:33,264][INFO] Starting VQE run 48 (seed=1096137)
[2025-08-05 09:38:33,315][INFO] Adding RY(0.0, wires=[0]) increased overlap from 0.0 to 1.0
[2025-08-05 09:38:33,366][INFO] Adding RY(0.0, wires=[1]) decreased overlap from 1.0 to 0.09772803975603293.. skipping this gate
[2025-08-05 09:38:33,366][INFO] gradient converged
[2025-08-05 09:38:33,366][INFO] Completed VQE run 1
[2025-08-05 09:38:33,366][INFO] Final ops list: [{'name': 'RY', 'param': 8.683757330020933e-09, 'wires': [0]}]
[2025-08-05 09:38:33,366][INFO] Energy: -0.4374999999999997
[2025-08-05 09:40:39,204][INFO] Starting VQE run 48 (seed=108571572)
[2025-08-05 09:40:39,255][INFO] Adding RY(0.0, wires=[0]) increased overlap from 0.0 to 1.0
[2025-08-05 09:40:39,302][INFO] Adding RY(0.0, wires=[1]) decreased overlap from 1.0 to 0.9873539269071132.. skipping this gate
[2025-08-05 09:40:39,302][INFO] gradient converged
[2025-08-05 09:40:39,302][INFO] Completed VQE run 1
[2025-08-05 09:40:39,302][INFO] Final ops list: [{'name': 'RY', 'param': 6.283185312810374, 'wires': [0]}]
[2025-08-05 09:40:39,302][INFO] Energy: -0.4374999999999998
