[2025-08-04 17:02:34,210][INFO] Starting VQE run 5 (seed=37658387)
[2025-08-04 17:02:34,254][INFO] Adding RY(0.0, wires=[0]) increased overlap from 0.0 to 1.0
[2025-08-04 17:02:34,302][INFO] Adding RY(0.0, wires=[1]) decreased overlap from 1.0 to 0.9576307189293247.. skipping this gate
[2025-08-04 17:02:34,302][INFO] gradient converged
[2025-08-04 17:02:34,302][INFO] Completed VQE run 1
[2025-08-04 17:02:34,302][INFO] Final ops list: [{'name': 'RY', 'param': 6.2831853017713755, 'wires': [0]}]
[2025-08-04 17:02:34,302][INFO] Energy: -0.4374999999999998
[2025-08-05 09:37:11,602][INFO] Starting VQE run 5 (seed=78055241)
[2025-08-05 09:37:11,651][INFO] Adding RY(0.0, wires=[0]) increased overlap from 0.0 to 1.0
[2025-08-05 09:37:11,694][INFO] Adding RY(0.0, wires=[1]) decreased overlap from 1.0 to 0.9699166077124391.. skipping this gate
[2025-08-05 09:37:11,694][INFO] gradient converged
[2025-08-05 09:37:11,694][INFO] Completed VQE run 1
[2025-08-05 09:37:11,694][INFO] Final ops list: [{'name': 'RY', 'param': 6.283185318814462, 'wires': [0]}]
[2025-08-05 09:37:11,694][INFO] Energy: -0.4374999999999997
[2025-08-05 09:38:33,250][INFO] Starting VQE run 5 (seed=118177146)
[2025-08-05 09:38:33,297][INFO] Adding RY(0.0, wires=[0]) increased overlap from 0.0 to 1.0
[2025-08-05 09:38:33,338][INFO] Adding RY(0.0, wires=[1]) decreased overlap from 1.0 to 0.5758085260251575.. skipping this gate
[2025-08-05 09:38:33,338][INFO] gradient converged
[2025-08-05 09:38:33,338][INFO] Completed VQE run 1
[2025-08-05 09:38:33,339][INFO] Final ops list: [{'name': 'RY', 'param': 6.283185294929091, 'wires': [0]}]
[2025-08-05 09:38:33,339][INFO] Energy: -0.4374999999999997
[2025-08-05 09:40:39,192][INFO] Starting VQE run 5 (seed=102190374)
[2025-08-05 09:40:39,234][INFO] Adding RY(0.0, wires=[0]) increased overlap from 0.0 to 1.0
[2025-08-05 09:40:39,275][INFO] Adding RY(0.0, wires=[1]) decreased overlap from 1.0 to 0.9377282995655889.. skipping this gate
[2025-08-05 09:40:39,275][INFO] gradient converged
[2025-08-05 09:40:39,275][INFO] Completed VQE run 1
[2025-08-05 09:40:39,275][INFO] Final ops list: [{'name': 'RY', 'param': 6.283185296790732, 'wires': [0]}]
[2025-08-05 09:40:39,275][INFO] Energy: -0.4374999999999997
