[2025-08-04 17:02:34,210][INFO] Starting VQE run 40 (seed=80951644)
[2025-08-04 17:02:34,256][INFO] Adding RY(0.0, wires=[0]) increased overlap from 0.0 to 1.0
[2025-08-04 17:02:34,304][INFO] Adding RY(0.0, wires=[1]) decreased overlap from 1.0 to 0.13627182575542413.. skipping this gate
[2025-08-04 17:02:34,304][INFO] gradient converged
[2025-08-04 17:02:34,304][INFO] Completed VQE run 1
[2025-08-04 17:02:34,304][INFO] Final ops list: [{'name': 'RY', 'param': -1.017359647053182e-08, 'wires': [0]}]
[2025-08-04 17:02:34,304][INFO] Energy: -0.4374999999999997
[2025-08-05 09:37:11,606][INFO] Starting VQE run 40 (seed=123437193)
[2025-08-05 09:37:11,648][INFO] Adding RY(0.0, wires=[0]) increased overlap from 0.0 to 1.0
[2025-08-05 09:37:11,692][INFO] Adding RY(0.0, wires=[1]) decreased overlap from 1.0 to 0.4613579208741488.. skipping this gate
[2025-08-05 09:37:11,692][INFO] gradient converged
[2025-08-05 09:37:11,692][INFO] Completed VQE run 1
[2025-08-05 09:37:11,692][INFO] Final ops list: [{'name': 'RY', 'param': -4.687909515557181e-09, 'wires': [0]}]
[2025-08-05 09:37:11,692][INFO] Energy: -0.4374999999999998
[2025-08-05 09:38:33,260][INFO] Starting VQE run 40 (seed=40105179)
[2025-08-05 09:38:33,306][INFO] Adding RY(0.0, wires=[0]) increased overlap from 0.0 to 1.0
[2025-08-05 09:38:33,346][INFO] Adding RY(0.0, wires=[1]) decreased overlap from 1.0 to 0.9477833755206689.. skipping this gate
[2025-08-05 09:38:33,346][INFO] gradient converged
[2025-08-05 09:38:33,346][INFO] Completed VQE run 1
[2025-08-05 09:38:33,346][INFO] Final ops list: [{'name': 'RY', 'param': 7.2929773904561925e-09, 'wires': [0]}]
[2025-08-05 09:38:33,346][INFO] Energy: -0.4374999999999998
[2025-08-05 09:40:39,200][INFO] Starting VQE run 40 (seed=24122817)
[2025-08-05 09:40:39,249][INFO] Adding RY(0.0, wires=[0]) increased overlap from 0.0 to 1.0
[2025-08-05 09:40:39,290][INFO] Adding RY(0.0, wires=[1]) decreased overlap from 1.0 to 0.9531897462344622.. skipping this gate
[2025-08-05 09:40:39,290][INFO] gradient converged
[2025-08-05 09:40:39,290][INFO] Completed VQE run 1
[2025-08-05 09:40:39,290][INFO] Final ops list: [{'name': 'RY', 'param': -8.369364272978717e-09, 'wires': [0]}]
[2025-08-05 09:40:39,290][INFO] Energy: -0.4374999999999997
