[2025-08-04 17:02:34,222][INFO] Starting VQE run 26 (seed=88325699)
[2025-08-04 17:02:34,267][INFO] Adding RY(0.0, wires=[0]) increased overlap from 0.0 to 1.0
[2025-08-04 17:02:34,314][INFO] Adding RY(0.0, wires=[1]) decreased overlap from 1.0 to 0.0022812492205529717.. skipping this gate
[2025-08-04 17:02:34,314][INFO] gradient converged
[2025-08-04 17:02:34,314][INFO] Completed VQE run 1
[2025-08-04 17:02:34,314][INFO] Final ops list: [{'name': 'RY', 'param': 2.809272552609628e-09, 'wires': [0]}]
[2025-08-04 17:02:34,314][INFO] Energy: -0.4374999999999998
[2025-08-05 09:37:11,618][INFO] Starting VQE run 26 (seed=6518981)
[2025-08-05 09:37:11,666][INFO] Adding RY(0.0, wires=[0]) increased overlap from 0.0 to 1.0
[2025-08-05 09:37:11,707][INFO] Adding RY(0.0, wires=[1]) decreased overlap from 1.0 to 0.4032430629040381.. skipping this gate
[2025-08-05 09:37:11,707][INFO] gradient converged
[2025-08-05 09:37:11,707][INFO] Completed VQE run 1
[2025-08-05 09:37:11,707][INFO] Final ops list: [{'name': 'RY', 'param': 6.2831853025065705, 'wires': [0]}]
[2025-08-05 09:37:11,707][INFO] Energy: -0.4374999999999998
[2025-08-05 09:38:33,255][INFO] Starting VQE run 26 (seed=46642608)
[2025-08-05 09:38:33,303][INFO] Adding RY(0.0, wires=[0]) increased overlap from 0.0 to 1.0
[2025-08-05 09:38:33,343][INFO] Adding RY(0.0, wires=[1]) decreased overlap from 1.0 to 0.7715162797609584.. skipping this gate
[2025-08-05 09:38:33,343][INFO] gradient converged
[2025-08-05 09:38:33,343][INFO] Completed VQE run 1
[2025-08-05 09:38:33,343][INFO] Final ops list: [{'name': 'RY', 'param': 6.283185313767387, 'wires': [0]}]
[2025-08-05 09:38:33,343][INFO] Energy: -0.4374999999999998
[2025-08-05 09:40:39,198][INFO] Starting VQE run 26 (seed=30658482)
[2025-08-05 09:40:39,247][INFO] Adding RY(0.0, wires=[0]) increased overlap from 0.0 to 1.0
[2025-08-05 09:40:39,288][INFO] Adding RY(0.0, wires=[1]) had small change in overlap from 1.0 to 0.9920707998166544
[2025-08-05 09:40:39,288][INFO] gradient converged
[2025-08-05 09:40:39,288][INFO] Completed VQE run 1
[2025-08-05 09:40:39,288][INFO] Final ops list: [{'name': 'RY', 'param': 6.283185301725646, 'wires': [0]}]
[2025-08-05 09:40:39,288][INFO] Energy: -0.43749999999999983
