[2025-08-04 17:02:34,223][INFO] Starting VQE run 28 (seed=16725526)
[2025-08-04 17:02:34,267][INFO] Adding RY(0.0, wires=[0]) increased overlap from 0.0 to 1.0
[2025-08-04 17:02:34,314][INFO] Adding RY(0.0, wires=[1]) decreased overlap from 1.0 to 0.9789053033985287.. skipping this gate
[2025-08-04 17:02:34,314][INFO] gradient converged
[2025-08-04 17:02:34,314][INFO] Completed VQE run 1
[2025-08-04 17:02:34,314][INFO] Final ops list: [{'name': 'RY', 'param': 6.283185296091922, 'wires': [0]}]
[2025-08-04 17:02:34,314][INFO] Energy: -0.4374999999999997
[2025-08-05 09:37:11,619][INFO] Starting VQE run 28 (seed=58494951)
[2025-08-05 09:37:11,667][INFO] Adding RY(0.0, wires=[0]) increased overlap from 0.0 to 1.0
[2025-08-05 09:37:11,708][INFO] Adding RY(0.0, wires=[1]) decreased overlap from 1.0 to 0.674071014194652.. skipping this gate
[2025-08-05 09:37:11,708][INFO] gradient converged
[2025-08-05 09:37:11,708][INFO] Completed VQE run 1
[2025-08-05 09:37:11,708][INFO] Final ops list: [{'name': 'RY', 'param': 6.283185318118867, 'wires': [0]}]
[2025-08-05 09:37:11,708][INFO] Energy: -0.4374999999999997
[2025-08-05 09:38:33,256][INFO] Starting VQE run 28 (seed=98618742)
[2025-08-05 09:38:33,309][INFO] Adding RY(0.0, wires=[0]) increased overlap from 0.0 to 1.0
[2025-08-05 09:38:33,350][INFO] Adding RY(0.0, wires=[1]) had small change in overlap from 1.0 to 0.9976828921770836
[2025-08-05 09:38:33,350][INFO] gradient converged
[2025-08-05 09:38:33,350][INFO] Completed VQE run 1
[2025-08-05 09:38:33,350][INFO] Final ops list: [{'name': 'RY', 'param': 6.283185300343153, 'wires': [0]}]
[2025-08-05 09:38:33,350][INFO] Energy: -0.43749999999999983
[2025-08-05 09:40:39,198][INFO] Starting VQE run 28 (seed=82634868)
[2025-08-05 09:40:39,245][INFO] Adding RY(0.0, wires=[0]) increased overlap from 0.0 to 1.0
[2025-08-05 09:40:39,285][INFO] Adding RY(0.0, wires=[1]) decreased overlap from 1.0 to 0.9456271029585055.. skipping this gate
[2025-08-05 09:40:39,285][INFO] gradient converged
[2025-08-05 09:40:39,285][INFO] Completed VQE run 1
[2025-08-05 09:40:39,285][INFO] Final ops list: [{'name': 'RY', 'param': 6.283185301950983, 'wires': [0]}]
[2025-08-05 09:40:39,285][INFO] Energy: -0.4374999999999998
