[2025-08-04 17:02:34,263][INFO] Starting VQE run 98 (seed=103312040)
[2025-08-04 17:02:34,318][INFO] Adding RY(0.0, wires=[0]) increased overlap from 0.0 to 1.0
[2025-08-04 17:02:34,356][INFO] Adding RY(0.0, wires=[1]) decreased overlap from 1.0 to 0.4981366919024309.. skipping this gate
[2025-08-04 17:02:34,356][INFO] gradient converged
[2025-08-04 17:02:34,356][INFO] Completed VQE run 1
[2025-08-04 17:02:34,356][INFO] Final ops list: [{'name': 'RY', 'param': -1.0672678163185125e-08, 'wires': [0]}]
[2025-08-04 17:02:34,356][INFO] Energy: -0.4374999999999997
[2025-08-05 09:37:11,630][INFO] Starting VQE run 98 (seed=25802066)
[2025-08-05 09:37:11,689][INFO] Adding RY(0.0, wires=[0]) increased overlap from 0.0 to 1.0
[2025-08-05 09:37:11,744][INFO] Adding RY(0.0, wires=[1]) decreased overlap from 1.0 to 0.6558732493917359.. skipping this gate
[2025-08-05 09:37:11,744][INFO] gradient converged
[2025-08-05 09:37:11,744][INFO] Completed VQE run 1
[2025-08-05 09:37:11,744][INFO] Final ops list: [{'name': 'RY', 'param': -1.1294164169985948e-08, 'wires': [0]}]
[2025-08-05 09:37:11,744][INFO] Energy: -0.4374999999999997
[2025-08-05 09:38:33,343][INFO] Starting VQE run 98 (seed=65931597)
[2025-08-05 09:38:33,383][INFO] Adding RY(0.0, wires=[0]) increased overlap from 0.0 to 1.0
[2025-08-05 09:38:33,420][INFO] Adding RY(0.0, wires=[1]) decreased overlap from 1.0 to 0.2389688167492572.. skipping this gate
[2025-08-05 09:38:33,420][INFO] gradient converged
[2025-08-05 09:38:33,420][INFO] Completed VQE run 1
[2025-08-05 09:38:33,420][INFO] Final ops list: [{'name': 'RY', 'param': 6.28318529799029, 'wires': [0]}]
[2025-08-05 09:38:33,420][INFO] Energy: -0.4374999999999997
[2025-08-05 09:40:39,268][INFO] Starting VQE run 98 (seed=49956543)
[2025-08-05 09:40:39,315][INFO] Adding RY(0.0, wires=[0]) increased overlap from 0.0 to 1.0
[2025-08-05 09:40:39,352][INFO] Adding RY(0.0, wires=[1]) decreased overlap from 1.0 to 0.21455242732803015.. skipping this gate
[2025-08-05 09:40:39,352][INFO] gradient converged
[2025-08-05 09:40:39,352][INFO] Completed VQE run 1
[2025-08-05 09:40:39,352][INFO] Final ops list: [{'name': 'RY', 'param': 6.283185295396328, 'wires': [0]}]
[2025-08-05 09:40:39,352][INFO] Energy: -0.4374999999999997
