[2025-08-04 17:02:34,210][INFO] Starting VQE run 1 (seed=57401944)
[2025-08-04 17:02:34,254][INFO] Adding RY(0.0, wires=[0]) increased overlap from 0.0 to 1.0
[2025-08-04 17:02:34,301][INFO] Adding RY(0.0, wires=[1]) decreased overlap from 1.0 to 0.6971628864035153.. skipping this gate
[2025-08-04 17:02:34,302][INFO] gradient converged
[2025-08-04 17:02:34,302][INFO] Completed VQE run 1
[2025-08-04 17:02:34,302][INFO] Final ops list: [{'name': 'RY', 'param': 1.2512107805688049e-08, 'wires': [0]}]
[2025-08-04 17:02:34,302][INFO] Energy: -0.4374999999999997
[2025-08-05 09:37:11,601][INFO] Starting VQE run 1 (seed=97560090)
[2025-08-05 09:37:11,650][INFO] Adding RY(0.0, wires=[0]) increased overlap from 0.0 to 1.0
[2025-08-05 09:37:11,694][INFO] Adding RY(0.0, wires=[1]) decreased overlap from 1.0 to 0.4649240369520195.. skipping this gate
[2025-08-05 09:37:11,694][INFO] gradient converged
[2025-08-05 09:37:11,694][INFO] Completed VQE run 1
[2025-08-05 09:37:11,694][INFO] Final ops list: [{'name': 'RY', 'param': 6.28318531882456, 'wires': [0]}]
[2025-08-05 09:37:11,694][INFO] Energy: -0.4374999999999997
[2025-08-05 09:38:33,250][INFO] Starting VQE run 1 (seed=14224878)
[2025-08-05 09:38:33,297][INFO] Adding RY(0.0, wires=[0]) increased overlap from 0.0 to 1.0
[2025-08-05 09:38:33,338][INFO] Adding RY(0.0, wires=[1]) decreased overlap from 1.0 to 0.328801515234715.. skipping this gate
[2025-08-05 09:38:33,338][INFO] gradient converged
[2025-08-05 09:38:33,338][INFO] Completed VQE run 1
[2025-08-05 09:38:33,338][INFO] Final ops list: [{'name': 'RY', 'param': 6.283185301755812, 'wires': [0]}]
[2025-08-05 09:38:33,338][INFO] Energy: -0.4374999999999998
[2025-08-05 09:40:39,191][INFO] Starting VQE run 1 (seed=121694391)
[2025-08-05 09:40:39,240][INFO] Adding RY(0.0, wires=[0]) increased overlap from 0.0 to 1.0
[2025-08-05 09:40:39,281][INFO] Adding RY(0.0, wires=[1]) decreased overlap from 1.0 to 0.06976026920152387.. skipping this gate
[2025-08-05 09:40:39,281][INFO] gradient converged
[2025-08-05 09:40:39,281][INFO] Completed VQE run 1
[2025-08-05 09:40:39,281][INFO] Final ops list: [{'name': 'RY', 'param': 6.28318531931634, 'wires': [0]}]
[2025-08-05 09:40:39,281][INFO] Energy: -0.4374999999999997
