[2025-08-04 17:02:34,262][INFO] Starting VQE run 96 (seed=51455424)
[2025-08-04 17:02:34,320][INFO] Adding RY(0.0, wires=[0]) increased overlap from 0.0 to 1.0
[2025-08-04 17:02:34,357][INFO] Adding RY(0.0, wires=[1]) decreased overlap from 1.0 to 0.05953732298508595.. skipping this gate
[2025-08-04 17:02:34,357][INFO] gradient converged
[2025-08-04 17:02:34,357][INFO] Completed VQE run 1
[2025-08-04 17:02:34,357][INFO] Final ops list: [{'name': 'RY', 'param': 6.283185318360272, 'wires': [0]}]
[2025-08-04 17:02:34,357][INFO] Energy: -0.4374999999999997
[2025-08-05 09:37:11,655][INFO] Starting VQE run 96 (seed=97282885)
[2025-08-05 09:37:11,720][INFO] Adding RY(0.0, wires=[0]) increased overlap from 0.0 to 1.0
[2025-08-05 09:37:11,759][INFO] Adding RY(0.0, wires=[1]) decreased overlap from 1.0 to 0.8376628775106617.. skipping this gate
[2025-08-05 09:37:11,759][INFO] gradient converged
[2025-08-05 09:37:11,759][INFO] Completed VQE run 1
[2025-08-05 09:37:11,759][INFO] Final ops list: [{'name': 'RY', 'param': -2.858095054206941e-09, 'wires': [0]}]
[2025-08-05 09:37:11,759][INFO] Energy: -0.4374999999999998
[2025-08-05 09:38:33,342][INFO] Starting VQE run 96 (seed=13955463)
[2025-08-05 09:38:33,379][INFO] Adding RY(0.0, wires=[0]) increased overlap from 0.0 to 1.0
[2025-08-05 09:38:33,417][INFO] Adding RY(0.0, wires=[1]) decreased overlap from 1.0 to 0.5665228044158112.. skipping this gate
[2025-08-05 09:38:33,417][INFO] gradient converged
[2025-08-05 09:38:33,417][INFO] Completed VQE run 1
[2025-08-05 09:38:33,417][INFO] Final ops list: [{'name': 'RY', 'param': 6.2831853002970774, 'wires': [0]}]
[2025-08-05 09:38:33,417][INFO] Energy: -0.4374999999999998
[2025-08-05 09:40:39,260][INFO] Starting VQE run 96 (seed=121436946)
[2025-08-05 09:40:39,315][INFO] Adding RY(0.0, wires=[0]) increased overlap from 0.0 to 1.0
[2025-08-05 09:40:39,352][INFO] Adding RY(0.0, wires=[1]) decreased overlap from 1.0 to 0.9779556647062814.. skipping this gate
[2025-08-05 09:40:39,352][INFO] gradient converged
[2025-08-05 09:40:39,352][INFO] Completed VQE run 1
[2025-08-05 09:40:39,352][INFO] Final ops list: [{'name': 'RY', 'param': 1.1763266260489117e-08, 'wires': [0]}]
[2025-08-05 09:40:39,352][INFO] Energy: -0.4374999999999997
