[2025-08-04 17:02:34,219][INFO] Starting VQE run 19 (seed=30284332)
[2025-08-04 17:02:34,263][INFO] Adding RY(0.0, wires=[0]) increased overlap from 0.0 to 1.0
[2025-08-04 17:02:34,310][INFO] Adding RY(0.0, wires=[1]) decreased overlap from 1.0 to 0.7642982971368528.. skipping this gate
[2025-08-04 17:02:34,310][INFO] gradient converged
[2025-08-04 17:02:34,310][INFO] Completed VQE run 1
[2025-08-04 17:02:34,310][INFO] Final ops list: [{'name': 'RY', 'param': -8.541464078679877e-09, 'wires': [0]}]
[2025-08-04 17:02:34,310][INFO] Energy: -0.4374999999999997
[2025-08-05 09:37:11,603][INFO] Starting VQE run 19 (seed=71516664)
[2025-08-05 09:37:11,651][INFO] Adding RY(0.0, wires=[0]) increased overlap from 0.0 to 1.0
[2025-08-05 09:37:11,695][INFO] Adding RY(0.0, wires=[1]) decreased overlap from 1.0 to 0.18961309319503222.. skipping this gate
[2025-08-05 09:37:11,695][INFO] gradient converged
[2025-08-05 09:37:11,695][INFO] Completed VQE run 1
[2025-08-05 09:37:11,695][INFO] Final ops list: [{'name': 'RY', 'param': 6.440304289867527e-09, 'wires': [0]}]
[2025-08-05 09:37:11,695][INFO] Energy: -0.4374999999999998
[2025-08-05 09:38:33,252][INFO] Starting VQE run 19 (seed=111639717)
[2025-08-05 09:38:33,297][INFO] Adding RY(0.0, wires=[0]) increased overlap from 0.0 to 1.0
[2025-08-05 09:38:33,338][INFO] Adding RY(0.0, wires=[1]) decreased overlap from 1.0 to 0.9620800826776269.. skipping this gate
[2025-08-05 09:38:33,338][INFO] gradient converged
[2025-08-05 09:38:33,338][INFO] Completed VQE run 1
[2025-08-05 09:38:33,338][INFO] Final ops list: [{'name': 'RY', 'param': 6.283185313343905, 'wires': [0]}]
[2025-08-05 09:38:33,338][INFO] Energy: -0.4374999999999998
[2025-08-05 09:40:39,195][INFO] Starting VQE run 19 (seed=95654709)
[2025-08-05 09:40:39,241][INFO] Adding RY(0.0, wires=[0]) increased overlap from 0.0 to 1.0
[2025-08-05 09:40:39,281][INFO] Adding RY(0.0, wires=[1]) decreased overlap from 1.0 to 0.42265711913952525.. skipping this gate
[2025-08-05 09:40:39,281][INFO] gradient converged
[2025-08-05 09:40:39,281][INFO] Completed VQE run 1
[2025-08-05 09:40:39,281][INFO] Final ops list: [{'name': 'RY', 'param': -9.406361174519478e-09, 'wires': [0]}]
[2025-08-05 09:40:39,281][INFO] Energy: -0.4374999999999997
