[2025-08-04 17:02:34,245][INFO] Starting VQE run 68 (seed=66203534)
[2025-08-04 17:02:34,298][INFO] Adding RY(0.0, wires=[0]) increased overlap from 0.0 to 1.0
[2025-08-04 17:02:34,339][INFO] Adding RY(0.0, wires=[1]) decreased overlap from 1.0 to 0.6360605137834944.. skipping this gate
[2025-08-04 17:02:34,339][INFO] gradient converged
[2025-08-04 17:02:34,339][INFO] Completed VQE run 1
[2025-08-04 17:02:34,339][INFO] Final ops list: [{'name': 'RY', 'param': -9.43544328970694e-09, 'wires': [0]}]
[2025-08-04 17:02:34,339][INFO] Energy: -0.4374999999999997
[2025-08-05 09:37:11,632][INFO] Starting VQE run 68 (seed=110360039)
[2025-08-05 09:37:11,722][INFO] Adding RY(0.0, wires=[0]) increased overlap from 0.0 to 1.0
[2025-08-05 09:37:11,773][INFO] Adding RY(0.0, wires=[1]) decreased overlap from 1.0 to 0.05474005661523299.. skipping this gate
[2025-08-05 09:37:11,773][INFO] gradient converged
[2025-08-05 09:37:11,773][INFO] Completed VQE run 1
[2025-08-05 09:37:11,773][INFO] Final ops list: [{'name': 'RY', 'param': 6.283185297770934, 'wires': [0]}]
[2025-08-05 09:37:11,773][INFO] Energy: -0.4374999999999997
[2025-08-05 09:38:33,283][INFO] Starting VQE run 68 (seed=27030321)
[2025-08-05 09:38:33,353][INFO] Adding RY(0.0, wires=[0]) increased overlap from 0.0 to 1.0
[2025-08-05 09:38:33,391][INFO] Adding RY(0.0, wires=[1]) had small change in overlap from 1.0 to 0.9999600813287249
[2025-08-05 09:38:33,391][INFO] gradient converged
[2025-08-05 09:38:33,391][INFO] Completed VQE run 1
[2025-08-05 09:38:33,391][INFO] Final ops list: [{'name': 'RY', 'param': -9.929238545233739e-09, 'wires': [0]}]
[2025-08-05 09:38:33,391][INFO] Energy: -0.4374999999999998
[2025-08-05 09:40:39,205][INFO] Starting VQE run 68 (seed=11051487)
[2025-08-05 09:40:39,255][INFO] Adding RY(0.0, wires=[0]) increased overlap from 0.0 to 1.0
[2025-08-05 09:40:39,302][INFO] Adding RY(0.0, wires=[1]) decreased overlap from 1.0 to 0.4780651808840733.. skipping this gate
[2025-08-05 09:40:39,302][INFO] gradient converged
[2025-08-05 09:40:39,302][INFO] Completed VQE run 1
[2025-08-05 09:40:39,302][INFO] Final ops list: [{'name': 'RY', 'param': 4.686441013035392e-09, 'wires': [0]}]
[2025-08-05 09:40:39,302][INFO] Energy: -0.4374999999999998
