[2025-08-04 17:02:34,252][INFO] Starting VQE run 80 (seed=6972863)
[2025-08-04 17:02:34,304][INFO] Adding RY(0.0, wires=[0]) increased overlap from 0.0 to 1.0
[2025-08-04 17:02:34,344][INFO] Adding RY(0.0, wires=[1]) decreased overlap from 1.0 to 0.22100923949734883.. skipping this gate
[2025-08-04 17:02:34,344][INFO] gradient converged
[2025-08-04 17:02:34,344][INFO] Completed VQE run 1
[2025-08-04 17:02:34,344][INFO] Final ops list: [{'name': 'RY', 'param': 6.283185311530732, 'wires': [0]}]
[2025-08-04 17:02:34,344][INFO] Energy: -0.4374999999999998
[2025-08-05 09:37:11,652][INFO] Starting VQE run 80 (seed=51845492)
[2025-08-05 09:37:11,739][INFO] Adding RY(0.0, wires=[0]) increased overlap from 0.0 to 1.0
[2025-08-05 09:37:11,788][INFO] Adding RY(0.0, wires=[1]) decreased overlap from 1.0 to 0.49649028567153997.. skipping this gate
[2025-08-05 09:37:11,788][INFO] gradient converged
[2025-08-05 09:37:11,788][INFO] Completed VQE run 1
[2025-08-05 09:37:11,788][INFO] Final ops list: [{'name': 'RY', 'param': 6.283185303745745, 'wires': [0]}]
[2025-08-05 09:37:11,788][INFO] Energy: -0.4374999999999998
[2025-08-05 09:38:33,319][INFO] Starting VQE run 80 (seed=91973547)
[2025-08-05 09:38:33,374][INFO] Adding RY(0.0, wires=[0]) increased overlap from 0.0 to 1.0
[2025-08-05 09:38:33,421][INFO] Adding RY(0.0, wires=[1]) decreased overlap from 1.0 to 0.6815112241655233.. skipping this gate
[2025-08-05 09:38:33,421][INFO] gradient converged
[2025-08-05 09:38:33,421][INFO] Completed VQE run 1
[2025-08-05 09:38:33,421][INFO] Final ops list: [{'name': 'RY', 'param': 1.1219844508449909e-08, 'wires': [0]}]
[2025-08-05 09:38:33,421][INFO] Energy: -0.4374999999999997
[2025-08-05 09:40:39,217][INFO] Starting VQE run 80 (seed=75996225)
[2025-08-05 09:40:39,282][INFO] Adding RY(0.0, wires=[0]) increased overlap from 0.0 to 1.0
[2025-08-05 09:40:39,326][INFO] Adding RY(0.0, wires=[1]) decreased overlap from 1.0 to 0.8001948694124426.. skipping this gate
[2025-08-05 09:40:39,327][INFO] gradient converged
[2025-08-05 09:40:39,327][INFO] Completed VQE run 1
[2025-08-05 09:40:39,327][INFO] Final ops list: [{'name': 'RY', 'param': 6.283185302469854, 'wires': [0]}]
[2025-08-05 09:40:39,327][INFO] Energy: -0.4374999999999998
