[2025-08-04 17:02:34,237][INFO] Starting VQE run 55 (seed=99505897)
[2025-08-04 17:02:34,286][INFO] Adding RY(0.0, wires=[0]) increased overlap from 0.0 to 1.0
[2025-08-04 17:02:34,329][INFO] Adding RY(0.0, wires=[1]) decreased overlap from 1.0 to 0.9893480575343054.. skipping this gate
[2025-08-04 17:02:34,330][INFO] gradient converged
[2025-08-04 17:02:34,330][INFO] Completed VQE run 1
[2025-08-04 17:02:34,330][INFO] Final ops list: [{'name': 'RY', 'param': 6.283185297725001, 'wires': [0]}]
[2025-08-04 17:02:34,330][INFO] Energy: -0.4374999999999997
[2025-08-05 09:37:11,629][INFO] Starting VQE run 55 (seed=19429812)
[2025-08-05 09:37:11,678][INFO] Adding RY(0.0, wires=[0]) increased overlap from 0.0 to 1.0
[2025-08-05 09:37:11,719][INFO] Adding RY(0.0, wires=[1]) decreased overlap from 1.0 to 0.013027600315892037.. skipping this gate
[2025-08-05 09:37:11,719][INFO] gradient converged
[2025-08-05 09:37:11,719][INFO] Completed VQE run 1
[2025-08-05 09:37:11,719][INFO] Final ops list: [{'name': 'RY', 'param': 6.28318531900662, 'wires': [0]}]
[2025-08-05 09:37:11,719][INFO] Energy: -0.4374999999999997
[2025-08-05 09:38:33,262][INFO] Starting VQE run 55 (seed=59555817)
[2025-08-05 09:38:33,310][INFO] Adding RY(0.0, wires=[0]) increased overlap from 0.0 to 1.0
[2025-08-05 09:38:33,350][INFO] Adding RY(0.0, wires=[1]) decreased overlap from 1.0 to 0.1276563659991515.. skipping this gate
[2025-08-05 09:38:33,350][INFO] gradient converged
[2025-08-05 09:38:33,350][INFO] Completed VQE run 1
[2025-08-05 09:38:33,350][INFO] Final ops list: [{'name': 'RY', 'param': 6.063599582687403e-09, 'wires': [0]}]
[2025-08-05 09:38:33,350][INFO] Energy: -0.4374999999999998
[2025-08-05 09:40:39,205][INFO] Starting VQE run 55 (seed=43575345)
[2025-08-05 09:40:39,281][INFO] Adding RY(0.0, wires=[0]) increased overlap from 0.0 to 1.0
[2025-08-05 09:40:39,319][INFO] Adding RY(0.0, wires=[1]) decreased overlap from 1.0 to 0.5440924818439064.. skipping this gate
[2025-08-05 09:40:39,319][INFO] gradient converged
[2025-08-05 09:40:39,319][INFO] Completed VQE run 1
[2025-08-05 09:40:39,319][INFO] Final ops list: [{'name': 'RY', 'param': 5.81586296314872e-09, 'wires': [0]}]
[2025-08-05 09:40:39,319][INFO] Energy: -0.4374999999999998
