[2025-08-04 17:02:34,224][INFO] Starting VQE run 30 (seed=68582142)
[2025-08-04 17:02:34,271][INFO] Adding RY(0.0, wires=[0]) increased overlap from 0.0 to 1.0
[2025-08-04 17:02:34,317][INFO] Adding RY(0.0, wires=[1]) decreased overlap from 1.0 to 0.936929305514585.. skipping this gate
[2025-08-04 17:02:34,317][INFO] gradient converged
[2025-08-04 17:02:34,318][INFO] Completed VQE run 1
[2025-08-04 17:02:34,318][INFO] Final ops list: [{'name': 'RY', 'param': 6.28318529602265, 'wires': [0]}]
[2025-08-04 17:02:34,318][INFO] Energy: -0.4374999999999997
[2025-08-05 09:37:11,620][INFO] Starting VQE run 30 (seed=110470921)
[2025-08-05 09:37:11,667][INFO] Adding RY(0.0, wires=[0]) increased overlap from 0.0 to 1.0
[2025-08-05 09:37:11,708][INFO] Adding RY(0.0, wires=[1]) decreased overlap from 1.0 to 0.7415780664550975.. skipping this gate
[2025-08-05 09:37:11,708][INFO] gradient converged
[2025-08-05 09:37:11,708][INFO] Completed VQE run 1
[2025-08-05 09:37:11,708][INFO] Final ops list: [{'name': 'RY', 'param': 6.28318530156248, 'wires': [0]}]
[2025-08-05 09:37:11,708][INFO] Energy: -0.4374999999999998
[2025-08-05 09:38:33,252][INFO] Starting VQE run 30 (seed=27138087)
[2025-08-05 09:38:33,295][INFO] Adding RY(0.0, wires=[0]) increased overlap from 0.0 to 1.0
[2025-08-05 09:38:33,336][INFO] Adding RY(0.0, wires=[1]) had small change in overlap from 1.0 to 0.9989130900032632
[2025-08-05 09:38:33,336][INFO] gradient converged
[2025-08-05 09:38:33,336][INFO] Completed VQE run 1
[2025-08-05 09:38:33,336][INFO] Final ops list: [{'name': 'RY', 'param': 6.283185318175011, 'wires': [0]}]
[2025-08-05 09:38:33,336][INFO] Energy: -0.4374999999999997
[2025-08-05 09:40:39,195][INFO] Starting VQE run 30 (seed=11154465)
[2025-08-05 09:40:39,237][INFO] Adding RY(0.0, wires=[0]) increased overlap from 0.0 to 1.0
[2025-08-05 09:40:39,278][INFO] Adding RY(0.0, wires=[1]) decreased overlap from 1.0 to 0.865531862531709.. skipping this gate
[2025-08-05 09:40:39,278][INFO] gradient converged
[2025-08-05 09:40:39,278][INFO] Completed VQE run 1
[2025-08-05 09:40:39,278][INFO] Final ops list: [{'name': 'RY', 'param': 6.283185311013457, 'wires': [0]}]
[2025-08-05 09:40:39,278][INFO] Energy: -0.4374999999999998
