[2025-08-04 17:02:34,231][INFO] Starting VQE run 46 (seed=113064703)
[2025-08-04 17:02:34,280][INFO] Adding RY(0.0, wires=[0]) increased overlap from 0.0 to 1.0
[2025-08-04 17:02:34,325][INFO] Adding RY(0.0, wires=[1]) decreased overlap from 1.0 to 0.813086857477816.. skipping this gate
[2025-08-04 17:02:34,325][INFO] gradient converged
[2025-08-04 17:02:34,325][INFO] Completed VQE run 1
[2025-08-04 17:02:34,325][INFO] Final ops list: [{'name': 'RY', 'param': 6.283185316354802, 'wires': [0]}]
[2025-08-04 17:02:34,325][INFO] Energy: -0.4374999999999997
[2025-08-05 09:37:11,623][INFO] Starting VQE run 46 (seed=32451525)
[2025-08-05 09:37:11,681][INFO] Adding RY(0.0, wires=[0]) increased overlap from 0.0 to 1.0
[2025-08-05 09:37:11,721][INFO] Adding RY(0.0, wires=[1]) decreased overlap from 1.0 to 0.2851411874150317.. skipping this gate
[2025-08-05 09:37:11,721][INFO] gradient converged
[2025-08-05 09:37:11,721][INFO] Completed VQE run 1
[2025-08-05 09:37:11,721][INFO] Final ops list: [{'name': 'RY', 'param': 6.283185319529529, 'wires': [0]}]
[2025-08-05 09:37:11,721][INFO] Energy: -0.4374999999999997
[2025-08-05 09:38:33,261][INFO] Starting VQE run 46 (seed=72576792)
[2025-08-05 09:38:33,307][INFO] Adding RY(0.0, wires=[0]) increased overlap from 0.0 to 1.0
[2025-08-05 09:38:33,347][INFO] Adding RY(0.0, wires=[1]) decreased overlap from 1.0 to 0.7507780118422683.. skipping this gate
[2025-08-05 09:38:33,347][INFO] gradient converged
[2025-08-05 09:38:33,347][INFO] Completed VQE run 1
[2025-08-05 09:38:33,347][INFO] Final ops list: [{'name': 'RY', 'param': -8.499473408131166e-09, 'wires': [0]}]
[2025-08-05 09:38:33,347][INFO] Energy: -0.4374999999999997
[2025-08-05 09:40:39,204][INFO] Starting VQE run 46 (seed=56595186)
[2025-08-05 09:40:39,255][INFO] Adding RY(0.0, wires=[0]) increased overlap from 0.0 to 1.0
[2025-08-05 09:40:39,302][INFO] Adding RY(0.0, wires=[1]) decreased overlap from 1.0 to 0.0001694832580991019.. skipping this gate
[2025-08-05 09:40:39,302][INFO] gradient converged
[2025-08-05 09:40:39,302][INFO] Completed VQE run 1
[2025-08-05 09:40:39,302][INFO] Final ops list: [{'name': 'RY', 'param': 6.283185317563874, 'wires': [0]}]
[2025-08-05 09:40:39,302][INFO] Energy: -0.4374999999999997
