[2025-08-04 17:02:34,236][INFO] Starting VQE run 53 (seed=47649281)
[2025-08-04 17:02:34,287][INFO] Adding RY(0.0, wires=[0]) increased overlap from 0.0 to 1.0
[2025-08-04 17:02:34,330][INFO] Adding RY(0.0, wires=[1]) decreased overlap from 1.0 to 0.577609865911238.. skipping this gate
[2025-08-04 17:02:34,330][INFO] gradient converged
[2025-08-04 17:02:34,330][INFO] Completed VQE run 1
[2025-08-04 17:02:34,330][INFO] Final ops list: [{'name': 'RY', 'param': -1.2242205875955348e-08, 'wires': [0]}]
[2025-08-04 17:02:34,330][INFO] Energy: -0.4374999999999997
[2025-08-05 09:37:11,618][INFO] Starting VQE run 53 (seed=90910631)
[2025-08-05 09:37:11,666][INFO] Adding RY(0.0, wires=[0]) increased overlap from 0.0 to 1.0
[2025-08-05 09:37:11,707][INFO] Adding RY(0.0, wires=[1]) decreased overlap from 1.0 to 0.02702055046568866.. skipping this gate
[2025-08-05 09:37:11,707][INFO] gradient converged
[2025-08-05 09:37:11,707][INFO] Completed VQE run 1
[2025-08-05 09:37:11,707][INFO] Final ops list: [{'name': 'RY', 'param': -3.2209248481940294e-09, 'wires': [0]}]
[2025-08-05 09:37:11,707][INFO] Energy: -0.4374999999999998
[2025-08-05 09:38:33,257][INFO] Starting VQE run 53 (seed=7579683)
[2025-08-05 09:38:33,306][INFO] Adding RY(0.0, wires=[0]) increased overlap from 0.0 to 1.0
[2025-08-05 09:38:33,356][INFO] Adding RY(0.0, wires=[1]) decreased overlap from 1.0 to 0.848280488284157.. skipping this gate
[2025-08-05 09:38:33,356][INFO] gradient converged
[2025-08-05 09:38:33,356][INFO] Completed VQE run 1
[2025-08-05 09:38:33,356][INFO] Final ops list: [{'name': 'RY', 'param': 6.283185299168627, 'wires': [0]}]
[2025-08-05 09:38:33,356][INFO] Energy: -0.4374999999999997
[2025-08-05 09:40:39,205][INFO] Starting VQE run 53 (seed=115055748)
[2025-08-05 09:40:39,253][INFO] Adding RY(0.0, wires=[0]) increased overlap from 0.0 to 1.0
[2025-08-05 09:40:39,299][INFO] Adding RY(0.0, wires=[1]) decreased overlap from 1.0 to 0.9790226608683674.. skipping this gate
[2025-08-05 09:40:39,299][INFO] gradient converged
[2025-08-05 09:40:39,299][INFO] Completed VQE run 1
[2025-08-05 09:40:39,299][INFO] Final ops list: [{'name': 'RY', 'param': 6.283185303686468, 'wires': [0]}]
[2025-08-05 09:40:39,299][INFO] Energy: -0.4374999999999998
