[2025-08-04 17:02:34,246][INFO] Starting VQE run 71 (seed=20531669)
[2025-08-04 17:02:34,297][INFO] Adding RY(0.0, wires=[0]) increased overlap from 0.0 to 1.0
[2025-08-04 17:02:34,338][INFO] Adding RY(0.0, wires=[1]) decreased overlap from 1.0 to 0.9284957023243392.. skipping this gate
[2025-08-04 17:02:34,338][INFO] gradient converged
[2025-08-04 17:02:34,338][INFO] Completed VQE run 1
[2025-08-04 17:02:34,338][INFO] Final ops list: [{'name': 'RY', 'param': 6.283185314181675, 'wires': [0]}]
[2025-08-04 17:02:34,338][INFO] Energy: -0.4374999999999998
[2025-08-05 09:37:11,633][INFO] Starting VQE run 71 (seed=64867205)
[2025-08-05 09:37:11,689][INFO] Adding RY(0.0, wires=[0]) increased overlap from 0.0 to 1.0
[2025-08-05 09:37:11,744][INFO] Adding RY(0.0, wires=[1]) decreased overlap from 1.0 to 0.7824880760479846.. skipping this gate
[2025-08-05 09:37:11,745][INFO] gradient converged
[2025-08-05 09:37:11,745][INFO] Completed VQE run 1
[2025-08-05 09:37:11,745][INFO] Final ops list: [{'name': 'RY', 'param': 6.283185300191782, 'wires': [0]}]
[2025-08-05 09:37:11,745][INFO] Energy: -0.4374999999999998
[2025-08-05 09:38:33,274][INFO] Starting VQE run 71 (seed=104994522)
[2025-08-05 09:38:33,360][INFO] Adding RY(0.0, wires=[0]) increased overlap from 0.0 to 1.0
[2025-08-05 09:38:33,396][INFO] Adding RY(0.0, wires=[1]) decreased overlap from 1.0 to 0.06612877189449645.. skipping this gate
[2025-08-05 09:38:33,397][INFO] gradient converged
[2025-08-05 09:38:33,397][INFO] Completed VQE run 1
[2025-08-05 09:38:33,397][INFO] Final ops list: [{'name': 'RY', 'param': 6.283185318033546, 'wires': [0]}]
[2025-08-05 09:38:33,397][INFO] Energy: -0.4374999999999997
[2025-08-05 09:40:39,213][INFO] Starting VQE run 71 (seed=89016066)
[2025-08-05 09:40:39,257][INFO] Adding RY(0.0, wires=[0]) increased overlap from 0.0 to 1.0
[2025-08-05 09:40:39,298][INFO] Adding RY(0.0, wires=[1]) decreased overlap from 1.0 to 0.6700692105184468.. skipping this gate
[2025-08-05 09:40:39,298][INFO] gradient converged
[2025-08-05 09:40:39,298][INFO] Completed VQE run 1
[2025-08-05 09:40:39,298][INFO] Final ops list: [{'name': 'RY', 'param': 6.283185316154869, 'wires': [0]}]
[2025-08-05 09:40:39,298][INFO] Energy: -0.4374999999999997
