[2025-08-04 17:02:34,248][INFO] Starting VQE run 74 (seed=98316593)
[2025-08-04 17:02:34,298][INFO] Adding RY(0.0, wires=[0]) increased overlap from 0.0 to 1.0
[2025-08-04 17:02:34,339][INFO] Adding RY(0.0, wires=[1]) decreased overlap from 1.0 to 0.9600117306729389.. skipping this gate
[2025-08-04 17:02:34,339][INFO] gradient converged
[2025-08-04 17:02:34,339][INFO] Completed VQE run 1
[2025-08-04 17:02:34,339][INFO] Final ops list: [{'name': 'RY', 'param': 6.283185300719006, 'wires': [0]}]
[2025-08-04 17:02:34,339][INFO] Energy: -0.4374999999999998
[2025-08-05 09:37:11,630][INFO] Starting VQE run 74 (seed=19374371)
[2025-08-05 09:37:11,683][INFO] Adding RY(0.0, wires=[0]) increased overlap from 0.0 to 1.0
[2025-08-05 09:37:11,739][INFO] Adding RY(0.0, wires=[1]) decreased overlap from 1.0 to 0.2892036207161783.. skipping this gate
[2025-08-05 09:37:11,739][INFO] gradient converged
[2025-08-05 09:37:11,739][INFO] Completed VQE run 1
[2025-08-05 09:37:11,739][INFO] Final ops list: [{'name': 'RY', 'param': 6.283185316184649, 'wires': [0]}]
[2025-08-05 09:37:11,739][INFO] Energy: -0.4374999999999997
[2025-08-05 09:38:33,314][INFO] Starting VQE run 74 (seed=59501934)
[2025-08-05 09:38:33,364][INFO] Adding RY(0.0, wires=[0]) increased overlap from 0.0 to 1.0
[2025-08-05 09:38:33,402][INFO] Adding RY(0.0, wires=[1]) decreased overlap from 1.0 to 0.9882412177246785.. skipping this gate
[2025-08-05 09:38:33,402][INFO] gradient converged
[2025-08-05 09:38:33,402][INFO] Completed VQE run 1
[2025-08-05 09:38:33,402][INFO] Final ops list: [{'name': 'RY', 'param': 8.486773220007784e-09, 'wires': [0]}]
[2025-08-05 09:38:33,402][INFO] Energy: -0.4374999999999997
[2025-08-05 09:40:39,206][INFO] Starting VQE run 74 (seed=43523856)
[2025-08-05 09:40:39,257][INFO] Adding RY(0.0, wires=[0]) increased overlap from 0.0 to 1.0
[2025-08-05 09:40:39,297][INFO] Adding RY(0.0, wires=[1]) decreased overlap from 1.0 to 0.05192418424736411.. skipping this gate
[2025-08-05 09:40:39,297][INFO] gradient converged
[2025-08-05 09:40:39,297][INFO] Completed VQE run 1
[2025-08-05 09:40:39,297][INFO] Final ops list: [{'name': 'RY', 'param': 6.283185312312905, 'wires': [0]}]
[2025-08-05 09:40:39,297][INFO] Energy: -0.4374999999999998
