[2025-08-04 17:02:34,234][INFO] Starting VQE run 50 (seed=93321146)
[2025-08-04 17:02:34,284][INFO] Adding RY(0.0, wires=[0]) increased overlap from 0.0 to 1.0
[2025-08-04 17:02:34,328][INFO] Adding RY(0.0, wires=[1]) decreased overlap from 1.0 to 0.915772106181466.. skipping this gate
[2025-08-04 17:02:34,328][INFO] gradient converged
[2025-08-04 17:02:34,328][INFO] Completed VQE run 1
[2025-08-04 17:02:34,328][INFO] Final ops list: [{'name': 'RY', 'param': 6.2831852978162415, 'wires': [0]}]
[2025-08-04 17:02:34,328][INFO] Energy: -0.4374999999999997
[2025-08-05 09:37:11,622][INFO] Starting VQE run 50 (seed=12946676)
[2025-08-05 09:37:11,671][INFO] Adding RY(0.0, wires=[0]) increased overlap from 0.0 to 1.0
[2025-08-05 09:37:11,712][INFO] Adding RY(0.0, wires=[1]) decreased overlap from 1.0 to 0.15043091607853454.. skipping this gate
[2025-08-05 09:37:11,712][INFO] gradient converged
[2025-08-05 09:37:11,712][INFO] Completed VQE run 1
[2025-08-05 09:37:11,712][INFO] Final ops list: [{'name': 'RY', 'param': 6.283185301821784, 'wires': [0]}]
[2025-08-05 09:37:11,712][INFO] Energy: -0.4374999999999998
[2025-08-05 09:38:33,260][INFO] Starting VQE run 50 (seed=53072271)
[2025-08-05 09:38:33,310][INFO] Adding RY(0.0, wires=[0]) increased overlap from 0.0 to 1.0
[2025-08-05 09:38:33,350][INFO] Adding RY(0.0, wires=[1]) decreased overlap from 1.0 to 0.340691669794517.. skipping this gate
[2025-08-05 09:38:33,350][INFO] gradient converged
[2025-08-05 09:38:33,350][INFO] Completed VQE run 1
[2025-08-05 09:38:33,350][INFO] Final ops list: [{'name': 'RY', 'param': 6.283185295040596, 'wires': [0]}]
[2025-08-05 09:38:33,350][INFO] Energy: -0.4374999999999997
[2025-08-05 09:40:39,205][INFO] Starting VQE run 50 (seed=37091169)
[2025-08-05 09:40:39,257][INFO] Adding RY(0.0, wires=[0]) increased overlap from 0.0 to 1.0
[2025-08-05 09:40:39,303][INFO] Adding RY(0.0, wires=[1]) decreased overlap from 1.0 to 0.8879031993735214.. skipping this gate
[2025-08-05 09:40:39,303][INFO] gradient converged
[2025-08-05 09:40:39,303][INFO] Completed VQE run 1
[2025-08-05 09:40:39,303][INFO] Final ops list: [{'name': 'RY', 'param': 6.283185318946795, 'wires': [0]}]
[2025-08-05 09:40:39,303][INFO] Energy: -0.4374999999999997
