[2025-08-04 17:02:34,206][INFO] Starting VQE run 2 (seed=83330252)
[2025-08-04 17:02:34,252][INFO] Adding RY(0.0, wires=[0]) increased overlap from 0.0 to 1.0
[2025-08-04 17:02:34,300][INFO] Adding RY(0.0, wires=[1]) decreased overlap from 1.0 to 0.17869453809728975.. skipping this gate
[2025-08-04 17:02:34,300][INFO] gradient converged
[2025-08-04 17:02:34,300][INFO] Completed VQE run 1
[2025-08-04 17:02:34,300][INFO] Final ops list: [{'name': 'RY', 'param': 1.2007515668798433e-08, 'wires': [0]}]
[2025-08-04 17:02:34,300][INFO] Energy: -0.4374999999999997
[2025-08-05 09:37:11,601][INFO] Starting VQE run 2 (seed=91286)
[2025-08-05 09:37:11,650][INFO] Adding RY(0.0, wires=[0]) increased overlap from 0.0 to 1.0
[2025-08-05 09:37:11,694][INFO] Adding RY(0.0, wires=[1]) decreased overlap from 1.0 to 0.8688895036418259.. skipping this gate
[2025-08-05 09:37:11,694][INFO] gradient converged
[2025-08-05 09:37:11,694][INFO] Completed VQE run 1
[2025-08-05 09:37:11,694][INFO] Final ops list: [{'name': 'RY', 'param': 6.283185297139367, 'wires': [0]}]
[2025-08-05 09:37:11,694][INFO] Energy: -0.4374999999999997
[2025-08-05 09:38:33,250][INFO] Starting VQE run 2 (seed=40212945)
[2025-08-05 09:38:33,297][INFO] Adding RY(0.0, wires=[0]) increased overlap from 0.0 to 1.0
[2025-08-05 09:38:33,341][INFO] Adding RY(0.0, wires=[1]) had small change in overlap from 1.0 to 0.9992999702714631
[2025-08-05 09:38:33,341][INFO] gradient converged
[2025-08-05 09:38:33,341][INFO] Completed VQE run 1
[2025-08-05 09:38:33,341][INFO] Final ops list: [{'name': 'RY', 'param': 3.321076363519788e-09, 'wires': [0]}]
[2025-08-05 09:38:33,341][INFO] Energy: -0.4374999999999998
[2025-08-05 09:40:39,191][INFO] Starting VQE run 2 (seed=24225795)
[2025-08-05 09:40:39,237][INFO] Adding RY(0.0, wires=[0]) increased overlap from 0.0 to 1.0
[2025-08-05 09:40:39,306][INFO] Adding RY(0.0, wires=[1]) decreased overlap from 1.0 to 0.9070241206382179.. skipping this gate
[2025-08-05 09:40:39,306][INFO] gradient converged
[2025-08-05 09:40:39,306][INFO] Completed VQE run 1
[2025-08-05 09:40:39,306][INFO] Final ops list: [{'name': 'RY', 'param': -3.78436882887012e-09, 'wires': [0]}]
[2025-08-05 09:40:39,306][INFO] Energy: -0.4374999999999998
