[2025-08-04 17:02:34,244][INFO] Starting VQE run 67 (seed=40275226)
[2025-08-04 17:02:34,295][INFO] Adding RY(0.0, wires=[0]) increased overlap from 0.0 to 1.0
[2025-08-04 17:02:34,336][INFO] Adding RY(0.0, wires=[1]) decreased overlap from 1.0 to 0.8505769572514061.. skipping this gate
[2025-08-04 17:02:34,336][INFO] gradient converged
[2025-08-04 17:02:34,336][INFO] Completed VQE run 1
[2025-08-04 17:02:34,336][INFO] Final ops list: [{'name': 'RY', 'param': -3.1785439835731907e-09, 'wires': [0]}]
[2025-08-04 17:02:34,336][INFO] Energy: -0.4374999999999998
[2025-08-05 09:37:11,632][INFO] Starting VQE run 67 (seed=84372054)
[2025-08-05 09:37:11,716][INFO] Adding RY(0.0, wires=[0]) increased overlap from 0.0 to 1.0
[2025-08-05 09:37:11,754][INFO] Adding RY(0.0, wires=[1]) decreased overlap from 1.0 to 0.15379006123114314.. skipping this gate
[2025-08-05 09:37:11,754][INFO] gradient converged
[2025-08-05 09:37:11,754][INFO] Completed VQE run 1
[2025-08-05 09:37:11,754][INFO] Final ops list: [{'name': 'RY', 'param': 6.283185298900197, 'wires': [0]}]
[2025-08-05 09:37:11,754][INFO] Energy: -0.4374999999999997
[2025-08-05 09:38:33,274][INFO] Starting VQE run 67 (seed=1042254)
[2025-08-05 09:38:33,331][INFO] Adding RY(0.0, wires=[0]) increased overlap from 0.0 to 1.0
[2025-08-05 09:38:33,381][INFO] Adding RY(0.0, wires=[1]) decreased overlap from 1.0 to 0.0005510629485890633.. skipping this gate
[2025-08-05 09:38:33,381][INFO] gradient converged
[2025-08-05 09:38:33,381][INFO] Completed VQE run 1
[2025-08-05 09:38:33,381][INFO] Final ops list: [{'name': 'RY', 'param': 6.283185299560032, 'wires': [0]}]
[2025-08-05 09:38:33,381][INFO] Energy: -0.4374999999999997
[2025-08-05 09:40:39,205][INFO] Starting VQE run 67 (seed=108520083)
[2025-08-05 09:40:39,257][INFO] Adding RY(0.0, wires=[0]) increased overlap from 0.0 to 1.0
[2025-08-05 09:40:39,303][INFO] Adding RY(0.0, wires=[1]) decreased overlap from 1.0 to 0.020572748569205636.. skipping this gate
[2025-08-05 09:40:39,303][INFO] gradient converged
[2025-08-05 09:40:39,303][INFO] Completed VQE run 1
[2025-08-05 09:40:39,303][INFO] Final ops list: [{'name': 'RY', 'param': 6.283185296472654, 'wires': [0]}]
[2025-08-05 09:40:39,303][INFO] Energy: -0.4374999999999997
