[2025-08-04 17:02:34,224][INFO] Starting VQE run 32 (seed=120438758)
[2025-08-04 17:02:34,270][INFO] Adding RY(0.0, wires=[0]) increased overlap from 0.0 to 1.0
[2025-08-04 17:02:34,317][INFO] Adding RY(0.0, wires=[1]) decreased overlap from 1.0 to 0.8425741429260102.. skipping this gate
[2025-08-04 17:02:34,317][INFO] gradient converged
[2025-08-04 17:02:34,317][INFO] Completed VQE run 1
[2025-08-04 17:02:34,317][INFO] Final ops list: [{'name': 'RY', 'param': 6.2831852957107035, 'wires': [0]}]
[2025-08-04 17:02:34,317][INFO] Energy: -0.4374999999999997
[2025-08-05 09:37:11,618][INFO] Starting VQE run 32 (seed=38990102)
[2025-08-05 09:37:11,667][INFO] Adding RY(0.0, wires=[0]) increased overlap from 0.0 to 1.0
[2025-08-05 09:37:11,708][INFO] Adding RY(0.0, wires=[1]) decreased overlap from 1.0 to 0.9858801042225251.. skipping this gate
[2025-08-05 09:37:11,708][INFO] gradient converged
[2025-08-05 09:37:11,708][INFO] Completed VQE run 1
[2025-08-05 09:37:11,708][INFO] Final ops list: [{'name': 'RY', 'param': 6.283185301939408, 'wires': [0]}]
[2025-08-05 09:37:11,708][INFO] Energy: -0.4374999999999998
[2025-08-05 09:38:33,257][INFO] Starting VQE run 32 (seed=79114221)
[2025-08-05 09:38:33,309][INFO] Adding RY(0.0, wires=[0]) increased overlap from 0.0 to 1.0
[2025-08-05 09:38:33,351][INFO] Adding RY(0.0, wires=[1]) decreased overlap from 1.0 to 0.746221488410663.. skipping this gate
[2025-08-05 09:38:33,351][INFO] gradient converged
[2025-08-05 09:38:33,351][INFO] Completed VQE run 1
[2025-08-05 09:38:33,351][INFO] Final ops list: [{'name': 'RY', 'param': 6.283185315339011, 'wires': [0]}]
[2025-08-05 09:38:33,351][INFO] Energy: -0.4374999999999997
[2025-08-05 09:40:39,199][INFO] Starting VQE run 32 (seed=63130851)
[2025-08-05 09:40:39,247][INFO] Adding RY(0.0, wires=[0]) increased overlap from 0.0 to 1.0
[2025-08-05 09:40:39,287][INFO] Adding RY(0.0, wires=[1]) decreased overlap from 1.0 to 0.8833436349629761.. skipping this gate
[2025-08-05 09:40:39,287][INFO] gradient converged
[2025-08-05 09:40:39,287][INFO] Completed VQE run 1
[2025-08-05 09:40:39,287][INFO] Final ops list: [{'name': 'RY', 'param': 6.283185295615958, 'wires': [0]}]
[2025-08-05 09:40:39,287][INFO] Energy: -0.4374999999999997
