[2025-08-04 17:02:34,217][INFO] Starting VQE run 17 (seed=101884505)
[2025-08-04 17:02:34,261][INFO] Adding RY(0.0, wires=[0]) increased overlap from 0.0 to 1.0
[2025-08-04 17:02:34,308][INFO] Adding RY(0.0, wires=[1]) decreased overlap from 1.0 to 0.37785998608015814.. skipping this gate
[2025-08-04 17:02:34,308][INFO] gradient converged
[2025-08-04 17:02:34,308][INFO] Completed VQE run 1
[2025-08-04 17:02:34,308][INFO] Final ops list: [{'name': 'RY', 'param': -4.190210683917957e-09, 'wires': [0]}]
[2025-08-04 17:02:34,308][INFO] Energy: -0.4374999999999998
[2025-08-05 09:37:11,603][INFO] Starting VQE run 17 (seed=19540694)
[2025-08-05 09:37:11,652][INFO] Adding RY(0.0, wires=[0]) increased overlap from 0.0 to 1.0
[2025-08-05 09:37:11,696][INFO] Adding RY(0.0, wires=[1]) decreased overlap from 1.0 to 0.16560538720803625.. skipping this gate
[2025-08-05 09:37:11,696][INFO] gradient converged
[2025-08-05 09:37:11,696][INFO] Completed VQE run 1
[2025-08-05 09:37:11,696][INFO] Final ops list: [{'name': 'RY', 'param': 6.2831852961073835, 'wires': [0]}]
[2025-08-05 09:37:11,696][INFO] Energy: -0.4374999999999997
[2025-08-05 09:38:33,252][INFO] Starting VQE run 17 (seed=59663583)
[2025-08-05 09:38:33,304][INFO] Adding RY(0.0, wires=[0]) increased overlap from 0.0 to 1.0
[2025-08-05 09:38:33,345][INFO] Adding RY(0.0, wires=[1]) decreased overlap from 1.0 to 0.6681237650144569.. skipping this gate
[2025-08-05 09:38:33,345][INFO] gradient converged
[2025-08-05 09:38:33,345][INFO] Completed VQE run 1
[2025-08-05 09:38:33,345][INFO] Final ops list: [{'name': 'RY', 'param': -9.787944826235711e-09, 'wires': [0]}]
[2025-08-05 09:38:33,345][INFO] Energy: -0.4374999999999997
[2025-08-05 09:40:39,194][INFO] Starting VQE run 17 (seed=43678323)
[2025-08-05 09:40:39,249][INFO] Adding RY(0.0, wires=[0]) increased overlap from 0.0 to 1.0
[2025-08-05 09:40:39,295][INFO] Adding RY(0.0, wires=[1]) decreased overlap from 1.0 to 0.9725685284096051.. skipping this gate
[2025-08-05 09:40:39,295][INFO] gradient converged
[2025-08-05 09:40:39,295][INFO] Completed VQE run 1
[2025-08-05 09:40:39,295][INFO] Final ops list: [{'name': 'RY', 'param': 6.283185302317354, 'wires': [0]}]
[2025-08-05 09:40:39,295][INFO] Energy: -0.4374999999999998
