[2025-08-04 17:02:34,249][INFO] Starting VQE run 75 (seed=788112)
[2025-08-04 17:02:34,300][INFO] Adding RY(0.0, wires=[0]) increased overlap from 0.0 to 1.0
[2025-08-04 17:02:34,341][INFO] Adding RY(0.0, wires=[1]) decreased overlap from 1.0 to 0.8827875897605844.. skipping this gate
[2025-08-04 17:02:34,341][INFO] gradient converged
[2025-08-04 17:02:34,341][INFO] Completed VQE run 1
[2025-08-04 17:02:34,341][INFO] Final ops list: [{'name': 'RY', 'param': 7.967698006640092e-09, 'wires': [0]}]
[2025-08-04 17:02:34,341][INFO] Energy: -0.4374999999999997
[2025-08-05 09:37:11,647][INFO] Starting VQE run 75 (seed=45362356)
[2025-08-05 09:37:11,713][INFO] Adding RY(0.0, wires=[0]) increased overlap from 0.0 to 1.0
[2025-08-05 09:37:11,752][INFO] Adding RY(0.0, wires=[1]) decreased overlap from 1.0 to 0.6777101733868338.. skipping this gate
[2025-08-05 09:37:11,752][INFO] gradient converged
[2025-08-05 09:37:11,752][INFO] Completed VQE run 1
[2025-08-05 09:37:11,752][INFO] Final ops list: [{'name': 'RY', 'param': -6.053523692825604e-09, 'wires': [0]}]
[2025-08-05 09:37:11,752][INFO] Energy: -0.4374999999999998
[2025-08-05 09:38:33,314][INFO] Starting VQE run 75 (seed=85490001)
[2025-08-05 09:38:33,368][INFO] Adding RY(0.0, wires=[0]) increased overlap from 0.0 to 1.0
[2025-08-05 09:38:33,407][INFO] Adding RY(0.0, wires=[1]) decreased overlap from 1.0 to 0.04059392993252169.. skipping this gate
[2025-08-05 09:38:33,407][INFO] gradient converged
[2025-08-05 09:38:33,407][INFO] Completed VQE run 1
[2025-08-05 09:38:33,407][INFO] Final ops list: [{'name': 'RY', 'param': 6.2831852974931195, 'wires': [0]}]
[2025-08-05 09:38:33,407][INFO] Energy: -0.4374999999999997
[2025-08-05 09:40:39,214][INFO] Starting VQE run 75 (seed=69512049)
[2025-08-05 09:40:39,256][INFO] Adding RY(0.0, wires=[0]) increased overlap from 0.0 to 1.0
[2025-08-05 09:40:39,297][INFO] Adding RY(0.0, wires=[1]) decreased overlap from 1.0 to 0.5177610308512869.. skipping this gate
[2025-08-05 09:40:39,297][INFO] gradient converged
[2025-08-05 09:40:39,297][INFO] Completed VQE run 1
[2025-08-05 09:40:39,297][INFO] Final ops list: [{'name': 'RY', 'param': -8.347923803727604e-09, 'wires': [0]}]
[2025-08-05 09:40:39,297][INFO] Energy: -0.4374999999999997
