[2025-08-04 17:02:34,223][INFO] Starting VQE run 29 (seed=42653834)
[2025-08-04 17:02:34,266][INFO] Adding RY(0.0, wires=[0]) increased overlap from 0.0 to 1.0
[2025-08-04 17:02:34,313][INFO] Adding RY(0.0, wires=[1]) decreased overlap from 1.0 to 0.16263041631529004.. skipping this gate
[2025-08-04 17:02:34,313][INFO] gradient converged
[2025-08-04 17:02:34,313][INFO] Completed VQE run 1
[2025-08-04 17:02:34,313][INFO] Final ops list: [{'name': 'RY', 'param': 6.283185313679244, 'wires': [0]}]
[2025-08-04 17:02:34,313][INFO] Energy: -0.4374999999999998
[2025-08-05 09:37:11,619][INFO] Starting VQE run 29 (seed=84482936)
[2025-08-05 09:37:11,668][INFO] Adding RY(0.0, wires=[0]) increased overlap from 0.0 to 1.0
[2025-08-05 09:37:11,710][INFO] Adding RY(0.0, wires=[1]) decreased overlap from 1.0 to 0.9438275604242646.. skipping this gate
[2025-08-05 09:37:11,710][INFO] gradient converged
[2025-08-05 09:37:11,710][INFO] Completed VQE run 1
[2025-08-05 09:37:11,710][INFO] Final ops list: [{'name': 'RY', 'param': 6.283185296399973, 'wires': [0]}]
[2025-08-05 09:37:11,710][INFO] Energy: -0.4374999999999997
[2025-08-05 09:38:33,256][INFO] Starting VQE run 29 (seed=1150020)
[2025-08-05 09:38:33,303][INFO] Adding RY(0.0, wires=[0]) increased overlap from 0.0 to 1.0
[2025-08-05 09:38:33,344][INFO] Adding RY(0.0, wires=[1]) decreased overlap from 1.0 to 0.989182205069059.. skipping this gate
[2025-08-05 09:38:33,344][INFO] gradient converged
[2025-08-05 09:38:33,344][INFO] Completed VQE run 1
[2025-08-05 09:38:33,344][INFO] Final ops list: [{'name': 'RY', 'param': 6.283185314603357, 'wires': [0]}]
[2025-08-05 09:38:33,344][INFO] Energy: -0.4374999999999997
[2025-08-05 09:40:39,197][INFO] Starting VQE run 29 (seed=108623061)
[2025-08-05 09:40:39,247][INFO] Adding RY(0.0, wires=[0]) increased overlap from 0.0 to 1.0
[2025-08-05 09:40:39,287][INFO] Adding RY(0.0, wires=[1]) decreased overlap from 1.0 to 0.3312213856860932.. skipping this gate
[2025-08-05 09:40:39,287][INFO] gradient converged
[2025-08-05 09:40:39,287][INFO] Completed VQE run 1
[2025-08-05 09:40:39,287][INFO] Final ops list: [{'name': 'RY', 'param': 2.969593964452918e-09, 'wires': [0]}]
[2025-08-05 09:40:39,287][INFO] Energy: -0.4374999999999998
