[2025-08-04 17:02:34,257][INFO] Starting VQE run 87 (seed=65014230)
[2025-08-04 17:02:34,298][INFO] Adding RY(0.0, wires=[0]) increased overlap from 0.0 to 1.0
[2025-08-04 17:02:34,335][INFO] Adding RY(0.0, wires=[1]) decreased overlap from 1.0 to 0.4629559018167891.. skipping this gate
[2025-08-04 17:02:34,335][INFO] gradient converged
[2025-08-04 17:02:34,336][INFO] Completed VQE run 1
[2025-08-04 17:02:34,336][INFO] Final ops list: [{'name': 'RY', 'param': -5.791711790714693e-09, 'wires': [0]}]
[2025-08-04 17:02:34,336][INFO] Energy: -0.4374999999999998
[2025-08-05 09:37:11,653][INFO] Starting VQE run 87 (seed=110304598)
[2025-08-05 09:37:11,698][INFO] Adding RY(0.0, wires=[0]) increased overlap from 0.0 to 1.0
[2025-08-05 09:37:11,736][INFO] Adding RY(0.0, wires=[1]) decreased overlap from 1.0 to 0.2562228570389509.. skipping this gate
[2025-08-05 09:37:11,736][INFO] gradient converged
[2025-08-05 09:37:11,736][INFO] Completed VQE run 1
[2025-08-05 09:37:11,736][INFO] Final ops list: [{'name': 'RY', 'param': 6.14758439147634e-09, 'wires': [0]}]
[2025-08-05 09:37:11,736][INFO] Energy: -0.4374999999999998
[2025-08-05 09:38:33,330][INFO] Starting VQE run 87 (seed=26976438)
[2025-08-05 09:38:33,374][INFO] Adding RY(0.0, wires=[0]) increased overlap from 0.0 to 1.0
[2025-08-05 09:38:33,412][INFO] Adding RY(0.0, wires=[1]) decreased overlap from 1.0 to 0.31580307813375375.. skipping this gate
[2025-08-05 09:38:33,412][INFO] gradient converged
[2025-08-05 09:38:33,412][INFO] Completed VQE run 1
[2025-08-05 09:38:33,412][INFO] Final ops list: [{'name': 'RY', 'param': 6.283185318100168, 'wires': [0]}]
[2025-08-05 09:38:33,412][INFO] Energy: -0.4374999999999997
[2025-08-05 09:40:39,234][INFO] Starting VQE run 87 (seed=10999998)
[2025-08-05 09:40:39,296][INFO] Adding RY(0.0, wires=[0]) increased overlap from 0.0 to 1.0
[2025-08-05 09:40:39,339][INFO] Adding RY(0.0, wires=[1]) decreased overlap from 1.0 to 0.3283287542862562.. skipping this gate
[2025-08-05 09:40:39,339][INFO] gradient converged
[2025-08-05 09:40:39,339][INFO] Completed VQE run 1
[2025-08-05 09:40:39,339][INFO] Final ops list: [{'name': 'RY', 'param': 7.239891696688636e-09, 'wires': [0]}]
[2025-08-05 09:40:39,339][INFO] Energy: -0.4374999999999998
