[2025-08-04 17:02:34,229][INFO] Starting VQE run 42 (seed=9351471)
[2025-08-04 17:02:34,278][INFO] Adding RY(0.0, wires=[0]) increased overlap from 0.0 to 1.0
[2025-08-04 17:02:34,323][INFO] Adding RY(0.0, wires=[1]) decreased overlap from 1.0 to 0.23540964094998718.. skipping this gate
[2025-08-04 17:02:34,323][INFO] gradient converged
[2025-08-04 17:02:34,323][INFO] Completed VQE run 1
[2025-08-04 17:02:34,323][INFO] Final ops list: [{'name': 'RY', 'param': -7.734965234409402e-09, 'wires': [0]}]
[2025-08-04 17:02:34,323][INFO] Energy: -0.4374999999999997
[2025-08-05 09:37:11,616][INFO] Starting VQE run 42 (seed=51956374)
[2025-08-05 09:37:11,661][INFO] Adding RY(0.0, wires=[0]) increased overlap from 0.0 to 1.0
[2025-08-05 09:37:11,704][INFO] Adding RY(0.0, wires=[1]) decreased overlap from 1.0 to 0.7182664922927929.. skipping this gate
[2025-08-05 09:37:11,704][INFO] gradient converged
[2025-08-05 09:37:11,704][INFO] Completed VQE run 1
[2025-08-05 09:37:11,704][INFO] Final ops list: [{'name': 'RY', 'param': -7.370153215214828e-09, 'wires': [0]}]
[2025-08-05 09:37:11,704][INFO] Energy: -0.4374999999999997
[2025-08-05 09:38:33,260][INFO] Starting VQE run 42 (seed=92081313)
[2025-08-05 09:38:33,311][INFO] Adding RY(0.0, wires=[0]) increased overlap from 0.0 to 1.0
[2025-08-05 09:38:33,360][INFO] Adding RY(0.0, wires=[1]) decreased overlap from 1.0 to 0.9619125062242352.. skipping this gate
[2025-08-05 09:38:33,360][INFO] gradient converged
[2025-08-05 09:38:33,360][INFO] Completed VQE run 1
[2025-08-05 09:38:33,360][INFO] Final ops list: [{'name': 'RY', 'param': 6.283185310190827, 'wires': [0]}]
[2025-08-05 09:38:33,360][INFO] Energy: -0.4374999999999998
[2025-08-05 09:40:39,199][INFO] Starting VQE run 42 (seed=76099203)
[2025-08-05 09:40:39,243][INFO] Adding RY(0.0, wires=[0]) increased overlap from 0.0 to 1.0
[2025-08-05 09:40:39,284][INFO] Adding RY(0.0, wires=[1]) decreased overlap from 1.0 to 0.7400848435410902.. skipping this gate
[2025-08-05 09:40:39,284][INFO] gradient converged
[2025-08-05 09:40:39,284][INFO] Completed VQE run 1
[2025-08-05 09:40:39,284][INFO] Final ops list: [{'name': 'RY', 'param': 6.283185296256324, 'wires': [0]}]
[2025-08-05 09:40:39,284][INFO] Energy: -0.4374999999999997
