[2025-08-04 17:02:34,260][INFO] Starting VQE run 92 (seed=71198981)
[2025-08-04 17:02:34,302][INFO] Adding RY(0.0, wires=[0]) increased overlap from 0.0 to 1.0
[2025-08-04 17:02:34,339][INFO] Adding RY(0.0, wires=[1]) decreased overlap from 1.0 to 0.8154420668221662.. skipping this gate
[2025-08-04 17:02:34,339][INFO] gradient converged
[2025-08-04 17:02:34,339][INFO] Completed VQE run 1
[2025-08-04 17:02:34,339][INFO] Final ops list: [{'name': 'RY', 'param': 6.283185304426664, 'wires': [0]}]
[2025-08-04 17:02:34,339][INFO] Energy: -0.4374999999999998
[2025-08-05 09:37:11,634][INFO] Starting VQE run 92 (seed=116787734)
[2025-08-05 09:37:11,683][INFO] Adding RY(0.0, wires=[0]) increased overlap from 0.0 to 1.0
[2025-08-05 09:37:11,723][INFO] Adding RY(0.0, wires=[1]) decreased overlap from 1.0 to 0.04727809573206184.. skipping this gate
[2025-08-05 09:37:11,723][INFO] gradient converged
[2025-08-05 09:37:11,723][INFO] Completed VQE run 1
[2025-08-05 09:37:11,723][INFO] Final ops list: [{'name': 'RY', 'param': 7.562278480623947e-09, 'wires': [0]}]
[2025-08-05 09:37:11,723][INFO] Energy: -0.4374999999999997
[2025-08-05 09:38:33,337][INFO] Starting VQE run 92 (seed=33459984)
[2025-08-05 09:38:33,374][INFO] Adding RY(0.0, wires=[0]) increased overlap from 0.0 to 1.0
[2025-08-05 09:38:33,412][INFO] Adding RY(0.0, wires=[1]) decreased overlap from 1.0 to 0.7956121666560388.. skipping this gate
[2025-08-05 09:38:33,412][INFO] gradient converged
[2025-08-05 09:38:33,412][INFO] Completed VQE run 1
[2025-08-05 09:38:33,412][INFO] Final ops list: [{'name': 'RY', 'param': -7.067102014701732e-09, 'wires': [0]}]
[2025-08-05 09:38:33,412][INFO] Energy: -0.4374999999999998
[2025-08-05 09:40:39,259][INFO] Starting VQE run 92 (seed=17484174)
[2025-08-05 09:40:39,306][INFO] Adding RY(0.0, wires=[0]) increased overlap from 0.0 to 1.0
[2025-08-05 09:40:39,344][INFO] Adding RY(0.0, wires=[1]) decreased overlap from 1.0 to 0.1516165088434718.. skipping this gate
[2025-08-05 09:40:39,344][INFO] gradient converged
[2025-08-05 09:40:39,344][INFO] Completed VQE run 1
[2025-08-05 09:40:39,344][INFO] Final ops list: [{'name': 'RY', 'param': 6.283185312168541, 'wires': [0]}]
[2025-08-05 09:40:39,344][INFO] Energy: -0.4374999999999998
