[2025-08-21 12:39:18,709][INFO] Starting VQE run 0 (seed=90925488)
[2025-08-21 12:39:18,712][INFO] EstimatorOptions(_VERSION=2, max_execution_time=Unset, environment=EnvironmentOptions(log_level='WARNING', callback=None, job_tags=None, private=False), simulator=SimulatorOptions(noise_model=Unset, seed_simulator=Unset, coupling_map=Unset, basis_gates=Unset), default_precision=Unset, default_shots=100000, resilience_level=Unset, seed_estimator=Unset, dynamical_decoupling=DynamicalDecouplingOptions(enable=Unset, sequence_type=Unset, extra_slack_distribution=Unset, scheduling_method=Unset, skip_reset_qubits=Unset), resilience=ResilienceOptionsV2(measure_mitigation=Unset, measure_noise_learning=MeasureNoiseLearningOptions(num_randomizations=Unset, shots_per_randomization=Unset), zne_mitigation=Unset, zne=ZneOptions(amplifier=Unset, noise_factors=Unset, extrapolator=Unset, extrapolated_noise_factors=Unset), pec_mitigation=Unset, pec=PecOptions(max_overhead=Unset, noise_gain=Unset), layer_noise_learning=LayerNoiseLearningOptions(max_layers_to_learn=Unset, shots_per_randomization=Unset, num_randomizations=Unset, layer_pair_depths=Unset), layer_noise_model=Unset), execution=ExecutionOptionsV2(init_qubits=Unset, rep_delay=Unset), twirling=TwirlingOptions(enable_gates=Unset, enable_measure=Unset, num_randomizations=Unset, shots_per_randomization=Unset, strategy=Unset), experimental=Unset)
[2025-08-21 12:39:19,411][INFO] Iteration 1: Energy = 15.26706324
[2025-08-21 12:39:20,085][INFO] Iteration 2: Energy = 1.03408003
[2025-08-21 12:39:20,732][INFO] Iteration 3: Energy = 1.63876119
[2025-08-21 12:39:21,430][INFO] Iteration 4: Energy = 0.92719844
[2025-08-21 12:39:22,113][INFO] Iteration 5: Energy = -0.14493624
[2025-08-21 12:39:22,814][INFO] Iteration 6: Energy = 0.08488338
[2025-08-21 12:39:23,479][INFO] Iteration 7: Energy = 0.06322207
[2025-08-21 12:39:24,293][INFO] Iteration 8: Energy = -0.15882401
[2025-08-21 12:39:25,168][INFO] Iteration 9: Energy = -0.16154630
[2025-08-21 12:39:25,967][INFO] Iteration 10: Energy = -0.15828340
[2025-08-21 12:39:26,678][INFO] Iteration 11: Energy = -0.15127511
[2025-08-21 12:39:27,378][INFO] Iteration 12: Energy = -0.18351486
[2025-08-21 12:39:28,047][INFO] Iteration 13: Energy = -0.17102423
[2025-08-21 12:39:28,730][INFO] Iteration 14: Energy = -0.18799322
[2025-08-21 12:39:28,732][INFO] Completed VQE run 0: Energy = -0.184963
[2025-08-21 12:49:48,386][INFO] Starting VQE run 0 (seed=83612997)
[2025-08-21 12:49:48,387][INFO] EstimatorOptions(_VERSION=2, max_execution_time=Unset, environment=EnvironmentOptions(log_level='WARNING', callback=None, job_tags=None, private=False), simulator=SimulatorOptions(noise_model=Unset, seed_simulator=Unset, coupling_map=Unset, basis_gates=Unset), default_precision=Unset, default_shots=100000, resilience_level=Unset, seed_estimator=Unset, dynamical_decoupling=DynamicalDecouplingOptions(enable=Unset, sequence_type=Unset, extra_slack_distribution=Unset, scheduling_method=Unset, skip_reset_qubits=Unset), resilience=ResilienceOptionsV2(measure_mitigation=Unset, measure_noise_learning=MeasureNoiseLearningOptions(num_randomizations=Unset, shots_per_randomization=Unset), zne_mitigation=Unset, zne=ZneOptions(amplifier=Unset, noise_factors=Unset, extrapolator=Unset, extrapolated_noise_factors=Unset), pec_mitigation=Unset, pec=PecOptions(max_overhead=Unset, noise_gain=Unset), layer_noise_learning=LayerNoiseLearningOptions(max_layers_to_learn=Unset, shots_per_randomization=Unset, num_randomizations=Unset, layer_pair_depths=Unset), layer_noise_model=Unset), execution=ExecutionOptionsV2(init_qubits=Unset, rep_delay=Unset), twirling=TwirlingOptions(enable_gates=Unset, enable_measure=Unset, num_randomizations=Unset, shots_per_randomization=Unset, strategy=Unset), experimental=Unset)
[2025-08-21 12:49:48,946][INFO] Iteration 1: Energy = 11.41858022
[2025-08-21 12:49:49,491][INFO] Iteration 2: Energy = 0.51393950
[2025-08-21 12:49:50,034][INFO] Iteration 3: Energy = 8.37580021
[2025-08-21 12:49:50,586][INFO] Iteration 4: Energy = -0.06075496
[2025-08-21 12:49:51,133][INFO] Iteration 5: Energy = -0.14946441
[2025-08-21 12:49:51,682][INFO] Iteration 6: Energy = 0.23851670
[2025-08-21 12:49:52,243][INFO] Iteration 7: Energy = -0.16206469
[2025-08-21 12:49:52,794][INFO] Iteration 8: Energy = -0.14318113
[2025-08-21 12:49:53,354][INFO] Iteration 9: Energy = -0.14504921
[2025-08-21 12:49:53,895][INFO] Iteration 10: Energy = -0.16862341
[2025-08-21 12:49:54,454][INFO] Iteration 11: Energy = -0.16420199
[2025-08-21 12:49:54,996][INFO] Iteration 12: Energy = -0.16200555
[2025-08-21 12:49:55,543][INFO] Iteration 13: Energy = -0.16410908
[2025-08-21 12:49:56,090][INFO] Iteration 14: Energy = -0.14950812
[2025-08-21 12:49:56,638][INFO] Iteration 15: Energy = -0.16543778
[2025-08-21 12:49:57,192][INFO] Iteration 16: Energy = -0.15433275
[2025-08-21 12:49:57,748][INFO] Iteration 17: Energy = -0.16617536
[2025-08-21 12:49:58,306][INFO] Iteration 18: Energy = -0.16917310
[2025-08-21 12:49:58,858][INFO] Iteration 19: Energy = -0.19323540
[2025-08-21 12:49:59,413][INFO] Iteration 20: Energy = -0.15461965
[2025-08-21 12:49:59,962][INFO] Iteration 21: Energy = -0.15766835
[2025-08-21 12:50:00,520][INFO] Iteration 22: Energy = -0.14618723
[2025-08-21 12:50:01,050][INFO] Iteration 23: Energy = -0.17765401
[2025-08-21 12:50:01,598][INFO] Iteration 24: Energy = -0.17219719
[2025-08-21 12:50:02,141][INFO] Iteration 25: Energy = -0.18253283
[2025-08-21 12:50:02,143][INFO] Completed VQE run 0: Energy = -0.183381
[2025-08-21 12:51:06,906][INFO] Starting VQE run 0 (seed=110842908)
[2025-08-21 12:51:06,906][INFO] EstimatorOptions(_VERSION=2, max_execution_time=Unset, environment=EnvironmentOptions(log_level='WARNING', callback=None, job_tags=None, private=False), simulator=SimulatorOptions(noise_model=Unset, seed_simulator=Unset, coupling_map=Unset, basis_gates=Unset), default_precision=Unset, default_shots=100000, resilience_level=Unset, seed_estimator=Unset, dynamical_decoupling=DynamicalDecouplingOptions(enable=Unset, sequence_type=Unset, extra_slack_distribution=Unset, scheduling_method=Unset, skip_reset_qubits=Unset), resilience=ResilienceOptionsV2(measure_mitigation=Unset, measure_noise_learning=MeasureNoiseLearningOptions(num_randomizations=Unset, shots_per_randomization=Unset), zne_mitigation=Unset, zne=ZneOptions(amplifier=Unset, noise_factors=Unset, extrapolator=Unset, extrapolated_noise_factors=Unset), pec_mitigation=Unset, pec=PecOptions(max_overhead=Unset, noise_gain=Unset), layer_noise_learning=LayerNoiseLearningOptions(max_layers_to_learn=Unset, shots_per_randomization=Unset, num_randomizations=Unset, layer_pair_depths=Unset), layer_noise_model=Unset), execution=ExecutionOptionsV2(init_qubits=Unset, rep_delay=Unset), twirling=TwirlingOptions(enable_gates=Unset, enable_measure=Unset, num_randomizations=Unset, shots_per_randomization=Unset, strategy=Unset), experimental=Unset)
[2025-08-21 12:51:07,469][INFO] Iteration 1: Energy = 14.78607970
[2025-08-21 12:51:08,028][INFO] Iteration 2: Energy = 0.12021412
[2025-08-21 12:51:08,580][INFO] Iteration 3: Energy = 3.27993642
[2025-08-21 12:51:09,139][INFO] Iteration 4: Energy = 0.91335696
[2025-08-21 12:51:09,697][INFO] Iteration 5: Energy = 2.74427679
[2025-08-21 12:51:10,248][INFO] Iteration 6: Energy = -0.15194604
[2025-08-21 12:51:10,805][INFO] Iteration 7: Energy = 0.05652403
[2025-08-21 12:51:11,360][INFO] Iteration 8: Energy = -0.14067799
[2025-08-21 12:51:11,903][INFO] Iteration 9: Energy = -0.13809115
[2025-08-21 12:51:12,443][INFO] Iteration 10: Energy = -0.15492475
[2025-08-21 12:51:12,992][INFO] Iteration 11: Energy = -0.18329025
[2025-08-21 12:51:13,544][INFO] Iteration 12: Energy = -0.16870315
[2025-08-21 12:51:14,083][INFO] Iteration 13: Energy = -0.12722548
[2025-08-21 12:51:14,624][INFO] Iteration 14: Energy = -0.14096527
[2025-08-21 12:51:15,176][INFO] Iteration 15: Energy = -0.13876525
[2025-08-21 12:51:15,719][INFO] Iteration 16: Energy = -0.18416801
[2025-08-21 12:51:16,277][INFO] Iteration 17: Energy = -0.17634440
[2025-08-21 12:51:16,826][INFO] Iteration 18: Energy = -0.16392082
[2025-08-21 12:51:17,386][INFO] Iteration 19: Energy = -0.16476877
[2025-08-21 12:51:17,940][INFO] Iteration 20: Energy = -0.16850656
[2025-08-21 12:51:18,503][INFO] Iteration 21: Energy = -0.17672272
[2025-08-21 12:51:19,065][INFO] Iteration 22: Energy = -0.17449511
[2025-08-21 12:51:19,619][INFO] Iteration 23: Energy = -0.14705328
[2025-08-21 12:51:20,177][INFO] Iteration 24: Energy = -0.17515513
[2025-08-21 12:51:20,730][INFO] Iteration 25: Energy = -0.14705798
[2025-08-21 12:51:21,290][INFO] Iteration 26: Energy = -0.19001057
[2025-08-21 12:51:21,936][INFO] Iteration 27: Energy = -0.18013638
[2025-08-21 12:51:22,622][INFO] Iteration 28: Energy = -0.15888018
[2025-08-21 12:51:23,279][INFO] Iteration 29: Energy = -0.16529158
[2025-08-21 12:51:23,938][INFO] Iteration 30: Energy = -0.17097431
[2025-08-21 12:51:24,592][INFO] Iteration 31: Energy = -0.15458232
[2025-08-21 12:51:25,261][INFO] Iteration 32: Energy = -0.12614112
[2025-08-21 12:51:25,939][INFO] Iteration 33: Energy = -0.16028793
[2025-08-21 12:51:26,620][INFO] Iteration 34: Energy = -0.16187594
[2025-08-21 12:51:27,305][INFO] Iteration 35: Energy = -0.14830094
[2025-08-21 12:51:27,981][INFO] Iteration 36: Energy = -0.15999213
[2025-08-21 12:51:28,659][INFO] Iteration 37: Energy = -0.17015643
[2025-08-21 12:51:29,318][INFO] Iteration 38: Energy = -0.13285972
[2025-08-21 12:51:29,988][INFO] Iteration 39: Energy = -0.17452245
[2025-08-21 12:51:30,644][INFO] Iteration 40: Energy = -0.15818886
[2025-08-21 12:51:31,301][INFO] Iteration 41: Energy = -0.15156615
[2025-08-21 12:51:31,965][INFO] Iteration 42: Energy = -0.15911932
[2025-08-21 12:51:32,621][INFO] Iteration 43: Energy = -0.13955776
[2025-08-21 12:51:32,626][INFO] Completed VQE run 0: Energy = -0.190947
