[2026-02-13 15:57:45,198][INFO] Running VQE for linear potential and cutoff 16
[2026-02-13 15:57:45,202][INFO] Truncation: {'m': 212, 'n': 2211, 'keep_frac_terms': 0.09588421528720036, 'keep_ratio': 0.999, 'truncated': 1.377312853455578, 'total_weight': 1381.999999999984}
[2026-02-13 15:57:45,231][INFO] min_eigenvalue: 3.9321294598410086e-15
[2026-02-13 15:57:47,558][INFO] []
[2026-02-13 15:57:47,559][INFO] [Run 2] Running for Krylov dimension 1
[2026-02-13 15:57:48,937][INFO] [Run 2]
{
    "raw_unique_basis_states": 3816,
    "fermion_basis_rejected": 0,
    "kept_unique_basis_states": 3816,
    "fermion_shots_rejected": 0,
    "kept_shots": 70000
}
[2026-02-13 15:58:07,662][INFO] [Run 2]
{
    "D": 1,
    "t": 1.0,
    "num_trotter_steps": 1,
    "circuit_time": "0:00:01.225173",
    "shot_processing": {
        "raw_unique_basis_states": 3816,
        "fermion_basis_rejected": 0,
        "kept_unique_basis_states": 3816,
        "fermion_shots_rejected": 0,
        "kept_shots": 70000
    },
    "new_basis_count": 3816,
    "total_basis_count": 3816,
    "H_reduced_size": [
        3816,
        3816
    ],
    "reduction": 99.63607788085938,
    "H_reduced_e": 0.0006748495414197058,
    "used_dense": false,
    "eigenvalue_time": "0:00:00.035710",
    "diff": 0.0006748495414157737,
    "change_from_prev": null,
    "circuit_cost": {
        "depth": 826,
        "size": 2758,
        "num_2q_ops": 647,
        "depth_2q": 273,
        "count_ops": {
            "rz": 960,
            "sx": 912,
            "cz": 647,
            "x": 219,
            "measure": 20,
            "barrier": 1
        }
    }
}
[2026-02-13 15:58:07,662][INFO] [Run 2] Running for Krylov dimension 2
[2026-02-13 15:58:08,805][INFO] [Run 2]
{
    "raw_unique_basis_states": 14755,
    "fermion_basis_rejected": 0,
    "kept_unique_basis_states": 14755,
    "fermion_shots_rejected": 0,
    "kept_shots": 70000
}
[2026-02-13 15:59:33,521][INFO] [Run 2]
{
    "D": 2,
    "t": 2.0,
    "num_trotter_steps": 1,
    "circuit_time": "0:00:01.044066",
    "shot_processing": {
        "raw_unique_basis_states": 14755,
        "fermion_basis_rejected": 0,
        "kept_unique_basis_states": 14755,
        "fermion_shots_rejected": 0,
        "kept_shots": 70000
    },
    "new_basis_count": 12650,
    "total_basis_count": 16466,
    "H_reduced_size": [
        16466,
        16466
    ],
    "reduction": 98.42967987060547,
    "H_reduced_e": 0.0002612866281533084,
    "used_dense": false,
    "eigenvalue_time": "0:00:00.161291",
    "diff": 0.00026128662814937627,
    "change_from_prev": 0.00041356291326639737,
    "circuit_cost": {
        "depth": 819,
        "size": 2742,
        "num_2q_ops": 647,
        "depth_2q": 273,
        "count_ops": {
            "rz": 952,
            "sx": 912,
            "cz": 647,
            "x": 211,
            "measure": 20,
            "barrier": 1
        }
    }
}
[2026-02-13 15:59:33,521][INFO] [Run 2] Running for Krylov dimension 3
[2026-02-13 15:59:34,581][INFO] [Run 2]
{
    "raw_unique_basis_states": 3639,
    "fermion_basis_rejected": 0,
    "kept_unique_basis_states": 3639,
    "fermion_shots_rejected": 0,
    "kept_shots": 70000
}
[2026-02-13 16:01:09,797][INFO] [Run 2]
{
    "D": 3,
    "t": 3.0,
    "num_trotter_steps": 1,
    "circuit_time": "0:00:00.978294",
    "shot_processing": {
        "raw_unique_basis_states": 3639,
        "fermion_basis_rejected": 0,
        "kept_unique_basis_states": 3639,
        "fermion_shots_rejected": 0,
        "kept_shots": 70000
    },
    "new_basis_count": 1794,
    "total_basis_count": 18260,
    "H_reduced_size": [
        18260,
        18260
    ],
    "reduction": 98.25859069824219,
    "H_reduced_e": 0.00026128654940505347,
    "used_dense": false,
    "eigenvalue_time": "0:00:00.180273",
    "diff": 0.00026128654940112134,
    "change_from_prev": 7.874825493298446e-11,
    "circuit_cost": {
        "depth": 819,
        "size": 2744,
        "num_2q_ops": 647,
        "depth_2q": 273,
        "count_ops": {
            "rz": 956,
            "sx": 912,
            "cz": 647,
            "x": 209,
            "measure": 20,
            "barrier": 1
        }
    }
}
[2026-02-13 16:01:09,798][INFO] [Run 2] Running for Krylov dimension 4
[2026-02-13 16:01:10,914][INFO] [Run 2]
{
    "raw_unique_basis_states": 12995,
    "fermion_basis_rejected": 0,
    "kept_unique_basis_states": 12995,
    "fermion_shots_rejected": 0,
    "kept_shots": 70000
}
[2026-02-13 16:03:19,914][INFO] [Run 2]
{
    "D": 4,
    "t": 4.0,
    "num_trotter_steps": 1,
    "circuit_time": "0:00:01.021042",
    "shot_processing": {
        "raw_unique_basis_states": 12995,
        "fermion_basis_rejected": 0,
        "kept_unique_basis_states": 12995,
        "fermion_shots_rejected": 0,
        "kept_shots": 70000
    },
    "new_basis_count": 6053,
    "total_basis_count": 24313,
    "H_reduced_size": [
        24313,
        24313
    ],
    "reduction": 97.68133163452148,
    "H_reduced_e": 0.0002612715226965241,
    "used_dense": false,
    "eigenvalue_time": "0:00:00.264461",
    "diff": 0.000261271522692592,
    "change_from_prev": 1.5026708529341983e-08,
    "circuit_cost": {
        "depth": 826,
        "size": 2756,
        "num_2q_ops": 647,
        "depth_2q": 273,
        "count_ops": {
            "rz": 961,
            "sx": 912,
            "cz": 647,
            "x": 216,
            "measure": 20,
            "barrier": 1
        }
    }
}
[2026-02-13 16:03:19,914][INFO] [Run 2] Running for Krylov dimension 5
[2026-02-13 16:03:21,134][INFO] [Run 2]
{
    "raw_unique_basis_states": 18025,
    "fermion_basis_rejected": 0,
    "kept_unique_basis_states": 18025,
    "fermion_shots_rejected": 0,
    "kept_shots": 70000
}
