[2026-02-13 16:02:28,204][INFO] Running VQE for linear potential and cutoff 16
[2026-02-13 16:02:28,207][INFO] Truncation: {'m': 212, 'n': 2211, 'keep_frac_terms': 0.09588421528720036, 'keep_ratio': 0.999, 'truncated': 1.377312853455578, 'total_weight': 1381.999999999984}
[2026-02-13 16:02:28,235][INFO] min_eigenvalue: 3.9321294598410086e-15
[2026-02-13 16:02:30,594][INFO] []
[2026-02-13 16:02:30,595][INFO] [Run 8] Running for Krylov dimension 1
[2026-02-13 16:02:31,759][INFO] [Run 8]
{
    "raw_unique_basis_states": 3897,
    "fermion_basis_rejected": 0,
    "kept_unique_basis_states": 3897,
    "fermion_shots_rejected": 0,
    "kept_shots": 70000
}
[2026-02-13 16:02:52,189][INFO] [Run 8]
{
    "D": 1,
    "t": 1.0,
    "num_trotter_steps": 1,
    "circuit_time": "0:00:01.065001",
    "shot_processing": {
        "raw_unique_basis_states": 3897,
        "fermion_basis_rejected": 0,
        "kept_unique_basis_states": 3897,
        "fermion_shots_rejected": 0,
        "kept_shots": 70000
    },
    "new_basis_count": 3897,
    "total_basis_count": 3897,
    "H_reduced_size": [
        3897,
        3897
    ],
    "reduction": 99.62835311889648,
    "H_reduced_e": 0.00029622726275724677,
    "used_dense": false,
    "eigenvalue_time": "0:00:00.027293",
    "diff": 0.00029622726275331464,
    "change_from_prev": null,
    "circuit_cost": {
        "depth": 826,
        "size": 2758,
        "num_2q_ops": 647,
        "depth_2q": 273,
        "count_ops": {
            "rz": 960,
            "sx": 912,
            "cz": 647,
            "x": 219,
            "measure": 20,
            "barrier": 1
        }
    }
}
[2026-02-13 16:02:52,189][INFO] [Run 8] Running for Krylov dimension 2
[2026-02-13 16:02:53,322][INFO] [Run 8]
{
    "raw_unique_basis_states": 14876,
    "fermion_basis_rejected": 0,
    "kept_unique_basis_states": 14876,
    "fermion_shots_rejected": 0,
    "kept_shots": 70000
}
[2026-02-13 16:04:26,331][INFO] [Run 8]
{
    "D": 2,
    "t": 2.0,
    "num_trotter_steps": 1,
    "circuit_time": "0:00:01.036332",
    "shot_processing": {
        "raw_unique_basis_states": 14876,
        "fermion_basis_rejected": 0,
        "kept_unique_basis_states": 14876,
        "fermion_shots_rejected": 0,
        "kept_shots": 70000
    },
    "new_basis_count": 12686,
    "total_basis_count": 16583,
    "H_reduced_size": [
        16583,
        16583
    ],
    "reduction": 98.41852188110352,
    "H_reduced_e": 0.00026016993720242323,
    "used_dense": false,
    "eigenvalue_time": "0:00:00.176999",
    "diff": 0.0002601699371984911,
    "change_from_prev": 3.6057325554823534e-05,
    "circuit_cost": {
        "depth": 819,
        "size": 2742,
        "num_2q_ops": 647,
        "depth_2q": 273,
        "count_ops": {
            "rz": 952,
            "sx": 912,
            "cz": 647,
            "x": 211,
            "measure": 20,
            "barrier": 1
        }
    }
}
[2026-02-13 16:04:26,332][INFO] [Run 8] Running for Krylov dimension 3
[2026-02-13 16:04:27,368][INFO] [Run 8]
{
    "raw_unique_basis_states": 3661,
    "fermion_basis_rejected": 0,
    "kept_unique_basis_states": 3661,
    "fermion_shots_rejected": 0,
    "kept_shots": 70000
}
[2026-02-13 16:06:11,537][INFO] [Run 8]
{
    "D": 3,
    "t": 3.0,
    "num_trotter_steps": 1,
    "circuit_time": "0:00:00.958516",
    "shot_processing": {
        "raw_unique_basis_states": 3661,
        "fermion_basis_rejected": 0,
        "kept_unique_basis_states": 3661,
        "fermion_shots_rejected": 0,
        "kept_shots": 70000
    },
    "new_basis_count": 1830,
    "total_basis_count": 18413,
    "H_reduced_size": [
        18413,
        18413
    ],
    "reduction": 98.24399948120117,
    "H_reduced_e": 0.0002601699221352674,
    "used_dense": false,
    "eigenvalue_time": "0:00:00.180207",
    "diff": 0.00026016992213133525,
    "change_from_prev": 1.506715585630758e-11,
    "circuit_cost": {
        "depth": 819,
        "size": 2744,
        "num_2q_ops": 647,
        "depth_2q": 273,
        "count_ops": {
            "rz": 956,
            "sx": 912,
            "cz": 647,
            "x": 209,
            "measure": 20,
            "barrier": 1
        }
    }
}
[2026-02-13 16:06:11,537][INFO] [Run 8] Running for Krylov dimension 4
[2026-02-13 16:06:12,632][INFO] [Run 8]
{
    "raw_unique_basis_states": 13092,
    "fermion_basis_rejected": 0,
    "kept_unique_basis_states": 13092,
    "fermion_shots_rejected": 0,
    "kept_shots": 70000
}
