[2026-02-13 15:56:45,883][INFO] Running VQE for linear potential and cutoff 16
[2026-02-13 15:56:45,885][INFO] Truncation: {'m': 212, 'n': 2211, 'keep_frac_terms': 0.09588421528720036, 'keep_ratio': 0.999, 'truncated': 1.377312853455578, 'total_weight': 1381.999999999984}
[2026-02-13 15:56:45,910][INFO] min_eigenvalue: 3.9321294598410086e-15
[2026-02-13 15:56:48,050][INFO] []
[2026-02-13 15:56:48,051][INFO] [Run 1] Running for Krylov dimension 1
[2026-02-13 15:56:49,145][INFO] [Run 1]
{
    "raw_unique_basis_states": 3808,
    "fermion_basis_rejected": 0,
    "kept_unique_basis_states": 3808,
    "fermion_shots_rejected": 0,
    "kept_shots": 70000
}
[2026-02-13 15:57:05,112][INFO] [Run 1]
{
    "D": 1,
    "t": 1.0,
    "num_trotter_steps": 1,
    "circuit_time": "0:00:01.000523",
    "shot_processing": {
        "raw_unique_basis_states": 3808,
        "fermion_basis_rejected": 0,
        "kept_unique_basis_states": 3808,
        "fermion_shots_rejected": 0,
        "kept_shots": 70000
    },
    "new_basis_count": 3808,
    "total_basis_count": 3808,
    "H_reduced_size": [
        3808,
        3808
    ],
    "reduction": 99.6368408203125,
    "H_reduced_e": 0.0002725279006607713,
    "used_dense": false,
    "eigenvalue_time": "0:00:00.026413",
    "diff": 0.00027252790065683915,
    "change_from_prev": null,
    "circuit_cost": {
        "depth": 826,
        "size": 2758,
        "num_2q_ops": 647,
        "depth_2q": 273,
        "count_ops": {
            "rz": 960,
            "sx": 912,
            "cz": 647,
            "x": 219,
            "measure": 20,
            "barrier": 1
        }
    }
}
[2026-02-13 15:57:05,113][INFO] [Run 1] Running for Krylov dimension 2
[2026-02-13 15:57:06,146][INFO] [Run 1]
{
    "raw_unique_basis_states": 14920,
    "fermion_basis_rejected": 0,
    "kept_unique_basis_states": 14920,
    "fermion_shots_rejected": 0,
    "kept_shots": 70000
}
[2026-02-13 15:58:21,848][INFO] [Run 1]
{
    "D": 2,
    "t": 2.0,
    "num_trotter_steps": 1,
    "circuit_time": "0:00:00.935416",
    "shot_processing": {
        "raw_unique_basis_states": 14920,
        "fermion_basis_rejected": 0,
        "kept_unique_basis_states": 14920,
        "fermion_shots_rejected": 0,
        "kept_shots": 70000
    },
    "new_basis_count": 12756,
    "total_basis_count": 16564,
    "H_reduced_size": [
        16564,
        16564
    ],
    "reduction": 98.42033386230469,
    "H_reduced_e": 0.0002720021237169443,
    "used_dense": false,
    "eigenvalue_time": "0:00:00.143363",
    "diff": 0.0002720021237130122,
    "change_from_prev": 5.257769438269549e-07,
    "circuit_cost": {
        "depth": 819,
        "size": 2742,
        "num_2q_ops": 647,
        "depth_2q": 273,
        "count_ops": {
            "rz": 952,
            "sx": 912,
            "cz": 647,
            "x": 211,
            "measure": 20,
            "barrier": 1
        }
    }
}
[2026-02-13 15:58:21,848][INFO] [Run 1] Running for Krylov dimension 3
[2026-02-13 15:58:22,806][INFO] [Run 1]
{
    "raw_unique_basis_states": 3656,
    "fermion_basis_rejected": 0,
    "kept_unique_basis_states": 3656,
    "fermion_shots_rejected": 0,
    "kept_shots": 70000
}
[2026-02-13 15:59:47,287][INFO] [Run 1]
{
    "D": 3,
    "t": 3.0,
    "num_trotter_steps": 1,
    "circuit_time": "0:00:00.886538",
    "shot_processing": {
        "raw_unique_basis_states": 3656,
        "fermion_basis_rejected": 0,
        "kept_unique_basis_states": 3656,
        "fermion_shots_rejected": 0,
        "kept_shots": 70000
    },
    "new_basis_count": 1798,
    "total_basis_count": 18362,
    "H_reduced_size": [
        18362,
        18362
    ],
    "reduction": 98.24886322021484,
    "H_reduced_e": 0.00027200211952725504,
    "used_dense": false,
    "eigenvalue_time": "0:00:00.164300",
    "diff": 0.0002720021195233229,
    "change_from_prev": 4.1896892856094214e-12,
    "circuit_cost": {
        "depth": 819,
        "size": 2744,
        "num_2q_ops": 647,
        "depth_2q": 273,
        "count_ops": {
            "rz": 956,
            "sx": 912,
            "cz": 647,
            "x": 209,
            "measure": 20,
            "barrier": 1
        }
    }
}
[2026-02-13 15:59:47,287][INFO] [Run 1] Running for Krylov dimension 4
[2026-02-13 15:59:48,275][INFO] [Run 1]
{
    "raw_unique_basis_states": 13007,
    "fermion_basis_rejected": 0,
    "kept_unique_basis_states": 13007,
    "fermion_shots_rejected": 0,
    "kept_shots": 70000
}
[2026-02-13 16:01:42,915][INFO] [Run 1]
{
    "D": 4,
    "t": 4.0,
    "num_trotter_steps": 1,
    "circuit_time": "0:00:00.901230",
    "shot_processing": {
        "raw_unique_basis_states": 13007,
        "fermion_basis_rejected": 0,
        "kept_unique_basis_states": 13007,
        "fermion_shots_rejected": 0,
        "kept_shots": 70000
    },
    "new_basis_count": 6073,
    "total_basis_count": 24435,
    "H_reduced_size": [
        24435,
        24435
    ],
    "reduction": 97.66969680786133,
    "H_reduced_e": 0.00027074961570327437,
    "used_dense": false,
    "eigenvalue_time": "0:00:00.250586",
    "diff": 0.00027074961569934224,
    "change_from_prev": 1.2525038239806713e-06,
    "circuit_cost": {
        "depth": 826,
        "size": 2756,
        "num_2q_ops": 647,
        "depth_2q": 273,
        "count_ops": {
            "rz": 961,
            "sx": 912,
            "cz": 647,
            "x": 216,
            "measure": 20,
            "barrier": 1
        }
    }
}
[2026-02-13 16:01:42,916][INFO] [Run 1] Running for Krylov dimension 5
[2026-02-13 16:01:44,011][INFO] [Run 1]
{
    "raw_unique_basis_states": 18049,
    "fermion_basis_rejected": 0,
    "kept_unique_basis_states": 18049,
    "fermion_shots_rejected": 0,
    "kept_shots": 70000
}
[2026-02-13 16:04:33,867][INFO] [Run 1]
{
    "D": 5,
    "t": 5.0,
    "num_trotter_steps": 1,
    "circuit_time": "0:00:01.001042",
    "shot_processing": {
        "raw_unique_basis_states": 18049,
        "fermion_basis_rejected": 0,
        "kept_unique_basis_states": 18049,
        "fermion_shots_rejected": 0,
        "kept_shots": 70000
    },
    "new_basis_count": 11012,
    "total_basis_count": 35447,
    "H_reduced_size": [
        35447,
        35447
    ],
    "reduction": 96.61951065063477,
    "H_reduced_e": 0.00027070318876452437,
    "used_dense": false,
    "eigenvalue_time": "0:00:00.418055",
    "diff": 0.00027070318876059224,
    "change_from_prev": 4.6426938749997895e-08,
    "circuit_cost": {
        "depth": 822,
        "size": 2739,
        "num_2q_ops": 647,
        "depth_2q": 273,
        "count_ops": {
            "rz": 947,
            "sx": 912,
            "cz": 647,
            "x": 213,
            "measure": 20,
            "barrier": 1
        }
    }
}
[2026-02-13 16:04:33,868][INFO] [Run 1] Running for Krylov dimension 6
[2026-02-13 16:04:34,966][INFO] [Run 1]
{
    "raw_unique_basis_states": 2712,
    "fermion_basis_rejected": 0,
    "kept_unique_basis_states": 2712,
    "fermion_shots_rejected": 0,
    "kept_shots": 70000
}
