[2026-02-13 15:58:07,747][INFO] Running VQE for linear potential and cutoff 16
[2026-02-13 15:58:07,751][INFO] Truncation: {'m': 212, 'n': 2211, 'keep_frac_terms': 0.09588421528720036, 'keep_ratio': 0.999, 'truncated': 1.377312853455578, 'total_weight': 1381.999999999984}
[2026-02-13 15:58:07,777][INFO] min_eigenvalue: 3.9321294598410086e-15
[2026-02-13 15:58:09,803][INFO] []
[2026-02-13 15:58:09,804][INFO] [Run 3] Running for Krylov dimension 1
[2026-02-13 15:58:10,989][INFO] [Run 3]
{
    "raw_unique_basis_states": 3838,
    "fermion_basis_rejected": 0,
    "kept_unique_basis_states": 3838,
    "fermion_shots_rejected": 0,
    "kept_shots": 70000
}
[2026-02-13 15:58:27,241][INFO] [Run 3]
{
    "D": 1,
    "t": 1.0,
    "num_trotter_steps": 1,
    "circuit_time": "0:00:01.049374",
    "shot_processing": {
        "raw_unique_basis_states": 3838,
        "fermion_basis_rejected": 0,
        "kept_unique_basis_states": 3838,
        "fermion_shots_rejected": 0,
        "kept_shots": 70000
    },
    "new_basis_count": 3838,
    "total_basis_count": 3838,
    "H_reduced_size": [
        3838,
        3838
    ],
    "reduction": 99.63397979736328,
    "H_reduced_e": 0.00031148015904235876,
    "used_dense": false,
    "eigenvalue_time": "0:00:00.032185",
    "diff": 0.0003114801590384266,
    "change_from_prev": null,
    "circuit_cost": {
        "depth": 826,
        "size": 2758,
        "num_2q_ops": 647,
        "depth_2q": 273,
        "count_ops": {
            "rz": 960,
            "sx": 912,
            "cz": 647,
            "x": 219,
            "measure": 20,
            "barrier": 1
        }
    }
}
[2026-02-13 15:58:27,241][INFO] [Run 3] Running for Krylov dimension 2
[2026-02-13 15:58:28,276][INFO] [Run 3]
{
    "raw_unique_basis_states": 14859,
    "fermion_basis_rejected": 0,
    "kept_unique_basis_states": 14859,
    "fermion_shots_rejected": 0,
    "kept_shots": 70000
}
[2026-02-13 15:59:43,595][INFO] [Run 3]
{
    "D": 2,
    "t": 2.0,
    "num_trotter_steps": 1,
    "circuit_time": "0:00:00.946250",
    "shot_processing": {
        "raw_unique_basis_states": 14859,
        "fermion_basis_rejected": 0,
        "kept_unique_basis_states": 14859,
        "fermion_shots_rejected": 0,
        "kept_shots": 70000
    },
    "new_basis_count": 12649,
    "total_basis_count": 16487,
    "H_reduced_size": [
        16487,
        16487
    ],
    "reduction": 98.42767715454102,
    "H_reduced_e": 0.0002776112785464175,
    "used_dense": false,
    "eigenvalue_time": "0:00:00.143604",
    "diff": 0.0002776112785424854,
    "change_from_prev": 3.3868880495941235e-05,
    "circuit_cost": {
        "depth": 819,
        "size": 2742,
        "num_2q_ops": 647,
        "depth_2q": 273,
        "count_ops": {
            "rz": 952,
            "sx": 912,
            "cz": 647,
            "x": 211,
            "measure": 20,
            "barrier": 1
        }
    }
}
[2026-02-13 15:59:43,595][INFO] [Run 3] Running for Krylov dimension 3
[2026-02-13 15:59:44,551][INFO] [Run 3]
{
    "raw_unique_basis_states": 3656,
    "fermion_basis_rejected": 0,
    "kept_unique_basis_states": 3656,
    "fermion_shots_rejected": 0,
    "kept_shots": 70000
}
[2026-02-13 16:01:09,095][INFO] [Run 3]
{
    "D": 3,
    "t": 3.0,
    "num_trotter_steps": 1,
    "circuit_time": "0:00:00.884337",
    "shot_processing": {
        "raw_unique_basis_states": 3656,
        "fermion_basis_rejected": 0,
        "kept_unique_basis_states": 3656,
        "fermion_shots_rejected": 0,
        "kept_shots": 70000
    },
    "new_basis_count": 1844,
    "total_basis_count": 18331,
    "H_reduced_size": [
        18331,
        18331
    ],
    "reduction": 98.2518196105957,
    "H_reduced_e": 0.0002776110495495253,
    "used_dense": false,
    "eigenvalue_time": "0:00:00.165439",
    "diff": 0.0002776110495455932,
    "change_from_prev": 2.2899689219521568e-10,
    "circuit_cost": {
        "depth": 819,
        "size": 2744,
        "num_2q_ops": 647,
        "depth_2q": 273,
        "count_ops": {
            "rz": 956,
            "sx": 912,
            "cz": 647,
            "x": 209,
            "measure": 20,
            "barrier": 1
        }
    }
}
[2026-02-13 16:01:09,095][INFO] [Run 3] Running for Krylov dimension 4
[2026-02-13 16:01:10,100][INFO] [Run 3]
{
    "raw_unique_basis_states": 12943,
    "fermion_basis_rejected": 0,
    "kept_unique_basis_states": 12943,
    "fermion_shots_rejected": 0,
    "kept_shots": 70000
}
[2026-02-13 16:03:04,196][INFO] [Run 3]
{
    "D": 4,
    "t": 4.0,
    "num_trotter_steps": 1,
    "circuit_time": "0:00:00.919082",
    "shot_processing": {
        "raw_unique_basis_states": 12943,
        "fermion_basis_rejected": 0,
        "kept_unique_basis_states": 12943,
        "fermion_shots_rejected": 0,
        "kept_shots": 70000
    },
    "new_basis_count": 6028,
    "total_basis_count": 24359,
    "H_reduced_size": [
        24359,
        24359
    ],
    "reduction": 97.67694473266602,
    "H_reduced_e": 0.00027760857117339465,
    "used_dense": false,
    "eigenvalue_time": "0:00:00.265800",
    "diff": 0.0002776085711694625,
    "change_from_prev": 2.4783761306775877e-09,
    "circuit_cost": {
        "depth": 826,
        "size": 2756,
        "num_2q_ops": 647,
        "depth_2q": 273,
        "count_ops": {
            "rz": 961,
            "sx": 912,
            "cz": 647,
            "x": 216,
            "measure": 20,
            "barrier": 1
        }
    }
}
[2026-02-13 16:03:04,196][INFO] [Run 3] Running for Krylov dimension 5
[2026-02-13 16:03:06,019][INFO] [Run 3]
{
    "raw_unique_basis_states": 8911,
    "fermion_basis_rejected": 0,
    "kept_unique_basis_states": 8911,
    "fermion_shots_rejected": 0,
    "kept_shots": 70000
}
[2026-02-13 16:05:22,924][INFO] [Run 3]
{
    "D": 5,
    "t": 2.5,
    "num_trotter_steps": 2,
    "circuit_time": "0:00:01.694632",
    "shot_processing": {
        "raw_unique_basis_states": 8911,
        "fermion_basis_rejected": 0,
        "kept_unique_basis_states": 8911,
        "fermion_shots_rejected": 0,
        "kept_shots": 70000
    },
    "new_basis_count": 4386,
    "total_basis_count": 28745,
    "H_reduced_size": [
        28745,
        28745
    ],
    "reduction": 97.25866317749023,
    "H_reduced_e": 0.0002590183360541699,
    "used_dense": false,
    "eigenvalue_time": "0:00:00.327179",
    "diff": 0.0002590183360502378,
    "change_from_prev": 1.8590235119224732e-05,
    "circuit_cost": {
        "depth": 1640,
        "size": 5488,
        "num_2q_ops": 1294,
        "depth_2q": 544,
        "count_ops": {
            "rz": 1917,
            "sx": 1823,
            "cz": 1294,
            "x": 434,
            "measure": 20,
            "barrier": 1
        }
    }
}
[2026-02-13 16:05:22,924][INFO] [Run 3] Running for Krylov dimension 6
[2026-02-13 16:05:24,759][INFO] [Run 3]
{
    "raw_unique_basis_states": 7565,
    "fermion_basis_rejected": 0,
    "kept_unique_basis_states": 7565,
    "fermion_shots_rejected": 0,
    "kept_shots": 70000
}
