[2025-10-03 12:06:21,783][INFO] Running VQE using ibm_kingston backend
[2025-10-03 12:06:21,783][INFO] Running VQE using CQAVQE_QHO_exact ansatz with 1 params
[2025-10-03 12:06:25,056][INFO] Starting VQE run 1 (seed=33325701)
[2025-10-03 12:06:27,054][INFO] Session ID: 3ab12429-d138-4a15-93f9-5a0b6f847fb9
[2025-10-03 12:06:27,054][INFO] EstimatorOptions(_VERSION=2, max_execution_time=Unset, environment=EnvironmentOptions(log_level='WARNING', callback=None, job_tags=None, private=False), simulator=SimulatorOptions(noise_model=Unset, seed_simulator=Unset, coupling_map=Unset, basis_gates=Unset), default_precision=Unset, default_shots=4096, resilience_level=0, seed_estimator=Unset, dynamical_decoupling=DynamicalDecouplingOptions(enable=Unset, sequence_type=Unset, extra_slack_distribution=Unset, scheduling_method=Unset, skip_reset_qubits=Unset), resilience=ResilienceOptionsV2(measure_mitigation=Unset, measure_noise_learning=MeasureNoiseLearningOptions(num_randomizations=Unset, shots_per_randomization=Unset), zne_mitigation=Unset, zne=ZneOptions(amplifier=Unset, noise_factors=Unset, extrapolator=Unset, extrapolated_noise_factors=Unset), pec_mitigation=Unset, pec=PecOptions(max_overhead=Unset, noise_gain=Unset), layer_noise_learning=LayerNoiseLearningOptions(max_layers_to_learn=Unset, shots_per_randomization=Unset, num_randomizations=Unset, layer_pair_depths=Unset), layer_noise_model=Unset), execution=ExecutionOptionsV2(init_qubits=Unset, rep_delay=Unset), twirling=TwirlingOptions(enable_gates=Unset, enable_measure=Unset, num_randomizations=Unset, shots_per_randomization=Unset, strategy=Unset), experimental=Unset)
[2025-10-03 12:25:41,416][INFO] Iteration 1: Energy = 0.22680664
[2025-10-03 12:25:49,972][INFO] Iteration 2: Energy = 0.66528320
[2025-10-03 12:25:58,631][INFO] Iteration 3: Energy = 0.00830078
[2025-10-03 12:26:06,772][INFO] Iteration 4: Energy = 0.00805664
[2025-10-03 12:26:14,147][INFO] Iteration 5: Energy = 0.01831055
[2025-10-03 12:26:23,251][INFO] Iteration 6: Energy = 0.00683594
[2025-10-03 12:26:32,114][INFO] Iteration 7: Energy = 0.00927734
[2025-10-03 12:26:40,143][INFO] Iteration 8: Energy = 0.00903320
[2025-10-03 12:26:47,884][INFO] Iteration 9: Energy = 0.00756836
[2025-10-03 12:26:55,421][INFO] Iteration 10: Energy = 0.00634766
[2025-10-03 12:27:04,204][INFO] Iteration 11: Energy = 0.00805664
[2025-10-03 12:27:11,642][INFO] Iteration 12: Energy = 0.00659180
[2025-10-03 12:27:19,320][INFO] Iteration 13: Energy = 0.00683594
[2025-10-03 12:27:28,301][INFO] Iteration 14: Energy = 0.00561523
[2025-10-03 12:27:36,211][INFO] Iteration 15: Energy = 0.00732422
[2025-10-03 12:27:44,711][INFO] Iteration 16: Energy = 0.00781250
[2025-10-03 12:27:52,462][INFO] Iteration 17: Energy = 0.00439453
[2025-10-03 12:27:59,814][INFO] Iteration 18: Energy = 0.00781250
[2025-10-03 12:28:08,004][INFO] Iteration 19: Energy = 0.01098633
[2025-10-03 12:28:15,782][INFO] Iteration 20: Energy = 0.00756836
[2025-10-03 12:28:25,145][INFO] Iteration 21: Energy = 0.01025391
[2025-10-03 12:28:32,760][INFO] Iteration 22: Energy = 0.00488281
[2025-10-03 12:28:41,300][INFO] Iteration 23: Energy = 0.00683594
[2025-10-03 12:28:48,974][INFO] Iteration 24: Energy = 0.00805664
[2025-10-03 12:28:56,477][INFO] Iteration 25: Energy = 0.00634766
[2025-10-03 12:29:05,143][INFO] Iteration 26: Energy = 0.00756836
[2025-10-03 12:29:13,446][INFO] Iteration 27: Energy = 0.00976562
[2025-10-03 12:29:14,634][INFO] Completed VQE run 1: Energy = 0.004395
[2025-10-03 12:29:14,634][INFO] {'seed': 33325701, 'energy': np.float64(0.00439453125), 'params': [0.07471731693480299], 'success': np.True_, 'num_iters': 27, 'run_time': datetime.timedelta(seconds=1372, microseconds=852065), 'message': 'The lower bound for the trust-region radius has been reached'}
