[2026-01-09 09:44:31,024][INFO] Running for AHO potential and cutoff 128
[2026-01-09 09:44:31,079][INFO] min_eigenvalue: (6.19256296762409e-11+0j)
[2026-01-09 09:44:32,314][INFO] {
    "_VERSION": 2,
    "max_execution_time": "Unset",
    "environment": {
        "log_level": "WARNING",
        "callback": null,
        "job_tags": [
            "NQCC-Q4",
            "SKQD",
            "shots:500",
            "AHO",
            "cutoff=128"
        ],
        "private": false
    },
    "simulator": {
        "noise_model": "Unset",
        "seed_simulator": "Unset",
        "coupling_map": "Unset",
        "basis_gates": "Unset"
    },
    "default_shots": 500,
    "dynamical_decoupling": {
        "enable": "Unset",
        "sequence_type": "Unset",
        "extra_slack_distribution": "Unset",
        "scheduling_method": "Unset",
        "skip_reset_qubits": "Unset"
    },
    "execution": {
        "init_qubits": "Unset",
        "rep_delay": "Unset",
        "meas_type": "Unset"
    },
    "twirling": {
        "enable_gates": false,
        "enable_measure": false,
        "num_randomizations": "Unset",
        "shots_per_randomization": "Unset",
        "strategy": "Unset"
    },
    "experimental": "Unset"
}
[2026-01-09 09:44:32,315][INFO] Running for Krylov dimension 1
[2026-01-09 09:44:41,183][INFO] Job ID: d5gcs0nea9qs7390q7v0 - QPU usage: 2.0
[2026-01-09 09:44:41,385][INFO] {
    "D": 1,
    "t": 1.0,
    "circuit_time": "0:00:07.468517",
    "num_samples": 120,
    "shot_processing": {
        "raw_unique": 184,
        "raw_shots": 500,
        "postselect_rejected_shots": 91,
        "trim_rejected_shots": 0,
        "kept_unique": 120,
        "kept_shots": 409
    },
    "H_reduced_size": [
        120,
        120
    ],
    "reduction": 53.125,
    "H_reduced_e": 0.0008105740097204252,
    "eigenvalue_time": "0:00:00.001054",
    "diff": 0.0008105739477947955,
    "change_from_prev": null
}
[2026-01-09 09:44:41,385][INFO] Running for Krylov dimension 2
[2026-01-09 09:44:47,881][INFO] Job ID: d5gcs2igim5s73agja0g - QPU usage: 4.0
[2026-01-09 09:44:48,098][INFO] {
    "D": 2,
    "t": 2.0,
    "circuit_time": "0:00:05.614912",
    "num_samples": 127,
    "shot_processing": {
        "raw_unique": 190,
        "raw_shots": 500,
        "postselect_rejected_shots": 99,
        "trim_rejected_shots": 0,
        "kept_unique": 120,
        "kept_shots": 401
    },
    "H_reduced_size": [
        127,
        127
    ],
    "reduction": 50.390625,
    "H_reduced_e": 2.8548608876581388e-08,
    "eigenvalue_time": "0:00:00.001394",
    "diff": 2.8486683246905148e-08,
    "change_from_prev": 0.0008105454611115487
}
[2026-01-09 09:44:48,098][INFO] Running for Krylov dimension 3
[2026-01-09 09:44:55,184][INFO] Job ID: d5gcs4fea9qs7390q84g - QPU usage: 6.0
[2026-01-09 09:44:55,401][INFO] {
    "D": 3,
    "t": 3.0,
    "circuit_time": "0:00:06.140514",
    "num_samples": 128,
    "shot_processing": {
        "raw_unique": 192,
        "raw_shots": 500,
        "postselect_rejected_shots": 99,
        "trim_rejected_shots": 0,
        "kept_unique": 122,
        "kept_shots": 401
    },
    "H_reduced_size": [
        128,
        128
    ],
    "reduction": 50.0,
    "H_reduced_e": 2.9958498412065094e-08,
    "eigenvalue_time": "0:00:00.001240",
    "diff": 2.989657278238885e-08,
    "change_from_prev": 1.409889535483706e-09
}
[2026-01-09 09:44:55,401][INFO] Running for Krylov dimension 4
[2026-01-09 09:45:03,268][INFO] Job ID: d5gcs64pe0pc73akvhj0 - QPU usage: 8.0
[2026-01-09 09:45:03,483][INFO] {
    "D": 4,
    "t": 4.0,
    "circuit_time": "0:00:06.924958",
    "num_samples": 128,
    "shot_processing": {
        "raw_unique": 186,
        "raw_shots": 500,
        "postselect_rejected_shots": 91,
        "trim_rejected_shots": 0,
        "kept_unique": 119,
        "kept_shots": 409
    },
    "H_reduced_size": [
        128,
        128
    ],
    "reduction": 50.0,
    "H_reduced_e": 2.8913709993482393e-08,
    "eigenvalue_time": "0:00:00.001292",
    "diff": 2.8851784363806153e-08,
    "change_from_prev": 1.044788418582701e-09
}
[2026-01-09 09:45:03,483][INFO] Running for Krylov dimension 5
[2026-01-09 09:45:10,731][INFO] Job ID: d5gcs84pe0pc73akvhng - QPU usage: 10.0
[2026-01-09 09:45:10,944][INFO] {
    "D": 5,
    "t": 5.0,
    "circuit_time": "0:00:06.269214",
    "num_samples": 128,
    "shot_processing": {
        "raw_unique": 184,
        "raw_shots": 500,
        "postselect_rejected_shots": 97,
        "trim_rejected_shots": 0,
        "kept_unique": 117,
        "kept_shots": 403
    },
    "H_reduced_size": [
        128,
        128
    ],
    "reduction": 50.0,
    "H_reduced_e": 2.9131337347791106e-08,
    "eigenvalue_time": "0:00:00.001216",
    "diff": 2.9069411718114866e-08,
    "change_from_prev": 2.1762735430871286e-10
}
[2026-01-09 09:45:10,944][INFO] Converged
[2026-01-09 09:45:10,945][INFO] Done
