[2026-02-13 11:27:17,000][INFO] Running VQE for linear potential and cutoff 16
[2026-02-13 11:27:17,003][INFO] Truncation: {'m': 212, 'n': 2211, 'keep_frac_terms': 0.09588421528720036, 'keep_ratio': 0.999, 'truncated': 1.377312853455578, 'total_weight': 1381.999999999984}
[2026-02-13 11:27:17,027][INFO] min_eigenvalue: 3.9321294598410086e-15
[2026-02-13 11:27:21,003][INFO] []
[2026-02-13 11:27:21,004][INFO] [Run 9] Running for Krylov dimension 1
[2026-02-13 11:27:21,803][INFO] [Run 9]
{
    "raw_unique_basis_states": 1254,
    "fermion_basis_rejected": 0,
    "kept_unique_basis_states": 1254,
    "fermion_shots_rejected": 0,
    "kept_shots": 5000
}
[2026-02-13 11:27:28,539][INFO] [Run 9]
{
    "D": 1,
    "t": 1.0,
    "num_trotter_steps": 1,
    "circuit_time": "0:00:00.712966",
    "shot_processing": {
        "raw_unique_basis_states": 1254,
        "fermion_basis_rejected": 0,
        "kept_unique_basis_states": 1254,
        "fermion_shots_rejected": 0,
        "kept_shots": 5000
    },
    "new_basis_count": 1254,
    "total_basis_count": 1254,
    "H_reduced_size": [
        1254,
        1254
    ],
    "reduction": 99.88040924072266,
    "H_reduced_e": 0.005071446050639141,
    "used_dense": true,
    "eigenvalue_time": "0:00:01.545379",
    "diff": 0.005071446050635209,
    "change_from_prev": null,
    "circuit_cost": {
        "depth": 826,
        "size": 2758,
        "num_2q_ops": 647,
        "depth_2q": 273,
        "count_ops": {
            "rz": 960,
            "sx": 912,
            "cz": 647,
            "x": 219,
            "measure": 20,
            "barrier": 1
        }
    }
}
[2026-02-13 11:27:28,539][INFO] [Run 9] Running for Krylov dimension 2
[2026-02-13 11:27:29,295][INFO] [Run 9]
{
    "raw_unique_basis_states": 3259,
    "fermion_basis_rejected": 0,
    "kept_unique_basis_states": 3259,
    "fermion_shots_rejected": 0,
    "kept_shots": 5000
}
[2026-02-13 11:27:47,733][INFO] [Run 9]
{
    "D": 2,
    "t": 2.0,
    "num_trotter_steps": 1,
    "circuit_time": "0:00:00.684774",
    "shot_processing": {
        "raw_unique_basis_states": 3259,
        "fermion_basis_rejected": 0,
        "kept_unique_basis_states": 3259,
        "fermion_shots_rejected": 0,
        "kept_shots": 5000
    },
    "new_basis_count": 3060,
    "total_basis_count": 4314,
    "H_reduced_size": [
        4314,
        4314
    ],
    "reduction": 99.58858489990234,
    "H_reduced_e": 0.0049401353662196805,
    "used_dense": false,
    "eigenvalue_time": "0:00:00.026462",
    "diff": 0.004940135366215749,
    "change_from_prev": 0.00013131068441946028,
    "circuit_cost": {
        "depth": 819,
        "size": 2742,
        "num_2q_ops": 647,
        "depth_2q": 273,
        "count_ops": {
            "rz": 952,
            "sx": 912,
            "cz": 647,
            "x": 211,
            "measure": 20,
            "barrier": 1
        }
    }
}
[2026-02-13 11:27:47,733][INFO] [Run 9] Running for Krylov dimension 3
[2026-02-13 11:27:48,485][INFO] [Run 9]
{
    "raw_unique_basis_states": 1326,
    "fermion_basis_rejected": 0,
    "kept_unique_basis_states": 1326,
    "fermion_shots_rejected": 0,
    "kept_shots": 5000
}
[2026-02-13 11:28:12,296][INFO] [Run 9]
{
    "D": 3,
    "t": 3.0,
    "num_trotter_steps": 1,
    "circuit_time": "0:00:00.684693",
    "shot_processing": {
        "raw_unique_basis_states": 1326,
        "fermion_basis_rejected": 0,
        "kept_unique_basis_states": 1326,
        "fermion_shots_rejected": 0,
        "kept_shots": 5000
    },
    "new_basis_count": 1047,
    "total_basis_count": 5361,
    "H_reduced_size": [
        5361,
        5361
    ],
    "reduction": 99.48873519897461,
    "H_reduced_e": 0.004940133684561993,
    "used_dense": false,
    "eigenvalue_time": "0:00:00.034638",
    "diff": 0.0049401336845580615,
    "change_from_prev": 1.681657687234439e-09,
    "circuit_cost": {
        "depth": 819,
        "size": 2744,
        "num_2q_ops": 647,
        "depth_2q": 273,
        "count_ops": {
            "rz": 956,
            "sx": 912,
            "cz": 647,
            "x": 209,
            "measure": 20,
            "barrier": 1
        }
    }
}
[2026-02-13 11:28:12,297][INFO] [Run 9] Running for Krylov dimension 4
[2026-02-13 11:28:13,053][INFO] [Run 9]
{
    "raw_unique_basis_states": 2769,
    "fermion_basis_rejected": 0,
    "kept_unique_basis_states": 2769,
    "fermion_shots_rejected": 0,
    "kept_shots": 5000
}
[2026-02-13 11:28:45,678][INFO] [Run 9]
{
    "D": 4,
    "t": 4.0,
    "num_trotter_steps": 1,
    "circuit_time": "0:00:00.685404",
    "shot_processing": {
        "raw_unique_basis_states": 2769,
        "fermion_basis_rejected": 0,
        "kept_unique_basis_states": 2769,
        "fermion_shots_rejected": 0,
        "kept_shots": 5000
    },
    "new_basis_count": 1918,
    "total_basis_count": 7279,
    "H_reduced_size": [
        7279,
        7279
    ],
    "reduction": 99.30582046508789,
    "H_reduced_e": 0.004934737629138574,
    "used_dense": false,
    "eigenvalue_time": "0:00:00.050051",
    "diff": 0.004934737629134643,
    "change_from_prev": 5.396055423418852e-06,
    "circuit_cost": {
        "depth": 826,
        "size": 2756,
        "num_2q_ops": 647,
        "depth_2q": 273,
        "count_ops": {
            "rz": 961,
            "sx": 912,
            "cz": 647,
            "x": 216,
            "measure": 20,
            "barrier": 1
        }
    }
}
[2026-02-13 11:28:45,678][INFO] [Run 9] Running for Krylov dimension 5
[2026-02-13 11:28:46,442][INFO] [Run 9]
{
    "raw_unique_basis_states": 3422,
    "fermion_basis_rejected": 0,
    "kept_unique_basis_states": 3422,
    "fermion_shots_rejected": 0,
    "kept_shots": 5000
}
[2026-02-13 11:29:32,358][INFO] [Run 9]
{
    "D": 5,
    "t": 5.0,
    "num_trotter_steps": 1,
    "circuit_time": "0:00:00.693322",
    "shot_processing": {
        "raw_unique_basis_states": 3422,
        "fermion_basis_rejected": 0,
        "kept_unique_basis_states": 3422,
        "fermion_shots_rejected": 0,
        "kept_shots": 5000
    },
    "new_basis_count": 2931,
    "total_basis_count": 10210,
    "H_reduced_size": [
        10210,
        10210
    ],
    "reduction": 99.02629852294922,
    "H_reduced_e": 0.004934737010483329,
    "used_dense": false,
    "eigenvalue_time": "0:00:00.076091",
    "diff": 0.0049347370104793975,
    "change_from_prev": 6.186552450881955e-10,
    "circuit_cost": {
        "depth": 822,
        "size": 2739,
        "num_2q_ops": 647,
        "depth_2q": 273,
        "count_ops": {
            "rz": 947,
            "sx": 912,
            "cz": 647,
            "x": 213,
            "measure": 20,
            "barrier": 1
        }
    }
}
[2026-02-13 11:29:32,359][INFO] [Run 9] Running for Krylov dimension 6
[2026-02-13 11:29:33,814][INFO] [Run 9]
{
    "raw_unique_basis_states": 2013,
    "fermion_basis_rejected": 0,
    "kept_unique_basis_states": 2013,
    "fermion_shots_rejected": 0,
    "kept_shots": 5000
}
[2026-02-13 11:30:26,359][INFO] [Run 9]
{
    "D": 6,
    "t": 3.0,
    "num_trotter_steps": 2,
    "circuit_time": "0:00:01.335680",
    "shot_processing": {
        "raw_unique_basis_states": 2013,
        "fermion_basis_rejected": 0,
        "kept_unique_basis_states": 2013,
        "fermion_shots_rejected": 0,
        "kept_shots": 5000
    },
    "new_basis_count": 1546,
    "total_basis_count": 11756,
    "H_reduced_size": [
        11756,
        11756
    ],
    "reduction": 98.87886047363281,
    "H_reduced_e": 0.0007144887753731413,
    "used_dense": false,
    "eigenvalue_time": "0:00:00.087693",
    "diff": 0.0007144887753692093,
    "change_from_prev": 0.004220248235110188,
    "circuit_cost": {
        "depth": 1651,
        "size": 5476,
        "num_2q_ops": 1294,
        "depth_2q": 544,
        "count_ops": {
            "rz": 1913,
            "sx": 1823,
            "cz": 1294,
            "x": 426,
            "measure": 20,
            "barrier": 1
        }
    }
}
[2026-02-13 11:30:26,359][INFO] [Run 9] Running for Krylov dimension 7
[2026-02-13 11:30:27,811][INFO] [Run 9]
{
    "raw_unique_basis_states": 2733,
    "fermion_basis_rejected": 0,
    "kept_unique_basis_states": 2733,
    "fermion_shots_rejected": 0,
    "kept_shots": 5000
}
[2026-02-13 11:31:27,588][INFO] [Run 9]
{
    "D": 7,
    "t": 3.5,
    "num_trotter_steps": 2,
    "circuit_time": "0:00:01.331448",
    "shot_processing": {
        "raw_unique_basis_states": 2733,
        "fermion_basis_rejected": 0,
        "kept_unique_basis_states": 2733,
        "fermion_shots_rejected": 0,
        "kept_shots": 5000
    },
    "new_basis_count": 1707,
    "total_basis_count": 13463,
    "H_reduced_size": [
        13463,
        13463
    ],
    "reduction": 98.71606826782227,
    "H_reduced_e": 0.0006980074654764356,
    "used_dense": false,
    "eigenvalue_time": "0:00:00.113781",
    "diff": 0.0006980074654725035,
    "change_from_prev": 1.6481309896705784e-05,
    "circuit_cost": {
        "depth": 1626,
        "size": 5445,
        "num_2q_ops": 1294,
        "depth_2q": 544,
        "count_ops": {
            "rz": 1883,
            "sx": 1823,
            "cz": 1294,
            "x": 425,
            "measure": 20,
            "barrier": 1
        }
    }
}
[2026-02-13 11:31:27,588][INFO] [Run 9] Running for Krylov dimension 8
[2026-02-13 11:31:29,059][INFO] [Run 9]
{
    "raw_unique_basis_states": 3530,
    "fermion_basis_rejected": 0,
    "kept_unique_basis_states": 3530,
    "fermion_shots_rejected": 0,
    "kept_shots": 5000
}
[2026-02-13 11:32:41,080][INFO] [Run 9]
{
    "D": 8,
    "t": 4.0,
    "num_trotter_steps": 2,
    "circuit_time": "0:00:01.347979",
    "shot_processing": {
        "raw_unique_basis_states": 3530,
        "fermion_basis_rejected": 0,
        "kept_unique_basis_states": 3530,
        "fermion_shots_rejected": 0,
        "kept_shots": 5000
    },
    "new_basis_count": 2263,
    "total_basis_count": 15726,
    "H_reduced_size": [
        15726,
        15726
    ],
    "reduction": 98.50025177001953,
    "H_reduced_e": 0.0006979260140295322,
    "used_dense": false,
    "eigenvalue_time": "0:00:00.132978",
    "diff": 0.0006979260140256001,
    "change_from_prev": 8.145144690338037e-08,
    "circuit_cost": {
        "depth": 1625,
        "size": 5434,
        "num_2q_ops": 1294,
        "depth_2q": 544,
        "count_ops": {
            "rz": 1883,
            "sx": 1823,
            "cz": 1294,
            "x": 414,
            "measure": 20,
            "barrier": 1
        }
    }
}
[2026-02-13 11:32:41,080][INFO] [Run 9] Running for Krylov dimension 9
[2026-02-13 11:32:42,546][INFO] [Run 9]
{
    "raw_unique_basis_states": 3854,
    "fermion_basis_rejected": 0,
    "kept_unique_basis_states": 3854,
    "fermion_shots_rejected": 0,
    "kept_shots": 5000
}
[2026-02-13 11:34:05,880][INFO] [Run 9]
{
    "D": 9,
    "t": 4.5,
    "num_trotter_steps": 2,
    "circuit_time": "0:00:01.341644",
    "shot_processing": {
        "raw_unique_basis_states": 3854,
        "fermion_basis_rejected": 0,
        "kept_unique_basis_states": 3854,
        "fermion_shots_rejected": 0,
        "kept_shots": 5000
    },
    "new_basis_count": 2652,
    "total_basis_count": 18378,
    "H_reduced_size": [
        18378,
        18378
    ],
    "reduction": 98.2473373413086,
    "H_reduced_e": 0.0006976919739608453,
    "used_dense": false,
    "eigenvalue_time": "0:00:00.160894",
    "diff": 0.0006976919739569132,
    "change_from_prev": 2.3404006868686482e-07,
    "circuit_cost": {
        "depth": 1650,
        "size": 5440,
        "num_2q_ops": 1294,
        "depth_2q": 544,
        "count_ops": {
            "rz": 1885,
            "sx": 1823,
            "cz": 1294,
            "x": 418,
            "measure": 20,
            "barrier": 1
        }
    }
}
[2026-02-13 11:34:05,880][INFO] [Run 9] Running for Krylov dimension 10
[2026-02-13 11:34:07,342][INFO] [Run 9]
{
    "raw_unique_basis_states": 3737,
    "fermion_basis_rejected": 0,
    "kept_unique_basis_states": 3737,
    "fermion_shots_rejected": 0,
    "kept_shots": 5000
}
[2026-02-13 11:35:44,582][INFO] [Run 9]
{
    "D": 10,
    "t": 5.0,
    "num_trotter_steps": 2,
    "circuit_time": "0:00:01.339258",
    "shot_processing": {
        "raw_unique_basis_states": 3737,
        "fermion_basis_rejected": 0,
        "kept_unique_basis_states": 3737,
        "fermion_shots_rejected": 0,
        "kept_shots": 5000
    },
    "new_basis_count": 2356,
    "total_basis_count": 20734,
    "H_reduced_size": [
        20734,
        20734
    ],
    "reduction": 98.02265167236328,
    "H_reduced_e": 0.0002818848333074111,
    "used_dense": false,
    "eigenvalue_time": "0:00:00.180211",
    "diff": 0.000281884833303479,
    "change_from_prev": 0.0004158071406534342,
    "circuit_cost": {
        "depth": 1639,
        "size": 5466,
        "num_2q_ops": 1294,
        "depth_2q": 544,
        "count_ops": {
            "rz": 1901,
            "sx": 1823,
            "cz": 1294,
            "x": 428,
            "measure": 20,
            "barrier": 1
        }
    }
}
[2026-02-13 11:35:44,583][INFO] [Run 9] Running for Krylov dimension 11
[2026-02-13 11:35:46,050][INFO] [Run 9]
{
    "raw_unique_basis_states": 3035,
    "fermion_basis_rejected": 0,
    "kept_unique_basis_states": 3035,
    "fermion_shots_rejected": 0,
    "kept_shots": 5000
}
[2026-02-13 11:37:29,730][INFO] [Run 9]
{
    "D": 11,
    "t": 5.5,
    "num_trotter_steps": 2,
    "circuit_time": "0:00:01.345116",
    "shot_processing": {
        "raw_unique_basis_states": 3035,
        "fermion_basis_rejected": 0,
        "kept_unique_basis_states": 3035,
        "fermion_shots_rejected": 0,
        "kept_shots": 5000
    },
    "new_basis_count": 1550,
    "total_basis_count": 22284,
    "H_reduced_size": [
        22284,
        22284
    ],
    "reduction": 97.87483215332031,
    "H_reduced_e": 0.0002789298823047316,
    "used_dense": false,
    "eigenvalue_time": "0:00:00.199203",
    "diff": 0.00027892988230079945,
    "change_from_prev": 2.9549510026795453e-06,
    "circuit_cost": {
        "depth": 1653,
        "size": 5532,
        "num_2q_ops": 1294,
        "depth_2q": 544,
        "count_ops": {
            "rz": 1941,
            "sx": 1823,
            "cz": 1294,
            "x": 454,
            "measure": 20,
            "barrier": 1
        }
    }
}
[2026-02-13 11:37:29,730][INFO] [Run 9] Running for Krylov dimension 12
[2026-02-13 11:37:31,186][INFO] [Run 9]
{
    "raw_unique_basis_states": 2120,
    "fermion_basis_rejected": 0,
    "kept_unique_basis_states": 2120,
    "fermion_shots_rejected": 0,
    "kept_shots": 5000
}
[2026-02-13 11:39:18,441][INFO] [Run 9]
{
    "D": 12,
    "t": 6.0,
    "num_trotter_steps": 2,
    "circuit_time": "0:00:01.333494",
    "shot_processing": {
        "raw_unique_basis_states": 2120,
        "fermion_basis_rejected": 0,
        "kept_unique_basis_states": 2120,
        "fermion_shots_rejected": 0,
        "kept_shots": 5000
    },
    "new_basis_count": 524,
    "total_basis_count": 22808,
    "H_reduced_size": [
        22808,
        22808
    ],
    "reduction": 97.82485961914062,
    "H_reduced_e": 0.0002789291185718266,
    "used_dense": false,
    "eigenvalue_time": "0:00:00.206410",
    "diff": 0.00027892911856789446,
    "change_from_prev": 7.637329049888474e-10,
    "circuit_cost": {
        "depth": 1623,
        "size": 5432,
        "num_2q_ops": 1294,
        "depth_2q": 544,
        "count_ops": {
            "rz": 1885,
            "sx": 1823,
            "cz": 1294,
            "x": 410,
            "measure": 20,
            "barrier": 1
        }
    }
}
[2026-02-13 11:39:18,441][INFO] [Run 9] Running for Krylov dimension 13
[2026-02-13 11:39:19,924][INFO] [Run 9]
{
    "raw_unique_basis_states": 1754,
    "fermion_basis_rejected": 0,
    "kept_unique_basis_states": 1754,
    "fermion_shots_rejected": 0,
    "kept_shots": 5000
}
[2026-02-13 11:41:08,624][INFO] [Run 9]
{
    "D": 13,
    "t": 6.5,
    "num_trotter_steps": 2,
    "circuit_time": "0:00:01.343116",
    "shot_processing": {
        "raw_unique_basis_states": 1754,
        "fermion_basis_rejected": 0,
        "kept_unique_basis_states": 1754,
        "fermion_shots_rejected": 0,
        "kept_shots": 5000
    },
    "new_basis_count": 353,
    "total_basis_count": 23161,
    "H_reduced_size": [
        23161,
        23161
    ],
    "reduction": 97.79119491577148,
    "H_reduced_e": 0.0002789291076173178,
    "used_dense": false,
    "eigenvalue_time": "0:00:00.231471",
    "diff": 0.0002789291076133857,
    "change_from_prev": 1.0954508784452588e-11,
    "circuit_cost": {
        "depth": 1641,
        "size": 5518,
        "num_2q_ops": 1294,
        "depth_2q": 544,
        "count_ops": {
            "rz": 1911,
            "sx": 1823,
            "cz": 1294,
            "x": 470,
            "measure": 20,
            "barrier": 1
        }
    }
}
[2026-02-13 11:41:08,625][INFO] [Run 9] Running for Krylov dimension 14
[2026-02-13 11:41:10,807][INFO] [Run 9]
{
    "raw_unique_basis_states": 3542,
    "fermion_basis_rejected": 0,
    "kept_unique_basis_states": 3542,
    "fermion_shots_rejected": 0,
    "kept_shots": 5000
}
[2026-02-13 11:43:09,478][INFO] [Run 9]
{
    "D": 14,
    "t": 4.666666666666667,
    "num_trotter_steps": 3,
    "circuit_time": "0:00:02.008439",
    "shot_processing": {
        "raw_unique_basis_states": 3542,
        "fermion_basis_rejected": 0,
        "kept_unique_basis_states": 3542,
        "fermion_shots_rejected": 0,
        "kept_shots": 5000
    },
    "new_basis_count": 1936,
    "total_basis_count": 25097,
    "H_reduced_size": [
        25097,
        25097
    ],
    "reduction": 97.60656356811523,
    "H_reduced_e": 0.00027648168728059433,
    "used_dense": false,
    "eigenvalue_time": "0:00:00.246235",
    "diff": 0.0002764816872766622,
    "change_from_prev": 2.447420336723475e-06,
    "circuit_cost": {
        "depth": 2440,
        "size": 8165,
        "num_2q_ops": 1941,
        "depth_2q": 815,
        "count_ops": {
            "rz": 2827,
            "sx": 2735,
            "cz": 1941,
            "x": 642,
            "measure": 20,
            "barrier": 1
        }
    }
}
[2026-02-13 11:43:09,478][INFO] [Run 9] Running for Krylov dimension 15
[2026-02-13 11:43:11,623][INFO] [Run 9]
{
    "raw_unique_basis_states": 3991,
    "fermion_basis_rejected": 0,
    "kept_unique_basis_states": 3991,
    "fermion_shots_rejected": 0,
    "kept_shots": 5000
}
[2026-02-13 11:45:19,774][INFO] [Run 9]
{
    "D": 15,
    "t": 5.0,
    "num_trotter_steps": 3,
    "circuit_time": "0:00:01.968545",
    "shot_processing": {
        "raw_unique_basis_states": 3991,
        "fermion_basis_rejected": 0,
        "kept_unique_basis_states": 3991,
        "fermion_shots_rejected": 0,
        "kept_shots": 5000
    },
    "new_basis_count": 2060,
    "total_basis_count": 27157,
    "H_reduced_size": [
        27157,
        27157
    ],
    "reduction": 97.41010665893555,
    "H_reduced_e": 0.0002747737951047073,
    "used_dense": false,
    "eigenvalue_time": "0:00:00.272079",
    "diff": 0.00027477379510077517,
    "change_from_prev": 1.707892175887031e-06,
    "circuit_cost": {
        "depth": 2449,
        "size": 8198,
        "num_2q_ops": 1941,
        "depth_2q": 815,
        "count_ops": {
            "rz": 2859,
            "sx": 2735,
            "cz": 1941,
            "x": 643,
            "measure": 20,
            "barrier": 1
        }
    }
}
[2026-02-13 11:45:19,774][INFO] [Run 9] Running for Krylov dimension 16
[2026-02-13 11:45:21,939][INFO] [Run 9]
{
    "raw_unique_basis_states": 3943,
    "fermion_basis_rejected": 0,
    "kept_unique_basis_states": 3943,
    "fermion_shots_rejected": 0,
    "kept_shots": 5000
}
[2026-02-13 11:47:39,880][INFO] [Run 9]
{
    "D": 16,
    "t": 5.333333333333333,
    "num_trotter_steps": 3,
    "circuit_time": "0:00:01.988430",
    "shot_processing": {
        "raw_unique_basis_states": 3943,
        "fermion_basis_rejected": 0,
        "kept_unique_basis_states": 3943,
        "fermion_shots_rejected": 0,
        "kept_shots": 5000
    },
    "new_basis_count": 2012,
    "total_basis_count": 29169,
    "H_reduced_size": [
        29169,
        29169
    ],
    "reduction": 97.21822738647461,
    "H_reduced_e": 0.0002747310188529713,
    "used_dense": false,
    "eigenvalue_time": "0:00:00.306516",
    "diff": 0.00027473101884903915,
    "change_from_prev": 4.277625173602353e-08,
    "circuit_cost": {
        "depth": 2437,
        "size": 8105,
        "num_2q_ops": 1941,
        "depth_2q": 815,
        "count_ops": {
            "rz": 2796,
            "sx": 2735,
            "cz": 1941,
            "x": 613,
            "measure": 20,
            "barrier": 1
        }
    }
}
[2026-02-13 11:47:39,880][INFO] [Run 9] Running for Krylov dimension 17
[2026-02-13 11:47:42,018][INFO] [Run 9]
{
    "raw_unique_basis_states": 4189,
    "fermion_basis_rejected": 0,
    "kept_unique_basis_states": 4189,
    "fermion_shots_rejected": 0,
    "kept_shots": 5000
}
[2026-02-13 11:50:11,664][INFO] [Run 9]
{
    "D": 17,
    "t": 5.666666666666667,
    "num_trotter_steps": 3,
    "circuit_time": "0:00:01.964490",
    "shot_processing": {
        "raw_unique_basis_states": 4189,
        "fermion_basis_rejected": 0,
        "kept_unique_basis_states": 4189,
        "fermion_shots_rejected": 0,
        "kept_shots": 5000
    },
    "new_basis_count": 2236,
    "total_basis_count": 31405,
    "H_reduced_size": [
        31405,
        31405
    ],
    "reduction": 97.00498580932617,
    "H_reduced_e": 0.00027471635509401104,
    "used_dense": false,
    "eigenvalue_time": "0:00:00.341291",
    "diff": 0.0002747163550900789,
    "change_from_prev": 1.4663758960233898e-08,
    "circuit_cost": {
        "depth": 2453,
        "size": 8150,
        "num_2q_ops": 1941,
        "depth_2q": 815,
        "count_ops": {
            "rz": 2816,
            "sx": 2735,
            "cz": 1941,
            "x": 638,
            "measure": 20,
            "barrier": 1
        }
    }
}
[2026-02-13 11:50:11,664][INFO] [Run 9] Running for Krylov dimension 18
[2026-02-13 11:50:13,804][INFO] [Run 9]
{
    "raw_unique_basis_states": 4268,
    "fermion_basis_rejected": 0,
    "kept_unique_basis_states": 4268,
    "fermion_shots_rejected": 0,
    "kept_shots": 5000
}
[2026-02-13 11:52:56,256][INFO] [Run 9]
{
    "D": 18,
    "t": 6.0,
    "num_trotter_steps": 3,
    "circuit_time": "0:00:01.964120",
    "shot_processing": {
        "raw_unique_basis_states": 4268,
        "fermion_basis_rejected": 0,
        "kept_unique_basis_states": 4268,
        "fermion_shots_rejected": 0,
        "kept_shots": 5000
    },
    "new_basis_count": 2279,
    "total_basis_count": 33684,
    "H_reduced_size": [
        33684,
        33684
    ],
    "reduction": 96.78764343261719,
    "H_reduced_e": 0.0002744442115799244,
    "used_dense": false,
    "eigenvalue_time": "0:00:00.387110",
    "diff": 0.0002744442115759923,
    "change_from_prev": 2.7214351408662817e-07,
    "circuit_cost": {
        "depth": 2431,
        "size": 8140,
        "num_2q_ops": 1941,
        "depth_2q": 815,
        "count_ops": {
            "rz": 2821,
            "sx": 2735,
            "cz": 1941,
            "x": 623,
            "measure": 20,
            "barrier": 1
        }
    }
}
[2026-02-13 11:52:56,256][INFO] [Run 9] Running for Krylov dimension 19
[2026-02-13 11:52:58,412][INFO] [Run 9]
{
    "raw_unique_basis_states": 4452,
    "fermion_basis_rejected": 0,
    "kept_unique_basis_states": 4452,
    "fermion_shots_rejected": 0,
    "kept_shots": 5000
}
[2026-02-13 11:55:50,737][INFO] [Run 9]
{
    "D": 19,
    "t": 6.333333333333333,
    "num_trotter_steps": 3,
    "circuit_time": "0:00:01.977724",
    "shot_processing": {
        "raw_unique_basis_states": 4452,
        "fermion_basis_rejected": 0,
        "kept_unique_basis_states": 4452,
        "fermion_shots_rejected": 0,
        "kept_shots": 5000
    },
    "new_basis_count": 2368,
    "total_basis_count": 36052,
    "H_reduced_size": [
        36052,
        36052
    ],
    "reduction": 96.56181335449219,
    "H_reduced_e": 0.000274444039253715,
    "used_dense": false,
    "eigenvalue_time": "0:00:00.415814",
    "diff": 0.0002744440392497829,
    "change_from_prev": 1.7232620940031002e-10,
    "circuit_cost": {
        "depth": 2454,
        "size": 8151,
        "num_2q_ops": 1941,
        "depth_2q": 815,
        "count_ops": {
            "rz": 2827,
            "sx": 2735,
            "cz": 1941,
            "x": 628,
            "measure": 20,
            "barrier": 1
        }
    }
}
[2026-02-13 11:55:50,737][INFO] [Run 9] Running for Krylov dimension 20
[2026-02-13 11:55:52,903][INFO] [Run 9]
{
    "raw_unique_basis_states": 4355,
    "fermion_basis_rejected": 0,
    "kept_unique_basis_states": 4355,
    "fermion_shots_rejected": 0,
    "kept_shots": 5000
}
[2026-02-13 11:58:56,712][INFO] [Run 9]
{
    "D": 20,
    "t": 6.666666666666667,
    "num_trotter_steps": 3,
    "circuit_time": "0:00:01.990416",
    "shot_processing": {
        "raw_unique_basis_states": 4355,
        "fermion_basis_rejected": 0,
        "kept_unique_basis_states": 4355,
        "fermion_shots_rejected": 0,
        "kept_shots": 5000
    },
    "new_basis_count": 2227,
    "total_basis_count": 38279,
    "H_reduced_size": [
        38279,
        38279
    ],
    "reduction": 96.34943008422852,
    "H_reduced_e": 0.0002744415761974797,
    "used_dense": false,
    "eigenvalue_time": "0:00:00.459998",
    "diff": 0.00027444157619354757,
    "change_from_prev": 2.4630562353144397e-09,
    "circuit_cost": {
        "depth": 2455,
        "size": 8176,
        "num_2q_ops": 1941,
        "depth_2q": 815,
        "count_ops": {
            "rz": 2836,
            "sx": 2735,
            "cz": 1941,
            "x": 644,
            "measure": 20,
            "barrier": 1
        }
    }
}
[2026-02-13 11:58:56,713][INFO] [Run 9] Running for Krylov dimension 21
[2026-02-13 11:58:59,536][INFO] [Run 9]
{
    "raw_unique_basis_states": 3411,
    "fermion_basis_rejected": 0,
    "kept_unique_basis_states": 3411,
    "fermion_shots_rejected": 0,
    "kept_shots": 5000
}
[2026-02-13 12:02:08,596][INFO] [Run 9]
{
    "D": 21,
    "t": 5.25,
    "num_trotter_steps": 4,
    "circuit_time": "0:00:02.602114",
    "shot_processing": {
        "raw_unique_basis_states": 3411,
        "fermion_basis_rejected": 0,
        "kept_unique_basis_states": 3411,
        "fermion_shots_rejected": 0,
        "kept_shots": 5000
    },
    "new_basis_count": 840,
    "total_basis_count": 39119,
    "H_reduced_size": [
        39119,
        39119
    ],
    "reduction": 96.26932144165039,
    "H_reduced_e": 0.00027440843496317937,
    "used_dense": false,
    "eigenvalue_time": "0:00:00.516262",
    "diff": 0.00027440843495924724,
    "change_from_prev": 3.314123430032826e-08,
    "circuit_cost": {
        "depth": 3240,
        "size": 10848,
        "num_2q_ops": 2588,
        "depth_2q": 1086,
        "count_ops": {
            "rz": 3763,
            "sx": 3647,
            "cz": 2588,
            "x": 830,
            "measure": 20,
            "barrier": 1
        }
    }
}
[2026-02-13 12:02:08,596][INFO] [Run 9] Running for Krylov dimension 22
[2026-02-13 12:02:11,462][INFO] [Run 9]
{
    "raw_unique_basis_states": 3411,
    "fermion_basis_rejected": 0,
    "kept_unique_basis_states": 3411,
    "fermion_shots_rejected": 0,
    "kept_shots": 5000
}
[2026-02-13 12:05:23,597][INFO] [Run 9]
{
    "D": 22,
    "t": 5.5,
    "num_trotter_steps": 4,
    "circuit_time": "0:00:02.636914",
    "shot_processing": {
        "raw_unique_basis_states": 3411,
        "fermion_basis_rejected": 0,
        "kept_unique_basis_states": 3411,
        "fermion_shots_rejected": 0,
        "kept_shots": 5000
    },
    "new_basis_count": 841,
    "total_basis_count": 39960,
    "H_reduced_size": [
        39960,
        39960
    ],
    "reduction": 96.18911743164062,
    "H_reduced_e": 0.000274408412326155,
    "used_dense": false,
    "eigenvalue_time": "0:00:00.507042",
    "diff": 0.0002744084123222229,
    "change_from_prev": 2.263702436220913e-11,
    "circuit_cost": {
        "depth": 3285,
        "size": 10906,
        "num_2q_ops": 2588,
        "depth_2q": 1086,
        "count_ops": {
            "rz": 3767,
            "sx": 3647,
            "cz": 2588,
            "x": 884,
            "measure": 20,
            "barrier": 1
        }
    }
}
[2026-02-13 12:05:23,597][INFO] [Run 9] Running for Krylov dimension 23
[2026-02-13 12:05:26,390][INFO] [Run 9]
{
    "raw_unique_basis_states": 3154,
    "fermion_basis_rejected": 0,
    "kept_unique_basis_states": 3154,
    "fermion_shots_rejected": 0,
    "kept_shots": 5000
}
[2026-02-13 12:08:43,040][INFO] [Run 9]
{
    "D": 23,
    "t": 5.75,
    "num_trotter_steps": 4,
    "circuit_time": "0:00:02.573497",
    "shot_processing": {
        "raw_unique_basis_states": 3154,
        "fermion_basis_rejected": 0,
        "kept_unique_basis_states": 3154,
        "fermion_shots_rejected": 0,
        "kept_shots": 5000
    },
    "new_basis_count": 677,
    "total_basis_count": 40637,
    "H_reduced_size": [
        40637,
        40637
    ],
    "reduction": 96.12455368041992,
    "H_reduced_e": 0.0002743832747455874,
    "used_dense": false,
    "eigenvalue_time": "0:00:00.504400",
    "diff": 0.00027438327474165527,
    "change_from_prev": 2.5137580567612377e-08,
    "circuit_cost": {
        "depth": 3213,
        "size": 10830,
        "num_2q_ops": 2588,
        "depth_2q": 1086,
        "count_ops": {
            "rz": 3731,
            "sx": 3647,
            "cz": 2588,
            "x": 844,
            "measure": 20,
            "barrier": 1
        }
    }
}
[2026-02-13 12:08:43,041][INFO] [Run 9] Running for Krylov dimension 24
[2026-02-13 12:08:45,844][INFO] [Run 9]
{
    "raw_unique_basis_states": 3046,
    "fermion_basis_rejected": 0,
    "kept_unique_basis_states": 3046,
    "fermion_shots_rejected": 0,
    "kept_shots": 5000
}
[2026-02-13 12:12:04,627][INFO] [Run 9]
{
    "D": 24,
    "t": 6.0,
    "num_trotter_steps": 4,
    "circuit_time": "0:00:02.578247",
    "shot_processing": {
        "raw_unique_basis_states": 3046,
        "fermion_basis_rejected": 0,
        "kept_unique_basis_states": 3046,
        "fermion_shots_rejected": 0,
        "kept_shots": 5000
    },
    "new_basis_count": 608,
    "total_basis_count": 41245,
    "H_reduced_size": [
        41245,
        41245
    ],
    "reduction": 96.06657028198242,
    "H_reduced_e": 0.00027438284543201903,
    "used_dense": false,
    "eigenvalue_time": "0:00:00.528136",
    "diff": 0.0002743828454280869,
    "change_from_prev": 4.293135683649911e-10,
    "circuit_cost": {
        "depth": 3289,
        "size": 10908,
        "num_2q_ops": 2588,
        "depth_2q": 1086,
        "count_ops": {
            "rz": 3811,
            "sx": 3647,
            "cz": 2588,
            "x": 842,
            "measure": 20,
            "barrier": 1
        }
    }
}
[2026-02-13 12:12:04,627][INFO] [Run 9] Running for Krylov dimension 25
[2026-02-13 12:12:08,084][INFO] [Run 9]
{
    "raw_unique_basis_states": 2739,
    "fermion_basis_rejected": 0,
    "kept_unique_basis_states": 2739,
    "fermion_shots_rejected": 0,
    "kept_shots": 5000
}
[2026-02-13 12:15:30,363][INFO] [Run 9]
{
    "D": 25,
    "t": 5.0,
    "num_trotter_steps": 5,
    "circuit_time": "0:00:03.186432",
    "shot_processing": {
        "raw_unique_basis_states": 2739,
        "fermion_basis_rejected": 0,
        "kept_unique_basis_states": 2739,
        "fermion_shots_rejected": 0,
        "kept_shots": 5000
    },
    "new_basis_count": 348,
    "total_basis_count": 41593,
    "H_reduced_size": [
        41593,
        41593
    ],
    "reduction": 96.03338241577148,
    "H_reduced_e": 0.00027437659983658394,
    "used_dense": false,
    "eigenvalue_time": "0:00:00.524055",
    "diff": 0.0002743765998326518,
    "change_from_prev": 6.245595435088163e-09,
    "circuit_cost": {
        "depth": 4078,
        "size": 13596,
        "num_2q_ops": 3235,
        "depth_2q": 1357,
        "count_ops": {
            "rz": 4719,
            "sx": 4559,
            "cz": 3235,
            "x": 1063,
            "measure": 20,
            "barrier": 1
        }
    }
}
[2026-02-13 12:15:30,363][INFO] [Run 9] Running for Krylov dimension 26
[2026-02-13 12:15:33,839][INFO] [Run 9]
{
    "raw_unique_basis_states": 2475,
    "fermion_basis_rejected": 0,
    "kept_unique_basis_states": 2475,
    "fermion_shots_rejected": 0,
    "kept_shots": 5000
}
[2026-02-13 12:18:59,903][INFO] [Run 9]
{
    "D": 26,
    "t": 5.2,
    "num_trotter_steps": 5,
    "circuit_time": "0:00:03.207173",
    "shot_processing": {
        "raw_unique_basis_states": 2475,
        "fermion_basis_rejected": 0,
        "kept_unique_basis_states": 2475,
        "fermion_shots_rejected": 0,
        "kept_shots": 5000
    },
    "new_basis_count": 313,
    "total_basis_count": 41906,
    "H_reduced_size": [
        41906,
        41906
    ],
    "reduction": 96.00353240966797,
    "H_reduced_e": 0.0002741297135842469,
    "used_dense": false,
    "eigenvalue_time": "0:00:00.560471",
    "diff": 0.00027412971358031476,
    "change_from_prev": 2.468862523370588e-07,
    "circuit_cost": {
        "depth": 4083,
        "size": 13659,
        "num_2q_ops": 3235,
        "depth_2q": 1357,
        "count_ops": {
            "rz": 4758,
            "sx": 4549,
            "cz": 3235,
            "x": 1097,
            "measure": 20,
            "barrier": 1
        }
    }
}
[2026-02-13 12:18:59,904][INFO] [Run 9] Running for Krylov dimension 27
[2026-02-13 12:19:03,370][INFO] [Run 9]
{
    "raw_unique_basis_states": 2496,
    "fermion_basis_rejected": 0,
    "kept_unique_basis_states": 2496,
    "fermion_shots_rejected": 0,
    "kept_shots": 5000
}
[2026-02-13 12:22:29,175][INFO] [Run 9]
{
    "D": 27,
    "t": 5.4,
    "num_trotter_steps": 5,
    "circuit_time": "0:00:03.193331",
    "shot_processing": {
        "raw_unique_basis_states": 2496,
        "fermion_basis_rejected": 0,
        "kept_unique_basis_states": 2496,
        "fermion_shots_rejected": 0,
        "kept_shots": 5000
    },
    "new_basis_count": 268,
    "total_basis_count": 42174,
    "H_reduced_size": [
        42174,
        42174
    ],
    "reduction": 95.97797393798828,
    "H_reduced_e": 0.0002741275879328528,
    "used_dense": false,
    "eigenvalue_time": "0:00:00.557231",
    "diff": 0.00027412758792892065,
    "change_from_prev": 2.1256513941061463e-09,
    "circuit_cost": {
        "depth": 4107,
        "size": 13653,
        "num_2q_ops": 3235,
        "depth_2q": 1357,
        "count_ops": {
            "rz": 4754,
            "sx": 4559,
            "cz": 3235,
            "x": 1085,
            "measure": 20,
            "barrier": 1
        }
    }
}
[2026-02-13 12:22:29,179][INFO] [Run 9] Done
