[2026-02-13 11:07:46,718][INFO] Running VQE for linear potential and cutoff 16
[2026-02-13 11:07:46,722][INFO] Truncation: {'m': 212, 'n': 2211, 'keep_frac_terms': 0.09588421528720036, 'keep_ratio': 0.999, 'truncated': 1.377312853455578, 'total_weight': 1381.999999999984}
[2026-02-13 11:07:46,746][INFO] min_eigenvalue: 3.9321294598410086e-15
[2026-02-13 11:07:54,032][INFO] []
[2026-02-13 11:07:54,033][INFO] [Run 5] Running for Krylov dimension 1
[2026-02-13 11:07:54,850][INFO] [Run 5]
{
    "raw_unique_basis_states": 1262,
    "fermion_basis_rejected": 0,
    "kept_unique_basis_states": 1262,
    "fermion_shots_rejected": 0,
    "kept_shots": 5000
}
[2026-02-13 11:08:01,605][INFO] [Run 5]
{
    "D": 1,
    "t": 1.0,
    "num_trotter_steps": 1,
    "circuit_time": "0:00:00.702171",
    "shot_processing": {
        "raw_unique_basis_states": 1262,
        "fermion_basis_rejected": 0,
        "kept_unique_basis_states": 1262,
        "fermion_shots_rejected": 0,
        "kept_shots": 5000
    },
    "new_basis_count": 1262,
    "total_basis_count": 1262,
    "H_reduced_size": [
        1262,
        1262
    ],
    "reduction": 99.87964630126953,
    "H_reduced_e": 0.005214919245615433,
    "used_dense": true,
    "eigenvalue_time": "0:00:01.605352",
    "diff": 0.005214919245611501,
    "change_from_prev": null,
    "circuit_cost": {
        "depth": 826,
        "size": 2758,
        "num_2q_ops": 647,
        "depth_2q": 273,
        "count_ops": {
            "rz": 960,
            "sx": 912,
            "cz": 647,
            "x": 219,
            "measure": 20,
            "barrier": 1
        }
    }
}
[2026-02-13 11:08:01,605][INFO] [Run 5] Running for Krylov dimension 2
[2026-02-13 11:08:02,365][INFO] [Run 5]
{
    "raw_unique_basis_states": 3251,
    "fermion_basis_rejected": 0,
    "kept_unique_basis_states": 3251,
    "fermion_shots_rejected": 0,
    "kept_shots": 5000
}
[2026-02-13 11:08:20,374][INFO] [Run 5]
{
    "D": 2,
    "t": 2.0,
    "num_trotter_steps": 1,
    "circuit_time": "0:00:00.688286",
    "shot_processing": {
        "raw_unique_basis_states": 3251,
        "fermion_basis_rejected": 0,
        "kept_unique_basis_states": 3251,
        "fermion_shots_rejected": 0,
        "kept_shots": 5000
    },
    "new_basis_count": 3026,
    "total_basis_count": 4288,
    "H_reduced_size": [
        4288,
        4288
    ],
    "reduction": 99.591064453125,
    "H_reduced_e": 0.005069614453492371,
    "used_dense": false,
    "eigenvalue_time": "0:00:00.026956",
    "diff": 0.00506961445348844,
    "change_from_prev": 0.00014530479212306133,
    "circuit_cost": {
        "depth": 819,
        "size": 2742,
        "num_2q_ops": 647,
        "depth_2q": 273,
        "count_ops": {
            "rz": 952,
            "sx": 912,
            "cz": 647,
            "x": 211,
            "measure": 20,
            "barrier": 1
        }
    }
}
[2026-02-13 11:08:20,374][INFO] [Run 5] Running for Krylov dimension 3
[2026-02-13 11:08:21,126][INFO] [Run 5]
{
    "raw_unique_basis_states": 1339,
    "fermion_basis_rejected": 0,
    "kept_unique_basis_states": 1339,
    "fermion_shots_rejected": 0,
    "kept_shots": 5000
}
[2026-02-13 11:08:44,879][INFO] [Run 5]
{
    "D": 3,
    "t": 3.0,
    "num_trotter_steps": 1,
    "circuit_time": "0:00:00.684871",
    "shot_processing": {
        "raw_unique_basis_states": 1339,
        "fermion_basis_rejected": 0,
        "kept_unique_basis_states": 1339,
        "fermion_shots_rejected": 0,
        "kept_shots": 5000
    },
    "new_basis_count": 1022,
    "total_basis_count": 5310,
    "H_reduced_size": [
        5310,
        5310
    ],
    "reduction": 99.49359893798828,
    "H_reduced_e": 0.005069489729752155,
    "used_dense": false,
    "eigenvalue_time": "0:00:00.033875",
    "diff": 0.005069489729748224,
    "change_from_prev": 1.2472374021597898e-07,
    "circuit_cost": {
        "depth": 819,
        "size": 2744,
        "num_2q_ops": 647,
        "depth_2q": 273,
        "count_ops": {
            "rz": 956,
            "sx": 912,
            "cz": 647,
            "x": 209,
            "measure": 20,
            "barrier": 1
        }
    }
}
[2026-02-13 11:08:44,879][INFO] [Run 5] Running for Krylov dimension 4
[2026-02-13 11:08:45,635][INFO] [Run 5]
{
    "raw_unique_basis_states": 2751,
    "fermion_basis_rejected": 0,
    "kept_unique_basis_states": 2751,
    "fermion_shots_rejected": 0,
    "kept_shots": 5000
}
[2026-02-13 11:09:17,120][INFO] [Run 5]
{
    "D": 4,
    "t": 4.0,
    "num_trotter_steps": 1,
    "circuit_time": "0:00:00.685393",
    "shot_processing": {
        "raw_unique_basis_states": 2751,
        "fermion_basis_rejected": 0,
        "kept_unique_basis_states": 2751,
        "fermion_shots_rejected": 0,
        "kept_shots": 5000
    },
    "new_basis_count": 1851,
    "total_basis_count": 7161,
    "H_reduced_size": [
        7161,
        7161
    ],
    "reduction": 99.31707382202148,
    "H_reduced_e": 0.00503411041116923,
    "used_dense": false,
    "eigenvalue_time": "0:00:00.049254",
    "diff": 0.0050341104111652985,
    "change_from_prev": 3.537931858292511e-05,
    "circuit_cost": {
        "depth": 826,
        "size": 2756,
        "num_2q_ops": 647,
        "depth_2q": 273,
        "count_ops": {
            "rz": 961,
            "sx": 912,
            "cz": 647,
            "x": 216,
            "measure": 20,
            "barrier": 1
        }
    }
}
[2026-02-13 11:09:17,121][INFO] [Run 5] Running for Krylov dimension 5
[2026-02-13 11:09:17,881][INFO] [Run 5]
{
    "raw_unique_basis_states": 3435,
    "fermion_basis_rejected": 0,
    "kept_unique_basis_states": 3435,
    "fermion_shots_rejected": 0,
    "kept_shots": 5000
}
[2026-02-13 11:10:02,266][INFO] [Run 5]
{
    "D": 5,
    "t": 5.0,
    "num_trotter_steps": 1,
    "circuit_time": "0:00:00.688989",
    "shot_processing": {
        "raw_unique_basis_states": 3435,
        "fermion_basis_rejected": 0,
        "kept_unique_basis_states": 3435,
        "fermion_shots_rejected": 0,
        "kept_shots": 5000
    },
    "new_basis_count": 2997,
    "total_basis_count": 10158,
    "H_reduced_size": [
        10158,
        10158
    ],
    "reduction": 99.03125762939453,
    "H_reduced_e": 0.005034070383927256,
    "used_dense": false,
    "eigenvalue_time": "0:00:00.074619",
    "diff": 0.005034070383923324,
    "change_from_prev": 4.002724197406382e-08,
    "circuit_cost": {
        "depth": 822,
        "size": 2739,
        "num_2q_ops": 647,
        "depth_2q": 273,
        "count_ops": {
            "rz": 947,
            "sx": 912,
            "cz": 647,
            "x": 213,
            "measure": 20,
            "barrier": 1
        }
    }
}
[2026-02-13 11:10:02,266][INFO] [Run 5] Running for Krylov dimension 6
[2026-02-13 11:10:03,027][INFO] [Run 5]
{
    "raw_unique_basis_states": 903,
    "fermion_basis_rejected": 0,
    "kept_unique_basis_states": 903,
    "fermion_shots_rejected": 0,
    "kept_shots": 5000
}
[2026-02-13 11:10:50,480][INFO] [Run 5]
{
    "D": 6,
    "t": 6.0,
    "num_trotter_steps": 1,
    "circuit_time": "0:00:00.693080",
    "shot_processing": {
        "raw_unique_basis_states": 903,
        "fermion_basis_rejected": 0,
        "kept_unique_basis_states": 903,
        "fermion_shots_rejected": 0,
        "kept_shots": 5000
    },
    "new_basis_count": 632,
    "total_basis_count": 10790,
    "H_reduced_size": [
        10790,
        10790
    ],
    "reduction": 98.97098541259766,
    "H_reduced_e": 0.005032896965192602,
    "used_dense": false,
    "eigenvalue_time": "0:00:00.079497",
    "diff": 0.0050328969651886706,
    "change_from_prev": 1.173418734653868e-06,
    "circuit_cost": {
        "depth": 830,
        "size": 2771,
        "num_2q_ops": 647,
        "depth_2q": 273,
        "count_ops": {
            "rz": 970,
            "sx": 908,
            "cz": 647,
            "x": 226,
            "measure": 20,
            "barrier": 1
        }
    }
}
[2026-02-13 11:10:50,480][INFO] [Run 5] Running for Krylov dimension 7
[2026-02-13 11:10:51,240][INFO] [Run 5]
{
    "raw_unique_basis_states": 1575,
    "fermion_basis_rejected": 0,
    "kept_unique_basis_states": 1575,
    "fermion_shots_rejected": 0,
    "kept_shots": 5000
}
[2026-02-13 11:11:42,771][INFO] [Run 5]
{
    "D": 7,
    "t": 7.0,
    "num_trotter_steps": 1,
    "circuit_time": "0:00:00.691042",
    "shot_processing": {
        "raw_unique_basis_states": 1575,
        "fermion_basis_rejected": 0,
        "kept_unique_basis_states": 1575,
        "fermion_shots_rejected": 0,
        "kept_shots": 5000
    },
    "new_basis_count": 898,
    "total_basis_count": 11688,
    "H_reduced_size": [
        11688,
        11688
    ],
    "reduction": 98.88534545898438,
    "H_reduced_e": 0.0002733365903048845,
    "used_dense": false,
    "eigenvalue_time": "0:00:00.101916",
    "diff": 0.0002733365903009524,
    "change_from_prev": 0.004759560374887718,
    "circuit_cost": {
        "depth": 808,
        "size": 2697,
        "num_2q_ops": 647,
        "depth_2q": 273,
        "count_ops": {
            "rz": 913,
            "sx": 912,
            "cz": 647,
            "x": 205,
            "measure": 20,
            "barrier": 1
        }
    }
}
[2026-02-13 11:11:42,771][INFO] [Run 5] Running for Krylov dimension 8
[2026-02-13 11:11:43,538][INFO] [Run 5]
{
    "raw_unique_basis_states": 3722,
    "fermion_basis_rejected": 0,
    "kept_unique_basis_states": 3722,
    "fermion_shots_rejected": 0,
    "kept_shots": 5000
}
[2026-02-13 11:12:47,707][INFO] [Run 5]
{
    "D": 8,
    "t": 8.0,
    "num_trotter_steps": 1,
    "circuit_time": "0:00:00.693059",
    "shot_processing": {
        "raw_unique_basis_states": 3722,
        "fermion_basis_rejected": 0,
        "kept_unique_basis_states": 3722,
        "fermion_shots_rejected": 0,
        "kept_shots": 5000
    },
    "new_basis_count": 2800,
    "total_basis_count": 14488,
    "H_reduced_size": [
        14488,
        14488
    ],
    "reduction": 98.61831665039062,
    "H_reduced_e": 0.00027333212456349054,
    "used_dense": false,
    "eigenvalue_time": "0:00:00.126730",
    "diff": 0.0002733321245595584,
    "change_from_prev": 4.465741393973495e-09,
    "circuit_cost": {
        "depth": 831,
        "size": 2769,
        "num_2q_ops": 647,
        "depth_2q": 273,
        "count_ops": {
            "rz": 966,
            "sx": 912,
            "cz": 647,
            "x": 224,
            "measure": 20,
            "barrier": 1
        }
    }
}
[2026-02-13 11:12:47,707][INFO] [Run 5] Running for Krylov dimension 9
[2026-02-13 11:12:48,461][INFO] [Run 5]
{
    "raw_unique_basis_states": 1934,
    "fermion_basis_rejected": 0,
    "kept_unique_basis_states": 1934,
    "fermion_shots_rejected": 0,
    "kept_shots": 5000
}
[2026-02-13 11:14:00,321][INFO] [Run 5]
{
    "D": 9,
    "t": 9.0,
    "num_trotter_steps": 1,
    "circuit_time": "0:00:00.684127",
    "shot_processing": {
        "raw_unique_basis_states": 1934,
        "fermion_basis_rejected": 0,
        "kept_unique_basis_states": 1934,
        "fermion_shots_rejected": 0,
        "kept_shots": 5000
    },
    "new_basis_count": 1317,
    "total_basis_count": 15805,
    "H_reduced_size": [
        15805,
        15805
    ],
    "reduction": 98.49271774291992,
    "H_reduced_e": 0.0002733320860066071,
    "used_dense": false,
    "eigenvalue_time": "0:00:00.131532",
    "diff": 0.00027333208600267497,
    "change_from_prev": 3.855688343471289e-11,
    "circuit_cost": {
        "depth": 818,
        "size": 2738,
        "num_2q_ops": 647,
        "depth_2q": 273,
        "count_ops": {
            "rz": 944,
            "sx": 912,
            "cz": 647,
            "x": 215,
            "measure": 20,
            "barrier": 1
        }
    }
}
[2026-02-13 11:14:00,321][INFO] [Run 5] Running for Krylov dimension 10
[2026-02-13 11:14:01,774][INFO] [Run 5]
{
    "raw_unique_basis_states": 3704,
    "fermion_basis_rejected": 0,
    "kept_unique_basis_states": 3704,
    "fermion_shots_rejected": 0,
    "kept_shots": 5000
}
[2026-02-13 11:15:26,225][INFO] [Run 5]
{
    "D": 10,
    "t": 5.0,
    "num_trotter_steps": 2,
    "circuit_time": "0:00:01.330871",
    "shot_processing": {
        "raw_unique_basis_states": 3704,
        "fermion_basis_rejected": 0,
        "kept_unique_basis_states": 3704,
        "fermion_shots_rejected": 0,
        "kept_shots": 5000
    },
    "new_basis_count": 3040,
    "total_basis_count": 18845,
    "H_reduced_size": [
        18845,
        18845
    ],
    "reduction": 98.20280075073242,
    "H_reduced_e": 0.0002661128001827828,
    "used_dense": false,
    "eigenvalue_time": "0:00:00.158003",
    "diff": 0.0002661128001788507,
    "change_from_prev": 7.219285823824285e-06,
    "circuit_cost": {
        "depth": 1639,
        "size": 5466,
        "num_2q_ops": 1294,
        "depth_2q": 544,
        "count_ops": {
            "rz": 1901,
            "sx": 1823,
            "cz": 1294,
            "x": 428,
            "measure": 20,
            "barrier": 1
        }
    }
}
[2026-02-13 11:15:26,225][INFO] [Run 5] Running for Krylov dimension 11
[2026-02-13 11:15:27,690][INFO] [Run 5]
{
    "raw_unique_basis_states": 3048,
    "fermion_basis_rejected": 0,
    "kept_unique_basis_states": 3048,
    "fermion_shots_rejected": 0,
    "kept_shots": 5000
}
[2026-02-13 11:17:01,178][INFO] [Run 5]
{
    "D": 11,
    "t": 5.5,
    "num_trotter_steps": 2,
    "circuit_time": "0:00:01.343650",
    "shot_processing": {
        "raw_unique_basis_states": 3048,
        "fermion_basis_rejected": 0,
        "kept_unique_basis_states": 3048,
        "fermion_shots_rejected": 0,
        "kept_shots": 5000
    },
    "new_basis_count": 1928,
    "total_basis_count": 20773,
    "H_reduced_size": [
        20773,
        20773
    ],
    "reduction": 98.0189323425293,
    "H_reduced_e": 0.0002636596613485301,
    "used_dense": false,
    "eigenvalue_time": "0:00:00.179418",
    "diff": 0.00026365966134459797,
    "change_from_prev": 2.4531388342527135e-06,
    "circuit_cost": {
        "depth": 1653,
        "size": 5532,
        "num_2q_ops": 1294,
        "depth_2q": 544,
        "count_ops": {
            "rz": 1941,
            "sx": 1823,
            "cz": 1294,
            "x": 454,
            "measure": 20,
            "barrier": 1
        }
    }
}
[2026-02-13 11:17:01,179][INFO] [Run 5] Running for Krylov dimension 12
[2026-02-13 11:17:02,650][INFO] [Run 5]
{
    "raw_unique_basis_states": 2082,
    "fermion_basis_rejected": 0,
    "kept_unique_basis_states": 2082,
    "fermion_shots_rejected": 0,
    "kept_shots": 5000
}
[2026-02-13 11:18:39,987][INFO] [Run 5]
{
    "D": 12,
    "t": 6.0,
    "num_trotter_steps": 2,
    "circuit_time": "0:00:01.351040",
    "shot_processing": {
        "raw_unique_basis_states": 2082,
        "fermion_basis_rejected": 0,
        "kept_unique_basis_states": 2082,
        "fermion_shots_rejected": 0,
        "kept_shots": 5000
    },
    "new_basis_count": 737,
    "total_basis_count": 21510,
    "H_reduced_size": [
        21510,
        21510
    ],
    "reduction": 97.94864654541016,
    "H_reduced_e": 0.0002636590712681617,
    "used_dense": false,
    "eigenvalue_time": "0:00:00.189648",
    "diff": 0.00026365907126422956,
    "change_from_prev": 5.900803684111104e-10,
    "circuit_cost": {
        "depth": 1623,
        "size": 5432,
        "num_2q_ops": 1294,
        "depth_2q": 544,
        "count_ops": {
            "rz": 1885,
            "sx": 1823,
            "cz": 1294,
            "x": 410,
            "measure": 20,
            "barrier": 1
        }
    }
}
[2026-02-13 11:18:39,987][INFO] [Run 5] Running for Krylov dimension 13
[2026-02-13 11:18:41,465][INFO] [Run 5]
{
    "raw_unique_basis_states": 1763,
    "fermion_basis_rejected": 0,
    "kept_unique_basis_states": 1763,
    "fermion_shots_rejected": 0,
    "kept_shots": 5000
}
[2026-02-13 11:20:21,543][INFO] [Run 5]
{
    "D": 13,
    "t": 6.5,
    "num_trotter_steps": 2,
    "circuit_time": "0:00:01.340706",
    "shot_processing": {
        "raw_unique_basis_states": 1763,
        "fermion_basis_rejected": 0,
        "kept_unique_basis_states": 1763,
        "fermion_shots_rejected": 0,
        "kept_shots": 5000
    },
    "new_basis_count": 464,
    "total_basis_count": 21974,
    "H_reduced_size": [
        21974,
        21974
    ],
    "reduction": 97.9043960571289,
    "H_reduced_e": 0.00026365900378089006,
    "used_dense": false,
    "eigenvalue_time": "0:00:00.197436",
    "diff": 0.00026365900377695793,
    "change_from_prev": 6.74872716304592e-11,
    "circuit_cost": {
        "depth": 1641,
        "size": 5518,
        "num_2q_ops": 1294,
        "depth_2q": 544,
        "count_ops": {
            "rz": 1911,
            "sx": 1823,
            "cz": 1294,
            "x": 470,
            "measure": 20,
            "barrier": 1
        }
    }
}
[2026-02-13 11:20:21,544][INFO] [Run 5] Running for Krylov dimension 14
[2026-02-13 11:20:23,697][INFO] [Run 5]
{
    "raw_unique_basis_states": 3595,
    "fermion_basis_rejected": 0,
    "kept_unique_basis_states": 3595,
    "fermion_shots_rejected": 0,
    "kept_shots": 5000
}
[2026-02-13 11:22:13,632][INFO] [Run 5]
{
    "D": 14,
    "t": 4.666666666666667,
    "num_trotter_steps": 3,
    "circuit_time": "0:00:01.983440",
    "shot_processing": {
        "raw_unique_basis_states": 3595,
        "fermion_basis_rejected": 0,
        "kept_unique_basis_states": 3595,
        "fermion_shots_rejected": 0,
        "kept_shots": 5000
    },
    "new_basis_count": 2058,
    "total_basis_count": 24032,
    "H_reduced_size": [
        24032,
        24032
    ],
    "reduction": 97.7081298828125,
    "H_reduced_e": 0.00026180015094588786,
    "used_dense": false,
    "eigenvalue_time": "0:00:00.218931",
    "diff": 0.00026180015094195573,
    "change_from_prev": 1.8588528350021983e-06,
    "circuit_cost": {
        "depth": 2440,
        "size": 8165,
        "num_2q_ops": 1941,
        "depth_2q": 815,
        "count_ops": {
            "rz": 2827,
            "sx": 2735,
            "cz": 1941,
            "x": 642,
            "measure": 20,
            "barrier": 1
        }
    }
}
[2026-02-13 11:22:13,632][INFO] [Run 5] Running for Krylov dimension 15
[2026-02-13 11:22:15,777][INFO] [Run 5]
{
    "raw_unique_basis_states": 3907,
    "fermion_basis_rejected": 0,
    "kept_unique_basis_states": 3907,
    "fermion_shots_rejected": 0,
    "kept_shots": 5000
}
[2026-02-13 11:24:16,462][INFO] [Run 5]
{
    "D": 15,
    "t": 5.0,
    "num_trotter_steps": 3,
    "circuit_time": "0:00:01.972186",
    "shot_processing": {
        "raw_unique_basis_states": 3907,
        "fermion_basis_rejected": 0,
        "kept_unique_basis_states": 3907,
        "fermion_shots_rejected": 0,
        "kept_shots": 5000
    },
    "new_basis_count": 2033,
    "total_basis_count": 26065,
    "H_reduced_size": [
        26065,
        26065
    ],
    "reduction": 97.51424789428711,
    "H_reduced_e": 0.00026002204094805414,
    "used_dense": false,
    "eigenvalue_time": "0:00:00.247993",
    "diff": 0.000260022040944122,
    "change_from_prev": 1.7781099978337266e-06,
    "circuit_cost": {
        "depth": 2449,
        "size": 8198,
        "num_2q_ops": 1941,
        "depth_2q": 815,
        "count_ops": {
            "rz": 2859,
            "sx": 2735,
            "cz": 1941,
            "x": 643,
            "measure": 20,
            "barrier": 1
        }
    }
}
[2026-02-13 11:24:16,462][INFO] [Run 5] Running for Krylov dimension 16
[2026-02-13 11:24:18,621][INFO] [Run 5]
{
    "raw_unique_basis_states": 3990,
    "fermion_basis_rejected": 0,
    "kept_unique_basis_states": 3990,
    "fermion_shots_rejected": 0,
    "kept_shots": 5000
}
[2026-02-13 11:26:30,757][INFO] [Run 5]
{
    "D": 16,
    "t": 5.333333333333333,
    "num_trotter_steps": 3,
    "circuit_time": "0:00:01.985028",
    "shot_processing": {
        "raw_unique_basis_states": 3990,
        "fermion_basis_rejected": 0,
        "kept_unique_basis_states": 3990,
        "fermion_shots_rejected": 0,
        "kept_shots": 5000
    },
    "new_basis_count": 2091,
    "total_basis_count": 28156,
    "H_reduced_size": [
        28156,
        28156
    ],
    "reduction": 97.31483459472656,
    "H_reduced_e": 0.0002600007953531055,
    "used_dense": false,
    "eigenvalue_time": "0:00:00.281998",
    "diff": 0.0002600007953491734,
    "change_from_prev": 2.1245594948625986e-08,
    "circuit_cost": {
        "depth": 2437,
        "size": 8105,
        "num_2q_ops": 1941,
        "depth_2q": 815,
        "count_ops": {
            "rz": 2796,
            "sx": 2735,
            "cz": 1941,
            "x": 613,
            "measure": 20,
            "barrier": 1
        }
    }
}
[2026-02-13 11:26:30,758][INFO] [Run 5] Running for Krylov dimension 17
[2026-02-13 11:26:32,910][INFO] [Run 5]
{
    "raw_unique_basis_states": 4236,
    "fermion_basis_rejected": 0,
    "kept_unique_basis_states": 4236,
    "fermion_shots_rejected": 0,
    "kept_shots": 5000
}
[2026-02-13 11:28:54,215][INFO] [Run 5]
{
    "D": 17,
    "t": 5.666666666666667,
    "num_trotter_steps": 3,
    "circuit_time": "0:00:01.978926",
    "shot_processing": {
        "raw_unique_basis_states": 4236,
        "fermion_basis_rejected": 0,
        "kept_unique_basis_states": 4236,
        "fermion_shots_rejected": 0,
        "kept_shots": 5000
    },
    "new_basis_count": 2171,
    "total_basis_count": 30327,
    "H_reduced_size": [
        30327,
        30327
    ],
    "reduction": 97.10779190063477,
    "H_reduced_e": 0.00025994388727568776,
    "used_dense": false,
    "eigenvalue_time": "0:00:00.316105",
    "diff": 0.00025994388727175563,
    "change_from_prev": 5.690807741774544e-08,
    "circuit_cost": {
        "depth": 2453,
        "size": 8150,
        "num_2q_ops": 1941,
        "depth_2q": 815,
        "count_ops": {
            "rz": 2816,
            "sx": 2735,
            "cz": 1941,
            "x": 638,
            "measure": 20,
            "barrier": 1
        }
    }
}
[2026-02-13 11:28:54,215][INFO] [Run 5] Running for Krylov dimension 18
[2026-02-13 11:28:56,367][INFO] [Run 5]
{
    "raw_unique_basis_states": 4278,
    "fermion_basis_rejected": 0,
    "kept_unique_basis_states": 4278,
    "fermion_shots_rejected": 0,
    "kept_shots": 5000
}
[2026-02-13 11:31:30,453][INFO] [Run 5]
{
    "D": 18,
    "t": 6.0,
    "num_trotter_steps": 3,
    "circuit_time": "0:00:01.980322",
    "shot_processing": {
        "raw_unique_basis_states": 4278,
        "fermion_basis_rejected": 0,
        "kept_unique_basis_states": 4278,
        "fermion_shots_rejected": 0,
        "kept_shots": 5000
    },
    "new_basis_count": 2292,
    "total_basis_count": 32619,
    "H_reduced_size": [
        32619,
        32619
    ],
    "reduction": 96.88920974731445,
    "H_reduced_e": 0.00025994194522677497,
    "used_dense": false,
    "eigenvalue_time": "0:00:00.383844",
    "diff": 0.00025994194522284284,
    "change_from_prev": 1.9420489127974262e-09,
    "circuit_cost": {
        "depth": 2431,
        "size": 8140,
        "num_2q_ops": 1941,
        "depth_2q": 815,
        "count_ops": {
            "rz": 2821,
            "sx": 2735,
            "cz": 1941,
            "x": 623,
            "measure": 20,
            "barrier": 1
        }
    }
}
[2026-02-13 11:31:30,454][INFO] [Run 5] Running for Krylov dimension 19
[2026-02-13 11:31:32,606][INFO] [Run 5]
{
    "raw_unique_basis_states": 4417,
    "fermion_basis_rejected": 0,
    "kept_unique_basis_states": 4417,
    "fermion_shots_rejected": 0,
    "kept_shots": 5000
}
[2026-02-13 11:34:19,654][INFO] [Run 5]
{
    "D": 19,
    "t": 6.333333333333333,
    "num_trotter_steps": 3,
    "circuit_time": "0:00:01.980577",
    "shot_processing": {
        "raw_unique_basis_states": 4417,
        "fermion_basis_rejected": 0,
        "kept_unique_basis_states": 4417,
        "fermion_shots_rejected": 0,
        "kept_shots": 5000
    },
    "new_basis_count": 2366,
    "total_basis_count": 34985,
    "H_reduced_size": [
        34985,
        34985
    ],
    "reduction": 96.66357040405273,
    "H_reduced_e": 0.00025994161188859803,
    "used_dense": false,
    "eigenvalue_time": "0:00:00.399363",
    "diff": 0.0002599416118846659,
    "change_from_prev": 3.333381769395072e-10,
    "circuit_cost": {
        "depth": 2454,
        "size": 8151,
        "num_2q_ops": 1941,
        "depth_2q": 815,
        "count_ops": {
            "rz": 2827,
            "sx": 2735,
            "cz": 1941,
            "x": 628,
            "measure": 20,
            "barrier": 1
        }
    }
}
[2026-02-13 11:34:19,655][INFO] [Run 5] Running for Krylov dimension 20
[2026-02-13 11:34:22,455][INFO] [Run 5]
{
    "raw_unique_basis_states": 3457,
    "fermion_basis_rejected": 0,
    "kept_unique_basis_states": 3457,
    "fermion_shots_rejected": 0,
    "kept_shots": 5000
}
[2026-02-13 11:37:18,898][INFO] [Run 5]
{
    "D": 20,
    "t": 5.0,
    "num_trotter_steps": 4,
    "circuit_time": "0:00:02.581578",
    "shot_processing": {
        "raw_unique_basis_states": 3457,
        "fermion_basis_rejected": 0,
        "kept_unique_basis_states": 3457,
        "fermion_shots_rejected": 0,
        "kept_shots": 5000
    },
    "new_basis_count": 1188,
    "total_basis_count": 36173,
    "H_reduced_size": [
        36173,
        36173
    ],
    "reduction": 96.55027389526367,
    "H_reduced_e": 1.2180564787422657e-06,
    "used_dense": false,
    "eigenvalue_time": "0:00:00.481289",
    "diff": 1.2180564748101363e-06,
    "change_from_prev": 0.0002587235554098558,
    "circuit_cost": {
        "depth": 3268,
        "size": 10922,
        "num_2q_ops": 2588,
        "depth_2q": 1086,
        "count_ops": {
            "rz": 3811,
            "sx": 3647,
            "cz": 2588,
            "x": 856,
            "measure": 20,
            "barrier": 1
        }
    }
}
[2026-02-13 11:37:18,898][INFO] [Run 5] Running for Krylov dimension 21
[2026-02-13 11:37:21,710][INFO] [Run 5]
{
    "raw_unique_basis_states": 3412,
    "fermion_basis_rejected": 0,
    "kept_unique_basis_states": 3412,
    "fermion_shots_rejected": 0,
    "kept_shots": 5000
}
[2026-02-13 11:40:21,684][INFO] [Run 5]
{
    "D": 21,
    "t": 5.25,
    "num_trotter_steps": 4,
    "circuit_time": "0:00:02.589859",
    "shot_processing": {
        "raw_unique_basis_states": 3412,
        "fermion_basis_rejected": 0,
        "kept_unique_basis_states": 3412,
        "fermion_shots_rejected": 0,
        "kept_shots": 5000
    },
    "new_basis_count": 1052,
    "total_basis_count": 37225,
    "H_reduced_size": [
        37225,
        37225
    ],
    "reduction": 96.44994735717773,
    "H_reduced_e": 1.215892099984428e-06,
    "used_dense": false,
    "eigenvalue_time": "0:00:00.475952",
    "diff": 1.2158920960522986e-06,
    "change_from_prev": 2.1643787578377443e-09,
    "circuit_cost": {
        "depth": 3240,
        "size": 10848,
        "num_2q_ops": 2588,
        "depth_2q": 1086,
        "count_ops": {
            "rz": 3763,
            "sx": 3647,
            "cz": 2588,
            "x": 830,
            "measure": 20,
            "barrier": 1
        }
    }
}
[2026-02-13 11:40:21,684][INFO] [Run 5] Running for Krylov dimension 22
[2026-02-13 11:40:24,494][INFO] [Run 5]
{
    "raw_unique_basis_states": 3426,
    "fermion_basis_rejected": 0,
    "kept_unique_basis_states": 3426,
    "fermion_shots_rejected": 0,
    "kept_shots": 5000
}
[2026-02-13 11:43:29,441][INFO] [Run 5]
{
    "D": 22,
    "t": 5.5,
    "num_trotter_steps": 4,
    "circuit_time": "0:00:02.585781",
    "shot_processing": {
        "raw_unique_basis_states": 3426,
        "fermion_basis_rejected": 0,
        "kept_unique_basis_states": 3426,
        "fermion_shots_rejected": 0,
        "kept_shots": 5000
    },
    "new_basis_count": 986,
    "total_basis_count": 38211,
    "H_reduced_size": [
        38211,
        38211
    ],
    "reduction": 96.35591506958008,
    "H_reduced_e": 1.2072263553308367e-06,
    "used_dense": false,
    "eigenvalue_time": "0:00:00.519565",
    "diff": 1.2072263513987073e-06,
    "change_from_prev": 8.66574465359122e-09,
    "circuit_cost": {
        "depth": 3285,
        "size": 10906,
        "num_2q_ops": 2588,
        "depth_2q": 1086,
        "count_ops": {
            "rz": 3767,
            "sx": 3647,
            "cz": 2588,
            "x": 884,
            "measure": 20,
            "barrier": 1
        }
    }
}
[2026-02-13 11:43:29,441][INFO] [Run 5] Running for Krylov dimension 23
[2026-02-13 11:43:32,931][INFO] [Run 5]
{
    "raw_unique_basis_states": 3002,
    "fermion_basis_rejected": 0,
    "kept_unique_basis_states": 3002,
    "fermion_shots_rejected": 0,
    "kept_shots": 5000
}
[2026-02-13 11:46:42,333][INFO] [Run 5]
{
    "D": 23,
    "t": 4.6,
    "num_trotter_steps": 5,
    "circuit_time": "0:00:03.218586",
    "shot_processing": {
        "raw_unique_basis_states": 3002,
        "fermion_basis_rejected": 0,
        "kept_unique_basis_states": 3002,
        "fermion_shots_rejected": 0,
        "kept_shots": 5000
    },
    "new_basis_count": 598,
    "total_basis_count": 38809,
    "H_reduced_size": [
        38809,
        38809
    ],
    "reduction": 96.29888534545898,
    "H_reduced_e": 1.1862904294872132e-06,
    "used_dense": false,
    "eigenvalue_time": "0:00:00.521346",
    "diff": 1.1862904255550838e-06,
    "change_from_prev": 2.0935925843623496e-08,
    "circuit_cost": {
        "depth": 4028,
        "size": 13521,
        "num_2q_ops": 3235,
        "depth_2q": 1357,
        "count_ops": {
            "rz": 4642,
            "sx": 4559,
            "cz": 3235,
            "x": 1065,
            "measure": 20,
            "barrier": 1
        }
    }
}
[2026-02-13 11:46:42,333][INFO] [Run 5] Running for Krylov dimension 24
[2026-02-13 11:46:45,799][INFO] [Run 5]
{
    "raw_unique_basis_states": 2936,
    "fermion_basis_rejected": 0,
    "kept_unique_basis_states": 2936,
    "fermion_shots_rejected": 0,
    "kept_shots": 5000
}
[2026-02-13 11:49:54,480][INFO] [Run 5]
{
    "D": 24,
    "t": 4.8,
    "num_trotter_steps": 5,
    "circuit_time": "0:00:03.194578",
    "shot_processing": {
        "raw_unique_basis_states": 2936,
        "fermion_basis_rejected": 0,
        "kept_unique_basis_states": 2936,
        "fermion_shots_rejected": 0,
        "kept_shots": 5000
    },
    "new_basis_count": 456,
    "total_basis_count": 39265,
    "H_reduced_size": [
        39265,
        39265
    ],
    "reduction": 96.25539779663086,
    "H_reduced_e": 1.1736689814602382e-06,
    "used_dense": false,
    "eigenvalue_time": "0:00:00.534195",
    "diff": 1.1736689775281088e-06,
    "change_from_prev": 1.262144802697501e-08,
    "circuit_cost": {
        "depth": 4068,
        "size": 13523,
        "num_2q_ops": 3235,
        "depth_2q": 1357,
        "count_ops": {
            "rz": 4671,
            "sx": 4559,
            "cz": 3235,
            "x": 1038,
            "measure": 20,
            "barrier": 1
        }
    }
}
[2026-02-13 11:49:54,480][INFO] [Run 5] Running for Krylov dimension 25
[2026-02-13 11:49:57,952][INFO] [Run 5]
{
    "raw_unique_basis_states": 2734,
    "fermion_basis_rejected": 0,
    "kept_unique_basis_states": 2734,
    "fermion_shots_rejected": 0,
    "kept_shots": 5000
}
[2026-02-13 11:53:08,833][INFO] [Run 5]
{
    "D": 25,
    "t": 5.0,
    "num_trotter_steps": 5,
    "circuit_time": "0:00:03.199966",
    "shot_processing": {
        "raw_unique_basis_states": 2734,
        "fermion_basis_rejected": 0,
        "kept_unique_basis_states": 2734,
        "fermion_shots_rejected": 0,
        "kept_shots": 5000
    },
    "new_basis_count": 401,
    "total_basis_count": 39666,
    "H_reduced_size": [
        39666,
        39666
    ],
    "reduction": 96.21715545654297,
    "H_reduced_e": 1.1430868856162134e-06,
    "used_dense": false,
    "eigenvalue_time": "0:00:00.553321",
    "diff": 1.143086881684084e-06,
    "change_from_prev": 3.0582095844024845e-08,
    "circuit_cost": {
        "depth": 4078,
        "size": 13596,
        "num_2q_ops": 3235,
        "depth_2q": 1357,
        "count_ops": {
            "rz": 4719,
            "sx": 4559,
            "cz": 3235,
            "x": 1063,
            "measure": 20,
            "barrier": 1
        }
    }
}
[2026-02-13 11:53:08,833][INFO] [Run 5] Running for Krylov dimension 26
[2026-02-13 11:53:12,302][INFO] [Run 5]
{
    "raw_unique_basis_states": 2472,
    "fermion_basis_rejected": 0,
    "kept_unique_basis_states": 2472,
    "fermion_shots_rejected": 0,
    "kept_shots": 5000
}
[2026-02-13 11:56:26,821][INFO] [Run 5]
{
    "D": 26,
    "t": 5.2,
    "num_trotter_steps": 5,
    "circuit_time": "0:00:03.198585",
    "shot_processing": {
        "raw_unique_basis_states": 2472,
        "fermion_basis_rejected": 0,
        "kept_unique_basis_states": 2472,
        "fermion_shots_rejected": 0,
        "kept_shots": 5000
    },
    "new_basis_count": 354,
    "total_basis_count": 40020,
    "H_reduced_size": [
        40020,
        40020
    ],
    "reduction": 96.18339538574219,
    "H_reduced_e": 1.1243615507361617e-06,
    "used_dense": false,
    "eigenvalue_time": "0:00:00.563082",
    "diff": 1.1243615468040323e-06,
    "change_from_prev": 1.8725334880051692e-08,
    "circuit_cost": {
        "depth": 4083,
        "size": 13659,
        "num_2q_ops": 3235,
        "depth_2q": 1357,
        "count_ops": {
            "rz": 4758,
            "sx": 4549,
            "cz": 3235,
            "x": 1097,
            "measure": 20,
            "barrier": 1
        }
    }
}
[2026-02-13 11:56:26,821][INFO] [Run 5] Running for Krylov dimension 27
[2026-02-13 11:56:30,282][INFO] [Run 5]
{
    "raw_unique_basis_states": 2438,
    "fermion_basis_rejected": 0,
    "kept_unique_basis_states": 2438,
    "fermion_shots_rejected": 0,
    "kept_shots": 5000
}
[2026-02-13 11:59:45,010][INFO] [Run 5]
{
    "D": 27,
    "t": 5.4,
    "num_trotter_steps": 5,
    "circuit_time": "0:00:03.193805",
    "shot_processing": {
        "raw_unique_basis_states": 2438,
        "fermion_basis_rejected": 0,
        "kept_unique_basis_states": 2438,
        "fermion_shots_rejected": 0,
        "kept_shots": 5000
    },
    "new_basis_count": 325,
    "total_basis_count": 40345,
    "H_reduced_size": [
        40345,
        40345
    ],
    "reduction": 96.15240097045898,
    "H_reduced_e": 1.1242082207517031e-06,
    "used_dense": false,
    "eigenvalue_time": "0:00:00.581597",
    "diff": 1.1242082168195737e-06,
    "change_from_prev": 1.533299844585542e-10,
    "circuit_cost": {
        "depth": 4107,
        "size": 13653,
        "num_2q_ops": 3235,
        "depth_2q": 1357,
        "count_ops": {
            "rz": 4754,
            "sx": 4559,
            "cz": 3235,
            "x": 1085,
            "measure": 20,
            "barrier": 1
        }
    }
}
[2026-02-13 11:59:45,010][INFO] [Run 5] Running for Krylov dimension 28
[2026-02-13 11:59:48,531][INFO] [Run 5]
{
    "raw_unique_basis_states": 2643,
    "fermion_basis_rejected": 0,
    "kept_unique_basis_states": 2643,
    "fermion_shots_rejected": 0,
    "kept_shots": 5000
}
[2026-02-13 12:03:05,650][INFO] [Run 5]
{
    "D": 28,
    "t": 5.6,
    "num_trotter_steps": 5,
    "circuit_time": "0:00:03.246303",
    "shot_processing": {
        "raw_unique_basis_states": 2643,
        "fermion_basis_rejected": 0,
        "kept_unique_basis_states": 2643,
        "fermion_shots_rejected": 0,
        "kept_shots": 5000
    },
    "new_basis_count": 372,
    "total_basis_count": 40717,
    "H_reduced_size": [
        40717,
        40717
    ],
    "reduction": 96.11692428588867,
    "H_reduced_e": 2.860065872783265e-08,
    "used_dense": false,
    "eigenvalue_time": "0:00:00.618730",
    "diff": 2.860065479570319e-08,
    "change_from_prev": 1.0956075620238705e-06,
    "circuit_cost": {
        "depth": 4076,
        "size": 13634,
        "num_2q_ops": 3235,
        "depth_2q": 1357,
        "count_ops": {
            "rz": 4737,
            "sx": 4559,
            "cz": 3235,
            "x": 1083,
            "measure": 20,
            "barrier": 1
        }
    }
}
[2026-02-13 12:03:05,651][INFO] [Run 5] Running for Krylov dimension 29
[2026-02-13 12:03:09,115][INFO] [Run 5]
{
    "raw_unique_basis_states": 2750,
    "fermion_basis_rejected": 0,
    "kept_unique_basis_states": 2750,
    "fermion_shots_rejected": 0,
    "kept_shots": 5000
}
[2026-02-13 12:06:29,315][INFO] [Run 5]
{
    "D": 29,
    "t": 5.8,
    "num_trotter_steps": 5,
    "circuit_time": "0:00:03.193651",
    "shot_processing": {
        "raw_unique_basis_states": 2750,
        "fermion_basis_rejected": 0,
        "kept_unique_basis_states": 2750,
        "fermion_shots_rejected": 0,
        "kept_shots": 5000
    },
    "new_basis_count": 426,
    "total_basis_count": 41143,
    "H_reduced_size": [
        41143,
        41143
    ],
    "reduction": 96.07629776000977,
    "H_reduced_e": 2.8245365982529042e-08,
    "used_dense": false,
    "eigenvalue_time": "0:00:00.622026",
    "diff": 2.824536205039958e-08,
    "change_from_prev": 3.55292745303608e-10,
    "circuit_cost": {
        "depth": 4092,
        "size": 13648,
        "num_2q_ops": 3235,
        "depth_2q": 1357,
        "count_ops": {
            "rz": 4781,
            "sx": 4559,
            "cz": 3235,
            "x": 1053,
            "measure": 20,
            "barrier": 1
        }
    }
}
[2026-02-13 12:06:29,318][INFO] [Run 5] Done
