[2026-02-13 11:12:44,722][INFO] Running VQE for linear potential and cutoff 16
[2026-02-13 11:12:44,724][INFO] Truncation: {'m': 212, 'n': 2211, 'keep_frac_terms': 0.09588421528720036, 'keep_ratio': 0.999, 'truncated': 1.377312853455578, 'total_weight': 1381.999999999984}
[2026-02-13 11:12:44,749][INFO] min_eigenvalue: 3.9321294598410086e-15
[2026-02-13 11:12:48,264][INFO] []
[2026-02-13 11:12:48,265][INFO] [Run 7] Running for Krylov dimension 1
[2026-02-13 11:12:49,033][INFO] [Run 7]
{
    "raw_unique_basis_states": 1241,
    "fermion_basis_rejected": 0,
    "kept_unique_basis_states": 1241,
    "fermion_shots_rejected": 0,
    "kept_shots": 5000
}
[2026-02-13 11:12:55,666][INFO] [Run 7]
{
    "D": 1,
    "t": 1.0,
    "num_trotter_steps": 1,
    "circuit_time": "0:00:00.687986",
    "shot_processing": {
        "raw_unique_basis_states": 1241,
        "fermion_basis_rejected": 0,
        "kept_unique_basis_states": 1241,
        "fermion_shots_rejected": 0,
        "kept_shots": 5000
    },
    "new_basis_count": 1241,
    "total_basis_count": 1241,
    "H_reduced_size": [
        1241,
        1241
    ],
    "reduction": 99.88164901733398,
    "H_reduced_e": 0.005299425986410682,
    "used_dense": true,
    "eigenvalue_time": "0:00:01.544744",
    "diff": 0.0052994259864067505,
    "change_from_prev": null,
    "circuit_cost": {
        "depth": 826,
        "size": 2758,
        "num_2q_ops": 647,
        "depth_2q": 273,
        "count_ops": {
            "rz": 960,
            "sx": 912,
            "cz": 647,
            "x": 219,
            "measure": 20,
            "barrier": 1
        }
    }
}
[2026-02-13 11:12:55,666][INFO] [Run 7] Running for Krylov dimension 2
[2026-02-13 11:12:56,424][INFO] [Run 7]
{
    "raw_unique_basis_states": 3216,
    "fermion_basis_rejected": 0,
    "kept_unique_basis_states": 3216,
    "fermion_shots_rejected": 0,
    "kept_shots": 5000
}
[2026-02-13 11:13:13,946][INFO] [Run 7]
{
    "D": 2,
    "t": 2.0,
    "num_trotter_steps": 1,
    "circuit_time": "0:00:00.687641",
    "shot_processing": {
        "raw_unique_basis_states": 3216,
        "fermion_basis_rejected": 0,
        "kept_unique_basis_states": 3216,
        "fermion_shots_rejected": 0,
        "kept_shots": 5000
    },
    "new_basis_count": 2972,
    "total_basis_count": 4213,
    "H_reduced_size": [
        4213,
        4213
    ],
    "reduction": 99.59821701049805,
    "H_reduced_e": 0.004967707474967565,
    "used_dense": false,
    "eigenvalue_time": "0:00:00.024585",
    "diff": 0.0049677074749636336,
    "change_from_prev": 0.00033171851144311697,
    "circuit_cost": {
        "depth": 819,
        "size": 2742,
        "num_2q_ops": 647,
        "depth_2q": 273,
        "count_ops": {
            "rz": 952,
            "sx": 912,
            "cz": 647,
            "x": 211,
            "measure": 20,
            "barrier": 1
        }
    }
}
[2026-02-13 11:13:13,947][INFO] [Run 7] Running for Krylov dimension 3
[2026-02-13 11:13:14,695][INFO] [Run 7]
{
    "raw_unique_basis_states": 1317,
    "fermion_basis_rejected": 0,
    "kept_unique_basis_states": 1317,
    "fermion_shots_rejected": 0,
    "kept_shots": 5000
}
[2026-02-13 11:13:36,565][INFO] [Run 7]
{
    "D": 3,
    "t": 3.0,
    "num_trotter_steps": 1,
    "circuit_time": "0:00:00.681752",
    "shot_processing": {
        "raw_unique_basis_states": 1317,
        "fermion_basis_rejected": 0,
        "kept_unique_basis_states": 1317,
        "fermion_shots_rejected": 0,
        "kept_shots": 5000
    },
    "new_basis_count": 1030,
    "total_basis_count": 5243,
    "H_reduced_size": [
        5243,
        5243
    ],
    "reduction": 99.4999885559082,
    "H_reduced_e": 0.004967662886518089,
    "used_dense": false,
    "eigenvalue_time": "0:00:00.032868",
    "diff": 0.0049676628865141575,
    "change_from_prev": 4.4588449476037906e-08,
    "circuit_cost": {
        "depth": 819,
        "size": 2744,
        "num_2q_ops": 647,
        "depth_2q": 273,
        "count_ops": {
            "rz": 956,
            "sx": 912,
            "cz": 647,
            "x": 209,
            "measure": 20,
            "barrier": 1
        }
    }
}
[2026-02-13 11:13:36,565][INFO] [Run 7] Running for Krylov dimension 4
[2026-02-13 11:13:37,317][INFO] [Run 7]
{
    "raw_unique_basis_states": 2714,
    "fermion_basis_rejected": 0,
    "kept_unique_basis_states": 2714,
    "fermion_shots_rejected": 0,
    "kept_shots": 5000
}
[2026-02-13 11:14:08,189][INFO] [Run 7]
{
    "D": 4,
    "t": 4.0,
    "num_trotter_steps": 1,
    "circuit_time": "0:00:00.683794",
    "shot_processing": {
        "raw_unique_basis_states": 2714,
        "fermion_basis_rejected": 0,
        "kept_unique_basis_states": 2714,
        "fermion_shots_rejected": 0,
        "kept_shots": 5000
    },
    "new_basis_count": 1868,
    "total_basis_count": 7111,
    "H_reduced_size": [
        7111,
        7111
    ],
    "reduction": 99.32184219360352,
    "H_reduced_e": 0.0049354877556850845,
    "used_dense": false,
    "eigenvalue_time": "0:00:00.048497",
    "diff": 0.004935487755681153,
    "change_from_prev": 3.217513083300476e-05,
    "circuit_cost": {
        "depth": 826,
        "size": 2756,
        "num_2q_ops": 647,
        "depth_2q": 273,
        "count_ops": {
            "rz": 961,
            "sx": 912,
            "cz": 647,
            "x": 216,
            "measure": 20,
            "barrier": 1
        }
    }
}
[2026-02-13 11:14:08,189][INFO] [Run 7] Running for Krylov dimension 5
[2026-02-13 11:14:08,948][INFO] [Run 7]
{
    "raw_unique_basis_states": 3397,
    "fermion_basis_rejected": 0,
    "kept_unique_basis_states": 3397,
    "fermion_shots_rejected": 0,
    "kept_shots": 5000
}
[2026-02-13 11:14:52,773][INFO] [Run 7]
{
    "D": 5,
    "t": 5.0,
    "num_trotter_steps": 1,
    "circuit_time": "0:00:00.688961",
    "shot_processing": {
        "raw_unique_basis_states": 3397,
        "fermion_basis_rejected": 0,
        "kept_unique_basis_states": 3397,
        "fermion_shots_rejected": 0,
        "kept_shots": 5000
    },
    "new_basis_count": 2991,
    "total_basis_count": 10102,
    "H_reduced_size": [
        10102,
        10102
    ],
    "reduction": 99.0365982055664,
    "H_reduced_e": 0.004935400242476713,
    "used_dense": false,
    "eigenvalue_time": "0:00:00.067345",
    "diff": 0.004935400242472781,
    "change_from_prev": 8.751320837181026e-08,
    "circuit_cost": {
        "depth": 822,
        "size": 2739,
        "num_2q_ops": 647,
        "depth_2q": 273,
        "count_ops": {
            "rz": 947,
            "sx": 912,
            "cz": 647,
            "x": 213,
            "measure": 20,
            "barrier": 1
        }
    }
}
[2026-02-13 11:14:52,773][INFO] [Run 7] Running for Krylov dimension 6
[2026-02-13 11:14:53,532][INFO] [Run 7]
{
    "raw_unique_basis_states": 863,
    "fermion_basis_rejected": 0,
    "kept_unique_basis_states": 863,
    "fermion_shots_rejected": 0,
    "kept_shots": 5000
}
[2026-02-13 11:15:40,553][INFO] [Run 7]
{
    "D": 6,
    "t": 6.0,
    "num_trotter_steps": 1,
    "circuit_time": "0:00:00.692619",
    "shot_processing": {
        "raw_unique_basis_states": 863,
        "fermion_basis_rejected": 0,
        "kept_unique_basis_states": 863,
        "fermion_shots_rejected": 0,
        "kept_shots": 5000
    },
    "new_basis_count": 610,
    "total_basis_count": 10712,
    "H_reduced_size": [
        10712,
        10712
    ],
    "reduction": 98.97842407226562,
    "H_reduced_e": 0.0049351779111261275,
    "used_dense": false,
    "eigenvalue_time": "0:00:00.078576",
    "diff": 0.004935177911122196,
    "change_from_prev": 2.2233135058523368e-07,
    "circuit_cost": {
        "depth": 830,
        "size": 2771,
        "num_2q_ops": 647,
        "depth_2q": 273,
        "count_ops": {
            "rz": 970,
            "sx": 908,
            "cz": 647,
            "x": 226,
            "measure": 20,
            "barrier": 1
        }
    }
}
[2026-02-13 11:15:40,553][INFO] [Run 7] Running for Krylov dimension 7
[2026-02-13 11:15:41,311][INFO] [Run 7]
{
    "raw_unique_basis_states": 1567,
    "fermion_basis_rejected": 0,
    "kept_unique_basis_states": 1567,
    "fermion_shots_rejected": 0,
    "kept_shots": 5000
}
[2026-02-13 11:16:32,541][INFO] [Run 7]
{
    "D": 7,
    "t": 7.0,
    "num_trotter_steps": 1,
    "circuit_time": "0:00:00.690109",
    "shot_processing": {
        "raw_unique_basis_states": 1567,
        "fermion_basis_rejected": 0,
        "kept_unique_basis_states": 1567,
        "fermion_shots_rejected": 0,
        "kept_shots": 5000
    },
    "new_basis_count": 945,
    "total_basis_count": 11657,
    "H_reduced_size": [
        11657,
        11657
    ],
    "reduction": 98.88830184936523,
    "H_reduced_e": 0.00027491427005397806,
    "used_dense": false,
    "eigenvalue_time": "0:00:00.094757",
    "diff": 0.00027491427005004593,
    "change_from_prev": 0.00466026364107215,
    "circuit_cost": {
        "depth": 808,
        "size": 2697,
        "num_2q_ops": 647,
        "depth_2q": 273,
        "count_ops": {
            "rz": 913,
            "sx": 912,
            "cz": 647,
            "x": 205,
            "measure": 20,
            "barrier": 1
        }
    }
}
[2026-02-13 11:16:32,541][INFO] [Run 7] Running for Krylov dimension 8
[2026-02-13 11:16:33,301][INFO] [Run 7]
{
    "raw_unique_basis_states": 3722,
    "fermion_basis_rejected": 0,
    "kept_unique_basis_states": 3722,
    "fermion_shots_rejected": 0,
    "kept_shots": 5000
}
[2026-02-13 11:17:36,806][INFO] [Run 7]
{
    "D": 8,
    "t": 8.0,
    "num_trotter_steps": 1,
    "circuit_time": "0:00:00.689197",
    "shot_processing": {
        "raw_unique_basis_states": 3722,
        "fermion_basis_rejected": 0,
        "kept_unique_basis_states": 3722,
        "fermion_shots_rejected": 0,
        "kept_shots": 5000
    },
    "new_basis_count": 2797,
    "total_basis_count": 14454,
    "H_reduced_size": [
        14454,
        14454
    ],
    "reduction": 98.6215591430664,
    "H_reduced_e": 0.0002749139233260425,
    "used_dense": false,
    "eigenvalue_time": "0:00:00.119379",
    "diff": 0.0002749139233221104,
    "change_from_prev": 3.4672793553392617e-10,
    "circuit_cost": {
        "depth": 831,
        "size": 2769,
        "num_2q_ops": 647,
        "depth_2q": 273,
        "count_ops": {
            "rz": 966,
            "sx": 912,
            "cz": 647,
            "x": 224,
            "measure": 20,
            "barrier": 1
        }
    }
}
[2026-02-13 11:17:36,807][INFO] [Run 7] Running for Krylov dimension 9
[2026-02-13 11:17:37,556][INFO] [Run 7]
{
    "raw_unique_basis_states": 1852,
    "fermion_basis_rejected": 0,
    "kept_unique_basis_states": 1852,
    "fermion_shots_rejected": 0,
    "kept_shots": 5000
}
[2026-02-13 11:18:46,229][INFO] [Run 7]
{
    "D": 9,
    "t": 9.0,
    "num_trotter_steps": 1,
    "circuit_time": "0:00:00.680786",
    "shot_processing": {
        "raw_unique_basis_states": 1852,
        "fermion_basis_rejected": 0,
        "kept_unique_basis_states": 1852,
        "fermion_shots_rejected": 0,
        "kept_shots": 5000
    },
    "new_basis_count": 1266,
    "total_basis_count": 15720,
    "H_reduced_size": [
        15720,
        15720
    ],
    "reduction": 98.50082397460938,
    "H_reduced_e": 0.0002749095499115431,
    "used_dense": false,
    "eigenvalue_time": "0:00:00.131082",
    "diff": 0.000274909549907611,
    "change_from_prev": 4.3734144994172185e-09,
    "circuit_cost": {
        "depth": 818,
        "size": 2738,
        "num_2q_ops": 647,
        "depth_2q": 273,
        "count_ops": {
            "rz": 944,
            "sx": 912,
            "cz": 647,
            "x": 215,
            "measure": 20,
            "barrier": 1
        }
    }
}
[2026-02-13 11:18:46,229][INFO] [Run 7] Running for Krylov dimension 10
[2026-02-13 11:18:47,679][INFO] [Run 7]
{
    "raw_unique_basis_states": 3725,
    "fermion_basis_rejected": 0,
    "kept_unique_basis_states": 3725,
    "fermion_shots_rejected": 0,
    "kept_shots": 5000
}
[2026-02-13 11:20:11,713][INFO] [Run 7]
{
    "D": 10,
    "t": 5.0,
    "num_trotter_steps": 2,
    "circuit_time": "0:00:01.328683",
    "shot_processing": {
        "raw_unique_basis_states": 3725,
        "fermion_basis_rejected": 0,
        "kept_unique_basis_states": 3725,
        "fermion_shots_rejected": 0,
        "kept_shots": 5000
    },
    "new_basis_count": 3078,
    "total_basis_count": 18798,
    "H_reduced_size": [
        18798,
        18798
    ],
    "reduction": 98.20728302001953,
    "H_reduced_e": 0.00027416199245569286,
    "used_dense": false,
    "eigenvalue_time": "0:00:00.158443",
    "diff": 0.0002741619924517607,
    "change_from_prev": 7.475574558502506e-07,
    "circuit_cost": {
        "depth": 1639,
        "size": 5466,
        "num_2q_ops": 1294,
        "depth_2q": 544,
        "count_ops": {
            "rz": 1901,
            "sx": 1823,
            "cz": 1294,
            "x": 428,
            "measure": 20,
            "barrier": 1
        }
    }
}
[2026-02-13 11:20:11,714][INFO] [Run 7] Running for Krylov dimension 11
[2026-02-13 11:20:13,162][INFO] [Run 7]
{
    "raw_unique_basis_states": 3027,
    "fermion_basis_rejected": 0,
    "kept_unique_basis_states": 3027,
    "fermion_shots_rejected": 0,
    "kept_shots": 5000
}
[2026-02-13 11:21:46,242][INFO] [Run 7]
{
    "D": 11,
    "t": 5.5,
    "num_trotter_steps": 2,
    "circuit_time": "0:00:01.327417",
    "shot_processing": {
        "raw_unique_basis_states": 3027,
        "fermion_basis_rejected": 0,
        "kept_unique_basis_states": 3027,
        "fermion_shots_rejected": 0,
        "kept_shots": 5000
    },
    "new_basis_count": 1882,
    "total_basis_count": 20680,
    "H_reduced_size": [
        20680,
        20680
    ],
    "reduction": 98.02780151367188,
    "H_reduced_e": 0.00026905770226424487,
    "used_dense": false,
    "eigenvalue_time": "0:00:00.189157",
    "diff": 0.00026905770226031274,
    "change_from_prev": 5.10429019144799e-06,
    "circuit_cost": {
        "depth": 1653,
        "size": 5532,
        "num_2q_ops": 1294,
        "depth_2q": 544,
        "count_ops": {
            "rz": 1941,
            "sx": 1823,
            "cz": 1294,
            "x": 454,
            "measure": 20,
            "barrier": 1
        }
    }
}
[2026-02-13 11:21:46,243][INFO] [Run 7] Running for Krylov dimension 12
[2026-02-13 11:21:47,686][INFO] [Run 7]
{
    "raw_unique_basis_states": 2101,
    "fermion_basis_rejected": 0,
    "kept_unique_basis_states": 2101,
    "fermion_shots_rejected": 0,
    "kept_shots": 5000
}
[2026-02-13 11:23:24,227][INFO] [Run 7]
{
    "D": 12,
    "t": 6.0,
    "num_trotter_steps": 2,
    "circuit_time": "0:00:01.326464",
    "shot_processing": {
        "raw_unique_basis_states": 2101,
        "fermion_basis_rejected": 0,
        "kept_unique_basis_states": 2101,
        "fermion_shots_rejected": 0,
        "kept_shots": 5000
    },
    "new_basis_count": 768,
    "total_basis_count": 21448,
    "H_reduced_size": [
        21448,
        21448
    ],
    "reduction": 97.95455932617188,
    "H_reduced_e": 0.00026904956924599126,
    "used_dense": false,
    "eigenvalue_time": "0:00:00.188369",
    "diff": 0.00026904956924205913,
    "change_from_prev": 8.133018253601767e-09,
    "circuit_cost": {
        "depth": 1623,
        "size": 5432,
        "num_2q_ops": 1294,
        "depth_2q": 544,
        "count_ops": {
            "rz": 1885,
            "sx": 1823,
            "cz": 1294,
            "x": 410,
            "measure": 20,
            "barrier": 1
        }
    }
}
[2026-02-13 11:23:24,227][INFO] [Run 7] Running for Krylov dimension 13
[2026-02-13 11:23:25,693][INFO] [Run 7]
{
    "raw_unique_basis_states": 1768,
    "fermion_basis_rejected": 0,
    "kept_unique_basis_states": 1768,
    "fermion_shots_rejected": 0,
    "kept_shots": 5000
}
[2026-02-13 11:25:04,984][INFO] [Run 7]
{
    "D": 13,
    "t": 6.5,
    "num_trotter_steps": 2,
    "circuit_time": "0:00:01.330259",
    "shot_processing": {
        "raw_unique_basis_states": 1768,
        "fermion_basis_rejected": 0,
        "kept_unique_basis_states": 1768,
        "fermion_shots_rejected": 0,
        "kept_shots": 5000
    },
    "new_basis_count": 447,
    "total_basis_count": 21895,
    "H_reduced_size": [
        21895,
        21895
    ],
    "reduction": 97.91193008422852,
    "H_reduced_e": 0.0002690493942522643,
    "used_dense": false,
    "eigenvalue_time": "0:00:00.189328",
    "diff": 0.00026904939424833216,
    "change_from_prev": 1.7499372697432625e-10,
    "circuit_cost": {
        "depth": 1641,
        "size": 5518,
        "num_2q_ops": 1294,
        "depth_2q": 544,
        "count_ops": {
            "rz": 1911,
            "sx": 1823,
            "cz": 1294,
            "x": 470,
            "measure": 20,
            "barrier": 1
        }
    }
}
[2026-02-13 11:25:04,984][INFO] [Run 7] Running for Krylov dimension 14
[2026-02-13 11:25:07,113][INFO] [Run 7]
{
    "raw_unique_basis_states": 3590,
    "fermion_basis_rejected": 0,
    "kept_unique_basis_states": 3590,
    "fermion_shots_rejected": 0,
    "kept_shots": 5000
}
[2026-02-13 11:26:55,316][INFO] [Run 7]
{
    "D": 14,
    "t": 4.666666666666667,
    "num_trotter_steps": 3,
    "circuit_time": "0:00:01.960944",
    "shot_processing": {
        "raw_unique_basis_states": 3590,
        "fermion_basis_rejected": 0,
        "kept_unique_basis_states": 3590,
        "fermion_shots_rejected": 0,
        "kept_shots": 5000
    },
    "new_basis_count": 2022,
    "total_basis_count": 23917,
    "H_reduced_size": [
        23917,
        23917
    ],
    "reduction": 97.71909713745117,
    "H_reduced_e": 0.00026888945701688676,
    "used_dense": false,
    "eigenvalue_time": "0:00:00.240738",
    "diff": 0.0002688894570129546,
    "change_from_prev": 1.599372353775332e-07,
    "circuit_cost": {
        "depth": 2440,
        "size": 8165,
        "num_2q_ops": 1941,
        "depth_2q": 815,
        "count_ops": {
            "rz": 2827,
            "sx": 2735,
            "cz": 1941,
            "x": 642,
            "measure": 20,
            "barrier": 1
        }
    }
}
[2026-02-13 11:26:55,316][INFO] [Run 7] Running for Krylov dimension 15
[2026-02-13 11:26:57,430][INFO] [Run 7]
{
    "raw_unique_basis_states": 3925,
    "fermion_basis_rejected": 0,
    "kept_unique_basis_states": 3925,
    "fermion_shots_rejected": 0,
    "kept_shots": 5000
}
[2026-02-13 11:28:54,873][INFO] [Run 7]
{
    "D": 15,
    "t": 5.0,
    "num_trotter_steps": 3,
    "circuit_time": "0:00:01.943048",
    "shot_processing": {
        "raw_unique_basis_states": 3925,
        "fermion_basis_rejected": 0,
        "kept_unique_basis_states": 3925,
        "fermion_shots_rejected": 0,
        "kept_shots": 5000
    },
    "new_basis_count": 2006,
    "total_basis_count": 25923,
    "H_reduced_size": [
        25923,
        25923
    ],
    "reduction": 97.52779006958008,
    "H_reduced_e": 0.0002597529380628688,
    "used_dense": false,
    "eigenvalue_time": "0:00:00.242859",
    "diff": 0.00025975293805893666,
    "change_from_prev": 9.136518954017971e-06,
    "circuit_cost": {
        "depth": 2449,
        "size": 8198,
        "num_2q_ops": 1941,
        "depth_2q": 815,
        "count_ops": {
            "rz": 2859,
            "sx": 2735,
            "cz": 1941,
            "x": 643,
            "measure": 20,
            "barrier": 1
        }
    }
}
[2026-02-13 11:28:54,874][INFO] [Run 7] Running for Krylov dimension 16
[2026-02-13 11:28:56,993][INFO] [Run 7]
{
    "raw_unique_basis_states": 3958,
    "fermion_basis_rejected": 0,
    "kept_unique_basis_states": 3958,
    "fermion_shots_rejected": 0,
    "kept_shots": 5000
}
[2026-02-13 11:31:05,326][INFO] [Run 7]
{
    "D": 16,
    "t": 5.333333333333333,
    "num_trotter_steps": 3,
    "circuit_time": "0:00:01.950075",
    "shot_processing": {
        "raw_unique_basis_states": 3958,
        "fermion_basis_rejected": 0,
        "kept_unique_basis_states": 3958,
        "fermion_shots_rejected": 0,
        "kept_shots": 5000
    },
    "new_basis_count": 1978,
    "total_basis_count": 27901,
    "H_reduced_size": [
        27901,
        27901
    ],
    "reduction": 97.33915328979492,
    "H_reduced_e": 0.0002597058878688275,
    "used_dense": false,
    "eigenvalue_time": "0:00:00.260268",
    "diff": 0.00025970588786489537,
    "change_from_prev": 4.705019404128725e-08,
    "circuit_cost": {
        "depth": 2437,
        "size": 8105,
        "num_2q_ops": 1941,
        "depth_2q": 815,
        "count_ops": {
            "rz": 2796,
            "sx": 2735,
            "cz": 1941,
            "x": 613,
            "measure": 20,
            "barrier": 1
        }
    }
}
[2026-02-13 11:31:05,327][INFO] [Run 7] Running for Krylov dimension 17
[2026-02-13 11:31:07,448][INFO] [Run 7]
{
    "raw_unique_basis_states": 4213,
    "fermion_basis_rejected": 0,
    "kept_unique_basis_states": 4213,
    "fermion_shots_rejected": 0,
    "kept_shots": 5000
}
[2026-02-13 11:33:27,618][INFO] [Run 7]
{
    "D": 17,
    "t": 5.666666666666667,
    "num_trotter_steps": 3,
    "circuit_time": "0:00:01.950076",
    "shot_processing": {
        "raw_unique_basis_states": 4213,
        "fermion_basis_rejected": 0,
        "kept_unique_basis_states": 4213,
        "fermion_shots_rejected": 0,
        "kept_shots": 5000
    },
    "new_basis_count": 2162,
    "total_basis_count": 30063,
    "H_reduced_size": [
        30063,
        30063
    ],
    "reduction": 97.13296890258789,
    "H_reduced_e": 0.0002596944206287669,
    "used_dense": false,
    "eigenvalue_time": "0:00:00.288571",
    "diff": 0.00025969442062483475,
    "change_from_prev": 1.1467240060617466e-08,
    "circuit_cost": {
        "depth": 2453,
        "size": 8150,
        "num_2q_ops": 1941,
        "depth_2q": 815,
        "count_ops": {
            "rz": 2816,
            "sx": 2735,
            "cz": 1941,
            "x": 638,
            "measure": 20,
            "barrier": 1
        }
    }
}
[2026-02-13 11:33:27,618][INFO] [Run 7] Running for Krylov dimension 18
[2026-02-13 11:33:29,741][INFO] [Run 7]
{
    "raw_unique_basis_states": 4253,
    "fermion_basis_rejected": 0,
    "kept_unique_basis_states": 4253,
    "fermion_shots_rejected": 0,
    "kept_shots": 5000
}
[2026-02-13 11:35:58,977][INFO] [Run 7]
{
    "D": 18,
    "t": 6.0,
    "num_trotter_steps": 3,
    "circuit_time": "0:00:01.952020",
    "shot_processing": {
        "raw_unique_basis_states": 4253,
        "fermion_basis_rejected": 0,
        "kept_unique_basis_states": 4253,
        "fermion_shots_rejected": 0,
        "kept_shots": 5000
    },
    "new_basis_count": 2261,
    "total_basis_count": 32324,
    "H_reduced_size": [
        32324,
        32324
    ],
    "reduction": 96.91734313964844,
    "H_reduced_e": 0.00025969257250437513,
    "used_dense": false,
    "eigenvalue_time": "0:00:00.363275",
    "diff": 0.000259692572500443,
    "change_from_prev": 1.848124391750413e-09,
    "circuit_cost": {
        "depth": 2431,
        "size": 8140,
        "num_2q_ops": 1941,
        "depth_2q": 815,
        "count_ops": {
            "rz": 2821,
            "sx": 2735,
            "cz": 1941,
            "x": 623,
            "measure": 20,
            "barrier": 1
        }
    }
}
[2026-02-13 11:35:58,977][INFO] [Run 7] Running for Krylov dimension 19
[2026-02-13 11:36:01,109][INFO] [Run 7]
{
    "raw_unique_basis_states": 4388,
    "fermion_basis_rejected": 0,
    "kept_unique_basis_states": 4388,
    "fermion_shots_rejected": 0,
    "kept_shots": 5000
}
[2026-02-13 11:38:42,579][INFO] [Run 7]
{
    "D": 19,
    "t": 6.333333333333333,
    "num_trotter_steps": 3,
    "circuit_time": "0:00:01.959792",
    "shot_processing": {
        "raw_unique_basis_states": 4388,
        "fermion_basis_rejected": 0,
        "kept_unique_basis_states": 4388,
        "fermion_shots_rejected": 0,
        "kept_shots": 5000
    },
    "new_basis_count": 2358,
    "total_basis_count": 34682,
    "H_reduced_size": [
        34682,
        34682
    ],
    "reduction": 96.69246673583984,
    "H_reduced_e": 0.00025969255968429756,
    "used_dense": false,
    "eigenvalue_time": "0:00:00.373546",
    "diff": 0.00025969255968036543,
    "change_from_prev": 1.282007757331255e-11,
    "circuit_cost": {
        "depth": 2454,
        "size": 8151,
        "num_2q_ops": 1941,
        "depth_2q": 815,
        "count_ops": {
            "rz": 2827,
            "sx": 2735,
            "cz": 1941,
            "x": 628,
            "measure": 20,
            "barrier": 1
        }
    }
}
[2026-02-13 11:38:42,579][INFO] [Run 7] Running for Krylov dimension 20
[2026-02-13 11:38:45,363][INFO] [Run 7]
{
    "raw_unique_basis_states": 3461,
    "fermion_basis_rejected": 0,
    "kept_unique_basis_states": 3461,
    "fermion_shots_rejected": 0,
    "kept_shots": 5000
}
[2026-02-13 11:41:35,426][INFO] [Run 7]
{
    "D": 20,
    "t": 5.0,
    "num_trotter_steps": 4,
    "circuit_time": "0:00:02.564196",
    "shot_processing": {
        "raw_unique_basis_states": 3461,
        "fermion_basis_rejected": 0,
        "kept_unique_basis_states": 3461,
        "fermion_shots_rejected": 0,
        "kept_shots": 5000
    },
    "new_basis_count": 1198,
    "total_basis_count": 35880,
    "H_reduced_size": [
        35880,
        35880
    ],
    "reduction": 96.57821655273438,
    "H_reduced_e": 0.0002595957519106459,
    "used_dense": false,
    "eigenvalue_time": "0:00:00.434640",
    "diff": 0.00025959575190671376,
    "change_from_prev": 9.680777365167221e-08,
    "circuit_cost": {
        "depth": 3268,
        "size": 10922,
        "num_2q_ops": 2588,
        "depth_2q": 1086,
        "count_ops": {
            "rz": 3811,
            "sx": 3647,
            "cz": 2588,
            "x": 856,
            "measure": 20,
            "barrier": 1
        }
    }
}
[2026-02-13 11:41:35,426][INFO] [Run 7] Running for Krylov dimension 21
[2026-02-13 11:41:38,207][INFO] [Run 7]
{
    "raw_unique_basis_states": 3384,
    "fermion_basis_rejected": 0,
    "kept_unique_basis_states": 3384,
    "fermion_shots_rejected": 0,
    "kept_shots": 5000
}
[2026-02-13 11:44:30,195][INFO] [Run 7]
{
    "D": 21,
    "t": 5.25,
    "num_trotter_steps": 4,
    "circuit_time": "0:00:02.560592",
    "shot_processing": {
        "raw_unique_basis_states": 3384,
        "fermion_basis_rejected": 0,
        "kept_unique_basis_states": 3384,
        "fermion_shots_rejected": 0,
        "kept_shots": 5000
    },
    "new_basis_count": 1036,
    "total_basis_count": 36916,
    "H_reduced_size": [
        36916,
        36916
    ],
    "reduction": 96.47941589355469,
    "H_reduced_e": 0.00025944391531178664,
    "used_dense": false,
    "eigenvalue_time": "0:00:00.422710",
    "diff": 0.0002594439153078545,
    "change_from_prev": 1.5183659885924542e-07,
    "circuit_cost": {
        "depth": 3240,
        "size": 10848,
        "num_2q_ops": 2588,
        "depth_2q": 1086,
        "count_ops": {
            "rz": 3763,
            "sx": 3647,
            "cz": 2588,
            "x": 830,
            "measure": 20,
            "barrier": 1
        }
    }
}
[2026-02-13 11:44:30,195][INFO] [Run 7] Running for Krylov dimension 22
[2026-02-13 11:44:32,966][INFO] [Run 7]
{
    "raw_unique_basis_states": 3416,
    "fermion_basis_rejected": 0,
    "kept_unique_basis_states": 3416,
    "fermion_shots_rejected": 0,
    "kept_shots": 5000
}
[2026-02-13 11:47:32,861][INFO] [Run 7]
{
    "D": 22,
    "t": 5.5,
    "num_trotter_steps": 4,
    "circuit_time": "0:00:02.549893",
    "shot_processing": {
        "raw_unique_basis_states": 3416,
        "fermion_basis_rejected": 0,
        "kept_unique_basis_states": 3416,
        "fermion_shots_rejected": 0,
        "kept_shots": 5000
    },
    "new_basis_count": 968,
    "total_basis_count": 37884,
    "H_reduced_size": [
        37884,
        37884
    ],
    "reduction": 96.38710021972656,
    "H_reduced_e": 0.000259443622739513,
    "used_dense": false,
    "eigenvalue_time": "0:00:00.456749",
    "diff": 0.00025944362273558086,
    "change_from_prev": 2.9257227364539937e-10,
    "circuit_cost": {
        "depth": 3285,
        "size": 10906,
        "num_2q_ops": 2588,
        "depth_2q": 1086,
        "count_ops": {
            "rz": 3767,
            "sx": 3647,
            "cz": 2588,
            "x": 884,
            "measure": 20,
            "barrier": 1
        }
    }
}
[2026-02-13 11:47:32,861][INFO] [Run 7] Running for Krylov dimension 23
[2026-02-13 11:47:35,632][INFO] [Run 7]
{
    "raw_unique_basis_states": 3118,
    "fermion_basis_rejected": 0,
    "kept_unique_basis_states": 3118,
    "fermion_shots_rejected": 0,
    "kept_shots": 5000
}
[2026-02-13 11:50:38,067][INFO] [Run 7]
{
    "D": 23,
    "t": 5.75,
    "num_trotter_steps": 4,
    "circuit_time": "0:00:02.553012",
    "shot_processing": {
        "raw_unique_basis_states": 3118,
        "fermion_basis_rejected": 0,
        "kept_unique_basis_states": 3118,
        "fermion_shots_rejected": 0,
        "kept_shots": 5000
    },
    "new_basis_count": 822,
    "total_basis_count": 38706,
    "H_reduced_size": [
        38706,
        38706
    ],
    "reduction": 96.30870819091797,
    "H_reduced_e": 0.00025944280337890813,
    "used_dense": false,
    "eigenvalue_time": "0:00:00.524879",
    "diff": 0.000259442803374976,
    "change_from_prev": 8.193606048636712e-10,
    "circuit_cost": {
        "depth": 3213,
        "size": 10830,
        "num_2q_ops": 2588,
        "depth_2q": 1086,
        "count_ops": {
            "rz": 3731,
            "sx": 3647,
            "cz": 2588,
            "x": 844,
            "measure": 20,
            "barrier": 1
        }
    }
}
[2026-02-13 11:50:38,067][INFO] [Run 7] Running for Krylov dimension 24
[2026-02-13 11:50:41,533][INFO] [Run 7]
{
    "raw_unique_basis_states": 2866,
    "fermion_basis_rejected": 0,
    "kept_unique_basis_states": 2866,
    "fermion_shots_rejected": 0,
    "kept_shots": 5000
}
[2026-02-13 11:53:44,409][INFO] [Run 7]
{
    "D": 24,
    "t": 4.8,
    "num_trotter_steps": 5,
    "circuit_time": "0:00:03.196942",
    "shot_processing": {
        "raw_unique_basis_states": 2866,
        "fermion_basis_rejected": 0,
        "kept_unique_basis_states": 2866,
        "fermion_shots_rejected": 0,
        "kept_shots": 5000
    },
    "new_basis_count": 479,
    "total_basis_count": 39185,
    "H_reduced_size": [
        39185,
        39185
    ],
    "reduction": 96.26302719116211,
    "H_reduced_e": 0.0002594245863514153,
    "used_dense": false,
    "eigenvalue_time": "0:00:00.501221",
    "diff": 0.00025942458634748317,
    "change_from_prev": 1.8217027492831855e-08,
    "circuit_cost": {
        "depth": 4068,
        "size": 13523,
        "num_2q_ops": 3235,
        "depth_2q": 1357,
        "count_ops": {
            "rz": 4671,
            "sx": 4559,
            "cz": 3235,
            "x": 1038,
            "measure": 20,
            "barrier": 1
        }
    }
}
[2026-02-13 11:53:44,409][INFO] [Run 7] Running for Krylov dimension 25
[2026-02-13 11:53:47,885][INFO] [Run 7]
{
    "raw_unique_basis_states": 2676,
    "fermion_basis_rejected": 0,
    "kept_unique_basis_states": 2676,
    "fermion_shots_rejected": 0,
    "kept_shots": 5000
}
[2026-02-13 11:56:56,588][INFO] [Run 7]
{
    "D": 25,
    "t": 5.0,
    "num_trotter_steps": 5,
    "circuit_time": "0:00:03.207817",
    "shot_processing": {
        "raw_unique_basis_states": 2676,
        "fermion_basis_rejected": 0,
        "kept_unique_basis_states": 2676,
        "fermion_shots_rejected": 0,
        "kept_shots": 5000
    },
    "new_basis_count": 383,
    "total_basis_count": 39568,
    "H_reduced_size": [
        39568,
        39568
    ],
    "reduction": 96.22650146484375,
    "H_reduced_e": 0.0002594244111124609,
    "used_dense": false,
    "eigenvalue_time": "0:00:00.543504",
    "diff": 0.00025942441110852875,
    "change_from_prev": 1.7523895442378423e-10,
    "circuit_cost": {
        "depth": 4078,
        "size": 13596,
        "num_2q_ops": 3235,
        "depth_2q": 1357,
        "count_ops": {
            "rz": 4719,
            "sx": 4559,
            "cz": 3235,
            "x": 1063,
            "measure": 20,
            "barrier": 1
        }
    }
}
[2026-02-13 11:56:56,588][INFO] [Run 7] Running for Krylov dimension 26
[2026-02-13 11:57:00,078][INFO] [Run 7]
{
    "raw_unique_basis_states": 2406,
    "fermion_basis_rejected": 0,
    "kept_unique_basis_states": 2406,
    "fermion_shots_rejected": 0,
    "kept_shots": 5000
}
[2026-02-13 12:00:10,840][INFO] [Run 7]
{
    "D": 26,
    "t": 5.2,
    "num_trotter_steps": 5,
    "circuit_time": "0:00:03.219890",
    "shot_processing": {
        "raw_unique_basis_states": 2406,
        "fermion_basis_rejected": 0,
        "kept_unique_basis_states": 2406,
        "fermion_shots_rejected": 0,
        "kept_shots": 5000
    },
    "new_basis_count": 353,
    "total_basis_count": 39921,
    "H_reduced_size": [
        39921,
        39921
    ],
    "reduction": 96.19283676147461,
    "H_reduced_e": 0.00025941467186775384,
    "used_dense": false,
    "eigenvalue_time": "0:00:00.485708",
    "diff": 0.0002594146718638217,
    "change_from_prev": 9.73924470704015e-09,
    "circuit_cost": {
        "depth": 4083,
        "size": 13659,
        "num_2q_ops": 3235,
        "depth_2q": 1357,
        "count_ops": {
            "rz": 4758,
            "sx": 4549,
            "cz": 3235,
            "x": 1097,
            "measure": 20,
            "barrier": 1
        }
    }
}
[2026-02-13 12:00:10,844][INFO] [Run 7] Done
