[2026-02-13 11:05:45,272][INFO] Running VQE for linear potential and cutoff 16
[2026-02-13 11:05:45,275][INFO] Truncation: {'m': 212, 'n': 2211, 'keep_frac_terms': 0.09588421528720036, 'keep_ratio': 0.999, 'truncated': 1.377312853455578, 'total_weight': 1381.999999999984}
[2026-02-13 11:05:45,303][INFO] min_eigenvalue: 3.9321294598410086e-15
[2026-02-13 11:05:48,676][INFO] []
[2026-02-13 11:05:48,677][INFO] [Run 4] Running for Krylov dimension 1
[2026-02-13 11:05:49,504][INFO] [Run 4]
{
    "raw_unique_basis_states": 1230,
    "fermion_basis_rejected": 0,
    "kept_unique_basis_states": 1230,
    "fermion_shots_rejected": 0,
    "kept_shots": 5000
}
[2026-02-13 11:05:56,282][INFO] [Run 4]
{
    "D": 1,
    "t": 1.0,
    "num_trotter_steps": 1,
    "circuit_time": "0:00:00.736250",
    "shot_processing": {
        "raw_unique_basis_states": 1230,
        "fermion_basis_rejected": 0,
        "kept_unique_basis_states": 1230,
        "fermion_shots_rejected": 0,
        "kept_shots": 5000
    },
    "new_basis_count": 1230,
    "total_basis_count": 1230,
    "H_reduced_size": [
        1230,
        1230
    ],
    "reduction": 99.88269805908203,
    "H_reduced_e": 0.004968434399613185,
    "used_dense": true,
    "eigenvalue_time": "0:00:01.626992",
    "diff": 0.0049684343996092535,
    "change_from_prev": null,
    "circuit_cost": {
        "depth": 826,
        "size": 2758,
        "num_2q_ops": 647,
        "depth_2q": 273,
        "count_ops": {
            "rz": 960,
            "sx": 912,
            "cz": 647,
            "x": 219,
            "measure": 20,
            "barrier": 1
        }
    }
}
[2026-02-13 11:05:56,283][INFO] [Run 4] Running for Krylov dimension 2
[2026-02-13 11:05:57,104][INFO] [Run 4]
{
    "raw_unique_basis_states": 3200,
    "fermion_basis_rejected": 0,
    "kept_unique_basis_states": 3200,
    "fermion_shots_rejected": 0,
    "kept_shots": 5000
}
[2026-02-13 11:06:15,659][INFO] [Run 4]
{
    "D": 2,
    "t": 2.0,
    "num_trotter_steps": 1,
    "circuit_time": "0:00:00.731727",
    "shot_processing": {
        "raw_unique_basis_states": 3200,
        "fermion_basis_rejected": 0,
        "kept_unique_basis_states": 3200,
        "fermion_shots_rejected": 0,
        "kept_shots": 5000
    },
    "new_basis_count": 2979,
    "total_basis_count": 4209,
    "H_reduced_size": [
        4209,
        4209
    ],
    "reduction": 99.59859848022461,
    "H_reduced_e": 0.004827027830624018,
    "used_dense": false,
    "eigenvalue_time": "0:00:00.028244",
    "diff": 0.004827027830620086,
    "change_from_prev": 0.00014140656898916758,
    "circuit_cost": {
        "depth": 819,
        "size": 2742,
        "num_2q_ops": 647,
        "depth_2q": 273,
        "count_ops": {
            "rz": 952,
            "sx": 912,
            "cz": 647,
            "x": 211,
            "measure": 20,
            "barrier": 1
        }
    }
}
[2026-02-13 11:06:15,660][INFO] [Run 4] Running for Krylov dimension 3
[2026-02-13 11:06:16,462][INFO] [Run 4]
{
    "raw_unique_basis_states": 1343,
    "fermion_basis_rejected": 0,
    "kept_unique_basis_states": 1343,
    "fermion_shots_rejected": 0,
    "kept_shots": 5000
}
[2026-02-13 11:06:41,305][INFO] [Run 4]
{
    "D": 3,
    "t": 3.0,
    "num_trotter_steps": 1,
    "circuit_time": "0:00:00.729565",
    "shot_processing": {
        "raw_unique_basis_states": 1343,
        "fermion_basis_rejected": 0,
        "kept_unique_basis_states": 1343,
        "fermion_shots_rejected": 0,
        "kept_shots": 5000
    },
    "new_basis_count": 1048,
    "total_basis_count": 5257,
    "H_reduced_size": [
        5257,
        5257
    ],
    "reduction": 99.49865341186523,
    "H_reduced_e": 0.004827025685337406,
    "used_dense": false,
    "eigenvalue_time": "0:00:00.036553",
    "diff": 0.004827025685333474,
    "change_from_prev": 2.145286611549002e-09,
    "circuit_cost": {
        "depth": 819,
        "size": 2744,
        "num_2q_ops": 647,
        "depth_2q": 273,
        "count_ops": {
            "rz": 956,
            "sx": 912,
            "cz": 647,
            "x": 209,
            "measure": 20,
            "barrier": 1
        }
    }
}
[2026-02-13 11:06:41,306][INFO] [Run 4] Running for Krylov dimension 4
[2026-02-13 11:06:42,136][INFO] [Run 4]
{
    "raw_unique_basis_states": 2689,
    "fermion_basis_rejected": 0,
    "kept_unique_basis_states": 2689,
    "fermion_shots_rejected": 0,
    "kept_shots": 5000
}
[2026-02-13 11:07:16,974][INFO] [Run 4]
{
    "D": 4,
    "t": 4.0,
    "num_trotter_steps": 1,
    "circuit_time": "0:00:00.754370",
    "shot_processing": {
        "raw_unique_basis_states": 2689,
        "fermion_basis_rejected": 0,
        "kept_unique_basis_states": 2689,
        "fermion_shots_rejected": 0,
        "kept_shots": 5000
    },
    "new_basis_count": 1841,
    "total_basis_count": 7098,
    "H_reduced_size": [
        7098,
        7098
    ],
    "reduction": 99.32308197021484,
    "H_reduced_e": 0.004823736078465239,
    "used_dense": false,
    "eigenvalue_time": "0:00:00.049851",
    "diff": 0.004823736078461307,
    "change_from_prev": 3.2896068721671723e-06,
    "circuit_cost": {
        "depth": 826,
        "size": 2756,
        "num_2q_ops": 647,
        "depth_2q": 273,
        "count_ops": {
            "rz": 961,
            "sx": 912,
            "cz": 647,
            "x": 216,
            "measure": 20,
            "barrier": 1
        }
    }
}
[2026-02-13 11:07:16,974][INFO] [Run 4] Running for Krylov dimension 5
[2026-02-13 11:07:17,786][INFO] [Run 4]
{
    "raw_unique_basis_states": 3474,
    "fermion_basis_rejected": 0,
    "kept_unique_basis_states": 3474,
    "fermion_shots_rejected": 0,
    "kept_shots": 5000
}
[2026-02-13 11:08:03,848][INFO] [Run 4]
{
    "D": 5,
    "t": 5.0,
    "num_trotter_steps": 1,
    "circuit_time": "0:00:00.738832",
    "shot_processing": {
        "raw_unique_basis_states": 3474,
        "fermion_basis_rejected": 0,
        "kept_unique_basis_states": 3474,
        "fermion_shots_rejected": 0,
        "kept_shots": 5000
    },
    "new_basis_count": 3012,
    "total_basis_count": 10110,
    "H_reduced_size": [
        10110,
        10110
    ],
    "reduction": 99.03583526611328,
    "H_reduced_e": 0.004823390798060999,
    "used_dense": false,
    "eigenvalue_time": "0:00:00.078457",
    "diff": 0.004823390798057067,
    "change_from_prev": 3.4528040424031126e-07,
    "circuit_cost": {
        "depth": 822,
        "size": 2739,
        "num_2q_ops": 647,
        "depth_2q": 273,
        "count_ops": {
            "rz": 947,
            "sx": 912,
            "cz": 647,
            "x": 213,
            "measure": 20,
            "barrier": 1
        }
    }
}
[2026-02-13 11:08:03,849][INFO] [Run 4] Running for Krylov dimension 6
[2026-02-13 11:08:04,662][INFO] [Run 4]
{
    "raw_unique_basis_states": 863,
    "fermion_basis_rejected": 0,
    "kept_unique_basis_states": 863,
    "fermion_shots_rejected": 0,
    "kept_shots": 5000
}
[2026-02-13 11:08:53,438][INFO] [Run 4]
{
    "D": 6,
    "t": 6.0,
    "num_trotter_steps": 1,
    "circuit_time": "0:00:00.738454",
    "shot_processing": {
        "raw_unique_basis_states": 863,
        "fermion_basis_rejected": 0,
        "kept_unique_basis_states": 863,
        "fermion_shots_rejected": 0,
        "kept_shots": 5000
    },
    "new_basis_count": 624,
    "total_basis_count": 10734,
    "H_reduced_size": [
        10734,
        10734
    ],
    "reduction": 98.97632598876953,
    "H_reduced_e": 0.004810086890239479,
    "used_dense": false,
    "eigenvalue_time": "0:00:00.094116",
    "diff": 0.0048100868902355475,
    "change_from_prev": 1.3303907821519446e-05,
    "circuit_cost": {
        "depth": 830,
        "size": 2771,
        "num_2q_ops": 647,
        "depth_2q": 273,
        "count_ops": {
            "rz": 970,
            "sx": 908,
            "cz": 647,
            "x": 226,
            "measure": 20,
            "barrier": 1
        }
    }
}
[2026-02-13 11:08:53,439][INFO] [Run 4] Running for Krylov dimension 7
[2026-02-13 11:08:54,296][INFO] [Run 4]
{
    "raw_unique_basis_states": 1542,
    "fermion_basis_rejected": 0,
    "kept_unique_basis_states": 1542,
    "fermion_shots_rejected": 0,
    "kept_shots": 5000
}
[2026-02-13 11:09:50,110][INFO] [Run 4]
{
    "D": 7,
    "t": 7.0,
    "num_trotter_steps": 1,
    "circuit_time": "0:00:00.769925",
    "shot_processing": {
        "raw_unique_basis_states": 1542,
        "fermion_basis_rejected": 0,
        "kept_unique_basis_states": 1542,
        "fermion_shots_rejected": 0,
        "kept_shots": 5000
    },
    "new_basis_count": 909,
    "total_basis_count": 11643,
    "H_reduced_size": [
        11643,
        11643
    ],
    "reduction": 98.8896369934082,
    "H_reduced_e": 0.0002756189115134315,
    "used_dense": false,
    "eigenvalue_time": "0:00:00.101535",
    "diff": 0.0002756189115094994,
    "change_from_prev": 0.004534467978726048,
    "circuit_cost": {
        "depth": 808,
        "size": 2697,
        "num_2q_ops": 647,
        "depth_2q": 273,
        "count_ops": {
            "rz": 913,
            "sx": 912,
            "cz": 647,
            "x": 205,
            "measure": 20,
            "barrier": 1
        }
    }
}
[2026-02-13 11:09:50,110][INFO] [Run 4] Running for Krylov dimension 8
[2026-02-13 11:09:50,925][INFO] [Run 4]
{
    "raw_unique_basis_states": 3724,
    "fermion_basis_rejected": 0,
    "kept_unique_basis_states": 3724,
    "fermion_shots_rejected": 0,
    "kept_shots": 5000
}
[2026-02-13 11:10:59,029][INFO] [Run 4]
{
    "D": 8,
    "t": 8.0,
    "num_trotter_steps": 1,
    "circuit_time": "0:00:00.731755",
    "shot_processing": {
        "raw_unique_basis_states": 3724,
        "fermion_basis_rejected": 0,
        "kept_unique_basis_states": 3724,
        "fermion_shots_rejected": 0,
        "kept_shots": 5000
    },
    "new_basis_count": 2831,
    "total_basis_count": 14474,
    "H_reduced_size": [
        14474,
        14474
    ],
    "reduction": 98.6196517944336,
    "H_reduced_e": 0.00027561464729308836,
    "used_dense": false,
    "eigenvalue_time": "0:00:00.125622",
    "diff": 0.00027561464728915623,
    "change_from_prev": 4.264220343150327e-09,
    "circuit_cost": {
        "depth": 831,
        "size": 2769,
        "num_2q_ops": 647,
        "depth_2q": 273,
        "count_ops": {
            "rz": 966,
            "sx": 912,
            "cz": 647,
            "x": 224,
            "measure": 20,
            "barrier": 1
        }
    }
}
[2026-02-13 11:10:59,029][INFO] [Run 4] Running for Krylov dimension 9
[2026-02-13 11:11:00,545][INFO] [Run 4]
{
    "raw_unique_basis_states": 3847,
    "fermion_basis_rejected": 0,
    "kept_unique_basis_states": 3847,
    "fermion_shots_rejected": 0,
    "kept_shots": 5000
}
[2026-02-13 11:12:23,790][INFO] [Run 4]
{
    "D": 9,
    "t": 4.5,
    "num_trotter_steps": 2,
    "circuit_time": "0:00:01.385639",
    "shot_processing": {
        "raw_unique_basis_states": 3847,
        "fermion_basis_rejected": 0,
        "kept_unique_basis_states": 3847,
        "fermion_shots_rejected": 0,
        "kept_shots": 5000
    },
    "new_basis_count": 3084,
    "total_basis_count": 17558,
    "H_reduced_size": [
        17558,
        17558
    ],
    "reduction": 98.3255386352539,
    "H_reduced_e": 0.0002749938609584219,
    "used_dense": false,
    "eigenvalue_time": "0:00:00.156657",
    "diff": 0.0002749938609544898,
    "change_from_prev": 6.207863346664386e-07,
    "circuit_cost": {
        "depth": 1650,
        "size": 5440,
        "num_2q_ops": 1294,
        "depth_2q": 544,
        "count_ops": {
            "rz": 1885,
            "sx": 1823,
            "cz": 1294,
            "x": 418,
            "measure": 20,
            "barrier": 1
        }
    }
}
[2026-02-13 11:12:23,791][INFO] [Run 4] Running for Krylov dimension 10
[2026-02-13 11:12:25,284][INFO] [Run 4]
{
    "raw_unique_basis_states": 3708,
    "fermion_basis_rejected": 0,
    "kept_unique_basis_states": 3708,
    "fermion_shots_rejected": 0,
    "kept_shots": 5000
}
[2026-02-13 11:14:00,622][INFO] [Run 4]
{
    "D": 10,
    "t": 5.0,
    "num_trotter_steps": 2,
    "circuit_time": "0:00:01.366007",
    "shot_processing": {
        "raw_unique_basis_states": 3708,
        "fermion_basis_rejected": 0,
        "kept_unique_basis_states": 3708,
        "fermion_shots_rejected": 0,
        "kept_shots": 5000
    },
    "new_basis_count": 2727,
    "total_basis_count": 20285,
    "H_reduced_size": [
        20285,
        20285
    ],
    "reduction": 98.06547164916992,
    "H_reduced_e": 0.00027473428740399806,
    "used_dense": false,
    "eigenvalue_time": "0:00:00.176769",
    "diff": 0.00027473428740006593,
    "change_from_prev": 2.5957355442385657e-07,
    "circuit_cost": {
        "depth": 1639,
        "size": 5466,
        "num_2q_ops": 1294,
        "depth_2q": 544,
        "count_ops": {
            "rz": 1901,
            "sx": 1823,
            "cz": 1294,
            "x": 428,
            "measure": 20,
            "barrier": 1
        }
    }
}
[2026-02-13 11:14:00,622][INFO] [Run 4] Running for Krylov dimension 11
[2026-02-13 11:14:02,143][INFO] [Run 4]
{
    "raw_unique_basis_states": 3032,
    "fermion_basis_rejected": 0,
    "kept_unique_basis_states": 3032,
    "fermion_shots_rejected": 0,
    "kept_shots": 5000
}
[2026-02-13 11:15:47,255][INFO] [Run 4]
{
    "D": 11,
    "t": 5.5,
    "num_trotter_steps": 2,
    "circuit_time": "0:00:01.392398",
    "shot_processing": {
        "raw_unique_basis_states": 3032,
        "fermion_basis_rejected": 0,
        "kept_unique_basis_states": 3032,
        "fermion_shots_rejected": 0,
        "kept_shots": 5000
    },
    "new_basis_count": 1687,
    "total_basis_count": 21972,
    "H_reduced_size": [
        21972,
        21972
    ],
    "reduction": 97.90458679199219,
    "H_reduced_e": 0.00027361022219943743,
    "used_dense": false,
    "eigenvalue_time": "0:00:00.207558",
    "diff": 0.0002736102221955053,
    "change_from_prev": 1.1240652045606345e-06,
    "circuit_cost": {
        "depth": 1653,
        "size": 5532,
        "num_2q_ops": 1294,
        "depth_2q": 544,
        "count_ops": {
            "rz": 1941,
            "sx": 1823,
            "cz": 1294,
            "x": 454,
            "measure": 20,
            "barrier": 1
        }
    }
}
[2026-02-13 11:15:47,255][INFO] [Run 4] Running for Krylov dimension 12
[2026-02-13 11:15:48,774][INFO] [Run 4]
{
    "raw_unique_basis_states": 2055,
    "fermion_basis_rejected": 0,
    "kept_unique_basis_states": 2055,
    "fermion_shots_rejected": 0,
    "kept_shots": 5000
}
[2026-02-13 11:17:38,014][INFO] [Run 4]
{
    "D": 12,
    "t": 6.0,
    "num_trotter_steps": 2,
    "circuit_time": "0:00:01.391925",
    "shot_processing": {
        "raw_unique_basis_states": 2055,
        "fermion_basis_rejected": 0,
        "kept_unique_basis_states": 2055,
        "fermion_shots_rejected": 0,
        "kept_shots": 5000
    },
    "new_basis_count": 609,
    "total_basis_count": 22581,
    "H_reduced_size": [
        22581,
        22581
    ],
    "reduction": 97.84650802612305,
    "H_reduced_e": 0.0002629288168483838,
    "used_dense": false,
    "eigenvalue_time": "0:00:00.212552",
    "diff": 0.00026292881684445167,
    "change_from_prev": 1.0681405351053628e-05,
    "circuit_cost": {
        "depth": 1623,
        "size": 5432,
        "num_2q_ops": 1294,
        "depth_2q": 544,
        "count_ops": {
            "rz": 1885,
            "sx": 1823,
            "cz": 1294,
            "x": 410,
            "measure": 20,
            "barrier": 1
        }
    }
}
[2026-02-13 11:17:38,014][INFO] [Run 4] Running for Krylov dimension 13
[2026-02-13 11:17:39,586][INFO] [Run 4]
{
    "raw_unique_basis_states": 1738,
    "fermion_basis_rejected": 0,
    "kept_unique_basis_states": 1738,
    "fermion_shots_rejected": 0,
    "kept_shots": 5000
}
[2026-02-13 11:19:31,798][INFO] [Run 4]
{
    "D": 13,
    "t": 6.5,
    "num_trotter_steps": 2,
    "circuit_time": "0:00:01.423547",
    "shot_processing": {
        "raw_unique_basis_states": 1738,
        "fermion_basis_rejected": 0,
        "kept_unique_basis_states": 1738,
        "fermion_shots_rejected": 0,
        "kept_shots": 5000
    },
    "new_basis_count": 371,
    "total_basis_count": 22952,
    "H_reduced_size": [
        22952,
        22952
    ],
    "reduction": 97.81112670898438,
    "H_reduced_e": 0.0002629287666499908,
    "used_dense": false,
    "eigenvalue_time": "0:00:00.211509",
    "diff": 0.00026292876664605865,
    "change_from_prev": 5.01983930226331e-11,
    "circuit_cost": {
        "depth": 1641,
        "size": 5518,
        "num_2q_ops": 1294,
        "depth_2q": 544,
        "count_ops": {
            "rz": 1911,
            "sx": 1823,
            "cz": 1294,
            "x": 470,
            "measure": 20,
            "barrier": 1
        }
    }
}
[2026-02-13 11:19:31,798][INFO] [Run 4] Running for Krylov dimension 14
[2026-02-13 11:19:33,337][INFO] [Run 4]
{
    "raw_unique_basis_states": 2483,
    "fermion_basis_rejected": 0,
    "kept_unique_basis_states": 2483,
    "fermion_shots_rejected": 0,
    "kept_shots": 5000
}
[2026-02-13 11:21:30,015][INFO] [Run 4]
{
    "D": 14,
    "t": 7.0,
    "num_trotter_steps": 2,
    "circuit_time": "0:00:01.410178",
    "shot_processing": {
        "raw_unique_basis_states": 2483,
        "fermion_basis_rejected": 0,
        "kept_unique_basis_states": 2483,
        "fermion_shots_rejected": 0,
        "kept_shots": 5000
    },
    "new_basis_count": 673,
    "total_basis_count": 23625,
    "H_reduced_size": [
        23625,
        23625
    ],
    "reduction": 97.74694442749023,
    "H_reduced_e": 0.00026292688117721396,
    "used_dense": false,
    "eigenvalue_time": "0:00:00.229756",
    "diff": 0.0002629268811732818,
    "change_from_prev": 1.88547277682298e-09,
    "circuit_cost": {
        "depth": 1624,
        "size": 5410,
        "num_2q_ops": 1294,
        "depth_2q": 544,
        "count_ops": {
            "rz": 1865,
            "sx": 1823,
            "cz": 1294,
            "x": 408,
            "measure": 20,
            "barrier": 1
        }
    }
}
[2026-02-13 11:21:30,016][INFO] [Run 4] Running for Krylov dimension 15
[2026-02-13 11:21:32,276][INFO] [Run 4]
{
    "raw_unique_basis_states": 3917,
    "fermion_basis_rejected": 0,
    "kept_unique_basis_states": 3917,
    "fermion_shots_rejected": 0,
    "kept_shots": 5000
}
[2026-02-13 11:23:40,591][INFO] [Run 4]
{
    "D": 15,
    "t": 5.0,
    "num_trotter_steps": 3,
    "circuit_time": "0:00:02.079365",
    "shot_processing": {
        "raw_unique_basis_states": 3917,
        "fermion_basis_rejected": 0,
        "kept_unique_basis_states": 3917,
        "fermion_shots_rejected": 0,
        "kept_shots": 5000
    },
    "new_basis_count": 2299,
    "total_basis_count": 25924,
    "H_reduced_size": [
        25924,
        25924
    ],
    "reduction": 97.52769470214844,
    "H_reduced_e": 0.00026029100206724054,
    "used_dense": false,
    "eigenvalue_time": "0:00:00.259508",
    "diff": 0.0002602910020633084,
    "change_from_prev": 2.6358791099734204e-06,
    "circuit_cost": {
        "depth": 2449,
        "size": 8198,
        "num_2q_ops": 1941,
        "depth_2q": 815,
        "count_ops": {
            "rz": 2859,
            "sx": 2735,
            "cz": 1941,
            "x": 643,
            "measure": 20,
            "barrier": 1
        }
    }
}
[2026-02-13 11:23:40,592][INFO] [Run 4] Running for Krylov dimension 16
[2026-02-13 11:23:42,902][INFO] [Run 4]
{
    "raw_unique_basis_states": 4007,
    "fermion_basis_rejected": 0,
    "kept_unique_basis_states": 4007,
    "fermion_shots_rejected": 0,
    "kept_shots": 5000
}
[2026-02-13 11:26:00,132][INFO] [Run 4]
{
    "D": 16,
    "t": 5.333333333333333,
    "num_trotter_steps": 3,
    "circuit_time": "0:00:02.124429",
    "shot_processing": {
        "raw_unique_basis_states": 4007,
        "fermion_basis_rejected": 0,
        "kept_unique_basis_states": 4007,
        "fermion_shots_rejected": 0,
        "kept_shots": 5000
    },
    "new_basis_count": 2119,
    "total_basis_count": 28043,
    "H_reduced_size": [
        28043,
        28043
    ],
    "reduction": 97.32561111450195,
    "H_reduced_e": 0.0002601264796414207,
    "used_dense": false,
    "eigenvalue_time": "0:00:00.341247",
    "diff": 0.0002601264796374886,
    "change_from_prev": 1.6452242581981545e-07,
    "circuit_cost": {
        "depth": 2437,
        "size": 8105,
        "num_2q_ops": 1941,
        "depth_2q": 815,
        "count_ops": {
            "rz": 2796,
            "sx": 2735,
            "cz": 1941,
            "x": 613,
            "measure": 20,
            "barrier": 1
        }
    }
}
[2026-02-13 11:26:00,132][INFO] [Run 4] Running for Krylov dimension 17
[2026-02-13 11:26:02,449][INFO] [Run 4]
{
    "raw_unique_basis_states": 4215,
    "fermion_basis_rejected": 0,
    "kept_unique_basis_states": 4215,
    "fermion_shots_rejected": 0,
    "kept_shots": 5000
}
[2026-02-13 11:28:31,039][INFO] [Run 4]
{
    "D": 17,
    "t": 5.666666666666667,
    "num_trotter_steps": 3,
    "circuit_time": "0:00:02.123366",
    "shot_processing": {
        "raw_unique_basis_states": 4215,
        "fermion_basis_rejected": 0,
        "kept_unique_basis_states": 4215,
        "fermion_shots_rejected": 0,
        "kept_shots": 5000
    },
    "new_basis_count": 2281,
    "total_basis_count": 30324,
    "H_reduced_size": [
        30324,
        30324
    ],
    "reduction": 97.10807800292969,
    "H_reduced_e": 0.0002601264479067511,
    "used_dense": false,
    "eigenvalue_time": "0:00:00.375537",
    "diff": 0.00026012644790281896,
    "change_from_prev": 3.1734669633885076e-11,
    "circuit_cost": {
        "depth": 2453,
        "size": 8150,
        "num_2q_ops": 1941,
        "depth_2q": 815,
        "count_ops": {
            "rz": 2816,
            "sx": 2735,
            "cz": 1941,
            "x": 638,
            "measure": 20,
            "barrier": 1
        }
    }
}
[2026-02-13 11:28:31,039][INFO] [Run 4] Running for Krylov dimension 18
[2026-02-13 11:28:33,358][INFO] [Run 4]
{
    "raw_unique_basis_states": 4239,
    "fermion_basis_rejected": 0,
    "kept_unique_basis_states": 4239,
    "fermion_shots_rejected": 0,
    "kept_shots": 5000
}
[2026-02-13 11:31:19,696][INFO] [Run 4]
{
    "D": 18,
    "t": 6.0,
    "num_trotter_steps": 3,
    "circuit_time": "0:00:02.117624",
    "shot_processing": {
        "raw_unique_basis_states": 4239,
        "fermion_basis_rejected": 0,
        "kept_unique_basis_states": 4239,
        "fermion_shots_rejected": 0,
        "kept_shots": 5000
    },
    "new_basis_count": 2375,
    "total_basis_count": 32699,
    "H_reduced_size": [
        32699,
        32699
    ],
    "reduction": 96.8815803527832,
    "H_reduced_e": 0.0002601264356525236,
    "used_dense": false,
    "eigenvalue_time": "0:00:00.517088",
    "diff": 0.0002601264356485915,
    "change_from_prev": 1.2254227472162371e-11,
    "circuit_cost": {
        "depth": 2431,
        "size": 8140,
        "num_2q_ops": 1941,
        "depth_2q": 815,
        "count_ops": {
            "rz": 2821,
            "sx": 2735,
            "cz": 1941,
            "x": 623,
            "measure": 20,
            "barrier": 1
        }
    }
}
[2026-02-13 11:31:19,697][INFO] [Run 4] Running for Krylov dimension 19
[2026-02-13 11:31:22,803][INFO] [Run 4]
{
    "raw_unique_basis_states": 3546,
    "fermion_basis_rejected": 0,
    "kept_unique_basis_states": 3546,
    "fermion_shots_rejected": 0,
    "kept_shots": 5000
}
[2026-02-13 11:34:16,827][INFO] [Run 4]
{
    "D": 19,
    "t": 4.75,
    "num_trotter_steps": 4,
    "circuit_time": "0:00:02.841704",
    "shot_processing": {
        "raw_unique_basis_states": 3546,
        "fermion_basis_rejected": 0,
        "kept_unique_basis_states": 3546,
        "fermion_shots_rejected": 0,
        "kept_shots": 5000
    },
    "new_basis_count": 1156,
    "total_basis_count": 33855,
    "H_reduced_size": [
        33855,
        33855
    ],
    "reduction": 96.77133560180664,
    "H_reduced_e": 0.000259955836469128,
    "used_dense": false,
    "eigenvalue_time": "0:00:00.508016",
    "diff": 0.00025995583646519586,
    "change_from_prev": 1.7059918339562856e-07,
    "circuit_cost": {
        "depth": 3258,
        "size": 10914,
        "num_2q_ops": 2588,
        "depth_2q": 1086,
        "count_ops": {
            "rz": 3807,
            "sx": 3647,
            "cz": 2588,
            "x": 852,
            "measure": 20,
            "barrier": 1
        }
    }
}
[2026-02-13 11:34:16,828][INFO] [Run 4] Running for Krylov dimension 20
[2026-02-13 11:34:19,912][INFO] [Run 4]
{
    "raw_unique_basis_states": 3445,
    "fermion_basis_rejected": 0,
    "kept_unique_basis_states": 3445,
    "fermion_shots_rejected": 0,
    "kept_shots": 5000
}
[2026-02-13 11:37:20,569][INFO] [Run 4]
{
    "D": 20,
    "t": 5.0,
    "num_trotter_steps": 4,
    "circuit_time": "0:00:02.833834",
    "shot_processing": {
        "raw_unique_basis_states": 3445,
        "fermion_basis_rejected": 0,
        "kept_unique_basis_states": 3445,
        "fermion_shots_rejected": 0,
        "kept_shots": 5000
    },
    "new_basis_count": 1006,
    "total_basis_count": 34861,
    "H_reduced_size": [
        34861,
        34861
    ],
    "reduction": 96.67539596557617,
    "H_reduced_e": 0.00025995466347477085,
    "used_dense": false,
    "eigenvalue_time": "0:00:00.454715",
    "diff": 0.0002599546634708387,
    "change_from_prev": 1.1729943571363657e-09,
    "circuit_cost": {
        "depth": 3268,
        "size": 10922,
        "num_2q_ops": 2588,
        "depth_2q": 1086,
        "count_ops": {
            "rz": 3811,
            "sx": 3647,
            "cz": 2588,
            "x": 856,
            "measure": 20,
            "barrier": 1
        }
    }
}
[2026-02-13 11:37:20,569][INFO] [Run 4] Running for Krylov dimension 21
[2026-02-13 11:37:23,709][INFO] [Run 4]
{
    "raw_unique_basis_states": 3401,
    "fermion_basis_rejected": 0,
    "kept_unique_basis_states": 3401,
    "fermion_shots_rejected": 0,
    "kept_shots": 5000
}
[2026-02-13 11:40:31,488][INFO] [Run 4]
{
    "D": 21,
    "t": 5.25,
    "num_trotter_steps": 4,
    "circuit_time": "0:00:02.891868",
    "shot_processing": {
        "raw_unique_basis_states": 3401,
        "fermion_basis_rejected": 0,
        "kept_unique_basis_states": 3401,
        "fermion_shots_rejected": 0,
        "kept_shots": 5000
    },
    "new_basis_count": 925,
    "total_basis_count": 35786,
    "H_reduced_size": [
        35786,
        35786
    ],
    "reduction": 96.5871810913086,
    "H_reduced_e": 0.0002599546497293357,
    "used_dense": false,
    "eigenvalue_time": "0:00:00.512660",
    "diff": 0.0002599546497254036,
    "change_from_prev": 1.3745435128650896e-11,
    "circuit_cost": {
        "depth": 3240,
        "size": 10848,
        "num_2q_ops": 2588,
        "depth_2q": 1086,
        "count_ops": {
            "rz": 3763,
            "sx": 3647,
            "cz": 2588,
            "x": 830,
            "measure": 20,
            "barrier": 1
        }
    }
}
[2026-02-13 11:40:31,488][INFO] [Run 4] Running for Krylov dimension 22
[2026-02-13 11:40:35,377][INFO] [Run 4]
{
    "raw_unique_basis_states": 2970,
    "fermion_basis_rejected": 0,
    "kept_unique_basis_states": 2970,
    "fermion_shots_rejected": 0,
    "kept_shots": 5000
}
[2026-02-13 11:43:43,294][INFO] [Run 4]
{
    "D": 22,
    "t": 4.4,
    "num_trotter_steps": 5,
    "circuit_time": "0:00:03.585297",
    "shot_processing": {
        "raw_unique_basis_states": 2970,
        "fermion_basis_rejected": 0,
        "kept_unique_basis_states": 2970,
        "fermion_shots_rejected": 0,
        "kept_shots": 5000
    },
    "new_basis_count": 590,
    "total_basis_count": 36376,
    "H_reduced_size": [
        36376,
        36376
    ],
    "reduction": 96.53091430664062,
    "H_reduced_e": 0.00025995082169347867,
    "used_dense": false,
    "eigenvalue_time": "0:00:00.512283",
    "diff": 0.00025995082168954654,
    "change_from_prev": 3.828035857050827e-09,
    "circuit_cost": {
        "depth": 4089,
        "size": 13643,
        "num_2q_ops": 3235,
        "depth_2q": 1357,
        "count_ops": {
            "rz": 4749,
            "sx": 4559,
            "cz": 3235,
            "x": 1080,
            "measure": 20,
            "barrier": 1
        }
    }
}
[2026-02-13 11:43:43,298][INFO] [Run 4] Done
