[2026-02-13 10:57:42,728][INFO] Running VQE for linear potential and cutoff 16
[2026-02-13 10:57:42,730][INFO] Truncation: {'m': 212, 'n': 2211, 'keep_frac_terms': 0.09588421528720036, 'keep_ratio': 0.999, 'truncated': 1.377312853455578, 'total_weight': 1381.999999999984}
[2026-02-13 10:57:42,754][INFO] min_eigenvalue: 3.9321294598410086e-15
[2026-02-13 10:57:46,375][INFO] []
[2026-02-13 10:57:46,377][INFO] [Run 1] Running for Krylov dimension 1
[2026-02-13 10:57:47,144][INFO] [Run 1]
{
    "raw_unique_basis_states": 1271,
    "fermion_basis_rejected": 0,
    "kept_unique_basis_states": 1271,
    "fermion_shots_rejected": 0,
    "kept_shots": 5000
}
[2026-02-13 10:57:54,067][INFO] [Run 1]
{
    "D": 1,
    "t": 1.0,
    "num_trotter_steps": 1,
    "circuit_time": "0:00:00.689182",
    "shot_processing": {
        "raw_unique_basis_states": 1271,
        "fermion_basis_rejected": 0,
        "kept_unique_basis_states": 1271,
        "fermion_shots_rejected": 0,
        "kept_shots": 5000
    },
    "new_basis_count": 1271,
    "total_basis_count": 1271,
    "H_reduced_size": [
        1271,
        1271
    ],
    "reduction": 99.87878799438477,
    "H_reduced_e": 0.005172578682233472,
    "used_dense": true,
    "eigenvalue_time": "0:00:01.616330",
    "diff": 0.00517257868222954,
    "change_from_prev": null,
    "circuit_cost": {
        "depth": 826,
        "size": 2758,
        "num_2q_ops": 647,
        "depth_2q": 273,
        "count_ops": {
            "rz": 960,
            "sx": 912,
            "cz": 647,
            "x": 219,
            "measure": 20,
            "barrier": 1
        }
    }
}
[2026-02-13 10:57:54,067][INFO] [Run 1] Running for Krylov dimension 2
[2026-02-13 10:57:54,823][INFO] [Run 1]
{
    "raw_unique_basis_states": 3270,
    "fermion_basis_rejected": 0,
    "kept_unique_basis_states": 3270,
    "fermion_shots_rejected": 0,
    "kept_shots": 5000
}
[2026-02-13 10:58:13,287][INFO] [Run 1]
{
    "D": 2,
    "t": 2.0,
    "num_trotter_steps": 1,
    "circuit_time": "0:00:00.685024",
    "shot_processing": {
        "raw_unique_basis_states": 3270,
        "fermion_basis_rejected": 0,
        "kept_unique_basis_states": 3270,
        "fermion_shots_rejected": 0,
        "kept_shots": 5000
    },
    "new_basis_count": 3063,
    "total_basis_count": 4334,
    "H_reduced_size": [
        4334,
        4334
    ],
    "reduction": 99.58667755126953,
    "H_reduced_e": 0.005064382648258649,
    "used_dense": false,
    "eigenvalue_time": "0:00:00.028680",
    "diff": 0.005064382648254717,
    "change_from_prev": 0.0001081960339748226,
    "circuit_cost": {
        "depth": 819,
        "size": 2742,
        "num_2q_ops": 647,
        "depth_2q": 273,
        "count_ops": {
            "rz": 952,
            "sx": 912,
            "cz": 647,
            "x": 211,
            "measure": 20,
            "barrier": 1
        }
    }
}
[2026-02-13 10:58:13,287][INFO] [Run 1] Running for Krylov dimension 3
[2026-02-13 10:58:14,029][INFO] [Run 1]
{
    "raw_unique_basis_states": 1348,
    "fermion_basis_rejected": 0,
    "kept_unique_basis_states": 1348,
    "fermion_shots_rejected": 0,
    "kept_shots": 5000
}
[2026-02-13 10:58:37,801][INFO] [Run 1]
{
    "D": 3,
    "t": 3.0,
    "num_trotter_steps": 1,
    "circuit_time": "0:00:00.675589",
    "shot_processing": {
        "raw_unique_basis_states": 1348,
        "fermion_basis_rejected": 0,
        "kept_unique_basis_states": 1348,
        "fermion_shots_rejected": 0,
        "kept_shots": 5000
    },
    "new_basis_count": 1048,
    "total_basis_count": 5382,
    "H_reduced_size": [
        5382,
        5382
    ],
    "reduction": 99.48673248291016,
    "H_reduced_e": 0.005063954404380951,
    "used_dense": false,
    "eigenvalue_time": "0:00:00.036395",
    "diff": 0.00506395440437702,
    "change_from_prev": 4.2824387769778427e-07,
    "circuit_cost": {
        "depth": 819,
        "size": 2744,
        "num_2q_ops": 647,
        "depth_2q": 273,
        "count_ops": {
            "rz": 956,
            "sx": 912,
            "cz": 647,
            "x": 209,
            "measure": 20,
            "barrier": 1
        }
    }
}
[2026-02-13 10:58:37,801][INFO] [Run 1] Running for Krylov dimension 4
[2026-02-13 10:58:38,552][INFO] [Run 1]
{
    "raw_unique_basis_states": 2761,
    "fermion_basis_rejected": 0,
    "kept_unique_basis_states": 2761,
    "fermion_shots_rejected": 0,
    "kept_shots": 5000
}
[2026-02-13 10:59:10,048][INFO] [Run 1]
{
    "D": 4,
    "t": 4.0,
    "num_trotter_steps": 1,
    "circuit_time": "0:00:00.680491",
    "shot_processing": {
        "raw_unique_basis_states": 2761,
        "fermion_basis_rejected": 0,
        "kept_unique_basis_states": 2761,
        "fermion_shots_rejected": 0,
        "kept_shots": 5000
    },
    "new_basis_count": 1839,
    "total_basis_count": 7221,
    "H_reduced_size": [
        7221,
        7221
    ],
    "reduction": 99.31135177612305,
    "H_reduced_e": 0.005028920252736239,
    "used_dense": false,
    "eigenvalue_time": "0:00:00.046766",
    "diff": 0.005028920252732307,
    "change_from_prev": 3.503415164471217e-05,
    "circuit_cost": {
        "depth": 826,
        "size": 2756,
        "num_2q_ops": 647,
        "depth_2q": 273,
        "count_ops": {
            "rz": 961,
            "sx": 912,
            "cz": 647,
            "x": 216,
            "measure": 20,
            "barrier": 1
        }
    }
}
[2026-02-13 10:59:10,048][INFO] [Run 1] Running for Krylov dimension 5
[2026-02-13 10:59:10,803][INFO] [Run 1]
{
    "raw_unique_basis_states": 3456,
    "fermion_basis_rejected": 0,
    "kept_unique_basis_states": 3456,
    "fermion_shots_rejected": 0,
    "kept_shots": 5000
}
[2026-02-13 10:59:55,322][INFO] [Run 1]
{
    "D": 5,
    "t": 5.0,
    "num_trotter_steps": 1,
    "circuit_time": "0:00:00.684786",
    "shot_processing": {
        "raw_unique_basis_states": 3456,
        "fermion_basis_rejected": 0,
        "kept_unique_basis_states": 3456,
        "fermion_shots_rejected": 0,
        "kept_shots": 5000
    },
    "new_basis_count": 3024,
    "total_basis_count": 10245,
    "H_reduced_size": [
        10245,
        10245
    ],
    "reduction": 99.0229606628418,
    "H_reduced_e": 0.0011069094690328756,
    "used_dense": false,
    "eigenvalue_time": "0:00:00.076900",
    "diff": 0.0011069094690289434,
    "change_from_prev": 0.003922010783703364,
    "circuit_cost": {
        "depth": 822,
        "size": 2739,
        "num_2q_ops": 647,
        "depth_2q": 273,
        "count_ops": {
            "rz": 947,
            "sx": 912,
            "cz": 647,
            "x": 213,
            "measure": 20,
            "barrier": 1
        }
    }
}
[2026-02-13 10:59:55,322][INFO] [Run 1] Running for Krylov dimension 6
[2026-02-13 10:59:56,079][INFO] [Run 1]
{
    "raw_unique_basis_states": 911,
    "fermion_basis_rejected": 0,
    "kept_unique_basis_states": 911,
    "fermion_shots_rejected": 0,
    "kept_shots": 5000
}
[2026-02-13 11:00:44,692][INFO] [Run 1]
{
    "D": 6,
    "t": 6.0,
    "num_trotter_steps": 1,
    "circuit_time": "0:00:00.689996",
    "shot_processing": {
        "raw_unique_basis_states": 911,
        "fermion_basis_rejected": 0,
        "kept_unique_basis_states": 911,
        "fermion_shots_rejected": 0,
        "kept_shots": 5000
    },
    "new_basis_count": 669,
    "total_basis_count": 10914,
    "H_reduced_size": [
        10914,
        10914
    ],
    "reduction": 98.95915985107422,
    "H_reduced_e": 0.0011068555396079387,
    "used_dense": false,
    "eigenvalue_time": "0:00:00.082173",
    "diff": 0.0011068555396040066,
    "change_from_prev": 5.3929424936828216e-08,
    "circuit_cost": {
        "depth": 830,
        "size": 2771,
        "num_2q_ops": 647,
        "depth_2q": 273,
        "count_ops": {
            "rz": 970,
            "sx": 908,
            "cz": 647,
            "x": 226,
            "measure": 20,
            "barrier": 1
        }
    }
}
[2026-02-13 11:00:44,692][INFO] [Run 1] Running for Krylov dimension 7
[2026-02-13 11:00:45,449][INFO] [Run 1]
{
    "raw_unique_basis_states": 1595,
    "fermion_basis_rejected": 0,
    "kept_unique_basis_states": 1595,
    "fermion_shots_rejected": 0,
    "kept_shots": 5000
}
[2026-02-13 11:01:37,455][INFO] [Run 1]
{
    "D": 7,
    "t": 7.0,
    "num_trotter_steps": 1,
    "circuit_time": "0:00:00.688365",
    "shot_processing": {
        "raw_unique_basis_states": 1595,
        "fermion_basis_rejected": 0,
        "kept_unique_basis_states": 1595,
        "fermion_shots_rejected": 0,
        "kept_shots": 5000
    },
    "new_basis_count": 915,
    "total_basis_count": 11829,
    "H_reduced_size": [
        11829,
        11829
    ],
    "reduction": 98.87189865112305,
    "H_reduced_e": 0.0002681713748946149,
    "used_dense": false,
    "eigenvalue_time": "0:00:00.097257",
    "diff": 0.0002681713748906828,
    "change_from_prev": 0.0008386841647133238,
    "circuit_cost": {
        "depth": 808,
        "size": 2697,
        "num_2q_ops": 647,
        "depth_2q": 273,
        "count_ops": {
            "rz": 913,
            "sx": 912,
            "cz": 647,
            "x": 205,
            "measure": 20,
            "barrier": 1
        }
    }
}
[2026-02-13 11:01:37,455][INFO] [Run 1] Running for Krylov dimension 8
[2026-02-13 11:01:38,210][INFO] [Run 1]
{
    "raw_unique_basis_states": 3835,
    "fermion_basis_rejected": 0,
    "kept_unique_basis_states": 3835,
    "fermion_shots_rejected": 0,
    "kept_shots": 5000
}
[2026-02-13 11:02:45,394][INFO] [Run 1]
{
    "D": 8,
    "t": 8.0,
    "num_trotter_steps": 1,
    "circuit_time": "0:00:00.682960",
    "shot_processing": {
        "raw_unique_basis_states": 3835,
        "fermion_basis_rejected": 0,
        "kept_unique_basis_states": 3835,
        "fermion_shots_rejected": 0,
        "kept_shots": 5000
    },
    "new_basis_count": 2883,
    "total_basis_count": 14712,
    "H_reduced_size": [
        14712,
        14712
    ],
    "reduction": 98.59695434570312,
    "H_reduced_e": 0.0002681672758877975,
    "used_dense": false,
    "eigenvalue_time": "0:00:00.121942",
    "diff": 0.0002681672758838654,
    "change_from_prev": 4.099006817401708e-09,
    "circuit_cost": {
        "depth": 831,
        "size": 2769,
        "num_2q_ops": 647,
        "depth_2q": 273,
        "count_ops": {
            "rz": 966,
            "sx": 912,
            "cz": 647,
            "x": 224,
            "measure": 20,
            "barrier": 1
        }
    }
}
[2026-02-13 11:02:45,394][INFO] [Run 1] Running for Krylov dimension 9
[2026-02-13 11:02:46,146][INFO] [Run 1]
{
    "raw_unique_basis_states": 1958,
    "fermion_basis_rejected": 0,
    "kept_unique_basis_states": 1958,
    "fermion_shots_rejected": 0,
    "kept_shots": 5000
}
[2026-02-13 11:03:58,210][INFO] [Run 1]
{
    "D": 9,
    "t": 9.0,
    "num_trotter_steps": 1,
    "circuit_time": "0:00:00.682406",
    "shot_processing": {
        "raw_unique_basis_states": 1958,
        "fermion_basis_rejected": 0,
        "kept_unique_basis_states": 1958,
        "fermion_shots_rejected": 0,
        "kept_shots": 5000
    },
    "new_basis_count": 1270,
    "total_basis_count": 15982,
    "H_reduced_size": [
        15982,
        15982
    ],
    "reduction": 98.47583770751953,
    "H_reduced_e": 0.000268167216693843,
    "used_dense": false,
    "eigenvalue_time": "0:00:00.133848",
    "diff": 0.00026816721668991084,
    "change_from_prev": 5.919395453402726e-11,
    "circuit_cost": {
        "depth": 818,
        "size": 2738,
        "num_2q_ops": 647,
        "depth_2q": 273,
        "count_ops": {
            "rz": 944,
            "sx": 912,
            "cz": 647,
            "x": 215,
            "measure": 20,
            "barrier": 1
        }
    }
}
[2026-02-13 11:03:58,210][INFO] [Run 1] Running for Krylov dimension 10
[2026-02-13 11:03:59,656][INFO] [Run 1]
{
    "raw_unique_basis_states": 3724,
    "fermion_basis_rejected": 0,
    "kept_unique_basis_states": 3724,
    "fermion_shots_rejected": 0,
    "kept_shots": 5000
}
[2026-02-13 11:05:26,089][INFO] [Run 1]
{
    "D": 10,
    "t": 5.0,
    "num_trotter_steps": 2,
    "circuit_time": "0:00:01.322865",
    "shot_processing": {
        "raw_unique_basis_states": 3724,
        "fermion_basis_rejected": 0,
        "kept_unique_basis_states": 3724,
        "fermion_shots_rejected": 0,
        "kept_shots": 5000
    },
    "new_basis_count": 3049,
    "total_basis_count": 19031,
    "H_reduced_size": [
        19031,
        19031
    ],
    "reduction": 98.18506240844727,
    "H_reduced_e": 0.0002678019528503109,
    "used_dense": false,
    "eigenvalue_time": "0:00:00.161109",
    "diff": 0.00026780195284637875,
    "change_from_prev": 3.652638435320925e-07,
    "circuit_cost": {
        "depth": 1639,
        "size": 5466,
        "num_2q_ops": 1294,
        "depth_2q": 544,
        "count_ops": {
            "rz": 1901,
            "sx": 1823,
            "cz": 1294,
            "x": 428,
            "measure": 20,
            "barrier": 1
        }
    }
}
[2026-02-13 11:05:26,089][INFO] [Run 1] Running for Krylov dimension 11
[2026-02-13 11:05:27,533][INFO] [Run 1]
{
    "raw_unique_basis_states": 3104,
    "fermion_basis_rejected": 0,
    "kept_unique_basis_states": 3104,
    "fermion_shots_rejected": 0,
    "kept_shots": 5000
}
[2026-02-13 11:07:02,015][INFO] [Run 1]
{
    "D": 11,
    "t": 5.5,
    "num_trotter_steps": 2,
    "circuit_time": "0:00:01.323774",
    "shot_processing": {
        "raw_unique_basis_states": 3104,
        "fermion_basis_rejected": 0,
        "kept_unique_basis_states": 3104,
        "fermion_shots_rejected": 0,
        "kept_shots": 5000
    },
    "new_basis_count": 1917,
    "total_basis_count": 20948,
    "H_reduced_size": [
        20948,
        20948
    ],
    "reduction": 98.00224304199219,
    "H_reduced_e": 0.00026670184742026985,
    "used_dense": false,
    "eigenvalue_time": "0:00:00.182247",
    "diff": 0.0002667018474163377,
    "change_from_prev": 1.1001054300410263e-06,
    "circuit_cost": {
        "depth": 1653,
        "size": 5532,
        "num_2q_ops": 1294,
        "depth_2q": 544,
        "count_ops": {
            "rz": 1941,
            "sx": 1823,
            "cz": 1294,
            "x": 454,
            "measure": 20,
            "barrier": 1
        }
    }
}
[2026-02-13 11:07:02,015][INFO] [Run 1] Running for Krylov dimension 12
[2026-02-13 11:07:03,464][INFO] [Run 1]
{
    "raw_unique_basis_states": 2111,
    "fermion_basis_rejected": 0,
    "kept_unique_basis_states": 2111,
    "fermion_shots_rejected": 0,
    "kept_shots": 5000
}
[2026-02-13 11:08:41,237][INFO] [Run 1]
{
    "D": 12,
    "t": 6.0,
    "num_trotter_steps": 2,
    "circuit_time": "0:00:01.323310",
    "shot_processing": {
        "raw_unique_basis_states": 2111,
        "fermion_basis_rejected": 0,
        "kept_unique_basis_states": 2111,
        "fermion_shots_rejected": 0,
        "kept_shots": 5000
    },
    "new_basis_count": 722,
    "total_basis_count": 21670,
    "H_reduced_size": [
        21670,
        21670
    ],
    "reduction": 97.93338775634766,
    "H_reduced_e": 0.0002666836832073186,
    "used_dense": false,
    "eigenvalue_time": "0:00:00.191087",
    "diff": 0.0002666836832033865,
    "change_from_prev": 1.8164212951246247e-08,
    "circuit_cost": {
        "depth": 1623,
        "size": 5432,
        "num_2q_ops": 1294,
        "depth_2q": 544,
        "count_ops": {
            "rz": 1885,
            "sx": 1823,
            "cz": 1294,
            "x": 410,
            "measure": 20,
            "barrier": 1
        }
    }
}
[2026-02-13 11:08:41,238][INFO] [Run 1] Running for Krylov dimension 13
[2026-02-13 11:08:42,698][INFO] [Run 1]
{
    "raw_unique_basis_states": 1756,
    "fermion_basis_rejected": 0,
    "kept_unique_basis_states": 1756,
    "fermion_shots_rejected": 0,
    "kept_shots": 5000
}
[2026-02-13 11:10:23,921][INFO] [Run 1]
{
    "D": 13,
    "t": 6.5,
    "num_trotter_steps": 2,
    "circuit_time": "0:00:01.323085",
    "shot_processing": {
        "raw_unique_basis_states": 1756,
        "fermion_basis_rejected": 0,
        "kept_unique_basis_states": 1756,
        "fermion_shots_rejected": 0,
        "kept_shots": 5000
    },
    "new_basis_count": 448,
    "total_basis_count": 22118,
    "H_reduced_size": [
        22118,
        22118
    ],
    "reduction": 97.89066314697266,
    "H_reduced_e": 0.00026664891887123705,
    "used_dense": false,
    "eigenvalue_time": "0:00:00.198418",
    "diff": 0.0002666489188673049,
    "change_from_prev": 3.476433608156195e-08,
    "circuit_cost": {
        "depth": 1641,
        "size": 5518,
        "num_2q_ops": 1294,
        "depth_2q": 544,
        "count_ops": {
            "rz": 1911,
            "sx": 1823,
            "cz": 1294,
            "x": 470,
            "measure": 20,
            "barrier": 1
        }
    }
}
[2026-02-13 11:10:23,921][INFO] [Run 1] Running for Krylov dimension 14
[2026-02-13 11:10:25,363][INFO] [Run 1]
{
    "raw_unique_basis_states": 2515,
    "fermion_basis_rejected": 0,
    "kept_unique_basis_states": 2515,
    "fermion_shots_rejected": 0,
    "kept_shots": 5000
}
[2026-02-13 11:12:10,007][INFO] [Run 1]
{
    "D": 14,
    "t": 7.0,
    "num_trotter_steps": 2,
    "circuit_time": "0:00:01.322127",
    "shot_processing": {
        "raw_unique_basis_states": 2515,
        "fermion_basis_rejected": 0,
        "kept_unique_basis_states": 2515,
        "fermion_shots_rejected": 0,
        "kept_shots": 5000
    },
    "new_basis_count": 759,
    "total_basis_count": 22877,
    "H_reduced_size": [
        22877,
        22877
    ],
    "reduction": 97.81827926635742,
    "H_reduced_e": 0.000266385776946192,
    "used_dense": false,
    "eigenvalue_time": "0:00:00.205808",
    "diff": 0.0002663857769422599,
    "change_from_prev": 2.631419250450338e-07,
    "circuit_cost": {
        "depth": 1624,
        "size": 5410,
        "num_2q_ops": 1294,
        "depth_2q": 544,
        "count_ops": {
            "rz": 1865,
            "sx": 1823,
            "cz": 1294,
            "x": 408,
            "measure": 20,
            "barrier": 1
        }
    }
}
[2026-02-13 11:12:10,007][INFO] [Run 1] Running for Krylov dimension 15
[2026-02-13 11:12:11,439][INFO] [Run 1]
{
    "raw_unique_basis_states": 2990,
    "fermion_basis_rejected": 0,
    "kept_unique_basis_states": 2990,
    "fermion_shots_rejected": 0,
    "kept_shots": 5000
}
[2026-02-13 11:14:00,906][INFO] [Run 1]
{
    "D": 15,
    "t": 7.5,
    "num_trotter_steps": 2,
    "circuit_time": "0:00:01.321033",
    "shot_processing": {
        "raw_unique_basis_states": 2990,
        "fermion_basis_rejected": 0,
        "kept_unique_basis_states": 2990,
        "fermion_shots_rejected": 0,
        "kept_shots": 5000
    },
    "new_basis_count": 1161,
    "total_basis_count": 24038,
    "H_reduced_size": [
        24038,
        24038
    ],
    "reduction": 97.70755767822266,
    "H_reduced_e": 0.00026422369147399596,
    "used_dense": false,
    "eigenvalue_time": "0:00:00.223850",
    "diff": 0.00026422369147006383,
    "change_from_prev": 2.16208547219605e-06,
    "circuit_cost": {
        "depth": 1636,
        "size": 5466,
        "num_2q_ops": 1294,
        "depth_2q": 544,
        "count_ops": {
            "rz": 1893,
            "sx": 1823,
            "cz": 1294,
            "x": 436,
            "measure": 20,
            "barrier": 1
        }
    }
}
[2026-02-13 11:14:00,906][INFO] [Run 1] Running for Krylov dimension 16
[2026-02-13 11:14:02,350][INFO] [Run 1]
{
    "raw_unique_basis_states": 4137,
    "fermion_basis_rejected": 0,
    "kept_unique_basis_states": 4137,
    "fermion_shots_rejected": 0,
    "kept_shots": 5000
}
[2026-02-13 11:16:03,223][INFO] [Run 1]
{
    "D": 16,
    "t": 8.0,
    "num_trotter_steps": 2,
    "circuit_time": "0:00:01.320050",
    "shot_processing": {
        "raw_unique_basis_states": 4137,
        "fermion_basis_rejected": 0,
        "kept_unique_basis_states": 4137,
        "fermion_shots_rejected": 0,
        "kept_shots": 5000
    },
    "new_basis_count": 2253,
    "total_basis_count": 26291,
    "H_reduced_size": [
        26291,
        26291
    ],
    "reduction": 97.49269485473633,
    "H_reduced_e": 0.0002615559204829534,
    "used_dense": false,
    "eigenvalue_time": "0:00:00.244836",
    "diff": 0.00026155592047902125,
    "change_from_prev": 2.6677709910425816e-06,
    "circuit_cost": {
        "depth": 1638,
        "size": 5456,
        "num_2q_ops": 1294,
        "depth_2q": 544,
        "count_ops": {
            "rz": 1897,
            "sx": 1823,
            "cz": 1294,
            "x": 422,
            "measure": 20,
            "barrier": 1
        }
    }
}
[2026-02-13 11:16:03,224][INFO] [Run 1] Running for Krylov dimension 17
[2026-02-13 11:16:04,664][INFO] [Run 1]
{
    "raw_unique_basis_states": 4293,
    "fermion_basis_rejected": 0,
    "kept_unique_basis_states": 4293,
    "fermion_shots_rejected": 0,
    "kept_shots": 5000
}
[2026-02-13 11:18:19,012][INFO] [Run 1]
{
    "D": 17,
    "t": 8.5,
    "num_trotter_steps": 2,
    "circuit_time": "0:00:01.318318",
    "shot_processing": {
        "raw_unique_basis_states": 4293,
        "fermion_basis_rejected": 0,
        "kept_unique_basis_states": 4293,
        "fermion_shots_rejected": 0,
        "kept_shots": 5000
    },
    "new_basis_count": 2681,
    "total_basis_count": 28972,
    "H_reduced_size": [
        28972,
        28972
    ],
    "reduction": 97.23701477050781,
    "H_reduced_e": 0.00026152234556298825,
    "used_dense": false,
    "eigenvalue_time": "0:00:00.279712",
    "diff": 0.0002615223455590561,
    "change_from_prev": 3.357491996512814e-08,
    "circuit_cost": {
        "depth": 1617,
        "size": 5414,
        "num_2q_ops": 1294,
        "depth_2q": 544,
        "count_ops": {
            "rz": 1867,
            "sx": 1815,
            "cz": 1294,
            "x": 418,
            "measure": 20,
            "barrier": 1
        }
    }
}
[2026-02-13 11:18:19,012][INFO] [Run 1] Running for Krylov dimension 18
[2026-02-13 11:18:20,455][INFO] [Run 1]
{
    "raw_unique_basis_states": 4101,
    "fermion_basis_rejected": 0,
    "kept_unique_basis_states": 4101,
    "fermion_shots_rejected": 0,
    "kept_shots": 5000
}
[2026-02-13 11:20:47,253][INFO] [Run 1]
{
    "D": 18,
    "t": 9.0,
    "num_trotter_steps": 2,
    "circuit_time": "0:00:01.317757",
    "shot_processing": {
        "raw_unique_basis_states": 4101,
        "fermion_basis_rejected": 0,
        "kept_unique_basis_states": 4101,
        "fermion_shots_rejected": 0,
        "kept_shots": 5000
    },
    "new_basis_count": 2665,
    "total_basis_count": 31637,
    "H_reduced_size": [
        31637,
        31637
    ],
    "reduction": 96.98286056518555,
    "H_reduced_e": 0.0002615109611560829,
    "used_dense": false,
    "eigenvalue_time": "0:00:00.309028",
    "diff": 0.00026151096115215077,
    "change_from_prev": 1.1384406905351994e-08,
    "circuit_cost": {
        "depth": 1643,
        "size": 5490,
        "num_2q_ops": 1294,
        "depth_2q": 544,
        "count_ops": {
            "rz": 1923,
            "sx": 1823,
            "cz": 1294,
            "x": 430,
            "measure": 20,
            "barrier": 1
        }
    }
}
[2026-02-13 11:20:47,254][INFO] [Run 1] Running for Krylov dimension 19
[2026-02-13 11:20:48,693][INFO] [Run 1]
{
    "raw_unique_basis_states": 3856,
    "fermion_basis_rejected": 0,
    "kept_unique_basis_states": 3856,
    "fermion_shots_rejected": 0,
    "kept_shots": 5000
}
[2026-02-13 11:23:27,383][INFO] [Run 1]
{
    "D": 19,
    "t": 9.5,
    "num_trotter_steps": 2,
    "circuit_time": "0:00:01.317292",
    "shot_processing": {
        "raw_unique_basis_states": 3856,
        "fermion_basis_rejected": 0,
        "kept_unique_basis_states": 3856,
        "fermion_shots_rejected": 0,
        "kept_shots": 5000
    },
    "new_basis_count": 2271,
    "total_basis_count": 33908,
    "H_reduced_size": [
        33908,
        33908
    ],
    "reduction": 96.76628112792969,
    "H_reduced_e": 0.00026151089368760694,
    "used_dense": false,
    "eigenvalue_time": "0:00:00.372507",
    "diff": 0.0002615108936836748,
    "change_from_prev": 6.74684759558071e-11,
    "circuit_cost": {
        "depth": 1629,
        "size": 5458,
        "num_2q_ops": 1294,
        "depth_2q": 544,
        "count_ops": {
            "rz": 1889,
            "sx": 1823,
            "cz": 1294,
            "x": 432,
            "measure": 20,
            "barrier": 1
        }
    }
}
[2026-02-13 11:23:27,384][INFO] [Run 1] Running for Krylov dimension 20
[2026-02-13 11:23:28,820][INFO] [Run 1]
{
    "raw_unique_basis_states": 3916,
    "fermion_basis_rejected": 0,
    "kept_unique_basis_states": 3916,
    "fermion_shots_rejected": 0,
    "kept_shots": 5000
}
[2026-02-13 11:26:17,771][INFO] [Run 1]
{
    "D": 20,
    "t": 10.0,
    "num_trotter_steps": 2,
    "circuit_time": "0:00:01.316130",
    "shot_processing": {
        "raw_unique_basis_states": 3916,
        "fermion_basis_rejected": 0,
        "kept_unique_basis_states": 3916,
        "fermion_shots_rejected": 0,
        "kept_shots": 5000
    },
    "new_basis_count": 2174,
    "total_basis_count": 36082,
    "H_reduced_size": [
        36082,
        36082
    ],
    "reduction": 96.55895233154297,
    "H_reduced_e": 0.00026151017336391844,
    "used_dense": false,
    "eigenvalue_time": "0:00:00.394725",
    "diff": 0.0002615101733599863,
    "change_from_prev": 7.203236885005432e-10,
    "circuit_cost": {
        "depth": 1631,
        "size": 5420,
        "num_2q_ops": 1294,
        "depth_2q": 544,
        "count_ops": {
            "rz": 1867,
            "sx": 1823,
            "cz": 1294,
            "x": 416,
            "measure": 20,
            "barrier": 1
        }
    }
}
[2026-02-13 11:26:17,771][INFO] [Run 1] Running for Krylov dimension 21
[2026-02-13 11:26:19,894][INFO] [Run 1]
{
    "raw_unique_basis_states": 4314,
    "fermion_basis_rejected": 0,
    "kept_unique_basis_states": 4314,
    "fermion_shots_rejected": 0,
    "kept_shots": 5000
}
[2026-02-13 11:29:24,362][INFO] [Run 1]
{
    "D": 21,
    "t": 7.0,
    "num_trotter_steps": 3,
    "circuit_time": "0:00:01.950251",
    "shot_processing": {
        "raw_unique_basis_states": 4314,
        "fermion_basis_rejected": 0,
        "kept_unique_basis_states": 4314,
        "fermion_shots_rejected": 0,
        "kept_shots": 5000
    },
    "new_basis_count": 2395,
    "total_basis_count": 38477,
    "H_reduced_size": [
        38477,
        38477
    ],
    "reduction": 96.33054733276367,
    "H_reduced_e": 0.0002600642713374889,
    "used_dense": false,
    "eigenvalue_time": "0:00:00.410264",
    "diff": 0.00026006427133355676,
    "change_from_prev": 1.4459020264295536e-06,
    "circuit_cost": {
        "depth": 2446,
        "size": 8124,
        "num_2q_ops": 1941,
        "depth_2q": 815,
        "count_ops": {
            "rz": 2806,
            "sx": 2723,
            "cz": 1941,
            "x": 634,
            "measure": 20,
            "barrier": 1
        }
    }
}
[2026-02-13 11:29:24,362][INFO] [Run 1] Running for Krylov dimension 22
[2026-02-13 11:29:26,468][INFO] [Run 1]
{
    "raw_unique_basis_states": 4340,
    "fermion_basis_rejected": 0,
    "kept_unique_basis_states": 4340,
    "fermion_shots_rejected": 0,
    "kept_shots": 5000
}
[2026-02-13 11:32:40,427][INFO] [Run 1]
{
    "D": 22,
    "t": 7.333333333333333,
    "num_trotter_steps": 3,
    "circuit_time": "0:00:01.932372",
    "shot_processing": {
        "raw_unique_basis_states": 4340,
        "fermion_basis_rejected": 0,
        "kept_unique_basis_states": 4340,
        "fermion_shots_rejected": 0,
        "kept_shots": 5000
    },
    "new_basis_count": 2047,
    "total_basis_count": 40524,
    "H_reduced_size": [
        40524,
        40524
    ],
    "reduction": 96.13533020019531,
    "H_reduced_e": 0.0002600524037620815,
    "used_dense": false,
    "eigenvalue_time": "0:00:00.472002",
    "diff": 0.00026005240375814935,
    "change_from_prev": 1.1867575407413164e-08,
    "circuit_cost": {
        "depth": 2471,
        "size": 8237,
        "num_2q_ops": 1941,
        "depth_2q": 815,
        "count_ops": {
            "rz": 2872,
            "sx": 2735,
            "cz": 1941,
            "x": 669,
            "measure": 20,
            "barrier": 1
        }
    }
}
[2026-02-13 11:32:40,427][INFO] [Run 1] Running for Krylov dimension 23
[2026-02-13 11:32:42,551][INFO] [Run 1]
{
    "raw_unique_basis_states": 4138,
    "fermion_basis_rejected": 0,
    "kept_unique_basis_states": 4138,
    "fermion_shots_rejected": 0,
    "kept_shots": 5000
}
[2026-02-13 11:36:03,357][INFO] [Run 1]
{
    "D": 23,
    "t": 7.666666666666667,
    "num_trotter_steps": 3,
    "circuit_time": "0:00:01.949540",
    "shot_processing": {
        "raw_unique_basis_states": 4138,
        "fermion_basis_rejected": 0,
        "kept_unique_basis_states": 4138,
        "fermion_shots_rejected": 0,
        "kept_shots": 5000
    },
    "new_basis_count": 1792,
    "total_basis_count": 42316,
    "H_reduced_size": [
        42316,
        42316
    ],
    "reduction": 95.96443176269531,
    "H_reduced_e": 0.00026005117096372275,
    "used_dense": false,
    "eigenvalue_time": "0:00:00.523985",
    "diff": 0.0002600511709597906,
    "change_from_prev": 1.2327983587310035e-09,
    "circuit_cost": {
        "depth": 2448,
        "size": 8142,
        "num_2q_ops": 1941,
        "depth_2q": 815,
        "count_ops": {
            "rz": 2830,
            "sx": 2735,
            "cz": 1941,
            "x": 616,
            "measure": 20,
            "barrier": 1
        }
    }
}
[2026-02-13 11:36:03,357][INFO] [Run 1] Running for Krylov dimension 24
[2026-02-13 11:36:05,472][INFO] [Run 1]
{
    "raw_unique_basis_states": 3883,
    "fermion_basis_rejected": 0,
    "kept_unique_basis_states": 3883,
    "fermion_shots_rejected": 0,
    "kept_shots": 5000
}
[2026-02-13 11:39:36,393][INFO] [Run 1]
{
    "D": 24,
    "t": 8.0,
    "num_trotter_steps": 3,
    "circuit_time": "0:00:01.942532",
    "shot_processing": {
        "raw_unique_basis_states": 3883,
        "fermion_basis_rejected": 0,
        "kept_unique_basis_states": 3883,
        "fermion_shots_rejected": 0,
        "kept_shots": 5000
    },
    "new_basis_count": 1506,
    "total_basis_count": 43822,
    "H_reduced_size": [
        43822,
        43822
    ],
    "reduction": 95.82080841064453,
    "H_reduced_e": 0.00026005110711939524,
    "used_dense": false,
    "eigenvalue_time": "0:00:00.536468",
    "diff": 0.0002600511071154631,
    "change_from_prev": 6.384432750267816e-11,
    "circuit_cost": {
        "depth": 2441,
        "size": 8140,
        "num_2q_ops": 1941,
        "depth_2q": 815,
        "count_ops": {
            "rz": 2811,
            "sx": 2735,
            "cz": 1941,
            "x": 633,
            "measure": 20,
            "barrier": 1
        }
    }
}
[2026-02-13 11:39:36,394][INFO] [Run 1] Running for Krylov dimension 25
[2026-02-13 11:39:39,172][INFO] [Run 1]
{
    "raw_unique_basis_states": 2999,
    "fermion_basis_rejected": 0,
    "kept_unique_basis_states": 2999,
    "fermion_shots_rejected": 0,
    "kept_shots": 5000
}
[2026-02-13 11:43:14,777][INFO] [Run 1]
{
    "D": 25,
    "t": 6.25,
    "num_trotter_steps": 4,
    "circuit_time": "0:00:02.556494",
    "shot_processing": {
        "raw_unique_basis_states": 2999,
        "fermion_basis_rejected": 0,
        "kept_unique_basis_states": 2999,
        "fermion_shots_rejected": 0,
        "kept_shots": 5000
    },
    "new_basis_count": 1088,
    "total_basis_count": 44910,
    "H_reduced_size": [
        44910,
        44910
    ],
    "reduction": 95.71704864501953,
    "H_reduced_e": 0.00026005109966072674,
    "used_dense": false,
    "eigenvalue_time": "0:00:00.567623",
    "diff": 0.0002600510996567946,
    "change_from_prev": 7.458668502702964e-12,
    "circuit_cost": {
        "depth": 3249,
        "size": 10842,
        "num_2q_ops": 2588,
        "depth_2q": 1086,
        "count_ops": {
            "rz": 3773,
            "sx": 3647,
            "cz": 2588,
            "x": 814,
            "measure": 20,
            "barrier": 1
        }
    }
}
[2026-02-13 11:43:14,780][INFO] [Run 1] Done
