[2025-11-21 11:23:41,573][INFO] {
    "backend": "Aer",
    "use_noise_model": 0,
    "Potential": "AHO",
    "cutoff": 8,
    "num_qubits": 4,
    "num_params": 3,
    "shots": null,
    "optimization_level": 3,
    "resilience_level": 0,
    "lam": 15,
    "p": 2,
    "eps": 0.0625,
    "num_vqe_runs": 1,
    "max_iter": 200,
    "initial_tr_radius": 0.3,
    "final_tr_radius": 1e-08,
    "ansatz_name": "CQAVQE_AHO8_exact",
    "path": "C:\\Users\\Johnk\\Documents\\PhD\\Quantum Computing Code\\Quantum-Computing\\SUSY\\SUSY QM\\Qiskit\\NQCC Access\\Q4_2025\\Files\\Aer\\None\\AHO\\2025-11-21_11-23-41",
    "tags": [
        "NQCC-Q3",
        "CQAVQE_AHO8_exact",
        "shots:None"
    ],
    "seed": 29639824
}
[2025-11-21 11:23:41,573][INFO] Starting VQE run 1 (seed=29639824)
[2025-11-21 11:23:41,573][INFO] Session ID: None
[2025-11-21 11:23:41,573][INFO] {
    "default_precision": 0.0,
    "backend_options": {
        "method": "automatic",
        "noise_model": null,
        "seed_simulator": 29639824
    },
    "run_options": {
        "shots": null
    }
}
[2025-11-21 11:23:41,584][INFO] Iteration 1: Energy = 140.01242647
[2025-11-21 11:23:41,588][INFO] Iteration 2: Energy = 94.86109815
[2025-11-21 11:23:41,591][INFO] Iteration 3: Energy = 151.17154685
[2025-11-21 11:23:41,594][INFO] Iteration 4: Energy = 140.01242647
[2025-11-21 11:23:41,598][INFO] Iteration 5: Energy = 187.74918268
[2025-11-21 11:23:41,601][INFO] Iteration 6: Energy = 124.53234690
[2025-11-21 11:23:41,604][INFO] Iteration 7: Energy = 140.01242647
[2025-11-21 11:23:41,609][INFO] Iteration 8: Energy = 56.07040425
[2025-11-21 11:23:41,613][INFO] Iteration 9: Energy = 20.72888524
[2025-11-21 11:23:41,617][INFO] Iteration 10: Energy = 10.49069991
[2025-11-21 11:23:41,622][INFO] Iteration 11: Energy = 21.35125138
[2025-11-21 11:23:41,626][INFO] Iteration 12: Energy = 11.49936565
[2025-11-21 11:23:41,630][INFO] Iteration 13: Energy = 8.40574394
[2025-11-21 11:23:41,634][INFO] Iteration 14: Energy = 7.70977718
[2025-11-21 11:23:41,638][INFO] Iteration 15: Energy = 8.08071631
[2025-11-21 11:23:41,642][INFO] Iteration 16: Energy = 4.79159959
[2025-11-21 11:23:41,646][INFO] Iteration 17: Energy = 3.03441423
[2025-11-21 11:23:41,650][INFO] Iteration 18: Energy = 2.56709062
[2025-11-21 11:23:41,653][INFO] Iteration 19: Energy = 1.46551153
[2025-11-21 11:23:41,658][INFO] Iteration 20: Energy = 1.25586131
[2025-11-21 11:23:41,662][INFO] Iteration 21: Energy = 1.30681917
[2025-11-21 11:23:41,667][INFO] Iteration 22: Energy = 6.94481340
[2025-11-21 11:23:41,671][INFO] Iteration 23: Energy = 1.47578113
[2025-11-21 11:23:41,676][INFO] Iteration 24: Energy = 1.42983430
[2025-11-21 11:23:41,680][INFO] Iteration 25: Energy = 1.66698496
[2025-11-21 11:23:41,684][INFO] Iteration 26: Energy = 1.78499389
[2025-11-21 11:23:41,687][INFO] Iteration 27: Energy = 1.28938678
[2025-11-21 11:23:41,692][INFO] Iteration 28: Energy = 1.04056169
[2025-11-21 11:23:41,695][INFO] Iteration 29: Energy = 1.16286341
[2025-11-21 11:23:41,699][INFO] Iteration 30: Energy = 2.21644450
[2025-11-21 11:23:41,704][INFO] Iteration 31: Energy = 0.80410231
[2025-11-21 11:23:41,708][INFO] Iteration 32: Energy = 0.73303850
[2025-11-21 11:23:41,711][INFO] Iteration 33: Energy = 0.72012755
[2025-11-21 11:23:41,715][INFO] Iteration 34: Energy = 0.69612340
[2025-11-21 11:23:41,719][INFO] Iteration 35: Energy = 0.63649219
[2025-11-21 11:23:41,723][INFO] Iteration 36: Energy = 0.62785934
[2025-11-21 11:23:41,726][INFO] Iteration 37: Energy = 0.40179286
[2025-11-21 11:23:41,731][INFO] Iteration 38: Energy = 0.31485374
[2025-11-21 11:23:41,735][INFO] Iteration 39: Energy = 0.28318284
[2025-11-21 11:23:41,739][INFO] Iteration 40: Energy = 0.40700688
[2025-11-21 11:23:41,743][INFO] Iteration 41: Energy = 0.29106447
[2025-11-21 11:23:41,747][INFO] Iteration 42: Energy = 0.19761721
[2025-11-21 11:23:41,751][INFO] Iteration 43: Energy = 0.12872939
[2025-11-21 11:23:41,755][INFO] Iteration 44: Energy = 0.09059768
[2025-11-21 11:23:41,758][INFO] Iteration 45: Energy = 0.10324385
[2025-11-21 11:23:41,762][INFO] Iteration 46: Energy = 0.06539822
[2025-11-21 11:23:41,766][INFO] Iteration 47: Energy = 0.04864954
[2025-11-21 11:23:41,770][INFO] Iteration 48: Energy = 0.04720981
[2025-11-21 11:23:41,774][INFO] Iteration 49: Energy = 0.04199701
[2025-11-21 11:23:41,778][INFO] Iteration 50: Energy = 0.04353417
[2025-11-21 11:23:41,782][INFO] Iteration 51: Energy = 0.04321887
[2025-11-21 11:23:41,785][INFO] Iteration 52: Energy = 0.04177784
[2025-11-21 11:23:41,790][INFO] Iteration 53: Energy = 0.05383752
[2025-11-21 11:23:41,794][INFO] Iteration 54: Energy = 0.04209440
[2025-11-21 11:23:41,798][INFO] Iteration 55: Energy = 0.04175069
[2025-11-21 11:23:41,802][INFO] Iteration 56: Energy = 0.04389461
[2025-11-21 11:23:41,806][INFO] Iteration 57: Energy = 0.04161537
[2025-11-21 11:23:41,809][INFO] Iteration 58: Energy = 0.04167000
[2025-11-21 11:23:41,814][INFO] Iteration 59: Energy = 0.04161602
[2025-11-21 11:23:41,817][INFO] Iteration 60: Energy = 0.04160706
[2025-11-21 11:23:41,822][INFO] Iteration 61: Energy = 0.04177800
[2025-11-21 11:23:41,825][INFO] Iteration 62: Energy = 0.04160991
[2025-11-21 11:23:41,830][INFO] Iteration 63: Energy = 0.04190272
[2025-11-21 11:23:41,834][INFO] Iteration 64: Energy = 0.04162641
[2025-11-21 11:23:41,838][INFO] Iteration 65: Energy = 0.04160471
[2025-11-21 11:23:41,842][INFO] Iteration 66: Energy = 0.04160422
[2025-11-21 11:23:41,846][INFO] Iteration 67: Energy = 0.04160408
[2025-11-21 11:23:41,850][INFO] Iteration 68: Energy = 0.04160407
[2025-11-21 11:23:41,854][INFO] Iteration 69: Energy = 0.04160412
[2025-11-21 11:23:41,858][INFO] Iteration 70: Energy = 0.04160417
[2025-11-21 11:23:41,862][INFO] Iteration 71: Energy = 0.04160413
[2025-11-21 11:23:41,866][INFO] Iteration 72: Energy = 0.04160414
[2025-11-21 11:23:41,869][INFO] Iteration 73: Energy = 0.04160406
[2025-11-21 11:23:41,873][INFO] Iteration 74: Energy = 0.04160406
[2025-11-21 11:23:41,878][INFO] Iteration 75: Energy = 0.04160408
[2025-11-21 11:23:41,882][INFO] Iteration 76: Energy = 0.04160406
[2025-11-21 11:23:41,886][INFO] Iteration 77: Energy = 0.04160406
[2025-11-21 11:23:41,890][INFO] Iteration 78: Energy = 0.04160408
[2025-11-21 11:23:41,893][INFO] Iteration 79: Energy = 0.04160406
[2025-11-21 11:23:41,897][INFO] Iteration 80: Energy = 0.04160406
[2025-11-21 11:23:41,901][INFO] Iteration 81: Energy = 0.04160406
[2025-11-21 11:23:41,905][INFO] Iteration 82: Energy = 0.04160408
[2025-11-21 11:23:41,909][INFO] Iteration 83: Energy = 0.04160406
[2025-11-21 11:23:41,913][INFO] Iteration 84: Energy = 0.04160406
[2025-11-21 11:23:41,917][INFO] Iteration 85: Energy = 0.04160406
[2025-11-21 11:23:41,922][INFO] Iteration 86: Energy = 0.04160406
[2025-11-21 11:23:41,926][INFO] Iteration 87: Energy = 0.04160406
[2025-11-21 11:23:41,930][INFO] Iteration 88: Energy = 0.04160406
[2025-11-21 11:23:41,934][INFO] Iteration 89: Energy = 0.04160406
[2025-11-21 11:23:41,938][INFO] Iteration 90: Energy = 0.04160406
[2025-11-21 11:23:41,943][INFO] Iteration 91: Energy = 0.04160406
[2025-11-21 11:23:41,947][INFO] Iteration 92: Energy = 0.04160406
[2025-11-21 11:23:41,952][INFO] Iteration 93: Energy = 0.04160406
[2025-11-21 11:23:41,956][INFO] Iteration 94: Energy = 0.04160406
[2025-11-21 11:23:41,960][INFO] Iteration 95: Energy = 0.04160406
[2025-11-21 11:23:41,964][INFO] Iteration 96: Energy = 0.04160406
[2025-11-21 11:23:41,969][INFO] Iteration 97: Energy = 0.04160406
[2025-11-21 11:23:41,972][INFO] Iteration 98: Energy = 0.04160406
[2025-11-21 11:23:41,976][INFO] Iteration 99: Energy = 0.04160406
[2025-11-21 11:23:41,980][INFO] Iteration 100: Energy = 0.04160406
[2025-11-21 11:23:41,984][INFO] Iteration 101: Energy = 0.04160406
[2025-11-21 11:23:41,987][INFO] Iteration 102: Energy = 0.04160406
[2025-11-21 11:23:41,991][INFO] Iteration 103: Energy = 0.04160406
[2025-11-21 11:23:41,995][INFO] Iteration 104: Energy = 0.04160406
[2025-11-21 11:23:41,999][INFO] Iteration 105: Energy = 0.04160406
[2025-11-21 11:23:42,003][INFO] Iteration 106: Energy = 0.04160406
[2025-11-21 11:23:42,006][INFO] Iteration 107: Energy = 0.04160406
[2025-11-21 11:23:42,010][INFO] Iteration 108: Energy = 0.04160406
[2025-11-21 11:23:42,014][INFO] Iteration 109: Energy = 0.04160406
[2025-11-21 11:23:42,018][INFO] Iteration 110: Energy = 0.04160406
[2025-11-21 11:23:42,022][INFO] Iteration 111: Energy = 0.04160406
[2025-11-21 11:23:42,026][INFO] Iteration 112: Energy = 0.04160406
[2025-11-21 11:23:42,030][INFO] Iteration 113: Energy = 0.04160406
[2025-11-21 11:23:42,034][INFO] Iteration 114: Energy = 0.04160406
[2025-11-21 11:23:42,038][INFO] Iteration 115: Energy = 0.04160406
[2025-11-21 11:23:42,043][INFO] Iteration 116: Energy = 0.04160406
[2025-11-21 11:23:42,047][INFO] Iteration 117: Energy = 0.04160406
[2025-11-21 11:23:42,051][INFO] Iteration 118: Energy = 0.04160406
[2025-11-21 11:23:42,055][INFO] Iteration 119: Energy = 0.04160406
[2025-11-21 11:23:42,055][INFO] Completed VQE run 1: Energy = 0.041604
[2025-11-21 11:23:42,055][INFO] optimizer message: The lower bound for the trust-region radius has been reached
[2025-11-21 11:23:42,055][INFO] {
    "seed": 29639824,
    "session_id": null,
    "energy": 0.04160405950955948,
    "params": [
        6.394766757924629,
        -0.46236171832065526,
        1.8669504041186962
    ],
    "success": "True",
    "num_iters": 119,
    "run_time": "0:00:00.482731"
}
