[2025-08-05 11:59:18,271][INFO] Starting VQE run 91 (seed=12849684)
[2025-08-05 11:59:18,816][INFO] Adding RY(0.0, wires=[3]) increased overlap from 0.0 to 0.9486059965887326
[2025-08-05 11:59:19,372][INFO] Adding RY(0.0, wires=[2]) had small change in overlap from 0.9486059965887326 to 0.9477443378220799
[2025-08-05 11:59:20,168][INFO] Adding RY(0.0, wires=[4]) increased overlap from 0.9477443378220799 to 0.995086898560995
[2025-08-05 11:59:21,789][INFO] Adding CRY(0.0, wires=[4, 3])) increased overlap from 0.995086898560995 to 0.9958691795147917
[2025-08-05 11:59:24,002][INFO] Adding CRY(0.0, wires=[0, 2])) increased overlap from 0.9958691795147917 to 0.9982540031458961
[2025-08-05 11:59:26,242][INFO] Adding RY(0.0, wires=[1]) increased overlap from 0.9982540031458961 to 0.9986713553217578
[2025-08-05 11:59:30,162][INFO] Adding CRY(0.0, wires=[4, 2])) had small change in overlap from 0.9986713553217578 to 0.9982539538866116
[2025-08-05 11:59:36,635][INFO] Adding CRY(0.0, wires=[0, 1])) increased overlap from 0.9982539538866116 to 0.998276842424438
[2025-08-05 11:59:44,202][INFO] Adding CRY(0.0, wires=[0, 3])) increased overlap from 0.998276842424438 to 0.9986848744284537
[2025-08-05 11:59:55,959][INFO] Adding CRY(0.0, wires=[3, 2])) increased overlap from 0.9986848744284537 to 0.9986921953416268
[2025-08-05 12:00:10,572][INFO] Adding CRY(0.0, wires=[4, 1])) had small change in overlap from 0.9986921953416268 to 0.9986845457775221
[2025-08-05 12:00:27,013][INFO] Adding CRY(0.0, wires=[2, 4])) increased overlap from 0.9986845457775221 to 0.9994723243309013
[2025-08-05 12:00:49,451][INFO] Adding CRY(0.0, wires=[2, 3])) increased overlap from 0.9994723243309013 to 0.9999747600855003
[2025-08-05 12:01:16,693][INFO] Adding CRY(0.0, wires=[3, 1])) had small change in overlap from 0.9999747600855003 to 0.9950917284435288
[2025-08-05 12:01:43,595][INFO] Adding CRY(0.0, wires=[3, 4])) increased overlap from 0.9950917284435288 to 0.9962023206555066
[2025-08-05 12:02:18,604][INFO] Adding RY(0.0, wires=[2]) increased overlap from 0.9962023206555066 to 0.9995901534351488
[2025-08-05 12:02:54,532][INFO] Adding RY(0.0, wires=[3]) increased overlap from 0.9995901534351488 to 0.9999748823787599
[2025-08-05 12:03:28,386][INFO] Adding CRY(0.0, wires=[2, 1])) had small change in overlap from 0.9999748823787599 to 0.9962502913209411
[2025-08-05 12:04:01,074][INFO] Adding RY(0.0, wires=[2]) had small change in overlap from 0.9962502913209411 to 0.9962479497737918
[2025-08-05 12:04:37,938][INFO] Adding RY(0.0, wires=[1]) increased overlap from 0.9962479497737918 to 0.9987851144658805
[2025-08-05 12:05:15,299][INFO] Adding CRY(0.0, wires=[0, 4])) increased overlap from 0.9987851144658805 to 0.9987866280172296
[2025-08-05 12:05:54,464][INFO] Adding RY(0.0, wires=[4]) increased overlap from 0.9987866280172296 to 0.9999744385196262
[2025-08-05 12:06:31,389][INFO] Adding CRY(0.0, wires=[1, 4])) had small change in overlap from 0.9999744385196262 to 0.9999738644192779
[2025-08-05 12:07:08,348][INFO] Adding RY(0.0, wires=[1]) had small change in overlap from 0.9999738644192779 to 0.9988444883624543
[2025-08-05 12:07:52,225][INFO] Adding RY(0.0, wires=[4]) had small change in overlap from 0.9988444883624543 to 0.9987536813148741
[2025-08-05 12:08:35,634][INFO] Adding CRY(0.0, wires=[1, 3])) increased overlap from 0.9987536813148741 to 0.9987751856672468
[2025-08-05 12:09:12,419][INFO] Adding RY(0.0, wires=[1]) had small change in overlap from 0.9987751856672468 to 0.9939932512992348
[2025-08-05 12:09:50,518][INFO] Adding RY(0.0, wires=[3]) increased overlap from 0.9939932512992348 to 0.995085236299162
[2025-08-05 12:10:28,764][INFO] Adding CRY(0.0, wires=[1, 2])) increased overlap from 0.995085236299162 to 0.9950852390699094
[2025-08-05 12:11:15,731][INFO] Adding RY(0.0, wires=[1]) increased overlap from 0.9950852390699094 to 0.9988141431749118
[2025-08-05 12:11:15,731][INFO] Completed VQE run 29
[2025-08-05 12:11:15,732][INFO] Final ops list: [{'name': 'RY', 'param': 6.152053445968671, 'wires': [3]}, {'name': 'RY', 'param': 0.033241314719733996, 'wires': [2]}, {'name': 'RY', 'param': 0.14210829975915856, 'wires': [4]}, {'name': 'CRY', 'param': 5.946772877364723, 'wires': [4, 3]}, {'name': 'CRY', 'param': 0.043265779851312886, 'wires': [0, 2]}, {'name': 'RY', 'param': 6.278688082484481, 'wires': [1]}, {'name': 'CRY', 'param': 6.283185307179586, 'wires': [4, 2]}, {'name': 'CRY', 'param': 6.282808330539236, 'wires': [0, 1]}, {'name': 'CRY', 'param': 6.1973714101326545, 'wires': [0, 3]}, {'name': 'CRY', 'param': 6.283185307179586, 'wires': [3, 2]}, {'name': 'CRY', 'param': 6.274048363175363, 'wires': [4, 1]}, {'name': 'CRY', 'param': 0.0, 'wires': [2, 4]}, {'name': 'CRY', 'param': 0.0628985736870976, 'wires': [2, 3]}, {'name': 'CRY', 'param': 0.003920917280620624, 'wires': [3, 1]}, {'name': 'CRY', 'param': 6.137526125214813, 'wires': [3, 4]}, {'name': 'RY', 'param': 6.212369826965669, 'wires': [2]}, {'name': 'RY', 'param': 0.14278553311396947, 'wires': [3]}, {'name': 'CRY', 'param': 6.279823694817595, 'wires': [2, 1]}, {'name': 'RY', 'param': 6.264715647670781, 'wires': [2]}, {'name': 'RY', 'param': 6.271591120139327, 'wires': [1]}, {'name': 'CRY', 'param': 6.191084234037474, 'wires': [0, 4]}, {'name': 'RY', 'param': 6.179032634032047, 'wires': [4]}, {'name': 'CRY', 'param': 0.013319586347217487, 'wires': [1, 4]}, {'name': 'RY', 'param': 0.02717742007961346, 'wires': [1]}, {'name': 'RY', 'param': 6.187204915348619, 'wires': [4]}, {'name': 'CRY', 'param': 0.0072990128721755415, 'wires': [1, 3]}, {'name': 'RY', 'param': 6.273498516743406, 'wires': [1]}, {'name': 'RY', 'param': 0.12151441946668813, 'wires': [3]}, {'name': 'CRY', 'param': 0.0016617009290974117, 'wires': [1, 2]}, {'name': 'RY', 'param': 6.281863310977868, 'wires': [1]}]
[2025-08-05 12:11:15,732][INFO] Energy: 0.017170614652712905
