[2025-08-05 11:59:18,140][INFO] Starting VQE run 11 (seed=31894137)
[2025-08-05 11:59:18,515][INFO] Adding RY(0.0, wires=[3]) increased overlap from 0.0 to 0.9486059968854323
[2025-08-05 11:59:19,186][INFO] Adding RY(0.0, wires=[2]) had small change in overlap from 0.9486059968854323 to 0.9477443523278425
[2025-08-05 11:59:19,847][INFO] Adding RY(0.0, wires=[4]) increased overlap from 0.9477443523278425 to 0.9950868852803734
[2025-08-05 11:59:21,059][INFO] Adding CRY(0.0, wires=[4, 3])) increased overlap from 0.9950868852803734 to 0.9986713401059948
[2025-08-05 11:59:24,457][INFO] Adding CRY(0.0, wires=[4, 2])) increased overlap from 0.9986713401059948 to 0.9993454443578238
[2025-08-05 11:59:29,145][INFO] Adding RY(0.0, wires=[1]) had small change in overlap from 0.9993454443578238 to 0.9950868015335996
[2025-08-05 11:59:32,547][INFO] Adding CRY(0.0, wires=[3, 4])) increased overlap from 0.9950868015335996 to 0.9962498353981791
[2025-08-05 11:59:39,443][INFO] Adding CRY(0.0, wires=[0, 2])) increased overlap from 0.9962498353981791 to 0.998684855525334
[2025-08-05 11:59:46,476][INFO] Adding CRY(0.0, wires=[3, 2])) had small change in overlap from 0.998684855525334 to 0.9978683340082953
[2025-08-05 11:59:54,575][INFO] Adding CRY(0.0, wires=[0, 3])) increased overlap from 0.9978683340082953 to 0.9982768376421574
[2025-08-05 12:00:14,724][INFO] Adding RY(0.0, wires=[3]) increased overlap from 0.9982768376421574 to 0.99884443876108
[2025-08-05 12:00:37,329][INFO] Adding CRY(0.0, wires=[4, 1])) increased overlap from 0.99884443876108 to 0.9995239558071627
[2025-08-05 12:01:00,270][INFO] Adding CRY(0.0, wires=[3, 1])) had small change in overlap from 0.9995239558071627 to 0.9955969966098365
[2025-08-05 12:01:26,074][INFO] Adding CRY(0.0, wires=[0, 1])) increased overlap from 0.9955969966098365 to 0.998684833945621
[2025-08-05 12:01:52,220][INFO] Adding CRY(0.0, wires=[2, 4])) had small change in overlap from 0.998684833945621 to 0.9963015294924598
[2025-08-05 12:02:28,277][INFO] Adding RY(0.0, wires=[2]) increased overlap from 0.9963015294924598 to 0.9997843581656464
[2025-08-05 12:02:58,517][INFO] Adding CRY(0.0, wires=[2, 3])) increased overlap from 0.9997843581656464 to 0.9999747205274782
[2025-08-05 12:03:38,818][INFO] Adding CRY(0.0, wires=[1, 3])) increased overlap from 0.9999747205274782 to 0.9999768298577486
[2025-08-05 12:04:13,494][INFO] Adding CRY(0.0, wires=[2, 1])) had small change in overlap from 0.9999768298577486 to 0.9963342884080183
[2025-08-05 12:04:55,252][INFO] Adding RY(0.0, wires=[2]) increased overlap from 0.9963342884080183 to 0.999703214721682
[2025-08-05 12:06:09,065][INFO] Adding RY(0.0, wires=[1]) decreased overlap from 0.999703214721682 to 0.006365991293525806.. skipping this gate
[2025-08-05 12:06:09,065][INFO] gradient converged
[2025-08-05 12:06:09,065][INFO] Completed VQE run 20
[2025-08-05 12:06:09,065][INFO] Final ops list: [{'name': 'RY', 'param': 0.057042283158168366, 'wires': [3]}, {'name': 'RY', 'param': 1.5034083625881058, 'wires': [2]}, {'name': 'RY', 'param': 0.00039531665014944756, 'wires': [4]}, {'name': 'CRY', 'param': 1.0648377750677468e-06, 'wires': [4, 3]}, {'name': 'CRY', 'param': 2.678598791263128e-05, 'wires': [4, 2]}, {'name': 'RY', 'param': 0.0004396184628193511, 'wires': [1]}, {'name': 'CRY', 'param': 3.7136253123793117, 'wires': [3, 4]}, {'name': 'CRY', 'param': 1.5721445652182517, 'wires': [0, 2]}, {'name': 'CRY', 'param': 6.283175177176069, 'wires': [3, 2]}, {'name': 'CRY', 'param': 0.05432289109623748, 'wires': [0, 3]}, {'name': 'RY', 'param': 0.05432286645134283, 'wires': [3]}, {'name': 'CRY', 'param': 0.0, 'wires': [4, 1]}, {'name': 'CRY', 'param': 6.283185307179586, 'wires': [3, 1]}, {'name': 'CRY', 'param': 0.0004396182687516883, 'wires': [0, 1]}, {'name': 'CRY', 'param': 5.845905695077743, 'wires': [2, 4]}, {'name': 'RY', 'param': 6.283067176651965, 'wires': [2]}, {'name': 'CRY', 'param': 0.16205065985348302, 'wires': [2, 3]}, {'name': 'CRY', 'param': 0.0, 'wires': [1, 3]}, {'name': 'CRY', 'param': 0.0009297816876958905, 'wires': [2, 1]}, {'name': 'RY', 'param': 3.026711835754483, 'wires': [2]}]
[2025-08-05 12:06:09,065][INFO] Energy: 0.005149560012161096
