[2026-01-09 09:41:40,625][INFO] Running for DW potential and cutoff 64
[2026-01-09 09:41:40,634][INFO] min_eigenvalue: (0.89163238013645+0j)
[2026-01-09 09:41:42,217][INFO] {
    "_VERSION": 2,
    "max_execution_time": "Unset",
    "environment": {
        "log_level": "WARNING",
        "callback": null,
        "job_tags": [
            "NQCC-Q4",
            "SKQD",
            "shots:500",
            "DW",
            "cutoff=64"
        ],
        "private": false
    },
    "simulator": {
        "noise_model": "Unset",
        "seed_simulator": "Unset",
        "coupling_map": "Unset",
        "basis_gates": "Unset"
    },
    "default_shots": 500,
    "dynamical_decoupling": {
        "enable": "Unset",
        "sequence_type": "Unset",
        "extra_slack_distribution": "Unset",
        "scheduling_method": "Unset",
        "skip_reset_qubits": "Unset"
    },
    "execution": {
        "init_qubits": "Unset",
        "rep_delay": "Unset",
        "meas_type": "Unset"
    },
    "twirling": {
        "enable_gates": false,
        "enable_measure": false,
        "num_randomizations": "Unset",
        "shots_per_randomization": "Unset",
        "strategy": "Unset"
    },
    "experimental": "Unset"
}
[2026-01-09 09:41:42,219][INFO] Running for Krylov dimension 1
[2026-01-09 09:41:49,261][INFO] Job ID: d5gcqlv67pic73841j00 - QPU usage: 2.0
[2026-01-09 09:41:49,319][INFO] {
    "D": 1,
    "t": 1.0,
    "circuit_time": "0:00:06.125600",
    "num_samples": 62,
    "shot_processing": {
        "raw_unique": 120,
        "raw_shots": 500,
        "postselect_rejected_shots": 197,
        "trim_rejected_shots": 0,
        "kept_unique": 62,
        "kept_shots": 303
    },
    "H_reduced_size": [
        62,
        62
    ],
    "reduction": 51.5625,
    "H_reduced_e": 0.9547396618406709,
    "eigenvalue_time": "0:00:00.000590",
    "diff": 0.06310728170422097,
    "change_from_prev": null
}
[2026-01-09 09:41:49,319][INFO] Running for Krylov dimension 2
[2026-01-09 09:41:55,574][INFO] Job ID: d5gcqnigim5s73agj8jg - QPU usage: 4.0
[2026-01-09 09:41:55,637][INFO] {
    "D": 2,
    "t": 2.0,
    "circuit_time": "0:00:05.726038",
    "num_samples": 64,
    "shot_processing": {
        "raw_unique": 123,
        "raw_shots": 500,
        "postselect_rejected_shots": 203,
        "trim_rejected_shots": 0,
        "kept_unique": 62,
        "kept_shots": 297
    },
    "H_reduced_size": [
        64,
        64
    ],
    "reduction": 50.0,
    "H_reduced_e": 0.8916323398938043,
    "eigenvalue_time": "0:00:00.000587",
    "diff": 4.024264566027114e-08,
    "change_from_prev": 0.06310732194686663
}
[2026-01-09 09:41:55,637][INFO] Running for Krylov dimension 3
[2026-01-09 09:42:02,784][INFO] Job ID: d5gcqp767pic73841j50 - QPU usage: 6.0
[2026-01-09 09:42:02,846][INFO] {
    "D": 3,
    "t": 3.0,
    "circuit_time": "0:00:06.724447",
    "num_samples": 64,
    "shot_processing": {
        "raw_unique": 123,
        "raw_shots": 500,
        "postselect_rejected_shots": 203,
        "trim_rejected_shots": 0,
        "kept_unique": 63,
        "kept_shots": 297
    },
    "H_reduced_size": [
        64,
        64
    ],
    "reduction": 50.0,
    "H_reduced_e": 0.8916323398939175,
    "eigenvalue_time": "0:00:00.000811",
    "diff": 4.0242532417522625e-08,
    "change_from_prev": 1.1324274851176597e-13
}
[2026-01-09 09:42:02,846][INFO] Converged
[2026-01-09 09:42:02,848][INFO] Done
