[2025-10-03 13:05:23,978][INFO] Running VQE using ibm_kingston backend
[2025-10-03 13:05:23,979][INFO] Running VQE using CQAVQE_DW2_exact ansatz with 1 params
[2025-10-03 13:05:24,704][INFO] Starting VQE run 1 (seed=71575229)
[2025-10-03 13:05:26,277][INFO] Session ID: c9f4e426-9ccd-4a77-983c-e378b112734b
[2025-10-03 13:05:26,277][INFO] EstimatorOptions(_VERSION=2, max_execution_time=Unset, environment=EnvironmentOptions(log_level='WARNING', callback=None, job_tags=None, private=False), simulator=SimulatorOptions(noise_model=Unset, seed_simulator=Unset, coupling_map=Unset, basis_gates=Unset), default_precision=Unset, default_shots=4096, resilience_level=0, seed_estimator=Unset, dynamical_decoupling=DynamicalDecouplingOptions(enable=Unset, sequence_type=Unset, extra_slack_distribution=Unset, scheduling_method=Unset, skip_reset_qubits=Unset), resilience=ResilienceOptionsV2(measure_mitigation=Unset, measure_noise_learning=MeasureNoiseLearningOptions(num_randomizations=Unset, shots_per_randomization=Unset), zne_mitigation=Unset, zne=ZneOptions(amplifier=Unset, noise_factors=Unset, extrapolator=Unset, extrapolated_noise_factors=Unset), pec_mitigation=Unset, pec=PecOptions(max_overhead=Unset, noise_gain=Unset), layer_noise_learning=LayerNoiseLearningOptions(max_layers_to_learn=Unset, shots_per_randomization=Unset, num_randomizations=Unset, layer_pair_depths=Unset), layer_noise_model=Unset), execution=ExecutionOptionsV2(init_qubits=Unset, rep_delay=Unset), twirling=TwirlingOptions(enable_gates=Unset, enable_measure=Unset, num_randomizations=Unset, shots_per_randomization=Unset, strategy=Unset), experimental=Unset)
[2025-10-03 13:06:01,870][INFO] Iteration 1: Energy = 3.86937766
[2025-10-03 13:06:09,078][INFO] Iteration 2: Energy = 3.01334741
[2025-10-03 13:06:16,328][INFO] Iteration 3: Energy = 3.30131742
[2025-10-03 13:06:23,546][INFO] Iteration 4: Energy = 1.38847910
[2025-10-03 13:06:31,197][INFO] Iteration 5: Energy = 0.41795096
[2025-10-03 13:06:38,270][INFO] Iteration 6: Energy = 1.36546469
[2025-10-03 13:06:45,685][INFO] Iteration 7: Energy = 0.38763897
[2025-10-03 13:06:52,839][INFO] Iteration 8: Energy = 0.38565623
[2025-10-03 13:07:00,704][INFO] Iteration 9: Energy = 0.40317599
[2025-10-03 13:07:07,804][INFO] Iteration 10: Energy = 0.39185368
[2025-10-03 13:07:15,144][INFO] Iteration 11: Energy = 0.38565623
[2025-10-03 13:07:23,335][INFO] Iteration 12: Energy = 0.39464544
[2025-10-03 13:07:30,342][INFO] Iteration 13: Energy = 0.38418630
[2025-10-03 13:07:37,537][INFO] Iteration 14: Energy = 0.39099052
[2025-10-03 13:07:44,379][INFO] Iteration 15: Energy = 0.40144965
[2025-10-03 13:07:51,437][INFO] Iteration 16: Energy = 0.38916306
[2025-10-03 13:07:58,590][INFO] Iteration 17: Energy = 0.38525172
[2025-10-03 13:08:06,061][INFO] Iteration 18: Energy = 0.38926418
[2025-10-03 13:08:13,317][INFO] Iteration 19: Energy = 0.39155031
[2025-10-03 13:08:20,157][INFO] Iteration 20: Energy = 0.38616905
[2025-10-03 13:08:27,697][INFO] Iteration 21: Energy = 0.39424093
[2025-10-03 13:08:35,276][INFO] Iteration 22: Energy = 0.38916306
[2025-10-03 13:08:42,217][INFO] Iteration 23: Energy = 0.38017385
[2025-10-03 13:08:49,302][INFO] Iteration 24: Energy = 0.39667515
[2025-10-03 13:08:57,000][INFO] Iteration 25: Energy = 0.38992510
[2025-10-03 13:09:04,726][INFO] Iteration 26: Energy = 0.39119277
[2025-10-03 13:09:12,176][INFO] Iteration 27: Energy = 0.39261573
[2025-10-03 13:09:19,857][INFO] Iteration 28: Energy = 0.38428743
[2025-10-03 13:09:27,180][INFO] Iteration 29: Energy = 0.38733559
[2025-10-03 13:09:34,353][INFO] Iteration 30: Energy = 0.38844798
[2025-10-03 13:09:41,781][INFO] Iteration 31: Energy = 0.38535285
[2025-10-03 13:09:42,259][INFO] Completed VQE run 1: Energy = 0.380174
[2025-10-03 13:09:42,259][INFO] {'seed': 71575229, 'energy': np.float64(0.38017384588973346), 'params': [4.642244165995025], 'success': False, 'num_iters': 31, 'run_time': datetime.timedelta(seconds=258, microseconds=280927), 'message': 'The maximum number of iterations has been exceeded'}
