[2025-10-24 14:14:50,247][INFO] Hamiltonian: SparsePauliOp(['III', 'IIX', 'IXI', 'IXX', 'IXZ', 'IYY', 'IZI', 'IZX', 'IZZ', 'ZII', 'ZIX', 'ZXX', 'ZYY', 'ZZX'],
              coeffs=[ 5.375     +0.j,  3.027187  +0.j,  2.41481457+0.j,  2.4330127 +0.j,
 -0.64704761+0.j,  1.5669873 -0.j, -1.75      +0.j, -1.25942005+0.j,
 -1.75      +0.j,  0.5       +0.j,  0.96592583+0.j,  0.5       +0.j,
  0.5       -0.j, -0.25881905+0.j])
[2025-10-24 14:14:50,247][INFO] {
    "backend": "Aer",
    "use_noise_model": 1,
    "Potential": "DW",
    "cutoff": 4,
    "num_qubits": 3,
    "num_params": 3,
    "shots": 4096,
    "lam": 15,
    "p": 2,
    "eps": 0,
    "num_vqe_runs": 1,
    "max_iter": 200,
    "initial_tr_radius": 0.3,
    "final_tr_radius": 1e-08,
    "ansatz_name": "CQAVQE_DW4_exact",
    "path": "C:\\Users\\Johnk\\Documents\\PhD\\Quantum Computing Code\\Quantum-Computing\\SUSY\\SUSY QM\\Qiskit\\NQCC Access\\RealDevice\\Aer\\Files\\4096\\DW\\2025-10-24_14-14-44",
    "tags": [
        "NQCC-Q3",
        "CQAVQE_DW4_exact",
        "shots:4096"
    ],
    "seed": 16362106
}
[2025-10-24 14:14:50,247][INFO] Starting VQE run 1 (seed=16362106)
[2025-10-24 14:14:50,248][INFO] Session ID: None
[2025-10-24 14:14:51,603][INFO] {
    "default_precision": 0.0,
    "backend_options": {
        "method": "automatic",
        "noise_model": "NoiseModel:\n  Basis gates: ['cz', 'delay', 'id', 'if_else', 'measure', 'reset', 'rz', 'sx', 'x']\n  Instructions with noise: ['sx', 'id', 'x', 'cz', 'measure', 'reset']\n  Qubits with noise: [0, 1, 2, 3, 4, 5, 6, 7, 8, 9, 10, 11, 12, 13, 14, 15, 16, 17, 18, 19, 20, 21, 22, 23, 24, 25, 26, 27, 28, 29, 30, 31, 32, 33, 34, 35, 36, 37, 38, 39, 40, 41, 42, 43, 44, 45, 46, 47, 48, 49, 50, 51, 52, 53, 54, 55, 56, 57, 58, 59, 60, 61, 62, 63, 64, 65, 66, 67, 68, 69, 70, 71, 72, 73, 74, 75, 76, 77, 78, 79, 80, 81, 82, 83, 84, 85, 86, 87, 88, 89, 90, 91, 92, 93, 94, 95, 96, 97, 98, 99, 100, 101, 102, 103, 104, 105, 106, 107, 108, 109, 110, 111, 112, 113, 114, 115, 116, 117, 118, 119, 120, 121, 122, 123, 124, 125, 126, 127, 128, 129, 130, 131, 132, 133, 134, 135, 136, 137, 138, 139, 140, 141, 142, 143, 144, 145, 146, 147, 148, 149, 150, 151, 152, 153, 154, 155]\n  Specific qubit errors: [('sx', (0,)), ('sx', (1,)), ('sx', (2,)), ('sx', (3,)), ('sx', (4,)), ('sx', (5,)), ('sx', (6,)), ('sx', (7,)), ('sx', (8,)), ('sx', (9,)), ('sx', (10,)), ('sx', (11,)), ('sx', (12,)), ('sx', (13,)), ('sx', (14,)), ('sx', (15,)), ('sx', (16,)), ('sx', (17,)), ('sx', (18,)), ('sx', (19,)), ('sx', (20,)), ('sx', (21,)), ('sx', (22,)), ('sx', (23,)), ('sx', (24,)), ('sx', (25,)), ('sx', (26,)), ('sx', (27,)), ('sx', (28,)), ('sx', (29,)), ('sx', (30,)), ('sx', (31,)), ('sx', (32,)), ('sx', (33,)), ('sx', (34,)), ('sx', (35,)), ('sx', (36,)), ('sx', (37,)), ('sx', (38,)), ('sx', (39,)), ('sx', (40,)), ('sx', (41,)), ('sx', (42,)), ('sx', (43,)), ('sx', (44,)), ('sx', (45,)), ('sx', (46,)), ('sx', (47,)), ('sx', (48,)), ('sx', (49,)), ('sx', (50,)), ('sx', (51,)), ('sx', (52,)), ('sx', (53,)), ('sx', (54,)), ('sx', (55,)), ('sx', (56,)), ('sx', (57,)), ('sx', (58,)), ('sx', (59,)), ('sx', (60,)), ('sx', (61,)), ('sx', (62,)), ('sx', (63,)), ('sx', (64,)), ('sx', (65,)), ('sx', (66,)), ('sx', (67,)), ('sx', (68,)), ('sx', (69,)), ('sx', (70,)), ('sx', (71,)), ('sx', (72,)), ('sx', (73,)), ('sx', (74,)), ('sx', (75,)), ('sx', (76,)), ('sx', (77,)), ('sx', (78,)), ('sx', (79,)), ('sx', (80,)), ('sx', (81,)), ('sx', (82,)), ('sx', (83,)), ('sx', (84,)), ('sx', (85,)), ('sx', (86,)), ('sx', (87,)), ('sx', (88,)), ('sx', (89,)), ('sx', (90,)), ('sx', (91,)), ('sx', (92,)), ('sx', (93,)), ('sx', (94,)), ('sx', (95,)), ('sx', (96,)), ('sx', (97,)), ('sx', (98,)), ('sx', (99,)), ('sx', (100,)), ('sx', (101,)), ('sx', (102,)), ('sx', (103,)), ('sx', (104,)), ('sx', (105,)), ('sx', (106,)), ('sx', (107,)), ('sx', (108,)), ('sx', (109,)), ('sx', (110,)), ('sx', (111,)), ('sx', (112,)), ('sx', (113,)), ('sx', (114,)), ('sx', (115,)), ('sx', (116,)), ('sx', (117,)), ('sx', (118,)), ('sx', (119,)), ('sx', (120,)), ('sx', (121,)), ('sx', (122,)), ('sx', (123,)), ('sx', (124,)), ('sx', (125,)), ('sx', (126,)), ('sx', (127,)), ('sx', (128,)), ('sx', (129,)), ('sx', (130,)), ('sx', (131,)), ('sx', (132,)), ('sx', (133,)), ('sx', (134,)), ('sx', (135,)), ('sx', (136,)), ('sx', (137,)), ('sx', (138,)), ('sx', (139,)), ('sx', (140,)), ('sx', (141,)), ('sx', (142,)), ('sx', (143,)), ('sx', (144,)), ('sx', (145,)), ('sx', (146,)), ('sx', (147,)), ('sx', (148,)), ('sx', (149,)), ('sx', (150,)), ('sx', (151,)), ('sx', (152,)), ('sx', (153,)), ('sx', (154,)), ('sx', (155,)), ('id', (0,)), ('id', (1,)), ('id', (2,)), ('id', (3,)), ('id', (4,)), ('id', (5,)), ('id', (6,)), ('id', (7,)), ('id', (8,)), ('id', (9,)), ('id', (10,)), ('id', (11,)), ('id', (12,)), ('id', (13,)), ('id', (14,)), ('id', (15,)), ('id', (16,)), ('id', (17,)), ('id', (18,)), ('id', (19,)), ('id', (20,)), ('id', (21,)), ('id', (22,)), ('id', (23,)), ('id', (24,)), ('id', (25,)), ('id', (26,)), ('id', (27,)), ('id', (28,)), ('id', (29,)), ('id', (30,)), ('id', (31,)), ('id', (32,)), ('id', (33,)), ('id', (34,)), ('id', (35,)), ('id', (36,)), ('id', (37,)), ('id', (38,)), ('id', (39,)), ('id', (40,)), ('id', (41,)), ('id', (42,)), ('id', (43,)), ('id', (44,)), ('id', (45,)), ('id', (46,)), ('id', (47,)), ('id', (48,)), ('id', (49,)), ('id', (50,)), ('id', (51,)), ('id', (52,)), ('id', (53,)), ('id', (54,)), ('id', (55,)), ('id', (56,)), ('id', (57,)), ('id', (58,)), ('id', (59,)), ('id', (60,)), ('id', (61,)), ('id', (62,)), ('id', (63,)), ('id', (64,)), ('id', (65,)), ('id', (66,)), ('id', (67,)), ('id', (68,)), ('id', (69,)), ('id', (70,)), ('id', (71,)), ('id', (72,)), ('id', (73,)), ('id', (74,)), ('id', (75,)), ('id', (76,)), ('id', (77,)), ('id', (78,)), ('id', (79,)), ('id', (80,)), ('id', (81,)), ('id', (82,)), ('id', (83,)), ('id', (84,)), ('id', (85,)), ('id', (86,)), ('id', (87,)), ('id', (88,)), ('id', (89,)), ('id', (90,)), ('id', (91,)), ('id', (92,)), ('id', (93,)), ('id', (94,)), ('id', (95,)), ('id', (96,)), ('id', (97,)), ('id', (98,)), ('id', (99,)), ('id', (100,)), ('id', (101,)), ('id', (102,)), ('id', (103,)), ('id', (104,)), ('id', (105,)), ('id', (106,)), ('id', (107,)), ('id', (108,)), ('id', (109,)), ('id', (110,)), ('id', (111,)), ('id', (112,)), ('id', (113,)), ('id', (114,)), ('id', (115,)), ('id', (116,)), ('id', (117,)), ('id', (118,)), ('id', (119,)), ('id', (120,)), ('id', (121,)), ('id', (122,)), ('id', (123,)), ('id', (124,)), ('id', (125,)), ('id', (126,)), ('id', (127,)), ('id', (128,)), ('id', (129,)), ('id', (130,)), ('id', (131,)), ('id', (132,)), ('id', (133,)), ('id', (134,)), ('id', (135,)), ('id', (136,)), ('id', (137,)), ('id', (138,)), ('id', (139,)), ('id', (140,)), ('id', (141,)), ('id', (142,)), ('id', (143,)), ('id', (144,)), ('id', (145,)), ('id', (146,)), ('id', (147,)), ('id', (148,)), ('id', (149,)), ('id', (150,)), ('id', (151,)), ('id', (152,)), ('id', (153,)), ('id', (154,)), ('id', (155,)), ('x', (0,)), ('x', (1,)), ('x', (2,)), ('x', (3,)), ('x', (4,)), ('x', (5,)), ('x', (6,)), ('x', (7,)), ('x', (8,)), ('x', (9,)), ('x', (10,)), ('x', (11,)), ('x', (12,)), ('x', (13,)), ('x', (14,)), ('x', (15,)), ('x', (16,)), ('x', (17,)), ('x', (18,)), ('x', (19,)), ('x', (20,)), ('x', (21,)), ('x', (22,)), ('x', (23,)), ('x', (24,)), ('x', (25,)), ('x', (26,)), ('x', (27,)), ('x', (28,)), ('x', (29,)), ('x', (30,)), ('x', (31,)), ('x', (32,)), ('x', (33,)), ('x', (34,)), ('x', (35,)), ('x', (36,)), ('x', (37,)), ('x', (38,)), ('x', (39,)), ('x', (40,)), ('x', (41,)), ('x', (42,)), ('x', (43,)), ('x', (44,)), ('x', (45,)), ('x', (46,)), ('x', (47,)), ('x', (48,)), ('x', (49,)), ('x', (50,)), ('x', (51,)), ('x', (52,)), ('x', (53,)), ('x', (54,)), ('x', (55,)), ('x', (56,)), ('x', (57,)), ('x', (58,)), ('x', (59,)), ('x', (60,)), ('x', (61,)), ('x', (62,)), ('x', (63,)), ('x', (64,)), ('x', (65,)), ('x', (66,)), ('x', (67,)), ('x', (68,)), ('x', (69,)), ('x', (70,)), ('x', (71,)), ('x', (72,)), ('x', (73,)), ('x', (74,)), ('x', (75,)), ('x', (76,)), ('x', (77,)), ('x', (78,)), ('x', (79,)), ('x', (80,)), ('x', (81,)), ('x', (82,)), ('x', (83,)), ('x', (84,)), ('x', (85,)), ('x', (86,)), ('x', (87,)), ('x', (88,)), ('x', (89,)), ('x', (90,)), ('x', (91,)), ('x', (92,)), ('x', (93,)), ('x', (94,)), ('x', (95,)), ('x', (96,)), ('x', (97,)), ('x', (98,)), ('x', (99,)), ('x', (100,)), ('x', (101,)), ('x', (102,)), ('x', (103,)), ('x', (104,)), ('x', (105,)), ('x', (106,)), ('x', (107,)), ('x', (108,)), ('x', (109,)), ('x', (110,)), ('x', (111,)), ('x', (112,)), ('x', (113,)), ('x', (114,)), ('x', (115,)), ('x', (116,)), ('x', (117,)), ('x', (118,)), ('x', (119,)), ('x', (120,)), ('x', (121,)), ('x', (122,)), ('x', (123,)), ('x', (124,)), ('x', (125,)), ('x', (126,)), ('x', (127,)), ('x', (128,)), ('x', (129,)), ('x', (130,)), ('x', (131,)), ('x', (132,)), ('x', (133,)), ('x', (134,)), ('x', (135,)), ('x', (136,)), ('x', (137,)), ('x', (138,)), ('x', (139,)), ('x', (140,)), ('x', (141,)), ('x', (142,)), ('x', (143,)), ('x', (144,)), ('x', (145,)), ('x', (146,)), ('x', (147,)), ('x', (148,)), ('x', (149,)), ('x', (150,)), ('x', (151,)), ('x', (152,)), ('x', (153,)), ('x', (154,)), ('x', (155,)), ('cz', (0, 1)), ('cz', (1, 0)), ('cz', (1, 2)), ('cz', (2, 1)), ('cz', (2, 3)), ('cz', (3, 2)), ('cz', (3, 4)), ('cz', (3, 16)), ('cz', (4, 3)), ('cz', (4, 5)), ('cz', (5, 4)), ('cz', (5, 6)), ('cz', (6, 5)), ('cz', (6, 7)), ('cz', (7, 6)), ('cz', (7, 8)), ('cz', (7, 17)), ('cz', (8, 7)), ('cz', (8, 9)), ('cz', (9, 8)), ('cz', (9, 10)), ('cz', (10, 9)), ('cz', (10, 11)), ('cz', (11, 10)), ('cz', (11, 12)), ('cz', (11, 18)), ('cz', (12, 11)), ('cz', (12, 13)), ('cz', (13, 12)), ('cz', (13, 14)), ('cz', (14, 13)), ('cz', (14, 15)), ('cz', (15, 14)), ('cz', (15, 19)), ('cz', (16, 3)), ('cz', (16, 23)), ('cz', (17, 7)), ('cz', (17, 27)), ('cz', (18, 11)), ('cz', (18, 31)), ('cz', (19, 15)), ('cz', (19, 35)), ('cz', (20, 21)), ('cz', (21, 20)), ('cz', (21, 22)), ('cz', (21, 36)), ('cz', (22, 21)), ('cz', (22, 23)), ('cz', (23, 16)), ('cz', (23, 22)), ('cz', (23, 24)), ('cz', (24, 23)), ('cz', (24, 25)), ('cz', (25, 24)), ('cz', (25, 26)), ('cz', (25, 37)), ('cz', (26, 25)), ('cz', (26, 27)), ('cz', (27, 17)), ('cz', (27, 26)), ('cz', (27, 28)), ('cz', (28, 27)), ('cz', (28, 29)), ('cz', (29, 28)), ('cz', (29, 30)), ('cz', (29, 38)), ('cz', (30, 29)), ('cz', (30, 31)), ('cz', (31, 18)), ('cz', (31, 30)), ('cz', (31, 32)), ('cz', (32, 31)), ('cz', (32, 33)), ('cz', (33, 32)), ('cz', (33, 34)), ('cz', (33, 39)), ('cz', (34, 33)), ('cz', (34, 35)), ('cz', (35, 19)), ('cz', (35, 34)), ('cz', (36, 21)), ('cz', (36, 41)), ('cz', (37, 25)), ('cz', (37, 45)), ('cz', (38, 29)), ('cz', (38, 49)), ('cz', (39, 33)), ('cz', (39, 53)), ('cz', (40, 41)), ('cz', (41, 36)), ('cz', (41, 40)), ('cz', (41, 42)), ('cz', (42, 41)), ('cz', (42, 43)), ('cz', (43, 42)), ('cz', (43, 44)), ('cz', (43, 56)), ('cz', (44, 43)), ('cz', (44, 45)), ('cz', (45, 37)), ('cz', (45, 44)), ('cz', (45, 46)), ('cz', (46, 45)), ('cz', (46, 47)), ('cz', (47, 46)), ('cz', (47, 48)), ('cz', (47, 57)), ('cz', (48, 47)), ('cz', (48, 49)), ('cz', (49, 38)), ('cz', (49, 48)), ('cz', (49, 50)), ('cz', (50, 49)), ('cz', (50, 51)), ('cz', (51, 50)), ('cz', (51, 52)), ('cz', (51, 58)), ('cz', (52, 51)), ('cz', (52, 53)), ('cz', (53, 39)), ('cz', (53, 52)), ('cz', (53, 54)), ('cz', (54, 53)), ('cz', (54, 55)), ('cz', (55, 54)), ('cz', (55, 59)), ('cz', (56, 43)), ('cz', (56, 63)), ('cz', (57, 47)), ('cz', (57, 67)), ('cz', (58, 51)), ('cz', (58, 71)), ('cz', (59, 55)), ('cz', (59, 75)), ('cz', (60, 61)), ('cz', (61, 60)), ('cz', (61, 62)), ('cz', (61, 76)), ('cz', (62, 61)), ('cz', (62, 63)), ('cz', (63, 56)), ('cz', (63, 62)), ('cz', (63, 64)), ('cz', (64, 63)), ('cz', (64, 65)), ('cz', (65, 64)), ('cz', (65, 66)), ('cz', (65, 77)), ('cz', (66, 65)), ('cz', (66, 67)), ('cz', (67, 57)), ('cz', (67, 66)), ('cz', (67, 68)), ('cz', (68, 67)), ('cz', (68, 69)), ('cz', (69, 68)), ('cz', (69, 70)), ('cz', (69, 78)), ('cz', (70, 69)), ('cz', (70, 71)), ('cz', (71, 58)), ('cz', (71, 70)), ('cz', (71, 72)), ('cz', (72, 71)), ('cz', (72, 73)), ('cz', (73, 72)), ('cz', (73, 74)), ('cz', (73, 79)), ('cz', (74, 73)), ('cz', (74, 75)), ('cz', (75, 59)), ('cz', (75, 74)), ('cz', (76, 61)), ('cz', (76, 81)), ('cz', (77, 65)), ('cz', (77, 85)), ('cz', (78, 69)), ('cz', (78, 89)), ('cz', (79, 73)), ('cz', (79, 93)), ('cz', (80, 81)), ('cz', (81, 76)), ('cz', (81, 80)), ('cz', (81, 82)), ('cz', (82, 81)), ('cz', (82, 83)), ('cz', (83, 82)), ('cz', (83, 84)), ('cz', (83, 96)), ('cz', (84, 83)), ('cz', (84, 85)), ('cz', (85, 77)), ('cz', (85, 84)), ('cz', (85, 86)), ('cz', (86, 85)), ('cz', (86, 87)), ('cz', (87, 86)), ('cz', (87, 88)), ('cz', (87, 97)), ('cz', (88, 87)), ('cz', (88, 89)), ('cz', (89, 78)), ('cz', (89, 88)), ('cz', (89, 90)), ('cz', (90, 89)), ('cz', (90, 91)), ('cz', (91, 90)), ('cz', (91, 92)), ('cz', (91, 98)), ('cz', (92, 91)), ('cz', (92, 93)), ('cz', (93, 79)), ('cz', (93, 92)), ('cz', (93, 94)), ('cz', (94, 93)), ('cz', (94, 95)), ('cz', (95, 94)), ('cz', (95, 99)), ('cz', (96, 83)), ('cz', (96, 103)), ('cz', (97, 87)), ('cz', (97, 107)), ('cz', (98, 91)), ('cz', (98, 111)), ('cz', (99, 95)), ('cz', (99, 115)), ('cz', (100, 101)), ('cz', (101, 100)), ('cz', (101, 102)), ('cz', (101, 116)), ('cz', (102, 101)), ('cz', (102, 103)), ('cz', (103, 96)), ('cz', (103, 102)), ('cz', (103, 104)), ('cz', (104, 103)), ('cz', (104, 105)), ('cz', (105, 104)), ('cz', (105, 106)), ('cz', (105, 117)), ('cz', (106, 105)), ('cz', (106, 107)), ('cz', (107, 97)), ('cz', (107, 106)), ('cz', (107, 108)), ('cz', (108, 107)), ('cz', (108, 109)), ('cz', (109, 108)), ('cz', (109, 110)), ('cz', (109, 118)), ('cz', (110, 109)), ('cz', (110, 111)), ('cz', (111, 98)), ('cz', (111, 110)), ('cz', (111, 112)), ('cz', (112, 111)), ('cz', (112, 113)), ('cz', (113, 112)), ('cz', (113, 114)), ('cz', (113, 119)), ('cz', (114, 113)), ('cz', (114, 115)), ('cz', (115, 99)), ('cz', (115, 114)), ('cz', (116, 101)), ('cz', (116, 121)), ('cz', (117, 105)), ('cz', (117, 125)), ('cz', (118, 109)), ('cz', (118, 129)), ('cz', (119, 113)), ('cz', (119, 133)), ('cz', (120, 121)), ('cz', (121, 116)), ('cz', (121, 120)), ('cz', (121, 122)), ('cz', (122, 121)), ('cz', (122, 123)), ('cz', (123, 122)), ('cz', (123, 124)), ('cz', (123, 136)), ('cz', (124, 123)), ('cz', (124, 125)), ('cz', (125, 117)), ('cz', (125, 124)), ('cz', (125, 126)), ('cz', (126, 125)), ('cz', (126, 127)), ('cz', (127, 126)), ('cz', (127, 128)), ('cz', (127, 137)), ('cz', (128, 127)), ('cz', (128, 129)), ('cz', (129, 118)), ('cz', (129, 128)), ('cz', (129, 130)), ('cz', (130, 129)), ('cz', (130, 131)), ('cz', (131, 130)), ('cz', (131, 132)), ('cz', (131, 138)), ('cz', (132, 131)), ('cz', (132, 133)), ('cz', (133, 119)), ('cz', (133, 132)), ('cz', (133, 134)), ('cz', (134, 133)), ('cz', (134, 135)), ('cz', (135, 134)), ('cz', (135, 139)), ('cz', (136, 123)), ('cz', (136, 143)), ('cz', (137, 127)), ('cz', (137, 147)), ('cz', (138, 131)), ('cz', (138, 151)), ('cz', (139, 135)), ('cz', (139, 155)), ('cz', (140, 141)), ('cz', (141, 140)), ('cz', (141, 142)), ('cz', (142, 141)), ('cz', (142, 143)), ('cz', (143, 136)), ('cz', (143, 142)), ('cz', (143, 144)), ('cz', (144, 143)), ('cz', (144, 145)), ('cz', (145, 144)), ('cz', (145, 146)), ('cz', (146, 145)), ('cz', (146, 147)), ('cz', (147, 137)), ('cz', (147, 146)), ('cz', (147, 148)), ('cz', (148, 147)), ('cz', (148, 149)), ('cz', (149, 148)), ('cz', (149, 150)), ('cz', (150, 149)), ('cz', (150, 151)), ('cz', (151, 138)), ('cz', (151, 150)), ('cz', (151, 152)), ('cz', (152, 151)), ('cz', (152, 153)), ('cz', (153, 152)), ('cz', (153, 154)), ('cz', (154, 153)), ('cz', (154, 155)), ('cz', (155, 139)), ('cz', (155, 154)), ('reset', (0,)), ('reset', (1,)), ('reset', (2,)), ('reset', (3,)), ('reset', (4,)), ('reset', (5,)), ('reset', (6,)), ('reset', (7,)), ('reset', (8,)), ('reset', (9,)), ('reset', (10,)), ('reset', (11,)), ('reset', (12,)), ('reset', (13,)), ('reset', (14,)), ('reset', (15,)), ('reset', (16,)), ('reset', (17,)), ('reset', (18,)), ('reset', (19,)), ('reset', (20,)), ('reset', (21,)), ('reset', (22,)), ('reset', (23,)), ('reset', (24,)), ('reset', (25,)), ('reset', (26,)), ('reset', (27,)), ('reset', (28,)), ('reset', (29,)), ('reset', (30,)), ('reset', (31,)), ('reset', (32,)), ('reset', (33,)), ('reset', (34,)), ('reset', (35,)), ('reset', (36,)), ('reset', (37,)), ('reset', (38,)), ('reset', (39,)), ('reset', (40,)), ('reset', (41,)), ('reset', (42,)), ('reset', (43,)), ('reset', (44,)), ('reset', (45,)), ('reset', (46,)), ('reset', (47,)), ('reset', (48,)), ('reset', (49,)), ('reset', (50,)), ('reset', (51,)), ('reset', (52,)), ('reset', (53,)), ('reset', (54,)), ('reset', (55,)), ('reset', (56,)), ('reset', (57,)), ('reset', (58,)), ('reset', (59,)), ('reset', (60,)), ('reset', (61,)), ('reset', (62,)), ('reset', (63,)), ('reset', (64,)), ('reset', (65,)), ('reset', (66,)), ('reset', (67,)), ('reset', (68,)), ('reset', (69,)), ('reset', (70,)), ('reset', (71,)), ('reset', (72,)), ('reset', (73,)), ('reset', (74,)), ('reset', (75,)), ('reset', (76,)), ('reset', (77,)), ('reset', (78,)), ('reset', (79,)), ('reset', (80,)), ('reset', (81,)), ('reset', (82,)), ('reset', (83,)), ('reset', (84,)), ('reset', (85,)), ('reset', (86,)), ('reset', (87,)), ('reset', (88,)), ('reset', (89,)), ('reset', (90,)), ('reset', (91,)), ('reset', (92,)), ('reset', (93,)), ('reset', (94,)), ('reset', (95,)), ('reset', (96,)), ('reset', (97,)), ('reset', (98,)), ('reset', (99,)), ('reset', (100,)), ('reset', (101,)), ('reset', (102,)), ('reset', (103,)), ('reset', (104,)), ('reset', (105,)), ('reset', (106,)), ('reset', (107,)), ('reset', (108,)), ('reset', (109,)), ('reset', (110,)), ('reset', (111,)), ('reset', (112,)), ('reset', (113,)), ('reset', (114,)), ('reset', (115,)), ('reset', (116,)), ('reset', (117,)), ('reset', (118,)), ('reset', (119,)), ('reset', (120,)), ('reset', (121,)), ('reset', (122,)), ('reset', (123,)), ('reset', (124,)), ('reset', (125,)), ('reset', (126,)), ('reset', (127,)), ('reset', (128,)), ('reset', (129,)), ('reset', (130,)), ('reset', (131,)), ('reset', (132,)), ('reset', (133,)), ('reset', (134,)), ('reset', (135,)), ('reset', (136,)), ('reset', (137,)), ('reset', (138,)), ('reset', (139,)), ('reset', (140,)), ('reset', (141,)), ('reset', (142,)), ('reset', (143,)), ('reset', (144,)), ('reset', (145,)), ('reset', (147,)), ('reset', (148,)), ('reset', (149,)), ('reset', (150,)), ('reset', (151,)), ('reset', (152,)), ('reset', (153,)), ('reset', (154,)), ('reset', (155,)), ('measure', (0,)), ('measure', (1,)), ('measure', (2,)), ('measure', (3,)), ('measure', (4,)), ('measure', (5,)), ('measure', (6,)), ('measure', (7,)), ('measure', (8,)), ('measure', (9,)), ('measure', (10,)), ('measure', (11,)), ('measure', (12,)), ('measure', (13,)), ('measure', (14,)), ('measure', (15,)), ('measure', (16,)), ('measure', (17,)), ('measure', (18,)), ('measure', (19,)), ('measure', (20,)), ('measure', (21,)), ('measure', (22,)), ('measure', (23,)), ('measure', (24,)), ('measure', (25,)), ('measure', (26,)), ('measure', (27,)), ('measure', (28,)), ('measure', (29,)), ('measure', (30,)), ('measure', (31,)), ('measure', (32,)), ('measure', (33,)), ('measure', (34,)), ('measure', (35,)), ('measure', (36,)), ('measure', (37,)), ('measure', (38,)), ('measure', (39,)), ('measure', (40,)), ('measure', (41,)), ('measure', (42,)), ('measure', (43,)), ('measure', (44,)), ('measure', (45,)), ('measure', (46,)), ('measure', (47,)), ('measure', (48,)), ('measure', (49,)), ('measure', (50,)), ('measure', (51,)), ('measure', (52,)), ('measure', (53,)), ('measure', (54,)), ('measure', (55,)), ('measure', (56,)), ('measure', (57,)), ('measure', (58,)), ('measure', (59,)), ('measure', (60,)), ('measure', (61,)), ('measure', (62,)), ('measure', (63,)), ('measure', (64,)), ('measure', (65,)), ('measure', (66,)), ('measure', (67,)), ('measure', (68,)), ('measure', (69,)), ('measure', (70,)), ('measure', (71,)), ('measure', (72,)), ('measure', (73,)), ('measure', (74,)), ('measure', (75,)), ('measure', (76,)), ('measure', (77,)), ('measure', (78,)), ('measure', (79,)), ('measure', (80,)), ('measure', (81,)), ('measure', (82,)), ('measure', (83,)), ('measure', (84,)), ('measure', (85,)), ('measure', (86,)), ('measure', (87,)), ('measure', (88,)), ('measure', (89,)), ('measure', (90,)), ('measure', (91,)), ('measure', (92,)), ('measure', (93,)), ('measure', (94,)), ('measure', (95,)), ('measure', (96,)), ('measure', (97,)), ('measure', (98,)), ('measure', (99,)), ('measure', (100,)), ('measure', (101,)), ('measure', (102,)), ('measure', (103,)), ('measure', (104,)), ('measure', (105,)), ('measure', (106,)), ('measure', (107,)), ('measure', (108,)), ('measure', (109,)), ('measure', (110,)), ('measure', (111,)), ('measure', (112,)), ('measure', (113,)), ('measure', (114,)), ('measure', (115,)), ('measure', (116,)), ('measure', (117,)), ('measure', (118,)), ('measure', (119,)), ('measure', (120,)), ('measure', (121,)), ('measure', (122,)), ('measure', (123,)), ('measure', (124,)), ('measure', (125,)), ('measure', (126,)), ('measure', (127,)), ('measure', (128,)), ('measure', (129,)), ('measure', (130,)), ('measure', (131,)), ('measure', (132,)), ('measure', (133,)), ('measure', (134,)), ('measure', (135,)), ('measure', (136,)), ('measure', (137,)), ('measure', (138,)), ('measure', (139,)), ('measure', (140,)), ('measure', (141,)), ('measure', (142,)), ('measure', (143,)), ('measure', (144,)), ('measure', (145,)), ('measure', (146,)), ('measure', (147,)), ('measure', (148,)), ('measure', (149,)), ('measure', (150,)), ('measure', (151,)), ('measure', (152,)), ('measure', (153,)), ('measure', (154,)), ('measure', (155,))]",
        "seed_simulator": 16362106
    },
    "run_options": {
        "shots": 4096
    }
}
[2025-10-24 14:14:52,851][INFO] Iteration 1: Energy = 5.70264137
[2025-10-24 14:14:53,913][INFO] Iteration 2: Energy = 5.51833742
[2025-10-24 14:14:54,949][INFO] Iteration 3: Energy = 5.26294812
[2025-10-24 14:14:55,982][INFO] Iteration 4: Energy = 4.89264569
[2025-10-24 14:14:57,007][INFO] Iteration 5: Energy = 5.72601994
[2025-10-24 14:14:58,030][INFO] Iteration 6: Energy = 6.09879761
[2025-10-24 14:14:59,044][INFO] Iteration 7: Energy = 6.61039367
[2025-10-24 14:15:00,053][INFO] Iteration 8: Energy = 4.15760636
[2025-10-24 14:15:01,070][INFO] Iteration 9: Energy = 3.57732848
[2025-10-24 14:15:02,089][INFO] Iteration 10: Energy = 3.20854235
[2025-10-24 14:15:03,323][INFO] Iteration 11: Energy = 3.19518503
[2025-10-24 14:15:04,179][INFO] Iteration 12: Energy = 3.04213053
[2025-10-24 14:15:05,406][INFO] Iteration 13: Energy = 3.40388877
[2025-10-24 14:15:06,260][INFO] Iteration 14: Energy = 2.92737949
[2025-10-24 14:15:07,286][INFO] Iteration 15: Energy = 2.60878356
[2025-10-24 14:15:08,527][INFO] Iteration 16: Energy = 2.27728094
[2025-10-24 14:15:09,370][INFO] Iteration 17: Energy = 1.85426320
[2025-10-24 14:15:10,389][INFO] Iteration 18: Energy = 1.50544433
[2025-10-24 14:15:11,638][INFO] Iteration 19: Energy = 1.00886144
[2025-10-24 14:15:12,491][INFO] Iteration 20: Energy = 1.60129501
[2025-10-24 14:15:13,516][INFO] Iteration 21: Energy = 1.08194337
[2025-10-24 14:15:14,847][INFO] Iteration 22: Energy = 1.01625033
[2025-10-24 14:15:15,704][INFO] Iteration 23: Energy = 1.00035131
[2025-10-24 14:15:16,735][INFO] Iteration 24: Energy = 1.10215989
[2025-10-24 14:15:17,975][INFO] Iteration 25: Energy = 0.97492726
[2025-10-24 14:15:18,849][INFO] Iteration 26: Energy = 0.96870980
[2025-10-24 14:15:19,878][INFO] Iteration 27: Energy = 0.93792892
[2025-10-24 14:15:21,137][INFO] Iteration 28: Energy = 0.93130957
[2025-10-24 14:15:22,000][INFO] Iteration 29: Energy = 0.93206631
[2025-10-24 14:15:23,112][INFO] Iteration 30: Energy = 0.94602503
[2025-10-24 14:15:24,415][INFO] Iteration 31: Energy = 0.93096240
[2025-10-24 14:15:25,308][INFO] Iteration 32: Energy = 0.93074944
[2025-10-24 14:15:26,396][INFO] Iteration 33: Energy = 0.93071348
[2025-10-24 14:15:27,738][INFO] Iteration 34: Energy = 0.93098841
[2025-10-24 14:15:28,620][INFO] Iteration 35: Energy = 0.93013146
[2025-10-24 14:15:29,695][INFO] Iteration 36: Energy = 0.92946390
[2025-10-24 14:15:30,988][INFO] Iteration 37: Energy = 0.92935716
[2025-10-24 14:15:31,874][INFO] Iteration 38: Energy = 0.92766489
[2025-10-24 14:15:32,903][INFO] Iteration 39: Energy = 0.92652630
[2025-10-24 14:15:34,165][INFO] Iteration 40: Energy = 0.92557459
[2025-10-24 14:15:35,039][INFO] Iteration 41: Energy = 0.92563192
[2025-10-24 14:15:36,101][INFO] Iteration 42: Energy = 0.93576375
[2025-10-24 14:15:37,337][INFO] Iteration 43: Energy = 0.92505786
[2025-10-24 14:15:38,205][INFO] Iteration 44: Energy = 0.92497941
[2025-10-24 14:15:39,216][INFO] Iteration 45: Energy = 0.92611695
[2025-10-24 14:15:40,441][INFO] Iteration 46: Energy = 0.92495513
[2025-10-24 14:15:41,288][INFO] Iteration 47: Energy = 0.92537871
[2025-10-24 14:15:42,323][INFO] Iteration 48: Energy = 0.92492251
[2025-10-24 14:15:43,561][INFO] Iteration 49: Energy = 0.92491748
[2025-10-24 14:15:44,429][INFO] Iteration 50: Energy = 0.92490721
[2025-10-24 14:15:45,450][INFO] Iteration 51: Energy = 0.92491795
[2025-10-24 14:15:46,666][INFO] Iteration 52: Energy = 0.92490754
[2025-10-24 14:15:47,527][INFO] Iteration 53: Energy = 0.92490755
[2025-10-24 14:15:48,543][INFO] Iteration 54: Energy = 0.92490582
[2025-10-24 14:15:49,813][INFO] Iteration 55: Energy = 0.92491331
[2025-10-24 14:15:50,708][INFO] Iteration 56: Energy = 0.92490810
[2025-10-24 14:15:51,725][INFO] Iteration 57: Energy = 0.92490579
[2025-10-24 14:15:53,008][INFO] Iteration 58: Energy = 0.92490580
[2025-10-24 14:15:53,869][INFO] Iteration 59: Energy = 0.92490598
[2025-10-24 14:15:54,906][INFO] Iteration 60: Energy = 0.92490574
[2025-10-24 14:15:56,160][INFO] Iteration 61: Energy = 0.92490573
[2025-10-24 14:15:57,042][INFO] Iteration 62: Energy = 0.92490573
[2025-10-24 14:15:58,208][INFO] Iteration 63: Energy = 0.92490586
[2025-10-24 14:15:59,818][INFO] Iteration 64: Energy = 0.92490574
[2025-10-24 14:16:00,779][INFO] Iteration 65: Energy = 0.92490585
[2025-10-24 14:16:01,859][INFO] Iteration 66: Energy = 0.92490577
[2025-10-24 14:16:03,212][INFO] Iteration 67: Energy = 0.92490573
[2025-10-24 14:16:04,060][INFO] Iteration 68: Energy = 0.92490573
[2025-10-24 14:16:05,066][INFO] Iteration 69: Energy = 0.92490573
[2025-10-24 14:16:06,289][INFO] Iteration 70: Energy = 0.92490573
[2025-10-24 14:16:07,129][INFO] Iteration 71: Energy = 0.92490573
[2025-10-24 14:16:08,138][INFO] Iteration 72: Energy = 0.92490573
[2025-10-24 14:16:09,356][INFO] Iteration 73: Energy = 0.92490573
[2025-10-24 14:16:10,198][INFO] Iteration 74: Energy = 0.92490573
[2025-10-24 14:16:11,202][INFO] Iteration 75: Energy = 0.92490573
[2025-10-24 14:16:12,417][INFO] Iteration 76: Energy = 0.92490573
[2025-10-24 14:16:13,247][INFO] Iteration 77: Energy = 0.92490573
[2025-10-24 14:16:14,253][INFO] Iteration 78: Energy = 0.92490573
[2025-10-24 14:16:15,472][INFO] Iteration 79: Energy = 0.92490573
[2025-10-24 14:16:16,301][INFO] Iteration 80: Energy = 0.92490573
[2025-10-24 14:16:17,313][INFO] Iteration 81: Energy = 0.92490573
[2025-10-24 14:16:18,556][INFO] Iteration 82: Energy = 0.92490573
[2025-10-24 14:16:19,398][INFO] Iteration 83: Energy = 0.92490573
[2025-10-24 14:16:20,444][INFO] Iteration 84: Energy = 0.92490573
[2025-10-24 14:16:21,722][INFO] Iteration 85: Energy = 0.92490573
[2025-10-24 14:16:22,566][INFO] Iteration 86: Energy = 0.92490573
[2025-10-24 14:16:23,623][INFO] Iteration 87: Energy = 0.92490573
[2025-10-24 14:16:24,866][INFO] Iteration 88: Energy = 0.92490573
[2025-10-24 14:16:25,715][INFO] Iteration 89: Energy = 0.92490573
[2025-10-24 14:16:26,752][INFO] Iteration 90: Energy = 0.92490573
[2025-10-24 14:16:27,974][INFO] Iteration 91: Energy = 0.92490573
[2025-10-24 14:16:27,976][INFO] Completed VQE run 1: Energy = 0.924906
[2025-10-24 14:16:27,976][INFO] optimizer message: The lower bound for the trust-region radius has been reached
[2025-10-24 14:16:27,976][INFO] {
    "seed": 16362106,
    "session_id": null,
    "energy": 0.9249057259907304,
    "params": [
        0.4009996258892024,
        -0.34046202414301174,
        5.957981748034173
    ],
    "success": "True",
    "num_iters": 91,
    "run_time": "0:01:37.769938"
}
