[2025-10-03 15:57:58,755][INFO] Running VQE using ibm_kingston backend
[2025-10-03 15:57:58,755][INFO] Running VQE using CQAVQE_QHO_exact ansatz with 1 params
[2025-10-03 15:57:59,580][INFO] Starting VQE run 1 (seed=117781257)
[2025-10-03 15:58:00,331][INFO] Session ID: f1067bbf-75d1-4689-a21e-e406012e731a
[2025-10-03 15:58:00,334][INFO] EstimatorOptions(_VERSION=2, max_execution_time=Unset, environment=EnvironmentOptions(log_level='WARNING', callback=None, job_tags=None, private=False), simulator=SimulatorOptions(noise_model=Unset, seed_simulator=Unset, coupling_map=Unset, basis_gates=Unset), default_precision=Unset, default_shots=4096, resilience_level=0, seed_estimator=Unset, dynamical_decoupling=DynamicalDecouplingOptions(enable=Unset, sequence_type=Unset, extra_slack_distribution=Unset, scheduling_method=Unset, skip_reset_qubits=Unset), resilience=ResilienceOptionsV2(measure_mitigation=Unset, measure_noise_learning=MeasureNoiseLearningOptions(num_randomizations=Unset, shots_per_randomization=Unset), zne_mitigation=Unset, zne=ZneOptions(amplifier=Unset, noise_factors=Unset, extrapolator=Unset, extrapolated_noise_factors=Unset), pec_mitigation=Unset, pec=PecOptions(max_overhead=Unset, noise_gain=Unset), layer_noise_learning=LayerNoiseLearningOptions(max_layers_to_learn=Unset, shots_per_randomization=Unset, num_randomizations=Unset, layer_pair_depths=Unset), layer_noise_model=Unset), execution=ExecutionOptionsV2(init_qubits=Unset, rep_delay=Unset), twirling=TwirlingOptions(enable_gates=Unset, enable_measure=Unset, num_randomizations=Unset, shots_per_randomization=Unset, strategy=Unset), experimental=Unset)
[2025-10-03 16:27:44,934][INFO] Iteration 1: Energy = 0.59277344
[2025-10-03 16:27:52,295][INFO] Iteration 2: Energy = 0.19580078
[2025-10-03 16:27:59,712][INFO] Iteration 3: Energy = 1.00146484
[2025-10-03 16:28:07,321][INFO] Iteration 4: Energy = 0.08569336
[2025-10-03 16:28:14,787][INFO] Iteration 5: Energy = 0.09204102
[2025-10-03 16:28:22,220][INFO] Iteration 6: Energy = 0.08203125
[2025-10-03 16:28:29,533][INFO] Iteration 7: Energy = 0.09472656
[2025-10-03 16:28:37,346][INFO] Iteration 8: Energy = 0.07666016
[2025-10-03 16:28:44,306][INFO] Iteration 9: Energy = 0.08178711
[2025-10-03 16:28:51,081][INFO] Iteration 10: Energy = 0.07983398
[2025-10-03 16:28:58,277][INFO] Iteration 11: Energy = 0.07250977
[2025-10-03 16:29:05,833][INFO] Iteration 12: Energy = 0.08276367
[2025-10-03 16:29:13,379][INFO] Iteration 13: Energy = 0.07690430
[2025-10-03 16:29:22,331][INFO] Iteration 14: Energy = 0.07568359
[2025-10-03 16:29:29,529][INFO] Iteration 15: Energy = 0.09350586
[2025-10-03 16:29:37,331][INFO] Iteration 16: Energy = 0.07739258
[2025-10-03 16:29:44,809][INFO] Iteration 17: Energy = 0.07934570
[2025-10-03 16:29:52,050][INFO] Iteration 18: Energy = 0.08544922
[2025-10-03 16:29:59,166][INFO] Iteration 19: Energy = 0.08374023
[2025-10-03 16:30:06,814][INFO] Iteration 20: Energy = 0.06542969
[2025-10-03 16:30:14,054][INFO] Iteration 21: Energy = 0.08178711
[2025-10-03 16:30:22,148][INFO] Iteration 22: Energy = 0.07788086
[2025-10-03 16:30:29,456][INFO] Iteration 23: Energy = 0.07397461
[2025-10-03 16:30:36,681][INFO] Iteration 24: Energy = 0.08105469
[2025-10-03 16:30:44,713][INFO] Iteration 25: Energy = 0.08032227
[2025-10-03 16:30:52,236][INFO] Iteration 26: Energy = 0.08300781
[2025-10-03 16:30:59,643][INFO] Iteration 27: Energy = 0.07910156
[2025-10-03 16:31:07,388][INFO] Iteration 28: Energy = 0.08398437
[2025-10-03 16:31:15,099][INFO] Iteration 29: Energy = 0.08764648
[2025-10-03 16:31:22,264][INFO] Iteration 30: Energy = 0.08886719
[2025-10-03 16:31:22,893][INFO] Completed VQE run 1: Energy = 0.065430
[2025-10-03 16:31:22,893][INFO] {'seed': 117781257, 'energy': np.float64(0.06542968749999978), 'params': [6.210595761956582], 'success': np.True_, 'num_iters': 30, 'run_time': datetime.timedelta(seconds=2004, microseconds=139054), 'message': 'The lower bound for the trust-region radius has been reached'}
