[2026-02-13 11:58:50,878][INFO] Running VQE for linear potential and cutoff 16
[2026-02-13 11:58:50,881][INFO] Truncation: {'m': 212, 'n': 2211, 'keep_frac_terms': 0.09588421528720036, 'keep_ratio': 0.999, 'truncated': 1.377312853455578, 'total_weight': 1381.999999999984}
[2026-02-13 11:58:50,904][INFO] min_eigenvalue: 3.9321294598410086e-15
[2026-02-13 11:58:54,629][INFO] []
[2026-02-13 11:58:54,630][INFO] [Run 6] Running for Krylov dimension 1
[2026-02-13 11:58:55,473][INFO] [Run 6]
{
    "raw_unique_basis_states": 2364,
    "fermion_basis_rejected": 0,
    "kept_unique_basis_states": 2364,
    "fermion_shots_rejected": 0,
    "kept_shots": 20000
}
[2026-02-13 11:59:05,212][INFO] [Run 6]
{
    "D": 1,
    "t": 1.0,
    "num_trotter_steps": 1,
    "circuit_time": "0:00:00.762587",
    "shot_processing": {
        "raw_unique_basis_states": 2364,
        "fermion_basis_rejected": 0,
        "kept_unique_basis_states": 2364,
        "fermion_shots_rejected": 0,
        "kept_shots": 20000
    },
    "new_basis_count": 2364,
    "total_basis_count": 2364,
    "H_reduced_size": [
        2364,
        2364
    ],
    "reduction": 99.77455139160156,
    "H_reduced_e": 0.0006470782544997121,
    "used_dense": false,
    "eigenvalue_time": "0:00:00.014336",
    "diff": 0.0006470782544957801,
    "change_from_prev": null,
    "circuit_cost": {
        "depth": 826,
        "size": 2758,
        "num_2q_ops": 647,
        "depth_2q": 273,
        "count_ops": {
            "rz": 960,
            "sx": 912,
            "cz": 647,
            "x": 219,
            "measure": 20,
            "barrier": 1
        }
    }
}
[2026-02-13 11:59:05,213][INFO] [Run 6] Running for Krylov dimension 2
[2026-02-13 11:59:06,041][INFO] [Run 6]
{
    "raw_unique_basis_states": 8046,
    "fermion_basis_rejected": 0,
    "kept_unique_basis_states": 8046,
    "fermion_shots_rejected": 0,
    "kept_shots": 20000
}
[2026-02-13 11:59:49,001][INFO] [Run 6]
{
    "D": 2,
    "t": 2.0,
    "num_trotter_steps": 1,
    "circuit_time": "0:00:00.750513",
    "shot_processing": {
        "raw_unique_basis_states": 8046,
        "fermion_basis_rejected": 0,
        "kept_unique_basis_states": 8046,
        "fermion_shots_rejected": 0,
        "kept_shots": 20000
    },
    "new_basis_count": 7225,
    "total_basis_count": 9589,
    "H_reduced_size": [
        9589,
        9589
    ],
    "reduction": 99.08552169799805,
    "H_reduced_e": 0.0002641696232297197,
    "used_dense": false,
    "eigenvalue_time": "0:00:00.074541",
    "diff": 0.00026416962322578757,
    "change_from_prev": 0.00038290863126999244,
    "circuit_cost": {
        "depth": 819,
        "size": 2742,
        "num_2q_ops": 647,
        "depth_2q": 273,
        "count_ops": {
            "rz": 952,
            "sx": 912,
            "cz": 647,
            "x": 211,
            "measure": 20,
            "barrier": 1
        }
    }
}
[2026-02-13 11:59:49,002][INFO] [Run 6] Running for Krylov dimension 3
[2026-02-13 11:59:49,803][INFO] [Run 6]
{
    "raw_unique_basis_states": 2378,
    "fermion_basis_rejected": 0,
    "kept_unique_basis_states": 2378,
    "fermion_shots_rejected": 0,
    "kept_shots": 20000
}
[2026-02-13 12:00:40,226][INFO] [Run 6]
{
    "D": 3,
    "t": 3.0,
    "num_trotter_steps": 1,
    "circuit_time": "0:00:00.731958",
    "shot_processing": {
        "raw_unique_basis_states": 2378,
        "fermion_basis_rejected": 0,
        "kept_unique_basis_states": 2378,
        "fermion_shots_rejected": 0,
        "kept_shots": 20000
    },
    "new_basis_count": 1459,
    "total_basis_count": 11048,
    "H_reduced_size": [
        11048,
        11048
    ],
    "reduction": 98.94638061523438,
    "H_reduced_e": 0.00026416884344802893,
    "used_dense": false,
    "eigenvalue_time": "0:00:00.087972",
    "diff": 0.0002641688434440968,
    "change_from_prev": 7.797816907700698e-10,
    "circuit_cost": {
        "depth": 819,
        "size": 2744,
        "num_2q_ops": 647,
        "depth_2q": 273,
        "count_ops": {
            "rz": 956,
            "sx": 912,
            "cz": 647,
            "x": 209,
            "measure": 20,
            "barrier": 1
        }
    }
}
[2026-02-13 12:00:40,227][INFO] [Run 6] Running for Krylov dimension 4
[2026-02-13 12:00:41,038][INFO] [Run 6]
{
    "raw_unique_basis_states": 6692,
    "fermion_basis_rejected": 0,
    "kept_unique_basis_states": 6692,
    "fermion_shots_rejected": 0,
    "kept_shots": 20000
}
[2026-02-13 12:01:48,516][INFO] [Run 6]
{
    "D": 4,
    "t": 4.0,
    "num_trotter_steps": 1,
    "circuit_time": "0:00:00.735786",
    "shot_processing": {
        "raw_unique_basis_states": 6692,
        "fermion_basis_rejected": 0,
        "kept_unique_basis_states": 6692,
        "fermion_shots_rejected": 0,
        "kept_shots": 20000
    },
    "new_basis_count": 3781,
    "total_basis_count": 14829,
    "H_reduced_size": [
        14829,
        14829
    ],
    "reduction": 98.58579635620117,
    "H_reduced_e": 0.00026414520970071087,
    "used_dense": false,
    "eigenvalue_time": "0:00:00.131312",
    "diff": 0.00026414520969677874,
    "change_from_prev": 2.36337473180615e-08,
    "circuit_cost": {
        "depth": 826,
        "size": 2756,
        "num_2q_ops": 647,
        "depth_2q": 273,
        "count_ops": {
            "rz": 961,
            "sx": 912,
            "cz": 647,
            "x": 216,
            "measure": 20,
            "barrier": 1
        }
    }
}
[2026-02-13 12:01:48,516][INFO] [Run 6] Running for Krylov dimension 5
[2026-02-13 12:01:49,355][INFO] [Run 6]
{
    "raw_unique_basis_states": 8939,
    "fermion_basis_rejected": 0,
    "kept_unique_basis_states": 8939,
    "fermion_shots_rejected": 0,
    "kept_shots": 20000
}
[2026-02-13 12:03:29,178][INFO] [Run 6]
{
    "D": 5,
    "t": 5.0,
    "num_trotter_steps": 1,
    "circuit_time": "0:00:00.758825",
    "shot_processing": {
        "raw_unique_basis_states": 8939,
        "fermion_basis_rejected": 0,
        "kept_unique_basis_states": 8939,
        "fermion_shots_rejected": 0,
        "kept_shots": 20000
    },
    "new_basis_count": 6643,
    "total_basis_count": 21472,
    "H_reduced_size": [
        21472,
        21472
    ],
    "reduction": 97.9522705078125,
    "H_reduced_e": 0.0002640050140823551,
    "used_dense": false,
    "eigenvalue_time": "0:00:00.196214",
    "diff": 0.000264005014078423,
    "change_from_prev": 1.4019561835575123e-07,
    "circuit_cost": {
        "depth": 822,
        "size": 2739,
        "num_2q_ops": 647,
        "depth_2q": 273,
        "count_ops": {
            "rz": 947,
            "sx": 912,
            "cz": 647,
            "x": 213,
            "measure": 20,
            "barrier": 1
        }
    }
}
[2026-02-13 12:03:29,178][INFO] [Run 6] Running for Krylov dimension 6
[2026-02-13 12:03:30,019][INFO] [Run 6]
{
    "raw_unique_basis_states": 1636,
    "fermion_basis_rejected": 0,
    "kept_unique_basis_states": 1636,
    "fermion_shots_rejected": 0,
    "kept_shots": 20000
}
[2026-02-13 12:05:14,052][INFO] [Run 6]
{
    "D": 6,
    "t": 6.0,
    "num_trotter_steps": 1,
    "circuit_time": "0:00:00.771066",
    "shot_processing": {
        "raw_unique_basis_states": 1636,
        "fermion_basis_rejected": 0,
        "kept_unique_basis_states": 1636,
        "fermion_shots_rejected": 0,
        "kept_shots": 20000
    },
    "new_basis_count": 764,
    "total_basis_count": 22236,
    "H_reduced_size": [
        22236,
        22236
    ],
    "reduction": 97.87940979003906,
    "H_reduced_e": 0.00026399980775552756,
    "used_dense": false,
    "eigenvalue_time": "0:00:00.207368",
    "diff": 0.00026399980775159543,
    "change_from_prev": 5.206326827555258e-09,
    "circuit_cost": {
        "depth": 830,
        "size": 2771,
        "num_2q_ops": 647,
        "depth_2q": 273,
        "count_ops": {
            "rz": 970,
            "sx": 908,
            "cz": 647,
            "x": 226,
            "measure": 20,
            "barrier": 1
        }
    }
}
[2026-02-13 12:05:14,052][INFO] [Run 6] Running for Krylov dimension 7
[2026-02-13 12:05:15,597][INFO] [Run 6]
{
    "raw_unique_basis_states": 6355,
    "fermion_basis_rejected": 0,
    "kept_unique_basis_states": 6355,
    "fermion_shots_rejected": 0,
    "kept_shots": 20000
}
[2026-02-13 12:07:17,609][INFO] [Run 6]
{
    "D": 7,
    "t": 3.5,
    "num_trotter_steps": 2,
    "circuit_time": "0:00:01.418009",
    "shot_processing": {
        "raw_unique_basis_states": 6355,
        "fermion_basis_rejected": 0,
        "kept_unique_basis_states": 6355,
        "fermion_shots_rejected": 0,
        "kept_shots": 20000
    },
    "new_basis_count": 3849,
    "total_basis_count": 26085,
    "H_reduced_size": [
        26085,
        26085
    ],
    "reduction": 97.5123405456543,
    "H_reduced_e": 0.00026185852020007595,
    "used_dense": false,
    "eigenvalue_time": "0:00:00.255196",
    "diff": 0.0002618585201961438,
    "change_from_prev": 2.14128755545161e-06,
    "circuit_cost": {
        "depth": 1626,
        "size": 5445,
        "num_2q_ops": 1294,
        "depth_2q": 544,
        "count_ops": {
            "rz": 1883,
            "sx": 1823,
            "cz": 1294,
            "x": 425,
            "measure": 20,
            "barrier": 1
        }
    }
}
[2026-02-13 12:07:17,610][INFO] [Run 6] Running for Krylov dimension 8
[2026-02-13 12:07:19,157][INFO] [Run 6]
{
    "raw_unique_basis_states": 9155,
    "fermion_basis_rejected": 0,
    "kept_unique_basis_states": 9155,
    "fermion_shots_rejected": 0,
    "kept_shots": 20000
}
[2026-02-13 12:09:45,855][INFO] [Run 6]
{
    "D": 8,
    "t": 4.0,
    "num_trotter_steps": 2,
    "circuit_time": "0:00:01.418524",
    "shot_processing": {
        "raw_unique_basis_states": 9155,
        "fermion_basis_rejected": 0,
        "kept_unique_basis_states": 9155,
        "fermion_shots_rejected": 0,
        "kept_shots": 20000
    },
    "new_basis_count": 4884,
    "total_basis_count": 30969,
    "H_reduced_size": [
        30969,
        30969
    ],
    "reduction": 97.04656600952148,
    "H_reduced_e": 0.00026154174588945183,
    "used_dense": false,
    "eigenvalue_time": "0:00:00.324288",
    "diff": 0.0002615417458855197,
    "change_from_prev": 3.1677431062412465e-07,
    "circuit_cost": {
        "depth": 1625,
        "size": 5434,
        "num_2q_ops": 1294,
        "depth_2q": 544,
        "count_ops": {
            "rz": 1883,
            "sx": 1823,
            "cz": 1294,
            "x": 414,
            "measure": 20,
            "barrier": 1
        }
    }
}
[2026-02-13 12:09:45,857][INFO] [Run 6] Running for Krylov dimension 9
[2026-02-13 12:09:47,401][INFO] [Run 6]
{
    "raw_unique_basis_states": 10719,
    "fermion_basis_rejected": 0,
    "kept_unique_basis_states": 10719,
    "fermion_shots_rejected": 0,
    "kept_shots": 20000
}
[2026-02-13 12:12:42,512][INFO] [Run 6]
{
    "D": 9,
    "t": 4.5,
    "num_trotter_steps": 2,
    "circuit_time": "0:00:01.412434",
    "shot_processing": {
        "raw_unique_basis_states": 10719,
        "fermion_basis_rejected": 0,
        "kept_unique_basis_states": 10719,
        "fermion_shots_rejected": 0,
        "kept_shots": 20000
    },
    "new_basis_count": 5815,
    "total_basis_count": 36784,
    "H_reduced_size": [
        36784,
        36784
    ],
    "reduction": 96.49200439453125,
    "H_reduced_e": 0.0002613684956962868,
    "used_dense": false,
    "eigenvalue_time": "0:00:00.425006",
    "diff": 0.00026136849569235467,
    "change_from_prev": 1.7325019316502717e-07,
    "circuit_cost": {
        "depth": 1650,
        "size": 5440,
        "num_2q_ops": 1294,
        "depth_2q": 544,
        "count_ops": {
            "rz": 1885,
            "sx": 1823,
            "cz": 1294,
            "x": 418,
            "measure": 20,
            "barrier": 1
        }
    }
}
[2026-02-13 12:12:42,512][INFO] [Run 6] Running for Krylov dimension 10
[2026-02-13 12:12:44,057][INFO] [Run 6]
{
    "raw_unique_basis_states": 10112,
    "fermion_basis_rejected": 0,
    "kept_unique_basis_states": 10112,
    "fermion_shots_rejected": 0,
    "kept_shots": 20000
}
[2026-02-13 12:16:04,155][INFO] [Run 6]
{
    "D": 10,
    "t": 5.0,
    "num_trotter_steps": 2,
    "circuit_time": "0:00:01.412540",
    "shot_processing": {
        "raw_unique_basis_states": 10112,
        "fermion_basis_rejected": 0,
        "kept_unique_basis_states": 10112,
        "fermion_shots_rejected": 0,
        "kept_shots": 20000
    },
    "new_basis_count": 4458,
    "total_basis_count": 41242,
    "H_reduced_size": [
        41242,
        41242
    ],
    "reduction": 96.06685638427734,
    "H_reduced_e": 0.00026132958867144815,
    "used_dense": false,
    "eigenvalue_time": "0:00:00.486134",
    "diff": 0.000261329588667516,
    "change_from_prev": 3.890702483864798e-08,
    "circuit_cost": {
        "depth": 1639,
        "size": 5466,
        "num_2q_ops": 1294,
        "depth_2q": 544,
        "count_ops": {
            "rz": 1901,
            "sx": 1823,
            "cz": 1294,
            "x": 428,
            "measure": 20,
            "barrier": 1
        }
    }
}
[2026-02-13 12:16:04,156][INFO] [Run 6] Running for Krylov dimension 11
[2026-02-13 12:16:05,701][INFO] [Run 6]
{
    "raw_unique_basis_states": 7354,
    "fermion_basis_rejected": 0,
    "kept_unique_basis_states": 7354,
    "fermion_shots_rejected": 0,
    "kept_shots": 20000
}
[2026-02-13 12:19:38,708][INFO] [Run 6]
{
    "D": 11,
    "t": 5.5,
    "num_trotter_steps": 2,
    "circuit_time": "0:00:01.413411",
    "shot_processing": {
        "raw_unique_basis_states": 7354,
        "fermion_basis_rejected": 0,
        "kept_unique_basis_states": 7354,
        "fermion_shots_rejected": 0,
        "kept_shots": 20000
    },
    "new_basis_count": 2128,
    "total_basis_count": 43370,
    "H_reduced_size": [
        43370,
        43370
    ],
    "reduction": 95.8639144897461,
    "H_reduced_e": 0.00026075274746717567,
    "used_dense": false,
    "eigenvalue_time": "0:00:00.531596",
    "diff": 0.00026075274746324354,
    "change_from_prev": 5.768412042724881e-07,
    "circuit_cost": {
        "depth": 1653,
        "size": 5532,
        "num_2q_ops": 1294,
        "depth_2q": 544,
        "count_ops": {
            "rz": 1941,
            "sx": 1823,
            "cz": 1294,
            "x": 454,
            "measure": 20,
            "barrier": 1
        }
    }
}
[2026-02-13 12:19:38,708][INFO] [Run 6] Running for Krylov dimension 12
[2026-02-13 12:19:40,242][INFO] [Run 6]
{
    "raw_unique_basis_states": 4046,
    "fermion_basis_rejected": 0,
    "kept_unique_basis_states": 4046,
    "fermion_shots_rejected": 0,
    "kept_shots": 20000
}
[2026-02-13 12:23:14,153][INFO] [Run 6]
{
    "D": 12,
    "t": 6.0,
    "num_trotter_steps": 2,
    "circuit_time": "0:00:01.410759",
    "shot_processing": {
        "raw_unique_basis_states": 4046,
        "fermion_basis_rejected": 0,
        "kept_unique_basis_states": 4046,
        "fermion_shots_rejected": 0,
        "kept_shots": 20000
    },
    "new_basis_count": 402,
    "total_basis_count": 43772,
    "H_reduced_size": [
        43772,
        43772
    ],
    "reduction": 95.82557678222656,
    "H_reduced_e": 0.0002607527452284881,
    "used_dense": false,
    "eigenvalue_time": "0:00:00.547652",
    "diff": 0.00026075274522455595,
    "change_from_prev": 2.238687588172056e-12,
    "circuit_cost": {
        "depth": 1623,
        "size": 5432,
        "num_2q_ops": 1294,
        "depth_2q": 544,
        "count_ops": {
            "rz": 1885,
            "sx": 1823,
            "cz": 1294,
            "x": 410,
            "measure": 20,
            "barrier": 1
        }
    }
}
[2026-02-13 12:23:14,153][INFO] [Run 6] Running for Krylov dimension 13
[2026-02-13 12:23:15,706][INFO] [Run 6]
{
    "raw_unique_basis_states": 3057,
    "fermion_basis_rejected": 0,
    "kept_unique_basis_states": 3057,
    "fermion_shots_rejected": 0,
    "kept_shots": 20000
}
[2026-02-13 12:26:51,283][INFO] [Run 6]
{
    "D": 13,
    "t": 6.5,
    "num_trotter_steps": 2,
    "circuit_time": "0:00:01.412745",
    "shot_processing": {
        "raw_unique_basis_states": 3057,
        "fermion_basis_rejected": 0,
        "kept_unique_basis_states": 3057,
        "fermion_shots_rejected": 0,
        "kept_shots": 20000
    },
    "new_basis_count": 176,
    "total_basis_count": 43948,
    "H_reduced_size": [
        43948,
        43948
    ],
    "reduction": 95.80879211425781,
    "H_reduced_e": 0.0002607527452177515,
    "used_dense": false,
    "eigenvalue_time": "0:00:00.547625",
    "diff": 0.00026075274521381936,
    "change_from_prev": 1.0736583063580829e-14,
    "circuit_cost": {
        "depth": 1641,
        "size": 5518,
        "num_2q_ops": 1294,
        "depth_2q": 544,
        "count_ops": {
            "rz": 1911,
            "sx": 1823,
            "cz": 1294,
            "x": 470,
            "measure": 20,
            "barrier": 1
        }
    }
}
[2026-02-13 12:26:51,284][INFO] [Run 6] Running for Krylov dimension 14
[2026-02-13 12:26:53,507][INFO] [Run 6]
{
    "raw_unique_basis_states": 9574,
    "fermion_basis_rejected": 0,
    "kept_unique_basis_states": 9574,
    "fermion_shots_rejected": 0,
    "kept_shots": 20000
}
[2026-02-13 12:30:46,020][INFO] [Run 6]
{
    "D": 14,
    "t": 4.666666666666667,
    "num_trotter_steps": 3,
    "circuit_time": "0:00:02.043315",
    "shot_processing": {
        "raw_unique_basis_states": 9574,
        "fermion_basis_rejected": 0,
        "kept_unique_basis_states": 9574,
        "fermion_shots_rejected": 0,
        "kept_shots": 20000
    },
    "new_basis_count": 3050,
    "total_basis_count": 46998,
    "H_reduced_size": [
        46998,
        46998
    ],
    "reduction": 95.5179214477539,
    "H_reduced_e": 0.0002593587105992427,
    "used_dense": false,
    "eigenvalue_time": "0:00:00.594082",
    "diff": 0.00025935871059531057,
    "change_from_prev": 1.3940346185087912e-06,
    "circuit_cost": {
        "depth": 2440,
        "size": 8165,
        "num_2q_ops": 1941,
        "depth_2q": 815,
        "count_ops": {
            "rz": 2827,
            "sx": 2735,
            "cz": 1941,
            "x": 642,
            "measure": 20,
            "barrier": 1
        }
    }
}
[2026-02-13 12:30:46,020][INFO] [Run 6] Running for Krylov dimension 15
[2026-02-13 12:30:48,245][INFO] [Run 6]
{
    "raw_unique_basis_states": 11060,
    "fermion_basis_rejected": 0,
    "kept_unique_basis_states": 11060,
    "fermion_shots_rejected": 0,
    "kept_shots": 20000
}
[2026-02-13 12:34:59,620][INFO] [Run 6]
{
    "D": 15,
    "t": 5.0,
    "num_trotter_steps": 3,
    "circuit_time": "0:00:02.041135",
    "shot_processing": {
        "raw_unique_basis_states": 11060,
        "fermion_basis_rejected": 0,
        "kept_unique_basis_states": 11060,
        "fermion_shots_rejected": 0,
        "kept_shots": 20000
    },
    "new_basis_count": 3097,
    "total_basis_count": 50095,
    "H_reduced_size": [
        50095,
        50095
    ],
    "reduction": 95.22256851196289,
    "H_reduced_e": 0.00025935761822637904,
    "used_dense": false,
    "eigenvalue_time": "0:00:00.675342",
    "diff": 0.0002593576182224469,
    "change_from_prev": 1.092372863659933e-09,
    "circuit_cost": {
        "depth": 2449,
        "size": 8198,
        "num_2q_ops": 1941,
        "depth_2q": 815,
        "count_ops": {
            "rz": 2859,
            "sx": 2735,
            "cz": 1941,
            "x": 643,
            "measure": 20,
            "barrier": 1
        }
    }
}
[2026-02-13 12:34:59,620][INFO] [Run 6] Running for Krylov dimension 16
[2026-02-13 12:35:01,842][INFO] [Run 6]
{
    "raw_unique_basis_states": 11313,
    "fermion_basis_rejected": 0,
    "kept_unique_basis_states": 11313,
    "fermion_shots_rejected": 0,
    "kept_shots": 20000
}
[2026-02-13 12:39:29,045][INFO] [Run 6]
{
    "D": 16,
    "t": 5.333333333333333,
    "num_trotter_steps": 3,
    "circuit_time": "0:00:02.036971",
    "shot_processing": {
        "raw_unique_basis_states": 11313,
        "fermion_basis_rejected": 0,
        "kept_unique_basis_states": 11313,
        "fermion_shots_rejected": 0,
        "kept_shots": 20000
    },
    "new_basis_count": 3169,
    "total_basis_count": 53264,
    "H_reduced_size": [
        53264,
        53264
    ],
    "reduction": 94.92034912109375,
    "H_reduced_e": 0.0002593575635070254,
    "used_dense": false,
    "eigenvalue_time": "0:00:00.727613",
    "diff": 0.00025935756350309324,
    "change_from_prev": 5.471935366841221e-11,
    "circuit_cost": {
        "depth": 2437,
        "size": 8105,
        "num_2q_ops": 1941,
        "depth_2q": 815,
        "count_ops": {
            "rz": 2796,
            "sx": 2735,
            "cz": 1941,
            "x": 613,
            "measure": 20,
            "barrier": 1
        }
    }
}
[2026-02-13 12:39:29,045][INFO] [Run 6] Running for Krylov dimension 17
[2026-02-13 12:39:31,949][INFO] [Run 6]
{
    "raw_unique_basis_states": 7524,
    "fermion_basis_rejected": 0,
    "kept_unique_basis_states": 7524,
    "fermion_shots_rejected": 0,
    "kept_shots": 20000
}
[2026-02-13 12:44:04,750][INFO] [Run 6]
{
    "D": 17,
    "t": 4.25,
    "num_trotter_steps": 4,
    "circuit_time": "0:00:02.674086",
    "shot_processing": {
        "raw_unique_basis_states": 7524,
        "fermion_basis_rejected": 0,
        "kept_unique_basis_states": 7524,
        "fermion_shots_rejected": 0,
        "kept_shots": 20000
    },
    "new_basis_count": 841,
    "total_basis_count": 54105,
    "H_reduced_size": [
        54105,
        54105
    ],
    "reduction": 94.84014511108398,
    "H_reduced_e": 0.00025773969183918516,
    "used_dense": false,
    "eigenvalue_time": "0:00:00.788019",
    "diff": 0.00025773969183525303,
    "change_from_prev": 1.617871667840211e-06,
    "circuit_cost": {
        "depth": 3233,
        "size": 10830,
        "num_2q_ops": 2588,
        "depth_2q": 1086,
        "count_ops": {
            "rz": 3749,
            "sx": 3647,
            "cz": 2588,
            "x": 826,
            "measure": 20,
            "barrier": 1
        }
    }
}
[2026-02-13 12:44:04,750][INFO] [Run 6] Running for Krylov dimension 18
[2026-02-13 12:44:07,663][INFO] [Run 6]
{
    "raw_unique_basis_states": 8828,
    "fermion_basis_rejected": 0,
    "kept_unique_basis_states": 8828,
    "fermion_shots_rejected": 0,
    "kept_shots": 20000
}
[2026-02-13 12:48:43,147][INFO] [Run 6]
{
    "D": 18,
    "t": 4.5,
    "num_trotter_steps": 4,
    "circuit_time": "0:00:02.681102",
    "shot_processing": {
        "raw_unique_basis_states": 8828,
        "fermion_basis_rejected": 0,
        "kept_unique_basis_states": 8828,
        "fermion_shots_rejected": 0,
        "kept_shots": 20000
    },
    "new_basis_count": 807,
    "total_basis_count": 54912,
    "H_reduced_size": [
        54912,
        54912
    ],
    "reduction": 94.76318359375,
    "H_reduced_e": 0.00025773755761835456,
    "used_dense": false,
    "eigenvalue_time": "0:00:00.810851",
    "diff": 0.0002577375576144224,
    "change_from_prev": 2.1342208306076964e-09,
    "circuit_cost": {
        "depth": 3262,
        "size": 10846,
        "num_2q_ops": 2588,
        "depth_2q": 1086,
        "count_ops": {
            "rz": 3779,
            "sx": 3647,
            "cz": 2588,
            "x": 812,
            "measure": 20,
            "barrier": 1
        }
    }
}
[2026-02-13 12:48:43,147][INFO] [Run 6] Running for Krylov dimension 19
[2026-02-13 12:48:46,051][INFO] [Run 6]
{
    "raw_unique_basis_states": 9086,
    "fermion_basis_rejected": 0,
    "kept_unique_basis_states": 9086,
    "fermion_shots_rejected": 0,
    "kept_shots": 20000
}
[2026-02-13 12:53:29,079][INFO] [Run 6]
{
    "D": 19,
    "t": 4.75,
    "num_trotter_steps": 4,
    "circuit_time": "0:00:02.675455",
    "shot_processing": {
        "raw_unique_basis_states": 9086,
        "fermion_basis_rejected": 0,
        "kept_unique_basis_states": 9086,
        "fermion_shots_rejected": 0,
        "kept_shots": 20000
    },
    "new_basis_count": 858,
    "total_basis_count": 55770,
    "H_reduced_size": [
        55770,
        55770
    ],
    "reduction": 94.68135833740234,
    "H_reduced_e": 0.0002571825599057743,
    "used_dense": false,
    "eigenvalue_time": "0:00:00.854599",
    "diff": 0.0002571825599018422,
    "change_from_prev": 5.549977125802455e-07,
    "circuit_cost": {
        "depth": 3258,
        "size": 10914,
        "num_2q_ops": 2588,
        "depth_2q": 1086,
        "count_ops": {
            "rz": 3807,
            "sx": 3647,
            "cz": 2588,
            "x": 852,
            "measure": 20,
            "barrier": 1
        }
    }
}
[2026-02-13 12:53:29,079][INFO] [Run 6] Running for Krylov dimension 20
[2026-02-13 12:53:31,995][INFO] [Run 6]
{
    "raw_unique_basis_states": 9012,
    "fermion_basis_rejected": 0,
    "kept_unique_basis_states": 9012,
    "fermion_shots_rejected": 0,
    "kept_shots": 20000
}
[2026-02-13 12:58:15,294][INFO] [Run 6]
{
    "D": 20,
    "t": 5.0,
    "num_trotter_steps": 4,
    "circuit_time": "0:00:02.688969",
    "shot_processing": {
        "raw_unique_basis_states": 9012,
        "fermion_basis_rejected": 0,
        "kept_unique_basis_states": 9012,
        "fermion_shots_rejected": 0,
        "kept_shots": 20000
    },
    "new_basis_count": 795,
    "total_basis_count": 56565,
    "H_reduced_size": [
        56565,
        56565
    ],
    "reduction": 94.60554122924805,
    "H_reduced_e": 0.00025718235603937046,
    "used_dense": false,
    "eigenvalue_time": "0:00:00.813418",
    "diff": 0.00025718235603543833,
    "change_from_prev": 2.0386640384737267e-10,
    "circuit_cost": {
        "depth": 3268,
        "size": 10922,
        "num_2q_ops": 2588,
        "depth_2q": 1086,
        "count_ops": {
            "rz": 3811,
            "sx": 3647,
            "cz": 2588,
            "x": 856,
            "measure": 20,
            "barrier": 1
        }
    }
}
[2026-02-13 12:58:15,294][INFO] [Run 6] Running for Krylov dimension 21
[2026-02-13 12:58:18,840][INFO] [Run 6]
{
    "raw_unique_basis_states": 6606,
    "fermion_basis_rejected": 0,
    "kept_unique_basis_states": 6606,
    "fermion_shots_rejected": 0,
    "kept_shots": 20000
}
[2026-02-13 13:03:07,191][INFO] [Run 6]
{
    "D": 21,
    "t": 4.2,
    "num_trotter_steps": 5,
    "circuit_time": "0:00:03.272459",
    "shot_processing": {
        "raw_unique_basis_states": 6606,
        "fermion_basis_rejected": 0,
        "kept_unique_basis_states": 6606,
        "fermion_shots_rejected": 0,
        "kept_shots": 20000
    },
    "new_basis_count": 360,
    "total_basis_count": 56925,
    "H_reduced_size": [
        56925,
        56925
    ],
    "reduction": 94.57120895385742,
    "H_reduced_e": 2.3731915418469975e-09,
    "used_dense": false,
    "eigenvalue_time": "0:00:01.112599",
    "diff": 2.3731876097175377e-09,
    "change_from_prev": 0.00025717998284782863,
    "circuit_cost": {
        "depth": 4078,
        "size": 13493,
        "num_2q_ops": 3235,
        "depth_2q": 1357,
        "count_ops": {
            "rz": 4651,
            "sx": 4559,
            "cz": 3235,
            "x": 1028,
            "measure": 20,
            "barrier": 1
        }
    }
}
[2026-02-13 13:03:07,192][INFO] [Run 6] Running for Krylov dimension 22
[2026-02-13 13:03:10,747][INFO] [Run 6]
{
    "raw_unique_basis_states": 7516,
    "fermion_basis_rejected": 0,
    "kept_unique_basis_states": 7516,
    "fermion_shots_rejected": 0,
    "kept_shots": 20000
}
[2026-02-13 13:08:00,093][INFO] [Run 6]
{
    "D": 22,
    "t": 4.4,
    "num_trotter_steps": 5,
    "circuit_time": "0:00:03.275174",
    "shot_processing": {
        "raw_unique_basis_states": 7516,
        "fermion_basis_rejected": 0,
        "kept_unique_basis_states": 7516,
        "fermion_shots_rejected": 0,
        "kept_shots": 20000
    },
    "new_basis_count": 401,
    "total_basis_count": 57326,
    "H_reduced_size": [
        57326,
        57326
    ],
    "reduction": 94.53296661376953,
    "H_reduced_e": 2.1748555440210086e-09,
    "used_dense": false,
    "eigenvalue_time": "0:00:00.988833",
    "diff": 2.1748516118915488e-09,
    "change_from_prev": 1.9833599782598895e-10,
    "circuit_cost": {
        "depth": 4089,
        "size": 13643,
        "num_2q_ops": 3235,
        "depth_2q": 1357,
        "count_ops": {
            "rz": 4749,
            "sx": 4559,
            "cz": 3235,
            "x": 1080,
            "measure": 20,
            "barrier": 1
        }
    }
}
[2026-02-13 13:08:00,094][INFO] [Run 6] Running for Krylov dimension 23
[2026-02-13 13:08:03,641][INFO] [Run 6]
{
    "raw_unique_basis_states": 7373,
    "fermion_basis_rejected": 0,
    "kept_unique_basis_states": 7373,
    "fermion_shots_rejected": 0,
    "kept_shots": 20000
}
[2026-02-13 13:12:59,047][INFO] [Run 6]
{
    "D": 23,
    "t": 4.6,
    "num_trotter_steps": 5,
    "circuit_time": "0:00:03.267355",
    "shot_processing": {
        "raw_unique_basis_states": 7373,
        "fermion_basis_rejected": 0,
        "kept_unique_basis_states": 7373,
        "fermion_shots_rejected": 0,
        "kept_shots": 20000
    },
    "new_basis_count": 382,
    "total_basis_count": 57708,
    "H_reduced_size": [
        57708,
        57708
    ],
    "reduction": 94.49653625488281,
    "H_reduced_e": 2.174489972504987e-09,
    "used_dense": false,
    "eigenvalue_time": "0:00:01.043044",
    "diff": 2.1744860403755273e-09,
    "change_from_prev": 3.65571516021455e-13,
    "circuit_cost": {
        "depth": 4028,
        "size": 13521,
        "num_2q_ops": 3235,
        "depth_2q": 1357,
        "count_ops": {
            "rz": 4642,
            "sx": 4559,
            "cz": 3235,
            "x": 1065,
            "measure": 20,
            "barrier": 1
        }
    }
}
[2026-02-13 13:12:59,051][INFO] [Run 6] Done
