[2026-02-13 11:55:21,328][INFO] Running VQE for linear potential and cutoff 16
[2026-02-13 11:55:21,331][INFO] Truncation: {'m': 212, 'n': 2211, 'keep_frac_terms': 0.09588421528720036, 'keep_ratio': 0.999, 'truncated': 1.377312853455578, 'total_weight': 1381.999999999984}
[2026-02-13 11:55:21,359][INFO] min_eigenvalue: 3.9321294598410086e-15
[2026-02-13 11:55:23,324][INFO] []
[2026-02-13 11:55:23,325][INFO] [Run 2] Running for Krylov dimension 1
[2026-02-13 11:55:24,206][INFO] [Run 2]
{
    "raw_unique_basis_states": 2387,
    "fermion_basis_rejected": 0,
    "kept_unique_basis_states": 2387,
    "fermion_shots_rejected": 0,
    "kept_shots": 20000
}
[2026-02-13 11:55:35,495][INFO] [Run 2]
{
    "D": 1,
    "t": 1.0,
    "num_trotter_steps": 1,
    "circuit_time": "0:00:00.792032",
    "shot_processing": {
        "raw_unique_basis_states": 2387,
        "fermion_basis_rejected": 0,
        "kept_unique_basis_states": 2387,
        "fermion_shots_rejected": 0,
        "kept_shots": 20000
    },
    "new_basis_count": 2387,
    "total_basis_count": 2387,
    "H_reduced_size": [
        2387,
        2387
    ],
    "reduction": 99.77235794067383,
    "H_reduced_e": 0.0014333195746349203,
    "used_dense": false,
    "eigenvalue_time": "0:00:00.016843",
    "diff": 0.0014333195746309881,
    "change_from_prev": null,
    "circuit_cost": {
        "depth": 826,
        "size": 2758,
        "num_2q_ops": 647,
        "depth_2q": 273,
        "count_ops": {
            "rz": 960,
            "sx": 912,
            "cz": 647,
            "x": 219,
            "measure": 20,
            "barrier": 1
        }
    }
}
[2026-02-13 11:55:35,495][INFO] [Run 2] Running for Krylov dimension 2
[2026-02-13 11:55:36,404][INFO] [Run 2]
{
    "raw_unique_basis_states": 8133,
    "fermion_basis_rejected": 0,
    "kept_unique_basis_states": 8133,
    "fermion_shots_rejected": 0,
    "kept_shots": 20000
}
[2026-02-13 11:56:27,155][INFO] [Run 2]
{
    "D": 2,
    "t": 2.0,
    "num_trotter_steps": 1,
    "circuit_time": "0:00:00.821064",
    "shot_processing": {
        "raw_unique_basis_states": 8133,
        "fermion_basis_rejected": 0,
        "kept_unique_basis_states": 8133,
        "fermion_shots_rejected": 0,
        "kept_shots": 20000
    },
    "new_basis_count": 7232,
    "total_basis_count": 9619,
    "H_reduced_size": [
        9619,
        9619
    ],
    "reduction": 99.08266067504883,
    "H_reduced_e": 0.00027604970471598245,
    "used_dense": false,
    "eigenvalue_time": "0:00:00.088063",
    "diff": 0.0002760497047120503,
    "change_from_prev": 0.001157269869918938,
    "circuit_cost": {
        "depth": 819,
        "size": 2742,
        "num_2q_ops": 647,
        "depth_2q": 273,
        "count_ops": {
            "rz": 952,
            "sx": 912,
            "cz": 647,
            "x": 211,
            "measure": 20,
            "barrier": 1
        }
    }
}
[2026-02-13 11:56:27,156][INFO] [Run 2] Running for Krylov dimension 3
[2026-02-13 11:56:28,001][INFO] [Run 2]
{
    "raw_unique_basis_states": 2449,
    "fermion_basis_rejected": 0,
    "kept_unique_basis_states": 2449,
    "fermion_shots_rejected": 0,
    "kept_shots": 20000
}
[2026-02-13 11:57:22,646][INFO] [Run 2]
{
    "D": 3,
    "t": 3.0,
    "num_trotter_steps": 1,
    "circuit_time": "0:00:00.769046",
    "shot_processing": {
        "raw_unique_basis_states": 2449,
        "fermion_basis_rejected": 0,
        "kept_unique_basis_states": 2449,
        "fermion_shots_rejected": 0,
        "kept_shots": 20000
    },
    "new_basis_count": 1541,
    "total_basis_count": 11160,
    "H_reduced_size": [
        11160,
        11160
    ],
    "reduction": 98.93569946289062,
    "H_reduced_e": 0.0002760487480299463,
    "used_dense": false,
    "eigenvalue_time": "0:00:00.100677",
    "diff": 0.00027604874802601416,
    "change_from_prev": 9.566860361635149e-10,
    "circuit_cost": {
        "depth": 819,
        "size": 2744,
        "num_2q_ops": 647,
        "depth_2q": 273,
        "count_ops": {
            "rz": 956,
            "sx": 912,
            "cz": 647,
            "x": 209,
            "measure": 20,
            "barrier": 1
        }
    }
}
[2026-02-13 11:57:22,647][INFO] [Run 2] Running for Krylov dimension 4
[2026-02-13 11:57:23,496][INFO] [Run 2]
{
    "raw_unique_basis_states": 6764,
    "fermion_basis_rejected": 0,
    "kept_unique_basis_states": 6764,
    "fermion_shots_rejected": 0,
    "kept_shots": 20000
}
[2026-02-13 11:58:42,102][INFO] [Run 2]
{
    "D": 4,
    "t": 4.0,
    "num_trotter_steps": 1,
    "circuit_time": "0:00:00.769119",
    "shot_processing": {
        "raw_unique_basis_states": 6764,
        "fermion_basis_rejected": 0,
        "kept_unique_basis_states": 6764,
        "fermion_shots_rejected": 0,
        "kept_shots": 20000
    },
    "new_basis_count": 3759,
    "total_basis_count": 14919,
    "H_reduced_size": [
        14919,
        14919
    ],
    "reduction": 98.57721328735352,
    "H_reduced_e": 0.0002747083282529986,
    "used_dense": false,
    "eigenvalue_time": "0:00:00.145892",
    "diff": 0.00027470832824906646,
    "change_from_prev": 1.3404197769476965e-06,
    "circuit_cost": {
        "depth": 826,
        "size": 2756,
        "num_2q_ops": 647,
        "depth_2q": 273,
        "count_ops": {
            "rz": 961,
            "sx": 912,
            "cz": 647,
            "x": 216,
            "measure": 20,
            "barrier": 1
        }
    }
}
[2026-02-13 11:58:42,102][INFO] [Run 2] Running for Krylov dimension 5
[2026-02-13 11:58:43,098][INFO] [Run 2]
{
    "raw_unique_basis_states": 9044,
    "fermion_basis_rejected": 0,
    "kept_unique_basis_states": 9044,
    "fermion_shots_rejected": 0,
    "kept_shots": 20000
}
[2026-02-13 12:00:44,154][INFO] [Run 2]
{
    "D": 5,
    "t": 5.0,
    "num_trotter_steps": 1,
    "circuit_time": "0:00:00.902206",
    "shot_processing": {
        "raw_unique_basis_states": 9044,
        "fermion_basis_rejected": 0,
        "kept_unique_basis_states": 9044,
        "fermion_shots_rejected": 0,
        "kept_shots": 20000
    },
    "new_basis_count": 6793,
    "total_basis_count": 21712,
    "H_reduced_size": [
        21712,
        21712
    ],
    "reduction": 97.92938232421875,
    "H_reduced_e": 0.0002741729963506379,
    "used_dense": false,
    "eigenvalue_time": "0:00:00.264734",
    "diff": 0.00027417299634670576,
    "change_from_prev": 5.353319023607053e-07,
    "circuit_cost": {
        "depth": 822,
        "size": 2739,
        "num_2q_ops": 647,
        "depth_2q": 273,
        "count_ops": {
            "rz": 947,
            "sx": 912,
            "cz": 647,
            "x": 213,
            "measure": 20,
            "barrier": 1
        }
    }
}
[2026-02-13 12:00:44,154][INFO] [Run 2] Running for Krylov dimension 6
[2026-02-13 12:00:45,210][INFO] [Run 2]
{
    "raw_unique_basis_states": 1681,
    "fermion_basis_rejected": 0,
    "kept_unique_basis_states": 1681,
    "fermion_shots_rejected": 0,
    "kept_shots": 20000
}
[2026-02-13 12:02:49,778][INFO] [Run 2]
{
    "D": 6,
    "t": 6.0,
    "num_trotter_steps": 1,
    "circuit_time": "0:00:00.969555",
    "shot_processing": {
        "raw_unique_basis_states": 1681,
        "fermion_basis_rejected": 0,
        "kept_unique_basis_states": 1681,
        "fermion_shots_rejected": 0,
        "kept_shots": 20000
    },
    "new_basis_count": 794,
    "total_basis_count": 22506,
    "H_reduced_size": [
        22506,
        22506
    ],
    "reduction": 97.8536605834961,
    "H_reduced_e": 0.00027417152696834876,
    "used_dense": false,
    "eigenvalue_time": "0:00:00.245949",
    "diff": 0.00027417152696441663,
    "change_from_prev": 1.4693822891287747e-09,
    "circuit_cost": {
        "depth": 830,
        "size": 2771,
        "num_2q_ops": 647,
        "depth_2q": 273,
        "count_ops": {
            "rz": 970,
            "sx": 908,
            "cz": 647,
            "x": 226,
            "measure": 20,
            "barrier": 1
        }
    }
}
[2026-02-13 12:02:49,778][INFO] [Run 2] Running for Krylov dimension 7
[2026-02-13 12:02:51,545][INFO] [Run 2]
{
    "raw_unique_basis_states": 6241,
    "fermion_basis_rejected": 0,
    "kept_unique_basis_states": 6241,
    "fermion_shots_rejected": 0,
    "kept_shots": 20000
}
[2026-02-13 12:05:14,549][INFO] [Run 2]
{
    "D": 7,
    "t": 3.5,
    "num_trotter_steps": 2,
    "circuit_time": "0:00:01.629105",
    "shot_processing": {
        "raw_unique_basis_states": 6241,
        "fermion_basis_rejected": 0,
        "kept_unique_basis_states": 6241,
        "fermion_shots_rejected": 0,
        "kept_shots": 20000
    },
    "new_basis_count": 3783,
    "total_basis_count": 26289,
    "H_reduced_size": [
        26289,
        26289
    ],
    "reduction": 97.49288558959961,
    "H_reduced_e": 0.00026064904435968135,
    "used_dense": false,
    "eigenvalue_time": "0:00:00.267720",
    "diff": 0.0002606490443557492,
    "change_from_prev": 1.3522482608667409e-05,
    "circuit_cost": {
        "depth": 1626,
        "size": 5445,
        "num_2q_ops": 1294,
        "depth_2q": 544,
        "count_ops": {
            "rz": 1883,
            "sx": 1823,
            "cz": 1294,
            "x": 425,
            "measure": 20,
            "barrier": 1
        }
    }
}
[2026-02-13 12:05:14,549][INFO] [Run 2] Running for Krylov dimension 8
[2026-02-13 12:05:16,109][INFO] [Run 2]
{
    "raw_unique_basis_states": 9228,
    "fermion_basis_rejected": 0,
    "kept_unique_basis_states": 9228,
    "fermion_shots_rejected": 0,
    "kept_shots": 20000
}
[2026-02-13 12:08:18,528][INFO] [Run 2]
{
    "D": 8,
    "t": 4.0,
    "num_trotter_steps": 2,
    "circuit_time": "0:00:01.427893",
    "shot_processing": {
        "raw_unique_basis_states": 9228,
        "fermion_basis_rejected": 0,
        "kept_unique_basis_states": 9228,
        "fermion_shots_rejected": 0,
        "kept_shots": 20000
    },
    "new_basis_count": 4915,
    "total_basis_count": 31204,
    "H_reduced_size": [
        31204,
        31204
    ],
    "reduction": 97.02415466308594,
    "H_reduced_e": 4.841804678916605e-06,
    "used_dense": false,
    "eigenvalue_time": "0:00:00.817864",
    "diff": 4.841804674984476e-06,
    "change_from_prev": 0.00025580723968076475,
    "circuit_cost": {
        "depth": 1625,
        "size": 5434,
        "num_2q_ops": 1294,
        "depth_2q": 544,
        "count_ops": {
            "rz": 1883,
            "sx": 1823,
            "cz": 1294,
            "x": 414,
            "measure": 20,
            "barrier": 1
        }
    }
}
[2026-02-13 12:08:18,528][INFO] [Run 2] Running for Krylov dimension 9
[2026-02-13 12:08:20,347][INFO] [Run 2]
{
    "raw_unique_basis_states": 10634,
    "fermion_basis_rejected": 0,
    "kept_unique_basis_states": 10634,
    "fermion_shots_rejected": 0,
    "kept_shots": 20000
}
[2026-02-13 12:12:25,491][INFO] [Run 2]
{
    "D": 9,
    "t": 4.5,
    "num_trotter_steps": 2,
    "circuit_time": "0:00:01.636508",
    "shot_processing": {
        "raw_unique_basis_states": 10634,
        "fermion_basis_rejected": 0,
        "kept_unique_basis_states": 10634,
        "fermion_shots_rejected": 0,
        "kept_shots": 20000
    },
    "new_basis_count": 5736,
    "total_basis_count": 36940,
    "H_reduced_size": [
        36940,
        36940
    ],
    "reduction": 96.47712707519531,
    "H_reduced_e": 4.817966121257652e-06,
    "used_dense": false,
    "eigenvalue_time": "0:00:00.507635",
    "diff": 4.8179661173255225e-06,
    "change_from_prev": 2.3838557658953186e-08,
    "circuit_cost": {
        "depth": 1650,
        "size": 5440,
        "num_2q_ops": 1294,
        "depth_2q": 544,
        "count_ops": {
            "rz": 1885,
            "sx": 1823,
            "cz": 1294,
            "x": 418,
            "measure": 20,
            "barrier": 1
        }
    }
}
[2026-02-13 12:12:25,491][INFO] [Run 2] Running for Krylov dimension 10
[2026-02-13 12:12:27,165][INFO] [Run 2]
{
    "raw_unique_basis_states": 10099,
    "fermion_basis_rejected": 0,
    "kept_unique_basis_states": 10099,
    "fermion_shots_rejected": 0,
    "kept_shots": 20000
}
[2026-02-13 12:16:43,691][INFO] [Run 2]
{
    "D": 10,
    "t": 5.0,
    "num_trotter_steps": 2,
    "circuit_time": "0:00:01.534122",
    "shot_processing": {
        "raw_unique_basis_states": 10099,
        "fermion_basis_rejected": 0,
        "kept_unique_basis_states": 10099,
        "fermion_shots_rejected": 0,
        "kept_shots": 20000
    },
    "new_basis_count": 4424,
    "total_basis_count": 41364,
    "H_reduced_size": [
        41364,
        41364
    ],
    "reduction": 96.05522155761719,
    "H_reduced_e": 3.982439139528415e-06,
    "used_dense": false,
    "eigenvalue_time": "0:00:01.211156",
    "diff": 3.982439135596285e-06,
    "change_from_prev": 8.355269817292372e-07,
    "circuit_cost": {
        "depth": 1639,
        "size": 5466,
        "num_2q_ops": 1294,
        "depth_2q": 544,
        "count_ops": {
            "rz": 1901,
            "sx": 1823,
            "cz": 1294,
            "x": 428,
            "measure": 20,
            "barrier": 1
        }
    }
}
[2026-02-13 12:16:43,692][INFO] [Run 2] Running for Krylov dimension 11
[2026-02-13 12:16:45,577][INFO] [Run 2]
{
    "raw_unique_basis_states": 7403,
    "fermion_basis_rejected": 0,
    "kept_unique_basis_states": 7403,
    "fermion_shots_rejected": 0,
    "kept_shots": 20000
}
[2026-02-13 12:21:38,305][INFO] [Run 2]
{
    "D": 11,
    "t": 5.5,
    "num_trotter_steps": 2,
    "circuit_time": "0:00:01.698334",
    "shot_processing": {
        "raw_unique_basis_states": 7403,
        "fermion_basis_rejected": 0,
        "kept_unique_basis_states": 7403,
        "fermion_shots_rejected": 0,
        "kept_shots": 20000
    },
    "new_basis_count": 2107,
    "total_basis_count": 43471,
    "H_reduced_size": [
        43471,
        43471
    ],
    "reduction": 95.85428237915039,
    "H_reduced_e": 7.860269984011396e-07,
    "used_dense": false,
    "eigenvalue_time": "0:00:00.732436",
    "diff": 7.860269944690101e-07,
    "change_from_prev": 3.196412141127275e-06,
    "circuit_cost": {
        "depth": 1653,
        "size": 5532,
        "num_2q_ops": 1294,
        "depth_2q": 544,
        "count_ops": {
            "rz": 1941,
            "sx": 1823,
            "cz": 1294,
            "x": 454,
            "measure": 20,
            "barrier": 1
        }
    }
}
[2026-02-13 12:21:38,306][INFO] [Run 2] Running for Krylov dimension 12
[2026-02-13 12:21:39,979][INFO] [Run 2]
{
    "raw_unique_basis_states": 4062,
    "fermion_basis_rejected": 0,
    "kept_unique_basis_states": 4062,
    "fermion_shots_rejected": 0,
    "kept_shots": 20000
}
[2026-02-13 12:26:42,123][INFO] [Run 2]
{
    "D": 12,
    "t": 6.0,
    "num_trotter_steps": 2,
    "circuit_time": "0:00:01.542999",
    "shot_processing": {
        "raw_unique_basis_states": 4062,
        "fermion_basis_rejected": 0,
        "kept_unique_basis_states": 4062,
        "fermion_shots_rejected": 0,
        "kept_shots": 20000
    },
    "new_basis_count": 351,
    "total_basis_count": 43822,
    "H_reduced_size": [
        43822,
        43822
    ],
    "reduction": 95.82080841064453,
    "H_reduced_e": 7.839270924894009e-07,
    "used_dense": false,
    "eigenvalue_time": "0:00:01.385133",
    "diff": 7.839270885572714e-07,
    "change_from_prev": 2.099905911738772e-09,
    "circuit_cost": {
        "depth": 1623,
        "size": 5432,
        "num_2q_ops": 1294,
        "depth_2q": 544,
        "count_ops": {
            "rz": 1885,
            "sx": 1823,
            "cz": 1294,
            "x": 410,
            "measure": 20,
            "barrier": 1
        }
    }
}
[2026-02-13 12:26:42,124][INFO] [Run 2] Running for Krylov dimension 13
[2026-02-13 12:26:44,140][INFO] [Run 2]
{
    "raw_unique_basis_states": 3051,
    "fermion_basis_rejected": 0,
    "kept_unique_basis_states": 3051,
    "fermion_shots_rejected": 0,
    "kept_shots": 20000
}
[2026-02-13 12:31:19,736][INFO] [Run 2]
{
    "D": 13,
    "t": 6.5,
    "num_trotter_steps": 2,
    "circuit_time": "0:00:01.799337",
    "shot_processing": {
        "raw_unique_basis_states": 3051,
        "fermion_basis_rejected": 0,
        "kept_unique_basis_states": 3051,
        "fermion_shots_rejected": 0,
        "kept_shots": 20000
    },
    "new_basis_count": 174,
    "total_basis_count": 43996,
    "H_reduced_size": [
        43996,
        43996
    ],
    "reduction": 95.80421447753906,
    "H_reduced_e": 7.839270879261786e-07,
    "used_dense": false,
    "eigenvalue_time": "0:00:01.092537",
    "diff": 7.839270839940491e-07,
    "change_from_prev": 4.563222290808987e-15,
    "circuit_cost": {
        "depth": 1641,
        "size": 5518,
        "num_2q_ops": 1294,
        "depth_2q": 544,
        "count_ops": {
            "rz": 1911,
            "sx": 1823,
            "cz": 1294,
            "x": 470,
            "measure": 20,
            "barrier": 1
        }
    }
}
[2026-02-13 12:31:19,737][INFO] [Run 2] Running for Krylov dimension 14
[2026-02-13 12:31:22,220][INFO] [Run 2]
{
    "raw_unique_basis_states": 9671,
    "fermion_basis_rejected": 0,
    "kept_unique_basis_states": 9671,
    "fermion_shots_rejected": 0,
    "kept_shots": 20000
}
[2026-02-13 12:36:31,900][INFO] [Run 2]
{
    "D": 14,
    "t": 4.666666666666667,
    "num_trotter_steps": 3,
    "circuit_time": "0:00:02.243048",
    "shot_processing": {
        "raw_unique_basis_states": 9671,
        "fermion_basis_rejected": 0,
        "kept_unique_basis_states": 9671,
        "fermion_shots_rejected": 0,
        "kept_shots": 20000
    },
    "new_basis_count": 3122,
    "total_basis_count": 47118,
    "H_reduced_size": [
        47118,
        47118
    ],
    "reduction": 95.50647735595703,
    "H_reduced_e": 6.936310407942507e-07,
    "used_dense": false,
    "eigenvalue_time": "0:00:01.437920",
    "diff": 6.936310368621212e-07,
    "change_from_prev": 9.029604713192788e-08,
    "circuit_cost": {
        "depth": 2440,
        "size": 8165,
        "num_2q_ops": 1941,
        "depth_2q": 815,
        "count_ops": {
            "rz": 2827,
            "sx": 2735,
            "cz": 1941,
            "x": 642,
            "measure": 20,
            "barrier": 1
        }
    }
}
[2026-02-13 12:36:31,901][INFO] [Run 2] Running for Krylov dimension 15
[2026-02-13 12:36:34,543][INFO] [Run 2]
{
    "raw_unique_basis_states": 11016,
    "fermion_basis_rejected": 0,
    "kept_unique_basis_states": 11016,
    "fermion_shots_rejected": 0,
    "kept_shots": 20000
}
[2026-02-13 12:42:26,516][INFO] [Run 2]
{
    "D": 15,
    "t": 5.0,
    "num_trotter_steps": 3,
    "circuit_time": "0:00:02.393178",
    "shot_processing": {
        "raw_unique_basis_states": 11016,
        "fermion_basis_rejected": 0,
        "kept_unique_basis_states": 11016,
        "fermion_shots_rejected": 0,
        "kept_shots": 20000
    },
    "new_basis_count": 3084,
    "total_basis_count": 50202,
    "H_reduced_size": [
        50202,
        50202
    ],
    "reduction": 95.21236419677734,
    "H_reduced_e": 6.936271521446506e-07,
    "used_dense": false,
    "eigenvalue_time": "0:00:00.757653",
    "diff": 6.936271482125211e-07,
    "change_from_prev": 3.888649600071055e-12,
    "circuit_cost": {
        "depth": 2449,
        "size": 8198,
        "num_2q_ops": 1941,
        "depth_2q": 815,
        "count_ops": {
            "rz": 2859,
            "sx": 2735,
            "cz": 1941,
            "x": 643,
            "measure": 20,
            "barrier": 1
        }
    }
}
[2026-02-13 12:42:26,516][INFO] [Run 2] Running for Krylov dimension 16
[2026-02-13 12:42:28,866][INFO] [Run 2]
{
    "raw_unique_basis_states": 11356,
    "fermion_basis_rejected": 0,
    "kept_unique_basis_states": 11356,
    "fermion_shots_rejected": 0,
    "kept_shots": 20000
}
[2026-02-13 12:48:38,695][INFO] [Run 2]
{
    "D": 16,
    "t": 5.333333333333333,
    "num_trotter_steps": 3,
    "circuit_time": "0:00:02.162310",
    "shot_processing": {
        "raw_unique_basis_states": 11356,
        "fermion_basis_rejected": 0,
        "kept_unique_basis_states": 11356,
        "fermion_shots_rejected": 0,
        "kept_shots": 20000
    },
    "new_basis_count": 3276,
    "total_basis_count": 53478,
    "H_reduced_size": [
        53478,
        53478
    ],
    "reduction": 94.89994049072266,
    "H_reduced_e": 6.916267438985988e-07,
    "used_dense": false,
    "eigenvalue_time": "0:00:01.882158",
    "diff": 6.916267399664693e-07,
    "change_from_prev": 2.000408246051784e-09,
    "circuit_cost": {
        "depth": 2437,
        "size": 8105,
        "num_2q_ops": 1941,
        "depth_2q": 815,
        "count_ops": {
            "rz": 2796,
            "sx": 2735,
            "cz": 1941,
            "x": 613,
            "measure": 20,
            "barrier": 1
        }
    }
}
[2026-02-13 12:48:38,695][INFO] [Run 2] Running for Krylov dimension 17
[2026-02-13 12:48:42,024][INFO] [Run 2]
{
    "raw_unique_basis_states": 7521,
    "fermion_basis_rejected": 0,
    "kept_unique_basis_states": 7521,
    "fermion_shots_rejected": 0,
    "kept_shots": 20000
}
[2026-02-13 12:55:08,056][INFO] [Run 2]
{
    "D": 17,
    "t": 4.25,
    "num_trotter_steps": 4,
    "circuit_time": "0:00:02.983016",
    "shot_processing": {
        "raw_unique_basis_states": 7521,
        "fermion_basis_rejected": 0,
        "kept_unique_basis_states": 7521,
        "fermion_shots_rejected": 0,
        "kept_shots": 20000
    },
    "new_basis_count": 852,
    "total_basis_count": 54330,
    "H_reduced_size": [
        54330,
        54330
    ],
    "reduction": 94.81868743896484,
    "H_reduced_e": 2.4344467999326192e-08,
    "used_dense": false,
    "eigenvalue_time": "0:00:02.032039",
    "diff": 2.434446406719673e-08,
    "change_from_prev": 6.672822758992727e-07,
    "circuit_cost": {
        "depth": 3233,
        "size": 10830,
        "num_2q_ops": 2588,
        "depth_2q": 1086,
        "count_ops": {
            "rz": 3749,
            "sx": 3647,
            "cz": 2588,
            "x": 826,
            "measure": 20,
            "barrier": 1
        }
    }
}
[2026-02-13 12:55:08,056][INFO] [Run 2] Running for Krylov dimension 18
[2026-02-13 12:55:11,447][INFO] [Run 2]
{
    "raw_unique_basis_states": 8971,
    "fermion_basis_rejected": 0,
    "kept_unique_basis_states": 8971,
    "fermion_shots_rejected": 0,
    "kept_shots": 20000
}
[2026-02-13 13:01:35,800][INFO] [Run 2]
{
    "D": 18,
    "t": 4.5,
    "num_trotter_steps": 4,
    "circuit_time": "0:00:03.075669",
    "shot_processing": {
        "raw_unique_basis_states": 8971,
        "fermion_basis_rejected": 0,
        "kept_unique_basis_states": 8971,
        "fermion_shots_rejected": 0,
        "kept_shots": 20000
    },
    "new_basis_count": 826,
    "total_basis_count": 55156,
    "H_reduced_size": [
        55156,
        55156
    ],
    "reduction": 94.73991394042969,
    "H_reduced_e": 2.4260081062919827e-08,
    "used_dense": false,
    "eigenvalue_time": "0:00:01.240737",
    "diff": 2.4260077130790366e-08,
    "change_from_prev": 8.438693640636467e-11,
    "circuit_cost": {
        "depth": 3262,
        "size": 10846,
        "num_2q_ops": 2588,
        "depth_2q": 1086,
        "count_ops": {
            "rz": 3779,
            "sx": 3647,
            "cz": 2588,
            "x": 812,
            "measure": 20,
            "barrier": 1
        }
    }
}
[2026-02-13 13:01:35,801][INFO] [Run 2] Running for Krylov dimension 19
[2026-02-13 13:01:38,994][INFO] [Run 2]
{
    "raw_unique_basis_states": 9117,
    "fermion_basis_rejected": 0,
    "kept_unique_basis_states": 9117,
    "fermion_shots_rejected": 0,
    "kept_shots": 20000
}
[2026-02-13 13:08:01,265][INFO] [Run 2]
{
    "D": 19,
    "t": 4.75,
    "num_trotter_steps": 4,
    "circuit_time": "0:00:02.949444",
    "shot_processing": {
        "raw_unique_basis_states": 9117,
        "fermion_basis_rejected": 0,
        "kept_unique_basis_states": 9117,
        "fermion_shots_rejected": 0,
        "kept_shots": 20000
    },
    "new_basis_count": 829,
    "total_basis_count": 55985,
    "H_reduced_size": [
        55985,
        55985
    ],
    "reduction": 94.66085433959961,
    "H_reduced_e": 5.946346644900026e-09,
    "used_dense": false,
    "eigenvalue_time": "0:00:01.955690",
    "diff": 5.946342712770566e-09,
    "change_from_prev": 1.83137344180198e-08,
    "circuit_cost": {
        "depth": 3258,
        "size": 10914,
        "num_2q_ops": 2588,
        "depth_2q": 1086,
        "count_ops": {
            "rz": 3807,
            "sx": 3647,
            "cz": 2588,
            "x": 852,
            "measure": 20,
            "barrier": 1
        }
    }
}
[2026-02-13 13:08:01,265][INFO] [Run 2] Running for Krylov dimension 20
[2026-02-13 13:08:04,305][INFO] [Run 2]
{
    "raw_unique_basis_states": 9018,
    "fermion_basis_rejected": 0,
    "kept_unique_basis_states": 9018,
    "fermion_shots_rejected": 0,
    "kept_shots": 20000
}
[2026-02-13 13:14:05,903][INFO] [Run 2]
{
    "D": 20,
    "t": 5.0,
    "num_trotter_steps": 4,
    "circuit_time": "0:00:02.795617",
    "shot_processing": {
        "raw_unique_basis_states": 9018,
        "fermion_basis_rejected": 0,
        "kept_unique_basis_states": 9018,
        "fermion_shots_rejected": 0,
        "kept_shots": 20000
    },
    "new_basis_count": 838,
    "total_basis_count": 56823,
    "H_reduced_size": [
        56823,
        56823
    ],
    "reduction": 94.58093643188477,
    "H_reduced_e": 5.870119117636388e-09,
    "used_dense": false,
    "eigenvalue_time": "0:00:02.222939",
    "diff": 5.870115185506928e-09,
    "change_from_prev": 7.622752726363795e-11,
    "circuit_cost": {
        "depth": 3268,
        "size": 10922,
        "num_2q_ops": 2588,
        "depth_2q": 1086,
        "count_ops": {
            "rz": 3811,
            "sx": 3647,
            "cz": 2588,
            "x": 856,
            "measure": 20,
            "barrier": 1
        }
    }
}
[2026-02-13 13:14:05,912][INFO] [Run 2] Running for Krylov dimension 21
[2026-02-13 13:14:10,350][INFO] [Run 2]
{
    "raw_unique_basis_states": 6654,
    "fermion_basis_rejected": 0,
    "kept_unique_basis_states": 6654,
    "fermion_shots_rejected": 0,
    "kept_shots": 20000
}
[2026-02-13 13:20:19,595][INFO] [Run 2]
{
    "D": 21,
    "t": 4.2,
    "num_trotter_steps": 5,
    "circuit_time": "0:00:03.934626",
    "shot_processing": {
        "raw_unique_basis_states": 6654,
        "fermion_basis_rejected": 0,
        "kept_unique_basis_states": 6654,
        "fermion_shots_rejected": 0,
        "kept_shots": 20000
    },
    "new_basis_count": 357,
    "total_basis_count": 57180,
    "H_reduced_size": [
        57180,
        57180
    ],
    "reduction": 94.54689025878906,
    "H_reduced_e": 5.586388824804724e-09,
    "used_dense": false,
    "eigenvalue_time": "0:00:01.541639",
    "diff": 5.586384892675264e-09,
    "change_from_prev": 2.837302928316639e-10,
    "circuit_cost": {
        "depth": 4078,
        "size": 13493,
        "num_2q_ops": 3235,
        "depth_2q": 1357,
        "count_ops": {
            "rz": 4651,
            "sx": 4559,
            "cz": 3235,
            "x": 1028,
            "measure": 20,
            "barrier": 1
        }
    }
}
[2026-02-13 13:20:19,595][INFO] [Run 2] Running for Krylov dimension 22
[2026-02-13 13:20:23,528][INFO] [Run 2]
{
    "raw_unique_basis_states": 7454,
    "fermion_basis_rejected": 0,
    "kept_unique_basis_states": 7454,
    "fermion_shots_rejected": 0,
    "kept_shots": 20000
}
[2026-02-13 13:26:39,418][INFO] [Run 2]
{
    "D": 22,
    "t": 4.4,
    "num_trotter_steps": 5,
    "circuit_time": "0:00:03.572409",
    "shot_processing": {
        "raw_unique_basis_states": 7454,
        "fermion_basis_rejected": 0,
        "kept_unique_basis_states": 7454,
        "fermion_shots_rejected": 0,
        "kept_shots": 20000
    },
    "new_basis_count": 429,
    "total_basis_count": 57609,
    "H_reduced_size": [
        57609,
        57609
    ],
    "reduction": 94.50597763061523,
    "H_reduced_e": 5.586362509275612e-09,
    "used_dense": false,
    "eigenvalue_time": "0:00:02.579558",
    "diff": 5.5863585771461525e-09,
    "change_from_prev": 2.631552911173759e-14,
    "circuit_cost": {
        "depth": 4089,
        "size": 13643,
        "num_2q_ops": 3235,
        "depth_2q": 1357,
        "count_ops": {
            "rz": 4749,
            "sx": 4559,
            "cz": 3235,
            "x": 1080,
            "measure": 20,
            "barrier": 1
        }
    }
}
[2026-02-13 13:26:39,425][INFO] [Run 2] Done
