[2025-10-03 12:31:41,420][INFO] Running VQE using ibm_kingston backend
[2025-10-03 12:31:41,421][INFO] Running VQE using CQAVQE_AHO2_exact ansatz with 1 params
[2025-10-03 12:31:42,222][INFO] Starting VQE run 1 (seed=86500835)
[2025-10-03 12:31:42,888][INFO] Session ID: b3d8e5ca-d20e-43d0-b266-3c097be226d0
[2025-10-03 12:31:42,888][INFO] EstimatorOptions(_VERSION=2, max_execution_time=Unset, environment=EnvironmentOptions(log_level='WARNING', callback=None, job_tags=None, private=False), simulator=SimulatorOptions(noise_model=Unset, seed_simulator=Unset, coupling_map=Unset, basis_gates=Unset), default_precision=Unset, default_shots=4096, resilience_level=0, seed_estimator=Unset, dynamical_decoupling=DynamicalDecouplingOptions(enable=Unset, sequence_type=Unset, extra_slack_distribution=Unset, scheduling_method=Unset, skip_reset_qubits=Unset), resilience=ResilienceOptionsV2(measure_mitigation=Unset, measure_noise_learning=MeasureNoiseLearningOptions(num_randomizations=Unset, shots_per_randomization=Unset), zne_mitigation=Unset, zne=ZneOptions(amplifier=Unset, noise_factors=Unset, extrapolator=Unset, extrapolated_noise_factors=Unset), pec_mitigation=Unset, pec=PecOptions(max_overhead=Unset, noise_gain=Unset), layer_noise_learning=LayerNoiseLearningOptions(max_layers_to_learn=Unset, shots_per_randomization=Unset, num_randomizations=Unset, layer_pair_depths=Unset), layer_noise_model=Unset), execution=ExecutionOptionsV2(init_qubits=Unset, rep_delay=Unset), twirling=TwirlingOptions(enable_gates=Unset, enable_measure=Unset, num_randomizations=Unset, shots_per_randomization=Unset, strategy=Unset), experimental=Unset)
[2025-10-03 13:01:19,775][INFO] Iteration 1: Energy = 1.88000488
[2025-10-03 13:01:27,662][INFO] Iteration 2: Energy = 1.92517090
[2025-10-03 13:01:35,250][INFO] Iteration 3: Energy = 0.96875000
[2025-10-03 13:01:42,445][INFO] Iteration 4: Energy = -0.07983398
[2025-10-03 13:01:50,040][INFO] Iteration 5: Energy = -0.41918945
[2025-10-03 13:01:57,747][INFO] Iteration 6: Energy = -0.41979980
[2025-10-03 13:02:05,826][INFO] Iteration 7: Energy = -0.40637207
[2025-10-03 13:02:13,116][INFO] Iteration 8: Energy = -0.42102051
[2025-10-03 13:02:21,247][INFO] Iteration 9: Energy = -0.42163086
[2025-10-03 13:02:28,876][INFO] Iteration 10: Energy = -0.42346191
[2025-10-03 13:02:36,360][INFO] Iteration 11: Energy = -0.41735840
[2025-10-03 13:02:43,672][INFO] Iteration 12: Energy = -0.42590332
[2025-10-03 13:02:51,701][INFO] Iteration 13: Energy = -0.42834473
[2025-10-03 13:02:58,905][INFO] Iteration 14: Energy = -0.42102051
[2025-10-03 13:03:05,728][INFO] Iteration 15: Energy = -0.42102051
[2025-10-03 13:03:12,949][INFO] Iteration 16: Energy = -0.42163086
[2025-10-03 13:03:20,418][INFO] Iteration 17: Energy = -0.42407227
[2025-10-03 13:03:28,652][INFO] Iteration 18: Energy = -0.42468262
[2025-10-03 13:03:36,167][INFO] Iteration 19: Energy = -0.42224121
[2025-10-03 13:03:43,627][INFO] Iteration 20: Energy = -0.42590332
[2025-10-03 13:03:51,114][INFO] Iteration 21: Energy = -0.42529297
[2025-10-03 13:03:58,855][INFO] Iteration 22: Energy = -0.42468262
[2025-10-03 13:04:05,959][INFO] Iteration 23: Energy = -0.42529297
[2025-10-03 13:04:12,954][INFO] Iteration 24: Energy = -0.41918945
[2025-10-03 13:04:20,827][INFO] Iteration 25: Energy = -0.42651367
[2025-10-03 13:04:27,858][INFO] Iteration 26: Energy = -0.42529297
[2025-10-03 13:04:34,999][INFO] Iteration 27: Energy = -0.41979980
[2025-10-03 13:04:42,223][INFO] Iteration 28: Energy = -0.42346191
[2025-10-03 13:04:49,738][INFO] Iteration 29: Energy = -0.41979980
[2025-10-03 13:04:56,535][INFO] Iteration 30: Energy = -0.42956543
[2025-10-03 13:04:56,995][INFO] Completed VQE run 1: Energy = -0.429565
[2025-10-03 13:04:56,995][INFO] {'seed': 86500835, 'energy': np.float64(-0.4295654296874999), 'params': [0.036342459789254544], 'success': np.True_, 'num_iters': 30, 'run_time': datetime.timedelta(seconds=1995, microseconds=574988), 'message': 'The lower bound for the trust-region radius has been reached'}
