[2025-10-03 10:51:43,609][INFO] Running VQE using SV-Estimator backend
[2025-10-03 10:51:43,609][INFO] Running VQE using CQAVQE_DW4_exact ansatz with 3 params
[2025-10-03 10:51:43,625][INFO] Starting VQE run 1 (seed=41540533)
[2025-10-03 10:51:43,634][INFO] Iteration 1: Energy = 6.14201190
[2025-10-03 10:51:43,635][INFO] Iteration 2: Energy = 6.07531723
[2025-10-03 10:51:43,636][INFO] Iteration 3: Energy = 5.95380388
[2025-10-03 10:51:43,637][INFO] Iteration 4: Energy = 5.85953560
[2025-10-03 10:51:43,638][INFO] Iteration 5: Energy = 6.18893587
[2025-10-03 10:51:43,640][INFO] Iteration 6: Energy = 6.32460207
[2025-10-03 10:51:43,641][INFO] Iteration 7: Energy = 6.43449228
[2025-10-03 10:51:43,643][INFO] Iteration 8: Energy = 5.53114872
[2025-10-03 10:51:43,645][INFO] Iteration 9: Energy = 5.09348634
[2025-10-03 10:51:43,647][INFO] Iteration 10: Energy = 4.54884275
[2025-10-03 10:51:43,649][INFO] Iteration 11: Energy = 4.00844642
[2025-10-03 10:51:43,651][INFO] Iteration 12: Energy = 3.68609282
[2025-10-03 10:51:43,653][INFO] Iteration 13: Energy = 3.59926951
[2025-10-03 10:51:43,655][INFO] Iteration 14: Energy = 3.45813072
[2025-10-03 10:51:43,657][INFO] Iteration 15: Energy = 3.58905481
[2025-10-03 10:51:43,659][INFO] Iteration 16: Energy = 3.43204757
[2025-10-03 10:51:43,661][INFO] Iteration 17: Energy = 3.31809402
[2025-10-03 10:51:43,663][INFO] Iteration 18: Energy = 3.15743543
[2025-10-03 10:51:43,664][INFO] Iteration 19: Energy = 3.09384775
[2025-10-03 10:51:43,666][INFO] Iteration 20: Energy = 2.76744016
[2025-10-03 10:51:43,668][INFO] Iteration 21: Energy = 2.51140502
[2025-10-03 10:51:43,670][INFO] Iteration 22: Energy = 1.99336407
[2025-10-03 10:51:43,672][INFO] Iteration 23: Energy = 1.57329452
[2025-10-03 10:51:43,673][INFO] Iteration 24: Energy = 1.07242861
[2025-10-03 10:51:43,675][INFO] Iteration 25: Energy = 1.11407335
[2025-10-03 10:51:43,677][INFO] Iteration 26: Energy = 1.00886925
[2025-10-03 10:51:43,678][INFO] Iteration 27: Energy = 0.97099871
[2025-10-03 10:51:43,680][INFO] Iteration 28: Energy = 0.99938467
[2025-10-03 10:51:43,682][INFO] Iteration 29: Energy = 0.99168995
[2025-10-03 10:51:43,683][INFO] Iteration 30: Energy = 0.99212862
[2025-10-03 10:51:43,685][INFO] Iteration 31: Energy = 0.95335708
[2025-10-03 10:51:43,687][INFO] Iteration 32: Energy = 0.94341888
[2025-10-03 10:51:43,690][INFO] Iteration 33: Energy = 0.94027909
[2025-10-03 10:51:43,691][INFO] Iteration 34: Energy = 0.94723178
[2025-10-03 10:51:43,693][INFO] Iteration 35: Energy = 0.96344695
[2025-10-03 10:51:43,695][INFO] Iteration 36: Energy = 0.92610170
[2025-10-03 10:51:43,696][INFO] Iteration 37: Energy = 0.91909547
[2025-10-03 10:51:43,698][INFO] Iteration 38: Energy = 0.91352500
[2025-10-03 10:51:43,700][INFO] Iteration 39: Energy = 0.91338828
[2025-10-03 10:51:43,701][INFO] Iteration 40: Energy = 0.91137823
[2025-10-03 10:51:43,703][INFO] Iteration 41: Energy = 0.90875186
[2025-10-03 10:51:43,705][INFO] Iteration 42: Energy = 0.91023295
[2025-10-03 10:51:43,707][INFO] Iteration 43: Energy = 0.90737545
[2025-10-03 10:51:43,709][INFO] Iteration 44: Energy = 0.92525444
[2025-10-03 10:51:43,710][INFO] Iteration 45: Energy = 0.90797470
[2025-10-03 10:51:43,712][INFO] Iteration 46: Energy = 0.90670963
[2025-10-03 10:51:43,714][INFO] Iteration 47: Energy = 0.90667179
[2025-10-03 10:51:43,716][INFO] Iteration 48: Energy = 0.90670282
[2025-10-03 10:51:43,717][INFO] Iteration 49: Energy = 0.90667795
[2025-10-03 10:51:43,719][INFO] Iteration 50: Energy = 0.90664179
[2025-10-03 10:51:43,721][INFO] Iteration 51: Energy = 0.90675279
[2025-10-03 10:51:43,723][INFO] Iteration 52: Energy = 0.90669017
[2025-10-03 10:51:43,726][INFO] Iteration 53: Energy = 0.90662392
[2025-10-03 10:51:43,727][INFO] Iteration 54: Energy = 0.90661087
[2025-10-03 10:51:43,729][INFO] Iteration 55: Energy = 0.90660018
[2025-10-03 10:51:43,731][INFO] Iteration 56: Energy = 0.90659816
[2025-10-03 10:51:43,733][INFO] Iteration 57: Energy = 0.90657150
[2025-10-03 10:51:43,734][INFO] Iteration 58: Energy = 0.90656836
[2025-10-03 10:51:43,736][INFO] Iteration 59: Energy = 0.90656690
[2025-10-03 10:51:43,738][INFO] Iteration 60: Energy = 0.90656018
[2025-10-03 10:51:43,739][INFO] Iteration 61: Energy = 0.90656003
[2025-10-03 10:51:43,741][INFO] Iteration 62: Energy = 0.90656083
[2025-10-03 10:51:43,743][INFO] Iteration 63: Energy = 0.90656007
[2025-10-03 10:51:43,745][INFO] Iteration 64: Energy = 0.90656073
[2025-10-03 10:51:43,746][INFO] Iteration 65: Energy = 0.90655988
[2025-10-03 10:51:43,748][INFO] Iteration 66: Energy = 0.90655987
[2025-10-03 10:51:43,750][INFO] Iteration 67: Energy = 0.90656064
[2025-10-03 10:51:43,752][INFO] Iteration 68: Energy = 0.90656064
[2025-10-03 10:51:43,754][INFO] Iteration 69: Energy = 0.90656108
[2025-10-03 10:51:43,756][INFO] Iteration 70: Energy = 0.90655987
[2025-10-03 10:51:43,758][INFO] Iteration 71: Energy = 0.90655988
[2025-10-03 10:51:43,759][INFO] Iteration 72: Energy = 0.90655988
[2025-10-03 10:51:43,761][INFO] Iteration 73: Energy = 0.90655988
[2025-10-03 10:51:43,764][INFO] Iteration 74: Energy = 0.90655989
[2025-10-03 10:51:43,765][INFO] Iteration 75: Energy = 0.90655987
[2025-10-03 10:51:43,767][INFO] Iteration 76: Energy = 0.90655987
[2025-10-03 10:51:43,769][INFO] Iteration 77: Energy = 0.90655987
[2025-10-03 10:51:43,771][INFO] Iteration 78: Energy = 0.90655987
[2025-10-03 10:51:43,773][INFO] Iteration 79: Energy = 0.90655987
[2025-10-03 10:51:43,775][INFO] Iteration 80: Energy = 0.90655987
[2025-10-03 10:51:43,777][INFO] Iteration 81: Energy = 0.90655987
[2025-10-03 10:51:43,779][INFO] Iteration 82: Energy = 0.90655987
[2025-10-03 10:51:43,781][INFO] Iteration 83: Energy = 0.90655987
[2025-10-03 10:51:43,783][INFO] Iteration 84: Energy = 0.90655987
[2025-10-03 10:51:43,784][INFO] Iteration 85: Energy = 0.90655987
[2025-10-03 10:51:43,786][INFO] Iteration 86: Energy = 0.90655987
[2025-10-03 10:51:43,788][INFO] Iteration 87: Energy = 0.90655987
[2025-10-03 10:51:43,790][INFO] Iteration 88: Energy = 0.90655987
[2025-10-03 10:51:43,791][INFO] Iteration 89: Energy = 0.90655987
[2025-10-03 10:51:43,793][INFO] Iteration 90: Energy = 0.90655987
[2025-10-03 10:51:43,795][INFO] Iteration 91: Energy = 0.90655987
[2025-10-03 10:51:43,796][INFO] Iteration 92: Energy = 0.90655987
[2025-10-03 10:51:43,798][INFO] Iteration 93: Energy = 0.90655987
[2025-10-03 10:51:43,800][INFO] Iteration 94: Energy = 0.90655987
[2025-10-03 10:51:43,801][INFO] Iteration 95: Energy = 0.90655987
[2025-10-03 10:51:43,803][INFO] Iteration 96: Energy = 0.90655987
[2025-10-03 10:51:43,805][INFO] Iteration 97: Energy = 0.90655987
[2025-10-03 10:51:43,807][INFO] Iteration 98: Energy = 0.90655987
[2025-10-03 10:51:43,809][INFO] Iteration 99: Energy = 0.90655987
[2025-10-03 10:51:43,811][INFO] Iteration 100: Energy = 0.90655987
[2025-10-03 10:51:43,813][INFO] Iteration 101: Energy = 0.90655987
[2025-10-03 10:51:43,814][INFO] Iteration 102: Energy = 0.90655987
[2025-10-03 10:51:43,816][INFO] Iteration 103: Energy = 0.90655987
[2025-10-03 10:51:43,818][INFO] Iteration 104: Energy = 0.90655987
[2025-10-03 10:51:43,819][INFO] Iteration 105: Energy = 0.90655987
[2025-10-03 10:51:43,821][INFO] Iteration 106: Energy = 0.90655987
[2025-10-03 10:51:43,823][INFO] Iteration 107: Energy = 0.90655987
[2025-10-03 10:51:43,824][INFO] Iteration 108: Energy = 0.90655987
[2025-10-03 10:51:43,826][INFO] Iteration 109: Energy = 0.90655987
[2025-10-03 10:51:43,828][INFO] Iteration 110: Energy = 0.90655987
[2025-10-03 10:51:43,829][INFO] Iteration 111: Energy = 0.90655987
[2025-10-03 10:51:43,831][INFO] Iteration 112: Energy = 0.90655987
[2025-10-03 10:51:43,832][INFO] Iteration 113: Energy = 0.90655987
[2025-10-03 10:51:43,834][INFO] Iteration 114: Energy = 0.90655987
[2025-10-03 10:51:43,835][INFO] Iteration 115: Energy = 0.90655987
[2025-10-03 10:51:43,837][INFO] Iteration 116: Energy = 0.90655987
[2025-10-03 10:51:43,839][INFO] Iteration 117: Energy = 0.90655987
[2025-10-03 10:51:43,841][INFO] Iteration 118: Energy = 0.90655987
[2025-10-03 10:51:43,842][INFO] Iteration 119: Energy = 0.90655987
[2025-10-03 10:51:43,844][INFO] Iteration 120: Energy = 0.90655987
[2025-10-03 10:51:43,846][INFO] Iteration 121: Energy = 0.90655987
[2025-10-03 10:51:43,847][INFO] Iteration 122: Energy = 0.90655987
[2025-10-03 10:51:43,849][INFO] Iteration 123: Energy = 0.90655987
[2025-10-03 10:51:43,849][INFO] Completed VQE run 1: Energy = 0.906560
[2025-10-03 10:51:43,849][INFO] {'seed': 41540533, 'energy': np.float64(0.9065598714743929), 'params': [0.3966507976925533, 5.951917013733156, 6.008468338569075], 'success': np.True_, 'num_iters': 123, 'run_time': datetime.timedelta(microseconds=240635), 'message': 'The lower bound for the trust-region radius has been reached'}
