[2026-02-13 13:21:09,408][INFO] Running VQE for linear potential and cutoff 16
[2026-02-13 13:21:09,412][INFO] Truncation: {'m': 212, 'n': 2211, 'keep_frac_terms': 0.09588421528720036, 'keep_ratio': 0.999, 'truncated': 1.377312853455578, 'total_weight': 1381.999999999984}
[2026-02-13 13:21:09,437][INFO] min_eigenvalue: 3.9321294598410086e-15
[2026-02-13 13:21:13,421][INFO] []
[2026-02-13 13:21:13,423][INFO] [Run 3] Running for Krylov dimension 1
[2026-02-13 13:21:14,362][INFO] [Run 3]
{
    "raw_unique_basis_states": 2819,
    "fermion_basis_rejected": 0,
    "kept_unique_basis_states": 2819,
    "fermion_shots_rejected": 0,
    "kept_shots": 30000
}
[2026-02-13 13:21:26,586][INFO] [Run 3]
{
    "D": 1,
    "t": 1.0,
    "num_trotter_steps": 1,
    "circuit_time": "0:00:00.857928",
    "shot_processing": {
        "raw_unique_basis_states": 2819,
        "fermion_basis_rejected": 0,
        "kept_unique_basis_states": 2819,
        "fermion_shots_rejected": 0,
        "kept_shots": 30000
    },
    "new_basis_count": 2819,
    "total_basis_count": 2819,
    "H_reduced_size": [
        2819,
        2819
    ],
    "reduction": 99.73115921020508,
    "H_reduced_e": 0.000704598193998053,
    "used_dense": false,
    "eigenvalue_time": "0:00:00.017361",
    "diff": 0.000704598193994121,
    "change_from_prev": null,
    "circuit_cost": {
        "depth": 826,
        "size": 2758,
        "num_2q_ops": 647,
        "depth_2q": 273,
        "count_ops": {
            "rz": 960,
            "sx": 912,
            "cz": 647,
            "x": 219,
            "measure": 20,
            "barrier": 1
        }
    }
}
[2026-02-13 13:21:26,587][INFO] [Run 3] Running for Krylov dimension 2
[2026-02-13 13:21:27,499][INFO] [Run 3]
{
    "raw_unique_basis_states": 9964,
    "fermion_basis_rejected": 0,
    "kept_unique_basis_states": 9964,
    "fermion_shots_rejected": 0,
    "kept_shots": 30000
}
[2026-02-13 13:22:20,710][INFO] [Run 3]
{
    "D": 2,
    "t": 2.0,
    "num_trotter_steps": 1,
    "circuit_time": "0:00:00.830998",
    "shot_processing": {
        "raw_unique_basis_states": 9964,
        "fermion_basis_rejected": 0,
        "kept_unique_basis_states": 9964,
        "fermion_shots_rejected": 0,
        "kept_shots": 30000
    },
    "new_basis_count": 8758,
    "total_basis_count": 11577,
    "H_reduced_size": [
        11577,
        11577
    ],
    "reduction": 98.89593124389648,
    "H_reduced_e": 0.0002747317472012575,
    "used_dense": false,
    "eigenvalue_time": "0:00:00.093536",
    "diff": 0.00027473174719732534,
    "change_from_prev": 0.00042986644679679557,
    "circuit_cost": {
        "depth": 819,
        "size": 2742,
        "num_2q_ops": 647,
        "depth_2q": 273,
        "count_ops": {
            "rz": 952,
            "sx": 912,
            "cz": 647,
            "x": 211,
            "measure": 20,
            "barrier": 1
        }
    }
}
[2026-02-13 13:22:20,710][INFO] [Run 3] Running for Krylov dimension 3
[2026-02-13 13:22:21,576][INFO] [Run 3]
{
    "raw_unique_basis_states": 2769,
    "fermion_basis_rejected": 0,
    "kept_unique_basis_states": 2769,
    "fermion_shots_rejected": 0,
    "kept_shots": 30000
}
[2026-02-13 13:23:22,935][INFO] [Run 3]
{
    "D": 3,
    "t": 3.0,
    "num_trotter_steps": 1,
    "circuit_time": "0:00:00.796818",
    "shot_processing": {
        "raw_unique_basis_states": 2769,
        "fermion_basis_rejected": 0,
        "kept_unique_basis_states": 2769,
        "fermion_shots_rejected": 0,
        "kept_shots": 30000
    },
    "new_basis_count": 1591,
    "total_basis_count": 13168,
    "H_reduced_size": [
        13168,
        13168
    ],
    "reduction": 98.74420166015625,
    "H_reduced_e": 0.0002747317264715734,
    "used_dense": false,
    "eigenvalue_time": "0:00:00.112365",
    "diff": 0.00027473172646764126,
    "change_from_prev": 2.072968408256895e-11,
    "circuit_cost": {
        "depth": 819,
        "size": 2744,
        "num_2q_ops": 647,
        "depth_2q": 273,
        "count_ops": {
            "rz": 956,
            "sx": 912,
            "cz": 647,
            "x": 209,
            "measure": 20,
            "barrier": 1
        }
    }
}
[2026-02-13 13:23:22,935][INFO] [Run 3] Running for Krylov dimension 4
[2026-02-13 13:23:23,836][INFO] [Run 3]
{
    "raw_unique_basis_states": 8370,
    "fermion_basis_rejected": 0,
    "kept_unique_basis_states": 8370,
    "fermion_shots_rejected": 0,
    "kept_shots": 30000
}
[2026-02-13 13:24:46,437][INFO] [Run 3]
{
    "D": 4,
    "t": 4.0,
    "num_trotter_steps": 1,
    "circuit_time": "0:00:00.822607",
    "shot_processing": {
        "raw_unique_basis_states": 8370,
        "fermion_basis_rejected": 0,
        "kept_unique_basis_states": 8370,
        "fermion_shots_rejected": 0,
        "kept_shots": 30000
    },
    "new_basis_count": 4434,
    "total_basis_count": 17602,
    "H_reduced_size": [
        17602,
        17602
    ],
    "reduction": 98.32134246826172,
    "H_reduced_e": 0.0002734133673533462,
    "used_dense": false,
    "eigenvalue_time": "0:00:00.176020",
    "diff": 0.0002734133673494141,
    "change_from_prev": 1.31835911822717e-06,
    "circuit_cost": {
        "depth": 826,
        "size": 2756,
        "num_2q_ops": 647,
        "depth_2q": 273,
        "count_ops": {
            "rz": 961,
            "sx": 912,
            "cz": 647,
            "x": 216,
            "measure": 20,
            "barrier": 1
        }
    }
}
[2026-02-13 13:24:46,438][INFO] [Run 3] Running for Krylov dimension 5
[2026-02-13 13:24:47,328][INFO] [Run 3]
{
    "raw_unique_basis_states": 11526,
    "fermion_basis_rejected": 0,
    "kept_unique_basis_states": 11526,
    "fermion_shots_rejected": 0,
    "kept_shots": 30000
}
[2026-02-13 13:26:49,237][INFO] [Run 3]
{
    "D": 5,
    "t": 5.0,
    "num_trotter_steps": 1,
    "circuit_time": "0:00:00.806602",
    "shot_processing": {
        "raw_unique_basis_states": 11526,
        "fermion_basis_rejected": 0,
        "kept_unique_basis_states": 11526,
        "fermion_shots_rejected": 0,
        "kept_shots": 30000
    },
    "new_basis_count": 8112,
    "total_basis_count": 25714,
    "H_reduced_size": [
        25714,
        25714
    ],
    "reduction": 97.54772186279297,
    "H_reduced_e": 0.0002730098331845288,
    "used_dense": false,
    "eigenvalue_time": "0:00:00.259663",
    "diff": 0.0002730098331805967,
    "change_from_prev": 4.035341688174172e-07,
    "circuit_cost": {
        "depth": 822,
        "size": 2739,
        "num_2q_ops": 647,
        "depth_2q": 273,
        "count_ops": {
            "rz": 947,
            "sx": 912,
            "cz": 647,
            "x": 213,
            "measure": 20,
            "barrier": 1
        }
    }
}
[2026-02-13 13:26:49,238][INFO] [Run 3] Running for Krylov dimension 6
[2026-02-13 13:26:50,126][INFO] [Run 3]
{
    "raw_unique_basis_states": 1992,
    "fermion_basis_rejected": 0,
    "kept_unique_basis_states": 1992,
    "fermion_shots_rejected": 0,
    "kept_shots": 30000
}
[2026-02-13 13:28:58,055][INFO] [Run 3]
{
    "D": 6,
    "t": 6.0,
    "num_trotter_steps": 1,
    "circuit_time": "0:00:00.817888",
    "shot_processing": {
        "raw_unique_basis_states": 1992,
        "fermion_basis_rejected": 0,
        "kept_unique_basis_states": 1992,
        "fermion_shots_rejected": 0,
        "kept_shots": 30000
    },
    "new_basis_count": 839,
    "total_basis_count": 26553,
    "H_reduced_size": [
        26553,
        26553
    ],
    "reduction": 97.46770858764648,
    "H_reduced_e": 0.00027247610325369987,
    "used_dense": false,
    "eigenvalue_time": "0:00:00.271071",
    "diff": 0.00027247610324976774,
    "change_from_prev": 5.337299308289314e-07,
    "circuit_cost": {
        "depth": 830,
        "size": 2771,
        "num_2q_ops": 647,
        "depth_2q": 273,
        "count_ops": {
            "rz": 970,
            "sx": 908,
            "cz": 647,
            "x": 226,
            "measure": 20,
            "barrier": 1
        }
    }
}
[2026-02-13 13:28:58,055][INFO] [Run 3] Running for Krylov dimension 7
[2026-02-13 13:28:58,930][INFO] [Run 3]
{
    "raw_unique_basis_states": 4018,
    "fermion_basis_rejected": 0,
    "kept_unique_basis_states": 4018,
    "fermion_shots_rejected": 0,
    "kept_shots": 30000
}
[2026-02-13 13:31:12,198][INFO] [Run 3]
{
    "D": 7,
    "t": 7.0,
    "num_trotter_steps": 1,
    "circuit_time": "0:00:00.801521",
    "shot_processing": {
        "raw_unique_basis_states": 4018,
        "fermion_basis_rejected": 0,
        "kept_unique_basis_states": 4018,
        "fermion_shots_rejected": 0,
        "kept_shots": 30000
    },
    "new_basis_count": 1157,
    "total_basis_count": 27710,
    "H_reduced_size": [
        27710,
        27710
    ],
    "reduction": 97.35736846923828,
    "H_reduced_e": 0.00025902193920217264,
    "used_dense": false,
    "eigenvalue_time": "0:00:00.311714",
    "diff": 0.0002590219391982405,
    "change_from_prev": 1.3454164051527229e-05,
    "circuit_cost": {
        "depth": 808,
        "size": 2697,
        "num_2q_ops": 647,
        "depth_2q": 273,
        "count_ops": {
            "rz": 913,
            "sx": 912,
            "cz": 647,
            "x": 205,
            "measure": 20,
            "barrier": 1
        }
    }
}
[2026-02-13 13:31:12,199][INFO] [Run 3] Running for Krylov dimension 8
[2026-02-13 13:31:13,075][INFO] [Run 3]
{
    "raw_unique_basis_states": 12976,
    "fermion_basis_rejected": 0,
    "kept_unique_basis_states": 12976,
    "fermion_shots_rejected": 0,
    "kept_shots": 30000
}
[2026-02-13 13:34:02,052][INFO] [Run 3]
{
    "D": 8,
    "t": 8.0,
    "num_trotter_steps": 1,
    "circuit_time": "0:00:00.788162",
    "shot_processing": {
        "raw_unique_basis_states": 12976,
        "fermion_basis_rejected": 0,
        "kept_unique_basis_states": 12976,
        "fermion_shots_rejected": 0,
        "kept_shots": 30000
    },
    "new_basis_count": 6632,
    "total_basis_count": 34342,
    "H_reduced_size": [
        34342,
        34342
    ],
    "reduction": 96.72489166259766,
    "H_reduced_e": 0.0002590147384352818,
    "used_dense": false,
    "eigenvalue_time": "0:00:00.436530",
    "diff": 0.00025901473843134966,
    "change_from_prev": 7.200766890852646e-09,
    "circuit_cost": {
        "depth": 831,
        "size": 2769,
        "num_2q_ops": 647,
        "depth_2q": 273,
        "count_ops": {
            "rz": 966,
            "sx": 912,
            "cz": 647,
            "x": 224,
            "measure": 20,
            "barrier": 1
        }
    }
}
[2026-02-13 13:34:02,052][INFO] [Run 3] Running for Krylov dimension 9
[2026-02-13 13:34:03,649][INFO] [Run 3]
{
    "raw_unique_basis_states": 13728,
    "fermion_basis_rejected": 0,
    "kept_unique_basis_states": 13728,
    "fermion_shots_rejected": 0,
    "kept_shots": 30000
}
[2026-02-13 13:37:36,361][INFO] [Run 3]
{
    "D": 9,
    "t": 4.5,
    "num_trotter_steps": 2,
    "circuit_time": "0:00:01.457593",
    "shot_processing": {
        "raw_unique_basis_states": 13728,
        "fermion_basis_rejected": 0,
        "kept_unique_basis_states": 13728,
        "fermion_shots_rejected": 0,
        "kept_shots": 30000
    },
    "new_basis_count": 8470,
    "total_basis_count": 42812,
    "H_reduced_size": [
        42812,
        42812
    ],
    "reduction": 95.91712951660156,
    "H_reduced_e": 0.0002584160617486567,
    "used_dense": false,
    "eigenvalue_time": "0:00:00.560569",
    "diff": 0.0002584160617447246,
    "change_from_prev": 5.986766866250656e-07,
    "circuit_cost": {
        "depth": 1650,
        "size": 5440,
        "num_2q_ops": 1294,
        "depth_2q": 544,
        "count_ops": {
            "rz": 1885,
            "sx": 1823,
            "cz": 1294,
            "x": 418,
            "measure": 20,
            "barrier": 1
        }
    }
}
[2026-02-13 13:37:36,361][INFO] [Run 3] Running for Krylov dimension 10
[2026-02-13 13:37:37,949][INFO] [Run 3]
{
    "raw_unique_basis_states": 12861,
    "fermion_basis_rejected": 0,
    "kept_unique_basis_states": 12861,
    "fermion_shots_rejected": 0,
    "kept_shots": 30000
}
[2026-02-13 13:41:43,638][INFO] [Run 3]
{
    "D": 10,
    "t": 5.0,
    "num_trotter_steps": 2,
    "circuit_time": "0:00:01.450613",
    "shot_processing": {
        "raw_unique_basis_states": 12861,
        "fermion_basis_rejected": 0,
        "kept_unique_basis_states": 12861,
        "fermion_shots_rejected": 0,
        "kept_shots": 30000
    },
    "new_basis_count": 6057,
    "total_basis_count": 48869,
    "H_reduced_size": [
        48869,
        48869
    ],
    "reduction": 95.3394889831543,
    "H_reduced_e": 0.00025791582554637676,
    "used_dense": false,
    "eigenvalue_time": "0:00:00.728492",
    "diff": 0.0002579158255424446,
    "change_from_prev": 5.002362022799695e-07,
    "circuit_cost": {
        "depth": 1639,
        "size": 5466,
        "num_2q_ops": 1294,
        "depth_2q": 544,
        "count_ops": {
            "rz": 1901,
            "sx": 1823,
            "cz": 1294,
            "x": 428,
            "measure": 20,
            "barrier": 1
        }
    }
}
[2026-02-13 13:41:43,639][INFO] [Run 3] Running for Krylov dimension 11
[2026-02-13 13:41:45,226][INFO] [Run 3]
{
    "raw_unique_basis_states": 9326,
    "fermion_basis_rejected": 0,
    "kept_unique_basis_states": 9326,
    "fermion_shots_rejected": 0,
    "kept_shots": 30000
}
[2026-02-13 13:46:06,619][INFO] [Run 3]
{
    "D": 11,
    "t": 5.5,
    "num_trotter_steps": 2,
    "circuit_time": "0:00:01.454377",
    "shot_processing": {
        "raw_unique_basis_states": 9326,
        "fermion_basis_rejected": 0,
        "kept_unique_basis_states": 9326,
        "fermion_shots_rejected": 0,
        "kept_shots": 30000
    },
    "new_basis_count": 2603,
    "total_basis_count": 51472,
    "H_reduced_size": [
        51472,
        51472
    ],
    "reduction": 95.09124755859375,
    "H_reduced_e": 0.0002571994513826184,
    "used_dense": false,
    "eigenvalue_time": "0:00:00.768433",
    "diff": 0.0002571994513786863,
    "change_from_prev": 7.163741637583512e-07,
    "circuit_cost": {
        "depth": 1653,
        "size": 5532,
        "num_2q_ops": 1294,
        "depth_2q": 544,
        "count_ops": {
            "rz": 1941,
            "sx": 1823,
            "cz": 1294,
            "x": 454,
            "measure": 20,
            "barrier": 1
        }
    }
}
[2026-02-13 13:46:06,619][INFO] [Run 3] Running for Krylov dimension 12
[2026-02-13 13:46:08,205][INFO] [Run 3]
{
    "raw_unique_basis_states": 4788,
    "fermion_basis_rejected": 0,
    "kept_unique_basis_states": 4788,
    "fermion_shots_rejected": 0,
    "kept_shots": 30000
}
[2026-02-13 13:50:33,181][INFO] [Run 3]
{
    "D": 12,
    "t": 6.0,
    "num_trotter_steps": 2,
    "circuit_time": "0:00:01.457499",
    "shot_processing": {
        "raw_unique_basis_states": 4788,
        "fermion_basis_rejected": 0,
        "kept_unique_basis_states": 4788,
        "fermion_shots_rejected": 0,
        "kept_shots": 30000
    },
    "new_basis_count": 431,
    "total_basis_count": 51903,
    "H_reduced_size": [
        51903,
        51903
    ],
    "reduction": 95.05014419555664,
    "H_reduced_e": 0.00025719941919037957,
    "used_dense": false,
    "eigenvalue_time": "0:00:00.756634",
    "diff": 0.00025719941918644744,
    "change_from_prev": 3.219223883776587e-11,
    "circuit_cost": {
        "depth": 1623,
        "size": 5432,
        "num_2q_ops": 1294,
        "depth_2q": 544,
        "count_ops": {
            "rz": 1885,
            "sx": 1823,
            "cz": 1294,
            "x": 410,
            "measure": 20,
            "barrier": 1
        }
    }
}
[2026-02-13 13:50:33,182][INFO] [Run 3] Running for Krylov dimension 13
[2026-02-13 13:50:34,788][INFO] [Run 3]
{
    "raw_unique_basis_states": 3446,
    "fermion_basis_rejected": 0,
    "kept_unique_basis_states": 3446,
    "fermion_shots_rejected": 0,
    "kept_shots": 30000
}
[2026-02-13 13:55:00,280][INFO] [Run 3]
{
    "D": 13,
    "t": 6.5,
    "num_trotter_steps": 2,
    "circuit_time": "0:00:01.464518",
    "shot_processing": {
        "raw_unique_basis_states": 3446,
        "fermion_basis_rejected": 0,
        "kept_unique_basis_states": 3446,
        "fermion_shots_rejected": 0,
        "kept_shots": 30000
    },
    "new_basis_count": 176,
    "total_basis_count": 52079,
    "H_reduced_size": [
        52079,
        52079
    ],
    "reduction": 95.03335952758789,
    "H_reduced_e": 0.0002571994191763344,
    "used_dense": false,
    "eigenvalue_time": "0:00:00.744441",
    "diff": 0.00025719941917240225,
    "change_from_prev": 1.4045188623246219e-14,
    "circuit_cost": {
        "depth": 1641,
        "size": 5518,
        "num_2q_ops": 1294,
        "depth_2q": 544,
        "count_ops": {
            "rz": 1911,
            "sx": 1823,
            "cz": 1294,
            "x": 470,
            "measure": 20,
            "barrier": 1
        }
    }
}
[2026-02-13 13:55:00,280][INFO] [Run 3] Running for Krylov dimension 14
[2026-02-13 13:55:02,528][INFO] [Run 3]
{
    "raw_unique_basis_states": 12328,
    "fermion_basis_rejected": 0,
    "kept_unique_basis_states": 12328,
    "fermion_shots_rejected": 0,
    "kept_shots": 30000
}
[2026-02-13 13:59:43,028][INFO] [Run 3]
{
    "D": 14,
    "t": 4.666666666666667,
    "num_trotter_steps": 3,
    "circuit_time": "0:00:02.061733",
    "shot_processing": {
        "raw_unique_basis_states": 12328,
        "fermion_basis_rejected": 0,
        "kept_unique_basis_states": 12328,
        "fermion_shots_rejected": 0,
        "kept_shots": 30000
    },
    "new_basis_count": 3006,
    "total_basis_count": 55085,
    "H_reduced_size": [
        55085,
        55085
    ],
    "reduction": 94.74668502807617,
    "H_reduced_e": 0.00025719941134640215,
    "used_dense": false,
    "eigenvalue_time": "0:00:00.827148",
    "diff": 0.00025719941134247,
    "change_from_prev": 7.829932232097936e-12,
    "circuit_cost": {
        "depth": 2440,
        "size": 8165,
        "num_2q_ops": 1941,
        "depth_2q": 815,
        "count_ops": {
            "rz": 2827,
            "sx": 2735,
            "cz": 1941,
            "x": 642,
            "measure": 20,
            "barrier": 1
        }
    }
}
[2026-02-13 13:59:43,031][INFO] [Run 3] Done
