[2026-02-13 13:21:08,434][INFO] Running VQE for linear potential and cutoff 16
[2026-02-13 13:21:08,437][INFO] Truncation: {'m': 212, 'n': 2211, 'keep_frac_terms': 0.09588421528720036, 'keep_ratio': 0.999, 'truncated': 1.377312853455578, 'total_weight': 1381.999999999984}
[2026-02-13 13:21:08,461][INFO] min_eigenvalue: 3.9321294598410086e-15
[2026-02-13 13:21:12,423][INFO] []
[2026-02-13 13:21:12,424][INFO] [Run 1] Running for Krylov dimension 1
[2026-02-13 13:21:13,312][INFO] [Run 1]
{
    "raw_unique_basis_states": 2802,
    "fermion_basis_rejected": 0,
    "kept_unique_basis_states": 2802,
    "fermion_shots_rejected": 0,
    "kept_shots": 30000
}
[2026-02-13 13:21:25,274][INFO] [Run 1]
{
    "D": 1,
    "t": 1.0,
    "num_trotter_steps": 1,
    "circuit_time": "0:00:00.800858",
    "shot_processing": {
        "raw_unique_basis_states": 2802,
        "fermion_basis_rejected": 0,
        "kept_unique_basis_states": 2802,
        "fermion_shots_rejected": 0,
        "kept_shots": 30000
    },
    "new_basis_count": 2802,
    "total_basis_count": 2802,
    "H_reduced_size": [
        2802,
        2802
    ],
    "reduction": 99.73278045654297,
    "H_reduced_e": 0.0002774962073815398,
    "used_dense": false,
    "eigenvalue_time": "0:00:00.018236",
    "diff": 0.00027749620737760767,
    "change_from_prev": null,
    "circuit_cost": {
        "depth": 826,
        "size": 2758,
        "num_2q_ops": 647,
        "depth_2q": 273,
        "count_ops": {
            "rz": 960,
            "sx": 912,
            "cz": 647,
            "x": 219,
            "measure": 20,
            "barrier": 1
        }
    }
}
[2026-02-13 13:21:25,274][INFO] [Run 1] Running for Krylov dimension 2
[2026-02-13 13:21:26,135][INFO] [Run 1]
{
    "raw_unique_basis_states": 9936,
    "fermion_basis_rejected": 0,
    "kept_unique_basis_states": 9936,
    "fermion_shots_rejected": 0,
    "kept_shots": 30000
}
[2026-02-13 13:22:18,019][INFO] [Run 1]
{
    "D": 2,
    "t": 2.0,
    "num_trotter_steps": 1,
    "circuit_time": "0:00:00.780201",
    "shot_processing": {
        "raw_unique_basis_states": 9936,
        "fermion_basis_rejected": 0,
        "kept_unique_basis_states": 9936,
        "fermion_shots_rejected": 0,
        "kept_shots": 30000
    },
    "new_basis_count": 8682,
    "total_basis_count": 11484,
    "H_reduced_size": [
        11484,
        11484
    ],
    "reduction": 98.90480041503906,
    "H_reduced_e": 0.00027720309624683495,
    "used_dense": false,
    "eigenvalue_time": "0:00:00.099022",
    "diff": 0.0002772030962429028,
    "change_from_prev": 2.931111347048514e-07,
    "circuit_cost": {
        "depth": 819,
        "size": 2742,
        "num_2q_ops": 647,
        "depth_2q": 273,
        "count_ops": {
            "rz": 952,
            "sx": 912,
            "cz": 647,
            "x": 211,
            "measure": 20,
            "barrier": 1
        }
    }
}
[2026-02-13 13:22:18,019][INFO] [Run 1] Running for Krylov dimension 3
[2026-02-13 13:22:18,844][INFO] [Run 1]
{
    "raw_unique_basis_states": 2749,
    "fermion_basis_rejected": 0,
    "kept_unique_basis_states": 2749,
    "fermion_shots_rejected": 0,
    "kept_shots": 30000
}
[2026-02-13 13:23:19,208][INFO] [Run 1]
{
    "D": 3,
    "t": 3.0,
    "num_trotter_steps": 1,
    "circuit_time": "0:00:00.754076",
    "shot_processing": {
        "raw_unique_basis_states": 2749,
        "fermion_basis_rejected": 0,
        "kept_unique_basis_states": 2749,
        "fermion_shots_rejected": 0,
        "kept_shots": 30000
    },
    "new_basis_count": 1608,
    "total_basis_count": 13092,
    "H_reduced_size": [
        13092,
        13092
    ],
    "reduction": 98.75144958496094,
    "H_reduced_e": 0.0002770706539253332,
    "used_dense": false,
    "eigenvalue_time": "0:00:00.109192",
    "diff": 0.00027707065392140105,
    "change_from_prev": 1.32442321501764e-07,
    "circuit_cost": {
        "depth": 819,
        "size": 2744,
        "num_2q_ops": 647,
        "depth_2q": 273,
        "count_ops": {
            "rz": 956,
            "sx": 912,
            "cz": 647,
            "x": 209,
            "measure": 20,
            "barrier": 1
        }
    }
}
[2026-02-13 13:23:19,208][INFO] [Run 1] Running for Krylov dimension 4
[2026-02-13 13:23:20,053][INFO] [Run 1]
{
    "raw_unique_basis_states": 8391,
    "fermion_basis_rejected": 0,
    "kept_unique_basis_states": 8391,
    "fermion_shots_rejected": 0,
    "kept_shots": 30000
}
[2026-02-13 13:24:41,999][INFO] [Run 1]
{
    "D": 4,
    "t": 4.0,
    "num_trotter_steps": 1,
    "circuit_time": "0:00:00.765573",
    "shot_processing": {
        "raw_unique_basis_states": 8391,
        "fermion_basis_rejected": 0,
        "kept_unique_basis_states": 8391,
        "fermion_shots_rejected": 0,
        "kept_shots": 30000
    },
    "new_basis_count": 4423,
    "total_basis_count": 17515,
    "H_reduced_size": [
        17515,
        17515
    ],
    "reduction": 98.32963943481445,
    "H_reduced_e": 0.00027705476583476544,
    "used_dense": false,
    "eigenvalue_time": "0:00:00.152214",
    "diff": 0.0002770547658308333,
    "change_from_prev": 1.5888090567739e-08,
    "circuit_cost": {
        "depth": 826,
        "size": 2756,
        "num_2q_ops": 647,
        "depth_2q": 273,
        "count_ops": {
            "rz": 961,
            "sx": 912,
            "cz": 647,
            "x": 216,
            "measure": 20,
            "barrier": 1
        }
    }
}
[2026-02-13 13:24:42,000][INFO] [Run 1] Running for Krylov dimension 5
[2026-02-13 13:24:42,891][INFO] [Run 1]
{
    "raw_unique_basis_states": 11501,
    "fermion_basis_rejected": 0,
    "kept_unique_basis_states": 11501,
    "fermion_shots_rejected": 0,
    "kept_shots": 30000
}
[2026-02-13 13:26:44,011][INFO] [Run 1]
{
    "D": 5,
    "t": 5.0,
    "num_trotter_steps": 1,
    "circuit_time": "0:00:00.806412",
    "shot_processing": {
        "raw_unique_basis_states": 11501,
        "fermion_basis_rejected": 0,
        "kept_unique_basis_states": 11501,
        "fermion_shots_rejected": 0,
        "kept_shots": 30000
    },
    "new_basis_count": 8175,
    "total_basis_count": 25690,
    "H_reduced_size": [
        25690,
        25690
    ],
    "reduction": 97.55001068115234,
    "H_reduced_e": 0.0002741869916215419,
    "used_dense": false,
    "eigenvalue_time": "0:00:00.250484",
    "diff": 0.0002741869916176098,
    "change_from_prev": 2.867774213223518e-06,
    "circuit_cost": {
        "depth": 822,
        "size": 2739,
        "num_2q_ops": 647,
        "depth_2q": 273,
        "count_ops": {
            "rz": 947,
            "sx": 912,
            "cz": 647,
            "x": 213,
            "measure": 20,
            "barrier": 1
        }
    }
}
[2026-02-13 13:26:44,011][INFO] [Run 1] Running for Krylov dimension 6
[2026-02-13 13:26:44,901][INFO] [Run 1]
{
    "raw_unique_basis_states": 1973,
    "fermion_basis_rejected": 0,
    "kept_unique_basis_states": 1973,
    "fermion_shots_rejected": 0,
    "kept_shots": 30000
}
[2026-02-13 13:28:50,765][INFO] [Run 1]
{
    "D": 6,
    "t": 6.0,
    "num_trotter_steps": 1,
    "circuit_time": "0:00:00.819949",
    "shot_processing": {
        "raw_unique_basis_states": 1973,
        "fermion_basis_rejected": 0,
        "kept_unique_basis_states": 1973,
        "fermion_shots_rejected": 0,
        "kept_shots": 30000
    },
    "new_basis_count": 789,
    "total_basis_count": 26479,
    "H_reduced_size": [
        26479,
        26479
    ],
    "reduction": 97.47476577758789,
    "H_reduced_e": 0.0002741801263476502,
    "used_dense": false,
    "eigenvalue_time": "0:00:00.258235",
    "diff": 0.00027418012634371805,
    "change_from_prev": 6.865273891748253e-09,
    "circuit_cost": {
        "depth": 830,
        "size": 2771,
        "num_2q_ops": 647,
        "depth_2q": 273,
        "count_ops": {
            "rz": 970,
            "sx": 908,
            "cz": 647,
            "x": 226,
            "measure": 20,
            "barrier": 1
        }
    }
}
[2026-02-13 13:28:50,765][INFO] [Run 1] Running for Krylov dimension 7
[2026-02-13 13:28:51,643][INFO] [Run 1]
{
    "raw_unique_basis_states": 3994,
    "fermion_basis_rejected": 0,
    "kept_unique_basis_states": 3994,
    "fermion_shots_rejected": 0,
    "kept_shots": 30000
}
[2026-02-13 13:31:01,306][INFO] [Run 1]
{
    "D": 7,
    "t": 7.0,
    "num_trotter_steps": 1,
    "circuit_time": "0:00:00.805127",
    "shot_processing": {
        "raw_unique_basis_states": 3994,
        "fermion_basis_rejected": 0,
        "kept_unique_basis_states": 3994,
        "fermion_shots_rejected": 0,
        "kept_shots": 30000
    },
    "new_basis_count": 1190,
    "total_basis_count": 27669,
    "H_reduced_size": [
        27669,
        27669
    ],
    "reduction": 97.36127853393555,
    "H_reduced_e": 0.0002603523782779354,
    "used_dense": false,
    "eigenvalue_time": "0:00:00.288449",
    "diff": 0.00026035237827400326,
    "change_from_prev": 1.382774806971479e-05,
    "circuit_cost": {
        "depth": 808,
        "size": 2697,
        "num_2q_ops": 647,
        "depth_2q": 273,
        "count_ops": {
            "rz": 913,
            "sx": 912,
            "cz": 647,
            "x": 205,
            "measure": 20,
            "barrier": 1
        }
    }
}
[2026-02-13 13:31:01,306][INFO] [Run 1] Running for Krylov dimension 8
[2026-02-13 13:31:02,188][INFO] [Run 1]
{
    "raw_unique_basis_states": 13025,
    "fermion_basis_rejected": 0,
    "kept_unique_basis_states": 13025,
    "fermion_shots_rejected": 0,
    "kept_shots": 30000
}
[2026-02-13 13:33:49,596][INFO] [Run 1]
{
    "D": 8,
    "t": 8.0,
    "num_trotter_steps": 1,
    "circuit_time": "0:00:00.793354",
    "shot_processing": {
        "raw_unique_basis_states": 13025,
        "fermion_basis_rejected": 0,
        "kept_unique_basis_states": 13025,
        "fermion_shots_rejected": 0,
        "kept_shots": 30000
    },
    "new_basis_count": 6538,
    "total_basis_count": 34207,
    "H_reduced_size": [
        34207,
        34207
    ],
    "reduction": 96.73776626586914,
    "H_reduced_e": 0.0002602452797209681,
    "used_dense": false,
    "eigenvalue_time": "0:00:00.414405",
    "diff": 0.000260245279717036,
    "change_from_prev": 1.0709855696727907e-07,
    "circuit_cost": {
        "depth": 831,
        "size": 2769,
        "num_2q_ops": 647,
        "depth_2q": 273,
        "count_ops": {
            "rz": 966,
            "sx": 912,
            "cz": 647,
            "x": 224,
            "measure": 20,
            "barrier": 1
        }
    }
}
[2026-02-13 13:33:49,596][INFO] [Run 1] Running for Krylov dimension 9
[2026-02-13 13:33:50,434][INFO] [Run 1]
{
    "raw_unique_basis_states": 4814,
    "fermion_basis_rejected": 0,
    "kept_unique_basis_states": 4814,
    "fermion_shots_rejected": 0,
    "kept_shots": 30000
}
[2026-02-13 13:36:46,653][INFO] [Run 1]
{
    "D": 9,
    "t": 9.0,
    "num_trotter_steps": 1,
    "circuit_time": "0:00:00.763396",
    "shot_processing": {
        "raw_unique_basis_states": 4814,
        "fermion_basis_rejected": 0,
        "kept_unique_basis_states": 4814,
        "fermion_shots_rejected": 0,
        "kept_shots": 30000
    },
    "new_basis_count": 1959,
    "total_basis_count": 36166,
    "H_reduced_size": [
        36166,
        36166
    ],
    "reduction": 96.55094146728516,
    "H_reduced_e": 0.0002602452791536735,
    "used_dense": false,
    "eigenvalue_time": "0:00:00.454239",
    "diff": 0.0002602452791497414,
    "change_from_prev": 5.672945837045806e-13,
    "circuit_cost": {
        "depth": 818,
        "size": 2738,
        "num_2q_ops": 647,
        "depth_2q": 273,
        "count_ops": {
            "rz": 944,
            "sx": 912,
            "cz": 647,
            "x": 215,
            "measure": 20,
            "barrier": 1
        }
    }
}
[2026-02-13 13:36:46,653][INFO] [Run 1] Running for Krylov dimension 10
[2026-02-13 13:36:48,254][INFO] [Run 1]
{
    "raw_unique_basis_states": 12888,
    "fermion_basis_rejected": 0,
    "kept_unique_basis_states": 12888,
    "fermion_shots_rejected": 0,
    "kept_shots": 30000
}
[2026-02-13 13:40:30,132][INFO] [Run 1]
{
    "D": 10,
    "t": 5.0,
    "num_trotter_steps": 2,
    "circuit_time": "0:00:01.463072",
    "shot_processing": {
        "raw_unique_basis_states": 12888,
        "fermion_basis_rejected": 0,
        "kept_unique_basis_states": 12888,
        "fermion_shots_rejected": 0,
        "kept_shots": 30000
    },
    "new_basis_count": 8609,
    "total_basis_count": 44775,
    "H_reduced_size": [
        44775,
        44775
    ],
    "reduction": 95.72992324829102,
    "H_reduced_e": 0.00025845909219524943,
    "used_dense": false,
    "eigenvalue_time": "0:00:00.574790",
    "diff": 0.0002584590921913173,
    "change_from_prev": 1.786186958424097e-06,
    "circuit_cost": {
        "depth": 1639,
        "size": 5466,
        "num_2q_ops": 1294,
        "depth_2q": 544,
        "count_ops": {
            "rz": 1901,
            "sx": 1823,
            "cz": 1294,
            "x": 428,
            "measure": 20,
            "barrier": 1
        }
    }
}
[2026-02-13 13:40:30,132][INFO] [Run 1] Running for Krylov dimension 11
[2026-02-13 13:40:31,727][INFO] [Run 1]
{
    "raw_unique_basis_states": 9201,
    "fermion_basis_rejected": 0,
    "kept_unique_basis_states": 9201,
    "fermion_shots_rejected": 0,
    "kept_shots": 30000
}
[2026-02-13 13:44:32,058][INFO] [Run 1]
{
    "D": 11,
    "t": 5.5,
    "num_trotter_steps": 2,
    "circuit_time": "0:00:01.463423",
    "shot_processing": {
        "raw_unique_basis_states": 9201,
        "fermion_basis_rejected": 0,
        "kept_unique_basis_states": 9201,
        "fermion_shots_rejected": 0,
        "kept_shots": 30000
    },
    "new_basis_count": 3508,
    "total_basis_count": 48283,
    "H_reduced_size": [
        48283,
        48283
    ],
    "reduction": 95.3953742980957,
    "H_reduced_e": 0.0002577467566756399,
    "used_dense": false,
    "eigenvalue_time": "0:00:00.672925",
    "diff": 0.00025774675667170776,
    "change_from_prev": 7.123355196095348e-07,
    "circuit_cost": {
        "depth": 1653,
        "size": 5532,
        "num_2q_ops": 1294,
        "depth_2q": 544,
        "count_ops": {
            "rz": 1941,
            "sx": 1823,
            "cz": 1294,
            "x": 454,
            "measure": 20,
            "barrier": 1
        }
    }
}
[2026-02-13 13:44:32,059][INFO] [Run 1] Running for Krylov dimension 12
[2026-02-13 13:44:33,648][INFO] [Run 1]
{
    "raw_unique_basis_states": 4794,
    "fermion_basis_rejected": 0,
    "kept_unique_basis_states": 4794,
    "fermion_shots_rejected": 0,
    "kept_shots": 30000
}
[2026-02-13 13:48:33,404][INFO] [Run 1]
{
    "D": 12,
    "t": 6.0,
    "num_trotter_steps": 2,
    "circuit_time": "0:00:01.461834",
    "shot_processing": {
        "raw_unique_basis_states": 4794,
        "fermion_basis_rejected": 0,
        "kept_unique_basis_states": 4794,
        "fermion_shots_rejected": 0,
        "kept_shots": 30000
    },
    "new_basis_count": 599,
    "total_basis_count": 48882,
    "H_reduced_size": [
        48882,
        48882
    ],
    "reduction": 95.33824920654297,
    "H_reduced_e": 0.0002577449780685069,
    "used_dense": false,
    "eigenvalue_time": "0:00:00.638873",
    "diff": 0.00025774497806457477,
    "change_from_prev": 1.7786071329932082e-09,
    "circuit_cost": {
        "depth": 1623,
        "size": 5432,
        "num_2q_ops": 1294,
        "depth_2q": 544,
        "count_ops": {
            "rz": 1885,
            "sx": 1823,
            "cz": 1294,
            "x": 410,
            "measure": 20,
            "barrier": 1
        }
    }
}
[2026-02-13 13:48:33,404][INFO] [Run 1] Running for Krylov dimension 13
[2026-02-13 13:48:35,008][INFO] [Run 1]
{
    "raw_unique_basis_states": 3535,
    "fermion_basis_rejected": 0,
    "kept_unique_basis_states": 3535,
    "fermion_shots_rejected": 0,
    "kept_shots": 30000
}
[2026-02-13 13:52:41,306][INFO] [Run 1]
{
    "D": 13,
    "t": 6.5,
    "num_trotter_steps": 2,
    "circuit_time": "0:00:01.462637",
    "shot_processing": {
        "raw_unique_basis_states": 3535,
        "fermion_basis_rejected": 0,
        "kept_unique_basis_states": 3535,
        "fermion_shots_rejected": 0,
        "kept_shots": 30000
    },
    "new_basis_count": 309,
    "total_basis_count": 49191,
    "H_reduced_size": [
        49191,
        49191
    ],
    "reduction": 95.30878067016602,
    "H_reduced_e": 0.00025774497784068876,
    "used_dense": false,
    "eigenvalue_time": "0:00:00.668997",
    "diff": 0.0002577449778367566,
    "change_from_prev": 2.278181441238425e-13,
    "circuit_cost": {
        "depth": 1641,
        "size": 5518,
        "num_2q_ops": 1294,
        "depth_2q": 544,
        "count_ops": {
            "rz": 1911,
            "sx": 1823,
            "cz": 1294,
            "x": 470,
            "measure": 20,
            "barrier": 1
        }
    }
}
[2026-02-13 13:52:41,306][INFO] [Run 1] Running for Krylov dimension 14
[2026-02-13 13:52:43,559][INFO] [Run 1]
{
    "raw_unique_basis_states": 12378,
    "fermion_basis_rejected": 0,
    "kept_unique_basis_states": 12378,
    "fermion_shots_rejected": 0,
    "kept_shots": 30000
}
[2026-02-13 13:57:06,923][INFO] [Run 1]
{
    "D": 14,
    "t": 4.666666666666667,
    "num_trotter_steps": 3,
    "circuit_time": "0:00:02.067876",
    "shot_processing": {
        "raw_unique_basis_states": 12378,
        "fermion_basis_rejected": 0,
        "kept_unique_basis_states": 12378,
        "fermion_shots_rejected": 0,
        "kept_shots": 30000
    },
    "new_basis_count": 3213,
    "total_basis_count": 52404,
    "H_reduced_size": [
        52404,
        52404
    ],
    "reduction": 95.00236511230469,
    "H_reduced_e": 0.0002577449039336508,
    "used_dense": false,
    "eigenvalue_time": "0:00:00.719775",
    "diff": 0.0002577449039297187,
    "change_from_prev": 7.390703793321712e-11,
    "circuit_cost": {
        "depth": 2440,
        "size": 8165,
        "num_2q_ops": 1941,
        "depth_2q": 815,
        "count_ops": {
            "rz": 2827,
            "sx": 2735,
            "cz": 1941,
            "x": 642,
            "measure": 20,
            "barrier": 1
        }
    }
}
[2026-02-13 13:57:06,927][INFO] [Run 1] Done
