[2026-02-13 13:27:09,164][INFO] Running VQE for linear potential and cutoff 16
[2026-02-13 13:27:09,167][INFO] Truncation: {'m': 212, 'n': 2211, 'keep_frac_terms': 0.09588421528720036, 'keep_ratio': 0.999, 'truncated': 1.377312853455578, 'total_weight': 1381.999999999984}
[2026-02-13 13:27:09,199][INFO] min_eigenvalue: 3.9321294598410086e-15
[2026-02-13 13:27:12,710][INFO] []
[2026-02-13 13:27:12,712][INFO] [Run 4] Running for Krylov dimension 1
[2026-02-13 13:27:13,809][INFO] [Run 4]
{
    "raw_unique_basis_states": 2747,
    "fermion_basis_rejected": 0,
    "kept_unique_basis_states": 2747,
    "fermion_shots_rejected": 0,
    "kept_shots": 30000
}
[2026-02-13 13:27:27,668][INFO] [Run 4]
{
    "D": 1,
    "t": 1.0,
    "num_trotter_steps": 1,
    "circuit_time": "0:00:00.992408",
    "shot_processing": {
        "raw_unique_basis_states": 2747,
        "fermion_basis_rejected": 0,
        "kept_unique_basis_states": 2747,
        "fermion_shots_rejected": 0,
        "kept_shots": 30000
    },
    "new_basis_count": 2747,
    "total_basis_count": 2747,
    "H_reduced_size": [
        2747,
        2747
    ],
    "reduction": 99.7380256652832,
    "H_reduced_e": 0.0010766964796550447,
    "used_dense": false,
    "eigenvalue_time": "0:00:00.019874",
    "diff": 0.0010766964796511125,
    "change_from_prev": null,
    "circuit_cost": {
        "depth": 826,
        "size": 2758,
        "num_2q_ops": 647,
        "depth_2q": 273,
        "count_ops": {
            "rz": 960,
            "sx": 912,
            "cz": 647,
            "x": 219,
            "measure": 20,
            "barrier": 1
        }
    }
}
[2026-02-13 13:27:27,668][INFO] [Run 4] Running for Krylov dimension 2
[2026-02-13 13:27:28,757][INFO] [Run 4]
{
    "raw_unique_basis_states": 9985,
    "fermion_basis_rejected": 0,
    "kept_unique_basis_states": 9985,
    "fermion_shots_rejected": 0,
    "kept_shots": 30000
}
[2026-02-13 13:28:31,045][INFO] [Run 4]
{
    "D": 2,
    "t": 2.0,
    "num_trotter_steps": 1,
    "circuit_time": "0:00:00.984905",
    "shot_processing": {
        "raw_unique_basis_states": 9985,
        "fermion_basis_rejected": 0,
        "kept_unique_basis_states": 9985,
        "fermion_shots_rejected": 0,
        "kept_shots": 30000
    },
    "new_basis_count": 8828,
    "total_basis_count": 11575,
    "H_reduced_size": [
        11575,
        11575
    ],
    "reduction": 98.89612197875977,
    "H_reduced_e": 0.00026227240508203917,
    "used_dense": false,
    "eigenvalue_time": "0:00:00.115797",
    "diff": 0.00026227240507810704,
    "change_from_prev": 0.0008144240745730055,
    "circuit_cost": {
        "depth": 819,
        "size": 2742,
        "num_2q_ops": 647,
        "depth_2q": 273,
        "count_ops": {
            "rz": 952,
            "sx": 912,
            "cz": 647,
            "x": 211,
            "measure": 20,
            "barrier": 1
        }
    }
}
[2026-02-13 13:28:31,046][INFO] [Run 4] Running for Krylov dimension 3
[2026-02-13 13:28:32,059][INFO] [Run 4]
{
    "raw_unique_basis_states": 2749,
    "fermion_basis_rejected": 0,
    "kept_unique_basis_states": 2749,
    "fermion_shots_rejected": 0,
    "kept_shots": 30000
}
[2026-02-13 13:29:39,338][INFO] [Run 4]
{
    "D": 3,
    "t": 3.0,
    "num_trotter_steps": 1,
    "circuit_time": "0:00:00.925878",
    "shot_processing": {
        "raw_unique_basis_states": 2749,
        "fermion_basis_rejected": 0,
        "kept_unique_basis_states": 2749,
        "fermion_shots_rejected": 0,
        "kept_shots": 30000
    },
    "new_basis_count": 1621,
    "total_basis_count": 13196,
    "H_reduced_size": [
        13196,
        13196
    ],
    "reduction": 98.74153137207031,
    "H_reduced_e": 0.0002622571796794052,
    "used_dense": false,
    "eigenvalue_time": "0:00:00.135421",
    "diff": 0.0002622571796754731,
    "change_from_prev": 1.5225402633968488e-08,
    "circuit_cost": {
        "depth": 819,
        "size": 2744,
        "num_2q_ops": 647,
        "depth_2q": 273,
        "count_ops": {
            "rz": 956,
            "sx": 912,
            "cz": 647,
            "x": 209,
            "measure": 20,
            "barrier": 1
        }
    }
}
[2026-02-13 13:29:39,338][INFO] [Run 4] Running for Krylov dimension 4
[2026-02-13 13:29:40,353][INFO] [Run 4]
{
    "raw_unique_basis_states": 8446,
    "fermion_basis_rejected": 0,
    "kept_unique_basis_states": 8446,
    "fermion_shots_rejected": 0,
    "kept_shots": 30000
}
[2026-02-13 13:31:16,726][INFO] [Run 4]
{
    "D": 4,
    "t": 4.0,
    "num_trotter_steps": 1,
    "circuit_time": "0:00:00.918702",
    "shot_processing": {
        "raw_unique_basis_states": 8446,
        "fermion_basis_rejected": 0,
        "kept_unique_basis_states": 8446,
        "fermion_shots_rejected": 0,
        "kept_shots": 30000
    },
    "new_basis_count": 4474,
    "total_basis_count": 17670,
    "H_reduced_size": [
        17670,
        17670
    ],
    "reduction": 98.31485748291016,
    "H_reduced_e": 0.00026224181777729757,
    "used_dense": false,
    "eigenvalue_time": "0:00:00.177354",
    "diff": 0.00026224181777336543,
    "change_from_prev": 1.5361902107639217e-08,
    "circuit_cost": {
        "depth": 826,
        "size": 2756,
        "num_2q_ops": 647,
        "depth_2q": 273,
        "count_ops": {
            "rz": 961,
            "sx": 912,
            "cz": 647,
            "x": 216,
            "measure": 20,
            "barrier": 1
        }
    }
}
[2026-02-13 13:31:16,726][INFO] [Run 4] Running for Krylov dimension 5
[2026-02-13 13:31:17,666][INFO] [Run 4]
{
    "raw_unique_basis_states": 11625,
    "fermion_basis_rejected": 0,
    "kept_unique_basis_states": 11625,
    "fermion_shots_rejected": 0,
    "kept_shots": 30000
}
[2026-02-13 13:33:30,664][INFO] [Run 4]
{
    "D": 5,
    "t": 5.0,
    "num_trotter_steps": 1,
    "circuit_time": "0:00:00.854303",
    "shot_processing": {
        "raw_unique_basis_states": 11625,
        "fermion_basis_rejected": 0,
        "kept_unique_basis_states": 11625,
        "fermion_shots_rejected": 0,
        "kept_shots": 30000
    },
    "new_basis_count": 8207,
    "total_basis_count": 25877,
    "H_reduced_size": [
        25877,
        25877
    ],
    "reduction": 97.53217697143555,
    "H_reduced_e": 0.00026170553665677294,
    "used_dense": false,
    "eigenvalue_time": "0:00:00.251501",
    "diff": 0.0002617055366528408,
    "change_from_prev": 5.36281120524628e-07,
    "circuit_cost": {
        "depth": 822,
        "size": 2739,
        "num_2q_ops": 647,
        "depth_2q": 273,
        "count_ops": {
            "rz": 947,
            "sx": 912,
            "cz": 647,
            "x": 213,
            "measure": 20,
            "barrier": 1
        }
    }
}
[2026-02-13 13:33:30,664][INFO] [Run 4] Running for Krylov dimension 6
[2026-02-13 13:33:31,642][INFO] [Run 4]
{
    "raw_unique_basis_states": 1988,
    "fermion_basis_rejected": 0,
    "kept_unique_basis_states": 1988,
    "fermion_shots_rejected": 0,
    "kept_shots": 30000
}
[2026-02-13 13:36:00,302][INFO] [Run 4]
{
    "D": 6,
    "t": 6.0,
    "num_trotter_steps": 1,
    "circuit_time": "0:00:00.909732",
    "shot_processing": {
        "raw_unique_basis_states": 1988,
        "fermion_basis_rejected": 0,
        "kept_unique_basis_states": 1988,
        "fermion_shots_rejected": 0,
        "kept_shots": 30000
    },
    "new_basis_count": 783,
    "total_basis_count": 26660,
    "H_reduced_size": [
        26660,
        26660
    ],
    "reduction": 97.45750427246094,
    "H_reduced_e": 0.0002617037625480755,
    "used_dense": false,
    "eigenvalue_time": "0:00:00.303304",
    "diff": 0.00026170376254414335,
    "change_from_prev": 1.7741086974607141e-09,
    "circuit_cost": {
        "depth": 830,
        "size": 2771,
        "num_2q_ops": 647,
        "depth_2q": 273,
        "count_ops": {
            "rz": 970,
            "sx": 908,
            "cz": 647,
            "x": 226,
            "measure": 20,
            "barrier": 1
        }
    }
}
[2026-02-13 13:36:00,303][INFO] [Run 4] Running for Krylov dimension 7
[2026-02-13 13:36:01,361][INFO] [Run 4]
{
    "raw_unique_basis_states": 4044,
    "fermion_basis_rejected": 0,
    "kept_unique_basis_states": 4044,
    "fermion_shots_rejected": 0,
    "kept_shots": 30000
}
[2026-02-13 13:38:34,771][INFO] [Run 4]
{
    "D": 7,
    "t": 7.0,
    "num_trotter_steps": 1,
    "circuit_time": "0:00:00.978758",
    "shot_processing": {
        "raw_unique_basis_states": 4044,
        "fermion_basis_rejected": 0,
        "kept_unique_basis_states": 4044,
        "fermion_shots_rejected": 0,
        "kept_shots": 30000
    },
    "new_basis_count": 1157,
    "total_basis_count": 27817,
    "H_reduced_size": [
        27817,
        27817
    ],
    "reduction": 97.34716415405273,
    "H_reduced_e": 0.0002591120032783131,
    "used_dense": false,
    "eigenvalue_time": "0:00:00.341398",
    "diff": 0.00025911200327438097,
    "change_from_prev": 2.591759269762381e-06,
    "circuit_cost": {
        "depth": 808,
        "size": 2697,
        "num_2q_ops": 647,
        "depth_2q": 273,
        "count_ops": {
            "rz": 913,
            "sx": 912,
            "cz": 647,
            "x": 205,
            "measure": 20,
            "barrier": 1
        }
    }
}
[2026-02-13 13:38:34,771][INFO] [Run 4] Running for Krylov dimension 8
[2026-02-13 13:38:35,715][INFO] [Run 4]
{
    "raw_unique_basis_states": 13079,
    "fermion_basis_rejected": 0,
    "kept_unique_basis_states": 13079,
    "fermion_shots_rejected": 0,
    "kept_shots": 30000
}
[2026-02-13 13:41:35,931][INFO] [Run 4]
{
    "D": 8,
    "t": 8.0,
    "num_trotter_steps": 1,
    "circuit_time": "0:00:00.850630",
    "shot_processing": {
        "raw_unique_basis_states": 13079,
        "fermion_basis_rejected": 0,
        "kept_unique_basis_states": 13079,
        "fermion_shots_rejected": 0,
        "kept_shots": 30000
    },
    "new_basis_count": 6673,
    "total_basis_count": 34490,
    "H_reduced_size": [
        34490,
        34490
    ],
    "reduction": 96.71077728271484,
    "H_reduced_e": 0.00025910641789948487,
    "used_dense": false,
    "eigenvalue_time": "0:00:00.518694",
    "diff": 0.00025910641789555274,
    "change_from_prev": 5.5853788282259585e-09,
    "circuit_cost": {
        "depth": 831,
        "size": 2769,
        "num_2q_ops": 647,
        "depth_2q": 273,
        "count_ops": {
            "rz": 966,
            "sx": 912,
            "cz": 647,
            "x": 224,
            "measure": 20,
            "barrier": 1
        }
    }
}
[2026-02-13 13:41:35,931][INFO] [Run 4] Running for Krylov dimension 9
[2026-02-13 13:41:37,849][INFO] [Run 4]
{
    "raw_unique_basis_states": 13822,
    "fermion_basis_rejected": 0,
    "kept_unique_basis_states": 13822,
    "fermion_shots_rejected": 0,
    "kept_shots": 30000
}
[2026-02-13 13:45:44,658][INFO] [Run 4]
{
    "D": 9,
    "t": 4.5,
    "num_trotter_steps": 2,
    "circuit_time": "0:00:01.756405",
    "shot_processing": {
        "raw_unique_basis_states": 13822,
        "fermion_basis_rejected": 0,
        "kept_unique_basis_states": 13822,
        "fermion_shots_rejected": 0,
        "kept_shots": 30000
    },
    "new_basis_count": 8595,
    "total_basis_count": 43085,
    "H_reduced_size": [
        43085,
        43085
    ],
    "reduction": 95.89109420776367,
    "H_reduced_e": 0.0002585350850378385,
    "used_dense": false,
    "eigenvalue_time": "0:00:00.548911",
    "diff": 0.00025853508503390635,
    "change_from_prev": 5.713328616463865e-07,
    "circuit_cost": {
        "depth": 1650,
        "size": 5440,
        "num_2q_ops": 1294,
        "depth_2q": 544,
        "count_ops": {
            "rz": 1885,
            "sx": 1823,
            "cz": 1294,
            "x": 418,
            "measure": 20,
            "barrier": 1
        }
    }
}
[2026-02-13 13:45:44,658][INFO] [Run 4] Running for Krylov dimension 10
[2026-02-13 13:45:46,385][INFO] [Run 4]
{
    "raw_unique_basis_states": 12923,
    "fermion_basis_rejected": 0,
    "kept_unique_basis_states": 12923,
    "fermion_shots_rejected": 0,
    "kept_shots": 30000
}
[2026-02-13 13:50:26,653][INFO] [Run 4]
{
    "D": 10,
    "t": 5.0,
    "num_trotter_steps": 2,
    "circuit_time": "0:00:01.578631",
    "shot_processing": {
        "raw_unique_basis_states": 12923,
        "fermion_basis_rejected": 0,
        "kept_unique_basis_states": 12923,
        "fermion_shots_rejected": 0,
        "kept_shots": 30000
    },
    "new_basis_count": 6004,
    "total_basis_count": 49089,
    "H_reduced_size": [
        49089,
        49089
    ],
    "reduction": 95.31850814819336,
    "H_reduced_e": 0.0002577504441970665,
    "used_dense": false,
    "eigenvalue_time": "0:00:00.840870",
    "diff": 0.00025775044419313437,
    "change_from_prev": 7.846408407719799e-07,
    "circuit_cost": {
        "depth": 1639,
        "size": 5466,
        "num_2q_ops": 1294,
        "depth_2q": 544,
        "count_ops": {
            "rz": 1901,
            "sx": 1823,
            "cz": 1294,
            "x": 428,
            "measure": 20,
            "barrier": 1
        }
    }
}
[2026-02-13 13:50:26,654][INFO] [Run 4] Running for Krylov dimension 11
[2026-02-13 13:50:28,517][INFO] [Run 4]
{
    "raw_unique_basis_states": 9256,
    "fermion_basis_rejected": 0,
    "kept_unique_basis_states": 9256,
    "fermion_shots_rejected": 0,
    "kept_shots": 30000
}
[2026-02-13 13:56:06,659][INFO] [Run 4]
{
    "D": 11,
    "t": 5.5,
    "num_trotter_steps": 2,
    "circuit_time": "0:00:01.708733",
    "shot_processing": {
        "raw_unique_basis_states": 9256,
        "fermion_basis_rejected": 0,
        "kept_unique_basis_states": 9256,
        "fermion_shots_rejected": 0,
        "kept_shots": 30000
    },
    "new_basis_count": 2589,
    "total_basis_count": 51678,
    "H_reduced_size": [
        51678,
        51678
    ],
    "reduction": 95.07160186767578,
    "H_reduced_e": 0.0002570365638226438,
    "used_dense": false,
    "eigenvalue_time": "0:00:01.773625",
    "diff": 0.00025703656381871165,
    "change_from_prev": 7.138803744227273e-07,
    "circuit_cost": {
        "depth": 1653,
        "size": 5532,
        "num_2q_ops": 1294,
        "depth_2q": 544,
        "count_ops": {
            "rz": 1941,
            "sx": 1823,
            "cz": 1294,
            "x": 454,
            "measure": 20,
            "barrier": 1
        }
    }
}
[2026-02-13 13:56:06,659][INFO] [Run 4] Running for Krylov dimension 12
[2026-02-13 13:56:08,571][INFO] [Run 4]
{
    "raw_unique_basis_states": 4776,
    "fermion_basis_rejected": 0,
    "kept_unique_basis_states": 4776,
    "fermion_shots_rejected": 0,
    "kept_shots": 30000
}
[2026-02-13 14:02:17,250][INFO] [Run 4]
{
    "D": 12,
    "t": 6.0,
    "num_trotter_steps": 2,
    "circuit_time": "0:00:01.727369",
    "shot_processing": {
        "raw_unique_basis_states": 4776,
        "fermion_basis_rejected": 0,
        "kept_unique_basis_states": 4776,
        "fermion_shots_rejected": 0,
        "kept_shots": 30000
    },
    "new_basis_count": 434,
    "total_basis_count": 52112,
    "H_reduced_size": [
        52112,
        52112
    ],
    "reduction": 95.03021240234375,
    "H_reduced_e": 0.0002570365638146669,
    "used_dense": false,
    "eigenvalue_time": "0:00:01.621925",
    "diff": 0.0002570365638107348,
    "change_from_prev": 7.976854853736226e-15,
    "circuit_cost": {
        "depth": 1623,
        "size": 5432,
        "num_2q_ops": 1294,
        "depth_2q": 544,
        "count_ops": {
            "rz": 1885,
            "sx": 1823,
            "cz": 1294,
            "x": 410,
            "measure": 20,
            "barrier": 1
        }
    }
}
[2026-02-13 14:02:17,250][INFO] [Run 4] Running for Krylov dimension 13
[2026-02-13 14:02:19,123][INFO] [Run 4]
{
    "raw_unique_basis_states": 3483,
    "fermion_basis_rejected": 0,
    "kept_unique_basis_states": 3483,
    "fermion_shots_rejected": 0,
    "kept_shots": 30000
}
[2026-02-13 14:08:20,597][INFO] [Run 4]
{
    "D": 13,
    "t": 6.5,
    "num_trotter_steps": 2,
    "circuit_time": "0:00:01.679365",
    "shot_processing": {
        "raw_unique_basis_states": 3483,
        "fermion_basis_rejected": 0,
        "kept_unique_basis_states": 3483,
        "fermion_shots_rejected": 0,
        "kept_shots": 30000
    },
    "new_basis_count": 199,
    "total_basis_count": 52311,
    "H_reduced_size": [
        52311,
        52311
    ],
    "reduction": 95.01123428344727,
    "H_reduced_e": 0.00025703656381621635,
    "used_dense": false,
    "eigenvalue_time": "0:00:00.747116",
    "diff": 0.0002570365638122842,
    "change_from_prev": 1.5494333246990344e-15,
    "circuit_cost": {
        "depth": 1641,
        "size": 5518,
        "num_2q_ops": 1294,
        "depth_2q": 544,
        "count_ops": {
            "rz": 1911,
            "sx": 1823,
            "cz": 1294,
            "x": 470,
            "measure": 20,
            "barrier": 1
        }
    }
}
[2026-02-13 14:08:20,597][INFO] [Run 4] Running for Krylov dimension 14
[2026-02-13 14:08:22,993][INFO] [Run 4]
{
    "raw_unique_basis_states": 12360,
    "fermion_basis_rejected": 0,
    "kept_unique_basis_states": 12360,
    "fermion_shots_rejected": 0,
    "kept_shots": 30000
}
[2026-02-13 14:14:52,290][INFO] [Run 4]
{
    "D": 14,
    "t": 4.666666666666667,
    "num_trotter_steps": 3,
    "circuit_time": "0:00:02.208024",
    "shot_processing": {
        "raw_unique_basis_states": 12360,
        "fermion_basis_rejected": 0,
        "kept_unique_basis_states": 12360,
        "fermion_shots_rejected": 0,
        "kept_shots": 30000
    },
    "new_basis_count": 2950,
    "total_basis_count": 55261,
    "H_reduced_size": [
        55261,
        55261
    ],
    "reduction": 94.72990036010742,
    "H_reduced_e": 0.0002570338612352343,
    "used_dense": false,
    "eigenvalue_time": "0:00:01.031362",
    "diff": 0.0002570338612313022,
    "change_from_prev": 2.7025809820309735e-09,
    "circuit_cost": {
        "depth": 2440,
        "size": 8165,
        "num_2q_ops": 1941,
        "depth_2q": 815,
        "count_ops": {
            "rz": 2827,
            "sx": 2735,
            "cz": 1941,
            "x": 642,
            "measure": 20,
            "barrier": 1
        }
    }
}
[2026-02-13 14:14:52,294][INFO] [Run 4] Done
