[2026-02-13 13:27:11,470][INFO] Running VQE for linear potential and cutoff 16
[2026-02-13 13:27:11,475][INFO] Truncation: {'m': 212, 'n': 2211, 'keep_frac_terms': 0.09588421528720036, 'keep_ratio': 0.999, 'truncated': 1.377312853455578, 'total_weight': 1381.999999999984}
[2026-02-13 13:27:11,501][INFO] min_eigenvalue: 3.9321294598410086e-15
[2026-02-13 13:27:14,275][INFO] []
[2026-02-13 13:27:14,277][INFO] [Run 5] Running for Krylov dimension 1
[2026-02-13 13:27:15,287][INFO] [Run 5]
{
    "raw_unique_basis_states": 2805,
    "fermion_basis_rejected": 0,
    "kept_unique_basis_states": 2805,
    "fermion_shots_rejected": 0,
    "kept_shots": 30000
}
[2026-02-13 13:27:27,185][INFO] [Run 5]
{
    "D": 1,
    "t": 1.0,
    "num_trotter_steps": 1,
    "circuit_time": "0:00:00.871162",
    "shot_processing": {
        "raw_unique_basis_states": 2805,
        "fermion_basis_rejected": 0,
        "kept_unique_basis_states": 2805,
        "fermion_shots_rejected": 0,
        "kept_shots": 30000
    },
    "new_basis_count": 2805,
    "total_basis_count": 2805,
    "H_reduced_size": [
        2805,
        2805
    ],
    "reduction": 99.73249435424805,
    "H_reduced_e": 0.0003084976029690565,
    "used_dense": false,
    "eigenvalue_time": "0:00:00.027072",
    "diff": 0.00030849760296512436,
    "change_from_prev": null,
    "circuit_cost": {
        "depth": 826,
        "size": 2758,
        "num_2q_ops": 647,
        "depth_2q": 273,
        "count_ops": {
            "rz": 960,
            "sx": 912,
            "cz": 647,
            "x": 219,
            "measure": 20,
            "barrier": 1
        }
    }
}
[2026-02-13 13:27:27,185][INFO] [Run 5] Running for Krylov dimension 2
[2026-02-13 13:27:28,055][INFO] [Run 5]
{
    "raw_unique_basis_states": 9965,
    "fermion_basis_rejected": 0,
    "kept_unique_basis_states": 9965,
    "fermion_shots_rejected": 0,
    "kept_shots": 30000
}
[2026-02-13 13:28:21,126][INFO] [Run 5]
{
    "D": 2,
    "t": 2.0,
    "num_trotter_steps": 1,
    "circuit_time": "0:00:00.787846",
    "shot_processing": {
        "raw_unique_basis_states": 9965,
        "fermion_basis_rejected": 0,
        "kept_unique_basis_states": 9965,
        "fermion_shots_rejected": 0,
        "kept_shots": 30000
    },
    "new_basis_count": 8777,
    "total_basis_count": 11582,
    "H_reduced_size": [
        11582,
        11582
    ],
    "reduction": 98.89545440673828,
    "H_reduced_e": 0.00027387455278064766,
    "used_dense": false,
    "eigenvalue_time": "0:00:00.095557",
    "diff": 0.00027387455277671553,
    "change_from_prev": 3.462305018840883e-05,
    "circuit_cost": {
        "depth": 819,
        "size": 2742,
        "num_2q_ops": 647,
        "depth_2q": 273,
        "count_ops": {
            "rz": 952,
            "sx": 912,
            "cz": 647,
            "x": 211,
            "measure": 20,
            "barrier": 1
        }
    }
}
[2026-02-13 13:28:21,126][INFO] [Run 5] Running for Krylov dimension 3
[2026-02-13 13:28:21,966][INFO] [Run 5]
{
    "raw_unique_basis_states": 2768,
    "fermion_basis_rejected": 0,
    "kept_unique_basis_states": 2768,
    "fermion_shots_rejected": 0,
    "kept_shots": 30000
}
[2026-02-13 13:29:23,101][INFO] [Run 5]
{
    "D": 3,
    "t": 3.0,
    "num_trotter_steps": 1,
    "circuit_time": "0:00:00.767392",
    "shot_processing": {
        "raw_unique_basis_states": 2768,
        "fermion_basis_rejected": 0,
        "kept_unique_basis_states": 2768,
        "fermion_shots_rejected": 0,
        "kept_shots": 30000
    },
    "new_basis_count": 1616,
    "total_basis_count": 13198,
    "H_reduced_size": [
        13198,
        13198
    ],
    "reduction": 98.74134063720703,
    "H_reduced_e": 0.0002738741959391098,
    "used_dense": false,
    "eigenvalue_time": "0:00:00.112485",
    "diff": 0.00027387419593517766,
    "change_from_prev": 3.568415378723405e-10,
    "circuit_cost": {
        "depth": 819,
        "size": 2744,
        "num_2q_ops": 647,
        "depth_2q": 273,
        "count_ops": {
            "rz": 956,
            "sx": 912,
            "cz": 647,
            "x": 209,
            "measure": 20,
            "barrier": 1
        }
    }
}
[2026-02-13 13:29:23,101][INFO] [Run 5] Running for Krylov dimension 4
[2026-02-13 13:29:23,958][INFO] [Run 5]
{
    "raw_unique_basis_states": 8352,
    "fermion_basis_rejected": 0,
    "kept_unique_basis_states": 8352,
    "fermion_shots_rejected": 0,
    "kept_shots": 30000
}
[2026-02-13 13:30:47,244][INFO] [Run 5]
{
    "D": 4,
    "t": 4.0,
    "num_trotter_steps": 1,
    "circuit_time": "0:00:00.775685",
    "shot_processing": {
        "raw_unique_basis_states": 8352,
        "fermion_basis_rejected": 0,
        "kept_unique_basis_states": 8352,
        "fermion_shots_rejected": 0,
        "kept_shots": 30000
    },
    "new_basis_count": 4409,
    "total_basis_count": 17607,
    "H_reduced_size": [
        17607,
        17607
    ],
    "reduction": 98.32086563110352,
    "H_reduced_e": 0.00027384759145637706,
    "used_dense": false,
    "eigenvalue_time": "0:00:00.160074",
    "diff": 0.00027384759145244493,
    "change_from_prev": 2.6604482732724838e-08,
    "circuit_cost": {
        "depth": 826,
        "size": 2756,
        "num_2q_ops": 647,
        "depth_2q": 273,
        "count_ops": {
            "rz": 961,
            "sx": 912,
            "cz": 647,
            "x": 216,
            "measure": 20,
            "barrier": 1
        }
    }
}
[2026-02-13 13:30:47,244][INFO] [Run 5] Running for Krylov dimension 5
[2026-02-13 13:30:48,147][INFO] [Run 5]
{
    "raw_unique_basis_states": 11546,
    "fermion_basis_rejected": 0,
    "kept_unique_basis_states": 11546,
    "fermion_shots_rejected": 0,
    "kept_shots": 30000
}
[2026-02-13 13:32:50,796][INFO] [Run 5]
{
    "D": 5,
    "t": 5.0,
    "num_trotter_steps": 1,
    "circuit_time": "0:00:00.816341",
    "shot_processing": {
        "raw_unique_basis_states": 11546,
        "fermion_basis_rejected": 0,
        "kept_unique_basis_states": 11546,
        "fermion_shots_rejected": 0,
        "kept_shots": 30000
    },
    "new_basis_count": 8187,
    "total_basis_count": 25794,
    "H_reduced_size": [
        25794,
        25794
    ],
    "reduction": 97.54009246826172,
    "H_reduced_e": 0.0002738471459385345,
    "used_dense": false,
    "eigenvalue_time": "0:00:00.265002",
    "diff": 0.00027384714593460237,
    "change_from_prev": 4.455178425613257e-10,
    "circuit_cost": {
        "depth": 822,
        "size": 2739,
        "num_2q_ops": 647,
        "depth_2q": 273,
        "count_ops": {
            "rz": 947,
            "sx": 912,
            "cz": 647,
            "x": 213,
            "measure": 20,
            "barrier": 1
        }
    }
}
[2026-02-13 13:32:50,796][INFO] [Run 5] Running for Krylov dimension 6
[2026-02-13 13:32:52,419][INFO] [Run 5]
{
    "raw_unique_basis_states": 5233,
    "fermion_basis_rejected": 0,
    "kept_unique_basis_states": 5233,
    "fermion_shots_rejected": 0,
    "kept_shots": 30000
}
[2026-02-13 13:35:08,663][INFO] [Run 5]
{
    "D": 6,
    "t": 3.0,
    "num_trotter_steps": 2,
    "circuit_time": "0:00:01.493144",
    "shot_processing": {
        "raw_unique_basis_states": 5233,
        "fermion_basis_rejected": 0,
        "kept_unique_basis_states": 5233,
        "fermion_shots_rejected": 0,
        "kept_shots": 30000
    },
    "new_basis_count": 2799,
    "total_basis_count": 28593,
    "H_reduced_size": [
        28593,
        28593
    ],
    "reduction": 97.27315902709961,
    "H_reduced_e": 0.0002738018913355639,
    "used_dense": false,
    "eigenvalue_time": "0:00:00.304269",
    "diff": 0.00027380189133163177,
    "change_from_prev": 4.5254602970600313e-08,
    "circuit_cost": {
        "depth": 1651,
        "size": 5476,
        "num_2q_ops": 1294,
        "depth_2q": 544,
        "count_ops": {
            "rz": 1913,
            "sx": 1823,
            "cz": 1294,
            "x": 426,
            "measure": 20,
            "barrier": 1
        }
    }
}
[2026-02-13 13:35:08,664][INFO] [Run 5] Running for Krylov dimension 7
[2026-02-13 13:35:10,286][INFO] [Run 5]
{
    "raw_unique_basis_states": 7832,
    "fermion_basis_rejected": 0,
    "kept_unique_basis_states": 7832,
    "fermion_shots_rejected": 0,
    "kept_shots": 30000
}
[2026-02-13 13:37:43,257][INFO] [Run 5]
{
    "D": 7,
    "t": 3.5,
    "num_trotter_steps": 2,
    "circuit_time": "0:00:01.491266",
    "shot_processing": {
        "raw_unique_basis_states": 7832,
        "fermion_basis_rejected": 0,
        "kept_unique_basis_states": 7832,
        "fermion_shots_rejected": 0,
        "kept_shots": 30000
    },
    "new_basis_count": 3279,
    "total_basis_count": 31872,
    "H_reduced_size": [
        31872,
        31872
    ],
    "reduction": 96.96044921875,
    "H_reduced_e": 0.00026193074006967943,
    "used_dense": false,
    "eigenvalue_time": "0:00:00.355856",
    "diff": 0.0002619307400657473,
    "change_from_prev": 1.187115126588447e-05,
    "circuit_cost": {
        "depth": 1626,
        "size": 5445,
        "num_2q_ops": 1294,
        "depth_2q": 544,
        "count_ops": {
            "rz": 1883,
            "sx": 1823,
            "cz": 1294,
            "x": 425,
            "measure": 20,
            "barrier": 1
        }
    }
}
[2026-02-13 13:37:43,257][INFO] [Run 5] Running for Krylov dimension 8
[2026-02-13 13:37:44,883][INFO] [Run 5]
{
    "raw_unique_basis_states": 11810,
    "fermion_basis_rejected": 0,
    "kept_unique_basis_states": 11810,
    "fermion_shots_rejected": 0,
    "kept_shots": 30000
}
[2026-02-13 13:40:45,722][INFO] [Run 5]
{
    "D": 8,
    "t": 4.0,
    "num_trotter_steps": 2,
    "circuit_time": "0:00:01.489672",
    "shot_processing": {
        "raw_unique_basis_states": 11810,
        "fermion_basis_rejected": 0,
        "kept_unique_basis_states": 11810,
        "fermion_shots_rejected": 0,
        "kept_shots": 30000
    },
    "new_basis_count": 5480,
    "total_basis_count": 37352,
    "H_reduced_size": [
        37352,
        37352
    ],
    "reduction": 96.43783569335938,
    "H_reduced_e": 1.1075794410747998e-05,
    "used_dense": false,
    "eigenvalue_time": "0:00:00.500578",
    "diff": 1.1075794406815867e-05,
    "change_from_prev": 0.00025085494565893143,
    "circuit_cost": {
        "depth": 1625,
        "size": 5434,
        "num_2q_ops": 1294,
        "depth_2q": 544,
        "count_ops": {
            "rz": 1883,
            "sx": 1823,
            "cz": 1294,
            "x": 414,
            "measure": 20,
            "barrier": 1
        }
    }
}
[2026-02-13 13:40:45,723][INFO] [Run 5] Running for Krylov dimension 9
[2026-02-13 13:40:47,345][INFO] [Run 5]
{
    "raw_unique_basis_states": 13743,
    "fermion_basis_rejected": 0,
    "kept_unique_basis_states": 13743,
    "fermion_shots_rejected": 0,
    "kept_shots": 30000
}
[2026-02-13 13:44:25,610][INFO] [Run 5]
{
    "D": 9,
    "t": 4.5,
    "num_trotter_steps": 2,
    "circuit_time": "0:00:01.482613",
    "shot_processing": {
        "raw_unique_basis_states": 13743,
        "fermion_basis_rejected": 0,
        "kept_unique_basis_states": 13743,
        "fermion_shots_rejected": 0,
        "kept_shots": 30000
    },
    "new_basis_count": 6445,
    "total_basis_count": 43797,
    "H_reduced_size": [
        43797,
        43797
    ],
    "reduction": 95.82319259643555,
    "H_reduced_e": 8.475358144892604e-06,
    "used_dense": false,
    "eigenvalue_time": "0:00:00.658376",
    "diff": 8.475358140960474e-06,
    "change_from_prev": 2.6004362658553934e-06,
    "circuit_cost": {
        "depth": 1650,
        "size": 5440,
        "num_2q_ops": 1294,
        "depth_2q": 544,
        "count_ops": {
            "rz": 1885,
            "sx": 1823,
            "cz": 1294,
            "x": 418,
            "measure": 20,
            "barrier": 1
        }
    }
}
[2026-02-13 13:44:25,610][INFO] [Run 5] Running for Krylov dimension 10
[2026-02-13 13:44:27,234][INFO] [Run 5]
{
    "raw_unique_basis_states": 12923,
    "fermion_basis_rejected": 0,
    "kept_unique_basis_states": 12923,
    "fermion_shots_rejected": 0,
    "kept_shots": 30000
}
[2026-02-13 13:48:32,035][INFO] [Run 5]
{
    "D": 10,
    "t": 5.0,
    "num_trotter_steps": 2,
    "circuit_time": "0:00:01.484041",
    "shot_processing": {
        "raw_unique_basis_states": 12923,
        "fermion_basis_rejected": 0,
        "kept_unique_basis_states": 12923,
        "fermion_shots_rejected": 0,
        "kept_shots": 30000
    },
    "new_basis_count": 4814,
    "total_basis_count": 48611,
    "H_reduced_size": [
        48611,
        48611
    ],
    "reduction": 95.36409378051758,
    "H_reduced_e": 6.575176560959333e-06,
    "used_dense": false,
    "eigenvalue_time": "0:00:00.751786",
    "diff": 6.575176557027204e-06,
    "change_from_prev": 1.9001815839332709e-06,
    "circuit_cost": {
        "depth": 1639,
        "size": 5466,
        "num_2q_ops": 1294,
        "depth_2q": 544,
        "count_ops": {
            "rz": 1901,
            "sx": 1823,
            "cz": 1294,
            "x": 428,
            "measure": 20,
            "barrier": 1
        }
    }
}
[2026-02-13 13:48:32,035][INFO] [Run 5] Running for Krylov dimension 11
[2026-02-13 13:48:33,657][INFO] [Run 5]
{
    "raw_unique_basis_states": 9086,
    "fermion_basis_rejected": 0,
    "kept_unique_basis_states": 9086,
    "fermion_shots_rejected": 0,
    "kept_shots": 30000
}
[2026-02-13 13:52:46,595][INFO] [Run 5]
{
    "D": 11,
    "t": 5.5,
    "num_trotter_steps": 2,
    "circuit_time": "0:00:01.486375",
    "shot_processing": {
        "raw_unique_basis_states": 9086,
        "fermion_basis_rejected": 0,
        "kept_unique_basis_states": 9086,
        "fermion_shots_rejected": 0,
        "kept_shots": 30000
    },
    "new_basis_count": 2110,
    "total_basis_count": 50721,
    "H_reduced_size": [
        50721,
        50721
    ],
    "reduction": 95.16286849975586,
    "H_reduced_e": 2.1214359916286208e-06,
    "used_dense": false,
    "eigenvalue_time": "0:00:00.811921",
    "diff": 2.1214359876964914e-06,
    "change_from_prev": 4.4537405693307125e-06,
    "circuit_cost": {
        "depth": 1653,
        "size": 5532,
        "num_2q_ops": 1294,
        "depth_2q": 544,
        "count_ops": {
            "rz": 1941,
            "sx": 1823,
            "cz": 1294,
            "x": 454,
            "measure": 20,
            "barrier": 1
        }
    }
}
[2026-02-13 13:52:46,596][INFO] [Run 5] Running for Krylov dimension 12
[2026-02-13 13:52:48,208][INFO] [Run 5]
{
    "raw_unique_basis_states": 4810,
    "fermion_basis_rejected": 0,
    "kept_unique_basis_states": 4810,
    "fermion_shots_rejected": 0,
    "kept_shots": 30000
}
[2026-02-13 13:57:04,676][INFO] [Run 5]
{
    "D": 12,
    "t": 6.0,
    "num_trotter_steps": 2,
    "circuit_time": "0:00:01.482884",
    "shot_processing": {
        "raw_unique_basis_states": 4810,
        "fermion_basis_rejected": 0,
        "kept_unique_basis_states": 4810,
        "fermion_shots_rejected": 0,
        "kept_shots": 30000
    },
    "new_basis_count": 315,
    "total_basis_count": 51036,
    "H_reduced_size": [
        51036,
        51036
    ],
    "reduction": 95.13282775878906,
    "H_reduced_e": 1.3781662012875434e-06,
    "used_dense": false,
    "eigenvalue_time": "0:00:00.862122",
    "diff": 1.378166197355414e-06,
    "change_from_prev": 7.432697903410773e-07,
    "circuit_cost": {
        "depth": 1623,
        "size": 5432,
        "num_2q_ops": 1294,
        "depth_2q": 544,
        "count_ops": {
            "rz": 1885,
            "sx": 1823,
            "cz": 1294,
            "x": 410,
            "measure": 20,
            "barrier": 1
        }
    }
}
[2026-02-13 13:57:04,676][INFO] [Run 5] Running for Krylov dimension 13
[2026-02-13 13:57:06,288][INFO] [Run 5]
{
    "raw_unique_basis_states": 3546,
    "fermion_basis_rejected": 0,
    "kept_unique_basis_states": 3546,
    "fermion_shots_rejected": 0,
    "kept_shots": 30000
}
[2026-02-13 14:01:19,027][INFO] [Run 5]
{
    "D": 13,
    "t": 6.5,
    "num_trotter_steps": 2,
    "circuit_time": "0:00:01.469187",
    "shot_processing": {
        "raw_unique_basis_states": 3546,
        "fermion_basis_rejected": 0,
        "kept_unique_basis_states": 3546,
        "fermion_shots_rejected": 0,
        "kept_shots": 30000
    },
    "new_basis_count": 166,
    "total_basis_count": 51202,
    "H_reduced_size": [
        51202,
        51202
    ],
    "reduction": 95.11699676513672,
    "H_reduced_e": 1.3768200791627898e-06,
    "used_dense": false,
    "eigenvalue_time": "0:00:00.839144",
    "diff": 1.3768200752306604e-06,
    "change_from_prev": 1.3461221247536695e-09,
    "circuit_cost": {
        "depth": 1641,
        "size": 5518,
        "num_2q_ops": 1294,
        "depth_2q": 544,
        "count_ops": {
            "rz": 1911,
            "sx": 1823,
            "cz": 1294,
            "x": 470,
            "measure": 20,
            "barrier": 1
        }
    }
}
[2026-02-13 14:01:19,027][INFO] [Run 5] Running for Krylov dimension 14
[2026-02-13 14:01:20,624][INFO] [Run 5]
{
    "raw_unique_basis_states": 6427,
    "fermion_basis_rejected": 0,
    "kept_unique_basis_states": 6427,
    "fermion_shots_rejected": 0,
    "kept_shots": 30000
}
[2026-02-13 14:05:39,683][INFO] [Run 5]
{
    "D": 14,
    "t": 7.0,
    "num_trotter_steps": 2,
    "circuit_time": "0:00:01.468114",
    "shot_processing": {
        "raw_unique_basis_states": 6427,
        "fermion_basis_rejected": 0,
        "kept_unique_basis_states": 6427,
        "fermion_shots_rejected": 0,
        "kept_shots": 30000
    },
    "new_basis_count": 897,
    "total_basis_count": 52099,
    "H_reduced_size": [
        52099,
        52099
    ],
    "reduction": 95.03145217895508,
    "H_reduced_e": 1.3688069680778688e-06,
    "used_dense": false,
    "eigenvalue_time": "0:00:00.853805",
    "diff": 1.3688069641457394e-06,
    "change_from_prev": 8.013111084920968e-09,
    "circuit_cost": {
        "depth": 1624,
        "size": 5410,
        "num_2q_ops": 1294,
        "depth_2q": 544,
        "count_ops": {
            "rz": 1865,
            "sx": 1823,
            "cz": 1294,
            "x": 408,
            "measure": 20,
            "barrier": 1
        }
    }
}
[2026-02-13 14:05:39,683][INFO] [Run 5] Running for Krylov dimension 15
[2026-02-13 14:05:41,947][INFO] [Run 5]
{
    "raw_unique_basis_states": 14161,
    "fermion_basis_rejected": 0,
    "kept_unique_basis_states": 14161,
    "fermion_shots_rejected": 0,
    "kept_shots": 30000
}
[2026-02-13 14:10:26,984][INFO] [Run 5]
{
    "D": 15,
    "t": 5.0,
    "num_trotter_steps": 3,
    "circuit_time": "0:00:02.072498",
    "shot_processing": {
        "raw_unique_basis_states": 14161,
        "fermion_basis_rejected": 0,
        "kept_unique_basis_states": 14161,
        "fermion_shots_rejected": 0,
        "kept_shots": 30000
    },
    "new_basis_count": 4028,
    "total_basis_count": 56127,
    "H_reduced_size": [
        56127,
        56127
    ],
    "reduction": 94.64731216430664,
    "H_reduced_e": 2.849317983125342e-08,
    "used_dense": false,
    "eigenvalue_time": "0:00:01.081177",
    "diff": 2.849317589912396e-08,
    "change_from_prev": 1.3403137882466153e-06,
    "circuit_cost": {
        "depth": 2449,
        "size": 8198,
        "num_2q_ops": 1941,
        "depth_2q": 815,
        "count_ops": {
            "rz": 2859,
            "sx": 2735,
            "cz": 1941,
            "x": 643,
            "measure": 20,
            "barrier": 1
        }
    }
}
[2026-02-13 14:10:26,984][INFO] [Run 5] Running for Krylov dimension 16
[2026-02-13 14:10:29,239][INFO] [Run 5]
{
    "raw_unique_basis_states": 14832,
    "fermion_basis_rejected": 0,
    "kept_unique_basis_states": 14832,
    "fermion_shots_rejected": 0,
    "kept_shots": 30000
}
[2026-02-13 14:15:36,241][INFO] [Run 5]
{
    "D": 16,
    "t": 5.333333333333333,
    "num_trotter_steps": 3,
    "circuit_time": "0:00:02.065547",
    "shot_processing": {
        "raw_unique_basis_states": 14832,
        "fermion_basis_rejected": 0,
        "kept_unique_basis_states": 14832,
        "fermion_shots_rejected": 0,
        "kept_shots": 30000
    },
    "new_basis_count": 3825,
    "total_basis_count": 59952,
    "H_reduced_size": [
        59952,
        59952
    ],
    "reduction": 94.28253173828125,
    "H_reduced_e": 2.848866630130035e-08,
    "used_dense": false,
    "eigenvalue_time": "0:00:01.100189",
    "diff": 2.848866236917089e-08,
    "change_from_prev": 4.513529953071383e-12,
    "circuit_cost": {
        "depth": 2437,
        "size": 8105,
        "num_2q_ops": 1941,
        "depth_2q": 815,
        "count_ops": {
            "rz": 2796,
            "sx": 2735,
            "cz": 1941,
            "x": 613,
            "measure": 20,
            "barrier": 1
        }
    }
}
[2026-02-13 14:15:36,242][INFO] [Run 5] Running for Krylov dimension 17
[2026-02-13 14:15:38,502][INFO] [Run 5]
{
    "raw_unique_basis_states": 16366,
    "fermion_basis_rejected": 0,
    "kept_unique_basis_states": 16366,
    "fermion_shots_rejected": 0,
    "kept_shots": 30000
}
[2026-02-13 14:21:04,270][INFO] [Run 5]
{
    "D": 17,
    "t": 5.666666666666667,
    "num_trotter_steps": 3,
    "circuit_time": "0:00:02.070068",
    "shot_processing": {
        "raw_unique_basis_states": 16366,
        "fermion_basis_rejected": 0,
        "kept_unique_basis_states": 16366,
        "fermion_shots_rejected": 0,
        "kept_shots": 30000
    },
    "new_basis_count": 4142,
    "total_basis_count": 64094,
    "H_reduced_size": [
        64094,
        64094
    ],
    "reduction": 93.88751983642578,
    "H_reduced_e": 2.8439681501662757e-08,
    "used_dense": false,
    "eigenvalue_time": "0:00:01.289858",
    "diff": 2.8439677569533295e-08,
    "change_from_prev": 4.898479963759341e-11,
    "circuit_cost": {
        "depth": 2453,
        "size": 8150,
        "num_2q_ops": 1941,
        "depth_2q": 815,
        "count_ops": {
            "rz": 2816,
            "sx": 2735,
            "cz": 1941,
            "x": 638,
            "measure": 20,
            "barrier": 1
        }
    }
}
[2026-02-13 14:21:04,270][INFO] [Run 5] Running for Krylov dimension 18
[2026-02-13 14:21:07,207][INFO] [Run 5]
{
    "raw_unique_basis_states": 11244,
    "fermion_basis_rejected": 0,
    "kept_unique_basis_states": 11244,
    "fermion_shots_rejected": 0,
    "kept_shots": 30000
}
[2026-02-13 14:26:38,359][INFO] [Run 5]
{
    "D": 18,
    "t": 4.5,
    "num_trotter_steps": 4,
    "circuit_time": "0:00:02.697676",
    "shot_processing": {
        "raw_unique_basis_states": 11244,
        "fermion_basis_rejected": 0,
        "kept_unique_basis_states": 11244,
        "fermion_shots_rejected": 0,
        "kept_shots": 30000
    },
    "new_basis_count": 838,
    "total_basis_count": 64932,
    "H_reduced_size": [
        64932,
        64932
    ],
    "reduction": 93.80760192871094,
    "H_reduced_e": 4.852617954435048e-09,
    "used_dense": false,
    "eigenvalue_time": "0:00:01.274274",
    "diff": 4.8526140223055885e-09,
    "change_from_prev": 2.358706354722771e-08,
    "circuit_cost": {
        "depth": 3262,
        "size": 10846,
        "num_2q_ops": 2588,
        "depth_2q": 1086,
        "count_ops": {
            "rz": 3779,
            "sx": 3647,
            "cz": 2588,
            "x": 812,
            "measure": 20,
            "barrier": 1
        }
    }
}
[2026-02-13 14:26:38,359][INFO] [Run 5] Running for Krylov dimension 19
[2026-02-13 14:26:41,275][INFO] [Run 5]
{
    "raw_unique_basis_states": 11563,
    "fermion_basis_rejected": 0,
    "kept_unique_basis_states": 11563,
    "fermion_shots_rejected": 0,
    "kept_shots": 30000
}
[2026-02-13 14:32:17,510][INFO] [Run 5]
{
    "D": 19,
    "t": 4.75,
    "num_trotter_steps": 4,
    "circuit_time": "0:00:02.680641",
    "shot_processing": {
        "raw_unique_basis_states": 11563,
        "fermion_basis_rejected": 0,
        "kept_unique_basis_states": 11563,
        "fermion_shots_rejected": 0,
        "kept_shots": 30000
    },
    "new_basis_count": 734,
    "total_basis_count": 65666,
    "H_reduced_size": [
        65666,
        65666
    ],
    "reduction": 93.73760223388672,
    "H_reduced_e": 1.2216100604167813e-11,
    "used_dense": false,
    "eigenvalue_time": "0:00:01.577961",
    "diff": 1.2212168474707973e-11,
    "change_from_prev": 4.840401853830881e-09,
    "circuit_cost": {
        "depth": 3258,
        "size": 10914,
        "num_2q_ops": 2588,
        "depth_2q": 1086,
        "count_ops": {
            "rz": 3807,
            "sx": 3647,
            "cz": 2588,
            "x": 852,
            "measure": 20,
            "barrier": 1
        }
    }
}
[2026-02-13 14:32:17,510][INFO] [Run 5] Running for Krylov dimension 20
[2026-02-13 14:32:20,456][INFO] [Run 5]
{
    "raw_unique_basis_states": 11483,
    "fermion_basis_rejected": 0,
    "kept_unique_basis_states": 11483,
    "fermion_shots_rejected": 0,
    "kept_shots": 30000
}
[2026-02-13 14:37:58,079][INFO] [Run 5]
{
    "D": 20,
    "t": 5.0,
    "num_trotter_steps": 4,
    "circuit_time": "0:00:02.708071",
    "shot_processing": {
        "raw_unique_basis_states": 11483,
        "fermion_basis_rejected": 0,
        "kept_unique_basis_states": 11483,
        "fermion_shots_rejected": 0,
        "kept_shots": 30000
    },
    "new_basis_count": 719,
    "total_basis_count": 66385,
    "H_reduced_size": [
        66385,
        66385
    ],
    "reduction": 93.66903305053711,
    "H_reduced_e": 9.782464941881345e-12,
    "used_dense": false,
    "eigenvalue_time": "0:00:01.791474",
    "diff": 9.778532812421505e-12,
    "change_from_prev": 2.4336356622864675e-12,
    "circuit_cost": {
        "depth": 3268,
        "size": 10922,
        "num_2q_ops": 2588,
        "depth_2q": 1086,
        "count_ops": {
            "rz": 3811,
            "sx": 3647,
            "cz": 2588,
            "x": 856,
            "measure": 20,
            "barrier": 1
        }
    }
}
[2026-02-13 14:37:58,080][INFO] [Run 5] Running for Krylov dimension 21
[2026-02-13 14:38:01,695][INFO] [Run 5]
{
    "raw_unique_basis_states": 8145,
    "fermion_basis_rejected": 0,
    "kept_unique_basis_states": 8145,
    "fermion_shots_rejected": 0,
    "kept_shots": 30000
}
[2026-02-13 14:43:39,572][INFO] [Run 5]
{
    "D": 21,
    "t": 4.2,
    "num_trotter_steps": 5,
    "circuit_time": "0:00:03.337336",
    "shot_processing": {
        "raw_unique_basis_states": 8145,
        "fermion_basis_rejected": 0,
        "kept_unique_basis_states": 8145,
        "fermion_shots_rejected": 0,
        "kept_shots": 30000
    },
    "new_basis_count": 261,
    "total_basis_count": 66646,
    "H_reduced_size": [
        66646,
        66646
    ],
    "reduction": 93.6441421508789,
    "H_reduced_e": 7.099341404618482e-12,
    "used_dense": false,
    "eigenvalue_time": "0:00:01.463463",
    "diff": 7.0954092751586405e-12,
    "change_from_prev": 2.6831235372628637e-12,
    "circuit_cost": {
        "depth": 4078,
        "size": 13493,
        "num_2q_ops": 3235,
        "depth_2q": 1357,
        "count_ops": {
            "rz": 4651,
            "sx": 4559,
            "cz": 3235,
            "x": 1028,
            "measure": 20,
            "barrier": 1
        }
    }
}
[2026-02-13 14:43:39,577][INFO] [Run 5] Done
