[2025-08-04 17:41:48,810][INFO] Starting VQE run 27 (seed=104052324)
[2025-08-04 17:41:48,890][INFO] Adding RY(0.0, wires=[4]) increased overlap from 0.0 to 0.9409065822039975
[2025-08-04 17:41:49,411][INFO] Adding CRY(0.0, wires=[4, 3])) increased overlap from 0.9409065822039975 to 0.9627407056333592
[2025-08-04 17:41:49,584][INFO] Adding RY(0.0, wires=[2]) increased overlap from 0.9627407056333592 to 0.9664624994540343
[2025-08-04 17:41:49,945][INFO] Adding RY(0.0, wires=[3]) increased overlap from 0.9664624994540343 to 0.9959224353851042
[2025-08-04 17:41:50,774][INFO] Adding RY(0.0, wires=[1]) increased overlap from 0.9959224353851042 to 0.9961475811946119
[2025-08-04 17:41:53,284][INFO] Adding CRY(0.0, wires=[4, 2])) increased overlap from 0.9961475811946119 to 0.9976474660703701
[2025-08-04 17:42:07,912][INFO] Adding CRY(0.0, wires=[4, 1])) increased overlap from 0.9976474660703701 to 0.9977435074824786
[2025-08-04 17:42:23,550][INFO] Adding CRY(0.0, wires=[3, 2])) decreased overlap from 0.9977435074824786 to 0.9595576292549343.. skipping this gate
[2025-08-04 17:42:23,550][INFO] gradient converged
[2025-08-04 17:42:23,550][INFO] Completed VQE run 7
[2025-08-04 17:42:23,550][INFO] Final ops list: [{'name': 'RY', 'param': 5.041650029558977, 'wires': [4]}, {'name': 'CRY', 'param': 5.707272609868262, 'wires': [4, 3]}, {'name': 'RY', 'param': 6.138879833421735, 'wires': [2]}, {'name': 'RY', 'param': 6.593655165693139, 'wires': [3]}, {'name': 'RY', 'param': 6.302433688071405, 'wires': [1]}, {'name': 'CRY', 'param': 6.3669276977743605, 'wires': [4, 2]}, {'name': 'CRY', 'param': -0.008013346959463239, 'wires': [4, 1]}]
[2025-08-04 17:42:23,550][INFO] Energy: 0.905997022262253
[2025-08-05 09:43:20,720][INFO] Starting VQE run 27 (seed=91563409)
[2025-08-05 09:43:20,819][INFO] Adding RY(0.0, wires=[4]) increased overlap from 0.0 to 0.9409065823546071
[2025-08-05 09:43:21,055][INFO] Adding CRY(0.0, wires=[4, 3])) increased overlap from 0.9409065823546071 to 0.9627407044461903
[2025-08-05 09:43:21,247][INFO] Adding RY(0.0, wires=[2]) increased overlap from 0.9627407044461903 to 0.9664624968014356
[2025-08-05 09:43:21,570][INFO] Adding RY(0.0, wires=[3]) increased overlap from 0.9664624968014356 to 0.9959224359411047
[2025-08-05 09:43:22,606][INFO] Adding RY(0.0, wires=[1]) increased overlap from 0.9959224359411047 to 0.9961475798207009
[2025-08-05 09:43:24,245][INFO] Adding CRY(0.0, wires=[4, 2])) increased overlap from 0.9961475798207009 to 0.99764746461889
[2025-08-05 09:43:26,720][INFO] Adding CRY(0.0, wires=[4, 1])) increased overlap from 0.99764746461889 to 0.9977435079147102
[2025-08-05 09:43:33,086][INFO] Adding CRY(0.0, wires=[3, 2])) increased overlap from 0.9977435079147102 to 0.998351454371943
[2025-08-05 09:43:51,788][INFO] Adding RY(0.0, wires=[3]) increased overlap from 0.998351454371943 to 0.9996341725450203
[2025-08-05 09:44:11,589][INFO] Adding CRY(0.0, wires=[3, 1])) increased overlap from 0.9996341725450203 to 0.9997145231129234
[2025-08-05 09:44:31,741][INFO] Adding CRY(0.0, wires=[2, 1])) increased overlap from 0.9997145231129234 to 0.9998690149401691
[2025-08-05 09:44:52,323][INFO] Adding RY(0.0, wires=[3]) increased overlap from 0.9998690149401691 to 0.9999315074584482
[2025-08-05 09:45:13,620][INFO] Adding RY(0.0, wires=[4]) had small change in overlap from 0.9999315074584482 to 0.9999167757268208
[2025-08-05 09:45:36,314][INFO] Adding CRY(0.0, wires=[3, 4])) had small change in overlap from 0.9999167757268208 to 0.9998131984466565
[2025-08-05 09:45:59,357][INFO] Adding RY(0.0, wires=[3]) had small change in overlap from 0.9998131984466565 to 0.9993479390953838
[2025-08-05 09:46:23,612][INFO] Adding CRY(0.0, wires=[2, 3])) increased overlap from 0.9993479390953838 to 0.9996030776294468
[2025-08-05 09:46:48,379][INFO] Adding RY(0.0, wires=[2]) increased overlap from 0.9996030776294468 to 0.9999823450050973
[2025-08-05 09:47:14,517][INFO] Adding CRY(0.0, wires=[1, 2])) had small change in overlap from 0.9999823450050973 to 0.9999198983368266
[2025-08-05 09:47:41,171][INFO] Adding RY(0.0, wires=[1]) had small change in overlap from 0.9999198983368266 to 0.9985045176430876
[2025-08-05 09:48:09,130][INFO] Adding CRY(0.0, wires=[2, 4])) increased overlap from 0.9985045176430876 to 0.9994899567790069
[2025-08-05 09:48:37,776][INFO] Adding RY(0.0, wires=[2]) increased overlap from 0.9994899567790069 to 0.9998479646491247
[2025-08-05 09:49:06,829][INFO] Adding RY(0.0, wires=[3]) increased overlap from 0.9998479646491247 to 0.9999299051335975
[2025-08-05 09:49:37,547][INFO] Adding CRY(0.0, wires=[1, 4])) had small change in overlap from 0.9999299051335975 to 0.99991150255583
[2025-08-05 09:50:08,852][INFO] Adding RY(0.0, wires=[1]) had small change in overlap from 0.99991150255583 to 0.9998288233143448
[2025-08-05 09:50:40,662][INFO] Adding RY(0.0, wires=[4]) increased overlap from 0.9998288233143448 to 0.9999299400205793
[2025-08-05 09:51:13,811][INFO] Adding CRY(0.0, wires=[1, 3])) had small change in overlap from 0.9999299400205793 to 0.9999259323660765
[2025-08-05 09:51:47,499][INFO] Adding RY(0.0, wires=[1]) increased overlap from 0.9999259323660765 to 0.999967832291104
[2025-08-05 09:52:21,521][INFO] Adding RY(0.0, wires=[3]) increased overlap from 0.999967832291104 to 0.999991632701669
[2025-08-05 09:52:54,389][INFO] Adding RY(0.0, wires=[0]) decreased overlap from 0.999991632701669 to 0.9899163711138841.. skipping this gate
[2025-08-05 09:52:54,389][INFO] gradient converged
[2025-08-05 09:52:54,389][INFO] Completed VQE run 28
[2025-08-05 09:52:54,390][INFO] Final ops list: [{'name': 'RY', 'param': 3.845989016830323, 'wires': [4]}, {'name': 'CRY', 'param': 2.137899072203331, 'wires': [4, 3]}, {'name': 'RY', 'param': -1.8503473006327138, 'wires': [2]}, {'name': 'RY', 'param': -1.4697523207747587, 'wires': [3]}, {'name': 'RY', 'param': 1.8492967099299713, 'wires': [1]}, {'name': 'CRY', 'param': 0.5419946789000755, 'wires': [4, 2]}, {'name': 'CRY', 'param': -0.3323075750698168, 'wires': [4, 1]}, {'name': 'CRY', 'param': 1.789626180983787, 'wires': [3, 2]}, {'name': 'RY', 'param': 0.40923876131937575, 'wires': [3]}, {'name': 'CRY', 'param': 1.403254695057741, 'wires': [3, 1]}, {'name': 'CRY', 'param': -1.593404991694051, 'wires': [2, 1]}, {'name': 'RY', 'param': 3.3828677111647805, 'wires': [3]}, {'name': 'RY', 'param': -0.06174084951798824, 'wires': [4]}, {'name': 'CRY', 'param': 6.310688198684106, 'wires': [3, 4]}, {'name': 'RY', 'param': 0.7514995418543081, 'wires': [3]}, {'name': 'CRY', 'param': -0.179629030205438, 'wires': [2, 3]}, {'name': 'RY', 'param': 0.42051957341117574, 'wires': [2]}, {'name': 'CRY', 'param': 4.499700996157413, 'wires': [1, 2]}, {'name': 'RY', 'param': 0.9533777887028146, 'wires': [1]}, {'name': 'CRY', 'param': -0.08260397279771174, 'wires': [2, 4]}, {'name': 'RY', 'param': 1.1928787631071436, 'wires': [2]}, {'name': 'RY', 'param': 1.4474028568598996, 'wires': [3]}, {'name': 'CRY', 'param': 1.5238897496142598, 'wires': [1, 4]}, {'name': 'RY', 'param': -0.5392621228870481, 'wires': [1]}, {'name': 'RY', 'param': 1.414068597373551, 'wires': [4]}, {'name': 'CRY', 'param': 1.75332554408024, 'wires': [1, 3]}, {'name': 'RY', 'param': 1.1086242989820587, 'wires': [1]}, {'name': 'RY', 'param': 1.6399253781638046, 'wires': [3]}]
[2025-08-05 09:52:54,390][INFO] Energy: 0.8916500155127789
