[2025-08-04 17:41:48,894][INFO] Starting VQE run 95 (seed=15485505)
[2025-08-04 17:41:49,052][INFO] Adding RY(0.0, wires=[4]) increased overlap from 0.0 to 0.9409065845965519
[2025-08-04 17:41:49,229][INFO] Adding CRY(0.0, wires=[4, 3])) increased overlap from 0.9409065845965519 to 0.9627407019186832
[2025-08-04 17:41:49,390][INFO] Adding RY(0.0, wires=[2]) increased overlap from 0.9627407019186832 to 0.9664624978854834
[2025-08-04 17:41:49,715][INFO] Adding RY(0.0, wires=[3]) increased overlap from 0.9664624978854834 to 0.9959224399448451
[2025-08-04 17:41:50,617][INFO] Adding RY(0.0, wires=[1]) increased overlap from 0.9959224399448451 to 0.9961475819995385
[2025-08-04 17:41:52,092][INFO] Adding CRY(0.0, wires=[4, 2])) increased overlap from 0.9961475819995385 to 0.9976474653937499
[2025-08-04 17:41:53,707][INFO] Adding CRY(0.0, wires=[4, 1])) increased overlap from 0.9976474653937499 to 0.9977435062940053
[2025-08-04 17:41:58,811][INFO] Adding CRY(0.0, wires=[3, 2])) increased overlap from 0.9977435062940053 to 0.9983514474987819
[2025-08-04 17:42:15,671][INFO] Adding RY(0.0, wires=[3]) increased overlap from 0.9983514474987819 to 0.9998647874282037
[2025-08-04 17:42:33,182][INFO] Adding CRY(0.0, wires=[3, 1])) had small change in overlap from 0.9998647874282037 to 0.9997715908577093
[2025-08-04 17:42:51,856][INFO] Adding CRY(0.0, wires=[2, 1])) increased overlap from 0.9997715908577093 to 0.9999086831555181
[2025-08-04 17:43:11,040][INFO] Adding RY(0.0, wires=[3]) increased overlap from 0.9999086831555181 to 0.9999626050119366
[2025-08-04 17:43:31,634][INFO] Adding CRY(0.0, wires=[3, 4])) had small change in overlap from 0.9999626050119366 to 0.9999139458343076
[2025-08-04 17:43:52,845][INFO] Adding RY(0.0, wires=[4]) increased overlap from 0.9999139458343076 to 0.999914892664947
[2025-08-04 17:44:15,353][INFO] Adding CRY(0.0, wires=[1, 3])) increased overlap from 0.999914892664947 to 0.9999671370088588
[2025-08-04 17:44:38,477][INFO] Adding RY(0.0, wires=[1]) increased overlap from 0.9999671370088588 to 0.9999717901424358
[2025-08-04 17:45:02,193][INFO] Adding RY(0.0, wires=[2]) increased overlap from 0.9999717901424358 to 0.9999854788445667
[2025-08-04 17:45:27,162][INFO] Adding CRY(0.0, wires=[1, 2])) had small change in overlap from 0.9999854788445667 to 0.9999847229820616
[2025-08-04 17:45:52,751][INFO] Adding RY(0.0, wires=[1]) had small change in overlap from 0.9999847229820616 to 0.9998720312259254
[2025-08-04 17:46:19,698][INFO] Adding CRY(0.0, wires=[2, 3])) had small change in overlap from 0.9998720312259254 to 0.9997891806621073
[2025-08-04 17:46:47,208][INFO] Adding RY(0.0, wires=[2]) increased overlap from 0.9997891806621073 to 0.999854978508041
[2025-08-04 17:47:16,113][INFO] Adding CRY(0.0, wires=[1, 4])) had small change in overlap from 0.999854978508041 to 0.9998068437653066
[2025-08-04 17:47:45,597][INFO] Adding RY(0.0, wires=[1]) had small change in overlap from 0.9998068437653066 to 0.9993055286336746
[2025-08-04 17:48:16,413][INFO] Adding CRY(0.0, wires=[2, 4])) increased overlap from 0.9993055286336746 to 0.9998550904784692
[2025-08-04 17:48:47,831][INFO] Adding RY(0.0, wires=[2]) increased overlap from 0.9998550904784692 to 0.9999984690291674
[2025-08-04 17:49:19,754][INFO] Adding RY(0.0, wires=[3]) had small change in overlap from 0.9999984690291674 to 0.9999115056809303
[2025-08-04 17:49:52,225][INFO] Adding RY(0.0, wires=[4]) increased overlap from 0.9999115056809303 to 0.9999613272673349
[2025-08-04 17:50:25,218][INFO] Adding RY(0.0, wires=[0]) had small change in overlap from 0.9999613272673349 to 0.9999503459449602
[2025-08-04 17:50:59,622][INFO] Adding CRY(0.0, wires=[4, 0])) had small change in overlap from 0.9999503459449602 to 0.9931523838094464
[2025-08-04 17:51:35,219][INFO] Adding RY(0.0, wires=[0]) increased overlap from 0.9931523838094464 to 0.9999290725472648
[2025-08-04 17:51:35,219][INFO] Completed VQE run 29
[2025-08-04 17:51:35,219][INFO] Final ops list: [{'name': 'RY', 'param': 6.808738820242048, 'wires': [4]}, {'name': 'CRY', 'param': 7.516819534522488, 'wires': [4, 3]}, {'name': 'RY', 'param': 6.233778344556172, 'wires': [2]}, {'name': 'RY', 'param': 6.118789606711217, 'wires': [3]}, {'name': 'RY', 'param': 6.287414067685677, 'wires': [1]}, {'name': 'CRY', 'param': 6.403866956870778, 'wires': [4, 2]}, {'name': 'CRY', 'param': 6.235836000922163, 'wires': [4, 1]}, {'name': 'CRY', 'param': 6.552288973987381, 'wires': [3, 2]}, {'name': 'RY', 'param': 5.119476557299247, 'wires': [3]}, {'name': 'CRY', 'param': 6.26680352790691, 'wires': [3, 1]}, {'name': 'CRY', 'param': 6.772882436173003, 'wires': [2, 1]}, {'name': 'RY', 'param': 5.878326449454401, 'wires': [3]}, {'name': 'CRY', 'param': 8.131816580729284, 'wires': [3, 4]}, {'name': 'RY', 'param': 7.087622551155517, 'wires': [4]}, {'name': 'CRY', 'param': 8.418138941414623, 'wires': [1, 3]}, {'name': 'RY', 'param': 6.266138798089084, 'wires': [1]}, {'name': 'RY', 'param': 6.346366620639984, 'wires': [2]}, {'name': 'CRY', 'param': 10.586067734085239, 'wires': [1, 2]}, {'name': 'RY', 'param': 6.301257504597916, 'wires': [1]}, {'name': 'CRY', 'param': 6.0596625695019775, 'wires': [2, 3]}, {'name': 'RY', 'param': 6.30464593053495, 'wires': [2]}, {'name': 'CRY', 'param': 9.07963050690517, 'wires': [1, 4]}, {'name': 'RY', 'param': 6.294744073786419, 'wires': [1]}, {'name': 'CRY', 'param': 7.995386672239628, 'wires': [2, 4]}, {'name': 'RY', 'param': 6.087143193918696, 'wires': [2]}, {'name': 'RY', 'param': 7.065891442816461, 'wires': [3]}, {'name': 'RY', 'param': 6.960590958801777, 'wires': [4]}, {'name': 'RY', 'param': 6.586811182469591, 'wires': [0]}, {'name': 'CRY', 'param': 6.283945910210289, 'wires': [4, 0]}, {'name': 'RY', 'param': 5.9789260527204275, 'wires': [0]}]
[2025-08-04 17:51:35,219][INFO] Energy: 0.8923343760060485
[2025-08-05 09:43:20,759][INFO] Starting VQE run 95 (seed=6919646)
[2025-08-05 09:43:20,866][INFO] Adding RY(0.0, wires=[4]) increased overlap from 0.0 to 0.9409065835412761
[2025-08-05 09:43:20,983][INFO] Adding CRY(0.0, wires=[4, 3])) increased overlap from 0.9409065835412761 to 0.9627407055615065
[2025-08-05 09:43:21,156][INFO] Adding RY(0.0, wires=[2]) increased overlap from 0.9627407055615065 to 0.9664624975097655
[2025-08-05 09:43:21,544][INFO] Adding RY(0.0, wires=[3]) increased overlap from 0.9664624975097655 to 0.9959224358716589
[2025-08-05 09:43:22,520][INFO] Adding RY(0.0, wires=[1]) increased overlap from 0.9959224358716589 to 0.996147581798638
[2025-08-05 09:43:24,235][INFO] Adding CRY(0.0, wires=[4, 2])) increased overlap from 0.996147581798638 to 0.9976474625651299
[2025-08-05 09:43:26,169][INFO] Adding CRY(0.0, wires=[4, 1])) increased overlap from 0.9976474625651299 to 0.9977435079688524
[2025-08-05 09:43:32,365][INFO] Adding CRY(0.0, wires=[3, 2])) increased overlap from 0.9977435079688524 to 0.9983514471466366
[2025-08-05 09:43:51,244][INFO] Adding RY(0.0, wires=[3]) increased overlap from 0.9983514471466366 to 0.9998641238316358
[2025-08-05 09:44:11,120][INFO] Adding CRY(0.0, wires=[3, 1])) had small change in overlap from 0.9998641238316358 to 0.9996086448192931
[2025-08-05 09:44:31,452][INFO] Adding CRY(0.0, wires=[2, 1])) increased overlap from 0.9996086448192931 to 0.9998951896053692
[2025-08-05 09:44:52,170][INFO] Adding RY(0.0, wires=[3]) had small change in overlap from 0.9998951896053692 to 0.9997857290599347
[2025-08-05 09:45:14,564][INFO] Adding CRY(0.0, wires=[2, 3])) increased overlap from 0.9997857290599347 to 0.9998610340271066
[2025-08-05 09:45:37,507][INFO] Adding RY(0.0, wires=[2]) increased overlap from 0.9998610340271066 to 0.9999139605596667
[2025-08-05 09:46:01,501][INFO] Adding CRY(0.0, wires=[1, 3])) increased overlap from 0.9999139605596667 to 0.999925631157367
[2025-08-05 09:46:25,848][INFO] Adding RY(0.0, wires=[1]) increased overlap from 0.999925631157367 to 0.9999623870244496
[2025-08-05 09:46:51,519][INFO] Adding CRY(0.0, wires=[1, 2])) had small change in overlap from 0.9999623870244496 to 0.9998278313888307
[2025-08-05 09:47:17,845][INFO] Adding RY(0.0, wires=[1]) increased overlap from 0.9998278313888307 to 0.9999985488260659
[2025-08-05 09:47:44,654][INFO] Adding RY(0.0, wires=[3]) had small change in overlap from 0.9999985488260659 to 0.9999885804292686
[2025-08-05 09:48:12,856][INFO] Adding CRY(0.0, wires=[2, 4])) had small change in overlap from 0.9999885804292686 to 0.9999807981904136
[2025-08-05 09:48:41,793][INFO] Adding RY(0.0, wires=[2]) had small change in overlap from 0.9999807981904136 to 0.9989929947651068
[2025-08-05 09:49:12,065][INFO] Adding CRY(0.0, wires=[1, 4])) increased overlap from 0.9989929947651068 to 0.9996447343771049
[2025-08-05 09:49:43,033][INFO] Adding RY(0.0, wires=[1]) increased overlap from 0.9996447343771049 to 0.9998140564732186
[2025-08-05 09:50:14,505][INFO] Adding RY(0.0, wires=[4]) increased overlap from 0.9998140564732186 to 0.9998669834534869
[2025-08-05 09:50:47,408][INFO] Adding CRY(0.0, wires=[3, 4])) had small change in overlap from 0.9998669834534869 to 0.9989286988344621
[2025-08-05 09:51:20,654][INFO] Adding RY(0.0, wires=[3]) increased overlap from 0.9989286988344621 to 0.9993877445333867
[2025-08-05 09:51:54,524][INFO] Adding RY(0.0, wires=[4]) increased overlap from 0.9993877445333867 to 0.9999842284986054
[2025-08-05 09:52:28,444][INFO] Adding RY(0.0, wires=[0]) had small change in overlap from 0.9999842284986054 to 0.9999841402413903
[2025-08-05 09:53:01,872][INFO] Adding CRY(0.0, wires=[4, 0])) had small change in overlap from 0.9999841402413903 to 0.9992885952794619
[2025-08-05 09:53:35,481][INFO] Adding RY(0.0, wires=[0]) increased overlap from 0.9992885952794619 to 0.9999819517703324
[2025-08-05 09:53:35,481][INFO] Completed VQE run 29
[2025-08-05 09:53:35,481][INFO] Final ops list: [{'name': 'RY', 'param': 6.958632601942459, 'wires': [4]}, {'name': 'CRY', 'param': 10.415936270310802, 'wires': [4, 3]}, {'name': 'RY', 'param': 6.27318324676222, 'wires': [2]}, {'name': 'RY', 'param': 7.08967287259311, 'wires': [3]}, {'name': 'RY', 'param': 6.925267862572198, 'wires': [1]}, {'name': 'CRY', 'param': 6.462349675379847, 'wires': [4, 2]}, {'name': 'CRY', 'param': 6.653897567603955, 'wires': [4, 1]}, {'name': 'CRY', 'param': 6.331135678033645, 'wires': [3, 2]}, {'name': 'RY', 'param': 7.575889156601376, 'wires': [3]}, {'name': 'CRY', 'param': 5.8669771915877895, 'wires': [3, 1]}, {'name': 'CRY', 'param': 6.285897785217673, 'wires': [2, 1]}, {'name': 'RY', 'param': 8.015535767798177, 'wires': [3]}, {'name': 'CRY', 'param': 6.8056116759405585, 'wires': [2, 3]}, {'name': 'RY', 'param': 6.2103957099373694, 'wires': [2]}, {'name': 'CRY', 'param': 5.91276896534161, 'wires': [1, 3]}, {'name': 'RY', 'param': 6.1248499824564595, 'wires': [1]}, {'name': 'CRY', 'param': 6.270127323071016, 'wires': [1, 2]}, {'name': 'RY', 'param': 4.668749990353636, 'wires': [1]}, {'name': 'RY', 'param': 4.399372771908848, 'wires': [3]}, {'name': 'CRY', 'param': 10.516993816535734, 'wires': [2, 4]}, {'name': 'RY', 'param': 6.123841060739078, 'wires': [2]}, {'name': 'CRY', 'param': 6.22707493351747, 'wires': [1, 4]}, {'name': 'RY', 'param': 5.453174957510136, 'wires': [1]}, {'name': 'RY', 'param': 7.738121680438196, 'wires': [4]}, {'name': 'CRY', 'param': 4.001006250481423, 'wires': [3, 4]}, {'name': 'RY', 'param': 5.51599475286755, 'wires': [3]}, {'name': 'RY', 'param': 6.114638971033733, 'wires': [4]}, {'name': 'RY', 'param': 7.23805758299634, 'wires': [0]}, {'name': 'CRY', 'param': 6.281200331480921, 'wires': [4, 0]}, {'name': 'RY', 'param': 5.330555606029843, 'wires': [0]}]
[2025-08-05 09:53:35,481][INFO] Energy: 0.8918597633974273
