[2025-08-04 17:41:48,795][INFO] Starting VQE run 3 (seed=99000381)
[2025-08-04 17:41:48,873][INFO] Adding RY(0.0, wires=[4]) increased overlap from 0.0 to 0.9409065835705706
[2025-08-04 17:41:48,989][INFO] Adding CRY(0.0, wires=[4, 3])) increased overlap from 0.9409065835705706 to 0.9627407045538493
[2025-08-04 17:41:49,141][INFO] Adding RY(0.0, wires=[2]) increased overlap from 0.9627407045538493 to 0.9664624982904555
[2025-08-04 17:41:49,494][INFO] Adding RY(0.0, wires=[3]) increased overlap from 0.9664624982904555 to 0.9959224357738854
[2025-08-04 17:41:50,380][INFO] Adding RY(0.0, wires=[1]) increased overlap from 0.9959224357738854 to 0.9961475801801868
[2025-08-04 17:41:52,977][INFO] Adding CRY(0.0, wires=[4, 2])) increased overlap from 0.9961475801801868 to 0.9976474660602249
[2025-08-04 17:41:54,798][INFO] Adding CRY(0.0, wires=[4, 1])) increased overlap from 0.9976474660602249 to 0.9977435067628706
[2025-08-04 17:42:00,241][INFO] Adding CRY(0.0, wires=[3, 2])) increased overlap from 0.9977435067628706 to 0.9983514466519097
[2025-08-04 17:42:17,132][INFO] Adding RY(0.0, wires=[3]) increased overlap from 0.9983514466519097 to 0.999868999079846
[2025-08-04 17:42:34,698][INFO] Adding CRY(0.0, wires=[3, 1])) had small change in overlap from 0.999868999079846 to 0.9998546083101693
[2025-08-04 17:42:53,439][INFO] Adding CRY(0.0, wires=[2, 1])) increased overlap from 0.9998546083101693 to 0.9999228574553672
[2025-08-04 17:43:12,702][INFO] Adding RY(0.0, wires=[3]) had small change in overlap from 0.9999228574553672 to 0.9997569467516003
[2025-08-04 17:43:33,370][INFO] Adding CRY(0.0, wires=[2, 3])) increased overlap from 0.9997569467516003 to 0.9998425181974679
[2025-08-04 17:43:54,705][INFO] Adding RY(0.0, wires=[2]) had small change in overlap from 0.9998425181974679 to 0.9980374762561519
[2025-08-04 17:44:17,397][INFO] Adding CRY(0.0, wires=[2, 4])) decreased overlap from 0.9980374762561519 to 0.9869369512491003.. skipping this gate
[2025-08-04 17:44:17,397][INFO] gradient converged
[2025-08-04 17:44:17,397][INFO] Completed VQE run 14
[2025-08-04 17:44:17,397][INFO] Final ops list: [{'name': 'RY', 'param': 7.514627251429774, 'wires': [4]}, {'name': 'CRY', 'param': 5.734528140343689, 'wires': [4, 3]}, {'name': 'RY', 'param': 6.216199957464339, 'wires': [2]}, {'name': 'RY', 'param': 5.035503982230362, 'wires': [3]}, {'name': 'RY', 'param': 6.310696102484039, 'wires': [1]}, {'name': 'CRY', 'param': 6.215006472847016, 'wires': [4, 2]}, {'name': 'CRY', 'param': 6.223987627440779, 'wires': [4, 1]}, {'name': 'CRY', 'param': 6.366060082121569, 'wires': [3, 2]}, {'name': 'RY', 'param': 4.515174131594687, 'wires': [3]}, {'name': 'CRY', 'param': 6.20353508424979, 'wires': [3, 1]}, {'name': 'CRY', 'param': 6.056206871345725, 'wires': [2, 1]}, {'name': 'RY', 'param': 6.102380926388542, 'wires': [3]}, {'name': 'CRY', 'param': 3.2113652867749107, 'wires': [2, 3]}, {'name': 'RY', 'param': 6.160782416503122, 'wires': [2]}]
[2025-08-04 17:44:17,397][INFO] Energy: 0.903196195669984
[2025-08-05 09:43:20,716][INFO] Starting VQE run 3 (seed=85126858)
[2025-08-05 09:43:20,811][INFO] Adding RY(0.0, wires=[4]) increased overlap from 0.0 to 0.940906584588521
[2025-08-05 09:43:20,935][INFO] Adding CRY(0.0, wires=[4, 3])) increased overlap from 0.940906584588521 to 0.962740704864371
[2025-08-05 09:43:21,102][INFO] Adding RY(0.0, wires=[2]) increased overlap from 0.962740704864371 to 0.9664624999956588
[2025-08-05 09:43:21,441][INFO] Adding RY(0.0, wires=[3]) increased overlap from 0.9664624999956588 to 0.9959224400749673
[2025-08-05 09:43:22,342][INFO] Adding RY(0.0, wires=[1]) increased overlap from 0.9959224400749673 to 0.9961475792563746
[2025-08-05 09:43:23,799][INFO] Adding CRY(0.0, wires=[4, 2])) increased overlap from 0.9961475792563746 to 0.9976474661705831
[2025-08-05 09:43:25,811][INFO] Adding CRY(0.0, wires=[4, 1])) increased overlap from 0.9976474661705831 to 0.997743507064677
[2025-08-05 09:43:32,023][INFO] Adding CRY(0.0, wires=[3, 2])) increased overlap from 0.997743507064677 to 0.998351447843078
[2025-08-05 09:43:50,859][INFO] Adding RY(0.0, wires=[3]) increased overlap from 0.998351447843078 to 0.9998645250332991
[2025-08-05 09:44:10,720][INFO] Adding CRY(0.0, wires=[3, 1])) had small change in overlap from 0.9998645250332991 to 0.999741528523093
[2025-08-05 09:44:31,060][INFO] Adding CRY(0.0, wires=[2, 1])) increased overlap from 0.999741528523093 to 0.9999009167956407
[2025-08-05 09:44:51,681][INFO] Adding RY(0.0, wires=[3]) increased overlap from 0.9999009167956407 to 0.9999601926005199
[2025-08-05 09:45:13,901][INFO] Adding CRY(0.0, wires=[3, 4])) had small change in overlap from 0.9999601926005199 to 0.9999142509164184
[2025-08-05 09:45:36,627][INFO] Adding RY(0.0, wires=[4]) increased overlap from 0.9999142509164184 to 0.9999248310400468
[2025-08-05 09:46:00,516][INFO] Adding CRY(0.0, wires=[1, 3])) increased overlap from 0.9999248310400468 to 0.9999802326018346
[2025-08-05 09:46:24,720][INFO] Adding RY(0.0, wires=[1]) had small change in overlap from 0.9999802326018346 to 0.9998322095450974
[2025-08-05 09:46:49,519][INFO] Adding RY(0.0, wires=[3]) increased overlap from 0.9998322095450974 to 0.9999082544739903
[2025-08-05 09:47:15,716][INFO] Adding CRY(0.0, wires=[1, 2])) increased overlap from 0.9999082544739903 to 0.999969453742781
[2025-08-05 09:47:42,469][INFO] Adding RY(0.0, wires=[1]) had small change in overlap from 0.999969453742781 to 0.9999436902231122
[2025-08-05 09:48:09,703][INFO] Adding RY(0.0, wires=[2]) increased overlap from 0.9999436902231122 to 0.9999541388561879
[2025-08-05 09:48:38,425][INFO] Adding CRY(0.0, wires=[2, 3])) had small change in overlap from 0.9999541388561879 to 0.9999479173020478
[2025-08-05 09:49:07,720][INFO] Adding RY(0.0, wires=[2]) had small change in overlap from 0.9999479173020478 to 0.9999175268849873
[2025-08-05 09:49:37,641][INFO] Adding RY(0.0, wires=[3]) increased overlap from 0.9999175268849873 to 0.9999585795376297
[2025-08-05 09:50:09,047][INFO] Adding CRY(0.0, wires=[1, 4])) increased overlap from 0.9999585795376297 to 0.9999747402097675
[2025-08-05 09:50:41,063][INFO] Adding RY(0.0, wires=[1]) had small change in overlap from 0.9999747402097675 to 0.9994957202865963
[2025-08-05 09:51:14,354][INFO] Adding CRY(0.0, wires=[2, 4])) had small change in overlap from 0.9994957202865963 to 0.9994497526438072
[2025-08-05 09:51:48,174][INFO] Adding RY(0.0, wires=[2]) increased overlap from 0.9994497526438072 to 0.9999907445201072
[2025-08-05 09:52:22,208][INFO] Adding RY(0.0, wires=[4]) increased overlap from 0.9999907445201072 to 0.9999952986560195
[2025-08-05 09:52:55,091][INFO] Adding RY(0.0, wires=[0]) increased overlap from 0.9999952986560195 to 0.999997435867512
[2025-08-05 09:53:28,744][INFO] Adding CRY(0.0, wires=[4, 0])) had small change in overlap from 0.999997435867512 to 0.994060782406324
[2025-08-05 09:53:28,744][INFO] Completed VQE run 29
[2025-08-05 09:53:28,744][INFO] Final ops list: [{'name': 'RY', 'param': 7.294365789387657, 'wires': [4]}, {'name': 'CRY', 'param': 6.301677778467573, 'wires': [4, 3]}, {'name': 'RY', 'param': 6.828708165931248, 'wires': [2]}, {'name': 'RY', 'param': 5.170127268431118, 'wires': [3]}, {'name': 'RY', 'param': 6.290048106971844, 'wires': [1]}, {'name': 'CRY', 'param': 5.878417742337814, 'wires': [4, 2]}, {'name': 'CRY', 'param': 6.315104033775792, 'wires': [4, 1]}, {'name': 'CRY', 'param': 6.294249781852837, 'wires': [3, 2]}, {'name': 'RY', 'param': 5.1585703366441145, 'wires': [3]}, {'name': 'CRY', 'param': 9.330206284773901, 'wires': [3, 1]}, {'name': 'CRY', 'param': 6.299551879653881, 'wires': [2, 1]}, {'name': 'RY', 'param': 6.594998485892932, 'wires': [3]}, {'name': 'CRY', 'param': 8.62981755647208, 'wires': [3, 4]}, {'name': 'RY', 'param': 7.634419939904161, 'wires': [4]}, {'name': 'CRY', 'param': 9.290492482545082, 'wires': [1, 3]}, {'name': 'RY', 'param': 5.718993156682768, 'wires': [1]}, {'name': 'RY', 'param': 5.761237280412972, 'wires': [3]}, {'name': 'CRY', 'param': 6.273268446747646, 'wires': [1, 2]}, {'name': 'RY', 'param': 5.554653970271388, 'wires': [1]}, {'name': 'RY', 'param': 6.838660647442882, 'wires': [2]}, {'name': 'CRY', 'param': 6.598974998866961, 'wires': [2, 3]}, {'name': 'RY', 'param': 6.250255673533834, 'wires': [2]}, {'name': 'RY', 'param': 7.045222687660671, 'wires': [3]}, {'name': 'CRY', 'param': 6.180365404568371, 'wires': [1, 4]}, {'name': 'RY', 'param': 6.145234416733501, 'wires': [1]}, {'name': 'CRY', 'param': 8.542564606867204, 'wires': [2, 4]}, {'name': 'RY', 'param': 5.930999618330036, 'wires': [2]}, {'name': 'RY', 'param': 7.132446679661976, 'wires': [4]}, {'name': 'RY', 'param': 6.459396437381189, 'wires': [0]}, {'name': 'CRY', 'param': 6.171988404774961, 'wires': [4, 0]}]
[2025-08-05 09:53:28,744][INFO] Energy: 0.8975009299894026
