[2025-08-04 17:41:48,855][INFO] Starting VQE run 72 (seed=36364224)
[2025-08-04 17:41:48,939][INFO] Adding RY(0.0, wires=[4]) increased overlap from 0.0 to 0.9409065817047827
[2025-08-04 17:41:49,049][INFO] Adding CRY(0.0, wires=[4, 3])) increased overlap from 0.9409065817047827 to 0.9627407043564572
[2025-08-04 17:41:49,198][INFO] Adding RY(0.0, wires=[2]) increased overlap from 0.9627407043564572 to 0.966462499297175
[2025-08-04 17:41:49,497][INFO] Adding RY(0.0, wires=[3]) increased overlap from 0.966462499297175 to 0.9959224362678254
[2025-08-04 17:41:50,176][INFO] Adding RY(0.0, wires=[1]) increased overlap from 0.9959224362678254 to 0.9961475786881546
[2025-08-04 17:41:51,479][INFO] Adding CRY(0.0, wires=[4, 2])) increased overlap from 0.9961475786881546 to 0.9976474660370215
[2025-08-04 17:41:53,223][INFO] Adding CRY(0.0, wires=[4, 1])) increased overlap from 0.9976474660370215 to 0.997743506219689
[2025-08-04 17:41:57,729][INFO] Adding CRY(0.0, wires=[3, 2])) increased overlap from 0.997743506219689 to 0.9983514468521004
[2025-08-04 17:42:14,313][INFO] Adding RY(0.0, wires=[3]) increased overlap from 0.9983514468521004 to 0.999858602307761
[2025-08-04 17:42:31,926][INFO] Adding CRY(0.0, wires=[3, 1])) had small change in overlap from 0.999858602307761 to 0.9998147632929486
[2025-08-04 17:42:50,724][INFO] Adding CRY(0.0, wires=[2, 1])) increased overlap from 0.9998147632929486 to 0.9999271118424105
[2025-08-04 17:43:09,926][INFO] Adding RY(0.0, wires=[3]) increased overlap from 0.9999271118424105 to 0.9999702330726763
[2025-08-04 17:43:30,514][INFO] Adding CRY(0.0, wires=[3, 4])) increased overlap from 0.9999702330726763 to 0.9999758701099803
[2025-08-04 17:43:51,715][INFO] Adding RY(0.0, wires=[4]) increased overlap from 0.9999758701099803 to 0.9999925209146591
[2025-08-04 17:44:13,455][INFO] Adding RY(0.0, wires=[2]) increased overlap from 0.9999925209146591 to 0.999994720961386
[2025-08-04 17:44:36,535][INFO] Adding CRY(0.0, wires=[1, 3])) increased overlap from 0.999994720961386 to 0.9999978778970074
[2025-08-04 17:45:00,149][INFO] Adding RY(0.0, wires=[1]) had small change in overlap from 0.9999978778970074 to 0.9999936657186026
[2025-08-04 17:45:25,094][INFO] Adding CRY(0.0, wires=[2, 3])) had small change in overlap from 0.9999936657186026 to 0.9999655037116464
[2025-08-04 17:45:51,392][INFO] Adding CRY(0.0, wires=[1, 2])) had small change in overlap from 0.9999655037116464 to 0.9999448612633483
[2025-08-04 17:46:18,311][INFO] Adding RY(0.0, wires=[1]) increased overlap from 0.9999448612633483 to 0.9999538611376222
[2025-08-04 17:46:45,745][INFO] Adding RY(0.0, wires=[2]) increased overlap from 0.9999538611376222 to 0.9999650698425776
[2025-08-04 17:47:14,728][INFO] Adding CRY(0.0, wires=[2, 4])) increased overlap from 0.9999650698425776 to 0.9999984179090555
[2025-08-04 17:47:44,116][INFO] Adding RY(0.0, wires=[2]) increased overlap from 0.9999984179090555 to 0.9999989766235895
[2025-08-04 17:48:14,899][INFO] Adding CRY(0.0, wires=[1, 4])) had small change in overlap from 0.9999989766235895 to 0.9999760206322287
[2025-08-04 17:48:46,260][INFO] Adding RY(0.0, wires=[1]) increased overlap from 0.9999760206322287 to 0.9999967781408837
[2025-08-04 17:49:18,432][INFO] Adding RY(0.0, wires=[3]) increased overlap from 0.9999967781408837 to 0.999997321202024
[2025-08-04 17:49:50,980][INFO] Adding RY(0.0, wires=[4]) increased overlap from 0.999997321202024 to 0.9999983074225386
[2025-08-04 17:50:24,018][INFO] Adding RY(0.0, wires=[0]) increased overlap from 0.9999983074225386 to 0.9999986153248775
[2025-08-04 17:50:58,449][INFO] Adding CRY(0.0, wires=[4, 0])) had small change in overlap from 0.9999986153248775 to 0.9933535847241411
[2025-08-04 17:51:33,446][INFO] Adding RY(0.0, wires=[0]) increased overlap from 0.9933535847241411 to 0.9999957443732269
[2025-08-04 17:51:33,446][INFO] Completed VQE run 29
[2025-08-04 17:51:33,446][INFO] Final ops list: [{'name': 'RY', 'param': 5.989888884051667, 'wires': [4]}, {'name': 'CRY', 'param': 7.65949175671012, 'wires': [4, 3]}, {'name': 'RY', 'param': 6.393932635927102, 'wires': [2]}, {'name': 'RY', 'param': 4.820886860885838, 'wires': [3]}, {'name': 'RY', 'param': 6.273316837135201, 'wires': [1]}, {'name': 'CRY', 'param': 5.551527414949842, 'wires': [4, 2]}, {'name': 'CRY', 'param': 6.222482714232207, 'wires': [4, 1]}, {'name': 'CRY', 'param': 6.222227609602973, 'wires': [3, 2]}, {'name': 'RY', 'param': 5.814406973142103, 'wires': [3]}, {'name': 'CRY', 'param': 6.36259870527094, 'wires': [3, 1]}, {'name': 'CRY', 'param': 6.310354572476057, 'wires': [2, 1]}, {'name': 'RY', 'param': 6.826609706707743, 'wires': [3]}, {'name': 'CRY', 'param': 5.59890114595516, 'wires': [3, 4]}, {'name': 'RY', 'param': 7.39085728854711, 'wires': [4]}, {'name': 'RY', 'param': 6.479046784368357, 'wires': [2]}, {'name': 'CRY', 'param': 9.944196362661618, 'wires': [1, 3]}, {'name': 'RY', 'param': 6.2322171444222985, 'wires': [1]}, {'name': 'CRY', 'param': 6.75213114107188, 'wires': [2, 3]}, {'name': 'CRY', 'param': 5.612203806124387, 'wires': [1, 2]}, {'name': 'RY', 'param': 6.277874368947826, 'wires': [1]}, {'name': 'RY', 'param': 6.389487540418173, 'wires': [2]}, {'name': 'CRY', 'param': 8.094655845332, 'wires': [2, 4]}, {'name': 'RY', 'param': 6.197699337149385, 'wires': [2]}, {'name': 'CRY', 'param': 8.60512569212513, 'wires': [1, 4]}, {'name': 'RY', 'param': 6.278675472000293, 'wires': [1]}, {'name': 'RY', 'param': 6.058264790504865, 'wires': [3]}, {'name': 'RY', 'param': 6.225658663530464, 'wires': [4]}, {'name': 'RY', 'param': 6.41495664844932, 'wires': [0]}, {'name': 'CRY', 'param': 6.281343764923474, 'wires': [4, 0]}, {'name': 'RY', 'param': 6.153840762977721, 'wires': [0]}]
[2025-08-04 17:51:33,446][INFO] Energy: 0.8916699309431544
[2025-08-05 09:43:20,732][INFO] Starting VQE run 72 (seed=26471449)
[2025-08-05 09:43:20,827][INFO] Adding RY(0.0, wires=[4]) increased overlap from 0.0 to 0.9409065843581476
[2025-08-05 09:43:20,958][INFO] Adding CRY(0.0, wires=[4, 3])) increased overlap from 0.9409065843581476 to 0.9627407049936954
[2025-08-05 09:43:21,135][INFO] Adding RY(0.0, wires=[2]) increased overlap from 0.9627407049936954 to 0.9664624965759491
[2025-08-05 09:43:21,439][INFO] Adding RY(0.0, wires=[3]) increased overlap from 0.9664624965759491 to 0.9959224363290515
[2025-08-05 09:43:22,197][INFO] Adding RY(0.0, wires=[1]) increased overlap from 0.9959224363290515 to 0.9961475805693892
[2025-08-05 09:43:23,462][INFO] Adding CRY(0.0, wires=[4, 2])) increased overlap from 0.9961475805693892 to 0.99764746515855
[2025-08-05 09:43:24,965][INFO] Adding CRY(0.0, wires=[4, 1])) increased overlap from 0.99764746515855 to 0.9977435163965968
[2025-08-05 09:43:29,418][INFO] Adding CRY(0.0, wires=[3, 2])) increased overlap from 0.9977435163965968 to 0.9983514555752301
[2025-08-05 09:43:48,282][INFO] Adding RY(0.0, wires=[3]) increased overlap from 0.9983514555752301 to 0.9998404579222773
[2025-08-05 09:44:07,994][INFO] Adding CRY(0.0, wires=[3, 1])) increased overlap from 0.9998404579222773 to 0.9999101377848639
[2025-08-05 09:44:28,383][INFO] Adding CRY(0.0, wires=[2, 1])) increased overlap from 0.9999101377848639 to 0.9999424054421832
[2025-08-05 09:44:48,967][INFO] Adding RY(0.0, wires=[3]) had small change in overlap from 0.9999424054421832 to 0.9999038196363748
[2025-08-05 09:45:11,070][INFO] Adding CRY(0.0, wires=[1, 4])) increased overlap from 0.9999038196363748 to 0.9999294567728687
[2025-08-05 09:45:33,794][INFO] Adding RY(0.0, wires=[1]) increased overlap from 0.9999294567728687 to 0.9999617781732736
[2025-08-05 09:45:56,851][INFO] Adding RY(0.0, wires=[4]) increased overlap from 0.9999617781732736 to 0.9999830493339514
[2025-08-05 09:46:21,084][INFO] Adding CRY(0.0, wires=[2, 4])) had small change in overlap from 0.9999830493339514 to 0.9999794861043103
[2025-08-05 09:46:45,908][INFO] Adding RY(0.0, wires=[2]) increased overlap from 0.9999794861043103 to 0.9999877604948548
[2025-08-05 09:47:11,995][INFO] Adding CRY(0.0, wires=[3, 4])) had small change in overlap from 0.9999877604948548 to 0.9999766663378461
[2025-08-05 09:47:38,650][INFO] Adding RY(0.0, wires=[3]) had small change in overlap from 0.9999766663378461 to 0.9997608990393264
[2025-08-05 09:48:06,637][INFO] Adding CRY(0.0, wires=[2, 3])) increased overlap from 0.9997608990393264 to 0.9998662984443906
[2025-08-05 09:48:35,309][INFO] Adding RY(0.0, wires=[3]) had small change in overlap from 0.9998662984443906 to 0.9998445051283895
[2025-08-05 09:49:04,476][INFO] Adding RY(0.0, wires=[2]) increased overlap from 0.9998445051283895 to 0.9999741826443868
[2025-08-05 09:49:35,125][INFO] Adding CRY(0.0, wires=[1, 2])) increased overlap from 0.9999741826443868 to 0.9999793698253233
[2025-08-05 09:50:06,378][INFO] Adding RY(0.0, wires=[1]) had small change in overlap from 0.9999793698253233 to 0.9999540512142857
[2025-08-05 09:50:38,172][INFO] Adding RY(0.0, wires=[2]) had small change in overlap from 0.9999540512142857 to 0.99993253709553
[2025-08-05 09:51:11,373][INFO] Adding CRY(0.0, wires=[1, 3])) increased overlap from 0.99993253709553 to 0.9999430175695534
[2025-08-05 09:51:45,096][INFO] Adding RY(0.0, wires=[1]) increased overlap from 0.9999430175695534 to 0.9999835827706669
[2025-08-05 09:52:19,083][INFO] Adding RY(0.0, wires=[4]) had small change in overlap from 0.9999835827706669 to 0.9999498117696529
[2025-08-05 09:52:52,103][INFO] Adding RY(0.0, wires=[3]) increased overlap from 0.9999498117696529 to 0.9999515901597281
[2025-08-05 09:53:24,878][INFO] Adding RY(0.0, wires=[0]) increased overlap from 0.9999515901597281 to 0.9999584591981027
[2025-08-05 09:53:24,879][INFO] Completed VQE run 29
[2025-08-05 09:53:24,879][INFO] Final ops list: [{'name': 'RY', 'param': -1.8199261495333432, 'wires': [4]}, {'name': 'CRY', 'param': -0.3603675969484664, 'wires': [4, 3]}, {'name': 'RY', 'param': -0.3422878920047804, 'wires': [2]}, {'name': 'RY', 'param': 2.0212033484339997, 'wires': [3]}, {'name': 'RY', 'param': 0.024541220556354916, 'wires': [1]}, {'name': 'CRY', 'param': 0.07880050191243312, 'wires': [4, 2]}, {'name': 'CRY', 'param': 0.05250337936053194, 'wires': [4, 1]}, {'name': 'CRY', 'param': 0.12595648901303294, 'wires': [3, 2]}, {'name': 'RY', 'param': -0.9691378394388656, 'wires': [3]}, {'name': 'CRY', 'param': 0.03346019245561273, 'wires': [3, 1]}, {'name': 'CRY', 'param': 0.023749633446844526, 'wires': [2, 1]}, {'name': 'RY', 'param': -0.10712319799321396, 'wires': [3]}, {'name': 'CRY', 'param': 1.0941197450793523, 'wires': [1, 4]}, {'name': 'RY', 'param': -0.3065426304148808, 'wires': [1]}, {'name': 'RY', 'param': 0.48780617336487436, 'wires': [4]}, {'name': 'CRY', 'param': 0.0012649446381685354, 'wires': [2, 4]}, {'name': 'RY', 'param': 0.5835433955462294, 'wires': [2]}, {'name': 'CRY', 'param': 4.829058145430401, 'wires': [3, 4]}, {'name': 'RY', 'param': 0.08201423707536518, 'wires': [3]}, {'name': 'CRY', 'param': 0.5432077674560503, 'wires': [2, 3]}, {'name': 'RY', 'param': 0.34202467288592636, 'wires': [3]}, {'name': 'RY', 'param': -0.5337983949954961, 'wires': [2]}, {'name': 'CRY', 'param': -0.036705443864285724, 'wires': [1, 2]}, {'name': 'RY', 'param': 0.15142133336702646, 'wires': [1]}, {'name': 'RY', 'param': 0.015206654137652363, 'wires': [2]}, {'name': 'CRY', 'param': 0.010585235180307816, 'wires': [1, 3]}, {'name': 'RY', 'param': 0.08941379612270471, 'wires': [1]}, {'name': 'RY', 'param': 0.2664264805252448, 'wires': [4]}, {'name': 'RY', 'param': 0.3678978286248451, 'wires': [3]}, {'name': 'RY', 'param': 0.0005105736325557157, 'wires': [0]}]
[2025-08-05 09:53:24,879][INFO] Energy: 0.8922074671951166
