[2025-08-04 17:41:48,800][INFO] Starting VQE run 23 (seed=329676)
[2025-08-04 17:41:48,879][INFO] Adding RY(0.0, wires=[4]) increased overlap from 0.0 to 0.9409065814891514
[2025-08-04 17:41:49,028][INFO] Adding CRY(0.0, wires=[4, 3])) increased overlap from 0.9409065814891514 to 0.9627407031498912
[2025-08-04 17:41:49,184][INFO] Adding RY(0.0, wires=[2]) increased overlap from 0.9627407031498912 to 0.966462501113928
[2025-08-04 17:41:49,483][INFO] Adding RY(0.0, wires=[3]) increased overlap from 0.966462501113928 to 0.9959224410418477
[2025-08-04 17:41:50,273][INFO] Adding RY(0.0, wires=[1]) increased overlap from 0.9959224410418477 to 0.9961475799309045
[2025-08-04 17:41:51,528][INFO] Adding CRY(0.0, wires=[4, 2])) increased overlap from 0.9961475799309045 to 0.997647461727327
[2025-08-04 17:41:53,281][INFO] Adding CRY(0.0, wires=[4, 1])) increased overlap from 0.997647461727327 to 0.9977435083838398
[2025-08-04 17:41:58,326][INFO] Adding CRY(0.0, wires=[3, 2])) increased overlap from 0.9977435083838398 to 0.9983514537303818
[2025-08-04 17:42:15,244][INFO] Adding RY(0.0, wires=[3]) increased overlap from 0.9983514537303818 to 0.9995045736331511
[2025-08-04 17:42:32,819][INFO] Adding CRY(0.0, wires=[3, 1])) increased overlap from 0.9995045736331511 to 0.9997727896372255
[2025-08-04 17:42:51,510][INFO] Adding CRY(0.0, wires=[2, 1])) increased overlap from 0.9997727896372255 to 0.9998911325611376
[2025-08-04 17:43:10,741][INFO] Adding RY(0.0, wires=[3]) increased overlap from 0.9998911325611376 to 0.9999146833200372
[2025-08-04 17:43:30,607][INFO] Adding RY(0.0, wires=[4]) had small change in overlap from 0.9999146833200372 to 0.9999016084168113
[2025-08-04 17:43:51,874][INFO] Adding CRY(0.0, wires=[2, 4])) had small change in overlap from 0.9999016084168113 to 0.9998340976952227
[2025-08-04 17:44:14,462][INFO] Adding CRY(0.0, wires=[3, 4])) had small change in overlap from 0.9998340976952227 to 0.999309406518221
[2025-08-04 17:44:38,346][INFO] Adding CRY(0.0, wires=[2, 3])) increased overlap from 0.999309406518221 to 0.999871837757008
[2025-08-04 17:45:02,845][INFO] Adding RY(0.0, wires=[2]) increased overlap from 0.999871837757008 to 0.999939841309631
[2025-08-04 17:45:28,658][INFO] Adding CRY(0.0, wires=[1, 3])) had small change in overlap from 0.999939841309631 to 0.9999087023103943
[2025-08-04 17:45:55,067][INFO] Adding RY(0.0, wires=[1]) increased overlap from 0.9999087023103943 to 0.999970682006308
[2025-08-04 17:46:22,050][INFO] Adding RY(0.0, wires=[4]) had small change in overlap from 0.999970682006308 to 0.9998235522495327
[2025-08-04 17:46:49,519][INFO] Adding RY(0.0, wires=[3]) increased overlap from 0.9998235522495327 to 0.9999674209662053
[2025-08-04 17:47:18,320][INFO] Adding CRY(0.0, wires=[1, 2])) increased overlap from 0.9999674209662053 to 0.9999859704313121
[2025-08-04 17:47:47,695][INFO] Adding RY(0.0, wires=[1]) had small change in overlap from 0.9999859704313121 to 0.9975386802679025
[2025-08-04 17:48:18,419][INFO] Adding CRY(0.0, wires=[1, 4])) increased overlap from 0.9975386802679025 to 0.9983149089891831
[2025-08-04 17:48:49,802][INFO] Adding RY(0.0, wires=[1]) increased overlap from 0.9983149089891831 to 0.9989508935307093
[2025-08-04 17:49:21,668][INFO] Adding RY(0.0, wires=[2]) increased overlap from 0.9989508935307093 to 0.999740451611487
[2025-08-04 17:49:54,150][INFO] Adding RY(0.0, wires=[4]) increased overlap from 0.999740451611487 to 0.9997478848662854
[2025-08-04 17:50:27,200][INFO] Adding RY(0.0, wires=[0]) had small change in overlap from 0.9997478848662854 to 0.9964556922802305
[2025-08-04 17:51:01,531][INFO] Adding CRY(0.0, wires=[4, 0])) had small change in overlap from 0.9964556922802305 to 0.9961321601193048
[2025-08-04 17:51:36,560][INFO] Adding RY(0.0, wires=[0]) increased overlap from 0.9961321601193048 to 0.9996285339869392
[2025-08-04 17:51:36,561][INFO] Completed VQE run 29
[2025-08-04 17:51:36,561][INFO] Final ops list: [{'name': 'RY', 'param': 0.13741876593865462, 'wires': [4]}, {'name': 'CRY', 'param': -2.0239496785315323, 'wires': [4, 3]}, {'name': 'RY', 'param': 0.44228575612011556, 'wires': [2]}, {'name': 'RY', 'param': -2.7724282235914535, 'wires': [3]}, {'name': 'RY', 'param': -0.26725702225018017, 'wires': [1]}, {'name': 'CRY', 'param': 4.243321687271706, 'wires': [4, 2]}, {'name': 'CRY', 'param': 0.46328721020050506, 'wires': [4, 1]}, {'name': 'CRY', 'param': -0.38393376162993326, 'wires': [3, 2]}, {'name': 'RY', 'param': 2.5261124880617105, 'wires': [3]}, {'name': 'CRY', 'param': 0.8277752152665867, 'wires': [3, 1]}, {'name': 'CRY', 'param': 0.4900814836584956, 'wires': [2, 1]}, {'name': 'RY', 'param': 2.5737087732890576, 'wires': [3]}, {'name': 'RY', 'param': -1.1872555483270313, 'wires': [4]}, {'name': 'CRY', 'param': -0.9594428402632407, 'wires': [2, 4]}, {'name': 'CRY', 'param': 5.250000399021522, 'wires': [3, 4]}, {'name': 'CRY', 'param': 2.690345228902069, 'wires': [2, 3]}, {'name': 'RY', 'param': -0.8050931429081684, 'wires': [2]}, {'name': 'CRY', 'param': 0.9312229244053125, 'wires': [1, 3]}, {'name': 'RY', 'param': 0.2687174860687884, 'wires': [1]}, {'name': 'RY', 'param': 0.22291248900008018, 'wires': [4]}, {'name': 'RY', 'param': 2.4885939051810797, 'wires': [3]}, {'name': 'CRY', 'param': 2.4809890152899343, 'wires': [1, 2]}, {'name': 'RY', 'param': 0.03649371170528586, 'wires': [1]}, {'name': 'CRY', 'param': 2.7679585096538233, 'wires': [1, 4]}, {'name': 'RY', 'param': 0.08013311498459527, 'wires': [1]}, {'name': 'RY', 'param': 0.5764504204520879, 'wires': [2]}, {'name': 'RY', 'param': 0.6421530293563248, 'wires': [4]}, {'name': 'RY', 'param': -0.5985131669294912, 'wires': [0]}, {'name': 'CRY', 'param': -0.038294712167365866, 'wires': [4, 0]}, {'name': 'RY', 'param': 0.6444479884814213, 'wires': [0]}]
[2025-08-04 17:51:36,561][INFO] Energy: 0.8920646429234051
[2025-08-05 09:43:20,720][INFO] Starting VQE run 23 (seed=111066782)
[2025-08-05 09:43:20,818][INFO] Adding RY(0.0, wires=[4]) increased overlap from 0.0 to 0.9409065826844315
[2025-08-05 09:43:20,939][INFO] Adding CRY(0.0, wires=[4, 3])) increased overlap from 0.9409065826844315 to 0.9627407061338447
[2025-08-05 09:43:21,127][INFO] Adding RY(0.0, wires=[2]) increased overlap from 0.9627407061338447 to 0.9664624973055792
[2025-08-05 09:43:21,458][INFO] Adding RY(0.0, wires=[3]) increased overlap from 0.9664624973055792 to 0.9959224354336721
[2025-08-05 09:43:22,321][INFO] Adding RY(0.0, wires=[1]) increased overlap from 0.9959224354336721 to 0.9961475886015433
[2025-08-05 09:43:24,272][INFO] Adding CRY(0.0, wires=[4, 2])) increased overlap from 0.9961475886015433 to 0.9976474650923272
[2025-08-05 09:43:26,726][INFO] Adding CRY(0.0, wires=[4, 1])) increased overlap from 0.9976474650923272 to 0.997743506433919
[2025-08-05 09:43:34,712][INFO] Adding CRY(0.0, wires=[3, 2])) increased overlap from 0.997743506433919 to 0.9983514470959348
[2025-08-05 09:43:53,388][INFO] Adding RY(0.0, wires=[3]) increased overlap from 0.9983514470959348 to 0.9998868309695842
[2025-08-05 09:44:13,221][INFO] Adding CRY(0.0, wires=[3, 1])) decreased overlap from 0.9998868309695842 to 0.9858195100329306.. skipping this gate
[2025-08-05 09:44:13,222][INFO] gradient converged
[2025-08-05 09:44:13,222][INFO] Completed VQE run 9
[2025-08-05 09:44:13,222][INFO] Final ops list: [{'name': 'RY', 'param': 7.543960006512564, 'wires': [4]}, {'name': 'CRY', 'param': 6.9166932352228745, 'wires': [4, 3]}, {'name': 'RY', 'param': 6.2008974695852155, 'wires': [2]}, {'name': 'RY', 'param': 8.210332037337603, 'wires': [3]}, {'name': 'RY', 'param': 6.283481125616852, 'wires': [1]}, {'name': 'CRY', 'param': 6.449414448895143, 'wires': [4, 2]}, {'name': 'CRY', 'param': 6.265196111414012, 'wires': [4, 1]}, {'name': 'CRY', 'param': 6.11170061757217, 'wires': [3, 2]}, {'name': 'RY', 'param': 2.270859918345644, 'wires': [3]}]
[2025-08-05 09:44:13,222][INFO] Energy: 0.8928096915135173
