[2025-08-04 17:41:48,843][INFO] Starting VQE run 56 (seed=115300788)
[2025-08-04 17:41:48,929][INFO] Adding RY(0.0, wires=[4]) increased overlap from 0.0 to 0.9409065796498032
[2025-08-04 17:41:49,039][INFO] Adding CRY(0.0, wires=[4, 3])) increased overlap from 0.9409065796498032 to 0.9627407037939791
[2025-08-04 17:41:49,205][INFO] Adding RY(0.0, wires=[2]) increased overlap from 0.9627407037939791 to 0.9664624986094706
[2025-08-04 17:41:49,549][INFO] Adding RY(0.0, wires=[3]) increased overlap from 0.9664624986094706 to 0.9959224356142602
[2025-08-04 17:41:50,419][INFO] Adding RY(0.0, wires=[1]) increased overlap from 0.9959224356142602 to 0.9961475813171368
[2025-08-04 17:41:52,688][INFO] Adding CRY(0.0, wires=[4, 2])) increased overlap from 0.9961475813171368 to 0.9976474649964263
[2025-08-04 17:41:54,341][INFO] Adding CRY(0.0, wires=[4, 1])) increased overlap from 0.9976474649964263 to 0.9977435068884222
[2025-08-04 17:41:59,755][INFO] Adding CRY(0.0, wires=[3, 2])) increased overlap from 0.9977435068884222 to 0.998351446991693
[2025-08-04 17:42:16,203][INFO] Adding RY(0.0, wires=[3]) increased overlap from 0.998351446991693 to 0.9998704669260486
[2025-08-04 17:42:33,753][INFO] Adding CRY(0.0, wires=[3, 1])) increased overlap from 0.9998704669260486 to 0.9999122745940731
[2025-08-04 17:42:52,433][INFO] Adding CRY(0.0, wires=[2, 1])) increased overlap from 0.9999122745940731 to 0.999937738319133
[2025-08-04 17:43:11,582][INFO] Adding RY(0.0, wires=[3]) had small change in overlap from 0.999937738319133 to 0.9998130975498082
[2025-08-04 17:43:32,119][INFO] Adding CRY(0.0, wires=[2, 3])) increased overlap from 0.9998130975498082 to 0.9999025374036508
[2025-08-04 17:43:53,347][INFO] Adding RY(0.0, wires=[2]) had small change in overlap from 0.9999025374036508 to 0.9998911977320305
[2025-08-04 17:44:15,133][INFO] Adding RY(0.0, wires=[4]) increased overlap from 0.9998911977320305 to 0.9999737681262723
[2025-08-04 17:44:38,211][INFO] Adding CRY(0.0, wires=[1, 3])) had small change in overlap from 0.9999737681262723 to 0.9998267577171549
[2025-08-04 17:45:01,850][INFO] Adding RY(0.0, wires=[1]) increased overlap from 0.9998267577171549 to 0.9998832326448946
[2025-08-04 17:45:26,833][INFO] Adding CRY(0.0, wires=[3, 4])) increased overlap from 0.9998832326448946 to 0.9999695381453495
[2025-08-04 17:45:52,420][INFO] Adding RY(0.0, wires=[3]) had small change in overlap from 0.9999695381453495 to 0.9999274814369887
[2025-08-04 17:46:19,347][INFO] Adding CRY(0.0, wires=[1, 2])) increased overlap from 0.9999274814369887 to 0.9999761766149982
[2025-08-04 17:46:46,864][INFO] Adding RY(0.0, wires=[1]) had small change in overlap from 0.9999761766149982 to 0.9973410797429308
[2025-08-04 17:47:15,762][INFO] Adding CRY(0.0, wires=[2, 4])) had small change in overlap from 0.9973410797429308 to 0.9902422707061862
[2025-08-04 17:47:45,214][INFO] Adding RY(0.0, wires=[2]) increased overlap from 0.9902422707061862 to 0.9996744773707804
[2025-08-04 17:48:15,986][INFO] Adding CRY(0.0, wires=[1, 4])) increased overlap from 0.9996744773707804 to 0.9998156466354141
[2025-08-04 17:48:47,340][INFO] Adding RY(0.0, wires=[1]) had small change in overlap from 0.9998156466354141 to 0.9987680013412109
[2025-08-04 17:49:19,296][INFO] Adding RY(0.0, wires=[4]) increased overlap from 0.9987680013412109 to 0.9995602128678449
[2025-08-04 17:49:51,847][INFO] Adding RY(0.0, wires=[0]) increased overlap from 0.9995602128678449 to 0.9998443620463425
[2025-08-04 17:50:25,659][INFO] Adding CRY(0.0, wires=[4, 0])) had small change in overlap from 0.9998443620463425 to 0.9975543318054811
[2025-08-04 17:51:00,141][INFO] Adding RY(0.0, wires=[0]) increased overlap from 0.9975543318054811 to 0.9999544079953026
[2025-08-04 17:51:36,070][INFO] Adding CRY(0.0, wires=[3, 0])) had small change in overlap from 0.9999544079953026 to 0.9958796680661799
[2025-08-04 17:51:36,070][INFO] Completed VQE run 29
[2025-08-04 17:51:36,070][INFO] Final ops list: [{'name': 'RY', 'param': 6.284302827748902, 'wires': [4]}, {'name': 'CRY', 'param': 14.457170793490109, 'wires': [4, 3]}, {'name': 'RY', 'param': 6.057033047915873, 'wires': [2]}, {'name': 'RY', 'param': 6.410015870083716, 'wires': [3]}, {'name': 'RY', 'param': 7.238631122617135, 'wires': [1]}, {'name': 'CRY', 'param': 14.068918613695265, 'wires': [4, 2]}, {'name': 'CRY', 'param': 10.196668821263527, 'wires': [4, 1]}, {'name': 'CRY', 'param': 12.14204188595365, 'wires': [3, 2]}, {'name': 'RY', 'param': 6.0436815218987086, 'wires': [3]}, {'name': 'CRY', 'param': 7.794039826686651, 'wires': [3, 1]}, {'name': 'CRY', 'param': 7.7205214475220005, 'wires': [2, 1]}, {'name': 'RY', 'param': 10.051802414067293, 'wires': [3]}, {'name': 'CRY', 'param': 6.746201711489705, 'wires': [2, 3]}, {'name': 'RY', 'param': 6.918464254108704, 'wires': [2]}, {'name': 'RY', 'param': 6.735293681549286, 'wires': [4]}, {'name': 'CRY', 'param': 6.107148580488737, 'wires': [1, 3]}, {'name': 'RY', 'param': 7.887197451963756, 'wires': [1]}, {'name': 'CRY', 'param': 7.227243273864109, 'wires': [3, 4]}, {'name': 'RY', 'param': 9.919801039666178, 'wires': [3]}, {'name': 'CRY', 'param': 5.762616599955696, 'wires': [1, 2]}, {'name': 'RY', 'param': 5.096217121238715, 'wires': [1]}, {'name': 'CRY', 'param': 5.9929462236258555, 'wires': [2, 4]}, {'name': 'RY', 'param': 6.553332392423534, 'wires': [2]}, {'name': 'CRY', 'param': 6.258703089766134, 'wires': [1, 4]}, {'name': 'RY', 'param': 4.461510042611288, 'wires': [1]}, {'name': 'RY', 'param': 6.243560538964756, 'wires': [4]}, {'name': 'RY', 'param': 7.1370887652534725, 'wires': [0]}, {'name': 'CRY', 'param': 6.151191227851577, 'wires': [4, 0]}, {'name': 'RY', 'param': 5.578875577170371, 'wires': [0]}, {'name': 'CRY', 'param': 6.084310607124203, 'wires': [3, 0]}]
[2025-08-04 17:51:36,070][INFO] Energy: 0.8969059267464599
[2025-08-05 09:43:20,729][INFO] Starting VQE run 56 (seed=104484941)
[2025-08-05 09:43:20,826][INFO] Adding RY(0.0, wires=[4]) increased overlap from 0.0 to 0.9409065828450393
[2025-08-05 09:43:20,940][INFO] Adding CRY(0.0, wires=[4, 3])) increased overlap from 0.9409065828450393 to 0.9627407050825496
[2025-08-05 09:43:21,135][INFO] Adding RY(0.0, wires=[2]) increased overlap from 0.9627407050825496 to 0.9664624978830549
[2025-08-05 09:43:21,526][INFO] Adding RY(0.0, wires=[3]) increased overlap from 0.9664624978830549 to 0.9959224368351431
[2025-08-05 09:43:22,556][INFO] Adding RY(0.0, wires=[1]) increased overlap from 0.9959224368351431 to 0.9961475806318518
[2025-08-05 09:43:23,936][INFO] Adding CRY(0.0, wires=[4, 2])) increased overlap from 0.9961475806318518 to 0.9976474634511492
[2025-08-05 09:43:25,979][INFO] Adding CRY(0.0, wires=[4, 1])) increased overlap from 0.9976474634511492 to 0.9977435070291374
[2025-08-05 09:43:31,690][INFO] Adding CRY(0.0, wires=[3, 2])) increased overlap from 0.9977435070291374 to 0.9983514466827925
[2025-08-05 09:43:50,487][INFO] Adding RY(0.0, wires=[3]) increased overlap from 0.9983514466827925 to 0.9998624606613049
[2025-08-05 09:44:10,229][INFO] Adding CRY(0.0, wires=[3, 1])) had small change in overlap from 0.9998624606613049 to 0.9998075905189772
[2025-08-05 09:44:30,438][INFO] Adding CRY(0.0, wires=[2, 1])) increased overlap from 0.9998075905189772 to 0.9998913754277254
[2025-08-05 09:44:50,956][INFO] Adding RY(0.0, wires=[3]) had small change in overlap from 0.9998913754277254 to 0.9996585086770947
[2025-08-05 09:45:13,086][INFO] Adding CRY(0.0, wires=[2, 3])) increased overlap from 0.9996585086770947 to 0.9999764489863794
[2025-08-05 09:45:36,573][INFO] Adding CRY(0.0, wires=[1, 3])) increased overlap from 0.9999764489863794 to 0.9999776638782291
[2025-08-05 09:46:00,365][INFO] Adding RY(0.0, wires=[1]) increased overlap from 0.9999776638782291 to 0.9999827764071866
[2025-08-05 09:46:25,283][INFO] Adding CRY(0.0, wires=[1, 2])) had small change in overlap from 0.9999827764071866 to 0.9998907141518065
[2025-08-05 09:46:50,755][INFO] Adding RY(0.0, wires=[1]) increased overlap from 0.9998907141518065 to 0.9999898423662872
[2025-08-05 09:47:16,820][INFO] Adding RY(0.0, wires=[2]) had small change in overlap from 0.9999898423662872 to 0.9999874720208369
[2025-08-05 09:47:44,220][INFO] Adding CRY(0.0, wires=[2, 4])) had small change in overlap from 0.9999874720208369 to 0.9999873800417619
[2025-08-05 09:48:12,162][INFO] Adding RY(0.0, wires=[2]) increased overlap from 0.9999873800417619 to 0.9999987891075894
[2025-08-05 09:48:41,628][INFO] Adding CRY(0.0, wires=[1, 4])) had small change in overlap from 0.9999987891075894 to 0.9999463886730243
[2025-08-05 09:49:11,685][INFO] Adding RY(0.0, wires=[1]) had small change in overlap from 0.9999463886730243 to 0.9999319272418158
[2025-08-05 09:49:40,793][INFO] Adding RY(0.0, wires=[4]) increased overlap from 0.9999319272418158 to 0.9999687919041071
[2025-08-05 09:50:10,939][INFO] Adding CRY(0.0, wires=[3, 4])) had small change in overlap from 0.9999687919041071 to 0.9994882452095606
[2025-08-05 09:50:43,603][INFO] Adding RY(0.0, wires=[3]) increased overlap from 0.9994882452095606 to 0.9999047780791307
[2025-08-05 09:51:16,675][INFO] Adding RY(0.0, wires=[4]) increased overlap from 0.9999047780791307 to 0.9999900029186362
[2025-08-05 09:51:50,330][INFO] Adding RY(0.0, wires=[0]) increased overlap from 0.9999900029186362 to 0.9999931790598067
[2025-08-05 09:52:25,035][INFO] Adding CRY(0.0, wires=[4, 0])) had small change in overlap from 0.9999931790598067 to 0.9998506042108539
[2025-08-05 09:52:58,451][INFO] Adding RY(0.0, wires=[0]) increased overlap from 0.9998506042108539 to 0.9999865047054451
[2025-08-05 09:53:32,770][INFO] Adding CRY(0.0, wires=[3, 0])) had small change in overlap from 0.9999865047054451 to 0.9999013838357218
[2025-08-05 09:53:32,770][INFO] Completed VQE run 29
[2025-08-05 09:53:32,771][INFO] Final ops list: [{'name': 'RY', 'param': 6.671071015956508, 'wires': [4]}, {'name': 'CRY', 'param': 10.703060084295021, 'wires': [4, 3]}, {'name': 'RY', 'param': 6.651171931355339, 'wires': [2]}, {'name': 'RY', 'param': 6.391857455740154, 'wires': [3]}, {'name': 'RY', 'param': 7.407643807681941, 'wires': [1]}, {'name': 'CRY', 'param': 6.146971678589026, 'wires': [4, 2]}, {'name': 'CRY', 'param': 6.40229128539099, 'wires': [4, 1]}, {'name': 'CRY', 'param': 6.122004903846475, 'wires': [3, 2]}, {'name': 'RY', 'param': 7.4195933536293515, 'wires': [3]}, {'name': 'CRY', 'param': 6.105627689592433, 'wires': [3, 1]}, {'name': 'CRY', 'param': 6.0770546798806295, 'wires': [2, 1]}, {'name': 'RY', 'param': 7.627721528504724, 'wires': [3]}, {'name': 'CRY', 'param': 6.3936416319787055, 'wires': [2, 3]}, {'name': 'CRY', 'param': 6.114685236149964, 'wires': [1, 3]}, {'name': 'RY', 'param': 6.6332414748229755, 'wires': [1]}, {'name': 'CRY', 'param': 6.391934030311969, 'wires': [1, 2]}, {'name': 'RY', 'param': 4.514444748837725, 'wires': [1]}, {'name': 'RY', 'param': 5.839573127471714, 'wires': [2]}, {'name': 'CRY', 'param': 9.66950224218881, 'wires': [2, 4]}, {'name': 'RY', 'param': 6.147992387119984, 'wires': [2]}, {'name': 'CRY', 'param': 6.229449761081358, 'wires': [1, 4]}, {'name': 'RY', 'param': 5.24045623136958, 'wires': [1]}, {'name': 'RY', 'param': 7.291979907095263, 'wires': [4]}, {'name': 'CRY', 'param': 6.299736846018161, 'wires': [3, 4]}, {'name': 'RY', 'param': 6.400324360322083, 'wires': [3]}, {'name': 'RY', 'param': 6.29684840257252, 'wires': [4]}, {'name': 'RY', 'param': 7.404802803406134, 'wires': [0]}, {'name': 'CRY', 'param': 6.295429640262251, 'wires': [4, 0]}, {'name': 'RY', 'param': 5.147880535210259, 'wires': [0]}, {'name': 'CRY', 'param': 6.300106187799264, 'wires': [3, 0]}]
[2025-08-05 09:53:32,771][INFO] Energy: 0.8924999901953693
