[2025-08-04 17:41:48,797][INFO] Starting VQE run 4 (seed=1474254)
[2025-08-04 17:41:48,880][INFO] Adding RY(0.0, wires=[4]) increased overlap from 0.0 to 0.9409065862132435
[2025-08-04 17:41:48,987][INFO] Adding CRY(0.0, wires=[4, 3])) increased overlap from 0.9409065862132435 to 0.96274070514486
[2025-08-04 17:41:49,143][INFO] Adding RY(0.0, wires=[2]) increased overlap from 0.96274070514486 to 0.9664624979610388
[2025-08-04 17:41:49,404][INFO] Adding RY(0.0, wires=[3]) increased overlap from 0.9664624979610388 to 0.9959224365598432
[2025-08-04 17:41:50,212][INFO] Adding RY(0.0, wires=[1]) increased overlap from 0.9959224365598432 to 0.9961475808748691
[2025-08-04 17:41:51,622][INFO] Adding CRY(0.0, wires=[4, 2])) increased overlap from 0.9961475808748691 to 0.9976474639194894
[2025-08-04 17:41:53,517][INFO] Adding CRY(0.0, wires=[4, 1])) increased overlap from 0.9976474639194894 to 0.9977435074545796
[2025-08-04 17:41:58,502][INFO] Adding CRY(0.0, wires=[3, 2])) increased overlap from 0.9977435074545796 to 0.9983514452066193
[2025-08-04 17:42:14,953][INFO] Adding RY(0.0, wires=[3]) increased overlap from 0.9983514452066193 to 0.9998625344809857
[2025-08-04 17:42:32,618][INFO] Adding CRY(0.0, wires=[3, 1])) had small change in overlap from 0.9998625344809857 to 0.9998021025497874
[2025-08-04 17:42:51,363][INFO] Adding CRY(0.0, wires=[2, 1])) increased overlap from 0.9998021025497874 to 0.9998905849968931
[2025-08-04 17:43:10,601][INFO] Adding RY(0.0, wires=[3]) had small change in overlap from 0.9998905849968931 to 0.999665904691524
[2025-08-04 17:43:31,276][INFO] Adding CRY(0.0, wires=[2, 3])) increased overlap from 0.999665904691524 to 0.9999772402473797
[2025-08-04 17:43:52,442][INFO] Adding RY(0.0, wires=[1]) increased overlap from 0.9999772402473797 to 0.9999823557548649
[2025-08-04 17:44:15,064][INFO] Adding CRY(0.0, wires=[1, 3])) had small change in overlap from 0.9999823557548649 to 0.9999504838696669
[2025-08-04 17:44:38,185][INFO] Adding RY(0.0, wires=[1]) increased overlap from 0.9999504838696669 to 0.999995099442786
[2025-08-04 17:45:01,818][INFO] Adding RY(0.0, wires=[2]) had small change in overlap from 0.999995099442786 to 0.9999713416145807
[2025-08-04 17:45:26,748][INFO] Adding CRY(0.0, wires=[1, 2])) had small change in overlap from 0.9999713416145807 to 0.9998519257084976
[2025-08-04 17:45:52,352][INFO] Adding RY(0.0, wires=[1]) had small change in overlap from 0.9998519257084976 to 0.9996127388210535
[2025-08-04 17:46:19,435][INFO] Adding CRY(0.0, wires=[2, 4])) had small change in overlap from 0.9996127388210535 to 0.9990626230040213
[2025-08-04 17:46:47,056][INFO] Adding RY(0.0, wires=[4]) increased overlap from 0.9990626230040213 to 0.9996555161102455
[2025-08-04 17:47:15,213][INFO] Adding RY(0.0, wires=[2]) increased overlap from 0.9996555161102455 to 0.9999947697096574
[2025-08-04 17:47:44,667][INFO] Adding CRY(0.0, wires=[3, 4])) had small change in overlap from 0.9999947697096574 to 0.9999895807620338
[2025-08-04 17:48:15,544][INFO] Adding CRY(0.0, wires=[1, 4])) had small change in overlap from 0.9999895807620338 to 0.999970881208647
[2025-08-04 17:48:46,929][INFO] Adding RY(0.0, wires=[1]) had small change in overlap from 0.999970881208647 to 0.9999040999281291
[2025-08-04 17:49:18,944][INFO] Adding RY(0.0, wires=[3]) increased overlap from 0.9999040999281291 to 0.9999702440118456
[2025-08-04 17:49:51,568][INFO] Adding RY(0.0, wires=[4]) had small change in overlap from 0.9999702440118456 to 0.9999435473904873
[2025-08-04 17:50:24,702][INFO] Adding RY(0.0, wires=[0]) increased overlap from 0.9999435473904873 to 0.9999489377450855
[2025-08-04 17:50:59,232][INFO] Adding CRY(0.0, wires=[4, 0])) had small change in overlap from 0.9999489377450855 to 0.9968244036827207
[2025-08-04 17:51:34,345][INFO] Adding RY(0.0, wires=[0]) increased overlap from 0.9968244036827207 to 0.9998575425513032
[2025-08-04 17:51:34,345][INFO] Completed VQE run 29
[2025-08-04 17:51:34,345][INFO] Final ops list: [{'name': 'RY', 'param': 6.346933292077112, 'wires': [4]}, {'name': 'CRY', 'param': 9.593683951763143, 'wires': [4, 3]}, {'name': 'RY', 'param': 7.910913919815146, 'wires': [2]}, {'name': 'RY', 'param': 6.466387486317519, 'wires': [3]}, {'name': 'RY', 'param': 9.411666593647842, 'wires': [1]}, {'name': 'CRY', 'param': 6.760862112953893, 'wires': [4, 2]}, {'name': 'CRY', 'param': 6.19523664621348, 'wires': [4, 1]}, {'name': 'CRY', 'param': 6.471961375417393, 'wires': [3, 2]}, {'name': 'RY', 'param': 7.955163246590503, 'wires': [3]}, {'name': 'CRY', 'param': 6.325867617758927, 'wires': [3, 1]}, {'name': 'CRY', 'param': 6.965365140327904, 'wires': [2, 1]}, {'name': 'RY', 'param': 7.058116377568193, 'wires': [3]}, {'name': 'CRY', 'param': 6.149658369030517, 'wires': [2, 3]}, {'name': 'RY', 'param': 4.584487724852728, 'wires': [1]}, {'name': 'CRY', 'param': 6.346579165699367, 'wires': [1, 3]}, {'name': 'RY', 'param': 7.280858894071501, 'wires': [1]}, {'name': 'RY', 'param': 4.660328125299938, 'wires': [2]}, {'name': 'CRY', 'param': 5.380112702751091, 'wires': [1, 2]}, {'name': 'RY', 'param': 4.508489535746748, 'wires': [1]}, {'name': 'CRY', 'param': 11.393046325341446, 'wires': [2, 4]}, {'name': 'RY', 'param': 8.422409653319995, 'wires': [4]}, {'name': 'RY', 'param': 6.247575617822998, 'wires': [2]}, {'name': 'CRY', 'param': 5.195826669960701, 'wires': [3, 4]}, {'name': 'CRY', 'param': 6.266020392053119, 'wires': [1, 4]}, {'name': 'RY', 'param': 5.378684419945194, 'wires': [1]}, {'name': 'RY', 'param': 5.71293490495583, 'wires': [3]}, {'name': 'RY', 'param': 5.526925234988283, 'wires': [4]}, {'name': 'RY', 'param': 7.474660254029415, 'wires': [0]}, {'name': 'CRY', 'param': 6.282798313955038, 'wires': [4, 0]}, {'name': 'RY', 'param': 5.0918808775068, 'wires': [0]}]
[2025-08-04 17:51:34,345][INFO] Energy: 0.8930943495657206
[2025-08-05 09:43:20,716][INFO] Starting VQE run 4 (seed=111115212)
[2025-08-05 09:43:20,815][INFO] Adding RY(0.0, wires=[4]) increased overlap from 0.0 to 0.9409065831998346
[2025-08-05 09:43:20,953][INFO] Adding CRY(0.0, wires=[4, 3])) increased overlap from 0.9409065831998346 to 0.96274070536707
[2025-08-05 09:43:21,150][INFO] Adding RY(0.0, wires=[2]) increased overlap from 0.96274070536707 to 0.9664624980969332
[2025-08-05 09:43:21,509][INFO] Adding RY(0.0, wires=[3]) increased overlap from 0.9664624980969332 to 0.9959224387571372
[2025-08-05 09:43:22,585][INFO] Adding RY(0.0, wires=[1]) increased overlap from 0.9959224387571372 to 0.996147580408508
[2025-08-05 09:43:24,385][INFO] Adding CRY(0.0, wires=[4, 2])) increased overlap from 0.996147580408508 to 0.9976474656083526
[2025-08-05 09:43:26,522][INFO] Adding CRY(0.0, wires=[4, 1])) increased overlap from 0.9976474656083526 to 0.9977435079685879
[2025-08-05 09:43:34,165][INFO] Adding CRY(0.0, wires=[3, 2])) increased overlap from 0.9977435079685879 to 0.9983514477793142
[2025-08-05 09:43:52,861][INFO] Adding RY(0.0, wires=[3]) increased overlap from 0.9983514477793142 to 0.9998826828366933
[2025-08-05 09:44:12,620][INFO] Adding CRY(0.0, wires=[3, 1])) had small change in overlap from 0.9998826828366933 to 0.9939116103304378
[2025-08-05 09:44:31,861][INFO] Adding RY(0.0, wires=[2]) increased overlap from 0.9939116103304378 to 0.9997396253169247
[2025-08-05 09:44:52,447][INFO] Adding CRY(0.0, wires=[2, 1])) increased overlap from 0.9997396253169247 to 0.9998824730610687
[2025-08-05 09:45:13,738][INFO] Adding RY(0.0, wires=[3]) had small change in overlap from 0.9998824730610687 to 0.9995199115173852
[2025-08-05 09:45:36,479][INFO] Adding CRY(0.0, wires=[2, 3])) had small change in overlap from 0.9995199115173852 to 0.9992311825042108
[2025-08-05 09:45:59,547][INFO] Adding RY(0.0, wires=[2]) increased overlap from 0.9992311825042108 to 0.9999397265691377
[2025-08-05 09:46:23,772][INFO] Adding CRY(0.0, wires=[1, 3])) had small change in overlap from 0.9999397265691377 to 0.9998215428247723
[2025-08-05 09:46:48,524][INFO] Adding RY(0.0, wires=[1]) had small change in overlap from 0.9998215428247723 to 0.9997220653542427
[2025-08-05 09:47:13,943][INFO] Adding RY(0.0, wires=[3]) increased overlap from 0.9997220653542427 to 0.9999552355455883
[2025-08-05 09:47:39,839][INFO] Adding RY(0.0, wires=[4]) had small change in overlap from 0.9999552355455883 to 0.9997930033532366
[2025-08-05 09:48:07,115][INFO] Adding CRY(0.0, wires=[2, 4])) had small change in overlap from 0.9997930033532366 to 0.9972045968729372
[2025-08-05 09:48:35,096][INFO] Adding RY(0.0, wires=[2]) increased overlap from 0.9972045968729372 to 0.9998047875420836
[2025-08-05 09:49:04,462][INFO] Adding CRY(0.0, wires=[1, 2])) increased overlap from 0.9998047875420836 to 0.9998121260246805
[2025-08-05 09:49:34,557][INFO] Adding RY(0.0, wires=[1]) had small change in overlap from 0.9998121260246805 to 0.9994845226355883
[2025-08-05 09:50:05,986][INFO] Adding CRY(0.0, wires=[3, 4])) had small change in overlap from 0.9994845226355883 to 0.9977117469472571
[2025-08-05 09:50:38,060][INFO] Adding RY(0.0, wires=[3]) increased overlap from 0.9977117469472571 to 0.998322160281655
[2025-08-05 09:51:10,619][INFO] Adding RY(0.0, wires=[4]) increased overlap from 0.998322160281655 to 0.9994111996882603
[2025-08-05 09:51:44,427][INFO] Adding CRY(0.0, wires=[1, 4])) increased overlap from 0.9994111996882603 to 0.9995353455137767
[2025-08-05 09:52:18,532][INFO] Adding RY(0.0, wires=[1]) had small change in overlap from 0.9995353455137767 to 0.9977558078703818
[2025-08-05 09:52:51,677][INFO] Adding RY(0.0, wires=[4]) increased overlap from 0.9977558078703818 to 0.9983582269484101
[2025-08-05 09:53:24,655][INFO] Adding RY(0.0, wires=[2]) increased overlap from 0.9983582269484101 to 0.9996597813935254
[2025-08-05 09:53:24,655][INFO] Completed VQE run 29
[2025-08-05 09:53:24,655][INFO] Final ops list: [{'name': 'RY', 'param': 9.411216242089251, 'wires': [4]}, {'name': 'CRY', 'param': 7.061878803384509, 'wires': [4, 3]}, {'name': 'RY', 'param': 8.248063507085028, 'wires': [2]}, {'name': 'RY', 'param': 9.525036421487174, 'wires': [3]}, {'name': 'RY', 'param': 11.718772930959028, 'wires': [1]}, {'name': 'CRY', 'param': 7.803936002877315, 'wires': [4, 2]}, {'name': 'CRY', 'param': 7.676641684775053, 'wires': [4, 1]}, {'name': 'CRY', 'param': 6.355985403074863, 'wires': [3, 2]}, {'name': 'RY', 'param': 1.2078786036634004, 'wires': [3]}, {'name': 'CRY', 'param': 7.568738612511683, 'wires': [3, 1]}, {'name': 'RY', 'param': 6.968541386151094, 'wires': [2]}, {'name': 'CRY', 'param': 6.634005944892032, 'wires': [2, 1]}, {'name': 'RY', 'param': 9.96598130483813, 'wires': [3]}, {'name': 'CRY', 'param': 6.197825691726992, 'wires': [2, 3]}, {'name': 'RY', 'param': 8.779752077208776, 'wires': [2]}, {'name': 'CRY', 'param': 5.817786613606792, 'wires': [1, 3]}, {'name': 'RY', 'param': 2.3845513314345093, 'wires': [1]}, {'name': 'RY', 'param': 4.365659125927946, 'wires': [3]}, {'name': 'RY', 'param': 8.283353739178251, 'wires': [4]}, {'name': 'CRY', 'param': 6.562821414943959, 'wires': [2, 4]}, {'name': 'RY', 'param': 3.4310063748806487, 'wires': [2]}, {'name': 'CRY', 'param': 7.235219948881451, 'wires': [1, 2]}, {'name': 'RY', 'param': 3.4914538732456406, 'wires': [1]}, {'name': 'CRY', 'param': 6.926232267289589, 'wires': [3, 4]}, {'name': 'RY', 'param': 4.3461357063691475, 'wires': [3]}, {'name': 'RY', 'param': 3.919140143491046, 'wires': [4]}, {'name': 'CRY', 'param': 4.225721737421253, 'wires': [1, 4]}, {'name': 'RY', 'param': 3.15321030473693, 'wires': [1]}, {'name': 'RY', 'param': 3.837346924513862, 'wires': [4]}, {'name': 'RY', 'param': 3.1007483750435703, 'wires': [2]}]
[2025-08-05 09:53:24,655][INFO] Energy: 0.8931951180738095
