[2025-08-04 17:41:48,842][INFO] Starting VQE run 48 (seed=31312281)
[2025-08-04 17:41:48,923][INFO] Adding RY(0.0, wires=[4]) increased overlap from 0.0 to 0.9409065831284651
[2025-08-04 17:41:49,050][INFO] Adding CRY(0.0, wires=[4, 3])) increased overlap from 0.9409065831284651 to 0.9627407048289386
[2025-08-04 17:41:49,229][INFO] Adding RY(0.0, wires=[2]) increased overlap from 0.9627407048289386 to 0.9664624987323126
[2025-08-04 17:41:49,579][INFO] Adding RY(0.0, wires=[3]) increased overlap from 0.9664624987323126 to 0.9959224362310611
[2025-08-04 17:41:50,581][INFO] Adding RY(0.0, wires=[1]) increased overlap from 0.9959224362310611 to 0.9961475816614566
[2025-08-04 17:41:52,528][INFO] Adding CRY(0.0, wires=[4, 2])) increased overlap from 0.9961475816614566 to 0.9976474650619114
[2025-08-04 17:42:07,473][INFO] Adding CRY(0.0, wires=[4, 1])) decreased overlap from 0.9976474650619114 to 0.5813758386724365.. skipping this gate
[2025-08-04 17:42:07,474][INFO] gradient converged
[2025-08-04 17:42:07,474][INFO] Completed VQE run 6
[2025-08-04 17:42:07,474][INFO] Final ops list: [{'name': 'RY', 'param': 5.043194859952848, 'wires': [4]}, {'name': 'CRY', 'param': 5.709858027913699, 'wires': [4, 3]}, {'name': 'RY', 'param': 6.140068228547877, 'wires': [2]}, {'name': 'RY', 'param': 6.5922733633319375, 'wires': [3]}, {'name': 'RY', 'param': 6.300960338960338, 'wires': [1]}, {'name': 'CRY', 'param': 6.36542213778003, 'wires': [4, 2]}]
[2025-08-04 17:42:07,474][INFO] Energy: 0.9063592655021475
[2025-08-05 09:43:20,726][INFO] Starting VQE run 48 (seed=20034898)
[2025-08-05 09:43:20,818][INFO] Adding RY(0.0, wires=[4]) increased overlap from 0.0 to 0.9409065809361741
[2025-08-05 09:43:20,939][INFO] Adding CRY(0.0, wires=[4, 3])) increased overlap from 0.9409065809361741 to 0.9627407034948875
[2025-08-05 09:43:21,124][INFO] Adding RY(0.0, wires=[2]) increased overlap from 0.9627407034948875 to 0.9664624978821467
[2025-08-05 09:43:21,461][INFO] Adding RY(0.0, wires=[3]) increased overlap from 0.9664624978821467 to 0.9959224362105245
[2025-08-05 09:43:22,450][INFO] Adding RY(0.0, wires=[1]) increased overlap from 0.9959224362105245 to 0.9961475891639412
[2025-08-05 09:43:25,179][INFO] Adding CRY(0.0, wires=[4, 2])) increased overlap from 0.9961475891639412 to 0.9976474641543966
[2025-08-05 09:43:27,265][INFO] Adding CRY(0.0, wires=[4, 1])) increased overlap from 0.9976474641543966 to 0.9977435089306786
[2025-08-05 09:43:33,737][INFO] Adding CRY(0.0, wires=[3, 2])) increased overlap from 0.9977435089306786 to 0.9983514456949076
[2025-08-05 09:43:52,405][INFO] Adding RY(0.0, wires=[3]) increased overlap from 0.9983514456949076 to 0.9998787374206682
[2025-08-05 09:44:11,832][INFO] Adding CRY(0.0, wires=[3, 1])) increased overlap from 0.9998787374206682 to 0.9998977943166522
[2025-08-05 09:44:31,046][INFO] Adding CRY(0.0, wires=[2, 1])) increased overlap from 0.9998977943166522 to 0.999950125100372
[2025-08-05 09:44:51,603][INFO] Adding RY(0.0, wires=[3]) had small change in overlap from 0.999950125100372 to 0.9997699954607848
[2025-08-05 09:45:13,775][INFO] Adding CRY(0.0, wires=[2, 3])) increased overlap from 0.9997699954607848 to 0.9998923380052093
[2025-08-05 09:45:36,525][INFO] Adding RY(0.0, wires=[2]) increased overlap from 0.9998923380052093 to 0.9999159469934912
[2025-08-05 09:45:59,249][INFO] Adding CRY(0.0, wires=[1, 3])) had small change in overlap from 0.9999159469934912 to 0.999833444108679
[2025-08-05 09:46:21,645][INFO] Adding RY(0.0, wires=[1]) increased overlap from 0.999833444108679 to 0.9998988536344422
[2025-08-05 09:46:45,401][INFO] Adding CRY(0.0, wires=[2, 4])) had small change in overlap from 0.9998988536344422 to 0.9988464579699126
[2025-08-05 09:47:09,702][INFO] Adding RY(0.0, wires=[2]) increased overlap from 0.9988464579699126 to 0.9997555981206291
[2025-08-05 09:47:35,256][INFO] Adding CRY(0.0, wires=[1, 2])) had small change in overlap from 0.9997555981206291 to 0.9996831219580842
[2025-08-05 09:48:01,344][INFO] Adding RY(0.0, wires=[1]) had small change in overlap from 0.9996831219580842 to 0.9996084199217519
[2025-08-05 09:48:27,910][INFO] Adding RY(0.0, wires=[3]) had small change in overlap from 0.9996084199217519 to 0.9988984197583926
[2025-08-05 09:48:55,754][INFO] Adding CRY(0.0, wires=[3, 4])) had small change in overlap from 0.9988984197583926 to 0.9987715145750219
[2025-08-05 09:49:24,170][INFO] Adding RY(0.0, wires=[3]) increased overlap from 0.9987715145750219 to 0.9987811963305921
[2025-08-05 09:49:53,914][INFO] Adding CRY(0.0, wires=[1, 4])) increased overlap from 0.9987811963305921 to 0.999160389201667
[2025-08-05 09:50:24,198][INFO] Adding RY(0.0, wires=[1]) had small change in overlap from 0.999160389201667 to 0.9984524927719106
[2025-08-05 09:50:55,027][INFO] Adding RY(0.0, wires=[2]) had small change in overlap from 0.9984524927719106 to 0.998194499043942
[2025-08-05 09:51:26,450][INFO] Adding RY(0.0, wires=[4]) increased overlap from 0.998194499043942 to 0.9990065313264568
[2025-08-05 09:51:58,356][INFO] Adding RY(0.0, wires=[0]) had small change in overlap from 0.9990065313264568 to 0.9984836730729109
[2025-08-05 09:52:31,587][INFO] Adding CRY(0.0, wires=[4, 0])) decreased overlap from 0.9984836730729109 to 0.9742925500028972.. skipping this gate
[2025-08-05 09:52:31,587][INFO] gradient converged
[2025-08-05 09:52:31,587][INFO] Completed VQE run 28
[2025-08-05 09:52:31,588][INFO] Final ops list: [{'name': 'RY', 'param': 7.7541468792486565, 'wires': [4]}, {'name': 'CRY', 'param': 9.189063039081834, 'wires': [4, 3]}, {'name': 'RY', 'param': 6.39773239006439, 'wires': [2]}, {'name': 'RY', 'param': 3.3873874360350884, 'wires': [3]}, {'name': 'RY', 'param': 10.763519134967574, 'wires': [1]}, {'name': 'CRY', 'param': 6.044394451384378, 'wires': [4, 2]}, {'name': 'CRY', 'param': 7.596887342187867, 'wires': [4, 1]}, {'name': 'CRY', 'param': 6.038608406981191, 'wires': [3, 2]}, {'name': 'RY', 'param': 6.478198355147259, 'wires': [3]}, {'name': 'CRY', 'param': 7.579099895762057, 'wires': [3, 1]}, {'name': 'CRY', 'param': 10.00865838724828, 'wires': [2, 1]}, {'name': 'RY', 'param': 11.926140289050071, 'wires': [3]}, {'name': 'CRY', 'param': 1.6071471860276352, 'wires': [2, 3]}, {'name': 'RY', 'param': 6.371046603836586, 'wires': [2]}, {'name': 'CRY', 'param': 7.0279804423386665, 'wires': [1, 3]}, {'name': 'RY', 'param': 2.418977535748412, 'wires': [1]}, {'name': 'CRY', 'param': 9.130675144677248, 'wires': [2, 4]}, {'name': 'RY', 'param': 7.607938782688239, 'wires': [2]}, {'name': 'CRY', 'param': 6.967299299479547, 'wires': [1, 2]}, {'name': 'RY', 'param': 6.342698783499543, 'wires': [1]}, {'name': 'RY', 'param': 5.243194837598891, 'wires': [3]}, {'name': 'CRY', 'param': 3.49819955921501, 'wires': [3, 4]}, {'name': 'RY', 'param': 4.743682497496937, 'wires': [3]}, {'name': 'CRY', 'param': 5.014326532261119, 'wires': [1, 4]}, {'name': 'RY', 'param': 3.5865061119221737, 'wires': [1]}, {'name': 'RY', 'param': 4.196724105134742, 'wires': [2]}, {'name': 'RY', 'param': 4.620350121638745, 'wires': [4]}, {'name': 'RY', 'param': 6.230308343861044, 'wires': [0]}]
[2025-08-05 09:52:31,588][INFO] Energy: 0.8976071117354183
