[2025-08-04 17:41:48,851][INFO] Starting VQE run 68 (seed=56098365)
[2025-08-04 17:41:48,935][INFO] Adding RY(0.0, wires=[4]) increased overlap from 0.0 to 0.9409065824997632
[2025-08-04 17:41:49,041][INFO] Adding CRY(0.0, wires=[4, 3])) increased overlap from 0.9409065824997632 to 0.9627407054826511
[2025-08-04 17:41:49,203][INFO] Adding RY(0.0, wires=[2]) increased overlap from 0.9627407054826511 to 0.9664624978321775
[2025-08-04 17:41:49,540][INFO] Adding RY(0.0, wires=[3]) increased overlap from 0.9664624978321775 to 0.9959224363152437
[2025-08-04 17:41:50,424][INFO] Adding RY(0.0, wires=[1]) increased overlap from 0.9959224363152437 to 0.9961475825022785
[2025-08-04 17:41:52,297][INFO] Adding CRY(0.0, wires=[4, 2])) increased overlap from 0.9961475825022785 to 0.9976474650740224
[2025-08-04 17:41:54,311][INFO] Adding CRY(0.0, wires=[4, 1])) increased overlap from 0.9976474650740224 to 0.997743508998741
[2025-08-04 17:42:00,432][INFO] Adding CRY(0.0, wires=[3, 2])) increased overlap from 0.997743508998741 to 0.9983514473039473
[2025-08-04 17:42:17,281][INFO] Adding RY(0.0, wires=[3]) increased overlap from 0.9983514473039473 to 0.9998816564460069
[2025-08-04 17:42:34,763][INFO] Adding CRY(0.0, wires=[3, 1])) had small change in overlap from 0.9998816564460069 to 0.9998606737675032
[2025-08-04 17:42:53,434][INFO] Adding CRY(0.0, wires=[2, 1])) increased overlap from 0.9998606737675032 to 0.999936461997923
[2025-08-04 17:43:12,618][INFO] Adding RY(0.0, wires=[3]) had small change in overlap from 0.999936461997923 to 0.9997590770520379
[2025-08-04 17:43:33,240][INFO] Adding CRY(0.0, wires=[2, 3])) increased overlap from 0.9997590770520379 to 0.9998705146062803
[2025-08-04 17:43:54,504][INFO] Adding RY(0.0, wires=[2]) increased overlap from 0.9998705146062803 to 0.9999406401644325
[2025-08-04 17:44:17,103][INFO] Adding CRY(0.0, wires=[2, 4])) had small change in overlap from 0.9999406401644325 to 0.9933074414128514
[2025-08-04 17:44:40,281][INFO] Adding RY(0.0, wires=[2]) increased overlap from 0.9933074414128514 to 0.9999671746355385
[2025-08-04 17:45:04,721][INFO] Adding CRY(0.0, wires=[1, 2])) had small change in overlap from 0.9999671746355385 to 0.9999255204290334
[2025-08-04 17:45:29,786][INFO] Adding RY(0.0, wires=[1]) increased overlap from 0.9999255204290334 to 0.9999536633986112
[2025-08-04 17:45:55,448][INFO] Adding RY(0.0, wires=[2]) had small change in overlap from 0.9999536633986112 to 0.9997796017926373
[2025-08-04 17:46:22,465][INFO] Adding CRY(0.0, wires=[1, 4])) increased overlap from 0.9997796017926373 to 0.9998607137677028
[2025-08-04 17:46:50,064][INFO] Adding RY(0.0, wires=[1]) increased overlap from 0.9998607137677028 to 0.9999242279678456
[2025-08-04 17:47:18,246][INFO] Adding RY(0.0, wires=[3]) increased overlap from 0.9999242279678456 to 0.9999966869124043
[2025-08-04 17:47:46,949][INFO] Adding RY(0.0, wires=[4]) had small change in overlap from 0.9999966869124043 to 0.9999894420184887
[2025-08-04 17:48:16,959][INFO] Adding CRY(0.0, wires=[3, 4])) had small change in overlap from 0.9999894420184887 to 0.9999709951636827
[2025-08-04 17:48:47,597][INFO] Adding RY(0.0, wires=[3]) had small change in overlap from 0.9999709951636827 to 0.9999435945303211
[2025-08-04 17:49:19,526][INFO] Adding CRY(0.0, wires=[1, 3])) increased overlap from 0.9999435945303211 to 0.9999465633509249
[2025-08-04 17:49:52,094][INFO] Adding RY(0.0, wires=[1]) increased overlap from 0.9999465633509249 to 0.9999954184825561
[2025-08-04 17:50:25,255][INFO] Adding RY(0.0, wires=[4]) had small change in overlap from 0.9999954184825561 to 0.999953582136191
[2025-08-04 17:50:58,932][INFO] Adding RY(0.0, wires=[3]) increased overlap from 0.999953582136191 to 0.9999960184566136
[2025-08-04 17:51:33,110][INFO] Adding RY(0.0, wires=[0]) had small change in overlap from 0.9999960184566136 to 0.9996897280410707
[2025-08-04 17:51:33,110][INFO] Completed VQE run 29
[2025-08-04 17:51:33,110][INFO] Final ops list: [{'name': 'RY', 'param': 10.20739017177914, 'wires': [4]}, {'name': 'CRY', 'param': 3.5583916081330758, 'wires': [4, 3]}, {'name': 'RY', 'param': 8.445585807419828, 'wires': [2]}, {'name': 'RY', 'param': 5.6536606212742635, 'wires': [3]}, {'name': 'RY', 'param': 8.922955141358795, 'wires': [1]}, {'name': 'CRY', 'param': 5.60029269783529, 'wires': [4, 2]}, {'name': 'CRY', 'param': 7.2742116799710725, 'wires': [4, 1]}, {'name': 'CRY', 'param': 7.149618876379361, 'wires': [3, 2]}, {'name': 'RY', 'param': 7.982409393162639, 'wires': [3]}, {'name': 'CRY', 'param': 7.28263263969259, 'wires': [3, 1]}, {'name': 'CRY', 'param': 6.069949510276861, 'wires': [2, 1]}, {'name': 'RY', 'param': 5.821223273580051, 'wires': [3]}, {'name': 'CRY', 'param': 5.621757081219594, 'wires': [2, 3]}, {'name': 'RY', 'param': 7.048725453382875, 'wires': [2]}, {'name': 'CRY', 'param': 9.819803528571342, 'wires': [2, 4]}, {'name': 'RY', 'param': 7.505095707072891, 'wires': [2]}, {'name': 'CRY', 'param': 5.978013064542327, 'wires': [1, 2]}, {'name': 'RY', 'param': 5.959190972031792, 'wires': [1]}, {'name': 'RY', 'param': 1.8446658647344365, 'wires': [2]}, {'name': 'CRY', 'param': 6.092605074764897, 'wires': [1, 4]}, {'name': 'RY', 'param': 6.00192579854475, 'wires': [1]}, {'name': 'RY', 'param': 5.556619690031072, 'wires': [3]}, {'name': 'RY', 'param': 7.417869294309306, 'wires': [4]}, {'name': 'CRY', 'param': 4.956209905663023, 'wires': [3, 4]}, {'name': 'RY', 'param': 8.205976506523122, 'wires': [3]}, {'name': 'CRY', 'param': 4.7108780728719, 'wires': [1, 3]}, {'name': 'RY', 'param': 3.9046858562456697, 'wires': [1]}, {'name': 'RY', 'param': 3.944049664958397, 'wires': [4]}, {'name': 'RY', 'param': 5.094483909165234, 'wires': [3]}, {'name': 'RY', 'param': 6.248174308217274, 'wires': [0]}]
[2025-08-04 17:51:33,110][INFO] Energy: 0.8918273881035962
[2025-08-05 09:43:20,735][INFO] Starting VQE run 68 (seed=45974822)
[2025-08-05 09:43:20,830][INFO] Adding RY(0.0, wires=[4]) increased overlap from 0.0 to 0.9409065807070096
[2025-08-05 09:43:20,948][INFO] Adding CRY(0.0, wires=[4, 3])) increased overlap from 0.9409065807070096 to 0.9627407050786214
[2025-08-05 09:43:21,129][INFO] Adding RY(0.0, wires=[2]) increased overlap from 0.9627407050786214 to 0.9664624991729626
[2025-08-05 09:43:21,507][INFO] Adding RY(0.0, wires=[3]) increased overlap from 0.9664624991729626 to 0.9959224360181288
[2025-08-05 09:43:22,570][INFO] Adding RY(0.0, wires=[1]) increased overlap from 0.9959224360181288 to 0.9961475814099344
[2025-08-05 09:43:23,940][INFO] Adding CRY(0.0, wires=[4, 2])) increased overlap from 0.9961475814099344 to 0.9976474644382617
[2025-08-05 09:43:25,830][INFO] Adding CRY(0.0, wires=[4, 1])) increased overlap from 0.9976474644382617 to 0.9977435066175111
[2025-08-05 09:43:31,873][INFO] Adding CRY(0.0, wires=[3, 2])) increased overlap from 0.9977435066175111 to 0.9983514477981498
[2025-08-05 09:43:50,689][INFO] Adding RY(0.0, wires=[3]) increased overlap from 0.9983514477981498 to 0.9998634733804082
[2025-08-05 09:44:10,484][INFO] Adding CRY(0.0, wires=[3, 1])) had small change in overlap from 0.9998634733804082 to 0.9997975251170312
[2025-08-05 09:44:30,793][INFO] Adding CRY(0.0, wires=[2, 1])) increased overlap from 0.9997975251170312 to 0.9998674087087402
[2025-08-05 09:44:51,420][INFO] Adding RY(0.0, wires=[3]) had small change in overlap from 0.9998674087087402 to 0.9996255971168698
[2025-08-05 09:45:13,621][INFO] Adding CRY(0.0, wires=[2, 3])) increased overlap from 0.9996255971168698 to 0.9999762072981894
[2025-08-05 09:45:36,382][INFO] Adding RY(0.0, wires=[1]) had small change in overlap from 0.9999762072981894 to 0.9999724080373853
[2025-08-05 09:45:59,452][INFO] Adding RY(0.0, wires=[2]) had small change in overlap from 0.9999724080373853 to 0.9999694565703009
[2025-08-05 09:46:23,719][INFO] Adding CRY(0.0, wires=[3, 4])) had small change in overlap from 0.9999694565703009 to 0.9999080567042304
[2025-08-05 09:46:48,486][INFO] Adding RY(0.0, wires=[4]) increased overlap from 0.9999080567042304 to 0.9999871401836826
[2025-08-05 09:47:13,848][INFO] Adding RY(0.0, wires=[3]) had small change in overlap from 0.9999871401836826 to 0.9997798132823316
[2025-08-05 09:47:40,650][INFO] Adding CRY(0.0, wires=[1, 4])) increased overlap from 0.9997798132823316 to 0.9997930583813514
[2025-08-05 09:48:07,895][INFO] Adding RY(0.0, wires=[1]) increased overlap from 0.9997930583813514 to 0.9999818830187897
[2025-08-05 09:48:36,631][INFO] Adding CRY(0.0, wires=[1, 2])) had small change in overlap from 0.9999818830187897 to 0.9998393112159959
[2025-08-05 09:49:06,033][INFO] Adding RY(0.0, wires=[1]) had small change in overlap from 0.9998393112159959 to 0.996945197962301
[2025-08-05 09:49:36,936][INFO] Adding CRY(0.0, wires=[2, 4])) had small change in overlap from 0.996945197962301 to 0.9888629775838671
[2025-08-05 09:50:08,433][INFO] Adding RY(0.0, wires=[2]) increased overlap from 0.9888629775838671 to 0.9985245339078535
[2025-08-05 09:50:41,283][INFO] Adding CRY(0.0, wires=[1, 3])) increased overlap from 0.9985245339078535 to 0.9986659118173759
[2025-08-05 09:51:14,662][INFO] Adding RY(0.0, wires=[1]) increased overlap from 0.9986659118173759 to 0.9998171157612536
[2025-08-05 09:51:48,556][INFO] Adding RY(0.0, wires=[4]) increased overlap from 0.9998171157612536 to 0.9999665609327781
[2025-08-05 09:52:22,698][INFO] Adding RY(0.0, wires=[3]) had small change in overlap from 0.9999665609327781 to 0.9998474983060839
[2025-08-05 09:52:55,661][INFO] Adding RY(0.0, wires=[0]) increased overlap from 0.9998474983060839 to 0.9999305349663654
[2025-08-05 09:53:29,520][INFO] Adding CRY(0.0, wires=[4, 0])) had small change in overlap from 0.9999305349663654 to 0.9991171225867691
[2025-08-05 09:53:29,521][INFO] Completed VQE run 29
[2025-08-05 09:53:29,521][INFO] Final ops list: [{'name': 'RY', 'param': 6.091798464541623, 'wires': [4]}, {'name': 'CRY', 'param': 12.554771196017153, 'wires': [4, 3]}, {'name': 'RY', 'param': 7.142800698046465, 'wires': [2]}, {'name': 'RY', 'param': 8.234812394033918, 'wires': [3]}, {'name': 'RY', 'param': 9.680244514115733, 'wires': [1]}, {'name': 'CRY', 'param': 12.726077186404298, 'wires': [4, 2]}, {'name': 'CRY', 'param': 8.965503666415353, 'wires': [4, 1]}, {'name': 'CRY', 'param': 5.903325227571925, 'wires': [3, 2]}, {'name': 'RY', 'param': 8.522360890022012, 'wires': [3]}, {'name': 'CRY', 'param': 6.618281400396685, 'wires': [3, 1]}, {'name': 'CRY', 'param': 9.487978353636779, 'wires': [2, 1]}, {'name': 'RY', 'param': 5.426722006683351, 'wires': [3]}, {'name': 'CRY', 'param': 6.845759229465027, 'wires': [2, 3]}, {'name': 'RY', 'param': 4.555780874253518, 'wires': [1]}, {'name': 'RY', 'param': 6.288252172265302, 'wires': [2]}, {'name': 'CRY', 'param': 5.610099443869066, 'wires': [3, 4]}, {'name': 'RY', 'param': 7.658755831392502, 'wires': [4]}, {'name': 'RY', 'param': 6.713569092470046, 'wires': [3]}, {'name': 'CRY', 'param': 6.035223997842088, 'wires': [1, 4]}, {'name': 'RY', 'param': 7.215930114745621, 'wires': [1]}, {'name': 'CRY', 'param': 4.687561102903523, 'wires': [1, 2]}, {'name': 'RY', 'param': 5.424975658091725, 'wires': [1]}, {'name': 'CRY', 'param': 5.947713318068713, 'wires': [2, 4]}, {'name': 'RY', 'param': 5.841975895991699, 'wires': [2]}, {'name': 'CRY', 'param': 5.690609897253131, 'wires': [1, 3]}, {'name': 'RY', 'param': 6.346795686315843, 'wires': [1]}, {'name': 'RY', 'param': 6.422974116906231, 'wires': [4]}, {'name': 'RY', 'param': 4.919675786169625, 'wires': [3]}, {'name': 'RY', 'param': 6.353823959166719, 'wires': [0]}, {'name': 'CRY', 'param': 6.2377892253199105, 'wires': [4, 0]}]
[2025-08-05 09:53:29,521][INFO] Energy: 0.8922981827471904
