[2025-08-04 17:41:48,837][INFO] Starting VQE run 59 (seed=69635985)
[2025-08-04 17:41:48,919][INFO] Adding RY(0.0, wires=[4]) increased overlap from 0.0 to 0.9409065824811826
[2025-08-04 17:41:49,032][INFO] Adding CRY(0.0, wires=[4, 3])) increased overlap from 0.9409065824811826 to 0.9627407054519784
[2025-08-04 17:41:49,186][INFO] Adding RY(0.0, wires=[2]) increased overlap from 0.9627407054519784 to 0.9664624981682542
[2025-08-04 17:41:49,510][INFO] Adding RY(0.0, wires=[3]) increased overlap from 0.9664624981682542 to 0.9959224369369338
[2025-08-04 17:41:50,424][INFO] Adding RY(0.0, wires=[1]) increased overlap from 0.9959224369369338 to 0.9961475802553865
[2025-08-04 17:41:51,731][INFO] Adding CRY(0.0, wires=[4, 2])) increased overlap from 0.9961475802553865 to 0.9976474655604145
[2025-08-04 17:41:53,361][INFO] Adding CRY(0.0, wires=[4, 1])) increased overlap from 0.9976474655604145 to 0.9977435065067369
[2025-08-04 17:41:58,375][INFO] Adding CRY(0.0, wires=[3, 2])) increased overlap from 0.9977435065067369 to 0.9983514466555751
[2025-08-04 17:42:14,930][INFO] Adding RY(0.0, wires=[3]) increased overlap from 0.9983514466555751 to 0.999863133534163
[2025-08-04 17:42:32,515][INFO] Adding CRY(0.0, wires=[3, 1])) had small change in overlap from 0.999863133534163 to 0.9998072046109252
[2025-08-04 17:42:51,326][INFO] Adding CRY(0.0, wires=[2, 1])) increased overlap from 0.9998072046109252 to 0.9999090836305824
[2025-08-04 17:43:10,593][INFO] Adding RY(0.0, wires=[3]) had small change in overlap from 0.9999090836305824 to 0.9996420108598761
[2025-08-04 17:43:31,294][INFO] Adding CRY(0.0, wires=[2, 3])) increased overlap from 0.9996420108598761 to 0.9999734143203252
[2025-08-04 17:43:53,276][INFO] Adding CRY(0.0, wires=[1, 3])) increased overlap from 0.9999734143203252 to 0.9999809049397121
[2025-08-04 17:44:15,896][INFO] Adding RY(0.0, wires=[1]) increased overlap from 0.9999809049397121 to 0.9999868524345449
[2025-08-04 17:44:39,048][INFO] Adding RY(0.0, wires=[4]) had small change in overlap from 0.9999868524345449 to 0.9999850244727501
[2025-08-04 17:45:02,695][INFO] Adding RY(0.0, wires=[2]) had small change in overlap from 0.9999850244727501 to 0.9999799843314331
[2025-08-04 17:45:27,729][INFO] Adding CRY(0.0, wires=[1, 2])) had small change in overlap from 0.9999799843314331 to 0.9998366761089205
[2025-08-04 17:45:53,294][INFO] Adding RY(0.0, wires=[1]) increased overlap from 0.9998366761089205 to 0.999912254534923
[2025-08-04 17:46:19,443][INFO] Adding RY(0.0, wires=[2]) increased overlap from 0.999912254534923 to 0.9999676415212108
[2025-08-04 17:46:46,907][INFO] Adding CRY(0.0, wires=[2, 4])) had small change in overlap from 0.9999676415212108 to 0.999739035496621
[2025-08-04 17:47:15,027][INFO] Adding RY(0.0, wires=[2]) increased overlap from 0.999739035496621 to 0.9999717291990986
[2025-08-04 17:47:44,473][INFO] Adding CRY(0.0, wires=[1, 4])) had small change in overlap from 0.9999717291990986 to 0.9999707359899026
[2025-08-04 17:48:14,488][INFO] Adding RY(0.0, wires=[1]) had small change in overlap from 0.9999707359899026 to 0.9999652666025493
[2025-08-04 17:48:45,295][INFO] Adding RY(0.0, wires=[3]) increased overlap from 0.9999652666025493 to 0.9999888530516021
[2025-08-04 17:49:17,208][INFO] Adding CRY(0.0, wires=[3, 4])) had small change in overlap from 0.9999888530516021 to 0.9999507904304569
[2025-08-04 17:49:49,710][INFO] Adding RY(0.0, wires=[4]) increased overlap from 0.9999507904304569 to 0.9999835802701947
[2025-08-04 17:50:22,762][INFO] Adding RY(0.0, wires=[3]) increased overlap from 0.9999835802701947 to 0.9999957743634744
[2025-08-04 17:50:56,403][INFO] Adding RY(0.0, wires=[0]) increased overlap from 0.9999957743634744 to 0.9999958806348478
[2025-08-04 17:51:31,442][INFO] Adding CRY(0.0, wires=[4, 0])) had small change in overlap from 0.9999958806348478 to 0.9958835171894435
[2025-08-04 17:51:31,442][INFO] Completed VQE run 29
[2025-08-04 17:51:31,442][INFO] Final ops list: [{'name': 'RY', 'param': 6.579070597631553, 'wires': [4]}, {'name': 'CRY', 'param': 8.263317282034281, 'wires': [4, 3]}, {'name': 'RY', 'param': 9.75077125537469, 'wires': [2]}, {'name': 'RY', 'param': 8.256916028697946, 'wires': [3]}, {'name': 'RY', 'param': 7.0573841371354336, 'wires': [1]}, {'name': 'CRY', 'param': 6.652916349318898, 'wires': [4, 2]}, {'name': 'CRY', 'param': 6.243305061451697, 'wires': [4, 1]}, {'name': 'CRY', 'param': 6.709978357853964, 'wires': [3, 2]}, {'name': 'RY', 'param': 8.824341757337494, 'wires': [3]}, {'name': 'CRY', 'param': 6.296037224389377, 'wires': [3, 1]}, {'name': 'CRY', 'param': 6.246300493575341, 'wires': [2, 1]}, {'name': 'RY', 'param': 6.719596666909726, 'wires': [3]}, {'name': 'CRY', 'param': 6.80402448401927, 'wires': [2, 3]}, {'name': 'CRY', 'param': 6.273322620844376, 'wires': [1, 3]}, {'name': 'RY', 'param': 7.055835809699516, 'wires': [1]}, {'name': 'RY', 'param': 8.266945258048924, 'wires': [4]}, {'name': 'RY', 'param': 5.5898316586607475, 'wires': [2]}, {'name': 'CRY', 'param': 6.756462712479726, 'wires': [1, 2]}, {'name': 'RY', 'param': 4.849209524874093, 'wires': [1]}, {'name': 'RY', 'param': 4.53195698159862, 'wires': [2]}, {'name': 'CRY', 'param': 6.28373504218894, 'wires': [2, 4]}, {'name': 'RY', 'param': 7.480672171069233, 'wires': [2]}, {'name': 'CRY', 'param': 6.2559605642072595, 'wires': [1, 4]}, {'name': 'RY', 'param': 4.8160573739149575, 'wires': [1]}, {'name': 'RY', 'param': 4.629465809098285, 'wires': [3]}, {'name': 'CRY', 'param': 5.171214585870901, 'wires': [3, 4]}, {'name': 'RY', 'param': 6.114162916996389, 'wires': [4]}, {'name': 'RY', 'param': 5.124848762334295, 'wires': [3]}, {'name': 'RY', 'param': 6.435904536563194, 'wires': [0]}, {'name': 'CRY', 'param': 6.18507622660964, 'wires': [4, 0]}]
[2025-08-04 17:51:31,442][INFO] Energy: 0.8946292457891286
[2025-08-05 09:43:20,731][INFO] Starting VQE run 59 (seed=58993214)
[2025-08-05 09:43:20,828][INFO] Adding RY(0.0, wires=[4]) increased overlap from 0.0 to 0.9409065851243681
[2025-08-05 09:43:20,959][INFO] Adding CRY(0.0, wires=[4, 3])) increased overlap from 0.9409065851243681 to 0.9627407039417305
[2025-08-05 09:43:21,143][INFO] Adding RY(0.0, wires=[2]) increased overlap from 0.9627407039417305 to 0.966462498226179
[2025-08-05 09:43:21,434][INFO] Adding RY(0.0, wires=[3]) increased overlap from 0.966462498226179 to 0.9959224360723524
[2025-08-05 09:43:22,264][INFO] Adding RY(0.0, wires=[1]) increased overlap from 0.9959224360723524 to 0.996147589987209
[2025-08-05 09:43:23,868][INFO] Adding CRY(0.0, wires=[4, 2])) increased overlap from 0.996147589987209 to 0.9976474650561508
[2025-08-05 09:43:25,948][INFO] Adding CRY(0.0, wires=[4, 1])) increased overlap from 0.9976474650561508 to 0.9977435073351418
[2025-08-05 09:43:31,658][INFO] Adding CRY(0.0, wires=[3, 2])) increased overlap from 0.9977435073351418 to 0.9983514460817577
[2025-08-05 09:43:50,436][INFO] Adding RY(0.0, wires=[3]) increased overlap from 0.9983514460817577 to 0.9998640408719649
[2025-08-05 09:44:10,139][INFO] Adding CRY(0.0, wires=[3, 1])) had small change in overlap from 0.9998640408719649 to 0.9997638876449313
[2025-08-05 09:44:30,398][INFO] Adding CRY(0.0, wires=[2, 1])) increased overlap from 0.9997638876449313 to 0.9998885199578044
[2025-08-05 09:44:50,956][INFO] Adding RY(0.0, wires=[3]) increased overlap from 0.9998885199578044 to 0.9999481945689123
[2025-08-05 09:45:13,072][INFO] Adding CRY(0.0, wires=[3, 4])) had small change in overlap from 0.9999481945689123 to 0.9999110445067627
[2025-08-05 09:45:35,818][INFO] Adding RY(0.0, wires=[4]) had small change in overlap from 0.9999110445067627 to 0.9999095361530782
[2025-08-05 09:45:59,693][INFO] Adding CRY(0.0, wires=[1, 3])) increased overlap from 0.9999095361530782 to 0.9999518678641248
[2025-08-05 09:46:23,929][INFO] Adding RY(0.0, wires=[1]) had small change in overlap from 0.9999518678641248 to 0.9997437535054784
[2025-08-05 09:46:48,605][INFO] Adding RY(0.0, wires=[3]) increased overlap from 0.9997437535054784 to 0.9999656490560053
[2025-08-05 09:47:14,783][INFO] Adding CRY(0.0, wires=[2, 4])) increased overlap from 0.9999656490560053 to 0.9999875296804791
[2025-08-05 09:47:42,242][INFO] Adding CRY(0.0, wires=[2, 3])) had small change in overlap from 0.9999875296804791 to 0.9999827312707074
[2025-08-05 09:48:10,185][INFO] Adding RY(0.0, wires=[2]) increased overlap from 0.9999827312707074 to 0.9999966151508709
[2025-08-05 09:48:39,612][INFO] Adding CRY(0.0, wires=[1, 2])) had small change in overlap from 0.9999966151508709 to 0.9998813902096504
[2025-08-05 09:49:09,597][INFO] Adding RY(0.0, wires=[1]) increased overlap from 0.9998813902096504 to 0.9999657292955935
[2025-08-05 09:49:41,121][INFO] Adding CRY(0.0, wires=[1, 4])) had small change in overlap from 0.9999657292955935 to 0.9998722220451643
[2025-08-05 09:50:13,150][INFO] Adding RY(0.0, wires=[1]) increased overlap from 0.9998722220451643 to 0.9999745354988117
[2025-08-05 09:50:45,875][INFO] Adding RY(0.0, wires=[3]) increased overlap from 0.9999745354988117 to 0.9999960333290544
[2025-08-05 09:51:18,882][INFO] Adding RY(0.0, wires=[2]) increased overlap from 0.9999960333290544 to 0.9999990491129256
[2025-08-05 09:51:52,546][INFO] Adding RY(0.0, wires=[4]) had small change in overlap from 0.9999990491129256 to 0.9999988084133974
[2025-08-05 09:52:26,363][INFO] Adding RY(0.0, wires=[0]) had small change in overlap from 0.9999988084133974 to 0.9999814376314494
[2025-08-05 09:52:59,776][INFO] Adding CRY(0.0, wires=[4, 0])) had small change in overlap from 0.9999814376314494 to 0.9986661337211125
[2025-08-05 09:53:33,514][INFO] Adding RY(0.0, wires=[0]) increased overlap from 0.9986661337211125 to 0.9999495819662856
[2025-08-05 09:53:33,514][INFO] Completed VQE run 29
[2025-08-05 09:53:33,514][INFO] Final ops list: [{'name': 'RY', 'param': 8.172989269595934, 'wires': [4]}, {'name': 'CRY', 'param': 7.638825871264628, 'wires': [4, 3]}, {'name': 'RY', 'param': 6.104744658316408, 'wires': [2]}, {'name': 'RY', 'param': 4.947803829782339, 'wires': [3]}, {'name': 'RY', 'param': 5.067333851135432, 'wires': [1]}, {'name': 'CRY', 'param': 6.4159350165614315, 'wires': [4, 2]}, {'name': 'CRY', 'param': 6.2672534530915165, 'wires': [4, 1]}, {'name': 'CRY', 'param': 6.4821133933016934, 'wires': [3, 2]}, {'name': 'RY', 'param': 4.600515906589661, 'wires': [3]}, {'name': 'CRY', 'param': 6.314675147989534, 'wires': [3, 1]}, {'name': 'CRY', 'param': 5.9519974820464485, 'wires': [2, 1]}, {'name': 'RY', 'param': 5.702601780744036, 'wires': [3]}, {'name': 'CRY', 'param': 8.787777746219348, 'wires': [3, 4]}, {'name': 'RY', 'param': 7.814393912453731, 'wires': [4]}, {'name': 'CRY', 'param': 6.254055598562444, 'wires': [1, 3]}, {'name': 'RY', 'param': 5.072198433779244, 'wires': [1]}, {'name': 'RY', 'param': 7.492121203659538, 'wires': [3]}, {'name': 'CRY', 'param': 9.244486967337345, 'wires': [2, 4]}, {'name': 'CRY', 'param': 4.773922805814817, 'wires': [2, 3]}, {'name': 'RY', 'param': 6.196816576241118, 'wires': [2]}, {'name': 'CRY', 'param': 8.396128675539302, 'wires': [1, 2]}, {'name': 'RY', 'param': 6.279003477063836, 'wires': [1]}, {'name': 'CRY', 'param': 7.23953434761292, 'wires': [1, 4]}, {'name': 'RY', 'param': 6.273395364666148, 'wires': [1]}, {'name': 'RY', 'param': 6.076540173342856, 'wires': [3]}, {'name': 'RY', 'param': 6.21219220426238, 'wires': [2]}, {'name': 'RY', 'param': 7.594178176275831, 'wires': [4]}, {'name': 'RY', 'param': 6.487147052514725, 'wires': [0]}, {'name': 'CRY', 'param': 6.283592496832323, 'wires': [4, 0]}, {'name': 'RY', 'param': 6.078713362521815, 'wires': [0]}]
[2025-08-05 09:53:33,514][INFO] Energy: 0.8922988341754191
