[2025-08-04 17:41:48,849][INFO] Starting VQE run 63 (seed=49901844)
[2025-08-04 17:41:48,936][INFO] Adding RY(0.0, wires=[4]) increased overlap from 0.0 to 0.9409065861061373
[2025-08-04 17:41:49,230][INFO] Adding CRY(0.0, wires=[4, 3])) increased overlap from 0.9409065861061373 to 0.9627407058382177
[2025-08-04 17:41:49,397][INFO] Adding RY(0.0, wires=[2]) increased overlap from 0.9627407058382177 to 0.9664624958969851
[2025-08-04 17:41:49,757][INFO] Adding RY(0.0, wires=[3]) increased overlap from 0.9664624958969851 to 0.9959224394361845
[2025-08-04 17:41:50,682][INFO] Adding RY(0.0, wires=[1]) increased overlap from 0.9959224394361845 to 0.9961475807850726
[2025-08-04 17:41:52,238][INFO] Adding CRY(0.0, wires=[4, 2])) increased overlap from 0.9961475807850726 to 0.9976474649864115
[2025-08-04 17:41:55,252][INFO] Adding CRY(0.0, wires=[4, 1])) increased overlap from 0.9976474649864115 to 0.99774350588266
[2025-08-04 17:42:00,705][INFO] Adding CRY(0.0, wires=[3, 2])) increased overlap from 0.99774350588266 to 0.9983514555992782
[2025-08-04 17:42:17,150][INFO] Adding RY(0.0, wires=[3]) increased overlap from 0.9983514555992782 to 0.9996664341662193
[2025-08-04 17:42:34,806][INFO] Adding CRY(0.0, wires=[3, 1])) increased overlap from 0.9996664341662193 to 0.9998530818873754
[2025-08-04 17:42:53,502][INFO] Adding CRY(0.0, wires=[2, 1])) increased overlap from 0.9998530818873754 to 0.9999196672924966
[2025-08-04 17:43:12,680][INFO] Adding RY(0.0, wires=[3]) increased overlap from 0.9999196672924966 to 0.9999241474596993
[2025-08-04 17:43:33,231][INFO] Adding CRY(0.0, wires=[1, 3])) had small change in overlap from 0.9999241474596993 to 0.9998567708719431
[2025-08-04 17:43:54,375][INFO] Adding RY(0.0, wires=[1]) increased overlap from 0.9998567708719431 to 0.9999797028621735
[2025-08-04 17:44:16,139][INFO] Adding RY(0.0, wires=[2]) had small change in overlap from 0.9999797028621735 to 0.9999759665044502
[2025-08-04 17:44:39,242][INFO] Adding CRY(0.0, wires=[3, 4])) had small change in overlap from 0.9999759665044502 to 0.9995772526741684
[2025-08-04 17:45:02,904][INFO] Adding RY(0.0, wires=[3]) had small change in overlap from 0.9995772526741684 to 0.9992303682759804
[2025-08-04 17:45:27,943][INFO] Adding CRY(0.0, wires=[2, 3])) had small change in overlap from 0.9992303682759804 to 0.9983782472152846
[2025-08-04 17:45:54,375][INFO] Adding CRY(0.0, wires=[2, 4])) increased overlap from 0.9983782472152846 to 0.9997046591489691
[2025-08-04 17:46:21,426][INFO] Adding RY(0.0, wires=[2]) increased overlap from 0.9997046591489691 to 0.9999463152954466
[2025-08-04 17:46:49,784][INFO] Adding CRY(0.0, wires=[1, 2])) had small change in overlap from 0.9999463152954466 to 0.9998102418696707
[2025-08-04 17:47:18,696][INFO] Adding RY(0.0, wires=[1]) increased overlap from 0.9998102418696707 to 0.9999941060984233
[2025-08-04 17:47:48,142][INFO] Adding RY(0.0, wires=[2]) had small change in overlap from 0.9999941060984233 to 0.9999874900908234
[2025-08-04 17:48:18,164][INFO] Adding RY(0.0, wires=[4]) had small change in overlap from 0.9999874900908234 to 0.9999864932140794
[2025-08-04 17:48:48,671][INFO] Adding RY(0.0, wires=[3]) had small change in overlap from 0.9999864932140794 to 0.9999627231232482
[2025-08-04 17:49:20,573][INFO] Adding CRY(0.0, wires=[1, 4])) increased overlap from 0.9999627231232482 to 0.9999846667633291
[2025-08-04 17:49:53,103][INFO] Adding RY(0.0, wires=[1]) had small change in overlap from 0.9999846667633291 to 0.999947399657329
[2025-08-04 17:50:26,143][INFO] Adding RY(0.0, wires=[4]) increased overlap from 0.999947399657329 to 0.999994038781328
[2025-08-04 17:50:59,770][INFO] Adding RY(0.0, wires=[0]) decreased overlap from 0.999994038781328 to 0.005646946197024018.. skipping this gate
[2025-08-04 17:50:59,770][INFO] gradient converged
[2025-08-04 17:50:59,770][INFO] Completed VQE run 28
[2025-08-04 17:50:59,770][INFO] Final ops list: [{'name': 'RY', 'param': 3.793528463859978, 'wires': [4]}, {'name': 'CRY', 'param': -1.630898285932155, 'wires': [4, 3]}, {'name': 'RY', 'param': 0.013292999445401814, 'wires': [2]}, {'name': 'RY', 'param': -1.2024838195986574, 'wires': [3]}, {'name': 'RY', 'param': -0.35477302912681974, 'wires': [1]}, {'name': 'CRY', 'param': 0.046534787063303475, 'wires': [4, 2]}, {'name': 'CRY', 'param': 0.5143237443582211, 'wires': [4, 1]}, {'name': 'CRY', 'param': -0.14996806693531758, 'wires': [3, 2]}, {'name': 'RY', 'param': 1.261851772262881, 'wires': [3]}, {'name': 'CRY', 'param': -0.7713988448251301, 'wires': [3, 1]}, {'name': 'CRY', 'param': 0.6143423822303022, 'wires': [2, 1]}, {'name': 'RY', 'param': 2.8631058718598075, 'wires': [3]}, {'name': 'CRY', 'param': 2.3332744002283023, 'wires': [1, 3]}, {'name': 'RY', 'param': -1.2600253003394237, 'wires': [1]}, {'name': 'RY', 'param': 0.1738244617636382, 'wires': [2]}, {'name': 'CRY', 'param': -0.29058493196741714, 'wires': [3, 4]}, {'name': 'RY', 'param': 3.540354023783498, 'wires': [3]}, {'name': 'CRY', 'param': 4.468141527258839, 'wires': [2, 3]}, {'name': 'CRY', 'param': 1.2233660083587283, 'wires': [2, 4]}, {'name': 'RY', 'param': 0.1127886681404395, 'wires': [2]}, {'name': 'CRY', 'param': 0.014895352979221559, 'wires': [1, 2]}, {'name': 'RY', 'param': 0.3805444962055102, 'wires': [1]}, {'name': 'RY', 'param': -0.223832513007963, 'wires': [2]}, {'name': 'RY', 'param': 0.4570923682283397, 'wires': [4]}, {'name': 'RY', 'param': 1.4138447314959441, 'wires': [3]}, {'name': 'CRY', 'param': 0.2711706681511327, 'wires': [1, 4]}, {'name': 'RY', 'param': 1.2931317372279003, 'wires': [1]}, {'name': 'RY', 'param': 0.9971866054700633, 'wires': [4]}]
[2025-08-04 17:50:59,770][INFO] Energy: 0.8916556265026213
[2025-08-05 09:43:20,734][INFO] Starting VQE run 63 (seed=39489841)
[2025-08-05 09:43:20,828][INFO] Adding RY(0.0, wires=[4]) increased overlap from 0.0 to 0.9409065856098915
[2025-08-05 09:43:20,963][INFO] Adding CRY(0.0, wires=[4, 3])) increased overlap from 0.9409065856098915 to 0.9627407052503063
[2025-08-05 09:43:21,132][INFO] Adding RY(0.0, wires=[2]) increased overlap from 0.9627407052503063 to 0.9664624976468151
[2025-08-05 09:43:21,510][INFO] Adding RY(0.0, wires=[3]) increased overlap from 0.9664624976468151 to 0.9959224370103712
[2025-08-05 09:43:22,423][INFO] Adding RY(0.0, wires=[1]) increased overlap from 0.9959224370103712 to 0.9961475890163803
[2025-08-05 09:43:23,897][INFO] Adding CRY(0.0, wires=[4, 2])) increased overlap from 0.9961475890163803 to 0.9976474646980831
[2025-08-05 09:43:25,853][INFO] Adding CRY(0.0, wires=[4, 1])) increased overlap from 0.9976474646980831 to 0.9977435084525831
[2025-08-05 09:43:31,608][INFO] Adding CRY(0.0, wires=[3, 2])) increased overlap from 0.9977435084525831 to 0.9983514462761262
[2025-08-05 09:43:50,402][INFO] Adding RY(0.0, wires=[3]) increased overlap from 0.9983514462761262 to 0.9998622251328996
[2025-08-05 09:44:10,172][INFO] Adding CRY(0.0, wires=[3, 1])) had small change in overlap from 0.9998622251328996 to 0.9997864839542776
[2025-08-05 09:44:30,476][INFO] Adding CRY(0.0, wires=[2, 1])) increased overlap from 0.9997864839542776 to 0.9999042802291298
[2025-08-05 09:44:51,208][INFO] Adding RY(0.0, wires=[3]) increased overlap from 0.9999042802291298 to 0.9999458975185652
[2025-08-05 09:45:13,418][INFO] Adding CRY(0.0, wires=[3, 4])) had small change in overlap from 0.9999458975185652 to 0.9999103166164582
[2025-08-05 09:45:36,209][INFO] Adding RY(0.0, wires=[4]) had small change in overlap from 0.9999103166164582 to 0.9999040315721073
[2025-08-05 09:46:00,074][INFO] Adding CRY(0.0, wires=[1, 3])) increased overlap from 0.9999040315721073 to 0.9999308985780149
[2025-08-05 09:46:24,309][INFO] Adding RY(0.0, wires=[1]) had small change in overlap from 0.9999308985780149 to 0.9998319170577833
[2025-08-05 09:46:49,043][INFO] Adding RY(0.0, wires=[3]) increased overlap from 0.9998319170577833 to 0.9999040039631917
[2025-08-05 09:47:15,260][INFO] Adding CRY(0.0, wires=[1, 2])) increased overlap from 0.9999040039631917 to 0.9999112800807638
[2025-08-05 09:47:41,982][INFO] Adding RY(0.0, wires=[1]) had small change in overlap from 0.9999112800807638 to 0.9999035703035675
[2025-08-05 09:48:10,110][INFO] Adding CRY(0.0, wires=[2, 4])) increased overlap from 0.9999035703035675 to 0.9999609952292308
[2025-08-05 09:48:38,915][INFO] Adding RY(0.0, wires=[2]) had small change in overlap from 0.9999609952292308 to 0.9998186004251207
[2025-08-05 09:49:08,987][INFO] Adding CRY(0.0, wires=[2, 3])) increased overlap from 0.9998186004251207 to 0.9998274718854478
[2025-08-05 09:49:39,770][INFO] Adding RY(0.0, wires=[2]) increased overlap from 0.9998274718854478 to 0.9999083982212064
[2025-08-05 09:50:11,105][INFO] Adding RY(0.0, wires=[3]) increased overlap from 0.9999083982212064 to 0.9999518133422407
[2025-08-05 09:50:43,996][INFO] Adding CRY(0.0, wires=[1, 4])) had small change in overlap from 0.9999518133422407 to 0.9998908683657641
[2025-08-05 09:51:17,313][INFO] Adding RY(0.0, wires=[1]) increased overlap from 0.9998908683657641 to 0.9999833066537193
[2025-08-05 09:51:51,151][INFO] Adding RY(0.0, wires=[4]) increased overlap from 0.9999833066537193 to 0.9999916446079392
[2025-08-05 09:52:25,278][INFO] Adding RY(0.0, wires=[0]) increased overlap from 0.9999916446079392 to 0.9999919240627665
[2025-08-05 09:52:58,854][INFO] Adding CRY(0.0, wires=[4, 0])) had small change in overlap from 0.9999919240627665 to 0.9931877561965669
[2025-08-05 09:53:32,437][INFO] Adding RY(0.0, wires=[0]) increased overlap from 0.9931877561965669 to 0.9999668006216962
[2025-08-05 09:53:32,437][INFO] Completed VQE run 29
[2025-08-05 09:53:32,437][INFO] Final ops list: [{'name': 'RY', 'param': 5.731162091377435, 'wires': [4]}, {'name': 'CRY', 'param': 7.4832593005565275, 'wires': [4, 3]}, {'name': 'RY', 'param': 6.243818184195265, 'wires': [2]}, {'name': 'RY', 'param': 5.22642596258844, 'wires': [3]}, {'name': 'RY', 'param': 6.2704140867906855, 'wires': [1]}, {'name': 'CRY', 'param': 6.017961675188316, 'wires': [4, 2]}, {'name': 'CRY', 'param': 6.387573899693296, 'wires': [4, 1]}, {'name': 'CRY', 'param': 6.262382476317807, 'wires': [3, 2]}, {'name': 'RY', 'param': 3.971347930390575, 'wires': [3]}, {'name': 'CRY', 'param': 5.970039952201625, 'wires': [3, 1]}, {'name': 'CRY', 'param': 6.358733925927287, 'wires': [2, 1]}, {'name': 'RY', 'param': 5.029924732397044, 'wires': [3]}, {'name': 'CRY', 'param': 6.5536972745163515, 'wires': [3, 4]}, {'name': 'RY', 'param': 7.424584444385117, 'wires': [4]}, {'name': 'CRY', 'param': 8.094844021305747, 'wires': [1, 3]}, {'name': 'RY', 'param': 5.909799864693172, 'wires': [1]}, {'name': 'RY', 'param': 6.326345528570393, 'wires': [3]}, {'name': 'CRY', 'param': 6.259244675533383, 'wires': [1, 2]}, {'name': 'RY', 'param': 6.157210217064754, 'wires': [1]}, {'name': 'CRY', 'param': 9.109133695714414, 'wires': [2, 4]}, {'name': 'RY', 'param': 6.321602435733676, 'wires': [2]}, {'name': 'CRY', 'param': 6.0100806803249345, 'wires': [2, 3]}, {'name': 'RY', 'param': 6.2025151580718285, 'wires': [2]}, {'name': 'RY', 'param': 6.38691552048731, 'wires': [3]}, {'name': 'CRY', 'param': 7.661361058565337, 'wires': [1, 4]}, {'name': 'RY', 'param': 6.344029299278675, 'wires': [1]}, {'name': 'RY', 'param': 5.9282130338983015, 'wires': [4]}, {'name': 'RY', 'param': 6.479955598572908, 'wires': [0]}, {'name': 'CRY', 'param': 6.282294971995917, 'wires': [4, 0]}, {'name': 'RY', 'param': 6.087258676984697, 'wires': [0]}]
[2025-08-05 09:53:32,437][INFO] Energy: 0.8920978619042215
