[2025-08-04 17:41:48,847][INFO] Starting VQE run 62 (seed=23971182)
[2025-08-04 17:41:48,931][INFO] Adding RY(0.0, wires=[4]) increased overlap from 0.0 to 0.9409065843513057
[2025-08-04 17:41:49,177][INFO] Adding CRY(0.0, wires=[4, 3])) increased overlap from 0.9409065843513057 to 0.9627407053079461
[2025-08-04 17:41:49,353][INFO] Adding RY(0.0, wires=[2]) increased overlap from 0.9627407053079461 to 0.9664624994619861
[2025-08-04 17:41:49,714][INFO] Adding RY(0.0, wires=[3]) increased overlap from 0.9664624994619861 to 0.9959224387132518
[2025-08-04 17:41:50,668][INFO] Adding RY(0.0, wires=[1]) increased overlap from 0.9959224387132518 to 0.9961475814990872
[2025-08-04 17:41:53,072][INFO] Adding CRY(0.0, wires=[4, 2])) increased overlap from 0.9961475814990872 to 0.9976474660635184
[2025-08-04 17:42:07,632][INFO] Adding CRY(0.0, wires=[4, 1])) decreased overlap from 0.9976474660635184 to 0.5374444112660594.. skipping this gate
[2025-08-04 17:42:07,632][INFO] gradient converged
[2025-08-04 17:42:07,632][INFO] Completed VQE run 6
[2025-08-04 17:42:07,632][INFO] Final ops list: [{'name': 'RY', 'param': 5.0431948423271695, 'wires': [4]}, {'name': 'CRY', 'param': 5.7098579795701525, 'wires': [4, 3]}, {'name': 'RY', 'param': 6.140068218136142, 'wires': [2]}, {'name': 'RY', 'param': 0.3090880958842573, 'wires': [3]}, {'name': 'RY', 'param': 6.300960334136525, 'wires': [1]}, {'name': 'CRY', 'param': 6.365422138106596, 'wires': [4, 2]}]
[2025-08-04 17:42:07,632][INFO] Energy: 0.9063592655021394
[2025-08-05 09:43:20,732][INFO] Starting VQE run 62 (seed=13501487)
[2025-08-05 09:43:20,830][INFO] Adding RY(0.0, wires=[4]) increased overlap from 0.0 to 0.9409065817804618
[2025-08-05 09:43:21,003][INFO] Adding CRY(0.0, wires=[4, 3])) increased overlap from 0.9409065817804618 to 0.9627407054218797
[2025-08-05 09:43:21,196][INFO] Adding RY(0.0, wires=[2]) increased overlap from 0.9627407054218797 to 0.9664625009097085
[2025-08-05 09:43:21,546][INFO] Adding RY(0.0, wires=[3]) increased overlap from 0.9664625009097085 to 0.9959224402539053
[2025-08-05 09:43:22,448][INFO] Adding RY(0.0, wires=[1]) increased overlap from 0.9959224402539053 to 0.9961475806953037
[2025-08-05 09:43:23,783][INFO] Adding CRY(0.0, wires=[4, 2])) increased overlap from 0.9961475806953037 to 0.9976474627955548
[2025-08-05 09:43:25,972][INFO] Adding CRY(0.0, wires=[4, 1])) increased overlap from 0.9976474627955548 to 0.9977435081773453
[2025-08-05 09:43:31,789][INFO] Adding CRY(0.0, wires=[3, 2])) increased overlap from 0.9977435081773453 to 0.9983514542545032
[2025-08-05 09:43:50,628][INFO] Adding RY(0.0, wires=[3]) increased overlap from 0.9983514542545032 to 0.9995792364068573
[2025-08-05 09:44:10,467][INFO] Adding CRY(0.0, wires=[3, 1])) increased overlap from 0.9995792364068573 to 0.999800600458368
[2025-08-05 09:44:30,757][INFO] Adding CRY(0.0, wires=[2, 1])) increased overlap from 0.999800600458368 to 0.9998837960112226
[2025-08-05 09:44:51,407][INFO] Adding RY(0.0, wires=[3]) increased overlap from 0.9998837960112226 to 0.9999181837548251
[2025-08-05 09:45:13,557][INFO] Adding CRY(0.0, wires=[1, 3])) had small change in overlap from 0.9999181837548251 to 0.9998645017995534
[2025-08-05 09:45:36,333][INFO] Adding RY(0.0, wires=[1]) increased overlap from 0.9998645017995534 to 0.9999822891064928
[2025-08-05 09:46:00,239][INFO] Adding CRY(0.0, wires=[3, 4])) had small change in overlap from 0.9999822891064928 to 0.9997626719798314
[2025-08-05 09:46:24,520][INFO] Adding RY(0.0, wires=[3]) had small change in overlap from 0.9997626719798314 to 0.9989472860759703
[2025-08-05 09:46:50,149][INFO] Adding CRY(0.0, wires=[2, 3])) increased overlap from 0.9989472860759703 to 0.9995065637075109
[2025-08-05 09:47:16,317][INFO] Adding RY(0.0, wires=[2]) increased overlap from 0.9995065637075109 to 0.9999555641563728
[2025-08-05 09:47:43,884][INFO] Adding CRY(0.0, wires=[1, 4])) had small change in overlap from 0.9999555641563728 to 0.9999212195330641
[2025-08-05 09:48:11,929][INFO] Adding RY(0.0, wires=[1]) had small change in overlap from 0.9999212195330641 to 0.9982609767927576
[2025-08-05 09:48:41,516][INFO] Adding CRY(0.0, wires=[2, 4])) increased overlap from 0.9982609767927576 to 0.9998415870610399
[2025-08-05 09:49:11,567][INFO] Adding RY(0.0, wires=[2]) increased overlap from 0.9998415870610399 to 0.9999651893740006
[2025-08-05 09:49:42,237][INFO] Adding RY(0.0, wires=[3]) increased overlap from 0.9999651893740006 to 0.9999799766673398
[2025-08-05 09:50:14,241][INFO] Adding CRY(0.0, wires=[1, 2])) increased overlap from 0.9999799766673398 to 0.9999823311511222
[2025-08-05 09:50:47,028][INFO] Adding RY(0.0, wires=[1]) had small change in overlap from 0.9999823311511222 to 0.9999596156355505
[2025-08-05 09:51:20,134][INFO] Adding RY(0.0, wires=[2]) had small change in overlap from 0.9999596156355505 to 0.9999561558297371
[2025-08-05 09:51:53,933][INFO] Adding RY(0.0, wires=[4]) increased overlap from 0.9999561558297371 to 0.999958644524037
[2025-08-05 09:52:27,821][INFO] Adding RY(0.0, wires=[0]) increased overlap from 0.999958644524037 to 0.9999785560763977
[2025-08-05 09:53:01,149][INFO] Adding CRY(0.0, wires=[4, 0])) had small change in overlap from 0.9999785560763977 to 0.999622470583945
[2025-08-05 09:53:34,830][INFO] Adding RY(0.0, wires=[0]) increased overlap from 0.999622470583945 to 0.9999802424762892
[2025-08-05 09:53:34,830][INFO] Completed VQE run 29
[2025-08-05 09:53:34,831][INFO] Final ops list: [{'name': 'RY', 'param': -1.7054239370849573, 'wires': [4]}, {'name': 'CRY', 'param': 0.0067719119398227485, 'wires': [4, 3]}, {'name': 'RY', 'param': 2.015340844461588, 'wires': [2]}, {'name': 'RY', 'param': 0.03133258920203831, 'wires': [3]}, {'name': 'RY', 'param': -0.5275019203233575, 'wires': [1]}, {'name': 'CRY', 'param': -0.12812366762384292, 'wires': [4, 2]}, {'name': 'CRY', 'param': -1.6841722327268147, 'wires': [4, 1]}, {'name': 'CRY', 'param': 2.7354364681749623, 'wires': [3, 2]}, {'name': 'RY', 'param': 2.1742970138323, 'wires': [3]}, {'name': 'CRY', 'param': 0.13463624172548816, 'wires': [3, 1]}, {'name': 'CRY', 'param': -0.23867168467461775, 'wires': [2, 1]}, {'name': 'RY', 'param': 0.2976348816158499, 'wires': [3]}, {'name': 'CRY', 'param': 0.04553029193547626, 'wires': [1, 3]}, {'name': 'RY', 'param': 0.5255991578281332, 'wires': [1]}, {'name': 'CRY', 'param': 5.37151814967358, 'wires': [3, 4]}, {'name': 'RY', 'param': 1.3861440983232143, 'wires': [3]}, {'name': 'CRY', 'param': 6.248465954335698, 'wires': [2, 3]}, {'name': 'RY', 'param': -0.7343889512441251, 'wires': [2]}, {'name': 'CRY', 'param': 1.760593842700956, 'wires': [1, 4]}, {'name': 'RY', 'param': 0.19170345467319932, 'wires': [1]}, {'name': 'CRY', 'param': -0.2505487900250388, 'wires': [2, 4]}, {'name': 'RY', 'param': 1.1408600981679509, 'wires': [2]}, {'name': 'RY', 'param': 1.3344102721389537, 'wires': [3]}, {'name': 'CRY', 'param': 0.0608958249626161, 'wires': [1, 2]}, {'name': 'RY', 'param': 1.0356577388968045, 'wires': [1]}, {'name': 'RY', 'param': 1.3552416152116176, 'wires': [2]}, {'name': 'RY', 'param': 1.1111987313235614, 'wires': [4]}, {'name': 'RY', 'param': -0.7728827159738777, 'wires': [0]}, {'name': 'CRY', 'param': -0.006695691932991287, 'wires': [4, 0]}, {'name': 'RY', 'param': 0.7811141421319133, 'wires': [0]}]
[2025-08-05 09:53:34,831][INFO] Energy: 0.8917180483249965
