[2025-08-04 17:41:48,839][INFO] Starting VQE run 49 (seed=57242943)
[2025-08-04 17:41:48,923][INFO] Adding RY(0.0, wires=[4]) increased overlap from 0.0 to 0.9409065834510673
[2025-08-04 17:41:49,083][INFO] Adding CRY(0.0, wires=[4, 3])) increased overlap from 0.9409065834510673 to 0.9627407046120603
[2025-08-04 17:41:49,257][INFO] Adding RY(0.0, wires=[2]) increased overlap from 0.9627407046120603 to 0.9664624990416737
[2025-08-04 17:41:49,578][INFO] Adding RY(0.0, wires=[3]) increased overlap from 0.9664624990416737 to 0.9959224382696346
[2025-08-04 17:41:50,504][INFO] Adding RY(0.0, wires=[1]) increased overlap from 0.9959224382696346 to 0.9961475809249376
[2025-08-04 17:41:52,651][INFO] Adding CRY(0.0, wires=[4, 2])) increased overlap from 0.9961475809249376 to 0.9976474656995135
[2025-08-04 17:42:07,225][INFO] Adding CRY(0.0, wires=[4, 1])) decreased overlap from 0.9976474656995135 to 0.5224493143887946.. skipping this gate
[2025-08-04 17:42:07,225][INFO] gradient converged
[2025-08-04 17:42:07,225][INFO] Completed VQE run 6
[2025-08-04 17:42:07,225][INFO] Final ops list: [{'name': 'RY', 'param': 5.0431948607778585, 'wires': [4]}, {'name': 'CRY', 'param': 5.709858019035093, 'wires': [4, 3]}, {'name': 'RY', 'param': 6.140068215999505, 'wires': [2]}, {'name': 'RY', 'param': 6.592273387933994, 'wires': [3]}, {'name': 'RY', 'param': 6.300960332203123, 'wires': [1]}, {'name': 'CRY', 'param': 6.365422118244991, 'wires': [4, 2]}]
[2025-08-04 17:42:07,225][INFO] Energy: 0.9063592655021449
[2025-08-05 09:43:20,726][INFO] Starting VQE run 49 (seed=46023252)
[2025-08-05 09:43:20,823][INFO] Adding RY(0.0, wires=[4]) increased overlap from 0.0 to 0.9409065832415267
[2025-08-05 09:43:20,960][INFO] Adding CRY(0.0, wires=[4, 3])) increased overlap from 0.9409065832415267 to 0.9627407050834486
[2025-08-05 09:43:21,146][INFO] Adding RY(0.0, wires=[2]) increased overlap from 0.9627407050834486 to 0.966462497667306
[2025-08-05 09:43:21,493][INFO] Adding RY(0.0, wires=[3]) increased overlap from 0.966462497667306 to 0.9959224357248357
[2025-08-05 09:43:22,694][INFO] Adding RY(0.0, wires=[1]) increased overlap from 0.9959224357248357 to 0.9961475818484815
[2025-08-05 09:43:26,965][INFO] Adding CRY(0.0, wires=[4, 2])) increased overlap from 0.9961475818484815 to 0.9976474632462894
[2025-08-05 09:43:29,391][INFO] Adding CRY(0.0, wires=[4, 1])) increased overlap from 0.9976474632462894 to 0.9977435067853789
[2025-08-05 09:43:36,834][INFO] Adding CRY(0.0, wires=[3, 2])) increased overlap from 0.9977435067853789 to 0.998351445494134
[2025-08-05 09:43:55,332][INFO] Adding RY(0.0, wires=[3]) increased overlap from 0.998351445494134 to 0.9998836773497807
[2025-08-05 09:44:15,044][INFO] Adding CRY(0.0, wires=[3, 1])) had small change in overlap from 0.9998836773497807 to 0.9998617060751898
[2025-08-05 09:44:35,109][INFO] Adding CRY(0.0, wires=[2, 1])) increased overlap from 0.9998617060751898 to 0.9999243046251372
[2025-08-05 09:44:55,714][INFO] Adding RY(0.0, wires=[3]) had small change in overlap from 0.9999243046251372 to 0.9995960553372146
[2025-08-05 09:45:17,978][INFO] Adding CRY(0.0, wires=[2, 3])) increased overlap from 0.9995960553372146 to 0.9998665045684226
[2025-08-05 09:45:40,743][INFO] Adding RY(0.0, wires=[2]) increased overlap from 0.9998665045684226 to 0.9999767289426645
[2025-08-05 09:46:03,717][INFO] Adding RY(0.0, wires=[1]) increased overlap from 0.9999767289426645 to 0.9999853394113988
[2025-08-05 09:46:27,094][INFO] Adding RY(0.0, wires=[3]) had small change in overlap from 0.9999853394113988 to 0.9997660722365328
[2025-08-05 09:46:51,817][INFO] Adding CRY(0.0, wires=[3, 4])) increased overlap from 0.9997660722365328 to 0.9999402422012037
[2025-08-05 09:47:17,224][INFO] Adding RY(0.0, wires=[3]) increased overlap from 0.9999402422012037 to 0.999963088704439
[2025-08-05 09:47:43,924][INFO] Adding CRY(0.0, wires=[1, 2])) had small change in overlap from 0.999963088704439 to 0.9997917860960791
[2025-08-05 09:48:11,151][INFO] Adding RY(0.0, wires=[1]) increased overlap from 0.9997917860960791 to 0.9998845195005308
[2025-08-05 09:48:39,151][INFO] Adding RY(0.0, wires=[2]) increased overlap from 0.9998845195005308 to 0.9999502692009435
[2025-08-05 09:49:07,554][INFO] Adding RY(0.0, wires=[4]) had small change in overlap from 0.9999502692009435 to 0.9989691827447122
[2025-08-05 09:49:37,566][INFO] Adding CRY(0.0, wires=[2, 4])) had small change in overlap from 0.9989691827447122 to 0.9982907238226341
[2025-08-05 09:50:08,110][INFO] Adding RY(0.0, wires=[2]) increased overlap from 0.9982907238226341 to 0.9999350656490213
[2025-08-05 09:50:40,012][INFO] Adding CRY(0.0, wires=[1, 3])) had small change in overlap from 0.9999350656490213 to 0.9998592187650193
[2025-08-05 09:51:12,402][INFO] Adding RY(0.0, wires=[1]) had small change in overlap from 0.9998592187650193 to 0.9988536873113585
[2025-08-05 09:51:45,282][INFO] Adding RY(0.0, wires=[3]) increased overlap from 0.9988536873113585 to 0.9995510649414188
[2025-08-05 09:52:19,302][INFO] Adding CRY(0.0, wires=[1, 4])) increased overlap from 0.9995510649414188 to 0.9998003838254745
[2025-08-05 09:52:52,502][INFO] Adding RY(0.0, wires=[1]) increased overlap from 0.9998003838254745 to 0.9999811561634933
[2025-08-05 09:53:25,557][INFO] Adding RY(0.0, wires=[4]) increased overlap from 0.9999811561634933 to 0.9999960222238251
[2025-08-05 09:53:25,557][INFO] Completed VQE run 29
[2025-08-05 09:53:25,557][INFO] Final ops list: [{'name': 'RY', 'param': 8.535529024078413, 'wires': [4]}, {'name': 'CRY', 'param': 8.91419514791913, 'wires': [4, 3]}, {'name': 'RY', 'param': 10.619862680446563, 'wires': [2]}, {'name': 'RY', 'param': 10.68684815776236, 'wires': [3]}, {'name': 'RY', 'param': 12.98187895021115, 'wires': [1]}, {'name': 'CRY', 'param': 7.965748376119975, 'wires': [4, 2]}, {'name': 'CRY', 'param': 6.261935157358426, 'wires': [4, 1]}, {'name': 'CRY', 'param': 6.613345113971519, 'wires': [3, 2]}, {'name': 'RY', 'param': 2.6288407597012147, 'wires': [3]}, {'name': 'CRY', 'param': 6.282672823173502, 'wires': [3, 1]}, {'name': 'CRY', 'param': 6.276974633939004, 'wires': [2, 1]}, {'name': 'RY', 'param': 8.786932117360557, 'wires': [3]}, {'name': 'CRY', 'param': 8.631364082166803, 'wires': [2, 3]}, {'name': 'RY', 'param': 7.218280147930551, 'wires': [2]}, {'name': 'RY', 'param': 5.904283249112221, 'wires': [1]}, {'name': 'RY', 'param': 3.636295078905727, 'wires': [3]}, {'name': 'CRY', 'param': 5.681529875466754, 'wires': [3, 4]}, {'name': 'RY', 'param': 5.992147836761281, 'wires': [3]}, {'name': 'CRY', 'param': 7.222700405002239, 'wires': [1, 2]}, {'name': 'RY', 'param': 1.5721426830509164, 'wires': [1]}, {'name': 'RY', 'param': 3.3304106116813177, 'wires': [2]}, {'name': 'RY', 'param': 5.710751303388714, 'wires': [4]}, {'name': 'CRY', 'param': 4.51985491428849, 'wires': [2, 4]}, {'name': 'RY', 'param': 4.022923461242061, 'wires': [2]}, {'name': 'CRY', 'param': 6.264002315392131, 'wires': [1, 3]}, {'name': 'RY', 'param': 4.626810109984603, 'wires': [1]}, {'name': 'RY', 'param': 4.722928550138765, 'wires': [3]}, {'name': 'CRY', 'param': 5.701762446578777, 'wires': [1, 4]}, {'name': 'RY', 'param': 3.071930389333378, 'wires': [1]}, {'name': 'RY', 'param': 4.698727270019317, 'wires': [4]}]
[2025-08-05 09:53:25,557][INFO] Energy: 0.891647753425837
