[2025-08-04 17:41:48,815][INFO] Starting VQE run 36 (seed=90514704)
[2025-08-04 17:41:48,895][INFO] Adding RY(0.0, wires=[4]) increased overlap from 0.0 to 0.9409065847090297
[2025-08-04 17:41:49,030][INFO] Adding CRY(0.0, wires=[4, 3])) increased overlap from 0.9409065847090297 to 0.9627407041896616
[2025-08-04 17:41:49,183][INFO] Adding RY(0.0, wires=[2]) increased overlap from 0.9627407041896616 to 0.9664624982723173
[2025-08-04 17:41:49,512][INFO] Adding RY(0.0, wires=[3]) increased overlap from 0.9664624982723173 to 0.9959224363058455
[2025-08-04 17:41:50,458][INFO] Adding RY(0.0, wires=[1]) increased overlap from 0.9959224363058455 to 0.9961475815347396
[2025-08-04 17:41:52,814][INFO] Adding CRY(0.0, wires=[4, 2])) increased overlap from 0.9961475815347396 to 0.9976474649929408
[2025-08-04 17:42:07,673][INFO] Adding CRY(0.0, wires=[4, 1])) decreased overlap from 0.9976474649929408 to 0.5995532724282775.. skipping this gate
[2025-08-04 17:42:07,673][INFO] gradient converged
[2025-08-04 17:42:07,673][INFO] Completed VQE run 6
[2025-08-04 17:42:07,673][INFO] Final ops list: [{'name': 'RY', 'param': 5.043194878073031, 'wires': [4]}, {'name': 'CRY', 'param': 5.709858040920427, 'wires': [4, 3]}, {'name': 'RY', 'param': 6.140068221760288, 'wires': [2]}, {'name': 'RY', 'param': 6.5922733387541985, 'wires': [3]}, {'name': 'RY', 'param': 6.300960326120524, 'wires': [1]}, {'name': 'CRY', 'param': 6.36542210208331, 'wires': [4, 2]}]
[2025-08-04 17:42:07,673][INFO] Energy: 0.906359265502157
[2025-08-05 09:43:20,723][INFO] Starting VQE run 36 (seed=78545017)
[2025-08-05 09:43:20,823][INFO] Adding RY(0.0, wires=[4]) increased overlap from 0.0 to 0.9409065844343927
[2025-08-05 09:43:20,958][INFO] Adding CRY(0.0, wires=[4, 3])) increased overlap from 0.9409065844343927 to 0.962740704862459
[2025-08-05 09:43:21,165][INFO] Adding RY(0.0, wires=[2]) increased overlap from 0.962740704862459 to 0.9664624972183445
[2025-08-05 09:43:21,548][INFO] Adding RY(0.0, wires=[3]) increased overlap from 0.9664624972183445 to 0.9959224345584029
[2025-08-05 09:43:22,655][INFO] Adding RY(0.0, wires=[1]) increased overlap from 0.9959224345584029 to 0.9961475802263433
[2025-08-05 09:43:24,297][INFO] Adding CRY(0.0, wires=[4, 2])) increased overlap from 0.9961475802263433 to 0.9976474629089344
[2025-08-05 09:43:26,471][INFO] Adding CRY(0.0, wires=[4, 1])) increased overlap from 0.9976474629089344 to 0.9977435085027649
[2025-08-05 09:43:34,047][INFO] Adding CRY(0.0, wires=[3, 2])) increased overlap from 0.9977435085027649 to 0.9983514473815376
[2025-08-05 09:43:52,744][INFO] Adding RY(0.0, wires=[3]) increased overlap from 0.9983514473815376 to 0.9998803824194249
[2025-08-05 09:44:12,524][INFO] Adding CRY(0.0, wires=[3, 1])) decreased overlap from 0.9998803824194249 to 0.9846995041099208.. skipping this gate
[2025-08-05 09:44:12,525][INFO] gradient converged
[2025-08-05 09:44:12,525][INFO] Completed VQE run 9
[2025-08-05 09:44:12,525][INFO] Final ops list: [{'name': 'RY', 'param': 7.544258060243326, 'wires': [4]}, {'name': 'CRY', 'param': 6.917433857518414, 'wires': [4, 3]}, {'name': 'RY', 'param': 6.2054701899400015, 'wires': [2]}, {'name': 'RY', 'param': 8.243134303644466, 'wires': [3]}, {'name': 'RY', 'param': 6.283222034984275, 'wires': [1]}, {'name': 'CRY', 'param': 6.45066750125786, 'wires': [4, 2]}, {'name': 'CRY', 'param': 6.266200795430354, 'wires': [4, 1]}, {'name': 'CRY', 'param': 6.108569119574128, 'wires': [3, 2]}, {'name': 'RY', 'param': 2.3041820589931317, 'wires': [3]}]
[2025-08-05 09:44:12,525][INFO] Energy: 0.8928278148312224
