[2025-08-04 17:41:48,813][INFO] Starting VQE run 30 (seed=58387521)
[2025-08-04 17:41:48,893][INFO] Adding RY(0.0, wires=[4]) increased overlap from 0.0 to 0.9409065863640239
[2025-08-04 17:41:49,239][INFO] Adding CRY(0.0, wires=[4, 3])) increased overlap from 0.9409065863640239 to 0.9627407035786253
[2025-08-04 17:41:49,418][INFO] Adding RY(0.0, wires=[2]) increased overlap from 0.9627407035786253 to 0.9664624970971946
[2025-08-04 17:41:49,779][INFO] Adding RY(0.0, wires=[3]) increased overlap from 0.9664624970971946 to 0.9959224403485402
[2025-08-04 17:41:50,803][INFO] Adding RY(0.0, wires=[1]) increased overlap from 0.9959224403485402 to 0.9961475805728481
[2025-08-04 17:41:53,215][INFO] Adding CRY(0.0, wires=[4, 2])) increased overlap from 0.9961475805728481 to 0.9976474651029187
[2025-08-04 17:42:00,751][INFO] Adding CRY(0.0, wires=[4, 1])) increased overlap from 0.9976474651029187 to 0.9977435071236781
[2025-08-04 17:42:09,225][INFO] Adding CRY(0.0, wires=[3, 2])) increased overlap from 0.9977435071236781 to 0.9983514543790882
[2025-08-04 17:42:25,513][INFO] Adding RY(0.0, wires=[3]) increased overlap from 0.9983514543790882 to 0.9997270241372124
[2025-08-04 17:42:42,930][INFO] Adding CRY(0.0, wires=[3, 1])) decreased overlap from 0.9997270241372124 to 0.9512267206230962.. skipping this gate
[2025-08-04 17:42:42,930][INFO] gradient converged
[2025-08-04 17:42:42,931][INFO] Completed VQE run 9
[2025-08-04 17:42:42,931][INFO] Final ops list: [{'name': 'RY', 'param': 5.033493807600325, 'wires': [4]}, {'name': 'CRY', 'param': -0.6067629722249575, 'wires': [4, 3]}, {'name': 'RY', 'param': -0.1458876008015217, 'wires': [2]}, {'name': 'RY', 'param': -1.1397865466641148, 'wires': [3]}, {'name': 'RY', 'param': 0.007679926470543752, 'wires': [1]}, {'name': 'CRY', 'param': 0.12899842234727787, 'wires': [4, 2]}, {'name': 'CRY', 'param': -0.031647634352620656, 'wires': [4, 1]}, {'name': 'CRY', 'param': -0.13044984276032798, 'wires': [3, 2]}, {'name': 'RY', 'param': 1.4672566301176968, 'wires': [3]}]
[2025-08-04 17:42:42,931][INFO] Energy: 0.8947518915038505
[2025-08-05 09:43:20,721][INFO] Starting VQE run 30 (seed=46071682)
[2025-08-05 09:43:20,819][INFO] Adding RY(0.0, wires=[4]) increased overlap from 0.0 to 0.9409065839217757
[2025-08-05 09:43:20,948][INFO] Adding CRY(0.0, wires=[4, 3])) increased overlap from 0.9409065839217757 to 0.9627407050530036
[2025-08-05 09:43:21,133][INFO] Adding RY(0.0, wires=[2]) increased overlap from 0.9627407050530036 to 0.9664624987939366
[2025-08-05 09:43:21,418][INFO] Adding RY(0.0, wires=[3]) increased overlap from 0.9664624987939366 to 0.9959224361597983
[2025-08-05 09:43:22,376][INFO] Adding RY(0.0, wires=[1]) increased overlap from 0.9959224361597983 to 0.9961475817490621
[2025-08-05 09:43:24,232][INFO] Adding CRY(0.0, wires=[4, 2])) increased overlap from 0.9961475817490621 to 0.9976474656670198
[2025-08-05 09:43:26,094][INFO] Adding CRY(0.0, wires=[4, 1])) increased overlap from 0.9976474656670198 to 0.9977435077740507
[2025-08-05 09:43:31,884][INFO] Adding CRY(0.0, wires=[3, 2])) increased overlap from 0.9977435077740507 to 0.9983514472234988
[2025-08-05 09:43:50,695][INFO] Adding RY(0.0, wires=[3]) increased overlap from 0.9983514472234988 to 0.999863136488765
[2025-08-05 09:44:10,480][INFO] Adding CRY(0.0, wires=[3, 1])) had small change in overlap from 0.999863136488765 to 0.9997798837591189
[2025-08-05 09:44:30,780][INFO] Adding CRY(0.0, wires=[2, 1])) increased overlap from 0.9997798837591189 to 0.9999014470794775
[2025-08-05 09:44:51,325][INFO] Adding RY(0.0, wires=[3]) had small change in overlap from 0.9999014470794775 to 0.999627653897844
[2025-08-05 09:45:13,540][INFO] Adding CRY(0.0, wires=[2, 3])) increased overlap from 0.999627653897844 to 0.9999765845637908
[2025-08-05 09:45:36,272][INFO] Adding RY(0.0, wires=[2]) had small change in overlap from 0.9999765845637908 to 0.9999626025259892
[2025-08-05 09:46:00,109][INFO] Adding CRY(0.0, wires=[1, 3])) had small change in overlap from 0.9999626025259892 to 0.9999151903029749
[2025-08-05 09:46:24,342][INFO] Adding RY(0.0, wires=[1]) increased overlap from 0.9999151903029749 to 0.9999774718825699
[2025-08-05 09:46:49,098][INFO] Adding RY(0.0, wires=[4]) increased overlap from 0.9999774718825699 to 0.999996427938286
[2025-08-05 09:47:15,292][INFO] Adding CRY(0.0, wires=[1, 2])) had small change in overlap from 0.999996427938286 to 0.9998814408419348
[2025-08-05 09:47:42,030][INFO] Adding RY(0.0, wires=[1]) increased overlap from 0.9998814408419348 to 0.9999299894342876
[2025-08-05 09:48:09,967][INFO] Adding CRY(0.0, wires=[3, 4])) increased overlap from 0.9999299894342876 to 0.9999602281913444
[2025-08-05 09:48:38,624][INFO] Adding RY(0.0, wires=[2]) increased overlap from 0.9999602281913444 to 0.9999643183198418
[2025-08-05 09:49:08,694][INFO] Adding CRY(0.0, wires=[2, 4])) had small change in overlap from 0.9999643183198418 to 0.9998021053014795
[2025-08-05 09:49:39,430][INFO] Adding RY(0.0, wires=[3]) increased overlap from 0.9998021053014795 to 0.9998887774891373
[2025-08-05 09:50:10,716][INFO] Adding RY(0.0, wires=[4]) increased overlap from 0.9998887774891373 to 0.9998980083077513
[2025-08-05 09:50:43,491][INFO] Adding CRY(0.0, wires=[1, 4])) increased overlap from 0.9998980083077513 to 0.9999445134943756
[2025-08-05 09:51:16,675][INFO] Adding RY(0.0, wires=[2]) had small change in overlap from 0.9999445134943756 to 0.9998890657019452
[2025-08-05 09:51:50,385][INFO] Adding RY(0.0, wires=[1]) increased overlap from 0.9998890657019452 to 0.9999652333777054
[2025-08-05 09:52:24,395][INFO] Adding RY(0.0, wires=[4]) increased overlap from 0.9999652333777054 to 0.999990679224817
[2025-08-05 09:52:57,080][INFO] Adding RY(0.0, wires=[0]) increased overlap from 0.999990679224817 to 0.999997167768481
[2025-08-05 09:53:30,792][INFO] Adding CRY(0.0, wires=[4, 0])) had small change in overlap from 0.999997167768481 to 0.9973844409920338
[2025-08-05 09:53:30,792][INFO] Completed VQE run 29
[2025-08-05 09:53:30,793][INFO] Final ops list: [{'name': 'RY', 'param': 7.434958715464596, 'wires': [4]}, {'name': 'CRY', 'param': 6.667891222003736, 'wires': [4, 3]}, {'name': 'RY', 'param': 6.688938450760839, 'wires': [2]}, {'name': 'RY', 'param': 5.2019842333504895, 'wires': [3]}, {'name': 'RY', 'param': 6.891059861437048, 'wires': [1]}, {'name': 'CRY', 'param': 6.151292121256856, 'wires': [4, 2]}, {'name': 'CRY', 'param': 7.180372114604915, 'wires': [4, 1]}, {'name': 'CRY', 'param': 9.442866399173182, 'wires': [3, 2]}, {'name': 'RY', 'param': 6.8995269096936065, 'wires': [3]}, {'name': 'CRY', 'param': 6.283951723719476, 'wires': [3, 1]}, {'name': 'CRY', 'param': 6.295360874555964, 'wires': [2, 1]}, {'name': 'RY', 'param': 7.930451430387373, 'wires': [3]}, {'name': 'CRY', 'param': 9.018229233329073, 'wires': [2, 3]}, {'name': 'RY', 'param': 6.131948160165751, 'wires': [2]}, {'name': 'CRY', 'param': 6.303487716533904, 'wires': [1, 3]}, {'name': 'RY', 'param': 6.533146591528822, 'wires': [1]}, {'name': 'RY', 'param': 10.526639396826496, 'wires': [4]}, {'name': 'CRY', 'param': 6.54782028177985, 'wires': [1, 2]}, {'name': 'RY', 'param': 4.743530155772723, 'wires': [1]}, {'name': 'CRY', 'param': 6.822280468525162, 'wires': [3, 4]}, {'name': 'RY', 'param': 5.066072124066923, 'wires': [2]}, {'name': 'CRY', 'param': 7.580700905361933, 'wires': [2, 4]}, {'name': 'RY', 'param': 7.647385781400959, 'wires': [3]}, {'name': 'RY', 'param': 5.958504376524347, 'wires': [4]}, {'name': 'CRY', 'param': 5.227681290320057, 'wires': [1, 4]}, {'name': 'RY', 'param': 5.771737195937854, 'wires': [2]}, {'name': 'RY', 'param': 5.294449551905544, 'wires': [1]}, {'name': 'RY', 'param': 4.710160996696902, 'wires': [4]}, {'name': 'RY', 'param': 6.403762068614132, 'wires': [0]}, {'name': 'CRY', 'param': 6.202770934812788, 'wires': [4, 0]}]
[2025-08-05 09:53:30,793][INFO] Energy: 0.8942147614708345
