[2025-08-04 17:41:48,796][INFO] Starting VQE run 10 (seed=33601437)
[2025-08-04 17:41:48,877][INFO] Adding RY(0.0, wires=[4]) increased overlap from 0.0 to 0.9409065834587914
[2025-08-04 17:41:49,148][INFO] Adding CRY(0.0, wires=[4, 3])) increased overlap from 0.9409065834587914 to 0.962740706257062
[2025-08-04 17:41:49,305][INFO] Adding RY(0.0, wires=[2]) increased overlap from 0.962740706257062 to 0.9664625008984133
[2025-08-04 17:41:49,668][INFO] Adding RY(0.0, wires=[3]) increased overlap from 0.9664625008984133 to 0.9959224403974587
[2025-08-04 17:41:50,715][INFO] Adding RY(0.0, wires=[1]) increased overlap from 0.9959224403974587 to 0.996147580024097
[2025-08-04 17:41:52,312][INFO] Adding CRY(0.0, wires=[4, 2])) increased overlap from 0.996147580024097 to 0.9976474643299645
[2025-08-04 17:41:55,031][INFO] Adding CRY(0.0, wires=[4, 1])) increased overlap from 0.9976474643299645 to 0.9977435079787008
[2025-08-04 17:42:00,345][INFO] Adding CRY(0.0, wires=[3, 2])) increased overlap from 0.9977435079787008 to 0.9983514544431621
[2025-08-04 17:42:17,144][INFO] Adding RY(0.0, wires=[3]) increased overlap from 0.9983514544431621 to 0.999658388465548
[2025-08-04 17:42:34,656][INFO] Adding CRY(0.0, wires=[3, 1])) increased overlap from 0.999658388465548 to 0.9998527328903293
[2025-08-04 17:42:53,321][INFO] Adding CRY(0.0, wires=[2, 1])) increased overlap from 0.9998527328903293 to 0.9999280288000886
[2025-08-04 17:43:12,553][INFO] Adding RY(0.0, wires=[3]) had small change in overlap from 0.9999280288000886 to 0.999922089443778
[2025-08-04 17:43:33,092][INFO] Adding CRY(0.0, wires=[1, 3])) had small change in overlap from 0.999922089443778 to 0.9998556286368805
[2025-08-04 17:43:54,239][INFO] Adding RY(0.0, wires=[1]) increased overlap from 0.9998556286368805 to 0.9999297022426303
[2025-08-04 17:44:16,016][INFO] Adding RY(0.0, wires=[2]) increased overlap from 0.9999297022426303 to 0.9999599210773462
[2025-08-04 17:44:39,155][INFO] Adding CRY(0.0, wires=[3, 4])) had small change in overlap from 0.9999599210773462 to 0.9995639460619592
[2025-08-04 17:45:02,821][INFO] Adding RY(0.0, wires=[3]) had small change in overlap from 0.9995639460619592 to 0.998103389601325
[2025-08-04 17:45:27,953][INFO] Adding CRY(0.0, wires=[2, 3])) increased overlap from 0.998103389601325 to 0.9985429111657246
[2025-08-04 17:45:53,532][INFO] Adding RY(0.0, wires=[2]) increased overlap from 0.9985429111657246 to 0.9999573623527341
[2025-08-04 17:46:20,528][INFO] Adding CRY(0.0, wires=[1, 2])) had small change in overlap from 0.9999573623527341 to 0.9999359926718641
[2025-08-04 17:46:48,086][INFO] Adding RY(0.0, wires=[1]) had small change in overlap from 0.9999359926718641 to 0.9991062611766346
[2025-08-04 17:47:17,064][INFO] Adding CRY(0.0, wires=[2, 4])) increased overlap from 0.9991062611766346 to 0.9999581330880132
[2025-08-04 17:47:46,576][INFO] Adding RY(0.0, wires=[2]) had small change in overlap from 0.9999581330880132 to 0.9994209517406144
[2025-08-04 17:48:16,683][INFO] Adding RY(0.0, wires=[4]) increased overlap from 0.9994209517406144 to 0.9999859455271413
[2025-08-04 17:48:47,292][INFO] Adding RY(0.0, wires=[3]) had small change in overlap from 0.9999859455271413 to 0.9998835354371208
[2025-08-04 17:49:19,320][INFO] Adding CRY(0.0, wires=[1, 4])) had small change in overlap from 0.9998835354371208 to 0.9998175654168131
[2025-08-04 17:49:51,945][INFO] Adding RY(0.0, wires=[1]) had small change in overlap from 0.9998175654168131 to 0.9997836825054872
[2025-08-04 17:50:25,091][INFO] Adding RY(0.0, wires=[4]) increased overlap from 0.9997836825054872 to 0.9999228645045559
[2025-08-04 17:50:58,761][INFO] Adding RY(0.0, wires=[0]) decreased overlap from 0.9999228645045559 to 0.00123170677524185.. skipping this gate
[2025-08-04 17:50:58,761][INFO] gradient converged
[2025-08-04 17:50:58,761][INFO] Completed VQE run 28
[2025-08-04 17:50:58,761][INFO] Final ops list: [{'name': 'RY', 'param': 6.164762229621494, 'wires': [4]}, {'name': 'CRY', 'param': -2.571480695295044, 'wires': [4, 3]}, {'name': 'RY', 'param': -2.9188852215649317, 'wires': [2]}, {'name': 'RY', 'param': -0.016539295644938116, 'wires': [3]}, {'name': 'RY', 'param': -0.6380241377434003, 'wires': [1]}, {'name': 'CRY', 'param': 1.6536532105067785, 'wires': [4, 2]}, {'name': 'CRY', 'param': 0.221049616279444, 'wires': [4, 1]}, {'name': 'CRY', 'param': 3.8224485629727627, 'wires': [3, 2]}, {'name': 'RY', 'param': 0.49410282644675585, 'wires': [3]}, {'name': 'CRY', 'param': 0.062008460881143486, 'wires': [3, 1]}, {'name': 'CRY', 'param': -2.381298573683523, 'wires': [2, 1]}, {'name': 'RY', 'param': 2.346531581935067, 'wires': [3]}, {'name': 'CRY', 'param': 0.012286692185712862, 'wires': [1, 3]}, {'name': 'RY', 'param': 0.4307232139818138, 'wires': [1]}, {'name': 'RY', 'param': -0.2037670601208656, 'wires': [2]}, {'name': 'CRY', 'param': 3.7671716460758127, 'wires': [3, 4]}, {'name': 'RY', 'param': 0.7315041515187461, 'wires': [3]}, {'name': 'CRY', 'param': 0.6057163132578547, 'wires': [2, 3]}, {'name': 'RY', 'param': 1.8469379639492003, 'wires': [2]}, {'name': 'CRY', 'param': 0.7154284361948907, 'wires': [1, 2]}, {'name': 'RY', 'param': 1.4713133328789694, 'wires': [1]}, {'name': 'CRY', 'param': 0.14734506263253327, 'wires': [2, 4]}, {'name': 'RY', 'param': 0.5860491612062727, 'wires': [2]}, {'name': 'RY', 'param': 0.07340880908552244, 'wires': [4]}, {'name': 'RY', 'param': 1.9548398079509317, 'wires': [3]}, {'name': 'CRY', 'param': -0.06431891170721687, 'wires': [1, 4]}, {'name': 'RY', 'param': 1.07204010652805, 'wires': [1]}, {'name': 'RY', 'param': 1.2352726359180786, 'wires': [4]}]
[2025-08-04 17:50:58,761][INFO] Energy: 0.8923951090708191
[2025-08-05 09:43:20,716][INFO] Starting VQE run 10 (seed=20131758)
[2025-08-05 09:43:20,814][INFO] Adding RY(0.0, wires=[4]) increased overlap from 0.0 to 0.940906584094941
[2025-08-05 09:43:20,933][INFO] Adding CRY(0.0, wires=[4, 3])) increased overlap from 0.940906584094941 to 0.9627407037824912
[2025-08-05 09:43:21,114][INFO] Adding RY(0.0, wires=[2]) increased overlap from 0.9627407037824912 to 0.9664624977601052
[2025-08-05 09:43:21,491][INFO] Adding RY(0.0, wires=[3]) increased overlap from 0.9664624977601052 to 0.9959224355408971
[2025-08-05 09:43:22,523][INFO] Adding RY(0.0, wires=[1]) increased overlap from 0.9959224355408971 to 0.9961475804925537
[2025-08-05 09:43:24,072][INFO] Adding CRY(0.0, wires=[4, 2])) increased overlap from 0.9961475804925537 to 0.9976474644600279
[2025-08-05 09:43:25,802][INFO] Adding CRY(0.0, wires=[4, 1])) increased overlap from 0.9976474644600279 to 0.9977435061894363
[2025-08-05 09:43:31,536][INFO] Adding CRY(0.0, wires=[3, 2])) increased overlap from 0.9977435061894363 to 0.9983514470095635
[2025-08-05 09:43:50,362][INFO] Adding RY(0.0, wires=[3]) increased overlap from 0.9983514470095635 to 0.9998613551910781
[2025-08-05 09:44:10,162][INFO] Adding CRY(0.0, wires=[3, 1])) had small change in overlap from 0.9998613551910781 to 0.9997935646895898
[2025-08-05 09:44:30,430][INFO] Adding CRY(0.0, wires=[2, 1])) increased overlap from 0.9997935646895898 to 0.9999011876904303
[2025-08-05 09:44:51,049][INFO] Adding RY(0.0, wires=[3]) had small change in overlap from 0.9999011876904303 to 0.9996821417078627
[2025-08-05 09:45:13,254][INFO] Adding CRY(0.0, wires=[2, 3])) increased overlap from 0.9996821417078627 to 0.999975838160809
[2025-08-05 09:45:35,988][INFO] Adding RY(0.0, wires=[1]) increased overlap from 0.999975838160809 to 0.9999802975038733
[2025-08-05 09:45:59,936][INFO] Adding CRY(0.0, wires=[1, 3])) had small change in overlap from 0.9999802975038733 to 0.9999364264839438
[2025-08-05 09:46:24,272][INFO] Adding RY(0.0, wires=[1]) increased overlap from 0.9999364264839438 to 0.9999923063977265
[2025-08-05 09:46:49,092][INFO] Adding RY(0.0, wires=[2]) had small change in overlap from 0.9999923063977265 to 0.9999669616839908
[2025-08-05 09:47:15,270][INFO] Adding CRY(0.0, wires=[1, 2])) had small change in overlap from 0.9999669616839908 to 0.9998503661855268
[2025-08-05 09:47:42,073][INFO] Adding RY(0.0, wires=[1]) had small change in overlap from 0.9998503661855268 to 0.9985321951517634
[2025-08-05 09:48:10,238][INFO] Adding CRY(0.0, wires=[2, 4])) increased overlap from 0.9985321951517634 to 0.9996257590014146
[2025-08-05 09:48:39,105][INFO] Adding RY(0.0, wires=[2]) increased overlap from 0.9996257590014146 to 0.999952770658667
[2025-08-05 09:49:08,509][INFO] Adding RY(0.0, wires=[4]) increased overlap from 0.999952770658667 to 0.9999838474948531
[2025-08-05 09:49:38,561][INFO] Adding RY(0.0, wires=[3]) had small change in overlap from 0.9999838474948531 to 0.9999304025025417
[2025-08-05 09:50:09,931][INFO] Adding CRY(0.0, wires=[3, 4])) increased overlap from 0.9999304025025417 to 0.9999701350068453
[2025-08-05 09:50:41,922][INFO] Adding RY(0.0, wires=[3]) increased overlap from 0.9999701350068453 to 0.9999944386624561
[2025-08-05 09:51:15,154][INFO] Adding CRY(0.0, wires=[1, 4])) increased overlap from 0.9999944386624561 to 0.999996657426656
[2025-08-05 09:51:48,916][INFO] Adding RY(0.0, wires=[1]) had small change in overlap from 0.999996657426656 to 0.9999102774388318
[2025-08-05 09:52:23,063][INFO] Adding RY(0.0, wires=[4]) increased overlap from 0.9999102774388318 to 0.9999861401630227
[2025-08-05 09:52:56,029][INFO] Adding RY(0.0, wires=[0]) increased overlap from 0.9999861401630227 to 0.9999901387052403
[2025-08-05 09:53:29,622][INFO] Adding CRY(0.0, wires=[4, 0])) had small change in overlap from 0.9999901387052403 to 0.9972624611140157
[2025-08-05 09:53:29,622][INFO] Completed VQE run 29
[2025-08-05 09:53:29,623][INFO] Final ops list: [{'name': 'RY', 'param': 6.034800772284841, 'wires': [4]}, {'name': 'CRY', 'param': 9.14931272030857, 'wires': [4, 3]}, {'name': 'RY', 'param': 7.646960625534787, 'wires': [2]}, {'name': 'RY', 'param': 5.670883743419486, 'wires': [3]}, {'name': 'RY', 'param': 9.213449709517487, 'wires': [1]}, {'name': 'CRY', 'param': 6.0479752194995315, 'wires': [4, 2]}, {'name': 'CRY', 'param': 6.5455550398208056, 'wires': [4, 1]}, {'name': 'CRY', 'param': 6.507585248080741, 'wires': [3, 2]}, {'name': 'RY', 'param': 6.113900916298922, 'wires': [3]}, {'name': 'CRY', 'param': 6.122264142949964, 'wires': [3, 1]}, {'name': 'CRY', 'param': 6.322597710762596, 'wires': [2, 1]}, {'name': 'RY', 'param': 7.889483275892394, 'wires': [3]}, {'name': 'CRY', 'param': 6.51319201447044, 'wires': [2, 3]}, {'name': 'RY', 'param': 4.218040887973774, 'wires': [1]}, {'name': 'CRY', 'param': 6.167289528987285, 'wires': [1, 3]}, {'name': 'RY', 'param': 7.054013593907407, 'wires': [1]}, {'name': 'RY', 'param': 4.708441673360091, 'wires': [2]}, {'name': 'CRY', 'param': 6.08221686935448, 'wires': [1, 2]}, {'name': 'RY', 'param': 4.882067557547679, 'wires': [1]}, {'name': 'CRY', 'param': 6.459799261990333, 'wires': [2, 4]}, {'name': 'RY', 'param': 5.9383549911948945, 'wires': [2]}, {'name': 'RY', 'param': 7.6325556664341585, 'wires': [4]}, {'name': 'RY', 'param': 5.3253893143562205, 'wires': [3]}, {'name': 'CRY', 'param': 6.604490133611778, 'wires': [3, 4]}, {'name': 'RY', 'param': 6.663202652501554, 'wires': [3]}, {'name': 'CRY', 'param': 6.2625320507761515, 'wires': [1, 4]}, {'name': 'RY', 'param': 4.991402013109943, 'wires': [1]}, {'name': 'RY', 'param': 6.139658711498563, 'wires': [4]}, {'name': 'RY', 'param': 6.399215231773678, 'wires': [0]}, {'name': 'CRY', 'param': 6.209862334488251, 'wires': [4, 0]}]
[2025-08-05 09:53:29,623][INFO] Energy: 0.8952350638597506
