[2025-08-04 17:41:48,812][INFO] Starting VQE run 29 (seed=32456859)
[2025-08-04 17:41:48,894][INFO] Adding RY(0.0, wires=[4]) increased overlap from 0.0 to 0.9409065820399664
[2025-08-04 17:41:49,009][INFO] Adding CRY(0.0, wires=[4, 3])) increased overlap from 0.9409065820399664 to 0.962740702902936
[2025-08-04 17:41:49,176][INFO] Adding RY(0.0, wires=[2]) increased overlap from 0.962740702902936 to 0.9664624985913356
[2025-08-04 17:41:49,488][INFO] Adding RY(0.0, wires=[3]) increased overlap from 0.9664624985913356 to 0.9959224357217024
[2025-08-04 17:41:50,061][INFO] Adding RY(0.0, wires=[1]) increased overlap from 0.9959224357217024 to 0.9961475798818776
[2025-08-04 17:41:51,345][INFO] Adding CRY(0.0, wires=[4, 2])) increased overlap from 0.9961475798818776 to 0.9976474650096164
[2025-08-04 17:41:53,077][INFO] Adding CRY(0.0, wires=[4, 1])) increased overlap from 0.9976474650096164 to 0.9977435075265375
[2025-08-04 17:41:57,676][INFO] Adding CRY(0.0, wires=[3, 2])) increased overlap from 0.9977435075265375 to 0.9983514462820301
[2025-08-04 17:42:14,299][INFO] Adding RY(0.0, wires=[3]) increased overlap from 0.9983514462820301 to 0.9998614097945429
[2025-08-04 17:42:31,953][INFO] Adding CRY(0.0, wires=[3, 1])) had small change in overlap from 0.9998614097945429 to 0.9997279302041228
[2025-08-04 17:42:50,764][INFO] Adding CRY(0.0, wires=[2, 1])) increased overlap from 0.9997279302041228 to 0.9998991189617652
[2025-08-04 17:43:10,039][INFO] Adding RY(0.0, wires=[3]) increased overlap from 0.9998991189617652 to 0.9999391362068293
[2025-08-04 17:43:30,725][INFO] Adding CRY(0.0, wires=[3, 4])) had small change in overlap from 0.9999391362068293 to 0.999907392110725
[2025-08-04 17:43:52,058][INFO] Adding RY(0.0, wires=[4]) had small change in overlap from 0.999907392110725 to 0.9999033411246291
[2025-08-04 17:44:14,659][INFO] Adding CRY(0.0, wires=[1, 3])) increased overlap from 0.9999033411246291 to 0.9999263241677131
[2025-08-04 17:44:37,815][INFO] Adding RY(0.0, wires=[1]) increased overlap from 0.9999263241677131 to 0.9999524555271735
[2025-08-04 17:45:01,547][INFO] Adding RY(0.0, wires=[3]) increased overlap from 0.9999524555271735 to 0.999988382736523
[2025-08-04 17:45:26,645][INFO] Adding CRY(0.0, wires=[2, 3])) had small change in overlap from 0.999988382736523 to 0.9999794456608133
[2025-08-04 17:45:52,281][INFO] Adding RY(0.0, wires=[3]) increased overlap from 0.9999794456608133 to 0.9999893270116467
[2025-08-04 17:46:18,518][INFO] Adding RY(0.0, wires=[2]) increased overlap from 0.9999893270116467 to 0.9999933497494129
[2025-08-04 17:46:46,083][INFO] Adding CRY(0.0, wires=[2, 4])) had small change in overlap from 0.9999933497494129 to 0.9999741650312847
[2025-08-04 17:47:14,250][INFO] Adding RY(0.0, wires=[2]) increased overlap from 0.9999741650312847 to 0.9999892679951584
[2025-08-04 17:47:42,972][INFO] Adding RY(0.0, wires=[4]) increased overlap from 0.9999892679951584 to 0.9999932846171544
[2025-08-04 17:48:13,052][INFO] Adding CRY(0.0, wires=[1, 4])) had small change in overlap from 0.9999932846171544 to 0.9999605128879132
[2025-08-04 17:48:43,798][INFO] Adding RY(0.0, wires=[1]) increased overlap from 0.9999605128879132 to 0.9999922038207083
[2025-08-04 17:49:15,096][INFO] Adding RY(0.0, wires=[4]) increased overlap from 0.9999922038207083 to 0.9999972441737311
[2025-08-04 17:49:47,710][INFO] Adding CRY(0.0, wires=[1, 2])) had small change in overlap from 0.9999972441737311 to 0.9999088101959779
[2025-08-04 17:50:20,908][INFO] Adding RY(0.0, wires=[1]) increased overlap from 0.9999088101959779 to 0.9999700485409196
[2025-08-04 17:50:54,746][INFO] Adding RY(0.0, wires=[2]) increased overlap from 0.9999700485409196 to 0.9999865823823311
[2025-08-04 17:51:29,204][INFO] Adding RY(0.0, wires=[0]) increased overlap from 0.9999865823823311 to 0.9999894816397704
[2025-08-04 17:51:29,204][INFO] Completed VQE run 29
[2025-08-04 17:51:29,204][INFO] Final ops list: [{'name': 'RY', 'param': 7.247854588844303, 'wires': [4]}, {'name': 'CRY', 'param': 7.04668294454447, 'wires': [4, 3]}, {'name': 'RY', 'param': 6.392628918215309, 'wires': [2]}, {'name': 'RY', 'param': 4.828003070449539, 'wires': [3]}, {'name': 'RY', 'param': 6.100882318581564, 'wires': [1]}, {'name': 'CRY', 'param': 6.044706845833009, 'wires': [4, 2]}, {'name': 'CRY', 'param': 6.351103806523043, 'wires': [4, 1]}, {'name': 'CRY', 'param': 6.1418534085490375, 'wires': [3, 2]}, {'name': 'RY', 'param': 4.236274989647163, 'wires': [3]}, {'name': 'CRY', 'param': 6.252467145799269, 'wires': [3, 1]}, {'name': 'CRY', 'param': 5.993043463134503, 'wires': [2, 1]}, {'name': 'RY', 'param': 5.523679874420686, 'wires': [3]}, {'name': 'CRY', 'param': 5.8551476212050195, 'wires': [3, 4]}, {'name': 'RY', 'param': 6.161444992669909, 'wires': [4]}, {'name': 'CRY', 'param': 6.19875516637225, 'wires': [1, 3]}, {'name': 'RY', 'param': 6.068131171908785, 'wires': [1]}, {'name': 'RY', 'param': 6.331818383078697, 'wires': [3]}, {'name': 'CRY', 'param': 6.208809949462836, 'wires': [2, 3]}, {'name': 'RY', 'param': 6.283045945486157, 'wires': [3]}, {'name': 'RY', 'param': 6.433679423550395, 'wires': [2]}, {'name': 'CRY', 'param': 6.067648292174139, 'wires': [2, 4]}, {'name': 'RY', 'param': 6.383315723673897, 'wires': [2]}, {'name': 'RY', 'param': 6.1668227911132085, 'wires': [4]}, {'name': 'CRY', 'param': 6.959128300814399, 'wires': [1, 4]}, {'name': 'RY', 'param': 6.225709802024804, 'wires': [1]}, {'name': 'RY', 'param': 6.191849783177094, 'wires': [4]}, {'name': 'CRY', 'param': 8.246276825857725, 'wires': [1, 2]}, {'name': 'RY', 'param': 6.281624759346341, 'wires': [1]}, {'name': 'RY', 'param': 6.188302644958258, 'wires': [2]}, {'name': 'RY', 'param': 6.2814168657875165, 'wires': [0]}]
[2025-08-04 17:51:29,204][INFO] Energy: 0.8917565214541419
[2025-08-05 09:43:20,721][INFO] Starting VQE run 29 (seed=20083328)
[2025-08-05 09:43:20,818][INFO] Adding RY(0.0, wires=[4]) increased overlap from 0.0 to 0.9409065824397254
[2025-08-05 09:43:20,950][INFO] Adding CRY(0.0, wires=[4, 3])) increased overlap from 0.9409065824397254 to 0.9627407039944776
[2025-08-05 09:43:21,128][INFO] Adding RY(0.0, wires=[2]) increased overlap from 0.9627407039944776 to 0.9664624974687077
[2025-08-05 09:43:21,513][INFO] Adding RY(0.0, wires=[3]) increased overlap from 0.9664624974687077 to 0.9959224353611441
[2025-08-05 09:43:22,278][INFO] Adding RY(0.0, wires=[1]) increased overlap from 0.9959224353611441 to 0.9961475809447956
[2025-08-05 09:43:23,428][INFO] Adding CRY(0.0, wires=[4, 2])) increased overlap from 0.9961475809447956 to 0.9976474652135691
[2025-08-05 09:43:24,877][INFO] Adding CRY(0.0, wires=[4, 1])) increased overlap from 0.9976474652135691 to 0.997743515032206
[2025-08-05 09:43:29,736][INFO] Adding CRY(0.0, wires=[3, 2])) increased overlap from 0.997743515032206 to 0.9983514472774861
[2025-08-05 09:43:48,678][INFO] Adding RY(0.0, wires=[3]) increased overlap from 0.9983514472774861 to 0.9998561095788064
[2025-08-05 09:44:08,545][INFO] Adding CRY(0.0, wires=[3, 1])) increased overlap from 0.9998561095788064 to 0.9999134000759996
[2025-08-05 09:44:28,988][INFO] Adding CRY(0.0, wires=[2, 1])) increased overlap from 0.9999134000759996 to 0.9999434890396617
[2025-08-05 09:44:49,667][INFO] Adding RY(0.0, wires=[3]) increased overlap from 0.9999434890396617 to 0.9999904138604094
[2025-08-05 09:45:10,970][INFO] Adding RY(0.0, wires=[2]) increased overlap from 0.9999904138604094 to 0.9999963038958135
[2025-08-05 09:45:32,848][INFO] Adding RY(0.0, wires=[1]) increased overlap from 0.9999963038958135 to 0.9999967565444202
[2025-08-05 09:45:55,945][INFO] Adding CRY(0.0, wires=[1, 4])) increased overlap from 0.9999967565444202 to 0.9999978552118706
[2025-08-05 09:46:19,416][INFO] Adding RY(0.0, wires=[1]) had small change in overlap from 0.9999978552118706 to 0.9999911608621014
[2025-08-05 09:46:44,244][INFO] Adding CRY(0.0, wires=[1, 2])) increased overlap from 0.9999911608621014 to 0.9999926454588371
[2025-08-05 09:47:09,666][INFO] Adding RY(0.0, wires=[1]) increased overlap from 0.9999926454588371 to 0.9999938954823389
[2025-08-05 09:47:36,399][INFO] Adding CRY(0.0, wires=[2, 3])) increased overlap from 0.9999938954823389 to 0.999994321626218
[2025-08-05 09:48:03,626][INFO] Adding RY(0.0, wires=[4]) had small change in overlap from 0.999994321626218 to 0.9999941947161347
[2025-08-05 09:48:31,515][INFO] Adding RY(0.0, wires=[3]) increased overlap from 0.9999941947161347 to 0.9999945143570117
[2025-08-05 09:48:59,949][INFO] Adding RY(0.0, wires=[2]) increased overlap from 0.9999945143570117 to 0.9999947360144584
[2025-08-05 09:49:29,803][INFO] Adding CRY(0.0, wires=[3, 4])) had small change in overlap from 0.9999947360144584 to 0.9999945147881436
[2025-08-05 09:50:01,206][INFO] Adding CRY(0.0, wires=[1, 3])) increased overlap from 0.9999945147881436 to 0.9999945269283494
[2025-08-05 09:50:33,088][INFO] Adding RY(0.0, wires=[1]) had small change in overlap from 0.9999945269283494 to 0.999994340441014
[2025-08-05 09:51:05,498][INFO] Adding RY(0.0, wires=[3]) increased overlap from 0.999994340441014 to 0.9999949038832607
[2025-08-05 09:51:38,369][INFO] Adding RY(0.0, wires=[4]) increased overlap from 0.9999949038832607 to 0.9999949290226341
[2025-08-05 09:52:12,331][INFO] Adding CRY(0.0, wires=[2, 4])) had small change in overlap from 0.9999949290226341 to 0.9999947030886482
[2025-08-05 09:52:45,668][INFO] Adding RY(0.0, wires=[2]) had small change in overlap from 0.9999947030886482 to 0.9999938878052738
[2025-08-05 09:53:18,385][INFO] Adding RY(0.0, wires=[4]) had small change in overlap from 0.9999938878052738 to 0.9999934548694361
[2025-08-05 09:53:18,385][INFO] Completed VQE run 29
[2025-08-05 09:53:18,385][INFO] Final ops list: [{'name': 'RY', 'param': -1.2739808028767534, 'wires': [4]}, {'name': 'CRY', 'param': -0.6210808246055007, 'wires': [4, 3]}, {'name': 'RY', 'param': -0.2832649958904904, 'wires': [2]}, {'name': 'RY', 'param': 1.4209914741700358, 'wires': [3]}, {'name': 'RY', 'param': 0.03941749862177069, 'wires': [1]}, {'name': 'CRY', 'param': 0.15706094901658008, 'wires': [4, 2]}, {'name': 'CRY', 'param': 0.03373504291728556, 'wires': [4, 1]}, {'name': 'CRY', 'param': 0.18969859402405254, 'wires': [3, 2]}, {'name': 'RY', 'param': -0.8275966449945511, 'wires': [3]}, {'name': 'CRY', 'param': -0.028504526013265852, 'wires': [3, 1]}, {'name': 'CRY', 'param': -0.05034738499794787, 'wires': [2, 1]}, {'name': 'RY', 'param': -0.2803568362790564, 'wires': [3]}, {'name': 'RY', 'param': -0.023412729983832103, 'wires': [2]}, {'name': 'RY', 'param': 0.010403610422411952, 'wires': [1]}, {'name': 'CRY', 'param': 1.0755941803317628, 'wires': [1, 4]}, {'name': 'RY', 'param': -0.10686881416695418, 'wires': [1]}, {'name': 'CRY', 'param': -0.04187703282335974, 'wires': [1, 2]}, {'name': 'RY', 'param': 0.03738596644158855, 'wires': [1]}, {'name': 'CRY', 'param': 0.1847305839575749, 'wires': [2, 3]}, {'name': 'RY', 'param': -0.029329145561485085, 'wires': [4]}, {'name': 'RY', 'param': 0.009592792557239414, 'wires': [3]}, {'name': 'RY', 'param': 0.010234951511658817, 'wires': [2]}, {'name': 'CRY', 'param': 0.09431090810202408, 'wires': [3, 4]}, {'name': 'CRY', 'param': -0.139641359965825, 'wires': [1, 3]}, {'name': 'RY', 'param': 0.009567041216797866, 'wires': [1]}, {'name': 'RY', 'param': 0.03563046592831328, 'wires': [3]}, {'name': 'RY', 'param': 0.007955428827808836, 'wires': [4]}, {'name': 'CRY', 'param': 0.0628176593566296, 'wires': [2, 4]}, {'name': 'RY', 'param': 0.02563939936272378, 'wires': [2]}, {'name': 'RY', 'param': 0.03474779273456056, 'wires': [4]}]
[2025-08-05 09:53:18,385][INFO] Energy: 0.8916655710600581
