[2025-08-04 17:41:48,858][INFO] Starting VQE run 79 (seed=94422069)
[2025-08-04 17:41:48,942][INFO] Adding RY(0.0, wires=[4]) increased overlap from 0.0 to 0.9409065821883048
[2025-08-04 17:41:49,055][INFO] Adding CRY(0.0, wires=[4, 3])) increased overlap from 0.9409065821883048 to 0.9627407035547975
[2025-08-04 17:41:49,224][INFO] Adding RY(0.0, wires=[2]) increased overlap from 0.9627407035547975 to 0.966462498288681
[2025-08-04 17:41:49,735][INFO] Adding RY(0.0, wires=[3]) increased overlap from 0.966462498288681 to 0.9959224376975028
[2025-08-04 17:41:50,935][INFO] Adding RY(0.0, wires=[1]) increased overlap from 0.9959224376975028 to 0.9961475823613988
[2025-08-04 17:41:54,955][INFO] Adding CRY(0.0, wires=[4, 2])) increased overlap from 0.9961475823613988 to 0.9976474656004078
[2025-08-04 17:41:56,758][INFO] Adding CRY(0.0, wires=[4, 1])) increased overlap from 0.9976474656004078 to 0.997743505974479
[2025-08-04 17:42:03,410][INFO] Adding CRY(0.0, wires=[3, 2])) increased overlap from 0.997743505974479 to 0.9983514449474307
[2025-08-04 17:42:19,756][INFO] Adding RY(0.0, wires=[3]) increased overlap from 0.9983514449474307 to 0.9998805910859873
[2025-08-04 17:42:37,381][INFO] Adding CRY(0.0, wires=[3, 1])) had small change in overlap from 0.9998805910859873 to 0.9985445575787235
[2025-08-04 17:42:55,246][INFO] Adding RY(0.0, wires=[2]) increased overlap from 0.9985445575787235 to 0.9998344494538643
[2025-08-04 17:43:14,429][INFO] Adding CRY(0.0, wires=[2, 1])) increased overlap from 0.9998344494538643 to 0.999892292346529
[2025-08-04 17:43:34,193][INFO] Adding RY(0.0, wires=[3]) had small change in overlap from 0.999892292346529 to 0.9995187732067536
[2025-08-04 17:43:55,385][INFO] Adding CRY(0.0, wires=[2, 3])) had small change in overlap from 0.9995187732067536 to 0.999480718529452
[2025-08-04 17:44:17,174][INFO] Adding RY(0.0, wires=[2]) increased overlap from 0.999480718529452 to 0.9999254795233853
[2025-08-04 17:44:39,490][INFO] Adding RY(0.0, wires=[3]) increased overlap from 0.9999254795233853 to 0.9999671559652393
[2025-08-04 17:45:03,110][INFO] Adding CRY(0.0, wires=[1, 3])) had small change in overlap from 0.9999671559652393 to 0.9998353230902958
[2025-08-04 17:45:27,391][INFO] Adding RY(0.0, wires=[1]) decreased overlap from 0.9998353230902958 to 0.38282867896819384.. skipping this gate
[2025-08-04 17:45:27,392][INFO] gradient converged
[2025-08-04 17:45:27,392][INFO] Completed VQE run 17
[2025-08-04 17:45:27,392][INFO] Final ops list: [{'name': 'RY', 'param': 7.543977831992855, 'wires': [4]}, {'name': 'CRY', 'param': 5.643754452643691, 'wires': [4, 3]}, {'name': 'RY', 'param': 7.740152912537006, 'wires': [2]}, {'name': 'RY', 'param': 8.887200929120354, 'wires': [3]}, {'name': 'RY', 'param': 6.2778538591589585, 'wires': [1]}, {'name': 'CRY', 'param': 6.425672736473191, 'wires': [4, 2]}, {'name': 'CRY', 'param': 6.281783914551583, 'wires': [4, 1]}, {'name': 'CRY', 'param': 6.316870586622471, 'wires': [3, 2]}, {'name': 'RY', 'param': 1.4001486124913527, 'wires': [3]}, {'name': 'CRY', 'param': 6.274041177985427, 'wires': [3, 1]}, {'name': 'RY', 'param': 4.6039859115724076, 'wires': [2]}, {'name': 'CRY', 'param': 6.281690913480693, 'wires': [2, 1]}, {'name': 'RY', 'param': 7.556769385131142, 'wires': [3]}, {'name': 'CRY', 'param': 5.579014335154721, 'wires': [2, 3]}, {'name': 'RY', 'param': 6.2638884800088706, 'wires': [2]}, {'name': 'RY', 'param': 4.155105262453841, 'wires': [3]}, {'name': 'CRY', 'param': 3.6007776462692553, 'wires': [1, 3]}]
[2025-08-04 17:45:27,392][INFO] Energy: 0.8935089699607299
[2025-08-05 09:43:20,737][INFO] Starting VQE run 79 (seed=84933138)
[2025-08-05 09:43:20,830][INFO] Adding RY(0.0, wires=[4]) increased overlap from 0.0 to 0.9409065844332865
[2025-08-05 09:43:20,955][INFO] Adding CRY(0.0, wires=[4, 3])) increased overlap from 0.9409065844332865 to 0.9627407049558153
[2025-08-05 09:43:21,137][INFO] Adding RY(0.0, wires=[2]) increased overlap from 0.9627407049558153 to 0.9664625003574701
[2025-08-05 09:43:21,508][INFO] Adding RY(0.0, wires=[3]) increased overlap from 0.9664625003574701 to 0.9959224341481075
[2025-08-05 09:43:22,267][INFO] Adding RY(0.0, wires=[1]) increased overlap from 0.9959224341481075 to 0.9961475820966579
[2025-08-05 09:43:24,063][INFO] Adding CRY(0.0, wires=[4, 2])) increased overlap from 0.9961475820966579 to 0.9976474632786795
[2025-08-05 09:43:25,943][INFO] Adding CRY(0.0, wires=[4, 1])) increased overlap from 0.9976474632786795 to 0.9977435074778868
[2025-08-05 09:43:31,795][INFO] Adding CRY(0.0, wires=[3, 2])) increased overlap from 0.9977435074778868 to 0.9983514472731121
[2025-08-05 09:43:50,539][INFO] Adding RY(0.0, wires=[3]) increased overlap from 0.9983514472731121 to 0.9998641111481572
[2025-08-05 09:44:10,292][INFO] Adding CRY(0.0, wires=[3, 1])) had small change in overlap from 0.9998641111481572 to 0.9996884510709113
[2025-08-05 09:44:30,560][INFO] Adding CRY(0.0, wires=[2, 1])) increased overlap from 0.9996884510709113 to 0.9998676943595035
[2025-08-05 09:44:51,170][INFO] Adding RY(0.0, wires=[3]) had small change in overlap from 0.9998676943595035 to 0.9998181604145694
[2025-08-05 09:45:13,383][INFO] Adding CRY(0.0, wires=[2, 3])) increased overlap from 0.9998181604145694 to 0.9998763237695598
[2025-08-05 09:45:36,236][INFO] Adding RY(0.0, wires=[2]) increased overlap from 0.9998763237695598 to 0.9999082181965953
[2025-08-05 09:46:00,238][INFO] Adding CRY(0.0, wires=[1, 3])) increased overlap from 0.9999082181965953 to 0.9999095704964368
[2025-08-05 09:46:24,582][INFO] Adding RY(0.0, wires=[1]) increased overlap from 0.9999095704964368 to 0.9999619088403563
[2025-08-05 09:46:50,346][INFO] Adding CRY(0.0, wires=[1, 2])) had small change in overlap from 0.9999619088403563 to 0.9997987912970869
[2025-08-05 09:47:16,655][INFO] Adding RY(0.0, wires=[1]) increased overlap from 0.9997987912970869 to 0.9999600289580203
[2025-08-05 09:47:44,368][INFO] Adding CRY(0.0, wires=[2, 4])) had small change in overlap from 0.9999600289580203 to 0.9963652261838009
[2025-08-05 09:48:12,579][INFO] Adding RY(0.0, wires=[2]) increased overlap from 0.9963652261838009 to 0.9999749859980228
[2025-08-05 09:48:42,287][INFO] Adding CRY(0.0, wires=[3, 4])) had small change in overlap from 0.9999749859980228 to 0.9997292755113163
[2025-08-05 09:49:12,514][INFO] Adding RY(0.0, wires=[4]) increased overlap from 0.9997292755113163 to 0.9998275478558719
[2025-08-05 09:49:43,407][INFO] Adding RY(0.0, wires=[3]) increased overlap from 0.9998275478558719 to 0.9998643436710645
[2025-08-05 09:50:15,700][INFO] Adding CRY(0.0, wires=[1, 4])) increased overlap from 0.9998643436710645 to 0.9999856068407601
[2025-08-05 09:50:48,579][INFO] Adding RY(0.0, wires=[1]) had small change in overlap from 0.9999856068407601 to 0.9993157245783862
[2025-08-05 09:51:21,804][INFO] Adding RY(0.0, wires=[4]) increased overlap from 0.9993157245783862 to 0.9995061596987547
[2025-08-05 09:51:55,584][INFO] Adding RY(0.0, wires=[0]) increased overlap from 0.9995061596987547 to 0.9999797545313128
[2025-08-05 09:52:30,299][INFO] Adding CRY(0.0, wires=[4, 0])) had small change in overlap from 0.9999797545313128 to 0.9980798894307509
[2025-08-05 09:53:03,735][INFO] Adding RY(0.0, wires=[0]) increased overlap from 0.9980798894307509 to 0.9999394933956806
[2025-08-05 09:53:37,488][INFO] Adding RY(0.0, wires=[4]) had small change in overlap from 0.9999394933956806 to 0.9998587470057515
[2025-08-05 09:53:37,488][INFO] Completed VQE run 29
[2025-08-05 09:53:37,488][INFO] Final ops list: [{'name': 'RY', 'param': 5.809090042585881, 'wires': [4]}, {'name': 'CRY', 'param': 10.153186124359832, 'wires': [4, 3]}, {'name': 'RY', 'param': 6.356100177076021, 'wires': [2]}, {'name': 'RY', 'param': 7.794514897177468, 'wires': [3]}, {'name': 'RY', 'param': 6.265540871894121, 'wires': [1]}, {'name': 'CRY', 'param': 6.336909365915624, 'wires': [4, 2]}, {'name': 'CRY', 'param': 6.24635429555377, 'wires': [4, 1]}, {'name': 'CRY', 'param': 6.194794869905347, 'wires': [3, 2]}, {'name': 'RY', 'param': 9.528621825580393, 'wires': [3]}, {'name': 'CRY', 'param': 6.310851537668734, 'wires': [3, 1]}, {'name': 'CRY', 'param': 6.273972087396147, 'wires': [2, 1]}, {'name': 'RY', 'param': 8.408462091408467, 'wires': [3]}, {'name': 'CRY', 'param': 3.9437229440315873, 'wires': [2, 3]}, {'name': 'RY', 'param': 6.229226432058163, 'wires': [2]}, {'name': 'CRY', 'param': 9.768315767633638, 'wires': [1, 3]}, {'name': 'RY', 'param': 6.297967908922227, 'wires': [1]}, {'name': 'CRY', 'param': 7.316490116531076, 'wires': [1, 2]}, {'name': 'RY', 'param': 6.281836530941476, 'wires': [1]}, {'name': 'CRY', 'param': 9.241663734218994, 'wires': [2, 4]}, {'name': 'RY', 'param': 6.102251062763962, 'wires': [2]}, {'name': 'CRY', 'param': 9.481216732857183, 'wires': [3, 4]}, {'name': 'RY', 'param': 7.428159566429154, 'wires': [4]}, {'name': 'RY', 'param': 5.934760795745881, 'wires': [3]}, {'name': 'CRY', 'param': 6.050969580222136, 'wires': [1, 4]}, {'name': 'RY', 'param': 6.27860599517589, 'wires': [1]}, {'name': 'RY', 'param': 5.734822870389112, 'wires': [4]}, {'name': 'RY', 'param': 7.156588863760821, 'wires': [0]}, {'name': 'CRY', 'param': 6.250027210337598, 'wires': [4, 0]}, {'name': 'RY', 'param': 5.41700596777193, 'wires': [0]}, {'name': 'RY', 'param': 5.302418566728009, 'wires': [4]}]
[2025-08-05 09:53:37,489][INFO] Energy: 0.8930291346861812
