[2025-08-04 17:41:48,841][INFO] Starting VQE run 52 (seed=11578140)
[2025-08-04 17:41:48,921][INFO] Adding RY(0.0, wires=[4]) increased overlap from 0.0 to 0.9409065858664035
[2025-08-04 17:41:49,507][INFO] Adding CRY(0.0, wires=[4, 3])) increased overlap from 0.9409065858664035 to 0.9627407048654569
[2025-08-04 17:41:49,675][INFO] Adding RY(0.0, wires=[2]) increased overlap from 0.9627407048654569 to 0.9664624984148033
[2025-08-04 17:41:50,085][INFO] Adding RY(0.0, wires=[3]) increased overlap from 0.9664624984148033 to 0.9959224396525442
[2025-08-04 17:41:51,030][INFO] Adding RY(0.0, wires=[1]) increased overlap from 0.9959224396525442 to 0.9961475797427823
[2025-08-04 17:41:54,498][INFO] Adding CRY(0.0, wires=[4, 2])) increased overlap from 0.9961475797427823 to 0.997647465386111
[2025-08-04 17:42:07,889][INFO] Adding CRY(0.0, wires=[4, 1])) increased overlap from 0.997647465386111 to 0.9977435078471832
[2025-08-04 17:42:16,288][INFO] Adding CRY(0.0, wires=[3, 2])) increased overlap from 0.9977435078471832 to 0.9983514545547635
[2025-08-04 17:42:32,405][INFO] Adding RY(0.0, wires=[3]) increased overlap from 0.9983514545547635 to 0.9998094560469785
[2025-08-04 17:42:49,680][INFO] Adding CRY(0.0, wires=[3, 1])) decreased overlap from 0.9998094560469785 to 0.9445396369224804.. skipping this gate
[2025-08-04 17:42:49,680][INFO] gradient converged
[2025-08-04 17:42:49,680][INFO] Completed VQE run 9
[2025-08-04 17:42:49,680][INFO] Final ops list: [{'name': 'RY', 'param': 5.031011319200022, 'wires': [4]}, {'name': 'CRY', 'param': -0.6132351371853549, 'wires': [4, 3]}, {'name': 'RY', 'param': -0.13773995647285353, 'wires': [2]}, {'name': 'RY', 'param': -1.3124212156722341, 'wires': [3]}, {'name': 'RY', 'param': 0.0061542560040095465, 'wires': [1]}, {'name': 'CRY', 'param': 0.1374352773290014, 'wires': [4, 2]}, {'name': 'CRY', 'param': -0.02985495955121706, 'wires': [4, 1]}, {'name': 'CRY', 'param': -0.1338620165598631, 'wires': [3, 2]}, {'name': 'RY', 'param': 1.6435501134532735, 'wires': [3]}]
[2025-08-04 17:42:49,680][INFO] Energy: 0.8940873930915814
[2025-08-05 09:43:20,727][INFO] Starting VQE run 52 (seed=531525)
[2025-08-05 09:43:20,825][INFO] Adding RY(0.0, wires=[4]) increased overlap from 0.0 to 0.9409065854365439
[2025-08-05 09:43:20,950][INFO] Adding CRY(0.0, wires=[4, 3])) increased overlap from 0.9409065854365439 to 0.9627407051431118
[2025-08-05 09:43:21,129][INFO] Adding RY(0.0, wires=[2]) increased overlap from 0.9627407051431118 to 0.9664624993750729
[2025-08-05 09:43:21,481][INFO] Adding RY(0.0, wires=[3]) increased overlap from 0.9664624993750729 to 0.9959224364262639
[2025-08-05 09:43:22,085][INFO] Adding RY(0.0, wires=[1]) increased overlap from 0.9959224364262639 to 0.9961475818964886
[2025-08-05 09:43:23,304][INFO] Adding CRY(0.0, wires=[4, 2])) increased overlap from 0.9961475818964886 to 0.9976474641717386
[2025-08-05 09:43:25,107][INFO] Adding CRY(0.0, wires=[4, 1])) increased overlap from 0.9976474641717386 to 0.9977435080846838
[2025-08-05 09:43:30,380][INFO] Adding CRY(0.0, wires=[3, 2])) increased overlap from 0.9977435080846838 to 0.9983514539134675
[2025-08-05 09:43:49,211][INFO] Adding RY(0.0, wires=[3]) increased overlap from 0.9983514539134675 to 0.999171796084434
[2025-08-05 09:44:08,940][INFO] Adding CRY(0.0, wires=[3, 1])) increased overlap from 0.999171796084434 to 0.9997676771516445
[2025-08-05 09:44:29,241][INFO] Adding CRY(0.0, wires=[2, 1])) increased overlap from 0.9997676771516445 to 0.9998940127400386
[2025-08-05 09:44:49,779][INFO] Adding RY(0.0, wires=[3]) increased overlap from 0.9998940127400386 to 0.9998993785970292
[2025-08-05 09:45:11,043][INFO] Adding RY(0.0, wires=[4]) increased overlap from 0.9998993785970292 to 0.999906393260186
[2025-08-05 09:45:32,850][INFO] Adding RY(0.0, wires=[1]) had small change in overlap from 0.999906393260186 to 0.999887045584385
[2025-08-05 09:45:55,755][INFO] Adding CRY(0.0, wires=[3, 4])) had small change in overlap from 0.999887045584385 to 0.9998744519679862
[2025-08-05 09:46:19,035][INFO] Adding RY(0.0, wires=[3]) had small change in overlap from 0.9998744519679862 to 0.9997522089154947
[2025-08-05 09:46:43,675][INFO] Adding CRY(0.0, wires=[2, 3])) increased overlap from 0.9997522089154947 to 0.999859209583283
[2025-08-05 09:47:08,958][INFO] Adding RY(0.0, wires=[2]) increased overlap from 0.999859209583283 to 0.9999469738497858
[2025-08-05 09:47:35,568][INFO] Adding CRY(0.0, wires=[1, 2])) had small change in overlap from 0.9999469738497858 to 0.9999437242374984
[2025-08-05 09:48:02,672][INFO] Adding RY(0.0, wires=[1]) had small change in overlap from 0.9999437242374984 to 0.9994207644563214
[2025-08-05 09:48:31,293][INFO] Adding CRY(0.0, wires=[2, 4])) increased overlap from 0.9994207644563214 to 0.9999406365704107
[2025-08-05 09:49:00,467][INFO] Adding RY(0.0, wires=[2]) had small change in overlap from 0.9999406365704107 to 0.9994899021802666
[2025-08-05 09:49:31,049][INFO] Adding CRY(0.0, wires=[1, 4])) increased overlap from 0.9994899021802666 to 0.9996847591992222
[2025-08-05 09:50:02,286][INFO] Adding RY(0.0, wires=[1]) had small change in overlap from 0.9996847591992222 to 0.9989927277358713
[2025-08-05 09:50:34,934][INFO] Adding CRY(0.0, wires=[1, 3])) increased overlap from 0.9989927277358713 to 0.9991864287682657
[2025-08-05 09:51:08,055][INFO] Adding RY(0.0, wires=[1]) had small change in overlap from 0.9991864287682657 to 0.9987459698038345
[2025-08-05 09:51:41,643][INFO] Adding RY(0.0, wires=[4]) increased overlap from 0.9987459698038345 to 0.9988624055791269
[2025-08-05 09:52:15,694][INFO] Adding RY(0.0, wires=[3]) increased overlap from 0.9988624055791269 to 0.998963208750925
[2025-08-05 09:52:48,897][INFO] Adding RY(0.0, wires=[0]) increased overlap from 0.998963208750925 to 0.9989935301624997
[2025-08-05 09:53:22,487][INFO] Adding CRY(0.0, wires=[4, 0])) had small change in overlap from 0.9989935301624997 to 0.9989229155833788
[2025-08-05 09:53:22,487][INFO] Completed VQE run 29
[2025-08-05 09:53:22,487][INFO] Final ops list: [{'name': 'RY', 'param': -1.7143310877583742, 'wires': [4]}, {'name': 'CRY', 'param': -0.7484203866113779, 'wires': [4, 3]}, {'name': 'RY', 'param': -0.07674529858284956, 'wires': [2]}, {'name': 'RY', 'param': -1.5936471136987305, 'wires': [3]}, {'name': 'RY', 'param': 0.22880202616190107, 'wires': [1]}, {'name': 'CRY', 'param': 0.05886029428435372, 'wires': [4, 2]}, {'name': 'CRY', 'param': -0.43215679551326897, 'wires': [4, 1]}, {'name': 'CRY', 'param': 0.024986061178252344, 'wires': [3, 2]}, {'name': 'RY', 'param': 1.2646709461481502, 'wires': [3]}, {'name': 'CRY', 'param': 0.06604824287013657, 'wires': [3, 1]}, {'name': 'CRY', 'param': 3.963685509228152, 'wires': [2, 1]}, {'name': 'RY', 'param': 1.396915527298659, 'wires': [3]}, {'name': 'RY', 'param': 0.028321445159613223, 'wires': [4]}, {'name': 'RY', 'param': 0.036205699929715764, 'wires': [1]}, {'name': 'CRY', 'param': 4.246900539476412, 'wires': [3, 4]}, {'name': 'RY', 'param': 0.5011113149248633, 'wires': [3]}, {'name': 'CRY', 'param': 6.25953658861108, 'wires': [2, 3]}, {'name': 'RY', 'param': -0.30705473677259487, 'wires': [2]}, {'name': 'CRY', 'param': -0.3264502275005876, 'wires': [1, 2]}, {'name': 'RY', 'param': -0.2494765877749674, 'wires': [1]}, {'name': 'CRY', 'param': 0.21702000786655468, 'wires': [2, 4]}, {'name': 'RY', 'param': 0.18131816976840193, 'wires': [2]}, {'name': 'CRY', 'param': 1.2532373060721105, 'wires': [1, 4]}, {'name': 'RY', 'param': -0.02110220927015493, 'wires': [1]}, {'name': 'CRY', 'param': -0.28238982911923355, 'wires': [1, 3]}, {'name': 'RY', 'param': 0.33809470242251344, 'wires': [1]}, {'name': 'RY', 'param': 0.6603112189710266, 'wires': [4]}, {'name': 'RY', 'param': 0.2977891085695583, 'wires': [3]}, {'name': 'RY', 'param': -0.028615847329910578, 'wires': [0]}, {'name': 'CRY', 'param': 0.01779916967351865, 'wires': [4, 0]}]
[2025-08-05 09:53:22,487][INFO] Energy: 0.8980399765629501
