[2025-08-04 17:41:48,833][INFO] Starting VQE run 55 (seed=89370126)
[2025-08-04 17:41:48,914][INFO] Adding RY(0.0, wires=[4]) increased overlap from 0.0 to 0.9409065816984582
[2025-08-04 17:41:49,023][INFO] Adding CRY(0.0, wires=[4, 3])) increased overlap from 0.9409065816984582 to 0.9627407043939746
[2025-08-04 17:41:49,180][INFO] Adding RY(0.0, wires=[2]) increased overlap from 0.9627407043939746 to 0.9664624987943942
[2025-08-04 17:41:49,440][INFO] Adding RY(0.0, wires=[3]) increased overlap from 0.9664624987943942 to 0.9959224358308139
[2025-08-04 17:41:50,228][INFO] Adding RY(0.0, wires=[1]) increased overlap from 0.9959224358308139 to 0.9961475874295896
[2025-08-04 17:41:51,491][INFO] Adding CRY(0.0, wires=[4, 2])) increased overlap from 0.9961475874295896 to 0.9976474657093558
[2025-08-04 17:41:53,167][INFO] Adding CRY(0.0, wires=[4, 1])) increased overlap from 0.9976474657093558 to 0.9977435071394501
[2025-08-04 17:41:57,905][INFO] Adding CRY(0.0, wires=[3, 2])) increased overlap from 0.9977435071394501 to 0.9983514471251367
[2025-08-04 17:42:14,550][INFO] Adding RY(0.0, wires=[3]) increased overlap from 0.9983514471251367 to 0.9998381793719747
[2025-08-04 17:42:32,253][INFO] Adding CRY(0.0, wires=[3, 1])) had small change in overlap from 0.9998381793719747 to 0.9996821153763183
[2025-08-04 17:42:51,062][INFO] Adding CRY(0.0, wires=[2, 1])) increased overlap from 0.9996821153763183 to 0.9998711671645902
[2025-08-04 17:43:10,337][INFO] Adding RY(0.0, wires=[3]) had small change in overlap from 0.9998711671645902 to 0.9997798726927756
[2025-08-04 17:43:31,063][INFO] Adding CRY(0.0, wires=[2, 3])) increased overlap from 0.9997798726927756 to 0.9999923417909717
[2025-08-04 17:43:53,163][INFO] Adding CRY(0.0, wires=[1, 3])) increased overlap from 0.9999923417909717 to 0.9999953046674335
[2025-08-04 17:44:15,813][INFO] Adding RY(0.0, wires=[1]) had small change in overlap from 0.9999953046674335 to 0.9999899812862477
[2025-08-04 17:44:39,021][INFO] Adding RY(0.0, wires=[2]) had small change in overlap from 0.9999899812862477 to 0.9999799658605911
[2025-08-04 17:45:03,571][INFO] Adding CRY(0.0, wires=[1, 2])) had small change in overlap from 0.9999799658605911 to 0.9999091506761169
[2025-08-04 17:45:28,702][INFO] Adding RY(0.0, wires=[1]) had small change in overlap from 0.9999091506761169 to 0.9997073821608824
[2025-08-04 17:45:54,352][INFO] Adding RY(0.0, wires=[2]) increased overlap from 0.9997073821608824 to 0.9998148857244399
[2025-08-04 17:46:21,440][INFO] Adding CRY(0.0, wires=[2, 4])) increased overlap from 0.9998148857244399 to 0.9999636904907777
[2025-08-04 17:46:49,157][INFO] Adding RY(0.0, wires=[2]) increased overlap from 0.9999636904907777 to 0.9999982419547289
[2025-08-04 17:47:17,445][INFO] Adding RY(0.0, wires=[4]) increased overlap from 0.9999982419547289 to 0.9999984386044292
[2025-08-04 17:47:46,169][INFO] Adding RY(0.0, wires=[3]) had small change in overlap from 0.9999984386044292 to 0.9999810717868103
[2025-08-04 17:48:16,207][INFO] Adding CRY(0.0, wires=[3, 4])) had small change in overlap from 0.9999810717868103 to 0.9999016713185083
[2025-08-04 17:48:47,019][INFO] Adding RY(0.0, wires=[3]) had small change in overlap from 0.9999016713185083 to 0.9998716481945478
[2025-08-04 17:49:18,390][INFO] Adding RY(0.0, wires=[4]) had small change in overlap from 0.9998716481945478 to 0.9996734210937976
[2025-08-04 17:49:51,153][INFO] Adding CRY(0.0, wires=[1, 4])) increased overlap from 0.9996734210937976 to 0.9998261297320867
[2025-08-04 17:50:24,607][INFO] Adding RY(0.0, wires=[1]) increased overlap from 0.9998261297320867 to 0.9999942556243698
[2025-08-04 17:50:58,592][INFO] Adding RY(0.0, wires=[4]) had small change in overlap from 0.9999942556243698 to 0.9999929302787529
[2025-08-04 17:51:33,064][INFO] Adding RY(0.0, wires=[0]) increased overlap from 0.9999929302787529 to 0.9999955901937013
[2025-08-04 17:51:33,064][INFO] Completed VQE run 29
[2025-08-04 17:51:33,064][INFO] Final ops list: [{'name': 'RY', 'param': 7.404120777891117, 'wires': [4]}, {'name': 'CRY', 'param': 6.923436886836941, 'wires': [4, 3]}, {'name': 'RY', 'param': 7.582884802810191, 'wires': [2]}, {'name': 'RY', 'param': 8.86672486377012, 'wires': [3]}, {'name': 'RY', 'param': 7.122470976788379, 'wires': [1]}, {'name': 'CRY', 'param': 6.426218419340999, 'wires': [4, 2]}, {'name': 'CRY', 'param': 6.200322739185731, 'wires': [4, 1]}, {'name': 'CRY', 'param': 5.995599528036877, 'wires': [3, 2]}, {'name': 'RY', 'param': 6.827853059608641, 'wires': [3]}, {'name': 'CRY', 'param': 6.236595883094221, 'wires': [3, 1]}, {'name': 'CRY', 'param': 6.89555524430587, 'wires': [2, 1]}, {'name': 'RY', 'param': 5.225629995047294, 'wires': [3]}, {'name': 'CRY', 'param': 6.395296639521595, 'wires': [2, 3]}, {'name': 'CRY', 'param': 6.330055300918875, 'wires': [1, 3]}, {'name': 'RY', 'param': 5.848357608128185, 'wires': [1]}, {'name': 'RY', 'param': 6.619745755263964, 'wires': [2]}, {'name': 'CRY', 'param': 5.755935002599571, 'wires': [1, 2]}, {'name': 'RY', 'param': 5.018791677733349, 'wires': [1]}, {'name': 'RY', 'param': 5.195277653914519, 'wires': [2]}, {'name': 'CRY', 'param': 8.995522037628247, 'wires': [2, 4]}, {'name': 'RY', 'param': 6.195718006244132, 'wires': [2]}, {'name': 'RY', 'param': 7.84827347336617, 'wires': [4]}, {'name': 'RY', 'param': 4.910761421411933, 'wires': [3]}, {'name': 'CRY', 'param': 6.547444521054039, 'wires': [3, 4]}, {'name': 'RY', 'param': 6.277751461235943, 'wires': [3]}, {'name': 'RY', 'param': 5.255724875266523, 'wires': [4]}, {'name': 'CRY', 'param': 5.480620351904292, 'wires': [1, 4]}, {'name': 'RY', 'param': 6.396938031349007, 'wires': [1]}, {'name': 'RY', 'param': 5.600227031344593, 'wires': [4]}, {'name': 'RY', 'param': 6.283843294614478, 'wires': [0]}]
[2025-08-04 17:51:33,064][INFO] Energy: 0.8916538867595823
[2025-08-05 09:43:20,728][INFO] Starting VQE run 55 (seed=78496587)
[2025-08-05 09:43:20,824][INFO] Adding RY(0.0, wires=[4]) increased overlap from 0.0 to 0.9409065827173987
[2025-08-05 09:43:20,948][INFO] Adding CRY(0.0, wires=[4, 3])) increased overlap from 0.9409065827173987 to 0.9627407051934633
[2025-08-05 09:43:21,131][INFO] Adding RY(0.0, wires=[2]) increased overlap from 0.9627407051934633 to 0.9664624991299648
[2025-08-05 09:43:21,488][INFO] Adding RY(0.0, wires=[3]) increased overlap from 0.9664624991299648 to 0.995922436886266
[2025-08-05 09:43:22,496][INFO] Adding RY(0.0, wires=[1]) increased overlap from 0.995922436886266 to 0.996147591961536
[2025-08-05 09:43:24,011][INFO] Adding CRY(0.0, wires=[4, 2])) increased overlap from 0.996147591961536 to 0.9976474649425483
[2025-08-05 09:43:25,963][INFO] Adding CRY(0.0, wires=[4, 1])) increased overlap from 0.9976474649425483 to 0.997743504960584
[2025-08-05 09:43:32,159][INFO] Adding CRY(0.0, wires=[3, 2])) increased overlap from 0.997743504960584 to 0.9983514472033947
[2025-08-05 09:43:50,925][INFO] Adding RY(0.0, wires=[3]) had small change in overlap from 0.9983514472033947 to 0.9978718885785586
[2025-08-05 09:44:10,686][INFO] Adding CRY(0.0, wires=[3, 1])) increased overlap from 0.9978718885785586 to 0.9995030326827108
[2025-08-05 09:44:30,891][INFO] Adding CRY(0.0, wires=[2, 1])) increased overlap from 0.9995030326827108 to 0.9997835268725134
[2025-08-05 09:44:52,237][INFO] Adding CRY(0.0, wires=[2, 3])) increased overlap from 0.9997835268725134 to 0.9999477543100171
[2025-08-05 09:45:14,300][INFO] Adding RY(0.0, wires=[3]) increased overlap from 0.9999477543100171 to 0.9999836513781681
[2025-08-05 09:45:36,957][INFO] Adding RY(0.0, wires=[2]) had small change in overlap from 0.9999836513781681 to 0.999768517934046
[2025-08-05 09:46:00,794][INFO] Adding CRY(0.0, wires=[2, 4])) increased overlap from 0.999768517934046 to 0.9999801830734121
[2025-08-05 09:46:25,736][INFO] Adding CRY(0.0, wires=[1, 2])) increased overlap from 0.9999801830734121 to 0.999990574542225
[2025-08-05 09:46:51,325][INFO] Adding RY(0.0, wires=[1]) had small change in overlap from 0.999990574542225 to 0.9999718194753591
[2025-08-05 09:47:17,490][INFO] Adding RY(0.0, wires=[2]) increased overlap from 0.9999718194753591 to 0.9999857959039959
[2025-08-05 09:47:44,981][INFO] Adding CRY(0.0, wires=[1, 3])) had small change in overlap from 0.9999857959039959 to 0.9999826207449525
[2025-08-05 09:48:13,017][INFO] Adding RY(0.0, wires=[1]) increased overlap from 0.9999826207449525 to 0.999989437096062
[2025-08-05 09:48:41,717][INFO] Adding RY(0.0, wires=[3]) had small change in overlap from 0.999989437096062 to 0.9999673808642602
[2025-08-05 09:49:10,872][INFO] Adding RY(0.0, wires=[4]) increased overlap from 0.9999673808642602 to 0.9999784675355787
[2025-08-05 09:49:41,508][INFO] Adding CRY(0.0, wires=[1, 4])) had small change in overlap from 0.9999784675355787 to 0.9999312352664108
[2025-08-05 09:50:12,705][INFO] Adding RY(0.0, wires=[1]) had small change in overlap from 0.9999312352664108 to 0.9999147680261996
[2025-08-05 09:50:45,418][INFO] Adding CRY(0.0, wires=[3, 4])) increased overlap from 0.9999147680261996 to 0.9999565963779875
[2025-08-05 09:51:18,494][INFO] Adding RY(0.0, wires=[3]) had small change in overlap from 0.9999565963779875 to 0.9999552135291214
[2025-08-05 09:51:52,240][INFO] Adding RY(0.0, wires=[4]) had small change in overlap from 0.9999552135291214 to 0.9999214718659285
[2025-08-05 09:52:26,148][INFO] Adding RY(0.0, wires=[0]) increased overlap from 0.9999214718659285 to 0.9999712585690496
[2025-08-05 09:52:59,677][INFO] Adding CRY(0.0, wires=[4, 0])) had small change in overlap from 0.9999712585690496 to 0.9935653519674947
[2025-08-05 09:53:33,569][INFO] Adding RY(0.0, wires=[0]) increased overlap from 0.9935653519674947 to 0.999928756436419
[2025-08-05 09:53:33,569][INFO] Completed VQE run 29
[2025-08-05 09:53:33,569][INFO] Final ops list: [{'name': 'RY', 'param': 7.900776478455011, 'wires': [4]}, {'name': 'CRY', 'param': 7.669799396948915, 'wires': [4, 3]}, {'name': 'RY', 'param': 8.235560664525273, 'wires': [2]}, {'name': 'RY', 'param': 7.782500698319834, 'wires': [3]}, {'name': 'RY', 'param': 6.290158593123857, 'wires': [1]}, {'name': 'CRY', 'param': 6.634212615854653, 'wires': [4, 2]}, {'name': 'CRY', 'param': 6.299175365326667, 'wires': [4, 1]}, {'name': 'CRY', 'param': 5.9830972908988445, 'wires': [3, 2]}, {'name': 'RY', 'param': 6.886259330743384, 'wires': [3]}, {'name': 'CRY', 'param': 6.262339346202721, 'wires': [3, 1]}, {'name': 'CRY', 'param': 6.257659064011051, 'wires': [2, 1]}, {'name': 'CRY', 'param': 6.29700148910864, 'wires': [2, 3]}, {'name': 'RY', 'param': 6.163634729066932, 'wires': [3]}, {'name': 'RY', 'param': 4.494784591315976, 'wires': [2]}, {'name': 'CRY', 'param': 7.047983989191231, 'wires': [2, 4]}, {'name': 'CRY', 'param': 7.892355494893585, 'wires': [1, 2]}, {'name': 'RY', 'param': 5.656106109652809, 'wires': [1]}, {'name': 'RY', 'param': 6.294715973332431, 'wires': [2]}, {'name': 'CRY', 'param': 6.305497991200244, 'wires': [1, 3]}, {'name': 'RY', 'param': 5.508446003153096, 'wires': [1]}, {'name': 'RY', 'param': 5.5112981307893, 'wires': [3]}, {'name': 'RY', 'param': 9.18332861227516, 'wires': [4]}, {'name': 'CRY', 'param': 6.1291764613873685, 'wires': [1, 4]}, {'name': 'RY', 'param': 6.115024779274102, 'wires': [1]}, {'name': 'CRY', 'param': 8.798536985737055, 'wires': [3, 4]}, {'name': 'RY', 'param': 7.353772418495755, 'wires': [3]}, {'name': 'RY', 'param': 5.822708036891859, 'wires': [4]}, {'name': 'RY', 'param': 6.629419564631071, 'wires': [0]}, {'name': 'CRY', 'param': 6.284713219269427, 'wires': [4, 0]}, {'name': 'RY', 'param': 5.935396336246072, 'wires': [0]}]
[2025-08-05 09:53:33,569][INFO] Energy: 0.8924429308301753
