[2025-08-04 17:41:48,841][INFO] Starting VQE run 64 (seed=75832506)
[2025-08-04 17:41:48,921][INFO] Adding RY(0.0, wires=[4]) increased overlap from 0.0 to 0.9409065840920458
[2025-08-04 17:41:49,032][INFO] Adding CRY(0.0, wires=[4, 3])) increased overlap from 0.9409065840920458 to 0.9627407047548393
[2025-08-04 17:41:49,189][INFO] Adding RY(0.0, wires=[2]) increased overlap from 0.9627407047548393 to 0.9664624986305927
[2025-08-04 17:41:49,520][INFO] Adding RY(0.0, wires=[3]) increased overlap from 0.9664624986305927 to 0.9959224367399401
[2025-08-04 17:41:50,573][INFO] Adding RY(0.0, wires=[1]) increased overlap from 0.9959224367399401 to 0.9961475805977863
[2025-08-04 17:41:54,066][INFO] Adding CRY(0.0, wires=[4, 2])) increased overlap from 0.9961475805977863 to 0.9976474631539818
[2025-08-04 17:41:55,669][INFO] Adding CRY(0.0, wires=[4, 1])) increased overlap from 0.9976474631539818 to 0.997743507219918
[2025-08-04 17:42:01,805][INFO] Adding CRY(0.0, wires=[3, 2])) increased overlap from 0.997743507219918 to 0.9983514463979051
[2025-08-04 17:42:18,554][INFO] Adding RY(0.0, wires=[3]) increased overlap from 0.9983514463979051 to 0.9998763118537923
[2025-08-04 17:42:36,057][INFO] Adding CRY(0.0, wires=[3, 1])) increased overlap from 0.9998763118537923 to 0.99990169671275
[2025-08-04 17:42:54,714][INFO] Adding CRY(0.0, wires=[2, 1])) increased overlap from 0.99990169671275 to 0.9999507568929008
[2025-08-04 17:43:13,958][INFO] Adding RY(0.0, wires=[3]) had small change in overlap from 0.9999507568929008 to 0.9996938758776547
[2025-08-04 17:43:34,593][INFO] Adding CRY(0.0, wires=[2, 3])) increased overlap from 0.9996938758776547 to 0.9997697006168906
[2025-08-04 17:43:55,869][INFO] Adding RY(0.0, wires=[2]) increased overlap from 0.9997697006168906 to 0.9999163868408238
[2025-08-04 17:44:17,638][INFO] Adding RY(0.0, wires=[1]) had small change in overlap from 0.9999163868408238 to 0.999890441556013
[2025-08-04 17:44:40,820][INFO] Adding CRY(0.0, wires=[1, 4])) increased overlap from 0.999890441556013 to 0.9999669991247623
[2025-08-04 17:45:04,568][INFO] Adding RY(0.0, wires=[1]) had small change in overlap from 0.9999669991247623 to 0.9937041717744816
[2025-08-04 17:45:28,887][INFO] Adding RY(0.0, wires=[4]) increased overlap from 0.9937041717744816 to 0.99975645458233
[2025-08-04 17:45:54,551][INFO] Adding CRY(0.0, wires=[2, 4])) had small change in overlap from 0.99975645458233 to 0.9951928581173132
[2025-08-04 17:46:20,776][INFO] Adding RY(0.0, wires=[2]) increased overlap from 0.9951928581173132 to 0.9999344881572956
[2025-08-04 17:46:48,314][INFO] Adding CRY(0.0, wires=[1, 2])) increased overlap from 0.9999344881572956 to 0.9999770735194202
[2025-08-04 17:47:16,477][INFO] Adding RY(0.0, wires=[1]) had small change in overlap from 0.9999770735194202 to 0.9999700458370666
[2025-08-04 17:47:45,945][INFO] Adding CRY(0.0, wires=[1, 3])) had small change in overlap from 0.9999700458370666 to 0.9999624843190638
[2025-08-04 17:48:16,026][INFO] Adding RY(0.0, wires=[1]) decreased overlap from 0.9999624843190638 to 0.961528073140201.. skipping this gate
[2025-08-04 17:48:16,026][INFO] gradient converged
[2025-08-04 17:48:16,026][INFO] Completed VQE run 23
[2025-08-04 17:48:16,026][INFO] Final ops list: [{'name': 'RY', 'param': 7.857920110751786, 'wires': [4]}, {'name': 'CRY', 'param': 6.2868737695161245, 'wires': [4, 3]}, {'name': 'RY', 'param': 6.412829991459552, 'wires': [2]}, {'name': 'RY', 'param': 8.901356108459053, 'wires': [3]}, {'name': 'RY', 'param': 7.337118893906979, 'wires': [1]}, {'name': 'CRY', 'param': 6.301604694489857, 'wires': [4, 2]}, {'name': 'CRY', 'param': 9.391226673234998, 'wires': [4, 1]}, {'name': 'CRY', 'param': 7.848194702033002, 'wires': [3, 2]}, {'name': 'RY', 'param': 7.793403201073179, 'wires': [3]}, {'name': 'CRY', 'param': 6.972686613531573, 'wires': [3, 1]}, {'name': 'CRY', 'param': 5.051088989850219, 'wires': [2, 1]}, {'name': 'RY', 'param': 5.5585672191968305, 'wires': [3]}, {'name': 'CRY', 'param': 5.571854179487951, 'wires': [2, 3]}, {'name': 'RY', 'param': 7.446548322222826, 'wires': [2]}, {'name': 'RY', 'param': 3.510698098357488, 'wires': [1]}, {'name': 'CRY', 'param': 3.179553163491009, 'wires': [1, 4]}, {'name': 'RY', 'param': 4.70331883929702, 'wires': [1]}, {'name': 'RY', 'param': 5.4365183157220915, 'wires': [4]}, {'name': 'CRY', 'param': 1.7995593608723437, 'wires': [2, 4]}, {'name': 'RY', 'param': 3.582070790284676, 'wires': [2]}, {'name': 'CRY', 'param': 5.720320538274104, 'wires': [1, 2]}, {'name': 'RY', 'param': 6.2455414400744464, 'wires': [1]}, {'name': 'CRY', 'param': 4.775206140050631, 'wires': [1, 3]}]
[2025-08-04 17:48:16,026][INFO] Energy: 0.8922092627640945
[2025-08-05 09:43:20,734][INFO] Starting VQE run 64 (seed=65478195)
[2025-08-05 09:43:20,830][INFO] Adding RY(0.0, wires=[4]) increased overlap from 0.0 to 0.9409065859206018
[2025-08-05 09:43:20,950][INFO] Adding CRY(0.0, wires=[4, 3])) increased overlap from 0.9409065859206018 to 0.9627407047654506
[2025-08-05 09:43:21,136][INFO] Adding RY(0.0, wires=[2]) increased overlap from 0.9627407047654506 to 0.9664624976364311
[2025-08-05 09:43:21,470][INFO] Adding RY(0.0, wires=[3]) increased overlap from 0.9664624976364311 to 0.9959224342492559
[2025-08-05 09:43:22,448][INFO] Adding RY(0.0, wires=[1]) increased overlap from 0.9959224342492559 to 0.9961475818000065
[2025-08-05 09:43:24,171][INFO] Adding CRY(0.0, wires=[4, 2])) increased overlap from 0.9961475818000065 to 0.9976474651818549
[2025-08-05 09:43:26,079][INFO] Adding CRY(0.0, wires=[4, 1])) increased overlap from 0.9976474651818549 to 0.99774350783783
[2025-08-05 09:43:32,103][INFO] Adding CRY(0.0, wires=[3, 2])) increased overlap from 0.99774350783783 to 0.9983514465066039
[2025-08-05 09:43:50,888][INFO] Adding RY(0.0, wires=[3]) increased overlap from 0.9983514465066039 to 0.9998634144923573
[2025-08-05 09:44:10,639][INFO] Adding CRY(0.0, wires=[3, 1])) had small change in overlap from 0.9998634144923573 to 0.9996058418042854
[2025-08-05 09:44:30,849][INFO] Adding CRY(0.0, wires=[2, 1])) increased overlap from 0.9996058418042854 to 0.9998809859086171
[2025-08-05 09:44:51,408][INFO] Adding RY(0.0, wires=[3]) had small change in overlap from 0.9998809859086171 to 0.9997713268369633
[2025-08-05 09:45:13,550][INFO] Adding CRY(0.0, wires=[2, 3])) increased overlap from 0.9997713268369633 to 0.9999091323584637
[2025-08-05 09:45:36,316][INFO] Adding RY(0.0, wires=[4]) increased overlap from 0.9999091323584637 to 0.9999800679147859
[2025-08-05 09:45:59,421][INFO] Adding RY(0.0, wires=[2]) had small change in overlap from 0.9999800679147859 to 0.9999075104306248
[2025-08-05 09:46:23,740][INFO] Adding CRY(0.0, wires=[3, 4])) increased overlap from 0.9999075104306248 to 0.9999514739403035
[2025-08-05 09:46:49,308][INFO] Adding CRY(0.0, wires=[1, 2])) had small change in overlap from 0.9999514739403035 to 0.9998169432019753
[2025-08-05 09:47:15,469][INFO] Adding RY(0.0, wires=[1]) increased overlap from 0.9998169432019753 to 0.9999273034770929
[2025-08-05 09:47:42,210][INFO] Adding RY(0.0, wires=[2]) increased overlap from 0.9999273034770929 to 0.9999786631851763
[2025-08-05 09:48:09,379][INFO] Adding RY(0.0, wires=[3]) had small change in overlap from 0.9999786631851763 to 0.9998930180161107
[2025-08-05 09:48:38,122][INFO] Adding CRY(0.0, wires=[2, 4])) had small change in overlap from 0.9998930180161107 to 0.9967660844794501
[2025-08-05 09:49:07,466][INFO] Adding RY(0.0, wires=[2]) increased overlap from 0.9967660844794501 to 0.9994441848058024
[2025-08-05 09:49:38,229][INFO] Adding CRY(0.0, wires=[1, 3])) increased overlap from 0.9994441848058024 to 0.9999811791440942
[2025-08-05 09:50:09,716][INFO] Adding RY(0.0, wires=[1]) had small change in overlap from 0.9999811791440942 to 0.9999776819009316
[2025-08-05 09:50:42,670][INFO] Adding CRY(0.0, wires=[1, 4])) had small change in overlap from 0.9999776819009316 to 0.9999366345419557
[2025-08-05 09:51:16,026][INFO] Adding RY(0.0, wires=[1]) had small change in overlap from 0.9999366345419557 to 0.9997404322341487
[2025-08-05 09:51:49,985][INFO] Adding RY(0.0, wires=[3]) had small change in overlap from 0.9997404322341487 to 0.9993509371639303
[2025-08-05 09:52:24,232][INFO] Adding RY(0.0, wires=[4]) increased overlap from 0.9993509371639303 to 0.9994218407605674
[2025-08-05 09:52:57,236][INFO] Adding RY(0.0, wires=[0]) increased overlap from 0.9994218407605674 to 0.9995999703392013
[2025-08-05 09:53:31,288][INFO] Adding CRY(0.0, wires=[4, 0])) decreased overlap from 0.9995999703392013 to 0.9563978069999356.. skipping this gate
[2025-08-05 09:53:31,288][INFO] gradient converged
[2025-08-05 09:53:31,289][INFO] Completed VQE run 29
[2025-08-05 09:53:31,289][INFO] Final ops list: [{'name': 'RY', 'param': 8.696912054895286, 'wires': [4]}, {'name': 'CRY', 'param': 6.2706096740817765, 'wires': [4, 3]}, {'name': 'RY', 'param': 8.80499381969819, 'wires': [2]}, {'name': 'RY', 'param': 6.589506501179115, 'wires': [3]}, {'name': 'RY', 'param': 6.8533020644858516, 'wires': [1]}, {'name': 'CRY', 'param': 6.123186708888348, 'wires': [4, 2]}, {'name': 'CRY', 'param': 6.3037386778988385, 'wires': [4, 1]}, {'name': 'CRY', 'param': 6.481364683782322, 'wires': [3, 2]}, {'name': 'RY', 'param': 9.098356887107588, 'wires': [3]}, {'name': 'CRY', 'param': 6.240072294658382, 'wires': [3, 1]}, {'name': 'CRY', 'param': 5.965941325259932, 'wires': [2, 1]}, {'name': 'RY', 'param': 7.043440455841331, 'wires': [3]}, {'name': 'CRY', 'param': 6.324884363566389, 'wires': [2, 3]}, {'name': 'RY', 'param': 7.961210814589892, 'wires': [4]}, {'name': 'RY', 'param': 5.740512145369218, 'wires': [2]}, {'name': 'CRY', 'param': 6.866217093548571, 'wires': [3, 4]}, {'name': 'CRY', 'param': 7.076515512120242, 'wires': [1, 2]}, {'name': 'RY', 'param': 6.002713975360164, 'wires': [1]}, {'name': 'RY', 'param': 4.5135272806065005, 'wires': [2]}, {'name': 'RY', 'param': 6.150238711880398, 'wires': [3]}, {'name': 'CRY', 'param': 6.305166543177219, 'wires': [2, 4]}, {'name': 'RY', 'param': 6.22735785700688, 'wires': [2]}, {'name': 'CRY', 'param': 6.29849806496604, 'wires': [1, 3]}, {'name': 'RY', 'param': 5.714280802328796, 'wires': [1]}, {'name': 'CRY', 'param': 5.082345193320107, 'wires': [1, 4]}, {'name': 'RY', 'param': 6.279338757917162, 'wires': [1]}, {'name': 'RY', 'param': 4.808708649701182, 'wires': [3]}, {'name': 'RY', 'param': 5.449887989056932, 'wires': [4]}, {'name': 'RY', 'param': 6.272501425144401, 'wires': [0]}]
[2025-08-05 09:53:31,289][INFO] Energy: 0.8952971710212155
