[2025-08-04 17:41:48,850][INFO] Starting VQE run 65 (seed=101763168)
[2025-08-04 17:41:48,935][INFO] Adding RY(0.0, wires=[4]) increased overlap from 0.0 to 0.9409065826323738
[2025-08-04 17:41:49,102][INFO] Adding CRY(0.0, wires=[4, 3])) increased overlap from 0.9409065826323738 to 0.9627407042870939
[2025-08-04 17:41:49,275][INFO] Adding RY(0.0, wires=[2]) increased overlap from 0.9627407042870939 to 0.9664624961959947
[2025-08-04 17:41:49,535][INFO] Adding RY(0.0, wires=[3]) increased overlap from 0.9664624961959947 to 0.9959224357907951
[2025-08-04 17:41:50,365][INFO] Adding RY(0.0, wires=[1]) increased overlap from 0.9959224357907951 to 0.9961475801681352
[2025-08-04 17:41:52,763][INFO] Adding CRY(0.0, wires=[4, 2])) increased overlap from 0.9961475801681352 to 0.9976474662369125
[2025-08-04 17:42:07,309][INFO] Adding CRY(0.0, wires=[4, 1])) decreased overlap from 0.9976474662369125 to 0.5229021103665705.. skipping this gate
[2025-08-04 17:42:07,309][INFO] gradient converged
[2025-08-04 17:42:07,309][INFO] Completed VQE run 6
[2025-08-04 17:42:07,309][INFO] Final ops list: [{'name': 'RY', 'param': 5.043194822994281, 'wires': [4]}, {'name': 'CRY', 'param': 5.709857970437825, 'wires': [4, 3]}, {'name': 'RY', 'param': 6.14006821285339, 'wires': [2]}, {'name': 'RY', 'param': 6.592273384448835, 'wires': [3]}, {'name': 'RY', 'param': 6.300960330309148, 'wires': [1]}, {'name': 'CRY', 'param': 6.365422161425563, 'wires': [4, 2]}]
[2025-08-04 17:42:07,309][INFO] Energy: 0.9063592655021387
[2025-08-05 09:43:20,734][INFO] Starting VQE run 65 (seed=91466549)
[2025-08-05 09:43:20,832][INFO] Adding RY(0.0, wires=[4]) increased overlap from 0.0 to 0.9409065838729614
[2025-08-05 09:43:21,046][INFO] Adding CRY(0.0, wires=[4, 3])) increased overlap from 0.9409065838729614 to 0.9627407054437376
[2025-08-05 09:43:21,229][INFO] Adding RY(0.0, wires=[2]) increased overlap from 0.9627407054437376 to 0.9664624988591669
[2025-08-05 09:43:21,624][INFO] Adding RY(0.0, wires=[3]) increased overlap from 0.9664624988591669 to 0.9959224395235585
[2025-08-05 09:43:22,457][INFO] Adding RY(0.0, wires=[1]) increased overlap from 0.9959224395235585 to 0.9961475820158439
[2025-08-05 09:43:23,848][INFO] Adding CRY(0.0, wires=[4, 2])) increased overlap from 0.9961475820158439 to 0.9976474652968389
[2025-08-05 09:43:25,882][INFO] Adding CRY(0.0, wires=[4, 1])) increased overlap from 0.9976474652968389 to 0.9977435067704746
[2025-08-05 09:43:31,833][INFO] Adding CRY(0.0, wires=[3, 2])) increased overlap from 0.9977435067704746 to 0.9983514540547758
[2025-08-05 09:43:50,616][INFO] Adding RY(0.0, wires=[3]) increased overlap from 0.9983514540547758 to 0.9996066646948281
[2025-08-05 09:44:10,383][INFO] Adding CRY(0.0, wires=[3, 1])) increased overlap from 0.9996066646948281 to 0.9997975976968593
[2025-08-05 09:44:30,592][INFO] Adding CRY(0.0, wires=[2, 1])) increased overlap from 0.9997975976968593 to 0.9999213224445644
[2025-08-05 09:44:51,162][INFO] Adding RY(0.0, wires=[3]) increased overlap from 0.9999213224445644 to 0.9999247851068921
[2025-08-05 09:45:12,450][INFO] Adding RY(0.0, wires=[4]) had small change in overlap from 0.9999247851068921 to 0.9999076209753371
[2025-08-05 09:45:34,316][INFO] Adding RY(0.0, wires=[1]) decreased overlap from 0.9999076209753371 to 0.988452571420792.. skipping this gate
[2025-08-05 09:45:34,316][INFO] gradient converged
[2025-08-05 09:45:34,316][INFO] Completed VQE run 13
[2025-08-05 09:45:34,316][INFO] Final ops list: [{'name': 'RY', 'param': -1.8502934770132187, 'wires': [4]}, {'name': 'CRY', 'param': -0.624504916029675, 'wires': [4, 3]}, {'name': 'RY', 'param': -0.05977133787586653, 'wires': [2]}, {'name': 'RY', 'param': -2.0646253250425843, 'wires': [3]}, {'name': 'RY', 'param': 0.006321133153683776, 'wires': [1]}, {'name': 'CRY', 'param': 0.15917526249925468, 'wires': [4, 2]}, {'name': 'CRY', 'param': -0.018087566490150482, 'wires': [4, 1]}, {'name': 'CRY', 'param': -0.22616302119428705, 'wires': [3, 2]}, {'name': 'RY', 'param': 1.2577962164087662, 'wires': [3]}, {'name': 'CRY', 'param': 0.00925408611920538, 'wires': [3, 1]}, {'name': 'CRY', 'param': 0.004044201619902001, 'wires': [2, 1]}, {'name': 'RY', 'param': 1.336746625134047, 'wires': [3]}, {'name': 'RY', 'param': 0.6211007045035312, 'wires': [4]}]
[2025-08-05 09:45:34,316][INFO] Energy: 0.8928369670712951
