[2025-08-04 17:41:48,816][INFO] Starting VQE run 37 (seed=116445366)
[2025-08-04 17:41:48,901][INFO] Adding RY(0.0, wires=[4]) increased overlap from 0.0 to 0.9409065838587221
[2025-08-04 17:41:49,019][INFO] Adding CRY(0.0, wires=[4, 3])) increased overlap from 0.9409065838587221 to 0.9627407050311382
[2025-08-04 17:41:49,175][INFO] Adding RY(0.0, wires=[2]) increased overlap from 0.9627407050311382 to 0.9664624986937251
[2025-08-04 17:41:49,413][INFO] Adding RY(0.0, wires=[3]) increased overlap from 0.9664624986937251 to 0.9959224396927454
[2025-08-04 17:41:50,179][INFO] Adding RY(0.0, wires=[1]) increased overlap from 0.9959224396927454 to 0.9961475884413301
[2025-08-04 17:41:51,107][INFO] Adding CRY(0.0, wires=[4, 2])) increased overlap from 0.9961475884413301 to 0.9976474638914777
[2025-08-04 17:41:52,588][INFO] Adding CRY(0.0, wires=[4, 1])) increased overlap from 0.9976474638914777 to 0.9977435080744338
[2025-08-04 17:41:56,310][INFO] Adding CRY(0.0, wires=[3, 2])) increased overlap from 0.9977435080744338 to 0.9983514542761831
[2025-08-04 17:42:13,068][INFO] Adding RY(0.0, wires=[3]) increased overlap from 0.9983514542761831 to 0.9998404419688528
[2025-08-04 17:42:30,795][INFO] Adding CRY(0.0, wires=[3, 1])) increased overlap from 0.9998404419688528 to 0.999905796734779
[2025-08-04 17:42:49,689][INFO] Adding CRY(0.0, wires=[2, 1])) increased overlap from 0.999905796734779 to 0.9999407038492667
[2025-08-04 17:43:09,019][INFO] Adding RY(0.0, wires=[3]) had small change in overlap from 0.9999407038492667 to 0.9999090737692247
[2025-08-04 17:43:29,651][INFO] Adding CRY(0.0, wires=[1, 3])) increased overlap from 0.9999090737692247 to 0.9999686889965078
[2025-08-04 17:43:50,917][INFO] Adding RY(0.0, wires=[1]) increased overlap from 0.9999686889965078 to 0.9999889273466973
[2025-08-04 17:44:12,788][INFO] Adding RY(0.0, wires=[4]) increased overlap from 0.9999889273466973 to 0.9999978573850417
[2025-08-04 17:44:35,179][INFO] Adding RY(0.0, wires=[2]) had small change in overlap from 0.9999978573850417 to 0.9999948940658818
[2025-08-04 17:44:58,871][INFO] Adding CRY(0.0, wires=[1, 2])) increased overlap from 0.9999948940658818 to 0.999997922408268
[2025-08-04 17:45:23,109][INFO] Adding RY(0.0, wires=[1]) had small change in overlap from 0.999997922408268 to 0.9999829419533525
[2025-08-04 17:45:48,788][INFO] Adding CRY(0.0, wires=[2, 4])) had small change in overlap from 0.9999829419533525 to 0.9999806972935585
[2025-08-04 17:46:15,741][INFO] Adding CRY(0.0, wires=[3, 4])) increased overlap from 0.9999806972935585 to 0.9999825307335994
[2025-08-04 17:46:43,221][INFO] Adding RY(0.0, wires=[3]) had small change in overlap from 0.9999825307335994 to 0.9998281628530314
[2025-08-04 17:47:12,124][INFO] Adding CRY(0.0, wires=[2, 3])) increased overlap from 0.9998281628530314 to 0.9999556411895749
[2025-08-04 17:47:41,590][INFO] Adding RY(0.0, wires=[2]) had small change in overlap from 0.9999556411895749 to 0.9999276668292383
[2025-08-04 17:48:12,475][INFO] Adding CRY(0.0, wires=[1, 4])) increased overlap from 0.9999276668292383 to 0.9999503077450475
[2025-08-04 17:48:43,895][INFO] Adding RY(0.0, wires=[1]) increased overlap from 0.9999503077450475 to 0.9999861799942096
[2025-08-04 17:49:16,041][INFO] Adding RY(0.0, wires=[3]) increased overlap from 0.9999861799942096 to 0.9999949728036818
[2025-08-04 17:49:48,679][INFO] Adding RY(0.0, wires=[4]) increased overlap from 0.9999949728036818 to 0.9999987364136501
[2025-08-04 17:50:21,866][INFO] Adding RY(0.0, wires=[0]) increased overlap from 0.9999987364136501 to 0.9999988442230883
[2025-08-04 17:50:56,391][INFO] Adding CRY(0.0, wires=[4, 0])) had small change in overlap from 0.9999988442230883 to 0.9999849481207677
[2025-08-04 17:51:31,516][INFO] Adding RY(0.0, wires=[0]) increased overlap from 0.9999849481207677 to 0.9999992206077539
[2025-08-04 17:51:31,516][INFO] Completed VQE run 29
[2025-08-04 17:51:31,516][INFO] Final ops list: [{'name': 'RY', 'param': -1.7838327944852828, 'wires': [4]}, {'name': 'CRY', 'param': -0.3953013587143001, 'wires': [4, 3]}, {'name': 'RY', 'param': -0.3097520077231192, 'wires': [2]}, {'name': 'RY', 'param': 1.841780883646402, 'wires': [3]}, {'name': 'RY', 'param': -0.030226599373860952, 'wires': [1]}, {'name': 'CRY', 'param': -0.007106751685857595, 'wires': [4, 2]}, {'name': 'CRY', 'param': -0.019590922271317892, 'wires': [4, 1]}, {'name': 'CRY', 'param': 0.10777471960077276, 'wires': [3, 2]}, {'name': 'RY', 'param': -0.9641558654348936, 'wires': [3]}, {'name': 'CRY', 'param': 0.08067497554537177, 'wires': [3, 1]}, {'name': 'CRY', 'param': -0.06396787081269667, 'wires': [2, 1]}, {'name': 'RY', 'param': -0.1157852083442066, 'wires': [3]}, {'name': 'CRY', 'param': 0.9183329867011465, 'wires': [1, 3]}, {'name': 'RY', 'param': 0.030753834336674335, 'wires': [1]}, {'name': 'RY', 'param': 0.3672662163823954, 'wires': [4]}, {'name': 'RY', 'param': 0.3809961951256073, 'wires': [2]}, {'name': 'CRY', 'param': 1.0352175142268578, 'wires': [1, 2]}, {'name': 'RY', 'param': 0.034117256737536544, 'wires': [1]}, {'name': 'CRY', 'param': -0.4465269294975289, 'wires': [2, 4]}, {'name': 'CRY', 'param': 4.318522017803059, 'wires': [3, 4]}, {'name': 'RY', 'param': 0.21660203095289812, 'wires': [3]}, {'name': 'CRY', 'param': 1.4782389660199344, 'wires': [2, 3]}, {'name': 'RY', 'param': -0.25882379905683206, 'wires': [2]}, {'name': 'CRY', 'param': 1.0918749430140946, 'wires': [1, 4]}, {'name': 'RY', 'param': -0.015238860491769302, 'wires': [1]}, {'name': 'RY', 'param': 0.3746971180102473, 'wires': [3]}, {'name': 'RY', 'param': 0.30180555616657784, 'wires': [4]}, {'name': 'RY', 'param': -0.17941125098069638, 'wires': [0]}, {'name': 'CRY', 'param': -0.00032038674640395365, 'wires': [4, 0]}, {'name': 'RY', 'param': 0.1798106799780901, 'wires': [0]}]
[2025-08-04 17:51:31,516][INFO] Energy: 0.8916192030484443
[2025-08-05 09:43:20,723][INFO] Starting VQE run 37 (seed=104533371)
[2025-08-05 09:43:20,821][INFO] Adding RY(0.0, wires=[4]) increased overlap from 0.0 to 0.9409065842817819
[2025-08-05 09:43:20,951][INFO] Adding CRY(0.0, wires=[4, 3])) increased overlap from 0.9409065842817819 to 0.9627407044602915
[2025-08-05 09:43:21,135][INFO] Adding RY(0.0, wires=[2]) increased overlap from 0.9627407044602915 to 0.9664624991215847
[2025-08-05 09:43:21,395][INFO] Adding RY(0.0, wires=[3]) increased overlap from 0.9664624991215847 to 0.9959224378010145
[2025-08-05 09:43:22,411][INFO] Adding RY(0.0, wires=[1]) increased overlap from 0.9959224378010145 to 0.9961475890664969
[2025-08-05 09:43:26,503][INFO] Adding CRY(0.0, wires=[4, 2])) increased overlap from 0.9961475890664969 to 0.9976474637111985
[2025-08-05 09:43:28,224][INFO] Adding CRY(0.0, wires=[4, 1])) increased overlap from 0.9976474637111985 to 0.9977435079885122
[2025-08-05 09:43:34,803][INFO] Adding CRY(0.0, wires=[3, 2])) increased overlap from 0.9977435079885122 to 0.9983514463635533
[2025-08-05 09:43:53,431][INFO] Adding RY(0.0, wires=[3]) increased overlap from 0.9983514463635533 to 0.9998729755398397
[2025-08-05 09:44:13,197][INFO] Adding CRY(0.0, wires=[3, 1])) increased overlap from 0.9998729755398397 to 0.9998864163102882
[2025-08-05 09:44:33,296][INFO] Adding CRY(0.0, wires=[2, 1])) increased overlap from 0.9998864163102882 to 0.9999433473145444
[2025-08-05 09:44:53,877][INFO] Adding RY(0.0, wires=[3]) had small change in overlap from 0.9999433473145444 to 0.9997821071912265
[2025-08-05 09:45:16,008][INFO] Adding CRY(0.0, wires=[2, 3])) increased overlap from 0.9997821071912265 to 0.9998932439972589
[2025-08-05 09:45:38,715][INFO] Adding RY(0.0, wires=[2]) had small change in overlap from 0.9998932439972589 to 0.9992365101704118
[2025-08-05 09:46:02,610][INFO] Adding CRY(0.0, wires=[2, 4])) had small change in overlap from 0.9992365101704118 to 0.9926650784619856
[2025-08-05 09:46:26,904][INFO] Adding RY(0.0, wires=[2]) increased overlap from 0.9926650784619856 to 0.9998538975571246
[2025-08-05 09:46:51,635][INFO] Adding RY(0.0, wires=[3]) increased overlap from 0.9998538975571246 to 0.999963458288835
[2025-08-05 09:47:17,747][INFO] Adding CRY(0.0, wires=[1, 3])) had small change in overlap from 0.999963458288835 to 0.9998422841527446
[2025-08-05 09:47:44,423][INFO] Adding RY(0.0, wires=[1]) increased overlap from 0.9998422841527446 to 0.9999577502494411
[2025-08-05 09:48:11,661][INFO] Adding RY(0.0, wires=[3]) increased overlap from 0.9999577502494411 to 0.9999865588813145
[2025-08-05 09:48:40,337][INFO] Adding CRY(0.0, wires=[1, 2])) had small change in overlap from 0.9999865588813145 to 0.9997985188144278
[2025-08-05 09:49:09,501][INFO] Adding RY(0.0, wires=[1]) increased overlap from 0.9997985188144278 to 0.9999349333927051
[2025-08-05 09:49:39,334][INFO] Adding RY(0.0, wires=[2]) had small change in overlap from 0.9999349333927051 to 0.9992492764226644
[2025-08-05 09:50:10,496][INFO] Adding CRY(0.0, wires=[3, 4])) had small change in overlap from 0.9992492764226644 to 0.9990762659717782
[2025-08-05 09:50:42,325][INFO] Adding RY(0.0, wires=[3]) increased overlap from 0.9990762659717782 to 0.9995010158872741
[2025-08-05 09:51:14,551][INFO] Adding RY(0.0, wires=[4]) increased overlap from 0.9995010158872741 to 0.9999808469782796
[2025-08-05 09:51:48,224][INFO] Adding CRY(0.0, wires=[1, 4])) increased overlap from 0.9999808469782796 to 0.9999853067777391
[2025-08-05 09:52:22,138][INFO] Adding RY(0.0, wires=[1]) had small change in overlap from 0.9999853067777391 to 0.9998907183016562
[2025-08-05 09:52:55,005][INFO] Adding RY(0.0, wires=[4]) increased overlap from 0.9998907183016562 to 0.9999723873209322
[2025-08-05 09:53:27,835][INFO] Adding RY(0.0, wires=[0]) increased overlap from 0.9999723873209322 to 0.9999791437595351
[2025-08-05 09:53:27,836][INFO] Completed VQE run 29
[2025-08-05 09:53:27,836][INFO] Final ops list: [{'name': 'RY', 'param': 7.184993962070518, 'wires': [4]}, {'name': 'CRY', 'param': 8.089063827173433, 'wires': [4, 3]}, {'name': 'RY', 'param': 7.639158638017551, 'wires': [2]}, {'name': 'RY', 'param': 7.974589616959204, 'wires': [3]}, {'name': 'RY', 'param': 6.577747017190302, 'wires': [1]}, {'name': 'CRY', 'param': 6.237737421647609, 'wires': [4, 2]}, {'name': 'CRY', 'param': 6.737515388759442, 'wires': [4, 1]}, {'name': 'CRY', 'param': 6.214215295858665, 'wires': [3, 2]}, {'name': 'RY', 'param': 8.759449341851283, 'wires': [3]}, {'name': 'CRY', 'param': 6.130847242463087, 'wires': [3, 1]}, {'name': 'CRY', 'param': 6.292288176057527, 'wires': [2, 1]}, {'name': 'RY', 'param': 10.457908291815883, 'wires': [3]}, {'name': 'CRY', 'param': 6.259822451814212, 'wires': [2, 3]}, {'name': 'RY', 'param': 8.035657978019401, 'wires': [2]}, {'name': 'CRY', 'param': 8.157604965882765, 'wires': [2, 4]}, {'name': 'RY', 'param': 6.379557564207226, 'wires': [2]}, {'name': 'RY', 'param': 6.298101428225093, 'wires': [3]}, {'name': 'CRY', 'param': 5.4072436160746, 'wires': [1, 3]}, {'name': 'RY', 'param': 6.489585536971782, 'wires': [1]}, {'name': 'RY', 'param': 3.081690613557921, 'wires': [3]}, {'name': 'CRY', 'param': 6.316505108671488, 'wires': [1, 2]}, {'name': 'RY', 'param': 5.654120797696383, 'wires': [1]}, {'name': 'RY', 'param': 2.839930000645933, 'wires': [2]}, {'name': 'CRY', 'param': 3.0982621161403214, 'wires': [3, 4]}, {'name': 'RY', 'param': 5.720776866811899, 'wires': [3]}, {'name': 'RY', 'param': 5.125356580728857, 'wires': [4]}, {'name': 'CRY', 'param': 5.497420246627783, 'wires': [1, 4]}, {'name': 'RY', 'param': 5.746221209333503, 'wires': [1]}, {'name': 'RY', 'param': 4.776941491174526, 'wires': [4]}, {'name': 'RY', 'param': 6.280531029593539, 'wires': [0]}]
[2025-08-05 09:53:27,836][INFO] Energy: 0.8918573317431979
