[2025-08-04 17:41:48,794][INFO] Starting VQE run 1 (seed=47139057)
[2025-08-04 17:41:48,877][INFO] Adding RY(0.0, wires=[4]) increased overlap from 0.0 to 0.9409065824685349
[2025-08-04 17:41:49,242][INFO] Adding CRY(0.0, wires=[4, 3])) increased overlap from 0.9409065824685349 to 0.9627407042721112
[2025-08-04 17:41:49,417][INFO] Adding RY(0.0, wires=[2]) increased overlap from 0.9627407042721112 to 0.9664624979216079
[2025-08-04 17:41:49,766][INFO] Adding RY(0.0, wires=[3]) increased overlap from 0.9664624979216079 to 0.9959224339776136
[2025-08-04 17:41:50,710][INFO] Adding RY(0.0, wires=[1]) increased overlap from 0.9959224339776136 to 0.9961475794088743
[2025-08-04 17:41:54,345][INFO] Adding CRY(0.0, wires=[4, 2])) increased overlap from 0.9961475794088743 to 0.9976474659234675
[2025-08-04 17:42:07,451][INFO] Adding CRY(0.0, wires=[4, 1])) increased overlap from 0.9976474659234675 to 0.9977435065509571
[2025-08-04 17:42:23,042][INFO] Adding CRY(0.0, wires=[3, 2])) decreased overlap from 0.9977435065509571 to 0.9623957175620512.. skipping this gate
[2025-08-04 17:42:23,043][INFO] gradient converged
[2025-08-04 17:42:23,043][INFO] Completed VQE run 7
[2025-08-04 17:42:23,043][INFO] Final ops list: [{'name': 'RY', 'param': 5.041650059943469, 'wires': [4]}, {'name': 'CRY', 'param': 5.707272646381467, 'wires': [4, 3]}, {'name': 'RY', 'param': 6.138879839064135, 'wires': [2]}, {'name': 'RY', 'param': 6.593655124665883, 'wires': [3]}, {'name': 'RY', 'param': 6.302433689234058, 'wires': [1]}, {'name': 'CRY', 'param': 6.366927702773806, 'wires': [4, 2]}, {'name': 'CRY', 'param': -0.008013348517969634, 'wires': [4, 1]}]
[2025-08-04 17:42:23,043][INFO] Energy: 0.9059970222622645
[2025-08-05 09:43:20,715][INFO] Starting VQE run 1 (seed=33150150)
[2025-08-05 09:43:20,811][INFO] Adding RY(0.0, wires=[4]) increased overlap from 0.0 to 0.9409065844208916
[2025-08-05 09:43:20,936][INFO] Adding CRY(0.0, wires=[4, 3])) increased overlap from 0.9409065844208916 to 0.9627407045647162
[2025-08-05 09:43:21,127][INFO] Adding RY(0.0, wires=[2]) increased overlap from 0.9627407045647162 to 0.966462501522774
[2025-08-05 09:43:21,436][INFO] Adding RY(0.0, wires=[3]) increased overlap from 0.966462501522774 to 0.9959224369807625
[2025-08-05 09:43:22,493][INFO] Adding RY(0.0, wires=[1]) increased overlap from 0.9959224369807625 to 0.9961475813999235
[2025-08-05 09:43:23,880][INFO] Adding CRY(0.0, wires=[4, 2])) increased overlap from 0.9961475813999235 to 0.9976474628746254
[2025-08-05 09:43:25,739][INFO] Adding CRY(0.0, wires=[4, 1])) increased overlap from 0.9976474628746254 to 0.9977435073231521
[2025-08-05 09:43:31,290][INFO] Adding CRY(0.0, wires=[3, 2])) increased overlap from 0.9977435073231521 to 0.9983514472426435
[2025-08-05 09:43:50,062][INFO] Adding RY(0.0, wires=[3]) increased overlap from 0.9983514472426435 to 0.9998624229145896
[2025-08-05 09:44:09,865][INFO] Adding CRY(0.0, wires=[3, 1])) had small change in overlap from 0.9998624229145896 to 0.9997936798141075
[2025-08-05 09:44:30,195][INFO] Adding CRY(0.0, wires=[2, 1])) increased overlap from 0.9997936798141075 to 0.9998979630371427
[2025-08-05 09:44:50,823][INFO] Adding RY(0.0, wires=[3]) had small change in overlap from 0.9998979630371427 to 0.9996581037850122
[2025-08-05 09:45:13,058][INFO] Adding CRY(0.0, wires=[2, 3])) increased overlap from 0.9996581037850122 to 0.9999738079925024
[2025-08-05 09:45:36,592][INFO] Adding CRY(0.0, wires=[1, 3])) increased overlap from 0.9999738079925024 to 0.9999793543684099
[2025-08-05 09:46:00,462][INFO] Adding RY(0.0, wires=[1]) increased overlap from 0.9999793543684099 to 0.999985106409546
[2025-08-05 09:46:24,630][INFO] Adding RY(0.0, wires=[2]) had small change in overlap from 0.999985106409546 to 0.9999655982858583
[2025-08-05 09:46:50,261][INFO] Adding CRY(0.0, wires=[2, 4])) had small change in overlap from 0.9999655982858583 to 0.9998839915374061
[2025-08-05 09:47:16,481][INFO] Adding RY(0.0, wires=[2]) increased overlap from 0.9998839915374061 to 0.9999338450533979
[2025-08-05 09:47:41,562][INFO] Adding RY(0.0, wires=[4]) increased overlap from 0.9999338450533979 to 0.99997465218678
[2025-08-05 09:48:07,634][INFO] Adding CRY(0.0, wires=[1, 2])) had small change in overlap from 0.99997465218678 to 0.9998389810498584
[2025-08-05 09:48:34,303][INFO] Adding RY(0.0, wires=[1]) increased overlap from 0.9998389810498584 to 0.9999840282277598
[2025-08-05 09:49:01,501][INFO] Adding RY(0.0, wires=[3]) increased overlap from 0.9999840282277598 to 0.9999918306418136
[2025-08-05 09:49:30,008][INFO] Adding RY(0.0, wires=[2]) increased overlap from 0.9999918306418136 to 0.9999947974917558
[2025-08-05 09:50:01,292][INFO] Adding CRY(0.0, wires=[3, 4])) had small change in overlap from 0.9999947974917558 to 0.999967598352753
[2025-08-05 09:50:33,256][INFO] Adding RY(0.0, wires=[3]) increased overlap from 0.999967598352753 to 0.9999843728976021
[2025-08-05 09:51:04,371][INFO] Adding CRY(0.0, wires=[1, 4])) increased overlap from 0.9999843728976021 to 0.9999940890119101
[2025-08-05 09:51:35,847][INFO] Adding RY(0.0, wires=[1]) had small change in overlap from 0.9999940890119101 to 0.9999350680421147
[2025-08-05 09:52:07,868][INFO] Adding RY(0.0, wires=[4]) increased overlap from 0.9999350680421147 to 0.9999775818291285
[2025-08-05 09:52:40,340][INFO] Adding RY(0.0, wires=[0]) increased overlap from 0.9999775818291285 to 0.9999915131738063
[2025-08-05 09:53:14,097][INFO] Adding CRY(0.0, wires=[4, 0])) decreased overlap from 0.9999915131738063 to 0.8471762945934.. skipping this gate
[2025-08-05 09:53:14,097][INFO] gradient converged
[2025-08-05 09:53:14,097][INFO] Completed VQE run 29
[2025-08-05 09:53:14,097][INFO] Final ops list: [{'name': 'RY', 'param': 8.407574617695872, 'wires': [4]}, {'name': 'CRY', 'param': 7.529315144482331, 'wires': [4, 3]}, {'name': 'RY', 'param': 7.584419789475962, 'wires': [2]}, {'name': 'RY', 'param': 7.133665740437544, 'wires': [3]}, {'name': 'RY', 'param': 7.453873067725822, 'wires': [1]}, {'name': 'CRY', 'param': 6.669789392746313, 'wires': [4, 2]}, {'name': 'CRY', 'param': 6.24519053024384, 'wires': [4, 1]}, {'name': 'CRY', 'param': 5.486906563999868, 'wires': [3, 2]}, {'name': 'RY', 'param': 7.757791868494916, 'wires': [3]}, {'name': 'CRY', 'param': 6.272003546464963, 'wires': [3, 1]}, {'name': 'CRY', 'param': 6.276057998586773, 'wires': [2, 1]}, {'name': 'RY', 'param': 6.8990156292442455, 'wires': [3]}, {'name': 'CRY', 'param': 7.196879902421212, 'wires': [2, 3]}, {'name': 'CRY', 'param': 6.285202298745605, 'wires': [1, 3]}, {'name': 'RY', 'param': 7.106679622139435, 'wires': [1]}, {'name': 'RY', 'param': 5.1559297321032425, 'wires': [2]}, {'name': 'CRY', 'param': 5.735524077476039, 'wires': [2, 4]}, {'name': 'RY', 'param': 6.927494211783775, 'wires': [2]}, {'name': 'RY', 'param': 8.274154121856535, 'wires': [4]}, {'name': 'CRY', 'param': 6.243023907958033, 'wires': [1, 2]}, {'name': 'RY', 'param': 4.336490669990345, 'wires': [1]}, {'name': 'RY', 'param': 5.585293277964975, 'wires': [3]}, {'name': 'RY', 'param': 5.505010861203161, 'wires': [2]}, {'name': 'CRY', 'param': 7.066775379489759, 'wires': [3, 4]}, {'name': 'RY', 'param': 7.111833947536512, 'wires': [3]}, {'name': 'CRY', 'param': 6.34117505064945, 'wires': [1, 4]}, {'name': 'RY', 'param': 4.6510055791262275, 'wires': [1]}, {'name': 'RY', 'param': 5.200656764504784, 'wires': [4]}, {'name': 'RY', 'param': 6.283084964296029, 'wires': [0]}]
[2025-08-05 09:53:14,098][INFO] Energy: 0.8917077013937929
