[2025-08-04 17:41:48,856][INFO] Starting VQE run 73 (seed=62294886)
[2025-08-04 17:41:48,939][INFO] Adding RY(0.0, wires=[4]) increased overlap from 0.0 to 0.9409065854899769
[2025-08-04 17:41:49,144][INFO] Adding CRY(0.0, wires=[4, 3])) increased overlap from 0.9409065854899769 to 0.9627407058985818
[2025-08-04 17:41:49,305][INFO] Adding RY(0.0, wires=[2]) increased overlap from 0.9627407058985818 to 0.9664624975742216
[2025-08-04 17:41:49,643][INFO] Adding RY(0.0, wires=[3]) increased overlap from 0.9664624975742216 to 0.9959224399470805
[2025-08-04 17:41:50,606][INFO] Adding RY(0.0, wires=[1]) increased overlap from 0.9959224399470805 to 0.9961475812942927
[2025-08-04 17:41:52,219][INFO] Adding CRY(0.0, wires=[4, 2])) increased overlap from 0.9961475812942927 to 0.9976474654448004
[2025-08-04 17:41:56,296][INFO] Adding CRY(0.0, wires=[4, 1])) increased overlap from 0.9976474654448004 to 0.9977435049503113
[2025-08-04 17:42:01,663][INFO] Adding CRY(0.0, wires=[3, 2])) increased overlap from 0.9977435049503113 to 0.9983514553149657
[2025-08-04 17:42:18,160][INFO] Adding RY(0.0, wires=[3]) increased overlap from 0.9983514553149657 to 0.9997048496232438
[2025-08-04 17:42:35,833][INFO] Adding CRY(0.0, wires=[3, 1])) increased overlap from 0.9997048496232438 to 0.9998656099453811
[2025-08-04 17:42:54,587][INFO] Adding CRY(0.0, wires=[2, 1])) increased overlap from 0.9998656099453811 to 0.9999366506602776
[2025-08-04 17:43:13,785][INFO] Adding RY(0.0, wires=[3]) had small change in overlap from 0.9999366506602776 to 0.9999121490850755
[2025-08-04 17:43:33,608][INFO] Adding RY(0.0, wires=[1]) had small change in overlap from 0.9999121490850755 to 0.9998824948482457
[2025-08-04 17:43:54,774][INFO] Adding CRY(0.0, wires=[2, 3])) had small change in overlap from 0.9998824948482457 to 0.9994546032443181
[2025-08-04 17:44:17,430][INFO] Adding CRY(0.0, wires=[2, 4])) increased overlap from 0.9994546032443181 to 0.9998505346495341
[2025-08-04 17:44:40,633][INFO] Adding RY(0.0, wires=[2]) increased overlap from 0.9998505346495341 to 0.9999921669285559
[2025-08-04 17:45:04,350][INFO] Adding RY(0.0, wires=[3]) had small change in overlap from 0.9999921669285559 to 0.999902105027196
[2025-08-04 17:45:29,462][INFO] Adding CRY(0.0, wires=[1, 3])) had small change in overlap from 0.999902105027196 to 0.9998347517463468
[2025-08-04 17:45:55,196][INFO] Adding RY(0.0, wires=[1]) had small change in overlap from 0.9998347517463468 to 0.9998124835057062
[2025-08-04 17:46:22,218][INFO] Adding CRY(0.0, wires=[3, 4])) increased overlap from 0.9998124835057062 to 0.9998206758275503
[2025-08-04 17:46:49,828][INFO] Adding RY(0.0, wires=[3]) increased overlap from 0.9998206758275503 to 0.9999433646534254
[2025-08-04 17:47:18,701][INFO] Adding CRY(0.0, wires=[1, 2])) had small change in overlap from 0.9999433646534254 to 0.9999366764020939
[2025-08-04 17:47:48,223][INFO] Adding RY(0.0, wires=[1]) had small change in overlap from 0.9999366764020939 to 0.997268591896503
[2025-08-04 17:48:18,267][INFO] Adding RY(0.0, wires=[4]) increased overlap from 0.997268591896503 to 0.9988153887312908
[2025-08-04 17:48:49,741][INFO] Adding CRY(0.0, wires=[1, 4])) increased overlap from 0.9988153887312908 to 0.9998633193932962
[2025-08-04 17:49:21,811][INFO] Adding RY(0.0, wires=[1]) increased overlap from 0.9998633193932962 to 0.9998995631109757
[2025-08-04 17:49:54,405][INFO] Adding RY(0.0, wires=[4]) had small change in overlap from 0.9998995631109757 to 0.9987809122116991
[2025-08-04 17:50:27,632][INFO] Adding RY(0.0, wires=[2]) increased overlap from 0.9987809122116991 to 0.9999858005301616
[2025-08-04 17:51:01,380][INFO] Adding RY(0.0, wires=[0]) decreased overlap from 0.9999858005301616 to 0.0002438427524105296.. skipping this gate
[2025-08-04 17:51:01,380][INFO] gradient converged
[2025-08-04 17:51:01,380][INFO] Completed VQE run 28
[2025-08-04 17:51:01,380][INFO] Final ops list: [{'name': 'RY', 'param': 5.489368611074865, 'wires': [4]}, {'name': 'CRY', 'param': -0.4874109367283459, 'wires': [4, 3]}, {'name': 'RY', 'param': 0.12983166533128834, 'wires': [2]}, {'name': 'RY', 'param': -0.7640393008037561, 'wires': [3]}, {'name': 'RY', 'param': 0.19237677290417068, 'wires': [1]}, {'name': 'CRY', 'param': 1.5764529883893215, 'wires': [4, 2]}, {'name': 'CRY', 'param': 0.9718701727000921, 'wires': [4, 1]}, {'name': 'CRY', 'param': 0.2168663866743274, 'wires': [3, 2]}, {'name': 'RY', 'param': 2.407331672427665, 'wires': [3]}, {'name': 'CRY', 'param': 0.13270866377587437, 'wires': [3, 1]}, {'name': 'CRY', 'param': -0.8684626208687662, 'wires': [2, 1]}, {'name': 'RY', 'param': 0.7949890020014312, 'wires': [3]}, {'name': 'RY', 'param': 2.4237694295179533, 'wires': [1]}, {'name': 'CRY', 'param': 6.941837091141374, 'wires': [2, 3]}, {'name': 'CRY', 'param': 2.4685584543225874, 'wires': [2, 4]}, {'name': 'RY', 'param': -0.7963768323772231, 'wires': [2]}, {'name': 'RY', 'param': 0.6435471505123772, 'wires': [3]}, {'name': 'CRY', 'param': 5.98929554060459, 'wires': [1, 3]}, {'name': 'RY', 'param': -0.004661158674870249, 'wires': [1]}, {'name': 'CRY', 'param': 3.7049387584230162, 'wires': [3, 4]}, {'name': 'RY', 'param': 3.0886462232725873, 'wires': [3]}, {'name': 'CRY', 'param': -0.09676099826144999, 'wires': [1, 2]}, {'name': 'RY', 'param': 2.1466574343818094, 'wires': [1]}, {'name': 'RY', 'param': 0.1281010435130449, 'wires': [4]}, {'name': 'CRY', 'param': 0.7336725003546595, 'wires': [1, 4]}, {'name': 'RY', 'param': 0.627945082703144, 'wires': [1]}, {'name': 'RY', 'param': 1.5318738234871823, 'wires': [4]}, {'name': 'RY', 'param': 1.3566427203600888, 'wires': [2]}]
[2025-08-04 17:51:01,380][INFO] Energy: 0.8918519539219891
[2025-08-05 09:43:20,733][INFO] Starting VQE run 73 (seed=52459803)
[2025-08-05 09:43:20,826][INFO] Adding RY(0.0, wires=[4]) increased overlap from 0.0 to 0.940906583934344
[2025-08-05 09:43:21,030][INFO] Adding CRY(0.0, wires=[4, 3])) increased overlap from 0.940906583934344 to 0.962740704011439
[2025-08-05 09:43:21,202][INFO] Adding RY(0.0, wires=[2]) increased overlap from 0.962740704011439 to 0.9664624967755826
[2025-08-05 09:43:21,614][INFO] Adding RY(0.0, wires=[3]) increased overlap from 0.9664624967755826 to 0.9959224395469533
[2025-08-05 09:43:22,610][INFO] Adding RY(0.0, wires=[1]) increased overlap from 0.9959224395469533 to 0.9961475877135688
[2025-08-05 09:43:24,036][INFO] Adding CRY(0.0, wires=[4, 2])) increased overlap from 0.9961475877135688 to 0.9976474633862479
[2025-08-05 09:43:26,000][INFO] Adding CRY(0.0, wires=[4, 1])) increased overlap from 0.9976474633862479 to 0.9977435066557883
[2025-08-05 09:43:31,858][INFO] Adding CRY(0.0, wires=[3, 2])) increased overlap from 0.9977435066557883 to 0.9983514543385617
[2025-08-05 09:43:50,689][INFO] Adding RY(0.0, wires=[3]) increased overlap from 0.9983514543385617 to 0.9995653362614102
[2025-08-05 09:44:10,477][INFO] Adding CRY(0.0, wires=[3, 1])) increased overlap from 0.9995653362614102 to 0.9998226458933694
[2025-08-05 09:44:30,748][INFO] Adding CRY(0.0, wires=[2, 1])) increased overlap from 0.9998226458933694 to 0.999912120789133
[2025-08-05 09:44:51,380][INFO] Adding RY(0.0, wires=[3]) increased overlap from 0.999912120789133 to 0.9999200283567791
[2025-08-05 09:45:12,768][INFO] Adding RY(0.0, wires=[4]) had small change in overlap from 0.9999200283567791 to 0.9999150864077009
[2025-08-05 09:45:35,519][INFO] Adding CRY(0.0, wires=[2, 4])) had small change in overlap from 0.9999150864077009 to 0.9998362240313032
[2025-08-05 09:45:58,667][INFO] Adding RY(0.0, wires=[1]) increased overlap from 0.9998362240313032 to 0.9998965570630809
[2025-08-05 09:46:22,937][INFO] Adding CRY(0.0, wires=[3, 4])) had small change in overlap from 0.9998965570630809 to 0.9995748480209716
[2025-08-05 09:46:48,500][INFO] Adding CRY(0.0, wires=[2, 3])) increased overlap from 0.9995748480209716 to 0.999888999340876
[2025-08-05 09:47:14,719][INFO] Adding RY(0.0, wires=[2]) increased overlap from 0.999888999340876 to 0.9999374183028436
[2025-08-05 09:47:42,418][INFO] Adding CRY(0.0, wires=[1, 3])) had small change in overlap from 0.9999374183028436 to 0.999902220965807
[2025-08-05 09:48:10,648][INFO] Adding RY(0.0, wires=[1]) had small change in overlap from 0.999902220965807 to 0.9995404813427946
[2025-08-05 09:48:40,315][INFO] Adding CRY(0.0, wires=[1, 2])) increased overlap from 0.9995404813427946 to 0.9997984267107538
[2025-08-05 09:49:10,591][INFO] Adding RY(0.0, wires=[1]) increased overlap from 0.9997984267107538 to 0.9999346027123228
[2025-08-05 09:49:41,460][INFO] Adding RY(0.0, wires=[3]) increased overlap from 0.9999346027123228 to 0.9999798581369426
[2025-08-05 09:50:13,831][INFO] Adding CRY(0.0, wires=[1, 4])) had small change in overlap from 0.9999798581369426 to 0.999978912073875
[2025-08-05 09:50:46,851][INFO] Adding RY(0.0, wires=[1]) had small change in overlap from 0.999978912073875 to 0.9988682099682764
[2025-08-05 09:51:20,261][INFO] Adding RY(0.0, wires=[4]) increased overlap from 0.9988682099682764 to 0.9999026197687096
[2025-08-05 09:51:54,216][INFO] Adding RY(0.0, wires=[2]) had small change in overlap from 0.9999026197687096 to 0.9995419971509462
[2025-08-05 09:52:28,319][INFO] Adding RY(0.0, wires=[0]) decreased overlap from 0.9995419971509462 to 0.9877777793839115.. skipping this gate
[2025-08-05 09:52:28,319][INFO] gradient converged
[2025-08-05 09:52:28,319][INFO] Completed VQE run 27
[2025-08-05 09:52:28,319][INFO] Final ops list: [{'name': 'RY', 'param': -0.39479239738851585, 'wires': [4]}, {'name': 'CRY', 'param': -1.6684393540501552, 'wires': [4, 3]}, {'name': 'RY', 'param': 0.1037469498861917, 'wires': [2]}, {'name': 'RY', 'param': 1.6528608011964852, 'wires': [3]}, {'name': 'RY', 'param': -0.6445384827656218, 'wires': [1]}, {'name': 'CRY', 'param': 0.039818175778466046, 'wires': [4, 2]}, {'name': 'CRY', 'param': -0.0355221122041875, 'wires': [4, 1]}, {'name': 'CRY', 'param': 0.014414084919364679, 'wires': [3, 2]}, {'name': 'RY', 'param': -0.10094828886428418, 'wires': [3]}, {'name': 'CRY', 'param': 0.0255912666404027, 'wires': [3, 1]}, {'name': 'CRY', 'param': 0.20453257067988792, 'wires': [2, 1]}, {'name': 'RY', 'param': 0.08497758508369817, 'wires': [3]}, {'name': 'RY', 'param': -0.6320381564788665, 'wires': [4]}, {'name': 'CRY', 'param': 1.731702985629609, 'wires': [2, 4]}, {'name': 'RY', 'param': 0.690054558238995, 'wires': [1]}, {'name': 'CRY', 'param': 5.081103118192596, 'wires': [3, 4]}, {'name': 'CRY', 'param': 5.585867114116756, 'wires': [2, 3]}, {'name': 'RY', 'param': -0.7809114275334716, 'wires': [2]}, {'name': 'CRY', 'param': 0.46197477661360564, 'wires': [1, 3]}, {'name': 'RY', 'param': -0.05366997178585926, 'wires': [1]}, {'name': 'CRY', 'param': 2.6864213498708884, 'wires': [1, 2]}, {'name': 'RY', 'param': -0.013233910192412159, 'wires': [1]}, {'name': 'RY', 'param': 1.7160127263269866, 'wires': [3]}, {'name': 'CRY', 'param': 1.581519913251721, 'wires': [1, 4]}, {'name': 'RY', 'param': 0.009968943001951754, 'wires': [1]}, {'name': 'RY', 'param': 0.265794482115353, 'wires': [4]}, {'name': 'RY', 'param': 0.7048302159448975, 'wires': [2]}]
[2025-08-05 09:52:28,319][INFO] Energy: 0.8956043221307977
