[2025-08-04 17:41:48,893][INFO] Starting VQE run 90 (seed=9288984)
[2025-08-04 17:41:49,054][INFO] Adding RY(0.0, wires=[4]) increased overlap from 0.0 to 0.9409065819777904
[2025-08-04 17:41:49,325][INFO] Adding CRY(0.0, wires=[4, 3])) increased overlap from 0.9409065819777904 to 0.9627407035426923
[2025-08-04 17:41:49,483][INFO] Adding RY(0.0, wires=[2]) increased overlap from 0.9627407035426923 to 0.9664624972737146
[2025-08-04 17:41:49,832][INFO] Adding RY(0.0, wires=[3]) increased overlap from 0.9664624972737146 to 0.9959224397643972
[2025-08-04 17:41:50,816][INFO] Adding RY(0.0, wires=[1]) increased overlap from 0.9959224397643972 to 0.9961475811149753
[2025-08-04 17:41:52,095][INFO] Adding CRY(0.0, wires=[4, 2])) increased overlap from 0.9961475811149753 to 0.9976474648188037
[2025-08-04 17:41:54,952][INFO] Adding CRY(0.0, wires=[4, 1])) increased overlap from 0.9976474648188037 to 0.9977435071584089
[2025-08-04 17:42:00,645][INFO] Adding CRY(0.0, wires=[3, 2])) increased overlap from 0.9977435071584089 to 0.9983514551047245
[2025-08-04 17:42:17,300][INFO] Adding RY(0.0, wires=[3]) increased overlap from 0.9983514551047245 to 0.9997272211586834
[2025-08-04 17:42:35,102][INFO] Adding CRY(0.0, wires=[3, 1])) increased overlap from 0.9997272211586834 to 0.9998641870028404
[2025-08-04 17:42:53,995][INFO] Adding CRY(0.0, wires=[2, 1])) increased overlap from 0.9998641870028404 to 0.9999388477954068
[2025-08-04 17:43:13,377][INFO] Adding RY(0.0, wires=[3]) had small change in overlap from 0.9999388477954068 to 0.999916224945731
[2025-08-04 17:43:34,118][INFO] Adding CRY(0.0, wires=[1, 3])) had small change in overlap from 0.999916224945731 to 0.9998531956196947
[2025-08-04 17:43:55,450][INFO] Adding RY(0.0, wires=[1]) increased overlap from 0.9998531956196947 to 0.9999473327501748
[2025-08-04 17:44:17,366][INFO] Adding RY(0.0, wires=[2]) increased overlap from 0.9999473327501748 to 0.9999617497139628
[2025-08-04 17:44:40,676][INFO] Adding CRY(0.0, wires=[3, 4])) had small change in overlap from 0.9999617497139628 to 0.9996198036640584
[2025-08-04 17:45:04,524][INFO] Adding RY(0.0, wires=[3]) had small change in overlap from 0.9996198036640584 to 0.9975992721365331
[2025-08-04 17:45:29,690][INFO] Adding CRY(0.0, wires=[2, 3])) had small change in overlap from 0.9975992721365331 to 0.9927791284648062
[2025-08-04 17:45:55,344][INFO] Adding RY(0.0, wires=[2]) increased overlap from 0.9927791284648062 to 0.9999599090245268
[2025-08-04 17:46:21,620][INFO] Adding RY(0.0, wires=[4]) had small change in overlap from 0.9999599090245268 to 0.9999169101583143
[2025-08-04 17:46:48,485][INFO] Adding RY(0.0, wires=[3]) increased overlap from 0.9999169101583143 to 0.999938778028719
[2025-08-04 17:47:16,615][INFO] Adding CRY(0.0, wires=[1, 2])) had small change in overlap from 0.999938778028719 to 0.9998674868301216
[2025-08-04 17:47:45,248][INFO] Adding RY(0.0, wires=[1]) had small change in overlap from 0.9998674868301216 to 0.9998189719314143
[2025-08-04 17:48:15,317][INFO] Adding CRY(0.0, wires=[2, 4])) had small change in overlap from 0.9998189719314143 to 0.9993740440147808
[2025-08-04 17:48:45,934][INFO] Adding RY(0.0, wires=[2]) increased overlap from 0.9993740440147808 to 0.9999351023841148
[2025-08-04 17:49:17,814][INFO] Adding CRY(0.0, wires=[1, 4])) increased overlap from 0.9999351023841148 to 0.9999893159323564
[2025-08-04 17:49:50,297][INFO] Adding RY(0.0, wires=[1]) increased overlap from 0.9999893159323564 to 0.9999987467003845
[2025-08-04 17:50:23,376][INFO] Adding RY(0.0, wires=[4]) had small change in overlap from 0.9999987467003845 to 0.9996985708767463
[2025-08-04 17:50:56,967][INFO] Adding RY(0.0, wires=[0]) decreased overlap from 0.9996985708767463 to 0.22522472633399215.. skipping this gate
[2025-08-04 17:50:56,967][INFO] gradient converged
[2025-08-04 17:50:56,967][INFO] Completed VQE run 28
[2025-08-04 17:50:56,967][INFO] Final ops list: [{'name': 'RY', 'param': 3.255682175486925, 'wires': [4]}, {'name': 'CRY', 'param': 1.9136173250171022, 'wires': [4, 3]}, {'name': 'RY', 'param': -2.238735528871153, 'wires': [2]}, {'name': 'RY', 'param': 3.2310395436253283, 'wires': [3]}, {'name': 'RY', 'param': -0.01106479286662211, 'wires': [1]}, {'name': 'CRY', 'param': 0.026017774223115856, 'wires': [4, 2]}, {'name': 'CRY', 'param': -0.012308796923011801, 'wires': [4, 1]}, {'name': 'CRY', 'param': -0.011948518232533645, 'wires': [3, 2]}, {'name': 'RY', 'param': -0.31248803788784574, 'wires': [3]}, {'name': 'CRY', 'param': -0.031164504799743618, 'wires': [3, 1]}, {'name': 'CRY', 'param': 0.027973456251018415, 'wires': [2, 1]}, {'name': 'RY', 'param': 0.7914755901929225, 'wires': [3]}, {'name': 'CRY', 'param': 1.8215693291148747, 'wires': [1, 3]}, {'name': 'RY', 'param': 0.023702246873602412, 'wires': [1]}, {'name': 'RY', 'param': -1.3839320255028305, 'wires': [2]}, {'name': 'CRY', 'param': 6.941118563890343, 'wires': [3, 4]}, {'name': 'RY', 'param': 2.5619194997922943, 'wires': [3]}, {'name': 'CRY', 'param': 0.2889452364711232, 'wires': [2, 3]}, {'name': 'RY', 'param': 1.9441205638358432, 'wires': [2]}, {'name': 'RY', 'param': 0.7151203912324504, 'wires': [4]}, {'name': 'RY', 'param': 2.966312299624254, 'wires': [3]}, {'name': 'CRY', 'param': 3.6288152713183637, 'wires': [1, 2]}, {'name': 'RY', 'param': 0.017629169669981463, 'wires': [1]}, {'name': 'CRY', 'param': 0.0742041946777753, 'wires': [2, 4]}, {'name': 'RY', 'param': 1.492370974265795, 'wires': [2]}, {'name': 'CRY', 'param': 3.645418223309597, 'wires': [1, 4]}, {'name': 'RY', 'param': -0.00019363148886597097, 'wires': [1]}, {'name': 'RY', 'param': 1.0249195196135432, 'wires': [4]}]
[2025-08-04 17:50:56,967][INFO] Energy: 0.8947289784976646
[2025-08-05 09:43:20,740][INFO] Starting VQE run 90 (seed=434665)
[2025-08-05 09:43:20,835][INFO] Adding RY(0.0, wires=[4]) increased overlap from 0.0 to 0.9409065810426186
[2025-08-05 09:43:20,957][INFO] Adding CRY(0.0, wires=[4, 3])) increased overlap from 0.9409065810426186 to 0.9627407053277225
[2025-08-05 09:43:21,140][INFO] Adding RY(0.0, wires=[2]) increased overlap from 0.9627407053277225 to 0.9664624975160708
[2025-08-05 09:43:21,487][INFO] Adding RY(0.0, wires=[3]) increased overlap from 0.9664624975160708 to 0.9959224356676769
[2025-08-05 09:43:22,465][INFO] Adding RY(0.0, wires=[1]) increased overlap from 0.9959224356676769 to 0.9961475795639017
[2025-08-05 09:43:23,896][INFO] Adding CRY(0.0, wires=[4, 2])) increased overlap from 0.9961475795639017 to 0.9976474644297266
[2025-08-05 09:43:25,910][INFO] Adding CRY(0.0, wires=[4, 1])) increased overlap from 0.9976474644297266 to 0.9977435081585788
[2025-08-05 09:43:31,643][INFO] Adding CRY(0.0, wires=[3, 2])) increased overlap from 0.9977435081585788 to 0.9983514465653083
[2025-08-05 09:43:50,476][INFO] Adding RY(0.0, wires=[3]) increased overlap from 0.9983514465653083 to 0.9998620155244644
[2025-08-05 09:44:10,234][INFO] Adding CRY(0.0, wires=[3, 1])) had small change in overlap from 0.9998620155244644 to 0.9997869362928075
[2025-08-05 09:44:30,512][INFO] Adding CRY(0.0, wires=[2, 1])) increased overlap from 0.9997869362928075 to 0.9998635529460775
[2025-08-05 09:44:51,089][INFO] Adding RY(0.0, wires=[3]) had small change in overlap from 0.9998635529460775 to 0.9996593409384883
[2025-08-05 09:45:13,252][INFO] Adding CRY(0.0, wires=[2, 3])) increased overlap from 0.9996593409384883 to 0.9999810931906937
[2025-08-05 09:45:35,988][INFO] Adding RY(0.0, wires=[2]) had small change in overlap from 0.9999810931906937 to 0.9999647233883053
[2025-08-05 09:45:59,898][INFO] Adding CRY(0.0, wires=[1, 2])) had small change in overlap from 0.9999647233883053 to 0.9998440453650179
[2025-08-05 09:46:24,173][INFO] Adding RY(0.0, wires=[1]) increased overlap from 0.9998440453650179 to 0.9998851122406679
[2025-08-05 09:46:49,763][INFO] Adding CRY(0.0, wires=[1, 4])) increased overlap from 0.9998851122406679 to 0.9999152066109316
[2025-08-05 09:47:15,968][INFO] Adding RY(0.0, wires=[1]) had small change in overlap from 0.9999152066109316 to 0.9997242423511946
[2025-08-05 09:47:43,455][INFO] Adding CRY(0.0, wires=[2, 4])) increased overlap from 0.9997242423511946 to 0.999953101312796
[2025-08-05 09:48:12,314][INFO] Adding CRY(0.0, wires=[1, 3])) had small change in overlap from 0.999953101312796 to 0.9999403974436185
[2025-08-05 09:48:41,991][INFO] Adding RY(0.0, wires=[1]) increased overlap from 0.9999403974436185 to 0.999983454087116
[2025-08-05 09:49:13,067][INFO] Adding CRY(0.0, wires=[3, 4])) had small change in overlap from 0.999983454087116 to 0.9996665707901775
[2025-08-05 09:49:44,624][INFO] Adding RY(0.0, wires=[2]) increased overlap from 0.9996665707901775 to 0.999685540429526
[2025-08-05 09:50:16,701][INFO] Adding RY(0.0, wires=[3]) increased overlap from 0.999685540429526 to 0.9999760525482587
[2025-08-05 09:50:49,374][INFO] Adding RY(0.0, wires=[4]) increased overlap from 0.9999760525482587 to 0.9999836733784756
[2025-08-05 09:51:22,520][INFO] Adding RY(0.0, wires=[0]) increased overlap from 0.9999836733784756 to 0.9999917874936564
[2025-08-05 09:51:57,099][INFO] Adding CRY(0.0, wires=[4, 0])) decreased overlap from 0.9999917874936564 to 0.8549823687650455.. skipping this gate
[2025-08-05 09:51:57,099][INFO] gradient converged
[2025-08-05 09:51:57,099][INFO] Completed VQE run 26
[2025-08-05 09:51:57,099][INFO] Final ops list: [{'name': 'RY', 'param': 7.54243527799329, 'wires': [4]}, {'name': 'CRY', 'param': 6.777958245281687, 'wires': [4, 3]}, {'name': 'RY', 'param': 7.968607183140204, 'wires': [2]}, {'name': 'RY', 'param': 5.015920482460742, 'wires': [3]}, {'name': 'RY', 'param': 6.571804682838222, 'wires': [1]}, {'name': 'CRY', 'param': 6.892446445366711, 'wires': [4, 2]}, {'name': 'CRY', 'param': 5.978134578401, 'wires': [4, 1]}, {'name': 'CRY', 'param': 7.498702209059835, 'wires': [3, 2]}, {'name': 'RY', 'param': 7.767623608469844, 'wires': [3]}, {'name': 'CRY', 'param': 6.270343412318784, 'wires': [3, 1]}, {'name': 'CRY', 'param': 6.584667704550308, 'wires': [2, 1]}, {'name': 'RY', 'param': 7.782181898736253, 'wires': [3]}, {'name': 'CRY', 'param': 7.476262118214015, 'wires': [2, 3]}, {'name': 'RY', 'param': 4.289860164272152, 'wires': [2]}, {'name': 'CRY', 'param': 5.762441337951971, 'wires': [1, 2]}, {'name': 'RY', 'param': 7.026466111563219, 'wires': [1]}, {'name': 'CRY', 'param': 7.158424169765588, 'wires': [1, 4]}, {'name': 'RY', 'param': 4.971479008199042, 'wires': [1]}, {'name': 'CRY', 'param': 9.067211446541021, 'wires': [2, 4]}, {'name': 'CRY', 'param': 6.2111779483534475, 'wires': [1, 3]}, {'name': 'RY', 'param': 4.626475000583894, 'wires': [1]}, {'name': 'CRY', 'param': 6.012936602914114, 'wires': [3, 4]}, {'name': 'RY', 'param': 6.317146883480325, 'wires': [2]}, {'name': 'RY', 'param': 6.250740657424893, 'wires': [3]}, {'name': 'RY', 'param': 6.223505563641324, 'wires': [4]}, {'name': 'RY', 'param': 6.280960114664234, 'wires': [0]}]
[2025-08-05 09:51:57,099][INFO] Energy: 0.8917012987355248
