[2025-08-04 17:41:48,793][INFO] Starting VQE run 0 (seed=21208395)
[2025-08-04 17:41:48,874][INFO] Adding RY(0.0, wires=[4]) increased overlap from 0.0 to 0.9409065856158255
[2025-08-04 17:41:48,987][INFO] Adding CRY(0.0, wires=[4, 3])) increased overlap from 0.9409065856158255 to 0.9627407039995896
[2025-08-04 17:41:49,143][INFO] Adding RY(0.0, wires=[2]) increased overlap from 0.9627407039995896 to 0.9664624973709719
[2025-08-04 17:41:49,453][INFO] Adding RY(0.0, wires=[3]) increased overlap from 0.9664624973709719 to 0.9959224365627346
[2025-08-04 17:41:50,309][INFO] Adding RY(0.0, wires=[1]) increased overlap from 0.9959224365627346 to 0.9961475886529707
[2025-08-04 17:41:52,998][INFO] Adding CRY(0.0, wires=[4, 2])) increased overlap from 0.9961475886529707 to 0.9976474641354708
[2025-08-04 17:41:54,641][INFO] Adding CRY(0.0, wires=[4, 1])) increased overlap from 0.9976474641354708 to 0.9977435062634739
[2025-08-04 17:42:00,465][INFO] Adding CRY(0.0, wires=[3, 2])) increased overlap from 0.9977435062634739 to 0.9983514471648235
[2025-08-04 17:42:17,251][INFO] Adding RY(0.0, wires=[3]) increased overlap from 0.9983514471648235 to 0.9998699167820841
[2025-08-04 17:42:34,748][INFO] Adding CRY(0.0, wires=[3, 1])) increased overlap from 0.9998699167820841 to 0.9998757250945142
[2025-08-04 17:42:53,418][INFO] Adding CRY(0.0, wires=[2, 1])) increased overlap from 0.9998757250945142 to 0.9999339013915521
[2025-08-04 17:43:12,593][INFO] Adding RY(0.0, wires=[3]) had small change in overlap from 0.9999339013915521 to 0.999746264052957
[2025-08-04 17:43:33,192][INFO] Adding CRY(0.0, wires=[2, 3])) increased overlap from 0.999746264052957 to 0.9998225184048714
[2025-08-04 17:43:54,395][INFO] Adding RY(0.0, wires=[2]) had small change in overlap from 0.9998225184048714 to 0.9995886624746555
[2025-08-04 17:44:16,992][INFO] Adding CRY(0.0, wires=[2, 4])) had small change in overlap from 0.9995886624746555 to 0.9926223339333231
[2025-08-04 17:44:40,158][INFO] Adding RY(0.0, wires=[2]) increased overlap from 0.9926223339333231 to 0.9999508580673377
[2025-08-04 17:45:03,860][INFO] Adding RY(0.0, wires=[3]) increased overlap from 0.9999508580673377 to 0.999951054630426
[2025-08-04 17:45:28,818][INFO] Adding CRY(0.0, wires=[1, 3])) had small change in overlap from 0.999951054630426 to 0.9998315259108236
[2025-08-04 17:45:54,448][INFO] Adding RY(0.0, wires=[1]) decreased overlap from 0.9998315259108236 to 0.9545056728313531.. skipping this gate
[2025-08-04 17:45:54,448][INFO] gradient converged
[2025-08-04 17:45:54,448][INFO] Completed VQE run 18
[2025-08-04 17:45:54,448][INFO] Final ops list: [{'name': 'RY', 'param': 7.543375778769962, 'wires': [4]}, {'name': 'CRY', 'param': 5.621366273967245, 'wires': [4, 3]}, {'name': 'RY', 'param': 6.269507603539615, 'wires': [2]}, {'name': 'RY', 'param': 6.829089894663945, 'wires': [3]}, {'name': 'RY', 'param': 6.27565702528839, 'wires': [1]}, {'name': 'CRY', 'param': 6.343137186736112, 'wires': [4, 2]}, {'name': 'CRY', 'param': 6.285332248803633, 'wires': [4, 1]}, {'name': 'CRY', 'param': 6.827612325986294, 'wires': [3, 2]}, {'name': 'RY', 'param': 5.348820934904815, 'wires': [3]}, {'name': 'CRY', 'param': 6.281024723741248, 'wires': [3, 1]}, {'name': 'CRY', 'param': 6.285195460687724, 'wires': [2, 1]}, {'name': 'RY', 'param': 7.044912075357125, 'wires': [3]}, {'name': 'CRY', 'param': 2.3122630696892523, 'wires': [2, 3]}, {'name': 'RY', 'param': 6.360229920823283, 'wires': [2]}, {'name': 'CRY', 'param': 6.049583991175193, 'wires': [2, 4]}, {'name': 'RY', 'param': 6.28025876791314, 'wires': [2]}, {'name': 'RY', 'param': 4.406946506222639, 'wires': [3]}, {'name': 'CRY', 'param': 4.052798854854173, 'wires': [1, 3]}]
[2025-08-04 17:45:54,448][INFO] Energy: 0.8936013634615007
[2025-08-05 09:43:20,715][INFO] Starting VQE run 0 (seed=7161796)
[2025-08-05 09:43:20,810][INFO] Adding RY(0.0, wires=[4]) increased overlap from 0.0 to 0.9409065815251241
[2025-08-05 09:43:21,068][INFO] Adding CRY(0.0, wires=[4, 3])) increased overlap from 0.9409065815251241 to 0.9627407054751076
[2025-08-05 09:43:21,249][INFO] Adding RY(0.0, wires=[2]) increased overlap from 0.9627407054751076 to 0.9664624986712038
[2025-08-05 09:43:21,633][INFO] Adding RY(0.0, wires=[3]) increased overlap from 0.9664624986712038 to 0.9959224397327865
[2025-08-05 09:43:22,785][INFO] Adding RY(0.0, wires=[1]) increased overlap from 0.9959224397327865 to 0.996147579709801
[2025-08-05 09:43:24,725][INFO] Adding CRY(0.0, wires=[4, 2])) increased overlap from 0.996147579709801 to 0.9976474651193874
[2025-08-05 09:43:32,029][INFO] Adding CRY(0.0, wires=[4, 1])) increased overlap from 0.9976474651193874 to 0.997743506391563
[2025-08-05 09:43:38,112][INFO] Adding CRY(0.0, wires=[3, 2])) increased overlap from 0.997743506391563 to 0.9983514550000298
[2025-08-05 09:43:56,652][INFO] Adding RY(0.0, wires=[3]) increased overlap from 0.9983514550000298 to 0.9997349668847451
[2025-08-05 09:44:16,366][INFO] Adding CRY(0.0, wires=[3, 1])) decreased overlap from 0.9997349668847451 to 0.9522440544072266.. skipping this gate
[2025-08-05 09:44:16,366][INFO] gradient converged
[2025-08-05 09:44:16,366][INFO] Completed VQE run 9
[2025-08-05 09:44:16,366][INFO] Final ops list: [{'name': 'RY', 'param': 5.033214308918498, 'wires': [4]}, {'name': 'CRY', 'param': -0.6072655859035383, 'wires': [4, 3]}, {'name': 'RY', 'param': -0.14540384810865487, 'wires': [2]}, {'name': 'RY', 'param': -1.1509707075553721, 'wires': [3]}, {'name': 'RY', 'param': 0.007664855927411189, 'wires': [1]}, {'name': 'CRY', 'param': 0.1295122296127543, 'wires': [4, 2]}, {'name': 'CRY', 'param': -0.03150646036440091, 'wires': [4, 1]}, {'name': 'CRY', 'param': -0.13067446240958608, 'wires': [3, 2]}, {'name': 'RY', 'param': 1.4788849387802496, 'wires': [3]}]
[2025-08-05 09:44:16,366][INFO] Energy: 0.8947049704186841
