[2025-08-04 17:41:48,846][INFO] Starting VQE run 58 (seed=43705323)
[2025-08-04 17:41:48,930][INFO] Adding RY(0.0, wires=[4]) increased overlap from 0.0 to 0.9409065830143117
[2025-08-04 17:41:49,276][INFO] Adding CRY(0.0, wires=[4, 3])) increased overlap from 0.9409065830143117 to 0.9627407043764347
[2025-08-04 17:41:49,446][INFO] Adding RY(0.0, wires=[2]) increased overlap from 0.9627407043764347 to 0.966462496514606
[2025-08-04 17:41:49,817][INFO] Adding RY(0.0, wires=[3]) increased overlap from 0.966462496514606 to 0.995922439423872
[2025-08-04 17:41:50,834][INFO] Adding RY(0.0, wires=[1]) increased overlap from 0.995922439423872 to 0.9961475798294543
[2025-08-04 17:41:52,494][INFO] Adding CRY(0.0, wires=[4, 2])) increased overlap from 0.9961475798294543 to 0.9976474655617994
[2025-08-04 17:41:56,795][INFO] Adding CRY(0.0, wires=[4, 1])) increased overlap from 0.9976474655617994 to 0.9977435080682453
[2025-08-04 17:42:02,754][INFO] Adding CRY(0.0, wires=[3, 2])) increased overlap from 0.9977435080682453 to 0.9983514550109569
[2025-08-04 17:42:19,172][INFO] Adding RY(0.0, wires=[3]) increased overlap from 0.9983514550109569 to 0.9997057908411335
[2025-08-04 17:42:36,820][INFO] Adding CRY(0.0, wires=[3, 1])) decreased overlap from 0.9997057908411335 to 0.9466581181802747.. skipping this gate
[2025-08-04 17:42:36,820][INFO] gradient converged
[2025-08-04 17:42:36,820][INFO] Completed VQE run 9
[2025-08-04 17:42:36,820][INFO] Final ops list: [{'name': 'RY', 'param': 5.033983771664154, 'wires': [4]}, {'name': 'CRY', 'param': -0.6055650925849705, 'wires': [4, 3]}, {'name': 'RY', 'param': -0.14727283015681086, 'wires': [2]}, {'name': 'RY', 'param': -1.1026923312955235, 'wires': [3]}, {'name': 'RY', 'param': 0.00823988084989991, 'wires': [1]}, {'name': 'CRY', 'param': 0.12717840033879144, 'wires': [4, 2]}, {'name': 'CRY', 'param': -0.0318604759575646, 'wires': [4, 1]}, {'name': 'CRY', 'param': -0.12979181652037394, 'wires': [3, 2]}, {'name': 'RY', 'param': 1.4293634777665534, 'wires': [3]}]
[2025-08-04 17:42:36,820][INFO] Energy: 0.8949096720555457
[2025-08-05 09:43:20,729][INFO] Starting VQE run 58 (seed=33004860)
[2025-08-05 09:43:20,825][INFO] Adding RY(0.0, wires=[4]) increased overlap from 0.0 to 0.9409065833738245
[2025-08-05 09:43:20,992][INFO] Adding CRY(0.0, wires=[4, 3])) increased overlap from 0.9409065833738245 to 0.9627407030177205
[2025-08-05 09:43:21,176][INFO] Adding RY(0.0, wires=[2]) increased overlap from 0.9627407030177205 to 0.9664624991486688
[2025-08-05 09:43:21,546][INFO] Adding RY(0.0, wires=[3]) increased overlap from 0.9664624991486688 to 0.9959224385095607
[2025-08-05 09:43:22,541][INFO] Adding RY(0.0, wires=[1]) increased overlap from 0.9959224385095607 to 0.9961475794720064
[2025-08-05 09:43:23,927][INFO] Adding CRY(0.0, wires=[4, 2])) increased overlap from 0.9961475794720064 to 0.99764746547772
[2025-08-05 09:43:26,102][INFO] Adding CRY(0.0, wires=[4, 1])) increased overlap from 0.99764746547772 to 0.9977435073052829
[2025-08-05 09:43:31,914][INFO] Adding CRY(0.0, wires=[3, 2])) increased overlap from 0.9977435073052829 to 0.9983514537450453
[2025-08-05 09:43:50,679][INFO] Adding RY(0.0, wires=[3]) increased overlap from 0.9983514537450453 to 0.9995707230702161
[2025-08-05 09:44:10,422][INFO] Adding CRY(0.0, wires=[3, 1])) increased overlap from 0.9995707230702161 to 0.9998092563628708
[2025-08-05 09:44:30,625][INFO] Adding CRY(0.0, wires=[2, 1])) increased overlap from 0.9998092563628708 to 0.9998690909055077
[2025-08-05 09:44:51,167][INFO] Adding RY(0.0, wires=[3]) increased overlap from 0.9998690909055077 to 0.9999209527728141
[2025-08-05 09:45:12,484][INFO] Adding RY(0.0, wires=[4]) had small change in overlap from 0.9999209527728141 to 0.9999144112677647
[2025-08-05 09:45:35,177][INFO] Adding CRY(0.0, wires=[1, 3])) had small change in overlap from 0.9999144112677647 to 0.999858745994531
[2025-08-05 09:45:58,229][INFO] Adding RY(0.0, wires=[1]) increased overlap from 0.999858745994531 to 0.9999675626270295
[2025-08-05 09:46:21,669][INFO] Adding RY(0.0, wires=[2]) increased overlap from 0.9999675626270295 to 0.9999747277689497
[2025-08-05 09:46:46,422][INFO] Adding CRY(0.0, wires=[3, 4])) had small change in overlap from 0.9999747277689497 to 0.9997833178762294
[2025-08-05 09:47:11,751][INFO] Adding RY(0.0, wires=[3]) had small change in overlap from 0.9997833178762294 to 0.9992672831674724
[2025-08-05 09:47:38,397][INFO] Adding CRY(0.0, wires=[2, 3])) increased overlap from 0.9992672831674724 to 0.9992941690907785
[2025-08-05 09:48:05,584][INFO] Adding RY(0.0, wires=[2]) increased overlap from 0.9992941690907785 to 0.9999487454389958
[2025-08-05 09:48:34,215][INFO] Adding CRY(0.0, wires=[1, 2])) increased overlap from 0.9999487454389958 to 0.9999544559958649
[2025-08-05 09:49:03,388][INFO] Adding RY(0.0, wires=[1]) had small change in overlap from 0.9999544559958649 to 0.9998450225037476
[2025-08-05 09:49:33,166][INFO] Adding RY(0.0, wires=[2]) increased overlap from 0.9998450225037476 to 0.9998900991897486
[2025-08-05 09:50:04,454][INFO] Adding CRY(0.0, wires=[2, 4])) increased overlap from 0.9998900991897486 to 0.9999334425619523
[2025-08-05 09:50:36,369][INFO] Adding RY(0.0, wires=[2]) had small change in overlap from 0.9999334425619523 to 0.9998709816941508
[2025-08-05 09:51:09,614][INFO] Adding CRY(0.0, wires=[1, 4])) increased overlap from 0.9998709816941508 to 0.9999514481850079
[2025-08-05 09:51:43,311][INFO] Adding RY(0.0, wires=[1]) had small change in overlap from 0.9999514481850079 to 0.9999306079124675
[2025-08-05 09:52:17,521][INFO] Adding RY(0.0, wires=[3]) had small change in overlap from 0.9999306079124675 to 0.9995464819529015
[2025-08-05 09:52:50,864][INFO] Adding RY(0.0, wires=[4]) increased overlap from 0.9995464819529015 to 0.9999846989670566
[2025-08-05 09:53:23,878][INFO] Adding RY(0.0, wires=[0]) had small change in overlap from 0.9999846989670566 to 0.9999759578912324
[2025-08-05 09:53:23,878][INFO] Completed VQE run 29
[2025-08-05 09:53:23,879][INFO] Final ops list: [{'name': 'RY', 'param': -0.8892993476488767, 'wires': [4]}, {'name': 'CRY', 'param': 0.280537443501156, 'wires': [4, 3]}, {'name': 'RY', 'param': 0.11799210652115631, 'wires': [2]}, {'name': 'RY', 'param': 2.9553304481023357, 'wires': [3]}, {'name': 'RY', 'param': 0.1942078832147043, 'wires': [1]}, {'name': 'CRY', 'param': -0.008052903293407989, 'wires': [4, 2]}, {'name': 'CRY', 'param': 1.3235584532959115, 'wires': [4, 1]}, {'name': 'CRY', 'param': -0.013946442191007578, 'wires': [3, 2]}, {'name': 'RY', 'param': -0.386167956311311, 'wires': [3]}, {'name': 'CRY', 'param': -0.10305742153973516, 'wires': [3, 1]}, {'name': 'CRY', 'param': 0.22735269007839765, 'wires': [2, 1]}, {'name': 'RY', 'param': 0.10058725970979006, 'wires': [3]}, {'name': 'RY', 'param': -0.6156719209035354, 'wires': [4]}, {'name': 'CRY', 'param': -0.23078661308190368, 'wires': [1, 3]}, {'name': 'RY', 'param': -0.7443133433740624, 'wires': [1]}, {'name': 'RY', 'param': 0.07095109883748528, 'wires': [2]}, {'name': 'CRY', 'param': 5.210006434596529, 'wires': [3, 4]}, {'name': 'RY', 'param': 1.8066434897192747, 'wires': [3]}, {'name': 'CRY', 'param': 5.645539069226375, 'wires': [2, 3]}, {'name': 'RY', 'param': -0.8058593740350773, 'wires': [2]}, {'name': 'CRY', 'param': 6.266606996695068, 'wires': [1, 2]}, {'name': 'RY', 'param': -1.3178022298394507, 'wires': [1]}, {'name': 'RY', 'param': 0.75217834642253, 'wires': [2]}, {'name': 'CRY', 'param': 0.43349201814489996, 'wires': [2, 4]}, {'name': 'RY', 'param': 0.05109482381856475, 'wires': [2]}, {'name': 'CRY', 'param': 1.1903860051174735, 'wires': [1, 4]}, {'name': 'RY', 'param': 0.9707297234843322, 'wires': [1]}, {'name': 'RY', 'param': 1.1311996035653311, 'wires': [3]}, {'name': 'RY', 'param': 0.9486695993091261, 'wires': [4]}, {'name': 'RY', 'param': 0.007658805367921661, 'wires': [0]}]
[2025-08-05 09:53:23,879][INFO] Energy: 0.8917410657438078
