[2025-08-04 17:41:48,807][INFO] Starting VQE run 20 (seed=45994479)
[2025-08-04 17:41:48,888][INFO] Adding RY(0.0, wires=[4]) increased overlap from 0.0 to 0.9409065829776097
[2025-08-04 17:41:49,063][INFO] Adding CRY(0.0, wires=[4, 3])) increased overlap from 0.9409065829776097 to 0.9627407045208441
[2025-08-04 17:41:49,214][INFO] Adding RY(0.0, wires=[2]) increased overlap from 0.9627407045208441 to 0.96646249931471
[2025-08-04 17:41:49,564][INFO] Adding RY(0.0, wires=[3]) increased overlap from 0.96646249931471 to 0.9959224403926417
[2025-08-04 17:41:50,351][INFO] Adding RY(0.0, wires=[1]) increased overlap from 0.9959224403926417 to 0.9961475809047619
[2025-08-04 17:41:51,501][INFO] Adding CRY(0.0, wires=[4, 2])) increased overlap from 0.9961475809047619 to 0.9976474644597175
[2025-08-04 17:41:53,218][INFO] Adding CRY(0.0, wires=[4, 1])) increased overlap from 0.9976474644597175 to 0.9977435074015216
[2025-08-04 17:41:58,489][INFO] Adding CRY(0.0, wires=[3, 2])) increased overlap from 0.9977435074015216 to 0.9983514536634365
[2025-08-04 17:42:15,360][INFO] Adding RY(0.0, wires=[3]) increased overlap from 0.9983514536634365 to 0.9995292846965421
[2025-08-04 17:42:32,844][INFO] Adding CRY(0.0, wires=[3, 1])) increased overlap from 0.9995292846965421 to 0.9998142359421445
[2025-08-04 17:42:51,513][INFO] Adding CRY(0.0, wires=[2, 1])) increased overlap from 0.9998142359421445 to 0.9999115845355475
[2025-08-04 17:43:10,652][INFO] Adding RY(0.0, wires=[3]) increased overlap from 0.9999115845355475 to 0.9999162875885045
[2025-08-04 17:43:30,417][INFO] Adding RY(0.0, wires=[4]) had small change in overlap from 0.9999162875885045 to 0.9999015340809563
[2025-08-04 17:43:50,740][INFO] Adding RY(0.0, wires=[1]) increased overlap from 0.9999015340809563 to 0.9999134543583375
[2025-08-04 17:44:12,457][INFO] Adding CRY(0.0, wires=[2, 4])) had small change in overlap from 0.9999134543583375 to 0.9998309017841926
[2025-08-04 17:44:34,726][INFO] Adding RY(0.0, wires=[2]) increased overlap from 0.9998309017841926 to 0.9999260702455527
[2025-08-04 17:44:58,329][INFO] Adding CRY(0.0, wires=[3, 4])) had small change in overlap from 0.9999260702455527 to 0.999833172103285
[2025-08-04 17:45:23,362][INFO] Adding CRY(0.0, wires=[2, 3])) increased overlap from 0.999833172103285 to 0.9998743479591508
[2025-08-04 17:45:48,975][INFO] Adding RY(0.0, wires=[2]) increased overlap from 0.9998743479591508 to 0.9999647751004215
[2025-08-04 17:46:15,982][INFO] Adding CRY(0.0, wires=[1, 2])) had small change in overlap from 0.9999647751004215 to 0.9999601344199972
[2025-08-04 17:46:43,418][INFO] Adding RY(0.0, wires=[1]) increased overlap from 0.9999601344199972 to 0.9999963998558117
[2025-08-04 17:47:11,452][INFO] Adding RY(0.0, wires=[3]) had small change in overlap from 0.9999963998558117 to 0.9999895254582358
[2025-08-04 17:47:40,890][INFO] Adding CRY(0.0, wires=[1, 4])) had small change in overlap from 0.9999895254582358 to 0.9999588148371751
[2025-08-04 17:48:10,896][INFO] Adding RY(0.0, wires=[1]) increased overlap from 0.9999588148371751 to 0.9999640282975136
[2025-08-04 17:48:41,487][INFO] Adding RY(0.0, wires=[2]) had small change in overlap from 0.9999640282975136 to 0.9998948467980199
[2025-08-04 17:49:12,615][INFO] Adding RY(0.0, wires=[4]) increased overlap from 0.9998948467980199 to 0.9999467210223946
[2025-08-04 17:49:45,059][INFO] Adding CRY(0.0, wires=[1, 3])) had small change in overlap from 0.9999467210223946 to 0.9998890780514962
[2025-08-04 17:50:18,094][INFO] Adding RY(0.0, wires=[1]) had small change in overlap from 0.9998890780514962 to 0.9997485757587692
[2025-08-04 17:50:51,642][INFO] Adding RY(0.0, wires=[3]) increased overlap from 0.9997485757587692 to 0.9999685721740592
[2025-08-04 17:51:25,746][INFO] Adding RY(0.0, wires=[0]) had small change in overlap from 0.9999685721740592 to 0.9962588099288554
[2025-08-04 17:51:25,747][INFO] Completed VQE run 29
[2025-08-04 17:51:25,747][INFO] Final ops list: [{'name': 'RY', 'param': -1.49187620933201, 'wires': [4]}, {'name': 'CRY', 'param': 0.7240393053851104, 'wires': [4, 3]}, {'name': 'RY', 'param': -1.2220734375945181, 'wires': [2]}, {'name': 'RY', 'param': -3.1509144963379927, 'wires': [3]}, {'name': 'RY', 'param': -0.6343411855212604, 'wires': [1]}, {'name': 'CRY', 'param': 0.35930905014801406, 'wires': [4, 2]}, {'name': 'CRY', 'param': -0.020897303877438007, 'wires': [4, 1]}, {'name': 'CRY', 'param': 1.2385195140169303, 'wires': [3, 2]}, {'name': 'RY', 'param': 1.6072158676516968, 'wires': [3]}, {'name': 'CRY', 'param': -0.037249210093954876, 'wires': [3, 1]}, {'name': 'CRY', 'param': 0.0650101673757948, 'wires': [2, 1]}, {'name': 'RY', 'param': 2.300146032418267, 'wires': [3]}, {'name': 'RY', 'param': -1.1990466955704784, 'wires': [4]}, {'name': 'RY', 'param': 0.6538363973602883, 'wires': [1]}, {'name': 'CRY', 'param': 1.7262303466491375, 'wires': [2, 4]}, {'name': 'RY', 'param': 2.0956243949473, 'wires': [2]}, {'name': 'CRY', 'param': 6.340437193880468, 'wires': [3, 4]}, {'name': 'CRY', 'param': 5.511313050230725, 'wires': [2, 3]}, {'name': 'RY', 'param': 0.658853688762544, 'wires': [2]}, {'name': 'CRY', 'param': -0.5266142405162515, 'wires': [1, 2]}, {'name': 'RY', 'param': 0.005189261186424486, 'wires': [1]}, {'name': 'RY', 'param': 0.7782621385023507, 'wires': [3]}, {'name': 'CRY', 'param': 3.6672869008011872, 'wires': [1, 4]}, {'name': 'RY', 'param': -0.005660580781028189, 'wires': [1]}, {'name': 'RY', 'param': 1.4692612296677119, 'wires': [2]}, {'name': 'RY', 'param': 1.4018220609266292, 'wires': [4]}, {'name': 'CRY', 'param': 1.93644069551742, 'wires': [1, 3]}, {'name': 'RY', 'param': 0.013275446134698601, 'wires': [1]}, {'name': 'RY', 'param': 1.0245541732025947, 'wires': [3]}, {'name': 'RY', 'param': 0.12162599082831686, 'wires': [0]}]
[2025-08-04 17:51:25,747][INFO] Energy: 0.8941953656959813
[2025-08-05 09:43:20,718][INFO] Starting VQE run 20 (seed=33101720)
[2025-08-05 09:43:20,806][INFO] Adding RY(0.0, wires=[4]) increased overlap from 0.0 to 0.9409065846901427
[2025-08-05 09:43:20,913][INFO] Adding CRY(0.0, wires=[4, 3])) increased overlap from 0.9409065846901427 to 0.9627407044620836
[2025-08-05 09:43:21,067][INFO] Adding RY(0.0, wires=[2]) increased overlap from 0.9627407044620836 to 0.9664624963535853
[2025-08-05 09:43:21,329][INFO] Adding RY(0.0, wires=[3]) increased overlap from 0.9664624963535853 to 0.9959224399471793
[2025-08-05 09:43:22,198][INFO] Adding RY(0.0, wires=[1]) increased overlap from 0.9959224399471793 to 0.9961475882379296
[2025-08-05 09:43:24,456][INFO] Adding CRY(0.0, wires=[4, 2])) increased overlap from 0.9961475882379296 to 0.9976474664570433
[2025-08-05 09:43:25,764][INFO] Adding CRY(0.0, wires=[4, 1])) increased overlap from 0.9976474664570433 to 0.9977435056181213
[2025-08-05 09:43:30,850][INFO] Adding CRY(0.0, wires=[3, 2])) increased overlap from 0.9977435056181213 to 0.9983514452480009
[2025-08-05 09:43:46,172][INFO] Adding RY(0.0, wires=[3]) increased overlap from 0.9983514452480009 to 0.9998732514527207
[2025-08-05 09:44:02,831][INFO] Adding CRY(0.0, wires=[3, 1])) increased overlap from 0.9998732514527207 to 0.9998776225751783
[2025-08-05 09:44:20,824][INFO] Adding CRY(0.0, wires=[2, 1])) increased overlap from 0.9998776225751783 to 0.9999544574324728
[2025-08-05 09:44:39,394][INFO] Adding RY(0.0, wires=[3]) had small change in overlap from 0.9999544574324728 to 0.9998215644197462
[2025-08-05 09:44:59,322][INFO] Adding CRY(0.0, wires=[2, 3])) increased overlap from 0.9998215644197462 to 0.9998794418512446
[2025-08-05 09:45:19,825][INFO] Adding RY(0.0, wires=[2]) had small change in overlap from 0.9998794418512446 to 0.9998220324920113
[2025-08-05 09:45:41,639][INFO] Adding CRY(0.0, wires=[2, 4])) decreased overlap from 0.9998220324920113 to 0.9896059210688972.. skipping this gate
[2025-08-05 09:45:41,639][INFO] gradient converged
[2025-08-05 09:45:41,639][INFO] Completed VQE run 14
[2025-08-05 09:45:41,639][INFO] Final ops list: [{'name': 'RY', 'param': 7.538286464341011, 'wires': [4]}, {'name': 'CRY', 'param': 5.673555555795188, 'wires': [4, 3]}, {'name': 'RY', 'param': 5.933735102391965, 'wires': [2]}, {'name': 'RY', 'param': 4.465200851327139, 'wires': [3]}, {'name': 'RY', 'param': 6.287720797660405, 'wires': [1]}, {'name': 'CRY', 'param': 6.128469326579981, 'wires': [4, 2]}, {'name': 'CRY', 'param': 6.257603694320912, 'wires': [4, 1]}, {'name': 'CRY', 'param': 6.8417072601427575, 'wires': [3, 2]}, {'name': 'RY', 'param': 4.452010990930241, 'wires': [3]}, {'name': 'CRY', 'param': 6.27934037582986, 'wires': [3, 1]}, {'name': 'CRY', 'param': 6.294363351748778, 'wires': [2, 1]}, {'name': 'RY', 'param': 6.632750000793821, 'wires': [3]}, {'name': 'CRY', 'param': 2.6223218554525958, 'wires': [2, 3]}, {'name': 'RY', 'param': 6.356304574756197, 'wires': [2]}]
[2025-08-05 09:45:41,639][INFO] Energy: 0.8937709557091277
