[2025-08-04 17:41:48,859][INFO] Starting VQE run 82 (seed=48757266)
[2025-08-04 17:41:48,943][INFO] Adding RY(0.0, wires=[4]) increased overlap from 0.0 to 0.9409065836301679
[2025-08-04 17:41:49,056][INFO] Adding CRY(0.0, wires=[4, 3])) increased overlap from 0.9409065836301679 to 0.962740703260879
[2025-08-04 17:41:49,219][INFO] Adding RY(0.0, wires=[2]) increased overlap from 0.962740703260879 to 0.9664624977033682
[2025-08-04 17:41:49,547][INFO] Adding RY(0.0, wires=[3]) increased overlap from 0.9664624977033682 to 0.9959224371487799
[2025-08-04 17:41:50,509][INFO] Adding RY(0.0, wires=[1]) increased overlap from 0.9959224371487799 to 0.9961475802799468
[2025-08-04 17:41:52,269][INFO] Adding CRY(0.0, wires=[4, 2])) increased overlap from 0.9961475802799468 to 0.9976474633304996
[2025-08-04 17:41:54,426][INFO] Adding CRY(0.0, wires=[4, 1])) increased overlap from 0.9976474633304996 to 0.9977435061543359
[2025-08-04 17:42:01,045][INFO] Adding CRY(0.0, wires=[3, 2])) increased overlap from 0.9977435061543359 to 0.9983514480044654
[2025-08-04 17:42:17,490][INFO] Adding RY(0.0, wires=[3]) increased overlap from 0.9983514480044654 to 0.9998801343404707
[2025-08-04 17:42:35,128][INFO] Adding CRY(0.0, wires=[3, 1])) decreased overlap from 0.9998801343404707 to 0.9592606883377921.. skipping this gate
[2025-08-04 17:42:35,128][INFO] gradient converged
[2025-08-04 17:42:35,128][INFO] Completed VQE run 9
[2025-08-04 17:42:35,129][INFO] Final ops list: [{'name': 'RY', 'param': 7.544277099098129, 'wires': [4]}, {'name': 'CRY', 'param': 6.917428475100874, 'wires': [4, 3]}, {'name': 'RY', 'param': 6.205656185857303, 'wires': [2]}, {'name': 'RY', 'param': 8.244567359231588, 'wires': [3]}, {'name': 'RY', 'param': 6.283185987180524, 'wires': [1]}, {'name': 'CRY', 'param': 6.450683380083649, 'wires': [4, 2]}, {'name': 'CRY', 'param': 6.266262462877188, 'wires': [4, 1]}, {'name': 'CRY', 'param': 6.108436220388797, 'wires': [3, 2]}, {'name': 'RY', 'param': 2.305655622912167, 'wires': [3]}]
[2025-08-04 17:42:35,129][INFO] Energy: 0.8928289674214285
[2025-08-05 09:43:20,745][INFO] Starting VQE run 82 (seed=39441411)
[2025-08-05 09:43:20,824][INFO] Adding RY(0.0, wires=[4]) increased overlap from 0.0 to 0.9409065807452572
[2025-08-05 09:43:20,926][INFO] Adding CRY(0.0, wires=[4, 3])) increased overlap from 0.9409065807452572 to 0.9627407034982134
[2025-08-05 09:43:21,075][INFO] Adding RY(0.0, wires=[2]) increased overlap from 0.9627407034982134 to 0.9664624979125284
[2025-08-05 09:43:21,335][INFO] Adding RY(0.0, wires=[3]) increased overlap from 0.9664624979125284 to 0.9959224365909194
[2025-08-05 09:43:22,068][INFO] Adding RY(0.0, wires=[1]) increased overlap from 0.9959224365909194 to 0.9961475806334581
[2025-08-05 09:43:23,055][INFO] Adding CRY(0.0, wires=[4, 2])) increased overlap from 0.9961475806334581 to 0.9976474653144276
[2025-08-05 09:43:24,234][INFO] Adding CRY(0.0, wires=[4, 1])) increased overlap from 0.9976474653144276 to 0.9977435159595345
[2025-08-05 09:43:28,201][INFO] Adding CRY(0.0, wires=[3, 2])) increased overlap from 0.9977435159595345 to 0.9983514544464396
[2025-08-05 09:43:43,520][INFO] Adding RY(0.0, wires=[3]) increased overlap from 0.9983514544464396 to 0.9991089857466806
[2025-08-05 09:44:00,113][INFO] Adding CRY(0.0, wires=[3, 1])) increased overlap from 0.9991089857466806 to 0.9997145943160728
[2025-08-05 09:44:18,030][INFO] Adding CRY(0.0, wires=[2, 1])) increased overlap from 0.9997145943160728 to 0.999877003621313
[2025-08-05 09:44:36,490][INFO] Adding RY(0.0, wires=[3]) increased overlap from 0.999877003621313 to 0.9998899095176274
[2025-08-05 09:44:55,595][INFO] Adding RY(0.0, wires=[4]) increased overlap from 0.9998899095176274 to 0.9999013633068347
[2025-08-05 09:45:16,051][INFO] Adding CRY(0.0, wires=[3, 4])) had small change in overlap from 0.9999013633068347 to 0.9998851751073166
[2025-08-05 09:45:37,101][INFO] Adding RY(0.0, wires=[3]) had small change in overlap from 0.9998851751073166 to 0.9998162891850546
[2025-08-05 09:45:59,449][INFO] Adding CRY(0.0, wires=[2, 4])) increased overlap from 0.9998162891850546 to 0.9999283190596908
[2025-08-05 09:46:22,400][INFO] Adding RY(0.0, wires=[1]) increased overlap from 0.9999283190596908 to 0.999999417170511
[2025-08-05 09:46:45,895][INFO] Adding RY(0.0, wires=[2]) had small change in overlap from 0.999999417170511 to 0.9999973911424405
[2025-08-05 09:47:10,663][INFO] Adding CRY(0.0, wires=[1, 2])) increased overlap from 0.9999973911424405 to 0.9999986759624642
[2025-08-05 09:47:35,879][INFO] Adding RY(0.0, wires=[1]) had small change in overlap from 0.9999986759624642 to 0.9999602772899853
[2025-08-05 09:48:02,285][INFO] Adding CRY(0.0, wires=[2, 3])) increased overlap from 0.9999602772899853 to 0.9999932090803387
[2025-08-05 09:48:29,207][INFO] Adding RY(0.0, wires=[3]) had small change in overlap from 0.9999932090803387 to 0.9999890630105196
[2025-08-05 09:48:56,672][INFO] Adding RY(0.0, wires=[4]) increased overlap from 0.9999890630105196 to 0.9999914833869701
[2025-08-05 09:49:24,690][INFO] Adding RY(0.0, wires=[2]) had small change in overlap from 0.9999914833869701 to 0.9999847793493624
[2025-08-05 09:49:54,083][INFO] Adding CRY(0.0, wires=[1, 3])) increased overlap from 0.9999847793493624 to 0.9999856723742074
[2025-08-05 09:50:24,018][INFO] Adding RY(0.0, wires=[1]) had small change in overlap from 0.9999856723742074 to 0.9997398708375974
[2025-08-05 09:50:54,455][INFO] Adding RY(0.0, wires=[3]) increased overlap from 0.9997398708375974 to 0.9998176526495506
[2025-08-05 09:51:26,073][INFO] Adding CRY(0.0, wires=[1, 4])) increased overlap from 0.9998176526495506 to 0.9998723081459959
[2025-08-05 09:51:58,278][INFO] Adding RY(0.0, wires=[1]) had small change in overlap from 0.9998723081459959 to 0.9997946621587944
[2025-08-05 09:52:30,997][INFO] Adding RY(0.0, wires=[4]) increased overlap from 0.9997946621587944 to 0.9999036890826518
[2025-08-05 09:52:30,997][INFO] Completed VQE run 29
[2025-08-05 09:52:30,997][INFO] Final ops list: [{'name': 'RY', 'param': -1.6622001899567544, 'wires': [4]}, {'name': 'CRY', 'param': -0.1062581885284203, 'wires': [4, 3]}, {'name': 'RY', 'param': -0.2533618147586245, 'wires': [2]}, {'name': 'RY', 'param': -1.3675156670450117, 'wires': [3]}, {'name': 'RY', 'param': -0.3278474076304775, 'wires': [1]}, {'name': 'CRY', 'param': 0.05736986331674574, 'wires': [4, 2]}, {'name': 'CRY', 'param': -0.03847801170696251, 'wires': [4, 1]}, {'name': 'CRY', 'param': -0.3998739106787724, 'wires': [3, 2]}, {'name': 'RY', 'param': 1.245857741449876, 'wires': [3]}, {'name': 'CRY', 'param': 0.44479333840023055, 'wires': [3, 1]}, {'name': 'CRY', 'param': -0.3473078083381581, 'wires': [2, 1]}, {'name': 'RY', 'param': 0.9273779460900307, 'wires': [3]}, {'name': 'RY', 'param': -0.0028983039027864134, 'wires': [4]}, {'name': 'CRY', 'param': 0.7495503944262107, 'wires': [3, 4]}, {'name': 'RY', 'param': -0.6069853044530479, 'wires': [3]}, {'name': 'CRY', 'param': 0.014460817240267513, 'wires': [2, 4]}, {'name': 'RY', 'param': 0.2554356311917111, 'wires': [1]}, {'name': 'RY', 'param': 0.46940049193502437, 'wires': [2]}, {'name': 'CRY', 'param': 1.213147066539663, 'wires': [1, 2]}, {'name': 'RY', 'param': -0.32649552044912383, 'wires': [1]}, {'name': 'CRY', 'param': 3.328419864662942, 'wires': [2, 3]}, {'name': 'RY', 'param': -0.055808646609336196, 'wires': [3]}, {'name': 'RY', 'param': 0.06453991004110361, 'wires': [4]}, {'name': 'RY', 'param': 0.043763525143421037, 'wires': [2]}, {'name': 'CRY', 'param': -0.08169877510540274, 'wires': [1, 3]}, {'name': 'RY', 'param': 0.2577381741083363, 'wires': [1]}, {'name': 'RY', 'param': 0.1043585560237642, 'wires': [3]}, {'name': 'CRY', 'param': -0.045832893505236616, 'wires': [1, 4]}, {'name': 'RY', 'param': 0.19028459130375344, 'wires': [1]}, {'name': 'RY', 'param': 0.26042614836568256, 'wires': [4]}]
[2025-08-05 09:52:30,997][INFO] Energy: 0.8926958403664
