[2025-08-04 17:41:48,883][INFO] Starting VQE run 86 (seed=29023125)
[2025-08-04 17:41:49,041][INFO] Adding RY(0.0, wires=[4]) increased overlap from 0.0 to 0.9409065805626019
[2025-08-04 17:41:49,226][INFO] Adding CRY(0.0, wires=[4, 3])) increased overlap from 0.9409065805626019 to 0.9627407038751773
[2025-08-04 17:41:49,375][INFO] Adding RY(0.0, wires=[2]) increased overlap from 0.9627407038751773 to 0.9664625005622616
[2025-08-04 17:41:49,666][INFO] Adding RY(0.0, wires=[3]) increased overlap from 0.9664625005622616 to 0.9959224369344092
[2025-08-04 17:41:50,500][INFO] Adding RY(0.0, wires=[1]) increased overlap from 0.9959224369344092 to 0.9961475809527963
[2025-08-04 17:41:51,865][INFO] Adding CRY(0.0, wires=[4, 2])) increased overlap from 0.9961475809527963 to 0.9976474642148664
[2025-08-04 17:41:53,619][INFO] Adding CRY(0.0, wires=[4, 1])) increased overlap from 0.9976474642148664 to 0.9977435068320031
[2025-08-04 17:41:58,745][INFO] Adding CRY(0.0, wires=[3, 2])) increased overlap from 0.9977435068320031 to 0.9983514471612941
[2025-08-04 17:42:15,601][INFO] Adding RY(0.0, wires=[3]) increased overlap from 0.9983514471612941 to 0.9998575428440504
[2025-08-04 17:42:33,064][INFO] Adding CRY(0.0, wires=[3, 1])) had small change in overlap from 0.9998575428440504 to 0.9996995982720361
[2025-08-04 17:42:51,706][INFO] Adding CRY(0.0, wires=[2, 1])) increased overlap from 0.9996995982720361 to 0.9998603110932882
[2025-08-04 17:43:10,923][INFO] Adding RY(0.0, wires=[3]) had small change in overlap from 0.9998603110932882 to 0.9997529334375505
[2025-08-04 17:43:31,541][INFO] Adding CRY(0.0, wires=[2, 3])) increased overlap from 0.9997529334375505 to 0.9999857935013106
[2025-08-04 17:43:53,563][INFO] Adding CRY(0.0, wires=[1, 3])) increased overlap from 0.9999857935013106 to 0.9999935789318204
[2025-08-04 17:44:16,145][INFO] Adding RY(0.0, wires=[1]) had small change in overlap from 0.9999935789318204 to 0.9999858336190152
[2025-08-04 17:44:39,304][INFO] Adding RY(0.0, wires=[2]) had small change in overlap from 0.9999858336190152 to 0.9999697822800943
[2025-08-04 17:45:03,760][INFO] Adding CRY(0.0, wires=[1, 2])) had small change in overlap from 0.9999697822800943 to 0.9998686420864742
[2025-08-04 17:45:28,805][INFO] Adding RY(0.0, wires=[1]) increased overlap from 0.9998686420864742 to 0.9999070953906933
[2025-08-04 17:45:54,436][INFO] Adding RY(0.0, wires=[2]) increased overlap from 0.9999070953906933 to 0.99996318165012
[2025-08-04 17:46:21,460][INFO] Adding CRY(0.0, wires=[2, 4])) increased overlap from 0.99996318165012 to 0.9999658060017518
[2025-08-04 17:46:49,066][INFO] Adding RY(0.0, wires=[4]) increased overlap from 0.9999658060017518 to 0.9999981676502667
[2025-08-04 17:47:17,230][INFO] Adding RY(0.0, wires=[2]) had small change in overlap from 0.9999981676502667 to 0.9999884488123082
[2025-08-04 17:47:46,765][INFO] Adding CRY(0.0, wires=[1, 4])) had small change in overlap from 0.9999884488123082 to 0.9999381017154957
[2025-08-04 17:48:16,799][INFO] Adding RY(0.0, wires=[1]) increased overlap from 0.9999381017154957 to 0.9999745154372491
[2025-08-04 17:48:47,374][INFO] Adding RY(0.0, wires=[3]) had small change in overlap from 0.9999745154372491 to 0.999971182980802
[2025-08-04 17:49:18,575][INFO] Adding RY(0.0, wires=[4]) increased overlap from 0.999971182980802 to 0.9999887302324376
[2025-08-04 17:49:51,113][INFO] Adding CRY(0.0, wires=[3, 4])) had small change in overlap from 0.9999887302324376 to 0.9999858664136799
[2025-08-04 17:50:24,375][INFO] Adding RY(0.0, wires=[3]) had small change in overlap from 0.9999858664136799 to 0.999970132368266
[2025-08-04 17:50:58,023][INFO] Adding RY(0.0, wires=[4]) increased overlap from 0.999970132368266 to 0.9999821189785096
[2025-08-04 17:51:32,335][INFO] Adding RY(0.0, wires=[0]) increased overlap from 0.9999821189785096 to 0.9999848428754826
[2025-08-04 17:51:32,335][INFO] Completed VQE run 29
[2025-08-04 17:51:32,335][INFO] Final ops list: [{'name': 'RY', 'param': 7.03582312643004, 'wires': [4]}, {'name': 'CRY', 'param': 7.8669126294993035, 'wires': [4, 3]}, {'name': 'RY', 'param': 8.20129647607323, 'wires': [2]}, {'name': 'RY', 'param': 7.4312141882271305, 'wires': [3]}, {'name': 'RY', 'param': 7.6086679697402655, 'wires': [1]}, {'name': 'CRY', 'param': 6.479610828874651, 'wires': [4, 2]}, {'name': 'CRY', 'param': 6.2559713206686345, 'wires': [4, 1]}, {'name': 'CRY', 'param': 6.392716003896044, 'wires': [3, 2]}, {'name': 'RY', 'param': 7.464627352874665, 'wires': [3]}, {'name': 'CRY', 'param': 6.352791482369861, 'wires': [3, 1]}, {'name': 'CRY', 'param': 6.181833720075052, 'wires': [2, 1]}, {'name': 'RY', 'param': 7.416216690456074, 'wires': [3]}, {'name': 'CRY', 'param': 6.114094698123033, 'wires': [2, 3]}, {'name': 'CRY', 'param': 6.283439268339732, 'wires': [1, 3]}, {'name': 'RY', 'param': 7.710150011872086, 'wires': [1]}, {'name': 'RY', 'param': 5.8367370478352285, 'wires': [2]}, {'name': 'CRY', 'param': 5.754302173391525, 'wires': [1, 2]}, {'name': 'RY', 'param': 5.394146810812847, 'wires': [1]}, {'name': 'RY', 'param': 4.762981794242605, 'wires': [2]}, {'name': 'CRY', 'param': 11.122133036803312, 'wires': [2, 4]}, {'name': 'RY', 'param': 7.2871853661656445, 'wires': [4]}, {'name': 'RY', 'param': 6.1680940584993325, 'wires': [2]}, {'name': 'CRY', 'param': 6.342785920123436, 'wires': [1, 4]}, {'name': 'RY', 'param': 5.215156738046127, 'wires': [1]}, {'name': 'RY', 'param': 5.0278085006747535, 'wires': [3]}, {'name': 'RY', 'param': 5.531965893672613, 'wires': [4]}, {'name': 'CRY', 'param': 4.879386419554233, 'wires': [3, 4]}, {'name': 'RY', 'param': 5.990305006978317, 'wires': [3]}, {'name': 'RY', 'param': 5.312581226935735, 'wires': [4]}, {'name': 'RY', 'param': 6.282971630914246, 'wires': [0]}]
[2025-08-04 17:51:32,335][INFO] Energy: 0.8917642648515909
[2025-08-05 09:43:20,759][INFO] Starting VQE run 86 (seed=19938038)
[2025-08-05 09:43:20,866][INFO] Adding RY(0.0, wires=[4]) increased overlap from 0.0 to 0.9409065855281321
[2025-08-05 09:43:20,991][INFO] Adding CRY(0.0, wires=[4, 3])) increased overlap from 0.9409065855281321 to 0.9627407042279682
[2025-08-05 09:43:21,175][INFO] Adding RY(0.0, wires=[2]) increased overlap from 0.9627407042279682 to 0.9664624992386315
[2025-08-05 09:43:21,515][INFO] Adding RY(0.0, wires=[3]) increased overlap from 0.9664624992386315 to 0.9959224354621619
[2025-08-05 09:43:22,568][INFO] Adding RY(0.0, wires=[1]) increased overlap from 0.9959224354621619 to 0.9961475792158807
[2025-08-05 09:43:24,170][INFO] Adding CRY(0.0, wires=[4, 2])) increased overlap from 0.9961475792158807 to 0.9976474652175908
[2025-08-05 09:43:26,079][INFO] Adding CRY(0.0, wires=[4, 1])) increased overlap from 0.9976474652175908 to 0.997743508157638
[2025-08-05 09:43:31,791][INFO] Adding CRY(0.0, wires=[3, 2])) increased overlap from 0.997743508157638 to 0.998351446389388
[2025-08-05 09:43:50,567][INFO] Adding RY(0.0, wires=[3]) increased overlap from 0.998351446389388 to 0.9998629213455235
[2025-08-05 09:44:10,317][INFO] Adding CRY(0.0, wires=[3, 1])) had small change in overlap from 0.9998629213455235 to 0.9997990696244925
[2025-08-05 09:44:30,573][INFO] Adding CRY(0.0, wires=[2, 1])) increased overlap from 0.9997990696244925 to 0.9998998796526757
[2025-08-05 09:44:51,156][INFO] Adding RY(0.0, wires=[3]) had small change in overlap from 0.9998998796526757 to 0.9996275398238137
[2025-08-05 09:45:13,404][INFO] Adding CRY(0.0, wires=[2, 3])) increased overlap from 0.9996275398238137 to 0.9999757186389597
[2025-08-05 09:45:36,979][INFO] Adding CRY(0.0, wires=[1, 3])) had small change in overlap from 0.9999757186389597 to 0.9999669433108646
[2025-08-05 09:46:00,863][INFO] Adding RY(0.0, wires=[1]) increased overlap from 0.9999669433108646 to 0.9999877261637696
[2025-08-05 09:46:25,983][INFO] Adding CRY(0.0, wires=[2, 4])) had small change in overlap from 0.9999877261637696 to 0.9999693570400638
[2025-08-05 09:46:51,578][INFO] Adding RY(0.0, wires=[2]) increased overlap from 0.9999693570400638 to 0.9999879698611314
[2025-08-05 09:47:18,656][INFO] Adding CRY(0.0, wires=[1, 2])) had small change in overlap from 0.9999879698611314 to 0.9999731167295322
[2025-08-05 09:47:46,125][INFO] Adding RY(0.0, wires=[1]) had small change in overlap from 0.9999731167295322 to 0.9999128563554638
[2025-08-05 09:48:14,145][INFO] Adding RY(0.0, wires=[4]) increased overlap from 0.9999128563554638 to 0.9999744875744992
[2025-08-05 09:48:42,898][INFO] Adding RY(0.0, wires=[2]) increased overlap from 0.9999744875744992 to 0.999994819699932
[2025-08-05 09:49:12,981][INFO] Adding CRY(0.0, wires=[1, 4])) had small change in overlap from 0.999994819699932 to 0.9999075821229736
[2025-08-05 09:49:43,719][INFO] Adding RY(0.0, wires=[1]) had small change in overlap from 0.9999075821229736 to 0.9993412428186286
[2025-08-05 09:50:14,982][INFO] Adding RY(0.0, wires=[3]) had small change in overlap from 0.9993412428186286 to 0.9991864742814862
[2025-08-05 09:50:47,701][INFO] Adding CRY(0.0, wires=[3, 4])) increased overlap from 0.9991864742814862 to 0.999998782723465
[2025-08-05 09:51:20,909][INFO] Adding RY(0.0, wires=[3]) had small change in overlap from 0.999998782723465 to 0.9999834476477647
[2025-08-05 09:51:54,796][INFO] Adding RY(0.0, wires=[4]) increased overlap from 0.9999834476477647 to 0.9999994966544022
[2025-08-05 09:52:28,714][INFO] Adding RY(0.0, wires=[0]) increased overlap from 0.9999994966544022 to 0.9999995261863501
[2025-08-05 09:53:02,076][INFO] Adding CRY(0.0, wires=[4, 0])) had small change in overlap from 0.9999995261863501 to 0.9937028275611278
[2025-08-05 09:53:35,702][INFO] Adding RY(0.0, wires=[0]) increased overlap from 0.9937028275611278 to 0.999974522861696
[2025-08-05 09:53:35,702][INFO] Completed VQE run 29
[2025-08-05 09:53:35,702][INFO] Final ops list: [{'name': 'RY', 'param': 6.278706112265741, 'wires': [4]}, {'name': 'CRY', 'param': 9.330280449903343, 'wires': [4, 3]}, {'name': 'RY', 'param': 8.064497078195897, 'wires': [2]}, {'name': 'RY', 'param': 5.449259855206889, 'wires': [3]}, {'name': 'RY', 'param': 6.303117119168891, 'wires': [1]}, {'name': 'CRY', 'param': 5.860845425988885, 'wires': [4, 2]}, {'name': 'CRY', 'param': 6.3642018359767185, 'wires': [4, 1]}, {'name': 'CRY', 'param': 5.966922188559316, 'wires': [3, 2]}, {'name': 'RY', 'param': 7.35587984029822, 'wires': [3]}, {'name': 'CRY', 'param': 6.250682651964479, 'wires': [3, 1]}, {'name': 'CRY', 'param': 6.286553948867764, 'wires': [2, 1]}, {'name': 'RY', 'param': 8.045385877139731, 'wires': [3]}, {'name': 'CRY', 'param': 6.147485586199857, 'wires': [2, 3]}, {'name': 'CRY', 'param': 10.799915701256399, 'wires': [1, 3]}, {'name': 'RY', 'param': 5.703110987399787, 'wires': [1]}, {'name': 'CRY', 'param': 6.135579563606993, 'wires': [2, 4]}, {'name': 'RY', 'param': 8.433228627177517, 'wires': [2]}, {'name': 'CRY', 'param': 6.2557231047902855, 'wires': [1, 2]}, {'name': 'RY', 'param': 5.953636596494377, 'wires': [1]}, {'name': 'RY', 'param': 8.89395025410267, 'wires': [4]}, {'name': 'RY', 'param': 5.70796966721765, 'wires': [2]}, {'name': 'CRY', 'param': 6.394030576993133, 'wires': [1, 4]}, {'name': 'RY', 'param': 6.522804103218121, 'wires': [1]}, {'name': 'RY', 'param': 5.754965643909688, 'wires': [3]}, {'name': 'CRY', 'param': 5.3793885287327265, 'wires': [3, 4]}, {'name': 'RY', 'param': 5.718925195096993, 'wires': [3]}, {'name': 'RY', 'param': 5.110397252265785, 'wires': [4]}, {'name': 'RY', 'param': 7.543950135552071, 'wires': [0]}, {'name': 'CRY', 'param': 6.283098053017065, 'wires': [4, 0]}, {'name': 'RY', 'param': 5.022599296323496, 'wires': [0]}]
[2025-08-05 09:53:35,702][INFO] Energy: 0.8919933681883173
