[2025-08-04 17:41:48,846][INFO] Starting VQE run 61 (seed=121497309)
[2025-08-04 17:41:48,927][INFO] Adding RY(0.0, wires=[4]) increased overlap from 0.0 to 0.9409065851323605
[2025-08-04 17:41:49,031][INFO] Adding CRY(0.0, wires=[4, 3])) increased overlap from 0.9409065851323605 to 0.962740706174201
[2025-08-04 17:41:49,198][INFO] Adding RY(0.0, wires=[2]) increased overlap from 0.962740706174201 to 0.966462499374563
[2025-08-04 17:41:49,565][INFO] Adding RY(0.0, wires=[3]) increased overlap from 0.966462499374563 to 0.9959224371737511
[2025-08-04 17:41:50,411][INFO] Adding RY(0.0, wires=[1]) increased overlap from 0.9959224371737511 to 0.9961475814372801
[2025-08-04 17:41:52,058][INFO] Adding CRY(0.0, wires=[4, 2])) increased overlap from 0.9961475814372801 to 0.9976474642392804
[2025-08-04 17:41:53,833][INFO] Adding CRY(0.0, wires=[4, 1])) increased overlap from 0.9976474642392804 to 0.9977435075655655
[2025-08-04 17:41:59,363][INFO] Adding CRY(0.0, wires=[3, 2])) increased overlap from 0.9977435075655655 to 0.9983514451914328
[2025-08-04 17:42:15,819][INFO] Adding RY(0.0, wires=[3]) increased overlap from 0.9983514451914328 to 0.9998696024631994
[2025-08-04 17:42:33,471][INFO] Adding CRY(0.0, wires=[3, 1])) increased overlap from 0.9998696024631994 to 0.9999067205196106
[2025-08-04 17:42:52,238][INFO] Adding CRY(0.0, wires=[2, 1])) increased overlap from 0.9999067205196106 to 0.9999400928461202
[2025-08-04 17:43:11,449][INFO] Adding RY(0.0, wires=[3]) had small change in overlap from 0.9999400928461202 to 0.9998120864601164
[2025-08-04 17:43:32,102][INFO] Adding CRY(0.0, wires=[2, 3])) increased overlap from 0.9998120864601164 to 0.9999148992766655
[2025-08-04 17:43:53,415][INFO] Adding RY(0.0, wires=[2]) had small change in overlap from 0.9999148992766655 to 0.9998133547309469
[2025-08-04 17:44:16,020][INFO] Adding CRY(0.0, wires=[2, 4])) decreased overlap from 0.9998133547309469 to 0.9867321695312861.. skipping this gate
[2025-08-04 17:44:16,021][INFO] gradient converged
[2025-08-04 17:44:16,021][INFO] Completed VQE run 14
[2025-08-04 17:44:16,021][INFO] Final ops list: [{'name': 'RY', 'param': 7.538372188879859, 'wires': [4]}, {'name': 'CRY', 'param': 5.665243040052749, 'wires': [4, 3]}, {'name': 'RY', 'param': 5.857318527279669, 'wires': [2]}, {'name': 'RY', 'param': 4.4713106648560625, 'wires': [3]}, {'name': 'RY', 'param': 6.287642267187794, 'wires': [1]}, {'name': 'CRY', 'param': 6.169073458288635, 'wires': [4, 2]}, {'name': 'CRY', 'param': 6.25653035700059, 'wires': [4, 1]}, {'name': 'CRY', 'param': 6.811450393835748, 'wires': [3, 2]}, {'name': 'RY', 'param': 4.306722587972265, 'wires': [3]}, {'name': 'CRY', 'param': 6.268604322106514, 'wires': [3, 1]}, {'name': 'CRY', 'param': 6.301339281279273, 'wires': [2, 1]}, {'name': 'RY', 'param': 6.4953717377204185, 'wires': [3]}, {'name': 'CRY', 'param': 3.328019985509208, 'wires': [2, 3]}, {'name': 'RY', 'param': 6.359279010207675, 'wires': [2]}]
[2025-08-04 17:44:16,021][INFO] Energy: 0.8937758291813478
[2025-08-05 09:43:20,731][INFO] Starting VQE run 61 (seed=110969922)
[2025-08-05 09:43:20,825][INFO] Adding RY(0.0, wires=[4]) increased overlap from 0.0 to 0.9409065814415087
[2025-08-05 09:43:20,963][INFO] Adding CRY(0.0, wires=[4, 3])) increased overlap from 0.9409065814415087 to 0.9627407054382641
[2025-08-05 09:43:21,169][INFO] Adding RY(0.0, wires=[2]) increased overlap from 0.9627407054382641 to 0.9664624971939498
[2025-08-05 09:43:21,528][INFO] Adding RY(0.0, wires=[3]) increased overlap from 0.9664624971939498 to 0.9959224355107573
[2025-08-05 09:43:22,622][INFO] Adding RY(0.0, wires=[1]) increased overlap from 0.9959224355107573 to 0.9961475804398486
[2025-08-05 09:43:24,733][INFO] Adding CRY(0.0, wires=[4, 2])) increased overlap from 0.9961475804398486 to 0.9976474638637393
[2025-08-05 09:43:27,138][INFO] Adding CRY(0.0, wires=[4, 1])) increased overlap from 0.9976474638637393 to 0.9977435077408976
[2025-08-05 09:43:34,994][INFO] Adding CRY(0.0, wires=[3, 2])) increased overlap from 0.9977435077408976 to 0.9983514469258072
[2025-08-05 09:43:53,648][INFO] Adding RY(0.0, wires=[3]) increased overlap from 0.9983514469258072 to 0.9998881437358245
[2025-08-05 09:44:13,453][INFO] Adding CRY(0.0, wires=[3, 1])) had small change in overlap from 0.9998881437358245 to 0.9907066717302898
[2025-08-05 09:44:32,696][INFO] Adding RY(0.0, wires=[1]) increased overlap from 0.9907066717302898 to 0.9997675470661582
[2025-08-05 09:44:53,307][INFO] Adding CRY(0.0, wires=[2, 1])) increased overlap from 0.9997675470661582 to 0.9998593355178153
[2025-08-05 09:45:14,660][INFO] Adding RY(0.0, wires=[3]) had small change in overlap from 0.9998593355178153 to 0.9991886881806874
[2025-08-05 09:45:37,519][INFO] Adding CRY(0.0, wires=[2, 3])) had small change in overlap from 0.9991886881806874 to 0.9981008693454436
[2025-08-05 09:46:01,478][INFO] Adding CRY(0.0, wires=[2, 4])) had small change in overlap from 0.9981008693454436 to 0.9924071795640239
[2025-08-05 09:46:25,881][INFO] Adding RY(0.0, wires=[2]) increased overlap from 0.9924071795640239 to 0.9999588408661212
[2025-08-05 09:46:51,526][INFO] Adding CRY(0.0, wires=[1, 3])) had small change in overlap from 0.9999588408661212 to 0.9998293621085644
[2025-08-05 09:47:17,762][INFO] Adding RY(0.0, wires=[1]) had small change in overlap from 0.9998293621085644 to 0.9995123154123337
[2025-08-05 09:47:45,195][INFO] Adding CRY(0.0, wires=[3, 4])) had small change in overlap from 0.9995123154123337 to 0.996643563256904
[2025-08-05 09:48:13,199][INFO] Adding RY(0.0, wires=[3]) had small change in overlap from 0.996643563256904 to 0.9963838673532304
[2025-08-05 09:48:41,917][INFO] Adding RY(0.0, wires=[4]) increased overlap from 0.9963838673532304 to 0.9967291238131704
[2025-08-05 09:49:11,936][INFO] Adding CRY(0.0, wires=[1, 2])) increased overlap from 0.9967291238131704 to 0.9978220500762471
[2025-08-05 09:49:42,568][INFO] Adding RY(0.0, wires=[1]) increased overlap from 0.9978220500762471 to 0.9990685379309915
[2025-08-05 09:50:13,806][INFO] Adding RY(0.0, wires=[2]) increased overlap from 0.9990685379309915 to 0.9996291777957222
[2025-08-05 09:50:46,578][INFO] Adding CRY(0.0, wires=[1, 4])) increased overlap from 0.9996291777957222 to 0.999841694269548
[2025-08-05 09:51:19,863][INFO] Adding RY(0.0, wires=[1]) had small change in overlap from 0.999841694269548 to 0.9991652444393828
[2025-08-05 09:51:53,736][INFO] Adding RY(0.0, wires=[4]) increased overlap from 0.9991652444393828 to 0.9997087210635165
[2025-08-05 09:52:27,706][INFO] Adding RY(0.0, wires=[0]) decreased overlap from 0.9997087210635165 to 0.2613815311838834.. skipping this gate
[2025-08-05 09:52:27,706][INFO] gradient converged
[2025-08-05 09:52:27,706][INFO] Completed VQE run 27
[2025-08-05 09:52:27,707][INFO] Final ops list: [{'name': 'RY', 'param': 6.24622278714417, 'wires': [4]}, {'name': 'CRY', 'param': 9.534382878864994, 'wires': [4, 3]}, {'name': 'RY', 'param': 7.923787130476259, 'wires': [2]}, {'name': 'RY', 'param': 9.419885522553535, 'wires': [3]}, {'name': 'RY', 'param': 9.208758173594864, 'wires': [1]}, {'name': 'CRY', 'param': 4.928284172913099, 'wires': [4, 2]}, {'name': 'CRY', 'param': 9.31673926005554, 'wires': [4, 1]}, {'name': 'CRY', 'param': 7.696644801429406, 'wires': [3, 2]}, {'name': 'RY', 'param': 6.525594304868829, 'wires': [3]}, {'name': 'CRY', 'param': 7.716775390558656, 'wires': [3, 1]}, {'name': 'RY', 'param': 7.9232866759618314, 'wires': [1]}, {'name': 'CRY', 'param': 6.660837181331052, 'wires': [2, 1]}, {'name': 'RY', 'param': 5.5082499089000265, 'wires': [3]}, {'name': 'CRY', 'param': 6.9499645350808255, 'wires': [2, 3]}, {'name': 'CRY', 'param': 8.183284938007422, 'wires': [2, 4]}, {'name': 'RY', 'param': 4.48714685924655, 'wires': [2]}, {'name': 'CRY', 'param': 3.9842211588815037, 'wires': [1, 3]}, {'name': 'RY', 'param': 3.3155963844064034, 'wires': [1]}, {'name': 'CRY', 'param': 2.646145437136706, 'wires': [3, 4]}, {'name': 'RY', 'param': 3.335924245983766, 'wires': [3]}, {'name': 'RY', 'param': 6.060525251962061, 'wires': [4]}, {'name': 'CRY', 'param': 1.915434698876905, 'wires': [1, 2]}, {'name': 'RY', 'param': 6.285285326417399, 'wires': [1]}, {'name': 'RY', 'param': 2.8177390814522094, 'wires': [2]}, {'name': 'CRY', 'param': 3.710515327592184, 'wires': [1, 4]}, {'name': 'RY', 'param': 3.1462504420924904, 'wires': [1]}, {'name': 'RY', 'param': 3.3030032822222464, 'wires': [4]}]
[2025-08-05 09:52:27,707][INFO] Energy: 0.8948020412811503
