[2025-08-04 17:41:48,842][INFO] Starting VQE run 54 (seed=63439464)
[2025-08-04 17:41:48,961][INFO] Adding RY(0.0, wires=[4]) increased overlap from 0.0 to 0.9409065846273797
[2025-08-04 17:41:49,178][INFO] Adding CRY(0.0, wires=[4, 3])) increased overlap from 0.9409065846273797 to 0.9627407047908604
[2025-08-04 17:41:49,382][INFO] Adding RY(0.0, wires=[2]) increased overlap from 0.9627407047908604 to 0.9664624969982654
[2025-08-04 17:41:49,710][INFO] Adding RY(0.0, wires=[3]) increased overlap from 0.9664624969982654 to 0.9959224354648503
[2025-08-04 17:41:50,941][INFO] Adding RY(0.0, wires=[1]) increased overlap from 0.9959224354648503 to 0.9961475793595502
[2025-08-04 17:41:52,553][INFO] Adding CRY(0.0, wires=[4, 2])) increased overlap from 0.9961475793595502 to 0.9976474654863571
[2025-08-04 17:41:54,229][INFO] Adding CRY(0.0, wires=[4, 1])) increased overlap from 0.9976474654863571 to 0.9977435059583767
[2025-08-04 17:41:59,185][INFO] Adding CRY(0.0, wires=[3, 2])) increased overlap from 0.9977435059583767 to 0.9983514469055499
[2025-08-04 17:42:15,730][INFO] Adding RY(0.0, wires=[3]) increased overlap from 0.9983514469055499 to 0.9998601900579164
[2025-08-04 17:42:33,346][INFO] Adding CRY(0.0, wires=[3, 1])) had small change in overlap from 0.9998601900579164 to 0.9997294628089662
[2025-08-04 17:42:52,036][INFO] Adding CRY(0.0, wires=[2, 1])) increased overlap from 0.9997294628089662 to 0.9998678581295117
[2025-08-04 17:43:11,254][INFO] Adding RY(0.0, wires=[3]) had small change in overlap from 0.9998678581295117 to 0.9996935217830928
[2025-08-04 17:43:31,905][INFO] Adding CRY(0.0, wires=[2, 3])) increased overlap from 0.9996935217830928 to 0.9999856301361696
[2025-08-04 17:43:53,880][INFO] Adding CRY(0.0, wires=[1, 3])) increased overlap from 0.9999856301361696 to 0.9999868750281887
[2025-08-04 17:44:16,497][INFO] Adding RY(0.0, wires=[1]) increased overlap from 0.9999868750281887 to 0.9999916392165424
[2025-08-04 17:44:40,462][INFO] Adding CRY(0.0, wires=[2, 4])) had small change in overlap from 0.9999916392165424 to 0.9999786522342157
[2025-08-04 17:45:05,078][INFO] Adding RY(0.0, wires=[2]) had small change in overlap from 0.9999786522342157 to 0.9996820677604761
[2025-08-04 17:45:30,228][INFO] Adding RY(0.0, wires=[4]) increased overlap from 0.9996820677604761 to 0.9999791414438015
[2025-08-04 17:45:56,679][INFO] Adding CRY(0.0, wires=[3, 4])) had small change in overlap from 0.9999791414438015 to 0.9998907844249395
[2025-08-04 17:46:23,700][INFO] Adding RY(0.0, wires=[3]) increased overlap from 0.9998907844249395 to 0.999966726805961
[2025-08-04 17:46:52,008][INFO] Adding CRY(0.0, wires=[1, 2])) increased overlap from 0.999966726805961 to 0.9999706296045239
[2025-08-04 17:47:21,003][INFO] Adding RY(0.0, wires=[1]) increased overlap from 0.9999706296045239 to 0.9999909895111097
[2025-08-04 17:47:51,410][INFO] Adding CRY(0.0, wires=[1, 4])) had small change in overlap from 0.9999909895111097 to 0.9999253237588596
[2025-08-04 17:48:22,413][INFO] Adding RY(0.0, wires=[1]) increased overlap from 0.9999253237588596 to 0.9999523266668645
[2025-08-04 17:48:53,927][INFO] Adding RY(0.0, wires=[2]) had small change in overlap from 0.9999523266668645 to 0.9994549401667813
[2025-08-04 17:49:26,005][INFO] Adding RY(0.0, wires=[4]) increased overlap from 0.9994549401667813 to 0.9999903024223425
[2025-08-04 17:49:58,664][INFO] Adding RY(0.0, wires=[0]) increased overlap from 0.9999903024223425 to 0.9999967649091016
[2025-08-04 17:50:32,661][INFO] Adding CRY(0.0, wires=[4, 0])) had small change in overlap from 0.9999967649091016 to 0.9999723509341206
[2025-08-04 17:51:07,286][INFO] Adding RY(0.0, wires=[0]) increased overlap from 0.9999723509341206 to 0.9999977380419659
[2025-08-04 17:51:42,452][INFO] Adding RY(0.0, wires=[4]) had small change in overlap from 0.9999977380419659 to 0.9998531971979389
[2025-08-04 17:51:42,452][INFO] Completed VQE run 29
[2025-08-04 17:51:42,452][INFO] Final ops list: [{'name': 'RY', 'param': 5.994855436589413, 'wires': [4]}, {'name': 'CRY', 'param': 9.543844225951839, 'wires': [4, 3]}, {'name': 'RY', 'param': 6.1651377334511315, 'wires': [2]}, {'name': 'RY', 'param': 8.830195136245166, 'wires': [3]}, {'name': 'RY', 'param': 6.244534875139649, 'wires': [1]}, {'name': 'CRY', 'param': 5.904195087979573, 'wires': [4, 2]}, {'name': 'CRY', 'param': 6.275799090956642, 'wires': [4, 1]}, {'name': 'CRY', 'param': 6.331831700238555, 'wires': [3, 2]}, {'name': 'RY', 'param': 7.47887329254733, 'wires': [3]}, {'name': 'CRY', 'param': 6.323418286817059, 'wires': [3, 1]}, {'name': 'CRY', 'param': 6.078025566041616, 'wires': [2, 1]}, {'name': 'RY', 'param': 5.1249743519816215, 'wires': [3]}, {'name': 'CRY', 'param': 7.444341935692167, 'wires': [2, 3]}, {'name': 'CRY', 'param': 8.184374588291515, 'wires': [1, 3]}, {'name': 'RY', 'param': 6.256486519608733, 'wires': [1]}, {'name': 'CRY', 'param': 9.361335533891646, 'wires': [2, 4]}, {'name': 'RY', 'param': 7.253245932055738, 'wires': [2]}, {'name': 'RY', 'param': 7.320487561672393, 'wires': [4]}, {'name': 'CRY', 'param': 6.5717343474520975, 'wires': [3, 4]}, {'name': 'RY', 'param': 6.5574167690123675, 'wires': [3]}, {'name': 'CRY', 'param': 8.51386385835477, 'wires': [1, 2]}, {'name': 'RY', 'param': 6.333848523379281, 'wires': [1]}, {'name': 'CRY', 'param': 6.718059334811722, 'wires': [1, 4]}, {'name': 'RY', 'param': 6.335329016244739, 'wires': [1]}, {'name': 'RY', 'param': 5.107988971155789, 'wires': [2]}, {'name': 'RY', 'param': 6.00333239567203, 'wires': [4]}, {'name': 'RY', 'param': 7.392103713068475, 'wires': [0]}, {'name': 'CRY', 'param': 6.325845762859643, 'wires': [4, 0]}, {'name': 'RY', 'param': 5.150182391873739, 'wires': [0]}, {'name': 'RY', 'param': 5.775001164022686, 'wires': [4]}]
[2025-08-04 17:51:42,452][INFO] Energy: 0.8918884306713943
[2025-08-05 09:43:20,728][INFO] Starting VQE run 54 (seed=52508233)
[2025-08-05 09:43:20,823][INFO] Adding RY(0.0, wires=[4]) increased overlap from 0.0 to 0.9409065841265986
[2025-08-05 09:43:21,151][INFO] Adding CRY(0.0, wires=[4, 3])) increased overlap from 0.9409065841265986 to 0.9627407034697598
[2025-08-05 09:43:21,338][INFO] Adding RY(0.0, wires=[2]) increased overlap from 0.9627407034697598 to 0.9664624982382668
[2025-08-05 09:43:21,728][INFO] Adding RY(0.0, wires=[3]) increased overlap from 0.9664624982382668 to 0.9959224391934941
[2025-08-05 09:43:22,720][INFO] Adding RY(0.0, wires=[1]) increased overlap from 0.9959224391934941 to 0.9961475801929849
[2025-08-05 09:43:24,200][INFO] Adding CRY(0.0, wires=[4, 2])) increased overlap from 0.9961475801929849 to 0.9976474648945214
[2025-08-05 09:43:26,372][INFO] Adding CRY(0.0, wires=[4, 1])) increased overlap from 0.9976474648945214 to 0.9977435074974901
[2025-08-05 09:43:32,625][INFO] Adding CRY(0.0, wires=[3, 2])) increased overlap from 0.9977435074974901 to 0.9983514546479662
[2025-08-05 09:43:51,286][INFO] Adding RY(0.0, wires=[3]) increased overlap from 0.9983514546479662 to 0.9996228105069388
[2025-08-05 09:44:10,990][INFO] Adding CRY(0.0, wires=[3, 1])) increased overlap from 0.9996228105069388 to 0.9998110850656071
[2025-08-05 09:44:31,176][INFO] Adding CRY(0.0, wires=[2, 1])) increased overlap from 0.9998110850656071 to 0.9999152459025702
[2025-08-05 09:44:51,706][INFO] Adding RY(0.0, wires=[3]) increased overlap from 0.9999152459025702 to 0.9999243062580175
[2025-08-05 09:45:13,731][INFO] Adding CRY(0.0, wires=[1, 3])) had small change in overlap from 0.9999243062580175 to 0.9998646552305728
[2025-08-05 09:45:36,355][INFO] Adding RY(0.0, wires=[1]) increased overlap from 0.9998646552305728 to 0.999958244421208
[2025-08-05 09:45:59,339][INFO] Adding RY(0.0, wires=[2]) increased overlap from 0.999958244421208 to 0.9999615683551263
[2025-08-05 09:46:22,668][INFO] Adding RY(0.0, wires=[3]) had small change in overlap from 0.9999615683551263 to 0.999898802722137
[2025-08-05 09:46:46,547][INFO] Adding RY(0.0, wires=[4]) increased overlap from 0.999898802722137 to 0.9999835504704603
[2025-08-05 09:47:11,786][INFO] Adding CRY(0.0, wires=[1, 2])) had small change in overlap from 0.9999835504704603 to 0.9999643190553661
[2025-08-05 09:47:37,512][INFO] Adding RY(0.0, wires=[1]) had small change in overlap from 0.9999643190553661 to 0.9996725738625589
[2025-08-05 09:48:04,754][INFO] Adding CRY(0.0, wires=[2, 4])) had small change in overlap from 0.9996725738625589 to 0.9994912418089327
[2025-08-05 09:48:33,345][INFO] Adding CRY(0.0, wires=[2, 3])) had small change in overlap from 0.9994912418089327 to 0.9969845142972249
[2025-08-05 09:49:02,530][INFO] Adding RY(0.0, wires=[2]) increased overlap from 0.9969845142972249 to 0.9997646303001917
[2025-08-05 09:49:32,276][INFO] Adding RY(0.0, wires=[3]) had small change in overlap from 0.9997646303001917 to 0.9996463894525556
[2025-08-05 09:50:03,515][INFO] Adding CRY(0.0, wires=[1, 4])) increased overlap from 0.9996463894525556 to 0.9997211123349511
[2025-08-05 09:50:35,429][INFO] Adding RY(0.0, wires=[1]) increased overlap from 0.9997211123349511 to 0.9998380747353255
[2025-08-05 09:51:08,527][INFO] Adding CRY(0.0, wires=[3, 4])) increased overlap from 0.9998380747353255 to 0.9999271390218362
[2025-08-05 09:51:42,033][INFO] Adding RY(0.0, wires=[3]) increased overlap from 0.9999271390218362 to 0.9999415527475204
[2025-08-05 09:52:15,953][INFO] Adding RY(0.0, wires=[4]) had small change in overlap from 0.9999415527475204 to 0.9998503209244489
[2025-08-05 09:52:49,087][INFO] Adding RY(0.0, wires=[0]) decreased overlap from 0.9998503209244489 to 0.9658622733617693.. skipping this gate
[2025-08-05 09:52:49,087][INFO] gradient converged
[2025-08-05 09:52:49,087][INFO] Completed VQE run 28
[2025-08-05 09:52:49,087][INFO] Final ops list: [{'name': 'RY', 'param': -1.8426447897410942, 'wires': [4]}, {'name': 'CRY', 'param': -1.1038216510959307, 'wires': [4, 3]}, {'name': 'RY', 'param': -0.20218296432320035, 'wires': [2]}, {'name': 'RY', 'param': -2.2985200482622132, 'wires': [3]}, {'name': 'RY', 'param': -0.057904457716747515, 'wires': [1]}, {'name': 'CRY', 'param': -0.10053326284174269, 'wires': [4, 2]}, {'name': 'CRY', 'param': -0.007954881590478767, 'wires': [4, 1]}, {'name': 'CRY', 'param': -0.21856931998831763, 'wires': [3, 2]}, {'name': 'RY', 'param': -0.1335417798562879, 'wires': [3]}, {'name': 'CRY', 'param': 0.03178018240579247, 'wires': [3, 1]}, {'name': 'CRY', 'param': -0.34878035248202865, 'wires': [2, 1]}, {'name': 'RY', 'param': 0.662795101846922, 'wires': [3]}, {'name': 'CRY', 'param': 0.16195845186330213, 'wires': [1, 3]}, {'name': 'RY', 'param': -0.06061652822249955, 'wires': [1]}, {'name': 'RY', 'param': 0.4895991333852085, 'wires': [2]}, {'name': 'RY', 'param': 1.4422443942206145, 'wires': [3]}, {'name': 'RY', 'param': -0.20411687797292719, 'wires': [4]}, {'name': 'CRY', 'param': 1.2936210877595367, 'wires': [1, 2]}, {'name': 'RY', 'param': 0.1527362026652341, 'wires': [1]}, {'name': 'CRY', 'param': 0.8062328336743563, 'wires': [2, 4]}, {'name': 'CRY', 'param': 5.484265661572881, 'wires': [2, 3]}, {'name': 'RY', 'param': -0.15032542909372074, 'wires': [2]}, {'name': 'RY', 'param': 1.702524956964534, 'wires': [3]}, {'name': 'CRY', 'param': 3.594875408206444, 'wires': [1, 4]}, {'name': 'RY', 'param': 0.01113778684349021, 'wires': [1]}, {'name': 'CRY', 'param': 3.9232511220347313, 'wires': [3, 4]}, {'name': 'RY', 'param': 0.8973341006288938, 'wires': [3]}, {'name': 'RY', 'param': 1.1532133852338124, 'wires': [4]}]
[2025-08-05 09:52:49,087][INFO] Energy: 0.8933243925493662
