[2025-08-04 17:41:48,854][INFO] Starting VQE run 78 (seed=68491407)
[2025-08-04 17:41:48,939][INFO] Adding RY(0.0, wires=[4]) increased overlap from 0.0 to 0.9409065846053436
[2025-08-04 17:41:49,057][INFO] Adding CRY(0.0, wires=[4, 3])) increased overlap from 0.9409065846053436 to 0.9627407062112895
[2025-08-04 17:41:49,234][INFO] Adding RY(0.0, wires=[2]) increased overlap from 0.9627407062112895 to 0.9664624995455211
[2025-08-04 17:41:49,552][INFO] Adding RY(0.0, wires=[3]) increased overlap from 0.9664624995455211 to 0.9959224349329898
[2025-08-04 17:41:50,496][INFO] Adding RY(0.0, wires=[1]) increased overlap from 0.9959224349329898 to 0.9961475878922632
[2025-08-04 17:41:52,215][INFO] Adding CRY(0.0, wires=[4, 2])) increased overlap from 0.9961475878922632 to 0.997647464778287
[2025-08-04 17:41:54,086][INFO] Adding CRY(0.0, wires=[4, 1])) increased overlap from 0.997647464778287 to 0.9977435076639363
[2025-08-04 17:42:00,209][INFO] Adding CRY(0.0, wires=[3, 2])) increased overlap from 0.9977435076639363 to 0.9983514476293645
[2025-08-04 17:42:16,753][INFO] Adding RY(0.0, wires=[3]) increased overlap from 0.9983514476293645 to 0.9998799248713605
[2025-08-04 17:42:34,451][INFO] Adding CRY(0.0, wires=[3, 1])) increased overlap from 0.9998799248713605 to 0.9999058947938368
[2025-08-04 17:42:53,261][INFO] Adding CRY(0.0, wires=[2, 1])) increased overlap from 0.9999058947938368 to 0.9999527875158176
[2025-08-04 17:43:12,556][INFO] Adding RY(0.0, wires=[3]) had small change in overlap from 0.9999527875158176 to 0.9997893695875224
[2025-08-04 17:43:33,302][INFO] Adding CRY(0.0, wires=[2, 3])) increased overlap from 0.9997893695875224 to 0.9998981401139151
[2025-08-04 17:43:54,619][INFO] Adding RY(0.0, wires=[2]) increased overlap from 0.9998981401139151 to 0.99994886250477
[2025-08-04 17:44:16,513][INFO] Adding RY(0.0, wires=[3]) had small change in overlap from 0.99994886250477 to 0.9999388658203884
[2025-08-04 17:44:39,764][INFO] Adding CRY(0.0, wires=[1, 3])) had small change in overlap from 0.9999388658203884 to 0.9998272806275034
[2025-08-04 17:45:03,638][INFO] Adding RY(0.0, wires=[1]) decreased overlap from 0.9998272806275034 to 0.29775938211003783.. skipping this gate
[2025-08-04 17:45:03,638][INFO] gradient converged
[2025-08-04 17:45:03,638][INFO] Completed VQE run 16
[2025-08-04 17:45:03,638][INFO] Final ops list: [{'name': 'RY', 'param': 7.543998700811926, 'wires': [4]}, {'name': 'CRY', 'param': 5.62969185458794, 'wires': [4, 3]}, {'name': 'RY', 'param': 6.156550348371228, 'wires': [2]}, {'name': 'RY', 'param': 7.106742511644775, 'wires': [3]}, {'name': 'RY', 'param': 6.274635219676017, 'wires': [1]}, {'name': 'CRY', 'param': 6.352519863873696, 'wires': [4, 2]}, {'name': 'CRY', 'param': 6.28580696010123, 'wires': [4, 1]}, {'name': 'CRY', 'param': 5.993638207125148, 'wires': [3, 2]}, {'name': 'RY', 'param': 5.021966173132062, 'wires': [3]}, {'name': 'CRY', 'param': 6.287181254093222, 'wires': [3, 1]}, {'name': 'CRY', 'param': 6.283363768728023, 'wires': [2, 1]}, {'name': 'RY', 'param': 6.888919178409144, 'wires': [3]}, {'name': 'CRY', 'param': 4.371765463268456, 'wires': [2, 3]}, {'name': 'RY', 'param': 6.273151736250076, 'wires': [2]}, {'name': 'RY', 'param': 3.956997700012773, 'wires': [3]}, {'name': 'CRY', 'param': 3.938717894657114, 'wires': [1, 3]}]
[2025-08-04 17:45:03,638][INFO] Energy: 0.8935887512440835
[2025-08-05 09:43:20,744][INFO] Starting VQE run 78 (seed=58944784)
[2025-08-05 09:43:20,839][INFO] Adding RY(0.0, wires=[4]) increased overlap from 0.0 to 0.9409065803231997
[2025-08-05 09:43:20,990][INFO] Adding CRY(0.0, wires=[4, 3])) increased overlap from 0.9409065803231997 to 0.9627407046663498
[2025-08-05 09:43:21,164][INFO] Adding RY(0.0, wires=[2]) increased overlap from 0.9627407046663498 to 0.9664624993070364
[2025-08-05 09:43:21,491][INFO] Adding RY(0.0, wires=[3]) increased overlap from 0.9664624993070364 to 0.995922435999085
[2025-08-05 09:43:22,522][INFO] Adding RY(0.0, wires=[1]) increased overlap from 0.995922435999085 to 0.9961475801988258
[2025-08-05 09:43:25,101][INFO] Adding CRY(0.0, wires=[4, 2])) increased overlap from 0.9961475801988258 to 0.9976474643326264
[2025-08-05 09:43:41,821][INFO] Adding CRY(0.0, wires=[4, 1])) decreased overlap from 0.9976474643326264 to 0.6557051736549423.. skipping this gate
[2025-08-05 09:43:41,822][INFO] gradient converged
[2025-08-05 09:43:41,822][INFO] Completed VQE run 6
[2025-08-05 09:43:41,822][INFO] Final ops list: [{'name': 'RY', 'param': 5.043194888025613, 'wires': [4]}, {'name': 'CRY', 'param': 5.709858060998785, 'wires': [4, 3]}, {'name': 'RY', 'param': 6.1400682294193, 'wires': [2]}, {'name': 'RY', 'param': 6.592273314553202, 'wires': [3]}, {'name': 'RY', 'param': 6.300960320138892, 'wires': [1]}, {'name': 'CRY', 'param': 6.365422145314382, 'wires': [4, 2]}]
[2025-08-05 09:43:41,822][INFO] Energy: 0.9063592655021596
