[2025-08-04 17:41:48,799][INFO] Starting VQE run 22 (seed=97855803)
[2025-08-04 17:41:48,877][INFO] Adding RY(0.0, wires=[4]) increased overlap from 0.0 to 0.940906583435897
[2025-08-04 17:41:48,983][INFO] Adding CRY(0.0, wires=[4, 3])) increased overlap from 0.940906583435897 to 0.9627407050801033
[2025-08-04 17:41:49,146][INFO] Adding RY(0.0, wires=[2]) increased overlap from 0.9627407050801033 to 0.9664624986000698
[2025-08-04 17:41:49,393][INFO] Adding RY(0.0, wires=[3]) increased overlap from 0.9664624986000698 to 0.9959224361464546
[2025-08-04 17:41:50,238][INFO] Adding RY(0.0, wires=[1]) increased overlap from 0.9959224361464546 to 0.9961475911381736
[2025-08-04 17:41:51,353][INFO] Adding CRY(0.0, wires=[4, 2])) increased overlap from 0.9961475911381736 to 0.9976474637405305
[2025-08-04 17:41:53,121][INFO] Adding CRY(0.0, wires=[4, 1])) increased overlap from 0.9976474637405305 to 0.9977435080465419
[2025-08-04 17:41:58,472][INFO] Adding CRY(0.0, wires=[3, 2])) increased overlap from 0.9977435080465419 to 0.9983514538649746
[2025-08-04 17:42:15,374][INFO] Adding RY(0.0, wires=[3]) increased overlap from 0.9983514538649746 to 0.9994334982156253
[2025-08-04 17:42:32,919][INFO] Adding CRY(0.0, wires=[3, 1])) increased overlap from 0.9994334982156253 to 0.9997405906480038
[2025-08-04 17:42:51,604][INFO] Adding CRY(0.0, wires=[2, 1])) increased overlap from 0.9997405906480038 to 0.9998747190753987
[2025-08-04 17:43:10,823][INFO] Adding RY(0.0, wires=[3]) increased overlap from 0.9998747190753987 to 0.9999041084595521
[2025-08-04 17:43:30,625][INFO] Adding RY(0.0, wires=[4]) had small change in overlap from 0.9999041084595521 to 0.9998965169184214
[2025-08-04 17:43:51,779][INFO] Adding CRY(0.0, wires=[2, 4])) had small change in overlap from 0.9998965169184214 to 0.999870933145568
[2025-08-04 17:44:14,318][INFO] Adding CRY(0.0, wires=[3, 4])) had small change in overlap from 0.999870933145568 to 0.999605941149613
[2025-08-04 17:44:38,144][INFO] Adding CRY(0.0, wires=[2, 3])) increased overlap from 0.999605941149613 to 0.9998844256606487
[2025-08-04 17:45:02,607][INFO] Adding RY(0.0, wires=[2]) increased overlap from 0.9998844256606487 to 0.999926445747512
[2025-08-04 17:45:28,409][INFO] Adding CRY(0.0, wires=[1, 3])) had small change in overlap from 0.999926445747512 to 0.9998982259916469
[2025-08-04 17:45:54,744][INFO] Adding RY(0.0, wires=[1]) had small change in overlap from 0.9998982259916469 to 0.9994871239720414
[2025-08-04 17:46:22,366][INFO] Adding CRY(0.0, wires=[1, 2])) increased overlap from 0.9994871239720414 to 0.9998150982554292
[2025-08-04 17:46:50,647][INFO] Adding RY(0.0, wires=[1]) had small change in overlap from 0.9998150982554292 to 0.9978600815779043
[2025-08-04 17:47:19,429][INFO] Adding RY(0.0, wires=[3]) increased overlap from 0.9978600815779043 to 0.9983202139877129
[2025-08-04 17:47:48,761][INFO] Adding RY(0.0, wires=[2]) increased overlap from 0.9983202139877129 to 0.9991021400314984
[2025-08-04 17:48:19,509][INFO] Adding CRY(0.0, wires=[1, 4])) increased overlap from 0.9991021400314984 to 0.999695796970693
[2025-08-04 17:48:50,813][INFO] Adding RY(0.0, wires=[1]) had small change in overlap from 0.999695796970693 to 0.9991823379364457
[2025-08-04 17:49:22,666][INFO] Adding RY(0.0, wires=[4]) increased overlap from 0.9991823379364457 to 0.9993945600284018
[2025-08-04 17:49:55,074][INFO] Adding RY(0.0, wires=[0]) increased overlap from 0.9993945600284018 to 0.9996343528201972
[2025-08-04 17:50:28,802][INFO] Adding CRY(0.0, wires=[4, 0])) had small change in overlap from 0.9996343528201972 to 0.9995511310919558
[2025-08-04 17:51:03,102][INFO] Adding RY(0.0, wires=[0]) increased overlap from 0.9995511310919558 to 0.9998507910071224
[2025-08-04 17:51:38,782][INFO] Adding CRY(0.0, wires=[3, 0])) had small change in overlap from 0.9998507910071224 to 0.9987804872844193
[2025-08-04 17:51:38,782][INFO] Completed VQE run 29
[2025-08-04 17:51:38,782][INFO] Final ops list: [{'name': 'RY', 'param': -1.000283210866257, 'wires': [4]}, {'name': 'CRY', 'param': -0.0013389367973891775, 'wires': [4, 3]}, {'name': 'RY', 'param': 0.14670287059472478, 'wires': [2]}, {'name': 'RY', 'param': -0.6343730280043092, 'wires': [3]}, {'name': 'RY', 'param': -0.2761518914683428, 'wires': [1]}, {'name': 'CRY', 'param': -0.14076541627927303, 'wires': [4, 2]}, {'name': 'CRY', 'param': -0.4172589553050691, 'wires': [4, 1]}, {'name': 'CRY', 'param': -0.11152899035010762, 'wires': [3, 2]}, {'name': 'RY', 'param': 0.4793485021713772, 'wires': [3]}, {'name': 'CRY', 'param': -2.0206381791461827, 'wires': [3, 1]}, {'name': 'CRY', 'param': 0.23323231347560164, 'wires': [2, 1]}, {'name': 'RY', 'param': 0.8834901843001322, 'wires': [3]}, {'name': 'RY', 'param': -0.513283496711482, 'wires': [4]}, {'name': 'CRY', 'param': 0.09512904329621767, 'wires': [2, 4]}, {'name': 'CRY', 'param': 5.496345093822394, 'wires': [3, 4]}, {'name': 'CRY', 'param': 5.7264647867679885, 'wires': [2, 3]}, {'name': 'RY', 'param': -0.0077442539168586216, 'wires': [2]}, {'name': 'CRY', 'param': -0.6290296428648227, 'wires': [1, 3]}, {'name': 'RY', 'param': -0.7107464996236148, 'wires': [1]}, {'name': 'CRY', 'param': -0.09097983271832533, 'wires': [1, 2]}, {'name': 'RY', 'param': 0.48974100305959545, 'wires': [1]}, {'name': 'RY', 'param': 0.9103072256959448, 'wires': [3]}, {'name': 'RY', 'param': -0.03405253965422001, 'wires': [2]}, {'name': 'CRY', 'param': 0.4382112863902371, 'wires': [1, 4]}, {'name': 'RY', 'param': 0.645205378185236, 'wires': [1]}, {'name': 'RY', 'param': 0.3335515416067956, 'wires': [4]}, {'name': 'RY', 'param': -0.5889182540960567, 'wires': [0]}, {'name': 'CRY', 'param': 0.07481035348444216, 'wires': [4, 0]}, {'name': 'RY', 'param': 0.5047060101449928, 'wires': [0]}, {'name': 'CRY', 'param': 0.1077152421336963, 'wires': [3, 0]}]
[2025-08-04 17:51:38,782][INFO] Energy: 0.8934135268612798
[2025-08-05 09:43:20,719][INFO] Starting VQE run 22 (seed=85078428)
[2025-08-05 09:43:20,817][INFO] Adding RY(0.0, wires=[4]) increased overlap from 0.0 to 0.9409065836606092
[2025-08-05 09:43:20,945][INFO] Adding CRY(0.0, wires=[4, 3])) increased overlap from 0.9409065836606092 to 0.9627407036729642
[2025-08-05 09:43:21,142][INFO] Adding RY(0.0, wires=[2]) increased overlap from 0.9627407036729642 to 0.9664624996524611
[2025-08-05 09:43:21,522][INFO] Adding RY(0.0, wires=[3]) increased overlap from 0.9664624996524611 to 0.9959224377262401
[2025-08-05 09:43:22,565][INFO] Adding RY(0.0, wires=[1]) increased overlap from 0.9959224377262401 to 0.9961475803146065
[2025-08-05 09:43:26,678][INFO] Adding CRY(0.0, wires=[4, 2])) increased overlap from 0.9961475803146065 to 0.9976474642986727
[2025-08-05 09:43:28,747][INFO] Adding CRY(0.0, wires=[4, 1])) increased overlap from 0.9976474642986727 to 0.9977435079518154
[2025-08-05 09:43:36,270][INFO] Adding CRY(0.0, wires=[3, 2])) increased overlap from 0.9977435079518154 to 0.9983514476695289
[2025-08-05 09:43:54,845][INFO] Adding RY(0.0, wires=[3]) increased overlap from 0.9983514476695289 to 0.9998764411041486
[2025-08-05 09:44:14,604][INFO] Adding CRY(0.0, wires=[3, 1])) increased overlap from 0.9998764411041486 to 0.999912957216451
[2025-08-05 09:44:34,714][INFO] Adding CRY(0.0, wires=[2, 1])) increased overlap from 0.999912957216451 to 0.9999510053960355
[2025-08-05 09:44:55,417][INFO] Adding RY(0.0, wires=[3]) had small change in overlap from 0.9999510053960355 to 0.9996520093553317
[2025-08-05 09:45:17,727][INFO] Adding CRY(0.0, wires=[2, 3])) increased overlap from 0.9996520093553317 to 0.9999056122877685
[2025-08-05 09:45:40,596][INFO] Adding RY(0.0, wires=[2]) increased overlap from 0.9999056122877685 to 0.9999638329345554
[2025-08-05 09:46:04,527][INFO] Adding CRY(0.0, wires=[1, 2])) had small change in overlap from 0.9999638329345554 to 0.9998085685363621
[2025-08-05 09:46:28,890][INFO] Adding RY(0.0, wires=[1]) increased overlap from 0.9998085685363621 to 0.9998348079164329
[2025-08-05 09:46:53,809][INFO] Adding RY(0.0, wires=[2]) increased overlap from 0.9998348079164329 to 0.9999548291515706
[2025-08-05 09:47:19,373][INFO] Adding RY(0.0, wires=[4]) increased overlap from 0.9999548291515706 to 0.9999683358544783
[2025-08-05 09:47:46,266][INFO] Adding CRY(0.0, wires=[1, 3])) had small change in overlap from 0.9999683358544783 to 0.9997981419842572
[2025-08-05 09:48:13,617][INFO] Adding RY(0.0, wires=[1]) had small change in overlap from 0.9997981419842572 to 0.9983092442246279
[2025-08-05 09:48:42,419][INFO] Adding CRY(0.0, wires=[2, 4])) increased overlap from 0.9983092442246279 to 0.9998139906807608
[2025-08-05 09:49:11,814][INFO] Adding RY(0.0, wires=[2]) increased overlap from 0.9998139906807608 to 0.9998708778379737
[2025-08-05 09:49:42,584][INFO] Adding CRY(0.0, wires=[3, 4])) increased overlap from 0.9998708778379737 to 0.9999358722755849
[2025-08-05 09:50:13,861][INFO] Adding RY(0.0, wires=[3]) had small change in overlap from 0.9999358722755849 to 0.9995630262812523
[2025-08-05 09:50:45,731][INFO] Adding RY(0.0, wires=[4]) increased overlap from 0.9995630262812523 to 0.9999474932243375
[2025-08-05 09:51:19,092][INFO] Adding CRY(0.0, wires=[1, 4])) had small change in overlap from 0.9999474932243375 to 0.9998365584470118
[2025-08-05 09:51:52,920][INFO] Adding RY(0.0, wires=[1]) had small change in overlap from 0.9998365584470118 to 0.9996009898585332
[2025-08-05 09:52:26,969][INFO] Adding RY(0.0, wires=[4]) had small change in overlap from 0.9996009898585332 to 0.999124603482741
[2025-08-05 09:52:59,658][INFO] Adding RY(0.0, wires=[0]) had small change in overlap from 0.999124603482741 to 0.9970468126596391
[2025-08-05 09:53:33,314][INFO] Adding CRY(0.0, wires=[4, 0])) decreased overlap from 0.9970468126596391 to 0.9670113446117246.. skipping this gate
[2025-08-05 09:53:33,314][INFO] gradient converged
[2025-08-05 09:53:33,314][INFO] Completed VQE run 29
[2025-08-05 09:53:33,314][INFO] Final ops list: [{'name': 'RY', 'param': 9.265501882934927, 'wires': [4]}, {'name': 'CRY', 'param': 8.995841270635133, 'wires': [4, 3]}, {'name': 'RY', 'param': 8.06929140027889, 'wires': [2]}, {'name': 'RY', 'param': 7.781138263303203, 'wires': [3]}, {'name': 'RY', 'param': 13.198254592478685, 'wires': [1]}, {'name': 'CRY', 'param': 6.369330207642893, 'wires': [4, 2]}, {'name': 'CRY', 'param': 6.805441393477798, 'wires': [4, 1]}, {'name': 'CRY', 'param': 6.529785379316079, 'wires': [3, 2]}, {'name': 'RY', 'param': 2.5903935058456007, 'wires': [3]}, {'name': 'CRY', 'param': 6.916258240061244, 'wires': [3, 1]}, {'name': 'CRY', 'param': 6.2401319838376015, 'wires': [2, 1]}, {'name': 'RY', 'param': 6.8514907021314855, 'wires': [3]}, {'name': 'CRY', 'param': 6.494092937417962, 'wires': [2, 3]}, {'name': 'RY', 'param': 8.211725487285745, 'wires': [2]}, {'name': 'CRY', 'param': 6.422745622751537, 'wires': [1, 2]}, {'name': 'RY', 'param': 2.1050881622423345, 'wires': [1]}, {'name': 'RY', 'param': 5.322508302246465, 'wires': [2]}, {'name': 'RY', 'param': 13.171151114274801, 'wires': [4]}, {'name': 'CRY', 'param': 7.314477625870955, 'wires': [1, 3]}, {'name': 'RY', 'param': 3.8433494957535945, 'wires': [1]}, {'name': 'CRY', 'param': 9.547003084657575, 'wires': [2, 4]}, {'name': 'RY', 'param': 3.0196989578108124, 'wires': [2]}, {'name': 'CRY', 'param': 5.783806282129954, 'wires': [3, 4]}, {'name': 'RY', 'param': 2.6125254597926997, 'wires': [3]}, {'name': 'RY', 'param': 3.838955902764058, 'wires': [4]}, {'name': 'CRY', 'param': 3.3280880819471363, 'wires': [1, 4]}, {'name': 'RY', 'param': 3.2222239450004273, 'wires': [1]}, {'name': 'RY', 'param': 3.8499854507180897, 'wires': [4]}, {'name': 'RY', 'param': 6.186606670979783, 'wires': [0]}]
[2025-08-05 09:53:33,314][INFO] Energy: 0.897893012256418
