[2025-10-03 16:44:08,844][INFO] Running VQE using SV-Estimator backend
[2025-10-03 16:44:08,844][INFO] Running VQE using CQAVQE_AHO8_exact ansatz with 3 params
[2025-10-03 16:44:08,862][INFO] Starting VQE run 1 (seed=98512544)
[2025-10-03 16:44:08,871][INFO] Iteration 1: Energy = 109.40903636
[2025-10-03 16:44:08,873][INFO] Iteration 2: Energy = 145.26798129
[2025-10-03 16:44:08,874][INFO] Iteration 3: Energy = 138.77682739
[2025-10-03 16:44:08,876][INFO] Iteration 4: Energy = 134.63772324
[2025-10-03 16:44:08,878][INFO] Iteration 5: Energy = 75.61733226
[2025-10-03 16:44:08,879][INFO] Iteration 6: Energy = 79.49446036
[2025-10-03 16:44:08,881][INFO] Iteration 7: Energy = 83.11818614
[2025-10-03 16:44:08,883][INFO] Iteration 8: Energy = 33.96819178
[2025-10-03 16:44:08,886][INFO] Iteration 9: Energy = 7.66878640
[2025-10-03 16:44:08,888][INFO] Iteration 10: Energy = 11.57661769
[2025-10-03 16:44:08,890][INFO] Iteration 11: Energy = 5.08706978
[2025-10-03 16:44:08,892][INFO] Iteration 12: Energy = 3.88351456
[2025-10-03 16:44:08,895][INFO] Iteration 13: Energy = 5.08882090
[2025-10-03 16:44:08,897][INFO] Iteration 14: Energy = 11.41585941
[2025-10-03 16:44:08,899][INFO] Iteration 15: Energy = 3.69415494
[2025-10-03 16:44:08,902][INFO] Iteration 16: Energy = 11.34153969
[2025-10-03 16:44:08,904][INFO] Iteration 17: Energy = 4.88696313
[2025-10-03 16:44:08,906][INFO] Iteration 18: Energy = 3.90584100
[2025-10-03 16:44:08,909][INFO] Iteration 19: Energy = 3.56827935
[2025-10-03 16:44:08,911][INFO] Iteration 20: Energy = 3.64055823
[2025-10-03 16:44:08,914][INFO] Iteration 21: Energy = 3.57400539
[2025-10-03 16:44:08,916][INFO] Iteration 22: Energy = 3.67153461
[2025-10-03 16:44:08,918][INFO] Iteration 23: Energy = 3.57327502
[2025-10-03 16:44:08,920][INFO] Iteration 24: Energy = 3.53764578
[2025-10-03 16:44:08,922][INFO] Iteration 25: Energy = 3.51274576
[2025-10-03 16:44:08,925][INFO] Iteration 26: Energy = 3.48897211
[2025-10-03 16:44:08,927][INFO] Iteration 27: Energy = 3.46439864
[2025-10-03 16:44:08,929][INFO] Iteration 28: Energy = 3.47983643
[2025-10-03 16:44:08,931][INFO] Iteration 29: Energy = 3.57196521
[2025-10-03 16:44:08,934][INFO] Iteration 30: Energy = 3.42311847
[2025-10-03 16:44:08,936][INFO] Iteration 31: Energy = 3.39261088
[2025-10-03 16:44:08,938][INFO] Iteration 32: Energy = 3.34668478
[2025-10-03 16:44:08,940][INFO] Iteration 33: Energy = 3.24470574
[2025-10-03 16:44:08,942][INFO] Iteration 34: Energy = 3.14072218
[2025-10-03 16:44:08,945][INFO] Iteration 35: Energy = 3.38811137
[2025-10-03 16:44:08,947][INFO] Iteration 36: Energy = 3.64080984
[2025-10-03 16:44:08,949][INFO] Iteration 37: Energy = 2.85659618
[2025-10-03 16:44:08,952][INFO] Iteration 38: Energy = 2.71522413
[2025-10-03 16:44:08,954][INFO] Iteration 39: Energy = 2.45342213
[2025-10-03 16:44:08,956][INFO] Iteration 40: Energy = 2.47977613
[2025-10-03 16:44:08,958][INFO] Iteration 41: Energy = 2.39999628
[2025-10-03 16:44:08,960][INFO] Iteration 42: Energy = 2.08078411
[2025-10-03 16:44:08,963][INFO] Iteration 43: Energy = 1.52460736
[2025-10-03 16:44:08,965][INFO] Iteration 44: Energy = 0.74699936
[2025-10-03 16:44:08,967][INFO] Iteration 45: Energy = 3.35738712
[2025-10-03 16:44:08,970][INFO] Iteration 46: Energy = 4.62873285
[2025-10-03 16:44:08,972][INFO] Iteration 47: Energy = 0.48766913
[2025-10-03 16:44:08,974][INFO] Iteration 48: Energy = 1.24277952
[2025-10-03 16:44:08,976][INFO] Iteration 49: Energy = 0.52474049
[2025-10-03 16:44:08,978][INFO] Iteration 50: Energy = 0.47520800
[2025-10-03 16:44:08,980][INFO] Iteration 51: Energy = 0.45467068
[2025-10-03 16:44:08,982][INFO] Iteration 52: Energy = 0.46022632
[2025-10-03 16:44:08,984][INFO] Iteration 53: Energy = 0.52929266
[2025-10-03 16:44:08,987][INFO] Iteration 54: Energy = 0.45560530
[2025-10-03 16:44:08,989][INFO] Iteration 55: Energy = 0.45542517
[2025-10-03 16:44:08,991][INFO] Iteration 56: Energy = 0.45379887
[2025-10-03 16:44:08,993][INFO] Iteration 57: Energy = 0.45373067
[2025-10-03 16:44:08,995][INFO] Iteration 58: Energy = 0.45356077
[2025-10-03 16:44:08,997][INFO] Iteration 59: Energy = 0.45403723
[2025-10-03 16:44:08,999][INFO] Iteration 60: Energy = 0.45804971
[2025-10-03 16:44:09,001][INFO] Iteration 61: Energy = 0.45213478
[2025-10-03 16:44:09,003][INFO] Iteration 62: Energy = 0.45175089
[2025-10-03 16:44:09,006][INFO] Iteration 63: Energy = 0.45236509
[2025-10-03 16:44:09,008][INFO] Iteration 64: Energy = 0.45197905
[2025-10-03 16:44:09,010][INFO] Iteration 65: Energy = 0.45124966
[2025-10-03 16:44:09,012][INFO] Iteration 66: Energy = 0.45056755
[2025-10-03 16:44:09,014][INFO] Iteration 67: Energy = 0.44963256
[2025-10-03 16:44:09,016][INFO] Iteration 68: Energy = 0.44866329
[2025-10-03 16:44:09,019][INFO] Iteration 69: Energy = 0.44687629
[2025-10-03 16:44:09,021][INFO] Iteration 70: Energy = 0.44520524
[2025-10-03 16:44:09,023][INFO] Iteration 71: Energy = 0.44175641
[2025-10-03 16:44:09,026][INFO] Iteration 72: Energy = 0.43618886
[2025-10-03 16:44:09,028][INFO] Iteration 73: Energy = 0.42896541
[2025-10-03 16:44:09,030][INFO] Iteration 74: Energy = 0.42192026
[2025-10-03 16:44:09,033][INFO] Iteration 75: Energy = 0.40597532
[2025-10-03 16:44:09,035][INFO] Iteration 76: Energy = 0.39177978
[2025-10-03 16:44:09,037][INFO] Iteration 77: Energy = 0.37067431
[2025-10-03 16:44:09,039][INFO] Iteration 78: Energy = 0.35029602
[2025-10-03 16:44:09,042][INFO] Iteration 79: Energy = 0.35232982
[2025-10-03 16:44:09,044][INFO] Iteration 80: Energy = 3.14335004
[2025-10-03 16:44:09,046][INFO] Iteration 81: Energy = 0.32220196
[2025-10-03 16:44:09,048][INFO] Iteration 82: Energy = 0.30729394
[2025-10-03 16:44:09,050][INFO] Iteration 83: Energy = 0.30446759
[2025-10-03 16:44:09,052][INFO] Iteration 84: Energy = 0.34428140
[2025-10-03 16:44:09,054][INFO] Iteration 85: Energy = 1.92450482
[2025-10-03 16:44:09,056][INFO] Iteration 86: Energy = 0.30253248
[2025-10-03 16:44:09,059][INFO] Iteration 87: Energy = 0.67426813
[2025-10-03 16:44:09,061][INFO] Iteration 88: Energy = 0.28292633
[2025-10-03 16:44:09,063][INFO] Iteration 89: Energy = 0.27190811
[2025-10-03 16:44:09,065][INFO] Iteration 90: Energy = 0.26190382
[2025-10-03 16:44:09,068][INFO] Iteration 91: Energy = 0.35924281
[2025-10-03 16:44:09,070][INFO] Iteration 92: Energy = 0.25110937
[2025-10-03 16:44:09,072][INFO] Iteration 93: Energy = 0.26283197
[2025-10-03 16:44:09,074][INFO] Iteration 94: Energy = 0.28494266
[2025-10-03 16:44:09,077][INFO] Iteration 95: Energy = 0.24796129
[2025-10-03 16:44:09,079][INFO] Iteration 96: Energy = 0.24492680
[2025-10-03 16:44:09,082][INFO] Iteration 97: Energy = 0.24092029
[2025-10-03 16:44:09,084][INFO] Iteration 98: Energy = 0.23439095
[2025-10-03 16:44:09,086][INFO] Iteration 99: Energy = 0.22729818
[2025-10-03 16:44:09,089][INFO] Iteration 100: Energy = 0.21349635
[2025-10-03 16:44:09,091][INFO] Iteration 101: Energy = 0.19596346
[2025-10-03 16:44:09,093][INFO] Iteration 102: Energy = 0.17988123
[2025-10-03 16:44:09,096][INFO] Iteration 103: Energy = 0.18677973
[2025-10-03 16:44:09,098][INFO] Iteration 104: Energy = 0.60780563
[2025-10-03 16:44:09,100][INFO] Iteration 105: Energy = 0.25635804
[2025-10-03 16:44:09,102][INFO] Iteration 106: Energy = 0.43910573
[2025-10-03 16:44:09,105][INFO] Iteration 107: Energy = 0.16147404
[2025-10-03 16:44:09,107][INFO] Iteration 108: Energy = 0.15378590
[2025-10-03 16:44:09,109][INFO] Iteration 109: Energy = 0.15008089
[2025-10-03 16:44:09,111][INFO] Iteration 110: Energy = 0.15640139
[2025-10-03 16:44:09,113][INFO] Iteration 111: Energy = 0.18312535
[2025-10-03 16:44:09,116][INFO] Iteration 112: Energy = 0.14194234
[2025-10-03 16:44:09,118][INFO] Iteration 113: Energy = 0.13599340
[2025-10-03 16:44:09,120][INFO] Iteration 114: Energy = 0.13189676
[2025-10-03 16:44:09,122][INFO] Iteration 115: Energy = 0.12629992
[2025-10-03 16:44:09,125][INFO] Iteration 116: Energy = 0.12357062
[2025-10-03 16:44:09,127][INFO] Iteration 117: Energy = 0.11496293
[2025-10-03 16:44:09,129][INFO] Iteration 118: Energy = 0.11886674
[2025-10-03 16:44:09,131][INFO] Iteration 119: Energy = 0.10920373
[2025-10-03 16:44:09,134][INFO] Iteration 120: Energy = 0.10842719
[2025-10-03 16:44:09,136][INFO] Iteration 121: Energy = 0.09764574
[2025-10-03 16:44:09,138][INFO] Iteration 122: Energy = 0.09364490
[2025-10-03 16:44:09,140][INFO] Iteration 123: Energy = 0.09009610
[2025-10-03 16:44:09,143][INFO] Iteration 124: Energy = 0.08977855
[2025-10-03 16:44:09,145][INFO] Iteration 125: Energy = 0.09037431
[2025-10-03 16:44:09,147][INFO] Iteration 126: Energy = 0.09199808
[2025-10-03 16:44:09,150][INFO] Iteration 127: Energy = 0.08744559
[2025-10-03 16:44:09,152][INFO] Iteration 128: Energy = 0.08589161
[2025-10-03 16:44:09,153][INFO] Completed VQE run 1: Energy = 0.085892
[2025-10-03 16:44:09,153][INFO] {'seed': 98512544, 'energy': np.float64(0.08589161379371646), 'params': [6.207194287831072, 0.27916998532758047, 5.752920885438757], 'success': False, 'num_iters': 128, 'run_time': datetime.timedelta(microseconds=309546), 'message': 'The maximum number of iterations has been exceeded'}
