[2026-02-19 14:49:31,873][INFO] Running VQE for linear potential and cutoff 16
[2026-02-19 14:49:31,876][INFO] Truncation: {'m': 283, 'n': 3276, 'keep_frac_terms': 0.08638583638583638, 'keep_ratio': 0.999, 'truncated': 2.163271863607406, 'total_weight': 2171.2812500000505}
[2026-02-19 14:49:31,880][INFO] min_eigenvalue: 1.0025589899691666e-14
[2026-02-19 14:49:33,063][INFO] []
[2026-02-19 14:49:35,851][INFO] [Run 9] Running for Krylov dimension 1
[2026-02-19 14:51:35,123][INFO] [Run 9]
{
    "raw_unique_basis_states": 1380,
    "fermion_basis_rejected": 0,
    "kept_unique_basis_states": 1380,
    "fermion_shots_rejected": 0,
    "kept_shots": 100000
}
[2026-02-19 14:51:37,644][INFO] [Run 9]
{
    "D": 1,
    "t": 1.0,
    "num_trotter_steps": 1,
    "step_time": "0:02:01.792629",
    "H_reduce_time": "0:00:00.517608",
    "circuit_time": "0:01:59.267858",
    "shot_processing": {
        "raw_unique_basis_states": 1380,
        "fermion_basis_rejected": 0,
        "kept_unique_basis_states": 1380,
        "fermion_shots_rejected": 0,
        "kept_shots": 100000
    },
    "new_basis_count": 1380,
    "total_basis_count": 1380,
    "H_reduced_size": [
        1380,
        1380
    ],
    "reduction": 99.9958872795105,
    "H_reduced_e": 7.41622001844307e-05,
    "used_dense": true,
    "eigenvalue_time": "0:00:02.005585",
    "diff": 7.416220017440511e-05,
    "change_from_prev": null
}
[2026-02-19 14:51:37,644][INFO] [Run 9] Running for Krylov dimension 2
[2026-02-19 14:53:41,479][INFO] [Run 9]
{
    "raw_unique_basis_states": 37612,
    "fermion_basis_rejected": 0,
    "kept_unique_basis_states": 37612,
    "fermion_shots_rejected": 0,
    "kept_shots": 100000
}
[2026-02-19 14:54:02,065][INFO] [Run 9]
{
    "D": 2,
    "t": 2.0,
    "num_trotter_steps": 1,
    "step_time": "0:02:24.420926",
    "H_reduce_time": "0:00:20.230222",
    "circuit_time": "0:02:03.762474",
    "shot_processing": {
        "raw_unique_basis_states": 37612,
        "fermion_basis_rejected": 0,
        "kept_unique_basis_states": 37612,
        "fermion_shots_rejected": 0,
        "kept_shots": 100000
    },
    "new_basis_count": 36804,
    "total_basis_count": 38184,
    "H_reduced_size": [
        38184,
        38184
    ],
    "reduction": 99.88620281219482,
    "H_reduced_e": 2.6718680477059148e-05,
    "used_dense": false,
    "eigenvalue_time": "0:00:00.425888",
    "diff": 2.6718680467033558e-05,
    "change_from_prev": 4.744351970737155e-05
}
[2026-02-19 14:54:02,065][INFO] [Run 9] Running for Krylov dimension 3
[2026-02-19 14:56:13,071][INFO] [Run 9]
{
    "raw_unique_basis_states": 63990,
    "fermion_basis_rejected": 0,
    "kept_unique_basis_states": 63990,
    "fermion_shots_rejected": 0,
    "kept_shots": 100000
}
[2026-02-19 14:57:11,194][INFO] [Run 9]
{
    "D": 3,
    "t": 3.0,
    "num_trotter_steps": 1,
    "step_time": "0:03:09.127835",
    "H_reduce_time": "0:00:56.594399",
    "circuit_time": "0:02:10.874098",
    "shot_processing": {
        "raw_unique_basis_states": 63990,
        "fermion_basis_rejected": 0,
        "kept_unique_basis_states": 63990,
        "fermion_shots_rejected": 0,
        "kept_shots": 100000
    },
    "new_basis_count": 57457,
    "total_basis_count": 95641,
    "H_reduced_size": [
        95641,
        95641
    ],
    "reduction": 99.71496760845184,
    "H_reduced_e": 2.008789235961279e-05,
    "used_dense": false,
    "eigenvalue_time": "0:00:01.656237",
    "diff": 2.00878923495872e-05,
    "change_from_prev": 6.630788117446358e-06
}
[2026-02-19 14:57:11,194][INFO] [Run 9] Running for Krylov dimension 4
[2026-02-19 14:59:19,382][INFO] [Run 9]
{
    "raw_unique_basis_states": 65205,
    "fermion_basis_rejected": 0,
    "kept_unique_basis_states": 65205,
    "fermion_shots_rejected": 0,
    "kept_shots": 100000
}
[2026-02-19 15:01:00,060][INFO] [Run 9]
{
    "D": 4,
    "t": 4.0,
    "num_trotter_steps": 1,
    "step_time": "0:03:48.866288",
    "H_reduce_time": "0:01:37.331289",
    "circuit_time": "0:02:08.058478",
    "shot_processing": {
        "raw_unique_basis_states": 65205,
        "fermion_basis_rejected": 0,
        "kept_unique_basis_states": 65205,
        "fermion_shots_rejected": 0,
        "kept_shots": 100000
    },
    "new_basis_count": 58457,
    "total_basis_count": 154098,
    "H_reduced_size": [
        154098,
        154098
    ],
    "reduction": 99.54075217247009,
    "H_reduced_e": 9.260078699104174e-06,
    "used_dense": false,
    "eigenvalue_time": "0:00:03.473129",
    "diff": 9.260078689078583e-06,
    "change_from_prev": 1.0827813660508617e-05
}
[2026-02-19 15:01:00,061][INFO] [Run 9] Running for Krylov dimension 5
[2026-02-19 15:03:09,172][INFO] [Run 9]
{
    "raw_unique_basis_states": 45053,
    "fermion_basis_rejected": 0,
    "kept_unique_basis_states": 45053,
    "fermion_shots_rejected": 0,
    "kept_shots": 100000
}
[2026-02-19 15:05:20,038][INFO] [Run 9]
{
    "D": 5,
    "t": 5.0,
    "num_trotter_steps": 1,
    "step_time": "0:04:19.977497",
    "H_reduce_time": "0:02:06.365084",
    "circuit_time": "0:02:09.020785",
    "shot_processing": {
        "raw_unique_basis_states": 45053,
        "fermion_basis_rejected": 0,
        "kept_unique_basis_states": 45053,
        "fermion_shots_rejected": 0,
        "kept_shots": 100000
    },
    "new_basis_count": 35289,
    "total_basis_count": 189387,
    "H_reduced_size": [
        189387,
        189387
    ],
    "reduction": 99.43558275699615,
    "H_reduced_e": 8.255153009231138e-06,
    "used_dense": false,
    "eigenvalue_time": "0:00:04.588077",
    "diff": 8.255152999205547e-06,
    "change_from_prev": 1.0049256898730358e-06
}
[2026-02-19 15:05:20,039][INFO] [Run 9] Running for Krylov dimension 6
[2026-02-19 15:07:29,032][INFO] [Run 9]
{
    "raw_unique_basis_states": 28866,
    "fermion_basis_rejected": 0,
    "kept_unique_basis_states": 28866,
    "fermion_shots_rejected": 0,
    "kept_shots": 100000
}
[2026-02-19 15:10:14,569][INFO] [Run 9]
{
    "D": 6,
    "t": 6.0,
    "num_trotter_steps": 1,
    "step_time": "0:04:54.529735",
    "H_reduce_time": "0:02:40.712273",
    "circuit_time": "0:02:08.934579",
    "shot_processing": {
        "raw_unique_basis_states": 28866,
        "fermion_basis_rejected": 0,
        "kept_unique_basis_states": 28866,
        "fermion_shots_rejected": 0,
        "kept_shots": 100000
    },
    "new_basis_count": 17740,
    "total_basis_count": 207127,
    "H_reduced_size": [
        207127,
        207127
    ],
    "reduction": 99.38271343708038,
    "H_reduced_e": 6.74941991042207e-06,
    "used_dense": false,
    "eigenvalue_time": "0:00:04.879603",
    "diff": 6.749419900396481e-06,
    "change_from_prev": 1.5057330988090675e-06
}
[2026-02-19 15:10:14,569][INFO] [Run 9] Running for Krylov dimension 7
[2026-02-19 15:12:24,170][INFO] [Run 9]
{
    "raw_unique_basis_states": 30496,
    "fermion_basis_rejected": 0,
    "kept_unique_basis_states": 30496,
    "fermion_shots_rejected": 0,
    "kept_shots": 100000
}
[2026-02-19 15:15:38,892][INFO] [Run 9]
{
    "D": 7,
    "t": 7.0,
    "num_trotter_steps": 1,
    "step_time": "0:05:24.323065",
    "H_reduce_time": "0:03:09.176636",
    "circuit_time": "0:02:09.539470",
    "shot_processing": {
        "raw_unique_basis_states": 30496,
        "fermion_basis_rejected": 0,
        "kept_unique_basis_states": 30496,
        "fermion_shots_rejected": 0,
        "kept_shots": 100000
    },
    "new_basis_count": 15713,
    "total_basis_count": 222840,
    "H_reduced_size": [
        222840,
        222840
    ],
    "reduction": 99.3358850479126,
    "H_reduced_e": 5.721985843475325e-06,
    "used_dense": false,
    "eigenvalue_time": "0:00:05.603551",
    "diff": 5.721985833449736e-06,
    "change_from_prev": 1.027434066946745e-06
}
[2026-02-19 15:15:38,893][INFO] [Run 9] Running for Krylov dimension 8
[2026-02-19 15:17:47,827][INFO] [Run 9]
{
    "raw_unique_basis_states": 70589,
    "fermion_basis_rejected": 0,
    "kept_unique_basis_states": 70589,
    "fermion_shots_rejected": 0,
    "kept_shots": 100000
}
[2026-02-19 15:21:50,020][INFO] [Run 9]
{
    "D": 8,
    "t": 8.0,
    "num_trotter_steps": 1,
    "step_time": "0:06:11.127093",
    "H_reduce_time": "0:03:55.164077",
    "circuit_time": "0:02:08.792883",
    "shot_processing": {
        "raw_unique_basis_states": 70589,
        "fermion_basis_rejected": 0,
        "kept_unique_basis_states": 70589,
        "fermion_shots_rejected": 0,
        "kept_shots": 100000
    },
    "new_basis_count": 49620,
    "total_basis_count": 272460,
    "H_reduced_size": [
        272460,
        272460
    ],
    "reduction": 99.18800592422485,
    "H_reduced_e": 5.0240455094627005e-06,
    "used_dense": false,
    "eigenvalue_time": "0:00:07.166594",
    "diff": 5.024045499437111e-06,
    "change_from_prev": 6.979403340126247e-07
}
[2026-02-19 15:21:50,020][INFO] [Run 9] Running for Krylov dimension 9
[2026-02-19 15:23:59,530][INFO] [Run 9]
{
    "raw_unique_basis_states": 86564,
    "fermion_basis_rejected": 0,
    "kept_unique_basis_states": 86564,
    "fermion_shots_rejected": 0,
    "kept_shots": 100000
}
[2026-02-19 15:29:47,066][INFO] [Run 9]
{
    "D": 9,
    "t": 9.0,
    "num_trotter_steps": 1,
    "step_time": "0:07:57.045336",
    "H_reduce_time": "0:05:38.127325",
    "circuit_time": "0:02:09.337449",
    "shot_processing": {
        "raw_unique_basis_states": 86564,
        "fermion_basis_rejected": 0,
        "kept_unique_basis_states": 86564,
        "fermion_shots_rejected": 0,
        "kept_shots": 100000
    },
    "new_basis_count": 73243,
    "total_basis_count": 345703,
    "H_reduced_size": [
        345703,
        345703
    ],
    "reduction": 98.96972477436066,
    "H_reduced_e": 5.000453111501364e-06,
    "used_dense": false,
    "eigenvalue_time": "0:00:09.576819",
    "diff": 5.000453101475775e-06,
    "change_from_prev": 2.3592397961336154e-08
}
[2026-02-19 15:29:47,066][INFO] [Run 9] Running for Krylov dimension 10
[2026-02-19 15:31:56,466][INFO] [Run 9]
{
    "raw_unique_basis_states": 73823,
    "fermion_basis_rejected": 0,
    "kept_unique_basis_states": 73823,
    "fermion_shots_rejected": 0,
    "kept_shots": 100000
}
[2026-02-19 15:38:47,635][INFO] [Run 9]
{
    "D": 10,
    "t": 10.0,
    "num_trotter_steps": 1,
    "step_time": "0:09:00.568412",
    "H_reduce_time": "0:06:40.067401",
    "circuit_time": "0:02:09.250649",
    "shot_processing": {
        "raw_unique_basis_states": 73823,
        "fermion_basis_rejected": 0,
        "kept_unique_basis_states": 73823,
        "fermion_shots_rejected": 0,
        "kept_shots": 100000
    },
    "new_basis_count": 59173,
    "total_basis_count": 404876,
    "H_reduced_size": [
        404876,
        404876
    ],
    "reduction": 98.79337549209595,
    "H_reduced_e": 4.927483175643093e-06,
    "used_dense": false,
    "eigenvalue_time": "0:00:11.246735",
    "diff": 4.927483165617504e-06,
    "change_from_prev": 7.296993585827125e-08
}
[2026-02-19 15:38:47,635][INFO] [Run 9] Running for Krylov dimension 11
[2026-02-19 15:40:56,779][INFO] [Run 9]
{
    "raw_unique_basis_states": 69567,
    "fermion_basis_rejected": 0,
    "kept_unique_basis_states": 69567,
    "fermion_shots_rejected": 0,
    "kept_shots": 100000
}
[2026-02-19 15:48:48,608][INFO] [Run 9]
{
    "D": 11,
    "t": 11.0,
    "num_trotter_steps": 1,
    "step_time": "0:10:00.972124",
    "H_reduce_time": "0:07:39.219200",
    "circuit_time": "0:02:09.005462",
    "shot_processing": {
        "raw_unique_basis_states": 69567,
        "fermion_basis_rejected": 0,
        "kept_unique_basis_states": 69567,
        "fermion_shots_rejected": 0,
        "kept_shots": 100000
    },
    "new_basis_count": 52048,
    "total_basis_count": 456924,
    "H_reduced_size": [
        456924,
        456924
    ],
    "reduction": 98.63826036453247,
    "H_reduced_e": 4.833619945366351e-06,
    "used_dense": false,
    "eigenvalue_time": "0:00:12.743719",
    "diff": 4.833619935340761e-06,
    "change_from_prev": 9.386323027674248e-08
}
[2026-02-19 15:48:48,608][INFO] [Run 9] Running for Krylov dimension 12
[2026-02-19 15:50:57,493][INFO] [Run 9]
{
    "raw_unique_basis_states": 32129,
    "fermion_basis_rejected": 0,
    "kept_unique_basis_states": 32129,
    "fermion_shots_rejected": 0,
    "kept_shots": 100000
}
[2026-02-19 15:59:37,730][INFO] [Run 9]
{
    "D": 12,
    "t": 12.0,
    "num_trotter_steps": 1,
    "step_time": "0:10:49.122088",
    "H_reduce_time": "0:08:26.461658",
    "circuit_time": "0:02:08.821317",
    "shot_processing": {
        "raw_unique_basis_states": 32129,
        "fermion_basis_rejected": 0,
        "kept_unique_basis_states": 32129,
        "fermion_shots_rejected": 0,
        "kept_shots": 100000
    },
    "new_basis_count": 13010,
    "total_basis_count": 469934,
    "H_reduced_size": [
        469934,
        469934
    ],
    "reduction": 98.59948754310608,
    "H_reduced_e": 4.821926759416039e-06,
    "used_dense": false,
    "eigenvalue_time": "0:00:13.835444",
    "diff": 4.821926749390449e-06,
    "change_from_prev": 1.1693185950312078e-08
}
[2026-02-19 15:59:37,731][INFO] [Run 9] Running for Krylov dimension 13
[2026-02-19 16:01:44,435][INFO] [Run 9]
{
    "raw_unique_basis_states": 8675,
    "fermion_basis_rejected": 0,
    "kept_unique_basis_states": 8675,
    "fermion_shots_rejected": 0,
    "kept_shots": 100000
}
[2026-02-19 16:10:19,653][INFO] [Run 9]
{
    "D": 13,
    "t": 13.0,
    "num_trotter_steps": 1,
    "step_time": "0:10:41.921549",
    "H_reduce_time": "0:08:21.105029",
    "circuit_time": "0:02:06.684839",
    "shot_processing": {
        "raw_unique_basis_states": 8675,
        "fermion_basis_rejected": 0,
        "kept_unique_basis_states": 8675,
        "fermion_shots_rejected": 0,
        "kept_shots": 100000
    },
    "new_basis_count": 1180,
    "total_basis_count": 471114,
    "H_reduced_size": [
        471114,
        471114
    ],
    "reduction": 98.59597086906433,
    "H_reduced_e": 4.8213311387588145e-06,
    "used_dense": false,
    "eigenvalue_time": "0:00:14.128079",
    "diff": 4.821331128733225e-06,
    "change_from_prev": 5.956206572241255e-10
}
[2026-02-19 16:10:19,653][INFO] [Run 9] Running for Krylov dimension 14
[2026-02-19 16:12:23,082][INFO] [Run 9]
{
    "raw_unique_basis_states": 29805,
    "fermion_basis_rejected": 0,
    "kept_unique_basis_states": 29805,
    "fermion_shots_rejected": 0,
    "kept_shots": 100000
}
[2026-02-19 16:21:20,981][INFO] [Run 9]
{
    "D": 14,
    "t": 14.0,
    "num_trotter_steps": 1,
    "step_time": "0:11:01.327438",
    "H_reduce_time": "0:08:42.981573",
    "circuit_time": "0:02:03.369271",
    "shot_processing": {
        "raw_unique_basis_states": 29805,
        "fermion_basis_rejected": 0,
        "kept_unique_basis_states": 29805,
        "fermion_shots_rejected": 0,
        "kept_shots": 100000
    },
    "new_basis_count": 12507,
    "total_basis_count": 483621,
    "H_reduced_size": [
        483621,
        483621
    ],
    "reduction": 98.55869710445404,
    "H_reduced_e": 3.6196150907777198e-06,
    "used_dense": false,
    "eigenvalue_time": "0:00:14.973681",
    "diff": 3.61961508075213e-06,
    "change_from_prev": 1.2017160479810947e-06
}
[2026-02-19 16:21:20,981][INFO] [Run 9] Running for Krylov dimension 15
[2026-02-19 16:23:27,628][INFO] [Run 9]
{
    "raw_unique_basis_states": 70915,
    "fermion_basis_rejected": 0,
    "kept_unique_basis_states": 70915,
    "fermion_shots_rejected": 0,
    "kept_shots": 100000
}
[2026-02-19 16:34:01,484][INFO] [Run 9]
{
    "D": 15,
    "t": 15.0,
    "num_trotter_steps": 1,
    "step_time": "0:12:40.503133",
    "H_reduce_time": "0:10:17.172388",
    "circuit_time": "0:02:06.507770",
    "shot_processing": {
        "raw_unique_basis_states": 70915,
        "fermion_basis_rejected": 0,
        "kept_unique_basis_states": 70915,
        "fermion_shots_rejected": 0,
        "kept_shots": 100000
    },
    "new_basis_count": 46556,
    "total_basis_count": 530177,
    "H_reduced_size": [
        530177,
        530177
    ],
    "reduction": 98.41994941234589,
    "H_reduced_e": 3.6189066262548712e-06,
    "used_dense": false,
    "eigenvalue_time": "0:00:16.819235",
    "diff": 3.6189066162292813e-06,
    "change_from_prev": 7.084645228485016e-10
}
[2026-02-19 16:34:06,199][INFO] [Run 9]
{
    "num_trotters": 2,
    "transpile_time": "0:00:04.714520",
    "circuit_cist": {
        "depth": 8316,
        "size": 23409,
        "num_2q_ops": 5323,
        "depth_2q": 2538,
        "count_ops": {
            "sx": 9150,
            "rz": 8228,
            "cz": 5323,
            "x": 683,
            "measure": 25,
            "barrier": 1
        }
    }
}
[2026-02-19 16:34:06,200][INFO] [Run 9] Running for Krylov dimension 16
[2026-02-19 17:16:10,234][INFO] [Run 9]
{
    "raw_unique_basis_states": 66954,
    "fermion_basis_rejected": 0,
    "kept_unique_basis_states": 66954,
    "fermion_shots_rejected": 0,
    "kept_shots": 100000
}
[2026-02-19 17:27:30,635][INFO] [Run 9]
{
    "D": 16,
    "t": 16.0,
    "num_trotter_steps": 2,
    "step_time": "0:53:24.435106",
    "H_reduce_time": "0:11:01.379894",
    "circuit_time": "0:42:03.900728",
    "shot_processing": {
        "raw_unique_basis_states": 66954,
        "fermion_basis_rejected": 0,
        "kept_unique_basis_states": 66954,
        "fermion_shots_rejected": 0,
        "kept_shots": 100000
    },
    "new_basis_count": 39009,
    "total_basis_count": 569186,
    "H_reduced_size": [
        569186,
        569186
    ],
    "reduction": 98.30369353294373,
    "H_reduced_e": 3.618691688390789e-06,
    "used_dense": false,
    "eigenvalue_time": "0:00:19.151804",
    "diff": 3.618691678365199e-06,
    "change_from_prev": 2.1493786408233284e-10
}
[2026-02-19 17:27:30,635][INFO] [Run 9] Running for Krylov dimension 17
[2026-02-19 18:09:25,906][INFO] [Run 9]
{
    "raw_unique_basis_states": 87124,
    "fermion_basis_rejected": 0,
    "kept_unique_basis_states": 87124,
    "fermion_shots_rejected": 0,
    "kept_shots": 100000
}
