[2026-02-19 15:26:20,140][INFO] Running VQE for linear potential and cutoff 16
[2026-02-19 15:26:20,143][INFO] Truncation: {'m': 283, 'n': 3276, 'keep_frac_terms': 0.08638583638583638, 'keep_ratio': 0.999, 'truncated': 2.163271863607406, 'total_weight': 2171.2812500000505}
[2026-02-19 15:26:20,146][INFO] min_eigenvalue: 1.0025589899691666e-14
[2026-02-19 15:26:20,989][INFO] []
[2026-02-19 15:26:23,792][INFO] [Run 16] Running for Krylov dimension 1
[2026-02-19 15:28:22,657][INFO] [Run 16]
{
    "raw_unique_basis_states": 1392,
    "fermion_basis_rejected": 0,
    "kept_unique_basis_states": 1392,
    "fermion_shots_rejected": 0,
    "kept_shots": 100000
}
[2026-02-19 15:28:25,215][INFO] [Run 16]
{
    "D": 1,
    "t": 1.0,
    "num_trotter_steps": 1,
    "step_time": "0:02:01.421999",
    "H_reduce_time": "0:00:00.530831",
    "circuit_time": "0:01:58.859971",
    "shot_processing": {
        "raw_unique_basis_states": 1392,
        "fermion_basis_rejected": 0,
        "kept_unique_basis_states": 1392,
        "fermion_shots_rejected": 0,
        "kept_shots": 100000
    },
    "new_basis_count": 1392,
    "total_basis_count": 1392,
    "H_reduced_size": [
        1392,
        1392
    ],
    "reduction": 99.99585151672363,
    "H_reduced_e": 0.0003046702688627586,
    "used_dense": true,
    "eigenvalue_time": "0:00:02.029650",
    "diff": 0.00030467026885273304,
    "change_from_prev": null
}
[2026-02-19 15:28:25,215][INFO] [Run 16] Running for Krylov dimension 2
[2026-02-19 15:30:29,165][INFO] [Run 16]
{
    "raw_unique_basis_states": 37667,
    "fermion_basis_rejected": 0,
    "kept_unique_basis_states": 37667,
    "fermion_shots_rejected": 0,
    "kept_shots": 100000
}
[2026-02-19 15:30:49,051][INFO] [Run 16]
{
    "D": 2,
    "t": 2.0,
    "num_trotter_steps": 1,
    "step_time": "0:02:23.836248",
    "H_reduce_time": "0:00:19.597803",
    "circuit_time": "0:02:03.876493",
    "shot_processing": {
        "raw_unique_basis_states": 37667,
        "fermion_basis_rejected": 0,
        "kept_unique_basis_states": 37667,
        "fermion_shots_rejected": 0,
        "kept_shots": 100000
    },
    "new_basis_count": 36880,
    "total_basis_count": 38272,
    "H_reduced_size": [
        38272,
        38272
    ],
    "reduction": 99.88594055175781,
    "H_reduced_e": 0.0002599115615362815,
    "used_dense": false,
    "eigenvalue_time": "0:00:00.359722",
    "diff": 0.0002599115615262559,
    "change_from_prev": 4.4758707326477114e-05
}
[2026-02-19 15:30:49,052][INFO] [Run 16] Running for Krylov dimension 3
[2026-02-19 15:32:57,240][INFO] [Run 16]
{
    "raw_unique_basis_states": 64102,
    "fermion_basis_rejected": 0,
    "kept_unique_basis_states": 64102,
    "fermion_shots_rejected": 0,
    "kept_shots": 100000
}
[2026-02-19 15:33:51,444][INFO] [Run 16]
{
    "D": 3,
    "t": 3.0,
    "num_trotter_steps": 1,
    "step_time": "0:03:02.391854",
    "H_reduce_time": "0:00:52.967137",
    "circuit_time": "0:02:08.058672",
    "shot_processing": {
        "raw_unique_basis_states": 64102,
        "fermion_basis_rejected": 0,
        "kept_unique_basis_states": 64102,
        "fermion_shots_rejected": 0,
        "kept_shots": 100000
    },
    "new_basis_count": 57594,
    "total_basis_count": 95866,
    "H_reduced_size": [
        95866,
        95866
    ],
    "reduction": 99.71429705619812,
    "H_reduced_e": 3.3558436182317444e-05,
    "used_dense": false,
    "eigenvalue_time": "0:00:01.363299",
    "diff": 3.3558436172291854e-05,
    "change_from_prev": 0.00022635312535396404
}
[2026-02-19 15:33:51,444][INFO] [Run 16] Running for Krylov dimension 4
[2026-02-19 15:35:59,642][INFO] [Run 16]
{
    "raw_unique_basis_states": 65257,
    "fermion_basis_rejected": 0,
    "kept_unique_basis_states": 65257,
    "fermion_shots_rejected": 0,
    "kept_shots": 100000
}
[2026-02-19 15:37:35,813][INFO] [Run 16]
{
    "D": 4,
    "t": 4.0,
    "num_trotter_steps": 1,
    "step_time": "0:03:44.369053",
    "H_reduce_time": "0:01:33.282465",
    "circuit_time": "0:02:08.067964",
    "shot_processing": {
        "raw_unique_basis_states": 65257,
        "fermion_basis_rejected": 0,
        "kept_unique_basis_states": 65257,
        "fermion_shots_rejected": 0,
        "kept_shots": 100000
    },
    "new_basis_count": 58520,
    "total_basis_count": 154386,
    "H_reduced_size": [
        154386,
        154386
    ],
    "reduction": 99.53989386558533,
    "H_reduced_e": 1.1155603411648954e-05,
    "used_dense": false,
    "eigenvalue_time": "0:00:03.015558",
    "diff": 1.1155603401623364e-05,
    "change_from_prev": 2.240283277066849e-05
}
[2026-02-19 15:37:35,814][INFO] [Run 16] Running for Krylov dimension 5
[2026-02-19 15:39:45,143][INFO] [Run 16]
{
    "raw_unique_basis_states": 45131,
    "fermion_basis_rejected": 0,
    "kept_unique_basis_states": 45131,
    "fermion_shots_rejected": 0,
    "kept_shots": 100000
}
[2026-02-19 15:41:52,907][INFO] [Run 16]
{
    "D": 5,
    "t": 5.0,
    "num_trotter_steps": 1,
    "step_time": "0:04:17.093149",
    "H_reduce_time": "0:02:04.027259",
    "circuit_time": "0:02:09.238021",
    "shot_processing": {
        "raw_unique_basis_states": 45131,
        "fermion_basis_rejected": 0,
        "kept_unique_basis_states": 45131,
        "fermion_shots_rejected": 0,
        "kept_shots": 100000
    },
    "new_basis_count": 35378,
    "total_basis_count": 189764,
    "H_reduced_size": [
        189764,
        189764
    ],
    "reduction": 99.43445920944214,
    "H_reduced_e": 1.0510613485683641e-05,
    "used_dense": false,
    "eigenvalue_time": "0:00:03.824516",
    "diff": 1.0510613475658051e-05,
    "change_from_prev": 6.44989925965313e-07
}
[2026-02-19 15:41:52,907][INFO] [Run 16] Running for Krylov dimension 6
[2026-02-19 15:44:01,966][INFO] [Run 16]
{
    "raw_unique_basis_states": 28822,
    "fermion_basis_rejected": 0,
    "kept_unique_basis_states": 28822,
    "fermion_shots_rejected": 0,
    "kept_shots": 100000
}
[2026-02-19 15:46:29,682][INFO] [Run 16]
{
    "D": 6,
    "t": 6.0,
    "num_trotter_steps": 1,
    "step_time": "0:04:36.774811",
    "H_reduce_time": "0:02:23.308198",
    "circuit_time": "0:02:08.999855",
    "shot_processing": {
        "raw_unique_basis_states": 28822,
        "fermion_basis_rejected": 0,
        "kept_unique_basis_states": 28822,
        "fermion_shots_rejected": 0,
        "kept_shots": 100000
    },
    "new_basis_count": 17680,
    "total_basis_count": 207444,
    "H_reduced_size": [
        207444,
        207444
    ],
    "reduction": 99.3817687034607,
    "H_reduced_e": 9.170123057659569e-06,
    "used_dense": false,
    "eigenvalue_time": "0:00:04.463574",
    "diff": 9.170123047633979e-06,
    "change_from_prev": 1.3404904280240724e-06
}
[2026-02-19 15:46:29,683][INFO] [Run 16] Running for Krylov dimension 7
[2026-02-19 15:48:39,470][INFO] [Run 16]
{
    "raw_unique_basis_states": 30596,
    "fermion_basis_rejected": 0,
    "kept_unique_basis_states": 30596,
    "fermion_shots_rejected": 0,
    "kept_shots": 100000
}
[2026-02-19 15:51:26,807][INFO] [Run 16]
{
    "D": 7,
    "t": 7.0,
    "num_trotter_steps": 1,
    "step_time": "0:04:57.124233",
    "H_reduce_time": "0:02:42.046206",
    "circuit_time": "0:02:09.724816",
    "shot_processing": {
        "raw_unique_basis_states": 30596,
        "fermion_basis_rejected": 0,
        "kept_unique_basis_states": 30596,
        "fermion_shots_rejected": 0,
        "kept_shots": 100000
    },
    "new_basis_count": 15789,
    "total_basis_count": 223233,
    "H_reduced_size": [
        223233,
        223233
    ],
    "reduction": 99.33471381664276,
    "H_reduced_e": 7.555763361891097e-06,
    "used_dense": false,
    "eigenvalue_time": "0:00:05.350121",
    "diff": 7.555763351865508e-06,
    "change_from_prev": 1.6143596957684717e-06
}
[2026-02-19 15:51:26,807][INFO] [Run 16] Running for Krylov dimension 8
[2026-02-19 15:53:35,756][INFO] [Run 16]
{
    "raw_unique_basis_states": 70671,
    "fermion_basis_rejected": 0,
    "kept_unique_basis_states": 70671,
    "fermion_shots_rejected": 0,
    "kept_shots": 100000
}
[2026-02-19 15:57:13,466][INFO] [Run 16]
{
    "D": 8,
    "t": 8.0,
    "num_trotter_steps": 1,
    "step_time": "0:05:46.658780",
    "H_reduce_time": "0:03:31.531380",
    "circuit_time": "0:02:08.808456",
    "shot_processing": {
        "raw_unique_basis_states": 70671,
        "fermion_basis_rejected": 0,
        "kept_unique_basis_states": 70671,
        "fermion_shots_rejected": 0,
        "kept_shots": 100000
    },
    "new_basis_count": 49563,
    "total_basis_count": 272796,
    "H_reduced_size": [
        272796,
        272796
    ],
    "reduction": 99.18700456619263,
    "H_reduced_e": 6.939310112183421e-06,
    "used_dense": false,
    "eigenvalue_time": "0:00:06.316148",
    "diff": 6.939310102157831e-06,
    "change_from_prev": 6.164532497076766e-07
}
[2026-02-19 15:57:13,467][INFO] [Run 16] Running for Krylov dimension 9
[2026-02-19 15:59:22,257][INFO] [Run 16]
{
    "raw_unique_basis_states": 86329,
    "fermion_basis_rejected": 0,
    "kept_unique_basis_states": 86329,
    "fermion_shots_rejected": 0,
    "kept_shots": 100000
}
[2026-02-19 16:05:31,291][INFO] [Run 16]
{
    "D": 9,
    "t": 9.0,
    "num_trotter_steps": 1,
    "step_time": "0:08:17.823554",
    "H_reduce_time": "0:05:57.062108",
    "circuit_time": "0:02:08.613161",
    "shot_processing": {
        "raw_unique_basis_states": 86329,
        "fermion_basis_rejected": 0,
        "kept_unique_basis_states": 86329,
        "fermion_shots_rejected": 0,
        "kept_shots": 100000
    },
    "new_basis_count": 73066,
    "total_basis_count": 345862,
    "H_reduced_size": [
        345862,
        345862
    ],
    "reduction": 98.96925091743469,
    "H_reduced_e": 6.929139569669398e-06,
    "used_dense": false,
    "eigenvalue_time": "0:00:12.145181",
    "diff": 6.929139559643808e-06,
    "change_from_prev": 1.0170542514023213e-08
}
[2026-02-19 16:05:31,291][INFO] [Run 16] Running for Krylov dimension 10
[2026-02-19 16:07:41,519][INFO] [Run 16]
{
    "raw_unique_basis_states": 73499,
    "fermion_basis_rejected": 0,
    "kept_unique_basis_states": 73499,
    "fermion_shots_rejected": 0,
    "kept_shots": 100000
}
[2026-02-19 16:15:36,740][INFO] [Run 16]
{
    "D": 10,
    "t": 10.0,
    "num_trotter_steps": 1,
    "step_time": "0:10:05.448478",
    "H_reduce_time": "0:07:39.512291",
    "circuit_time": "0:02:10.043090",
    "shot_processing": {
        "raw_unique_basis_states": 73499,
        "fermion_basis_rejected": 0,
        "kept_unique_basis_states": 73499,
        "fermion_shots_rejected": 0,
        "kept_shots": 100000
    },
    "new_basis_count": 58987,
    "total_basis_count": 404849,
    "H_reduced_size": [
        404849,
        404849
    ],
    "reduction": 98.7934559583664,
    "H_reduced_e": 6.889344397912259e-06,
    "used_dense": false,
    "eigenvalue_time": "0:00:15.887824",
    "diff": 6.8893443878866695e-06,
    "change_from_prev": 3.979517175713859e-08
}
[2026-02-19 16:15:36,740][INFO] [Run 16] Running for Krylov dimension 11
[2026-02-19 16:17:47,203][INFO] [Run 16]
{
    "raw_unique_basis_states": 69776,
    "fermion_basis_rejected": 0,
    "kept_unique_basis_states": 69776,
    "fermion_shots_rejected": 0,
    "kept_shots": 100000
}
[2026-02-19 16:27:13,851][INFO] [Run 16]
{
    "D": 11,
    "t": 11.0,
    "num_trotter_steps": 1,
    "step_time": "0:11:37.111222",
    "H_reduce_time": "0:09:08.646982",
    "circuit_time": "0:02:10.323330",
    "shot_processing": {
        "raw_unique_basis_states": 69776,
        "fermion_basis_rejected": 0,
        "kept_unique_basis_states": 69776,
        "fermion_shots_rejected": 0,
        "kept_shots": 100000
    },
    "new_basis_count": 52156,
    "total_basis_count": 457005,
    "H_reduced_size": [
        457005,
        457005
    ],
    "reduction": 98.63801896572113,
    "H_reduced_e": 4.4145571392868635e-06,
    "used_dense": false,
    "eigenvalue_time": "0:00:18.137956",
    "diff": 4.414557129261274e-06,
    "change_from_prev": 2.4747872586253955e-06
}
[2026-02-19 16:27:13,852][INFO] [Run 16] Running for Krylov dimension 12
[2026-02-19 16:29:23,324][INFO] [Run 16]
{
    "raw_unique_basis_states": 32266,
    "fermion_basis_rejected": 0,
    "kept_unique_basis_states": 32266,
    "fermion_shots_rejected": 0,
    "kept_shots": 100000
}
[2026-02-19 16:40:43,202][INFO] [Run 16]
{
    "D": 12,
    "t": 12.0,
    "num_trotter_steps": 1,
    "step_time": "0:13:29.350262",
    "H_reduce_time": "0:11:01.415134",
    "circuit_time": "0:02:09.407431",
    "shot_processing": {
        "raw_unique_basis_states": 32266,
        "fermion_basis_rejected": 0,
        "kept_unique_basis_states": 32266,
        "fermion_shots_rejected": 0,
        "kept_shots": 100000
    },
    "new_basis_count": 12893,
    "total_basis_count": 469898,
    "H_reduced_size": [
        469898,
        469898
    ],
    "reduction": 98.59959483146667,
    "H_reduced_e": 4.39703764620149e-06,
    "used_dense": false,
    "eigenvalue_time": "0:00:18.524622",
    "diff": 4.3970376361759e-06,
    "change_from_prev": 1.7519493085373855e-08
}
[2026-02-19 16:40:43,203][INFO] [Run 16] Running for Krylov dimension 13
[2026-02-19 16:42:51,723][INFO] [Run 16]
{
    "raw_unique_basis_states": 8588,
    "fermion_basis_rejected": 0,
    "kept_unique_basis_states": 8588,
    "fermion_shots_rejected": 0,
    "kept_shots": 100000
}
[2026-02-19 16:54:30,917][INFO] [Run 16]
{
    "D": 13,
    "t": 13.0,
    "num_trotter_steps": 1,
    "step_time": "0:13:47.714411",
    "H_reduce_time": "0:11:17.315843",
    "circuit_time": "0:02:08.495308",
    "shot_processing": {
        "raw_unique_basis_states": 8588,
        "fermion_basis_rejected": 0,
        "kept_unique_basis_states": 8588,
        "fermion_shots_rejected": 0,
        "kept_shots": 100000
    },
    "new_basis_count": 1143,
    "total_basis_count": 471041,
    "H_reduced_size": [
        471041,
        471041
    ],
    "reduction": 98.59618842601776,
    "H_reduced_e": 4.392575584920397e-06,
    "used_dense": false,
    "eigenvalue_time": "0:00:21.898686",
    "diff": 4.392575574894807e-06,
    "change_from_prev": 4.4620612810930056e-09
}
[2026-02-19 16:54:30,918][INFO] [Run 16] Running for Krylov dimension 14
[2026-02-19 16:56:35,428][INFO] [Run 16]
{
    "raw_unique_basis_states": 29824,
    "fermion_basis_rejected": 0,
    "kept_unique_basis_states": 29824,
    "fermion_shots_rejected": 0,
    "kept_shots": 100000
}
[2026-02-19 17:08:50,554][INFO] [Run 16]
{
    "D": 14,
    "t": 14.0,
    "num_trotter_steps": 1,
    "step_time": "0:14:19.635802",
    "H_reduce_time": "0:11:54.658004",
    "circuit_time": "0:02:04.447363",
    "shot_processing": {
        "raw_unique_basis_states": 29824,
        "fermion_basis_rejected": 0,
        "kept_unique_basis_states": 29824,
        "fermion_shots_rejected": 0,
        "kept_shots": 100000
    },
    "new_basis_count": 12442,
    "total_basis_count": 483483,
    "H_reduced_size": [
        483483,
        483483
    ],
    "reduction": 98.55910837650299,
    "H_reduced_e": 2.180088551533159e-06,
    "used_dense": false,
    "eigenvalue_time": "0:00:20.527544",
    "diff": 2.180088541507569e-06,
    "change_from_prev": 2.2124870333872375e-06
}
[2026-02-19 17:08:50,554][INFO] [Run 16] Running for Krylov dimension 15
[2026-02-19 17:10:57,961][INFO] [Run 16]
{
    "raw_unique_basis_states": 70485,
    "fermion_basis_rejected": 0,
    "kept_unique_basis_states": 70485,
    "fermion_shots_rejected": 0,
    "kept_shots": 100000
}
[2026-02-19 17:25:22,279][INFO] [Run 16]
{
    "D": 15,
    "t": 15.0,
    "num_trotter_steps": 1,
    "step_time": "0:16:31.724917",
    "H_reduce_time": "0:14:00.625207",
    "circuit_time": "0:02:07.230130",
    "shot_processing": {
        "raw_unique_basis_states": 70485,
        "fermion_basis_rejected": 0,
        "kept_unique_basis_states": 70485,
        "fermion_shots_rejected": 0,
        "kept_shots": 100000
    },
    "new_basis_count": 46165,
    "total_basis_count": 529648,
    "H_reduced_size": [
        529648,
        529648
    ],
    "reduction": 98.4215259552002,
    "H_reduced_e": 2.171976992784392e-06,
    "used_dense": false,
    "eigenvalue_time": "0:00:23.863934",
    "diff": 2.171976982758802e-06,
    "change_from_prev": 8.111558748767144e-09
}
[2026-02-19 17:25:27,597][INFO] [Run 16]
{
    "num_trotters": 2,
    "transpile_time": "0:00:05.316883",
    "circuit_cist": {
        "depth": 8316,
        "size": 23409,
        "num_2q_ops": 5323,
        "depth_2q": 2538,
        "count_ops": {
            "sx": 9150,
            "rz": 8228,
            "cz": 5323,
            "x": 683,
            "measure": 25,
            "barrier": 1
        }
    }
}
[2026-02-19 17:25:27,598][INFO] [Run 16] Running for Krylov dimension 16
[2026-02-19 18:08:04,034][INFO] [Run 16]
{
    "raw_unique_basis_states": 66919,
    "fermion_basis_rejected": 0,
    "kept_unique_basis_states": 66919,
    "fermion_shots_rejected": 0,
    "kept_shots": 100000
}
[2026-02-19 18:24:17,535][INFO] [Run 16]
{
    "D": 16,
    "t": 16.0,
    "num_trotter_steps": 2,
    "step_time": "0:58:49.937400",
    "H_reduce_time": "0:15:46.738412",
    "circuit_time": "0:42:36.301534",
    "shot_processing": {
        "raw_unique_basis_states": 66919,
        "fermion_basis_rejected": 0,
        "kept_unique_basis_states": 66919,
        "fermion_shots_rejected": 0,
        "kept_shots": 100000
    },
    "new_basis_count": 39118,
    "total_basis_count": 568766,
    "H_reduced_size": [
        568766,
        568766
    ],
    "reduction": 98.30494523048401,
    "H_reduced_e": 2.170577221026708e-06,
    "used_dense": false,
    "eigenvalue_time": "0:00:26.894509",
    "diff": 2.170577211001118e-06,
    "change_from_prev": 1.3997717576839042e-09
}
[2026-02-19 18:24:17,536][INFO] [Run 16] Running for Krylov dimension 17
