[2026-02-19 14:58:37,515][INFO] Running VQE for linear potential and cutoff 16
[2026-02-19 14:58:37,518][INFO] Truncation: {'m': 283, 'n': 3276, 'keep_frac_terms': 0.08638583638583638, 'keep_ratio': 0.999, 'truncated': 2.163271863607406, 'total_weight': 2171.2812500000505}
[2026-02-19 14:58:37,521][INFO] min_eigenvalue: 1.0025589899691666e-14
[2026-02-19 14:58:38,341][INFO] []
[2026-02-19 14:58:41,128][INFO] [Run 10] Running for Krylov dimension 1
[2026-02-19 15:00:40,430][INFO] [Run 10]
{
    "raw_unique_basis_states": 1383,
    "fermion_basis_rejected": 0,
    "kept_unique_basis_states": 1383,
    "fermion_shots_rejected": 0,
    "kept_shots": 100000
}
[2026-02-19 15:00:42,976][INFO] [Run 10]
{
    "D": 1,
    "t": 1.0,
    "num_trotter_steps": 1,
    "step_time": "0:02:01.847996",
    "H_reduce_time": "0:00:00.516509",
    "circuit_time": "0:01:59.298054",
    "shot_processing": {
        "raw_unique_basis_states": 1383,
        "fermion_basis_rejected": 0,
        "kept_unique_basis_states": 1383,
        "fermion_shots_rejected": 0,
        "kept_shots": 100000
    },
    "new_basis_count": 1383,
    "total_basis_count": 1383,
    "H_reduced_size": [
        1383,
        1383
    ],
    "reduction": 99.99587833881378,
    "H_reduced_e": 7.930763734649416e-05,
    "used_dense": true,
    "eigenvalue_time": "0:00:02.032083",
    "diff": 7.930763733646857e-05,
    "change_from_prev": null
}
[2026-02-19 15:00:42,976][INFO] [Run 10] Running for Krylov dimension 2
[2026-02-19 15:02:47,086][INFO] [Run 10]
{
    "raw_unique_basis_states": 37575,
    "fermion_basis_rejected": 0,
    "kept_unique_basis_states": 37575,
    "fermion_shots_rejected": 0,
    "kept_shots": 100000
}
[2026-02-19 15:03:06,767][INFO] [Run 10]
{
    "D": 2,
    "t": 2.0,
    "num_trotter_steps": 1,
    "step_time": "0:02:23.791136",
    "H_reduce_time": "0:00:19.367920",
    "circuit_time": "0:02:04.036369",
    "shot_processing": {
        "raw_unique_basis_states": 37575,
        "fermion_basis_rejected": 0,
        "kept_unique_basis_states": 37575,
        "fermion_shots_rejected": 0,
        "kept_shots": 100000
    },
    "new_basis_count": 36810,
    "total_basis_count": 38193,
    "H_reduced_size": [
        38193,
        38193
    ],
    "reduction": 99.88617599010468,
    "H_reduced_e": 3.451882154101855e-05,
    "used_dense": false,
    "eigenvalue_time": "0:00:00.384194",
    "diff": 3.451882153099296e-05,
    "change_from_prev": 4.4788815805475615e-05
}
[2026-02-19 15:03:06,768][INFO] [Run 10] Running for Krylov dimension 3
[2026-02-19 15:05:15,389][INFO] [Run 10]
{
    "raw_unique_basis_states": 63840,
    "fermion_basis_rejected": 0,
    "kept_unique_basis_states": 63840,
    "fermion_shots_rejected": 0,
    "kept_shots": 100000
}
[2026-02-19 15:06:08,189][INFO] [Run 10]
{
    "D": 3,
    "t": 3.0,
    "num_trotter_steps": 1,
    "step_time": "0:03:01.420829",
    "H_reduce_time": "0:00:51.507578",
    "circuit_time": "0:02:08.494178",
    "shot_processing": {
        "raw_unique_basis_states": 63840,
        "fermion_basis_rejected": 0,
        "kept_unique_basis_states": 63840,
        "fermion_shots_rejected": 0,
        "kept_shots": 100000
    },
    "new_basis_count": 57360,
    "total_basis_count": 95553,
    "H_reduced_size": [
        95553,
        95553
    ],
    "reduction": 99.71522986888885,
    "H_reduced_e": 1.7656599877272817e-05,
    "used_dense": false,
    "eigenvalue_time": "0:00:01.415675",
    "diff": 1.7656599867247226e-05,
    "change_from_prev": 1.686222166374573e-05
}
[2026-02-19 15:06:08,190][INFO] [Run 10] Running for Krylov dimension 4
[2026-02-19 15:08:16,013][INFO] [Run 10]
{
    "raw_unique_basis_states": 64772,
    "fermion_basis_rejected": 0,
    "kept_unique_basis_states": 64772,
    "fermion_shots_rejected": 0,
    "kept_shots": 100000
}
[2026-02-19 15:09:51,775][INFO] [Run 10]
{
    "D": 4,
    "t": 4.0,
    "num_trotter_steps": 1,
    "step_time": "0:03:43.585521",
    "H_reduce_time": "0:01:32.869168",
    "circuit_time": "0:02:07.694167",
    "shot_processing": {
        "raw_unique_basis_states": 64772,
        "fermion_basis_rejected": 0,
        "kept_unique_basis_states": 64772,
        "fermion_shots_rejected": 0,
        "kept_shots": 100000
    },
    "new_basis_count": 58134,
    "total_basis_count": 153687,
    "H_reduced_size": [
        153687,
        153687
    ],
    "reduction": 99.54197704792023,
    "H_reduced_e": 6.570677820846726e-06,
    "used_dense": false,
    "eigenvalue_time": "0:00:03.018476",
    "diff": 6.570677810821137e-06,
    "change_from_prev": 1.1085922056426091e-05
}
[2026-02-19 15:09:51,776][INFO] [Run 10] Running for Krylov dimension 5
[2026-02-19 15:12:00,981][INFO] [Run 10]
{
    "raw_unique_basis_states": 45080,
    "fermion_basis_rejected": 0,
    "kept_unique_basis_states": 45080,
    "fermion_shots_rejected": 0,
    "kept_shots": 100000
}
[2026-02-19 15:14:10,936][INFO] [Run 10]
{
    "D": 5,
    "t": 5.0,
    "num_trotter_steps": 1,
    "step_time": "0:04:19.160106",
    "H_reduce_time": "0:02:06.152004",
    "circuit_time": "0:02:09.114982",
    "shot_processing": {
        "raw_unique_basis_states": 45080,
        "fermion_basis_rejected": 0,
        "kept_unique_basis_states": 45080,
        "fermion_shots_rejected": 0,
        "kept_shots": 100000
    },
    "new_basis_count": 35349,
    "total_basis_count": 189036,
    "H_reduced_size": [
        189036,
        189036
    ],
    "reduction": 99.43662881851196,
    "H_reduced_e": 6.373350672287695e-06,
    "used_dense": false,
    "eigenvalue_time": "0:00:03.889323",
    "diff": 6.373350662262106e-06,
    "change_from_prev": 1.9732714855903117e-07
}
[2026-02-19 15:14:10,937][INFO] [Run 10] Running for Krylov dimension 6
[2026-02-19 15:16:20,059][INFO] [Run 10]
{
    "raw_unique_basis_states": 28645,
    "fermion_basis_rejected": 0,
    "kept_unique_basis_states": 28645,
    "fermion_shots_rejected": 0,
    "kept_shots": 100000
}
[2026-02-19 15:18:47,746][INFO] [Run 10]
{
    "D": 6,
    "t": 6.0,
    "num_trotter_steps": 1,
    "step_time": "0:04:36.809416",
    "H_reduce_time": "0:02:22.797045",
    "circuit_time": "0:02:09.063192",
    "shot_processing": {
        "raw_unique_basis_states": 28645,
        "fermion_basis_rejected": 0,
        "kept_unique_basis_states": 28645,
        "fermion_shots_rejected": 0,
        "kept_shots": 100000
    },
    "new_basis_count": 17607,
    "total_basis_count": 206643,
    "H_reduced_size": [
        206643,
        206643
    ],
    "reduction": 99.38415586948395,
    "H_reduced_e": 4.291477872623003e-06,
    "used_dense": false,
    "eigenvalue_time": "0:00:04.945356",
    "diff": 4.291477862597413e-06,
    "change_from_prev": 2.0818727996646926e-06
}
[2026-02-19 15:18:47,747][INFO] [Run 10] Running for Krylov dimension 7
[2026-02-19 15:20:57,342][INFO] [Run 10]
{
    "raw_unique_basis_states": 30476,
    "fermion_basis_rejected": 0,
    "kept_unique_basis_states": 30476,
    "fermion_shots_rejected": 0,
    "kept_shots": 100000
}
[2026-02-19 15:23:44,386][INFO] [Run 10]
{
    "D": 7,
    "t": 7.0,
    "num_trotter_steps": 1,
    "step_time": "0:04:56.638870",
    "H_reduce_time": "0:02:42.284034",
    "circuit_time": "0:02:09.533100",
    "shot_processing": {
        "raw_unique_basis_states": 30476,
        "fermion_basis_rejected": 0,
        "kept_unique_basis_states": 30476,
        "fermion_shots_rejected": 0,
        "kept_shots": 100000
    },
    "new_basis_count": 15752,
    "total_basis_count": 222395,
    "H_reduced_size": [
        222395,
        222395
    ],
    "reduction": 99.33721125125885,
    "H_reduced_e": 4.104935740682088e-06,
    "used_dense": false,
    "eigenvalue_time": "0:00:04.817814",
    "diff": 4.104935730656498e-06,
    "change_from_prev": 1.8654213194091498e-07
}
[2026-02-19 15:23:44,386][INFO] [Run 10] Running for Krylov dimension 8
[2026-02-19 15:25:53,091][INFO] [Run 10]
{
    "raw_unique_basis_states": 70481,
    "fermion_basis_rejected": 0,
    "kept_unique_basis_states": 70481,
    "fermion_shots_rejected": 0,
    "kept_shots": 100000
}
[2026-02-19 15:29:30,790][INFO] [Run 10]
{
    "D": 8,
    "t": 8.0,
    "num_trotter_steps": 1,
    "step_time": "0:05:46.403746",
    "H_reduce_time": "0:03:30.679802",
    "circuit_time": "0:02:08.562084",
    "shot_processing": {
        "raw_unique_basis_states": 70481,
        "fermion_basis_rejected": 0,
        "kept_unique_basis_states": 70481,
        "fermion_shots_rejected": 0,
        "kept_shots": 100000
    },
    "new_basis_count": 49358,
    "total_basis_count": 271753,
    "H_reduced_size": [
        271753,
        271753
    ],
    "reduction": 99.19011294841766,
    "H_reduced_e": 3.364633646893147e-06,
    "used_dense": false,
    "eigenvalue_time": "0:00:07.158048",
    "diff": 3.364633636867557e-06,
    "change_from_prev": 7.403020937889407e-07
}
[2026-02-19 15:29:30,791][INFO] [Run 10] Running for Krylov dimension 9
[2026-02-19 15:31:39,637][INFO] [Run 10]
{
    "raw_unique_basis_states": 86373,
    "fermion_basis_rejected": 0,
    "kept_unique_basis_states": 86373,
    "fermion_shots_rejected": 0,
    "kept_shots": 100000
}
[2026-02-19 15:36:30,919][INFO] [Run 10]
{
    "D": 9,
    "t": 9.0,
    "num_trotter_steps": 1,
    "step_time": "0:07:00.128544",
    "H_reduce_time": "0:04:42.536554",
    "circuit_time": "0:02:08.673565",
    "shot_processing": {
        "raw_unique_basis_states": 86373,
        "fermion_basis_rejected": 0,
        "kept_unique_basis_states": 86373,
        "fermion_shots_rejected": 0,
        "kept_shots": 100000
    },
    "new_basis_count": 73225,
    "total_basis_count": 344978,
    "H_reduced_size": [
        344978,
        344978
    ],
    "reduction": 98.97188544273376,
    "H_reduced_e": 2.812431627435754e-06,
    "used_dense": false,
    "eigenvalue_time": "0:00:08.914270",
    "diff": 2.812431617410164e-06,
    "change_from_prev": 5.522020194573929e-07
}
[2026-02-19 15:36:30,920][INFO] [Run 10] Running for Krylov dimension 10
[2026-02-19 15:38:40,339][INFO] [Run 10]
{
    "raw_unique_basis_states": 73596,
    "fermion_basis_rejected": 0,
    "kept_unique_basis_states": 73596,
    "fermion_shots_rejected": 0,
    "kept_shots": 100000
}
[2026-02-19 15:44:34,114][INFO] [Run 10]
{
    "D": 10,
    "t": 10.0,
    "num_trotter_steps": 1,
    "step_time": "0:08:03.193636",
    "H_reduce_time": "0:05:44.317808",
    "circuit_time": "0:02:09.267245",
    "shot_processing": {
        "raw_unique_basis_states": 73596,
        "fermion_basis_rejected": 0,
        "kept_unique_basis_states": 73596,
        "fermion_shots_rejected": 0,
        "kept_shots": 100000
    },
    "new_basis_count": 59154,
    "total_basis_count": 404132,
    "H_reduced_size": [
        404132,
        404132
    ],
    "reduction": 98.79559278488159,
    "H_reduced_e": 2.7238054137151013e-06,
    "used_dense": false,
    "eigenvalue_time": "0:00:09.604695",
    "diff": 2.7238054036895114e-06,
    "change_from_prev": 8.862621372065266e-08
}
[2026-02-19 15:44:34,114][INFO] [Run 10] Running for Krylov dimension 11
[2026-02-19 15:46:42,382][INFO] [Run 10]
{
    "raw_unique_basis_states": 69534,
    "fermion_basis_rejected": 0,
    "kept_unique_basis_states": 69534,
    "fermion_shots_rejected": 0,
    "kept_shots": 100000
}
[2026-02-19 15:53:53,985][INFO] [Run 10]
{
    "D": 11,
    "t": 11.0,
    "num_trotter_steps": 1,
    "step_time": "0:09:19.870593",
    "H_reduce_time": "0:06:59.878922",
    "circuit_time": "0:02:08.127207",
    "shot_processing": {
        "raw_unique_basis_states": 69534,
        "fermion_basis_rejected": 0,
        "kept_unique_basis_states": 69534,
        "fermion_shots_rejected": 0,
        "kept_shots": 100000
    },
    "new_basis_count": 52072,
    "total_basis_count": 456204,
    "H_reduced_size": [
        456204,
        456204
    ],
    "reduction": 98.64040613174438,
    "H_reduced_e": 2.5749435775669417e-06,
    "used_dense": false,
    "eigenvalue_time": "0:00:11.860437",
    "diff": 2.5749435675413517e-06,
    "change_from_prev": 1.4886183614815963e-07
}
[2026-02-19 15:53:53,985][INFO] [Run 10] Running for Krylov dimension 12
[2026-02-19 15:56:02,232][INFO] [Run 10]
{
    "raw_unique_basis_states": 32237,
    "fermion_basis_rejected": 0,
    "kept_unique_basis_states": 32237,
    "fermion_shots_rejected": 0,
    "kept_shots": 100000
}
[2026-02-19 16:03:33,809][INFO] [Run 10]
{
    "D": 12,
    "t": 12.0,
    "num_trotter_steps": 1,
    "step_time": "0:09:39.823559",
    "H_reduce_time": "0:07:18.645546",
    "circuit_time": "0:02:08.181201",
    "shot_processing": {
        "raw_unique_basis_states": 32237,
        "fermion_basis_rejected": 0,
        "kept_unique_basis_states": 32237,
        "fermion_shots_rejected": 0,
        "kept_shots": 100000
    },
    "new_basis_count": 12946,
    "total_basis_count": 469150,
    "H_reduced_size": [
        469150,
        469150
    ],
    "reduction": 98.60182404518127,
    "H_reduced_e": 2.5687997607627916e-06,
    "used_dense": false,
    "eigenvalue_time": "0:00:12.992918",
    "diff": 2.5687997507372016e-06,
    "change_from_prev": 6.143816804150157e-09
}
[2026-02-19 16:03:33,810][INFO] [Run 10] Running for Krylov dimension 13
[2026-02-19 16:05:40,425][INFO] [Run 10]
{
    "raw_unique_basis_states": 8596,
    "fermion_basis_rejected": 0,
    "kept_unique_basis_states": 8596,
    "fermion_shots_rejected": 0,
    "kept_shots": 100000
}
[2026-02-19 16:13:15,009][INFO] [Run 10]
{
    "D": 13,
    "t": 13.0,
    "num_trotter_steps": 1,
    "step_time": "0:09:41.198595",
    "H_reduce_time": "0:07:22.960500",
    "circuit_time": "0:02:06.595127",
    "shot_processing": {
        "raw_unique_basis_states": 8596,
        "fermion_basis_rejected": 0,
        "kept_unique_basis_states": 8596,
        "fermion_shots_rejected": 0,
        "kept_shots": 100000
    },
    "new_basis_count": 1166,
    "total_basis_count": 470316,
    "H_reduced_size": [
        470316,
        470316
    ],
    "reduction": 98.59834909439087,
    "H_reduced_e": 2.566322018622774e-06,
    "used_dense": false,
    "eigenvalue_time": "0:00:11.638970",
    "diff": 2.566322008597184e-06,
    "change_from_prev": 2.477742140017426e-09
}
[2026-02-19 16:13:19,617][INFO] [Run 10]
{
    "num_trotters": 2,
    "transpile_time": "0:00:04.608094",
    "circuit_cist": {
        "depth": 8316,
        "size": 23409,
        "num_2q_ops": 5323,
        "depth_2q": 2538,
        "count_ops": {
            "sx": 9150,
            "rz": 8228,
            "cz": 5323,
            "x": 683,
            "measure": 25,
            "barrier": 1
        }
    }
}
[2026-02-19 16:13:19,617][INFO] [Run 10] Running for Krylov dimension 14
[2026-02-19 16:55:20,758][INFO] [Run 10]
{
    "raw_unique_basis_states": 47408,
    "fermion_basis_rejected": 0,
    "kept_unique_basis_states": 47408,
    "fermion_shots_rejected": 0,
    "kept_shots": 100000
}
[2026-02-19 17:03:19,667][INFO] [Run 10]
{
    "D": 14,
    "t": 14.0,
    "num_trotter_steps": 2,
    "step_time": "0:50:00.048958",
    "H_reduce_time": "0:07:45.494653",
    "circuit_time": "0:42:01.047301",
    "shot_processing": {
        "raw_unique_basis_states": 47408,
        "fermion_basis_rejected": 0,
        "kept_unique_basis_states": 47408,
        "fermion_shots_rejected": 0,
        "kept_shots": 100000
    },
    "new_basis_count": 18088,
    "total_basis_count": 488404,
    "H_reduced_size": [
        488404,
        488404
    ],
    "reduction": 98.544442653656,
    "H_reduced_e": 2.0832007552859504e-06,
    "used_dense": false,
    "eigenvalue_time": "0:00:13.504141",
    "diff": 2.0832007452603604e-06,
    "change_from_prev": 4.831212633368237e-07
}
[2026-02-19 17:03:19,667][INFO] [Run 10] Running for Krylov dimension 15
[2026-02-19 17:45:19,270][INFO] [Run 10]
{
    "raw_unique_basis_states": 58896,
    "fermion_basis_rejected": 0,
    "kept_unique_basis_states": 58896,
    "fermion_shots_rejected": 0,
    "kept_shots": 100000
}
[2026-02-19 17:54:10,208][INFO] [Run 10]
{
    "D": 15,
    "t": 15.0,
    "num_trotter_steps": 2,
    "step_time": "0:50:50.540428",
    "H_reduce_time": "0:08:36.442708",
    "circuit_time": "0:41:59.486723",
    "shot_processing": {
        "raw_unique_basis_states": 58896,
        "fermion_basis_rejected": 0,
        "kept_unique_basis_states": 58896,
        "fermion_shots_rejected": 0,
        "kept_shots": 100000
    },
    "new_basis_count": 27701,
    "total_basis_count": 516105,
    "H_reduced_size": [
        516105,
        516105
    ],
    "reduction": 98.46188724040985,
    "H_reduced_e": 2.072997079990948e-06,
    "used_dense": false,
    "eigenvalue_time": "0:00:14.605494",
    "diff": 2.072997069965358e-06,
    "change_from_prev": 1.0203675295002321e-08
}
[2026-02-19 17:54:10,208][INFO] [Run 10] Running for Krylov dimension 16
