[2026-02-19 15:24:48,354][INFO] Running VQE for linear potential and cutoff 16
[2026-02-19 15:24:48,357][INFO] Truncation: {'m': 283, 'n': 3276, 'keep_frac_terms': 0.08638583638583638, 'keep_ratio': 0.999, 'truncated': 2.163271863607406, 'total_weight': 2171.2812500000505}
[2026-02-19 15:24:48,361][INFO] min_eigenvalue: 1.0025589899691666e-14
[2026-02-19 15:24:49,550][INFO] []
[2026-02-19 15:24:52,374][INFO] [Run 15] Running for Krylov dimension 1
[2026-02-19 15:26:51,177][INFO] [Run 15]
{
    "raw_unique_basis_states": 1421,
    "fermion_basis_rejected": 0,
    "kept_unique_basis_states": 1421,
    "fermion_shots_rejected": 0,
    "kept_shots": 100000
}
[2026-02-19 15:26:53,835][INFO] [Run 15]
{
    "D": 1,
    "t": 1.0,
    "num_trotter_steps": 1,
    "step_time": "0:02:01.461140",
    "H_reduce_time": "0:00:00.520313",
    "circuit_time": "0:01:58.798914",
    "shot_processing": {
        "raw_unique_basis_states": 1421,
        "fermion_basis_rejected": 0,
        "kept_unique_basis_states": 1421,
        "fermion_shots_rejected": 0,
        "kept_shots": 100000
    },
    "new_basis_count": 1421,
    "total_basis_count": 1421,
    "H_reduced_size": [
        1421,
        1421
    ],
    "reduction": 99.99576508998871,
    "H_reduced_e": 8.917982697882934e-05,
    "used_dense": true,
    "eigenvalue_time": "0:00:02.140474",
    "diff": 8.917982696880375e-05,
    "change_from_prev": null
}
[2026-02-19 15:26:53,836][INFO] [Run 15] Running for Krylov dimension 2
[2026-02-19 15:28:57,528][INFO] [Run 15]
{
    "raw_unique_basis_states": 37742,
    "fermion_basis_rejected": 0,
    "kept_unique_basis_states": 37742,
    "fermion_shots_rejected": 0,
    "kept_shots": 100000
}
[2026-02-19 15:29:17,372][INFO] [Run 15]
{
    "D": 2,
    "t": 2.0,
    "num_trotter_steps": 1,
    "step_time": "0:02:23.536485",
    "H_reduce_time": "0:00:19.483562",
    "circuit_time": "0:02:03.619810",
    "shot_processing": {
        "raw_unique_basis_states": 37742,
        "fermion_basis_rejected": 0,
        "kept_unique_basis_states": 37742,
        "fermion_shots_rejected": 0,
        "kept_shots": 100000
    },
    "new_basis_count": 36963,
    "total_basis_count": 38384,
    "H_reduced_size": [
        38384,
        38384
    ],
    "reduction": 99.88560676574707,
    "H_reduced_e": 2.660568777573498e-05,
    "used_dense": false,
    "eigenvalue_time": "0:00:00.430960",
    "diff": 2.6605687765709388e-05,
    "change_from_prev": 6.257413920309436e-05
}
[2026-02-19 15:29:17,373][INFO] [Run 15] Running for Krylov dimension 3
[2026-02-19 15:31:25,301][INFO] [Run 15]
{
    "raw_unique_basis_states": 64086,
    "fermion_basis_rejected": 0,
    "kept_unique_basis_states": 64086,
    "fermion_shots_rejected": 0,
    "kept_shots": 100000
}
[2026-02-19 15:32:18,517][INFO] [Run 15]
{
    "D": 3,
    "t": 3.0,
    "num_trotter_steps": 1,
    "step_time": "0:03:01.144029",
    "H_reduce_time": "0:00:51.860137",
    "circuit_time": "0:02:07.800482",
    "shot_processing": {
        "raw_unique_basis_states": 64086,
        "fermion_basis_rejected": 0,
        "kept_unique_basis_states": 64086,
        "fermion_shots_rejected": 0,
        "kept_shots": 100000
    },
    "new_basis_count": 57489,
    "total_basis_count": 95873,
    "H_reduced_size": [
        95873,
        95873
    ],
    "reduction": 99.71427619457245,
    "H_reduced_e": 1.82241576196957e-05,
    "used_dense": false,
    "eigenvalue_time": "0:00:01.480664",
    "diff": 1.822415760967011e-05,
    "change_from_prev": 8.381530156039278e-06
}
[2026-02-19 15:32:18,517][INFO] [Run 15] Running for Krylov dimension 4
[2026-02-19 15:34:26,464][INFO] [Run 15]
{
    "raw_unique_basis_states": 65130,
    "fermion_basis_rejected": 0,
    "kept_unique_basis_states": 65130,
    "fermion_shots_rejected": 0,
    "kept_shots": 100000
}
[2026-02-19 15:36:01,660][INFO] [Run 15]
{
    "D": 4,
    "t": 4.0,
    "num_trotter_steps": 1,
    "step_time": "0:03:43.142925",
    "H_reduce_time": "0:01:32.385802",
    "circuit_time": "0:02:07.818158",
    "shot_processing": {
        "raw_unique_basis_states": 65130,
        "fermion_basis_rejected": 0,
        "kept_unique_basis_states": 65130,
        "fermion_shots_rejected": 0,
        "kept_shots": 100000
    },
    "new_basis_count": 58428,
    "total_basis_count": 154301,
    "H_reduced_size": [
        154301,
        154301
    ],
    "reduction": 99.54014718532562,
    "H_reduced_e": 1.4511203496903545e-05,
    "used_dense": false,
    "eigenvalue_time": "0:00:02.935964",
    "diff": 1.4511203486877954e-05,
    "change_from_prev": 3.7129541227921563e-06
}
[2026-02-19 15:36:01,661][INFO] [Run 15] Running for Krylov dimension 5
[2026-02-19 15:38:10,822][INFO] [Run 15]
{
    "raw_unique_basis_states": 45153,
    "fermion_basis_rejected": 0,
    "kept_unique_basis_states": 45153,
    "fermion_shots_rejected": 0,
    "kept_shots": 100000
}
[2026-02-19 15:40:20,056][INFO] [Run 15]
{
    "D": 5,
    "t": 5.0,
    "num_trotter_steps": 1,
    "step_time": "0:04:18.394767",
    "H_reduce_time": "0:02:05.515180",
    "circuit_time": "0:02:09.071891",
    "shot_processing": {
        "raw_unique_basis_states": 45153,
        "fermion_basis_rejected": 0,
        "kept_unique_basis_states": 45153,
        "fermion_shots_rejected": 0,
        "kept_shots": 100000
    },
    "new_basis_count": 35386,
    "total_basis_count": 189687,
    "H_reduced_size": [
        189687,
        189687
    ],
    "reduction": 99.43468868732452,
    "H_reduced_e": 1.3426691650055781e-05,
    "used_dense": false,
    "eigenvalue_time": "0:00:03.804837",
    "diff": 1.342669164003019e-05,
    "change_from_prev": 1.0845118468477634e-06
}
[2026-02-19 15:40:20,056][INFO] [Run 15] Running for Krylov dimension 6
[2026-02-19 15:42:28,957][INFO] [Run 15]
{
    "raw_unique_basis_states": 28946,
    "fermion_basis_rejected": 0,
    "kept_unique_basis_states": 28946,
    "fermion_shots_rejected": 0,
    "kept_shots": 100000
}
[2026-02-19 15:44:57,851][INFO] [Run 15]
{
    "D": 6,
    "t": 6.0,
    "num_trotter_steps": 1,
    "step_time": "0:04:37.794880",
    "H_reduce_time": "0:02:24.918646",
    "circuit_time": "0:02:08.842802",
    "shot_processing": {
        "raw_unique_basis_states": 28946,
        "fermion_basis_rejected": 0,
        "kept_unique_basis_states": 28946,
        "fermion_shots_rejected": 0,
        "kept_shots": 100000
    },
    "new_basis_count": 17742,
    "total_basis_count": 207429,
    "H_reduced_size": [
        207429,
        207429
    ],
    "reduction": 99.38181340694427,
    "H_reduced_e": 1.0127395492087272e-05,
    "used_dense": false,
    "eigenvalue_time": "0:00:04.030364",
    "diff": 1.0127395482061682e-05,
    "change_from_prev": 3.2992961579685087e-06
}
[2026-02-19 15:44:57,851][INFO] [Run 15] Running for Krylov dimension 7
[2026-02-19 15:47:07,411][INFO] [Run 15]
{
    "raw_unique_basis_states": 30483,
    "fermion_basis_rejected": 0,
    "kept_unique_basis_states": 30483,
    "fermion_shots_rejected": 0,
    "kept_shots": 100000
}
[2026-02-19 15:49:52,017][INFO] [Run 15]
{
    "D": 7,
    "t": 7.0,
    "num_trotter_steps": 1,
    "step_time": "0:04:54.165872",
    "H_reduce_time": "0:02:39.745742",
    "circuit_time": "0:02:09.498520",
    "shot_processing": {
        "raw_unique_basis_states": 30483,
        "fermion_basis_rejected": 0,
        "kept_unique_basis_states": 30483,
        "fermion_shots_rejected": 0,
        "kept_shots": 100000
    },
    "new_basis_count": 15648,
    "total_basis_count": 223077,
    "H_reduced_size": [
        223077,
        223077
    ],
    "reduction": 99.33517873287201,
    "H_reduced_e": 7.0413903320257135e-06,
    "used_dense": false,
    "eigenvalue_time": "0:00:04.918686",
    "diff": 7.041390322000124e-06,
    "change_from_prev": 3.086005160061559e-06
}
[2026-02-19 15:49:52,018][INFO] [Run 15] Running for Krylov dimension 8
[2026-02-19 15:52:00,707][INFO] [Run 15]
{
    "raw_unique_basis_states": 70617,
    "fermion_basis_rejected": 0,
    "kept_unique_basis_states": 70617,
    "fermion_shots_rejected": 0,
    "kept_shots": 100000
}
[2026-02-19 15:55:34,819][INFO] [Run 15]
{
    "D": 8,
    "t": 8.0,
    "num_trotter_steps": 1,
    "step_time": "0:05:42.800883",
    "H_reduce_time": "0:03:28.066077",
    "circuit_time": "0:02:08.550792",
    "shot_processing": {
        "raw_unique_basis_states": 70617,
        "fermion_basis_rejected": 0,
        "kept_unique_basis_states": 70617,
        "fermion_shots_rejected": 0,
        "kept_shots": 100000
    },
    "new_basis_count": 49332,
    "total_basis_count": 272409,
    "H_reduced_size": [
        272409,
        272409
    ],
    "reduction": 99.18815791606903,
    "H_reduced_e": 6.8416258561441045e-06,
    "used_dense": false,
    "eigenvalue_time": "0:00:06.180745",
    "diff": 6.841625846118515e-06,
    "change_from_prev": 1.99764475881609e-07
}
[2026-02-19 15:55:34,819][INFO] [Run 15] Running for Krylov dimension 9
[2026-02-19 15:57:43,406][INFO] [Run 15]
{
    "raw_unique_basis_states": 86406,
    "fermion_basis_rejected": 0,
    "kept_unique_basis_states": 86406,
    "fermion_shots_rejected": 0,
    "kept_shots": 100000
}
[2026-02-19 16:02:29,258][INFO] [Run 15]
{
    "D": 9,
    "t": 9.0,
    "num_trotter_steps": 1,
    "step_time": "0:06:54.438557",
    "H_reduce_time": "0:04:35.991775",
    "circuit_time": "0:02:08.417203",
    "shot_processing": {
        "raw_unique_basis_states": 86406,
        "fermion_basis_rejected": 0,
        "kept_unique_basis_states": 86406,
        "fermion_shots_rejected": 0,
        "kept_shots": 100000
    },
    "new_basis_count": 72970,
    "total_basis_count": 345379,
    "H_reduced_size": [
        345379,
        345379
    ],
    "reduction": 98.97069036960602,
    "H_reduced_e": 5.79775659498576e-06,
    "used_dense": false,
    "eigenvalue_time": "0:00:10.026319",
    "diff": 5.79775658496017e-06,
    "change_from_prev": 1.0438692611583448e-06
}
[2026-02-19 16:02:29,258][INFO] [Run 15] Running for Krylov dimension 10
[2026-02-19 16:04:39,022][INFO] [Run 15]
{
    "raw_unique_basis_states": 73652,
    "fermion_basis_rejected": 0,
    "kept_unique_basis_states": 73652,
    "fermion_shots_rejected": 0,
    "kept_shots": 100000
}
[2026-02-19 16:10:49,538][INFO] [Run 15]
{
    "D": 10,
    "t": 10.0,
    "num_trotter_steps": 1,
    "step_time": "0:08:20.279479",
    "H_reduce_time": "0:05:59.403774",
    "circuit_time": "0:02:09.614922",
    "shot_processing": {
        "raw_unique_basis_states": 73652,
        "fermion_basis_rejected": 0,
        "kept_unique_basis_states": 73652,
        "fermion_shots_rejected": 0,
        "kept_shots": 100000
    },
    "new_basis_count": 59094,
    "total_basis_count": 404473,
    "H_reduced_size": [
        404473,
        404473
    ],
    "reduction": 98.79457652568817,
    "H_reduced_e": 5.045816112808582e-06,
    "used_dense": false,
    "eigenvalue_time": "0:00:11.256940",
    "diff": 5.045816102782992e-06,
    "change_from_prev": 7.519404821771777e-07
}
[2026-02-19 16:10:49,538][INFO] [Run 15] Running for Krylov dimension 11
[2026-02-19 16:12:59,831][INFO] [Run 15]
{
    "raw_unique_basis_states": 69576,
    "fermion_basis_rejected": 0,
    "kept_unique_basis_states": 69576,
    "fermion_shots_rejected": 0,
    "kept_shots": 100000
}
[2026-02-19 16:20:39,306][INFO] [Run 15]
{
    "D": 11,
    "t": 11.0,
    "num_trotter_steps": 1,
    "step_time": "0:09:49.767090",
    "H_reduce_time": "0:07:25.062441",
    "circuit_time": "0:02:10.155423",
    "shot_processing": {
        "raw_unique_basis_states": 69576,
        "fermion_basis_rejected": 0,
        "kept_unique_basis_states": 69576,
        "fermion_shots_rejected": 0,
        "kept_shots": 100000
    },
    "new_basis_count": 52049,
    "total_basis_count": 456522,
    "H_reduced_size": [
        456522,
        456522
    ],
    "reduction": 98.63945841789246,
    "H_reduced_e": 4.591564062084434e-06,
    "used_dense": false,
    "eigenvalue_time": "0:00:14.545599",
    "diff": 4.591564052058844e-06,
    "change_from_prev": 4.542520507241483e-07
}
[2026-02-19 16:20:39,306][INFO] [Run 15] Running for Krylov dimension 12
[2026-02-19 16:22:48,416][INFO] [Run 15]
{
    "raw_unique_basis_states": 32211,
    "fermion_basis_rejected": 0,
    "kept_unique_basis_states": 32211,
    "fermion_shots_rejected": 0,
    "kept_shots": 100000
}
[2026-02-19 16:30:47,539][INFO] [Run 15]
{
    "D": 12,
    "t": 12.0,
    "num_trotter_steps": 1,
    "step_time": "0:10:08.232411",
    "H_reduce_time": "0:07:44.532679",
    "circuit_time": "0:02:09.044907",
    "shot_processing": {
        "raw_unique_basis_states": 32211,
        "fermion_basis_rejected": 0,
        "kept_unique_basis_states": 32211,
        "fermion_shots_rejected": 0,
        "kept_shots": 100000
    },
    "new_basis_count": 12947,
    "total_basis_count": 469469,
    "H_reduced_size": [
        469469,
        469469
    ],
    "reduction": 98.6008733510971,
    "H_reduced_e": 4.590072378502034e-06,
    "used_dense": false,
    "eigenvalue_time": "0:00:14.651383",
    "diff": 4.590072368476444e-06,
    "change_from_prev": 1.4916835823998559e-09
}
[2026-02-19 16:30:47,539][INFO] [Run 15] Running for Krylov dimension 13
[2026-02-19 16:32:56,430][INFO] [Run 15]
{
    "raw_unique_basis_states": 8576,
    "fermion_basis_rejected": 0,
    "kept_unique_basis_states": 8576,
    "fermion_shots_rejected": 0,
    "kept_shots": 100000
}
[2026-02-19 16:41:01,896][INFO] [Run 15]
{
    "D": 13,
    "t": 13.0,
    "num_trotter_steps": 1,
    "step_time": "0:10:14.357153",
    "H_reduce_time": "0:07:51.186109",
    "circuit_time": "0:02:08.871047",
    "shot_processing": {
        "raw_unique_basis_states": 8576,
        "fermion_basis_rejected": 0,
        "kept_unique_basis_states": 8576,
        "fermion_shots_rejected": 0,
        "kept_shots": 100000
    },
    "new_basis_count": 1124,
    "total_basis_count": 470593,
    "H_reduced_size": [
        470593,
        470593
    ],
    "reduction": 98.59752357006073,
    "H_reduced_e": 4.587362916899479e-06,
    "used_dense": false,
    "eigenvalue_time": "0:00:14.296576",
    "diff": 4.587362906873889e-06,
    "change_from_prev": 2.7094616025549983e-09
}
[2026-02-19 16:41:06,589][INFO] [Run 15]
{
    "num_trotters": 2,
    "transpile_time": "0:00:04.691763",
    "circuit_cist": {
        "depth": 8316,
        "size": 23409,
        "num_2q_ops": 5323,
        "depth_2q": 2538,
        "count_ops": {
            "sx": 9150,
            "rz": 8228,
            "cz": 5323,
            "x": 683,
            "measure": 25,
            "barrier": 1
        }
    }
}
[2026-02-19 16:41:06,589][INFO] [Run 15] Running for Krylov dimension 14
[2026-02-19 17:23:42,782][INFO] [Run 15]
{
    "raw_unique_basis_states": 47648,
    "fermion_basis_rejected": 0,
    "kept_unique_basis_states": 47648,
    "fermion_shots_rejected": 0,
    "kept_shots": 100000
}
[2026-02-19 17:32:28,171][INFO] [Run 15]
{
    "D": 14,
    "t": 14.0,
    "num_trotter_steps": 2,
    "step_time": "0:51:21.581481",
    "H_reduce_time": "0:08:30.229373",
    "circuit_time": "0:42:36.091331",
    "shot_processing": {
        "raw_unique_basis_states": 47648,
        "fermion_basis_rejected": 0,
        "kept_unique_basis_states": 47648,
        "fermion_shots_rejected": 0,
        "kept_shots": 100000
    },
    "new_basis_count": 18137,
    "total_basis_count": 488730,
    "H_reduced_size": [
        488730,
        488730
    ],
    "reduction": 98.54347109794617,
    "H_reduced_e": 4.56493495358369e-06,
    "used_dense": false,
    "eigenvalue_time": "0:00:15.258225",
    "diff": 4.5649349435581e-06,
    "change_from_prev": 2.2427963315789016e-08
}
[2026-02-19 17:32:28,171][INFO] [Run 15] Running for Krylov dimension 15
[2026-02-19 18:15:05,086][INFO] [Run 15]
{
    "raw_unique_basis_states": 58754,
    "fermion_basis_rejected": 0,
    "kept_unique_basis_states": 58754,
    "fermion_shots_rejected": 0,
    "kept_shots": 100000
}
[2026-02-19 18:24:50,227][INFO] [Run 15]
{
    "D": 15,
    "t": 15.0,
    "num_trotter_steps": 2,
    "step_time": "0:52:22.055847",
    "H_reduce_time": "0:09:29.295553",
    "circuit_time": "0:42:36.795643",
    "shot_processing": {
        "raw_unique_basis_states": 58754,
        "fermion_basis_rejected": 0,
        "kept_unique_basis_states": 58754,
        "fermion_shots_rejected": 0,
        "kept_shots": 100000
    },
    "new_basis_count": 27572,
    "total_basis_count": 516302,
    "H_reduced_size": [
        516302,
        516302
    ],
    "reduction": 98.46130013465881,
    "H_reduced_e": 4.557452444163214e-06,
    "used_dense": false,
    "eigenvalue_time": "0:00:15.958529",
    "diff": 4.557452434137624e-06,
    "change_from_prev": 7.48250942047595e-09
}
[2026-02-19 18:24:50,227][INFO] [Run 15] Running for Krylov dimension 16
