[2026-02-19 14:46:29,523][INFO] Running VQE for linear potential and cutoff 16
[2026-02-19 14:46:29,526][INFO] Truncation: {'m': 283, 'n': 3276, 'keep_frac_terms': 0.08638583638583638, 'keep_ratio': 0.999, 'truncated': 2.163271863607406, 'total_weight': 2171.2812500000505}
[2026-02-19 14:46:29,530][INFO] min_eigenvalue: 1.0025589899691666e-14
[2026-02-19 14:46:30,445][INFO] []
[2026-02-19 14:46:33,256][INFO] [Run 3] Running for Krylov dimension 1
[2026-02-19 14:48:31,982][INFO] [Run 3]
{
    "raw_unique_basis_states": 1425,
    "fermion_basis_rejected": 0,
    "kept_unique_basis_states": 1425,
    "fermion_shots_rejected": 0,
    "kept_shots": 100000
}
[2026-02-19 14:48:34,632][INFO] [Run 3]
{
    "D": 1,
    "t": 1.0,
    "num_trotter_steps": 1,
    "step_time": "0:02:01.376268",
    "H_reduce_time": "0:00:00.532861",
    "circuit_time": "0:01:58.721733",
    "shot_processing": {
        "raw_unique_basis_states": 1425,
        "fermion_basis_rejected": 0,
        "kept_unique_basis_states": 1425,
        "fermion_shots_rejected": 0,
        "kept_shots": 100000
    },
    "new_basis_count": 1425,
    "total_basis_count": 1425,
    "H_reduced_size": [
        1425,
        1425
    ],
    "reduction": 99.99575316905975,
    "H_reduced_e": 7.337641954595827e-05,
    "used_dense": true,
    "eigenvalue_time": "0:00:02.119841",
    "diff": 7.337641953593268e-05,
    "change_from_prev": null
}
[2026-02-19 14:48:34,633][INFO] [Run 3] Running for Krylov dimension 2
[2026-02-19 14:50:38,425][INFO] [Run 3]
{
    "raw_unique_basis_states": 37693,
    "fermion_basis_rejected": 0,
    "kept_unique_basis_states": 37693,
    "fermion_shots_rejected": 0,
    "kept_shots": 100000
}
[2026-02-19 14:50:58,398][INFO] [Run 3]
{
    "D": 2,
    "t": 2.0,
    "num_trotter_steps": 1,
    "step_time": "0:02:23.765132",
    "H_reduce_time": "0:00:19.638437",
    "circuit_time": "0:02:03.719824",
    "shot_processing": {
        "raw_unique_basis_states": 37693,
        "fermion_basis_rejected": 0,
        "kept_unique_basis_states": 37693,
        "fermion_shots_rejected": 0,
        "kept_shots": 100000
    },
    "new_basis_count": 36884,
    "total_basis_count": 38309,
    "H_reduced_size": [
        38309,
        38309
    ],
    "reduction": 99.88583028316498,
    "H_reduced_e": 2.2597757719871037e-05,
    "used_dense": false,
    "eigenvalue_time": "0:00:00.404503",
    "diff": 2.2597757709845446e-05,
    "change_from_prev": 5.077866182608724e-05
}
[2026-02-19 14:50:58,398][INFO] [Run 3] Running for Krylov dimension 3
[2026-02-19 14:53:06,497][INFO] [Run 3]
{
    "raw_unique_basis_states": 64041,
    "fermion_basis_rejected": 0,
    "kept_unique_basis_states": 64041,
    "fermion_shots_rejected": 0,
    "kept_shots": 100000
}
[2026-02-19 14:54:01,869][INFO] [Run 3]
{
    "D": 3,
    "t": 3.0,
    "num_trotter_steps": 1,
    "step_time": "0:03:03.470113",
    "H_reduce_time": "0:00:53.442957",
    "circuit_time": "0:02:07.969341",
    "shot_processing": {
        "raw_unique_basis_states": 64041,
        "fermion_basis_rejected": 0,
        "kept_unique_basis_states": 64041,
        "fermion_shots_rejected": 0,
        "kept_shots": 100000
    },
    "new_basis_count": 57410,
    "total_basis_count": 95719,
    "H_reduced_size": [
        95719,
        95719
    ],
    "reduction": 99.71473515033722,
    "H_reduced_e": 1.2628621784393025e-05,
    "used_dense": false,
    "eigenvalue_time": "0:00:02.054876",
    "diff": 1.2628621774367435e-05,
    "change_from_prev": 9.969135935478012e-06
}
[2026-02-19 14:54:01,869][INFO] [Run 3] Running for Krylov dimension 4
[2026-02-19 14:56:09,924][INFO] [Run 3]
{
    "raw_unique_basis_states": 64937,
    "fermion_basis_rejected": 0,
    "kept_unique_basis_states": 64937,
    "fermion_shots_rejected": 0,
    "kept_shots": 100000
}
[2026-02-19 14:57:43,962][INFO] [Run 3]
{
    "D": 4,
    "t": 4.0,
    "num_trotter_steps": 1,
    "step_time": "0:03:42.092604",
    "H_reduce_time": "0:01:30.700893",
    "circuit_time": "0:02:07.927205",
    "shot_processing": {
        "raw_unique_basis_states": 64937,
        "fermion_basis_rejected": 0,
        "kept_unique_basis_states": 64937,
        "fermion_shots_rejected": 0,
        "kept_shots": 100000
    },
    "new_basis_count": 58117,
    "total_basis_count": 153836,
    "H_reduced_size": [
        153836,
        153836
    ],
    "reduction": 99.54153299331665,
    "H_reduced_e": 9.397172041173857e-06,
    "used_dense": false,
    "eigenvalue_time": "0:00:03.461212",
    "diff": 9.397172031148267e-06,
    "change_from_prev": 3.231449743219168e-06
}
[2026-02-19 14:57:43,962][INFO] [Run 3] Running for Krylov dimension 5
[2026-02-19 14:59:53,216][INFO] [Run 3]
{
    "raw_unique_basis_states": 45085,
    "fermion_basis_rejected": 0,
    "kept_unique_basis_states": 45085,
    "fermion_shots_rejected": 0,
    "kept_shots": 100000
}
[2026-02-19 15:02:00,551][INFO] [Run 3]
{
    "D": 5,
    "t": 5.0,
    "num_trotter_steps": 1,
    "step_time": "0:04:16.589195",
    "H_reduce_time": "0:02:03.187654",
    "circuit_time": "0:02:09.164718",
    "shot_processing": {
        "raw_unique_basis_states": 45085,
        "fermion_basis_rejected": 0,
        "kept_unique_basis_states": 45085,
        "fermion_shots_rejected": 0,
        "kept_shots": 100000
    },
    "new_basis_count": 35351,
    "total_basis_count": 189187,
    "H_reduced_size": [
        189187,
        189187
    ],
    "reduction": 99.43617880344391,
    "H_reduced_e": 8.369677421783008e-06,
    "used_dense": false,
    "eigenvalue_time": "0:00:04.233869",
    "diff": 8.369677411757418e-06,
    "change_from_prev": 1.027494619390849e-06
}
[2026-02-19 15:02:00,552][INFO] [Run 3] Running for Krylov dimension 6
[2026-02-19 15:04:09,569][INFO] [Run 3]
{
    "raw_unique_basis_states": 28715,
    "fermion_basis_rejected": 0,
    "kept_unique_basis_states": 28715,
    "fermion_shots_rejected": 0,
    "kept_shots": 100000
}
[2026-02-19 15:06:43,652][INFO] [Run 3]
{
    "D": 6,
    "t": 6.0,
    "num_trotter_steps": 1,
    "step_time": "0:04:43.100122",
    "H_reduce_time": "0:02:29.346854",
    "circuit_time": "0:02:08.959019",
    "shot_processing": {
        "raw_unique_basis_states": 28715,
        "fermion_basis_rejected": 0,
        "kept_unique_basis_states": 28715,
        "fermion_shots_rejected": 0,
        "kept_shots": 100000
    },
    "new_basis_count": 17659,
    "total_basis_count": 206846,
    "H_reduced_size": [
        206846,
        206846
    ],
    "reduction": 99.38355088233948,
    "H_reduced_e": 8.14767952082647e-06,
    "used_dense": false,
    "eigenvalue_time": "0:00:04.790707",
    "diff": 8.14767951080088e-06,
    "change_from_prev": 2.2199790095653753e-07
}
[2026-02-19 15:06:43,652][INFO] [Run 3] Running for Krylov dimension 7
[2026-02-19 15:08:53,353][INFO] [Run 3]
{
    "raw_unique_basis_states": 30582,
    "fermion_basis_rejected": 0,
    "kept_unique_basis_states": 30582,
    "fermion_shots_rejected": 0,
    "kept_shots": 100000
}
[2026-02-19 15:11:43,518][INFO] [Run 3]
{
    "D": 7,
    "t": 7.0,
    "num_trotter_steps": 1,
    "step_time": "0:04:59.865049",
    "H_reduce_time": "0:02:45.067286",
    "circuit_time": "0:02:09.639139",
    "shot_processing": {
        "raw_unique_basis_states": 30582,
        "fermion_basis_rejected": 0,
        "kept_unique_basis_states": 30582,
        "fermion_shots_rejected": 0,
        "kept_shots": 100000
    },
    "new_basis_count": 15714,
    "total_basis_count": 222560,
    "H_reduced_size": [
        222560,
        222560
    ],
    "reduction": 99.33671951293945,
    "H_reduced_e": 6.5503710242123375e-06,
    "used_dense": false,
    "eigenvalue_time": "0:00:05.155221",
    "diff": 6.550371014186748e-06,
    "change_from_prev": 1.597308496614133e-06
}
[2026-02-19 15:11:43,518][INFO] [Run 3] Running for Krylov dimension 8
[2026-02-19 15:13:52,300][INFO] [Run 3]
{
    "raw_unique_basis_states": 70691,
    "fermion_basis_rejected": 0,
    "kept_unique_basis_states": 70691,
    "fermion_shots_rejected": 0,
    "kept_shots": 100000
}
[2026-02-19 15:17:37,174][INFO] [Run 3]
{
    "D": 8,
    "t": 8.0,
    "num_trotter_steps": 1,
    "step_time": "0:05:53.655385",
    "H_reduce_time": "0:03:37.402231",
    "circuit_time": "0:02:08.641778",
    "shot_processing": {
        "raw_unique_basis_states": 70691,
        "fermion_basis_rejected": 0,
        "kept_unique_basis_states": 70691,
        "fermion_shots_rejected": 0,
        "kept_shots": 100000
    },
    "new_basis_count": 49554,
    "total_basis_count": 272114,
    "H_reduced_size": [
        272114,
        272114
    ],
    "reduction": 99.18903708457947,
    "H_reduced_e": 5.1082428870897845e-06,
    "used_dense": false,
    "eigenvalue_time": "0:00:07.608165",
    "diff": 5.108242877064195e-06,
    "change_from_prev": 1.442128137122553e-06
}
[2026-02-19 15:17:37,174][INFO] [Run 3] Running for Krylov dimension 9
[2026-02-19 15:19:45,925][INFO] [Run 3]
{
    "raw_unique_basis_states": 86330,
    "fermion_basis_rejected": 0,
    "kept_unique_basis_states": 86330,
    "fermion_shots_rejected": 0,
    "kept_shots": 100000
}
[2026-02-19 15:24:35,235][INFO] [Run 3]
{
    "D": 9,
    "t": 9.0,
    "num_trotter_steps": 1,
    "step_time": "0:06:58.060797",
    "H_reduce_time": "0:04:40.901423",
    "circuit_time": "0:02:08.581114",
    "shot_processing": {
        "raw_unique_basis_states": 86330,
        "fermion_basis_rejected": 0,
        "kept_unique_basis_states": 86330,
        "fermion_shots_rejected": 0,
        "kept_shots": 100000
    },
    "new_basis_count": 72865,
    "total_basis_count": 344979,
    "H_reduced_size": [
        344979,
        344979
    ],
    "reduction": 98.97188246250153,
    "H_reduced_e": 5.101682810542289e-06,
    "used_dense": false,
    "eigenvalue_time": "0:00:08.575217",
    "diff": 5.1016828005166995e-06,
    "change_from_prev": 6.5600765474955065e-09
}
[2026-02-19 15:24:35,235][INFO] [Run 3] Running for Krylov dimension 10
[2026-02-19 15:26:43,689][INFO] [Run 3]
{
    "raw_unique_basis_states": 73635,
    "fermion_basis_rejected": 0,
    "kept_unique_basis_states": 73635,
    "fermion_shots_rejected": 0,
    "kept_shots": 100000
}
[2026-02-19 15:32:33,028][INFO] [Run 3]
{
    "D": 10,
    "t": 10.0,
    "num_trotter_steps": 1,
    "step_time": "0:07:57.792233",
    "H_reduce_time": "0:05:40.020638",
    "circuit_time": "0:02:08.309470",
    "shot_processing": {
        "raw_unique_basis_states": 73635,
        "fermion_basis_rejected": 0,
        "kept_unique_basis_states": 73635,
        "fermion_shots_rejected": 0,
        "kept_shots": 100000
    },
    "new_basis_count": 59170,
    "total_basis_count": 404149,
    "H_reduced_size": [
        404149,
        404149
    ],
    "reduction": 98.79554212093353,
    "H_reduced_e": 4.9543625696630485e-06,
    "used_dense": false,
    "eigenvalue_time": "0:00:09.459269",
    "diff": 4.954362559637459e-06,
    "change_from_prev": 1.4732024087924052e-07
}
[2026-02-19 15:32:33,028][INFO] [Run 3] Running for Krylov dimension 11
[2026-02-19 15:34:41,223][INFO] [Run 3]
{
    "raw_unique_basis_states": 69545,
    "fermion_basis_rejected": 0,
    "kept_unique_basis_states": 69545,
    "fermion_shots_rejected": 0,
    "kept_shots": 100000
}
[2026-02-19 15:41:50,084][INFO] [Run 3]
{
    "D": 11,
    "t": 11.0,
    "num_trotter_steps": 1,
    "step_time": "0:09:17.055904",
    "H_reduce_time": "0:06:57.792678",
    "circuit_time": "0:02:08.060216",
    "shot_processing": {
        "raw_unique_basis_states": 69545,
        "fermion_basis_rejected": 0,
        "kept_unique_basis_states": 69545,
        "fermion_shots_rejected": 0,
        "kept_shots": 100000
    },
    "new_basis_count": 52058,
    "total_basis_count": 456207,
    "H_reduced_size": [
        456207,
        456207
    ],
    "reduction": 98.64039719104767,
    "H_reduced_e": 2.407059600628559e-06,
    "used_dense": false,
    "eigenvalue_time": "0:00:11.200038",
    "diff": 2.4070595906029692e-06,
    "change_from_prev": 2.5473029690344893e-06
}
[2026-02-19 15:41:50,084][INFO] [Run 3] Running for Krylov dimension 12
[2026-02-19 15:43:58,092][INFO] [Run 3]
{
    "raw_unique_basis_states": 32278,
    "fermion_basis_rejected": 0,
    "kept_unique_basis_states": 32278,
    "fermion_shots_rejected": 0,
    "kept_shots": 100000
}
[2026-02-19 15:51:25,612][INFO] [Run 3]
{
    "D": 12,
    "t": 12.0,
    "num_trotter_steps": 1,
    "step_time": "0:09:35.527306",
    "H_reduce_time": "0:07:14.989973",
    "circuit_time": "0:02:07.944000",
    "shot_processing": {
        "raw_unique_basis_states": 32278,
        "fermion_basis_rejected": 0,
        "kept_unique_basis_states": 32278,
        "fermion_shots_rejected": 0,
        "kept_shots": 100000
    },
    "new_basis_count": 12925,
    "total_basis_count": 469132,
    "H_reduced_size": [
        469132,
        469132
    ],
    "reduction": 98.60187768936157,
    "H_reduced_e": 2.4065830536072208e-06,
    "used_dense": false,
    "eigenvalue_time": "0:00:12.590534",
    "diff": 2.406583043581631e-06,
    "change_from_prev": 4.765470213384369e-10
}
[2026-02-19 15:51:30,207][INFO] [Run 3]
{
    "num_trotters": 2,
    "transpile_time": "0:00:04.595043",
    "circuit_cist": {
        "depth": 8316,
        "size": 23409,
        "num_2q_ops": 5323,
        "depth_2q": 2538,
        "count_ops": {
            "sx": 9150,
            "rz": 8228,
            "cz": 5323,
            "x": 683,
            "measure": 25,
            "barrier": 1
        }
    }
}
[2026-02-19 15:51:30,208][INFO] [Run 3] Running for Krylov dimension 13
[2026-02-19 16:35:04,115][INFO] [Run 3]
{
    "raw_unique_basis_states": 29019,
    "fermion_basis_rejected": 0,
    "kept_unique_basis_states": 29019,
    "fermion_shots_rejected": 0,
    "kept_shots": 100000
}
[2026-02-19 16:45:02,407][INFO] [Run 3]
{
    "D": 13,
    "t": 13.0,
    "num_trotter_steps": 2,
    "step_time": "0:53:32.198596",
    "H_reduce_time": "0:09:39.528873",
    "circuit_time": "0:43:33.848800",
    "shot_processing": {
        "raw_unique_basis_states": 29019,
        "fermion_basis_rejected": 0,
        "kept_unique_basis_states": 29019,
        "fermion_shots_rejected": 0,
        "kept_shots": 100000
    },
    "new_basis_count": 9048,
    "total_basis_count": 478180,
    "H_reduced_size": [
        478180,
        478180
    ],
    "reduction": 98.57491254806519,
    "H_reduced_e": 2.3499805648076033e-06,
    "used_dense": false,
    "eigenvalue_time": "0:00:18.817887",
    "diff": 2.3499805547820133e-06,
    "change_from_prev": 5.660248879961746e-08
}
[2026-02-19 16:45:02,407][INFO] [Run 3] Running for Krylov dimension 14
[2026-02-19 17:28:55,050][INFO] [Run 3]
{
    "raw_unique_basis_states": 47811,
    "fermion_basis_rejected": 0,
    "kept_unique_basis_states": 47811,
    "fermion_shots_rejected": 0,
    "kept_shots": 100000
}
[2026-02-19 17:39:33,776][INFO] [Run 3]
{
    "D": 14,
    "t": 14.0,
    "num_trotter_steps": 2,
    "step_time": "0:54:31.366111",
    "H_reduce_time": "0:10:18.717152",
    "circuit_time": "0:43:52.546229",
    "shot_processing": {
        "raw_unique_basis_states": 47811,
        "fermion_basis_rejected": 0,
        "kept_unique_basis_states": 47811,
        "fermion_shots_rejected": 0,
        "kept_shots": 100000
    },
    "new_basis_count": 16986,
    "total_basis_count": 495166,
    "H_reduced_size": [
        495166,
        495166
    ],
    "reduction": 98.52429032325745,
    "H_reduced_e": 2.3475944216538596e-06,
    "used_dense": false,
    "eigenvalue_time": "0:00:20.097076",
    "diff": 2.3475944116282697e-06,
    "change_from_prev": 2.3861431537436747e-09
}
[2026-02-19 17:39:33,776][INFO] [Run 3] Running for Krylov dimension 15
