[2026-02-19 15:17:16,784][INFO] Running VQE for linear potential and cutoff 16
[2026-02-19 15:17:16,788][INFO] Truncation: {'m': 283, 'n': 3276, 'keep_frac_terms': 0.08638583638583638, 'keep_ratio': 0.999, 'truncated': 2.163271863607406, 'total_weight': 2171.2812500000505}
[2026-02-19 15:17:16,791][INFO] min_eigenvalue: 1.0025589899691666e-14
[2026-02-19 15:17:17,762][INFO] []
[2026-02-19 15:17:20,579][INFO] [Run 11] Running for Krylov dimension 1
[2026-02-19 15:19:19,449][INFO] [Run 11]
{
    "raw_unique_basis_states": 1434,
    "fermion_basis_rejected": 0,
    "kept_unique_basis_states": 1434,
    "fermion_shots_rejected": 0,
    "kept_shots": 100000
}
[2026-02-19 15:19:22,127][INFO] [Run 11]
{
    "D": 1,
    "t": 1.0,
    "num_trotter_steps": 1,
    "step_time": "0:02:01.547567",
    "H_reduce_time": "0:00:00.525445",
    "circuit_time": "0:01:58.864590",
    "shot_processing": {
        "raw_unique_basis_states": 1434,
        "fermion_basis_rejected": 0,
        "kept_unique_basis_states": 1434,
        "fermion_shots_rejected": 0,
        "kept_shots": 100000
    },
    "new_basis_count": 1434,
    "total_basis_count": 1434,
    "H_reduced_size": [
        1434,
        1434
    ],
    "reduction": 99.9957263469696,
    "H_reduced_e": 8.622866811029848e-05,
    "used_dense": true,
    "eigenvalue_time": "0:00:02.155847",
    "diff": 8.622866810027289e-05,
    "change_from_prev": null
}
[2026-02-19 15:19:22,127][INFO] [Run 11] Running for Krylov dimension 2
[2026-02-19 15:21:26,265][INFO] [Run 11]
{
    "raw_unique_basis_states": 37655,
    "fermion_basis_rejected": 0,
    "kept_unique_basis_states": 37655,
    "fermion_shots_rejected": 0,
    "kept_shots": 100000
}
[2026-02-19 15:21:46,231][INFO] [Run 11]
{
    "D": 2,
    "t": 2.0,
    "num_trotter_steps": 1,
    "step_time": "0:02:24.103026",
    "H_reduce_time": "0:00:19.565268",
    "circuit_time": "0:02:04.064792",
    "shot_processing": {
        "raw_unique_basis_states": 37655,
        "fermion_basis_rejected": 0,
        "kept_unique_basis_states": 37655,
        "fermion_shots_rejected": 0,
        "kept_shots": 100000
    },
    "new_basis_count": 36851,
    "total_basis_count": 38285,
    "H_reduced_size": [
        38285,
        38285
    ],
    "reduction": 99.88590180873871,
    "H_reduced_e": 4.19729276052413e-05,
    "used_dense": false,
    "eigenvalue_time": "0:00:00.470637",
    "diff": 4.197292759521571e-05,
    "change_from_prev": 4.425574050505718e-05
}
[2026-02-19 15:21:46,231][INFO] [Run 11] Running for Krylov dimension 3
[2026-02-19 15:23:54,289][INFO] [Run 11]
{
    "raw_unique_basis_states": 63790,
    "fermion_basis_rejected": 0,
    "kept_unique_basis_states": 63790,
    "fermion_shots_rejected": 0,
    "kept_shots": 100000
}
[2026-02-19 15:24:47,112][INFO] [Run 11]
{
    "D": 3,
    "t": 3.0,
    "num_trotter_steps": 1,
    "step_time": "0:03:00.880345",
    "H_reduce_time": "0:00:51.380102",
    "circuit_time": "0:02:07.929763",
    "shot_processing": {
        "raw_unique_basis_states": 63790,
        "fermion_basis_rejected": 0,
        "kept_unique_basis_states": 63790,
        "fermion_shots_rejected": 0,
        "kept_shots": 100000
    },
    "new_basis_count": 57277,
    "total_basis_count": 95562,
    "H_reduced_size": [
        95562,
        95562
    ],
    "reduction": 99.7152030467987,
    "H_reduced_e": 3.068111756777804e-05,
    "used_dense": false,
    "eigenvalue_time": "0:00:01.567702",
    "diff": 3.068111755775245e-05,
    "change_from_prev": 1.1291810037463257e-05
}
[2026-02-19 15:24:47,112][INFO] [Run 11] Running for Krylov dimension 4
[2026-02-19 15:26:54,645][INFO] [Run 11]
{
    "raw_unique_basis_states": 64858,
    "fermion_basis_rejected": 0,
    "kept_unique_basis_states": 64858,
    "fermion_shots_rejected": 0,
    "kept_shots": 100000
}
[2026-02-19 15:28:31,138][INFO] [Run 11]
{
    "D": 4,
    "t": 4.0,
    "num_trotter_steps": 1,
    "step_time": "0:03:44.025783",
    "H_reduce_time": "0:01:33.636094",
    "circuit_time": "0:02:07.405878",
    "shot_processing": {
        "raw_unique_basis_states": 64858,
        "fermion_basis_rejected": 0,
        "kept_unique_basis_states": 64858,
        "fermion_shots_rejected": 0,
        "kept_shots": 100000
    },
    "new_basis_count": 58139,
    "total_basis_count": 153701,
    "H_reduced_size": [
        153701,
        153701
    ],
    "reduction": 99.54193532466888,
    "H_reduced_e": 1.9629052086815416e-05,
    "used_dense": false,
    "eigenvalue_time": "0:00:02.980526",
    "diff": 1.9629052076789825e-05,
    "change_from_prev": 1.1052065480962627e-05
}
[2026-02-19 15:28:31,138][INFO] [Run 11] Running for Krylov dimension 5
[2026-02-19 15:30:43,237][INFO] [Run 11]
{
    "raw_unique_basis_states": 44927,
    "fermion_basis_rejected": 0,
    "kept_unique_basis_states": 44927,
    "fermion_shots_rejected": 0,
    "kept_shots": 100000
}
[2026-02-19 15:32:50,565][INFO] [Run 11]
{
    "D": 5,
    "t": 5.0,
    "num_trotter_steps": 1,
    "step_time": "0:04:19.426925",
    "H_reduce_time": "0:02:03.845863",
    "circuit_time": "0:02:12.009410",
    "shot_processing": {
        "raw_unique_basis_states": 44927,
        "fermion_basis_rejected": 0,
        "kept_unique_basis_states": 44927,
        "fermion_shots_rejected": 0,
        "kept_shots": 100000
    },
    "new_basis_count": 35030,
    "total_basis_count": 188731,
    "H_reduced_size": [
        188731,
        188731
    ],
    "reduction": 99.43753778934479,
    "H_reduced_e": 1.9502208429425995e-05,
    "used_dense": false,
    "eigenvalue_time": "0:00:03.568323",
    "diff": 1.9502208419400405e-05,
    "change_from_prev": 1.268436573894205e-07
}
[2026-02-19 15:32:50,566][INFO] [Run 11] Running for Krylov dimension 6
[2026-02-19 15:34:58,999][INFO] [Run 11]
{
    "raw_unique_basis_states": 28574,
    "fermion_basis_rejected": 0,
    "kept_unique_basis_states": 28574,
    "fermion_shots_rejected": 0,
    "kept_shots": 100000
}
[2026-02-19 15:37:27,175][INFO] [Run 11]
{
    "D": 6,
    "t": 6.0,
    "num_trotter_steps": 1,
    "step_time": "0:04:36.608713",
    "H_reduce_time": "0:02:24.057120",
    "circuit_time": "0:02:08.375904",
    "shot_processing": {
        "raw_unique_basis_states": 28574,
        "fermion_basis_rejected": 0,
        "kept_unique_basis_states": 28574,
        "fermion_shots_rejected": 0,
        "kept_shots": 100000
    },
    "new_basis_count": 17671,
    "total_basis_count": 206402,
    "H_reduced_size": [
        206402,
        206402
    ],
    "reduction": 99.38487410545349,
    "H_reduced_e": 1.6555035501033323e-05,
    "used_dense": false,
    "eigenvalue_time": "0:00:04.172549",
    "diff": 1.6555035491007733e-05,
    "change_from_prev": 2.947172928392672e-06
}
[2026-02-19 15:37:27,175][INFO] [Run 11] Running for Krylov dimension 7
[2026-02-19 15:39:36,238][INFO] [Run 11]
{
    "raw_unique_basis_states": 30297,
    "fermion_basis_rejected": 0,
    "kept_unique_basis_states": 30297,
    "fermion_shots_rejected": 0,
    "kept_shots": 100000
}
[2026-02-19 15:42:26,171][INFO] [Run 11]
{
    "D": 7,
    "t": 7.0,
    "num_trotter_steps": 1,
    "step_time": "0:04:58.995539",
    "H_reduce_time": "0:02:45.482809",
    "circuit_time": "0:02:09.000896",
    "shot_processing": {
        "raw_unique_basis_states": 30297,
        "fermion_basis_rejected": 0,
        "kept_unique_basis_states": 30297,
        "fermion_shots_rejected": 0,
        "kept_shots": 100000
    },
    "new_basis_count": 15513,
    "total_basis_count": 221915,
    "H_reduced_size": [
        221915,
        221915
    ],
    "reduction": 99.33864176273346,
    "H_reduced_e": 1.60660643945408e-05,
    "used_dense": false,
    "eigenvalue_time": "0:00:04.509344",
    "diff": 1.606606438451521e-05,
    "change_from_prev": 4.889711064925216e-07
}
[2026-02-19 15:42:26,171][INFO] [Run 11] Running for Krylov dimension 8
[2026-02-19 15:44:34,480][INFO] [Run 11]
{
    "raw_unique_basis_states": 70240,
    "fermion_basis_rejected": 0,
    "kept_unique_basis_states": 70240,
    "fermion_shots_rejected": 0,
    "kept_shots": 100000
}
[2026-02-19 15:48:10,815][INFO] [Run 11]
{
    "D": 8,
    "t": 8.0,
    "num_trotter_steps": 1,
    "step_time": "0:05:44.644038",
    "H_reduce_time": "0:03:30.278449",
    "circuit_time": "0:02:08.172086",
    "shot_processing": {
        "raw_unique_basis_states": 70240,
        "fermion_basis_rejected": 0,
        "kept_unique_basis_states": 70240,
        "fermion_shots_rejected": 0,
        "kept_shots": 100000
    },
    "new_basis_count": 49313,
    "total_basis_count": 271228,
    "H_reduced_size": [
        271228,
        271228
    ],
    "reduction": 99.19167757034302,
    "H_reduced_e": 1.3906162590740412e-05,
    "used_dense": false,
    "eigenvalue_time": "0:00:06.190833",
    "diff": 1.3906162580714821e-05,
    "change_from_prev": 2.1599018038003895e-06
}
[2026-02-19 15:48:10,815][INFO] [Run 11] Running for Krylov dimension 9
[2026-02-19 15:50:19,195][INFO] [Run 11]
{
    "raw_unique_basis_states": 86327,
    "fermion_basis_rejected": 0,
    "kept_unique_basis_states": 86327,
    "fermion_shots_rejected": 0,
    "kept_shots": 100000
}
[2026-02-19 15:55:08,628][INFO] [Run 11]
{
    "D": 9,
    "t": 9.0,
    "num_trotter_steps": 1,
    "step_time": "0:06:57.812102",
    "H_reduce_time": "0:04:41.547477",
    "circuit_time": "0:02:08.211518",
    "shot_processing": {
        "raw_unique_basis_states": 86327,
        "fermion_basis_rejected": 0,
        "kept_unique_basis_states": 86327,
        "fermion_shots_rejected": 0,
        "kept_shots": 100000
    },
    "new_basis_count": 72800,
    "total_basis_count": 344028,
    "H_reduced_size": [
        344028,
        344028
    ],
    "reduction": 98.9747166633606,
    "H_reduced_e": 1.3894086169518338e-05,
    "used_dense": false,
    "eigenvalue_time": "0:00:08.050582",
    "diff": 1.3894086159492748e-05,
    "change_from_prev": 1.207642122207359e-08
}
[2026-02-19 15:55:08,628][INFO] [Run 11] Running for Krylov dimension 10
[2026-02-19 15:57:16,799][INFO] [Run 11]
{
    "raw_unique_basis_states": 73667,
    "fermion_basis_rejected": 0,
    "kept_unique_basis_states": 73667,
    "fermion_shots_rejected": 0,
    "kept_shots": 100000
}
[2026-02-19 16:03:44,731][INFO] [Run 11]
{
    "D": 10,
    "t": 10.0,
    "num_trotter_steps": 1,
    "step_time": "0:08:36.102715",
    "H_reduce_time": "0:06:17.669823",
    "circuit_time": "0:02:08.028559",
    "shot_processing": {
        "raw_unique_basis_states": 73667,
        "fermion_basis_rejected": 0,
        "kept_unique_basis_states": 73667,
        "fermion_shots_rejected": 0,
        "kept_shots": 100000
    },
    "new_basis_count": 59088,
    "total_basis_count": 403116,
    "H_reduced_size": [
        403116,
        403116
    ],
    "reduction": 98.79862070083618,
    "H_reduced_e": 2.2817854528742833e-06,
    "used_dense": false,
    "eigenvalue_time": "0:00:10.401963",
    "diff": 2.2817854428486934e-06,
    "change_from_prev": 1.1612300716644055e-05
}
[2026-02-19 16:03:44,731][INFO] [Run 11] Running for Krylov dimension 11
[2026-02-19 16:05:53,812][INFO] [Run 11]
{
    "raw_unique_basis_states": 69584,
    "fermion_basis_rejected": 0,
    "kept_unique_basis_states": 69584,
    "fermion_shots_rejected": 0,
    "kept_shots": 100000
}
[2026-02-19 16:13:08,531][INFO] [Run 11]
{
    "D": 11,
    "t": 11.0,
    "num_trotter_steps": 1,
    "step_time": "0:09:23.799544",
    "H_reduce_time": "0:07:03.279990",
    "circuit_time": "0:02:08.944769",
    "shot_processing": {
        "raw_unique_basis_states": 69584,
        "fermion_basis_rejected": 0,
        "kept_unique_basis_states": 69584,
        "fermion_shots_rejected": 0,
        "kept_shots": 100000
    },
    "new_basis_count": 51819,
    "total_basis_count": 454935,
    "H_reduced_size": [
        454935,
        454935
    ],
    "reduction": 98.64418804645538,
    "H_reduced_e": 1.723646935905265e-06,
    "used_dense": false,
    "eigenvalue_time": "0:00:11.572116",
    "diff": 1.723646925879675e-06,
    "change_from_prev": 5.581385169690184e-07
}
[2026-02-19 16:13:08,531][INFO] [Run 11] Running for Krylov dimension 12
[2026-02-19 16:15:17,480][INFO] [Run 11]
{
    "raw_unique_basis_states": 32070,
    "fermion_basis_rejected": 0,
    "kept_unique_basis_states": 32070,
    "fermion_shots_rejected": 0,
    "kept_shots": 100000
}
[2026-02-19 16:23:27,342][INFO] [Run 11]
{
    "D": 12,
    "t": 12.0,
    "num_trotter_steps": 1,
    "step_time": "0:10:18.810794",
    "H_reduce_time": "0:07:55.890738",
    "circuit_time": "0:02:08.885594",
    "shot_processing": {
        "raw_unique_basis_states": 32070,
        "fermion_basis_rejected": 0,
        "kept_unique_basis_states": 32070,
        "fermion_shots_rejected": 0,
        "kept_shots": 100000
    },
    "new_basis_count": 12970,
    "total_basis_count": 467905,
    "H_reduced_size": [
        467905,
        467905
    ],
    "reduction": 98.60553443431854,
    "H_reduced_e": 1.7154832004159596e-06,
    "used_dense": false,
    "eigenvalue_time": "0:00:14.031807",
    "diff": 1.7154831903903697e-06,
    "change_from_prev": 8.163735489305348e-09
}
[2026-02-19 16:23:27,342][INFO] [Run 11] Running for Krylov dimension 13
[2026-02-19 16:25:33,988][INFO] [Run 11]
{
    "raw_unique_basis_states": 8651,
    "fermion_basis_rejected": 0,
    "kept_unique_basis_states": 8651,
    "fermion_shots_rejected": 0,
    "kept_shots": 100000
}
[2026-02-19 16:33:51,856][INFO] [Run 11]
{
    "D": 13,
    "t": 13.0,
    "num_trotter_steps": 1,
    "step_time": "0:10:24.513217",
    "H_reduce_time": "0:08:00.064753",
    "circuit_time": "0:02:06.626274",
    "shot_processing": {
        "raw_unique_basis_states": 8651,
        "fermion_basis_rejected": 0,
        "kept_unique_basis_states": 8651,
        "fermion_shots_rejected": 0,
        "kept_shots": 100000
    },
    "new_basis_count": 1179,
    "total_basis_count": 469084,
    "H_reduced_size": [
        469084,
        469084
    ],
    "reduction": 98.60202074050903,
    "H_reduced_e": 1.1477786214104464e-06,
    "used_dense": false,
    "eigenvalue_time": "0:00:17.819361",
    "diff": 1.1477786113848565e-06,
    "change_from_prev": 5.677045790055132e-07
}
[2026-02-19 16:33:51,856][INFO] [Run 11] Running for Krylov dimension 14
[2026-02-19 16:35:57,565][INFO] [Run 11]
{
    "raw_unique_basis_states": 29754,
    "fermion_basis_rejected": 0,
    "kept_unique_basis_states": 29754,
    "fermion_shots_rejected": 0,
    "kept_shots": 100000
}
[2026-02-19 16:44:37,252][INFO] [Run 11]
{
    "D": 14,
    "t": 14.0,
    "num_trotter_steps": 1,
    "step_time": "0:10:45.396011",
    "H_reduce_time": "0:08:25.412878",
    "circuit_time": "0:02:05.647471",
    "shot_processing": {
        "raw_unique_basis_states": 29754,
        "fermion_basis_rejected": 0,
        "kept_unique_basis_states": 29754,
        "fermion_shots_rejected": 0,
        "kept_shots": 100000
    },
    "new_basis_count": 12503,
    "total_basis_count": 481587,
    "H_reduced_size": [
        481587,
        481587
    ],
    "reduction": 98.5647588968277,
    "H_reduced_e": 1.104416232540322e-06,
    "used_dense": false,
    "eigenvalue_time": "0:00:14.332948",
    "diff": 1.1044162225147321e-06,
    "change_from_prev": 4.3362388870124355e-08
}
[2026-02-19 16:44:37,253][INFO] [Run 11] Running for Krylov dimension 15
[2026-02-19 16:46:43,726][INFO] [Run 11]
{
    "raw_unique_basis_states": 70633,
    "fermion_basis_rejected": 0,
    "kept_unique_basis_states": 70633,
    "fermion_shots_rejected": 0,
    "kept_shots": 100000
}
[2026-02-19 16:56:11,012][INFO] [Run 11]
{
    "D": 15,
    "t": 15.0,
    "num_trotter_steps": 1,
    "step_time": "0:11:33.759144",
    "H_reduce_time": "0:09:12.571879",
    "circuit_time": "0:02:06.331622",
    "shot_processing": {
        "raw_unique_basis_states": 70633,
        "fermion_basis_rejected": 0,
        "kept_unique_basis_states": 70633,
        "fermion_shots_rejected": 0,
        "kept_shots": 100000
    },
    "new_basis_count": 46256,
    "total_basis_count": 527843,
    "H_reduced_size": [
        527843,
        527843
    ],
    "reduction": 98.42690527439117,
    "H_reduced_e": 1.1040814509957378e-06,
    "used_dense": false,
    "eigenvalue_time": "0:00:14.851784",
    "diff": 1.1040814409701479e-06,
    "change_from_prev": 3.347815445842517e-10
}
[2026-02-19 16:56:15,655][INFO] [Run 11]
{
    "num_trotters": 2,
    "transpile_time": "0:00:04.642424",
    "circuit_cist": {
        "depth": 8316,
        "size": 23409,
        "num_2q_ops": 5323,
        "depth_2q": 2538,
        "count_ops": {
            "sx": 9150,
            "rz": 8228,
            "cz": 5323,
            "x": 683,
            "measure": 25,
            "barrier": 1
        }
    }
}
[2026-02-19 16:56:15,655][INFO] [Run 11] Running for Krylov dimension 16
[2026-02-19 17:38:37,483][INFO] [Run 11]
{
    "raw_unique_basis_states": 66760,
    "fermion_basis_rejected": 0,
    "kept_unique_basis_states": 66760,
    "fermion_shots_rejected": 0,
    "kept_shots": 100000
}
[2026-02-19 17:49:56,239][INFO] [Run 11]
{
    "D": 16,
    "t": 16.0,
    "num_trotter_steps": 2,
    "step_time": "0:53:40.583418",
    "H_reduce_time": "0:11:02.896423",
    "circuit_time": "0:42:21.696122",
    "shot_processing": {
        "raw_unique_basis_states": 66760,
        "fermion_basis_rejected": 0,
        "kept_unique_basis_states": 66760,
        "fermion_shots_rejected": 0,
        "kept_shots": 100000
    },
    "new_basis_count": 38967,
    "total_basis_count": 566810,
    "H_reduced_size": [
        566810,
        566810
    ],
    "reduction": 98.31077456474304,
    "H_reduced_e": 1.104022912078267e-06,
    "used_dense": false,
    "eigenvalue_time": "0:00:15.988357",
    "diff": 1.104022902052677e-06,
    "change_from_prev": 5.853891747088931e-11
}
[2026-02-19 17:49:56,239][INFO] [Run 11] Running for Krylov dimension 17
[2026-02-19 18:33:06,434][INFO] [Run 11]
{
    "raw_unique_basis_states": 87162,
    "fermion_basis_rejected": 0,
    "kept_unique_basis_states": 87162,
    "fermion_shots_rejected": 0,
    "kept_shots": 100000
}
[2026-02-19 18:46:51,414][INFO] [Run 11]
{
    "D": 17,
    "t": 17.0,
    "num_trotter_steps": 2,
    "step_time": "0:56:55.174438",
    "H_reduce_time": "0:13:24.633530",
    "circuit_time": "0:43:10.015136",
    "shot_processing": {
        "raw_unique_basis_states": 87162,
        "fermion_basis_rejected": 0,
        "kept_unique_basis_states": 87162,
        "fermion_shots_rejected": 0,
        "kept_shots": 100000
    },
    "new_basis_count": 58312,
    "total_basis_count": 625122,
    "H_reduced_size": [
        625122,
        625122
    ],
    "reduction": 98.13699126243591,
    "H_reduced_e": 5.961897571165744e-07,
    "used_dense": false,
    "eigenvalue_time": "0:00:20.517437",
    "diff": 5.961897470909845e-07,
    "change_from_prev": 5.078331549616925e-07
}
[2026-02-19 18:46:51,414][INFO] [Run 11] Running for Krylov dimension 18
