[2026-02-19 14:45:29,812][INFO] Running VQE for linear potential and cutoff 16
[2026-02-19 14:45:29,815][INFO] Truncation: {'m': 283, 'n': 3276, 'keep_frac_terms': 0.08638583638583638, 'keep_ratio': 0.999, 'truncated': 2.163271863607406, 'total_weight': 2171.2812500000505}
[2026-02-19 14:45:29,819][INFO] min_eigenvalue: 1.0025589899691666e-14
[2026-02-19 14:45:30,807][INFO] []
[2026-02-19 14:45:33,851][INFO] [Run 2] Running for Krylov dimension 1
[2026-02-19 14:47:44,829][INFO] [Run 2]
{
    "raw_unique_basis_states": 1393,
    "fermion_basis_rejected": 0,
    "kept_unique_basis_states": 1393,
    "fermion_shots_rejected": 0,
    "kept_shots": 100000
}
[2026-02-19 14:47:47,610][INFO] [Run 2]
{
    "D": 1,
    "t": 1.0,
    "num_trotter_steps": 1,
    "step_time": "0:02:13.758927",
    "H_reduce_time": "0:00:00.573466",
    "circuit_time": "0:02:10.972677",
    "shot_processing": {
        "raw_unique_basis_states": 1393,
        "fermion_basis_rejected": 0,
        "kept_unique_basis_states": 1393,
        "fermion_shots_rejected": 0,
        "kept_shots": 100000
    },
    "new_basis_count": 1393,
    "total_basis_count": 1393,
    "H_reduced_size": [
        1393,
        1393
    ],
    "reduction": 99.9958485364914,
    "H_reduced_e": 8.982168716616995e-05,
    "used_dense": true,
    "eigenvalue_time": "0:00:02.211054",
    "diff": 8.982168715614436e-05,
    "change_from_prev": null
}
[2026-02-19 14:47:47,610][INFO] [Run 2] Running for Krylov dimension 2
[2026-02-19 14:50:03,913][INFO] [Run 2]
{
    "raw_unique_basis_states": 37715,
    "fermion_basis_rejected": 0,
    "kept_unique_basis_states": 37715,
    "fermion_shots_rejected": 0,
    "kept_shots": 100000
}
[2026-02-19 14:50:26,933][INFO] [Run 2]
{
    "D": 2,
    "t": 2.0,
    "num_trotter_steps": 1,
    "step_time": "0:02:39.321909",
    "H_reduce_time": "0:00:22.574529",
    "circuit_time": "0:02:16.222576",
    "shot_processing": {
        "raw_unique_basis_states": 37715,
        "fermion_basis_rejected": 0,
        "kept_unique_basis_states": 37715,
        "fermion_shots_rejected": 0,
        "kept_shots": 100000
    },
    "new_basis_count": 36890,
    "total_basis_count": 38283,
    "H_reduced_size": [
        38283,
        38283
    ],
    "reduction": 99.88590776920319,
    "H_reduced_e": 3.257848516484405e-05,
    "used_dense": false,
    "eigenvalue_time": "0:00:00.522332",
    "diff": 3.257848515481846e-05,
    "change_from_prev": 5.72432020013259e-05
}
[2026-02-19 14:50:26,933][INFO] [Run 2] Running for Krylov dimension 3
[2026-02-19 14:52:47,788][INFO] [Run 2]
{
    "raw_unique_basis_states": 64070,
    "fermion_basis_rejected": 0,
    "kept_unique_basis_states": 64070,
    "fermion_shots_rejected": 0,
    "kept_shots": 100000
}
[2026-02-19 14:53:46,735][INFO] [Run 2]
{
    "D": 3,
    "t": 3.0,
    "num_trotter_steps": 1,
    "step_time": "0:03:19.801541",
    "H_reduce_time": "0:00:57.457180",
    "circuit_time": "0:02:20.714433",
    "shot_processing": {
        "raw_unique_basis_states": 64070,
        "fermion_basis_rejected": 0,
        "kept_unique_basis_states": 64070,
        "fermion_shots_rejected": 0,
        "kept_shots": 100000
    },
    "new_basis_count": 57580,
    "total_basis_count": 95863,
    "H_reduced_size": [
        95863,
        95863
    ],
    "reduction": 99.71430599689484,
    "H_reduced_e": 2.1675857375322057e-05,
    "used_dense": false,
    "eigenvalue_time": "0:00:01.626679",
    "diff": 2.1675857365296466e-05,
    "change_from_prev": 1.0902627789521992e-05
}
[2026-02-19 14:53:46,735][INFO] [Run 2] Running for Krylov dimension 4
[2026-02-19 14:56:07,082][INFO] [Run 2]
{
    "raw_unique_basis_states": 65247,
    "fermion_basis_rejected": 0,
    "kept_unique_basis_states": 65247,
    "fermion_shots_rejected": 0,
    "kept_shots": 100000
}
[2026-02-19 14:57:54,074][INFO] [Run 2]
{
    "D": 4,
    "t": 4.0,
    "num_trotter_steps": 1,
    "step_time": "0:04:07.338508",
    "H_reduce_time": "0:01:43.613129",
    "circuit_time": "0:02:20.205962",
    "shot_processing": {
        "raw_unique_basis_states": 65247,
        "fermion_basis_rejected": 0,
        "kept_unique_basis_states": 65247,
        "fermion_shots_rejected": 0,
        "kept_shots": 100000
    },
    "new_basis_count": 58355,
    "total_basis_count": 154218,
    "H_reduced_size": [
        154218,
        154218
    ],
    "reduction": 99.54039454460144,
    "H_reduced_e": 1.5843650384601685e-05,
    "used_dense": false,
    "eigenvalue_time": "0:00:03.516119",
    "diff": 1.5843650374576094e-05,
    "change_from_prev": 5.832206990720372e-06
}
[2026-02-19 14:57:54,074][INFO] [Run 2] Running for Krylov dimension 5
[2026-02-19 15:00:16,054][INFO] [Run 2]
{
    "raw_unique_basis_states": 45192,
    "fermion_basis_rejected": 0,
    "kept_unique_basis_states": 45192,
    "fermion_shots_rejected": 0,
    "kept_shots": 100000
}
[2026-02-19 15:02:40,050][INFO] [Run 2]
{
    "D": 5,
    "t": 5.0,
    "num_trotter_steps": 1,
    "step_time": "0:04:45.975301",
    "H_reduce_time": "0:02:19.664511",
    "circuit_time": "0:02:21.885560",
    "shot_processing": {
        "raw_unique_basis_states": 45192,
        "fermion_basis_rejected": 0,
        "kept_unique_basis_states": 45192,
        "fermion_shots_rejected": 0,
        "kept_shots": 100000
    },
    "new_basis_count": 35421,
    "total_basis_count": 189639,
    "H_reduced_size": [
        189639,
        189639
    ],
    "reduction": 99.43483173847198,
    "H_reduced_e": 1.4694572669073632e-05,
    "used_dense": false,
    "eigenvalue_time": "0:00:04.421725",
    "diff": 1.4694572659048042e-05,
    "change_from_prev": 1.1490777155280525e-06
}
[2026-02-19 15:02:40,051][INFO] [Run 2] Running for Krylov dimension 6
[2026-02-19 15:05:01,824][INFO] [Run 2]
{
    "raw_unique_basis_states": 28839,
    "fermion_basis_rejected": 0,
    "kept_unique_basis_states": 28839,
    "fermion_shots_rejected": 0,
    "kept_shots": 100000
}
[2026-02-19 15:07:50,654][INFO] [Run 2]
{
    "D": 6,
    "t": 6.0,
    "num_trotter_steps": 1,
    "step_time": "0:05:10.602382",
    "H_reduce_time": "0:02:43.686808",
    "circuit_time": "0:02:21.712048",
    "shot_processing": {
        "raw_unique_basis_states": 28839,
        "fermion_basis_rejected": 0,
        "kept_unique_basis_states": 28839,
        "fermion_shots_rejected": 0,
        "kept_shots": 100000
    },
    "new_basis_count": 17692,
    "total_basis_count": 207331,
    "H_reduced_size": [
        207331,
        207331
    ],
    "reduction": 99.38210546970367,
    "H_reduced_e": 1.4562046317127162e-05,
    "used_dense": false,
    "eigenvalue_time": "0:00:05.199997",
    "diff": 1.4562046307101571e-05,
    "change_from_prev": 1.3252635194647078e-07
}
[2026-02-19 15:07:50,654][INFO] [Run 2] Running for Krylov dimension 7
[2026-02-19 15:10:13,276][INFO] [Run 2]
{
    "raw_unique_basis_states": 30653,
    "fermion_basis_rejected": 0,
    "kept_unique_basis_states": 30653,
    "fermion_shots_rejected": 0,
    "kept_shots": 100000
}
[2026-02-19 15:13:18,149][INFO] [Run 2]
{
    "D": 7,
    "t": 7.0,
    "num_trotter_steps": 1,
    "step_time": "0:05:27.494784",
    "H_reduce_time": "0:02:59.297852",
    "circuit_time": "0:02:22.555385",
    "shot_processing": {
        "raw_unique_basis_states": 30653,
        "fermion_basis_rejected": 0,
        "kept_unique_basis_states": 30653,
        "fermion_shots_rejected": 0,
        "kept_shots": 100000
    },
    "new_basis_count": 15754,
    "total_basis_count": 223085,
    "H_reduced_size": [
        223085,
        223085
    ],
    "reduction": 99.3351548910141,
    "H_reduced_e": 5.4656598914751325e-06,
    "used_dense": false,
    "eigenvalue_time": "0:00:05.637964",
    "diff": 5.465659881449543e-06,
    "change_from_prev": 9.096386425652028e-06
}
[2026-02-19 15:13:18,149][INFO] [Run 2] Running for Krylov dimension 8
[2026-02-19 15:15:39,711][INFO] [Run 2]
{
    "raw_unique_basis_states": 70614,
    "fermion_basis_rejected": 0,
    "kept_unique_basis_states": 70614,
    "fermion_shots_rejected": 0,
    "kept_shots": 100000
}
[2026-02-19 15:19:42,012][INFO] [Run 2]
{
    "D": 8,
    "t": 8.0,
    "num_trotter_steps": 1,
    "step_time": "0:06:23.861889",
    "H_reduce_time": "0:03:55.008463",
    "circuit_time": "0:02:21.409074",
    "shot_processing": {
        "raw_unique_basis_states": 70614,
        "fermion_basis_rejected": 0,
        "kept_unique_basis_states": 70614,
        "fermion_shots_rejected": 0,
        "kept_shots": 100000
    },
    "new_basis_count": 49387,
    "total_basis_count": 272472,
    "H_reduced_size": [
        272472,
        272472
    ],
    "reduction": 99.18797016143799,
    "H_reduced_e": 5.218125292615487e-06,
    "used_dense": false,
    "eigenvalue_time": "0:00:07.440683",
    "diff": 5.2181252825898975e-06,
    "change_from_prev": 2.4753459885964537e-07
}
[2026-02-19 15:19:42,012][INFO] [Run 2] Running for Krylov dimension 9
[2026-02-19 15:22:03,359][INFO] [Run 2]
{
    "raw_unique_basis_states": 86333,
    "fermion_basis_rejected": 0,
    "kept_unique_basis_states": 86333,
    "fermion_shots_rejected": 0,
    "kept_shots": 100000
}
[2026-02-19 15:27:21,277][INFO] [Run 2]
{
    "D": 9,
    "t": 9.0,
    "num_trotter_steps": 1,
    "step_time": "0:07:39.265052",
    "H_reduce_time": "0:05:08.329618",
    "circuit_time": "0:02:21.162497",
    "shot_processing": {
        "raw_unique_basis_states": 86333,
        "fermion_basis_rejected": 0,
        "kept_unique_basis_states": 86333,
        "fermion_shots_rejected": 0,
        "kept_shots": 100000
    },
    "new_basis_count": 73024,
    "total_basis_count": 345496,
    "H_reduced_size": [
        345496,
        345496
    ],
    "reduction": 98.97034168243408,
    "H_reduced_e": 5.168377694367112e-06,
    "used_dense": false,
    "eigenvalue_time": "0:00:09.769111",
    "diff": 5.168377684341522e-06,
    "change_from_prev": 4.974759824837526e-08
}
[2026-02-19 15:27:21,277][INFO] [Run 2] Running for Krylov dimension 10
[2026-02-19 15:29:42,426][INFO] [Run 2]
{
    "raw_unique_basis_states": 73571,
    "fermion_basis_rejected": 0,
    "kept_unique_basis_states": 73571,
    "fermion_shots_rejected": 0,
    "kept_shots": 100000
}
[2026-02-19 15:36:23,909][INFO] [Run 2]
{
    "D": 10,
    "t": 10.0,
    "num_trotter_steps": 1,
    "step_time": "0:09:02.631670",
    "H_reduce_time": "0:06:29.853172",
    "circuit_time": "0:02:20.986971",
    "shot_processing": {
        "raw_unique_basis_states": 73571,
        "fermion_basis_rejected": 0,
        "kept_unique_basis_states": 73571,
        "fermion_shots_rejected": 0,
        "kept_shots": 100000
    },
    "new_basis_count": 59228,
    "total_basis_count": 404724,
    "H_reduced_size": [
        404724,
        404724
    ],
    "reduction": 98.79382848739624,
    "H_reduced_e": 2.7278406504138216e-06,
    "used_dense": false,
    "eigenvalue_time": "0:00:11.787782",
    "diff": 2.7278406403882316e-06,
    "change_from_prev": 2.4405370439532902e-06
}
[2026-02-19 15:36:23,910][INFO] [Run 2] Running for Krylov dimension 11
[2026-02-19 15:38:45,361][INFO] [Run 2]
{
    "raw_unique_basis_states": 69688,
    "fermion_basis_rejected": 0,
    "kept_unique_basis_states": 69688,
    "fermion_shots_rejected": 0,
    "kept_shots": 100000
}
[2026-02-19 15:46:33,532][INFO] [Run 2]
{
    "D": 11,
    "t": 11.0,
    "num_trotter_steps": 1,
    "step_time": "0:10:09.622099",
    "H_reduce_time": "0:07:35.256701",
    "circuit_time": "0:02:21.298035",
    "shot_processing": {
        "raw_unique_basis_states": 69688,
        "fermion_basis_rejected": 0,
        "kept_unique_basis_states": 69688,
        "fermion_shots_rejected": 0,
        "kept_shots": 100000
    },
    "new_basis_count": 52071,
    "total_basis_count": 456795,
    "H_reduced_size": [
        456795,
        456795
    ],
    "reduction": 98.63864481449127,
    "H_reduced_e": 2.617499559838842e-06,
    "used_dense": false,
    "eigenvalue_time": "0:00:13.063481",
    "diff": 2.617499549813252e-06,
    "change_from_prev": 1.1034109057497973e-07
}
[2026-02-19 15:46:33,533][INFO] [Run 2] Running for Krylov dimension 12
[2026-02-19 15:48:54,305][INFO] [Run 2]
{
    "raw_unique_basis_states": 32250,
    "fermion_basis_rejected": 0,
    "kept_unique_basis_states": 32250,
    "fermion_shots_rejected": 0,
    "kept_shots": 100000
}
[2026-02-19 15:57:14,745][INFO] [Run 2]
{
    "D": 12,
    "t": 12.0,
    "num_trotter_steps": 1,
    "step_time": "0:10:41.207243",
    "H_reduce_time": "0:08:07.271403",
    "circuit_time": "0:02:20.700960",
    "shot_processing": {
        "raw_unique_basis_states": 32250,
        "fermion_basis_rejected": 0,
        "kept_unique_basis_states": 32250,
        "fermion_shots_rejected": 0,
        "kept_shots": 100000
    },
    "new_basis_count": 12786,
    "total_basis_count": 469581,
    "H_reduced_size": [
        469581,
        469581
    ],
    "reduction": 98.60053956508636,
    "H_reduced_e": 2.6115835799242603e-06,
    "used_dense": false,
    "eigenvalue_time": "0:00:13.229692",
    "diff": 2.6115835698986703e-06,
    "change_from_prev": 5.915979914581563e-09
}
[2026-02-19 15:57:14,749][INFO] [Run 2] Running for Krylov dimension 13
[2026-02-19 15:59:34,037][INFO] [Run 2]
{
    "raw_unique_basis_states": 8573,
    "fermion_basis_rejected": 0,
    "kept_unique_basis_states": 8573,
    "fermion_shots_rejected": 0,
    "kept_shots": 100000
}
[2026-02-19 16:07:52,492][INFO] [Run 2]
{
    "D": 13,
    "t": 13.0,
    "num_trotter_steps": 1,
    "step_time": "0:10:37.743155",
    "H_reduce_time": "0:08:04.139823",
    "circuit_time": "0:02:19.244086",
    "shot_processing": {
        "raw_unique_basis_states": 8573,
        "fermion_basis_rejected": 0,
        "kept_unique_basis_states": 8573,
        "fermion_shots_rejected": 0,
        "kept_shots": 100000
    },
    "new_basis_count": 1222,
    "total_basis_count": 470803,
    "H_reduced_size": [
        470803,
        470803
    ],
    "reduction": 98.59689772129059,
    "H_reduced_e": 2.588166520151891e-06,
    "used_dense": false,
    "eigenvalue_time": "0:00:14.332809",
    "diff": 2.588166510126301e-06,
    "change_from_prev": 2.341705977236933e-08
}
[2026-02-19 16:07:52,492][INFO] [Run 2] Running for Krylov dimension 14
[2026-02-19 16:10:07,372][INFO] [Run 2]
{
    "raw_unique_basis_states": 29744,
    "fermion_basis_rejected": 0,
    "kept_unique_basis_states": 29744,
    "fermion_shots_rejected": 0,
    "kept_shots": 100000
}
[2026-02-19 16:18:55,455][INFO] [Run 2]
{
    "D": 14,
    "t": 14.0,
    "num_trotter_steps": 1,
    "step_time": "0:11:02.962412",
    "H_reduce_time": "0:08:33.737143",
    "circuit_time": "0:02:14.812797",
    "shot_processing": {
        "raw_unique_basis_states": 29744,
        "fermion_basis_rejected": 0,
        "kept_unique_basis_states": 29744,
        "fermion_shots_rejected": 0,
        "kept_shots": 100000
    },
    "new_basis_count": 12500,
    "total_basis_count": 483303,
    "H_reduced_size": [
        483303,
        483303
    ],
    "reduction": 98.55964481830597,
    "H_reduced_e": 2.484780729806488e-06,
    "used_dense": false,
    "eigenvalue_time": "0:00:14.409059",
    "diff": 2.484780719780898e-06,
    "change_from_prev": 1.0338579034540315e-07
}
[2026-02-19 16:18:55,455][INFO] [Run 2] Running for Krylov dimension 15
[2026-02-19 16:21:13,426][INFO] [Run 2]
{
    "raw_unique_basis_states": 70816,
    "fermion_basis_rejected": 0,
    "kept_unique_basis_states": 70816,
    "fermion_shots_rejected": 0,
    "kept_shots": 100000
}
[2026-02-19 16:31:10,673][INFO] [Run 2]
{
    "D": 15,
    "t": 15.0,
    "num_trotter_steps": 1,
    "step_time": "0:12:15.217261",
    "H_reduce_time": "0:09:41.370582",
    "circuit_time": "0:02:17.818290",
    "shot_processing": {
        "raw_unique_basis_states": 70816,
        "fermion_basis_rejected": 0,
        "kept_unique_basis_states": 70816,
        "fermion_shots_rejected": 0,
        "kept_shots": 100000
    },
    "new_basis_count": 46493,
    "total_basis_count": 529796,
    "H_reduced_size": [
        529796,
        529796
    ],
    "reduction": 98.42108488082886,
    "H_reduced_e": 5.984404787124114e-07,
    "used_dense": false,
    "eigenvalue_time": "0:00:16.024438",
    "diff": 5.984404686868215e-07,
    "change_from_prev": 1.8863402510940764e-06
}
[2026-02-19 16:31:10,673][INFO] [Run 2] Running for Krylov dimension 16
[2026-02-19 16:33:31,569][INFO] [Run 2]
{
    "raw_unique_basis_states": 86095,
    "fermion_basis_rejected": 0,
    "kept_unique_basis_states": 86095,
    "fermion_shots_rejected": 0,
    "kept_shots": 100000
}
[2026-02-19 16:45:15,982][INFO] [Run 2]
{
    "D": 16,
    "t": 16.0,
    "num_trotter_steps": 1,
    "step_time": "0:14:05.308630",
    "H_reduce_time": "0:11:24.322574",
    "circuit_time": "0:02:20.705290",
    "shot_processing": {
        "raw_unique_basis_states": 86095,
        "fermion_basis_rejected": 0,
        "kept_unique_basis_states": 86095,
        "fermion_shots_rejected": 0,
        "kept_shots": 100000
    },
    "new_basis_count": 61307,
    "total_basis_count": 591103,
    "H_reduced_size": [
        591103,
        591103
    ],
    "reduction": 98.23837578296661,
    "H_reduced_e": 5.949859657084019e-07,
    "used_dense": false,
    "eigenvalue_time": "0:00:20.276711",
    "diff": 5.94985955682812e-07,
    "change_from_prev": 3.4545130040095434e-09
}
[2026-02-19 16:45:21,133][INFO] [Run 2]
{
    "num_trotters": 2,
    "transpile_time": "0:00:05.150553",
    "circuit_cist": {
        "depth": 8316,
        "size": 23409,
        "num_2q_ops": 5323,
        "depth_2q": 2538,
        "count_ops": {
            "sx": 9150,
            "rz": 8228,
            "cz": 5323,
            "x": 683,
            "measure": 25,
            "barrier": 1
        }
    }
}
[2026-02-19 16:45:21,134][INFO] [Run 2] Running for Krylov dimension 17
[2026-02-19 17:31:24,570][INFO] [Run 2]
{
    "raw_unique_basis_states": 87204,
    "fermion_basis_rejected": 0,
    "kept_unique_basis_states": 87204,
    "fermion_shots_rejected": 0,
    "kept_shots": 100000
}
[2026-02-19 17:45:05,249][INFO] [Run 2]
{
    "D": 17,
    "t": 17.0,
    "num_trotter_steps": 2,
    "step_time": "0:59:44.112982",
    "H_reduce_time": "0:13:20.601613",
    "circuit_time": "0:46:03.243256",
    "shot_processing": {
        "raw_unique_basis_states": 87204,
        "fermion_basis_rejected": 0,
        "kept_unique_basis_states": 87204,
        "fermion_shots_rejected": 0,
        "kept_shots": 100000
    },
    "new_basis_count": 59119,
    "total_basis_count": 650222,
    "H_reduced_size": [
        650222,
        650222
    ],
    "reduction": 98.0621874332428,
    "H_reduced_e": 5.945703994465742e-07,
    "used_dense": false,
    "eigenvalue_time": "0:00:20.265027",
    "diff": 5.945703894209843e-07,
    "change_from_prev": 4.155662618276869e-10
}
[2026-02-19 17:45:05,249][INFO] [Run 2] Running for Krylov dimension 18
