[2026-02-19 14:44:02,057][INFO] Running VQE for linear potential and cutoff 16
[2026-02-19 14:44:02,063][INFO] Truncation: {'m': 283, 'n': 3276, 'keep_frac_terms': 0.08638583638583638, 'keep_ratio': 0.999, 'truncated': 2.163271863607406, 'total_weight': 2171.2812500000505}
[2026-02-19 14:44:02,068][INFO] min_eigenvalue: 1.0025589899691666e-14
[2026-02-19 14:44:03,536][INFO] []
[2026-02-19 14:44:06,703][INFO] [Run 1] Running for Krylov dimension 1
[2026-02-19 14:46:27,079][INFO] [Run 1]
{
    "raw_unique_basis_states": 1432,
    "fermion_basis_rejected": 0,
    "kept_unique_basis_states": 1432,
    "fermion_shots_rejected": 0,
    "kept_shots": 100000
}
[2026-02-19 14:46:30,247][INFO] [Run 1]
{
    "D": 1,
    "t": 1.0,
    "num_trotter_steps": 1,
    "step_time": "0:02:23.543479",
    "H_reduce_time": "0:00:00.660766",
    "circuit_time": "0:02:20.369984",
    "shot_processing": {
        "raw_unique_basis_states": 1432,
        "fermion_basis_rejected": 0,
        "kept_unique_basis_states": 1432,
        "fermion_shots_rejected": 0,
        "kept_shots": 100000
    },
    "new_basis_count": 1432,
    "total_basis_count": 1432,
    "H_reduced_size": [
        1432,
        1432
    ],
    "reduction": 99.99573230743408,
    "H_reduced_e": 9.970987805500725e-05,
    "used_dense": true,
    "eigenvalue_time": "0:00:02.510618",
    "diff": 9.970987804498166e-05,
    "change_from_prev": null
}
[2026-02-19 14:46:30,247][INFO] [Run 1] Running for Krylov dimension 2
[2026-02-19 14:48:56,942][INFO] [Run 1]
{
    "raw_unique_basis_states": 37637,
    "fermion_basis_rejected": 0,
    "kept_unique_basis_states": 37637,
    "fermion_shots_rejected": 0,
    "kept_shots": 100000
}
[2026-02-19 14:49:21,445][INFO] [Run 1]
{
    "D": 2,
    "t": 2.0,
    "num_trotter_steps": 1,
    "step_time": "0:02:51.197498",
    "H_reduce_time": "0:00:24.032063",
    "circuit_time": "0:02:26.607297",
    "shot_processing": {
        "raw_unique_basis_states": 37637,
        "fermion_basis_rejected": 0,
        "kept_unique_basis_states": 37637,
        "fermion_shots_rejected": 0,
        "kept_shots": 100000
    },
    "new_basis_count": 36841,
    "total_basis_count": 38273,
    "H_reduced_size": [
        38273,
        38273
    ],
    "reduction": 99.88593757152557,
    "H_reduced_e": 4.91184558195166e-05,
    "used_dense": false,
    "eigenvalue_time": "0:00:00.554516",
    "diff": 4.911845580949101e-05,
    "change_from_prev": 5.059142223549065e-05
}
[2026-02-19 14:49:21,445][INFO] [Run 1] Running for Krylov dimension 3
[2026-02-19 14:51:52,180][INFO] [Run 1]
{
    "raw_unique_basis_states": 63990,
    "fermion_basis_rejected": 0,
    "kept_unique_basis_states": 63990,
    "fermion_shots_rejected": 0,
    "kept_shots": 100000
}
[2026-02-19 14:53:01,276][INFO] [Run 1]
{
    "D": 3,
    "t": 3.0,
    "num_trotter_steps": 1,
    "step_time": "0:03:39.830591",
    "H_reduce_time": "0:01:06.663057",
    "circuit_time": "0:02:30.573566",
    "shot_processing": {
        "raw_unique_basis_states": 63990,
        "fermion_basis_rejected": 0,
        "kept_unique_basis_states": 63990,
        "fermion_shots_rejected": 0,
        "kept_shots": 100000
    },
    "new_basis_count": 57451,
    "total_basis_count": 95724,
    "H_reduced_size": [
        95724,
        95724
    ],
    "reduction": 99.71472024917603,
    "H_reduced_e": 3.1523383795521544e-05,
    "used_dense": false,
    "eigenvalue_time": "0:00:02.590684",
    "diff": 3.1523383785495953e-05,
    "change_from_prev": 1.7595072023995055e-05
}
[2026-02-19 14:53:01,277][INFO] [Run 1] Running for Krylov dimension 4
[2026-02-19 14:55:32,564][INFO] [Run 1]
{
    "raw_unique_basis_states": 64999,
    "fermion_basis_rejected": 0,
    "kept_unique_basis_states": 64999,
    "fermion_shots_rejected": 0,
    "kept_shots": 100000
}
[2026-02-19 14:57:32,505][INFO] [Run 1]
{
    "D": 4,
    "t": 4.0,
    "num_trotter_steps": 1,
    "step_time": "0:04:31.228120",
    "H_reduce_time": "0:01:55.335682",
    "circuit_time": "0:02:31.146295",
    "shot_processing": {
        "raw_unique_basis_states": 64999,
        "fermion_basis_rejected": 0,
        "kept_unique_basis_states": 64999,
        "fermion_shots_rejected": 0,
        "kept_shots": 100000
    },
    "new_basis_count": 58241,
    "total_basis_count": 153965,
    "H_reduced_size": [
        153965,
        153965
    ],
    "reduction": 99.54114854335785,
    "H_reduced_e": 2.8062581083102527e-05,
    "used_dense": false,
    "eigenvalue_time": "0:00:04.740642",
    "diff": 2.8062581073076937e-05,
    "change_from_prev": 3.4608027124190167e-06
}
[2026-02-19 14:57:32,506][INFO] [Run 1] Running for Krylov dimension 5
[2026-02-19 15:00:05,011][INFO] [Run 1]
{
    "raw_unique_basis_states": 45138,
    "fermion_basis_rejected": 0,
    "kept_unique_basis_states": 45138,
    "fermion_shots_rejected": 0,
    "kept_shots": 100000
}
[2026-02-19 15:02:53,879][INFO] [Run 1]
{
    "D": 5,
    "t": 5.0,
    "num_trotter_steps": 1,
    "step_time": "0:05:21.373346",
    "H_reduce_time": "0:02:41.665578",
    "circuit_time": "0:02:32.406298",
    "shot_processing": {
        "raw_unique_basis_states": 45138,
        "fermion_basis_rejected": 0,
        "kept_unique_basis_states": 45138,
        "fermion_shots_rejected": 0,
        "kept_shots": 100000
    },
    "new_basis_count": 35425,
    "total_basis_count": 189390,
    "H_reduced_size": [
        189390,
        189390
    ],
    "reduction": 99.43557381629944,
    "H_reduced_e": 2.741311336466705e-05,
    "used_dense": false,
    "eigenvalue_time": "0:00:07.296165",
    "diff": 2.741311335464146e-05,
    "change_from_prev": 6.494677184354777e-07
}
[2026-02-19 15:02:53,881][INFO] [Run 1] Running for Krylov dimension 6
[2026-02-19 15:05:26,724][INFO] [Run 1]
{
    "raw_unique_basis_states": 28521,
    "fermion_basis_rejected": 0,
    "kept_unique_basis_states": 28521,
    "fermion_shots_rejected": 0,
    "kept_shots": 100000
}
[2026-02-19 15:08:35,172][INFO] [Run 1]
{
    "D": 6,
    "t": 6.0,
    "num_trotter_steps": 1,
    "step_time": "0:05:41.290529",
    "H_reduce_time": "0:03:03.280219",
    "circuit_time": "0:02:32.762703",
    "shot_processing": {
        "raw_unique_basis_states": 28521,
        "fermion_basis_rejected": 0,
        "kept_unique_basis_states": 28521,
        "fermion_shots_rejected": 0,
        "kept_shots": 100000
    },
    "new_basis_count": 17583,
    "total_basis_count": 206973,
    "H_reduced_size": [
        206973,
        206973
    ],
    "reduction": 99.38317239284515,
    "H_reduced_e": 2.529466110203771e-05,
    "used_dense": false,
    "eigenvalue_time": "0:00:05.241849",
    "diff": 2.529466109201212e-05,
    "change_from_prev": 2.1184522626293404e-06
}
[2026-02-19 15:08:35,172][INFO] [Run 1] Running for Krylov dimension 7
[2026-02-19 15:11:10,817][INFO] [Run 1]
{
    "raw_unique_basis_states": 30402,
    "fermion_basis_rejected": 0,
    "kept_unique_basis_states": 30402,
    "fermion_shots_rejected": 0,
    "kept_shots": 100000
}
[2026-02-19 15:14:50,190][INFO] [Run 1]
{
    "D": 7,
    "t": 7.0,
    "num_trotter_steps": 1,
    "step_time": "0:06:15.017827",
    "H_reduce_time": "0:03:33.230912",
    "circuit_time": "0:02:35.573379",
    "shot_processing": {
        "raw_unique_basis_states": 30402,
        "fermion_basis_rejected": 0,
        "kept_unique_basis_states": 30402,
        "fermion_shots_rejected": 0,
        "kept_shots": 100000
    },
    "new_basis_count": 15608,
    "total_basis_count": 222581,
    "H_reduced_size": [
        222581,
        222581
    ],
    "reduction": 99.33665692806244,
    "H_reduced_e": 2.4745253432412356e-05,
    "used_dense": false,
    "eigenvalue_time": "0:00:06.209000",
    "diff": 2.4745253422386765e-05,
    "change_from_prev": 5.494076696253534e-07
}
[2026-02-19 15:14:50,191][INFO] [Run 1] Running for Krylov dimension 8
[2026-02-19 15:17:25,821][INFO] [Run 1]
{
    "raw_unique_basis_states": 70581,
    "fermion_basis_rejected": 0,
    "kept_unique_basis_states": 70581,
    "fermion_shots_rejected": 0,
    "kept_shots": 100000
}
[2026-02-19 15:22:07,647][INFO] [Run 1]
{
    "D": 8,
    "t": 8.0,
    "num_trotter_steps": 1,
    "step_time": "0:07:17.456421",
    "H_reduce_time": "0:04:34.413565",
    "circuit_time": "0:02:35.470110",
    "shot_processing": {
        "raw_unique_basis_states": 70581,
        "fermion_basis_rejected": 0,
        "kept_unique_basis_states": 70581,
        "fermion_shots_rejected": 0,
        "kept_shots": 100000
    },
    "new_basis_count": 49690,
    "total_basis_count": 272271,
    "H_reduced_size": [
        272271,
        272271
    ],
    "reduction": 99.18856918811798,
    "H_reduced_e": 1.4156702396541608e-05,
    "used_dense": false,
    "eigenvalue_time": "0:00:07.568465",
    "diff": 1.4156702386516018e-05,
    "change_from_prev": 1.0588551035870747e-05
}
[2026-02-19 15:22:07,648][INFO] [Run 1] Running for Krylov dimension 9
[2026-02-19 15:24:37,765][INFO] [Run 1]
{
    "raw_unique_basis_states": 86380,
    "fermion_basis_rejected": 0,
    "kept_unique_basis_states": 86380,
    "fermion_shots_rejected": 0,
    "kept_shots": 100000
}
[2026-02-19 15:30:36,234][INFO] [Run 1]
{
    "D": 9,
    "t": 9.0,
    "num_trotter_steps": 1,
    "step_time": "0:08:28.585517",
    "H_reduce_time": "0:05:48.213557",
    "circuit_time": "0:02:29.911628",
    "shot_processing": {
        "raw_unique_basis_states": 86380,
        "fermion_basis_rejected": 0,
        "kept_unique_basis_states": 86380,
        "fermion_shots_rejected": 0,
        "kept_shots": 100000
    },
    "new_basis_count": 72889,
    "total_basis_count": 345160,
    "H_reduced_size": [
        345160,
        345160
    ],
    "reduction": 98.97134304046631,
    "H_reduced_e": 1.3147544136604798e-05,
    "used_dense": false,
    "eigenvalue_time": "0:00:10.456160",
    "diff": 1.3147544126579207e-05,
    "change_from_prev": 1.0091582599368107e-06
}
[2026-02-19 15:30:36,234][INFO] [Run 1] Running for Krylov dimension 10
[2026-02-19 15:33:07,956][INFO] [Run 1]
{
    "raw_unique_basis_states": 73591,
    "fermion_basis_rejected": 0,
    "kept_unique_basis_states": 73591,
    "fermion_shots_rejected": 0,
    "kept_shots": 100000
}
[2026-02-19 15:41:08,958][INFO] [Run 1]
{
    "D": 10,
    "t": 10.0,
    "num_trotter_steps": 1,
    "step_time": "0:10:32.723786",
    "H_reduce_time": "0:07:48.166689",
    "circuit_time": "0:02:31.536075",
    "shot_processing": {
        "raw_unique_basis_states": 73591,
        "fermion_basis_rejected": 0,
        "kept_unique_basis_states": 73591,
        "fermion_shots_rejected": 0,
        "kept_shots": 100000
    },
    "new_basis_count": 59151,
    "total_basis_count": 404311,
    "H_reduced_size": [
        404311,
        404311
    ],
    "reduction": 98.79505932331085,
    "H_reduced_e": 1.2728382702857027e-05,
    "used_dense": false,
    "eigenvalue_time": "0:00:13.016737",
    "diff": 1.2728382692831437e-05,
    "change_from_prev": 4.1916143374777033e-07
}
[2026-02-19 15:41:08,958][INFO] [Run 1] Running for Krylov dimension 11
[2026-02-19 15:43:39,772][INFO] [Run 1]
{
    "raw_unique_basis_states": 69554,
    "fermion_basis_rejected": 0,
    "kept_unique_basis_states": 69554,
    "fermion_shots_rejected": 0,
    "kept_shots": 100000
}
[2026-02-19 15:53:03,138][INFO] [Run 1]
{
    "D": 11,
    "t": 11.0,
    "num_trotter_steps": 1,
    "step_time": "0:11:54.169107",
    "H_reduce_time": "0:09:07.145360",
    "circuit_time": "0:02:30.633655",
    "shot_processing": {
        "raw_unique_basis_states": 69554,
        "fermion_basis_rejected": 0,
        "kept_unique_basis_states": 69554,
        "fermion_shots_rejected": 0,
        "kept_shots": 100000
    },
    "new_basis_count": 51853,
    "total_basis_count": 456164,
    "H_reduced_size": [
        456164,
        456164
    ],
    "reduction": 98.64052534103394,
    "H_reduced_e": 3.152966907537214e-06,
    "used_dense": false,
    "eigenvalue_time": "0:00:16.384307",
    "diff": 3.1529668975116242e-06,
    "change_from_prev": 9.575415795319813e-06
}
[2026-02-19 15:53:03,148][INFO] [Run 1] Running for Krylov dimension 12
[2026-02-19 15:55:37,776][INFO] [Run 1]
{
    "raw_unique_basis_states": 32091,
    "fermion_basis_rejected": 0,
    "kept_unique_basis_states": 32091,
    "fermion_shots_rejected": 0,
    "kept_shots": 100000
}
[2026-02-19 16:05:49,109][INFO] [Run 1]
{
    "D": 12,
    "t": 12.0,
    "num_trotter_steps": 1,
    "step_time": "0:12:45.960642",
    "H_reduce_time": "0:09:54.743227",
    "circuit_time": "0:02:34.519195",
    "shot_processing": {
        "raw_unique_basis_states": 32091,
        "fermion_basis_rejected": 0,
        "kept_unique_basis_states": 32091,
        "fermion_shots_rejected": 0,
        "kept_shots": 100000
    },
    "new_basis_count": 12832,
    "total_basis_count": 468996,
    "H_reduced_size": [
        468996,
        468996
    ],
    "reduction": 98.60228300094604,
    "H_reduced_e": 3.1514134642072323e-06,
    "used_dense": false,
    "eigenvalue_time": "0:00:16.667890",
    "diff": 3.1514134541816423e-06,
    "change_from_prev": 1.5534433299819138e-09
}
[2026-02-19 16:05:49,109][INFO] [Run 1] Running for Krylov dimension 13
[2026-02-19 16:08:31,277][INFO] [Run 1]
{
    "raw_unique_basis_states": 8569,
    "fermion_basis_rejected": 0,
    "kept_unique_basis_states": 8569,
    "fermion_shots_rejected": 0,
    "kept_shots": 100000
}
[2026-02-19 16:19:03,021][INFO] [Run 1]
{
    "D": 13,
    "t": 13.0,
    "num_trotter_steps": 1,
    "step_time": "0:13:13.911943",
    "H_reduce_time": "0:10:11.898259",
    "circuit_time": "0:02:42.143617",
    "shot_processing": {
        "raw_unique_basis_states": 8569,
        "fermion_basis_rejected": 0,
        "kept_unique_basis_states": 8569,
        "fermion_shots_rejected": 0,
        "kept_shots": 100000
    },
    "new_basis_count": 1144,
    "total_basis_count": 470140,
    "H_reduced_size": [
        470140,
        470140
    ],
    "reduction": 98.59887361526489,
    "H_reduced_e": 3.1510319844705086e-06,
    "used_dense": false,
    "eigenvalue_time": "0:00:19.864114",
    "diff": 3.1510319744449186e-06,
    "change_from_prev": 3.8147973672371326e-10
}
[2026-02-19 16:19:08,957][INFO] [Run 1]
{
    "num_trotters": 2,
    "transpile_time": "0:00:05.935632",
    "circuit_cist": {
        "depth": 8316,
        "size": 23409,
        "num_2q_ops": 5323,
        "depth_2q": 2538,
        "count_ops": {
            "sx": 9150,
            "rz": 8228,
            "cz": 5323,
            "x": 683,
            "measure": 25,
            "barrier": 1
        }
    }
}
[2026-02-19 16:19:08,958][INFO] [Run 1] Running for Krylov dimension 14
[2026-02-19 17:13:09,577][INFO] [Run 1]
{
    "raw_unique_basis_states": 47555,
    "fermion_basis_rejected": 0,
    "kept_unique_basis_states": 47555,
    "fermion_shots_rejected": 0,
    "kept_shots": 100000
}
[2026-02-19 17:24:43,918][INFO] [Run 1]
{
    "D": 14,
    "t": 14.0,
    "num_trotter_steps": 2,
    "step_time": "1:05:34.957269",
    "H_reduce_time": "0:11:15.547131",
    "circuit_time": "0:54:00.484074",
    "shot_processing": {
        "raw_unique_basis_states": 47555,
        "fermion_basis_rejected": 0,
        "kept_unique_basis_states": 47555,
        "fermion_shots_rejected": 0,
        "kept_shots": 100000
    },
    "new_basis_count": 18118,
    "total_basis_count": 488258,
    "H_reduced_size": [
        488258,
        488258
    ],
    "reduction": 98.54487776756287,
    "H_reduced_e": 3.136725365072277e-06,
    "used_dense": false,
    "eigenvalue_time": "0:00:18.921645",
    "diff": 3.136725355046687e-06,
    "change_from_prev": 1.4306619398231684e-08
}
[2026-02-19 17:24:43,918][INFO] [Run 1] Running for Krylov dimension 15
