[2026-02-19 15:24:49,362][INFO] Running VQE for linear potential and cutoff 16
[2026-02-19 15:24:49,366][INFO] Truncation: {'m': 283, 'n': 3276, 'keep_frac_terms': 0.08638583638583638, 'keep_ratio': 0.999, 'truncated': 2.163271863607406, 'total_weight': 2171.2812500000505}
[2026-02-19 15:24:49,372][INFO] min_eigenvalue: 1.0025589899691666e-14
[2026-02-19 15:24:50,418][INFO] []
[2026-02-19 15:24:53,954][INFO] [Run 14] Running for Krylov dimension 1
[2026-02-19 15:27:27,094][INFO] [Run 14]
{
    "raw_unique_basis_states": 1424,
    "fermion_basis_rejected": 0,
    "kept_unique_basis_states": 1424,
    "fermion_shots_rejected": 0,
    "kept_shots": 100000
}
[2026-02-19 15:27:32,345][INFO] [Run 14]
{
    "D": 1,
    "t": 1.0,
    "num_trotter_steps": 1,
    "step_time": "0:02:38.389920",
    "H_reduce_time": "0:00:00.774391",
    "circuit_time": "0:02:33.131878",
    "shot_processing": {
        "raw_unique_basis_states": 1424,
        "fermion_basis_rejected": 0,
        "kept_unique_basis_states": 1424,
        "fermion_shots_rejected": 0,
        "kept_shots": 100000
    },
    "new_basis_count": 1424,
    "total_basis_count": 1424,
    "H_reduced_size": [
        1424,
        1424
    ],
    "reduction": 99.99575614929199,
    "H_reduced_e": 9.154713119357994e-05,
    "used_dense": true,
    "eigenvalue_time": "0:00:04.478749",
    "diff": 9.154713118355434e-05,
    "change_from_prev": null
}
[2026-02-19 15:27:32,345][INFO] [Run 14] Running for Krylov dimension 2
[2026-02-19 15:29:36,411][INFO] [Run 14]
{
    "raw_unique_basis_states": 37587,
    "fermion_basis_rejected": 0,
    "kept_unique_basis_states": 37587,
    "fermion_shots_rejected": 0,
    "kept_shots": 100000
}
[2026-02-19 15:30:05,158][INFO] [Run 14]
{
    "D": 2,
    "t": 2.0,
    "num_trotter_steps": 1,
    "step_time": "0:02:32.812285",
    "H_reduce_time": "0:00:28.099662",
    "circuit_time": "0:02:03.953058",
    "shot_processing": {
        "raw_unique_basis_states": 37587,
        "fermion_basis_rejected": 0,
        "kept_unique_basis_states": 37587,
        "fermion_shots_rejected": 0,
        "kept_shots": 100000
    },
    "new_basis_count": 36773,
    "total_basis_count": 38197,
    "H_reduced_size": [
        38197,
        38197
    ],
    "reduction": 99.88616406917572,
    "H_reduced_e": 3.251491690089837e-05,
    "used_dense": false,
    "eigenvalue_time": "0:00:00.744333",
    "diff": 3.251491689087278e-05,
    "change_from_prev": 5.903221429268157e-05
}
[2026-02-19 15:30:05,158][INFO] [Run 14] Running for Krylov dimension 3
[2026-02-19 15:32:13,774][INFO] [Run 14]
{
    "raw_unique_basis_states": 63967,
    "fermion_basis_rejected": 0,
    "kept_unique_basis_states": 63967,
    "fermion_shots_rejected": 0,
    "kept_shots": 100000
}
[2026-02-19 15:33:39,480][INFO] [Run 14]
{
    "D": 3,
    "t": 3.0,
    "num_trotter_steps": 1,
    "step_time": "0:03:34.321055",
    "H_reduce_time": "0:01:22.851296",
    "circuit_time": "0:02:08.408440",
    "shot_processing": {
        "raw_unique_basis_states": 63967,
        "fermion_basis_rejected": 0,
        "kept_unique_basis_states": 63967,
        "fermion_shots_rejected": 0,
        "kept_shots": 100000
    },
    "new_basis_count": 57418,
    "total_basis_count": 95615,
    "H_reduced_size": [
        95615,
        95615
    ],
    "reduction": 99.71504509449005,
    "H_reduced_e": 1.6131801653204338e-05,
    "used_dense": false,
    "eigenvalue_time": "0:00:03.055780",
    "diff": 1.6131801643178747e-05,
    "change_from_prev": 1.638311524769403e-05
}
[2026-02-19 15:33:39,480][INFO] [Run 14] Running for Krylov dimension 4
[2026-02-19 15:35:47,979][INFO] [Run 14]
{
    "raw_unique_basis_states": 64590,
    "fermion_basis_rejected": 0,
    "kept_unique_basis_states": 64590,
    "fermion_shots_rejected": 0,
    "kept_shots": 100000
}
[2026-02-19 15:39:00,704][INFO] [Run 14]
{
    "D": 4,
    "t": 4.0,
    "num_trotter_steps": 1,
    "step_time": "0:05:21.223199",
    "H_reduce_time": "0:03:08.690172",
    "circuit_time": "0:02:08.304331",
    "shot_processing": {
        "raw_unique_basis_states": 64590,
        "fermion_basis_rejected": 0,
        "kept_unique_basis_states": 64590,
        "fermion_shots_rejected": 0,
        "kept_shots": 100000
    },
    "new_basis_count": 57849,
    "total_basis_count": 153464,
    "H_reduced_size": [
        153464,
        153464
    ],
    "reduction": 99.54264163970947,
    "H_reduced_e": 1.0660347860008308e-05,
    "used_dense": false,
    "eigenvalue_time": "0:00:04.223415",
    "diff": 1.0660347849982718e-05,
    "change_from_prev": 5.471453793196029e-06
}
[2026-02-19 15:39:00,704][INFO] [Run 14] Running for Krylov dimension 5
[2026-02-19 15:41:10,523][INFO] [Run 14]
{
    "raw_unique_basis_states": 45278,
    "fermion_basis_rejected": 0,
    "kept_unique_basis_states": 45278,
    "fermion_shots_rejected": 0,
    "kept_shots": 100000
}
[2026-02-19 15:46:08,374][INFO] [Run 14]
{
    "D": 5,
    "t": 5.0,
    "num_trotter_steps": 1,
    "step_time": "0:07:07.668721",
    "H_reduce_time": "0:04:51.243277",
    "circuit_time": "0:02:09.702772",
    "shot_processing": {
        "raw_unique_basis_states": 45278,
        "fermion_basis_rejected": 0,
        "kept_unique_basis_states": 45278,
        "fermion_shots_rejected": 0,
        "kept_shots": 100000
    },
    "new_basis_count": 35446,
    "total_basis_count": 188910,
    "H_reduced_size": [
        188910,
        188910
    ],
    "reduction": 99.43700432777405,
    "H_reduced_e": 8.759917898633522e-06,
    "used_dense": false,
    "eigenvalue_time": "0:00:06.718014",
    "diff": 8.759917888607932e-06,
    "change_from_prev": 1.900429961374786e-06
}
[2026-02-19 15:46:08,374][INFO] [Run 14] Running for Krylov dimension 6
[2026-02-19 15:48:17,993][INFO] [Run 14]
{
    "raw_unique_basis_states": 28817,
    "fermion_basis_rejected": 0,
    "kept_unique_basis_states": 28817,
    "fermion_shots_rejected": 0,
    "kept_shots": 100000
}
[2026-02-19 15:54:02,670][INFO] [Run 14]
{
    "D": 6,
    "t": 6.0,
    "num_trotter_steps": 1,
    "step_time": "0:07:54.295618",
    "H_reduce_time": "0:05:36.388526",
    "circuit_time": "0:02:09.534602",
    "shot_processing": {
        "raw_unique_basis_states": 28817,
        "fermion_basis_rejected": 0,
        "kept_unique_basis_states": 28817,
        "fermion_shots_rejected": 0,
        "kept_shots": 100000
    },
    "new_basis_count": 17711,
    "total_basis_count": 206621,
    "H_reduced_size": [
        206621,
        206621
    ],
    "reduction": 99.3842214345932,
    "H_reduced_e": 7.776661335262247e-06,
    "used_dense": false,
    "eigenvalue_time": "0:00:08.366878",
    "diff": 7.776661325236657e-06,
    "change_from_prev": 9.832565633712754e-07
}
[2026-02-19 15:54:02,671][INFO] [Run 14] Running for Krylov dimension 7
[2026-02-19 15:56:13,060][INFO] [Run 14]
{
    "raw_unique_basis_states": 30471,
    "fermion_basis_rejected": 0,
    "kept_unique_basis_states": 30471,
    "fermion_shots_rejected": 0,
    "kept_shots": 100000
}
[2026-02-19 16:02:18,713][INFO] [Run 14]
{
    "D": 7,
    "t": 7.0,
    "num_trotter_steps": 1,
    "step_time": "0:08:16.041743",
    "H_reduce_time": "0:05:55.321051",
    "circuit_time": "0:02:10.297108",
    "shot_processing": {
        "raw_unique_basis_states": 30471,
        "fermion_basis_rejected": 0,
        "kept_unique_basis_states": 30471,
        "fermion_shots_rejected": 0,
        "kept_shots": 100000
    },
    "new_basis_count": 15690,
    "total_basis_count": 222311,
    "H_reduced_size": [
        222311,
        222311
    ],
    "reduction": 99.3374615907669,
    "H_reduced_e": 7.589614131432264e-06,
    "used_dense": false,
    "eigenvalue_time": "0:00:10.415992",
    "diff": 7.589614121406674e-06,
    "change_from_prev": 1.8704720382998333e-07
}
[2026-02-19 16:02:18,713][INFO] [Run 14] Running for Krylov dimension 8
[2026-02-19 16:04:28,943][INFO] [Run 14]
{
    "raw_unique_basis_states": 70510,
    "fermion_basis_rejected": 0,
    "kept_unique_basis_states": 70510,
    "fermion_shots_rejected": 0,
    "kept_shots": 100000
}
[2026-02-19 16:12:59,586][INFO] [Run 14]
{
    "D": 8,
    "t": 8.0,
    "num_trotter_steps": 1,
    "step_time": "0:10:40.871983",
    "H_reduce_time": "0:08:19.814927",
    "circuit_time": "0:02:10.054462",
    "shot_processing": {
        "raw_unique_basis_states": 70510,
        "fermion_basis_rejected": 0,
        "kept_unique_basis_states": 70510,
        "fermion_shots_rejected": 0,
        "kept_shots": 100000
    },
    "new_basis_count": 49264,
    "total_basis_count": 271575,
    "H_reduced_size": [
        271575,
        271575
    ],
    "reduction": 99.19064342975616,
    "H_reduced_e": 6.055162003517869e-06,
    "used_dense": false,
    "eigenvalue_time": "0:00:10.998025",
    "diff": 6.055161993492279e-06,
    "change_from_prev": 1.534452127914395e-06
}
[2026-02-19 16:12:59,586][INFO] [Run 14] Running for Krylov dimension 9
[2026-02-19 16:15:10,002][INFO] [Run 14]
{
    "raw_unique_basis_states": 86208,
    "fermion_basis_rejected": 0,
    "kept_unique_basis_states": 86208,
    "fermion_shots_rejected": 0,
    "kept_shots": 100000
}
[2026-02-19 16:26:07,763][INFO] [Run 14]
{
    "D": 9,
    "t": 9.0,
    "num_trotter_steps": 1,
    "step_time": "0:13:08.176472",
    "H_reduce_time": "0:10:45.309163",
    "circuit_time": "0:02:10.152708",
    "shot_processing": {
        "raw_unique_basis_states": 86208,
        "fermion_basis_rejected": 0,
        "kept_unique_basis_states": 86208,
        "fermion_shots_rejected": 0,
        "kept_shots": 100000
    },
    "new_basis_count": 72821,
    "total_basis_count": 344396,
    "H_reduced_size": [
        344396,
        344396
    ],
    "reduction": 98.97361993789673,
    "H_reduced_e": 5.523848874660395e-06,
    "used_dense": false,
    "eigenvalue_time": "0:00:12.708159",
    "diff": 5.523848864634805e-06,
    "change_from_prev": 5.31313128857474e-07
}
[2026-02-19 16:26:07,764][INFO] [Run 14] Running for Krylov dimension 10
[2026-02-19 16:28:19,300][INFO] [Run 14]
{
    "raw_unique_basis_states": 73608,
    "fermion_basis_rejected": 0,
    "kept_unique_basis_states": 73608,
    "fermion_shots_rejected": 0,
    "kept_shots": 100000
}
[2026-02-19 16:42:55,957][INFO] [Run 14]
{
    "D": 10,
    "t": 10.0,
    "num_trotter_steps": 1,
    "step_time": "0:16:48.192894",
    "H_reduce_time": "0:14:17.641361",
    "circuit_time": "0:02:11.325260",
    "shot_processing": {
        "raw_unique_basis_states": 73608,
        "fermion_basis_rejected": 0,
        "kept_unique_basis_states": 73608,
        "fermion_shots_rejected": 0,
        "kept_shots": 100000
    },
    "new_basis_count": 59156,
    "total_basis_count": 403552,
    "H_reduced_size": [
        403552,
        403552
    ],
    "reduction": 98.79732131958008,
    "H_reduced_e": 5.440801457197037e-06,
    "used_dense": false,
    "eigenvalue_time": "0:00:19.221121",
    "diff": 5.4408014471714474e-06,
    "change_from_prev": 8.304741746335777e-08
}
[2026-02-19 16:42:55,958][INFO] [Run 14] Running for Krylov dimension 11
[2026-02-19 16:45:06,076][INFO] [Run 14]
{
    "raw_unique_basis_states": 69587,
    "fermion_basis_rejected": 0,
    "kept_unique_basis_states": 69587,
    "fermion_shots_rejected": 0,
    "kept_shots": 100000
}
[2026-02-19 17:04:01,104][INFO] [Run 14]
{
    "D": 11,
    "t": 11.0,
    "num_trotter_steps": 1,
    "step_time": "0:21:05.143707",
    "H_reduce_time": "0:18:11.203190",
    "circuit_time": "0:02:09.930684",
    "shot_processing": {
        "raw_unique_basis_states": 69587,
        "fermion_basis_rejected": 0,
        "kept_unique_basis_states": 69587,
        "fermion_shots_rejected": 0,
        "kept_shots": 100000
    },
    "new_basis_count": 52091,
    "total_basis_count": 455643,
    "H_reduced_size": [
        455643,
        455643
    ],
    "reduction": 98.64207804203033,
    "H_reduced_e": 3.579978795585743e-06,
    "used_dense": false,
    "eigenvalue_time": "0:00:44.002613",
    "diff": 3.579978785560153e-06,
    "change_from_prev": 1.860822661611294e-06
}
[2026-02-19 17:04:01,108][INFO] [Run 14] Running for Krylov dimension 12
[2026-02-19 17:06:13,895][INFO] [Run 14]
{
    "raw_unique_basis_states": 32053,
    "fermion_basis_rejected": 0,
    "kept_unique_basis_states": 32053,
    "fermion_shots_rejected": 0,
    "kept_shots": 100000
}
[2026-02-19 17:26:24,320][INFO] [Run 14]
{
    "D": 12,
    "t": 12.0,
    "num_trotter_steps": 1,
    "step_time": "0:22:23.211882",
    "H_reduce_time": "0:19:36.304296",
    "circuit_time": "0:02:12.663583",
    "shot_processing": {
        "raw_unique_basis_states": 32053,
        "fermion_basis_rejected": 0,
        "kept_unique_basis_states": 32053,
        "fermion_shots_rejected": 0,
        "kept_shots": 100000
    },
    "new_basis_count": 12956,
    "total_basis_count": 468599,
    "H_reduced_size": [
        468599,
        468599
    ],
    "reduction": 98.60346615314484,
    "H_reduced_e": 3.578395104342039e-06,
    "used_dense": false,
    "eigenvalue_time": "0:00:34.210405",
    "diff": 3.578395094316449e-06,
    "change_from_prev": 1.5836912437040185e-09
}
[2026-02-19 17:26:24,321][INFO] [Run 14] Running for Krylov dimension 13
[2026-02-19 17:28:32,281][INFO] [Run 14]
{
    "raw_unique_basis_states": 8656,
    "fermion_basis_rejected": 0,
    "kept_unique_basis_states": 8656,
    "fermion_shots_rejected": 0,
    "kept_shots": 100000
}
[2026-02-19 17:48:19,029][INFO] [Run 14]
{
    "D": 13,
    "t": 13.0,
    "num_trotter_steps": 1,
    "step_time": "0:21:54.706863",
    "H_reduce_time": "0:19:19.753968",
    "circuit_time": "0:02:07.928145",
    "shot_processing": {
        "raw_unique_basis_states": 8656,
        "fermion_basis_rejected": 0,
        "kept_unique_basis_states": 8656,
        "fermion_shots_rejected": 0,
        "kept_shots": 100000
    },
    "new_basis_count": 1170,
    "total_basis_count": 469769,
    "H_reduced_size": [
        469769,
        469769
    ],
    "reduction": 98.59997928142548,
    "H_reduced_e": 3.5198438088046947e-06,
    "used_dense": false,
    "eigenvalue_time": "0:00:27.018648",
    "diff": 3.5198437987791047e-06,
    "change_from_prev": 5.855129553734435e-08
}
[2026-02-19 17:48:19,031][INFO] [Run 14] Running for Krylov dimension 14
[2026-02-19 17:50:28,561][INFO] [Run 14]
{
    "raw_unique_basis_states": 30054,
    "fermion_basis_rejected": 0,
    "kept_unique_basis_states": 30054,
    "fermion_shots_rejected": 0,
    "kept_shots": 100000
}
[2026-02-19 18:10:42,492][INFO] [Run 14]
{
    "D": 14,
    "t": 14.0,
    "num_trotter_steps": 1,
    "step_time": "0:22:23.442759",
    "H_reduce_time": "0:19:05.478877",
    "circuit_time": "0:02:09.403909",
    "shot_processing": {
        "raw_unique_basis_states": 30054,
        "fermion_basis_rejected": 0,
        "kept_unique_basis_states": 30054,
        "fermion_shots_rejected": 0,
        "kept_shots": 100000
    },
    "new_basis_count": 12708,
    "total_basis_count": 482477,
    "H_reduced_size": [
        482477,
        482477
    ],
    "reduction": 98.56210649013519,
    "H_reduced_e": 3.4617953066151693e-06,
    "used_dense": false,
    "eigenvalue_time": "0:01:08.529468",
    "diff": 3.4617952965895793e-06,
    "change_from_prev": 5.804850218952541e-08
}
[2026-02-19 18:10:42,504][INFO] [Run 14] Running for Krylov dimension 15
[2026-02-19 18:12:52,478][INFO] [Run 14]
{
    "raw_unique_basis_states": 70656,
    "fermion_basis_rejected": 0,
    "kept_unique_basis_states": 70656,
    "fermion_shots_rejected": 0,
    "kept_shots": 100000
}
[2026-02-19 18:35:15,286][INFO] [Run 14]
{
    "D": 15,
    "t": 15.0,
    "num_trotter_steps": 1,
    "step_time": "0:24:32.780901",
    "H_reduce_time": "0:21:40.905782",
    "circuit_time": "0:02:09.737673",
    "shot_processing": {
        "raw_unique_basis_states": 70656,
        "fermion_basis_rejected": 0,
        "kept_unique_basis_states": 70656,
        "fermion_shots_rejected": 0,
        "kept_shots": 100000
    },
    "new_basis_count": 46290,
    "total_basis_count": 528767,
    "H_reduced_size": [
        528767,
        528767
    ],
    "reduction": 98.42415153980255,
    "H_reduced_e": 3.43101511631715e-06,
    "used_dense": false,
    "eigenvalue_time": "0:00:42.110924",
    "diff": 3.43101510629156e-06,
    "change_from_prev": 3.078019029801935e-08
}
[2026-02-19 18:35:15,286][INFO] [Run 14] Running for Krylov dimension 16
[2026-02-19 18:37:27,059][INFO] [Run 14]
{
    "raw_unique_basis_states": 85960,
    "fermion_basis_rejected": 0,
    "kept_unique_basis_states": 85960,
    "fermion_shots_rejected": 0,
    "kept_shots": 100000
}
