[2026-02-19 15:23:18,513][INFO] Running VQE for linear potential and cutoff 16
[2026-02-19 15:23:18,517][INFO] Truncation: {'m': 283, 'n': 3276, 'keep_frac_terms': 0.08638583638583638, 'keep_ratio': 0.999, 'truncated': 2.163271863607406, 'total_weight': 2171.2812500000505}
[2026-02-19 15:23:18,521][INFO] min_eigenvalue: 1.0025589899691666e-14
[2026-02-19 15:23:19,532][INFO] []
[2026-02-19 15:23:22,333][INFO] [Run 12] Running for Krylov dimension 1
[2026-02-19 15:25:21,306][INFO] [Run 12]
{
    "raw_unique_basis_states": 1449,
    "fermion_basis_rejected": 0,
    "kept_unique_basis_states": 1449,
    "fermion_shots_rejected": 0,
    "kept_shots": 100000
}
[2026-02-19 15:25:24,140][INFO] [Run 12]
{
    "D": 1,
    "t": 1.0,
    "num_trotter_steps": 1,
    "step_time": "0:02:01.807149",
    "H_reduce_time": "0:00:00.536944",
    "circuit_time": "0:01:58.968753",
    "shot_processing": {
        "raw_unique_basis_states": 1449,
        "fermion_basis_rejected": 0,
        "kept_unique_basis_states": 1449,
        "fermion_shots_rejected": 0,
        "kept_shots": 100000
    },
    "new_basis_count": 1449,
    "total_basis_count": 1449,
    "H_reduced_size": [
        1449,
        1449
    ],
    "reduction": 99.99568164348602,
    "H_reduced_e": 0.00011880585972587098,
    "used_dense": true,
    "eigenvalue_time": "0:00:02.300007",
    "diff": 0.00011880585971584539,
    "change_from_prev": null
}
[2026-02-19 15:25:24,140][INFO] [Run 12] Running for Krylov dimension 2
[2026-02-19 15:27:28,145][INFO] [Run 12]
{
    "raw_unique_basis_states": 37731,
    "fermion_basis_rejected": 0,
    "kept_unique_basis_states": 37731,
    "fermion_shots_rejected": 0,
    "kept_shots": 100000
}
[2026-02-19 15:27:48,508][INFO] [Run 12]
{
    "D": 2,
    "t": 2.0,
    "num_trotter_steps": 1,
    "step_time": "0:02:24.366918",
    "H_reduce_time": "0:00:20.042751",
    "circuit_time": "0:02:03.931201",
    "shot_processing": {
        "raw_unique_basis_states": 37731,
        "fermion_basis_rejected": 0,
        "kept_unique_basis_states": 37731,
        "fermion_shots_rejected": 0,
        "kept_shots": 100000
    },
    "new_basis_count": 36925,
    "total_basis_count": 38374,
    "H_reduced_size": [
        38374,
        38374
    ],
    "reduction": 99.88563656806946,
    "H_reduced_e": 6.187901518141195e-05,
    "used_dense": false,
    "eigenvalue_time": "0:00:00.390635",
    "diff": 6.187901517138636e-05,
    "change_from_prev": 5.692684454445903e-05
}
[2026-02-19 15:27:48,508][INFO] [Run 12] Running for Krylov dimension 3
[2026-02-19 15:29:56,998][INFO] [Run 12]
{
    "raw_unique_basis_states": 63837,
    "fermion_basis_rejected": 0,
    "kept_unique_basis_states": 63837,
    "fermion_shots_rejected": 0,
    "kept_shots": 100000
}
[2026-02-19 15:30:55,033][INFO] [Run 12]
{
    "D": 3,
    "t": 3.0,
    "num_trotter_steps": 1,
    "step_time": "0:03:06.525156",
    "H_reduce_time": "0:00:56.483249",
    "circuit_time": "0:02:08.361669",
    "shot_processing": {
        "raw_unique_basis_states": 63837,
        "fermion_basis_rejected": 0,
        "kept_unique_basis_states": 63837,
        "fermion_shots_rejected": 0,
        "kept_shots": 100000
    },
    "new_basis_count": 57294,
    "total_basis_count": 95668,
    "H_reduced_size": [
        95668,
        95668
    ],
    "reduction": 99.7148871421814,
    "H_reduced_e": 4.709689131322706e-05,
    "used_dense": false,
    "eigenvalue_time": "0:00:01.677323",
    "diff": 4.709689130320147e-05,
    "change_from_prev": 1.478212386818489e-05
}
[2026-02-19 15:30:55,033][INFO] [Run 12] Running for Krylov dimension 4
[2026-02-19 15:33:03,195][INFO] [Run 12]
{
    "raw_unique_basis_states": 65014,
    "fermion_basis_rejected": 0,
    "kept_unique_basis_states": 65014,
    "fermion_shots_rejected": 0,
    "kept_shots": 100000
}
[2026-02-19 15:34:45,103][INFO] [Run 12]
{
    "D": 4,
    "t": 4.0,
    "num_trotter_steps": 1,
    "step_time": "0:03:50.069456",
    "H_reduce_time": "0:01:38.931349",
    "circuit_time": "0:02:08.029811",
    "shot_processing": {
        "raw_unique_basis_states": 65014,
        "fermion_basis_rejected": 0,
        "kept_unique_basis_states": 65014,
        "fermion_shots_rejected": 0,
        "kept_shots": 100000
    },
    "new_basis_count": 58166,
    "total_basis_count": 153834,
    "H_reduced_size": [
        153834,
        153834
    ],
    "reduction": 99.54153895378113,
    "H_reduced_e": 1.2803316237870015e-05,
    "used_dense": false,
    "eigenvalue_time": "0:00:03.104848",
    "diff": 1.2803316227844424e-05,
    "change_from_prev": 3.429357507535704e-05
}
[2026-02-19 15:34:45,103][INFO] [Run 12] Running for Krylov dimension 5
[2026-02-19 15:36:54,270][INFO] [Run 12]
{
    "raw_unique_basis_states": 45134,
    "fermion_basis_rejected": 0,
    "kept_unique_basis_states": 45134,
    "fermion_shots_rejected": 0,
    "kept_shots": 100000
}
[2026-02-19 15:39:22,784][INFO] [Run 12]
{
    "D": 5,
    "t": 5.0,
    "num_trotter_steps": 1,
    "step_time": "0:04:37.680620",
    "H_reduce_time": "0:02:24.659684",
    "circuit_time": "0:02:09.075333",
    "shot_processing": {
        "raw_unique_basis_states": 45134,
        "fermion_basis_rejected": 0,
        "kept_unique_basis_states": 45134,
        "fermion_shots_rejected": 0,
        "kept_shots": 100000
    },
    "new_basis_count": 35359,
    "total_basis_count": 189193,
    "H_reduced_size": [
        189193,
        189193
    ],
    "reduction": 99.43616092205048,
    "H_reduced_e": 1.1908158285267472e-05,
    "used_dense": false,
    "eigenvalue_time": "0:00:03.941913",
    "diff": 1.1908158275241881e-05,
    "change_from_prev": 8.951579526025431e-07
}
[2026-02-19 15:39:22,785][INFO] [Run 12] Running for Krylov dimension 6
[2026-02-19 15:41:31,693][INFO] [Run 12]
{
    "raw_unique_basis_states": 28841,
    "fermion_basis_rejected": 0,
    "kept_unique_basis_states": 28841,
    "fermion_shots_rejected": 0,
    "kept_shots": 100000
}
[2026-02-19 15:44:19,969][INFO] [Run 12]
{
    "D": 6,
    "t": 6.0,
    "num_trotter_steps": 1,
    "step_time": "0:04:57.184314",
    "H_reduce_time": "0:02:41.632915",
    "circuit_time": "0:02:08.848791",
    "shot_processing": {
        "raw_unique_basis_states": 28841,
        "fermion_basis_rejected": 0,
        "kept_unique_basis_states": 28841,
        "fermion_shots_rejected": 0,
        "kept_shots": 100000
    },
    "new_basis_count": 17583,
    "total_basis_count": 206776,
    "H_reduced_size": [
        206776,
        206776
    ],
    "reduction": 99.38375949859619,
    "H_reduced_e": 1.0191605575066668e-05,
    "used_dense": false,
    "eigenvalue_time": "0:00:06.699145",
    "diff": 1.0191605565041077e-05,
    "change_from_prev": 1.716552710200804e-06
}
[2026-02-19 15:44:19,970][INFO] [Run 12] Running for Krylov dimension 7
[2026-02-19 15:46:29,649][INFO] [Run 12]
{
    "raw_unique_basis_states": 30380,
    "fermion_basis_rejected": 0,
    "kept_unique_basis_states": 30380,
    "fermion_shots_rejected": 0,
    "kept_shots": 100000
}
[2026-02-19 15:49:36,961][INFO] [Run 12]
{
    "D": 7,
    "t": 7.0,
    "num_trotter_steps": 1,
    "step_time": "0:05:16.991483",
    "H_reduce_time": "0:03:01.975032",
    "circuit_time": "0:02:09.618428",
    "shot_processing": {
        "raw_unique_basis_states": 30380,
        "fermion_basis_rejected": 0,
        "kept_unique_basis_states": 30380,
        "fermion_shots_rejected": 0,
        "kept_shots": 100000
    },
    "new_basis_count": 15516,
    "total_basis_count": 222292,
    "H_reduced_size": [
        222292,
        222292
    ],
    "reduction": 99.33751821517944,
    "H_reduced_e": 9.868555593908877e-06,
    "used_dense": false,
    "eigenvalue_time": "0:00:05.394648",
    "diff": 9.868555583883286e-06,
    "change_from_prev": 3.230499811577913e-07
}
[2026-02-19 15:49:36,962][INFO] [Run 12] Running for Krylov dimension 8
[2026-02-19 15:51:45,926][INFO] [Run 12]
{
    "raw_unique_basis_states": 70805,
    "fermion_basis_rejected": 0,
    "kept_unique_basis_states": 70805,
    "fermion_shots_rejected": 0,
    "kept_shots": 100000
}
[2026-02-19 15:55:26,186][INFO] [Run 12]
{
    "D": 8,
    "t": 8.0,
    "num_trotter_steps": 1,
    "step_time": "0:05:49.224310",
    "H_reduce_time": "0:03:32.769304",
    "circuit_time": "0:02:08.823428",
    "shot_processing": {
        "raw_unique_basis_states": 70805,
        "fermion_basis_rejected": 0,
        "kept_unique_basis_states": 70805,
        "fermion_shots_rejected": 0,
        "kept_shots": 100000
    },
    "new_basis_count": 49430,
    "total_basis_count": 271722,
    "H_reduced_size": [
        271722,
        271722
    ],
    "reduction": 99.19020533561707,
    "H_reduced_e": 8.034328642296134e-06,
    "used_dense": false,
    "eigenvalue_time": "0:00:07.627951",
    "diff": 8.034328632270544e-06,
    "change_from_prev": 1.8342269516127421e-06
}
[2026-02-19 15:55:26,186][INFO] [Run 12] Running for Krylov dimension 9
[2026-02-19 15:57:35,246][INFO] [Run 12]
{
    "raw_unique_basis_states": 86355,
    "fermion_basis_rejected": 0,
    "kept_unique_basis_states": 86355,
    "fermion_shots_rejected": 0,
    "kept_shots": 100000
}
[2026-02-19 16:02:24,035][INFO] [Run 12]
{
    "D": 9,
    "t": 9.0,
    "num_trotter_steps": 1,
    "step_time": "0:06:57.848564",
    "H_reduce_time": "0:04:39.939566",
    "circuit_time": "0:02:08.885822",
    "shot_processing": {
        "raw_unique_basis_states": 86355,
        "fermion_basis_rejected": 0,
        "kept_unique_basis_states": 86355,
        "fermion_shots_rejected": 0,
        "kept_shots": 100000
    },
    "new_basis_count": 73033,
    "total_basis_count": 344755,
    "H_reduced_size": [
        344755,
        344755
    ],
    "reduction": 98.97255003452301,
    "H_reduced_e": 6.477808608671554e-06,
    "used_dense": false,
    "eigenvalue_time": "0:00:09.019567",
    "diff": 6.477808598645964e-06,
    "change_from_prev": 1.5565200336245805e-06
}
[2026-02-19 16:02:24,036][INFO] [Run 12] Running for Krylov dimension 10
[2026-02-19 16:04:32,763][INFO] [Run 12]
{
    "raw_unique_basis_states": 73748,
    "fermion_basis_rejected": 0,
    "kept_unique_basis_states": 73748,
    "fermion_shots_rejected": 0,
    "kept_shots": 100000
}
[2026-02-19 16:10:44,467][INFO] [Run 12]
{
    "D": 10,
    "t": 10.0,
    "num_trotter_steps": 1,
    "step_time": "0:08:20.431318",
    "H_reduce_time": "0:06:00.465802",
    "circuit_time": "0:02:08.577456",
    "shot_processing": {
        "raw_unique_basis_states": 73748,
        "fermion_basis_rejected": 0,
        "kept_unique_basis_states": 73748,
        "fermion_shots_rejected": 0,
        "kept_shots": 100000
    },
    "new_basis_count": 59153,
    "total_basis_count": 403908,
    "H_reduced_size": [
        403908,
        403908
    ],
    "reduction": 98.79626035690308,
    "H_reduced_e": 5.703710948414257e-06,
    "used_dense": false,
    "eigenvalue_time": "0:00:11.384033",
    "diff": 5.703710938388668e-06,
    "change_from_prev": 7.740976602572968e-07
}
[2026-02-19 16:10:44,467][INFO] [Run 12] Running for Krylov dimension 11
[2026-02-19 16:12:53,034][INFO] [Run 12]
{
    "raw_unique_basis_states": 69642,
    "fermion_basis_rejected": 0,
    "kept_unique_basis_states": 69642,
    "fermion_shots_rejected": 0,
    "kept_shots": 100000
}
[2026-02-19 16:20:54,489][INFO] [Run 12]
{
    "D": 11,
    "t": 11.0,
    "num_trotter_steps": 1,
    "step_time": "0:10:10.021228",
    "H_reduce_time": "0:07:48.497618",
    "circuit_time": "0:02:08.424502",
    "shot_processing": {
        "raw_unique_basis_states": 69642,
        "fermion_basis_rejected": 0,
        "kept_unique_basis_states": 69642,
        "fermion_shots_rejected": 0,
        "kept_shots": 100000
    },
    "new_basis_count": 52133,
    "total_basis_count": 456041,
    "H_reduced_size": [
        456041,
        456041
    ],
    "reduction": 98.6408919095993,
    "H_reduced_e": 3.7131890060076813e-06,
    "used_dense": false,
    "eigenvalue_time": "0:00:13.095621",
    "diff": 3.7131889959820914e-06,
    "change_from_prev": 1.990521942406576e-06
}
[2026-02-19 16:20:54,489][INFO] [Run 12] Running for Krylov dimension 12
[2026-02-19 16:23:02,826][INFO] [Run 12]
{
    "raw_unique_basis_states": 32253,
    "fermion_basis_rejected": 0,
    "kept_unique_basis_states": 32253,
    "fermion_shots_rejected": 0,
    "kept_shots": 100000
}
[2026-02-19 16:31:15,907][INFO] [Run 12]
{
    "D": 12,
    "t": 12.0,
    "num_trotter_steps": 1,
    "step_time": "0:10:21.416411",
    "H_reduce_time": "0:07:59.249051",
    "circuit_time": "0:02:08.271653",
    "shot_processing": {
        "raw_unique_basis_states": 32253,
        "fermion_basis_rejected": 0,
        "kept_unique_basis_states": 32253,
        "fermion_shots_rejected": 0,
        "kept_shots": 100000
    },
    "new_basis_count": 12976,
    "total_basis_count": 469017,
    "H_reduced_size": [
        469017,
        469017
    ],
    "reduction": 98.60222041606903,
    "H_reduced_e": 3.7107729793256368e-06,
    "used_dense": false,
    "eigenvalue_time": "0:00:13.891182",
    "diff": 3.710772969300047e-06,
    "change_from_prev": 2.4160266820445627e-09
}
[2026-02-19 16:31:15,909][INFO] [Run 12] Running for Krylov dimension 13
[2026-02-19 16:33:22,766][INFO] [Run 12]
{
    "raw_unique_basis_states": 8555,
    "fermion_basis_rejected": 0,
    "kept_unique_basis_states": 8555,
    "fermion_shots_rejected": 0,
    "kept_shots": 100000
}
[2026-02-19 16:41:55,371][INFO] [Run 12]
{
    "D": 13,
    "t": 13.0,
    "num_trotter_steps": 1,
    "step_time": "0:10:39.461456",
    "H_reduce_time": "0:08:18.538043",
    "circuit_time": "0:02:06.817699",
    "shot_processing": {
        "raw_unique_basis_states": 8555,
        "fermion_basis_rejected": 0,
        "kept_unique_basis_states": 8555,
        "fermion_shots_rejected": 0,
        "kept_shots": 100000
    },
    "new_basis_count": 1143,
    "total_basis_count": 470160,
    "H_reduced_size": [
        470160,
        470160
    ],
    "reduction": 98.59881401062012,
    "H_reduced_e": 3.708561942691106e-06,
    "used_dense": false,
    "eigenvalue_time": "0:00:14.083213",
    "diff": 3.708561932665516e-06,
    "change_from_prev": 2.2110366345309798e-09
}
[2026-02-19 16:41:59,991][INFO] [Run 12]
{
    "num_trotters": 2,
    "transpile_time": "0:00:04.620204",
    "circuit_cist": {
        "depth": 8316,
        "size": 23409,
        "num_2q_ops": 5323,
        "depth_2q": 2538,
        "count_ops": {
            "sx": 9150,
            "rz": 8228,
            "cz": 5323,
            "x": 683,
            "measure": 25,
            "barrier": 1
        }
    }
}
[2026-02-19 16:41:59,992][INFO] [Run 12] Running for Krylov dimension 14
[2026-02-19 17:23:57,155][INFO] [Run 12]
{
    "raw_unique_basis_states": 47455,
    "fermion_basis_rejected": 0,
    "kept_unique_basis_states": 47455,
    "fermion_shots_rejected": 0,
    "kept_shots": 100000
}
[2026-02-19 17:33:02,727][INFO] [Run 12]
{
    "D": 14,
    "t": 14.0,
    "num_trotter_steps": 2,
    "step_time": "0:51:02.735299",
    "H_reduce_time": "0:08:51.041876",
    "circuit_time": "0:41:57.064776",
    "shot_processing": {
        "raw_unique_basis_states": 47455,
        "fermion_basis_rejected": 0,
        "kept_unique_basis_states": 47455,
        "fermion_shots_rejected": 0,
        "kept_shots": 100000
    },
    "new_basis_count": 17900,
    "total_basis_count": 488060,
    "H_reduced_size": [
        488060,
        488060
    ],
    "reduction": 98.54546785354614,
    "H_reduced_e": 3.143727468956488e-06,
    "used_dense": false,
    "eigenvalue_time": "0:00:14.626028",
    "diff": 3.143727458930898e-06,
    "change_from_prev": 5.648344737346178e-07
}
[2026-02-19 17:33:02,728][INFO] [Run 12] Running for Krylov dimension 15
[2026-02-19 18:15:04,739][INFO] [Run 12]
{
    "raw_unique_basis_states": 58746,
    "fermion_basis_rejected": 0,
    "kept_unique_basis_states": 58746,
    "fermion_shots_rejected": 0,
    "kept_shots": 100000
}
[2026-02-19 18:25:02,746][INFO] [Run 12]
{
    "D": 15,
    "t": 15.0,
    "num_trotter_steps": 2,
    "step_time": "0:52:00.017771",
    "H_reduce_time": "0:09:41.960556",
    "circuit_time": "0:42:01.891935",
    "shot_processing": {
        "raw_unique_basis_states": 58746,
        "fermion_basis_rejected": 0,
        "kept_unique_basis_states": 58746,
        "fermion_shots_rejected": 0,
        "kept_shots": 100000
    },
    "new_basis_count": 27589,
    "total_basis_count": 515649,
    "H_reduced_size": [
        515649,
        515649
    ],
    "reduction": 98.46324622631073,
    "H_reduced_e": 3.1033190024082107e-06,
    "used_dense": false,
    "eigenvalue_time": "0:00:16.159708",
    "diff": 3.1033189923826207e-06,
    "change_from_prev": 4.04084665482773e-08
}
[2026-02-19 18:25:02,746][INFO] [Run 12] Running for Krylov dimension 16
