[2026-02-13 15:47:32,004][INFO] Running VQE for linear potential and cutoff 16
[2026-02-13 15:47:32,008][INFO] Truncation: {'m': 212, 'n': 2211, 'keep_frac_terms': 0.09588421528720036, 'keep_ratio': 0.999, 'truncated': 1.377312853455578, 'total_weight': 1381.999999999984}
[2026-02-13 15:47:32,034][INFO] min_eigenvalue: 3.9321294598410086e-15
[2026-02-13 15:47:33,984][INFO] []
[2026-02-13 15:47:33,986][INFO] [Run 0] Running for Krylov dimension 1
[2026-02-13 15:47:35,121][INFO] [Run 0]
{
    "raw_unique_basis_states": 3598,
    "fermion_basis_rejected": 0,
    "kept_unique_basis_states": 3598,
    "fermion_shots_rejected": 0,
    "kept_shots": 60000
}
[2026-02-13 15:47:50,407][INFO] [Run 0]
{
    "D": 1,
    "t": 1.0,
    "num_trotter_steps": 1,
    "circuit_time": "0:00:00.998040",
    "shot_processing": {
        "raw_unique_basis_states": 3598,
        "fermion_basis_rejected": 0,
        "kept_unique_basis_states": 3598,
        "fermion_shots_rejected": 0,
        "kept_shots": 60000
    },
    "new_basis_count": 3598,
    "total_basis_count": 3598,
    "H_reduced_size": [
        3598,
        3598
    ],
    "reduction": 99.65686798095703,
    "H_reduced_e": 0.00029567380812278433,
    "used_dense": false,
    "eigenvalue_time": "0:00:00.031665",
    "diff": 0.0002956738081188522,
    "change_from_prev": null,
    "circuit_cost": {
        "depth": 826,
        "size": 2758,
        "num_2q_ops": 647,
        "depth_2q": 273,
        "count_ops": {
            "rz": 960,
            "sx": 912,
            "cz": 647,
            "x": 219,
            "measure": 20,
            "barrier": 1
        }
    }
}
[2026-02-13 15:47:50,407][INFO] [Run 0] Running for Krylov dimension 2
[2026-02-13 15:47:51,394][INFO] [Run 0]
{
    "raw_unique_basis_states": 13923,
    "fermion_basis_rejected": 0,
    "kept_unique_basis_states": 13923,
    "fermion_shots_rejected": 0,
    "kept_shots": 60000
}
[2026-02-13 15:49:00,806][INFO] [Run 0]
{
    "D": 2,
    "t": 2.0,
    "num_trotter_steps": 1,
    "circuit_time": "0:00:00.899242",
    "shot_processing": {
        "raw_unique_basis_states": 13923,
        "fermion_basis_rejected": 0,
        "kept_unique_basis_states": 13923,
        "fermion_shots_rejected": 0,
        "kept_shots": 60000
    },
    "new_basis_count": 11972,
    "total_basis_count": 15570,
    "H_reduced_size": [
        15570,
        15570
    ],
    "reduction": 98.51512908935547,
    "H_reduced_e": 0.0002907585298043472,
    "used_dense": false,
    "eigenvalue_time": "0:00:00.131748",
    "diff": 0.0002907585298004151,
    "change_from_prev": 4.91527831843712e-06,
    "circuit_cost": {
        "depth": 819,
        "size": 2742,
        "num_2q_ops": 647,
        "depth_2q": 273,
        "count_ops": {
            "rz": 952,
            "sx": 912,
            "cz": 647,
            "x": 211,
            "measure": 20,
            "barrier": 1
        }
    }
}
[2026-02-13 15:49:00,807][INFO] [Run 0] Running for Krylov dimension 3
[2026-02-13 15:49:01,742][INFO] [Run 0]
{
    "raw_unique_basis_states": 3486,
    "fermion_basis_rejected": 0,
    "kept_unique_basis_states": 3486,
    "fermion_shots_rejected": 0,
    "kept_shots": 60000
}
[2026-02-13 15:50:21,730][INFO] [Run 0]
{
    "D": 3,
    "t": 3.0,
    "num_trotter_steps": 1,
    "circuit_time": "0:00:00.863466",
    "shot_processing": {
        "raw_unique_basis_states": 3486,
        "fermion_basis_rejected": 0,
        "kept_unique_basis_states": 3486,
        "fermion_shots_rejected": 0,
        "kept_shots": 60000
    },
    "new_basis_count": 1768,
    "total_basis_count": 17338,
    "H_reduced_size": [
        17338,
        17338
    ],
    "reduction": 98.34651947021484,
    "H_reduced_e": 0.00029075852863582425,
    "used_dense": false,
    "eigenvalue_time": "0:00:00.160092",
    "diff": 0.0002907585286318921,
    "change_from_prev": 1.1685229606844816e-12,
    "circuit_cost": {
        "depth": 819,
        "size": 2744,
        "num_2q_ops": 647,
        "depth_2q": 273,
        "count_ops": {
            "rz": 956,
            "sx": 912,
            "cz": 647,
            "x": 209,
            "measure": 20,
            "barrier": 1
        }
    }
}
[2026-02-13 15:50:21,730][INFO] [Run 0] Running for Krylov dimension 4
[2026-02-13 15:50:22,693][INFO] [Run 0]
{
    "raw_unique_basis_states": 12017,
    "fermion_basis_rejected": 0,
    "kept_unique_basis_states": 12017,
    "fermion_shots_rejected": 0,
    "kept_shots": 60000
}
[2026-02-13 15:52:10,232][INFO] [Run 0]
{
    "D": 4,
    "t": 4.0,
    "num_trotter_steps": 1,
    "circuit_time": "0:00:00.877098",
    "shot_processing": {
        "raw_unique_basis_states": 12017,
        "fermion_basis_rejected": 0,
        "kept_unique_basis_states": 12017,
        "fermion_shots_rejected": 0,
        "kept_shots": 60000
    },
    "new_basis_count": 5759,
    "total_basis_count": 23097,
    "H_reduced_size": [
        23097,
        23097
    ],
    "reduction": 97.79729843139648,
    "H_reduced_e": 0.00029020351678648963,
    "used_dense": false,
    "eigenvalue_time": "0:00:00.230645",
    "diff": 0.0002902035167825575,
    "change_from_prev": 5.550118493346211e-07,
    "circuit_cost": {
        "depth": 826,
        "size": 2756,
        "num_2q_ops": 647,
        "depth_2q": 273,
        "count_ops": {
            "rz": 961,
            "sx": 912,
            "cz": 647,
            "x": 216,
            "measure": 20,
            "barrier": 1
        }
    }
}
[2026-02-13 15:52:10,232][INFO] [Run 0] Running for Krylov dimension 5
[2026-02-13 15:52:11,286][INFO] [Run 0]
{
    "raw_unique_basis_states": 16647,
    "fermion_basis_rejected": 0,
    "kept_unique_basis_states": 16647,
    "fermion_shots_rejected": 0,
    "kept_shots": 60000
}
[2026-02-13 15:54:50,318][INFO] [Run 0]
{
    "D": 5,
    "t": 5.0,
    "num_trotter_steps": 1,
    "circuit_time": "0:00:00.959279",
    "shot_processing": {
        "raw_unique_basis_states": 16647,
        "fermion_basis_rejected": 0,
        "kept_unique_basis_states": 16647,
        "fermion_shots_rejected": 0,
        "kept_shots": 60000
    },
    "new_basis_count": 10534,
    "total_basis_count": 33631,
    "H_reduced_size": [
        33631,
        33631
    ],
    "reduction": 96.79269790649414,
    "H_reduced_e": 0.0002901997260089772,
    "used_dense": false,
    "eigenvalue_time": "0:00:00.380765",
    "diff": 0.0002901997260050451,
    "change_from_prev": 3.790777512420809e-09,
    "circuit_cost": {
        "depth": 822,
        "size": 2739,
        "num_2q_ops": 647,
        "depth_2q": 273,
        "count_ops": {
            "rz": 947,
            "sx": 912,
            "cz": 647,
            "x": 213,
            "measure": 20,
            "barrier": 1
        }
    }
}
[2026-02-13 15:54:50,318][INFO] [Run 0] Running for Krylov dimension 6
[2026-02-13 15:54:52,100][INFO] [Run 0]
{
    "raw_unique_basis_states": 7074,
    "fermion_basis_rejected": 0,
    "kept_unique_basis_states": 7074,
    "fermion_shots_rejected": 0,
    "kept_shots": 60000
}
[2026-02-13 15:57:49,050][INFO] [Run 0]
{
    "D": 6,
    "t": 3.0,
    "num_trotter_steps": 2,
    "circuit_time": "0:00:01.652993",
    "shot_processing": {
        "raw_unique_basis_states": 7074,
        "fermion_basis_rejected": 0,
        "kept_unique_basis_states": 7074,
        "fermion_shots_rejected": 0,
        "kept_shots": 60000
    },
    "new_basis_count": 3119,
    "total_basis_count": 36750,
    "H_reduced_size": [
        36750,
        36750
    ],
    "reduction": 96.49524688720703,
    "H_reduced_e": 0.0002590253598151006,
    "used_dense": false,
    "eigenvalue_time": "0:00:00.488874",
    "diff": 0.00025902535981116846,
    "change_from_prev": 3.1174366193876624e-05,
    "circuit_cost": {
        "depth": 1651,
        "size": 5476,
        "num_2q_ops": 1294,
        "depth_2q": 544,
        "count_ops": {
            "rz": 1913,
            "sx": 1823,
            "cz": 1294,
            "x": 426,
            "measure": 20,
            "barrier": 1
        }
    }
}
[2026-02-13 15:57:49,050][INFO] [Run 0] Running for Krylov dimension 7
[2026-02-13 15:57:50,831][INFO] [Run 0]
{
    "raw_unique_basis_states": 11253,
    "fermion_basis_rejected": 0,
    "kept_unique_basis_states": 11253,
    "fermion_shots_rejected": 0,
    "kept_shots": 60000
}
[2026-02-13 16:01:09,201][INFO] [Run 0]
{
    "D": 7,
    "t": 3.5,
    "num_trotter_steps": 2,
    "circuit_time": "0:00:01.646089",
    "shot_processing": {
        "raw_unique_basis_states": 11253,
        "fermion_basis_rejected": 0,
        "kept_unique_basis_states": 11253,
        "fermion_shots_rejected": 0,
        "kept_shots": 60000
    },
    "new_basis_count": 4064,
    "total_basis_count": 40814,
    "H_reduced_size": [
        40814,
        40814
    ],
    "reduction": 96.10767364501953,
    "H_reduced_e": 0.00025822197311926436,
    "used_dense": false,
    "eigenvalue_time": "0:00:00.547653",
    "diff": 0.00025822197311533223,
    "change_from_prev": 8.03386695836226e-07,
    "circuit_cost": {
        "depth": 1626,
        "size": 5445,
        "num_2q_ops": 1294,
        "depth_2q": 544,
        "count_ops": {
            "rz": 1883,
            "sx": 1823,
            "cz": 1294,
            "x": 425,
            "measure": 20,
            "barrier": 1
        }
    }
}
[2026-02-13 16:01:09,201][INFO] [Run 0] Running for Krylov dimension 8
[2026-02-13 16:01:10,966][INFO] [Run 0]
{
    "raw_unique_basis_states": 17425,
    "fermion_basis_rejected": 0,
    "kept_unique_basis_states": 17425,
    "fermion_shots_rejected": 0,
    "kept_shots": 60000
}
[2026-02-13 16:05:01,940][INFO] [Run 0]
{
    "D": 8,
    "t": 4.0,
    "num_trotter_steps": 2,
    "circuit_time": "0:00:01.622792",
    "shot_processing": {
        "raw_unique_basis_states": 17425,
        "fermion_basis_rejected": 0,
        "kept_unique_basis_states": 17425,
        "fermion_shots_rejected": 0,
        "kept_shots": 60000
    },
    "new_basis_count": 6901,
    "total_basis_count": 47715,
    "H_reduced_size": [
        47715,
        47715
    ],
    "reduction": 95.44954299926758,
    "H_reduced_e": 8.231378007440002e-07,
    "used_dense": false,
    "eigenvalue_time": "0:00:00.725465",
    "diff": 8.231377968118707e-07,
    "change_from_prev": 0.00025739883531852034,
    "circuit_cost": {
        "depth": 1625,
        "size": 5434,
        "num_2q_ops": 1294,
        "depth_2q": 544,
        "count_ops": {
            "rz": 1883,
            "sx": 1823,
            "cz": 1294,
            "x": 414,
            "measure": 20,
            "barrier": 1
        }
    }
}
[2026-02-13 16:05:01,940][INFO] [Run 0] Running for Krylov dimension 9
[2026-02-13 16:05:03,704][INFO] [Run 0]
{
    "raw_unique_basis_states": 20366,
    "fermion_basis_rejected": 0,
    "kept_unique_basis_states": 20366,
    "fermion_shots_rejected": 0,
    "kept_shots": 60000
}
