[2026-02-13 15:47:31,996][INFO] Running VQE for linear potential and cutoff 16
[2026-02-13 15:47:32,001][INFO] Truncation: {'m': 212, 'n': 2211, 'keep_frac_terms': 0.09588421528720036, 'keep_ratio': 0.999, 'truncated': 1.377312853455578, 'total_weight': 1381.999999999984}
[2026-02-13 15:47:32,027][INFO] min_eigenvalue: 3.9321294598410086e-15
[2026-02-13 15:47:34,231][INFO] []
[2026-02-13 15:47:34,232][INFO] [Run 1] Running for Krylov dimension 1
[2026-02-13 15:47:35,379][INFO] [Run 1]
{
    "raw_unique_basis_states": 3607,
    "fermion_basis_rejected": 0,
    "kept_unique_basis_states": 3607,
    "fermion_shots_rejected": 0,
    "kept_shots": 60000
}
[2026-02-13 15:47:50,869][INFO] [Run 1]
{
    "D": 1,
    "t": 1.0,
    "num_trotter_steps": 1,
    "circuit_time": "0:00:01.013146",
    "shot_processing": {
        "raw_unique_basis_states": 3607,
        "fermion_basis_rejected": 0,
        "kept_unique_basis_states": 3607,
        "fermion_shots_rejected": 0,
        "kept_shots": 60000
    },
    "new_basis_count": 3607,
    "total_basis_count": 3607,
    "H_reduced_size": [
        3607,
        3607
    ],
    "reduction": 99.65600967407227,
    "H_reduced_e": 0.0002956639841255989,
    "used_dense": false,
    "eigenvalue_time": "0:00:00.031354",
    "diff": 0.00029566398412166675,
    "change_from_prev": null,
    "circuit_cost": {
        "depth": 826,
        "size": 2758,
        "num_2q_ops": 647,
        "depth_2q": 273,
        "count_ops": {
            "rz": 960,
            "sx": 912,
            "cz": 647,
            "x": 219,
            "measure": 20,
            "barrier": 1
        }
    }
}
[2026-02-13 15:47:50,870][INFO] [Run 1] Running for Krylov dimension 2
[2026-02-13 15:47:51,908][INFO] [Run 1]
{
    "raw_unique_basis_states": 13825,
    "fermion_basis_rejected": 0,
    "kept_unique_basis_states": 13825,
    "fermion_shots_rejected": 0,
    "kept_shots": 60000
}
[2026-02-13 15:49:06,730][INFO] [Run 1]
{
    "D": 2,
    "t": 2.0,
    "num_trotter_steps": 1,
    "circuit_time": "0:00:00.946487",
    "shot_processing": {
        "raw_unique_basis_states": 13825,
        "fermion_basis_rejected": 0,
        "kept_unique_basis_states": 13825,
        "fermion_shots_rejected": 0,
        "kept_shots": 60000
    },
    "new_basis_count": 11930,
    "total_basis_count": 15537,
    "H_reduced_size": [
        15537,
        15537
    ],
    "reduction": 98.51827621459961,
    "H_reduced_e": 0.0002624666771003953,
    "used_dense": false,
    "eigenvalue_time": "0:00:00.132771",
    "diff": 0.00026246667709646314,
    "change_from_prev": 3.31973070252036e-05,
    "circuit_cost": {
        "depth": 819,
        "size": 2742,
        "num_2q_ops": 647,
        "depth_2q": 273,
        "count_ops": {
            "rz": 952,
            "sx": 912,
            "cz": 647,
            "x": 211,
            "measure": 20,
            "barrier": 1
        }
    }
}
[2026-02-13 15:49:06,730][INFO] [Run 1] Running for Krylov dimension 3
[2026-02-13 15:49:07,665][INFO] [Run 1]
{
    "raw_unique_basis_states": 3488,
    "fermion_basis_rejected": 0,
    "kept_unique_basis_states": 3488,
    "fermion_shots_rejected": 0,
    "kept_shots": 60000
}
[2026-02-13 15:50:30,259][INFO] [Run 1]
{
    "D": 3,
    "t": 3.0,
    "num_trotter_steps": 1,
    "circuit_time": "0:00:00.861654",
    "shot_processing": {
        "raw_unique_basis_states": 3488,
        "fermion_basis_rejected": 0,
        "kept_unique_basis_states": 3488,
        "fermion_shots_rejected": 0,
        "kept_shots": 60000
    },
    "new_basis_count": 1818,
    "total_basis_count": 17355,
    "H_reduced_size": [
        17355,
        17355
    ],
    "reduction": 98.34489822387695,
    "H_reduced_e": 0.00026246640338243633,
    "used_dense": false,
    "eigenvalue_time": "0:00:00.157691",
    "diff": 0.0002624664033785042,
    "change_from_prev": 2.7371795894301845e-10,
    "circuit_cost": {
        "depth": 819,
        "size": 2744,
        "num_2q_ops": 647,
        "depth_2q": 273,
        "count_ops": {
            "rz": 956,
            "sx": 912,
            "cz": 647,
            "x": 209,
            "measure": 20,
            "barrier": 1
        }
    }
}
[2026-02-13 15:50:30,260][INFO] [Run 1] Running for Krylov dimension 4
[2026-02-13 15:50:31,253][INFO] [Run 1]
{
    "raw_unique_basis_states": 12071,
    "fermion_basis_rejected": 0,
    "kept_unique_basis_states": 12071,
    "fermion_shots_rejected": 0,
    "kept_shots": 60000
}
[2026-02-13 15:52:22,216][INFO] [Run 1]
{
    "D": 4,
    "t": 4.0,
    "num_trotter_steps": 1,
    "circuit_time": "0:00:00.905220",
    "shot_processing": {
        "raw_unique_basis_states": 12071,
        "fermion_basis_rejected": 0,
        "kept_unique_basis_states": 12071,
        "fermion_shots_rejected": 0,
        "kept_shots": 60000
    },
    "new_basis_count": 5808,
    "total_basis_count": 23163,
    "H_reduced_size": [
        23163,
        23163
    ],
    "reduction": 97.7910041809082,
    "H_reduced_e": 0.0002602575147687684,
    "used_dense": false,
    "eigenvalue_time": "0:00:00.232835",
    "diff": 0.0002602575147648363,
    "change_from_prev": 2.2088886136679086e-06,
    "circuit_cost": {
        "depth": 826,
        "size": 2756,
        "num_2q_ops": 647,
        "depth_2q": 273,
        "count_ops": {
            "rz": 961,
            "sx": 912,
            "cz": 647,
            "x": 216,
            "measure": 20,
            "barrier": 1
        }
    }
}
[2026-02-13 15:52:22,216][INFO] [Run 1] Running for Krylov dimension 5
[2026-02-13 15:52:23,307][INFO] [Run 1]
{
    "raw_unique_basis_states": 16578,
    "fermion_basis_rejected": 0,
    "kept_unique_basis_states": 16578,
    "fermion_shots_rejected": 0,
    "kept_shots": 60000
}
[2026-02-13 15:55:07,469][INFO] [Run 1]
{
    "D": 5,
    "t": 5.0,
    "num_trotter_steps": 1,
    "circuit_time": "0:00:00.995622",
    "shot_processing": {
        "raw_unique_basis_states": 16578,
        "fermion_basis_rejected": 0,
        "kept_unique_basis_states": 16578,
        "fermion_shots_rejected": 0,
        "kept_shots": 60000
    },
    "new_basis_count": 10385,
    "total_basis_count": 33548,
    "H_reduced_size": [
        33548,
        33548
    ],
    "reduction": 96.80061340332031,
    "H_reduced_e": 0.0002602562287555326,
    "used_dense": false,
    "eigenvalue_time": "0:00:00.419000",
    "diff": 0.00026025622875160045,
    "change_from_prev": 1.2860132358430594e-09,
    "circuit_cost": {
        "depth": 822,
        "size": 2739,
        "num_2q_ops": 647,
        "depth_2q": 273,
        "count_ops": {
            "rz": 947,
            "sx": 912,
            "cz": 647,
            "x": 213,
            "measure": 20,
            "barrier": 1
        }
    }
}
[2026-02-13 15:55:07,469][INFO] [Run 1] Running for Krylov dimension 6
[2026-02-13 15:55:09,247][INFO] [Run 1]
{
    "raw_unique_basis_states": 7075,
    "fermion_basis_rejected": 0,
    "kept_unique_basis_states": 7075,
    "fermion_shots_rejected": 0,
    "kept_shots": 60000
}
[2026-02-13 15:58:10,844][INFO] [Run 1]
{
    "D": 6,
    "t": 3.0,
    "num_trotter_steps": 2,
    "circuit_time": "0:00:01.645998",
    "shot_processing": {
        "raw_unique_basis_states": 7075,
        "fermion_basis_rejected": 0,
        "kept_unique_basis_states": 7075,
        "fermion_shots_rejected": 0,
        "kept_shots": 60000
    },
    "new_basis_count": 3137,
    "total_basis_count": 36685,
    "H_reduced_size": [
        36685,
        36685
    ],
    "reduction": 96.50144577026367,
    "H_reduced_e": 4.593142716353177e-06,
    "used_dense": false,
    "eigenvalue_time": "0:00:00.515583",
    "diff": 4.5931427124210474e-06,
    "change_from_prev": 0.0002556630860391794,
    "circuit_cost": {
        "depth": 1651,
        "size": 5476,
        "num_2q_ops": 1294,
        "depth_2q": 544,
        "count_ops": {
            "rz": 1913,
            "sx": 1823,
            "cz": 1294,
            "x": 426,
            "measure": 20,
            "barrier": 1
        }
    }
}
[2026-02-13 15:58:10,844][INFO] [Run 1] Running for Krylov dimension 7
[2026-02-13 15:58:12,621][INFO] [Run 1]
{
    "raw_unique_basis_states": 11160,
    "fermion_basis_rejected": 0,
    "kept_unique_basis_states": 11160,
    "fermion_shots_rejected": 0,
    "kept_shots": 60000
}
[2026-02-13 16:01:32,500][INFO] [Run 1]
{
    "D": 7,
    "t": 3.5,
    "num_trotter_steps": 2,
    "circuit_time": "0:00:01.640484",
    "shot_processing": {
        "raw_unique_basis_states": 11160,
        "fermion_basis_rejected": 0,
        "kept_unique_basis_states": 11160,
        "fermion_shots_rejected": 0,
        "kept_shots": 60000
    },
    "new_basis_count": 4051,
    "total_basis_count": 40736,
    "H_reduced_size": [
        40736,
        40736
    ],
    "reduction": 96.1151123046875,
    "H_reduced_e": 3.841000622901798e-06,
    "used_dense": false,
    "eigenvalue_time": "0:00:00.692070",
    "diff": 3.8410006189696686e-06,
    "change_from_prev": 7.521420934513789e-07,
    "circuit_cost": {
        "depth": 1626,
        "size": 5445,
        "num_2q_ops": 1294,
        "depth_2q": 544,
        "count_ops": {
            "rz": 1883,
            "sx": 1823,
            "cz": 1294,
            "x": 425,
            "measure": 20,
            "barrier": 1
        }
    }
}
[2026-02-13 16:01:32,500][INFO] [Run 1] Running for Krylov dimension 8
[2026-02-13 16:01:34,360][INFO] [Run 1]
{
    "raw_unique_basis_states": 17395,
    "fermion_basis_rejected": 0,
    "kept_unique_basis_states": 17395,
    "fermion_shots_rejected": 0,
    "kept_shots": 60000
}
[2026-02-13 16:05:34,936][INFO] [Run 1]
{
    "D": 8,
    "t": 4.0,
    "num_trotter_steps": 2,
    "circuit_time": "0:00:01.708778",
    "shot_processing": {
        "raw_unique_basis_states": 17395,
        "fermion_basis_rejected": 0,
        "kept_unique_basis_states": 17395,
        "fermion_shots_rejected": 0,
        "kept_shots": 60000
    },
    "new_basis_count": 6768,
    "total_basis_count": 47504,
    "H_reduced_size": [
        47504,
        47504
    ],
    "reduction": 95.46966552734375,
    "H_reduced_e": 3.08353514916742e-06,
    "used_dense": false,
    "eigenvalue_time": "0:00:00.734669",
    "diff": 3.0835351452352906e-06,
    "change_from_prev": 7.574654737343779e-07,
    "circuit_cost": {
        "depth": 1625,
        "size": 5434,
        "num_2q_ops": 1294,
        "depth_2q": 544,
        "count_ops": {
            "rz": 1883,
            "sx": 1823,
            "cz": 1294,
            "x": 414,
            "measure": 20,
            "barrier": 1
        }
    }
}
[2026-02-13 16:05:34,937][INFO] [Run 1] Running for Krylov dimension 9
[2026-02-13 16:05:36,709][INFO] [Run 1]
{
    "raw_unique_basis_states": 20226,
    "fermion_basis_rejected": 0,
    "kept_unique_basis_states": 20226,
    "fermion_shots_rejected": 0,
    "kept_shots": 60000
}
