[2026-02-13 15:49:35,438][INFO] Running VQE for linear potential and cutoff 16
[2026-02-13 15:49:35,444][INFO] Truncation: {'m': 212, 'n': 2211, 'keep_frac_terms': 0.09588421528720036, 'keep_ratio': 0.999, 'truncated': 1.377312853455578, 'total_weight': 1381.999999999984}
[2026-02-13 15:49:35,591][INFO] min_eigenvalue: 3.9321294598410086e-15
[2026-02-13 15:49:37,867][INFO] []
[2026-02-13 15:49:37,869][INFO] [Run 2] Running for Krylov dimension 1
[2026-02-13 15:49:39,194][INFO] [Run 2]
{
    "raw_unique_basis_states": 3643,
    "fermion_basis_rejected": 0,
    "kept_unique_basis_states": 3643,
    "fermion_shots_rejected": 0,
    "kept_shots": 60000
}
[2026-02-13 15:49:57,274][INFO] [Run 2]
{
    "D": 1,
    "t": 1.0,
    "num_trotter_steps": 1,
    "circuit_time": "0:00:01.164682",
    "shot_processing": {
        "raw_unique_basis_states": 3643,
        "fermion_basis_rejected": 0,
        "kept_unique_basis_states": 3643,
        "fermion_shots_rejected": 0,
        "kept_shots": 60000
    },
    "new_basis_count": 3643,
    "total_basis_count": 3643,
    "H_reduced_size": [
        3643,
        3643
    ],
    "reduction": 99.6525764465332,
    "H_reduced_e": 0.0006717658959871556,
    "used_dense": false,
    "eigenvalue_time": "0:00:00.034347",
    "diff": 0.0006717658959832235,
    "change_from_prev": null,
    "circuit_cost": {
        "depth": 826,
        "size": 2758,
        "num_2q_ops": 647,
        "depth_2q": 273,
        "count_ops": {
            "rz": 960,
            "sx": 912,
            "cz": 647,
            "x": 219,
            "measure": 20,
            "barrier": 1
        }
    }
}
[2026-02-13 15:49:57,274][INFO] [Run 2] Running for Krylov dimension 2
[2026-02-13 15:49:58,379][INFO] [Run 2]
{
    "raw_unique_basis_states": 13970,
    "fermion_basis_rejected": 0,
    "kept_unique_basis_states": 13970,
    "fermion_shots_rejected": 0,
    "kept_shots": 60000
}
[2026-02-13 15:51:21,304][INFO] [Run 2]
{
    "D": 2,
    "t": 2.0,
    "num_trotter_steps": 1,
    "circuit_time": "0:00:01.004591",
    "shot_processing": {
        "raw_unique_basis_states": 13970,
        "fermion_basis_rejected": 0,
        "kept_unique_basis_states": 13970,
        "fermion_shots_rejected": 0,
        "kept_shots": 60000
    },
    "new_basis_count": 11990,
    "total_basis_count": 15633,
    "H_reduced_size": [
        15633,
        15633
    ],
    "reduction": 98.50912094116211,
    "H_reduced_e": 0.00026054677794095233,
    "used_dense": false,
    "eigenvalue_time": "0:00:00.159692",
    "diff": 0.0002605467779370202,
    "change_from_prev": 0.0004112191180462033,
    "circuit_cost": {
        "depth": 819,
        "size": 2742,
        "num_2q_ops": 647,
        "depth_2q": 273,
        "count_ops": {
            "rz": 952,
            "sx": 912,
            "cz": 647,
            "x": 211,
            "measure": 20,
            "barrier": 1
        }
    }
}
[2026-02-13 15:51:21,304][INFO] [Run 2] Running for Krylov dimension 3
[2026-02-13 15:51:22,357][INFO] [Run 2]
{
    "raw_unique_basis_states": 3475,
    "fermion_basis_rejected": 0,
    "kept_unique_basis_states": 3475,
    "fermion_shots_rejected": 0,
    "kept_shots": 60000
}
[2026-02-13 15:52:53,711][INFO] [Run 2]
{
    "D": 3,
    "t": 3.0,
    "num_trotter_steps": 1,
    "circuit_time": "0:00:00.971377",
    "shot_processing": {
        "raw_unique_basis_states": 3475,
        "fermion_basis_rejected": 0,
        "kept_unique_basis_states": 3475,
        "fermion_shots_rejected": 0,
        "kept_shots": 60000
    },
    "new_basis_count": 1796,
    "total_basis_count": 17429,
    "H_reduced_size": [
        17429,
        17429
    ],
    "reduction": 98.33784103393555,
    "H_reduced_e": 0.00026054523539846634,
    "used_dense": false,
    "eigenvalue_time": "0:00:00.172337",
    "diff": 0.0002605452353945342,
    "change_from_prev": 1.5425424859964385e-09,
    "circuit_cost": {
        "depth": 819,
        "size": 2744,
        "num_2q_ops": 647,
        "depth_2q": 273,
        "count_ops": {
            "rz": 956,
            "sx": 912,
            "cz": 647,
            "x": 209,
            "measure": 20,
            "barrier": 1
        }
    }
}
[2026-02-13 15:52:53,712][INFO] [Run 2] Running for Krylov dimension 4
[2026-02-13 15:52:54,771][INFO] [Run 2]
{
    "raw_unique_basis_states": 12100,
    "fermion_basis_rejected": 0,
    "kept_unique_basis_states": 12100,
    "fermion_shots_rejected": 0,
    "kept_shots": 60000
}
[2026-02-13 15:54:58,774][INFO] [Run 2]
{
    "D": 4,
    "t": 4.0,
    "num_trotter_steps": 1,
    "circuit_time": "0:00:00.964675",
    "shot_processing": {
        "raw_unique_basis_states": 12100,
        "fermion_basis_rejected": 0,
        "kept_unique_basis_states": 12100,
        "fermion_shots_rejected": 0,
        "kept_shots": 60000
    },
    "new_basis_count": 5747,
    "total_basis_count": 23176,
    "H_reduced_size": [
        23176,
        23176
    ],
    "reduction": 97.78976440429688,
    "H_reduced_e": 0.00026054480622123553,
    "used_dense": false,
    "eigenvalue_time": "0:00:00.259524",
    "diff": 0.0002605448062173034,
    "change_from_prev": 4.291772308091628e-10,
    "circuit_cost": {
        "depth": 826,
        "size": 2756,
        "num_2q_ops": 647,
        "depth_2q": 273,
        "count_ops": {
            "rz": 961,
            "sx": 912,
            "cz": 647,
            "x": 216,
            "measure": 20,
            "barrier": 1
        }
    }
}
[2026-02-13 15:54:58,774][INFO] [Run 2] Running for Krylov dimension 5
[2026-02-13 15:55:00,771][INFO] [Run 2]
{
    "raw_unique_basis_states": 8286,
    "fermion_basis_rejected": 0,
    "kept_unique_basis_states": 8286,
    "fermion_shots_rejected": 0,
    "kept_shots": 60000
}
[2026-02-13 15:57:23,075][INFO] [Run 2]
{
    "D": 5,
    "t": 2.5,
    "num_trotter_steps": 2,
    "circuit_time": "0:00:01.856551",
    "shot_processing": {
        "raw_unique_basis_states": 8286,
        "fermion_basis_rejected": 0,
        "kept_unique_basis_states": 8286,
        "fermion_shots_rejected": 0,
        "kept_shots": 60000
    },
    "new_basis_count": 4165,
    "total_basis_count": 27341,
    "H_reduced_size": [
        27341,
        27341
    ],
    "reduction": 97.39255905151367,
    "H_reduced_e": 0.00025997933015908207,
    "used_dense": false,
    "eigenvalue_time": "0:00:00.382710",
    "diff": 0.00025997933015514994,
    "change_from_prev": 5.654760621534626e-07,
    "circuit_cost": {
        "depth": 1640,
        "size": 5488,
        "num_2q_ops": 1294,
        "depth_2q": 544,
        "count_ops": {
            "rz": 1917,
            "sx": 1823,
            "cz": 1294,
            "x": 434,
            "measure": 20,
            "barrier": 1
        }
    }
}
[2026-02-13 15:57:23,076][INFO] [Run 2] Running for Krylov dimension 6
[2026-02-13 15:57:25,246][INFO] [Run 2]
{
    "raw_unique_basis_states": 6981,
    "fermion_basis_rejected": 0,
    "kept_unique_basis_states": 6981,
    "fermion_shots_rejected": 0,
    "kept_shots": 60000
}
[2026-02-13 16:00:00,608][INFO] [Run 2]
{
    "D": 6,
    "t": 3.0,
    "num_trotter_steps": 2,
    "circuit_time": "0:00:02.013003",
    "shot_processing": {
        "raw_unique_basis_states": 6981,
        "fermion_basis_rejected": 0,
        "kept_unique_basis_states": 6981,
        "fermion_shots_rejected": 0,
        "kept_shots": 60000
    },
    "new_basis_count": 2649,
    "total_basis_count": 29990,
    "H_reduced_size": [
        29990,
        29990
    ],
    "reduction": 97.13993072509766,
    "H_reduced_e": 0.0002597186499989462,
    "used_dense": false,
    "eigenvalue_time": "0:00:00.366497",
    "diff": 0.00025971864999501407,
    "change_from_prev": 2.606801601358691e-07,
    "circuit_cost": {
        "depth": 1651,
        "size": 5476,
        "num_2q_ops": 1294,
        "depth_2q": 544,
        "count_ops": {
            "rz": 1913,
            "sx": 1823,
            "cz": 1294,
            "x": 426,
            "measure": 20,
            "barrier": 1
        }
    }
}
[2026-02-13 16:00:00,608][INFO] [Run 2] Running for Krylov dimension 7
[2026-02-13 16:00:02,585][INFO] [Run 2]
{
    "raw_unique_basis_states": 11130,
    "fermion_basis_rejected": 0,
    "kept_unique_basis_states": 11130,
    "fermion_shots_rejected": 0,
    "kept_shots": 60000
}
[2026-02-13 16:03:02,412][INFO] [Run 2]
{
    "D": 7,
    "t": 3.5,
    "num_trotter_steps": 2,
    "circuit_time": "0:00:01.828406",
    "shot_processing": {
        "raw_unique_basis_states": 11130,
        "fermion_basis_rejected": 0,
        "kept_unique_basis_states": 11130,
        "fermion_shots_rejected": 0,
        "kept_shots": 60000
    },
    "new_basis_count": 4543,
    "total_basis_count": 34533,
    "H_reduced_size": [
        34533,
        34533
    ],
    "reduction": 96.7066764831543,
    "H_reduced_e": 0.00025849693313805694,
    "used_dense": false,
    "eigenvalue_time": "0:00:00.458554",
    "diff": 0.0002584969331341248,
    "change_from_prev": 1.2217168608892603e-06,
    "circuit_cost": {
        "depth": 1626,
        "size": 5445,
        "num_2q_ops": 1294,
        "depth_2q": 544,
        "count_ops": {
            "rz": 1883,
            "sx": 1823,
            "cz": 1294,
            "x": 425,
            "measure": 20,
            "barrier": 1
        }
    }
}
[2026-02-13 16:03:02,413][INFO] [Run 2] Running for Krylov dimension 8
[2026-02-13 16:03:04,419][INFO] [Run 2]
{
    "raw_unique_basis_states": 17323,
    "fermion_basis_rejected": 0,
    "kept_unique_basis_states": 17323,
    "fermion_shots_rejected": 0,
    "kept_shots": 60000
}
