[2026-02-13 15:51:13,369][INFO] Running VQE for linear potential and cutoff 16
[2026-02-13 15:51:13,372][INFO] Truncation: {'m': 212, 'n': 2211, 'keep_frac_terms': 0.09588421528720036, 'keep_ratio': 0.999, 'truncated': 1.377312853455578, 'total_weight': 1381.999999999984}
[2026-02-13 15:51:13,402][INFO] min_eigenvalue: 3.9321294598410086e-15
[2026-02-13 15:51:15,444][INFO] []
[2026-02-13 15:51:15,445][INFO] [Run 5] Running for Krylov dimension 1
[2026-02-13 15:51:16,473][INFO] [Run 5]
{
    "raw_unique_basis_states": 3642,
    "fermion_basis_rejected": 0,
    "kept_unique_basis_states": 3642,
    "fermion_shots_rejected": 0,
    "kept_shots": 60000
}
[2026-02-13 15:51:31,707][INFO] [Run 5]
{
    "D": 1,
    "t": 1.0,
    "num_trotter_steps": 1,
    "circuit_time": "0:00:00.938942",
    "shot_processing": {
        "raw_unique_basis_states": 3642,
        "fermion_basis_rejected": 0,
        "kept_unique_basis_states": 3642,
        "fermion_shots_rejected": 0,
        "kept_shots": 60000
    },
    "new_basis_count": 3642,
    "total_basis_count": 3642,
    "H_reduced_size": [
        3642,
        3642
    ],
    "reduction": 99.65267181396484,
    "H_reduced_e": 0.0002753912253406873,
    "used_dense": false,
    "eigenvalue_time": "0:00:00.023609",
    "diff": 0.00027539122533675516,
    "change_from_prev": null,
    "circuit_cost": {
        "depth": 826,
        "size": 2758,
        "num_2q_ops": 647,
        "depth_2q": 273,
        "count_ops": {
            "rz": 960,
            "sx": 912,
            "cz": 647,
            "x": 219,
            "measure": 20,
            "barrier": 1
        }
    }
}
[2026-02-13 15:51:31,708][INFO] [Run 5] Running for Krylov dimension 2
[2026-02-13 15:51:32,708][INFO] [Run 5]
{
    "raw_unique_basis_states": 13848,
    "fermion_basis_rejected": 0,
    "kept_unique_basis_states": 13848,
    "fermion_shots_rejected": 0,
    "kept_shots": 60000
}
[2026-02-13 15:52:42,167][INFO] [Run 5]
{
    "D": 2,
    "t": 2.0,
    "num_trotter_steps": 1,
    "circuit_time": "0:00:00.905749",
    "shot_processing": {
        "raw_unique_basis_states": 13848,
        "fermion_basis_rejected": 0,
        "kept_unique_basis_states": 13848,
        "fermion_shots_rejected": 0,
        "kept_shots": 60000
    },
    "new_basis_count": 11891,
    "total_basis_count": 15533,
    "H_reduced_size": [
        15533,
        15533
    ],
    "reduction": 98.51865768432617,
    "H_reduced_e": 0.00027469527965079496,
    "used_dense": false,
    "eigenvalue_time": "0:00:00.133548",
    "diff": 0.00027469527964686283,
    "change_from_prev": 6.959456898923276e-07,
    "circuit_cost": {
        "depth": 819,
        "size": 2742,
        "num_2q_ops": 647,
        "depth_2q": 273,
        "count_ops": {
            "rz": 952,
            "sx": 912,
            "cz": 647,
            "x": 211,
            "measure": 20,
            "barrier": 1
        }
    }
}
[2026-02-13 15:52:42,168][INFO] [Run 5] Running for Krylov dimension 3
[2026-02-13 15:52:43,100][INFO] [Run 5]
{
    "raw_unique_basis_states": 3451,
    "fermion_basis_rejected": 0,
    "kept_unique_basis_states": 3451,
    "fermion_shots_rejected": 0,
    "kept_shots": 60000
}
[2026-02-13 15:54:00,999][INFO] [Run 5]
{
    "D": 3,
    "t": 3.0,
    "num_trotter_steps": 1,
    "circuit_time": "0:00:00.860840",
    "shot_processing": {
        "raw_unique_basis_states": 3451,
        "fermion_basis_rejected": 0,
        "kept_unique_basis_states": 3451,
        "fermion_shots_rejected": 0,
        "kept_shots": 60000
    },
    "new_basis_count": 1819,
    "total_basis_count": 17352,
    "H_reduced_size": [
        17352,
        17352
    ],
    "reduction": 98.34518432617188,
    "H_reduced_e": 0.0002746952712719813,
    "used_dense": false,
    "eigenvalue_time": "0:00:00.152072",
    "diff": 0.0002746952712680492,
    "change_from_prev": 8.37881364767687e-12,
    "circuit_cost": {
        "depth": 819,
        "size": 2744,
        "num_2q_ops": 647,
        "depth_2q": 273,
        "count_ops": {
            "rz": 956,
            "sx": 912,
            "cz": 647,
            "x": 209,
            "measure": 20,
            "barrier": 1
        }
    }
}
[2026-02-13 15:54:00,999][INFO] [Run 5] Running for Krylov dimension 4
[2026-02-13 15:54:01,963][INFO] [Run 5]
{
    "raw_unique_basis_states": 12036,
    "fermion_basis_rejected": 0,
    "kept_unique_basis_states": 12036,
    "fermion_shots_rejected": 0,
    "kept_shots": 60000
}
[2026-02-13 15:55:49,820][INFO] [Run 5]
{
    "D": 4,
    "t": 4.0,
    "num_trotter_steps": 1,
    "circuit_time": "0:00:00.878880",
    "shot_processing": {
        "raw_unique_basis_states": 12036,
        "fermion_basis_rejected": 0,
        "kept_unique_basis_states": 12036,
        "fermion_shots_rejected": 0,
        "kept_shots": 60000
    },
    "new_basis_count": 5723,
    "total_basis_count": 23075,
    "H_reduced_size": [
        23075,
        23075
    ],
    "reduction": 97.79939651489258,
    "H_reduced_e": 0.00027330372998093504,
    "used_dense": false,
    "eigenvalue_time": "0:00:00.213361",
    "diff": 0.0002733037299770029,
    "change_from_prev": 1.3915412910462744e-06,
    "circuit_cost": {
        "depth": 826,
        "size": 2756,
        "num_2q_ops": 647,
        "depth_2q": 273,
        "count_ops": {
            "rz": 961,
            "sx": 912,
            "cz": 647,
            "x": 216,
            "measure": 20,
            "barrier": 1
        }
    }
}
[2026-02-13 15:55:49,820][INFO] [Run 5] Running for Krylov dimension 5
[2026-02-13 15:55:50,870][INFO] [Run 5]
{
    "raw_unique_basis_states": 16728,
    "fermion_basis_rejected": 0,
    "kept_unique_basis_states": 16728,
    "fermion_shots_rejected": 0,
    "kept_shots": 60000
}
[2026-02-13 15:58:30,631][INFO] [Run 5]
{
    "D": 5,
    "t": 5.0,
    "num_trotter_steps": 1,
    "circuit_time": "0:00:00.958452",
    "shot_processing": {
        "raw_unique_basis_states": 16728,
        "fermion_basis_rejected": 0,
        "kept_unique_basis_states": 16728,
        "fermion_shots_rejected": 0,
        "kept_shots": 60000
    },
    "new_basis_count": 10509,
    "total_basis_count": 33584,
    "H_reduced_size": [
        33584,
        33584
    ],
    "reduction": 96.79718017578125,
    "H_reduced_e": 0.0002733034370314686,
    "used_dense": false,
    "eigenvalue_time": "0:00:00.381793",
    "diff": 0.00027330343702753647,
    "change_from_prev": 2.929494664427948e-10,
    "circuit_cost": {
        "depth": 822,
        "size": 2739,
        "num_2q_ops": 647,
        "depth_2q": 273,
        "count_ops": {
            "rz": 947,
            "sx": 912,
            "cz": 647,
            "x": 213,
            "measure": 20,
            "barrier": 1
        }
    }
}
[2026-02-13 15:58:30,631][INFO] [Run 5] Running for Krylov dimension 6
[2026-02-13 15:58:32,395][INFO] [Run 5]
{
    "raw_unique_basis_states": 7074,
    "fermion_basis_rejected": 0,
    "kept_unique_basis_states": 7074,
    "fermion_shots_rejected": 0,
    "kept_shots": 60000
}
[2026-02-13 16:01:29,029][INFO] [Run 5]
{
    "D": 6,
    "t": 3.0,
    "num_trotter_steps": 2,
    "circuit_time": "0:00:01.634232",
    "shot_processing": {
        "raw_unique_basis_states": 7074,
        "fermion_basis_rejected": 0,
        "kept_unique_basis_states": 7074,
        "fermion_shots_rejected": 0,
        "kept_shots": 60000
    },
    "new_basis_count": 3129,
    "total_basis_count": 36713,
    "H_reduced_size": [
        36713,
        36713
    ],
    "reduction": 96.49877548217773,
    "H_reduced_e": 0.00027329548630973603,
    "used_dense": false,
    "eigenvalue_time": "0:00:00.432496",
    "diff": 0.0002732954863058039,
    "change_from_prev": 7.950721732570033e-09,
    "circuit_cost": {
        "depth": 1651,
        "size": 5476,
        "num_2q_ops": 1294,
        "depth_2q": 544,
        "count_ops": {
            "rz": 1913,
            "sx": 1823,
            "cz": 1294,
            "x": 426,
            "measure": 20,
            "barrier": 1
        }
    }
}
[2026-02-13 16:01:29,030][INFO] [Run 5] Running for Krylov dimension 7
[2026-02-13 16:01:30,801][INFO] [Run 5]
{
    "raw_unique_basis_states": 11193,
    "fermion_basis_rejected": 0,
    "kept_unique_basis_states": 11193,
    "fermion_shots_rejected": 0,
    "kept_shots": 60000
}
[2026-02-13 16:04:46,803][INFO] [Run 5]
{
    "D": 7,
    "t": 3.5,
    "num_trotter_steps": 2,
    "circuit_time": "0:00:01.637554",
    "shot_processing": {
        "raw_unique_basis_states": 11193,
        "fermion_basis_rejected": 0,
        "kept_unique_basis_states": 11193,
        "fermion_shots_rejected": 0,
        "kept_shots": 60000
    },
    "new_basis_count": 3972,
    "total_basis_count": 40685,
    "H_reduced_size": [
        40685,
        40685
    ],
    "reduction": 96.11997604370117,
    "H_reduced_e": 0.0002602191302020786,
    "used_dense": false,
    "eigenvalue_time": "0:00:00.544277",
    "diff": 0.0002602191301981465,
    "change_from_prev": 1.3076356107657409e-05,
    "circuit_cost": {
        "depth": 1626,
        "size": 5445,
        "num_2q_ops": 1294,
        "depth_2q": 544,
        "count_ops": {
            "rz": 1883,
            "sx": 1823,
            "cz": 1294,
            "x": 425,
            "measure": 20,
            "barrier": 1
        }
    }
}
[2026-02-13 16:04:46,804][INFO] [Run 5] Running for Krylov dimension 8
[2026-02-13 16:04:48,584][INFO] [Run 5]
{
    "raw_unique_basis_states": 17520,
    "fermion_basis_rejected": 0,
    "kept_unique_basis_states": 17520,
    "fermion_shots_rejected": 0,
    "kept_shots": 60000
}
