[2026-02-13 15:53:48,851][INFO] Running VQE for linear potential and cutoff 16
[2026-02-13 15:53:48,855][INFO] Truncation: {'m': 212, 'n': 2211, 'keep_frac_terms': 0.09588421528720036, 'keep_ratio': 0.999, 'truncated': 1.377312853455578, 'total_weight': 1381.999999999984}
[2026-02-13 15:53:48,882][INFO] min_eigenvalue: 3.9321294598410086e-15
[2026-02-13 15:53:51,922][INFO] []
[2026-02-13 15:53:51,923][INFO] [Run 7] Running for Krylov dimension 1
[2026-02-13 15:53:53,097][INFO] [Run 7]
{
    "raw_unique_basis_states": 3627,
    "fermion_basis_rejected": 0,
    "kept_unique_basis_states": 3627,
    "fermion_shots_rejected": 0,
    "kept_shots": 60000
}
[2026-02-13 15:54:08,269][INFO] [Run 7]
{
    "D": 1,
    "t": 1.0,
    "num_trotter_steps": 1,
    "circuit_time": "0:00:01.025311",
    "shot_processing": {
        "raw_unique_basis_states": 3627,
        "fermion_basis_rejected": 0,
        "kept_unique_basis_states": 3627,
        "fermion_shots_rejected": 0,
        "kept_shots": 60000
    },
    "new_basis_count": 3627,
    "total_basis_count": 3627,
    "H_reduced_size": [
        3627,
        3627
    ],
    "reduction": 99.65410232543945,
    "H_reduced_e": 0.0002640712592099117,
    "used_dense": false,
    "eigenvalue_time": "0:00:00.032354",
    "diff": 0.0002640712592059796,
    "change_from_prev": null,
    "circuit_cost": {
        "depth": 826,
        "size": 2758,
        "num_2q_ops": 647,
        "depth_2q": 273,
        "count_ops": {
            "rz": 960,
            "sx": 912,
            "cz": 647,
            "x": 219,
            "measure": 20,
            "barrier": 1
        }
    }
}
[2026-02-13 15:54:08,269][INFO] [Run 7] Running for Krylov dimension 2
[2026-02-13 15:54:09,268][INFO] [Run 7]
{
    "raw_unique_basis_states": 13875,
    "fermion_basis_rejected": 0,
    "kept_unique_basis_states": 13875,
    "fermion_shots_rejected": 0,
    "kept_shots": 60000
}
[2026-02-13 15:55:19,903][INFO] [Run 7]
{
    "D": 2,
    "t": 2.0,
    "num_trotter_steps": 1,
    "circuit_time": "0:00:00.910202",
    "shot_processing": {
        "raw_unique_basis_states": 13875,
        "fermion_basis_rejected": 0,
        "kept_unique_basis_states": 13875,
        "fermion_shots_rejected": 0,
        "kept_shots": 60000
    },
    "new_basis_count": 11940,
    "total_basis_count": 15567,
    "H_reduced_size": [
        15567,
        15567
    ],
    "reduction": 98.51541519165039,
    "H_reduced_e": 0.00026078616580284454,
    "used_dense": false,
    "eigenvalue_time": "0:00:00.135544",
    "diff": 0.0002607861657989124,
    "change_from_prev": 3.2850934070671896e-06,
    "circuit_cost": {
        "depth": 819,
        "size": 2742,
        "num_2q_ops": 647,
        "depth_2q": 273,
        "count_ops": {
            "rz": 952,
            "sx": 912,
            "cz": 647,
            "x": 211,
            "measure": 20,
            "barrier": 1
        }
    }
}
[2026-02-13 15:55:19,903][INFO] [Run 7] Running for Krylov dimension 3
[2026-02-13 15:55:20,847][INFO] [Run 7]
{
    "raw_unique_basis_states": 3465,
    "fermion_basis_rejected": 0,
    "kept_unique_basis_states": 3465,
    "fermion_shots_rejected": 0,
    "kept_shots": 60000
}
[2026-02-13 15:56:41,353][INFO] [Run 7]
{
    "D": 3,
    "t": 3.0,
    "num_trotter_steps": 1,
    "circuit_time": "0:00:00.871807",
    "shot_processing": {
        "raw_unique_basis_states": 3465,
        "fermion_basis_rejected": 0,
        "kept_unique_basis_states": 3465,
        "fermion_shots_rejected": 0,
        "kept_shots": 60000
    },
    "new_basis_count": 1778,
    "total_basis_count": 17345,
    "H_reduced_size": [
        17345,
        17345
    ],
    "reduction": 98.34585189819336,
    "H_reduced_e": 0.00026078614641134365,
    "used_dense": false,
    "eigenvalue_time": "0:00:00.154176",
    "diff": 0.0002607861464074115,
    "change_from_prev": 1.9391500883335355e-11,
    "circuit_cost": {
        "depth": 819,
        "size": 2744,
        "num_2q_ops": 647,
        "depth_2q": 273,
        "count_ops": {
            "rz": 956,
            "sx": 912,
            "cz": 647,
            "x": 209,
            "measure": 20,
            "barrier": 1
        }
    }
}
[2026-02-13 15:56:41,354][INFO] [Run 7] Running for Krylov dimension 4
[2026-02-13 15:56:42,319][INFO] [Run 7]
{
    "raw_unique_basis_states": 12014,
    "fermion_basis_rejected": 0,
    "kept_unique_basis_states": 12014,
    "fermion_shots_rejected": 0,
    "kept_shots": 60000
}
[2026-02-13 15:58:32,689][INFO] [Run 7]
{
    "D": 4,
    "t": 4.0,
    "num_trotter_steps": 1,
    "circuit_time": "0:00:00.879831",
    "shot_processing": {
        "raw_unique_basis_states": 12014,
        "fermion_basis_rejected": 0,
        "kept_unique_basis_states": 12014,
        "fermion_shots_rejected": 0,
        "kept_shots": 60000
    },
    "new_basis_count": 5737,
    "total_basis_count": 23082,
    "H_reduced_size": [
        23082,
        23082
    ],
    "reduction": 97.7987289428711,
    "H_reduced_e": 0.00025944822310342274,
    "used_dense": false,
    "eigenvalue_time": "0:00:00.227412",
    "diff": 0.0002594482230994906,
    "change_from_prev": 1.337923307920914e-06,
    "circuit_cost": {
        "depth": 826,
        "size": 2756,
        "num_2q_ops": 647,
        "depth_2q": 273,
        "count_ops": {
            "rz": 961,
            "sx": 912,
            "cz": 647,
            "x": 216,
            "measure": 20,
            "barrier": 1
        }
    }
}
[2026-02-13 15:58:32,690][INFO] [Run 7] Running for Krylov dimension 5
[2026-02-13 15:58:33,749][INFO] [Run 7]
{
    "raw_unique_basis_states": 16779,
    "fermion_basis_rejected": 0,
    "kept_unique_basis_states": 16779,
    "fermion_shots_rejected": 0,
    "kept_shots": 60000
}
[2026-02-13 16:01:15,873][INFO] [Run 7]
{
    "D": 5,
    "t": 5.0,
    "num_trotter_steps": 1,
    "circuit_time": "0:00:00.965740",
    "shot_processing": {
        "raw_unique_basis_states": 16779,
        "fermion_basis_rejected": 0,
        "kept_unique_basis_states": 16779,
        "fermion_shots_rejected": 0,
        "kept_shots": 60000
    },
    "new_basis_count": 10507,
    "total_basis_count": 33589,
    "H_reduced_size": [
        33589,
        33589
    ],
    "reduction": 96.79670333862305,
    "H_reduced_e": 0.0002593320292206773,
    "used_dense": false,
    "eigenvalue_time": "0:00:00.443842",
    "diff": 0.00025933202921674516,
    "change_from_prev": 1.1619388274545367e-07,
    "circuit_cost": {
        "depth": 822,
        "size": 2739,
        "num_2q_ops": 647,
        "depth_2q": 273,
        "count_ops": {
            "rz": 947,
            "sx": 912,
            "cz": 647,
            "x": 213,
            "measure": 20,
            "barrier": 1
        }
    }
}
[2026-02-13 16:01:15,873][INFO] [Run 7] Running for Krylov dimension 6
[2026-02-13 16:01:16,935][INFO] [Run 7]
{
    "raw_unique_basis_states": 2533,
    "fermion_basis_rejected": 0,
    "kept_unique_basis_states": 2533,
    "fermion_shots_rejected": 0,
    "kept_shots": 60000
}
[2026-02-13 16:04:10,655][INFO] [Run 7]
{
    "D": 6,
    "t": 6.0,
    "num_trotter_steps": 1,
    "circuit_time": "0:00:00.988435",
    "shot_processing": {
        "raw_unique_basis_states": 2533,
        "fermion_basis_rejected": 0,
        "kept_unique_basis_states": 2533,
        "fermion_shots_rejected": 0,
        "kept_shots": 60000
    },
    "new_basis_count": 706,
    "total_basis_count": 34295,
    "H_reduced_size": [
        34295,
        34295
    ],
    "reduction": 96.72937393188477,
    "H_reduced_e": 0.0002593297394361422,
    "used_dense": false,
    "eigenvalue_time": "0:00:00.446110",
    "diff": 0.00025932973943221005,
    "change_from_prev": 2.289784535103919e-09,
    "circuit_cost": {
        "depth": 830,
        "size": 2771,
        "num_2q_ops": 647,
        "depth_2q": 273,
        "count_ops": {
            "rz": 970,
            "sx": 908,
            "cz": 647,
            "x": 226,
            "measure": 20,
            "barrier": 1
        }
    }
}
[2026-02-13 16:04:10,656][INFO] [Run 7] Running for Krylov dimension 7
[2026-02-13 16:04:12,446][INFO] [Run 7]
{
    "raw_unique_basis_states": 11176,
    "fermion_basis_rejected": 0,
    "kept_unique_basis_states": 11176,
    "fermion_shots_rejected": 0,
    "kept_shots": 60000
}
