[2026-02-13 15:53:48,959][INFO] Running VQE for linear potential and cutoff 16
[2026-02-13 15:53:48,962][INFO] Truncation: {'m': 212, 'n': 2211, 'keep_frac_terms': 0.09588421528720036, 'keep_ratio': 0.999, 'truncated': 1.377312853455578, 'total_weight': 1381.999999999984}
[2026-02-13 15:53:48,989][INFO] min_eigenvalue: 3.9321294598410086e-15
[2026-02-13 15:53:52,184][INFO] []
[2026-02-13 15:53:52,185][INFO] [Run 8] Running for Krylov dimension 1
[2026-02-13 15:53:53,242][INFO] [Run 8]
{
    "raw_unique_basis_states": 3643,
    "fermion_basis_rejected": 0,
    "kept_unique_basis_states": 3643,
    "fermion_shots_rejected": 0,
    "kept_shots": 60000
}
[2026-02-13 15:54:08,591][INFO] [Run 8]
{
    "D": 1,
    "t": 1.0,
    "num_trotter_steps": 1,
    "circuit_time": "0:00:00.964612",
    "shot_processing": {
        "raw_unique_basis_states": 3643,
        "fermion_basis_rejected": 0,
        "kept_unique_basis_states": 3643,
        "fermion_shots_rejected": 0,
        "kept_shots": 60000
    },
    "new_basis_count": 3643,
    "total_basis_count": 3643,
    "H_reduced_size": [
        3643,
        3643
    ],
    "reduction": 99.6525764465332,
    "H_reduced_e": 0.00028087589302392264,
    "used_dense": false,
    "eigenvalue_time": "0:00:00.023870",
    "diff": 0.0002808758930199905,
    "change_from_prev": null,
    "circuit_cost": {
        "depth": 826,
        "size": 2758,
        "num_2q_ops": 647,
        "depth_2q": 273,
        "count_ops": {
            "rz": 960,
            "sx": 912,
            "cz": 647,
            "x": 219,
            "measure": 20,
            "barrier": 1
        }
    }
}
[2026-02-13 15:54:08,591][INFO] [Run 8] Running for Krylov dimension 2
[2026-02-13 15:54:09,596][INFO] [Run 8]
{
    "raw_unique_basis_states": 13886,
    "fermion_basis_rejected": 0,
    "kept_unique_basis_states": 13886,
    "fermion_shots_rejected": 0,
    "kept_shots": 60000
}
[2026-02-13 15:55:25,780][INFO] [Run 8]
{
    "D": 2,
    "t": 2.0,
    "num_trotter_steps": 1,
    "circuit_time": "0:00:00.909694",
    "shot_processing": {
        "raw_unique_basis_states": 13886,
        "fermion_basis_rejected": 0,
        "kept_unique_basis_states": 13886,
        "fermion_shots_rejected": 0,
        "kept_shots": 60000
    },
    "new_basis_count": 11935,
    "total_basis_count": 15578,
    "H_reduced_size": [
        15578,
        15578
    ],
    "reduction": 98.51436614990234,
    "H_reduced_e": 0.0002791205460885208,
    "used_dense": false,
    "eigenvalue_time": "0:00:00.161096",
    "diff": 0.0002791205460845887,
    "change_from_prev": 1.7553469354018338e-06,
    "circuit_cost": {
        "depth": 819,
        "size": 2742,
        "num_2q_ops": 647,
        "depth_2q": 273,
        "count_ops": {
            "rz": 952,
            "sx": 912,
            "cz": 647,
            "x": 211,
            "measure": 20,
            "barrier": 1
        }
    }
}
[2026-02-13 15:55:25,780][INFO] [Run 8] Running for Krylov dimension 3
[2026-02-13 15:55:26,720][INFO] [Run 8]
{
    "raw_unique_basis_states": 3444,
    "fermion_basis_rejected": 0,
    "kept_unique_basis_states": 3444,
    "fermion_shots_rejected": 0,
    "kept_shots": 60000
}
[2026-02-13 15:56:55,364][INFO] [Run 8]
{
    "D": 3,
    "t": 3.0,
    "num_trotter_steps": 1,
    "circuit_time": "0:00:00.863004",
    "shot_processing": {
        "raw_unique_basis_states": 3444,
        "fermion_basis_rejected": 0,
        "kept_unique_basis_states": 3444,
        "fermion_shots_rejected": 0,
        "kept_shots": 60000
    },
    "new_basis_count": 1729,
    "total_basis_count": 17307,
    "H_reduced_size": [
        17307,
        17307
    ],
    "reduction": 98.3494758605957,
    "H_reduced_e": 0.00027890945440054864,
    "used_dense": false,
    "eigenvalue_time": "0:00:00.194430",
    "diff": 0.0002789094543966165,
    "change_from_prev": 2.1109168797217148e-07,
    "circuit_cost": {
        "depth": 819,
        "size": 2744,
        "num_2q_ops": 647,
        "depth_2q": 273,
        "count_ops": {
            "rz": 956,
            "sx": 912,
            "cz": 647,
            "x": 209,
            "measure": 20,
            "barrier": 1
        }
    }
}
[2026-02-13 15:56:55,364][INFO] [Run 8] Running for Krylov dimension 4
[2026-02-13 15:56:56,336][INFO] [Run 8]
{
    "raw_unique_basis_states": 11966,
    "fermion_basis_rejected": 0,
    "kept_unique_basis_states": 11966,
    "fermion_shots_rejected": 0,
    "kept_shots": 60000
}
[2026-02-13 15:58:59,525][INFO] [Run 8]
{
    "D": 4,
    "t": 4.0,
    "num_trotter_steps": 1,
    "circuit_time": "0:00:00.881056",
    "shot_processing": {
        "raw_unique_basis_states": 11966,
        "fermion_basis_rejected": 0,
        "kept_unique_basis_states": 11966,
        "fermion_shots_rejected": 0,
        "kept_shots": 60000
    },
    "new_basis_count": 5696,
    "total_basis_count": 23003,
    "H_reduced_size": [
        23003,
        23003
    ],
    "reduction": 97.8062629699707,
    "H_reduced_e": 0.00027890366324335856,
    "used_dense": false,
    "eigenvalue_time": "0:00:00.303264",
    "diff": 0.00027890366323942643,
    "change_from_prev": 5.791157190078444e-09,
    "circuit_cost": {
        "depth": 826,
        "size": 2756,
        "num_2q_ops": 647,
        "depth_2q": 273,
        "count_ops": {
            "rz": 961,
            "sx": 912,
            "cz": 647,
            "x": 216,
            "measure": 20,
            "barrier": 1
        }
    }
}
[2026-02-13 15:58:59,526][INFO] [Run 8] Running for Krylov dimension 5
[2026-02-13 15:59:00,591][INFO] [Run 8]
{
    "raw_unique_basis_states": 16570,
    "fermion_basis_rejected": 0,
    "kept_unique_basis_states": 16570,
    "fermion_shots_rejected": 0,
    "kept_shots": 60000
}
[2026-02-13 16:01:59,555][INFO] [Run 8]
{
    "D": 5,
    "t": 5.0,
    "num_trotter_steps": 1,
    "circuit_time": "0:00:00.967370",
    "shot_processing": {
        "raw_unique_basis_states": 16570,
        "fermion_basis_rejected": 0,
        "kept_unique_basis_states": 16570,
        "fermion_shots_rejected": 0,
        "kept_shots": 60000
    },
    "new_basis_count": 10474,
    "total_basis_count": 33477,
    "H_reduced_size": [
        33477,
        33477
    ],
    "reduction": 96.8073844909668,
    "H_reduced_e": 0.0002597514909952587,
    "used_dense": false,
    "eigenvalue_time": "0:00:00.557410",
    "diff": 0.00025975149099132655,
    "change_from_prev": 1.915217224809988e-05,
    "circuit_cost": {
        "depth": 822,
        "size": 2739,
        "num_2q_ops": 647,
        "depth_2q": 273,
        "count_ops": {
            "rz": 947,
            "sx": 912,
            "cz": 647,
            "x": 213,
            "measure": 20,
            "barrier": 1
        }
    }
}
[2026-02-13 16:01:59,555][INFO] [Run 8] Running for Krylov dimension 6
[2026-02-13 16:02:00,624][INFO] [Run 8]
{
    "raw_unique_basis_states": 2530,
    "fermion_basis_rejected": 0,
    "kept_unique_basis_states": 2530,
    "fermion_shots_rejected": 0,
    "kept_shots": 60000
}
[2026-02-13 16:05:07,976][INFO] [Run 8]
{
    "D": 6,
    "t": 6.0,
    "num_trotter_steps": 1,
    "circuit_time": "0:00:00.989535",
    "shot_processing": {
        "raw_unique_basis_states": 2530,
        "fermion_basis_rejected": 0,
        "kept_unique_basis_states": 2530,
        "fermion_shots_rejected": 0,
        "kept_shots": 60000
    },
    "new_basis_count": 704,
    "total_basis_count": 34181,
    "H_reduced_size": [
        34181,
        34181
    ],
    "reduction": 96.7402458190918,
    "H_reduced_e": 0.0002597510135480552,
    "used_dense": false,
    "eigenvalue_time": "0:00:00.596108",
    "diff": 0.0002597510135441231,
    "change_from_prev": 4.774472034635262e-10,
    "circuit_cost": {
        "depth": 830,
        "size": 2771,
        "num_2q_ops": 647,
        "depth_2q": 273,
        "count_ops": {
            "rz": 970,
            "sx": 908,
            "cz": 647,
            "x": 226,
            "measure": 20,
            "barrier": 1
        }
    }
}
[2026-02-13 16:05:07,977][INFO] [Run 8] Running for Krylov dimension 7
[2026-02-13 16:05:09,768][INFO] [Run 8]
{
    "raw_unique_basis_states": 11119,
    "fermion_basis_rejected": 0,
    "kept_unique_basis_states": 11119,
    "fermion_shots_rejected": 0,
    "kept_shots": 60000
}
