[2026-02-13 15:52:27,070][INFO] Running VQE for linear potential and cutoff 16
[2026-02-13 15:52:27,072][INFO] Truncation: {'m': 212, 'n': 2211, 'keep_frac_terms': 0.09588421528720036, 'keep_ratio': 0.999, 'truncated': 1.377312853455578, 'total_weight': 1381.999999999984}
[2026-02-13 15:52:27,098][INFO] min_eigenvalue: 3.9321294598410086e-15
[2026-02-13 15:52:29,359][INFO] []
[2026-02-13 15:52:29,360][INFO] [Run 6] Running for Krylov dimension 1
[2026-02-13 15:52:30,375][INFO] [Run 6]
{
    "raw_unique_basis_states": 3644,
    "fermion_basis_rejected": 0,
    "kept_unique_basis_states": 3644,
    "fermion_shots_rejected": 0,
    "kept_shots": 60000
}
[2026-02-13 15:52:45,563][INFO] [Run 6]
{
    "D": 1,
    "t": 1.0,
    "num_trotter_steps": 1,
    "circuit_time": "0:00:00.925268",
    "shot_processing": {
        "raw_unique_basis_states": 3644,
        "fermion_basis_rejected": 0,
        "kept_unique_basis_states": 3644,
        "fermion_shots_rejected": 0,
        "kept_shots": 60000
    },
    "new_basis_count": 3644,
    "total_basis_count": 3644,
    "H_reduced_size": [
        3644,
        3644
    ],
    "reduction": 99.65248107910156,
    "H_reduced_e": 0.00031280435892591814,
    "used_dense": false,
    "eigenvalue_time": "0:00:00.023561",
    "diff": 0.000312804358921986,
    "change_from_prev": null,
    "circuit_cost": {
        "depth": 826,
        "size": 2758,
        "num_2q_ops": 647,
        "depth_2q": 273,
        "count_ops": {
            "rz": 960,
            "sx": 912,
            "cz": 647,
            "x": 219,
            "measure": 20,
            "barrier": 1
        }
    }
}
[2026-02-13 15:52:45,563][INFO] [Run 6] Running for Krylov dimension 2
[2026-02-13 15:52:46,545][INFO] [Run 6]
{
    "raw_unique_basis_states": 13962,
    "fermion_basis_rejected": 0,
    "kept_unique_basis_states": 13962,
    "fermion_shots_rejected": 0,
    "kept_shots": 60000
}
[2026-02-13 15:53:59,168][INFO] [Run 6]
{
    "D": 2,
    "t": 2.0,
    "num_trotter_steps": 1,
    "circuit_time": "0:00:00.894483",
    "shot_processing": {
        "raw_unique_basis_states": 13962,
        "fermion_basis_rejected": 0,
        "kept_unique_basis_states": 13962,
        "fermion_shots_rejected": 0,
        "kept_shots": 60000
    },
    "new_basis_count": 11980,
    "total_basis_count": 15624,
    "H_reduced_size": [
        15624,
        15624
    ],
    "reduction": 98.50997924804688,
    "H_reduced_e": 0.0002784597682194947,
    "used_dense": false,
    "eigenvalue_time": "0:00:00.136419",
    "diff": 0.00027845976821556256,
    "change_from_prev": 3.4344590706423454e-05,
    "circuit_cost": {
        "depth": 819,
        "size": 2742,
        "num_2q_ops": 647,
        "depth_2q": 273,
        "count_ops": {
            "rz": 952,
            "sx": 912,
            "cz": 647,
            "x": 211,
            "measure": 20,
            "barrier": 1
        }
    }
}
[2026-02-13 15:53:59,169][INFO] [Run 6] Running for Krylov dimension 3
[2026-02-13 15:54:00,096][INFO] [Run 6]
{
    "raw_unique_basis_states": 3484,
    "fermion_basis_rejected": 0,
    "kept_unique_basis_states": 3484,
    "fermion_shots_rejected": 0,
    "kept_shots": 60000
}
[2026-02-13 15:55:19,177][INFO] [Run 6]
{
    "D": 3,
    "t": 3.0,
    "num_trotter_steps": 1,
    "circuit_time": "0:00:00.856526",
    "shot_processing": {
        "raw_unique_basis_states": 3484,
        "fermion_basis_rejected": 0,
        "kept_unique_basis_states": 3484,
        "fermion_shots_rejected": 0,
        "kept_shots": 60000
    },
    "new_basis_count": 1776,
    "total_basis_count": 17400,
    "H_reduced_size": [
        17400,
        17400
    ],
    "reduction": 98.34060668945312,
    "H_reduced_e": 0.00027845951484460943,
    "used_dense": false,
    "eigenvalue_time": "0:00:00.153152",
    "diff": 0.0002784595148406773,
    "change_from_prev": 2.5337488525475557e-10,
    "circuit_cost": {
        "depth": 819,
        "size": 2744,
        "num_2q_ops": 647,
        "depth_2q": 273,
        "count_ops": {
            "rz": 956,
            "sx": 912,
            "cz": 647,
            "x": 209,
            "measure": 20,
            "barrier": 1
        }
    }
}
[2026-02-13 15:55:19,177][INFO] [Run 6] Running for Krylov dimension 4
[2026-02-13 15:55:20,135][INFO] [Run 6]
{
    "raw_unique_basis_states": 12118,
    "fermion_basis_rejected": 0,
    "kept_unique_basis_states": 12118,
    "fermion_shots_rejected": 0,
    "kept_shots": 60000
}
[2026-02-13 15:57:08,082][INFO] [Run 6]
{
    "D": 4,
    "t": 4.0,
    "num_trotter_steps": 1,
    "circuit_time": "0:00:00.873009",
    "shot_processing": {
        "raw_unique_basis_states": 12118,
        "fermion_basis_rejected": 0,
        "kept_unique_basis_states": 12118,
        "fermion_shots_rejected": 0,
        "kept_shots": 60000
    },
    "new_basis_count": 5869,
    "total_basis_count": 23269,
    "H_reduced_size": [
        23269,
        23269
    ],
    "reduction": 97.7808952331543,
    "H_reduced_e": 0.0002607721112714757,
    "used_dense": false,
    "eigenvalue_time": "0:00:00.240221",
    "diff": 0.00026077211126754356,
    "change_from_prev": 1.7687403573133742e-05,
    "circuit_cost": {
        "depth": 826,
        "size": 2756,
        "num_2q_ops": 647,
        "depth_2q": 273,
        "count_ops": {
            "rz": 961,
            "sx": 912,
            "cz": 647,
            "x": 216,
            "measure": 20,
            "barrier": 1
        }
    }
}
[2026-02-13 15:57:08,082][INFO] [Run 6] Running for Krylov dimension 5
[2026-02-13 15:57:09,130][INFO] [Run 6]
{
    "raw_unique_basis_states": 16737,
    "fermion_basis_rejected": 0,
    "kept_unique_basis_states": 16737,
    "fermion_shots_rejected": 0,
    "kept_shots": 60000
}
[2026-02-13 15:59:53,147][INFO] [Run 6]
{
    "D": 5,
    "t": 5.0,
    "num_trotter_steps": 1,
    "circuit_time": "0:00:00.955470",
    "shot_processing": {
        "raw_unique_basis_states": 16737,
        "fermion_basis_rejected": 0,
        "kept_unique_basis_states": 16737,
        "fermion_shots_rejected": 0,
        "kept_shots": 60000
    },
    "new_basis_count": 10486,
    "total_basis_count": 33755,
    "H_reduced_size": [
        33755,
        33755
    ],
    "reduction": 96.7808723449707,
    "H_reduced_e": 0.0002607709056838314,
    "used_dense": false,
    "eigenvalue_time": "0:00:00.408578",
    "diff": 0.00026077090567989925,
    "change_from_prev": 1.205587644309298e-09,
    "circuit_cost": {
        "depth": 822,
        "size": 2739,
        "num_2q_ops": 647,
        "depth_2q": 273,
        "count_ops": {
            "rz": 947,
            "sx": 912,
            "cz": 647,
            "x": 213,
            "measure": 20,
            "barrier": 1
        }
    }
}
[2026-02-13 15:59:53,147][INFO] [Run 6] Running for Krylov dimension 6
[2026-02-13 15:59:54,904][INFO] [Run 6]
{
    "raw_unique_basis_states": 7031,
    "fermion_basis_rejected": 0,
    "kept_unique_basis_states": 7031,
    "fermion_shots_rejected": 0,
    "kept_shots": 60000
}
[2026-02-13 16:02:53,000][INFO] [Run 6]
{
    "D": 6,
    "t": 3.0,
    "num_trotter_steps": 2,
    "circuit_time": "0:00:01.628643",
    "shot_processing": {
        "raw_unique_basis_states": 7031,
        "fermion_basis_rejected": 0,
        "kept_unique_basis_states": 7031,
        "fermion_shots_rejected": 0,
        "kept_shots": 60000
    },
    "new_basis_count": 3137,
    "total_basis_count": 36892,
    "H_reduced_size": [
        36892,
        36892
    ],
    "reduction": 96.48170471191406,
    "H_reduced_e": 0.0002600894145908014,
    "used_dense": false,
    "eigenvalue_time": "0:00:00.446844",
    "diff": 0.00026008941458686925,
    "change_from_prev": 6.814910930300002e-07,
    "circuit_cost": {
        "depth": 1651,
        "size": 5476,
        "num_2q_ops": 1294,
        "depth_2q": 544,
        "count_ops": {
            "rz": 1913,
            "sx": 1823,
            "cz": 1294,
            "x": 426,
            "measure": 20,
            "barrier": 1
        }
    }
}
[2026-02-13 16:02:53,000][INFO] [Run 6] Running for Krylov dimension 7
[2026-02-13 16:02:54,766][INFO] [Run 6]
{
    "raw_unique_basis_states": 11068,
    "fermion_basis_rejected": 0,
    "kept_unique_basis_states": 11068,
    "fermion_shots_rejected": 0,
    "kept_shots": 60000
}
[2026-02-13 16:06:11,219][INFO] [Run 6]
{
    "D": 7,
    "t": 3.5,
    "num_trotter_steps": 2,
    "circuit_time": "0:00:01.632079",
    "shot_processing": {
        "raw_unique_basis_states": 11068,
        "fermion_basis_rejected": 0,
        "kept_unique_basis_states": 11068,
        "fermion_shots_rejected": 0,
        "kept_shots": 60000
    },
    "new_basis_count": 3956,
    "total_basis_count": 40848,
    "H_reduced_size": [
        40848,
        40848
    ],
    "reduction": 96.10443115234375,
    "H_reduced_e": 0.0002600782954966743,
    "used_dense": false,
    "eigenvalue_time": "0:00:00.575048",
    "diff": 0.00026007829549274216,
    "change_from_prev": 1.1119094127094546e-08,
    "circuit_cost": {
        "depth": 1626,
        "size": 5445,
        "num_2q_ops": 1294,
        "depth_2q": 544,
        "count_ops": {
            "rz": 1883,
            "sx": 1823,
            "cz": 1294,
            "x": 425,
            "measure": 20,
            "barrier": 1
        }
    }
}
[2026-02-13 16:06:11,219][INFO] [Run 6] Running for Krylov dimension 8
[2026-02-13 16:06:12,993][INFO] [Run 6]
{
    "raw_unique_basis_states": 17281,
    "fermion_basis_rejected": 0,
    "kept_unique_basis_states": 17281,
    "fermion_shots_rejected": 0,
    "kept_shots": 60000
}
