[2026-02-13 15:54:28,942][INFO] Running VQE for linear potential and cutoff 16
[2026-02-13 15:54:28,945][INFO] Truncation: {'m': 212, 'n': 2211, 'keep_frac_terms': 0.09588421528720036, 'keep_ratio': 0.999, 'truncated': 1.377312853455578, 'total_weight': 1381.999999999984}
[2026-02-13 15:54:28,971][INFO] min_eigenvalue: 3.9321294598410086e-15
[2026-02-13 15:54:31,415][INFO] []
[2026-02-13 15:54:31,417][INFO] [Run 9] Running for Krylov dimension 1
[2026-02-13 15:54:32,432][INFO] [Run 9]
{
    "raw_unique_basis_states": 3654,
    "fermion_basis_rejected": 0,
    "kept_unique_basis_states": 3654,
    "fermion_shots_rejected": 0,
    "kept_shots": 60000
}
[2026-02-13 15:54:48,268][INFO] [Run 9]
{
    "D": 1,
    "t": 1.0,
    "num_trotter_steps": 1,
    "circuit_time": "0:00:00.927432",
    "shot_processing": {
        "raw_unique_basis_states": 3654,
        "fermion_basis_rejected": 0,
        "kept_unique_basis_states": 3654,
        "fermion_shots_rejected": 0,
        "kept_shots": 60000
    },
    "new_basis_count": 3654,
    "total_basis_count": 3654,
    "H_reduced_size": [
        3654,
        3654
    ],
    "reduction": 99.65152740478516,
    "H_reduced_e": 0.00030704655525593856,
    "used_dense": false,
    "eigenvalue_time": "0:00:00.023478",
    "diff": 0.00030704655525200643,
    "change_from_prev": null,
    "circuit_cost": {
        "depth": 826,
        "size": 2758,
        "num_2q_ops": 647,
        "depth_2q": 273,
        "count_ops": {
            "rz": 960,
            "sx": 912,
            "cz": 647,
            "x": 219,
            "measure": 20,
            "barrier": 1
        }
    }
}
[2026-02-13 15:54:48,268][INFO] [Run 9] Running for Krylov dimension 2
[2026-02-13 15:54:49,252][INFO] [Run 9]
{
    "raw_unique_basis_states": 13925,
    "fermion_basis_rejected": 0,
    "kept_unique_basis_states": 13925,
    "fermion_shots_rejected": 0,
    "kept_shots": 60000
}
[2026-02-13 15:56:02,094][INFO] [Run 9]
{
    "D": 2,
    "t": 2.0,
    "num_trotter_steps": 1,
    "circuit_time": "0:00:00.896662",
    "shot_processing": {
        "raw_unique_basis_states": 13925,
        "fermion_basis_rejected": 0,
        "kept_unique_basis_states": 13925,
        "fermion_shots_rejected": 0,
        "kept_shots": 60000
    },
    "new_basis_count": 11950,
    "total_basis_count": 15604,
    "H_reduced_size": [
        15604,
        15604
    ],
    "reduction": 98.51188659667969,
    "H_reduced_e": 0.00027291393778429044,
    "used_dense": false,
    "eigenvalue_time": "0:00:00.134004",
    "diff": 0.0002729139377803583,
    "change_from_prev": 3.413261747164812e-05,
    "circuit_cost": {
        "depth": 819,
        "size": 2742,
        "num_2q_ops": 647,
        "depth_2q": 273,
        "count_ops": {
            "rz": 952,
            "sx": 912,
            "cz": 647,
            "x": 211,
            "measure": 20,
            "barrier": 1
        }
    }
}
[2026-02-13 15:56:02,094][INFO] [Run 9] Running for Krylov dimension 3
[2026-02-13 15:56:03,023][INFO] [Run 9]
{
    "raw_unique_basis_states": 3448,
    "fermion_basis_rejected": 0,
    "kept_unique_basis_states": 3448,
    "fermion_shots_rejected": 0,
    "kept_shots": 60000
}
[2026-02-13 15:57:23,562][INFO] [Run 9]
{
    "D": 3,
    "t": 3.0,
    "num_trotter_steps": 1,
    "circuit_time": "0:00:00.857504",
    "shot_processing": {
        "raw_unique_basis_states": 3448,
        "fermion_basis_rejected": 0,
        "kept_unique_basis_states": 3448,
        "fermion_shots_rejected": 0,
        "kept_shots": 60000
    },
    "new_basis_count": 1791,
    "total_basis_count": 17395,
    "H_reduced_size": [
        17395,
        17395
    ],
    "reduction": 98.34108352661133,
    "H_reduced_e": 0.0002729139176058986,
    "used_dense": false,
    "eigenvalue_time": "0:00:00.152582",
    "diff": 0.0002729139176019665,
    "change_from_prev": 2.0178391835039278e-11,
    "circuit_cost": {
        "depth": 819,
        "size": 2744,
        "num_2q_ops": 647,
        "depth_2q": 273,
        "count_ops": {
            "rz": 956,
            "sx": 912,
            "cz": 647,
            "x": 209,
            "measure": 20,
            "barrier": 1
        }
    }
}
[2026-02-13 15:57:23,562][INFO] [Run 9] Running for Krylov dimension 4
[2026-02-13 15:57:24,519][INFO] [Run 9]
{
    "raw_unique_basis_states": 12135,
    "fermion_basis_rejected": 0,
    "kept_unique_basis_states": 12135,
    "fermion_shots_rejected": 0,
    "kept_shots": 60000
}
[2026-02-13 15:59:14,713][INFO] [Run 9]
{
    "D": 4,
    "t": 4.0,
    "num_trotter_steps": 1,
    "circuit_time": "0:00:00.871171",
    "shot_processing": {
        "raw_unique_basis_states": 12135,
        "fermion_basis_rejected": 0,
        "kept_unique_basis_states": 12135,
        "fermion_shots_rejected": 0,
        "kept_shots": 60000
    },
    "new_basis_count": 5807,
    "total_basis_count": 23202,
    "H_reduced_size": [
        23202,
        23202
    ],
    "reduction": 97.78728485107422,
    "H_reduced_e": 0.00027291055048602944,
    "used_dense": false,
    "eigenvalue_time": "0:00:00.229509",
    "diff": 0.0002729105504820973,
    "change_from_prev": 3.3671198691655885e-09,
    "circuit_cost": {
        "depth": 826,
        "size": 2756,
        "num_2q_ops": 647,
        "depth_2q": 273,
        "count_ops": {
            "rz": 961,
            "sx": 912,
            "cz": 647,
            "x": 216,
            "measure": 20,
            "barrier": 1
        }
    }
}
[2026-02-13 15:59:14,713][INFO] [Run 9] Running for Krylov dimension 5
[2026-02-13 15:59:16,450][INFO] [Run 9]
{
    "raw_unique_basis_states": 8268,
    "fermion_basis_rejected": 0,
    "kept_unique_basis_states": 8268,
    "fermion_shots_rejected": 0,
    "kept_shots": 60000
}
[2026-02-13 16:01:25,301][INFO] [Run 9]
{
    "D": 5,
    "t": 2.5,
    "num_trotter_steps": 2,
    "circuit_time": "0:00:01.608102",
    "shot_processing": {
        "raw_unique_basis_states": 8268,
        "fermion_basis_rejected": 0,
        "kept_unique_basis_states": 8268,
        "fermion_shots_rejected": 0,
        "kept_shots": 60000
    },
    "new_basis_count": 4130,
    "total_basis_count": 27332,
    "H_reduced_size": [
        27332,
        27332
    ],
    "reduction": 97.39341735839844,
    "H_reduced_e": 0.0002626357083270878,
    "used_dense": false,
    "eigenvalue_time": "0:00:00.288338",
    "diff": 0.00026263570832315566,
    "change_from_prev": 1.0274842158941653e-05,
    "circuit_cost": {
        "depth": 1640,
        "size": 5488,
        "num_2q_ops": 1294,
        "depth_2q": 544,
        "count_ops": {
            "rz": 1917,
            "sx": 1823,
            "cz": 1294,
            "x": 434,
            "measure": 20,
            "barrier": 1
        }
    }
}
[2026-02-13 16:01:25,302][INFO] [Run 9] Running for Krylov dimension 6
[2026-02-13 16:01:27,057][INFO] [Run 9]
{
    "raw_unique_basis_states": 7018,
    "fermion_basis_rejected": 0,
    "kept_unique_basis_states": 7018,
    "fermion_shots_rejected": 0,
    "kept_shots": 60000
}
[2026-02-13 16:03:52,701][INFO] [Run 9]
{
    "D": 6,
    "t": 3.0,
    "num_trotter_steps": 2,
    "circuit_time": "0:00:01.626240",
    "shot_processing": {
        "raw_unique_basis_states": 7018,
        "fermion_basis_rejected": 0,
        "kept_unique_basis_states": 7018,
        "fermion_shots_rejected": 0,
        "kept_shots": 60000
    },
    "new_basis_count": 2715,
    "total_basis_count": 30047,
    "H_reduced_size": [
        30047,
        30047
    ],
    "reduction": 97.13449478149414,
    "H_reduced_e": 0.000262529535657177,
    "used_dense": false,
    "eigenvalue_time": "0:00:00.328310",
    "diff": 0.00026252953565324486,
    "change_from_prev": 1.0617266991080161e-07,
    "circuit_cost": {
        "depth": 1651,
        "size": 5476,
        "num_2q_ops": 1294,
        "depth_2q": 544,
        "count_ops": {
            "rz": 1913,
            "sx": 1823,
            "cz": 1294,
            "x": 426,
            "measure": 20,
            "barrier": 1
        }
    }
}
[2026-02-13 16:03:52,701][INFO] [Run 9] Running for Krylov dimension 7
[2026-02-13 16:03:54,463][INFO] [Run 9]
{
    "raw_unique_basis_states": 11157,
    "fermion_basis_rejected": 0,
    "kept_unique_basis_states": 11157,
    "fermion_shots_rejected": 0,
    "kept_shots": 60000
}
