[2025-10-13 10:39:10,552][INFO] {
    "backend": "Aer",
    "use_noise_model": 0,
    "Potential": "AHO",
    "cutoff": 8,
    "num_qubits": 4,
    "shots": null,
    "lam": 15,
    "p": 2,
    "eps": 0.0625,
    "num_vqe_runs": 1,
    "max_iter": 200,
    "initial_tr_radius": 1.0,
    "final_tr_radius": 1e-11,
    "ansatz_name": "CQAVQE_AHO8_exact",
    "path": "C:\\Users\\Johnk\\Documents\\PhD\\Quantum Computing Code\\Quantum-Computing\\SUSY\\SUSY QM\\Qiskit\\NQCC Access\\RealDevice\\Aer\\Files\\None\\AHO\\2025-10-13_10-39-10",
    "tags": [
        "NQCC-Q3",
        "CQAVQE_AHO8_exact",
        "shots:None"
    ],
    "seed": 110531045
}
[2025-10-13 10:39:10,552][INFO] Starting VQE run 1 (seed=110531045)
[2025-10-13 10:39:10,552][INFO] Session ID: None
[2025-10-13 10:39:10,552][INFO] {
    "default_precision": 0.0,
    "backend_options": {
        "method": "automatic",
        "noise_model": null
    },
    "run_options": {
        "shots": null
    }
}
[2025-10-13 10:39:10,563][INFO] Iteration 1: Energy = 13.14589791
[2025-10-13 10:39:10,567][INFO] Iteration 2: Energy = 24.34851987
[2025-10-13 10:39:10,571][INFO] Iteration 3: Energy = 28.94599580
[2025-10-13 10:39:10,574][INFO] Iteration 4: Energy = 13.14589791
[2025-10-13 10:39:10,577][INFO] Iteration 5: Energy = 8.46899360
[2025-10-13 10:39:10,581][INFO] Iteration 6: Energy = 96.70646934
[2025-10-13 10:39:10,585][INFO] Iteration 7: Energy = 13.14589791
[2025-10-13 10:39:10,591][INFO] Iteration 8: Energy = 3.48450236
[2025-10-13 10:39:10,595][INFO] Iteration 9: Energy = 2.78475978
[2025-10-13 10:39:10,599][INFO] Iteration 10: Energy = 2.11855719
[2025-10-13 10:39:10,603][INFO] Iteration 11: Energy = 2.97614995
[2025-10-13 10:39:10,607][INFO] Iteration 12: Energy = 2.03731169
[2025-10-13 10:39:10,611][INFO] Iteration 13: Energy = 1.98231231
[2025-10-13 10:39:10,615][INFO] Iteration 14: Energy = 1.97506760
[2025-10-13 10:39:10,620][INFO] Iteration 15: Energy = 1.18685578
[2025-10-13 10:39:10,624][INFO] Iteration 16: Energy = 1.07975499
[2025-10-13 10:39:10,629][INFO] Iteration 17: Energy = 0.89139804
[2025-10-13 10:39:10,633][INFO] Iteration 18: Energy = 0.79715686
[2025-10-13 10:39:10,637][INFO] Iteration 19: Energy = 0.82900249
[2025-10-13 10:39:10,641][INFO] Iteration 20: Energy = 0.58578414
[2025-10-13 10:39:10,646][INFO] Iteration 21: Energy = 0.51339039
[2025-10-13 10:39:10,650][INFO] Iteration 22: Energy = 0.66984108
[2025-10-13 10:39:10,655][INFO] Iteration 23: Energy = 0.53924657
[2025-10-13 10:39:10,659][INFO] Iteration 24: Energy = 0.37820065
[2025-10-13 10:39:10,663][INFO] Iteration 25: Energy = 0.28435885
[2025-10-13 10:39:10,668][INFO] Iteration 26: Energy = 0.25703970
[2025-10-13 10:39:10,672][INFO] Iteration 27: Energy = 0.20587227
[2025-10-13 10:39:10,676][INFO] Iteration 28: Energy = 0.14189283
[2025-10-13 10:39:10,680][INFO] Iteration 29: Energy = 0.08043976
[2025-10-13 10:39:10,684][INFO] Iteration 30: Energy = 0.04618240
[2025-10-13 10:39:10,689][INFO] Iteration 31: Energy = 0.08160635
[2025-10-13 10:39:10,693][INFO] Iteration 32: Energy = 0.23511575
[2025-10-13 10:39:10,697][INFO] Iteration 33: Energy = 0.04839601
[2025-10-13 10:39:10,701][INFO] Iteration 34: Energy = 0.09118406
[2025-10-13 10:39:10,706][INFO] Iteration 35: Energy = 0.05393258
[2025-10-13 10:39:10,710][INFO] Iteration 36: Energy = 0.05302264
[2025-10-13 10:39:10,713][INFO] Iteration 37: Energy = 0.05275019
[2025-10-13 10:39:10,717][INFO] Iteration 38: Energy = 0.04476165
[2025-10-13 10:39:10,721][INFO] Iteration 39: Energy = 0.04336964
[2025-10-13 10:39:10,725][INFO] Iteration 40: Energy = 0.04366756
[2025-10-13 10:39:10,729][INFO] Iteration 41: Energy = 0.04619410
[2025-10-13 10:39:10,733][INFO] Iteration 42: Energy = 0.04234128
[2025-10-13 10:39:10,737][INFO] Iteration 43: Energy = 0.04235788
[2025-10-13 10:39:10,740][INFO] Iteration 44: Energy = 0.04298006
[2025-10-13 10:39:10,744][INFO] Iteration 45: Energy = 0.04181989
[2025-10-13 10:39:10,748][INFO] Iteration 46: Energy = 0.04167524
[2025-10-13 10:39:10,752][INFO] Iteration 47: Energy = 0.04166862
[2025-10-13 10:39:10,757][INFO] Iteration 48: Energy = 0.04488490
[2025-10-13 10:39:10,760][INFO] Iteration 49: Energy = 0.04163280
[2025-10-13 10:39:10,765][INFO] Iteration 50: Energy = 0.04174546
[2025-10-13 10:39:10,769][INFO] Iteration 51: Energy = 0.04160502
[2025-10-13 10:39:10,773][INFO] Iteration 52: Energy = 0.04160421
[2025-10-13 10:39:10,777][INFO] Iteration 53: Energy = 0.04161778
[2025-10-13 10:39:10,782][INFO] Iteration 54: Energy = 0.04161556
[2025-10-13 10:39:10,786][INFO] Iteration 55: Energy = 0.04160422
[2025-10-13 10:39:10,790][INFO] Iteration 56: Energy = 0.04160436
[2025-10-13 10:39:10,795][INFO] Iteration 57: Energy = 0.04160406
[2025-10-13 10:39:10,800][INFO] Iteration 58: Energy = 0.04160425
[2025-10-13 10:39:10,803][INFO] Iteration 59: Energy = 0.04160406
[2025-10-13 10:39:10,808][INFO] Iteration 60: Energy = 0.04160410
[2025-10-13 10:39:10,811][INFO] Iteration 61: Energy = 0.04160406
[2025-10-13 10:39:10,816][INFO] Iteration 62: Energy = 0.04160432
[2025-10-13 10:39:10,820][INFO] Iteration 63: Energy = 0.04160406
[2025-10-13 10:39:10,824][INFO] Iteration 64: Energy = 0.04160407
[2025-10-13 10:39:10,828][INFO] Iteration 65: Energy = 0.04160406
[2025-10-13 10:39:10,832][INFO] Iteration 66: Energy = 0.04160406
[2025-10-13 10:39:10,837][INFO] Iteration 67: Energy = 0.04160406
[2025-10-13 10:39:10,841][INFO] Iteration 68: Energy = 0.04160406
[2025-10-13 10:39:10,844][INFO] Iteration 69: Energy = 0.04160406
[2025-10-13 10:39:10,848][INFO] Iteration 70: Energy = 0.04160406
[2025-10-13 10:39:10,853][INFO] Iteration 71: Energy = 0.04160406
[2025-10-13 10:39:10,859][INFO] Iteration 72: Energy = 0.04160406
[2025-10-13 10:39:10,863][INFO] Iteration 73: Energy = 0.04160406
[2025-10-13 10:39:10,866][INFO] Iteration 74: Energy = 0.04160406
[2025-10-13 10:39:10,871][INFO] Iteration 75: Energy = 0.04160406
[2025-10-13 10:39:10,874][INFO] Iteration 76: Energy = 0.04160406
[2025-10-13 10:39:10,879][INFO] Iteration 77: Energy = 0.04160406
[2025-10-13 10:39:10,884][INFO] Iteration 78: Energy = 0.04160406
[2025-10-13 10:39:10,888][INFO] Iteration 79: Energy = 0.04160406
[2025-10-13 10:39:10,892][INFO] Iteration 80: Energy = 0.04160406
[2025-10-13 10:39:10,896][INFO] Iteration 81: Energy = 0.04160406
[2025-10-13 10:39:10,900][INFO] Iteration 82: Energy = 0.04160406
[2025-10-13 10:39:10,904][INFO] Iteration 83: Energy = 0.04160406
[2025-10-13 10:39:10,908][INFO] Iteration 84: Energy = 0.04160406
[2025-10-13 10:39:10,912][INFO] Iteration 85: Energy = 0.04160406
[2025-10-13 10:39:10,916][INFO] Iteration 86: Energy = 0.04160406
[2025-10-13 10:39:10,920][INFO] Iteration 87: Energy = 0.04160406
[2025-10-13 10:39:10,924][INFO] Iteration 88: Energy = 0.04160406
[2025-10-13 10:39:10,928][INFO] Iteration 89: Energy = 0.04160406
[2025-10-13 10:39:10,933][INFO] Iteration 90: Energy = 0.04160406
[2025-10-13 10:39:10,937][INFO] Iteration 91: Energy = 0.04160406
[2025-10-13 10:39:10,941][INFO] Iteration 92: Energy = 0.04160406
[2025-10-13 10:39:10,945][INFO] Iteration 93: Energy = 0.04160406
[2025-10-13 10:39:10,949][INFO] Iteration 94: Energy = 0.04160406
[2025-10-13 10:39:10,953][INFO] Iteration 95: Energy = 0.04160406
[2025-10-13 10:39:10,956][INFO] Iteration 96: Energy = 0.04160406
[2025-10-13 10:39:10,961][INFO] Iteration 97: Energy = 0.04160406
[2025-10-13 10:39:10,965][INFO] Iteration 98: Energy = 0.04160406
[2025-10-13 10:39:10,969][INFO] Iteration 99: Energy = 0.04160406
[2025-10-13 10:39:10,973][INFO] Iteration 100: Energy = 0.04160406
[2025-10-13 10:39:10,977][INFO] Iteration 101: Energy = 0.04160406
[2025-10-13 10:39:10,981][INFO] Iteration 102: Energy = 0.04160406
[2025-10-13 10:39:10,986][INFO] Iteration 103: Energy = 0.04160406
[2025-10-13 10:39:10,990][INFO] Iteration 104: Energy = 0.04160406
[2025-10-13 10:39:10,993][INFO] Iteration 105: Energy = 0.04160406
[2025-10-13 10:39:10,997][INFO] Iteration 106: Energy = 0.04160406
[2025-10-13 10:39:11,001][INFO] Iteration 107: Energy = 0.04160406
[2025-10-13 10:39:11,005][INFO] Iteration 108: Energy = 0.04160406
[2025-10-13 10:39:11,009][INFO] Iteration 109: Energy = 0.04160406
[2025-10-13 10:39:11,012][INFO] Iteration 110: Energy = 0.04160406
[2025-10-13 10:39:11,016][INFO] Iteration 111: Energy = 0.04160406
[2025-10-13 10:39:11,021][INFO] Iteration 112: Energy = 0.04160406
[2025-10-13 10:39:11,025][INFO] Iteration 113: Energy = 0.04160406
[2025-10-13 10:39:11,029][INFO] Iteration 114: Energy = 0.04160406
[2025-10-13 10:39:11,034][INFO] Iteration 115: Energy = 0.04160406
[2025-10-13 10:39:11,038][INFO] Iteration 116: Energy = 0.04160406
[2025-10-13 10:39:11,042][INFO] Iteration 117: Energy = 0.04160406
[2025-10-13 10:39:11,045][INFO] Iteration 118: Energy = 0.04160406
[2025-10-13 10:39:11,049][INFO] Iteration 119: Energy = 0.04160406
[2025-10-13 10:39:11,052][INFO] Iteration 120: Energy = 0.04160406
[2025-10-13 10:39:11,053][INFO] Completed VQE run 1: Energy = 0.041604
[2025-10-13 10:39:11,053][INFO] optimizer message: The lower bound for the trust-region radius has been reached
[2025-10-13 10:39:11,053][INFO] {
    "seed": 110531045,
    "session_id": null,
    "energy": 0.04160405950956836,
    "params": [
        0.11158143268143367,
        5.820823602113453,
        6.79072915273868
    ],
    "success": "True",
    "num_iters": 120,
    "run_time": "0:00:00.501805"
}
