[2025-08-05 10:07:03,524][INFO] Starting VQE run 66 (seed=10211211)
[2025-08-05 10:07:03,702][INFO] Adding RY(0.0, wires=[4]) increased overlap from 0.0 to 0.9486193660461559
[2025-08-05 10:07:03,941][INFO] Adding RY(0.0, wires=[3]) had small change in overlap from 0.9486193660461559 to 0.9477579148983795
[2025-08-05 10:07:05,527][INFO] Adding RY(0.0, wires=[5]) increased overlap from 0.9477579148983795 to 0.995087505585598
[2025-08-05 10:07:12,547][INFO] Adding CRY(0.0, wires=[5, 4])) increased overlap from 0.995087505585598 to 0.9986738730875433
[2025-08-05 10:07:20,269][INFO] Adding CRY(0.0, wires=[5, 3])) increased overlap from 0.9986738730875433 to 0.999348178683578
[2025-08-05 10:07:36,582][INFO] Adding RY(0.0, wires=[2]) increased overlap from 0.999348178683578 to 0.9994497836284868
[2025-08-05 10:07:54,039][INFO] Adding CRY(0.0, wires=[4, 3])) increased overlap from 0.9994497836284868 to 0.9995298771752695
[2025-08-05 10:08:14,133][INFO] Adding CRY(0.0, wires=[5, 2])) increased overlap from 0.9995298771752695 to 0.9995836490589742
[2025-08-05 10:08:34,349][INFO] Adding RY(0.0, wires=[1]) had small change in overlap from 0.9995836490589742 to 0.9994980264648748
[2025-08-05 10:08:55,618][INFO] Adding CRY(0.0, wires=[0, 1])) increased overlap from 0.9994980264648748 to 0.9995495889810724
[2025-08-05 10:09:18,390][INFO] Adding CRY(0.0, wires=[0, 4])) had small change in overlap from 0.9995495889810724 to 0.9992103338271964
[2025-08-05 10:09:42,770][INFO] Adding CRY(0.0, wires=[0, 5])) increased overlap from 0.9992103338271964 to 0.9993985427330909
[2025-08-05 10:10:08,804][INFO] Adding CRY(0.0, wires=[3, 4])) increased overlap from 0.9993985427330909 to 0.9996043360531369
[2025-08-05 10:10:36,182][INFO] Adding CRY(0.0, wires=[0, 3])) had small change in overlap from 0.9996043360531369 to 0.9991127946248305
[2025-08-05 10:11:03,840][INFO] Adding RY(0.0, wires=[1]) had small change in overlap from 0.9991127946248305 to 0.9988320899244189
[2025-08-05 10:11:32,037][INFO] Adding RY(0.0, wires=[5]) increased overlap from 0.9988320899244189 to 0.9992177068191253
[2025-08-05 10:12:01,500][INFO] Adding CRY(0.0, wires=[3, 2])) had small change in overlap from 0.9992177068191253 to 0.9991951482537481
[2025-08-05 10:12:32,677][INFO] Adding CRY(0.0, wires=[4, 2])) increased overlap from 0.9991951482537481 to 0.9992609470380964
[2025-08-05 10:13:06,099][INFO] Adding CRY(0.0, wires=[5, 1])) had small change in overlap from 0.9992609470380964 to 0.9963297245111588
[2025-08-05 10:13:39,731][INFO] Adding RY(0.0, wires=[1]) had small change in overlap from 0.9963297245111588 to 0.9960107150304427
[2025-08-05 10:14:13,574][INFO] Adding RY(0.0, wires=[4]) increased overlap from 0.9960107150304427 to 0.9967672368809957
[2025-08-05 10:14:46,559][INFO] Adding RY(0.0, wires=[3]) had small change in overlap from 0.9967672368809957 to 0.9945602539087409
[2025-08-05 10:15:22,518][INFO] Adding CRY(0.0, wires=[4, 5])) increased overlap from 0.9945602539087409 to 0.9951841469833854
[2025-08-05 10:15:59,730][INFO] Adding RY(0.0, wires=[4]) increased overlap from 0.9951841469833854 to 0.9963933656742965
[2025-08-05 10:16:37,009][INFO] Adding RY(0.0, wires=[5]) increased overlap from 0.9963933656742965 to 0.9967216462241978
[2025-08-05 10:17:16,018][INFO] Adding CRY(0.0, wires=[4, 1])) had small change in overlap from 0.9967216462241978 to 0.9965100450848221
[2025-08-05 10:17:56,074][INFO] Adding RY(0.0, wires=[1]) decreased overlap from 0.9965100450848221 to 0.9381790392714803.. skipping this gate
[2025-08-05 10:17:56,075][INFO] gradient converged
[2025-08-05 10:17:56,075][INFO] Completed VQE run 26
[2025-08-05 10:17:56,075][INFO] Final ops list: [{'name': 'RY', 'param': -0.11539388118423913, 'wires': [4]}, {'name': 'RY', 'param': -0.02005893465876969, 'wires': [3]}, {'name': 'RY', 'param': 0.01120629945887794, 'wires': [5]}, {'name': 'CRY', 'param': 2.401253001873299, 'wires': [5, 4]}, {'name': 'CRY', 'param': -0.26105097029647606, 'wires': [5, 3]}, {'name': 'RY', 'param': 0.001414160351538095, 'wires': [2]}, {'name': 'CRY', 'param': -0.08619517723020773, 'wires': [4, 3]}, {'name': 'CRY', 'param': -0.25062431066609814, 'wires': [5, 2]}, {'name': 'RY', 'param': -0.14529094937568948, 'wires': [1]}, {'name': 'CRY', 'param': 0.0839659732091735, 'wires': [0, 1]}, {'name': 'CRY', 'param': 0.1130938747060412, 'wires': [0, 4]}, {'name': 'CRY', 'param': -0.4933456416971876, 'wires': [0, 5]}, {'name': 'CRY', 'param': 0.29392478501198865, 'wires': [3, 4]}, {'name': 'CRY', 'param': 0.019690730787328362, 'wires': [0, 3]}, {'name': 'RY', 'param': 0.009166605849728806, 'wires': [1]}, {'name': 'RY', 'param': -0.042620820293324924, 'wires': [5]}, {'name': 'CRY', 'param': 1.9388593234542393, 'wires': [3, 2]}, {'name': 'CRY', 'param': 0.43670174621221824, 'wires': [4, 2]}, {'name': 'CRY', 'param': -0.002760642187574363, 'wires': [5, 1]}, {'name': 'RY', 'param': 0.05315093530575077, 'wires': [1]}, {'name': 'RY', 'param': 0.12134702700709657, 'wires': [4]}, {'name': 'RY', 'param': -0.0010855501910870067, 'wires': [3]}, {'name': 'CRY', 'param': -0.017331707486776475, 'wires': [4, 5]}, {'name': 'RY', 'param': -0.02825245633314871, 'wires': [4]}, {'name': 'RY', 'param': 0.08239807914381296, 'wires': [5]}, {'name': 'CRY', 'param': -0.020745729789970482, 'wires': [4, 1]}]
[2025-08-05 10:17:56,075][INFO] Energy: 0.03634040486072018
