[2025-08-05 10:07:03,373][INFO] Starting VQE run 11 (seed=62254944)
[2025-08-05 10:07:03,491][INFO] Adding RY(0.0, wires=[4]) increased overlap from 0.0 to 0.9486193656476518
[2025-08-05 10:07:03,638][INFO] Adding RY(0.0, wires=[3]) had small change in overlap from 0.9486193656476518 to 0.9477579148823839
[2025-08-05 10:07:04,630][INFO] Adding RY(0.0, wires=[5]) increased overlap from 0.9477579148823839 to 0.9950875181663313
[2025-08-05 10:07:09,616][INFO] Adding CRY(0.0, wires=[5, 4])) increased overlap from 0.9950875181663313 to 0.9986738678932318
[2025-08-05 10:07:18,108][INFO] Adding CRY(0.0, wires=[5, 3])) increased overlap from 0.9986738678932318 to 0.9993482122503421
[2025-08-05 10:07:30,998][INFO] Adding RY(0.0, wires=[2]) increased overlap from 0.9993482122503421 to 0.999540776607358
[2025-08-05 10:07:45,297][INFO] Adding CRY(0.0, wires=[5, 2])) had small change in overlap from 0.999540776607358 to 0.9994325818917995
[2025-08-05 10:08:01,011][INFO] Adding CRY(0.0, wires=[4, 3])) increased overlap from 0.9994325818917995 to 0.9995177145416444
[2025-08-05 10:08:17,383][INFO] Adding RY(0.0, wires=[1]) increased overlap from 0.9995177145416444 to 0.9996526475782106
[2025-08-05 10:08:35,136][INFO] Adding CRY(0.0, wires=[0, 4])) had small change in overlap from 0.9996526475782106 to 0.999506399004628
[2025-08-05 10:08:54,339][INFO] Adding CRY(0.0, wires=[0, 5])) increased overlap from 0.999506399004628 to 0.9996560409868238
[2025-08-05 10:09:14,880][INFO] Adding CRY(0.0, wires=[4, 2])) had small change in overlap from 0.9996560409868238 to 0.9957574632442583
[2025-08-05 10:09:36,017][INFO] Adding RY(0.0, wires=[4]) increased overlap from 0.9957574632442583 to 0.9959926449451043
[2025-08-05 10:09:57,792][INFO] Adding RY(0.0, wires=[5]) had small change in overlap from 0.9959926449451043 to 0.9945093400624401
[2025-08-05 10:10:20,891][INFO] Adding CRY(0.0, wires=[4, 5])) increased overlap from 0.9945093400624401 to 0.9947041773350376
[2025-08-05 10:10:44,734][INFO] Adding RY(0.0, wires=[4]) increased overlap from 0.9947041773350376 to 0.9991714495992442
[2025-08-05 10:11:09,967][INFO] Adding CRY(0.0, wires=[5, 1])) decreased overlap from 0.9991714495992442 to 0.9864619821343852.. skipping this gate
[2025-08-05 10:11:09,968][INFO] gradient converged
[2025-08-05 10:11:09,968][INFO] Completed VQE run 16
[2025-08-05 10:11:09,968][INFO] Final ops list: [{'name': 'RY', 'param': 5.958228700845234, 'wires': [4]}, {'name': 'RY', 'param': 6.244711712359182, 'wires': [3]}, {'name': 'RY', 'param': 6.290869364363467, 'wires': [5]}, {'name': 'CRY', 'param': 6.019450051978128, 'wires': [5, 4]}, {'name': 'CRY', 'param': 5.867045527392483, 'wires': [5, 3]}, {'name': 'RY', 'param': 6.28199905871168, 'wires': [2]}, {'name': 'CRY', 'param': 6.003773663968881, 'wires': [5, 2]}, {'name': 'CRY', 'param': 6.291103153802277, 'wires': [4, 3]}, {'name': 'RY', 'param': 6.2832248845711485, 'wires': [1]}, {'name': 'CRY', 'param': 5.899108824954616, 'wires': [0, 4]}, {'name': 'CRY', 'param': 6.017742427150797, 'wires': [0, 5]}, {'name': 'CRY', 'param': 6.2845386232732565, 'wires': [4, 2]}, {'name': 'RY', 'param': 6.068454681062274, 'wires': [4]}, {'name': 'RY', 'param': 6.145766262902559, 'wires': [5]}, {'name': 'CRY', 'param': 7.064797503155513, 'wires': [4, 5]}, {'name': 'RY', 'param': 6.147632572493951, 'wires': [4]}]
[2025-08-05 10:11:09,968][INFO] Energy: 0.021612786243912774
