[2025-08-05 10:07:03,393][INFO] Starting VQE run 20 (seed=49249359)
[2025-08-05 10:07:03,545][INFO] Adding RY(0.0, wires=[4]) increased overlap from 0.0 to 0.9486193659019277
[2025-08-05 10:07:03,698][INFO] Adding RY(0.0, wires=[3]) had small change in overlap from 0.9486193659019277 to 0.9477579159169871
[2025-08-05 10:07:04,892][INFO] Adding RY(0.0, wires=[5]) increased overlap from 0.9477579159169871 to 0.9950875152820391
[2025-08-05 10:07:09,786][INFO] Adding CRY(0.0, wires=[5, 4])) increased overlap from 0.9950875152820391 to 0.9986738687914185
[2025-08-05 10:07:18,556][INFO] Adding CRY(0.0, wires=[5, 3])) increased overlap from 0.9986738687914185 to 0.9993482044846632
[2025-08-05 10:07:31,538][INFO] Adding RY(0.0, wires=[2]) increased overlap from 0.9993482044846632 to 0.9995341179207378
[2025-08-05 10:07:45,881][INFO] Adding CRY(0.0, wires=[5, 2])) had small change in overlap from 0.9995341179207378 to 0.9994706209229528
[2025-08-05 10:08:01,606][INFO] Adding CRY(0.0, wires=[4, 3])) increased overlap from 0.9994706209229528 to 0.9995526579277891
[2025-08-05 10:08:17,998][INFO] Adding RY(0.0, wires=[1]) increased overlap from 0.9995526579277891 to 0.9996294926201834
[2025-08-05 10:08:35,779][INFO] Adding CRY(0.0, wires=[0, 5])) had small change in overlap from 0.9996294926201834 to 0.9991484769733903
[2025-08-05 10:08:54,992][INFO] Adding CRY(0.0, wires=[0, 4])) increased overlap from 0.9991484769733903 to 0.9996850820762986
[2025-08-05 10:09:15,641][INFO] Adding CRY(0.0, wires=[4, 2])) had small change in overlap from 0.9996850820762986 to 0.9959673850469815
[2025-08-05 10:09:36,947][INFO] Adding RY(0.0, wires=[4]) increased overlap from 0.9959673850469815 to 0.9970893990768649
[2025-08-05 10:09:58,808][INFO] Adding RY(0.0, wires=[5]) had small change in overlap from 0.9970893990768649 to 0.997035299731361
[2025-08-05 10:10:22,044][INFO] Adding CRY(0.0, wires=[0, 1])) decreased overlap from 0.997035299731361 to 0.9650269559925038.. skipping this gate
[2025-08-05 10:10:22,044][INFO] gradient converged
[2025-08-05 10:10:22,044][INFO] Completed VQE run 14
[2025-08-05 10:10:22,044][INFO] Final ops list: [{'name': 'RY', 'param': 6.1919203789007575, 'wires': [4]}, {'name': 'RY', 'param': 6.272598116044576, 'wires': [3]}, {'name': 'RY', 'param': 6.417019473836576, 'wires': [5]}, {'name': 'CRY', 'param': 6.013894981678078, 'wires': [5, 4]}, {'name': 'CRY', 'param': 6.247279979285425, 'wires': [5, 3]}, {'name': 'RY', 'param': 6.2826283106676755, 'wires': [2]}, {'name': 'CRY', 'param': 6.271827690917236, 'wires': [5, 2]}, {'name': 'CRY', 'param': 6.291816416886997, 'wires': [4, 3]}, {'name': 'RY', 'param': 6.283190894650282, 'wires': [1]}, {'name': 'CRY', 'param': 6.112132397664578, 'wires': [0, 5]}, {'name': 'CRY', 'param': 5.978049790294547, 'wires': [0, 4]}, {'name': 'CRY', 'param': 6.2785272792254245, 'wires': [4, 2]}, {'name': 'RY', 'param': 6.158903817211352, 'wires': [4]}, {'name': 'RY', 'param': 6.128109315877384, 'wires': [5]}]
[2025-08-05 10:10:22,044][INFO] Energy: 0.022109604605216295
