[2025-08-05 10:07:03,720][INFO] Starting VQE run 95 (seed=23174010)
[2025-08-05 10:07:03,874][INFO] Adding RY(0.0, wires=[4]) increased overlap from 0.0 to 0.9486193659785978
[2025-08-05 10:07:04,036][INFO] Adding RY(0.0, wires=[3]) had small change in overlap from 0.9486193659785978 to 0.9477579153796452
[2025-08-05 10:07:05,043][INFO] Adding RY(0.0, wires=[5]) increased overlap from 0.9477579153796452 to 0.9950875123186528
[2025-08-05 10:07:09,685][INFO] Adding CRY(0.0, wires=[5, 4])) increased overlap from 0.9950875123186528 to 0.9986739166907319
[2025-08-05 10:07:16,831][INFO] Adding CRY(0.0, wires=[5, 3])) increased overlap from 0.9986739166907319 to 0.9993482046251115
[2025-08-05 10:07:29,811][INFO] Adding RY(0.0, wires=[2]) increased overlap from 0.9993482046251115 to 0.9994087141332496
[2025-08-05 10:07:44,222][INFO] Adding CRY(0.0, wires=[4, 3])) had small change in overlap from 0.9994087141332496 to 0.9991253251619536
[2025-08-05 10:08:00,033][INFO] Adding CRY(0.0, wires=[5, 2])) increased overlap from 0.9991253251619536 to 0.9996238553103319
[2025-08-05 10:08:16,452][INFO] Adding RY(0.0, wires=[1]) increased overlap from 0.9996238553103319 to 0.9996946931235688
[2025-08-05 10:08:34,243][INFO] Adding CRY(0.0, wires=[0, 1])) had small change in overlap from 0.9996946931235688 to 0.9964206488636655
[2025-08-05 10:08:53,393][INFO] Adding CRY(0.0, wires=[0, 5])) increased overlap from 0.9964206488636655 to 0.9973861375453624
[2025-08-05 10:09:13,986][INFO] Adding CRY(0.0, wires=[0, 4])) increased overlap from 0.9973861375453624 to 0.9991119430228523
[2025-08-05 10:09:35,916][INFO] Adding CRY(0.0, wires=[4, 2])) had small change in overlap from 0.9991119430228523 to 0.9953399478565426
[2025-08-05 10:09:58,525][INFO] Adding RY(0.0, wires=[4]) had small change in overlap from 0.9953399478565426 to 0.9926938124939688
[2025-08-05 10:10:21,698][INFO] Adding RY(0.0, wires=[5]) increased overlap from 0.9926938124939688 to 0.9981453293690301
[2025-08-05 10:10:45,482][INFO] Adding RY(0.0, wires=[1]) had small change in overlap from 0.9981453293690301 to 0.9953762365199161
[2025-08-05 10:11:10,749][INFO] Adding CRY(0.0, wires=[4, 5])) had small change in overlap from 0.9953762365199161 to 0.9940915896144729
[2025-08-05 10:11:36,502][INFO] Adding RY(0.0, wires=[4]) increased overlap from 0.9940915896144729 to 0.9989869472437237
[2025-08-05 10:12:03,523][INFO] Adding CRY(0.0, wires=[5, 1])) decreased overlap from 0.9989869472437237 to 0.948798964558768.. skipping this gate
[2025-08-05 10:12:03,523][INFO] gradient converged
[2025-08-05 10:12:03,524][INFO] Completed VQE run 18
[2025-08-05 10:12:03,524][INFO] Final ops list: [{'name': 'RY', 'param': 6.0174436432255, 'wires': [4]}, {'name': 'RY', 'param': 6.248178888474287, 'wires': [3]}, {'name': 'RY', 'param': 6.283074817864602, 'wires': [5]}, {'name': 'CRY', 'param': 8.593087808616561, 'wires': [5, 4]}, {'name': 'CRY', 'param': 8.743462433604758, 'wires': [5, 3]}, {'name': 'RY', 'param': 6.283561535497728, 'wires': [2]}, {'name': 'CRY', 'param': 6.289558036127941, 'wires': [4, 3]}, {'name': 'CRY', 'param': 8.88940229117906, 'wires': [5, 2]}, {'name': 'RY', 'param': 6.90073965796855, 'wires': [1]}, {'name': 'CRY', 'param': 5.939223263939193, 'wires': [0, 1]}, {'name': 'CRY', 'param': 6.169233230064603, 'wires': [0, 5]}, {'name': 'CRY', 'param': 6.700825683681573, 'wires': [0, 4]}, {'name': 'CRY', 'param': 6.283175724607117, 'wires': [4, 2]}, {'name': 'RY', 'param': 6.7033693896362045, 'wires': [4]}, {'name': 'RY', 'param': 5.989961582329592, 'wires': [5]}, {'name': 'RY', 'param': 6.0096688683999515, 'wires': [1]}, {'name': 'CRY', 'param': 6.721757089131189, 'wires': [4, 5]}, {'name': 'RY', 'param': 6.032999333245808, 'wires': [4]}]
[2025-08-05 10:12:03,524][INFO] Energy: 0.023692079058534172
