[2025-08-05 10:07:03,574][INFO] Starting VQE run 40 (seed=75217743)
[2025-08-05 10:07:03,777][INFO] Adding RY(0.0, wires=[4]) increased overlap from 0.0 to 0.9486193670575079
[2025-08-05 10:07:04,013][INFO] Adding RY(0.0, wires=[3]) had small change in overlap from 0.9486193670575079 to 0.9477579139950943
[2025-08-05 10:07:05,534][INFO] Adding RY(0.0, wires=[5]) increased overlap from 0.9477579139950943 to 0.9950875186891571
[2025-08-05 10:07:12,532][INFO] Adding CRY(0.0, wires=[5, 4])) increased overlap from 0.9950875186891571 to 0.9986738764708729
[2025-08-05 10:07:21,663][INFO] Adding CRY(0.0, wires=[5, 3])) increased overlap from 0.9986738764708729 to 0.9993481747974109
[2025-08-05 10:07:38,062][INFO] Adding RY(0.0, wires=[2]) increased overlap from 0.9993481747974109 to 0.9994591681508331
[2025-08-05 10:07:55,414][INFO] Adding CRY(0.0, wires=[4, 3])) increased overlap from 0.9994591681508331 to 0.9995311853739464
[2025-08-05 10:08:15,468][INFO] Adding CRY(0.0, wires=[5, 2])) increased overlap from 0.9995311853739464 to 0.9995949166525354
[2025-08-05 10:08:35,786][INFO] Adding RY(0.0, wires=[1]) had small change in overlap from 0.9995949166525354 to 0.9995220605338697
[2025-08-05 10:08:56,963][INFO] Adding CRY(0.0, wires=[5, 1])) had small change in overlap from 0.9995220605338697 to 0.9972500998497624
[2025-08-05 10:09:19,719][INFO] Adding CRY(0.0, wires=[0, 4])) increased overlap from 0.9972500998497624 to 0.9993353160070204
[2025-08-05 10:09:43,237][INFO] Adding RY(0.0, wires=[4]) had small change in overlap from 0.9993353160070204 to 0.9989560945039327
[2025-08-05 10:10:08,332][INFO] Adding CRY(0.0, wires=[0, 5])) increased overlap from 0.9989560945039327 to 0.9992945196397094
[2025-08-05 10:10:33,973][INFO] Adding RY(0.0, wires=[5]) had small change in overlap from 0.9992945196397094 to 0.9973129678631354
[2025-08-05 10:11:00,536][INFO] Adding CRY(0.0, wires=[0, 1])) had small change in overlap from 0.9973129678631354 to 0.9953955087447224
[2025-08-05 10:11:28,634][INFO] Adding CRY(0.0, wires=[0, 3])) decreased overlap from 0.9953955087447224 to 0.9768367085549107.. skipping this gate
[2025-08-05 10:11:28,634][INFO] gradient converged
[2025-08-05 10:11:28,634][INFO] Completed VQE run 15
[2025-08-05 10:11:28,634][INFO] Final ops list: [{'name': 'RY', 'param': -0.24270594851845217, 'wires': [4]}, {'name': 'RY', 'param': -0.11030151468675811, 'wires': [3]}, {'name': 'RY', 'param': -0.6872723628687368, 'wires': [5]}, {'name': 'CRY', 'param': -0.4031709911098664, 'wires': [5, 4]}, {'name': 'CRY', 'param': -0.12446248594394388, 'wires': [5, 3]}, {'name': 'RY', 'param': 0.004340970741312876, 'wires': [2]}, {'name': 'CRY', 'param': 0.18670968838320734, 'wires': [4, 3]}, {'name': 'CRY', 'param': 0.004652227825113252, 'wires': [5, 2]}, {'name': 'RY', 'param': 0.0030424082983143805, 'wires': [1]}, {'name': 'CRY', 'param': -3.92545983875055e-05, 'wires': [5, 1]}, {'name': 'CRY', 'param': 0.28695096740228654, 'wires': [0, 4]}, {'name': 'RY', 'param': -0.06709601362382833, 'wires': [4]}, {'name': 'CRY', 'param': 0.17601122386465962, 'wires': [0, 5]}, {'name': 'RY', 'param': 0.11440335727172102, 'wires': [5]}, {'name': 'CRY', 'param': -0.0030554770079959585, 'wires': [0, 1]}]
[2025-08-05 10:11:28,634][INFO] Energy: 0.039617223222314035
