[2025-08-05 10:07:03,587][INFO] Starting VQE run 93 (seed=94651245)
[2025-08-05 10:07:03,770][INFO] Adding RY(0.0, wires=[4]) increased overlap from 0.0 to 0.9486193668878286
[2025-08-05 10:07:03,936][INFO] Adding RY(0.0, wires=[3]) had small change in overlap from 0.9486193668878286 to 0.9477579120082728
[2025-08-05 10:07:04,984][INFO] Adding RY(0.0, wires=[5]) increased overlap from 0.9477579120082728 to 0.9950875049830726
[2025-08-05 10:07:08,862][INFO] Adding CRY(0.0, wires=[5, 4])) increased overlap from 0.9950875049830726 to 0.9986738643512936
[2025-08-05 10:07:16,040][INFO] Adding CRY(0.0, wires=[5, 3])) increased overlap from 0.9986738643512936 to 0.9993481731620161
[2025-08-05 10:07:28,989][INFO] Adding RY(0.0, wires=[2]) increased overlap from 0.9993481731620161 to 0.9994226543639047
[2025-08-05 10:07:43,336][INFO] Adding CRY(0.0, wires=[4, 3])) had small change in overlap from 0.9994226543639047 to 0.999352475795099
[2025-08-05 10:07:59,099][INFO] Adding CRY(0.0, wires=[5, 2])) increased overlap from 0.999352475795099 to 0.9995467919495052
[2025-08-05 10:08:15,448][INFO] Adding RY(0.0, wires=[1]) increased overlap from 0.9995467919495052 to 0.9996107011827686
[2025-08-05 10:08:33,147][INFO] Adding CRY(0.0, wires=[0, 1])) had small change in overlap from 0.9996107011827686 to 0.9978447288347662
[2025-08-05 10:08:51,564][INFO] Adding RY(0.0, wires=[1]) had small change in overlap from 0.9978447288347662 to 0.9926510848792475
[2025-08-05 10:09:11,411][INFO] Adding CRY(0.0, wires=[0, 5])) increased overlap from 0.9926510848792475 to 0.9941012087914964
[2025-08-05 10:09:32,653][INFO] Adding CRY(0.0, wires=[0, 4])) increased overlap from 0.9941012087914964 to 0.9994338002614311
[2025-08-05 10:09:54,522][INFO] Adding RY(0.0, wires=[5]) had small change in overlap from 0.9994338002614311 to 0.9961282401727761
[2025-08-05 10:10:16,912][INFO] Adding RY(0.0, wires=[4]) increased overlap from 0.9961282401727761 to 0.9966802162560201
[2025-08-05 10:10:40,801][INFO] Adding CRY(0.0, wires=[0, 3])) increased overlap from 0.9966802162560201 to 0.9984218133118742
[2025-08-05 10:11:05,334][INFO] Adding RY(0.0, wires=[3]) had small change in overlap from 0.9984218133118742 to 0.9896086068100313
[2025-08-05 10:11:31,092][INFO] Adding CRY(0.0, wires=[5, 1])) had small change in overlap from 0.9896086068100313 to 0.9813928531116253
[2025-08-05 10:11:57,318][INFO] Adding RY(0.0, wires=[5]) increased overlap from 0.9813928531116253 to 0.998305783892257
[2025-08-05 10:12:24,210][INFO] Adding RY(0.0, wires=[1]) decreased overlap from 0.998305783892257 to 0.8474222653513948.. skipping this gate
[2025-08-05 10:12:24,211][INFO] gradient converged
[2025-08-05 10:12:24,211][INFO] Completed VQE run 19
[2025-08-05 10:12:24,211][INFO] Final ops list: [{'name': 'RY', 'param': 5.713054651639504, 'wires': [4]}, {'name': 'RY', 'param': 6.432798547058354, 'wires': [3]}, {'name': 'RY', 'param': 6.196291235226761, 'wires': [5]}, {'name': 'CRY', 'param': 10.961336530340418, 'wires': [5, 4]}, {'name': 'CRY', 'param': 6.018370172720263, 'wires': [5, 3]}, {'name': 'RY', 'param': 6.288263204084112, 'wires': [2]}, {'name': 'CRY', 'param': 6.340196169350426, 'wires': [4, 3]}, {'name': 'CRY', 'param': 6.278943105005893, 'wires': [5, 2]}, {'name': 'RY', 'param': 7.211783823360685, 'wires': [1]}, {'name': 'CRY', 'param': 5.6419544384333395, 'wires': [0, 1]}, {'name': 'RY', 'param': 5.995825887295014, 'wires': [1]}, {'name': 'CRY', 'param': 6.946154588749858, 'wires': [0, 5]}, {'name': 'CRY', 'param': 5.933148215649712, 'wires': [0, 4]}, {'name': 'RY', 'param': 5.824476016471041, 'wires': [5]}, {'name': 'RY', 'param': 6.055657620653072, 'wires': [4]}, {'name': 'CRY', 'param': 6.3194475320548085, 'wires': [0, 3]}, {'name': 'RY', 'param': 6.059479012076492, 'wires': [3]}, {'name': 'CRY', 'param': 6.283220970553936, 'wires': [5, 1]}, {'name': 'RY', 'param': 6.035024952332004, 'wires': [5]}]
[2025-08-05 10:12:24,211][INFO] Energy: 0.03343249380866051
