[2025-08-05 10:07:03,378][INFO] Starting VQE run 19 (seed=23259582)
[2025-08-05 10:07:03,507][INFO] Adding RY(0.0, wires=[4]) increased overlap from 0.0 to 0.9486193665517887
[2025-08-05 10:07:03,646][INFO] Adding RY(0.0, wires=[3]) had small change in overlap from 0.9486193665517887 to 0.9477579150846696
[2025-08-05 10:07:04,824][INFO] Adding RY(0.0, wires=[5]) increased overlap from 0.9477579150846696 to 0.9950875077753901
[2025-08-05 10:07:10,073][INFO] Adding CRY(0.0, wires=[5, 4])) increased overlap from 0.9950875077753901 to 0.9986738751536347
[2025-08-05 10:07:16,857][INFO] Adding CRY(0.0, wires=[5, 3])) increased overlap from 0.9986738751536347 to 0.9993481729539545
[2025-08-05 10:07:29,800][INFO] Adding RY(0.0, wires=[2]) increased overlap from 0.9993481729539545 to 0.9994570671957415
[2025-08-05 10:07:44,185][INFO] Adding CRY(0.0, wires=[4, 3])) increased overlap from 0.9994570671957415 to 0.9995272487254298
[2025-08-05 10:08:00,001][INFO] Adding CRY(0.0, wires=[5, 2])) increased overlap from 0.9995272487254298 to 0.9995817028405949
[2025-08-05 10:08:16,410][INFO] Adding RY(0.0, wires=[1]) increased overlap from 0.9995817028405949 to 0.9996176616186812
[2025-08-05 10:08:34,185][INFO] Adding CRY(0.0, wires=[0, 4])) increased overlap from 0.9996176616186812 to 0.9996374996761515
[2025-08-05 10:08:53,428][INFO] Adding CRY(0.0, wires=[0, 5])) increased overlap from 0.9996374996761515 to 0.999659287722792
[2025-08-05 10:09:14,034][INFO] Adding CRY(0.0, wires=[0, 1])) had small change in overlap from 0.999659287722792 to 0.999539455124415
[2025-08-05 10:09:35,279][INFO] Adding RY(0.0, wires=[5]) had small change in overlap from 0.999539455124415 to 0.9993545217355144
[2025-08-05 10:09:58,030][INFO] Adding CRY(0.0, wires=[3, 4])) increased overlap from 0.9993545217355144 to 0.9995457544675933
[2025-08-05 10:10:22,060][INFO] Adding CRY(0.0, wires=[0, 3])) increased overlap from 0.9995457544675933 to 0.9996140535722249
[2025-08-05 10:10:46,724][INFO] Adding RY(0.0, wires=[1]) had small change in overlap from 0.9996140535722249 to 0.9944106694005745
[2025-08-05 10:11:12,037][INFO] Adding RY(0.0, wires=[4]) increased overlap from 0.9944106694005745 to 0.9985826886184612
[2025-08-05 10:11:38,728][INFO] Adding CRY(0.0, wires=[4, 2])) increased overlap from 0.9985826886184612 to 0.9995012765517926
[2025-08-05 10:12:06,681][INFO] Adding CRY(0.0, wires=[3, 2])) increased overlap from 0.9995012765517926 to 0.999595784869219
[2025-08-05 10:12:35,915][INFO] Adding CRY(0.0, wires=[5, 1])) increased overlap from 0.999595784869219 to 0.9996966339051346
[2025-08-05 10:13:05,825][INFO] Adding RY(0.0, wires=[1]) decreased overlap from 0.9996966339051346 to 0.9873159606911464.. skipping this gate
[2025-08-05 10:13:05,825][INFO] gradient converged
[2025-08-05 10:13:05,825][INFO] Completed VQE run 20
[2025-08-05 10:13:05,825][INFO] Final ops list: [{'name': 'RY', 'param': 0.029387367008866374, 'wires': [4]}, {'name': 'RY', 'param': -0.08715568215531867, 'wires': [3]}, {'name': 'RY', 'param': -0.39455352305974734, 'wires': [5]}, {'name': 'CRY', 'param': -0.2631974635893535, 'wires': [5, 4]}, {'name': 'CRY', 'param': -0.08380464145434623, 'wires': [5, 3]}, {'name': 'RY', 'param': 0.0036509938892043754, 'wires': [2]}, {'name': 'CRY', 'param': -0.030469738790889506, 'wires': [4, 3]}, {'name': 'CRY', 'param': 0.011771670035218593, 'wires': [5, 2]}, {'name': 'RY', 'param': -0.04465527119326325, 'wires': [1]}, {'name': 'CRY', 'param': 0.024762146090933412, 'wires': [0, 4]}, {'name': 'CRY', 'param': 0.08774154993826505, 'wires': [0, 5]}, {'name': 'CRY', 'param': -0.017609375207032176, 'wires': [0, 1]}, {'name': 'RY', 'param': -0.12278570264902229, 'wires': [5]}, {'name': 'CRY', 'param': 0.18575507344366593, 'wires': [3, 4]}, {'name': 'CRY', 'param': 0.040749913979459464, 'wires': [0, 3]}, {'name': 'RY', 'param': 0.06243161989265371, 'wires': [1]}, {'name': 'RY', 'param': -0.00738815457036661, 'wires': [4]}, {'name': 'CRY', 'param': 0.037343458701120484, 'wires': [4, 2]}, {'name': 'CRY', 'param': 0.05713037913307151, 'wires': [3, 2]}, {'name': 'CRY', 'param': 0.0003127473620575753, 'wires': [5, 1]}]
[2025-08-05 10:13:05,825][INFO] Energy: 0.004453996137046438
