[2025-08-21 12:16:25,733][INFO] Starting VQE run 0 (seed=79064907)
[2025-08-21 12:16:25,734][INFO] EstimatorOptions(_VERSION=2, max_execution_time=Unset, environment=EnvironmentOptions(log_level='WARNING', callback=None, job_tags=None, private=False), simulator=SimulatorOptions(noise_model=Unset, seed_simulator=Unset, coupling_map=Unset, basis_gates=Unset), default_precision=Unset, default_shots=None, resilience_level=Unset, seed_estimator=Unset, dynamical_decoupling=DynamicalDecouplingOptions(enable=Unset, sequence_type=Unset, extra_slack_distribution=Unset, scheduling_method=Unset, skip_reset_qubits=Unset), resilience=ResilienceOptionsV2(measure_mitigation=Unset, measure_noise_learning=MeasureNoiseLearningOptions(num_randomizations=Unset, shots_per_randomization=Unset), zne_mitigation=Unset, zne=ZneOptions(amplifier=Unset, noise_factors=Unset, extrapolator=Unset, extrapolated_noise_factors=Unset), pec_mitigation=Unset, pec=PecOptions(max_overhead=Unset, noise_gain=Unset), layer_noise_learning=LayerNoiseLearningOptions(max_layers_to_learn=Unset, shots_per_randomization=Unset, num_randomizations=Unset, layer_pair_depths=Unset), layer_noise_model=Unset), execution=ExecutionOptionsV2(init_qubits=Unset, rep_delay=Unset), twirling=TwirlingOptions(enable_gates=Unset, enable_measure=Unset, num_randomizations=Unset, shots_per_randomization=Unset, strategy=Unset), experimental=Unset)
[2025-08-21 12:16:25,814][INFO] Iteration 1: Energy = 0.93750000
[2025-08-21 12:16:25,876][INFO] Iteration 2: Energy = 10.70342463
[2025-08-21 12:16:25,943][INFO] Iteration 3: Energy = 9.08913322
[2025-08-21 12:16:26,012][INFO] Iteration 4: Energy = 0.26280569
[2025-08-21 12:16:26,081][INFO] Iteration 5: Energy = -0.04577825
[2025-08-21 12:16:26,150][INFO] Iteration 6: Energy = -0.10135115
[2025-08-21 12:16:26,221][INFO] Iteration 7: Energy = -0.20829773
[2025-08-21 12:16:26,291][INFO] Iteration 8: Energy = -0.17378334
[2025-08-21 12:16:26,361][INFO] Iteration 9: Energy = -0.13369037
[2025-08-21 12:16:26,434][INFO] Iteration 10: Energy = -0.23144610
[2025-08-21 12:16:26,503][INFO] Iteration 11: Energy = -0.17131270
[2025-08-21 12:16:26,569][INFO] Iteration 12: Energy = -0.18099916
[2025-08-21 12:16:26,636][INFO] Iteration 13: Energy = -0.21796001
[2025-08-21 12:16:26,640][INFO] Completed VQE run 0: Energy = -0.214689
[2025-08-21 12:17:39,654][INFO] Starting VQE run 0 (seed=88300422)
[2025-08-21 12:17:39,654][INFO] EstimatorOptions(_VERSION=2, max_execution_time=Unset, environment=EnvironmentOptions(log_level='WARNING', callback=None, job_tags=None, private=False), simulator=SimulatorOptions(noise_model=Unset, seed_simulator=Unset, coupling_map=Unset, basis_gates=Unset), default_precision=Unset, default_shots=None, resilience_level=Unset, seed_estimator=Unset, dynamical_decoupling=DynamicalDecouplingOptions(enable=Unset, sequence_type=Unset, extra_slack_distribution=Unset, scheduling_method=Unset, skip_reset_qubits=Unset), resilience=ResilienceOptionsV2(measure_mitigation=Unset, measure_noise_learning=MeasureNoiseLearningOptions(num_randomizations=Unset, shots_per_randomization=Unset), zne_mitigation=Unset, zne=ZneOptions(amplifier=Unset, noise_factors=Unset, extrapolator=Unset, extrapolated_noise_factors=Unset), pec_mitigation=Unset, pec=PecOptions(max_overhead=Unset, noise_gain=Unset), layer_noise_learning=LayerNoiseLearningOptions(max_layers_to_learn=Unset, shots_per_randomization=Unset, num_randomizations=Unset, layer_pair_depths=Unset), layer_noise_model=Unset), execution=ExecutionOptionsV2(init_qubits=Unset, rep_delay=Unset), twirling=TwirlingOptions(enable_gates=Unset, enable_measure=Unset, num_randomizations=Unset, shots_per_randomization=Unset, strategy=Unset), experimental=Unset)
[2025-08-21 12:17:39,740][INFO] Iteration 1: Energy = 6.16302242
[2025-08-21 12:17:39,804][INFO] Iteration 2: Energy = 11.95596818
[2025-08-21 12:17:39,872][INFO] Iteration 3: Energy = 1.07991860
[2025-08-21 12:17:39,940][INFO] Iteration 4: Energy = -0.01197101
[2025-08-21 12:17:40,017][INFO] Iteration 5: Energy = -0.25357372
[2025-08-21 12:17:40,086][INFO] Iteration 6: Energy = -0.08459056
[2025-08-21 12:17:40,157][INFO] Iteration 7: Energy = -0.02882494
[2025-08-21 12:17:40,225][INFO] Iteration 8: Energy = -0.12428194
[2025-08-21 12:17:40,294][INFO] Iteration 9: Energy = -0.07588592
[2025-08-21 12:17:40,364][INFO] Iteration 10: Energy = -0.08537897
[2025-08-21 12:17:40,433][INFO] Iteration 11: Energy = -0.04921861
[2025-08-21 12:17:40,508][INFO] Iteration 12: Energy = -0.29446114
[2025-08-21 12:17:40,577][INFO] Iteration 13: Energy = -0.18836004
[2025-08-21 12:17:40,651][INFO] Iteration 14: Energy = -0.11846765
[2025-08-21 12:17:40,723][INFO] Iteration 15: Energy = -0.19676585
[2025-08-21 12:17:40,725][INFO] Completed VQE run 0: Energy = -0.240773
[2025-08-21 12:19:06,279][INFO] Starting VQE run 0 (seed=98995647)
[2025-08-21 12:19:06,280][INFO] EstimatorOptions(_VERSION=2, max_execution_time=Unset, environment=EnvironmentOptions(log_level='WARNING', callback=None, job_tags=None, private=False), simulator=SimulatorOptions(noise_model=Unset, seed_simulator=Unset, coupling_map=Unset, basis_gates=Unset), default_precision=Unset, default_shots=None, resilience_level=Unset, seed_estimator=Unset, dynamical_decoupling=DynamicalDecouplingOptions(enable=Unset, sequence_type=Unset, extra_slack_distribution=Unset, scheduling_method=Unset, skip_reset_qubits=Unset), resilience=ResilienceOptionsV2(measure_mitigation=Unset, measure_noise_learning=MeasureNoiseLearningOptions(num_randomizations=Unset, shots_per_randomization=Unset), zne_mitigation=Unset, zne=ZneOptions(amplifier=Unset, noise_factors=Unset, extrapolator=Unset, extrapolated_noise_factors=Unset), pec_mitigation=Unset, pec=PecOptions(max_overhead=Unset, noise_gain=Unset), layer_noise_learning=LayerNoiseLearningOptions(max_layers_to_learn=Unset, shots_per_randomization=Unset, num_randomizations=Unset, layer_pair_depths=Unset), layer_noise_model=Unset), execution=ExecutionOptionsV2(init_qubits=Unset, rep_delay=Unset), twirling=TwirlingOptions(enable_gates=Unset, enable_measure=Unset, num_randomizations=Unset, shots_per_randomization=Unset, strategy=Unset), experimental=Unset)
[2025-08-21 12:19:06,357][INFO] Iteration 1: Energy = 1.06308885
[2025-08-21 12:19:06,414][INFO] Iteration 2: Energy = 6.24516256
[2025-08-21 12:19:06,473][INFO] Iteration 3: Energy = 0.00734146
[2025-08-21 12:19:06,545][INFO] Iteration 4: Energy = -0.11577338
[2025-08-21 12:19:06,610][INFO] Iteration 5: Energy = -0.04574198
[2025-08-21 12:19:06,677][INFO] Iteration 6: Energy = -0.11204023
[2025-08-21 12:19:06,745][INFO] Iteration 7: Energy = -0.20381244
[2025-08-21 12:19:06,812][INFO] Iteration 8: Energy = 0.02726439
[2025-08-21 12:19:06,880][INFO] Iteration 9: Energy = -0.16496386
[2025-08-21 12:19:06,951][INFO] Iteration 10: Energy = -0.22188053
[2025-08-21 12:19:07,019][INFO] Iteration 11: Energy = -0.12999953
[2025-08-21 12:19:07,087][INFO] Iteration 12: Energy = -0.18047669
[2025-08-21 12:19:07,163][INFO] Iteration 13: Energy = -0.07888506
[2025-08-21 12:19:07,235][INFO] Iteration 14: Energy = -0.21025799
[2025-08-21 12:19:07,305][INFO] Iteration 15: Energy = -0.10279162
[2025-08-21 12:19:07,375][INFO] Iteration 16: Energy = -0.19538849
[2025-08-21 12:19:07,448][INFO] Iteration 17: Energy = -0.12155141
[2025-08-21 12:19:07,518][INFO] Iteration 18: Energy = -0.31898687
[2025-08-21 12:19:07,588][INFO] Iteration 19: Energy = -0.17978500
[2025-08-21 12:19:07,660][INFO] Iteration 20: Energy = -0.14226542
[2025-08-21 12:19:07,730][INFO] Iteration 21: Energy = -0.16562533
[2025-08-21 12:19:07,801][INFO] Iteration 22: Energy = -0.09375456
[2025-08-21 12:19:07,876][INFO] Iteration 23: Energy = -0.12027681
[2025-08-21 12:19:07,943][INFO] Iteration 24: Energy = -0.17855270
[2025-08-21 12:19:08,019][INFO] Iteration 25: Energy = -0.07690667
[2025-08-21 12:19:08,088][INFO] Iteration 26: Energy = -0.15522300
[2025-08-21 12:19:08,161][INFO] Iteration 27: Energy = -0.17526948
[2025-08-21 12:19:08,230][INFO] Iteration 28: Energy = -0.19015106
[2025-08-21 12:19:08,236][INFO] Completed VQE run 0: Energy = -0.299529
[2025-08-21 12:52:32,123][INFO] Starting VQE run 0 (seed=94979349)
[2025-08-21 12:52:32,125][INFO] EstimatorOptions(_VERSION=2, max_execution_time=Unset, environment=EnvironmentOptions(log_level='WARNING', callback=None, job_tags=None, private=False), simulator=SimulatorOptions(noise_model=Unset, seed_simulator=Unset, coupling_map=Unset, basis_gates=Unset), default_precision=Unset, default_shots=None, resilience_level=Unset, seed_estimator=Unset, dynamical_decoupling=DynamicalDecouplingOptions(enable=Unset, sequence_type=Unset, extra_slack_distribution=Unset, scheduling_method=Unset, skip_reset_qubits=Unset), resilience=ResilienceOptionsV2(measure_mitigation=Unset, measure_noise_learning=MeasureNoiseLearningOptions(num_randomizations=Unset, shots_per_randomization=Unset), zne_mitigation=Unset, zne=ZneOptions(amplifier=Unset, noise_factors=Unset, extrapolator=Unset, extrapolated_noise_factors=Unset), pec_mitigation=Unset, pec=PecOptions(max_overhead=Unset, noise_gain=Unset), layer_noise_learning=LayerNoiseLearningOptions(max_layers_to_learn=Unset, shots_per_randomization=Unset, num_randomizations=Unset, layer_pair_depths=Unset), layer_noise_model=Unset), execution=ExecutionOptionsV2(init_qubits=Unset, rep_delay=Unset), twirling=TwirlingOptions(enable_gates=Unset, enable_measure=Unset, num_randomizations=Unset, shots_per_randomization=Unset, strategy=Unset), experimental=Unset)
[2025-08-21 12:52:32,203][INFO] Iteration 1: Energy = 9.46310276
[2025-08-21 12:52:32,262][INFO] Iteration 2: Energy = 14.72514680
[2025-08-21 12:52:32,321][INFO] Iteration 3: Energy = 2.80168786
[2025-08-21 12:52:32,389][INFO] Iteration 4: Energy = 1.07927525
[2025-08-21 12:52:32,469][INFO] Iteration 5: Energy = 1.23009967
[2025-08-21 12:52:32,537][INFO] Iteration 6: Energy = 1.11099263
[2025-08-21 12:52:32,608][INFO] Iteration 7: Energy = 0.91613661
[2025-08-21 12:52:32,676][INFO] Iteration 8: Energy = 0.99964806
[2025-08-21 12:52:32,746][INFO] Iteration 9: Energy = 1.01518507
[2025-08-21 12:52:32,815][INFO] Iteration 10: Energy = 0.93750000
[2025-08-21 12:52:32,885][INFO] Iteration 11: Energy = 0.94332638
[2025-08-21 12:52:32,953][INFO] Iteration 12: Energy = 0.88894683
[2025-08-21 12:52:33,021][INFO] Iteration 13: Energy = 0.89865746
[2025-08-21 12:52:33,093][INFO] Iteration 14: Energy = 0.97634254
[2025-08-21 12:52:33,161][INFO] Iteration 15: Energy = 1.03654847
[2025-08-21 12:52:33,232][INFO] Iteration 16: Energy = 0.92778937
[2025-08-21 12:52:33,304][INFO] Iteration 17: Energy = 0.84039366
[2025-08-21 12:52:33,376][INFO] Iteration 18: Energy = 0.87729407
[2025-08-21 12:52:33,448][INFO] Iteration 19: Energy = 0.89671534
[2025-08-21 12:52:33,517][INFO] Iteration 20: Energy = 0.88312045
[2025-08-21 12:52:33,589][INFO] Iteration 21: Energy = 0.84816217
[2025-08-21 12:52:33,657][INFO] Iteration 22: Energy = 1.01324294
[2025-08-21 12:52:33,727][INFO] Iteration 23: Energy = 0.97634254
[2025-08-21 12:52:33,798][INFO] Iteration 24: Energy = 0.89477321
[2025-08-21 12:52:33,868][INFO] Iteration 25: Energy = 0.98605317
[2025-08-21 12:52:33,936][INFO] Iteration 26: Energy = 0.94526851
[2025-08-21 12:52:34,012][INFO] Iteration 27: Energy = 0.99964806
[2025-08-21 12:52:34,080][INFO] Iteration 28: Energy = 0.98216892
[2025-08-21 12:52:34,148][INFO] Iteration 29: Energy = 0.90836810
[2025-08-21 12:52:34,222][INFO] Iteration 30: Energy = 0.91807873
[2025-08-21 12:52:34,292][INFO] Iteration 31: Energy = 0.91807873
[2025-08-21 12:52:34,361][INFO] Iteration 32: Energy = 0.92002086
[2025-08-21 12:52:34,434][INFO] Iteration 33: Energy = 0.92778937
[2025-08-21 12:52:34,503][INFO] Iteration 34: Energy = 0.95109489
[2025-08-21 12:52:34,510][INFO] Completed VQE run 0: Energy = 0.834567
[2025-08-21 12:53:24,628][INFO] Starting VQE run 0 (seed=89904987)
[2025-08-21 12:53:24,629][INFO] EstimatorOptions(_VERSION=2, max_execution_time=Unset, environment=EnvironmentOptions(log_level='WARNING', callback=None, job_tags=None, private=False), simulator=SimulatorOptions(noise_model=Unset, seed_simulator=Unset, coupling_map=Unset, basis_gates=Unset), default_precision=Unset, default_shots=None, resilience_level=Unset, seed_estimator=Unset, dynamical_decoupling=DynamicalDecouplingOptions(enable=Unset, sequence_type=Unset, extra_slack_distribution=Unset, scheduling_method=Unset, skip_reset_qubits=Unset), resilience=ResilienceOptionsV2(measure_mitigation=Unset, measure_noise_learning=MeasureNoiseLearningOptions(num_randomizations=Unset, shots_per_randomization=Unset), zne_mitigation=Unset, zne=ZneOptions(amplifier=Unset, noise_factors=Unset, extrapolator=Unset, extrapolated_noise_factors=Unset), pec_mitigation=Unset, pec=PecOptions(max_overhead=Unset, noise_gain=Unset), layer_noise_learning=LayerNoiseLearningOptions(max_layers_to_learn=Unset, shots_per_randomization=Unset, num_randomizations=Unset, layer_pair_depths=Unset), layer_noise_model=Unset), execution=ExecutionOptionsV2(init_qubits=Unset, rep_delay=Unset), twirling=TwirlingOptions(enable_gates=Unset, enable_measure=Unset, num_randomizations=Unset, shots_per_randomization=Unset, strategy=Unset), experimental=Unset)
[2025-08-21 12:53:24,731][INFO] Iteration 1: Energy = 4.78718745
[2025-08-21 12:53:24,799][INFO] Iteration 2: Energy = 6.87677348
[2025-08-21 12:53:24,860][INFO] Iteration 3: Energy = 2.67998931
[2025-08-21 12:53:24,928][INFO] Iteration 4: Energy = 1.09416288
[2025-08-21 12:53:24,996][INFO] Iteration 5: Energy = 0.18961800
[2025-08-21 12:53:25,065][INFO] Iteration 6: Energy = -0.09272776
[2025-08-21 12:53:25,131][INFO] Iteration 7: Energy = -0.19463031
[2025-08-21 12:53:25,238][INFO] Iteration 8: Energy = -0.16744054
[2025-08-21 12:53:25,301][INFO] Iteration 9: Energy = -0.22450831
[2025-08-21 12:53:25,372][INFO] Iteration 10: Energy = -0.15386378
[2025-08-21 12:53:25,437][INFO] Iteration 11: Energy = -0.17205275
[2025-08-21 12:53:25,502][INFO] Iteration 12: Energy = -0.06655269
[2025-08-21 12:53:25,567][INFO] Iteration 13: Energy = -0.18498616
[2025-08-21 12:53:25,630][INFO] Iteration 14: Energy = -0.24704960
[2025-08-21 12:53:25,692][INFO] Iteration 15: Energy = -0.03025937
[2025-08-21 12:53:25,758][INFO] Iteration 16: Energy = -0.28336710
[2025-08-21 12:53:25,824][INFO] Iteration 17: Energy = -0.20179778
[2025-08-21 12:53:25,891][INFO] Iteration 18: Energy = -0.07757419
[2025-08-21 12:53:25,959][INFO] Iteration 19: Energy = -0.23350307
[2025-08-21 12:53:26,019][INFO] Iteration 20: Energy = -0.21729249
[2025-08-21 12:53:26,083][INFO] Iteration 21: Energy = -0.25094594
[2025-08-21 12:53:26,151][INFO] Iteration 22: Energy = -0.03612201
[2025-08-21 12:53:26,225][INFO] Iteration 23: Energy = -0.11500916
[2025-08-21 12:53:26,303][INFO] Iteration 24: Energy = -0.15385169
[2025-08-21 12:53:26,383][INFO] Iteration 25: Energy = -0.15709864
[2025-08-21 12:53:26,455][INFO] Iteration 26: Energy = -0.12412480
[2025-08-21 12:53:26,527][INFO] Iteration 27: Energy = -0.21091342
[2025-08-21 12:53:26,609][INFO] Iteration 28: Energy = -0.26261684
[2025-08-21 12:53:26,683][INFO] Iteration 29: Energy = -0.13965577
[2025-08-21 12:53:26,758][INFO] Iteration 30: Energy = -0.18687389
[2025-08-21 12:53:26,830][INFO] Iteration 31: Energy = -0.10859987
[2025-08-21 12:53:26,895][INFO] Iteration 32: Energy = -0.02060917
[2025-08-21 12:53:26,971][INFO] Iteration 33: Energy = -0.19853270
[2025-08-21 12:53:27,045][INFO] Iteration 34: Energy = -0.28653548
[2025-08-21 12:53:27,116][INFO] Iteration 35: Energy = -0.18948958
[2025-08-21 12:53:27,183][INFO] Iteration 36: Energy = 0.03834633
[2025-08-21 12:53:27,244][INFO] Iteration 37: Energy = -0.11956093
[2025-08-21 12:53:27,306][INFO] Iteration 38: Energy = -0.24774130
[2025-08-21 12:53:27,365][INFO] Iteration 39: Energy = -0.26520835
[2025-08-21 12:53:27,432][INFO] Iteration 40: Energy = -0.23738732
[2025-08-21 12:53:27,503][INFO] Iteration 41: Energy = -0.11960324
[2025-08-21 12:53:27,582][INFO] Iteration 42: Energy = -0.31956373
[2025-08-21 12:53:27,656][INFO] Iteration 43: Energy = -0.16940079
[2025-08-21 12:53:27,726][INFO] Iteration 44: Energy = -0.13510399
[2025-08-21 12:53:27,729][INFO] Completed VQE run 0: Energy = -0.274233
