[2025-08-05 12:00:41,543][INFO] Starting VQE run 89 (seed=99682049)
[2025-08-05 12:00:41,837][INFO] Adding RY(0.0, wires=[6]) had small change in overlap from 0.0 to 0.0
[2025-08-05 12:00:42,207][INFO] Adding CRY(0.0, wires=[6, 5])) had small change in overlap from 0.0 to 0.0
[2025-08-05 12:00:42,813][INFO] Adding RY(0.0, wires=[4]) had small change in overlap from 0.0 to 0.0
[2025-08-05 12:00:43,726][INFO] Adding RY(0.0, wires=[5]) had small change in overlap from 0.0 to 0.0
[2025-08-05 12:00:44,849][INFO] Adding RY(0.0, wires=[3]) had small change in overlap from 0.0 to 0.0
[2025-08-05 12:00:46,836][INFO] Adding CRY(0.0, wires=[6, 4])) had small change in overlap from 0.0 to 0.0
[2025-08-05 12:00:49,614][INFO] Adding CRY(0.0, wires=[6, 3])) had small change in overlap from 0.0 to 0.0
[2025-08-05 12:00:53,520][INFO] Adding CRY(0.0, wires=[5, 4])) had small change in overlap from 0.0 to 0.0
[2025-08-05 12:01:00,013][INFO] Adding RY(0.0, wires=[5]) had small change in overlap from 0.0 to 0.0
[2025-08-05 12:01:07,195][INFO] Adding RY(0.0, wires=[3]) had small change in overlap from 0.0 to 0.0
[2025-08-05 12:01:18,439][INFO] Adding RY(0.0, wires=[4]) had small change in overlap from 0.0 to 0.0
[2025-08-05 12:01:27,627][INFO] Adding CRY(0.0, wires=[5, 6])) had small change in overlap from 0.0 to 0.0
[2025-08-05 12:01:43,265][INFO] Adding RY(0.0, wires=[5]) had small change in overlap from 0.0 to 0.0
[2025-08-05 12:01:58,033][INFO] Adding CRY(0.0, wires=[5, 3])) had small change in overlap from 0.0 to 0.0
[2025-08-05 12:02:20,406][INFO] Adding CRY(0.0, wires=[6, 2])) had small change in overlap from 0.0 to 0.0
[2025-08-05 12:02:48,839][INFO] Adding RY(0.0, wires=[2]) had small change in overlap from 0.0 to 0.0
[2025-08-05 12:03:09,121][INFO] Adding CRY(0.0, wires=[4, 5])) had small change in overlap from 0.0 to 0.0
[2025-08-05 12:03:39,060][INFO] Adding CRY(0.0, wires=[4, 3])) had small change in overlap from 0.0 to 0.0
[2025-08-05 12:04:08,235][INFO] Adding RY(0.0, wires=[5]) had small change in overlap from 0.0 to 0.0
[2025-08-05 12:04:40,924][INFO] Adding CRY(0.0, wires=[3, 4])) had small change in overlap from 0.0 to 0.0
[2025-08-05 12:05:29,479][INFO] Adding RY(0.0, wires=[3]) had small change in overlap from 0.0 to 0.0
[2025-08-05 12:06:08,115][INFO] Adding CRY(0.0, wires=[5, 2])) had small change in overlap from 0.0 to 0.0
[2025-08-05 12:06:46,971][INFO] Adding RY(0.0, wires=[2]) had small change in overlap from 0.0 to 0.0
[2025-08-05 12:07:30,534][INFO] Adding CRY(0.0, wires=[4, 6])) had small change in overlap from 0.0 to 0.0
[2025-08-05 12:08:52,646][INFO] Adding CRY(0.0, wires=[3, 6])) had small change in overlap from 0.0 to 0.0
[2025-08-05 12:10:16,432][INFO] Adding RY(0.0, wires=[3]) had small change in overlap from 0.0 to 0.0
[2025-08-05 12:10:58,226][INFO] Adding RY(0.0, wires=[4]) had small change in overlap from 0.0 to 0.0
[2025-08-05 12:12:00,246][INFO] Adding RY(0.0, wires=[6]) had small change in overlap from 0.0 to 0.0
[2025-08-05 12:12:45,572][INFO] Adding CRY(0.0, wires=[4, 2])) had small change in overlap from 0.0 to 0.0
[2025-08-05 12:13:41,814][INFO] Adding RY(0.0, wires=[5]) had small change in overlap from 0.0 to 0.0
[2025-08-05 12:13:41,814][INFO] Completed VQE run 29
[2025-08-05 12:13:41,814][INFO] Final ops list: [{'name': 'RY', 'param': 0.3263758197901967, 'wires': [6]}, {'name': 'CRY', 'param': 2.3814778308368907, 'wires': [6, 5]}, {'name': 'RY', 'param': 6.041597621640404, 'wires': [4]}, {'name': 'RY', 'param': 0.05283014608873024, 'wires': [5]}, {'name': 'RY', 'param': 0.07384874952896353, 'wires': [3]}, {'name': 'CRY', 'param': 4.018292643967115, 'wires': [6, 4]}, {'name': 'CRY', 'param': 0.0, 'wires': [6, 3]}, {'name': 'CRY', 'param': 2.099521459706168, 'wires': [5, 4]}, {'name': 'RY', 'param': 0.0, 'wires': [5]}, {'name': 'RY', 'param': 0.08101940625783845, 'wires': [3]}, {'name': 'RY', 'param': 6.041580470248028, 'wires': [4]}, {'name': 'CRY', 'param': 5.760608528823988, 'wires': [5, 6]}, {'name': 'RY', 'param': 6.257603126253165, 'wires': [5]}, {'name': 'CRY', 'param': 0.04447117869942495, 'wires': [5, 3]}, {'name': 'CRY', 'param': 6.283185307179586, 'wires': [6, 2]}, {'name': 'RY', 'param': 6.28309299972094, 'wires': [2]}, {'name': 'CRY', 'param': 5.943196757105911, 'wires': [4, 5]}, {'name': 'CRY', 'param': 0.0, 'wires': [4, 3]}, {'name': 'RY', 'param': 6.242744670265311, 'wires': [5]}, {'name': 'CRY', 'param': 0.006265916214334879, 'wires': [3, 4]}, {'name': 'RY', 'param': 6.1491211498370415, 'wires': [3]}, {'name': 'CRY', 'param': 6.283185307179586, 'wires': [5, 2]}, {'name': 'RY', 'param': 6.2830983628451085, 'wires': [2]}, {'name': 'CRY', 'param': 5.639909996140272, 'wires': [4, 6]}, {'name': 'CRY', 'param': 4.810090353422912, 'wires': [3, 6]}, {'name': 'RY', 'param': 0.014926295195350065, 'wires': [3]}, {'name': 'RY', 'param': 0.6511075639762491, 'wires': [4]}, {'name': 'RY', 'param': 5.034697331424204, 'wires': [6]}, {'name': 'CRY', 'param': 6.282909618778148, 'wires': [4, 2]}, {'name': 'RY', 'param': 0.08778725006715021, 'wires': [5]}]
[2025-08-05 12:13:41,814][INFO] Energy: 0.8920160376949389
