[2025-08-05 12:00:41,383][INFO] Starting VQE run 0 (seed=8207296)
[2025-08-05 12:00:41,740][INFO] Adding RY(0.0, wires=[6]) had small change in overlap from 0.0 to 0.0
[2025-08-05 12:00:42,179][INFO] Adding CRY(0.0, wires=[6, 5])) had small change in overlap from 0.0 to 0.0
[2025-08-05 12:00:42,874][INFO] Adding RY(0.0, wires=[4]) had small change in overlap from 0.0 to 0.0
[2025-08-05 12:00:44,003][INFO] Adding RY(0.0, wires=[5]) had small change in overlap from 0.0 to 0.0
[2025-08-05 12:00:45,741][INFO] Adding RY(0.0, wires=[3]) had small change in overlap from 0.0 to 0.0
[2025-08-05 12:00:49,139][INFO] Adding CRY(0.0, wires=[6, 4])) had small change in overlap from 0.0 to 0.0
[2025-08-05 12:00:52,334][INFO] Adding RY(0.0, wires=[4]) had small change in overlap from 0.0 to 0.0
[2025-08-05 12:00:56,728][INFO] Adding CRY(0.0, wires=[5, 4])) had small change in overlap from 0.0 to 0.0
[2025-08-05 12:01:01,229][INFO] Adding CRY(0.0, wires=[4, 6])) had small change in overlap from 0.0 to 0.0
[2025-08-05 12:01:10,256][INFO] Adding CRY(0.0, wires=[6, 3])) had small change in overlap from 0.0 to 0.0
[2025-08-05 12:01:18,191][INFO] Adding RY(0.0, wires=[3]) had small change in overlap from 0.0 to 0.0
[2025-08-05 12:01:30,109][INFO] Adding RY(0.0, wires=[5]) had small change in overlap from 0.0 to 0.0
[2025-08-05 12:01:42,325][INFO] Adding CRY(0.0, wires=[4, 5])) had small change in overlap from 0.0 to 0.0
[2025-08-05 12:02:04,387][INFO] Adding CRY(0.0, wires=[5, 3])) had small change in overlap from 0.0 to 0.0
[2025-08-05 12:02:30,054][INFO] Adding RY(0.0, wires=[2]) had small change in overlap from 0.0 to 0.0
[2025-08-05 12:02:47,429][INFO] Adding CRY(0.0, wires=[5, 6])) had small change in overlap from 0.0 to 0.0
[2025-08-05 12:03:14,585][INFO] Adding RY(0.0, wires=[5]) had small change in overlap from 0.0 to 0.0
[2025-08-05 12:03:36,079][INFO] Adding CRY(0.0, wires=[4, 3])) had small change in overlap from 0.0 to 0.0
[2025-08-05 12:04:15,188][INFO] Adding CRY(0.0, wires=[6, 2])) had small change in overlap from 0.0 to 0.0
[2025-08-05 12:04:46,413][INFO] Adding CRY(0.0, wires=[3, 6])) had small change in overlap from 0.0 to 0.0
[2025-08-05 12:05:21,390][INFO] Adding CRY(0.0, wires=[3, 5])) had small change in overlap from 0.0 to 0.0
[2025-08-05 12:05:21,390][INFO] gradient converged
[2025-08-05 12:05:21,390][INFO] Completed VQE run 20
[2025-08-05 12:05:21,390][INFO] Final ops list: [{'name': 'RY', 'param': 3.8447953403539605, 'wires': [6]}, {'name': 'CRY', 'param': 0.0, 'wires': [6, 5]}, {'name': 'RY', 'param': 4.441770790217684, 'wires': [4]}, {'name': 'RY', 'param': 6.2658245125131105, 'wires': [5]}, {'name': 'RY', 'param': 4.17652370565452, 'wires': [3]}, {'name': 'CRY', 'param': 0.0, 'wires': [6, 4]}, {'name': 'RY', 'param': 1.9920310461732382, 'wires': [4]}, {'name': 'CRY', 'param': 2.807344371160987, 'wires': [5, 4]}, {'name': 'CRY', 'param': 6.283185307179586, 'wires': [4, 6]}, {'name': 'CRY', 'param': 0.018890817921893496, 'wires': [6, 3]}, {'name': 'RY', 'param': 2.105323625565461, 'wires': [3]}, {'name': 'RY', 'param': 2.731157463704558, 'wires': [5]}, {'name': 'CRY', 'param': 6.0262277448361345, 'wires': [4, 5]}, {'name': 'CRY', 'param': 0.0, 'wires': [5, 3]}, {'name': 'RY', 'param': 0.0, 'wires': [2]}, {'name': 'CRY', 'param': 1.2726872333783448, 'wires': [5, 6]}, {'name': 'RY', 'param': 3.634910286946432, 'wires': [5]}, {'name': 'CRY', 'param': 6.283185307179586, 'wires': [4, 3]}, {'name': 'CRY', 'param': 0.0, 'wires': [6, 2]}, {'name': 'CRY', 'param': 2.784170862811411, 'wires': [3, 6]}]
[2025-08-05 12:05:21,390][INFO] Energy: 0.9100367490046477
