[2025-08-05 12:00:41,457][INFO] Starting VQE run 60 (seed=86521528)
[2025-08-05 12:00:41,744][INFO] Adding RY(0.0, wires=[6]) had small change in overlap from 0.0 to 0.0
[2025-08-05 12:00:42,072][INFO] Adding CRY(0.0, wires=[6, 5])) had small change in overlap from 0.0 to 0.0
[2025-08-05 12:00:42,819][INFO] Adding RY(0.0, wires=[4]) had small change in overlap from 0.0 to 0.0
[2025-08-05 12:00:43,748][INFO] Adding RY(0.0, wires=[5]) had small change in overlap from 0.0 to 0.0
[2025-08-05 12:00:45,162][INFO] Adding RY(0.0, wires=[3]) had small change in overlap from 0.0 to 0.0
[2025-08-05 12:00:47,043][INFO] Adding CRY(0.0, wires=[6, 4])) had small change in overlap from 0.0 to 0.0
[2025-08-05 12:00:49,237][INFO] Adding CRY(0.0, wires=[5, 6])) had small change in overlap from 0.0 to 0.0
[2025-08-05 12:00:52,442][INFO] Adding CRY(0.0, wires=[5, 4])) had small change in overlap from 0.0 to 0.0
[2025-08-05 12:00:58,978][INFO] Adding CRY(0.0, wires=[6, 3])) had small change in overlap from 0.0 to 0.0
[2025-08-05 12:01:08,014][INFO] Adding RY(0.0, wires=[3]) had small change in overlap from 0.0 to 0.0
[2025-08-05 12:01:17,369][INFO] Adding RY(0.0, wires=[4]) had small change in overlap from 0.0 to 0.0
[2025-08-05 12:01:23,702][INFO] Adding CRY(0.0, wires=[4, 6])) had small change in overlap from 0.0 to 0.0
[2025-08-05 12:01:34,060][INFO] Adding CRY(0.0, wires=[4, 5])) had small change in overlap from 0.0 to 0.0
[2025-08-05 12:01:55,619][INFO] Adding RY(0.0, wires=[4]) had small change in overlap from 0.0 to 0.0
[2025-08-05 12:02:16,835][INFO] Adding CRY(0.0, wires=[5, 3])) had small change in overlap from 0.0 to 0.0
[2025-08-05 12:02:41,923][INFO] Adding RY(0.0, wires=[2]) had small change in overlap from 0.0 to 0.0
[2025-08-05 12:03:09,941][INFO] Adding CRY(0.0, wires=[4, 3])) had small change in overlap from 0.0 to 0.0
[2025-08-05 12:03:09,941][INFO] gradient converged
[2025-08-05 12:03:09,941][INFO] Completed VQE run 16
[2025-08-05 12:03:09,942][INFO] Final ops list: [{'name': 'RY', 'param': 5.0149464531594745, 'wires': [6]}, {'name': 'CRY', 'param': 0.00038152833019169545, 'wires': [6, 5]}, {'name': 'RY', 'param': 5.404263740307988, 'wires': [4]}, {'name': 'RY', 'param': 5.9534469667134005, 'wires': [5]}, {'name': 'RY', 'param': 0.7392475958381107, 'wires': [3]}, {'name': 'CRY', 'param': 0.04115304245561057, 'wires': [6, 4]}, {'name': 'CRY', 'param': 2.36819425011001, 'wires': [5, 6]}, {'name': 'CRY', 'param': 0.08547537669934613, 'wires': [5, 4]}, {'name': 'CRY', 'param': 0.0, 'wires': [6, 3]}, {'name': 'RY', 'param': 5.54089971112603, 'wires': [3]}, {'name': 'RY', 'param': 0.66860850990752, 'wires': [4]}, {'name': 'CRY', 'param': 0.5336931196596123, 'wires': [4, 6]}, {'name': 'CRY', 'param': 0.47010177205418263, 'wires': [4, 5]}, {'name': 'RY', 'param': 0.02195304657431142, 'wires': [4]}, {'name': 'CRY', 'param': 6.283185307179586, 'wires': [5, 3]}, {'name': 'RY', 'param': 1.7878665203355768e-06, 'wires': [2]}]
[2025-08-05 12:03:09,942][INFO] Energy: 0.8939125035894341
