[2025-08-05 12:00:41,410][INFO] Starting VQE run 25 (seed=40838226)
[2025-08-05 12:00:41,755][INFO] Adding RY(0.0, wires=[6]) had small change in overlap from 0.0 to 0.0
[2025-08-05 12:00:42,290][INFO] Adding CRY(0.0, wires=[6, 5])) had small change in overlap from 0.0 to 0.0
[2025-08-05 12:00:42,934][INFO] Adding RY(0.0, wires=[4]) had small change in overlap from 0.0 to 0.0
[2025-08-05 12:00:43,784][INFO] Adding RY(0.0, wires=[5]) had small change in overlap from 0.0 to 0.0
[2025-08-05 12:00:45,386][INFO] Adding RY(0.0, wires=[3]) had small change in overlap from 0.0 to 0.0
[2025-08-05 12:00:50,449][INFO] Adding CRY(0.0, wires=[6, 4])) had small change in overlap from 0.0 to 0.0
[2025-08-05 12:00:53,976][INFO] Adding RY(0.0, wires=[4]) had small change in overlap from 0.0 to 0.0
[2025-08-05 12:00:56,789][INFO] Adding CRY(0.0, wires=[4, 6])) had small change in overlap from 0.0 to 0.0
[2025-08-05 12:01:02,685][INFO] Adding CRY(0.0, wires=[6, 3])) had small change in overlap from 0.0 to 0.0
[2025-08-05 12:01:09,709][INFO] Adding CRY(0.0, wires=[4, 5])) had small change in overlap from 0.0 to 0.0
[2025-08-05 12:01:17,248][INFO] Adding RY(0.0, wires=[5]) had small change in overlap from 0.0 to 0.0
[2025-08-05 12:01:26,528][INFO] Adding RY(0.0, wires=[4]) had small change in overlap from 0.0 to 0.0
[2025-08-05 12:01:48,576][INFO] Adding CRY(0.0, wires=[5, 3])) had small change in overlap from 0.0 to 0.0
[2025-08-05 12:02:00,853][INFO] Adding RY(0.0, wires=[2]) had small change in overlap from 0.0 to 0.0
[2025-08-05 12:02:15,881][INFO] Adding CRY(0.0, wires=[4, 3])) had small change in overlap from 0.0 to 0.0
[2025-08-05 12:02:40,756][INFO] Adding CRY(0.0, wires=[6, 2])) had small change in overlap from 0.0 to 0.0
[2025-08-05 12:03:07,050][INFO] Adding RY(0.0, wires=[3]) had small change in overlap from 0.0 to 0.0
[2025-08-05 12:03:33,506][INFO] Adding RY(0.0, wires=[6]) had small change in overlap from 0.0 to 0.0
[2025-08-05 12:04:04,326][INFO] Adding CRY(0.0, wires=[3, 6])) had small change in overlap from 0.0 to 0.0
[2025-08-05 12:04:31,236][INFO] Adding CRY(0.0, wires=[5, 2])) had small change in overlap from 0.0 to 0.0
[2025-08-05 12:05:06,779][INFO] Adding RY(0.0, wires=[3]) had small change in overlap from 0.0 to 0.0
[2025-08-05 12:05:32,175][INFO] Adding RY(0.0, wires=[2]) had small change in overlap from 0.0 to 0.0
[2025-08-05 12:05:57,984][INFO] Adding RY(0.0, wires=[5]) had small change in overlap from 0.0 to 0.0
[2025-08-05 12:06:47,774][INFO] Adding CRY(0.0, wires=[5, 4])) had small change in overlap from 0.0 to 0.0
[2025-08-05 12:07:33,679][INFO] Adding CRY(0.0, wires=[4, 2])) had small change in overlap from 0.0 to 0.0
[2025-08-05 12:08:40,083][INFO] Adding RY(0.0, wires=[5]) had small change in overlap from 0.0 to 0.0
[2025-08-05 12:09:36,633][INFO] Adding CRY(0.0, wires=[3, 5])) had small change in overlap from 0.0 to 0.0
[2025-08-05 12:10:28,133][INFO] Adding CRY(0.0, wires=[3, 4])) had small change in overlap from 0.0 to 0.0
[2025-08-05 12:11:11,371][INFO] Adding RY(0.0, wires=[3]) had small change in overlap from 0.0 to 0.0
[2025-08-05 12:12:34,840][INFO] Adding CRY(0.0, wires=[5, 6])) had small change in overlap from 0.0 to 0.0
[2025-08-05 12:12:34,841][INFO] Completed VQE run 29
[2025-08-05 12:12:34,841][INFO] Final ops list: [{'name': 'RY', 'param': 3.203781546177606, 'wires': [6]}, {'name': 'CRY', 'param': 4.70995052082242, 'wires': [6, 5]}, {'name': 'RY', 'param': 3.5324976770911003, 'wires': [4]}, {'name': 'RY', 'param': 2.3190015696048283, 'wires': [5]}, {'name': 'RY', 'param': 2.539133845616207, 'wires': [3]}, {'name': 'CRY', 'param': 4.454575085728573, 'wires': [6, 4]}, {'name': 'RY', 'param': 4.239761323161376, 'wires': [4]}, {'name': 'CRY', 'param': 0.6355359917901988, 'wires': [4, 6]}, {'name': 'CRY', 'param': 6.238627195374064, 'wires': [6, 3]}, {'name': 'CRY', 'param': 0.24500150132475118, 'wires': [4, 5]}, {'name': 'RY', 'param': 2.0105218437501633, 'wires': [5]}, {'name': 'RY', 'param': 1.1204895835102056, 'wires': [4]}, {'name': 'CRY', 'param': 0.0, 'wires': [5, 3]}, {'name': 'RY', 'param': 5.480814673469284, 'wires': [2]}, {'name': 'CRY', 'param': 6.196590753607067, 'wires': [4, 3]}, {'name': 'CRY', 'param': 0.0001482518623092197, 'wires': [6, 2]}, {'name': 'RY', 'param': 2.929620600954553, 'wires': [3]}, {'name': 'RY', 'param': 1.916011234629381, 'wires': [6]}, {'name': 'CRY', 'param': 0.03504626224532781, 'wires': [3, 6]}, {'name': 'CRY', 'param': 6.282875780742648, 'wires': [5, 2]}, {'name': 'RY', 'param': 3.8975255965232605, 'wires': [3]}, {'name': 'RY', 'param': 0.8025616318738557, 'wires': [2]}, {'name': 'RY', 'param': 5.7725080355229395, 'wires': [5]}, {'name': 'CRY', 'param': 1.201466062208137, 'wires': [5, 4]}, {'name': 'CRY', 'param': 8.652602319553334e-05, 'wires': [4, 2]}, {'name': 'RY', 'param': 3.4428806438743296, 'wires': [5]}, {'name': 'CRY', 'param': 0.16544534968813898, 'wires': [3, 5]}, {'name': 'CRY', 'param': 5.71781180728605, 'wires': [3, 4]}, {'name': 'RY', 'param': 3.018664573863703, 'wires': [3]}, {'name': 'CRY', 'param': 2.295060146035114, 'wires': [5, 6]}]
[2025-08-05 12:12:34,841][INFO] Energy: 0.8918204645056311
