[2025-08-05 12:00:41,486][INFO] Starting VQE run 79 (seed=86629677)
[2025-08-05 12:00:41,804][INFO] Adding RY(0.0, wires=[6]) had small change in overlap from 0.0 to 0.0
[2025-08-05 12:00:42,601][INFO] Adding CRY(0.0, wires=[6, 5])) had small change in overlap from 0.0 to 0.0
[2025-08-05 12:00:43,216][INFO] Adding RY(0.0, wires=[4]) had small change in overlap from 0.0 to 0.0
[2025-08-05 12:00:44,531][INFO] Adding RY(0.0, wires=[5]) had small change in overlap from 0.0 to 0.0
[2025-08-05 12:00:45,467][INFO] Adding RY(0.0, wires=[3]) had small change in overlap from 0.0 to 0.0
[2025-08-05 12:00:46,808][INFO] Adding CRY(0.0, wires=[6, 4])) had small change in overlap from 0.0 to 0.0
[2025-08-05 12:00:49,762][INFO] Adding CRY(0.0, wires=[6, 3])) had small change in overlap from 0.0 to 0.0
[2025-08-05 12:00:52,317][INFO] Adding RY(0.0, wires=[3]) had small change in overlap from 0.0 to 0.0
[2025-08-05 12:00:57,016][INFO] Adding RY(0.0, wires=[4]) had small change in overlap from 0.0 to 0.0
[2025-08-05 12:01:07,455][INFO] Adding CRY(0.0, wires=[5, 4])) had small change in overlap from 0.0 to 0.0
[2025-08-05 12:01:14,101][INFO] Adding CRY(0.0, wires=[4, 6])) had small change in overlap from 0.0 to 0.0
[2025-08-05 12:01:33,774][INFO] Adding CRY(0.0, wires=[5, 3])) had small change in overlap from 0.0 to 0.0
[2025-08-05 12:01:48,646][INFO] Adding RY(0.0, wires=[4]) had small change in overlap from 0.0 to 0.0
[2025-08-05 12:02:05,243][INFO] Adding CRY(0.0, wires=[6, 2])) had small change in overlap from 0.0 to 0.0
[2025-08-05 12:02:32,050][INFO] Adding RY(0.0, wires=[2]) had small change in overlap from 0.0 to 0.0
[2025-08-05 12:02:58,165][INFO] Adding CRY(0.0, wires=[4, 5])) had small change in overlap from 0.0 to 0.0
[2025-08-05 12:03:28,417][INFO] Adding CRY(0.0, wires=[4, 3])) had small change in overlap from 0.0 to 0.0
[2025-08-05 12:04:13,069][INFO] Adding RY(0.0, wires=[5]) had small change in overlap from 0.0 to 0.0
[2025-08-05 12:04:45,247][INFO] Adding CRY(0.0, wires=[5, 2])) had small change in overlap from 0.0 to 0.0
[2025-08-05 12:05:23,569][INFO] Adding CRY(0.0, wires=[4, 2])) had small change in overlap from 0.0 to 0.0
[2025-08-05 12:05:56,824][INFO] Adding CRY(0.0, wires=[3, 4])) had small change in overlap from 0.0 to 0.0
[2025-08-05 12:06:54,636][INFO] Adding RY(0.0, wires=[3]) had small change in overlap from 0.0 to 0.0
[2025-08-05 12:07:43,185][INFO] Adding RY(0.0, wires=[5]) had small change in overlap from 0.0 to 0.0
[2025-08-05 12:08:35,320][INFO] Adding CRY(0.0, wires=[5, 6])) had small change in overlap from 0.0 to 0.0
[2025-08-05 12:09:23,976][INFO] Adding RY(0.0, wires=[2]) had small change in overlap from 0.0 to 0.0
[2025-08-05 12:10:25,040][INFO] Adding RY(0.0, wires=[5]) had small change in overlap from 0.0 to 0.0
[2025-08-05 12:11:50,503][INFO] Adding RY(0.0, wires=[1]) had small change in overlap from 0.0 to 0.0
[2025-08-05 12:12:29,145][INFO] Adding RY(0.0, wires=[4]) had small change in overlap from 0.0 to 0.0
[2025-08-05 12:13:46,849][INFO] Adding RY(0.0, wires=[6]) had small change in overlap from 0.0 to 0.0
[2025-08-05 12:14:28,614][INFO] Adding CRY(0.0, wires=[3, 6])) had small change in overlap from 0.0 to 0.0
[2025-08-05 12:14:28,614][INFO] Completed VQE run 29
[2025-08-05 12:14:28,614][INFO] Final ops list: [{'name': 'RY', 'param': 2.258692889391362, 'wires': [6]}, {'name': 'CRY', 'param': 0.307351059122655, 'wires': [6, 5]}, {'name': 'RY', 'param': 0.0010310533567188026, 'wires': [4]}, {'name': 'RY', 'param': 6.153012719559573, 'wires': [5]}, {'name': 'RY', 'param': 6.283185307179586, 'wires': [3]}, {'name': 'CRY', 'param': 6.097418639427452, 'wires': [6, 4]}, {'name': 'CRY', 'param': 6.283185307179586, 'wires': [6, 3]}, {'name': 'RY', 'param': 6.283185307179586, 'wires': [3]}, {'name': 'RY', 'param': 0.0010331407285368366, 'wires': [4]}, {'name': 'CRY', 'param': 5.713919878706782, 'wires': [5, 4]}, {'name': 'CRY', 'param': 0.06618947280416425, 'wires': [4, 6]}, {'name': 'CRY', 'param': 0.0, 'wires': [5, 3]}, {'name': 'RY', 'param': 0.0006636407633829687, 'wires': [4]}, {'name': 'CRY', 'param': 0.0, 'wires': [6, 2]}, {'name': 'RY', 'param': 0.0, 'wires': [2]}, {'name': 'CRY', 'param': 0.004167118569055155, 'wires': [4, 5]}, {'name': 'CRY', 'param': 0.0019185688931480124, 'wires': [4, 3]}, {'name': 'RY', 'param': 0.7873762417679897, 'wires': [5]}, {'name': 'CRY', 'param': 3.2655903996641426e-06, 'wires': [5, 2]}, {'name': 'CRY', 'param': 2.5378822163335207e-06, 'wires': [4, 2]}, {'name': 'CRY', 'param': 0.7514975577123587, 'wires': [3, 4]}, {'name': 'RY', 'param': 6.283185307179586, 'wires': [3]}, {'name': 'RY', 'param': 0.8972111999569701, 'wires': [5]}, {'name': 'CRY', 'param': 0.8341669148385497, 'wires': [5, 6]}, {'name': 'RY', 'param': 0.0, 'wires': [2]}, {'name': 'RY', 'param': 4.839819566570551, 'wires': [5]}, {'name': 'RY', 'param': 0.0, 'wires': [1]}, {'name': 'RY', 'param': 0.0012456374962036484, 'wires': [4]}, {'name': 'RY', 'param': 2.3556269442965507, 'wires': [6]}, {'name': 'CRY', 'param': 5.464010361260462, 'wires': [3, 6]}]
[2025-08-05 12:14:28,614][INFO] Energy: 0.8939825649698427
