[2025-08-05 12:00:41,390][INFO] Starting VQE run 12 (seed=73252858)
[2025-08-05 12:00:41,721][INFO] Adding RY(0.0, wires=[6]) had small change in overlap from 0.0 to 0.0
[2025-08-05 12:00:42,163][INFO] Adding CRY(0.0, wires=[6, 5])) had small change in overlap from 0.0 to 0.0
[2025-08-05 12:00:43,017][INFO] Adding RY(0.0, wires=[4]) had small change in overlap from 0.0 to 0.0
[2025-08-05 12:00:44,236][INFO] Adding CRY(0.0, wires=[6, 4])) had small change in overlap from 0.0 to 0.0
[2025-08-05 12:00:45,779][INFO] Adding RY(0.0, wires=[5]) had small change in overlap from 0.0 to 0.0
[2025-08-05 12:00:49,198][INFO] Adding RY(0.0, wires=[3]) had small change in overlap from 0.0 to 0.0
[2025-08-05 12:00:53,112][INFO] Adding CRY(0.0, wires=[4, 6])) had small change in overlap from 0.0 to 0.0
[2025-08-05 12:00:56,619][INFO] Adding CRY(0.0, wires=[6, 3])) had small change in overlap from 0.0 to 0.0
[2025-08-05 12:01:05,252][INFO] Adding RY(0.0, wires=[3]) had small change in overlap from 0.0 to 0.0
[2025-08-05 12:01:10,912][INFO] Adding RY(0.0, wires=[4]) had small change in overlap from 0.0 to 0.0
[2025-08-05 12:01:19,122][INFO] Adding CRY(0.0, wires=[5, 3])) had small change in overlap from 0.0 to 0.0
[2025-08-05 12:01:38,264][INFO] Adding RY(0.0, wires=[5]) had small change in overlap from 0.0 to 0.0
[2025-08-05 12:01:57,322][INFO] Adding CRY(0.0, wires=[4, 3])) had small change in overlap from 0.0 to 0.0
[2025-08-05 12:02:12,735][INFO] Adding CRY(0.0, wires=[5, 4])) had small change in overlap from 0.0 to 0.0
[2025-08-05 12:02:47,750][INFO] Adding RY(0.0, wires=[6]) had small change in overlap from 0.0 to 0.0
[2025-08-05 12:03:33,427][INFO] Adding RY(0.0, wires=[2]) had small change in overlap from 0.0 to 0.0
[2025-08-05 12:04:10,970][INFO] Adding CRY(0.0, wires=[6, 2])) had small change in overlap from 0.0 to 0.0
[2025-08-05 12:04:53,945][INFO] Adding CRY(0.0, wires=[5, 2])) had small change in overlap from 0.0 to 0.0
[2025-08-05 12:05:29,490][INFO] Adding RY(0.0, wires=[2]) had small change in overlap from 0.0 to 0.0
[2025-08-05 12:06:09,018][INFO] Adding CRY(0.0, wires=[3, 6])) had small change in overlap from 0.0 to 0.0
[2025-08-05 12:06:58,983][INFO] Adding RY(0.0, wires=[3]) had small change in overlap from 0.0 to 0.0
[2025-08-05 12:07:42,279][INFO] Adding CRY(0.0, wires=[4, 5])) had small change in overlap from 0.0 to 0.0
[2025-08-05 12:08:30,264][INFO] Adding CRY(0.0, wires=[4, 2])) had small change in overlap from 0.0 to 0.0
[2025-08-05 12:09:31,563][INFO] Adding RY(0.0, wires=[4]) had small change in overlap from 0.0 to 0.0
[2025-08-05 12:10:54,423][INFO] Adding CRY(0.0, wires=[5, 6])) had small change in overlap from 0.0 to 0.0
[2025-08-05 12:11:34,377][INFO] Adding RY(0.0, wires=[5]) had small change in overlap from 0.0 to 0.0
[2025-08-05 12:12:21,475][INFO] Adding RY(0.0, wires=[2]) had small change in overlap from 0.0 to 0.0
[2025-08-05 12:13:14,556][INFO] Adding CRY(0.0, wires=[3, 4])) had small change in overlap from 0.0 to 0.0
[2025-08-05 12:14:13,429][INFO] Adding RY(0.0, wires=[3]) had small change in overlap from 0.0 to 0.0
[2025-08-05 12:15:37,197][INFO] Adding CRY(0.0, wires=[3, 5])) had small change in overlap from 0.0 to 0.0
[2025-08-05 12:15:37,197][INFO] Completed VQE run 29
[2025-08-05 12:15:37,198][INFO] Final ops list: [{'name': 'RY', 'param': 3.254889255046583, 'wires': [6]}, {'name': 'CRY', 'param': 2.702261281499997, 'wires': [6, 5]}, {'name': 'RY', 'param': 3.681188117303414, 'wires': [4]}, {'name': 'CRY', 'param': 2.217828261887086, 'wires': [6, 4]}, {'name': 'RY', 'param': 2.444520803342942, 'wires': [5]}, {'name': 'RY', 'param': 0.12253577993790588, 'wires': [3]}, {'name': 'CRY', 'param': 5.2651212399113305, 'wires': [4, 6]}, {'name': 'CRY', 'param': 0.1160622045843324, 'wires': [6, 3]}, {'name': 'RY', 'param': 2.8414889826575234, 'wires': [3]}, {'name': 'RY', 'param': 2.695559351425066, 'wires': [4]}, {'name': 'CRY', 'param': 6.269375838880544, 'wires': [5, 3]}, {'name': 'RY', 'param': 4.2628770976155135, 'wires': [5]}, {'name': 'CRY', 'param': 0.009774583010132903, 'wires': [4, 3]}, {'name': 'CRY', 'param': 4.471145033346084, 'wires': [5, 4]}, {'name': 'RY', 'param': 0.3607991917130849, 'wires': [6]}, {'name': 'RY', 'param': 1.1237506768790861, 'wires': [2]}, {'name': 'CRY', 'param': 6.2777657519673165, 'wires': [6, 2]}, {'name': 'CRY', 'param': 0.0, 'wires': [5, 2]}, {'name': 'RY', 'param': 4.59310258075108, 'wires': [2]}, {'name': 'CRY', 'param': 0.6691580043065116, 'wires': [3, 6]}, {'name': 'RY', 'param': 5.860078180250893, 'wires': [3]}, {'name': 'CRY', 'param': 2.380882473644331, 'wires': [4, 5]}, {'name': 'CRY', 'param': 6.283185307179586, 'wires': [4, 2]}, {'name': 'RY', 'param': 2.24278738367891, 'wires': [4]}, {'name': 'CRY', 'param': 1.5554570295002357, 'wires': [5, 6]}, {'name': 'RY', 'param': 3.3321535868620153, 'wires': [5]}, {'name': 'RY', 'param': 0.5718292080845565, 'wires': [2]}, {'name': 'CRY', 'param': 6.283185307179586, 'wires': [3, 4]}, {'name': 'RY', 'param': 2.6650156387543396, 'wires': [3]}, {'name': 'CRY', 'param': 6.283185307179586, 'wires': [3, 5]}]
[2025-08-05 12:15:37,198][INFO] Energy: 0.8916419750586542
