[2025-08-05 12:00:41,402][INFO] Starting VQE run 21 (seed=60308635)
[2025-08-05 12:00:41,721][INFO] Adding RY(0.0, wires=[6]) had small change in overlap from 0.0 to 0.0
[2025-08-05 12:00:42,048][INFO] Adding CRY(0.0, wires=[6, 5])) had small change in overlap from 0.0 to 0.0
[2025-08-05 12:00:42,660][INFO] Adding RY(0.0, wires=[4]) had small change in overlap from 0.0 to 0.0
[2025-08-05 12:00:43,837][INFO] Adding RY(0.0, wires=[5]) had small change in overlap from 0.0 to 0.0
[2025-08-05 12:00:45,847][INFO] Adding RY(0.0, wires=[3]) had small change in overlap from 0.0 to 0.0
[2025-08-05 12:00:48,183][INFO] Adding CRY(0.0, wires=[6, 4])) had small change in overlap from 0.0 to 0.0
[2025-08-05 12:00:50,643][INFO] Adding CRY(0.0, wires=[6, 3])) had small change in overlap from 0.0 to 0.0
[2025-08-05 12:00:56,031][INFO] Adding RY(0.0, wires=[4]) had small change in overlap from 0.0 to 0.0
[2025-08-05 12:01:00,412][INFO] Adding CRY(0.0, wires=[4, 6])) had small change in overlap from 0.0 to 0.0
[2025-08-05 12:01:07,702][INFO] Adding RY(0.0, wires=[4]) had small change in overlap from 0.0 to 0.0
[2025-08-05 12:01:24,610][INFO] Adding CRY(0.0, wires=[5, 4])) had small change in overlap from 0.0 to 0.0
[2025-08-05 12:01:44,077][INFO] Adding RY(0.0, wires=[5]) had small change in overlap from 0.0 to 0.0
[2025-08-05 12:02:02,875][INFO] Adding CRY(0.0, wires=[5, 3])) had small change in overlap from 0.0 to 0.0
[2025-08-05 12:02:30,373][INFO] Adding RY(0.0, wires=[2]) had small change in overlap from 0.0 to 0.0
[2025-08-05 12:03:02,099][INFO] Adding CRY(0.0, wires=[6, 2])) had small change in overlap from 0.0 to 0.0
[2025-08-05 12:03:40,288][INFO] Adding RY(0.0, wires=[2]) had small change in overlap from 0.0 to 0.0
[2025-08-05 12:04:10,870][INFO] Adding CRY(0.0, wires=[4, 3])) had small change in overlap from 0.0 to 0.0
[2025-08-05 12:04:39,570][INFO] Adding CRY(0.0, wires=[5, 2])) had small change in overlap from 0.0 to 0.0
[2025-08-05 12:05:08,668][INFO] Adding CRY(0.0, wires=[4, 5])) had small change in overlap from 0.0 to 0.0
[2025-08-05 12:05:08,668][INFO] gradient converged
[2025-08-05 12:05:08,668][INFO] Completed VQE run 18
[2025-08-05 12:05:08,668][INFO] Final ops list: [{'name': 'RY', 'param': 5.041646458894429, 'wires': [6]}, {'name': 'CRY', 'param': 0.5759212466587224, 'wires': [6, 5]}, {'name': 'RY', 'param': 2.2515706200226875, 'wires': [4]}, {'name': 'RY', 'param': 2.7566529581554806, 'wires': [5]}, {'name': 'RY', 'param': 0.0192624824104659, 'wires': [3]}, {'name': 'CRY', 'param': 0.08373953095988336, 'wires': [6, 4]}, {'name': 'CRY', 'param': 6.275166345677328, 'wires': [6, 3]}, {'name': 'RY', 'param': 5.352573640061372, 'wires': [4]}, {'name': 'CRY', 'param': 6.283185307179586, 'wires': [4, 6]}, {'name': 'RY', 'param': 1.4652771813465368, 'wires': [4]}, {'name': 'CRY', 'param': 6.283185307179586, 'wires': [5, 4]}, {'name': 'RY', 'param': 3.0671461915834235, 'wires': [5]}, {'name': 'CRY', 'param': 0.0, 'wires': [5, 3]}, {'name': 'RY', 'param': 3.5602028196016295, 'wires': [2]}, {'name': 'CRY', 'param': 6.283060464696174, 'wires': [6, 2]}, {'name': 'RY', 'param': 2.7232283838232596, 'wires': [2]}, {'name': 'CRY', 'param': 6.283185307179586, 'wires': [4, 3]}, {'name': 'CRY', 'param': 0.0, 'wires': [5, 2]}]
[2025-08-05 12:05:08,668][INFO] Energy: 0.9059947996559197
