[2025-08-05 12:00:41,444][INFO] Starting VQE run 52 (seed=2005557)
[2025-08-05 12:00:41,776][INFO] Adding RY(0.0, wires=[6]) had small change in overlap from 0.0 to 0.0
[2025-08-05 12:00:42,083][INFO] Adding CRY(0.0, wires=[6, 5])) had small change in overlap from 0.0 to 0.0
[2025-08-05 12:00:42,643][INFO] Adding RY(0.0, wires=[4]) had small change in overlap from 0.0 to 0.0
[2025-08-05 12:00:43,733][INFO] Adding RY(0.0, wires=[5]) had small change in overlap from 0.0 to 0.0
[2025-08-05 12:00:44,935][INFO] Adding RY(0.0, wires=[3]) had small change in overlap from 0.0 to 0.0
[2025-08-05 12:00:47,456][INFO] Adding CRY(0.0, wires=[6, 4])) had small change in overlap from 0.0 to 0.0
[2025-08-05 12:00:50,162][INFO] Adding CRY(0.0, wires=[5, 6])) had small change in overlap from 0.0 to 0.0
[2025-08-05 12:00:54,261][INFO] Adding CRY(0.0, wires=[6, 3])) had small change in overlap from 0.0 to 0.0
[2025-08-05 12:01:00,673][INFO] Adding CRY(0.0, wires=[5, 4])) had small change in overlap from 0.0 to 0.0
[2025-08-05 12:01:07,261][INFO] Adding RY(0.0, wires=[5]) had small change in overlap from 0.0 to 0.0
[2025-08-05 12:01:21,786][INFO] Adding CRY(0.0, wires=[4, 6])) had small change in overlap from 0.0 to 0.0
[2025-08-05 12:01:36,741][INFO] Adding RY(0.0, wires=[4]) had small change in overlap from 0.0 to 0.0
[2025-08-05 12:01:44,090][INFO] Adding RY(0.0, wires=[2]) had small change in overlap from 0.0 to 0.0
[2025-08-05 12:02:04,725][INFO] Adding RY(0.0, wires=[6]) had small change in overlap from 0.0 to 0.0
[2025-08-05 12:02:15,386][INFO] Adding CRY(0.0, wires=[5, 3])) had small change in overlap from 0.0 to 0.0
[2025-08-05 12:02:34,723][INFO] Adding CRY(0.0, wires=[4, 3])) had small change in overlap from 0.0 to 0.0
[2025-08-05 12:03:02,761][INFO] Adding CRY(0.0, wires=[6, 2])) had small change in overlap from 0.0 to 0.0
[2025-08-05 12:03:31,814][INFO] Adding CRY(0.0, wires=[3, 6])) had small change in overlap from 0.0 to 0.0
[2025-08-05 12:04:27,570][INFO] Adding RY(0.0, wires=[3]) had small change in overlap from 0.0 to 0.0
[2025-08-05 12:05:08,667][INFO] Adding RY(0.0, wires=[5]) had small change in overlap from 0.0 to 0.0
[2025-08-05 12:05:50,705][INFO] Adding CRY(0.0, wires=[5, 2])) had small change in overlap from 0.0 to 0.0
[2025-08-05 12:06:40,934][INFO] Adding CRY(0.0, wires=[4, 2])) had small change in overlap from 0.0 to 0.0
[2025-08-05 12:07:35,187][INFO] Adding CRY(0.0, wires=[3, 4])) had small change in overlap from 0.0 to 0.0
[2025-08-05 12:08:11,504][INFO] Adding CRY(0.0, wires=[6, 1])) had small change in overlap from 0.0 to 0.0
[2025-08-05 12:08:57,962][INFO] Adding RY(0.0, wires=[5]) had small change in overlap from 0.0 to 0.0
[2025-08-05 12:10:15,401][INFO] Adding RY(0.0, wires=[3]) had small change in overlap from 0.0 to 0.0
[2025-08-05 12:10:54,021][INFO] Adding RY(0.0, wires=[2]) had small change in overlap from 0.0 to 0.0
[2025-08-05 12:11:34,397][INFO] Adding RY(0.0, wires=[1]) had small change in overlap from 0.0 to 0.0
[2025-08-05 12:13:05,114][INFO] Adding RY(0.0, wires=[4]) had small change in overlap from 0.0 to 0.0
[2025-08-05 12:14:38,974][INFO] Adding CRY(0.0, wires=[4, 1])) had small change in overlap from 0.0 to 0.0
[2025-08-05 12:14:38,975][INFO] Completed VQE run 29
[2025-08-05 12:14:38,975][INFO] Final ops list: [{'name': 'RY', 'param': 3.1709150860076827, 'wires': [6]}, {'name': 'CRY', 'param': 2.059092962808581, 'wires': [6, 5]}, {'name': 'RY', 'param': 5.146582906092387, 'wires': [4]}, {'name': 'RY', 'param': 4.19037476706875, 'wires': [5]}, {'name': 'RY', 'param': 1.041662554338716, 'wires': [3]}, {'name': 'CRY', 'param': 1.1335264941874996, 'wires': [6, 4]}, {'name': 'CRY', 'param': 0.24419930402393764, 'wires': [5, 6]}, {'name': 'CRY', 'param': 2.6200648185833675, 'wires': [6, 3]}, {'name': 'CRY', 'param': 5.732229209862335, 'wires': [5, 4]}, {'name': 'RY', 'param': 3.1726622784776826, 'wires': [5]}, {'name': 'CRY', 'param': 2.7089727594384683, 'wires': [4, 6]}, {'name': 'RY', 'param': 0.12320313488605494, 'wires': [4]}, {'name': 'RY', 'param': 2.730954445455106, 'wires': [2]}, {'name': 'RY', 'param': 3.106161210554259, 'wires': [6]}, {'name': 'CRY', 'param': 5.816306137315818, 'wires': [5, 3]}, {'name': 'CRY', 'param': 5.571199404787281, 'wires': [4, 3]}, {'name': 'CRY', 'param': 5.7388334299796355, 'wires': [6, 2]}, {'name': 'CRY', 'param': 5.38372363688908, 'wires': [3, 6]}, {'name': 'RY', 'param': 6.192460211068452, 'wires': [3]}, {'name': 'RY', 'param': 5.002117180530584, 'wires': [5]}, {'name': 'CRY', 'param': 0.10841119207476613, 'wires': [5, 2]}, {'name': 'CRY', 'param': 6.164719486048922, 'wires': [4, 2]}, {'name': 'CRY', 'param': 5.211681572678899, 'wires': [3, 4]}, {'name': 'CRY', 'param': 0.013312566543288717, 'wires': [6, 1]}, {'name': 'RY', 'param': 4.401556914502164, 'wires': [5]}, {'name': 'RY', 'param': 3.0364741315839385, 'wires': [3]}, {'name': 'RY', 'param': 3.42491324695411, 'wires': [2]}, {'name': 'RY', 'param': 6.275791851773137, 'wires': [1]}, {'name': 'RY', 'param': 0.9401882694933907, 'wires': [4]}, {'name': 'CRY', 'param': 0.06539099375511626, 'wires': [4, 1]}]
[2025-08-05 12:14:38,975][INFO] Energy: 1.2631866636183522
