[2025-08-05 12:00:41,454][INFO] Starting VQE run 58 (seed=34528338)
[2025-08-05 12:00:41,799][INFO] Adding RY(0.0, wires=[6]) had small change in overlap from 0.0 to 0.0
[2025-08-05 12:00:42,261][INFO] Adding CRY(0.0, wires=[6, 5])) had small change in overlap from 0.0 to 0.0
[2025-08-05 12:00:42,979][INFO] Adding RY(0.0, wires=[4]) had small change in overlap from 0.0 to 0.0
[2025-08-05 12:00:43,793][INFO] Adding RY(0.0, wires=[5]) had small change in overlap from 0.0 to 0.0
[2025-08-05 12:00:45,091][INFO] Adding RY(0.0, wires=[3]) had small change in overlap from 0.0 to 0.0
[2025-08-05 12:00:46,816][INFO] Adding CRY(0.0, wires=[6, 4])) had small change in overlap from 0.0 to 0.0
[2025-08-05 12:00:52,325][INFO] Adding CRY(0.0, wires=[6, 3])) had small change in overlap from 0.0 to 0.0
[2025-08-05 12:00:56,317][INFO] Adding RY(0.0, wires=[4]) had small change in overlap from 0.0 to 0.0
[2025-08-05 12:01:01,942][INFO] Adding RY(0.0, wires=[3]) had small change in overlap from 0.0 to 0.0
[2025-08-05 12:01:08,196][INFO] Adding CRY(0.0, wires=[5, 4])) had small change in overlap from 0.0 to 0.0
[2025-08-05 12:01:23,798][INFO] Adding RY(0.0, wires=[5]) had small change in overlap from 0.0 to 0.0
[2025-08-05 12:01:33,885][INFO] Adding CRY(0.0, wires=[5, 3])) had small change in overlap from 0.0 to 0.0
[2025-08-05 12:01:54,116][INFO] Adding CRY(0.0, wires=[6, 2])) had small change in overlap from 0.0 to 0.0
[2025-08-05 12:02:06,855][INFO] Adding RY(0.0, wires=[6]) had small change in overlap from 0.0 to 0.0
[2025-08-05 12:02:22,841][INFO] Adding CRY(0.0, wires=[4, 6])) had small change in overlap from 0.0 to 0.0
[2025-08-05 12:02:49,615][INFO] Adding RY(0.0, wires=[2]) had small change in overlap from 0.0 to 0.0
[2025-08-05 12:03:17,850][INFO] Adding CRY(0.0, wires=[4, 5])) had small change in overlap from 0.0 to 0.0
[2025-08-05 12:03:45,380][INFO] Adding CRY(0.0, wires=[4, 3])) had small change in overlap from 0.0 to 0.0
[2025-08-05 12:04:24,677][INFO] Adding CRY(0.0, wires=[5, 2])) had small change in overlap from 0.0 to 0.0
[2025-08-05 12:04:59,474][INFO] Adding CRY(0.0, wires=[3, 6])) had small change in overlap from 0.0 to 0.0
[2025-08-05 12:05:44,616][INFO] Adding RY(0.0, wires=[3]) had small change in overlap from 0.0 to 0.0
[2025-08-05 12:06:37,387][INFO] Adding CRY(0.0, wires=[4, 2])) had small change in overlap from 0.0 to 0.0
[2025-08-05 12:07:20,574][INFO] Adding RY(0.0, wires=[2]) had small change in overlap from 0.0 to 0.0
[2025-08-05 12:08:05,014][INFO] Adding CRY(0.0, wires=[3, 4])) had small change in overlap from 0.0 to 0.0
[2025-08-05 12:08:51,273][INFO] Adding RY(0.0, wires=[3]) had small change in overlap from 0.0 to 0.0
[2025-08-05 12:10:15,613][INFO] Adding RY(0.0, wires=[5]) had small change in overlap from 0.0 to 0.0
[2025-08-05 12:11:23,306][INFO] Adding RY(0.0, wires=[6]) had small change in overlap from 0.0 to 0.0
[2025-08-05 12:12:20,177][INFO] Adding RY(0.0, wires=[4]) had small change in overlap from 0.0 to 0.0
[2025-08-05 12:13:19,526][INFO] Adding RY(0.0, wires=[1]) had small change in overlap from 0.0 to 0.0
[2025-08-05 12:14:01,632][INFO] Adding CRY(0.0, wires=[5, 6])) had small change in overlap from 0.0 to 0.0
[2025-08-05 12:14:01,633][INFO] Completed VQE run 29
[2025-08-05 12:14:01,633][INFO] Final ops list: [{'name': 'RY', 'param': 3.1410180950662947, 'wires': [6]}, {'name': 'CRY', 'param': 1.5338456890663161, 'wires': [6, 5]}, {'name': 'RY', 'param': 0.9694876806818566, 'wires': [4]}, {'name': 'RY', 'param': 4.710345628807508, 'wires': [5]}, {'name': 'RY', 'param': 3.1406132220440095, 'wires': [3]}, {'name': 'CRY', 'param': 2.2517530110259867, 'wires': [6, 4]}, {'name': 'CRY', 'param': 1.3028305735560424, 'wires': [6, 3]}, {'name': 'RY', 'param': 3.042565263392862, 'wires': [4]}, {'name': 'RY', 'param': 1.841842870726661, 'wires': [3]}, {'name': 'CRY', 'param': 6.283185307179586, 'wires': [5, 4]}, {'name': 'RY', 'param': 2.861558219664036, 'wires': [5]}, {'name': 'CRY', 'param': 6.277650533987438, 'wires': [5, 3]}, {'name': 'CRY', 'param': 3.2182589768371246, 'wires': [6, 2]}, {'name': 'RY', 'param': 5.879945274336703, 'wires': [6]}, {'name': 'CRY', 'param': 4.400181891271825, 'wires': [4, 6]}, {'name': 'RY', 'param': 3.443143070309195, 'wires': [2]}, {'name': 'CRY', 'param': 0.7537465100703294, 'wires': [4, 5]}, {'name': 'CRY', 'param': 0.0, 'wires': [4, 3]}, {'name': 'CRY', 'param': 0.0, 'wires': [5, 2]}, {'name': 'CRY', 'param': 4.692872262919039, 'wires': [3, 6]}, {'name': 'RY', 'param': 3.13730079472074, 'wires': [3]}, {'name': 'CRY', 'param': 6.2831852333178615, 'wires': [4, 2]}, {'name': 'RY', 'param': 5.904348412209537, 'wires': [2]}, {'name': 'CRY', 'param': 4.265689105908425, 'wires': [3, 4]}, {'name': 'RY', 'param': 3.128274655944043, 'wires': [3]}, {'name': 'RY', 'param': 3.048966319644592, 'wires': [5]}, {'name': 'RY', 'param': 2.5709155774438375, 'wires': [6]}, {'name': 'RY', 'param': 2.0165945838024477, 'wires': [4]}, {'name': 'RY', 'param': 6.283185307179586, 'wires': [1]}, {'name': 'CRY', 'param': 5.621405719286884, 'wires': [5, 6]}]
[2025-08-05 12:14:01,633][INFO] Energy: 1.068399359464506
