[2025-08-05 12:00:41,415][INFO] Starting VQE run 27 (seed=92831416)
[2025-08-05 12:00:41,734][INFO] Adding RY(0.0, wires=[6]) had small change in overlap from 0.0 to 0.0
[2025-08-05 12:00:42,244][INFO] Adding CRY(0.0, wires=[6, 5])) had small change in overlap from 0.0 to 0.0
[2025-08-05 12:00:42,963][INFO] Adding RY(0.0, wires=[4]) had small change in overlap from 0.0 to 0.0
[2025-08-05 12:00:44,632][INFO] Adding RY(0.0, wires=[5]) had small change in overlap from 0.0 to 0.0
[2025-08-05 12:00:46,852][INFO] Adding CRY(0.0, wires=[6, 4])) had small change in overlap from 0.0 to 0.0
[2025-08-05 12:00:49,468][INFO] Adding CRY(0.0, wires=[6, 3])) had small change in overlap from 0.0 to 0.0
[2025-08-05 12:00:52,899][INFO] Adding RY(0.0, wires=[4]) had small change in overlap from 0.0 to 0.0
[2025-08-05 12:00:58,345][INFO] Adding RY(0.0, wires=[3]) had small change in overlap from 0.0 to 0.0
[2025-08-05 12:01:03,420][INFO] Adding CRY(0.0, wires=[4, 6])) had small change in overlap from 0.0 to 0.0
[2025-08-05 12:01:16,555][INFO] Adding RY(0.0, wires=[4]) had small change in overlap from 0.0 to 0.0
[2025-08-05 12:01:23,604][INFO] Adding CRY(0.0, wires=[5, 3])) had small change in overlap from 0.0 to 0.0
[2025-08-05 12:01:37,336][INFO] Adding RY(0.0, wires=[2]) had small change in overlap from 0.0 to 0.0
[2025-08-05 12:01:47,880][INFO] Adding CRY(0.0, wires=[5, 4])) had small change in overlap from 0.0 to 0.0
[2025-08-05 12:02:03,502][INFO] Adding RY(0.0, wires=[3]) had small change in overlap from 0.0 to 0.0
[2025-08-05 12:02:21,926][INFO] Adding RY(0.0, wires=[5]) had small change in overlap from 0.0 to 0.0
[2025-08-05 12:02:46,910][INFO] Adding RY(0.0, wires=[6]) had small change in overlap from 0.0 to 0.0
[2025-08-05 12:03:11,360][INFO] Adding CRY(0.0, wires=[4, 3])) had small change in overlap from 0.0 to 0.0
[2025-08-05 12:03:38,989][INFO] Adding CRY(0.0, wires=[6, 2])) had small change in overlap from 0.0 to 0.0
[2025-08-05 12:04:10,559][INFO] Adding RY(0.0, wires=[4]) had small change in overlap from 0.0 to 0.0
[2025-08-05 12:05:18,601][INFO] Adding CRY(0.0, wires=[5, 6])) had small change in overlap from 0.0 to 0.0
[2025-08-05 12:05:51,474][INFO] Adding RY(0.0, wires=[6]) had small change in overlap from 0.0 to 0.0
[2025-08-05 12:06:24,665][INFO] Adding RY(0.0, wires=[2]) had small change in overlap from 0.0 to 0.0
[2025-08-05 12:07:37,258][INFO] Adding CRY(0.0, wires=[3, 6])) had small change in overlap from 0.0 to 0.0
[2025-08-05 12:08:48,994][INFO] Adding RY(0.0, wires=[3]) had small change in overlap from 0.0 to 0.0
[2025-08-05 12:10:08,060][INFO] Adding CRY(0.0, wires=[5, 2])) had small change in overlap from 0.0 to 0.0
[2025-08-05 12:11:12,849][INFO] Adding RY(0.0, wires=[5]) had small change in overlap from 0.0 to 0.0
[2025-08-05 12:12:34,859][INFO] Adding RY(0.0, wires=[2]) had small change in overlap from 0.0 to 0.0
[2025-08-05 12:13:58,272][INFO] Adding RY(0.0, wires=[6]) had small change in overlap from 0.0 to 0.0
[2025-08-05 12:14:37,515][INFO] Adding CRY(0.0, wires=[3, 4])) had small change in overlap from 0.0 to 0.0
[2025-08-05 12:15:26,733][INFO] Adding RY(0.0, wires=[3]) had small change in overlap from 0.0 to 0.0
[2025-08-05 12:15:26,733][INFO] Completed VQE run 29
[2025-08-05 12:15:26,733][INFO] Final ops list: [{'name': 'RY', 'param': 3.1447705409890436, 'wires': [6]}, {'name': 'CRY', 'param': 1.6298127011224666, 'wires': [6, 5]}, {'name': 'RY', 'param': 4.881868188583317, 'wires': [4]}, {'name': 'RY', 'param': 1.4981776707636625, 'wires': [5]}, {'name': 'CRY', 'param': 4.419535027885384, 'wires': [6, 4]}, {'name': 'CRY', 'param': 1.7440345925516894, 'wires': [6, 3]}, {'name': 'RY', 'param': 3.207741050137763, 'wires': [4]}, {'name': 'RY', 'param': 1.8610450382638823, 'wires': [3]}, {'name': 'CRY', 'param': 3.267147713500353, 'wires': [4, 6]}, {'name': 'RY', 'param': 2.674209802474658, 'wires': [4]}, {'name': 'CRY', 'param': 1.5414625837700142, 'wires': [5, 3]}, {'name': 'RY', 'param': 1.6122119850143357, 'wires': [2]}, {'name': 'CRY', 'param': 3.829359548671951, 'wires': [5, 4]}, {'name': 'RY', 'param': 2.1419485996207084, 'wires': [3]}, {'name': 'RY', 'param': 2.800398761889976, 'wires': [5]}, {'name': 'RY', 'param': 4.427527715953016, 'wires': [6]}, {'name': 'CRY', 'param': 5.607793840673133, 'wires': [4, 3]}, {'name': 'CRY', 'param': 6.283185307179586, 'wires': [6, 2]}, {'name': 'RY', 'param': 2.622466504580259, 'wires': [4]}, {'name': 'CRY', 'param': 2.135846256624414, 'wires': [5, 6]}, {'name': 'RY', 'param': 2.334554046147296, 'wires': [6]}, {'name': 'RY', 'param': 4.201417378000702, 'wires': [2]}, {'name': 'CRY', 'param': 0.0, 'wires': [3, 6]}, {'name': 'RY', 'param': 2.1176812903636355, 'wires': [3]}, {'name': 'CRY', 'param': 6.283185307179586, 'wires': [5, 2]}, {'name': 'RY', 'param': 6.2359336010881705, 'wires': [5]}, {'name': 'RY', 'param': 0.46792011363392616, 'wires': [2]}, {'name': 'RY', 'param': 3.9668177603124852, 'wires': [6]}, {'name': 'CRY', 'param': 3.7375483523789126, 'wires': [3, 4]}, {'name': 'RY', 'param': 3.0750316146038266, 'wires': [3]}]
[2025-08-05 12:15:26,733][INFO] Energy: 0.9002126632285005
