[2025-08-05 12:00:41,553][INFO] Starting VQE run 96 (seed=34744636)
[2025-08-05 12:00:41,964][INFO] Adding RY(0.0, wires=[6]) had small change in overlap from 0.0 to 0.0
[2025-08-05 12:00:42,294][INFO] Adding CRY(0.0, wires=[6, 5])) had small change in overlap from 0.0 to 0.0
[2025-08-05 12:00:43,046][INFO] Adding RY(0.0, wires=[4]) had small change in overlap from 0.0 to 0.0
[2025-08-05 12:00:44,201][INFO] Adding CRY(0.0, wires=[6, 4])) had small change in overlap from 0.0 to 0.0
[2025-08-05 12:00:45,995][INFO] Adding RY(0.0, wires=[5]) had small change in overlap from 0.0 to 0.0
[2025-08-05 12:00:48,013][INFO] Adding RY(0.0, wires=[3]) had small change in overlap from 0.0 to 0.0
[2025-08-05 12:00:50,794][INFO] Adding CRY(0.0, wires=[6, 3])) had small change in overlap from 0.0 to 0.0
[2025-08-05 12:00:58,694][INFO] Adding RY(0.0, wires=[3]) had small change in overlap from 0.0 to 0.0
[2025-08-05 12:01:02,681][INFO] Adding CRY(0.0, wires=[5, 4])) had small change in overlap from 0.0 to 0.0
[2025-08-05 12:01:07,837][INFO] Adding RY(0.0, wires=[5]) had small change in overlap from 0.0 to 0.0
[2025-08-05 12:01:21,459][INFO] Adding CRY(0.0, wires=[5, 3])) had small change in overlap from 0.0 to 0.0
[2025-08-05 12:01:35,271][INFO] Adding RY(0.0, wires=[2]) had small change in overlap from 0.0 to 0.0
[2025-08-05 12:01:50,514][INFO] Adding CRY(0.0, wires=[4, 6])) had small change in overlap from 0.0 to 0.0
[2025-08-05 12:02:02,577][INFO] Adding CRY(0.0, wires=[4, 3])) had small change in overlap from 0.0 to 0.0
[2025-08-05 12:02:24,947][INFO] Adding CRY(0.0, wires=[6, 2])) had small change in overlap from 0.0 to 0.0
[2025-08-05 12:02:49,815][INFO] Adding RY(0.0, wires=[2]) had small change in overlap from 0.0 to 0.0
[2025-08-05 12:03:21,477][INFO] Adding CRY(0.0, wires=[5, 2])) had small change in overlap from 0.0 to 0.0
[2025-08-05 12:03:47,731][INFO] Adding CRY(0.0, wires=[3, 6])) had small change in overlap from 0.0 to 0.0
[2025-08-05 12:04:11,781][INFO] Adding RY(0.0, wires=[6]) had small change in overlap from 0.0 to 0.0
[2025-08-05 12:04:45,253][INFO] Adding RY(0.0, wires=[4]) had small change in overlap from 0.0 to 0.0
[2025-08-05 12:05:24,412][INFO] Adding RY(0.0, wires=[2]) had small change in overlap from 0.0 to 0.0
[2025-08-05 12:06:04,042][INFO] Adding CRY(0.0, wires=[5, 6])) had small change in overlap from 0.0 to 0.0
[2025-08-05 12:06:40,537][INFO] Adding CRY(0.0, wires=[4, 5])) had small change in overlap from 0.0 to 0.0
[2025-08-05 12:07:37,259][INFO] Adding RY(0.0, wires=[1]) had small change in overlap from 0.0 to 0.0
[2025-08-05 12:08:59,486][INFO] Adding CRY(0.0, wires=[6, 1])) had small change in overlap from 0.0 to 0.0
[2025-08-05 12:10:17,860][INFO] Adding RY(0.0, wires=[1]) had small change in overlap from 0.0 to 0.0
[2025-08-05 12:11:39,809][INFO] Adding RY(0.0, wires=[4]) had small change in overlap from 0.0 to 0.0
[2025-08-05 12:12:43,890][INFO] Adding CRY(0.0, wires=[3, 5])) had small change in overlap from 0.0 to 0.0
[2025-08-05 12:13:28,869][INFO] Adding RY(0.0, wires=[3]) had small change in overlap from 0.0 to 0.0
[2025-08-05 12:14:19,113][INFO] Adding RY(0.0, wires=[5]) had small change in overlap from 0.0 to 0.0
[2025-08-05 12:14:19,113][INFO] Completed VQE run 29
[2025-08-05 12:14:19,113][INFO] Final ops list: [{'name': 'RY', 'param': 6.283185307179586, 'wires': [6]}, {'name': 'CRY', 'param': 0.028831395053954028, 'wires': [6, 5]}, {'name': 'RY', 'param': 2.982383707011486, 'wires': [4]}, {'name': 'CRY', 'param': 3.326711592946084, 'wires': [6, 4]}, {'name': 'RY', 'param': 6.0986635604168296, 'wires': [5]}, {'name': 'RY', 'param': 3.929432428563336, 'wires': [3]}, {'name': 'CRY', 'param': 2.2835040382771203, 'wires': [6, 3]}, {'name': 'RY', 'param': 2.342060365873234, 'wires': [3]}, {'name': 'CRY', 'param': 6.164162603698577, 'wires': [5, 4]}, {'name': 'RY', 'param': 0.13318767824850514, 'wires': [5]}, {'name': 'CRY', 'param': 0.0, 'wires': [5, 3]}, {'name': 'RY', 'param': 4.2243073807873825, 'wires': [2]}, {'name': 'CRY', 'param': 0.8016682824024086, 'wires': [4, 6]}, {'name': 'CRY', 'param': 6.283185307179586, 'wires': [4, 3]}, {'name': 'CRY', 'param': 0.00013343033391589136, 'wires': [6, 2]}, {'name': 'RY', 'param': 3.516991060533925, 'wires': [2]}, {'name': 'CRY', 'param': 6.283185307179586, 'wires': [5, 2]}, {'name': 'CRY', 'param': 1.762245446675658, 'wires': [3, 6]}, {'name': 'RY', 'param': 0.46136997363920945, 'wires': [6]}, {'name': 'RY', 'param': 3.0958532658575613, 'wires': [4]}, {'name': 'RY', 'param': 4.825014295768469, 'wires': [2]}, {'name': 'CRY', 'param': 3.705744932099061, 'wires': [5, 6]}, {'name': 'CRY', 'param': 5.222139727987171, 'wires': [4, 5]}, {'name': 'RY', 'param': 0.69127200401774, 'wires': [1]}, {'name': 'CRY', 'param': 6.283185307179586, 'wires': [6, 1]}, {'name': 'RY', 'param': 5.591914983599216, 'wires': [1]}, {'name': 'RY', 'param': 6.205736331416917, 'wires': [4]}, {'name': 'CRY', 'param': 0.0, 'wires': [3, 5]}, {'name': 'RY', 'param': 0.0033247297713980177, 'wires': [3]}, {'name': 'RY', 'param': 0.03725979108649551, 'wires': [5]}]
[2025-08-05 12:14:19,113][INFO] Energy: 0.8926560656210947
