[2026-02-13 10:56:13,157][INFO] Running VQE for linear potential and cutoff 16
[2026-02-13 10:56:13,160][INFO] Truncation: {'m': 212, 'n': 2211, 'keep_frac_terms': 0.09588421528720036, 'keep_ratio': 0.999, 'truncated': 1.377312853455578, 'total_weight': 1381.999999999984}
[2026-02-13 10:56:13,189][INFO] min_eigenvalue: 3.9321294598410086e-15
[2026-02-13 10:56:16,586][INFO] []
[2026-02-13 10:56:16,587][INFO] [Run 8] Running for Krylov dimension 1
[2026-02-13 10:56:17,461][INFO] [Run 8]
{
    "raw_unique_basis_states": 1783,
    "fermion_basis_rejected": 0,
    "kept_unique_basis_states": 1783,
    "fermion_shots_rejected": 0,
    "kept_shots": 10000
}
[2026-02-13 10:56:30,797][INFO] [Run 8]
{
    "D": 1,
    "t": 1.0,
    "num_trotter_steps": 1,
    "circuit_time": "0:00:00.784910",
    "shot_processing": {
        "raw_unique_basis_states": 1783,
        "fermion_basis_rejected": 0,
        "kept_unique_basis_states": 1783,
        "fermion_shots_rejected": 0,
        "kept_shots": 10000
    },
    "new_basis_count": 1783,
    "total_basis_count": 1783,
    "H_reduced_size": [
        1783,
        1783
    ],
    "reduction": 99.82995986938477,
    "H_reduced_e": 0.001603294701087578,
    "used_dense": true,
    "eigenvalue_time": "0:00:04.926984",
    "diff": 0.001603294701083646,
    "change_from_prev": null,
    "circuit_cost": {
        "depth": 826,
        "size": 2758,
        "num_2q_ops": 647,
        "depth_2q": 273,
        "count_ops": {
            "rz": 960,
            "sx": 912,
            "cz": 647,
            "x": 219,
            "measure": 20,
            "barrier": 1
        }
    }
}
[2026-02-13 10:56:30,798][INFO] [Run 8] Running for Krylov dimension 2
[2026-02-13 10:56:31,795][INFO] [Run 8]
{
    "raw_unique_basis_states": 5298,
    "fermion_basis_rejected": 0,
    "kept_unique_basis_states": 5298,
    "fermion_shots_rejected": 0,
    "kept_shots": 10000
}
[2026-02-13 10:57:04,272][INFO] [Run 8]
{
    "D": 2,
    "t": 2.0,
    "num_trotter_steps": 1,
    "circuit_time": "0:00:00.897491",
    "shot_processing": {
        "raw_unique_basis_states": 5298,
        "fermion_basis_rejected": 0,
        "kept_unique_basis_states": 5298,
        "fermion_shots_rejected": 0,
        "kept_shots": 10000
    },
    "new_basis_count": 4808,
    "total_basis_count": 6591,
    "H_reduced_size": [
        6591,
        6591
    ],
    "reduction": 99.37143325805664,
    "H_reduced_e": 0.0009625292913937878,
    "used_dense": false,
    "eigenvalue_time": "0:00:00.044700",
    "diff": 0.0009625292913898558,
    "change_from_prev": 0.0006407654096937902,
    "circuit_cost": {
        "depth": 819,
        "size": 2742,
        "num_2q_ops": 647,
        "depth_2q": 273,
        "count_ops": {
            "rz": 952,
            "sx": 912,
            "cz": 647,
            "x": 211,
            "measure": 20,
            "barrier": 1
        }
    }
}
[2026-02-13 10:57:04,272][INFO] [Run 8] Running for Krylov dimension 3
[2026-02-13 10:57:05,036][INFO] [Run 8]
{
    "raw_unique_basis_states": 1833,
    "fermion_basis_rejected": 0,
    "kept_unique_basis_states": 1833,
    "fermion_shots_rejected": 0,
    "kept_shots": 10000
}
[2026-02-13 10:57:44,806][INFO] [Run 8]
{
    "D": 3,
    "t": 3.0,
    "num_trotter_steps": 1,
    "circuit_time": "0:00:00.696815",
    "shot_processing": {
        "raw_unique_basis_states": 1833,
        "fermion_basis_rejected": 0,
        "kept_unique_basis_states": 1833,
        "fermion_shots_rejected": 0,
        "kept_shots": 10000
    },
    "new_basis_count": 1269,
    "total_basis_count": 7860,
    "H_reduced_size": [
        7860,
        7860
    ],
    "reduction": 99.25041198730469,
    "H_reduced_e": 0.0009625153557860579,
    "used_dense": false,
    "eigenvalue_time": "0:00:00.071148",
    "diff": 0.0009625153557821258,
    "change_from_prev": 1.3935607729950207e-08,
    "circuit_cost": {
        "depth": 819,
        "size": 2744,
        "num_2q_ops": 647,
        "depth_2q": 273,
        "count_ops": {
            "rz": 956,
            "sx": 912,
            "cz": 647,
            "x": 209,
            "measure": 20,
            "barrier": 1
        }
    }
}
[2026-02-13 10:57:44,806][INFO] [Run 8] Running for Krylov dimension 4
[2026-02-13 10:57:45,776][INFO] [Run 8]
{
    "raw_unique_basis_states": 4413,
    "fermion_basis_rejected": 0,
    "kept_unique_basis_states": 4413,
    "fermion_shots_rejected": 0,
    "kept_shots": 10000
}
[2026-02-13 10:58:42,979][INFO] [Run 8]
{
    "D": 4,
    "t": 4.0,
    "num_trotter_steps": 1,
    "circuit_time": "0:00:00.877041",
    "shot_processing": {
        "raw_unique_basis_states": 4413,
        "fermion_basis_rejected": 0,
        "kept_unique_basis_states": 4413,
        "fermion_shots_rejected": 0,
        "kept_shots": 10000
    },
    "new_basis_count": 2755,
    "total_basis_count": 10615,
    "H_reduced_size": [
        10615,
        10615
    ],
    "reduction": 98.98767471313477,
    "H_reduced_e": 0.0007130075663389026,
    "used_dense": false,
    "eigenvalue_time": "0:00:00.098781",
    "diff": 0.0007130075663349706,
    "change_from_prev": 0.00024950778944715527,
    "circuit_cost": {
        "depth": 826,
        "size": 2756,
        "num_2q_ops": 647,
        "depth_2q": 273,
        "count_ops": {
            "rz": 961,
            "sx": 912,
            "cz": 647,
            "x": 216,
            "measure": 20,
            "barrier": 1
        }
    }
}
[2026-02-13 10:58:42,980][INFO] [Run 8] Running for Krylov dimension 5
[2026-02-13 10:58:43,865][INFO] [Run 8]
{
    "raw_unique_basis_states": 5737,
    "fermion_basis_rejected": 0,
    "kept_unique_basis_states": 5737,
    "fermion_shots_rejected": 0,
    "kept_shots": 10000
}
[2026-02-13 11:00:06,243][INFO] [Run 8]
{
    "D": 5,
    "t": 5.0,
    "num_trotter_steps": 1,
    "circuit_time": "0:00:00.800797",
    "shot_processing": {
        "raw_unique_basis_states": 5737,
        "fermion_basis_rejected": 0,
        "kept_unique_basis_states": 5737,
        "fermion_shots_rejected": 0,
        "kept_shots": 10000
    },
    "new_basis_count": 4704,
    "total_basis_count": 15319,
    "H_reduced_size": [
        15319,
        15319
    ],
    "reduction": 98.53906631469727,
    "H_reduced_e": 0.0007129712665666515,
    "used_dense": false,
    "eigenvalue_time": "0:00:00.146910",
    "diff": 0.0007129712665627194,
    "change_from_prev": 3.6299772251100794e-08,
    "circuit_cost": {
        "depth": 822,
        "size": 2739,
        "num_2q_ops": 647,
        "depth_2q": 273,
        "count_ops": {
            "rz": 947,
            "sx": 912,
            "cz": 647,
            "x": 213,
            "measure": 20,
            "barrier": 1
        }
    }
}
[2026-02-13 11:00:06,243][INFO] [Run 8] Running for Krylov dimension 6
[2026-02-13 11:00:07,111][INFO] [Run 8]
{
    "raw_unique_basis_states": 1220,
    "fermion_basis_rejected": 0,
    "kept_unique_basis_states": 1220,
    "fermion_shots_rejected": 0,
    "kept_shots": 10000
}
[2026-02-13 11:01:28,721][INFO] [Run 8]
{
    "D": 6,
    "t": 6.0,
    "num_trotter_steps": 1,
    "circuit_time": "0:00:00.795205",
    "shot_processing": {
        "raw_unique_basis_states": 1220,
        "fermion_basis_rejected": 0,
        "kept_unique_basis_states": 1220,
        "fermion_shots_rejected": 0,
        "kept_shots": 10000
    },
    "new_basis_count": 721,
    "total_basis_count": 16040,
    "H_reduced_size": [
        16040,
        16040
    ],
    "reduction": 98.47030639648438,
    "H_reduced_e": 0.0007129112700057786,
    "used_dense": false,
    "eigenvalue_time": "0:00:00.159752",
    "diff": 0.0007129112700018465,
    "change_from_prev": 5.999656087294757e-08,
    "circuit_cost": {
        "depth": 830,
        "size": 2771,
        "num_2q_ops": 647,
        "depth_2q": 273,
        "count_ops": {
            "rz": 970,
            "sx": 908,
            "cz": 647,
            "x": 226,
            "measure": 20,
            "barrier": 1
        }
    }
}
[2026-02-13 11:01:28,722][INFO] [Run 8] Running for Krylov dimension 7
[2026-02-13 11:01:29,607][INFO] [Run 8]
{
    "raw_unique_basis_states": 2369,
    "fermion_basis_rejected": 0,
    "kept_unique_basis_states": 2369,
    "fermion_shots_rejected": 0,
    "kept_shots": 10000
}
[2026-02-13 11:02:53,073][INFO] [Run 8]
{
    "D": 7,
    "t": 7.0,
    "num_trotter_steps": 1,
    "circuit_time": "0:00:00.805685",
    "shot_processing": {
        "raw_unique_basis_states": 2369,
        "fermion_basis_rejected": 0,
        "kept_unique_basis_states": 2369,
        "fermion_shots_rejected": 0,
        "kept_shots": 10000
    },
    "new_basis_count": 1075,
    "total_basis_count": 17115,
    "H_reduced_size": [
        17115,
        17115
    ],
    "reduction": 98.3677864074707,
    "H_reduced_e": 0.00026257732088517315,
    "used_dense": false,
    "eigenvalue_time": "0:00:00.163921",
    "diff": 0.000262577320881241,
    "change_from_prev": 0.00045033394912060543,
    "circuit_cost": {
        "depth": 808,
        "size": 2697,
        "num_2q_ops": 647,
        "depth_2q": 273,
        "count_ops": {
            "rz": 913,
            "sx": 912,
            "cz": 647,
            "x": 205,
            "measure": 20,
            "barrier": 1
        }
    }
}
[2026-02-13 11:02:53,074][INFO] [Run 8] Running for Krylov dimension 8
[2026-02-13 11:02:53,945][INFO] [Run 8]
{
    "raw_unique_basis_states": 6408,
    "fermion_basis_rejected": 0,
    "kept_unique_basis_states": 6408,
    "fermion_shots_rejected": 0,
    "kept_shots": 10000
}
[2026-02-13 11:04:46,881][INFO] [Run 8]
{
    "D": 8,
    "t": 8.0,
    "num_trotter_steps": 1,
    "circuit_time": "0:00:00.786930",
    "shot_processing": {
        "raw_unique_basis_states": 6408,
        "fermion_basis_rejected": 0,
        "kept_unique_basis_states": 6408,
        "fermion_shots_rejected": 0,
        "kept_shots": 10000
    },
    "new_basis_count": 4252,
    "total_basis_count": 21367,
    "H_reduced_size": [
        21367,
        21367
    ],
    "reduction": 97.96228408813477,
    "H_reduced_e": 0.00026257047428419493,
    "used_dense": false,
    "eigenvalue_time": "0:00:00.241512",
    "diff": 0.0002625704742802628,
    "change_from_prev": 6.8466009782181675e-09,
    "circuit_cost": {
        "depth": 831,
        "size": 2769,
        "num_2q_ops": 647,
        "depth_2q": 273,
        "count_ops": {
            "rz": 966,
            "sx": 912,
            "cz": 647,
            "x": 224,
            "measure": 20,
            "barrier": 1
        }
    }
}
[2026-02-13 11:04:46,882][INFO] [Run 8] Running for Krylov dimension 9
[2026-02-13 11:04:47,807][INFO] [Run 8]
{
    "raw_unique_basis_states": 2815,
    "fermion_basis_rejected": 0,
    "kept_unique_basis_states": 2815,
    "fermion_shots_rejected": 0,
    "kept_shots": 10000
}
[2026-02-13 11:06:52,161][INFO] [Run 8]
{
    "D": 9,
    "t": 9.0,
    "num_trotter_steps": 1,
    "circuit_time": "0:00:00.839496",
    "shot_processing": {
        "raw_unique_basis_states": 2815,
        "fermion_basis_rejected": 0,
        "kept_unique_basis_states": 2815,
        "fermion_shots_rejected": 0,
        "kept_shots": 10000
    },
    "new_basis_count": 1603,
    "total_basis_count": 22970,
    "H_reduced_size": [
        22970,
        22970
    ],
    "reduction": 97.80941009521484,
    "H_reduced_e": 0.00026257047427573316,
    "used_dense": false,
    "eigenvalue_time": "0:00:00.257379",
    "diff": 0.00026257047427180103,
    "change_from_prev": 8.461764275380368e-15,
    "circuit_cost": {
        "depth": 818,
        "size": 2738,
        "num_2q_ops": 647,
        "depth_2q": 273,
        "count_ops": {
            "rz": 944,
            "sx": 912,
            "cz": 647,
            "x": 215,
            "measure": 20,
            "barrier": 1
        }
    }
}
[2026-02-13 11:06:52,162][INFO] [Run 8] Running for Krylov dimension 10
[2026-02-13 11:06:53,885][INFO] [Run 8]
{
    "raw_unique_basis_states": 6350,
    "fermion_basis_rejected": 0,
    "kept_unique_basis_states": 6350,
    "fermion_shots_rejected": 0,
    "kept_shots": 10000
}
[2026-02-13 11:09:28,470][INFO] [Run 8]
{
    "D": 10,
    "t": 5.0,
    "num_trotter_steps": 2,
    "circuit_time": "0:00:01.573404",
    "shot_processing": {
        "raw_unique_basis_states": 6350,
        "fermion_basis_rejected": 0,
        "kept_unique_basis_states": 6350,
        "fermion_shots_rejected": 0,
        "kept_shots": 10000
    },
    "new_basis_count": 4890,
    "total_basis_count": 27860,
    "H_reduced_size": [
        27860,
        27860
    ],
    "reduction": 97.34306335449219,
    "H_reduced_e": 0.0002623545344200318,
    "used_dense": false,
    "eigenvalue_time": "0:00:00.312821",
    "diff": 0.00026235453441609966,
    "change_from_prev": 2.159398557013731e-07,
    "circuit_cost": {
        "depth": 1639,
        "size": 5466,
        "num_2q_ops": 1294,
        "depth_2q": 544,
        "count_ops": {
            "rz": 1901,
            "sx": 1823,
            "cz": 1294,
            "x": 428,
            "measure": 20,
            "barrier": 1
        }
    }
}
[2026-02-13 11:09:28,470][INFO] [Run 8] Running for Krylov dimension 11
[2026-02-13 11:09:30,146][INFO] [Run 8]
{
    "raw_unique_basis_states": 4906,
    "fermion_basis_rejected": 0,
    "kept_unique_basis_states": 4906,
    "fermion_shots_rejected": 0,
    "kept_shots": 10000
}
[2026-02-13 11:12:15,661][INFO] [Run 8]
{
    "D": 11,
    "t": 5.5,
    "num_trotter_steps": 2,
    "circuit_time": "0:00:01.528381",
    "shot_processing": {
        "raw_unique_basis_states": 4906,
        "fermion_basis_rejected": 0,
        "kept_unique_basis_states": 4906,
        "fermion_shots_rejected": 0,
        "kept_shots": 10000
    },
    "new_basis_count": 2585,
    "total_basis_count": 30445,
    "H_reduced_size": [
        30445,
        30445
    ],
    "reduction": 97.09653854370117,
    "H_reduced_e": 0.0002615055469207224,
    "used_dense": false,
    "eigenvalue_time": "0:00:00.356848",
    "diff": 0.00026150554691679027,
    "change_from_prev": 8.48987499309391e-07,
    "circuit_cost": {
        "depth": 1653,
        "size": 5532,
        "num_2q_ops": 1294,
        "depth_2q": 544,
        "count_ops": {
            "rz": 1941,
            "sx": 1823,
            "cz": 1294,
            "x": 454,
            "measure": 20,
            "barrier": 1
        }
    }
}
[2026-02-13 11:12:15,661][INFO] [Run 8] Running for Krylov dimension 12
[2026-02-13 11:12:17,431][INFO] [Run 8]
{
    "raw_unique_basis_states": 2949,
    "fermion_basis_rejected": 0,
    "kept_unique_basis_states": 2949,
    "fermion_shots_rejected": 0,
    "kept_shots": 10000
}
[2026-02-13 11:14:59,639][INFO] [Run 8]
{
    "D": 12,
    "t": 6.0,
    "num_trotter_steps": 2,
    "circuit_time": "0:00:01.632370",
    "shot_processing": {
        "raw_unique_basis_states": 2949,
        "fermion_basis_rejected": 0,
        "kept_unique_basis_states": 2949,
        "fermion_shots_rejected": 0,
        "kept_shots": 10000
    },
    "new_basis_count": 702,
    "total_basis_count": 31147,
    "H_reduced_size": [
        31147,
        31147
    ],
    "reduction": 97.02959060668945,
    "H_reduced_e": 0.0002615055276117223,
    "used_dense": false,
    "eigenvalue_time": "0:00:00.406598",
    "diff": 0.0002615055276077902,
    "change_from_prev": 1.930900009111322e-11,
    "circuit_cost": {
        "depth": 1623,
        "size": 5432,
        "num_2q_ops": 1294,
        "depth_2q": 544,
        "count_ops": {
            "rz": 1885,
            "sx": 1823,
            "cz": 1294,
            "x": 410,
            "measure": 20,
            "barrier": 1
        }
    }
}
[2026-02-13 11:14:59,639][INFO] [Run 8] Running for Krylov dimension 13
[2026-02-13 11:15:01,555][INFO] [Run 8]
{
    "raw_unique_basis_states": 2372,
    "fermion_basis_rejected": 0,
    "kept_unique_basis_states": 2372,
    "fermion_shots_rejected": 0,
    "kept_shots": 10000
}
[2026-02-13 11:17:54,906][INFO] [Run 8]
{
    "D": 13,
    "t": 6.5,
    "num_trotter_steps": 2,
    "circuit_time": "0:00:01.747838",
    "shot_processing": {
        "raw_unique_basis_states": 2372,
        "fermion_basis_rejected": 0,
        "kept_unique_basis_states": 2372,
        "fermion_shots_rejected": 0,
        "kept_shots": 10000
    },
    "new_basis_count": 362,
    "total_basis_count": 31509,
    "H_reduced_size": [
        31509,
        31509
    ],
    "reduction": 96.99506759643555,
    "H_reduced_e": 0.0002614855634762481,
    "used_dense": false,
    "eigenvalue_time": "0:00:00.409602",
    "diff": 0.00026148556347231595,
    "change_from_prev": 1.996413547423071e-08,
    "circuit_cost": {
        "depth": 1641,
        "size": 5518,
        "num_2q_ops": 1294,
        "depth_2q": 544,
        "count_ops": {
            "rz": 1911,
            "sx": 1823,
            "cz": 1294,
            "x": 470,
            "measure": 20,
            "barrier": 1
        }
    }
}
[2026-02-13 11:17:54,906][INFO] [Run 8] Running for Krylov dimension 14
[2026-02-13 11:17:56,518][INFO] [Run 8]
{
    "raw_unique_basis_states": 3749,
    "fermion_basis_rejected": 0,
    "kept_unique_basis_states": 3749,
    "fermion_shots_rejected": 0,
    "kept_shots": 10000
}
[2026-02-13 11:20:53,377][INFO] [Run 8]
{
    "D": 14,
    "t": 7.0,
    "num_trotter_steps": 2,
    "circuit_time": "0:00:01.475378",
    "shot_processing": {
        "raw_unique_basis_states": 3749,
        "fermion_basis_rejected": 0,
        "kept_unique_basis_states": 3749,
        "fermion_shots_rejected": 0,
        "kept_shots": 10000
    },
    "new_basis_count": 949,
    "total_basis_count": 32458,
    "H_reduced_size": [
        32458,
        32458
    ],
    "reduction": 96.9045639038086,
    "H_reduced_e": 0.00026148511291207736,
    "used_dense": false,
    "eigenvalue_time": "0:00:00.374472",
    "diff": 0.00026148511290814523,
    "change_from_prev": 4.5056417071701743e-10,
    "circuit_cost": {
        "depth": 1624,
        "size": 5410,
        "num_2q_ops": 1294,
        "depth_2q": 544,
        "count_ops": {
            "rz": 1865,
            "sx": 1823,
            "cz": 1294,
            "x": 408,
            "measure": 20,
            "barrier": 1
        }
    }
}
[2026-02-13 11:20:53,377][INFO] [Run 8] Running for Krylov dimension 15
[2026-02-13 11:20:55,871][INFO] [Run 8]
{
    "raw_unique_basis_states": 6797,
    "fermion_basis_rejected": 0,
    "kept_unique_basis_states": 6797,
    "fermion_shots_rejected": 0,
    "kept_shots": 10000
}
[2026-02-13 11:24:14,116][INFO] [Run 8]
{
    "D": 15,
    "t": 5.0,
    "num_trotter_steps": 3,
    "circuit_time": "0:00:02.296229",
    "shot_processing": {
        "raw_unique_basis_states": 6797,
        "fermion_basis_rejected": 0,
        "kept_unique_basis_states": 6797,
        "fermion_shots_rejected": 0,
        "kept_shots": 10000
    },
    "new_basis_count": 3162,
    "total_basis_count": 35620,
    "H_reduced_size": [
        35620,
        35620
    ],
    "reduction": 96.60301208496094,
    "H_reduced_e": 0.0002614846114944824,
    "used_dense": false,
    "eigenvalue_time": "0:00:00.423714",
    "diff": 0.0002614846114905503,
    "change_from_prev": 5.014175949447086e-10,
    "circuit_cost": {
        "depth": 2449,
        "size": 8198,
        "num_2q_ops": 1941,
        "depth_2q": 815,
        "count_ops": {
            "rz": 2859,
            "sx": 2735,
            "cz": 1941,
            "x": 643,
            "measure": 20,
            "barrier": 1
        }
    }
}
[2026-02-13 11:24:14,116][INFO] [Run 8] Running for Krylov dimension 16
[2026-02-13 11:24:16,464][INFO] [Run 8]
{
    "raw_unique_basis_states": 6964,
    "fermion_basis_rejected": 0,
    "kept_unique_basis_states": 6964,
    "fermion_shots_rejected": 0,
    "kept_shots": 10000
}
[2026-02-13 11:27:47,370][INFO] [Run 8]
{
    "D": 16,
    "t": 5.333333333333333,
    "num_trotter_steps": 3,
    "circuit_time": "0:00:02.163698",
    "shot_processing": {
        "raw_unique_basis_states": 6964,
        "fermion_basis_rejected": 0,
        "kept_unique_basis_states": 6964,
        "fermion_shots_rejected": 0,
        "kept_shots": 10000
    },
    "new_basis_count": 2801,
    "total_basis_count": 38421,
    "H_reduced_size": [
        38421,
        38421
    ],
    "reduction": 96.33588790893555,
    "H_reduced_e": 0.0002614846070796819,
    "used_dense": false,
    "eigenvalue_time": "0:00:00.528738",
    "diff": 0.0002614846070757498,
    "change_from_prev": 4.414800502169219e-12,
    "circuit_cost": {
        "depth": 2437,
        "size": 8105,
        "num_2q_ops": 1941,
        "depth_2q": 815,
        "count_ops": {
            "rz": 2796,
            "sx": 2735,
            "cz": 1941,
            "x": 613,
            "measure": 20,
            "barrier": 1
        }
    }
}
[2026-02-13 11:27:47,374][INFO] [Run 8] Done
