[2026-02-13 10:56:12,585][INFO] Running VQE for linear potential and cutoff 16
[2026-02-13 10:56:12,587][INFO] Truncation: {'m': 212, 'n': 2211, 'keep_frac_terms': 0.09588421528720036, 'keep_ratio': 0.999, 'truncated': 1.377312853455578, 'total_weight': 1381.999999999984}
[2026-02-13 10:56:12,612][INFO] min_eigenvalue: 3.9321294598410086e-15
[2026-02-13 10:56:15,636][INFO] []
[2026-02-13 10:56:15,638][INFO] [Run 9] Running for Krylov dimension 1
[2026-02-13 10:56:16,432][INFO] [Run 9]
{
    "raw_unique_basis_states": 1734,
    "fermion_basis_rejected": 0,
    "kept_unique_basis_states": 1734,
    "fermion_shots_rejected": 0,
    "kept_shots": 10000
}
[2026-02-13 10:56:27,583][INFO] [Run 9]
{
    "D": 1,
    "t": 1.0,
    "num_trotter_steps": 1,
    "circuit_time": "0:00:00.714724",
    "shot_processing": {
        "raw_unique_basis_states": 1734,
        "fermion_basis_rejected": 0,
        "kept_unique_basis_states": 1734,
        "fermion_shots_rejected": 0,
        "kept_shots": 10000
    },
    "new_basis_count": 1734,
    "total_basis_count": 1734,
    "H_reduced_size": [
        1734,
        1734
    ],
    "reduction": 99.83463287353516,
    "H_reduced_e": 0.0013110543052773664,
    "used_dense": true,
    "eigenvalue_time": "0:00:03.843707",
    "diff": 0.0013110543052734342,
    "change_from_prev": null,
    "circuit_cost": {
        "depth": 826,
        "size": 2758,
        "num_2q_ops": 647,
        "depth_2q": 273,
        "count_ops": {
            "rz": 960,
            "sx": 912,
            "cz": 647,
            "x": 219,
            "measure": 20,
            "barrier": 1
        }
    }
}
[2026-02-13 10:56:27,583][INFO] [Run 9] Running for Krylov dimension 2
[2026-02-13 10:56:28,368][INFO] [Run 9]
{
    "raw_unique_basis_states": 5223,
    "fermion_basis_rejected": 0,
    "kept_unique_basis_states": 5223,
    "fermion_shots_rejected": 0,
    "kept_shots": 10000
}
[2026-02-13 10:56:56,585][INFO] [Run 9]
{
    "D": 2,
    "t": 2.0,
    "num_trotter_steps": 1,
    "circuit_time": "0:00:00.710778",
    "shot_processing": {
        "raw_unique_basis_states": 5223,
        "fermion_basis_rejected": 0,
        "kept_unique_basis_states": 5223,
        "fermion_shots_rejected": 0,
        "kept_shots": 10000
    },
    "new_basis_count": 4782,
    "total_basis_count": 6516,
    "H_reduced_size": [
        6516,
        6516
    ],
    "reduction": 99.37858581542969,
    "H_reduced_e": 0.000927613196406568,
    "used_dense": false,
    "eigenvalue_time": "0:00:00.048615",
    "diff": 0.0009276131964026359,
    "change_from_prev": 0.00038344110887079843,
    "circuit_cost": {
        "depth": 819,
        "size": 2742,
        "num_2q_ops": 647,
        "depth_2q": 273,
        "count_ops": {
            "rz": 952,
            "sx": 912,
            "cz": 647,
            "x": 211,
            "measure": 20,
            "barrier": 1
        }
    }
}
[2026-02-13 10:56:56,586][INFO] [Run 9] Running for Krylov dimension 3
[2026-02-13 10:56:57,355][INFO] [Run 9]
{
    "raw_unique_basis_states": 1825,
    "fermion_basis_rejected": 0,
    "kept_unique_basis_states": 1825,
    "fermion_shots_rejected": 0,
    "kept_shots": 10000
}
[2026-02-13 10:57:31,858][INFO] [Run 9]
{
    "D": 3,
    "t": 3.0,
    "num_trotter_steps": 1,
    "circuit_time": "0:00:00.701039",
    "shot_processing": {
        "raw_unique_basis_states": 1825,
        "fermion_basis_rejected": 0,
        "kept_unique_basis_states": 1825,
        "fermion_shots_rejected": 0,
        "kept_shots": 10000
    },
    "new_basis_count": 1260,
    "total_basis_count": 7776,
    "H_reduced_size": [
        7776,
        7776
    ],
    "reduction": 99.2584228515625,
    "H_reduced_e": 0.0009275418210632331,
    "used_dense": false,
    "eigenvalue_time": "0:00:00.057603",
    "diff": 0.000927541821059301,
    "change_from_prev": 7.137534333489723e-08,
    "circuit_cost": {
        "depth": 819,
        "size": 2744,
        "num_2q_ops": 647,
        "depth_2q": 273,
        "count_ops": {
            "rz": 956,
            "sx": 912,
            "cz": 647,
            "x": 209,
            "measure": 20,
            "barrier": 1
        }
    }
}
[2026-02-13 10:57:31,858][INFO] [Run 9] Running for Krylov dimension 4
[2026-02-13 10:57:32,630][INFO] [Run 9]
{
    "raw_unique_basis_states": 4356,
    "fermion_basis_rejected": 0,
    "kept_unique_basis_states": 4356,
    "fermion_shots_rejected": 0,
    "kept_shots": 10000
}
[2026-02-13 10:58:19,676][INFO] [Run 9]
{
    "D": 4,
    "t": 4.0,
    "num_trotter_steps": 1,
    "circuit_time": "0:00:00.701059",
    "shot_processing": {
        "raw_unique_basis_states": 4356,
        "fermion_basis_rejected": 0,
        "kept_unique_basis_states": 4356,
        "fermion_shots_rejected": 0,
        "kept_shots": 10000
    },
    "new_basis_count": 2717,
    "total_basis_count": 10493,
    "H_reduced_size": [
        10493,
        10493
    ],
    "reduction": 98.99930953979492,
    "H_reduced_e": 0.0009271984857404264,
    "used_dense": false,
    "eigenvalue_time": "0:00:00.089062",
    "diff": 0.0009271984857364943,
    "change_from_prev": 3.43335322806719e-07,
    "circuit_cost": {
        "depth": 826,
        "size": 2756,
        "num_2q_ops": 647,
        "depth_2q": 273,
        "count_ops": {
            "rz": 961,
            "sx": 912,
            "cz": 647,
            "x": 216,
            "measure": 20,
            "barrier": 1
        }
    }
}
[2026-02-13 10:58:19,677][INFO] [Run 9] Running for Krylov dimension 5
[2026-02-13 10:58:20,467][INFO] [Run 9]
{
    "raw_unique_basis_states": 5650,
    "fermion_basis_rejected": 0,
    "kept_unique_basis_states": 5650,
    "fermion_shots_rejected": 0,
    "kept_shots": 10000
}
[2026-02-13 10:59:28,940][INFO] [Run 9]
{
    "D": 5,
    "t": 5.0,
    "num_trotter_steps": 1,
    "circuit_time": "0:00:00.715231",
    "shot_processing": {
        "raw_unique_basis_states": 5650,
        "fermion_basis_rejected": 0,
        "kept_unique_basis_states": 5650,
        "fermion_shots_rejected": 0,
        "kept_shots": 10000
    },
    "new_basis_count": 4599,
    "total_basis_count": 15092,
    "H_reduced_size": [
        15092,
        15092
    ],
    "reduction": 98.56071472167969,
    "H_reduced_e": 0.0009266745998830575,
    "used_dense": false,
    "eigenvalue_time": "0:00:00.120685",
    "diff": 0.0009266745998791254,
    "change_from_prev": 5.238858573688998e-07,
    "circuit_cost": {
        "depth": 822,
        "size": 2739,
        "num_2q_ops": 647,
        "depth_2q": 273,
        "count_ops": {
            "rz": 947,
            "sx": 912,
            "cz": 647,
            "x": 213,
            "measure": 20,
            "barrier": 1
        }
    }
}
[2026-02-13 10:59:28,940][INFO] [Run 9] Running for Krylov dimension 6
[2026-02-13 10:59:29,728][INFO] [Run 9]
{
    "raw_unique_basis_states": 1241,
    "fermion_basis_rejected": 0,
    "kept_unique_basis_states": 1241,
    "fermion_shots_rejected": 0,
    "kept_shots": 10000
}
[2026-02-13 11:00:40,609][INFO] [Run 9]
{
    "D": 6,
    "t": 6.0,
    "num_trotter_steps": 1,
    "circuit_time": "0:00:00.719357",
    "shot_processing": {
        "raw_unique_basis_states": 1241,
        "fermion_basis_rejected": 0,
        "kept_unique_basis_states": 1241,
        "fermion_shots_rejected": 0,
        "kept_shots": 10000
    },
    "new_basis_count": 741,
    "total_basis_count": 15833,
    "H_reduced_size": [
        15833,
        15833
    ],
    "reduction": 98.49004745483398,
    "H_reduced_e": 0.0009264008954932054,
    "used_dense": false,
    "eigenvalue_time": "0:00:00.135573",
    "diff": 0.0009264008954892733,
    "change_from_prev": 2.737043898520721e-07,
    "circuit_cost": {
        "depth": 830,
        "size": 2771,
        "num_2q_ops": 647,
        "depth_2q": 273,
        "count_ops": {
            "rz": 970,
            "sx": 908,
            "cz": 647,
            "x": 226,
            "measure": 20,
            "barrier": 1
        }
    }
}
[2026-02-13 11:00:40,610][INFO] [Run 9] Running for Krylov dimension 7
[2026-02-13 11:00:41,392][INFO] [Run 9]
{
    "raw_unique_basis_states": 2356,
    "fermion_basis_rejected": 0,
    "kept_unique_basis_states": 2356,
    "fermion_shots_rejected": 0,
    "kept_shots": 10000
}
[2026-02-13 11:01:59,030][INFO] [Run 9]
{
    "D": 7,
    "t": 7.0,
    "num_trotter_steps": 1,
    "circuit_time": "0:00:00.712263",
    "shot_processing": {
        "raw_unique_basis_states": 2356,
        "fermion_basis_rejected": 0,
        "kept_unique_basis_states": 2356,
        "fermion_shots_rejected": 0,
        "kept_shots": 10000
    },
    "new_basis_count": 1131,
    "total_basis_count": 16964,
    "H_reduced_size": [
        16964,
        16964
    ],
    "reduction": 98.38218688964844,
    "H_reduced_e": 0.0004909890201859458,
    "used_dense": false,
    "eigenvalue_time": "0:00:00.156985",
    "diff": 0.0004909890201820138,
    "change_from_prev": 0.00043541187530725953,
    "circuit_cost": {
        "depth": 808,
        "size": 2697,
        "num_2q_ops": 647,
        "depth_2q": 273,
        "count_ops": {
            "rz": 913,
            "sx": 912,
            "cz": 647,
            "x": 205,
            "measure": 20,
            "barrier": 1
        }
    }
}
[2026-02-13 11:01:59,030][INFO] [Run 9] Running for Krylov dimension 8
[2026-02-13 11:01:59,816][INFO] [Run 9]
{
    "raw_unique_basis_states": 6276,
    "fermion_basis_rejected": 0,
    "kept_unique_basis_states": 6276,
    "fermion_shots_rejected": 0,
    "kept_shots": 10000
}
[2026-02-13 11:03:36,521][INFO] [Run 9]
{
    "D": 8,
    "t": 8.0,
    "num_trotter_steps": 1,
    "circuit_time": "0:00:00.708210",
    "shot_processing": {
        "raw_unique_basis_states": 6276,
        "fermion_basis_rejected": 0,
        "kept_unique_basis_states": 6276,
        "fermion_shots_rejected": 0,
        "kept_shots": 10000
    },
    "new_basis_count": 4131,
    "total_basis_count": 21095,
    "H_reduced_size": [
        21095,
        21095
    ],
    "reduction": 97.98822402954102,
    "H_reduced_e": 0.0004909880279902894,
    "used_dense": false,
    "eigenvalue_time": "0:00:00.204256",
    "diff": 0.0004909880279863573,
    "change_from_prev": 9.92195656472801e-10,
    "circuit_cost": {
        "depth": 831,
        "size": 2769,
        "num_2q_ops": 647,
        "depth_2q": 273,
        "count_ops": {
            "rz": 966,
            "sx": 912,
            "cz": 647,
            "x": 224,
            "measure": 20,
            "barrier": 1
        }
    }
}
[2026-02-13 11:03:36,521][INFO] [Run 9] Running for Krylov dimension 9
[2026-02-13 11:03:37,292][INFO] [Run 9]
{
    "raw_unique_basis_states": 2760,
    "fermion_basis_rejected": 0,
    "kept_unique_basis_states": 2760,
    "fermion_shots_rejected": 0,
    "kept_shots": 10000
}
[2026-02-13 11:05:21,452][INFO] [Run 9]
{
    "D": 9,
    "t": 9.0,
    "num_trotter_steps": 1,
    "circuit_time": "0:00:00.699603",
    "shot_processing": {
        "raw_unique_basis_states": 2760,
        "fermion_basis_rejected": 0,
        "kept_unique_basis_states": 2760,
        "fermion_shots_rejected": 0,
        "kept_shots": 10000
    },
    "new_basis_count": 1537,
    "total_basis_count": 22632,
    "H_reduced_size": [
        22632,
        22632
    ],
    "reduction": 97.84164428710938,
    "H_reduced_e": 0.000490954409038421,
    "used_dense": false,
    "eigenvalue_time": "0:00:00.225166",
    "diff": 0.0004909544090344889,
    "change_from_prev": 3.361895186836019e-08,
    "circuit_cost": {
        "depth": 818,
        "size": 2738,
        "num_2q_ops": 647,
        "depth_2q": 273,
        "count_ops": {
            "rz": 944,
            "sx": 912,
            "cz": 647,
            "x": 215,
            "measure": 20,
            "barrier": 1
        }
    }
}
[2026-02-13 11:05:21,453][INFO] [Run 9] Running for Krylov dimension 10
[2026-02-13 11:05:22,222][INFO] [Run 9]
{
    "raw_unique_basis_states": 3095,
    "fermion_basis_rejected": 0,
    "kept_unique_basis_states": 3095,
    "fermion_shots_rejected": 0,
    "kept_shots": 10000
}
[2026-02-13 11:07:14,377][INFO] [Run 9]
{
    "D": 10,
    "t": 10.0,
    "num_trotter_steps": 1,
    "circuit_time": "0:00:00.698280",
    "shot_processing": {
        "raw_unique_basis_states": 3095,
        "fermion_basis_rejected": 0,
        "kept_unique_basis_states": 3095,
        "fermion_shots_rejected": 0,
        "kept_shots": 10000
    },
    "new_basis_count": 1368,
    "total_basis_count": 24000,
    "H_reduced_size": [
        24000,
        24000
    ],
    "reduction": 97.711181640625,
    "H_reduced_e": 0.0004909536652697668,
    "used_dense": false,
    "eigenvalue_time": "0:00:00.234632",
    "diff": 0.0004909536652658347,
    "change_from_prev": 7.437686541959462e-10,
    "circuit_cost": {
        "depth": 821,
        "size": 2737,
        "num_2q_ops": 647,
        "depth_2q": 273,
        "count_ops": {
            "rz": 949,
            "sx": 912,
            "cz": 647,
            "x": 209,
            "measure": 20,
            "barrier": 1
        }
    }
}
[2026-02-13 11:07:14,379][INFO] [Run 9] Running for Krylov dimension 11
[2026-02-13 11:07:15,859][INFO] [Run 9]
{
    "raw_unique_basis_states": 4820,
    "fermion_basis_rejected": 0,
    "kept_unique_basis_states": 4820,
    "fermion_shots_rejected": 0,
    "kept_shots": 10000
}
[2026-02-13 11:09:24,653][INFO] [Run 9]
{
    "D": 11,
    "t": 5.5,
    "num_trotter_steps": 2,
    "circuit_time": "0:00:01.355943",
    "shot_processing": {
        "raw_unique_basis_states": 4820,
        "fermion_basis_rejected": 0,
        "kept_unique_basis_states": 4820,
        "fermion_shots_rejected": 0,
        "kept_shots": 10000
    },
    "new_basis_count": 3405,
    "total_basis_count": 27405,
    "H_reduced_size": [
        27405,
        27405
    ],
    "reduction": 97.38645553588867,
    "H_reduced_e": 0.00023690363735087746,
    "used_dense": false,
    "eigenvalue_time": "0:00:00.263793",
    "diff": 0.00023690363734694533,
    "change_from_prev": 0.00025405002791888934,
    "circuit_cost": {
        "depth": 1653,
        "size": 5532,
        "num_2q_ops": 1294,
        "depth_2q": 544,
        "count_ops": {
            "rz": 1941,
            "sx": 1823,
            "cz": 1294,
            "x": 454,
            "measure": 20,
            "barrier": 1
        }
    }
}
[2026-02-13 11:09:24,653][INFO] [Run 9] Running for Krylov dimension 12
[2026-02-13 11:09:26,124][INFO] [Run 9]
{
    "raw_unique_basis_states": 2971,
    "fermion_basis_rejected": 0,
    "kept_unique_basis_states": 2971,
    "fermion_shots_rejected": 0,
    "kept_shots": 10000
}
[2026-02-13 11:11:42,143][INFO] [Run 9]
{
    "D": 12,
    "t": 6.0,
    "num_trotter_steps": 2,
    "circuit_time": "0:00:01.351179",
    "shot_processing": {
        "raw_unique_basis_states": 2971,
        "fermion_basis_rejected": 0,
        "kept_unique_basis_states": 2971,
        "fermion_shots_rejected": 0,
        "kept_shots": 10000
    },
    "new_basis_count": 1113,
    "total_basis_count": 28518,
    "H_reduced_size": [
        28518,
        28518
    ],
    "reduction": 97.28031158447266,
    "H_reduced_e": 0.00023621527221906916,
    "used_dense": false,
    "eigenvalue_time": "0:00:00.282318",
    "diff": 0.00023621527221513703,
    "change_from_prev": 6.883651318082972e-07,
    "circuit_cost": {
        "depth": 1623,
        "size": 5432,
        "num_2q_ops": 1294,
        "depth_2q": 544,
        "count_ops": {
            "rz": 1885,
            "sx": 1823,
            "cz": 1294,
            "x": 410,
            "measure": 20,
            "barrier": 1
        }
    }
}
[2026-02-13 11:11:42,143][INFO] [Run 9] Running for Krylov dimension 13
[2026-02-13 11:11:43,634][INFO] [Run 9]
{
    "raw_unique_basis_states": 2384,
    "fermion_basis_rejected": 0,
    "kept_unique_basis_states": 2384,
    "fermion_shots_rejected": 0,
    "kept_shots": 10000
}
[2026-02-13 11:13:59,019][INFO] [Run 9]
{
    "D": 13,
    "t": 6.5,
    "num_trotter_steps": 2,
    "circuit_time": "0:00:01.351099",
    "shot_processing": {
        "raw_unique_basis_states": 2384,
        "fermion_basis_rejected": 0,
        "kept_unique_basis_states": 2384,
        "fermion_shots_rejected": 0,
        "kept_shots": 10000
    },
    "new_basis_count": 505,
    "total_basis_count": 29023,
    "H_reduced_size": [
        29023,
        29023
    ],
    "reduction": 97.23215103149414,
    "H_reduced_e": 0.00023620028858173248,
    "used_dense": false,
    "eigenvalue_time": "0:00:00.305449",
    "diff": 0.00023620028857780035,
    "change_from_prev": 1.498363733667919e-08,
    "circuit_cost": {
        "depth": 1641,
        "size": 5518,
        "num_2q_ops": 1294,
        "depth_2q": 544,
        "count_ops": {
            "rz": 1911,
            "sx": 1823,
            "cz": 1294,
            "x": 470,
            "measure": 20,
            "barrier": 1
        }
    }
}
[2026-02-13 11:13:59,019][INFO] [Run 9] Running for Krylov dimension 14
[2026-02-13 11:14:00,494][INFO] [Run 9]
{
    "raw_unique_basis_states": 3703,
    "fermion_basis_rejected": 0,
    "kept_unique_basis_states": 3703,
    "fermion_shots_rejected": 0,
    "kept_shots": 10000
}
[2026-02-13 11:16:21,196][INFO] [Run 9]
{
    "D": 14,
    "t": 7.0,
    "num_trotter_steps": 2,
    "circuit_time": "0:00:01.352977",
    "shot_processing": {
        "raw_unique_basis_states": 3703,
        "fermion_basis_rejected": 0,
        "kept_unique_basis_states": 3703,
        "fermion_shots_rejected": 0,
        "kept_shots": 10000
    },
    "new_basis_count": 1039,
    "total_basis_count": 30062,
    "H_reduced_size": [
        30062,
        30062
    ],
    "reduction": 97.13306427001953,
    "H_reduced_e": 0.00023613707178147685,
    "used_dense": false,
    "eigenvalue_time": "0:00:00.308167",
    "diff": 0.00023613707177754472,
    "change_from_prev": 6.321680025563416e-08,
    "circuit_cost": {
        "depth": 1624,
        "size": 5410,
        "num_2q_ops": 1294,
        "depth_2q": 544,
        "count_ops": {
            "rz": 1865,
            "sx": 1823,
            "cz": 1294,
            "x": 408,
            "measure": 20,
            "barrier": 1
        }
    }
}
[2026-02-13 11:16:21,196][INFO] [Run 9] Running for Krylov dimension 15
[2026-02-13 11:16:22,661][INFO] [Run 9]
{
    "raw_unique_basis_states": 4602,
    "fermion_basis_rejected": 0,
    "kept_unique_basis_states": 4602,
    "fermion_shots_rejected": 0,
    "kept_shots": 10000
}
[2026-02-13 11:18:52,979][INFO] [Run 9]
{
    "D": 15,
    "t": 7.5,
    "num_trotter_steps": 2,
    "circuit_time": "0:00:01.351648",
    "shot_processing": {
        "raw_unique_basis_states": 4602,
        "fermion_basis_rejected": 0,
        "kept_unique_basis_states": 4602,
        "fermion_shots_rejected": 0,
        "kept_shots": 10000
    },
    "new_basis_count": 1615,
    "total_basis_count": 31677,
    "H_reduced_size": [
        31677,
        31677
    ],
    "reduction": 96.97904586791992,
    "H_reduced_e": 1.54861933564568e-06,
    "used_dense": false,
    "eigenvalue_time": "0:00:00.396359",
    "diff": 1.5486193317135505e-06,
    "change_from_prev": 0.00023458845244583116,
    "circuit_cost": {
        "depth": 1636,
        "size": 5466,
        "num_2q_ops": 1294,
        "depth_2q": 544,
        "count_ops": {
            "rz": 1893,
            "sx": 1823,
            "cz": 1294,
            "x": 436,
            "measure": 20,
            "barrier": 1
        }
    }
}
[2026-02-13 11:18:52,979][INFO] [Run 9] Running for Krylov dimension 16
[2026-02-13 11:18:54,458][INFO] [Run 9]
{
    "raw_unique_basis_states": 7233,
    "fermion_basis_rejected": 0,
    "kept_unique_basis_states": 7233,
    "fermion_shots_rejected": 0,
    "kept_shots": 10000
}
[2026-02-13 11:21:42,685][INFO] [Run 9]
{
    "D": 16,
    "t": 8.0,
    "num_trotter_steps": 2,
    "circuit_time": "0:00:01.352236",
    "shot_processing": {
        "raw_unique_basis_states": 7233,
        "fermion_basis_rejected": 0,
        "kept_unique_basis_states": 7233,
        "fermion_shots_rejected": 0,
        "kept_shots": 10000
    },
    "new_basis_count": 3502,
    "total_basis_count": 35179,
    "H_reduced_size": [
        35179,
        35179
    ],
    "reduction": 96.64506912231445,
    "H_reduced_e": 1.6443854043695037e-07,
    "used_dense": false,
    "eigenvalue_time": "0:00:00.421875",
    "diff": 1.644385365048209e-07,
    "change_from_prev": 1.3841807952087296e-06,
    "circuit_cost": {
        "depth": 1638,
        "size": 5456,
        "num_2q_ops": 1294,
        "depth_2q": 544,
        "count_ops": {
            "rz": 1897,
            "sx": 1823,
            "cz": 1294,
            "x": 422,
            "measure": 20,
            "barrier": 1
        }
    }
}
[2026-02-13 11:21:42,685][INFO] [Run 9] Running for Krylov dimension 17
[2026-02-13 11:21:44,161][INFO] [Run 9]
{
    "raw_unique_basis_states": 7552,
    "fermion_basis_rejected": 0,
    "kept_unique_basis_states": 7552,
    "fermion_shots_rejected": 0,
    "kept_shots": 10000
}
[2026-02-13 11:24:51,070][INFO] [Run 9]
{
    "D": 17,
    "t": 8.5,
    "num_trotter_steps": 2,
    "circuit_time": "0:00:01.347680",
    "shot_processing": {
        "raw_unique_basis_states": 7552,
        "fermion_basis_rejected": 0,
        "kept_unique_basis_states": 7552,
        "fermion_shots_rejected": 0,
        "kept_shots": 10000
    },
    "new_basis_count": 3935,
    "total_basis_count": 39114,
    "H_reduced_size": [
        39114,
        39114
    ],
    "reduction": 96.2697982788086,
    "H_reduced_e": 1.0597371804771014e-07,
    "used_dense": false,
    "eigenvalue_time": "0:00:00.559936",
    "diff": 1.0597371411558068e-07,
    "change_from_prev": 5.846482238924023e-08,
    "circuit_cost": {
        "depth": 1617,
        "size": 5414,
        "num_2q_ops": 1294,
        "depth_2q": 544,
        "count_ops": {
            "rz": 1867,
            "sx": 1815,
            "cz": 1294,
            "x": 418,
            "measure": 20,
            "barrier": 1
        }
    }
}
[2026-02-13 11:24:51,071][INFO] [Run 9] Running for Krylov dimension 18
[2026-02-13 11:24:52,547][INFO] [Run 9]
{
    "raw_unique_basis_states": 7172,
    "fermion_basis_rejected": 0,
    "kept_unique_basis_states": 7172,
    "fermion_shots_rejected": 0,
    "kept_shots": 10000
}
[2026-02-13 11:28:20,320][INFO] [Run 9]
{
    "D": 18,
    "t": 9.0,
    "num_trotter_steps": 2,
    "circuit_time": "0:00:01.347680",
    "shot_processing": {
        "raw_unique_basis_states": 7172,
        "fermion_basis_rejected": 0,
        "kept_unique_basis_states": 7172,
        "fermion_shots_rejected": 0,
        "kept_shots": 10000
    },
    "new_basis_count": 3747,
    "total_basis_count": 42861,
    "H_reduced_size": [
        42861,
        42861
    ],
    "reduction": 95.91245651245117,
    "H_reduced_e": 1.0578355968899275e-07,
    "used_dense": false,
    "eigenvalue_time": "0:00:00.622253",
    "diff": 1.0578355575686329e-07,
    "change_from_prev": 1.9015835871738887e-10,
    "circuit_cost": {
        "depth": 1643,
        "size": 5490,
        "num_2q_ops": 1294,
        "depth_2q": 544,
        "count_ops": {
            "rz": 1923,
            "sx": 1823,
            "cz": 1294,
            "x": 430,
            "measure": 20,
            "barrier": 1
        }
    }
}
[2026-02-13 11:28:20,321][INFO] [Run 9] Running for Krylov dimension 19
[2026-02-13 11:28:21,794][INFO] [Run 9]
{
    "raw_unique_basis_states": 6561,
    "fermion_basis_rejected": 0,
    "kept_unique_basis_states": 6561,
    "fermion_shots_rejected": 0,
    "kept_shots": 10000
}
[2026-02-13 11:32:05,368][INFO] [Run 9]
{
    "D": 19,
    "t": 9.5,
    "num_trotter_steps": 2,
    "circuit_time": "0:00:01.346527",
    "shot_processing": {
        "raw_unique_basis_states": 6561,
        "fermion_basis_rejected": 0,
        "kept_unique_basis_states": 6561,
        "fermion_shots_rejected": 0,
        "kept_shots": 10000
    },
    "new_basis_count": 2904,
    "total_basis_count": 45765,
    "H_reduced_size": [
        45765,
        45765
    ],
    "reduction": 95.6355094909668,
    "H_reduced_e": 1.0577599490168535e-07,
    "used_dense": false,
    "eigenvalue_time": "0:00:00.721438",
    "diff": 1.0577599096955589e-07,
    "change_from_prev": 7.564787307399265e-12,
    "circuit_cost": {
        "depth": 1629,
        "size": 5458,
        "num_2q_ops": 1294,
        "depth_2q": 544,
        "count_ops": {
            "rz": 1889,
            "sx": 1823,
            "cz": 1294,
            "x": 432,
            "measure": 20,
            "barrier": 1
        }
    }
}
[2026-02-13 11:32:05,368][INFO] [Run 9] Running for Krylov dimension 20
[2026-02-13 11:32:07,532][INFO] [Run 9]
{
    "raw_unique_basis_states": 7674,
    "fermion_basis_rejected": 0,
    "kept_unique_basis_states": 7674,
    "fermion_shots_rejected": 0,
    "kept_shots": 10000
}
[2026-02-13 11:36:08,911][INFO] [Run 9]
{
    "D": 20,
    "t": 6.666666666666667,
    "num_trotter_steps": 3,
    "circuit_time": "0:00:01.984789",
    "shot_processing": {
        "raw_unique_basis_states": 7674,
        "fermion_basis_rejected": 0,
        "kept_unique_basis_states": 7674,
        "fermion_shots_rejected": 0,
        "kept_shots": 10000
    },
    "new_basis_count": 3684,
    "total_basis_count": 49449,
    "H_reduced_size": [
        49449,
        49449
    ],
    "reduction": 95.28417587280273,
    "H_reduced_e": 1.0129398025698131e-07,
    "used_dense": false,
    "eigenvalue_time": "0:00:00.770625",
    "diff": 1.0129397632485185e-07,
    "change_from_prev": 4.482014644704038e-09,
    "circuit_cost": {
        "depth": 2455,
        "size": 8176,
        "num_2q_ops": 1941,
        "depth_2q": 815,
        "count_ops": {
            "rz": 2836,
            "sx": 2735,
            "cz": 1941,
            "x": 644,
            "measure": 20,
            "barrier": 1
        }
    }
}
[2026-02-13 11:36:08,915][INFO] [Run 9] Done
