[2026-02-13 10:56:13,159][INFO] Running VQE for linear potential and cutoff 16
[2026-02-13 10:56:13,162][INFO] Truncation: {'m': 212, 'n': 2211, 'keep_frac_terms': 0.09588421528720036, 'keep_ratio': 0.999, 'truncated': 1.377312853455578, 'total_weight': 1381.999999999984}
[2026-02-13 10:56:13,190][INFO] min_eigenvalue: 3.9321294598410086e-15
[2026-02-13 10:56:18,420][INFO] []
[2026-02-13 10:56:18,421][INFO] [Run 7] Running for Krylov dimension 1
[2026-02-13 10:56:19,322][INFO] [Run 7]
{
    "raw_unique_basis_states": 1745,
    "fermion_basis_rejected": 0,
    "kept_unique_basis_states": 1745,
    "fermion_shots_rejected": 0,
    "kept_shots": 10000
}
[2026-02-13 10:56:32,521][INFO] [Run 7]
{
    "D": 1,
    "t": 1.0,
    "num_trotter_steps": 1,
    "circuit_time": "0:00:00.811220",
    "shot_processing": {
        "raw_unique_basis_states": 1745,
        "fermion_basis_rejected": 0,
        "kept_unique_basis_states": 1745,
        "fermion_shots_rejected": 0,
        "kept_shots": 10000
    },
    "new_basis_count": 1745,
    "total_basis_count": 1745,
    "H_reduced_size": [
        1745,
        1745
    ],
    "reduction": 99.83358383178711,
    "H_reduced_e": 0.0014839012714487172,
    "used_dense": true,
    "eigenvalue_time": "0:00:04.786553",
    "diff": 0.001483901271444785,
    "change_from_prev": null,
    "circuit_cost": {
        "depth": 826,
        "size": 2758,
        "num_2q_ops": 647,
        "depth_2q": 273,
        "count_ops": {
            "rz": 960,
            "sx": 912,
            "cz": 647,
            "x": 219,
            "measure": 20,
            "barrier": 1
        }
    }
}
[2026-02-13 10:56:32,522][INFO] [Run 7] Running for Krylov dimension 2
[2026-02-13 10:56:33,515][INFO] [Run 7]
{
    "raw_unique_basis_states": 5237,
    "fermion_basis_rejected": 0,
    "kept_unique_basis_states": 5237,
    "fermion_shots_rejected": 0,
    "kept_shots": 10000
}
[2026-02-13 10:57:05,254][INFO] [Run 7]
{
    "D": 2,
    "t": 2.0,
    "num_trotter_steps": 1,
    "circuit_time": "0:00:00.896686",
    "shot_processing": {
        "raw_unique_basis_states": 5237,
        "fermion_basis_rejected": 0,
        "kept_unique_basis_states": 5237,
        "fermion_shots_rejected": 0,
        "kept_shots": 10000
    },
    "new_basis_count": 4776,
    "total_basis_count": 6521,
    "H_reduced_size": [
        6521,
        6521
    ],
    "reduction": 99.37810897827148,
    "H_reduced_e": 0.00032385984079493207,
    "used_dense": false,
    "eigenvalue_time": "0:00:00.050336",
    "diff": 0.00032385984079099994,
    "change_from_prev": 0.001160041430653785,
    "circuit_cost": {
        "depth": 819,
        "size": 2742,
        "num_2q_ops": 647,
        "depth_2q": 273,
        "count_ops": {
            "rz": 952,
            "sx": 912,
            "cz": 647,
            "x": 211,
            "measure": 20,
            "barrier": 1
        }
    }
}
[2026-02-13 10:57:05,255][INFO] [Run 7] Running for Krylov dimension 3
[2026-02-13 10:57:06,096][INFO] [Run 7]
{
    "raw_unique_basis_states": 1843,
    "fermion_basis_rejected": 0,
    "kept_unique_basis_states": 1843,
    "fermion_shots_rejected": 0,
    "kept_shots": 10000
}
[2026-02-13 10:57:47,149][INFO] [Run 7]
{
    "D": 3,
    "t": 3.0,
    "num_trotter_steps": 1,
    "circuit_time": "0:00:00.768921",
    "shot_processing": {
        "raw_unique_basis_states": 1843,
        "fermion_basis_rejected": 0,
        "kept_unique_basis_states": 1843,
        "fermion_shots_rejected": 0,
        "kept_shots": 10000
    },
    "new_basis_count": 1328,
    "total_basis_count": 7849,
    "H_reduced_size": [
        7849,
        7849
    ],
    "reduction": 99.25146102905273,
    "H_reduced_e": 0.00032375415116705684,
    "used_dense": false,
    "eigenvalue_time": "0:00:00.071683",
    "diff": 0.0003237541511631247,
    "change_from_prev": 1.056896278752318e-07,
    "circuit_cost": {
        "depth": 819,
        "size": 2744,
        "num_2q_ops": 647,
        "depth_2q": 273,
        "count_ops": {
            "rz": 956,
            "sx": 912,
            "cz": 647,
            "x": 209,
            "measure": 20,
            "barrier": 1
        }
    }
}
[2026-02-13 10:57:47,149][INFO] [Run 7] Running for Krylov dimension 4
[2026-02-13 10:57:48,141][INFO] [Run 7]
{
    "raw_unique_basis_states": 4387,
    "fermion_basis_rejected": 0,
    "kept_unique_basis_states": 4387,
    "fermion_shots_rejected": 0,
    "kept_shots": 10000
}
[2026-02-13 10:58:44,329][INFO] [Run 7]
{
    "D": 4,
    "t": 4.0,
    "num_trotter_steps": 1,
    "circuit_time": "0:00:00.899357",
    "shot_processing": {
        "raw_unique_basis_states": 4387,
        "fermion_basis_rejected": 0,
        "kept_unique_basis_states": 4387,
        "fermion_shots_rejected": 0,
        "kept_shots": 10000
    },
    "new_basis_count": 2688,
    "total_basis_count": 10537,
    "H_reduced_size": [
        10537,
        10537
    ],
    "reduction": 98.99511337280273,
    "H_reduced_e": 0.0003234850418403906,
    "used_dense": false,
    "eigenvalue_time": "0:00:00.092911",
    "diff": 0.0003234850418364585,
    "change_from_prev": 2.6910932666621666e-07,
    "circuit_cost": {
        "depth": 826,
        "size": 2756,
        "num_2q_ops": 647,
        "depth_2q": 273,
        "count_ops": {
            "rz": 961,
            "sx": 912,
            "cz": 647,
            "x": 216,
            "measure": 20,
            "barrier": 1
        }
    }
}
[2026-02-13 10:58:44,329][INFO] [Run 7] Running for Krylov dimension 5
[2026-02-13 10:58:45,180][INFO] [Run 7]
{
    "raw_unique_basis_states": 5706,
    "fermion_basis_rejected": 0,
    "kept_unique_basis_states": 5706,
    "fermion_shots_rejected": 0,
    "kept_shots": 10000
}
[2026-02-13 11:00:06,759][INFO] [Run 7]
{
    "D": 5,
    "t": 5.0,
    "num_trotter_steps": 1,
    "circuit_time": "0:00:00.771378",
    "shot_processing": {
        "raw_unique_basis_states": 5706,
        "fermion_basis_rejected": 0,
        "kept_unique_basis_states": 5706,
        "fermion_shots_rejected": 0,
        "kept_shots": 10000
    },
    "new_basis_count": 4647,
    "total_basis_count": 15184,
    "H_reduced_size": [
        15184,
        15184
    ],
    "reduction": 98.55194091796875,
    "H_reduced_e": 0.00032348448778316967,
    "used_dense": false,
    "eigenvalue_time": "0:00:00.153043",
    "diff": 0.00032348448777923754,
    "change_from_prev": 5.54057220946997e-10,
    "circuit_cost": {
        "depth": 822,
        "size": 2739,
        "num_2q_ops": 647,
        "depth_2q": 273,
        "count_ops": {
            "rz": 947,
            "sx": 912,
            "cz": 647,
            "x": 213,
            "measure": 20,
            "barrier": 1
        }
    }
}
[2026-02-13 11:00:06,759][INFO] [Run 7] Running for Krylov dimension 6
[2026-02-13 11:00:07,629][INFO] [Run 7]
{
    "raw_unique_basis_states": 1219,
    "fermion_basis_rejected": 0,
    "kept_unique_basis_states": 1219,
    "fermion_shots_rejected": 0,
    "kept_shots": 10000
}
[2026-02-13 11:01:31,914][INFO] [Run 7]
{
    "D": 6,
    "t": 6.0,
    "num_trotter_steps": 1,
    "circuit_time": "0:00:00.796065",
    "shot_processing": {
        "raw_unique_basis_states": 1219,
        "fermion_basis_rejected": 0,
        "kept_unique_basis_states": 1219,
        "fermion_shots_rejected": 0,
        "kept_shots": 10000
    },
    "new_basis_count": 729,
    "total_basis_count": 15913,
    "H_reduced_size": [
        15913,
        15913
    ],
    "reduction": 98.48241806030273,
    "H_reduced_e": 0.0003233658402028647,
    "used_dense": false,
    "eigenvalue_time": "0:00:00.166497",
    "diff": 0.00032336584019893255,
    "change_from_prev": 1.1864758030498716e-07,
    "circuit_cost": {
        "depth": 830,
        "size": 2771,
        "num_2q_ops": 647,
        "depth_2q": 273,
        "count_ops": {
            "rz": 970,
            "sx": 908,
            "cz": 647,
            "x": 226,
            "measure": 20,
            "barrier": 1
        }
    }
}
[2026-02-13 11:01:31,914][INFO] [Run 7] Running for Krylov dimension 7
[2026-02-13 11:01:32,780][INFO] [Run 7]
{
    "raw_unique_basis_states": 2286,
    "fermion_basis_rejected": 0,
    "kept_unique_basis_states": 2286,
    "fermion_shots_rejected": 0,
    "kept_shots": 10000
}
[2026-02-13 11:02:55,428][INFO] [Run 7]
{
    "D": 7,
    "t": 7.0,
    "num_trotter_steps": 1,
    "circuit_time": "0:00:00.787093",
    "shot_processing": {
        "raw_unique_basis_states": 2286,
        "fermion_basis_rejected": 0,
        "kept_unique_basis_states": 2286,
        "fermion_shots_rejected": 0,
        "kept_shots": 10000
    },
    "new_basis_count": 1076,
    "total_basis_count": 16989,
    "H_reduced_size": [
        16989,
        16989
    ],
    "reduction": 98.37980270385742,
    "H_reduced_e": 0.00026195214587373196,
    "used_dense": false,
    "eigenvalue_time": "0:00:00.164890",
    "diff": 0.00026195214586979983,
    "change_from_prev": 6.141369432913273e-05,
    "circuit_cost": {
        "depth": 808,
        "size": 2697,
        "num_2q_ops": 647,
        "depth_2q": 273,
        "count_ops": {
            "rz": 913,
            "sx": 912,
            "cz": 647,
            "x": 205,
            "measure": 20,
            "barrier": 1
        }
    }
}
[2026-02-13 11:02:55,428][INFO] [Run 7] Running for Krylov dimension 8
[2026-02-13 11:02:56,282][INFO] [Run 7]
{
    "raw_unique_basis_states": 6415,
    "fermion_basis_rejected": 0,
    "kept_unique_basis_states": 6415,
    "fermion_shots_rejected": 0,
    "kept_shots": 10000
}
[2026-02-13 11:04:50,636][INFO] [Run 7]
{
    "D": 8,
    "t": 8.0,
    "num_trotter_steps": 1,
    "circuit_time": "0:00:00.771327",
    "shot_processing": {
        "raw_unique_basis_states": 6415,
        "fermion_basis_rejected": 0,
        "kept_unique_basis_states": 6415,
        "fermion_shots_rejected": 0,
        "kept_shots": 10000
    },
    "new_basis_count": 4252,
    "total_basis_count": 21241,
    "H_reduced_size": [
        21241,
        21241
    ],
    "reduction": 97.97430038452148,
    "H_reduced_e": 0.0002618464418437128,
    "used_dense": false,
    "eigenvalue_time": "0:00:00.238100",
    "diff": 0.0002618464418397807,
    "change_from_prev": 1.0570403001915153e-07,
    "circuit_cost": {
        "depth": 831,
        "size": 2769,
        "num_2q_ops": 647,
        "depth_2q": 273,
        "count_ops": {
            "rz": 966,
            "sx": 912,
            "cz": 647,
            "x": 224,
            "measure": 20,
            "barrier": 1
        }
    }
}
[2026-02-13 11:04:50,637][INFO] [Run 7] Running for Krylov dimension 9
[2026-02-13 11:04:51,571][INFO] [Run 7]
{
    "raw_unique_basis_states": 2804,
    "fermion_basis_rejected": 0,
    "kept_unique_basis_states": 2804,
    "fermion_shots_rejected": 0,
    "kept_shots": 10000
}
[2026-02-13 11:06:55,586][INFO] [Run 7]
{
    "D": 9,
    "t": 9.0,
    "num_trotter_steps": 1,
    "circuit_time": "0:00:00.849701",
    "shot_processing": {
        "raw_unique_basis_states": 2804,
        "fermion_basis_rejected": 0,
        "kept_unique_basis_states": 2804,
        "fermion_shots_rejected": 0,
        "kept_shots": 10000
    },
    "new_basis_count": 1573,
    "total_basis_count": 22814,
    "H_reduced_size": [
        22814,
        22814
    ],
    "reduction": 97.82428741455078,
    "H_reduced_e": 0.0002617726758318388,
    "used_dense": false,
    "eigenvalue_time": "0:00:00.255312",
    "diff": 0.00026177267582790667,
    "change_from_prev": 7.376601187400553e-08,
    "circuit_cost": {
        "depth": 818,
        "size": 2738,
        "num_2q_ops": 647,
        "depth_2q": 273,
        "count_ops": {
            "rz": 944,
            "sx": 912,
            "cz": 647,
            "x": 215,
            "measure": 20,
            "barrier": 1
        }
    }
}
[2026-02-13 11:06:55,588][INFO] [Run 7] Running for Krylov dimension 10
[2026-02-13 11:06:56,477][INFO] [Run 7]
{
    "raw_unique_basis_states": 3063,
    "fermion_basis_rejected": 0,
    "kept_unique_basis_states": 3063,
    "fermion_shots_rejected": 0,
    "kept_shots": 10000
}
[2026-02-13 11:09:12,175][INFO] [Run 7]
{
    "D": 10,
    "t": 10.0,
    "num_trotter_steps": 1,
    "circuit_time": "0:00:00.809131",
    "shot_processing": {
        "raw_unique_basis_states": 3063,
        "fermion_basis_rejected": 0,
        "kept_unique_basis_states": 3063,
        "fermion_shots_rejected": 0,
        "kept_shots": 10000
    },
    "new_basis_count": 1342,
    "total_basis_count": 24156,
    "H_reduced_size": [
        24156,
        24156
    ],
    "reduction": 97.69630432128906,
    "H_reduced_e": 0.0002616759161840286,
    "used_dense": false,
    "eigenvalue_time": "0:00:00.285109",
    "diff": 0.0002616759161800965,
    "change_from_prev": 9.675964781019836e-08,
    "circuit_cost": {
        "depth": 821,
        "size": 2737,
        "num_2q_ops": 647,
        "depth_2q": 273,
        "count_ops": {
            "rz": 949,
            "sx": 912,
            "cz": 647,
            "x": 209,
            "measure": 20,
            "barrier": 1
        }
    }
}
[2026-02-13 11:09:12,175][INFO] [Run 7] Running for Krylov dimension 11
[2026-02-13 11:09:13,163][INFO] [Run 7]
{
    "raw_unique_basis_states": 6340,
    "fermion_basis_rejected": 0,
    "kept_unique_basis_states": 6340,
    "fermion_shots_rejected": 0,
    "kept_shots": 10000
}
[2026-02-13 11:11:43,890][INFO] [Run 7]
{
    "D": 11,
    "t": 11.0,
    "num_trotter_steps": 1,
    "circuit_time": "0:00:00.887039",
    "shot_processing": {
        "raw_unique_basis_states": 6340,
        "fermion_basis_rejected": 0,
        "kept_unique_basis_states": 6340,
        "fermion_shots_rejected": 0,
        "kept_shots": 10000
    },
    "new_basis_count": 2918,
    "total_basis_count": 27074,
    "H_reduced_size": [
        27074,
        27074
    ],
    "reduction": 97.41802215576172,
    "H_reduced_e": 0.00026163006578118193,
    "used_dense": false,
    "eigenvalue_time": "0:00:00.320205",
    "diff": 0.0002616300657772498,
    "change_from_prev": 4.585040284666971e-08,
    "circuit_cost": {
        "depth": 816,
        "size": 2710,
        "num_2q_ops": 647,
        "depth_2q": 273,
        "count_ops": {
            "rz": 937,
            "sx": 912,
            "cz": 647,
            "x": 194,
            "measure": 20,
            "barrier": 1
        }
    }
}
[2026-02-13 11:11:43,890][INFO] [Run 7] Running for Krylov dimension 12
[2026-02-13 11:11:44,798][INFO] [Run 7]
{
    "raw_unique_basis_states": 1168,
    "fermion_basis_rejected": 0,
    "kept_unique_basis_states": 1168,
    "fermion_shots_rejected": 0,
    "kept_shots": 10000
}
[2026-02-13 11:14:11,845][INFO] [Run 7]
{
    "D": 12,
    "t": 12.0,
    "num_trotter_steps": 1,
    "circuit_time": "0:00:00.827070",
    "shot_processing": {
        "raw_unique_basis_states": 1168,
        "fermion_basis_rejected": 0,
        "kept_unique_basis_states": 1168,
        "fermion_shots_rejected": 0,
        "kept_shots": 10000
    },
    "new_basis_count": 289,
    "total_basis_count": 27363,
    "H_reduced_size": [
        27363,
        27363
    ],
    "reduction": 97.39046096801758,
    "H_reduced_e": 0.00026118363734900095,
    "used_dense": false,
    "eigenvalue_time": "0:00:00.264353",
    "diff": 0.0002611836373450688,
    "change_from_prev": 4.464284321809833e-07,
    "circuit_cost": {
        "depth": 828,
        "size": 2772,
        "num_2q_ops": 647,
        "depth_2q": 273,
        "count_ops": {
            "rz": 967,
            "sx": 912,
            "cz": 647,
            "x": 226,
            "measure": 20,
            "barrier": 1
        }
    }
}
[2026-02-13 11:14:11,846][INFO] [Run 7] Running for Krylov dimension 13
[2026-02-13 11:14:12,682][INFO] [Run 7]
{
    "raw_unique_basis_states": 774,
    "fermion_basis_rejected": 0,
    "kept_unique_basis_states": 774,
    "fermion_shots_rejected": 0,
    "kept_shots": 10000
}
[2026-02-13 11:16:46,290][INFO] [Run 7]
{
    "D": 13,
    "t": 13.0,
    "num_trotter_steps": 1,
    "circuit_time": "0:00:00.767069",
    "shot_processing": {
        "raw_unique_basis_states": 774,
        "fermion_basis_rejected": 0,
        "kept_unique_basis_states": 774,
        "fermion_shots_rejected": 0,
        "kept_shots": 10000
    },
    "new_basis_count": 120,
    "total_basis_count": 27483,
    "H_reduced_size": [
        27483,
        27483
    ],
    "reduction": 97.3790168762207,
    "H_reduced_e": 0.0002611831056412697,
    "used_dense": false,
    "eigenvalue_time": "0:00:00.361401",
    "diff": 0.0002611831056373376,
    "change_from_prev": 5.317077312293195e-10,
    "circuit_cost": {
        "depth": 826,
        "size": 2742,
        "num_2q_ops": 647,
        "depth_2q": 273,
        "count_ops": {
            "rz": 942,
            "sx": 912,
            "cz": 647,
            "x": 221,
            "measure": 20,
            "barrier": 1
        }
    }
}
[2026-02-13 11:16:46,290][INFO] [Run 7] Running for Krylov dimension 14
[2026-02-13 11:16:48,200][INFO] [Run 7]
{
    "raw_unique_basis_states": 3736,
    "fermion_basis_rejected": 0,
    "kept_unique_basis_states": 3736,
    "fermion_shots_rejected": 0,
    "kept_shots": 10000
}
[2026-02-13 11:19:34,049][INFO] [Run 7]
{
    "D": 14,
    "t": 7.0,
    "num_trotter_steps": 2,
    "circuit_time": "0:00:01.754872",
    "shot_processing": {
        "raw_unique_basis_states": 3736,
        "fermion_basis_rejected": 0,
        "kept_unique_basis_states": 3736,
        "fermion_shots_rejected": 0,
        "kept_shots": 10000
    },
    "new_basis_count": 2092,
    "total_basis_count": 29575,
    "H_reduced_size": [
        29575,
        29575
    ],
    "reduction": 97.17950820922852,
    "H_reduced_e": 0.0002607785265423231,
    "used_dense": false,
    "eigenvalue_time": "0:00:00.401703",
    "diff": 0.000260778526538391,
    "change_from_prev": 4.0457909894660304e-07,
    "circuit_cost": {
        "depth": 1624,
        "size": 5410,
        "num_2q_ops": 1294,
        "depth_2q": 544,
        "count_ops": {
            "rz": 1865,
            "sx": 1823,
            "cz": 1294,
            "x": 408,
            "measure": 20,
            "barrier": 1
        }
    }
}
[2026-02-13 11:19:34,049][INFO] [Run 7] Running for Krylov dimension 15
[2026-02-13 11:19:35,685][INFO] [Run 7]
{
    "raw_unique_basis_states": 4727,
    "fermion_basis_rejected": 0,
    "kept_unique_basis_states": 4727,
    "fermion_shots_rejected": 0,
    "kept_shots": 10000
}
[2026-02-13 11:22:35,753][INFO] [Run 7]
{
    "D": 15,
    "t": 7.5,
    "num_trotter_steps": 2,
    "circuit_time": "0:00:01.488373",
    "shot_processing": {
        "raw_unique_basis_states": 4727,
        "fermion_basis_rejected": 0,
        "kept_unique_basis_states": 4727,
        "fermion_shots_rejected": 0,
        "kept_shots": 10000
    },
    "new_basis_count": 2122,
    "total_basis_count": 31697,
    "H_reduced_size": [
        31697,
        31697
    ],
    "reduction": 96.97713851928711,
    "H_reduced_e": 7.514424562986659e-06,
    "used_dense": false,
    "eigenvalue_time": "0:00:00.438481",
    "diff": 7.51442455905453e-06,
    "change_from_prev": 0.00025326410197933644,
    "circuit_cost": {
        "depth": 1636,
        "size": 5466,
        "num_2q_ops": 1294,
        "depth_2q": 544,
        "count_ops": {
            "rz": 1893,
            "sx": 1823,
            "cz": 1294,
            "x": 436,
            "measure": 20,
            "barrier": 1
        }
    }
}
[2026-02-13 11:22:35,753][INFO] [Run 7] Running for Krylov dimension 16
[2026-02-13 11:22:37,625][INFO] [Run 7]
{
    "raw_unique_basis_states": 7272,
    "fermion_basis_rejected": 0,
    "kept_unique_basis_states": 7272,
    "fermion_shots_rejected": 0,
    "kept_shots": 10000
}
[2026-02-13 11:25:51,361][INFO] [Run 7]
{
    "D": 16,
    "t": 8.0,
    "num_trotter_steps": 2,
    "circuit_time": "0:00:01.711157",
    "shot_processing": {
        "raw_unique_basis_states": 7272,
        "fermion_basis_rejected": 0,
        "kept_unique_basis_states": 7272,
        "fermion_shots_rejected": 0,
        "kept_shots": 10000
    },
    "new_basis_count": 3761,
    "total_basis_count": 35458,
    "H_reduced_size": [
        35458,
        35458
    ],
    "reduction": 96.61846160888672,
    "H_reduced_e": 6.410005743890191e-06,
    "used_dense": false,
    "eigenvalue_time": "0:00:00.494810",
    "diff": 6.410005739958061e-06,
    "change_from_prev": 1.1044188190964683e-06,
    "circuit_cost": {
        "depth": 1638,
        "size": 5456,
        "num_2q_ops": 1294,
        "depth_2q": 544,
        "count_ops": {
            "rz": 1897,
            "sx": 1823,
            "cz": 1294,
            "x": 422,
            "measure": 20,
            "barrier": 1
        }
    }
}
[2026-02-13 11:25:51,361][INFO] [Run 7] Running for Krylov dimension 17
[2026-02-13 11:25:53,003][INFO] [Run 7]
{
    "raw_unique_basis_states": 7618,
    "fermion_basis_rejected": 0,
    "kept_unique_basis_states": 7618,
    "fermion_shots_rejected": 0,
    "kept_shots": 10000
}
[2026-02-13 11:29:40,142][INFO] [Run 7]
{
    "D": 17,
    "t": 8.5,
    "num_trotter_steps": 2,
    "circuit_time": "0:00:01.499911",
    "shot_processing": {
        "raw_unique_basis_states": 7618,
        "fermion_basis_rejected": 0,
        "kept_unique_basis_states": 7618,
        "fermion_shots_rejected": 0,
        "kept_shots": 10000
    },
    "new_basis_count": 4025,
    "total_basis_count": 39483,
    "H_reduced_size": [
        39483,
        39483
    ],
    "reduction": 96.2346076965332,
    "H_reduced_e": 5.138298917933283e-06,
    "used_dense": false,
    "eigenvalue_time": "0:00:00.663576",
    "diff": 5.138298914001153e-06,
    "change_from_prev": 1.271706825956908e-06,
    "circuit_cost": {
        "depth": 1617,
        "size": 5414,
        "num_2q_ops": 1294,
        "depth_2q": 544,
        "count_ops": {
            "rz": 1867,
            "sx": 1815,
            "cz": 1294,
            "x": 418,
            "measure": 20,
            "barrier": 1
        }
    }
}
[2026-02-13 11:29:40,143][INFO] [Run 7] Running for Krylov dimension 18
[2026-02-13 11:29:41,986][INFO] [Run 7]
{
    "raw_unique_basis_states": 7173,
    "fermion_basis_rejected": 0,
    "kept_unique_basis_states": 7173,
    "fermion_shots_rejected": 0,
    "kept_shots": 10000
}
[2026-02-13 11:33:41,151][INFO] [Run 7]
{
    "D": 18,
    "t": 9.0,
    "num_trotter_steps": 2,
    "circuit_time": "0:00:01.683523",
    "shot_processing": {
        "raw_unique_basis_states": 7173,
        "fermion_basis_rejected": 0,
        "kept_unique_basis_states": 7173,
        "fermion_shots_rejected": 0,
        "kept_shots": 10000
    },
    "new_basis_count": 3739,
    "total_basis_count": 43222,
    "H_reduced_size": [
        43222,
        43222
    ],
    "reduction": 95.8780288696289,
    "H_reduced_e": 2.5753257458237847e-06,
    "used_dense": false,
    "eigenvalue_time": "0:00:00.822318",
    "diff": 2.5753257418916553e-06,
    "change_from_prev": 2.562973172109498e-06,
    "circuit_cost": {
        "depth": 1643,
        "size": 5490,
        "num_2q_ops": 1294,
        "depth_2q": 544,
        "count_ops": {
            "rz": 1923,
            "sx": 1823,
            "cz": 1294,
            "x": 430,
            "measure": 20,
            "barrier": 1
        }
    }
}
[2026-02-13 11:33:41,152][INFO] [Run 7] Running for Krylov dimension 19
[2026-02-13 11:33:43,030][INFO] [Run 7]
{
    "raw_unique_basis_states": 6613,
    "fermion_basis_rejected": 0,
    "kept_unique_basis_states": 6613,
    "fermion_shots_rejected": 0,
    "kept_shots": 10000
}
[2026-02-13 11:38:10,776][INFO] [Run 7]
{
    "D": 19,
    "t": 9.5,
    "num_trotter_steps": 2,
    "circuit_time": "0:00:01.714027",
    "shot_processing": {
        "raw_unique_basis_states": 6613,
        "fermion_basis_rejected": 0,
        "kept_unique_basis_states": 6613,
        "fermion_shots_rejected": 0,
        "kept_shots": 10000
    },
    "new_basis_count": 2836,
    "total_basis_count": 46058,
    "H_reduced_size": [
        46058,
        46058
    ],
    "reduction": 95.6075668334961,
    "H_reduced_e": 2.5753152735189038e-06,
    "used_dense": false,
    "eigenvalue_time": "0:00:00.889836",
    "diff": 2.5753152695867744e-06,
    "change_from_prev": 1.0472304880909666e-11,
    "circuit_cost": {
        "depth": 1629,
        "size": 5458,
        "num_2q_ops": 1294,
        "depth_2q": 544,
        "count_ops": {
            "rz": 1889,
            "sx": 1823,
            "cz": 1294,
            "x": 432,
            "measure": 20,
            "barrier": 1
        }
    }
}
[2026-02-13 11:38:10,778][INFO] [Run 7] Running for Krylov dimension 20
[2026-02-13 11:38:12,623][INFO] [Run 7]
{
    "raw_unique_basis_states": 6873,
    "fermion_basis_rejected": 0,
    "kept_unique_basis_states": 6873,
    "fermion_shots_rejected": 0,
    "kept_shots": 10000
}
[2026-02-13 11:42:55,414][INFO] [Run 7]
{
    "D": 20,
    "t": 10.0,
    "num_trotter_steps": 2,
    "circuit_time": "0:00:01.679052",
    "shot_processing": {
        "raw_unique_basis_states": 6873,
        "fermion_basis_rejected": 0,
        "kept_unique_basis_states": 6873,
        "fermion_shots_rejected": 0,
        "kept_shots": 10000
    },
    "new_basis_count": 2664,
    "total_basis_count": 48722,
    "H_reduced_size": [
        48722,
        48722
    ],
    "reduction": 95.35350799560547,
    "H_reduced_e": 2.560570655079436e-06,
    "used_dense": false,
    "eigenvalue_time": "0:00:00.999256",
    "diff": 2.5605706511473067e-06,
    "change_from_prev": 1.47446184394677e-08,
    "circuit_cost": {
        "depth": 1631,
        "size": 5420,
        "num_2q_ops": 1294,
        "depth_2q": 544,
        "count_ops": {
            "rz": 1867,
            "sx": 1823,
            "cz": 1294,
            "x": 416,
            "measure": 20,
            "barrier": 1
        }
    }
}
[2026-02-13 11:42:55,414][INFO] [Run 7] Running for Krylov dimension 21
[2026-02-13 11:42:57,134][INFO] [Run 7]
{
    "raw_unique_basis_states": 7934,
    "fermion_basis_rejected": 0,
    "kept_unique_basis_states": 7934,
    "fermion_shots_rejected": 0,
    "kept_shots": 10000
}
[2026-02-13 11:48:02,493][INFO] [Run 7]
{
    "D": 21,
    "t": 10.5,
    "num_trotter_steps": 2,
    "circuit_time": "0:00:01.566735",
    "shot_processing": {
        "raw_unique_basis_states": 7934,
        "fermion_basis_rejected": 0,
        "kept_unique_basis_states": 7934,
        "fermion_shots_rejected": 0,
        "kept_shots": 10000
    },
    "new_basis_count": 2892,
    "total_basis_count": 51614,
    "H_reduced_size": [
        51614,
        51614
    ],
    "reduction": 95.07770538330078,
    "H_reduced_e": 6.926841837901109e-07,
    "used_dense": false,
    "eigenvalue_time": "0:00:00.878423",
    "diff": 6.926841798579814e-07,
    "change_from_prev": 1.8678864712893252e-06,
    "circuit_cost": {
        "depth": 1629,
        "size": 5456,
        "num_2q_ops": 1294,
        "depth_2q": 544,
        "count_ops": {
            "rz": 1887,
            "sx": 1823,
            "cz": 1294,
            "x": 432,
            "measure": 20,
            "barrier": 1
        }
    }
}
[2026-02-13 11:48:02,494][INFO] [Run 7] Running for Krylov dimension 22
[2026-02-13 11:48:04,165][INFO] [Run 7]
{
    "raw_unique_basis_states": 7109,
    "fermion_basis_rejected": 0,
    "kept_unique_basis_states": 7109,
    "fermion_shots_rejected": 0,
    "kept_shots": 10000
}
[2026-02-13 11:53:11,078][INFO] [Run 7]
{
    "D": 22,
    "t": 11.0,
    "num_trotter_steps": 2,
    "circuit_time": "0:00:01.525234",
    "shot_processing": {
        "raw_unique_basis_states": 7109,
        "fermion_basis_rejected": 0,
        "kept_unique_basis_states": 7109,
        "fermion_shots_rejected": 0,
        "kept_shots": 10000
    },
    "new_basis_count": 1782,
    "total_basis_count": 53396,
    "H_reduced_size": [
        53396,
        53396
    ],
    "reduction": 94.90776062011719,
    "H_reduced_e": 6.848957581853535e-07,
    "used_dense": false,
    "eigenvalue_time": "0:00:01.072748",
    "diff": 6.84895754253224e-07,
    "change_from_prev": 7.78842560475738e-09,
    "circuit_cost": {
        "depth": 1634,
        "size": 5464,
        "num_2q_ops": 1294,
        "depth_2q": 544,
        "count_ops": {
            "rz": 1897,
            "sx": 1823,
            "cz": 1294,
            "x": 430,
            "measure": 20,
            "barrier": 1
        }
    }
}
[2026-02-13 11:53:11,078][INFO] [Run 7] Running for Krylov dimension 23
[2026-02-13 11:53:13,460][INFO] [Run 7]
{
    "raw_unique_basis_states": 7213,
    "fermion_basis_rejected": 0,
    "kept_unique_basis_states": 7213,
    "fermion_shots_rejected": 0,
    "kept_shots": 10000
}
[2026-02-13 11:58:44,341][INFO] [Run 7]
{
    "D": 23,
    "t": 7.666666666666667,
    "num_trotter_steps": 3,
    "circuit_time": "0:00:02.179214",
    "shot_processing": {
        "raw_unique_basis_states": 7213,
        "fermion_basis_rejected": 0,
        "kept_unique_basis_states": 7213,
        "fermion_shots_rejected": 0,
        "kept_shots": 10000
    },
    "new_basis_count": 2503,
    "total_basis_count": 55899,
    "H_reduced_size": [
        55899,
        55899
    ],
    "reduction": 94.6690559387207,
    "H_reduced_e": 6.848949179812513e-07,
    "used_dense": false,
    "eigenvalue_time": "0:00:01.055215",
    "diff": 6.848949140491218e-07,
    "change_from_prev": 8.40204102200241e-13,
    "circuit_cost": {
        "depth": 2448,
        "size": 8142,
        "num_2q_ops": 1941,
        "depth_2q": 815,
        "count_ops": {
            "rz": 2830,
            "sx": 2735,
            "cz": 1941,
            "x": 616,
            "measure": 20,
            "barrier": 1
        }
    }
}
[2026-02-13 11:58:44,341][INFO] [Run 7] Running for Krylov dimension 24
[2026-02-13 11:58:46,976][INFO] [Run 7]
{
    "raw_unique_basis_states": 6686,
    "fermion_basis_rejected": 0,
    "kept_unique_basis_states": 6686,
    "fermion_shots_rejected": 0,
    "kept_shots": 10000
}
[2026-02-13 12:04:35,338][INFO] [Run 7]
{
    "D": 24,
    "t": 8.0,
    "num_trotter_steps": 3,
    "circuit_time": "0:00:02.417156",
    "shot_processing": {
        "raw_unique_basis_states": 6686,
        "fermion_basis_rejected": 0,
        "kept_unique_basis_states": 6686,
        "fermion_shots_rejected": 0,
        "kept_shots": 10000
    },
    "new_basis_count": 1715,
    "total_basis_count": 57614,
    "H_reduced_size": [
        57614,
        57614
    ],
    "reduction": 94.50550079345703,
    "H_reduced_e": 6.847505283650088e-07,
    "used_dense": false,
    "eigenvalue_time": "0:00:01.129984",
    "diff": 6.847505244328793e-07,
    "change_from_prev": 1.4438961624250158e-10,
    "circuit_cost": {
        "depth": 2441,
        "size": 8140,
        "num_2q_ops": 1941,
        "depth_2q": 815,
        "count_ops": {
            "rz": 2811,
            "sx": 2735,
            "cz": 1941,
            "x": 633,
            "measure": 20,
            "barrier": 1
        }
    }
}
[2026-02-13 12:04:35,343][INFO] [Run 7] Done
