[2026-02-13 10:56:12,982][INFO] Running VQE for linear potential and cutoff 16
[2026-02-13 10:56:12,984][INFO] Truncation: {'m': 212, 'n': 2211, 'keep_frac_terms': 0.09588421528720036, 'keep_ratio': 0.999, 'truncated': 1.377312853455578, 'total_weight': 1381.999999999984}
[2026-02-13 10:56:13,009][INFO] min_eigenvalue: 3.9321294598410086e-15
[2026-02-13 10:56:15,862][INFO] []
[2026-02-13 10:56:15,863][INFO] [Run 0] Running for Krylov dimension 1
[2026-02-13 10:56:16,652][INFO] [Run 0]
{
    "raw_unique_basis_states": 1756,
    "fermion_basis_rejected": 0,
    "kept_unique_basis_states": 1756,
    "fermion_shots_rejected": 0,
    "kept_shots": 10000
}
[2026-02-13 10:56:28,040][INFO] [Run 0]
{
    "D": 1,
    "t": 1.0,
    "num_trotter_steps": 1,
    "circuit_time": "0:00:00.709076",
    "shot_processing": {
        "raw_unique_basis_states": 1756,
        "fermion_basis_rejected": 0,
        "kept_unique_basis_states": 1756,
        "fermion_shots_rejected": 0,
        "kept_shots": 10000
    },
    "new_basis_count": 1756,
    "total_basis_count": 1756,
    "H_reduced_size": [
        1756,
        1756
    ],
    "reduction": 99.83253479003906,
    "H_reduced_e": 0.0010919458718254755,
    "used_dense": true,
    "eigenvalue_time": "0:00:04.052247",
    "diff": 0.0010919458718215433,
    "change_from_prev": null,
    "circuit_cost": {
        "depth": 826,
        "size": 2758,
        "num_2q_ops": 647,
        "depth_2q": 273,
        "count_ops": {
            "rz": 960,
            "sx": 912,
            "cz": 647,
            "x": 219,
            "measure": 20,
            "barrier": 1
        }
    }
}
[2026-02-13 10:56:28,040][INFO] [Run 0] Running for Krylov dimension 2
[2026-02-13 10:56:28,817][INFO] [Run 0]
{
    "raw_unique_basis_states": 5193,
    "fermion_basis_rejected": 0,
    "kept_unique_basis_states": 5193,
    "fermion_shots_rejected": 0,
    "kept_shots": 10000
}
[2026-02-13 10:56:56,940][INFO] [Run 0]
{
    "D": 2,
    "t": 2.0,
    "num_trotter_steps": 1,
    "circuit_time": "0:00:00.702528",
    "shot_processing": {
        "raw_unique_basis_states": 5193,
        "fermion_basis_rejected": 0,
        "kept_unique_basis_states": 5193,
        "fermion_shots_rejected": 0,
        "kept_shots": 10000
    },
    "new_basis_count": 4729,
    "total_basis_count": 6485,
    "H_reduced_size": [
        6485,
        6485
    ],
    "reduction": 99.38154220581055,
    "H_reduced_e": 0.0007115092757133698,
    "used_dense": false,
    "eigenvalue_time": "0:00:00.043900",
    "diff": 0.0007115092757094377,
    "change_from_prev": 0.0003804365961121057,
    "circuit_cost": {
        "depth": 819,
        "size": 2742,
        "num_2q_ops": 647,
        "depth_2q": 273,
        "count_ops": {
            "rz": 952,
            "sx": 912,
            "cz": 647,
            "x": 211,
            "measure": 20,
            "barrier": 1
        }
    }
}
[2026-02-13 10:56:56,940][INFO] [Run 0] Running for Krylov dimension 3
[2026-02-13 10:56:57,701][INFO] [Run 0]
{
    "raw_unique_basis_states": 1842,
    "fermion_basis_rejected": 0,
    "kept_unique_basis_states": 1842,
    "fermion_shots_rejected": 0,
    "kept_shots": 10000
}
[2026-02-13 10:57:32,608][INFO] [Run 0]
{
    "D": 3,
    "t": 3.0,
    "num_trotter_steps": 1,
    "circuit_time": "0:00:00.692215",
    "shot_processing": {
        "raw_unique_basis_states": 1842,
        "fermion_basis_rejected": 0,
        "kept_unique_basis_states": 1842,
        "fermion_shots_rejected": 0,
        "kept_shots": 10000
    },
    "new_basis_count": 1302,
    "total_basis_count": 7787,
    "H_reduced_size": [
        7787,
        7787
    ],
    "reduction": 99.25737380981445,
    "H_reduced_e": 0.0007114024452845257,
    "used_dense": false,
    "eigenvalue_time": "0:00:00.055447",
    "diff": 0.0007114024452805936,
    "change_from_prev": 1.0683042884411346e-07,
    "circuit_cost": {
        "depth": 819,
        "size": 2744,
        "num_2q_ops": 647,
        "depth_2q": 273,
        "count_ops": {
            "rz": 956,
            "sx": 912,
            "cz": 647,
            "x": 209,
            "measure": 20,
            "barrier": 1
        }
    }
}
[2026-02-13 10:57:32,608][INFO] [Run 0] Running for Krylov dimension 4
[2026-02-13 10:57:33,376][INFO] [Run 0]
{
    "raw_unique_basis_states": 4365,
    "fermion_basis_rejected": 0,
    "kept_unique_basis_states": 4365,
    "fermion_shots_rejected": 0,
    "kept_shots": 10000
}
[2026-02-13 10:58:21,020][INFO] [Run 0]
{
    "D": 4,
    "t": 4.0,
    "num_trotter_steps": 1,
    "circuit_time": "0:00:00.695248",
    "shot_processing": {
        "raw_unique_basis_states": 4365,
        "fermion_basis_rejected": 0,
        "kept_unique_basis_states": 4365,
        "fermion_shots_rejected": 0,
        "kept_shots": 10000
    },
    "new_basis_count": 2689,
    "total_basis_count": 10476,
    "H_reduced_size": [
        10476,
        10476
    ],
    "reduction": 99.00093078613281,
    "H_reduced_e": 0.0007089025163835277,
    "used_dense": false,
    "eigenvalue_time": "0:00:00.082355",
    "diff": 0.0007089025163795956,
    "change_from_prev": 2.499928900997995e-06,
    "circuit_cost": {
        "depth": 826,
        "size": 2756,
        "num_2q_ops": 647,
        "depth_2q": 273,
        "count_ops": {
            "rz": 961,
            "sx": 912,
            "cz": 647,
            "x": 216,
            "measure": 20,
            "barrier": 1
        }
    }
}
[2026-02-13 10:58:21,022][INFO] [Run 0] Running for Krylov dimension 5
[2026-02-13 10:58:21,807][INFO] [Run 0]
{
    "raw_unique_basis_states": 5675,
    "fermion_basis_rejected": 0,
    "kept_unique_basis_states": 5675,
    "fermion_shots_rejected": 0,
    "kept_shots": 10000
}
[2026-02-13 10:59:29,475][INFO] [Run 0]
{
    "D": 5,
    "t": 5.0,
    "num_trotter_steps": 1,
    "circuit_time": "0:00:00.710991",
    "shot_processing": {
        "raw_unique_basis_states": 5675,
        "fermion_basis_rejected": 0,
        "kept_unique_basis_states": 5675,
        "fermion_shots_rejected": 0,
        "kept_shots": 10000
    },
    "new_basis_count": 4617,
    "total_basis_count": 15093,
    "H_reduced_size": [
        15093,
        15093
    ],
    "reduction": 98.56061935424805,
    "H_reduced_e": 0.0007089000576078307,
    "used_dense": false,
    "eigenvalue_time": "0:00:00.128895",
    "diff": 0.0007089000576038986,
    "change_from_prev": 2.4587756970425104e-09,
    "circuit_cost": {
        "depth": 822,
        "size": 2739,
        "num_2q_ops": 647,
        "depth_2q": 273,
        "count_ops": {
            "rz": 947,
            "sx": 912,
            "cz": 647,
            "x": 213,
            "measure": 20,
            "barrier": 1
        }
    }
}
[2026-02-13 10:59:29,476][INFO] [Run 0] Running for Krylov dimension 6
[2026-02-13 10:59:30,258][INFO] [Run 0]
{
    "raw_unique_basis_states": 1247,
    "fermion_basis_rejected": 0,
    "kept_unique_basis_states": 1247,
    "fermion_shots_rejected": 0,
    "kept_shots": 10000
}
[2026-02-13 11:00:41,442][INFO] [Run 0]
{
    "D": 6,
    "t": 6.0,
    "num_trotter_steps": 1,
    "circuit_time": "0:00:00.714562",
    "shot_processing": {
        "raw_unique_basis_states": 1247,
        "fermion_basis_rejected": 0,
        "kept_unique_basis_states": 1247,
        "fermion_shots_rejected": 0,
        "kept_shots": 10000
    },
    "new_basis_count": 765,
    "total_basis_count": 15858,
    "H_reduced_size": [
        15858,
        15858
    ],
    "reduction": 98.48766326904297,
    "H_reduced_e": 0.0007083474661162628,
    "used_dense": false,
    "eigenvalue_time": "0:00:00.135205",
    "diff": 0.0007083474661123307,
    "change_from_prev": 5.525914915678739e-07,
    "circuit_cost": {
        "depth": 830,
        "size": 2771,
        "num_2q_ops": 647,
        "depth_2q": 273,
        "count_ops": {
            "rz": 970,
            "sx": 908,
            "cz": 647,
            "x": 226,
            "measure": 20,
            "barrier": 1
        }
    }
}
[2026-02-13 11:00:41,442][INFO] [Run 0] Running for Krylov dimension 7
[2026-02-13 11:00:42,221][INFO] [Run 0]
{
    "raw_unique_basis_states": 2334,
    "fermion_basis_rejected": 0,
    "kept_unique_basis_states": 2334,
    "fermion_shots_rejected": 0,
    "kept_shots": 10000
}
[2026-02-13 11:01:58,287][INFO] [Run 0]
{
    "D": 7,
    "t": 7.0,
    "num_trotter_steps": 1,
    "circuit_time": "0:00:00.710283",
    "shot_processing": {
        "raw_unique_basis_states": 2334,
        "fermion_basis_rejected": 0,
        "kept_unique_basis_states": 2334,
        "fermion_shots_rejected": 0,
        "kept_shots": 10000
    },
    "new_basis_count": 1084,
    "total_basis_count": 16942,
    "H_reduced_size": [
        16942,
        16942
    ],
    "reduction": 98.38428497314453,
    "H_reduced_e": 0.00025978629534042065,
    "used_dense": false,
    "eigenvalue_time": "0:00:00.149077",
    "diff": 0.0002597862953364885,
    "change_from_prev": 0.00044856117077584213,
    "circuit_cost": {
        "depth": 808,
        "size": 2697,
        "num_2q_ops": 647,
        "depth_2q": 273,
        "count_ops": {
            "rz": 913,
            "sx": 912,
            "cz": 647,
            "x": 205,
            "measure": 20,
            "barrier": 1
        }
    }
}
[2026-02-13 11:01:58,288][INFO] [Run 0] Running for Krylov dimension 8
[2026-02-13 11:01:59,071][INFO] [Run 0]
{
    "raw_unique_basis_states": 6287,
    "fermion_basis_rejected": 0,
    "kept_unique_basis_states": 6287,
    "fermion_shots_rejected": 0,
    "kept_shots": 10000
}
[2026-02-13 11:03:36,286][INFO] [Run 0]
{
    "D": 8,
    "t": 8.0,
    "num_trotter_steps": 1,
    "circuit_time": "0:00:00.707112",
    "shot_processing": {
        "raw_unique_basis_states": 6287,
        "fermion_basis_rejected": 0,
        "kept_unique_basis_states": 6287,
        "fermion_shots_rejected": 0,
        "kept_shots": 10000
    },
    "new_basis_count": 4183,
    "total_basis_count": 21125,
    "H_reduced_size": [
        21125,
        21125
    ],
    "reduction": 97.9853630065918,
    "H_reduced_e": 0.0002597807643970808,
    "used_dense": false,
    "eigenvalue_time": "0:00:00.201574",
    "diff": 0.0002597807643931487,
    "change_from_prev": 5.530943339828245e-09,
    "circuit_cost": {
        "depth": 831,
        "size": 2769,
        "num_2q_ops": 647,
        "depth_2q": 273,
        "count_ops": {
            "rz": 966,
            "sx": 912,
            "cz": 647,
            "x": 224,
            "measure": 20,
            "barrier": 1
        }
    }
}
[2026-02-13 11:03:36,288][INFO] [Run 0] Running for Krylov dimension 9
[2026-02-13 11:03:37,762][INFO] [Run 0]
{
    "raw_unique_basis_states": 6563,
    "fermion_basis_rejected": 0,
    "kept_unique_basis_states": 6563,
    "fermion_shots_rejected": 0,
    "kept_shots": 10000
}
[2026-02-13 11:05:36,864][INFO] [Run 0]
{
    "D": 9,
    "t": 4.5,
    "num_trotter_steps": 2,
    "circuit_time": "0:00:01.349973",
    "shot_processing": {
        "raw_unique_basis_states": 6563,
        "fermion_basis_rejected": 0,
        "kept_unique_basis_states": 6563,
        "fermion_shots_rejected": 0,
        "kept_shots": 10000
    },
    "new_basis_count": 4859,
    "total_basis_count": 25984,
    "H_reduced_size": [
        25984,
        25984
    ],
    "reduction": 97.52197265625,
    "H_reduced_e": 0.00025931524027446073,
    "used_dense": false,
    "eigenvalue_time": "0:00:00.253284",
    "diff": 0.0002593152402705286,
    "change_from_prev": 4.655241226200909e-07,
    "circuit_cost": {
        "depth": 1650,
        "size": 5440,
        "num_2q_ops": 1294,
        "depth_2q": 544,
        "count_ops": {
            "rz": 1885,
            "sx": 1823,
            "cz": 1294,
            "x": 418,
            "measure": 20,
            "barrier": 1
        }
    }
}
[2026-02-13 11:05:36,864][INFO] [Run 0] Running for Krylov dimension 10
[2026-02-13 11:05:38,335][INFO] [Run 0]
{
    "raw_unique_basis_states": 6304,
    "fermion_basis_rejected": 0,
    "kept_unique_basis_states": 6304,
    "fermion_shots_rejected": 0,
    "kept_shots": 10000
}
[2026-02-13 11:07:58,262][INFO] [Run 0]
{
    "D": 10,
    "t": 5.0,
    "num_trotter_steps": 2,
    "circuit_time": "0:00:01.346538",
    "shot_processing": {
        "raw_unique_basis_states": 6304,
        "fermion_basis_rejected": 0,
        "kept_unique_basis_states": 6304,
        "fermion_shots_rejected": 0,
        "kept_shots": 10000
    },
    "new_basis_count": 3895,
    "total_basis_count": 29879,
    "H_reduced_size": [
        29879,
        29879
    ],
    "reduction": 97.15051651000977,
    "H_reduced_e": 0.0002589359937313131,
    "used_dense": false,
    "eigenvalue_time": "0:00:00.307579",
    "diff": 0.000258935993727381,
    "change_from_prev": 3.7924654314760954e-07,
    "circuit_cost": {
        "depth": 1639,
        "size": 5466,
        "num_2q_ops": 1294,
        "depth_2q": 544,
        "count_ops": {
            "rz": 1901,
            "sx": 1823,
            "cz": 1294,
            "x": 428,
            "measure": 20,
            "barrier": 1
        }
    }
}
[2026-02-13 11:07:58,262][INFO] [Run 0] Running for Krylov dimension 11
[2026-02-13 11:07:59,732][INFO] [Run 0]
{
    "raw_unique_basis_states": 4827,
    "fermion_basis_rejected": 0,
    "kept_unique_basis_states": 4827,
    "fermion_shots_rejected": 0,
    "kept_shots": 10000
}
[2026-02-13 11:10:32,122][INFO] [Run 0]
{
    "D": 11,
    "t": 5.5,
    "num_trotter_steps": 2,
    "circuit_time": "0:00:01.347926",
    "shot_processing": {
        "raw_unique_basis_states": 4827,
        "fermion_basis_rejected": 0,
        "kept_unique_basis_states": 4827,
        "fermion_shots_rejected": 0,
        "kept_shots": 10000
    },
    "new_basis_count": 2140,
    "total_basis_count": 32019,
    "H_reduced_size": [
        32019,
        32019
    ],
    "reduction": 96.94643020629883,
    "H_reduced_e": 0.0002581187001083877,
    "used_dense": false,
    "eigenvalue_time": "0:00:00.349507",
    "diff": 0.0002581187001044556,
    "change_from_prev": 8.172936229254146e-07,
    "circuit_cost": {
        "depth": 1653,
        "size": 5532,
        "num_2q_ops": 1294,
        "depth_2q": 544,
        "count_ops": {
            "rz": 1941,
            "sx": 1823,
            "cz": 1294,
            "x": 454,
            "measure": 20,
            "barrier": 1
        }
    }
}
[2026-02-13 11:10:32,123][INFO] [Run 0] Running for Krylov dimension 12
[2026-02-13 11:10:33,590][INFO] [Run 0]
{
    "raw_unique_basis_states": 2993,
    "fermion_basis_rejected": 0,
    "kept_unique_basis_states": 2993,
    "fermion_shots_rejected": 0,
    "kept_shots": 10000
}
[2026-02-13 11:13:07,428][INFO] [Run 0]
{
    "D": 12,
    "t": 6.0,
    "num_trotter_steps": 2,
    "circuit_time": "0:00:01.347668",
    "shot_processing": {
        "raw_unique_basis_states": 2993,
        "fermion_basis_rejected": 0,
        "kept_unique_basis_states": 2993,
        "fermion_shots_rejected": 0,
        "kept_shots": 10000
    },
    "new_basis_count": 574,
    "total_basis_count": 32593,
    "H_reduced_size": [
        32593,
        32593
    ],
    "reduction": 96.89168930053711,
    "H_reduced_e": 0.0002581186977618312,
    "used_dense": false,
    "eigenvalue_time": "0:00:00.354929",
    "diff": 0.0002581186977578991,
    "change_from_prev": 2.3465564886158974e-12,
    "circuit_cost": {
        "depth": 1623,
        "size": 5432,
        "num_2q_ops": 1294,
        "depth_2q": 544,
        "count_ops": {
            "rz": 1885,
            "sx": 1823,
            "cz": 1294,
            "x": 410,
            "measure": 20,
            "barrier": 1
        }
    }
}
[2026-02-13 11:13:07,428][INFO] [Run 0] Running for Krylov dimension 13
[2026-02-13 11:13:08,913][INFO] [Run 0]
{
    "raw_unique_basis_states": 2405,
    "fermion_basis_rejected": 0,
    "kept_unique_basis_states": 2405,
    "fermion_shots_rejected": 0,
    "kept_shots": 10000
}
[2026-02-13 11:15:44,219][INFO] [Run 0]
{
    "D": 13,
    "t": 6.5,
    "num_trotter_steps": 2,
    "circuit_time": "0:00:01.347582",
    "shot_processing": {
        "raw_unique_basis_states": 2405,
        "fermion_basis_rejected": 0,
        "kept_unique_basis_states": 2405,
        "fermion_shots_rejected": 0,
        "kept_shots": 10000
    },
    "new_basis_count": 327,
    "total_basis_count": 32920,
    "H_reduced_size": [
        32920,
        32920
    ],
    "reduction": 96.86050415039062,
    "H_reduced_e": 0.0002581186864347438,
    "used_dense": false,
    "eigenvalue_time": "0:00:00.356367",
    "diff": 0.00025811868643081166,
    "change_from_prev": 1.132708743424235e-11,
    "circuit_cost": {
        "depth": 1641,
        "size": 5518,
        "num_2q_ops": 1294,
        "depth_2q": 544,
        "count_ops": {
            "rz": 1911,
            "sx": 1823,
            "cz": 1294,
            "x": 470,
            "measure": 20,
            "barrier": 1
        }
    }
}
[2026-02-13 11:15:44,219][INFO] [Run 0] Running for Krylov dimension 14
[2026-02-13 11:15:46,361][INFO] [Run 0]
{
    "raw_unique_basis_states": 5999,
    "fermion_basis_rejected": 0,
    "kept_unique_basis_states": 5999,
    "fermion_shots_rejected": 0,
    "kept_shots": 10000
}
[2026-02-13 11:18:34,606][INFO] [Run 0]
{
    "D": 14,
    "t": 4.666666666666667,
    "num_trotter_steps": 3,
    "circuit_time": "0:00:01.969118",
    "shot_processing": {
        "raw_unique_basis_states": 5999,
        "fermion_basis_rejected": 0,
        "kept_unique_basis_states": 5999,
        "fermion_shots_rejected": 0,
        "kept_shots": 10000
    },
    "new_basis_count": 2558,
    "total_basis_count": 35478,
    "H_reduced_size": [
        35478,
        35478
    ],
    "reduction": 96.6165542602539,
    "H_reduced_e": 0.00025809655247634427,
    "used_dense": false,
    "eigenvalue_time": "0:00:00.404998",
    "diff": 0.00025809655247241214,
    "change_from_prev": 2.21339583995157e-08,
    "circuit_cost": {
        "depth": 2440,
        "size": 8165,
        "num_2q_ops": 1941,
        "depth_2q": 815,
        "count_ops": {
            "rz": 2827,
            "sx": 2735,
            "cz": 1941,
            "x": 642,
            "measure": 20,
            "barrier": 1
        }
    }
}
[2026-02-13 11:18:34,606][INFO] [Run 0] Running for Krylov dimension 15
[2026-02-13 11:18:36,735][INFO] [Run 0]
{
    "raw_unique_basis_states": 6707,
    "fermion_basis_rejected": 0,
    "kept_unique_basis_states": 6707,
    "fermion_shots_rejected": 0,
    "kept_shots": 10000
}
[2026-02-13 11:21:38,646][INFO] [Run 0]
{
    "D": 15,
    "t": 5.0,
    "num_trotter_steps": 3,
    "circuit_time": "0:00:01.953871",
    "shot_processing": {
        "raw_unique_basis_states": 6707,
        "fermion_basis_rejected": 0,
        "kept_unique_basis_states": 6707,
        "fermion_shots_rejected": 0,
        "kept_shots": 10000
    },
    "new_basis_count": 2465,
    "total_basis_count": 37943,
    "H_reduced_size": [
        37943,
        37943
    ],
    "reduction": 96.38147354125977,
    "H_reduced_e": 0.00025800079400879896,
    "used_dense": false,
    "eigenvalue_time": "0:00:00.459941",
    "diff": 0.00025800079400486683,
    "change_from_prev": 9.57584675453124e-08,
    "circuit_cost": {
        "depth": 2449,
        "size": 8198,
        "num_2q_ops": 1941,
        "depth_2q": 815,
        "count_ops": {
            "rz": 2859,
            "sx": 2735,
            "cz": 1941,
            "x": 643,
            "measure": 20,
            "barrier": 1
        }
    }
}
[2026-02-13 11:21:38,646][INFO] [Run 0] Running for Krylov dimension 16
[2026-02-13 11:21:40,787][INFO] [Run 0]
{
    "raw_unique_basis_states": 6832,
    "fermion_basis_rejected": 0,
    "kept_unique_basis_states": 6832,
    "fermion_shots_rejected": 0,
    "kept_shots": 10000
}
[2026-02-13 11:25:00,139][INFO] [Run 0]
{
    "D": 16,
    "t": 5.333333333333333,
    "num_trotter_steps": 3,
    "circuit_time": "0:00:01.966482",
    "shot_processing": {
        "raw_unique_basis_states": 6832,
        "fermion_basis_rejected": 0,
        "kept_unique_basis_states": 6832,
        "fermion_shots_rejected": 0,
        "kept_shots": 10000
    },
    "new_basis_count": 2624,
    "total_basis_count": 40567,
    "H_reduced_size": [
        40567,
        40567
    ],
    "reduction": 96.13122940063477,
    "H_reduced_e": 0.0002580007444704181,
    "used_dense": false,
    "eigenvalue_time": "0:00:00.518161",
    "diff": 0.00025800074446648595,
    "change_from_prev": 4.95383808843744e-11,
    "circuit_cost": {
        "depth": 2437,
        "size": 8105,
        "num_2q_ops": 1941,
        "depth_2q": 815,
        "count_ops": {
            "rz": 2796,
            "sx": 2735,
            "cz": 1941,
            "x": 613,
            "measure": 20,
            "barrier": 1
        }
    }
}
[2026-02-13 11:25:00,140][INFO] [Run 0] Running for Krylov dimension 17
[2026-02-13 11:25:02,281][INFO] [Run 0]
{
    "raw_unique_basis_states": 7450,
    "fermion_basis_rejected": 0,
    "kept_unique_basis_states": 7450,
    "fermion_shots_rejected": 0,
    "kept_shots": 10000
}
[2026-02-13 11:28:32,559][INFO] [Run 0]
{
    "D": 17,
    "t": 5.666666666666667,
    "num_trotter_steps": 3,
    "circuit_time": "0:00:01.965771",
    "shot_processing": {
        "raw_unique_basis_states": 7450,
        "fermion_basis_rejected": 0,
        "kept_unique_basis_states": 7450,
        "fermion_shots_rejected": 0,
        "kept_shots": 10000
    },
    "new_basis_count": 2881,
    "total_basis_count": 43448,
    "H_reduced_size": [
        43448,
        43448
    ],
    "reduction": 95.85647583007812,
    "H_reduced_e": 0.00025799006983135656,
    "used_dense": false,
    "eigenvalue_time": "0:00:00.566918",
    "diff": 0.00025799006982742443,
    "change_from_prev": 1.0674639061515525e-08,
    "circuit_cost": {
        "depth": 2453,
        "size": 8150,
        "num_2q_ops": 1941,
        "depth_2q": 815,
        "count_ops": {
            "rz": 2816,
            "sx": 2735,
            "cz": 1941,
            "x": 638,
            "measure": 20,
            "barrier": 1
        }
    }
}
[2026-02-13 11:28:32,559][INFO] [Run 0] Running for Krylov dimension 18
[2026-02-13 11:28:34,704][INFO] [Run 0]
{
    "raw_unique_basis_states": 7624,
    "fermion_basis_rejected": 0,
    "kept_unique_basis_states": 7624,
    "fermion_shots_rejected": 0,
    "kept_shots": 10000
}
[2026-02-13 11:32:23,885][INFO] [Run 0]
{
    "D": 18,
    "t": 6.0,
    "num_trotter_steps": 3,
    "circuit_time": "0:00:01.968207",
    "shot_processing": {
        "raw_unique_basis_states": 7624,
        "fermion_basis_rejected": 0,
        "kept_unique_basis_states": 7624,
        "fermion_shots_rejected": 0,
        "kept_shots": 10000
    },
    "new_basis_count": 2979,
    "total_basis_count": 46427,
    "H_reduced_size": [
        46427,
        46427
    ],
    "reduction": 95.5723762512207,
    "H_reduced_e": 0.0002579900636105228,
    "used_dense": false,
    "eigenvalue_time": "0:00:00.650413",
    "diff": 0.0002579900636065907,
    "change_from_prev": 6.220833743963983e-12,
    "circuit_cost": {
        "depth": 2431,
        "size": 8140,
        "num_2q_ops": 1941,
        "depth_2q": 815,
        "count_ops": {
            "rz": 2821,
            "sx": 2735,
            "cz": 1941,
            "x": 623,
            "measure": 20,
            "barrier": 1
        }
    }
}
[2026-02-13 11:32:23,885][INFO] [Run 0] Running for Krylov dimension 19
[2026-02-13 11:32:26,686][INFO] [Run 0]
{
    "raw_unique_basis_states": 5927,
    "fermion_basis_rejected": 0,
    "kept_unique_basis_states": 5927,
    "fermion_shots_rejected": 0,
    "kept_shots": 10000
}
[2026-02-13 11:36:22,638][INFO] [Run 0]
{
    "D": 19,
    "t": 4.75,
    "num_trotter_steps": 4,
    "circuit_time": "0:00:02.578681",
    "shot_processing": {
        "raw_unique_basis_states": 5927,
        "fermion_basis_rejected": 0,
        "kept_unique_basis_states": 5927,
        "fermion_shots_rejected": 0,
        "kept_shots": 10000
    },
    "new_basis_count": 1064,
    "total_basis_count": 47491,
    "H_reduced_size": [
        47491,
        47491
    ],
    "reduction": 95.47090530395508,
    "H_reduced_e": 0.0002579327563271386,
    "used_dense": false,
    "eigenvalue_time": "0:00:00.632394",
    "diff": 0.0002579327563232065,
    "change_from_prev": 5.730728338420622e-08,
    "circuit_cost": {
        "depth": 3258,
        "size": 10914,
        "num_2q_ops": 2588,
        "depth_2q": 1086,
        "count_ops": {
            "rz": 3807,
            "sx": 3647,
            "cz": 2588,
            "x": 852,
            "measure": 20,
            "barrier": 1
        }
    }
}
[2026-02-13 11:36:22,638][INFO] [Run 0] Running for Krylov dimension 20
[2026-02-13 11:36:25,430][INFO] [Run 0]
{
    "raw_unique_basis_states": 5777,
    "fermion_basis_rejected": 0,
    "kept_unique_basis_states": 5777,
    "fermion_shots_rejected": 0,
    "kept_shots": 10000
}
[2026-02-13 11:40:26,272][INFO] [Run 0]
{
    "D": 20,
    "t": 5.0,
    "num_trotter_steps": 4,
    "circuit_time": "0:00:02.569894",
    "shot_processing": {
        "raw_unique_basis_states": 5777,
        "fermion_basis_rejected": 0,
        "kept_unique_basis_states": 5777,
        "fermion_shots_rejected": 0,
        "kept_shots": 10000
    },
    "new_basis_count": 918,
    "total_basis_count": 48409,
    "H_reduced_size": [
        48409,
        48409
    ],
    "reduction": 95.38335800170898,
    "H_reduced_e": 0.00025793232220437694,
    "used_dense": false,
    "eigenvalue_time": "0:00:00.609661",
    "diff": 0.0002579323222004448,
    "change_from_prev": 4.341227616646605e-10,
    "circuit_cost": {
        "depth": 3268,
        "size": 10922,
        "num_2q_ops": 2588,
        "depth_2q": 1086,
        "count_ops": {
            "rz": 3811,
            "sx": 3647,
            "cz": 2588,
            "x": 856,
            "measure": 20,
            "barrier": 1
        }
    }
}
[2026-02-13 11:40:26,272][INFO] [Run 0] Running for Krylov dimension 21
[2026-02-13 11:40:29,065][INFO] [Run 0]
{
    "raw_unique_basis_states": 5713,
    "fermion_basis_rejected": 0,
    "kept_unique_basis_states": 5713,
    "fermion_shots_rejected": 0,
    "kept_shots": 10000
}
[2026-02-13 11:44:33,447][INFO] [Run 0]
{
    "D": 21,
    "t": 5.25,
    "num_trotter_steps": 4,
    "circuit_time": "0:00:02.569947",
    "shot_processing": {
        "raw_unique_basis_states": 5713,
        "fermion_basis_rejected": 0,
        "kept_unique_basis_states": 5713,
        "fermion_shots_rejected": 0,
        "kept_shots": 10000
    },
    "new_basis_count": 969,
    "total_basis_count": 49378,
    "H_reduced_size": [
        49378,
        49378
    ],
    "reduction": 95.29094696044922,
    "H_reduced_e": 0.00025793228455961773,
    "used_dense": false,
    "eigenvalue_time": "0:00:00.661203",
    "diff": 0.0002579322845556856,
    "change_from_prev": 3.7644759217411033e-11,
    "circuit_cost": {
        "depth": 3240,
        "size": 10848,
        "num_2q_ops": 2588,
        "depth_2q": 1086,
        "count_ops": {
            "rz": 3763,
            "sx": 3647,
            "cz": 2588,
            "x": 830,
            "measure": 20,
            "barrier": 1
        }
    }
}
[2026-02-13 11:44:33,447][INFO] [Run 0] Running for Krylov dimension 22
[2026-02-13 11:44:36,931][INFO] [Run 0]
{
    "raw_unique_basis_states": 4868,
    "fermion_basis_rejected": 0,
    "kept_unique_basis_states": 4868,
    "fermion_shots_rejected": 0,
    "kept_shots": 10000
}
[2026-02-13 11:48:44,151][INFO] [Run 0]
{
    "D": 22,
    "t": 4.4,
    "num_trotter_steps": 5,
    "circuit_time": "0:00:03.209067",
    "shot_processing": {
        "raw_unique_basis_states": 4868,
        "fermion_basis_rejected": 0,
        "kept_unique_basis_states": 4868,
        "fermion_shots_rejected": 0,
        "kept_shots": 10000
    },
    "new_basis_count": 504,
    "total_basis_count": 49882,
    "H_reduced_size": [
        49882,
        49882
    ],
    "reduction": 95.24288177490234,
    "H_reduced_e": 0.00025791592247525975,
    "used_dense": false,
    "eigenvalue_time": "0:00:00.651478",
    "diff": 0.0002579159224713276,
    "change_from_prev": 1.63620843579744e-08,
    "circuit_cost": {
        "depth": 4089,
        "size": 13643,
        "num_2q_ops": 3235,
        "depth_2q": 1357,
        "count_ops": {
            "rz": 4749,
            "sx": 4559,
            "cz": 3235,
            "x": 1080,
            "measure": 20,
            "barrier": 1
        }
    }
}
[2026-02-13 11:48:44,152][INFO] [Run 0] Running for Krylov dimension 23
[2026-02-13 11:48:47,686][INFO] [Run 0]
{
    "raw_unique_basis_states": 4789,
    "fermion_basis_rejected": 0,
    "kept_unique_basis_states": 4789,
    "fermion_shots_rejected": 0,
    "kept_shots": 10000
}
[2026-02-13 11:52:56,568][INFO] [Run 0]
{
    "D": 23,
    "t": 4.6,
    "num_trotter_steps": 5,
    "circuit_time": "0:00:03.261484",
    "shot_processing": {
        "raw_unique_basis_states": 4789,
        "fermion_basis_rejected": 0,
        "kept_unique_basis_states": 4789,
        "fermion_shots_rejected": 0,
        "kept_shots": 10000
    },
    "new_basis_count": 432,
    "total_basis_count": 50314,
    "H_reduced_size": [
        50314,
        50314
    ],
    "reduction": 95.2016830444336,
    "H_reduced_e": 0.00025790658815985857,
    "used_dense": false,
    "eigenvalue_time": "0:00:00.685357",
    "diff": 0.00025790658815592643,
    "change_from_prev": 9.334315401187971e-09,
    "circuit_cost": {
        "depth": 4028,
        "size": 13521,
        "num_2q_ops": 3235,
        "depth_2q": 1357,
        "count_ops": {
            "rz": 4642,
            "sx": 4559,
            "cz": 3235,
            "x": 1065,
            "measure": 20,
            "barrier": 1
        }
    }
}
[2026-02-13 11:52:56,568][INFO] [Run 0] Running for Krylov dimension 24
[2026-02-13 11:53:00,043][INFO] [Run 0]
{
    "raw_unique_basis_states": 4721,
    "fermion_basis_rejected": 0,
    "kept_unique_basis_states": 4721,
    "fermion_shots_rejected": 0,
    "kept_shots": 10000
}
[2026-02-13 11:57:13,846][INFO] [Run 0]
{
    "D": 24,
    "t": 4.8,
    "num_trotter_steps": 5,
    "circuit_time": "0:00:03.204236",
    "shot_processing": {
        "raw_unique_basis_states": 4721,
        "fermion_basis_rejected": 0,
        "kept_unique_basis_states": 4721,
        "fermion_shots_rejected": 0,
        "kept_shots": 10000
    },
    "new_basis_count": 371,
    "total_basis_count": 50685,
    "H_reduced_size": [
        50685,
        50685
    ],
    "reduction": 95.16630172729492,
    "H_reduced_e": 0.00025790446423051193,
    "used_dense": false,
    "eigenvalue_time": "0:00:00.721186",
    "diff": 0.0002579044642265798,
    "change_from_prev": 2.123929346634079e-09,
    "circuit_cost": {
        "depth": 4068,
        "size": 13523,
        "num_2q_ops": 3235,
        "depth_2q": 1357,
        "count_ops": {
            "rz": 4671,
            "sx": 4559,
            "cz": 3235,
            "x": 1038,
            "measure": 20,
            "barrier": 1
        }
    }
}
[2026-02-13 11:57:13,850][INFO] [Run 0] Done
