[2026-02-13 10:56:13,675][INFO] Running VQE for linear potential and cutoff 16
[2026-02-13 10:56:13,677][INFO] Truncation: {'m': 212, 'n': 2211, 'keep_frac_terms': 0.09588421528720036, 'keep_ratio': 0.999, 'truncated': 1.377312853455578, 'total_weight': 1381.999999999984}
[2026-02-13 10:56:13,701][INFO] min_eigenvalue: 3.9321294598410086e-15
[2026-02-13 10:56:16,769][INFO] []
[2026-02-13 10:56:16,770][INFO] [Run 5] Running for Krylov dimension 1
[2026-02-13 10:56:17,561][INFO] [Run 5]
{
    "raw_unique_basis_states": 1764,
    "fermion_basis_rejected": 0,
    "kept_unique_basis_states": 1764,
    "fermion_shots_rejected": 0,
    "kept_shots": 10000
}
[2026-02-13 10:56:28,750][INFO] [Run 5]
{
    "D": 1,
    "t": 1.0,
    "num_trotter_steps": 1,
    "circuit_time": "0:00:00.710698",
    "shot_processing": {
        "raw_unique_basis_states": 1764,
        "fermion_basis_rejected": 0,
        "kept_unique_basis_states": 1764,
        "fermion_shots_rejected": 0,
        "kept_shots": 10000
    },
    "new_basis_count": 1764,
    "total_basis_count": 1764,
    "H_reduced_size": [
        1764,
        1764
    ],
    "reduction": 99.83177185058594,
    "H_reduced_e": 0.001463602034448281,
    "used_dense": true,
    "eigenvalue_time": "0:00:04.034768",
    "diff": 0.001463602034444349,
    "change_from_prev": null,
    "circuit_cost": {
        "depth": 826,
        "size": 2758,
        "num_2q_ops": 647,
        "depth_2q": 273,
        "count_ops": {
            "rz": 960,
            "sx": 912,
            "cz": 647,
            "x": 219,
            "measure": 20,
            "barrier": 1
        }
    }
}
[2026-02-13 10:56:28,751][INFO] [Run 5] Running for Krylov dimension 2
[2026-02-13 10:56:29,529][INFO] [Run 5]
{
    "raw_unique_basis_states": 5244,
    "fermion_basis_rejected": 0,
    "kept_unique_basis_states": 5244,
    "fermion_shots_rejected": 0,
    "kept_shots": 10000
}
[2026-02-13 10:56:57,367][INFO] [Run 5]
{
    "D": 2,
    "t": 2.0,
    "num_trotter_steps": 1,
    "circuit_time": "0:00:00.705072",
    "shot_processing": {
        "raw_unique_basis_states": 5244,
        "fermion_basis_rejected": 0,
        "kept_unique_basis_states": 5244,
        "fermion_shots_rejected": 0,
        "kept_shots": 10000
    },
    "new_basis_count": 4784,
    "total_basis_count": 6548,
    "H_reduced_size": [
        6548,
        6548
    ],
    "reduction": 99.37553405761719,
    "H_reduced_e": 0.0011073244343800489,
    "used_dense": false,
    "eigenvalue_time": "0:00:00.043990",
    "diff": 0.0011073244343761167,
    "change_from_prev": 0.0003562776000682322,
    "circuit_cost": {
        "depth": 819,
        "size": 2742,
        "num_2q_ops": 647,
        "depth_2q": 273,
        "count_ops": {
            "rz": 952,
            "sx": 912,
            "cz": 647,
            "x": 211,
            "measure": 20,
            "barrier": 1
        }
    }
}
[2026-02-13 10:56:57,368][INFO] [Run 5] Running for Krylov dimension 3
[2026-02-13 10:56:58,134][INFO] [Run 5]
{
    "raw_unique_basis_states": 1858,
    "fermion_basis_rejected": 0,
    "kept_unique_basis_states": 1858,
    "fermion_shots_rejected": 0,
    "kept_shots": 10000
}
[2026-02-13 10:57:32,419][INFO] [Run 5]
{
    "D": 3,
    "t": 3.0,
    "num_trotter_steps": 1,
    "circuit_time": "0:00:00.697186",
    "shot_processing": {
        "raw_unique_basis_states": 1858,
        "fermion_basis_rejected": 0,
        "kept_unique_basis_states": 1858,
        "fermion_shots_rejected": 0,
        "kept_shots": 10000
    },
    "new_basis_count": 1297,
    "total_basis_count": 7845,
    "H_reduced_size": [
        7845,
        7845
    ],
    "reduction": 99.2518424987793,
    "H_reduced_e": 0.001106080121307573,
    "used_dense": false,
    "eigenvalue_time": "0:00:00.056723",
    "diff": 0.001106080121303641,
    "change_from_prev": 1.2443130724757844e-06,
    "circuit_cost": {
        "depth": 819,
        "size": 2744,
        "num_2q_ops": 647,
        "depth_2q": 273,
        "count_ops": {
            "rz": 956,
            "sx": 912,
            "cz": 647,
            "x": 209,
            "measure": 20,
            "barrier": 1
        }
    }
}
[2026-02-13 10:57:32,419][INFO] [Run 5] Running for Krylov dimension 4
[2026-02-13 10:57:33,192][INFO] [Run 5]
{
    "raw_unique_basis_states": 4479,
    "fermion_basis_rejected": 0,
    "kept_unique_basis_states": 4479,
    "fermion_shots_rejected": 0,
    "kept_shots": 10000
}
[2026-02-13 10:58:20,089][INFO] [Run 5]
{
    "D": 4,
    "t": 4.0,
    "num_trotter_steps": 1,
    "circuit_time": "0:00:00.699561",
    "shot_processing": {
        "raw_unique_basis_states": 4479,
        "fermion_basis_rejected": 0,
        "kept_unique_basis_states": 4479,
        "fermion_shots_rejected": 0,
        "kept_shots": 10000
    },
    "new_basis_count": 2801,
    "total_basis_count": 10646,
    "H_reduced_size": [
        10646,
        10646
    ],
    "reduction": 98.9847183227539,
    "H_reduced_e": 0.0011052689161176437,
    "used_dense": false,
    "eigenvalue_time": "0:00:00.084067",
    "diff": 0.0011052689161137115,
    "change_from_prev": 8.11205189929368e-07,
    "circuit_cost": {
        "depth": 826,
        "size": 2756,
        "num_2q_ops": 647,
        "depth_2q": 273,
        "count_ops": {
            "rz": 961,
            "sx": 912,
            "cz": 647,
            "x": 216,
            "measure": 20,
            "barrier": 1
        }
    }
}
[2026-02-13 10:58:20,089][INFO] [Run 5] Running for Krylov dimension 5
[2026-02-13 10:58:20,878][INFO] [Run 5]
{
    "raw_unique_basis_states": 5671,
    "fermion_basis_rejected": 0,
    "kept_unique_basis_states": 5671,
    "fermion_shots_rejected": 0,
    "kept_shots": 10000
}
[2026-02-13 10:59:27,547][INFO] [Run 5]
{
    "D": 5,
    "t": 5.0,
    "num_trotter_steps": 1,
    "circuit_time": "0:00:00.715391",
    "shot_processing": {
        "raw_unique_basis_states": 5671,
        "fermion_basis_rejected": 0,
        "kept_unique_basis_states": 5671,
        "fermion_shots_rejected": 0,
        "kept_shots": 10000
    },
    "new_basis_count": 4601,
    "total_basis_count": 15247,
    "H_reduced_size": [
        15247,
        15247
    ],
    "reduction": 98.54593276977539,
    "H_reduced_e": 0.000715202133224334,
    "used_dense": false,
    "eigenvalue_time": "0:00:00.129766",
    "diff": 0.0007152021332204019,
    "change_from_prev": 0.00039006678289330975,
    "circuit_cost": {
        "depth": 822,
        "size": 2739,
        "num_2q_ops": 647,
        "depth_2q": 273,
        "count_ops": {
            "rz": 947,
            "sx": 912,
            "cz": 647,
            "x": 213,
            "measure": 20,
            "barrier": 1
        }
    }
}
[2026-02-13 10:59:27,547][INFO] [Run 5] Running for Krylov dimension 6
[2026-02-13 10:59:28,332][INFO] [Run 5]
{
    "raw_unique_basis_states": 1216,
    "fermion_basis_rejected": 0,
    "kept_unique_basis_states": 1216,
    "fermion_shots_rejected": 0,
    "kept_shots": 10000
}
[2026-02-13 11:00:39,191][INFO] [Run 5]
{
    "D": 6,
    "t": 6.0,
    "num_trotter_steps": 1,
    "circuit_time": "0:00:00.718114",
    "shot_processing": {
        "raw_unique_basis_states": 1216,
        "fermion_basis_rejected": 0,
        "kept_unique_basis_states": 1216,
        "fermion_shots_rejected": 0,
        "kept_shots": 10000
    },
    "new_basis_count": 741,
    "total_basis_count": 15988,
    "H_reduced_size": [
        15988,
        15988
    ],
    "reduction": 98.47526550292969,
    "H_reduced_e": 0.0007146869088633781,
    "used_dense": false,
    "eigenvalue_time": "0:00:00.129831",
    "diff": 0.000714686908859446,
    "change_from_prev": 5.152243609558979e-07,
    "circuit_cost": {
        "depth": 830,
        "size": 2771,
        "num_2q_ops": 647,
        "depth_2q": 273,
        "count_ops": {
            "rz": 970,
            "sx": 908,
            "cz": 647,
            "x": 226,
            "measure": 20,
            "barrier": 1
        }
    }
}
[2026-02-13 11:00:39,191][INFO] [Run 5] Running for Krylov dimension 7
[2026-02-13 11:00:39,973][INFO] [Run 5]
{
    "raw_unique_basis_states": 2324,
    "fermion_basis_rejected": 0,
    "kept_unique_basis_states": 2324,
    "fermion_shots_rejected": 0,
    "kept_shots": 10000
}
[2026-02-13 11:01:55,592][INFO] [Run 5]
{
    "D": 7,
    "t": 7.0,
    "num_trotter_steps": 1,
    "circuit_time": "0:00:00.713109",
    "shot_processing": {
        "raw_unique_basis_states": 2324,
        "fermion_basis_rejected": 0,
        "kept_unique_basis_states": 2324,
        "fermion_shots_rejected": 0,
        "kept_shots": 10000
    },
    "new_basis_count": 1050,
    "total_basis_count": 17038,
    "H_reduced_size": [
        17038,
        17038
    ],
    "reduction": 98.37512969970703,
    "H_reduced_e": 0.0002640841239733608,
    "used_dense": false,
    "eigenvalue_time": "0:00:00.149365",
    "diff": 0.0002640841239694287,
    "change_from_prev": 0.00045060278489001727,
    "circuit_cost": {
        "depth": 808,
        "size": 2697,
        "num_2q_ops": 647,
        "depth_2q": 273,
        "count_ops": {
            "rz": 913,
            "sx": 912,
            "cz": 647,
            "x": 205,
            "measure": 20,
            "barrier": 1
        }
    }
}
[2026-02-13 11:01:55,592][INFO] [Run 5] Running for Krylov dimension 8
[2026-02-13 11:01:56,379][INFO] [Run 5]
{
    "raw_unique_basis_states": 6369,
    "fermion_basis_rejected": 0,
    "kept_unique_basis_states": 6369,
    "fermion_shots_rejected": 0,
    "kept_shots": 10000
}
[2026-02-13 11:03:33,309][INFO] [Run 5]
{
    "D": 8,
    "t": 8.0,
    "num_trotter_steps": 1,
    "circuit_time": "0:00:00.710088",
    "shot_processing": {
        "raw_unique_basis_states": 6369,
        "fermion_basis_rejected": 0,
        "kept_unique_basis_states": 6369,
        "fermion_shots_rejected": 0,
        "kept_shots": 10000
    },
    "new_basis_count": 4262,
    "total_basis_count": 21300,
    "H_reduced_size": [
        21300,
        21300
    ],
    "reduction": 97.96867370605469,
    "H_reduced_e": 0.0002640685980970913,
    "used_dense": false,
    "eigenvalue_time": "0:00:00.198569",
    "diff": 0.00026406859809315915,
    "change_from_prev": 1.5525876269524563e-08,
    "circuit_cost": {
        "depth": 831,
        "size": 2769,
        "num_2q_ops": 647,
        "depth_2q": 273,
        "count_ops": {
            "rz": 966,
            "sx": 912,
            "cz": 647,
            "x": 224,
            "measure": 20,
            "barrier": 1
        }
    }
}
[2026-02-13 11:03:33,309][INFO] [Run 5] Running for Krylov dimension 9
[2026-02-13 11:03:34,077][INFO] [Run 5]
{
    "raw_unique_basis_states": 2831,
    "fermion_basis_rejected": 0,
    "kept_unique_basis_states": 2831,
    "fermion_shots_rejected": 0,
    "kept_shots": 10000
}
[2026-02-13 11:05:19,157][INFO] [Run 5]
{
    "D": 9,
    "t": 9.0,
    "num_trotter_steps": 1,
    "circuit_time": "0:00:00.699254",
    "shot_processing": {
        "raw_unique_basis_states": 2831,
        "fermion_basis_rejected": 0,
        "kept_unique_basis_states": 2831,
        "fermion_shots_rejected": 0,
        "kept_shots": 10000
    },
    "new_basis_count": 1627,
    "total_basis_count": 22927,
    "H_reduced_size": [
        22927,
        22927
    ],
    "reduction": 97.81351089477539,
    "H_reduced_e": 0.0002640670323966574,
    "used_dense": false,
    "eigenvalue_time": "0:00:00.217838",
    "diff": 0.00026406703239272527,
    "change_from_prev": 1.5657004338864855e-09,
    "circuit_cost": {
        "depth": 818,
        "size": 2738,
        "num_2q_ops": 647,
        "depth_2q": 273,
        "count_ops": {
            "rz": 944,
            "sx": 912,
            "cz": 647,
            "x": 215,
            "measure": 20,
            "barrier": 1
        }
    }
}
[2026-02-13 11:05:19,158][INFO] [Run 5] Running for Krylov dimension 10
[2026-02-13 11:05:19,928][INFO] [Run 5]
{
    "raw_unique_basis_states": 3002,
    "fermion_basis_rejected": 0,
    "kept_unique_basis_states": 3002,
    "fermion_shots_rejected": 0,
    "kept_shots": 10000
}
[2026-02-13 11:07:11,672][INFO] [Run 5]
{
    "D": 10,
    "t": 10.0,
    "num_trotter_steps": 1,
    "circuit_time": "0:00:00.699632",
    "shot_processing": {
        "raw_unique_basis_states": 3002,
        "fermion_basis_rejected": 0,
        "kept_unique_basis_states": 3002,
        "fermion_shots_rejected": 0,
        "kept_shots": 10000
    },
    "new_basis_count": 1252,
    "total_basis_count": 24179,
    "H_reduced_size": [
        24179,
        24179
    ],
    "reduction": 97.69411087036133,
    "H_reduced_e": 0.0002640666497195298,
    "used_dense": false,
    "eigenvalue_time": "0:00:00.233270",
    "diff": 0.00026406664971559765,
    "change_from_prev": 3.8267712761629047e-10,
    "circuit_cost": {
        "depth": 821,
        "size": 2737,
        "num_2q_ops": 647,
        "depth_2q": 273,
        "count_ops": {
            "rz": 949,
            "sx": 912,
            "cz": 647,
            "x": 209,
            "measure": 20,
            "barrier": 1
        }
    }
}
[2026-02-13 11:07:11,673][INFO] [Run 5] Running for Krylov dimension 11
[2026-02-13 11:07:13,151][INFO] [Run 5]
{
    "raw_unique_basis_states": 4850,
    "fermion_basis_rejected": 0,
    "kept_unique_basis_states": 4850,
    "fermion_shots_rejected": 0,
    "kept_shots": 10000
}
[2026-02-13 11:09:22,446][INFO] [Run 5]
{
    "D": 11,
    "t": 5.5,
    "num_trotter_steps": 2,
    "circuit_time": "0:00:01.355094",
    "shot_processing": {
        "raw_unique_basis_states": 4850,
        "fermion_basis_rejected": 0,
        "kept_unique_basis_states": 4850,
        "fermion_shots_rejected": 0,
        "kept_shots": 10000
    },
    "new_basis_count": 3401,
    "total_basis_count": 27580,
    "H_reduced_size": [
        27580,
        27580
    ],
    "reduction": 97.36976623535156,
    "H_reduced_e": 0.00026285602897200633,
    "used_dense": false,
    "eigenvalue_time": "0:00:00.261999",
    "diff": 0.0002628560289680742,
    "change_from_prev": 1.2106207475234484e-06,
    "circuit_cost": {
        "depth": 1653,
        "size": 5532,
        "num_2q_ops": 1294,
        "depth_2q": 544,
        "count_ops": {
            "rz": 1941,
            "sx": 1823,
            "cz": 1294,
            "x": 454,
            "measure": 20,
            "barrier": 1
        }
    }
}
[2026-02-13 11:09:22,447][INFO] [Run 5] Running for Krylov dimension 12
[2026-02-13 11:09:23,917][INFO] [Run 5]
{
    "raw_unique_basis_states": 2959,
    "fermion_basis_rejected": 0,
    "kept_unique_basis_states": 2959,
    "fermion_shots_rejected": 0,
    "kept_shots": 10000
}
[2026-02-13 11:11:36,738][INFO] [Run 5]
{
    "D": 12,
    "t": 6.0,
    "num_trotter_steps": 2,
    "circuit_time": "0:00:01.352103",
    "shot_processing": {
        "raw_unique_basis_states": 2959,
        "fermion_basis_rejected": 0,
        "kept_unique_basis_states": 2959,
        "fermion_shots_rejected": 0,
        "kept_shots": 10000
    },
    "new_basis_count": 1111,
    "total_basis_count": 28691,
    "H_reduced_size": [
        28691,
        28691
    ],
    "reduction": 97.26381301879883,
    "H_reduced_e": 0.00026283602380047663,
    "used_dense": false,
    "eigenvalue_time": "0:00:00.283007",
    "diff": 0.0002628360237965445,
    "change_from_prev": 2.000517152969802e-08,
    "circuit_cost": {
        "depth": 1623,
        "size": 5432,
        "num_2q_ops": 1294,
        "depth_2q": 544,
        "count_ops": {
            "rz": 1885,
            "sx": 1823,
            "cz": 1294,
            "x": 410,
            "measure": 20,
            "barrier": 1
        }
    }
}
[2026-02-13 11:11:36,739][INFO] [Run 5] Running for Krylov dimension 13
[2026-02-13 11:11:38,230][INFO] [Run 5]
{
    "raw_unique_basis_states": 2378,
    "fermion_basis_rejected": 0,
    "kept_unique_basis_states": 2378,
    "fermion_shots_rejected": 0,
    "kept_shots": 10000
}
[2026-02-13 11:13:54,699][INFO] [Run 5]
{
    "D": 13,
    "t": 6.5,
    "num_trotter_steps": 2,
    "circuit_time": "0:00:01.354787",
    "shot_processing": {
        "raw_unique_basis_states": 2378,
        "fermion_basis_rejected": 0,
        "kept_unique_basis_states": 2378,
        "fermion_shots_rejected": 0,
        "kept_shots": 10000
    },
    "new_basis_count": 505,
    "total_basis_count": 29196,
    "H_reduced_size": [
        29196,
        29196
    ],
    "reduction": 97.21565246582031,
    "H_reduced_e": 0.00026262690268102917,
    "used_dense": false,
    "eigenvalue_time": "0:00:00.291388",
    "diff": 0.00026262690267709704,
    "change_from_prev": 2.0912111944746325e-07,
    "circuit_cost": {
        "depth": 1641,
        "size": 5518,
        "num_2q_ops": 1294,
        "depth_2q": 544,
        "count_ops": {
            "rz": 1911,
            "sx": 1823,
            "cz": 1294,
            "x": 470,
            "measure": 20,
            "barrier": 1
        }
    }
}
[2026-02-13 11:13:54,699][INFO] [Run 5] Running for Krylov dimension 14
[2026-02-13 11:13:56,169][INFO] [Run 5]
{
    "raw_unique_basis_states": 3731,
    "fermion_basis_rejected": 0,
    "kept_unique_basis_states": 3731,
    "fermion_shots_rejected": 0,
    "kept_shots": 10000
}
[2026-02-13 11:16:17,250][INFO] [Run 5]
{
    "D": 14,
    "t": 7.0,
    "num_trotter_steps": 2,
    "circuit_time": "0:00:01.351053",
    "shot_processing": {
        "raw_unique_basis_states": 3731,
        "fermion_basis_rejected": 0,
        "kept_unique_basis_states": 3731,
        "fermion_shots_rejected": 0,
        "kept_shots": 10000
    },
    "new_basis_count": 1076,
    "total_basis_count": 30272,
    "H_reduced_size": [
        30272,
        30272
    ],
    "reduction": 97.113037109375,
    "H_reduced_e": 0.00026262290497930456,
    "used_dense": false,
    "eigenvalue_time": "0:00:00.305277",
    "diff": 0.0002626229049753724,
    "change_from_prev": 3.997701724614989e-09,
    "circuit_cost": {
        "depth": 1624,
        "size": 5410,
        "num_2q_ops": 1294,
        "depth_2q": 544,
        "count_ops": {
            "rz": 1865,
            "sx": 1823,
            "cz": 1294,
            "x": 408,
            "measure": 20,
            "barrier": 1
        }
    }
}
[2026-02-13 11:16:17,251][INFO] [Run 5] Running for Krylov dimension 15
[2026-02-13 11:16:18,715][INFO] [Run 5]
{
    "raw_unique_basis_states": 4678,
    "fermion_basis_rejected": 0,
    "kept_unique_basis_states": 4678,
    "fermion_shots_rejected": 0,
    "kept_shots": 10000
}
[2026-02-13 11:18:48,603][INFO] [Run 5]
{
    "D": 15,
    "t": 7.5,
    "num_trotter_steps": 2,
    "circuit_time": "0:00:01.353424",
    "shot_processing": {
        "raw_unique_basis_states": 4678,
        "fermion_basis_rejected": 0,
        "kept_unique_basis_states": 4678,
        "fermion_shots_rejected": 0,
        "kept_shots": 10000
    },
    "new_basis_count": 1650,
    "total_basis_count": 31922,
    "H_reduced_size": [
        31922,
        31922
    ],
    "reduction": 96.95568084716797,
    "H_reduced_e": 0.00026236377824282435,
    "used_dense": false,
    "eigenvalue_time": "0:00:00.337120",
    "diff": 0.0002623637782388922,
    "change_from_prev": 2.5912673648020943e-07,
    "circuit_cost": {
        "depth": 1636,
        "size": 5466,
        "num_2q_ops": 1294,
        "depth_2q": 544,
        "count_ops": {
            "rz": 1893,
            "sx": 1823,
            "cz": 1294,
            "x": 436,
            "measure": 20,
            "barrier": 1
        }
    }
}
[2026-02-13 11:18:48,603][INFO] [Run 5] Running for Krylov dimension 16
[2026-02-13 11:18:50,079][INFO] [Run 5]
{
    "raw_unique_basis_states": 7225,
    "fermion_basis_rejected": 0,
    "kept_unique_basis_states": 7225,
    "fermion_shots_rejected": 0,
    "kept_shots": 10000
}
[2026-02-13 11:21:38,404][INFO] [Run 5]
{
    "D": 16,
    "t": 8.0,
    "num_trotter_steps": 2,
    "circuit_time": "0:00:01.351350",
    "shot_processing": {
        "raw_unique_basis_states": 7225,
        "fermion_basis_rejected": 0,
        "kept_unique_basis_states": 7225,
        "fermion_shots_rejected": 0,
        "kept_shots": 10000
    },
    "new_basis_count": 3468,
    "total_basis_count": 35390,
    "H_reduced_size": [
        35390,
        35390
    ],
    "reduction": 96.62494659423828,
    "H_reduced_e": 0.00026181965474289645,
    "used_dense": false,
    "eigenvalue_time": "0:00:00.445442",
    "diff": 0.0002618196547389643,
    "change_from_prev": 5.441234999278952e-07,
    "circuit_cost": {
        "depth": 1638,
        "size": 5456,
        "num_2q_ops": 1294,
        "depth_2q": 544,
        "count_ops": {
            "rz": 1897,
            "sx": 1823,
            "cz": 1294,
            "x": 422,
            "measure": 20,
            "barrier": 1
        }
    }
}
[2026-02-13 11:21:38,405][INFO] [Run 5] Running for Krylov dimension 17
[2026-02-13 11:21:39,876][INFO] [Run 5]
{
    "raw_unique_basis_states": 7618,
    "fermion_basis_rejected": 0,
    "kept_unique_basis_states": 7618,
    "fermion_shots_rejected": 0,
    "kept_shots": 10000
}
[2026-02-13 11:24:50,060][INFO] [Run 5]
{
    "D": 17,
    "t": 8.5,
    "num_trotter_steps": 2,
    "circuit_time": "0:00:01.346167",
    "shot_processing": {
        "raw_unique_basis_states": 7618,
        "fermion_basis_rejected": 0,
        "kept_unique_basis_states": 7618,
        "fermion_shots_rejected": 0,
        "kept_shots": 10000
    },
    "new_basis_count": 3957,
    "total_basis_count": 39347,
    "H_reduced_size": [
        39347,
        39347
    ],
    "reduction": 96.24757766723633,
    "H_reduced_e": 0.0002617966453407656,
    "used_dense": false,
    "eigenvalue_time": "0:00:00.462176",
    "diff": 0.00026179664533683346,
    "change_from_prev": 2.3009402130857743e-08,
    "circuit_cost": {
        "depth": 1617,
        "size": 5414,
        "num_2q_ops": 1294,
        "depth_2q": 544,
        "count_ops": {
            "rz": 1867,
            "sx": 1815,
            "cz": 1294,
            "x": 418,
            "measure": 20,
            "barrier": 1
        }
    }
}
[2026-02-13 11:24:50,061][INFO] [Run 5] Running for Krylov dimension 18
[2026-02-13 11:24:51,534][INFO] [Run 5]
{
    "raw_unique_basis_states": 7209,
    "fermion_basis_rejected": 0,
    "kept_unique_basis_states": 7209,
    "fermion_shots_rejected": 0,
    "kept_shots": 10000
}
[2026-02-13 11:28:18,770][INFO] [Run 5]
{
    "D": 18,
    "t": 9.0,
    "num_trotter_steps": 2,
    "circuit_time": "0:00:01.346979",
    "shot_processing": {
        "raw_unique_basis_states": 7209,
        "fermion_basis_rejected": 0,
        "kept_unique_basis_states": 7209,
        "fermion_shots_rejected": 0,
        "kept_shots": 10000
    },
    "new_basis_count": 3843,
    "total_basis_count": 43190,
    "H_reduced_size": [
        43190,
        43190
    ],
    "reduction": 95.8810806274414,
    "H_reduced_e": 0.000261737379389775,
    "used_dense": false,
    "eigenvalue_time": "0:00:00.530015",
    "diff": 0.0002617373793858429,
    "change_from_prev": 5.926595099056686e-08,
    "circuit_cost": {
        "depth": 1643,
        "size": 5490,
        "num_2q_ops": 1294,
        "depth_2q": 544,
        "count_ops": {
            "rz": 1923,
            "sx": 1823,
            "cz": 1294,
            "x": 430,
            "measure": 20,
            "barrier": 1
        }
    }
}
[2026-02-13 11:28:18,771][INFO] [Run 5] Running for Krylov dimension 19
[2026-02-13 11:28:20,241][INFO] [Run 5]
{
    "raw_unique_basis_states": 6533,
    "fermion_basis_rejected": 0,
    "kept_unique_basis_states": 6533,
    "fermion_shots_rejected": 0,
    "kept_shots": 10000
}
[2026-02-13 11:32:02,870][INFO] [Run 5]
{
    "D": 19,
    "t": 9.5,
    "num_trotter_steps": 2,
    "circuit_time": "0:00:01.344354",
    "shot_processing": {
        "raw_unique_basis_states": 6533,
        "fermion_basis_rejected": 0,
        "kept_unique_basis_states": 6533,
        "fermion_shots_rejected": 0,
        "kept_shots": 10000
    },
    "new_basis_count": 2840,
    "total_basis_count": 46030,
    "H_reduced_size": [
        46030,
        46030
    ],
    "reduction": 95.61023712158203,
    "H_reduced_e": 0.00026173488638344067,
    "used_dense": false,
    "eigenvalue_time": "0:00:00.600976",
    "diff": 0.00026173488637950854,
    "change_from_prev": 2.493006334355896e-09,
    "circuit_cost": {
        "depth": 1629,
        "size": 5458,
        "num_2q_ops": 1294,
        "depth_2q": 544,
        "count_ops": {
            "rz": 1889,
            "sx": 1823,
            "cz": 1294,
            "x": 432,
            "measure": 20,
            "barrier": 1
        }
    }
}
[2026-02-13 11:32:02,870][INFO] [Run 5] Running for Krylov dimension 20
[2026-02-13 11:32:05,026][INFO] [Run 5]
{
    "raw_unique_basis_states": 7737,
    "fermion_basis_rejected": 0,
    "kept_unique_basis_states": 7737,
    "fermion_shots_rejected": 0,
    "kept_shots": 10000
}
[2026-02-13 11:36:07,260][INFO] [Run 5]
{
    "D": 20,
    "t": 6.666666666666667,
    "num_trotter_steps": 3,
    "circuit_time": "0:00:01.977715",
    "shot_processing": {
        "raw_unique_basis_states": 7737,
        "fermion_basis_rejected": 0,
        "kept_unique_basis_states": 7737,
        "fermion_shots_rejected": 0,
        "kept_shots": 10000
    },
    "new_basis_count": 3699,
    "total_basis_count": 49729,
    "H_reduced_size": [
        49729,
        49729
    ],
    "reduction": 95.25747299194336,
    "H_reduced_e": 0.00026173487380754803,
    "used_dense": false,
    "eigenvalue_time": "0:00:00.674388",
    "diff": 0.0002617348738036159,
    "change_from_prev": 1.2575892638453517e-11,
    "circuit_cost": {
        "depth": 2455,
        "size": 8176,
        "num_2q_ops": 1941,
        "depth_2q": 815,
        "count_ops": {
            "rz": 2836,
            "sx": 2735,
            "cz": 1941,
            "x": 644,
            "measure": 20,
            "barrier": 1
        }
    }
}
[2026-02-13 11:36:07,260][INFO] [Run 5] Running for Krylov dimension 21
[2026-02-13 11:36:09,409][INFO] [Run 5]
{
    "raw_unique_basis_states": 7654,
    "fermion_basis_rejected": 0,
    "kept_unique_basis_states": 7654,
    "fermion_shots_rejected": 0,
    "kept_shots": 10000
}
[2026-02-13 11:40:26,773][INFO] [Run 5]
{
    "D": 21,
    "t": 7.0,
    "num_trotter_steps": 3,
    "circuit_time": "0:00:01.972673",
    "shot_processing": {
        "raw_unique_basis_states": 7654,
        "fermion_basis_rejected": 0,
        "kept_unique_basis_states": 7654,
        "fermion_shots_rejected": 0,
        "kept_shots": 10000
    },
    "new_basis_count": 2898,
    "total_basis_count": 52627,
    "H_reduced_size": [
        52627,
        52627
    ],
    "reduction": 94.98109817504883,
    "H_reduced_e": 0.0002602824912485565,
    "used_dense": false,
    "eigenvalue_time": "0:00:00.758325",
    "diff": 0.0002602824912446244,
    "change_from_prev": 1.4523825589915235e-06,
    "circuit_cost": {
        "depth": 2446,
        "size": 8124,
        "num_2q_ops": 1941,
        "depth_2q": 815,
        "count_ops": {
            "rz": 2806,
            "sx": 2723,
            "cz": 1941,
            "x": 634,
            "measure": 20,
            "barrier": 1
        }
    }
}
[2026-02-13 11:40:26,774][INFO] [Run 5] Running for Krylov dimension 22
[2026-02-13 11:40:28,910][INFO] [Run 5]
{
    "raw_unique_basis_states": 7707,
    "fermion_basis_rejected": 0,
    "kept_unique_basis_states": 7707,
    "fermion_shots_rejected": 0,
    "kept_shots": 10000
}
[2026-02-13 11:45:02,285][INFO] [Run 5]
{
    "D": 22,
    "t": 7.333333333333333,
    "num_trotter_steps": 3,
    "circuit_time": "0:00:01.959080",
    "shot_processing": {
        "raw_unique_basis_states": 7707,
        "fermion_basis_rejected": 0,
        "kept_unique_basis_states": 7707,
        "fermion_shots_rejected": 0,
        "kept_shots": 10000
    },
    "new_basis_count": 2509,
    "total_basis_count": 55136,
    "H_reduced_size": [
        55136,
        55136
    ],
    "reduction": 94.7418212890625,
    "H_reduced_e": 0.00025722447133559215,
    "used_dense": false,
    "eigenvalue_time": "0:00:00.791359",
    "diff": 0.00025722447133166,
    "change_from_prev": 3.0580199129643542e-06,
    "circuit_cost": {
        "depth": 2471,
        "size": 8237,
        "num_2q_ops": 1941,
        "depth_2q": 815,
        "count_ops": {
            "rz": 2872,
            "sx": 2735,
            "cz": 1941,
            "x": 669,
            "measure": 20,
            "barrier": 1
        }
    }
}
[2026-02-13 11:45:02,285][INFO] [Run 5] Running for Krylov dimension 23
[2026-02-13 11:45:04,434][INFO] [Run 5]
{
    "raw_unique_basis_states": 7204,
    "fermion_basis_rejected": 0,
    "kept_unique_basis_states": 7204,
    "fermion_shots_rejected": 0,
    "kept_shots": 10000
}
[2026-02-13 11:49:48,596][INFO] [Run 5]
{
    "D": 23,
    "t": 7.666666666666667,
    "num_trotter_steps": 3,
    "circuit_time": "0:00:01.972146",
    "shot_processing": {
        "raw_unique_basis_states": 7204,
        "fermion_basis_rejected": 0,
        "kept_unique_basis_states": 7204,
        "fermion_shots_rejected": 0,
        "kept_shots": 10000
    },
    "new_basis_count": 1917,
    "total_basis_count": 57053,
    "H_reduced_size": [
        57053,
        57053
    ],
    "reduction": 94.55900192260742,
    "H_reduced_e": 0.0002572172833140096,
    "used_dense": false,
    "eigenvalue_time": "0:00:00.799417",
    "diff": 0.00025721728331007745,
    "change_from_prev": 7.188021582571653e-09,
    "circuit_cost": {
        "depth": 2448,
        "size": 8142,
        "num_2q_ops": 1941,
        "depth_2q": 815,
        "count_ops": {
            "rz": 2830,
            "sx": 2735,
            "cz": 1941,
            "x": 616,
            "measure": 20,
            "barrier": 1
        }
    }
}
[2026-02-13 11:49:48,596][INFO] [Run 5] Running for Krylov dimension 24
[2026-02-13 11:49:51,411][INFO] [Run 5]
{
    "raw_unique_basis_states": 4899,
    "fermion_basis_rejected": 0,
    "kept_unique_basis_states": 4899,
    "fermion_shots_rejected": 0,
    "kept_shots": 10000
}
[2026-02-13 11:54:38,310][INFO] [Run 5]
{
    "D": 24,
    "t": 6.0,
    "num_trotter_steps": 4,
    "circuit_time": "0:00:02.589502",
    "shot_processing": {
        "raw_unique_basis_states": 4899,
        "fermion_basis_rejected": 0,
        "kept_unique_basis_states": 4899,
        "fermion_shots_rejected": 0,
        "kept_shots": 10000
    },
    "new_basis_count": 1174,
    "total_basis_count": 58227,
    "H_reduced_size": [
        58227,
        58227
    ],
    "reduction": 94.44704055786133,
    "H_reduced_e": 0.0002572103491817793,
    "used_dense": false,
    "eigenvalue_time": "0:00:00.840767",
    "diff": 0.0002572103491778472,
    "change_from_prev": 6.934132230267207e-09,
    "circuit_cost": {
        "depth": 3289,
        "size": 10908,
        "num_2q_ops": 2588,
        "depth_2q": 1086,
        "count_ops": {
            "rz": 3811,
            "sx": 3647,
            "cz": 2588,
            "x": 842,
            "measure": 20,
            "barrier": 1
        }
    }
}
[2026-02-13 11:54:38,310][INFO] [Run 5] Running for Krylov dimension 25
[2026-02-13 11:54:41,118][INFO] [Run 5]
{
    "raw_unique_basis_states": 4816,
    "fermion_basis_rejected": 0,
    "kept_unique_basis_states": 4816,
    "fermion_shots_rejected": 0,
    "kept_shots": 10000
}
[2026-02-13 11:59:36,357][INFO] [Run 5]
{
    "D": 25,
    "t": 6.25,
    "num_trotter_steps": 4,
    "circuit_time": "0:00:02.584817",
    "shot_processing": {
        "raw_unique_basis_states": 4816,
        "fermion_basis_rejected": 0,
        "kept_unique_basis_states": 4816,
        "fermion_shots_rejected": 0,
        "kept_shots": 10000
    },
    "new_basis_count": 931,
    "total_basis_count": 59158,
    "H_reduced_size": [
        59158,
        59158
    ],
    "reduction": 94.3582534790039,
    "H_reduced_e": 0.00025721034836658874,
    "used_dense": false,
    "eigenvalue_time": "0:00:00.875210",
    "diff": 0.0002572103483626566,
    "change_from_prev": 8.151905799697046e-13,
    "circuit_cost": {
        "depth": 3249,
        "size": 10842,
        "num_2q_ops": 2588,
        "depth_2q": 1086,
        "count_ops": {
            "rz": 3773,
            "sx": 3647,
            "cz": 2588,
            "x": 814,
            "measure": 20,
            "barrier": 1
        }
    }
}
[2026-02-13 11:59:36,361][INFO] [Run 5] Done
